# lattice-scale --inv-acoustic-scale=7 "ark:gunzip -c exp/sgmm2_4_mmi_b0.1/decode_it1/lat.*.gz|" ark:- | lattice-add-penalty --word-ins-penalty=0.5 ark:- ark:- | lattice-best-path --word-symbol-table=data/lang_test/words.txt ark:- ark,t:- | utils/int2sym.pl -f 2- data/lang_test/words.txt | cat > exp/sgmm2_4_mmi_b0.1/decode_it1/scoring_kaldi/penalty_0.5/7.txt 
# Started at Wed Apr 21 08:35:46 PKT 2021
#
lattice-best-path --word-symbol-table=data/lang_test/words.txt ark:- ark,t:- 
lattice-scale --inv-acoustic-scale=7 'ark:gunzip -c exp/sgmm2_4_mmi_b0.1/decode_it1/lat.*.gz|' ark:- 
lattice-add-penalty --word-ins-penalty=0.5 ark:- ark:- 
LOG (lattice-best-path[5.5.907~1-cbed4]:main():lattice-best-path.cc:99) For utterance 20030010_601, best cost 289.877 + 8753.27 = 9043.15 over 985 frames.
20030010_601 نو بچی ہر کا تم کی کے بھاگ کے کے نیشن میں دھڑے لولی کلی لے ابھر ان وولر کے کرا آؤٹ تھو غدودوں کر نیلم گی 
LOG (lattice-best-path[5.5.907~1-cbed4]:main():lattice-best-path.cc:99) For utterance 20030010_602, best cost 309.207 + 10688.4 = 10997.6 over 1203 frames.
20030010_602 گروں باورچی ان کے نرخوں اور کیلئے پر اب کے ہوئیں ہوے پڑھائی کے لو بانسری شیرے آلود جا کے بھال اور میں شاہ کرنے کی شرکت سے آرزوئیں ہے 
LOG (lattice-best-path[5.5.907~1-cbed4]:main():lattice-best-path.cc:99) For utterance 20030010_603, best cost 236.077 + 7428.67 = 7664.75 over 833 frames.
20030010_603 شاہ مشن کر اور نزلے کی بڑا سے لگے عمل پر اٹھا کر تبدیلی دیکھ حصوں پر کرا میں چھابڑی کی آ 
LOG (lattice-best-path[5.5.907~1-cbed4]:main():lattice-best-path.cc:99) For utterance 20030010_604, best cost 247.202 + 7790.51 = 8037.71 over 856 frames.
20030010_604 صبحیں نے نہ علی کے گاؤں کی گڑھ دھل پڑی تو کہا فیس تو عورت چاہے کے نے کس کے نہ خلیے اٹھائے ہیں 
LOG (lattice-best-path[5.5.907~1-cbed4]:main():lattice-best-path.cc:99) For utterance 20030010_605, best cost 145.561 + 4407.37 = 4552.93 over 513 frames.
20030010_605 سول جا شوہر جون کے پیشن میں دھول پیر کر داخل دیتا ہے 
LOG (lattice-best-path[5.5.907~1-cbed4]:main():lattice-best-path.cc:99) For utterance 20030010_606, best cost 184.475 + 5395.44 = 5579.92 over 608 frames.
20030010_606 میں دی کے دماغی دل و خلق سے پنشنر دم کے کا حافظ کی بڑی فضل رتھ ہے 
LOG (lattice-best-path[5.5.907~1-cbed4]:main():lattice-best-path.cc:99) For utterance 20030010_607, best cost 139.523 + 3505.3 = 3644.82 over 420 frames.
20030010_607 آگ سرویئر کی مثبت کی زنگ بانگ گھن دیے نہ نئی جائے 
LOG (lattice-best-path[5.5.907~1-cbed4]:main():lattice-best-path.cc:99) For utterance 20030010_608, best cost 189.544 + 5038.65 = 5228.2 over 582 frames.
20030010_608 کو گئے کے بورڈ ایک نو رخ کو بش کر ڈام چوم جانے کی یوم جن تو ہو گئی 
LOG (lattice-best-path[5.5.907~1-cbed4]:main():lattice-best-path.cc:99) For utterance 20030010_609, best cost 242.696 + 6214.23 = 6456.92 over 736 frames.
20030010_609 ایل نشر میں مہم عید ورک مگر مارچ نے کس تولیے نکالیں رضوی سونگ کے جور کا تصفیے اور جی ہے 
LOG (lattice-best-path[5.5.907~1-cbed4]:main():lattice-best-path.cc:99) For utterance 20030010_610, best cost 197.372 + 6617.2 = 6814.58 over 803 frames.
20030010_610 ماہ سے رہے نے تشریف یا کریو بھی عمل دیر آدمی جست کی طرف سے مجیب ایسا ہے 
LOG (lattice-best-path[5.5.907~1-cbed4]:main():lattice-best-path.cc:99) For utterance 20030010_611, best cost 210.709 + 7508.61 = 7719.32 over 868 frames.
20030010_611 کھو سے پہنے بحیرہ فاریسٹ ان میں سے کے دواؤں و کو دیگر آ ہر کی گچھے ساجد گے 
LOG (lattice-best-path[5.5.907~1-cbed4]:main():lattice-best-path.cc:99) For utterance 20030010_612, best cost 251.658 + 7709.82 = 7961.47 over 921 frames.
20030010_612 تبدیلی کے لفظ لشکر نل گالف بھورا فی جھڑک شاہ عفو کا تو فوم وقت کی نیرنگ لشکر عفو آ ہم ہیں 
LOG (lattice-best-path[5.5.907~1-cbed4]:main():lattice-best-path.cc:99) For utterance 20030010_613, best cost 138.933 + 4168.1 = 4307.04 over 452 frames.
20030010_613 کا علم کو اور لاکھا بوگس اور چہل کو رشید یانگ زدہ کہا 
LOG (lattice-best-path[5.5.907~1-cbed4]:main():lattice-best-path.cc:99) For utterance 20030010_614, best cost 159.954 + 4977.39 = 5137.34 over 578 frames.
20030010_614 محدود قے نے شیشے عام کے کرائی و کے ساتھ سمجھیں بغیر سمجھو تک کیا 
LOG (lattice-best-path[5.5.907~1-cbed4]:main():lattice-best-path.cc:99) For utterance 20030010_615, best cost 262.006 + 8384.18 = 8646.19 over 960 frames.
20030010_615 ہدایت کا شہزادی نے نیچا مشعر آ عزت کو بروز کر کے ہوے چوری خان آن کی کی طرح جوڑیں نے پورا ہیڈ بقایا 
LOG (lattice-best-path[5.5.907~1-cbed4]:main():lattice-best-path.cc:99) For utterance 20030010_616, best cost 264.285 + 8481.8 = 8746.08 over 989 frames.
20030010_616 تراجم تھر بلبل نے سرخ ہر ورژن کو فروخت سزا شاہ کر کیسی کا تصورات جیم اور صرف کا تھل کا رخ گیارہ کیا 
LOG (lattice-best-path[5.5.907~1-cbed4]:main():lattice-best-path.cc:99) For utterance 20030010_617, best cost 178.428 + 5784.9 = 5963.33 over 669 frames.
20030010_617 کا میں پر پڑھے سوکھی گلشن میں کیوں کو ہم پیدا دیکھ کر کردار پاس میں لگا 
LOG (lattice-best-path[5.5.907~1-cbed4]:main():lattice-best-path.cc:99) For utterance 20030010_618, best cost 233.609 + 7187.56 = 7421.17 over 824 frames.
20030010_618 کام دل کا بیس سے بش ناظم اچھل والے اب کر سابق نے ان نیو کے بعد طرف سخت یا کیا ہے 
LOG (lattice-best-path[5.5.907~1-cbed4]:main():lattice-best-path.cc:99) For utterance 20030010_619, best cost 136.453 + 4197.84 = 4334.29 over 519 frames.
20030010_619 تصحیح دی تشبیہ بھاگ مدعیان کرنے کا جو تھری نتیجے اور ہے 
LOG (lattice-best-path[5.5.907~1-cbed4]:main():lattice-best-path.cc:99) For utterance 20030010_620, best cost 207.629 + 7365.65 = 7573.28 over 820 frames.
20030010_620 چیل ماں نے تھنوں کی بولوں کو گروں میں سموئے اور کی لیے مفہوم پر پرسوز شوروم کی کی گاڑیاں کی 
LOG (lattice-best-path[5.5.907~1-cbed4]:main():lattice-best-path.cc:99) For utterance 20030010_621, best cost 274.315 + 9281.61 = 9555.93 over 1024 frames.
20030010_621 خواہ کن معجل میں بڑھئی اس حاشیے نے عرف کر زور جنگلوں کے مان بہن میں اسے مرض اور چھابڑی نماز میں میں تحریک کی 
LOG (lattice-best-path[5.5.907~1-cbed4]:main():lattice-best-path.cc:99) For utterance 20030010_622, best cost 212.404 + 7507.5 = 7719.9 over 764 frames.
20030010_622 کوچ ای دریں میں مرلہ گدے دیکھ کر ایک درج جلد عمل رسیدہ بیڑے عالمی سے گھس دیں 
LOG (lattice-best-path[5.5.907~1-cbed4]:main():lattice-best-path.cc:99) For utterance 20030010_623, best cost 160.773 + 5807.74 = 5968.51 over 664 frames.
20030010_623 دل دل جان کا داغ منافعے سونگ برس کا میں دانش آن لے گیا 
LOG (lattice-best-path[5.5.907~1-cbed4]:main():lattice-best-path.cc:99) For utterance 20030010_624, best cost 262.684 + 6824.34 = 7087.02 over 790 frames.
20030010_624 بو فرض صرف کے نوش کو میں دیے سیلرز خواص کوڑھ از والا خون خود عود کے انٹر شل کے لیے ممد مل شعبوں تھا 
LOG (lattice-best-path[5.5.907~1-cbed4]:main():lattice-best-path.cc:99) For utterance 20030010_625, best cost 193.578 + 5685.64 = 5879.22 over 665 frames.
20030010_625 نیلم ریگن سالگرہ فی جیٹ جاتی قدرے لے کر ڈگری سی در کے معاف کے کھو گیا 
LOG (lattice-best-path[5.5.907~1-cbed4]:main():lattice-best-path.cc:99) For utterance 20030010_626, best cost 106.496 + 4147.23 = 4253.73 over 465 frames.
20030010_626 میں بوجھ نے کو ملیریا دن کی مرغا اور سمجھا 
LOG (lattice-best-path[5.5.907~1-cbed4]:main():lattice-best-path.cc:99) For utterance 20030010_627, best cost 193.404 + 5873.5 = 6066.9 over 712 frames.
20030010_627 فیتھ کر غیر اور عمل کے نور دور کے علم یاں اسے بلوں کے تو فوم میں لکھا گیا 
LOG (lattice-best-path[5.5.907~1-cbed4]:main():lattice-best-path.cc:99) For utterance 20030010_628, best cost 187.726 + 5992.45 = 6180.17 over 709 frames.
20030010_628 لوہا کی طرح میں لگانے کے لیے بیچلر ٹریبیونل میں سنو مون کی خوشیوں مغز کود پیئں 
LOG (lattice-best-path[5.5.907~1-cbed4]:main():lattice-best-path.cc:99) For utterance 20030010_629, best cost 235.991 + 7537.92 = 7773.91 over 876 frames.
20030010_629 چھیل کریں کے گوشوں عورت کے اب عوام خوار میں سعید عفو بورڈ کھلے سے نے مردوں کا گیسیں دیکھ کر آیا 
LOG (lattice-best-path[5.5.907~1-cbed4]:main():lattice-best-path.cc:99) For utterance 20030010_630, best cost 191.197 + 5556.17 = 5747.37 over 668 frames.
20030010_630 تعین قسم نے نشر کے اشجار نے عام کر بیچے ماڑی تو چھم سے خان دیکھ کریں گیا 
LOG (lattice-best-path[5.5.907~1-cbed4]:main():lattice-best-path.cc:99) For utterance 20030010_631, best cost 244.589 + 8410.23 = 8654.82 over 964 frames.
20030010_631 سیریز چیف کو رتھ ڈاٹ ہے بیٹھی نئے کفار کر کے تلور کا فیچر تو پیسنے سے موعود ترچھا لیے دکھایا 
LOG (lattice-best-path[5.5.907~1-cbed4]:main():lattice-best-path.cc:99) For utterance 20030010_632, best cost 269.355 + 11113.2 = 11382.6 over 1219 frames.
20030010_632 کسی سے یہ در نے کہا کے بوریت کی حجت چھوڑ و اور بھیڑیا دکھ بھجوا کر کھجوریں اور سوئی چھولے بغیر بیک تھو 
LOG (lattice-best-path[5.5.907~1-cbed4]:main():lattice-best-path.cc:99) For utterance 20030010_633, best cost 261.247 + 8620.18 = 8881.43 over 1056 frames.
20030010_633 پرچم دم گم بگاڑنے کا غیور کیلئے نے پھیرتے اور فی سکھی کو اور اس پیش سے انسولین کیلئے فیری دی چیل ہے 
LOG (lattice-best-path[5.5.907~1-cbed4]:main():lattice-best-path.cc:99) For utterance 20030010_634, best cost 214.375 + 6110.44 = 6324.81 over 708 frames.
20030010_634 کو لے شیل ای جست فیشن جیز کہانی کے لیے روغن نے آٹھ کے نہ کر فرینڈ کر کے لائیں 
LOG (lattice-best-path[5.5.907~1-cbed4]:main():lattice-best-path.cc:99) For utterance 20030010_635, best cost 244.656 + 6036.07 = 6280.73 over 722 frames.
20030010_635 پاس میں بلڈ کوچ عید اعلان فارغ میں بیچیں اے اور عدل ای مانگ گرداں اپنے اثر یہ سے سول آ کریں 
LOG (lattice-best-path[5.5.907~1-cbed4]:main():lattice-best-path.cc:99) For utterance 20030010_636, best cost 189.899 + 5474.38 = 5664.28 over 677 frames.
20030010_636 کا ماہ ڈور خشوع نعمت کے جوبلی اور شامل نے سعید سوچا کا تو ہم کا سود ہوا 
LOG (lattice-best-path[5.5.907~1-cbed4]:main():lattice-best-path.cc:99) For utterance 20030010_637, best cost 197.529 + 5921.74 = 6119.27 over 703 frames.
20030010_637 ایقان کس تمام میں پہنچ کا رنگ گی لا موڈ ای کی ہیڈ عرصے بورڈ ادھیڑ ہوئے 
LOG (lattice-best-path[5.5.907~1-cbed4]:main():lattice-best-path.cc:99) For utterance 20030010_638, best cost 248.009 + 9752.91 = 10000.9 over 1134 frames.
20030010_638 کب آ کام جو حجت کی شیلٹر بوائے میں ایک کو میں صورت اور کوٹھی کو کلیجی کے خلاف سے جلد شیل 
LOG (lattice-best-path[5.5.907~1-cbed4]:main():lattice-best-path.cc:99) For utterance 20030010_639, best cost 247.92 + 8059.55 = 8307.46 over 1011 frames.
20030010_639 ہیئر کے دکھ کر کی دکھ سے دیر سے ترچھی اس کر سے کے نہ گڈ چیز و اور تک سامان سے ڈبو صفیں 
LOG (lattice-best-path[5.5.907~1-cbed4]:main():lattice-best-path.cc:99) For utterance 20030010_640, best cost 219.103 + 6576.85 = 6795.95 over 822 frames.
20030010_640 جوق کے میں آن پر بیٹھی جعلی سبزی میں بھی سے کونسل کے شو والا کا کر چوری کھول جرگہ آیا 
LOG (lattice-best-path[5.5.907~1-cbed4]:main():lattice-best-path.cc:99) For utterance 20030010_641, best cost 190.453 + 5947.33 = 6137.79 over 712 frames.
20030010_641 کود کو ہر میرٹ اور بھری شب اودھم کی اب آتشیں بعض عید کچلا کر بھینسیں دی 
LOG (lattice-best-path[5.5.907~1-cbed4]:main():lattice-best-path.cc:99) For utterance 20030010_642, best cost 151.483 + 5129.2 = 5280.69 over 638 frames.
20030010_642 قرضوں کی فرض کے میچ اسی کے تو دانش سے نفوذ کی کھلواڑ کوٹھی 
LOG (lattice-best-path[5.5.907~1-cbed4]:main():lattice-best-path.cc:99) For utterance 20030010_643, best cost 208.876 + 5419.14 = 5628.02 over 664 frames.
20030010_643 تفاوت اثر نخوت بڑی موقف افواج عرصے نہ ہائے اور دوغلی ایئر آگ سے ضائع گرہیں گاڑی 
LOG (lattice-best-path[5.5.907~1-cbed4]:main():lattice-best-path.cc:99) For utterance 20030010_644, best cost 235.295 + 7240.42 = 7475.71 over 908 frames.
20030010_644 پچیں لینے ہے ترچھی میں دیں دوم کو روے اور زیورات پہ چھری کے سیمی پر سٹیڈیم تعداد پھیریں 
LOG (lattice-best-path[5.5.907~1-cbed4]:main():lattice-best-path.cc:99) For utterance 20030010_645, best cost 218.374 + 6174.71 = 6393.08 over 768 frames.
20030010_645 وی تم ڈیبیٹ کے اس میں دو زور کے سائیڈ بس و روضہ خیر کر نے کے ایفا آشنا میں ہیں 
LOG (lattice-best-path[5.5.907~1-cbed4]:main():lattice-best-path.cc:99) For utterance 20030010_646, best cost 210.279 + 5958.79 = 6169.07 over 734 frames.
20030010_646 سامنے نہ خون جوس میں اور چبھنے کے بعد لاؤ بے اے رنگ نے در ان ڈالر ڈالنے آئی 
LOG (lattice-best-path[5.5.907~1-cbed4]:main():lattice-best-path.cc:99) For utterance 20030010_647, best cost 136.314 + 4184.7 = 4321.01 over 517 frames.
20030010_647 بعد سے کر کے غنا سے گو منہ میچور کر دوران پر آئے 
LOG (lattice-best-path[5.5.907~1-cbed4]:main():lattice-best-path.cc:99) For utterance 20030010_648, best cost 142.462 + 5001.43 = 5143.89 over 573 frames.
20030010_648 حویلی میں درود یا چھائی تمغہ خفت جل کیلئے کروا تھا 
LOG (lattice-best-path[5.5.907~1-cbed4]:main():lattice-best-path.cc:99) For utterance 20030010_649, best cost 145.277 + 4188.11 = 4333.39 over 478 frames.
20030010_649 کفر کو کر نرسیں کے ڈیتھ نے کے بات عوام کا نڈر لگائی دیئے 
LOG (lattice-best-path[5.5.907~1-cbed4]:main():lattice-best-path.cc:99) For utterance 20030010_650, best cost 229.335 + 7398.19 = 7627.52 over 870 frames.
20030010_650 کھجلی کا میں نل کی سینئر تو سال میں عورت اننگز کے نہ سوری آف لیا کی رعایت کا کی کی ظاہر 
LOG (lattice-best-path[5.5.907~1-cbed4]:main():lattice-best-path.cc:99) For utterance 20030010_651, best cost 183.05 + 5653.61 = 5836.66 over 699 frames.
20030010_651 کوئلے کو بلی مہجور کی کھو کریم گا اندھیرے اور کڑھنے سے پہلے حصوں بھی جی 
LOG (lattice-best-path[5.5.907~1-cbed4]:main():lattice-best-path.cc:99) For utterance 20030010_652, best cost 204.473 + 6130.53 = 6335.01 over 777 frames.
20030010_652 بیلٹ اور مین کیجیے تھام دل علی فٹ کے دوران میں میں کا گود کے سندھو تک پہنچوں ہیں 
LOG (lattice-best-path[5.5.907~1-cbed4]:main():lattice-best-path.cc:99) For utterance 20030010_653, best cost 171.365 + 5190.51 = 5361.88 over 638 frames.
20030010_653 لوگ ابرار برس کا سی ظلم دھل کر زیر کے ہجے ڈھائی تک لوث ہوا 
LOG (lattice-best-path[5.5.907~1-cbed4]:main():lattice-best-path.cc:99) For utterance 20030010_654, best cost 200.713 + 6764.95 = 6965.66 over 838 frames.
20030010_654 کڑوی اب درج ہاؤس سے اس کی پیش یا چون کے اور ان سے کے گول سے معدے میں ستھرے 
LOG (lattice-best-path[5.5.907~1-cbed4]:main():lattice-best-path.cc:99) For utterance 20030010_655, best cost 117.48 + 3905.78 = 4023.26 over 465 frames.
20030010_655 نام بخشے چھائی و ڈھیلے اس بچھانے کر پیش ہے 
LOG (lattice-best-path[5.5.907~1-cbed4]:main():lattice-best-path.cc:99) For utterance 20030010_656, best cost 244.418 + 7559.37 = 7803.79 over 918 frames.
20030010_656 <oov> بے اثر زنجیر قرار بیگم کر زیر ای ہیئر بجائے اور سوری مچا ہائے رم بے خواہ گیس کریں 
LOG (lattice-best-path[5.5.907~1-cbed4]:main():lattice-best-path.cc:99) For utterance 20030010_657, best cost 129.475 + 4894.33 = 5023.81 over 540 frames.
20030010_657 آمدورفت کا نظر ان کے کے صرف ٹریفک ہر سے مفلس ہیں 
LOG (lattice-best-path[5.5.907~1-cbed4]:main():lattice-best-path.cc:99) For utterance 20030010_658, best cost 132.412 + 4857.65 = 4990.06 over 591 frames.
20030010_658 ریگن بزرگ کا نے پر لولی بے اس کی بادشاہ سے مزارعوں 
LOG (lattice-best-path[5.5.907~1-cbed4]:main():lattice-best-path.cc:99) For utterance 20030010_659, best cost 190.121 + 6653.96 = 6844.08 over 779 frames.
20030010_659 میں کے کو کے بجھائی اور کوئی کا تو غم غور اور کو اس کے بعد بوئے یا پھیر سوئے 
LOG (lattice-best-path[5.5.907~1-cbed4]:main():lattice-best-path.cc:99) For utterance 20030010_660, best cost 128.94 + 4162.41 = 4291.35 over 482 frames.
20030010_660 کوئی براں ان کے بو کرا وزراء میں نہیں گھس ناغہ 
LOG (lattice-best-path[5.5.907~1-cbed4]:main():lattice-best-path.cc:99) For utterance 20030010_661, best cost 128.863 + 5039.36 = 5168.22 over 578 frames.
20030010_661 کر صفیں نے کے لیے بچھڑوں پر عمل کر داغدار کر دبائے 
LOG (lattice-best-path[5.5.907~1-cbed4]:main():lattice-best-path.cc:99) For utterance 20030010_662, best cost 168.4 + 4857.07 = 5025.47 over 575 frames.
20030010_662 کر فن جور کو کے ارکان کیا چلے تو سے یا رو کے تشبیہ ہیوی گھرے 
LOG (lattice-best-path[5.5.907~1-cbed4]:main():lattice-best-path.cc:99) For utterance 20030010_663, best cost 203.338 + 5799.8 = 6003.14 over 656 frames.
20030010_663 پیر اونے جانا چاہے مگر درود شعر سال جی تو دن دے کی تنقیص بو تھو ہوئے 
LOG (lattice-best-path[5.5.907~1-cbed4]:main():lattice-best-path.cc:99) For utterance 20030010_664, best cost 251.162 + 7043.12 = 7294.28 over 790 frames.
20030010_664 کلاں سے آڑے کے بڑے ارزاں میں قائم نہ تھوڑی لیکن از زور پورا تو ایک کے لیچی کے رو قے کھڑے کو گئے 
LOG (lattice-best-path[5.5.907~1-cbed4]:main():lattice-best-path.cc:99) For utterance 20030010_665, best cost 148.502 + 4827.55 = 4976.05 over 569 frames.
20030010_665 فیض میں خسارے گا دی سے سے کرشنگ نے تو اور حبس بغیر ہوا 
LOG (lattice-best-path[5.5.907~1-cbed4]:main():lattice-best-path.cc:99) For utterance 20030010_666, best cost 149.545 + 4574.26 = 4723.8 over 505 frames.
20030010_666 بوم سے ہوے اگرچہ علم پر اب کا کر کا سرخ جیسے بھول یہ 
LOG (lattice-best-path[5.5.907~1-cbed4]:main():lattice-best-path.cc:99) For utterance 20030010_667, best cost 163.976 + 5874.74 = 6038.72 over 731 frames.
20030010_667 تبدیلی پی دل کے بار سے چونکہ بو سے کی گگلی بھی بوسن بوئے 
LOG (lattice-best-path[5.5.907~1-cbed4]:main():lattice-best-path.cc:99) For utterance 20030010_668, best cost 204.03 + 6384.93 = 6588.96 over 739 frames.
20030010_668 سرنجیں سترھویں عید کے پڑے رونے والے چند کا پچھلے آتی یا نہ رعیت سے جاوید لا 
LOG (lattice-best-path[5.5.907~1-cbed4]:main():lattice-best-path.cc:99) For utterance 20030010_669, best cost 139.272 + 5079.33 = 5218.6 over 557 frames.
20030010_669 کوڈ کا سے نوزل بولنے میوزک کیلئے ریزرو لولی کی جی یا 
LOG (lattice-best-path[5.5.907~1-cbed4]:main():lattice-best-path.cc:99) For utterance 20030010_670, best cost 133.091 + 5912.15 = 6045.24 over 653 frames.
20030010_670 کرو سے کا آخری اشرف یہ کے سربراہ کو کوٹھے کا کرو 
LOG (lattice-best-path[5.5.907~1-cbed4]:main():lattice-best-path.cc:99) For utterance 20030010_671, best cost 219.995 + 5976.72 = 6196.71 over 712 frames.
20030010_671 خوشی سے پہلے اس و سال کے گڑیا نے کہا فرعون وصف افورڈ کے سکولز چھولے مل دو اور جیل جاؤ 
LOG (lattice-best-path[5.5.907~1-cbed4]:main():lattice-best-path.cc:99) For utterance 20030010_672, best cost 172.942 + 4819.86 = 4992.8 over 626 frames.
20030010_672 انٹر میں دے ایشوز چرانے تو خلق کام بل سربراہ اور سے درجے کا پہلا ہے 
LOG (lattice-best-path[5.5.907~1-cbed4]:main():lattice-best-path.cc:99) For utterance 20030010_673, best cost 161.544 + 4821.17 = 4982.71 over 621 frames.
20030010_673 کرائی کے جان دل واقعے ہوے جو ضلع سن کے ڈیل پھل کرائے 
LOG (lattice-best-path[5.5.907~1-cbed4]:main():lattice-best-path.cc:99) For utterance 20030010_674, best cost 175.258 + 6400.84 = 6576.1 over 777 frames.
20030010_674 مشورہ پَلوں میں برڈ کا پرچم گھر کر ہم بار کی مس میں کی کوشش کی 
LOG (lattice-best-path[5.5.907~1-cbed4]:main():lattice-best-path.cc:99) For utterance 20030010_675, best cost 163.851 + 5572.47 = 5736.32 over 686 frames.
20030010_675 آڑ جہد اولی کے رویے پر سوچے تو کا فون کام با و اڑائیں 
LOG (lattice-best-path[5.5.907~1-cbed4]:main():lattice-best-path.cc:99) For utterance 20030010_676, best cost 175.014 + 4979.65 = 5154.66 over 587 frames.
20030010_676 اپنے رہائشی سے ایچ کرنے ٹیچر اثر زوال نے ان دیش جھگڑے پر رقص دے 
LOG (lattice-best-path[5.5.907~1-cbed4]:main():lattice-best-path.cc:99) For utterance 20030010_677, best cost 250.637 + 6168.66 = 6419.3 over 788 frames.
20030010_677 مس آ نے جی یا کے گگلی بوئنگ مگر بعدازاں کو سدھو کی رو گرداں نیچی ہیڈ وقت سے درد دہلوی یا 
LOG (lattice-best-path[5.5.907~1-cbed4]:main():lattice-best-path.cc:99) For utterance 20030010_678, best cost 280.421 + 9737.13 = 10017.6 over 1203 frames.
20030010_678 سے مصر نصف اور کو تلے سے کا آؤ زوال و سے چھڑا آنے کے لیے کھا افیکٹ رول چند بیک سے مشرف کے شعر کریں 
LOG (lattice-best-path[5.5.907~1-cbed4]:main():lattice-best-path.cc:99) For utterance 20030010_679, best cost 122.065 + 3424.96 = 3547.02 over 411 frames.
20030010_679 تھوڑی اور قریب بچّی لگائے تو صحت تیزی سے اجڑی 
LOG (lattice-best-path[5.5.907~1-cbed4]:main():lattice-best-path.cc:99) For utterance 20030010_680, best cost 206.141 + 5482.48 = 5688.62 over 662 frames.
20030010_680 چوری کا جور آ پہلو کے ہوے ایئر بیٹھک تو لیب اٹھارہ برس نے میں کرا وجہ تک ہے 
LOG (lattice-best-path[5.5.907~1-cbed4]:main():lattice-best-path.cc:99) For utterance 20030010_681, best cost 221.83 + 6015.85 = 6237.68 over 755 frames.
20030010_681 گرداں تھے شنید جی شعبوں کب اور کی دوررس ہوئی تو بولوں ان پر بے چھیل ڈار پر صوفیہ 
LOG (lattice-best-path[5.5.907~1-cbed4]:main():lattice-best-path.cc:99) For utterance 20030010_682, best cost 187.299 + 6261.02 = 6448.32 over 794 frames.
20030010_682 دی وجوہات کی لوٹ برج اجڑے کا ناچنے جا کر برس کے دو غور معلوم کیے 
LOG (lattice-best-path[5.5.907~1-cbed4]:main():lattice-best-path.cc:99) For utterance 20030010_683, best cost 184.704 + 5507.63 = 5692.34 over 669 frames.
20030010_683 ریلیف سے ماؤنٹ کی چوروں تک اینڈ ایم منگنی جلدی کس کیے کی سے نکل گئی 
LOG (lattice-best-path[5.5.907~1-cbed4]:main():lattice-best-path.cc:99) For utterance 20030010_684, best cost 174.738 + 5278.85 = 5453.59 over 673 frames.
20030010_684 میں بری سوراخ وائرس ایک کے ایچ لومڑ میں رویہ اور ریلیف درخت تک آنکھ 
LOG (lattice-best-path[5.5.907~1-cbed4]:main():lattice-best-path.cc:99) For utterance 20030010_685, best cost 141.908 + 4149.48 = 4291.38 over 522 frames.
20030010_685 جو پر عفو روز جیون شعر بخشے اثر کہا سے لنگر دو 
LOG (lattice-best-path[5.5.907~1-cbed4]:main():lattice-best-path.cc:99) For utterance 20030010_686, best cost 185.339 + 5380.91 = 5566.25 over 671 frames.
20030010_686 سے پر جیل کے سرخی دی پریشر سے بم یا دی میں سے کا شو شاہ پوچھ و 
LOG (lattice-best-path[5.5.907~1-cbed4]:main():lattice-best-path.cc:99) For utterance 20030010_687, best cost 227.571 + 7475.53 = 7703.1 over 885 frames.
20030010_687 صاف نے سے بدسلوکی سے عام جنگ گھلیں تو جب کا کرا سے چیڑھ خمار کر توجہ موہوم افسوس کرائی 
LOG (lattice-best-path[5.5.907~1-cbed4]:main():lattice-best-path.cc:99) For utterance 20030010_688, best cost 263.959 + 8519.43 = 8783.39 over 1064 frames.
20030010_688 کھل کی پر کی چادر بیچ کچرا کسے انجری اور مزارعوں اور دیکھی کے دی خلیے نے ایہام میں کے قرار کے داخل جاؤ 
LOG (lattice-best-path[5.5.907~1-cbed4]:main():lattice-best-path.cc:99) For utterance 20030010_689, best cost 201.378 + 5313.37 = 5514.75 over 625 frames.
20030010_689 بوجوہ تو بھیجے اثر کی راجیہ جان موجوں ہول بنائیں اور سوئس و فصلیں فجر کچھ آئے 
LOG (lattice-best-path[5.5.907~1-cbed4]:main():lattice-best-path.cc:99) For utterance 20030010_690, best cost 111.431 + 3339.96 = 3451.39 over 384 frames.
20030010_690 کے کچلا نہ بڑھائیں کے شو لے کچھوا نہیں جاتا 
LOG (lattice-best-path[5.5.907~1-cbed4]:main():lattice-best-path.cc:99) For utterance 20030010_691, best cost 205.407 + 5854.86 = 6060.27 over 712 frames.
20030010_691 کیسی کی دل جو ایک کیلئے اپنا جید گویا اور حصے کس آکر معین نارتھ میں ٹھونس دیئے 
LOG (lattice-best-path[5.5.907~1-cbed4]:main():lattice-best-path.cc:99) For utterance 20030010_692, best cost 194.702 + 5596.79 = 5791.49 over 703 frames.
20030010_692 بخود میں سال نے کہا کے ویسے دوسرا بڑے حد گاڑی کے بری کھا تیری دل بانگ 
LOG (lattice-best-path[5.5.907~1-cbed4]:main():lattice-best-path.cc:99) For utterance 20030010_693, best cost 138.515 + 3908.41 = 4046.93 over 493 frames.
20030010_693 میں نے الحاق کے جو یا سے کہا کے بقایا کر دینا کرائی مدعو 
LOG (lattice-best-path[5.5.907~1-cbed4]:main():lattice-best-path.cc:99) For utterance 20030010_694, best cost 221.94 + 6900.11 = 7122.05 over 853 frames.
20030010_694 کر ان کا چھوڑ آ ششدر آیا کر ساخت کو جج اے اور ایسی کی چاقو جور بل بنائیں 
LOG (lattice-best-path[5.5.907~1-cbed4]:main():lattice-best-path.cc:99) For utterance 20030010_695, best cost 169.8 + 4660.25 = 4830.05 over 596 frames.
20030010_695 کرکے جانب کے چل جانے کو کیا رو اگرچہ جنگ تو پانی میں گھول جنگ 
LOG (lattice-best-path[5.5.907~1-cbed4]:main():lattice-best-path.cc:99) For utterance 20030010_696, best cost 170.278 + 4747.74 = 4918.02 over 612 frames.
20030010_696 ارشد ساز کر کے میں سے کو مس نوعی مسوڑوں کے بنانے کیلئے افسران کیا جائے گا 
LOG (lattice-best-path[5.5.907~1-cbed4]:main():lattice-best-path.cc:99) For utterance 20030010_697, best cost 134.492 + 3642.54 = 3777.04 over 465 frames.
20030010_697 بیورو کار سے سرویئر تم خوار ڈیزائنروں کرنے کا کام ہو گا 
LOG (lattice-best-path[5.5.907~1-cbed4]:main():lattice-best-path.cc:99) For utterance 20030010_698, best cost 145.719 + 3588.9 = 3734.62 over 474 frames.
20030010_698 بار کا غم ذاد علوی سے شکار اخبار روزگار جائزہ لینے لگا 
LOG (lattice-best-path[5.5.907~1-cbed4]:main():lattice-best-path.cc:99) For utterance 20030010_699, best cost 182.358 + 4661.81 = 4844.17 over 587 frames.
20030010_699 نجات کرفیو ضعف کار کی چھری میں بردار کے قید جانے دیوی مجید کا مقصود جو 
LOG (lattice-best-path[5.5.907~1-cbed4]:main():lattice-best-path.cc:99) For utterance 20030010_700, best cost 168.267 + 4642.72 = 4810.98 over 561 frames.
20030010_700 گوشہ تھو کی طرف لیے میں تغافل کی سوجھی چھڑا کر وڈ سود سیٹھ ہو 
LOG (lattice-best-path[5.5.907~1-cbed4]:main():lattice-best-path.cc:99) For utterance 20030010_701, best cost 241.162 + 6593.43 = 6834.6 over 808 frames.
20030010_701 مظلام مان بولو غوغا زنجیر ڈام اپنا چیز لگے لو واحد طرحی بعض از گوبر تنگ کو سن جایا 
LOG (lattice-best-path[5.5.907~1-cbed4]:main():lattice-best-path.cc:99) For utterance 20030010_702, best cost 166.194 + 4906.55 = 5072.75 over 608 frames.
20030010_702 غیر فیصلے ابو بدھ کی روٹھ نے کرے ایک کو LOG (lattice-scale[5.5.907~1-cbed4]:main():lattice-scale.cc:107) Done 108 lattices.
شاہ زور نادر بخشیں 
LOG (lattice-best-path[5.5.907~1-cbed4]:main():lattice-best-path.cc:99) For utterance 20030010_703, best cost 168.741 + 5046.31 = 5215.05 over 647 frames.
20030010_703 پیٹھ فائر سے تولید ای چینی کے پھیر گروں کا ہو بعض ظاہر اٹھا ہے 
LOG (lattice-best-path[5.5.907~1-cbed4]:main():lattice-best-path.cc:99) For utterance 20030010_704, best cost 188.018 + 5992.81 = 6180.82 over 766 frames.
20030010_704 جوق کئی وی سے شل متغیر نہ از ذاد یاں کے انظباتی پر لاؤ کا پراسیس ہے 
LOG (lattice-best-path[5.5.907~1-cbed4]:main():lattice-best-path.cc:99) For utterance 20030010_705, best cost 169.546 + 4718.39 = 4887.94 over 578 frames.
20030010_705 باورچی آخری بن اور کڑوے اس کے جا کر لاگت آٹھ پھنس و سے بڑھ گئے 
LOG (lattice-add-penalty[5.5.907~1-cbed4]:main():lattice-add-penalty.cc:62) Done adding word insertion penalty to 108 lattices.
LOG (lattice-best-path[5.5.907~1-cbed4]:main():lattice-best-path.cc:99) For utterance 20030010_706, best cost 142.849 + 5277.42 = 5420.27 over 627 frames.
20030010_706 بجے اصغر فیض فیس کے کانجی دکھ اعتماد لومڑی جوق 
LOG (lattice-best-path[5.5.907~1-cbed4]:main():lattice-best-path.cc:99) For utterance 20030010_707, best cost 125.61 + 3720.72 = 3846.33 over 449 frames.
20030010_707 ماضی گنگا رہے تو اور کے بڑی دھونی گناہوں میں نہ کریں 
LOG (lattice-best-path[5.5.907~1-cbed4]:main():lattice-best-path.cc:99) For utterance 20030010_708, best cost 182.599 + 4396.27 = 4578.87 over 548 frames.
20030010_708 جان جھرنے سے پہلے برڈ لینے مجھے کوچہ آڑ کا سی تدریس کا اور مشق سمجھا ہے 
LOG (lattice-best-path[5.5.907~1-cbed4]:main():lattice-best-path.cc:124) Overall cost per frame is 8.66394 = 0.271223 [graph] + 8.39272 [acoustic] over 76636 frames.
LOG (lattice-best-path[5.5.907~1-cbed4]:main():lattice-best-path.cc:128) Done 108 lattices, failed for 0
# Accounting: time=0 threads=1
# Ended (code 0) at Wed Apr 21 08:35:46 PKT 2021, elapsed time 0 seconds
