# lattice-scale --inv-acoustic-scale=7 "ark:gunzip -c exp/sgmm2_4_mmi_b0.1/decode_it3/lat.*.gz|" ark:- | lattice-add-penalty --word-ins-penalty=1.0 ark:- ark:- | lattice-best-path --word-symbol-table=data/lang_test/words.txt ark:- ark,t:- | utils/int2sym.pl -f 2- data/lang_test/words.txt | cat > exp/sgmm2_4_mmi_b0.1/decode_it3/scoring_kaldi/penalty_1.0/7.txt 
# Started at Wed Apr 21 05:45:25 PKT 2021
#
lattice-add-penalty --word-ins-penalty=1.0 ark:- ark:- 
lattice-scale --inv-acoustic-scale=7 'ark:gunzip -c exp/sgmm2_4_mmi_b0.1/decode_it3/lat.*.gz|' ark:- 
lattice-best-path --word-symbol-table=data/lang_test/words.txt ark:- ark,t:- 
LOG (lattice-best-path[5.5.907~1-cbed4]:main():lattice-best-path.cc:99) For utterance 20030004_601, best cost 286.77 + 5717.04 = 6003.81 over 804 frames.
20030004_601 نو بُدھی یہاں تک اونچی کے دھار کے کے لیے شو میں دھل ای لنگر ای کو لیلی اگر امور کے پڑا گو بھول کر نیلم گی 
LOG (lattice-best-path[5.5.907~1-cbed4]:main():lattice-best-path.cc:99) For utterance 20030004_602, best cost 332.211 + 7310.18 = 7642.4 over 1000 frames.
20030004_602 درجوں با کو آئیوڈین کے نرخوں اور اٹھے لے پر رکھے ہوے آ پڑھائی کے لو بن نقشے آلود جا کے با و پریوں جب کرنے کی شرکت سے آرزوئیں ہے 
LOG (lattice-best-path[5.5.907~1-cbed4]:main():lattice-best-path.cc:99) For utterance 20030004_603, best cost 243.62 + 5537.78 = 5781.4 over 782 frames.
20030004_603 شمسی شوہر اور نزلے کی بڑا سے کی گدے مل پر اٹھا تو تبدیل نے بےقصور پر کر رم لے جھاگ کر کیا 
LOG (lattice-best-path[5.5.907~1-cbed4]:main():lattice-best-path.cc:99) For utterance 20030004_604, best cost 253.321 + 4726.1 = 4979.42 over 638 frames.
20030004_604 سدھ ای نے نا اہل ای کے داغ وہ کی کر ورلڈ پڑی تو کا اس کو اچھال ایل کے روز کے نقش ریوڑ کھائیں 
LOG (lattice-best-path[5.5.907~1-cbed4]:main():lattice-best-path.cc:99) For utterance 20030004_605, best cost 157.945 + 3483.41 = 3641.35 over 506 frames.
20030004_605 سول جل شوربہ جون کے پیش اے میں گولڈ پیر کر داخل دیتا ہے 
LOG (lattice-best-path[5.5.907~1-cbed4]:main():lattice-best-path.cc:99) For utterance 20030004_606, best cost 224.871 + 3978.73 = 4203.6 over 554 frames.
20030004_606 نئے دین کے بم آپ میں فلو بدھ سے کی اس نبی و کے طرح غوث کی بڑی فیض ای لخت ہے 
LOG (lattice-best-path[5.5.907~1-cbed4]:main():lattice-best-path.cc:99) For utterance 20030004_607, best cost 141.837 + 3022.03 = 3163.87 over 428 frames.
20030004_607 اب سے کی ایک کی اور عفت کی زود باندھ گھمبیر نہ بنائی جائے 
LOG (lattice-best-path[5.5.907~1-cbed4]:main():lattice-best-path.cc:99) For utterance 20030004_608, best cost 180.428 + 4233.95 = 4414.38 over 578 frames.
20030004_608 کو پہ کے وڈ بے مرغی کو خرچ پر ڈام جوق جانے کی الجھ ان تو ہو گی 
LOG (lattice-best-path[5.5.907~1-cbed4]:main():lattice-best-path.cc:99) For utterance 20030004_609, best cost 236.846 + 5358.52 = 5595.37 over 746 frames.
20030004_609 علاج شل میں مغلوں اُمید بار مگر مچھلی اس کو لے نکالیں اور فی سوکھ کے جوڑیں اوقات تصفیے یا کیا 
LOG (lattice-best-path[5.5.907~1-cbed4]:main():lattice-best-path.cc:99) For utterance 20030004_610, best cost 237.945 + 5228.3 = 5466.24 over 740 frames.
20030004_610 معاذ صرف اہل لیتے شیریں کا ایئر بے کی چمن بے ریان ای چڑھ کی طرف سے بدھ دیے فیس صاف ہے 
LOG (lattice-best-path[5.5.907~1-cbed4]:main():lattice-best-path.cc:99) For utterance 20030004_611, best cost 228.446 + 4805.79 = 5034.24 over 699 frames.
20030004_611 گھسے پہنے بھیم کا آف اوس چڑ نے سے کے دب آؤ کو گڑگڑا حد کی کو اونچی کے ساتھ چھ لے 
LOG (lattice-best-path[5.5.907~1-cbed4]:main():lattice-best-path.cc:99) For utterance 20030004_612, best cost 230.572 + 5466.35 = 5696.93 over 740 frames.
20030004_612 تبدیلی و کی لخت زچ سے میں ڈھال بھورا دے جبڑا شفیق کو توقع قوت کی لینگویج کا خاں حامل ہے 
LOG (lattice-best-path[5.5.907~1-cbed4]:main():lattice-best-path.cc:99) For utterance 20030004_613, best cost 139.647 + 3824.83 = 3964.47 over 534 frames.
20030004_613 کلیم کو لا حق بوگس اور جدول کو ریشمی نے البتہ کہا 
LOG (lattice-best-path[5.5.907~1-cbed4]:main():lattice-best-path.cc:99) For utterance 20030004_614, best cost 160.846 + 3871.13 = 4031.97 over 547 frames.
20030004_614 گدھوں فیشن نے شے شو کے کرائی و کے ساتھ سمجھیں بغیر سمجھو تھا کیا 
LOG (lattice-best-path[5.5.907~1-cbed4]:main():lattice-best-path.cc:99) For utterance 20030004_615, best cost 266.122 + 6836.13 = 7102.25 over 941 frames.
20030004_615 ہدایت کا شہزادی نے علی جور موئسچرائزنگ سکول بلڈ اوس کرتے ہوئے جون ہی خان دانش کی تجوریاں گوبر ہیڈ بڑھ آیا 
LOG (lattice-best-path[5.5.907~1-cbed4]:main():lattice-best-path.cc:99) For utterance 20030004_616, best cost 295.198 + 6474.97 = 6770.17 over 890 frames.
20030004_616 تاجر غیب وارڈ میڈیسن خان پور بلین کو فروغ مزاج کرکے سی درخت اس سخت وفد کی ماہ فٹ کا بل کا ایف تیار کیا 
LOG (lattice-best-path[5.5.907~1-cbed4]:main():lattice-best-path.cc:99) For utterance 20030004_617, best cost 203.948 + 3996.81 = 4200.76 over 569 frames.
20030004_617 کم بے پر پڑے سوکھ کے کچھ و میں کی لونگ کو بھول لیتا دے کر فقدان گھسنے لگا 
LOG (lattice-best-path[5.5.907~1-cbed4]:main():lattice-best-path.cc:99) For utterance 20030004_618, best cost 228.678 + 5761.51 = 5990.19 over 792 frames.
20030004_618 فاؤنڈیشن کمرے جس سے روشناس موعود شو والے اکھنڈ صاف پر نے کرنے یوں کے بعد ویجز کے تیار کیا ہے 
LOG (lattice-best-path[5.5.907~1-cbed4]:main():lattice-best-path.cc:99) For utterance 20030004_619, best cost 141.575 + 3661.05 = 3802.62 over 524 frames.
20030004_619 تہذیب ای تشبیہ خادم مطالبے آن کرنے کا جبری نتھی جا ہے 
LOG (lattice-best-path[5.5.907~1-cbed4]:main():lattice-best-path.cc:99) For utterance 20030004_620, best cost 258.228 + 5105.67 = 5363.9 over 688 frames.
20030004_620 چیل ملنے پَلوں کی بولوں کو گڑھ ہو میں سموئے یا اور کی ڈیمو بوڑھوں پر کو اور زور شو آؤٹ کی تیار عریاں کیں 
LOG (lattice-best-path[5.5.907~1-cbed4]:main():lattice-best-path.cc:99) For utterance 20030004_621, best cost 238.848 + 5864.25 = 6103.1 over 757 frames.
20030004_621 معجل حد رنز حاشیے نے اؤٹ کر سوجن کے ماہ بینک ویزے نوبل سدھ اور چاہیے نواز نے میں پہلے کی 
LOG (lattice-best-path[5.5.907~1-cbed4]:main():lattice-best-path.cc:99) For utterance 20030004_622, best cost 212.268 + 4622.77 = 4835.03 over 634 frames.
20030004_622 کو چیک گڑھ میں میں ندا اور گدے دیکھ کر ایک درج ان عمر رسیدہ بھیڑیے کو عالمی سے گزری 
LOG (lattice-best-path[5.5.907~1-cbed4]:main():lattice-best-path.cc:99) For utterance 20030004_623, best cost 154.528 + 3582.41 = 3736.93 over 510 frames.
20030004_623 بن ڈیل ہینگر لوک منافعے اس و برس کا محور کا نشانہ لے گیا 
LOG (lattice-best-path[5.5.907~1-cbed4]:main():lattice-best-path.cc:99) For utterance 20030004_624, best cost 246.551 + 5649.74 = 5896.29 over 768 frames.
20030004_624 ماؤف اثر کے نعوذ کو میں گیس چینی اور فوج فوریکس والا فوم دب حدود کے انجکشن کیلئے مبہم ارشد بھول تھا 
LOG (lattice-best-path[5.5.907~1-cbed4]:main():lattice-best-path.cc:99) For utterance 20030004_625, best cost 215.504 + 4811.32 = 5026.82 over 717 frames.
20030004_625 نے روور ڈیل ساگر وی لیا کی آدمی قدرے دیکھ کر بنگلے سی ورک کے موو واقعے کھو گیا 
LOG (lattice-best-path[5.5.907~1-cbed4]:main():lattice-best-path.cc:99) For utterance 20030004_626, best cost 131.824 + 3320.82 = 3452.65 over 463 frames.
20030004_626 لینڈ پہنچنے کو ملی کیا تک دھول کی ایل باڑھ سمجھا 
LOG (lattice-best-path[5.5.907~1-cbed4]:main():lattice-best-path.cc:99) For utterance 20030004_627, best cost 194.336 + 4338.53 = 4532.87 over 610 frames.
20030004_627 فروغ کا خیر رول عمل کے نخوت کے اعلان یہ سے بھڑوں کو تو فوم میں لکھا رہ گیا 
LOG (lattice-best-path[5.5.907~1-cbed4]:main():lattice-best-path.cc:99) For utterance 20030004_628, best cost 232.443 + 4904.71 = 5137.15 over 710 frames.
20030004_628 لو بدھ کی تک میل نے بھال نے کے لیے بیٹھ ریڈ ٹریبیونل میں فن نور کی خوشی یاں ماؤف کود تھیں 
LOG (lattice-best-path[5.5.907~1-cbed4]:main():lattice-best-path.cc:99) For utterance 20030004_629, best cost 241.877 + 5473.17 = 5715.05 over 773 frames.
20030004_629 شیلڈیں ٹریفک کے کوش والا کے وافر میں فیڈر اب گز روور منیب نے مردوں کا ہے سگے ایچ کروا یا 
LOG (lattice-best-path[5.5.907~1-cbed4]:main():lattice-best-path.cc:99) For utterance 20030004_630, best cost 217.647 + 4618.64 = 4836.29 over 661 frames.
20030004_630 کئی ان قیصر نے نے شے کے اشجار میں آکر بیچے ماہ لے کچھ ان سے خام بدھ کھل گیا 
LOG (lattice-best-path[5.5.907~1-cbed4]:main():lattice-best-path.cc:99) For utterance 20030004_631, best cost 285.113 + 6092.21 = 6377.32 over 905 frames.
20030004_631 سیدھے اس چیف کو لینڈ راؤ برڈ نے وقف آگ کے لیے فعل اور خرچ بھیجے تو قوس نے کو سے موڑ کر چھایا لے دکھ آئے 
LOG (lattice-best-path[5.5.907~1-cbed4]:main():lattice-best-path.cc:99) For utterance 20030004_632, best cost 244.385 + 5908.66 = 6153.04 over 874 frames.
20030004_632 حسین سعید آنے کہا کے روئی یقین گوجر چھوڑ غوں اور بیڑیاں بھجوا کر فجور اور رسولی چھوئیں بغیر بیٹھ 
LOG (lattice-best-path[5.5.907~1-cbed4]:main():lattice-best-path.cc:99) For utterance 20030004_633, best cost 257.002 + 6042.93 = 6299.93 over 822 frames.
20030004_633 ریڈ فرینڈ ان کے بگاڑنے تخیّل کے لیے منیب فن پہ اور فی سوں کی کو والرس ایک سیسے بولنگ کیلئے دی جی گے 
LOG (lattice-best-path[5.5.907~1-cbed4]:main():lattice-best-path.cc:99) For utterance 20030004_634, best cost 222.685 + 4642.87 = 4865.55 over 680 frames.
20030004_634 کوئلے شجر جس چلیں شنید کی اس خان کے لیے میں روغن نیم یاں ساتھ کے نکل فرینڈ کر کے لائیں 
LOG (lattice-best-path[5.5.907~1-cbed4]:main():lattice-best-path.cc:99) For utterance 20030004_635, best cost 226.353 + 5065.39 = 5291.74 over 684 frames.
20030004_635 فاریسٹ مڈل کو چنگ کی لا عود فارم میں بیٹھی اور اگلے ممکن تک میں یاں سیل سے سدھ آپ کریں 
LOG (lattice-best-path[5.5.907~1-cbed4]:main():lattice-best-path.cc:99) For utterance 20030004_636, best cost 216.104 + 4634.62 = 4850.73 over 677 frames.
20030004_636 کم اب دور خشوع نقش کی جوبلی اب شاہ ہونے سے زود جا کا تو ہم کا آف عود ہوا 
LOG (lattice-best-path[5.5.907~1-cbed4]:main():lattice-best-path.cc:99) For utterance 20030004_637, best cost 198.464 + 4391.98 = 4590.45 over 652 frames.
20030004_637 اقوام کے اس تم آدمی پہنچ کا جنگی لا موعود ای کی حد عرصے موڈ بھیڑوں ہوئی 
LOG (lattice-best-path[5.5.907~1-cbed4]:main():lattice-best-path.cc:99) For utterance 20030004_638, best cost 226.284 + 5181.87 = 5408.16 over 709 frames.
20030004_638 کام جو گوجر کی شیڈ اور ڈرائینگ میں کوئی صورت چھور کوٹھڑی کوکھ کر کی کے بلا آف سے جج جیم 
LOG (lattice-best-path[5.5.907~1-cbed4]:main():lattice-best-path.cc:99) For utterance 20030004_639, best cost 230.685 + 5249.51 = 5480.19 over 768 frames.
20030004_639 ٹریفک کے دفتر کی دکھ اے دل سے تجویز کر صغیر نہ گود کی زور ہر تک ساز سے بہت سکتیں 
LOG (lattice-best-path[5.5.907~1-cbed4]:main():lattice-best-path.cc:99) For utterance 20030004_640, best cost 229.5 + 5436.51 = 5666.01 over 768 frames.
20030004_640 چور کے نے یوم پر بیٹھی گیارہویں صفیں یہ نے پیسنے کونسل کے شاہ والا کا کا چوری کوچ لگا آیا 
LOG (lattice-best-path[5.5.907~1-cbed4]:main():lattice-best-path.cc:99) For utterance 20030004_641, best cost 167.706 + 4306.09 = 4473.8 over 601 frames.
20030004_641 کو کو پالمر اور بڑی شگوفے کو کی آتشیں بعد سے کھلکھلا کر بھینس سے کی دیں 
LOG (lattice-best-path[5.5.907~1-cbed4]:main():lattice-best-path.cc:99) For utterance 20030004_642, best cost 189.688 + 3997.03 = 4186.72 over 588 frames.
20030004_642 ہر فوم کی فٹ فی میچ اس سیکھ اے تو درس اسے نفوذ کی ہوا رو کی 
LOG (lattice-best-path[5.5.907~1-cbed4]:main():lattice-best-path.cc:99) For utterance 20030004_643, best cost 220.06 + 4478.82 = 4698.88 over 626 frames.
20030004_643 تفاوت سے نہ فائر پڑنے موقف آف پنج عرصے نہ ہائے اور دوغلی لاکھ سے زاید طرحی ڈال لیں 
LOG (lattice-best-path[5.5.907~1-cbed4]:main():lattice-best-path.cc:99) For utterance 20030004_644, best cost 242.908 + 5607.54 = 5850.45 over 753 frames.
20030004_644 ڈچ کے علی میں طرح چھ ایک میں ڈور پر روئیں اور ذاد برابر چھری کے سینما پر سکتے ندا پاک پھیریں 
LOG (lattice-best-path[5.5.907~1-cbed4]:main():lattice-best-path.cc:99) For utterance 20030004_645, best cost 201.908 + 4834.3 = 5036.2 over 687 frames.
20030004_645 نڈر ڈیڈ وڈ کے اس میں دو سب کے سائیڈ پر زور مس کر کرنے کی فاجر کھلیں ہیں 
LOG (lattice-best-path[5.5.907~1-cbed4]:main():lattice-best-path.cc:99) For utterance 20030004_646, best cost 171.857 + 4772.99 = 4944.85 over 664 frames.
20030004_646 سعودی نہ خون جوس نے اور چبھنے کے بعد لاؤ براں نے بڑھائے ڈالنے آئی 
LOG (lattice-best-path[5.5.907~1-cbed4]:main():lattice-best-path.cc:99) For utterance 20030004_647, best cost 161.717 + 3244.2 = 3405.91 over 439 frames.
20030004_647 بو آج نادر کے تھانہ ظہیر بھون دھونی چور کر دو رو پر آئے 
LOG (lattice-best-path[5.5.907~1-cbed4]:main():lattice-best-path.cc:99) For utterance 20030004_648, best cost 140.631 + 3715.58 = 3856.21 over 531 frames.
20030004_648 میلے میں دودھ دیا چار سکتے نوحہ خرچ ایئر کیلئے کروا تھا 
LOG (lattice-best-path[5.5.907~1-cbed4]:main():lattice-best-path.cc:99) For utterance 20030004_649, best cost 164.503 + 4180.89 = 4345.39 over 582 frames.
20030004_649 کو کو کو کن مین صرف کے بیٹھ نے کے بعد کا واں آمدنی ڈیل لگائے 
LOG (lattice-best-path[5.5.907~1-cbed4]:main():lattice-best-path.cc:99) For utterance 20030004_650, best cost 198.017 + 5012.05 = 5210.06 over 690 frames.
20030004_650 ہجو میری تعلیم کی سی غیرت اور سال میں یقین کی نبوی اہلیہ کے ادائیگی تک اعزہ ہے 
LOG (lattice-best-path[5.5.907~1-cbed4]:main():lattice-best-path.cc:99) For utterance 20030004_651, best cost 186.72 + 4650.13 = 4836.85 over 679 frames.
20030004_651 کوئی ایل خوف بلڈنگ میچ و کی کھوکھلے ایقان دے اور نے سے پہلے سونگ پی تھی 
LOG (lattice-best-path[5.5.907~1-cbed4]:main():lattice-best-path.cc:99) For utterance 20030004_652, best cost 266.742 + 5339.61 = 5606.35 over 801 frames.
20030004_652 ہیڈ رول ینگ کی جی لے تھام گئی اور ملی کو اور ڈوب کے نو لا میں کا گوٹھوں کیے سدھو اور تک پہنچ ای 
LOG (lattice-best-path[5.5.907~1-cbed4]:main():lattice-best-path.cc:99) For utterance 20030004_653, best cost 205.97 + 4832.65 = 5038.62 over 694 frames.
20030004_653 لو ایئر برابر ڈیل سے کا سی سن ٹھل قرضے لکھی ہجر عید لائی تک روز ہوا 
LOG (lattice-best-path[5.5.907~1-cbed4]:main():lattice-best-path.cc:99) For utterance 20030004_654, best cost 207.054 + 4996.49 = 5203.54 over 694 frames.
20030004_654 کرنے اور دیش ہاؤس از کی ایشیائی چوم یہ اور انسٹھویں اور اس کے نوید عام عید سدھ رہیں 
LOG (lattice-best-path[5.5.907~1-cbed4]:main():lattice-best-path.cc:99) For utterance 20030004_655, best cost 145.48 + 3392.25 = 3537.73 over 493 frames.
20030004_655 نام بخشش کی یہ چھائی گوڈی لیب بو جانے کا عشرت ایں 
LOG (lattice-best-path[5.5.907~1-cbed4]:main():lattice-best-path.cc:99) For utterance 20030004_656, best cost 236.054 + 5089.14 = 5325.19 over 744 frames.
20030004_656 دے ایل سے سچ ای ایئر و ہینگر گز زیر ایونٹ دے جائیں اور سنو جہاد رم بھید حبس کریں 
LOG (lattice-best-path[5.5.907~1-cbed4]:main():lattice-best-path.cc:99) For utterance 20030004_657, best cost 162.641 + 3716.63 = 3879.27 over 545 frames.
20030004_657 خام غور آف پھنسے ان کے ایک ایف پر کردار کی حد سے موخر نہیں 
LOG (lattice-best-path[5.5.907~1-cbed4]:main():lattice-best-path.cc:99) For utterance 20030004_658, best cost 155.211 + 3935.31 = 4090.52 over 505 frames.
20030004_658 لینڈ ورلڈ کا میں با لوہے عفو ایئر سکھی بعد سے گزارنے غوں 
LOG (lattice-best-path[5.5.907~1-cbed4]:main():lattice-best-path.cc:99) For utterance 20030004_659, best cost 220.346 + 5408.92 = 5629.27 over 796 frames.
20030004_659 مٹیں کود کر میں چھائی اور کوڑھ ای کا تک خام پور و قوس کے بعد بوم نیا کر سوویں 
LOG (lattice-best-path[5.5.907~1-cbed4]:main():lattice-best-path.cc:99) For utterance 20030004_660, best cost 116.336 + 3039.97 = 3156.31 over 406 frames.
20030004_660 ہوئے پردھان کے بقایا قے ضلع میں نہیں گھس نہ 
LOG (lattice-best-path[5.5.907~1-cbed4]:main():lattice-best-path.cc:99) For utterance 20030004_661, best cost 142.542 + 3513.28 = 3655.82 over 513 frames.
20030004_661 کا صرف لینے کے لیے بیچوں پر حامل کا داغ دھار راغب دبائے 
LOG (lattice-best-path[5.5.907~1-cbed4]:main():lattice-best-path.cc:99) For utterance 20030004_662, best cost 191.956 + 3871.06 = 4063.01 over 549 frames.
20030004_662 کر ٹرین چون کو کی آن کی یاں جھلی تو سے یا رو کی تشبیہ ہی بیک اڑیں 
LOG (lattice-best-path[5.5.907~1-cbed4]:main():lattice-best-path.cc:99) For utterance 20030004_663, best cost 232.381 + 4630.78 = 4863.16 over 658 frames.
20030004_663 پی رونے جہاں چاہے مگ کا گا انگوٹھے یاں عرصہ لا کیں تو کی معدے کی طرحی صوبوں قوت گی 
LOG (lattice-best-path[5.5.907~1-cbed4]:main():lattice-best-path.cc:99) For utterance 20030004_664, best cost 250.085 + 5226.66 = 5476.75 over 744 frames.
20030004_664 فراواں صیاد اے کے بارے اعظم میں تعین آدھ گورے لے کا نہ زور ہوا تو ایئر جی کے روپے کھڑے ہو گئے 
LOG (lattice-best-path[5.5.907~1-cbed4]:main():lattice-best-path.cc:99) For utterance 20030004_665, best cost 154.343 + 4205.5 = 4359.85 over 587 frames.
20030004_665 فیض نے خسارے رابعہ سے سے بھرٹ چینی تو خواہ آج مخیر ہوا 
LOG (lattice-best-path[5.5.907~1-cbed4]:main():lattice-best-path.cc:99) For utterance 20030004_666, best cost 163.276 + 3471.66 = 3634.94 over 480 frames.
20030004_666 بوم سے ہوے اگرچہ علم پر آ کا کا طرف ضلع خیر سے بھولیں یہ 
LOG (lattice-best-path[5.5.907~1-cbed4]:main():lattice-best-path.cc:99) For utterance 20030004_667, best cost 149.614 + 3859.55 = 4009.16 over 558 frames.
20030004_667 پہلی دیے کے دھاڑ سے چند پہ بو سے کے گگلی بھون سنبھلی 
LOG (lattice-best-path[5.5.907~1-cbed4]:main():lattice-best-path.cc:99) For utterance 20030004_668, best cost 250.626 + 5409.41 = 5660.04 over 777 frames.
20030004_668 سامنے فلو اور وے یہ کے پر لڑیں میں خوگر نے والا چند کا پچھلے یا آ بیعانہ بلین سے جال نکل لا 
LOG (lattice-best-path[5.5.907~1-cbed4]:main():lattice-best-path.cc:99) For utterance 20030004_669, best cost 186.333 + 3667.66 = 3854 over 543 frames.
20030004_669 وارڈ خاص ان و فلڈ بورڈ نے ہی و زلزلے لیے جیز زیڈ روڈ نہیں کیا 
LOG (lattice-best-path[5.5.907~1-cbed4]:main():lattice-best-path.cc:99) For utterance 20030004_670, best cost 172.905 + 3569.32 = 3742.22 over 512 frames.
20030004_670 رو سے کا آخری اے شاہ ہائے کس اڈوں گا خوف کوڑھ وہ کا تعلق 
LOG (lattice-best-path[5.5.907~1-cbed4]:main():lattice-best-path.cc:99) For utterance 20030004_671, best cost 246.985 + 5819.42 = 6066.41 over 872 frames.
20030004_671 غیر شے سے پہلے سوسائٹی گڑیا نے کہا سوں اور کس بقول کے صفوں عود چھور لیے نے دو اور جی یہ جاؤ 
LOG (lattice-best-path[5.5.907~1-cbed4]:main():lattice-best-path.cc:99) For utterance 20030004_672, best cost 208.554 + 4558.49 = 4767.04 over 652 frames.
20030004_672 انٹر میری ایڈز شو سے لائیں تو فاروق آن بل صرف پر اوس اب درجے کا پہلا ہے 
LOG (lattice-best-path[5.5.907~1-cbed4]:main():lattice-best-path.cc:99) For utterance 20030004_673, best cost 169.923 + 3604.4 = 3774.32 over 536 frames.
20030004_673 قرار ٹھیک ایچ عام بن وعدے ہوے چوزے نظر کے بے پھٹ پڑا اے 
LOG (lattice-best-path[5.5.907~1-cbed4]:main():lattice-best-path.cc:99) For utterance 20030004_674, best cost 201.787 + 4976.94 = 5178.73 over 656 frames.
20030004_674 نشر نے پَلوں میں پر ایسا خرچ آگ آنکھ کر ہم بار ہے یوں ٹھونس نے کی کوشش کی 
LOG (lattice-best-path[5.5.907~1-cbed4]:main():lattice-best-path.cc:99) For utterance 20030004_675, best cost 143.192 + 3434.56 = 3577.76 over 501 frames.
20030004_675 عارضی بھربھری کے روپے پر سوچے تو تعاون کا وہاں آؤ اور آئے 
LOG (lattice-best-path[5.5.907~1-cbed4]:main():lattice-best-path.cc:99) For utterance 20030004_676, best cost 189.723 + 4649.61 = 4839.33 over 617 frames.
20030004_676 اپنے رہائش کی سے ایچ کا نتیجے یا کھولے زوال نے عملا گشت جھگڑے پر رکھ گی 
LOG (lattice-best-path[5.5.907~1-cbed4]:main():lattice-best-path.cc:99) For utterance 20030004_677, best cost 227.934 + 5486.19 = 5714.13 over 794 frames.
20030004_677 نے سائیڈ نے بھی یا کی گگلی ہوئی مگر بعدازاں قوس ابو ہیرو گرداں نیم کو محویت سے بدل گیا 
LOG (lattice-best-path[5.5.907~1-cbed4]:main():lattice-best-path.cc:99) For utterance 20030004_678, best cost 249.149 + 6295.38 = 6544.53 over 870 frames.
20030004_678 سن آفس ماہ پر ڈیلی فیڈرل اوس جڑ والوں سے چرانے کے لیے ہیڈ رو جن فلیش سے مشق کے شعر کریں 
LOG (lattice-best-path[5.5.907~1-cbed4]:main():lattice-best-path.cc:99) For utterance 20030004_679, best cost 148.784 + 3560.59 = 3709.37 over 496 frames.
20030004_679 تھوڑی اور ریڑھی پر چیڑھ لگا یا تو سفر تیزی سے اچھل ای 
LOG (lattice-best-path[5.5.907~1-cbed4]:main():lattice-best-path.cc:99) For utterance 20030004_680, best cost 227.83 + 5332.17 = 5560 over 764 frames.
20030004_680 چوری کا جوڑے آپ اہل دے ہوے بیٹھ و تو لائی وقف آ راہبر رقص نے میں دل علاوہ جاتا ہے 
LOG (lattice-best-path[5.5.907~1-cbed4]:main():lattice-best-path.cc:99) For utterance 20030004_681, best cost 224.761 + 4856.83 = 5081.59 over 688 frames.
20030004_681 گدھا چل شون جیب شے کو کے ہر کی ڈھا رسولی تو ہولوں مون پر بجھی دھار پر سوئے آ 
LOG (lattice-best-path[5.5.907~1-cbed4]:main():lattice-best-path.cc:99) For utterance 20030004_682, best cost 209.088 + 4459.79 = 4668.88 over 656 frames.
20030004_682 بے ایفکٹ اور چوالیس یہ کی لوٹ پر بے جڑیں کا ناچنے جا کر باعث کے جو ہر معلوم کیے 
LOG (lattice-best-path[5.5.907~1-cbed4]:main():lattice-best-path.cc:99) For utterance 20030004_683, best cost 185.087 + 4247 = 4432.09 over 605 frames.
20030004_683 ریڈ سے ماہ عود کی جڑ و تک اینٹھن نے نیچی ریلیف کے اے سے نکل گئی 
LOG (lattice-best-path[5.5.907~1-cbed4]:main():lattice-best-path.cc:99) For utterance 20030004_684, best cost 209.415 + 4991.15 = 5200.57 over 758 frames.
20030004_684 نائب پر وی فورم کو آتی آدھ سیٹھ کے قیود میں میں لوں یا رحیل طلب تک عام 
LOG (lattice-best-path[5.5.907~1-cbed4]:main():lattice-best-path.cc:99) For utterance 20030004_685, best cost 162.477 + 3390.74 = 3553.22 over 489 frames.
20030004_685 جو فعال اب ہو سے بیچے بخشیں کو سے کہا سے لا مون بدھ ہو 
LOG (lattice-best-path[5.5.907~1-cbed4]:main():lattice-best-path.cc:99) For utterance 20030004_686, best cost 229.658 + 3867.47 = 4097.13 over 543 frames.
20030004_686 صرف کب کے ان کے صرف فعل بیک پیش عرصے بنے یاں دی مے سچ کا شو شاہ پوچھ و 
LOG (lattice-best-path[5.5.907~1-cbed4]:main():lattice-best-path.cc:99) For utterance 20030004_687, best cost 222.757 + 5629.16 = 5851.92 over 796 frames.
20030004_687 سوچ کوئی اس کے بدسلوکی سے آنکھیں کھولنے تو حق ابھرا سے چیف مان کر تو جا مہجور کر گئے 
LOG (lattice-best-path[5.5.907~1-cbed4]:main():lattice-best-path.cc:99) For utterance 20030004_688, best cost 273.172 + 5705.37 = 5978.54 over 831 frames.
20030004_688 قل کی بلکہ چادر بھیج خرچ آکر سنچری یاں گزارنے اور بیچ کی کے بے ایک میں نے حامد ہوں کے پراٹھا عید آگے جا 
LOG (lattice-best-path[5.5.907~1-cbed4]:main():lattice-best-path.cc:99) For utterance 20030004_689, best cost 233.545 + 4417.92 = 4651.47 over 645 frames.
20030004_689 بو جو تو بڑے جیز ذخیرہ کیا جا نو جو گول بن آئے اور سوئس و فصلیں کو چل کر چھائی 
LOG (lattice-best-path[5.5.907~1-cbed4]:main():lattice-best-path.cc:99) For utterance 20030004_690, best cost 147.956 + 2924.69 = 3072.65 over 467 frames.
20030004_690 یہ گھن یاں نہ پڑھائی کے شو لے کو چھور آن نہیں جاتا 
LOG (lattice-best-path[5.5.907~1-cbed4]:main():lattice-best-path.cc:99) For utterance 20030004_691, best cost 204.004 + 5261.81 = 5465.81 over 808 frames.
20030004_691 کی سی کے دلجوئی کیلئے اپنا جیگوار دھوئے یا اور پر ہنسیں ٹھونس آکر معین آدمی ٹھونس دیئے 
LOG (lattice-best-path[5.5.907~1-cbed4]:main():lattice-best-path.cc:99) For utterance 20030004_692, best cost 221.863 + 4353.76 = 4575.62 over 657 frames.
20030004_692 بدھ خون ایثار نے کہا کے مے مس سے بو ساگر اے حد گاڑی کے بن ہی کھاد کے دل ہے 
LOG (lattice-best-path[5.5.907~1-cbed4]:main():lattice-best-path.cc:99) For utterance 20030004_693, best cost 152.914 + 4379.66 = 4532.58 over 673 frames.
20030004_693 میں نے حق کے جوئیہ سے کہا کے وہ کا پر بنا کر لائے مدعو 
LOG (lattice-best-path[5.5.907~1-cbed4]:main():lattice-best-path.cc:99) For utterance 20030004_694, best cost 206.791 + 4429.93 = 4636.72 over 604 frames.
20030004_694 طرفین کاجو لاشیں شفاعت خیر صاحب کو جج جی اور اسے ہی چاقو جو بند بن آئے 
LOG (lattice-best-path[5.5.907~1-cbed4]:main():lattice-best-path.cc:99) For utterance 20030004_695, best cost 192.017 + 4208.79 = 4400.8 over 606 frames.
20030004_695 کوئی کے جانب کھچی جانے کو کیا رو موقع اگر کھیل جاؤں تو پانی میں گھول جا ہیں 
LOG (lattice-best-path[5.5.907~1-cbed4]:main():lattice-best-path.cc:99) For utterance 20030004_696, best cost 210.721 + 4281.88 = 4492.6 over 617 frames.
20030004_696 کےLOG (lattice-scale[5.5.907~1-cbed4]:main():lattice-scale.cc:107) Done 108 lattices.
 ایل شیم فورس ریڈ کے آ میں سے کو بس ملیں مسوڑوں کے بنانے کیلئے فراواں عام کیا جائے گا 
LOG (lattice-best-path[5.5.907~1-cbed4]:main():lattice-best-path.cc:99) For utterance 20030004_697, best cost 146.815 + 3459.39 = 3606.2 over 492 frames.
20030004_697 بل اور کا عود سے سَیل لینتھ دم کے ڈیزائنروں کرنے کا کام ہو گا 
LOG (lattice-best-path[5.5.907~1-cbed4]:main():lattice-best-path.cc:99) For utterance 20030004_698, best cost 155.15 + 3227.8 = 3382.95 over 474 frames.
20030004_698 بار واں مان ذادہ دور دین سے شفاعت باعث کا جائزہ لینے لگا 
LOG (lattice-best-path[5.5.907~1-cbed4]:main():lattice-best-path.cc:99) For utterance 20030004_699, best cost 217.376 + 4088.47 = 4305.84 over 596 frames.
20030004_699 نے جھٹکے فیوچر آف کار کیچڑ ای میں بتایا یہ کے اہل یا نیم ریوڑ مہندی کا مقصود چوم 
LOG (lattice-best-path[5.5.907~1-cbed4]:main():lattice-best-path.cc:99) For utterance 20030004_700, best cost 187.4 + 3639.73 = 3827.13 over 540 frames.
20030004_700 گوشہ سرخ فوم کی تک خلیل میں تغافل کی سوجھی جھڑک کر بس سوکھ سے وقف و 
LOG (lattice-best-path[5.5.907~1-cbed4]:main():lattice-best-path.cc:99) For utterance 20030004_701, best cost 241.657 + 4276.76 = 4518.42 over 617 frames.
20030004_701 مضمون با عنوان بو نو کو گذر کی تو ماتھا جی سے کے بل باغ کر حوض اس ہوے تو کو سمجھا آیا 
LOG (lattice-best-path[5.5.907~1-cbed4]:main():lattice-best-path.cc:99) For utterance 20030004_702, best cost 150.121 + 3260.85 = 3410.97 over 513 frames.
20030004_702 غیر فیصلہ آ قوت کی روڈ میں بارے کو شاہ دو نادر بخشے 
LOG (lattice-add-penalty[5.5.907~1-cbed4]:main():lattice-add-penalty.cc:62) Done adding word insertion penalty to 108 lattices.
LOG (lattice-best-path[5.5.907~1-cbed4]:main():lattice-best-path.cc:99) For utterance 20030004_703, best cost 166.503 + 3225.82 = 3392.32 over 504 frames.
20030004_703 حیرت حائل سے تولید ای چھین کے پہ پڑھوں کا وہ بار ظاہر ہوتا ہے 
LOG (lattice-best-path[5.5.907~1-cbed4]:main():lattice-best-path.cc:99) For utterance 20030004_704, best cost 208.122 + 4964.25 = 5172.37 over 762 frames.
20030004_704 جو تھا علی ونگ سے شنید موعود آئین آزاد یوں کے ایک انظباتی کے لاؤ کا پراسیس ہے 
LOG (lattice-best-path[5.5.907~1-cbed4]:main():lattice-best-path.cc:99) For utterance 20030004_705, best cost 191.797 + 3869.09 = 4060.89 over 586 frames.
20030004_705 با وجہ گگن ماہ ایک روہی و سے چار پر لاگت آٹھ پھنس و سے بڑھ گئی 
LOG (lattice-best-path[5.5.907~1-cbed4]:main():lattice-best-path.cc:99) For utterance 20030004_706, best cost 124.292 + 2831.43 = 2955.72 over 434 frames.
20030004_706 بل سفید گیس کے آنکھیں دکھی تو مدد میت چوم 
LOG (lattice-best-path[5.5.907~1-cbed4]:main():lattice-best-path.cc:99) For utterance 20030004_707, best cost 154.829 + 3002.66 = 3157.49 over 479 frames.
20030004_707 ماضی کو بلا یا ہے تو آگے بری یوں میں گناہوں میں نہ پڑی 
LOG (lattice-best-path[5.5.907~1-cbed4]:main():lattice-best-path.cc:99) For utterance 20030004_708, best cost 198.67 + 4196.81 = 4395.48 over 653 frames.
20030004_708 جنگ جھرنے سے پہلے بڑھ لینے مجھے کچھ خارجہ سی پتھری کا اور مشق اس سمجھا اے 
LOG (lattice-best-path[5.5.907~1-cbed4]:main():lattice-best-path.cc:124) Overall cost per frame is 7.3197 = 0.313265 [graph] + 7.00644 [acoustic] over 70132 frames.
LOG (lattice-best-path[5.5.907~1-cbed4]:main():lattice-best-path.cc:128) Done 108 lattices, failed for 0
# Accounting: time=0 threads=1
# Ended (code 0) at Wed Apr 21 05:45:25 PKT 2021, elapsed time 0 seconds
