# lattice-scale --inv-acoustic-scale=10 "ark:gunzip -c exp/tri3/decode/lat.*.gz|" ark:- | lattice-add-penalty --word-ins-penalty=1.0 ark:- ark:- | lattice-best-path --word-symbol-table=exp/tri3/graph/words.txt ark:- ark,t:- | utils/int2sym.pl -f 2- exp/tri3/graph/words.txt | cat > exp/tri3/decode/scoring_kaldi/penalty_1.0/10.txt 
# Started at Wed Apr 21 07:01:59 PKT 2021
#
lattice-add-penalty --word-ins-penalty=1.0 ark:- ark:- 
lattice-best-path --word-symbol-table=exp/tri3/graph/words.txt ark:- ark,t:- 
lattice-scale --inv-acoustic-scale=10 'ark:gunzip -c exp/tri3/decode/lat.*.gz|' ark:- 
LOG (lattice-best-path[5.5.907~1-cbed4]:main():lattice-best-path.cc:99) For utterance 20030013_601, best cost 249.381 + 4598.72 = 4848.1 over 952 frames.
20030013_601 تو فتحیاب تک کو چیک کے قاری ڈیرے شو میں قریب لنگر کی کو لیلی خودسر وولر پڑھو کو قبول کرنے گے 
LOG (lattice-best-path[5.5.907~1-cbed4]:main():lattice-best-path.cc:99) For utterance 20030013_602, best cost 307.926 + 5849.6 = 6157.53 over 1201 frames.
20030013_602 دلوں بقول آئیوڈین کے نارتھ اور کھلے پر رکھ کے ہوے پڑھائی کی لوک اور وحشی آلود شے کے گاؤ پر ریچھ کرنے کی شرکت سے آرزوئیں ہے 
LOG (lattice-best-path[5.5.907~1-cbed4]:main():lattice-best-path.cc:99) For utterance 20030013_603, best cost 240.004 + 4291.81 = 4531.81 over 875 frames.
20030013_603 شمسی ابھر اور نزلے کی گھاس کے رہتے عمل پر اٹھا مدد لیتی میں بے کوسوں پر کا رم نے چاول گیا 
LOG (lattice-best-path[5.5.907~1-cbed4]:main():lattice-best-path.cc:99) For utterance 20030013_604, best cost 221.577 + 4258.62 = 4480.2 over 920 frames.
20030013_604 سوجھی میں نہ علی کی دواؤں کی گڑھ پر پڑی تو کہا سے طور چلیں کے گھس دن آخری اٹھائے 
LOG (lattice-best-path[5.5.907~1-cbed4]:main():lattice-best-path.cc:99) For utterance 20030013_605, best cost 146.229 + 2893.27 = 3039.5 over 606 frames.
20030013_605 سول در شبہ ہجوں کے کے شیڈ میں گھول کر کا خلل تک 
LOG (lattice-best-path[5.5.907~1-cbed4]:main():lattice-best-path.cc:99) For utterance 20030013_606, best cost 183.985 + 3173.28 = 3357.27 over 638 frames.
20030013_606 نے دین کے دماغی میں بلوں ورک سے لیا سندھیوں کے تغافل سخت کی بڑی فضل گیا 
LOG (lattice-best-path[5.5.907~1-cbed4]:main():lattice-best-path.cc:99) For utterance 20030013_607, best cost 139.739 + 2141.46 = 2281.19 over 440 frames.
20030013_607 افضل یا کی ہول کا کی سب آن گھمبیر نہ بنائی سے ہے 
LOG (lattice-best-path[5.5.907~1-cbed4]:main():lattice-best-path.cc:99) For utterance 20030013_608, best cost 168.667 + 3611.84 = 3780.5 over 798 frames.
20030013_608 کو کے کے بورڈ کے مرغی کو فحش کر ڈام جوق جانے کی ادھم تو ہو گی 
LOG (lattice-best-path[5.5.907~1-cbed4]:main():lattice-best-path.cc:99) For utterance 20030013_609, best cost 210.056 + 3177.14 = 3387.19 over 651 frames.
20030013_609 فلیش جنم اوور اُمید بار مگر مس نقرس اور نکالیں اور کی ستھرے چور کا تصحیح یا کیا 
LOG (lattice-best-path[5.5.907~1-cbed4]:main():lattice-best-path.cc:99) For utterance 20030013_610, best cost 180.348 + 3866.83 = 4047.18 over 792 frames.
20030013_610 موثر اہل ایجنسیوں کا اپنے جیولری گھمن بَلّا نیچے کی طلب سے بوریت ایسا ہے 
LOG (lattice-best-path[5.5.907~1-cbed4]:main():lattice-best-path.cc:99) For utterance 20030013_611, best cost 172.95 + 2823.6 = 2996.55 over 580 frames.
20030013_611 گھسے پہنے دھینگا کو پر نے کے کے دواؤں کو پر بردار کی گھوم کے ساتھ کھیلے 
LOG (lattice-best-path[5.5.907~1-cbed4]:main():lattice-best-path.cc:99) For utterance 20030013_612, best cost 198.645 + 3978.35 = 4176.99 over 804 frames.
20030013_612 تبدیلی و کی لغو سے شخصے نکالیں بیورو کے جوق سفر تو قوت کی بھنڈی چَھپ کو ہے 
LOG (lattice-best-path[5.5.907~1-cbed4]:main():lattice-best-path.cc:99) For utterance 20030013_613, best cost 109.868 + 2057.51 = 2167.38 over 414 frames.
20030013_613 قدم خلاف کوسوں جیل قل سینئر پیدا کہا 
LOG (lattice-best-path[5.5.907~1-cbed4]:main():lattice-best-path.cc:99) For utterance 20030013_614, best cost 153.292 + 2588.88 = 2742.17 over 523 frames.
20030013_614 وقوف لینتھ میں کی شب کے کرائی ہو کے ساتھ حملے بغیر سنگل کر کیا 
LOG (lattice-best-path[5.5.907~1-cbed4]:main():lattice-best-path.cc:99) For utterance 20030013_615, best cost 262.16 + 5079.01 = 5341.17 over 1105 frames.
20030013_615 تجارت کا شہزادی نے گلیشئر مصر اثر کو بلوچ کرتے ہوئے جوبلی خان آنکھ فی کے جیوری دم میں گوبر ہیڈ بڑھائے 
LOG (lattice-best-path[5.5.907~1-cbed4]:main():lattice-best-path.cc:99) For utterance 20030013_616, best cost 272.218 + 4751.27 = 5023.49 over 977 frames.
20030013_616 توجہ لہو آڑ فٹ نے سدھ کو نامور جن کو فروخت عرضداشت کر کیسی زدہ ثلث کی مواد پر کا حلف کا اقرار کیا 
LOG (lattice-best-path[5.5.907~1-cbed4]:main():lattice-best-path.cc:99) For utterance 20030013_617, best cost 165.805 + 2979.98 = 3145.78 over 632 frames.
20030013_617 کمرے پر پڑے سوکھ کے ہجوم میں کھیلوں کو عابد اسے کر پیدا حسن لگا 
LOG (lattice-best-path[5.5.907~1-cbed4]:main():lattice-best-path.cc:99) For utterance 20030013_618, best cost 202.155 + 3655.25 = 3857.41 over 734 frames.
20030013_618 فارم ٹھنکا بے سے روشناس مرچوں والے آپ پڑ ساغر نے بیویوں کے بعد ڈیسک صیاد لیا ہے 
LOG (lattice-best-path[5.5.907~1-cbed4]:main():lattice-best-path.cc:99) For utterance 20030013_619, best cost 137.15 + 2157.6 = 2294.75 over 440 frames.
20030013_619 زہریلی تشبیہ آپ مژدہ بیان کرنے کا جور عید میں کی جا ہے 
LOG (lattice-best-path[5.5.907~1-cbed4]:main():lattice-best-path.cc:99) For utterance 20030013_620, best cost 231.566 + 4255.19 = 4486.76 over 900 frames.
20030013_620 سی ملنے پَلوں کے بولوں کو بلوں میں سموئے آ اور دھیرے مغفور و پر حضور چھاؤں کی تیار یقین 
LOG (lattice-best-path[5.5.907~1-cbed4]:main():lattice-best-path.cc:99) For utterance 20030013_621, best cost 210.764 + 3775.5 = 3986.26 over 779 frames.
20030013_621 معجل از ریسرچ میں نے اور کر سوجن کے معاون میں دیں مغیث اور جاتی نواز نے میں پھیل کی 
LOG (lattice-best-path[5.5.907~1-cbed4]:main():lattice-best-path.cc:99) For utterance 20030013_622, best cost 192.27 + 3178.19 = 3370.46 over 657 frames.
20030013_622 اونچی برڈ میں ممبر کا دیتے کرے درج ان ہما رسیدہ بیڑے فارورڈ میں سے گزری 
LOG (lattice-best-path[5.5.907~1-cbed4]:main():lattice-best-path.cc:99) For utterance 20030013_623, best cost 152.792 + 2722.01 = 2874.8 over 574 frames.
20030013_623 ٹرین کلیم کر بوقت منافعوں آنسو برس کا میں لگانے شاہ لے گیا 
LOG (lattice-best-path[5.5.907~1-cbed4]:main():lattice-best-path.cc:99) For utterance 20030013_624, best cost 246.657 + 4186.22 = 4432.87 over 811 frames.
20030013_624 مفاد سیر کے نوش کو نے کے کیسی رفو اس کو رکھوا رفو عود عود دن کے چین کے لیے گگلی شون تھا 
LOG (lattice-best-path[5.5.907~1-cbed4]:main():lattice-best-path.cc:99) For utterance 20030013_625, best cost 185.174 + 3674.08 = 3859.26 over 696 frames.
20030013_625 نیو لیکن ضائع بلکہ کے کی عارضی کا دے لے کر بکھری دیگر کے مواد کے کو گیا 
LOG (lattice-best-path[5.5.907~1-cbed4]:main():lattice-best-path.cc:99) For utterance 20030013_626, best cost 132.092 + 2202.53 = 2334.62 over 420 frames.
20030013_626 لائن بش میں کو مغلیہ حالات بھون کی یا دیوار سمجھا 
LOG (lattice-best-path[5.5.907~1-cbed4]:main():lattice-best-path.cc:99) For utterance 20030013_627, best cost 206.949 + 4400.67 = 4607.62 over 926 frames.
20030013_627 چھلکا خیر غلام آئے کنگڈم قوت کے آ نامی زیر پڑھوں کے طوفاں مین کفار آ گیا 
LOG (lattice-best-path[5.5.907~1-cbed4]:main():lattice-best-path.cc:99) For utterance 20030013_628, best cost 186.16 + 3190.41 = 3376.57 over 644 frames.
20030013_628 بھگت کی تک ملنے بنانے کیلئے بیٹھی ٹریبیونل میں کروں کی خوشی یاں مسخ عود تھیں 
LOG (lattice-best-path[5.5.907~1-cbed4]:main():lattice-best-path.cc:99) For utterance 20030013_629, best cost 221.017 + 4351.22 = 4572.23 over 894 frames.
20030013_629 شیرے کی بش والوں کے آؤ کو اور میں فیڈر آپ روز انیق نے مغلوں کا ہے جا بھیس کا لایا 
LOG (lattice-best-path[5.5.907~1-cbed4]:main():lattice-best-path.cc:99) For utterance 20030013_630, best cost 175.673 + 3179.61 = 3355.28 over 606 frames.
20030013_630 قیام پہلا نے نجی بسیار میں آکر بیچے مارچ سے چھین سے قم کے کر گیا 
LOG (lattice-best-path[5.5.907~1-cbed4]:main():lattice-best-path.cc:99) For utterance 20030013_631, best cost 226.249 + 4354.54 = 4580.79 over 843 frames.
20030013_631 سی السی سکول ان ڈار ہیڈ نے وقف کا کرتے فلڈ رکھنے کے دوست ناظم اور ترچھا لے دیکھا ہے 
LOG (lattice-best-path[5.5.907~1-cbed4]:main():lattice-best-path.cc:99) For utterance 20030013_632, best cost 261.474 + 4837.73 = 5099.21 over 1009 frames.
20030013_632 تزئین سیکھا نے کہا کے روئی کے کی حجت چھوڑ و اور ریڈ یاں بے بھجوا کر کھجوریں اور رسوائی جوے بغیر بہبود 
LOG (lattice-best-path[5.5.907~1-cbed4]:main():lattice-best-path.cc:99) For utterance 20030013_633, best cost 229.426 + 4555.04 = 4784.47 over 913 frames.
20030013_633 قیصر نام کے بردار میں تخیّل کیلئے نیلوفر کے اور کی سوکھ کی کھال سنگھ سنگھ سخت سوئنگ کیلئے کیجیے 
LOG (lattice-best-path[5.5.907~1-cbed4]:main():lattice-best-path.cc:99) For utterance 20030013_634, best cost 152.217 + 2520.52 = 2672.74 over 497 frames.
20030013_634 کو نیشن نے جنریشن جس آن کیلئے روغن یقین آکر بن کر کر لائے 
LOG (lattice-best-path[5.5.907~1-cbed4]:main():lattice-best-path.cc:99) For utterance 20030013_635, best cost 220.695 + 3750.65 = 3971.35 over 734 frames.
20030013_635 پاک مٹھل کوکھ سندھی اعلان کھاؤ اور میں بیٹھ نے اور علی مملکت میراں سے جج جس اولاد ہے 
LOG (lattice-best-path[5.5.907~1-cbed4]:main():lattice-best-path.cc:99) For utterance 20030013_636, best cost 185.308 + 3223.73 = 3409.03 over 657 frames.
20030013_636 کو موڈ عروج دشمن کی جوبلی خدشہ ہونے سے غور جگہ تو عام آ پھول ہوا 
LOG (lattice-best-path[5.5.907~1-cbed4]:main():lattice-best-path.cc:99) For utterance 20030013_637, best cost 188.995 + 3405.54 = 3594.53 over 696 frames.
20030013_637 اس خان کے شے مارچ میں پہنچ کر رنگ نیلم ہوتی کی کیریئر سے ماڈل بلڈ ہوئی 
LOG (lattice-best-path[5.5.907~1-cbed4]:main():lattice-best-path.cc:99) For utterance 20030013_638, best cost 200.753 + 3627.59 = 3828.34 over 760 frames.
20030013_638 کا نیو گوجر کی شیڈول ڈرائینگ میں ہونے صورت اور کوٹھڑی کو کھڑے کی کے خلاف سے جج دیں 
LOG (lattice-best-path[5.5.907~1-cbed4]:main():lattice-best-path.cc:99) For utterance 20030013_639, best cost 249.349 + 4173.22 = 4422.56 over 868 frames.
20030013_639 قحط کے دفتر میں تو کیے جلد سے اے ترچھی سے سکتے نام کود کی زیور تک ساز دیں دب و صفیں 
LOG (lattice-best-path[5.5.907~1-cbed4]:main():lattice-best-path.cc:99) For utterance 20030013_640, best cost 206.112 + 4028.03 = 4234.14 over 760 frames.
20030013_640 سب کے نیو نکل بیٹھی دیا نیچا کی نے پیسنے کونسل کے شو والا کا پنچولی کچلا آیا 
LOG (lattice-best-path[5.5.907~1-cbed4]:main():lattice-best-path.cc:99) For utterance 20030013_641, best cost 157.52 + 2602.98 = 2760.5 over 465 frames.
20030013_641 کو کو ہے لینے دور بڑی شعبوں کے آتی کا تھیسس ٹھاکر ونگ سے کی کی 
LOG (lattice-best-path[5.5.907~1-cbed4]:main():lattice-best-path.cc:99) For utterance 20030013_642, best cost 136.831 + 3031.61 = 3168.44 over 574 frames.
20030013_642 صفوں کے دکھی میں سے سیسے صدر صحت ٹھوس کی راہو کی 
LOG (lattice-best-path[5.5.907~1-cbed4]:main():lattice-best-path.cc:99) For utterance 20030013_643, best cost 183.945 + 3810.89 = 3994.84 over 734 frames.
20030013_643 خوف سے ندوی پڑے میں مخل بدل سنائی اور کو وولر آپ سے سائیڈ کرے لگے 
LOG (lattice-best-path[5.5.907~1-cbed4]:main():lattice-best-path.cc:99) For utterance 20030013_644, best cost 191.835 + 3731.41 = 3923.24 over 683 frames.
20030013_644 پچھلے لیدر چھ کنٹرول پرویا اور سے برابر جڑی کے سیل کر کس ٹریلر کا تیرے 
LOG (lattice-best-path[5.5.907~1-cbed4]:main():lattice-best-path.cc:99) For utterance 20030013_645, best cost 150.622 + 3107.73 = 3258.35 over 580 frames.
20030013_645 میں دورے بیٹھتے سے دولت کے سائبان روزوں صدر کرنے کی کاشف کھلے 
LOG (lattice-best-path[5.5.907~1-cbed4]:main():lattice-best-path.cc:99) For utterance 20030013_646, best cost 171.26 + 3201.45 = 3372.71 over 587 frames.
20030013_646 ساری ڈبو جوس نو جزو نے کے بعد آؤٹ کردار میں برابر ڈام نے آئی 
LOG (lattice-best-path[5.5.907~1-cbed4]:main():lattice-best-path.cc:99) For utterance 20030013_647, best cost 135.638 + 2508.16 = 2643.8 over 452 frames.
20030013_647 <oov> صدر احسن عارضی گھوم نے چور کر بولوں کرا ہے 
LOG (lattice-best-path[5.5.907~1-cbed4]:main():lattice-best-path.cc:99) For utterance 20030013_648, best cost 117.421 + 2362.27 = 2479.7 over 440 frames.
20030013_648 میں لینے دودھیا جارج طلب سچل کیلئے کا روات تھا 
LOG (lattice-best-path[5.5.907~1-cbed4]:main():lattice-best-path.cc:99) For utterance 20030013_649, best cost 160.514 + 3187.91 = 3348.43 over 600 frames.
20030013_649 کو کو کو کے دس کر کے بیلٹ میں کے بعد کا باندھ کر گہرے لگائی کیے 
LOG (lattice-best-path[5.5.907~1-cbed4]:main():lattice-best-path.cc:99) For utterance 20030013_650, best cost 170.555 + 3588.06 = 3758.61 over 670 frames.
20030013_650 ہتھیلی ایک لابنگ کی جید اور سانولے دل کے نفسیاتی یا کے راستے دیے کا ہے 
LOG (lattice-best-path[5.5.907~1-cbed4]:main():lattice-best-path.cc:99) For utterance 20030013_651, best cost 138.535 + 2866.51 = 3005.05 over 548 frames.
20030013_651 غلیل کو تیری مرچوں کی کو کے اکٹھی بولنے سے پہلے صوفی کی 
LOG (lattice-best-path[5.5.907~1-cbed4]:main():lattice-best-path.cc:99) For utterance 20030013_652, best cost 191.435 + 3650.32 = 3841.75 over 696 frames.
20030013_652 فیڈرل ایئر کیجیے تنگ کئی حملے کرتے نو لا میں کا پور کے سدھو تک فوجیں 
LOG (lattice-best-path[5.5.907~1-cbed4]:main():lattice-best-path.cc:99) For utterance 20030013_653, best cost 173.986 + 3081.82 = 3255.81 over 600 frames.
20030013_653 لو اور قرار تیز کا تہتر ڈال کر زیر کے کے ذریعے دے تک روز ہوا 
LOG (lattice-best-path[5.5.907~1-cbed4]:main():lattice-best-path.cc:99) For utterance 20030013_654, best cost 178.835 + 3846.94 = 4025.78 over 734 frames.
20030013_654 کرفیو لے شعور سے سی اسجد جوے اور ان سیفٹی رولز کے میں کا میں ستھرے 
LOG (lattice-best-path[5.5.907~1-cbed4]:main():lattice-best-path.cc:99) For utterance 20030013_655, best cost 127.771 + 3192.66 = 3320.43 over 600 frames.
20030013_655 لا بقیہ چھائی کوٹھی در بو جانے کا دیش ہے 
LOG (lattice-best-path[5.5.907~1-cbed4]:main():lattice-best-path.cc:99) For utterance 20030013_656, best cost 192.141 + 3906.92 = 4099.06 over 734 frames.
20030013_656 بے سے سچ یہ رویے دس تیزی اینڈ بجائے اور سوئے مرجھا رنگ دیکھ اس کریں 
LOG (lattice-best-path[5.5.907~1-cbed4]:main():lattice-best-path.cc:99) For utterance 20030013_657, best cost 130.759 + 2780.23 = 2910.99 over 542 frames.
20030013_657 ابو لقب ذہن کی کیفے کردار کے عرصے ماؤف کر رہی 
LOG (lattice-best-path[5.5.907~1-cbed4]:main():lattice-best-path.cc:99) For utterance 20030013_658, best cost 148.075 + 2996.95 = 3145.03 over 561 frames.
20030013_658 ریزرو اور کا میں ورک لولی بل اس کی بعد سے ہو تعارف 
LOG (lattice-best-path[5.5.907~1-cbed4]:main():lattice-best-path.cc:99) For utterance 20030013_659, best cost 169.716 + 3357.82 = 3527.54 over 619 frames.
20030013_659 میتھی عود کر سے چائے اور تھوڑی کا تیقن غوروخوض کے باتھو یہ کر سوئے 
LOG (lattice-best-path[5.5.907~1-cbed4]:main():lattice-best-path.cc:99) For utterance 20030013_660, best cost 104.748 + 2034.97 = 2139.72 over 401 frames.
20030013_660 کبوتر کے بو خاص لا میں ویلیو صرف 
LOG (lattice-best-path[5.5.907~1-cbed4]:main():lattice-best-path.cc:99) For utterance 20030013_661, best cost 115.325 + 2119.79 = 2235.12 over 427 frames.
20030013_661 طلب لینے کیلئے بے شبہ ثمر کر ٹھاکر دبائے 
LOG (lattice-best-path[5.5.907~1-cbed4]:main():lattice-best-path.cc:99) For utterance 20030013_662, best cost 133.093 + 2724.82 = 2857.91 over 529 frames.
20030013_662 کر ٹرین جوگی عدلیہ چلیں دس تجارت کی تجزیہ بڑے 
LOG (lattice-best-path[5.5.907~1-cbed4]:main():lattice-best-path.cc:99) For utterance 20030013_663, best cost 188.878 + 3722.71 = 3911.59 over 753 frames.
20030013_663 پی رونے جا اجسام مرتب انگوٹھی ایئر سال کی اٹھیں دیکھی طرحی کس حقوق ہوئی 
LOG (lattice-best-path[5.5.907~1-cbed4]:main():lattice-best-path.cc:99) For utterance 20030013_664, best cost 216.89 + 3629.95 = 3846.84 over 715 frames.
20030013_664 کلاں سیاح لے کے بڑے اعظم میں دائِیں جادوئی لے کر محلول ہو اور خلجی کر اور کے پڑے ہو گئے 
LOG (lattice-best-path[5.5.907~1-cbed4]:main():lattice-best-path.cc:99) For utterance 20030013_665, best cost 148.033 + 2505.66 = 2653.69 over 484 frames.
20030013_665 فیصلے پہ سالہ ویزے سے گریڈ چینی دو ہجو کو صرف کوکھ 
LOG (lattice-best-path[5.5.907~1-cbed4]:main():lattice-best-path.cc:99) For utterance 20030013_666, best cost 156.668 + 2805.33 = 2961.99 over 529 frames.
20030013_666 گول سے ہوے قبول سے لنگر کا کھگہ تک سے رکھ خیر سکول دیئے 
LOG (lattice-best-path[5.5.907~1-cbed4]:main():lattice-best-path.cc:99) For utterance 20030013_667, best cost 138.441 + 2678.81 = 2817.25 over 504 frames.
20030013_667 اے کی کی کردار سے چل دیوی سے کی بورڈ کی بسر ہوئی 
LOG (lattice-best-path[5.5.907~1-cbed4]:main():lattice-best-path.cc:99) For utterance 20030013_668, best cost 209.293 + 4028.37 = 4237.67 over 747 frames.
20030013_668 سانولے کرو وزیر کے پر لڑیں میں ابھرے والا چونکا زچ لاکھ باغیانہ تیار سے جال طلب 
LOG (lattice-best-path[5.5.907~1-cbed4]:main():lattice-best-path.cc:99) For utterance 20030013_669, best cost 151.805 + 3068.94 = 3220.75 over 548 frames.
20030013_669 اوور خاص ان و فعل کوٹھڑی گذر کیلئے لیزر ڈبو ڈیل کیا 
LOG (lattice-best-path[5.5.907~1-cbed4]:main():lattice-best-path.cc:99) For utterance 20030013_670, best cost 151.162 + 2840.53 = 2991.69 over 574 frames.
20030013_670 روضے کا آخری آشرم رہتے کے صرف منگوا کو بوڑھوں بھرتا لو 
LOG (lattice-best-path[5.5.907~1-cbed4]:main():lattice-best-path.cc:99) For utterance 20030013_671, best cost 204.762 + 4220.59 = 4425.35 over 772 frames.
20030013_671 اور شیرے پہلے سوسائٹی گھوڑے نے کہا ذوق خاص بغور کے سقوط چوڑی میں کوکھ اور دیے جاؤ 
LOG (lattice-best-path[5.5.907~1-cbed4]:main():lattice-best-path.cc:99) For utterance 20030013_672, best cost 166.53 + 3470.69 = 3637.21 over 632 frames.
20030013_672 انٹر لیڈی دل موثر لائن سفر کاربن سربراہ اوصاف درجے کا بَلّا ہے 
LOG (lattice-best-path[5.5.907~1-cbed4]:main():lattice-best-path.cc:99) For utterance 20030013_673, best cost 146.669 + 2890.32 = 3036.99 over 555 frames.
20030013_673 پڑھائی کے چار قناعت بھگوئیں لولی نصب کر کہف اور کا اے 
LOG (lattice-best-path[5.5.907~1-cbed4]:main():lattice-best-path.cc:99) For utterance 20030013_674, best cost 181.224 + 4224.4 = 4405.63 over 772 frames.
20030013_674 نقشوں نے پُلوں نہر بھڑک آپ عرصہ کار تک اور والی اونس نے کی کوشش کی 
LOG (lattice-best-path[5.5.907~1-cbed4]:main():lattice-best-path.cc:99) For utterance 20030013_675, best cost 160.932 + 2764.55 = 2925.49 over 529 frames.
20030013_675 آئے جہد بنوری کے رویے فرض پوچھیں تک داؤ فون کا با اٹھائے 
LOG (lattice-best-path[5.5.907~1-cbed4]:main():lattice-best-path.cc:99) For utterance 20030013_676, best cost 157.848 + 3064.86 = 3222.71 over 568 frames.
20030013_676 اپنے رہائشی سیلز کا نتھی چاقو علاوہ نے ہیں بیشتر بڑے پندرہ دیئے 
LOG (lattice-best-path[5.5.907~1-cbed4]:main():lattice-best-path.cc:99) For utterance 20030013_677, best cost 217.164 + 4778.18 = 4995.35 over 926 frames.
20030013_677 مثال میں کوئی یا کی کوٹھی بولنے کر بعدازاں ہو صوبوں کی گوگل کہانی کی ایل بسیں بہن گیا 
LOG (lattice-best-path[5.5.907~1-cbed4]:main():lattice-best-path.cc:99) For utterance 20030013_678, best cost 223.038 + 5139 = 5362.03 over 971 frames.
20030013_678 سندھی نے سب اور پہلی خیر براؤزر والوں سے چرانے کیلئے عورت گوجر کھلے کے مشق کے شیر کریں 
LOG (lattice-best-path[5.5.907~1-cbed4]:main():lattice-best-path.cc:99) For utterance 20030013_679, best cost 108.951 + 2358.35 = 2467.3 over 446 frames.
20030013_679 کوٹھڑی اور ریڑھی کر چیلہ کچہری تھیلی سنچری 
LOG (lattice-best-path[5.5.907~1-cbed4]:main():lattice-best-path.cc:99) For utterance 20030013_680, best cost 186.555 + 3529.95 = 3716.51 over 683 frames.
20030013_680 جور ایگلز اوڑھا بہن کے وعدہ تو جدا استغفار آ برعکس نیگیٹو آؤ آ سکتا ہے 
LOG (lattice-best-path[5.5.907~1-cbed4]:main():lattice-best-path.cc:99) For utterance 20030013_681, best cost 172.523 + 3042.33 = 3214.85 over 587 frames.
20030013_681 زدہ جل سمجھی شو کر کی کھا رسولی کھولو اور پر بیچے کار برسوں گیا 
LOG (lattice-best-path[5.5.907~1-cbed4]:main():lattice-best-path.cc:99) For utterance 20030013_682, best cost 201.492 + 3830.76 = 4032.25 over 753 frames.
20030013_682 بھی اور شعاع دیکھیے دودھ پر ایسڈ اعلان آ سنگسار کر بوائے پہ جور معلوم کیے 
LOG (lattice-best-path[5.5.907~1-cbed4]:main():lattice-best-path.cc:99) For utterance 20030013_683, best cost 162.989 + 3596.69 = 3759.68 over 657 frames.
20030013_683 دھیرے سے مخل جڑ تو تک اینٹھن نیچی کرتی کے ایسڈ نے کر گئی 
LOG (lattice-best-path[5.5.907~1-cbed4]:main():lattice-best-path.cc:99) For utterance 20030013_684, best cost 162.201 + 2910.98 = 3073.18 over 593 frames.
20030013_684 نے ویب کی بھول خواری جھٹکے کی و میں مرغوب یا جلد طلب کراؤں 
LOG (lattice-best-path[5.5.907~1-cbed4]:main():lattice-best-path.cc:99) For utterance 20030013_685, best cost 141.923 + 2275.33 = 2417.25 over 446 frames.
20030013_685 جو خلل بو سی بن شیر بخشے اور سے کا سے لنگا دو 
LOG (lattice-best-path[5.5.907~1-cbed4]:main():lattice-best-path.cc:99) For utterance 20030013_686, best cost 192.451 + 3986.7 = 4179.15 over 772 frames.
20030013_686 سول پھینک کے سب خیلوی وی پریشر سے بلدیاتی میں کھچ کا شو شب خشوع 
LOG (lattice-best-path[5.5.907~1-cbed4]:main():lattice-best-path.cc:99) For utterance 20030013_687, best cost 204.423 + 3867.38 = 4071.8 over 721 frames.
20030013_687 جوق سوئس کے بدسلوکی سے عابد اولی رباب بغور راستے چیک مآب کر توجہ مغرور کرائی 
LOG (lattice-best-path[5.5.907~1-cbed4]:main():lattice-best-path.cc:99) For utterance 20030013_688, best cost 224.091 + 4234.86 = 4458.95 over 836 frames.
20030013_688 پڑی کی بلکہ چادر بیگج آکر سے جلووں گروہ دیکھی کے دیکھ میں وہاب ہوم کے غرارے تحویل جاؤ 
LOG (lattice-best-path[5.5.907~1-cbed4]:main():lattice-best-path.cc:99) For utterance 20030013_689, best cost 205.52 + 3812.87 = 4018.39 over 753 frames.
20030013_689 بو چوزوں درجے کا کی لا کیا جان اور جو بھولا نائب افسوس اور بسیں اچھل کر جائے 
LOG (lattice-best-path[5.5.907~1-cbed4]:main():lattice-best-path.cc:99) For utterance 20030013_690, best cost 110.657 + 2159.34 = 2269.99 over 414 frames.
20030013_690 بھگو کے اداکارائیں کے شور اے خوشبوئیں نہیں جاتی 
LOG (lattice-best-path[5.5.907~1-cbed4]:main():lattice-best-path.cc:99) For utterance 20030013_691, best cost 168.768 + 2980.33 = 3149.09 over 606 frames.
20030013_691 کیسی دلجوئی کیلئے اگرچہ کر دھوئے اور جلد اوزار کر معائنہ ایلویٹ ٹھونس دیئے 
LOG (lattice-best-path[5.5.907~1-cbed4]:main():lattice-best-path.cc:99) For utterance 20030013_692, best cost 175.949 + 3655.72 = 3831.67 over 721 frames.
20030013_692 بطخوں نظام نے کہا کے میں سے غصہ گہرے کر بڑی کے ٹری کا تیرے گاؤں 
LOG (lattice-best-path[5.5.907~1-cbed4]:main():lattice-best-path.cc:99) For utterance 20030013_693, best cost 138.847 + 2394.56 = 2533.41 over 491 frames.
20030013_693 میں نگہت کے جوے اسے کہا کے بقایا پر گنا کر لائے مدعو 
LOG (lattice-best-path[5.5.907~1-cbed4]:main():lattice-best-path.cc:99) For utterance 20030013_694, best cost 168.806 + 3284.4 = 3453.21 over 664 frames.
20030013_694 حملہ چھوڑ آنکھ شل شفاعت عرصہ کو درجے اور اسے کی چاقو چوہان بنایا 
LOG (lattice-best-path[5.5.907~1-cbed4]:main():lattice-best-path.cc:99) For utterance 20030013_695, best cost 166.126 + 2760.31 = 2926.44 over 568 frames.
20030013_695 کوئی کی جانے قرضے جانے تو کیا کو اگر کے جاؤں تو پانی میں گھول جان 
LOG (lattice-best-path[5.5.907~1-cbed4]:main():lattice-best-path.cc:99) For utterance 20030013_696, best cost 152.659 + 2913.79 = 3066.45 over 593 frames.
20030013_696 چیچن خاصے کیا میں سے کو مس میں مسوڑوں کے بنانے کیلئے پر عام کیا گیا 
LOG (lattice-best-path[5.5.907~1-cbed4]:main():lattice-best-path.cc:99) For utterance 20030013_697, best cost 143.365 + 2476.34 = 2619.71 over 497 frames.
20030013_697 بولو اور کا عود سے سیل ایندھن لیڈی جان کرنے کا پرفارم ہو گا 
LOG (lattice-best-path[5.5.907~1-cbed4]:main():lattice-best-path.cc:99) For utterance 20030013_698, best cost 162.369 + 3358.12 = 3520.49 over 721 frames.
20030013_698 بار بم ذاد عود تین کے شاہ پاک باعث کام جائزہ لینے گا 
LOG (lattice-best-path[5.5.907~1-cbed4]:main():lattice-best-path.cc:99) For utterance 20030013_699, best cost 186.865 + 3047.04 = 3233.9 over 625 frames.
20030013_699 میں جسٹس ویلیو ضعف کار کی چھڑیاں بتایا کے اہلیہ نے کے اور ملی کا مقصود جوق 
LOG (lattice-best-path[5.5.907~1-cbed4]:main():lattice-best-path.cc:99) For utterance 20030013_700, best cost 157.4 + 2990.86 = 3148.26 over 587 frames.
20030013_700 ہوش اور دھوپ کی تبلیغ میں تغافل کی سوجھی جھڑک ابو سوکھ زور 
LOG (lattice-best-path[5.5.907~1-cbed4]:main():lattice-best-path.cc:99) For utterance 20030013_701, best cost 222.579 + 3515.32 = 3737.9 over 728 frames.
20030013_701 مضمون گاؤن مان بھولو کو بدل کی تو مس نہ چیز سے کھول کھا کر ماچس قوت تو بوسن آیا 
LOG (lattice-best-path[5.5.907~1-cbed4]:main():lattice-best-path.cc:99) For utterance 20030013_702, best cost 176.598 + 3352.7 = 3529.3 over 683 frames.
20030013_702 غیر فیصلہ آپ حقوق بات کی کود میں کرے کو کا گناہ دل لوک شوخ 
LOG (lattice-best-path[5.5.907~1-cbed4]:main():lattice-best-path.cc:99) For utterance 20030013_703, best cost 152.251 + 2288.53 = 2440.78 over 465 frames.
20030013_703 پہلا زاید سے دور بھی کی چھین کے دیکھ مقابلوں بار ظاہر ہوتا ہے 
LOG (lattice-best-path[5.5.907~1-cbed4]:main():lattice-best-path.cc:99) For utterance 20030013_704, best cost 152.11 + 3222.95 = 3375.06 over 676 frames.
20030013_704 چودہ دھیمی سے شل مزارعین عذاب میں کے انظباتی کا لاکھا پراسیس ہے 
LOG (lattice-best-path[5.5.907~1-cbed4]:main():lattice-best-path.cc:99) For utterance 20030013_705, best cost 141.748 + 2431.66 = 2573.41 over 491 frames.
20030013_705 باغ آج اگلا بنائی تربیتی جاتا لاگت کانفرنسوں سے بڑھ گئی 
LOG (lattice-best-path[5.5.907~1-cbed4]:main():lattice-best-path.cc:99) For utterance 20030013_706, best cost 114.327 + 1936.01 = 2050.34 over 363 frames.
20030013_706 ابو سفید اویسی یا کے دیکھیں تو مدون مرچوں 
LOG (lattice-scale[5.5.907~1-cbed4]:main():lattice-scale.cc:107) Done 108 lattices.
LOG (lattice-best-path[5.5.907~1-cbed4]:main():lattice-best-path.cc:99) For utterance 20030013_707, best cost 121.236 + 2215.66 = 2336.89 over 452 frames.
20030013_707 ماضی کو بلا ہے ثاقب بڑی اُمید ملاؤں میں نہ کریں 
LOG (lattice-best-path[5.5.907~1-cbed4]:main():lattice-best-path.cc:99) For utterance 20030013_708, best cost 182.135 + 3132.72 = 3314.86 over 606 frames.
20030013_708 مشعر نے سے پہلے برڈ میں نے مزید کچھ آ رسیدہ تحریک کا عفو مشق سمجھا ہے 
LOG (lattice-add-penalty[5.5.907~1-cbed4]:main():lattice-add-penalty.cc:62) Done adding word insertion penalty to 108 lattices.
LOG (lattice-best-path[5.5.907~1-cbed4]:main():lattice-best-path.cc:124) Overall cost per frame is 5.32773 = 0.268546 [graph] + 5.05919 [acoustic] over 71279 frames.
LOG (lattice-best-path[5.5.907~1-cbed4]:main():lattice-best-path.cc:128) Done 108 lattices, failed for 0
# Accounting: time=1 threads=1
# Ended (code 0) at Wed Apr 21 07:02:01 PKT 2021, elapsed time 1 seconds
