# ali-to-post "ark:gunzip -c exp/tri4/ali.3.gz|" ark:- | gmm-acc-stats-twofeats exp/tri4/35.mdl "ark,s,cs:apply-cmvn  --utt2spk=ark:data/train/split4/3/utt2spk scp:data/train/split4/3/cmvn.scp scp:data/train/split4/3/feats.scp ark:- | splice-feats  ark:- ark:- | transform-feats exp/tri3_ali/final.mat ark:- ark:- | transform-feats --utt2spk=ark:data/train/split4/3/utt2spk ark:exp/tri4/trans.3 ark:- ark:- |" "ark,s,cs:apply-cmvn  --utt2spk=ark:data/train/split4/3/utt2spk scp:data/train/split4/3/cmvn.scp scp:data/train/split4/3/feats.scp ark:- | splice-feats  ark:- ark:- | transform-feats exp/tri3_ali/final.mat ark:- ark:- |" ark,s,cs:- exp/tri4/35.3.acc 
# Started at Thu Apr 22 12:00:18 PKT 2021
#
gmm-acc-stats-twofeats exp/tri4/35.mdl 'ark,s,cs:apply-cmvn  --utt2spk=ark:data/train/split4/3/utt2spk scp:data/train/split4/3/cmvn.scp scp:data/train/split4/3/feats.scp ark:- | splice-feats  ark:- ark:- | transform-feats exp/tri3_ali/final.mat ark:- ark:- | transform-feats --utt2spk=ark:data/train/split4/3/utt2spk ark:exp/tri4/trans.3 ark:- ark:- |' 'ark,s,cs:apply-cmvn  --utt2spk=ark:data/train/split4/3/utt2spk scp:data/train/split4/3/cmvn.scp scp:data/train/split4/3/feats.scp ark:- | splice-feats  ark:- ark:- | transform-feats exp/tri3_ali/final.mat ark:- ark:- |' ark,s,cs:- exp/tri4/35.3.acc 
ali-to-post 'ark:gunzip -c exp/tri4/ali.3.gz|' ark:- 
transform-feats exp/tri3_ali/final.mat ark:- ark:- 
splice-feats ark:- ark:- 
apply-cmvn --utt2spk=ark:data/train/split4/3/utt2spk scp:data/train/split4/3/cmvn.scp scp:data/train/split4/3/feats.scp ark:- 
transform-feats --utt2spk=ark:data/train/split4/3/utt2spk ark:exp/tri4/trans.3 ark:- ark:- 
transform-feats exp/tri3_ali/final.mat ark:- ark:- 
apply-cmvn --utt2spk=ark:data/train/split4/3/utt2spk scp:data/train/split4/3/cmvn.scp scp:data/train/split4/3/feats.scp ark:- 
splice-feats ark:- ark:- 
LOG (gmm-acc-stats-twofeats[5.5.907~1-cbed4]:main():gmm-acc-stats-twofeats.cc:140) Average like for this file is -49.9833 over 1011 frames.
LOG (gmm-acc-stats-twofeats[5.5.907~1-cbed4]:main():gmm-acc-stats-twofeats.cc:140) Average like for this file is -49.4081 over 874 frames.
LOG (gmm-acc-stats-twofeats[5.5.907~1-cbed4]:main():gmm-acc-stats-twofeats.cc:140) Average like for this file is -53.2781 over 843 frames.
LOG (gmm-acc-stats-twofeats[5.5.907~1-cbed4]:main():gmm-acc-stats-twofeats.cc:140) Average like for this file is -54.0844 over 977 frames.
LOG (gmm-acc-stats-twofeats[5.5.907~1-cbed4]:main():gmm-acc-stats-twofeats.cc:140) Average like for this file is -51.7487 over 807 frames.
LOG (gmm-acc-stats-twofeats[5.5.907~1-cbed4]:main():gmm-acc-stats-twofeats.cc:140) Average like for this file is -51.6806 over 816 frames.
LOG (gmm-acc-stats-twofeats[5.5.907~1-cbed4]:main():gmm-acc-stats-twofeats.cc:140) Average like for this file is -50.8796 over 878 frames.
LOG (gmm-acc-stats-twofeats[5.5.907~1-cbed4]:main():gmm-acc-stats-twofeats.cc:140) Average like for this file is -49.893 over 850 frames.
LOG (gmm-acc-stats-twofeats[5.5.907~1-cbed4]:main():gmm-acc-stats-twofeats.cc:140) Average like for this file is -51.073 over 801 frames.
LOG (gmm-acc-stats-twofeats[5.5.907~1-cbed4]:main():gmm-acc-stats-twofeats.cc:140) Average like for this file is -51.1496 over 838 frames.
LOG (gmm-acc-stats-twofeats[5.5.907~1-cbed4]:main():gmm-acc-stats-twofeats.cc:146) Avg like per frame so far is -51.3233
LOG (gmm-acc-stats-twofeats[5.5.907~1-cbed4]:main():gmm-acc-stats-twofeats.cc:140) Average like for this file is -50.9815 over 833 frames.
LOG (gmm-acc-stats-twofeats[5.5.907~1-cbed4]:main():gmm-acc-stats-twofeats.cc:140) Average like for this file is -51.794 over 1018 frames.
LOG (gmm-acc-stats-twofeats[5.5.907~1-cbed4]:main():gmm-acc-stats-twofeats.cc:140) Average like for this file is -53.8597 over 865 frames.
LOG (gmm-acc-stats-twofeats[5.5.907~1-cbed4]:main():gmm-acc-stats-twofeats.cc:140) Average like for this file is -52.2213 over 941 frames.
LOG (gmm-acc-stats-twofeats[5.5.907~1-cbed4]:main():gmm-acc-stats-twofeats.cc:140) Average like for this file is -50.6225 over 756 frames.
LOG (gmm-acc-stats-twofeats[5.5.907~1-cbed4]:main():gmm-acc-stats-twofeats.cc:140) Average like for this file is -50.2535 over 840 frames.
LOG (gmm-acc-stats-twofeats[5.5.907~1-cbed4]:main():gmm-acc-stats-twofeats.cc:140) Average like for this file is -51.5327 over 768 frames.
LOG (gmm-acc-stats-twofeats[5.5.907~1-cbed4]:main():gmm-acc-stats-twofeats.cc:140) Average like for this file is -52.29 over 821 frames.
LOG (gmm-acc-stats-twofeats[5.5.907~1-cbed4]:main():gmm-acc-stats-twofeats.cc:140) Average like for this file is -52.4524 over 554 frames.
LOG (gmm-acc-stats-twofeats[5.5.907~1-cbed4]:main():gmm-acc-stats-twofeats.cc:140) Average like for this file is -51.1596 over 552 frames.
LOG (gmm-acc-stats-twofeats[5.5.907~1-cbed4]:main():gmm-acc-stats-twofeats.cc:146) Avg like per frame so far is -51.5213
LOG (gmm-acc-stats-twofeats[5.5.907~1-cbed4]:main():gmm-acc-stats-twofeats.cc:140) Average like for this file is -53.0948 over 716 frames.
LOG (gmm-acc-stats-twofeats[5.5.907~1-cbed4]:main():gmm-acc-stats-twofeats.cc:140) Average like for this file is -49.5971 over 599 frames.
LOG (gmm-acc-stats-twofeats[5.5.907~1-cbed4]:main():gmm-acc-stats-twofeats.cc:140) Average like for this file is -51.6333 over 686 frames.
LOG (gmm-acc-stats-twofeats[5.5.907~1-cbed4]:main():gmm-acc-stats-twofeats.cc:140) Average like for this file is -51.0001 over 625 frames.
LOG (gmm-acc-stats-twofeats[5.5.907~1-cbed4]:main():gmm-acc-stats-twofeats.cc:140) Average like for this file is -52.9932 over 838 frames.
LOG (gmm-acc-stats-twofeats[5.5.907~1-cbed4]:main():gmm-acc-stats-twofeats.cc:140) Average like for this file is -50.6796 over 669 frames.
LOG (gmm-acc-stats-twofeats[5.5.907~1-cbed4]:main():gmm-acc-stats-twofeats.cc:140) Average like for this file is -52.6803 over 565 frames.
LOG (gmm-acc-stats-twofeats[5.5.907~1-cbed4]:main():gmm-acc-stats-twofeats.cc:140) Average like for this file is -51.4108 over 664 frames.
LOG (gmm-acc-stats-twofeats[5.5.907~1-cbed4]:main():gmm-acc-stats-twofeats.cc:140) Average like for this file is -50.5778 over 538 frames.
LOG (gmm-acc-stats-twofeats[5.5.907~1-cbed4]:main():gmm-acc-stats-twofeats.cc:140) Average like for this file is -50.0748 over 679 frames.
LOG (gmm-acc-stats-twofeats[5.5.907~1-cbed4]:main():gmm-acc-stats-twofeats.cc:146) Avg like per frame so far is -51.4992
LOG (gmm-acc-stats-twofeats[5.5.907~1-cbed4]:main():gmm-acc-stats-twofeats.cc:140) Average like for this file is -51.7298 over 722 frames.
LOG (gmm-acc-stats-twofeats[5.5.907~1-cbed4]:main():gmm-acc-stats-twofeats.cc:140) Average like for this file is -52.0982 over 730 frames.
LOG (gmm-acc-stats-twofeats[5.5.907~1-cbed4]:main():gmm-acc-stats-twofeats.cc:140) Average like for this file is -50.4418 over 709 frames.
LOG (gmm-acc-stats-twofeats[5.5.907~1-cbed4]:main():gmm-acc-stats-twofeats.cc:140) Average like for this file is -49.5749 over 687 frames.
LOG (gmm-acc-stats-twofeats[5.5.907~1-cbed4]:main():gmm-acc-stats-twofeats.cc:140) Average like for this file is -50.3076 over 552 frames.
LOG (gmm-acc-stats-twofeats[5.5.907~1-cbed4]:main():gmm-acc-stats-twofeats.cc:140) Average like for this file is -50.2287 over 642 frames.
LOG (gmm-acc-stats-twofeats[5.5.907~1-cbed4]:main():gmm-acc-stats-twofeats.cc:140) Average like for this file is -50.8395 over 820 frames.
LOG (gmm-acc-stats-twofeats[5.5.907~1-cbed4]:main():gmm-acc-stats-twofeats.cc:140) Average like for this file is -51.8877 over 684 frames.
LOG (gmm-acc-stats-twofeats[5.5.907~1-cbed4]:main():gmm-acc-stats-twofeats.cc:140) Average like for this file is -53.0809 over 569 frames.
LOG (gmm-acc-stats-twofeats[5.5.907~1-cbed4]:main():gmm-acc-stats-twofeats.cc:140) Average like for this file is -51.1913 over 695 frames.
LOG (gmm-acc-stats-twofeats[5.5.907~1-cbed4]:main():gmm-acc-stats-twofeats.cc:146) Avg like per frame so far is -51.4149
LOG (gmm-acc-stats-twofeats[5.5.907~1-cbed4]:main():gmm-acc-stats-twofeats.cc:140) Average like for this file is -55.8132 over 518 frames.
LOG (gmm-acc-stats-twofeats[5.5.907~1-cbed4]:main():gmm-acc-stats-twofeats.cc:140) Average like for this file is -52.933 over 657 frames.
LOG (gmm-acc-stats-twofeats[5.5.907~1-cbed4]:main():gmm-acc-stats-twofeats.cc:140) Average like for this file is -56.2534 over 609 frames.
LOG (gmm-acc-stats-twofeats[5.5.907~1-cbed4]:main():gmm-acc-stats-twofeats.cc:140) Average like for this file is -52.3592 over 465 frames.
LOG (gmm-acc-stats-twofeats[5.5.907~1-cbed4]:main():gmm-acc-stats-twofeats.cc:140) Average like for this file is -53.7422 over 599 frames.
LOG (gmm-acc-stats-twofeats[5.5.907~1-cbed4]:main():gmm-acc-stats-twofeats.cc:140) Average like for this file is -55.2384 over 608 frames.
LOG (gmm-acc-stats-twofeats[5.5.907~1-cbed4]:main():gmm-acc-stats-twofeats.cc:140) Average like for this file is -54.2981 over 647 frames.
LOG (gmm-acc-stats-twofeats[5.5.907~1-cbed4]:main():gmm-acc-stats-twofeats.cc:140) Average like for this file is -53.5113 over 575 frames.
LOG (gmm-acc-stats-twofeats[5.5.907~1-cbed4]:main():gmm-acc-stats-twofeats.cc:140) Average like for this file is -54.8476 over 505 frames.
LOG (gmm-acc-stats-twofeats[5.5.907~1-cbed4]:main():gmm-acc-stats-twofeats.cc:140) Average like for this file is -53.5947 over 634 frames.
LOG (gmm-acc-stats-twofeats[5.5.907~1-cbed4]:main():gmm-acc-stats-twofeats.cc:146) Avg like per frame so far is -51.8771
LOG (gmm-acc-stats-twofeats[5.5.907~1-cbed4]:main():gmm-acc-stats-twofeats.cc:140) Average like for this file is -52.1984 over 527 frames.
LOG (gmm-acc-stats-twofeats[5.5.907~1-cbed4]:main():gmm-acc-stats-twofeats.cc:140) Average like for this file is -53.9469 over 703 frames.
LOG (gmm-acc-stats-twofeats[5.5.907~1-cbed4]:main():gmm-acc-stats-twofeats.cc:140) Average like for this file is -54.2597 over 504 frames.
LOG (gmm-acc-stats-twofeats[5.5.907~1-cbed4]:main():gmm-acc-stats-twofeats.cc:140) Average like for this file is -53.9347 over 483 frames.
LOG (gmm-acc-stats-twofeats[5.5.907~1-cbed4]:main():gmm-acc-stats-twofeats.cc:140) Average like for this file is -53.9739 over 574 frames.
LOG (gmm-acc-stats-twofeats[5.5.907~1-cbed4]:main():gmm-acc-stats-twofeats.cc:140) Average like for this file is -51.899 over 651 frames.
LOG (gmm-acc-stats-twofeats[5.5.907~1-cbed4]:main():gmm-acc-stats-twofeats.cc:140) Average like for this file is -57.2412 over 635 frames.
LOG (gmm-acc-stats-twofeats[5.5.907~1-cbed4]:main():gmm-acc-stats-twofeats.cc:140) Average like for this file is -55.1303 over 544 frames.
LOG (gmm-acc-stats-twofeats[5.5.907~1-cbed4]:main():gmm-acc-stats-twofeats.cc:140) Average like for this file is -53.5046 over 500 frames.
LOG (gmm-acc-stats-twofeats[5.5.907~1-cbed4]:main():gmm-acc-stats-twofeats.cc:140) Average like for this file is -57.0079 over 690 frames.
LOG (gmm-acc-stats-twofeats[5.5.907~1-cbed4]:main():gmm-acc-stats-twofeats.cc:146) Avg like per frame so far is -52.2267
LOG (gmm-acc-stats-twofeats[5.5.907~1-cbed4]:main():gmm-acc-stats-twofeats.cc:140) Average like for this file is -55.1522 over 616 frames.
LOG (gmm-acc-stats-twofeats[5.5.907~1-cbed4]:main():gmm-acc-stats-twofeats.cc:140) Average like for this file is -52.8129 over 1028 frames.
LOG (gmm-acc-stats-twofeats[5.5.907~1-cbed4]:main():gmm-acc-stats-twofeats.cc:140) Average like for this file is -52.6523 over 565 frames.
LOG (gmm-acc-stats-twofeats[5.5.907~1-cbed4]:main():gmm-acc-stats-twofeats.cc:140) Average like for this file is -54.0497 over 547 frames.
LOG (gmm-acc-stats-twofeats[5.5.907~1-cbed4]:main():gmm-acc-stats-twofeats.cc:140) Average like for this file is -54.1233 over 736 frames.
LOG (gmm-acc-stats-twofeats[5.5.907~1-cbed4]:main():gmm-acc-stats-twofeats.cc:140) Average like for this file is -51.8773 over 882 frames.
LOG (gmm-acc-stats-twofeats[5.5.907~1-cbed4]:main():gmm-acc-stats-twofeats.cc:140) Average like for this file is -54.7311 over 566 frames.
LOG (gmm-acc-stats-twofeats[5.5.907~1-cbed4]:main():gmm-acc-stats-twofeats.cc:140) Average like for this file is -51.2352 over 654 frames.
LOG (gmm-acc-stats-twofeats[5.5.907~1-cbed4]:main():gmm-acc-stats-twofeats.cc:140) Average like for this file is -53.3785 over 480 frames.
LOG (gmm-acc-stats-twofeats[5.5.907~1-cbed4]:main():gmm-acc-stats-twofeats.cc:140) Average like for this file is -52.5127 over 556 frames.
LOG (gmm-acc-stats-twofeats[5.5.907~1-cbed4]:main():gmm-acc-stats-twofeats.cc:146) Avg like per frame so far is -52.3553
LOG (gmm-acc-stats-twofeats[5.5.907~1-cbed4]:main():gmm-acc-stats-twofeats.cc:140) Average like for this file is -53.4113 over 564 frames.
LOG (gmm-acc-stats-twofeats[5.5.907~1-cbed4]:main():gmm-acc-stats-twofeats.cc:140) Average like for this file is -51.4348 over 824 frames.
LOG (gmm-acc-stats-twofeats[5.5.907~1-cbed4]:main():gmm-acc-stats-twofeats.cc:140) Average like for this file is -52.831 over 868 frames.
LOG (gmm-acc-stats-twofeats[5.5.907~1-cbed4]:main():gmm-acc-stats-twofeats.cc:140) Average like for this file is -53.3671 over 758 frames.
LOG (gmm-acc-stats-twofeats[5.5.907~1-cbed4]:main():gmm-acc-stats-twofeats.cc:140) Average like for this file is -52.8425 over 907 frames.
LOG (gmm-acc-stats-twofeats[5.5.907~1-cbed4]:main():gmm-acc-stats-twofeats.cc:140) Average like for this file is -53.1242 over 1002 frames.
LOG (gmm-acc-stats-twofeats[5.5.907~1-cbed4]:main():gmm-acc-stats-twofeats.cc:140) Average like for this file is -53.9766 over 883 frames.
LOG (gmm-acc-stats-twofeats[5.5.907~1-cbed4]:main():gmm-acc-stats-twofeats.cc:140) Average like for this file is -53.6022 over 638 frames.
LOG (gmm-acc-stats-twofeats[5.5.907~1-cbed4]:main():gmm-acc-stats-twofeats.cc:140) Average like for this file is -53.981 over 760 frames.
LOG (gmm-acc-stats-twofeats[5.5.907~1-cbed4]:main():gmm-acc-stats-twofeats.cc:140) Average like for this file is -54.0497 over 644 frames.
LOG (gmm-acc-stats-twofeats[5.5.907~1-cbed4]:main():gmm-acc-stats-twofeats.cc:146) Avg like per frame so far is -52.4762
LOG (gmm-acc-stats-twofeats[5.5.907~1-cbed4]:main():gmm-acc-stats-twofeats.cc:140) Average like for this file is -54.7874 over 642 frames.
LOG (gmm-acc-stats-twofeats[5.5.907~1-cbed4]:main():gmm-acc-stats-twofeats.cc:140) Average like for this file is -54.8165 over 674 frames.
LOG (gmm-acc-stats-twofeats[5.5.907~1-cbed4]:main():gmm-acc-stats-twofeats.cc:140) Average like for this file is -54.4186 over 476 frames.
LOG (gmm-acc-stats-twofeats[5.5.907~1-cbed4]:main():gmm-acc-stats-twofeats.cc:140) Average like for this file is -53.9828 over 513 frames.
LOG (gmm-acc-stats-twofeats[5.5.907~1-cbed4]:main():gmm-acc-stats-twofeats.cc:140) Average like for this file is -53.8294 over 817 frames.
LOG (gmm-acc-stats-twofeats[5.5.907~1-cbed4]:main():gmm-acc-stats-twofeats.cc:140) Average like for this file is -59.8784 over 709 frames.
LOG (gmm-acc-stats-twofeats[5.5.907~1-cbed4]:main():gmm-acc-stats-twofeats.cc:140) Average like for this file is -55.5302 over 579 frames.
LOG (gmm-acc-stats-twofeats[5.5.907~1-cbed4]:main():gmm-acc-stats-twofeats.cc:140) Average like for this file is -52.6159 over 836 frames.
LOG (gmm-acc-stats-twofeats[5.5.907~1-cbed4]:main():gmm-acc-stats-twofeats.cc:140) Average like for this file is -54.5494 over 864 frames.
LOG (gmm-acc-stats-twofeats[5.5.907~1-cbed4]:main():gmm-acc-stats-twofeats.cc:140) Average like for this file is -55.4951 over 721 frames.
LOG (gmm-acc-stats-twofeats[5.5.907~1-cbed4]:main():gmm-acc-stats-twofeats.cc:146) Avg like per frame so far is -52.7456
LOG (gmm-acc-stats-twofeats[5.5.907~1-cbed4]:main():gmm-acc-stats-twofeats.cc:140) Average like for this file is -49.4035 over 725 frames.
LOG (gmm-acc-stats-twofeats[5.5.907~1-cbed4]:main():gmm-acc-stats-twofeats.cc:140) Average like for this file is -49.0621 over 699 frames.
LOG (gmm-acc-stats-twofeats[5.5.907~1-cbed4]:main():gmm-acc-stats-twofeats.cc:140) Average like for this file is -49.8031 over 822 frames.
LOG (gmm-acc-stats-twofeats[5.5.907~1-cbed4]:main():gmm-acc-stats-twofeats.cc:140) Average like for this file is -49.4266 over 842 frames.
LOG (gmm-acc-stats-twofeats[5.5.907~1-cbed4]:main():gmm-acc-stats-twofeats.cc:140) Average like for this file is -48.8318 over 1094 frames.
LOG (gmm-acc-stats-twofeats[5.5.907~1-cbed4]:main():gmm-acc-stats-twofeats.cc:140) Average like for this file is -48.0588 over 1020 frames.
LOG (gmm-acc-stats-twofeats[5.5.907~1-cbed4]:main():gmm-acc-stats-twofeats.cc:140) Average like for this file is -48.8388 over 703 frames.
LOG (gmm-acc-stats-twofeats[5.5.907~1-cbed4]:main():gmm-acc-stats-twofeats.cc:140) Average like for this file is -49.0635 over 1035 frames.
LOG (gmm-acc-stats-twofeats[5.5.907~1-cbed4]:main():gmm-acc-stats-twofeats.cc:140) Average like for this file is -50.0525 over 853 frames.
LOG (gmm-acc-stats-twofeats[5.5.907~1-cbed4]:main():gmm-acc-stats-twofeats.cc:140) Average like for this file is -49.1746 over 635 frames.
LOG (gmm-acc-stats-twofeats[5.5.907~1-cbed4]:main():gmm-acc-stats-twofeats.cc:146) Avg like per frame so far is -52.3199
LOG (gmm-acc-stats-twofeats[5.5.907~1-cbed4]:main():gmm-acc-stats-twofeats.cc:140) Average like for this file is -49.2385 over 712 frames.
LOG (gmm-acc-stats-twofeats[5.5.907~1-cbed4]:main():gmm-acc-stats-twofeats.cc:140) Average like for this file is -51.1918 over 536 frames.
LOG (gmm-acc-stats-twofeats[5.5.907~1-cbed4]:main():gmm-acc-stats-twofeats.cc:140) Average like for this file is -50.0217 over 749 frames.
LOG (gmm-acc-stats-twofeats[5.5.907~1-cbed4]:main():gmm-acc-stats-twofeats.cc:140) Average like for this file is -49.9569 over 660 frames.
LOG (gmm-acc-stats-twofeats[5.5.907~1-cbed4]:main():gmm-acc-stats-twofeats.cc:140) Average like for this file is -50.1526 over 786 frames.
LOG (gmm-acc-stats-twofeats[5.5.907~1-cbed4]:main():gmm-acc-stats-twofeats.cc:140) Average like for this file is -48.6926 over 1007 frames.
LOG (gmm-acc-stats-twofeats[5.5.907~1-cbed4]:main():gmm-acc-stats-twofeats.cc:140) Average like for this file is -48.6398 over 493 frames.
LOG (gmm-acc-stats-twofeats[5.5.907~1-cbed4]:main():gmm-acc-stats-twofeats.cc:140) Average like for this file is -50.3605 over 939 frames.
LOG (gmm-acc-stats-twofeats[5.5.907~1-cbed4]:main():gmm-acc-stats-twofeats.cc:140) Average like for this file is -51.3415 over 734 frames.
LOG (gmm-acc-stats-twofeats[5.5.907~1-cbed4]:main():gmm-acc-stats-twofeats.cc:140) Average like for this file is -49.4366 over 760 frames.
LOG (gmm-acc-stats-twofeats[5.5.907~1-cbed4]:main():gmm-acc-stats-twofeats.cc:146) Avg like per frame so far is -52.0914
LOG (gmm-acc-stats-twofeats[5.5.907~1-cbed4]:main():gmm-acc-stats-twofeats.cc:140) Average like for this file is -48.9645 over 669 frames.
LOG (gmm-acc-stats-twofeats[5.5.907~1-cbed4]:main():gmm-acc-stats-twofeats.cc:140) Average like for this file is -49.0908 over 519 frames.
LOG (gmm-acc-stats-twofeats[5.5.907~1-cbed4]:main():gmm-acc-stats-twofeats.cc:140) Average like for this file is -49.406 over 406 frames.
LOG (gmm-acc-stats-twofeats[5.5.907~1-cbed4]:main():gmm-acc-stats-twofeats.cc:140) Average like for this file is -50.6551 over 562 frames.
LOG (gmm-acc-stats-twofeats[5.5.907~1-cbed4]:main():gmm-acc-stats-twofeats.cc:140) Average like for this file is -49.5175 over 742 frames.
LOG (gmm-acc-stats-twofeats[5.5.907~1-cbed4]:main():gmm-acc-stats-twofeats.cc:140) Average like for this file is -50.1969 over 514 frames.
LOG (gmm-acc-stats-twofeats[5.5.907~1-cbed4]:main():gmm-acc-stats-twofeats.cc:140) Average like for this file is -49.5258 over 742 frames.
LOG (gmm-acc-stats-twofeats[5.5.907~1-cbed4]:main():gmm-acc-stats-twofeats.cc:140) Average like for this file is -50.3131 over 687 frames.
LOG (gmm-acc-stats-twofeats[5.5.907~1-cbed4]:main():gmm-acc-stats-twofeats.cc:140) Average like for this file is -50.2225 over 716 frames.
LOG (gmm-acc-stats-twofeats[5.5.907~1-cbed4]:main():gmm-acc-stats-twofeats.cc:140) Average like for this file is -51.4598 over 982 frames.
LOG (gmm-acc-stats-twofeats[5.5.907~1-cbed4]:main():gmm-acc-stats-twofeats.cc:146) Avg like per frame so far is -51.933
LOG (gmm-acc-stats-twofeats[5.5.907~1-cbed4]:main():gmm-acc-stats-twofeats.cc:140) Average like for this file is -49.2544 over 498 frames.
LOG (gmm-acc-stats-twofeats[5.5.907~1-cbed4]:main():gmm-acc-stats-twofeats.cc:140) Average like for this file is -48.9808 over 773 frames.
LOG (gmm-acc-stats-twofeats[5.5.907~1-cbed4]:main():gmm-acc-stats-twofeats.cc:140) Average like for this file is -50.2297 over 654 frames.
LOG (gmm-acc-stats-twofeats[5.5.907~1-cbed4]:main():gmm-acc-stats-twofeats.cc:140) Average like for this file is -50.4765 over 787 frames.
LOG (gmm-acc-stats-twofeats[5.5.907~1-cbed4]:main():gmm-acc-stats-twofeats.cc:140) Average like for this file is -49.6288 over 852 frames.
LOG (gmm-acc-stats-twofeats[5.5.907~1-cbed4]:main():gmm-acc-stats-twofeats.cc:140) Average like for this file is -50.2661 over 703 frames.
LOG (gmm-acc-stats-twofeats[5.5.907~1-cbed4]:main():gmm-acc-stats-twofeats.cc:140) Average like for this file is -48.0989 over 643 frames.
LOG (gmm-acc-stats-twofeats[5.5.907~1-cbed4]:main():gmm-acc-stats-twofeats.cc:140) Average like for this file is -57.6671 over 738 frames.
LOG (gmm-acc-stats-twofeats[5.5.907~1-cbed4]:main():gmm-acc-stats-twofeats.cc:140) Average like for this file is -48.7152 over 683 frames.
LOG (gmm-acc-stats-twofeats[5.5.907~1-cbed4]:main():gmm-acc-stats-twofeats.cc:140) Average like for this file is -49.9533 over 548 frames.
LOG (gmm-acc-stats-twofeats[5.5.907~1-cbed4]:main():gmm-acc-stats-twofeats.cc:146) Avg like per frame so far is -51.8188
LOG (gmm-acc-stats-twofeats[5.5.907~1-cbed4]:main():gmm-acc-stats-twofeats.cc:140) Average like for this file is -49.6955 over 653 frames.
LOG (gmm-acc-stats-twofeats[5.5.907~1-cbed4]:main():gmm-acc-stats-twofeats.cc:140) Average like for this file is -49.7879 over 562 frames.
LOG (gmm-acc-stats-twofeats[5.5.907~1-cbed4]:main():gmm-acc-stats-twofeats.cc:140) Average like for this file is -49.9549 over 660 frames.
LOG (gmm-acc-stats-twofeats[5.5.907~1-cbed4]:main():gmm-acc-stats-twofeats.cc:140) Average like for this file is -53.1632 over 595 frames.
LOG (gmm-acc-stats-twofeats[5.5.907~1-cbed4]:main():gmm-acc-stats-twofeats.cc:140) Average like for this file is -51.5397 over 677 frames.
LOG (gmm-acc-stats-twofeats[5.5.907~1-cbed4]:main():gmm-acc-stats-twofeats.cc:140) Average like for this file is -52.3138 over 648 frames.
LOG (gmm-acc-stats-twofeats[5.5.907~1-cbed4]:main():gmm-acc-stats-twofeats.cc:140) Average like for this file is -51.7774 over 777 frames.
LOG (gmm-acc-stats-twofeats[5.5.907~1-cbed4]:main():gmm-acc-stats-twofeats.cc:140) Average like for this file is -50.5346 over 673 frames.
LOG (gmm-acc-stats-twofeats[5.5.907~1-cbed4]:main():gmm-acc-stats-twofeats.cc:140) Average like for this file is -51.0649 over 952 frames.
LOG (gmm-acc-stats-twofeats[5.5.907~1-cbed4]:main():gmm-acc-stats-twofeats.cc:140) Average like for this file is -49.4057 over 714 frames.
LOG (gmm-acc-stats-twofeats[5.5.907~1-cbed4]:main():gmm-acc-stats-twofeats.cc:146) Avg like per frame so far is -51.7566
LOG (gmm-acc-stats-twofeats[5.5.907~1-cbed4]:main():gmm-acc-stats-twofeats.cc:140) Average like for this file is -52.5324 over 573 frames.
LOG (gmm-acc-stats-twofeats[5.5.907~1-cbed4]:main():gmm-acc-stats-twofeats.cc:140) Average like for this file is -48.3952 over 617 frames.
LOG (gmm-acc-stats-twofeats[5.5.907~1-cbed4]:main():gmm-acc-stats-twofeats.cc:140) Average like for this file is -47.0285 over 807 frames.
LOG (gmm-acc-stats-twofeats[5.5.907~1-cbed4]:main():gmm-acc-stats-twofeats.cc:140) Average like for this file is -49.4088 over 808 frames.
LOG (gmm-acc-stats-twofeats[5.5.907~1-cbed4]:main():gmm-acc-stats-twofeats.cc:140) Average like for this file is -49.2281 over 774 frames.
LOG (gmm-acc-stats-twofeats[5.5.907~1-cbed4]:main():gmm-acc-stats-twofeats.cc:140) Average like for this file is -50.351 over 788 frames.
LOG (gmm-acc-stats-twofeats[5.5.907~1-cbed4]:main():gmm-acc-stats-twofeats.cc:140) Average like for this file is -48.6347 over 839 frames.
LOG (gmm-acc-stats-twofeats[5.5.907~1-cbed4]:main():gmm-acc-stats-twofeats.cc:140) Average like for this file is -51.2586 over 894 frames.
LOG (gmm-acc-stats-twofeats[5.5.907~1-cbed4]:main():gmm-acc-stats-twofeats.cc:140) Average like for this file is -51.5634 over 618 frames.
LOG (gmm-acc-stats-twofeats[5.5.907~1-cbed4]:main():gmm-acc-stats-twofeats.cc:140) Average like for this file is -52.5422 over 964 frames.
LOG (gmm-acc-stats-twofeats[5.5.907~1-cbed4]:main():gmm-acc-stats-twofeats.cc:146) Avg like per frame so far is -51.6364
LOG (gmm-acc-stats-twofeats[5.5.907~1-cbed4]:main():gmm-acc-stats-twofeats.cc:140) Average like for this file is -50.3111 over 842 frames.
LOG (gmm-acc-stats-twofeats[5.5.907~1-cbed4]:main():gmm-acc-stats-twofeats.cc:140) Average like for this file is -49.2445 over 760 frames.
LOG (gmm-acc-stats-twofeats[5.5.907~1-cbed4]:main():gmm-acc-stats-twofeats.cc:140) Average like for this file is -50.7713 over 639 frames.
LOG (gmm-acc-stats-twofeats[5.5.907~1-cbed4]:main():gmm-acc-stats-twofeats.cc:140) Average like for this file is -50.3411 over 924 frames.
LOG (gmm-acc-stats-twofeats[5.5.907~1-cbed4]:main():gmm-acc-stats-twofeats.cc:140) Average like for this file is -52.7319 over 818 frames.
LOG (gmm-acc-stats-twofeats[5.5.907~1-cbed4]:main():gmm-acc-stats-twofeats.cc:140) Average like for this file is -51.1448 over 770 frames.
LOG (gmm-acc-stats-twofeats[5.5.907~1-cbed4]:main():gmm-acc-stats-twofeats.cc:140) Average like for this file is -50.7162 over 740 frames.
LOG (gmm-acc-stats-twofeats[5.5.907~1-cbed4]:main():gmm-acc-stats-twofeats.cc:140) Average like for this file is -50.967 over 723 frames.
LOG (gmm-acc-stats-twofeats[5.5.907~1-cbed4]:main():gmm-acc-stats-twofeats.cc:140) Average like for this file is -50.1045 over 714 frames.
LOG (gmm-acc-stats-twofeats[5.5.907~1-cbed4]:main():gmm-acc-stats-twofeats.cc:140) Average like for this file is -51.2957 over 582 frames.
LOG (gmm-acc-stats-twofeats[5.5.907~1-cbed4]:main():gmm-acc-stats-twofeats.cc:146) Avg like per frame so far is -51.5785
LOG (gmm-acc-stats-twofeats[5.5.907~1-cbed4]:main():gmm-acc-stats-twofeats.cc:140) Average like for this file is -49.4741 over 720 frames.
LOG (gmm-acc-stats-twofeats[5.5.907~1-cbed4]:main():gmm-acc-stats-twofeats.cc:140) Average like for this file is -47.9657 over 532 frames.
LOG (gmm-acc-stats-twofeats[5.5.907~1-cbed4]:main():gmm-acc-stats-twofeats.cc:140) Average like for this file is -48.3883 over 839 frames.
LOG (gmm-acc-stats-twofeats[5.5.907~1-cbed4]:main():gmm-acc-stats-twofeats.cc:140) Average like for this file is -51.088 over 730 frames.
LOG (gmm-acc-stats-twofeats[5.5.907~1-cbed4]:main():gmm-acc-stats-twofeats.cc:140) Average like for this file is -50.7546 over 920 frames.
LOG (gmm-acc-stats-twofeats[5.5.907~1-cbed4]:main():gmm-acc-stats-twofeats.cc:140) Average like for this file is -51.3855 over 838 frames.
LOG (gmm-acc-stats-twofeats[5.5.907~1-cbed4]:main():gmm-acc-stats-twofeats.cc:140) Average like for this file is -52.8033 over 810 frames.
LOG (gmm-acc-stats-twofeats[5.5.907~1-cbed4]:main():gmm-acc-stats-twofeats.cc:140) Average like for this file is -51.443 over 817 frames.
LOG (gmm-acc-stats-twofeats[5.5.907~1-cbed4]:main():gmm-acc-stats-twofeats.cc:140) Average like for this file is -50.934 over 885 frames.
LOG (gmm-acc-stats-twofeats[5.5.907~1-cbed4]:main():gmm-acc-stats-twofeats.cc:140) Average like for this file is -52.3215 over 865 frames.
LOG (gmm-acc-stats-twofeats[5.5.907~1-cbed4]:main():gmm-acc-stats-twofeats.cc:146) Avg like per frame so far is -51.5258
LOG (gmm-acc-stats-twofeats[5.5.907~1-cbed4]:main():gmm-acc-stats-twofeats.cc:140) Average like for this file is -51.2622 over 770 frames.
LOG (gmm-acc-stats-twofeats[5.5.907~1-cbed4]:main():gmm-acc-stats-twofeats.cc:140) Average like for this file is -50.2611 over 922 frames.
LOG (gmm-acc-stats-twofeats[5.5.907~1-cbed4]:main():gmm-acc-stats-twofeats.cc:140) Average like for this file is -49.8938 over 835 frames.
LOG (gmm-acc-stats-twofeats[5.5.907~1-cbed4]:main():gmm-acc-stats-twofeats.cc:140) Average like for this file is -50.8934 over 800 frames.
LOG (gmm-acc-stats-twofeats[5.5.907~1-cbed4]:main():gmm-acc-stats-twofeats.cc:140) Average like for this file is -48.0064 over 792 frames.
LOG (gmm-acc-stats-twofeats[5.5.907~1-cbed4]:main():gmm-acc-stats-twofeats.cc:140) Average like for this file is -48.5294 over 842 frames.
LOG (gmm-acc-stats-twofeats[5.5.907~1-cbed4]:main():gmm-acc-stats-twofeats.cc:140) Average like for this file is -51.3009 over 937 frames.
LOG (gmm-acc-stats-twofeats[5.5.907~1-cbed4]:main():gmm-acc-stats-twofeats.cc:140) Average like for this file is -52.6244 over 899 frames.
LOG (gmm-acc-stats-twofeats[5.5.907~1-cbed4]:main():gmm-acc-stats-twofeats.cc:140) Average like for this file is -52.2092 over 743 frames.
LOG (gmm-acc-stats-twofeats[5.5.907~1-cbed4]:main():gmm-acc-stats-twofeats.cc:140) Average like for this file is -50.5866 over 835 frames.
LOG (gmm-acc-stats-twofeats[5.5.907~1-cbed4]:main():gmm-acc-stats-twofeats.cc:146) Avg like per frame so far is -51.4642
LOG (gmm-acc-stats-twofeats[5.5.907~1-cbed4]:main():gmm-acc-stats-twofeats.cc:140) Average like for this file is -50.0139 over 778 frames.
LOG (gmm-acc-stats-twofeats[5.5.907~1-cbed4]:main():gmm-acc-stats-twofeats.cc:140) Average like for this file is -52.4277 over 1080 frames.
LOG (gmm-acc-stats-twofeats[5.5.907~1-cbed4]:main():gmm-acc-stats-twofeats.cc:140) Average like for this file is -50.7079 over 718 frames.
LOG (gmm-acc-stats-twofeats[5.5.907~1-cbed4]:main():gmm-acc-stats-twofeats.cc:140) Average like for this file is -50.9298 over 778 frames.
LOG (gmm-acc-stats-twofeats[5.5.907~1-cbed4]:main():gmm-acc-stats-twofeats.cc:140) Average like for this file is -50.7007 over 866 frames.
LOG (gmm-acc-stats-twofeats[5.5.907~1-cbed4]:main():gmm-acc-stats-twofeats.cc:140) Average like for this file is -49.9377 over 894 frames.
LOG (gmm-acc-stats-twofeats[5.5.907~1-cbed4]:main():gmm-acc-stats-twofeats.cc:140) Average like for this file is -50.98 over 755 frames.
LOG (gmm-acc-stats-twofeats[5.5.907~1-cbed4]:main():gmm-acc-stats-twofeats.cc:140) Average like for this file is -53.6301 over 825 frames.
LOG (gmm-acc-stats-twofeats[5.5.907~1-cbed4]:main():gmm-acc-stats-twofeats.cc:140) Average like for this file is -52.3721 over 617 frames.
LOG (gmm-acc-stats-twofeats[5.5.907~1-cbed4]:main():gmm-acc-stats-twofeats.cc:140) Average like for this file is -47.1219 over 1035 frames.
LOG (gmm-acc-stats-twofeats[5.5.907~1-cbed4]:main():gmm-acc-stats-twofeats.cc:146) Avg like per frame so far is -51.424
LOG (gmm-acc-stats-twofeats[5.5.907~1-cbed4]:main():gmm-acc-stats-twofeats.cc:140) Average like for this file is -48.6637 over 703 frames.
LOG (gmm-acc-stats-twofeats[5.5.907~1-cbed4]:main():gmm-acc-stats-twofeats.cc:140) Average like for this file is -50.1131 over 775 frames.
LOG (gmm-acc-stats-twofeats[5.5.907~1-cbed4]:main():gmm-acc-stats-twofeats.cc:140) Average like for this file is -50.8197 over 833 frames.
LOG (gmm-acc-stats-twofeats[5.5.907~1-cbed4]:main():gmm-acc-stats-twofeats.cc:140) Average like for this file is -50.1915 over 1041 frames.
LOG (gmm-acc-stats-twofeats[5.5.907~1-cbed4]:main():gmm-acc-stats-twofeats.cc:140) Average like for this file is -49.6576 over 777 frames.
LOG (gmm-acc-stats-twofeats[5.5.907~1-cbed4]:main():gmm-acc-stats-twofeats.cc:140) Average like for this file is -50.8918 over 846 frames.
LOG (gmm-acc-stats-twofeats[5.5.907~1-cbed4]:main():gmm-acc-stats-twofeats.cc:140) Average like for this file is -48.734 over 868 frames.
LOG (gmm-acc-stats-twofeats[5.5.907~1-cbed4]:main():gmm-acc-stats-twofeats.cc:140) Average like for this file is -49.0193 over 1195 frames.
LOG (gmm-acc-stats-twofeats[5.5.907~1-cbed4]:main():gmm-acc-stats-twofeats.cc:140) Average like for this file is -48.6567 over 908 frames.
LOG (gmm-acc-stats-twofeats[5.5.907~1-cbed4]:main():gmm-acc-stats-twofeats.cc:140) Average like for this file is -48.8176 over 1098 frames.
LOG (gmm-acc-stats-twofeats[5.5.907~1-cbed4]:main():gmm-acc-stats-twofeats.cc:146) Avg like per frame so far is -51.3082
LOG (gmm-acc-stats-twofeats[5.5.907~1-cbed4]:main():gmm-acc-stats-twofeats.cc:140) Average like for this file is -50.1664 over 856 frames.
LOG (gmm-acc-stats-twofeats[5.5.907~1-cbed4]:main():gmm-acc-stats-twofeats.cc:140) Average like for this file is -48.4481 over 950 frames.
LOG (gmm-acc-stats-twofeats[5.5.907~1-cbed4]:main():gmm-acc-stats-twofeats.cc:140) Average like for this file is -50.8367 over 634 frames.
LOG (gmm-acc-stats-twofeats[5.5.907~1-cbed4]:main():gmm-acc-stats-twofeats.cc:140) Average like for this file is -50.0302 over 803 frames.
LOG (gmm-acc-stats-twofeats[5.5.907~1-cbed4]:main():gmm-acc-stats-twofeats.cc:140) Average like for this file is -49.7561 over 1096 frames.
LOG (gmm-acc-stats-twofeats[5.5.907~1-cbed4]:main():gmm-acc-stats-twofeats.cc:140) Average like for this file is -50.1621 over 898 frames.
LOG (gmm-acc-stats-twofeats[5.5.907~1-cbed4]:main():gmm-acc-stats-twofeats.cc:140) Average like for this file is -50.204 over 726 frames.
LOG (gmm-acc-stats-twofeats[5.5.907~1-cbed4]:main():gmm-acc-stats-twofeats.cc:140) Average like for this file is -51.3495 over 700 frames.
LOG (gmm-acc-stats-twofeats[5.5.907~1-cbed4]:main():gmm-acc-stats-twofeats.cc:140) Average like for this file is -49.3398 over 924 frames.
LOG (gmm-acc-stats-twofeats[5.5.907~1-cbed4]:main():gmm-acc-stats-twofeats.cc:140) Average like for this file is -49.8913 over 488 frames.
LOG (gmm-acc-stats-twofeats[5.5.907~1-cbed4]:main():gmm-acc-stats-twofeats.cc:146) Avg like per frame so far is -51.2375
LOG (gmm-acc-stats-twofeats[5.5.907~1-cbed4]:main():gmm-acc-stats-twofeats.cc:140) Average like for this file is -49.0181 over 734 frames.
LOG (gmm-acc-stats-twofeats[5.5.907~1-cbed4]:main():gmm-acc-stats-twofeats.cc:140) Average like for this file is -52.7868 over 635 frames.
LOG (gmm-acc-stats-twofeats[5.5.907~1-cbed4]:main():gmm-acc-stats-twofeats.cc:140) Average like for this file is -50.504 over 714 frames.
LOG (gmm-acc-stats-twofeats[5.5.907~1-cbed4]:main():gmm-acc-stats-twofeats.cc:140) Average like for this file is -50.0143 over 742 frames.
LOG (gmm-acc-stats-twofeats[5.5.907~1-cbed4]:main():gmm-acc-stats-twofeats.cc:140) Average like for this file is -50.6115 over 656 frames.
LOG (gmm-acc-stats-twofeats[5.5.907~1-cbed4]:main():gmm-acc-stats-twofeats.cc:140) Average like for this file is -51.2444 over 952 frames.
LOG (gmm-acc-stats-twofeats[5.5.907~1-cbed4]:main():gmm-acc-stats-twofeats.cc:140) Average like for this file is -51.0833 over 710 frames.
LOG (gmm-acc-stats-twofeats[5.5.907~1-cbed4]:main():gmm-acc-stats-twofeats.cc:140) Average like for this file is -50.9585 over 801 frames.
LOG (gmm-acc-stats-twofeats[5.5.907~1-cbed4]:main():gmm-acc-stats-twofeats.cc:140) Average like for this file is -48.4312 over 946 frames.
LOG (gmm-acc-stats-twofeats[5.5.907~1-cbed4]:main():gmm-acc-stats-twofeats.cc:140) Average like for this file is -51.0173 over 830 frames.
LOG (gmm-acc-stats-twofeats[5.5.907~1-cbed4]:main():gmm-acc-stats-twofeats.cc:146) Avg like per frame so far is -51.203
LOG (gmm-acc-stats-twofeats[5.5.907~1-cbed4]:main():gmm-acc-stats-twofeats.cc:140) Average like for this file is -51.8007 over 974 frames.
LOG (gmm-acc-stats-twofeats[5.5.907~1-cbed4]:main():gmm-acc-stats-twofeats.cc:140) Average like for this file is -50.859 over 535 frames.
LOG (gmm-acc-stats-twofeats[5.5.907~1-cbed4]:main():gmm-acc-stats-twofeats.cc:140) Average like for this file is -50.223 over 747 frames.
LOG (gmm-acc-stats-twofeats[5.5.907~1-cbed4]:main():gmm-acc-stats-twofeats.cc:140) Average like for this file is -49.726 over 859 frames.
LOG (gmm-acc-stats-twofeats[5.5.907~1-cbed4]:main():gmm-acc-stats-twofeats.cc:140) Average like for this file is -48.2832 over 1009 frames.
LOG (gmm-acc-stats-twofeats[5.5.907~1-cbed4]:main():gmm-acc-stats-twofeats.cc:140) Average like for this file is -50.783 over 825 frames.
LOG (gmm-acc-stats-twofeats[5.5.907~1-cbed4]:main():gmm-acc-stats-twofeats.cc:140) Average like for this file is -50.6432 over 998 frames.
LOG (gmm-acc-stats-twofeats[5.5.907~1-cbed4]:main():gmm-acc-stats-twofeats.cc:140) Average like for this file is -50.689 over 812 frames.
LOG (gmm-acc-stats-twofeats[5.5.907~1-cbed4]:main():gmm-acc-stats-twofeats.cc:140) Average like for this file is -51.817 over 690 frames.
LOG (gmm-acc-stats-twofeats[5.5.907~1-cbed4]:main():gmm-acc-stats-twofeats.cc:140) Average like for this file is -51.7285 over 764 frames.
LOG (gmm-acc-stats-twofeats[5.5.907~1-cbed4]:main():gmm-acc-stats-twofeats.cc:146) Avg like per frame so far is -51.1736
LOG (gmm-acc-stats-twofeats[5.5.907~1-cbed4]:main():gmm-acc-stats-twofeats.cc:140) Average like for this file is -52.0481 over 825 frames.
LOG (gmm-acc-stats-twofeats[5.5.907~1-cbed4]:main():gmm-acc-stats-twofeats.cc:140) Average like for this file is -50.9338 over 857 frames.
LOG (gmm-acc-stats-twofeats[5.5.907~1-cbed4]:main():gmm-acc-stats-twofeats.cc:140) Average like for this file is -51.9251 over 881 frames.
LOG (gmm-acc-stats-twofeats[5.5.907~1-cbed4]:main():gmm-acc-stats-twofeats.cc:140) Average like for this file is -55.0292 over 890 frames.
LOG (gmm-acc-stats-twofeats[5.5.907~1-cbed4]:main():gmm-acc-stats-twofeats.cc:140) Average like for this file is -49.2245 over 929 frames.
LOG (gmm-acc-stats-twofeats[5.5.907~1-cbed4]:main():gmm-acc-stats-twofeats.cc:140) Average like for this file is -48.4381 over 929 frames.
LOG (gmm-acc-stats-twofeats[5.5.907~1-cbed4]:main():gmm-acc-stats-twofeats.cc:140) Average like for this file is -52.5071 over 943 frames.
LOG (gmm-acc-stats-twofeats[5.5.907~1-cbed4]:main():gmm-acc-stats-twofeats.cc:140) Average like for this file is -50.8555 over 705 frames.
LOG (gmm-acc-stats-twofeats[5.5.907~1-cbed4]:main():gmm-acc-stats-twofeats.cc:140) Average like for this file is -51.4492 over 851 frames.
LOG (gmm-acc-stats-twofeats[5.5.907~1-cbed4]:main():gmm-acc-stats-twofeats.cc:140) Average like for this file is -49.1752 over 734 frames.
LOG (gmm-acc-stats-twofeats[5.5.907~1-cbed4]:main():gmm-acc-stats-twofeats.cc:146) Avg like per frame so far is -51.174
LOG (gmm-acc-stats-twofeats[5.5.907~1-cbed4]:main():gmm-acc-stats-twofeats.cc:140) Average like for this file is -48.7342 over 575 frames.
LOG (gmm-acc-stats-twofeats[5.5.907~1-cbed4]:main():gmm-acc-stats-twofeats.cc:140) Average like for this file is -51.1496 over 1217 frames.
LOG (gmm-acc-stats-twofeats[5.5.907~1-cbed4]:main():gmm-acc-stats-twofeats.cc:140) Average like for this file is -48.2472 over 930 frames.
LOG (gmm-acc-stats-twofeats[5.5.907~1-cbed4]:main():gmm-acc-stats-twofeats.cc:140) Average like for this file is -51.2175 over 673 frames.
LOG (gmm-acc-stats-twofeats[5.5.907~1-cbed4]:main():gmm-acc-stats-twofeats.cc:140) Average like for this file is -49.1654 over 952 frames.
LOG (gmm-acc-stats-twofeats[5.5.907~1-cbed4]:main():gmm-acc-stats-twofeats.cc:140) Average like for this file is -48.1243 over 816 frames.
LOG (gmm-acc-stats-twofeats[5.5.907~1-cbed4]:main():gmm-acc-stats-twofeats.cc:140) Average like for this file is -48.4504 over 911 frames.
LOG (gmm-acc-stats-twofeats[5.5.907~1-cbed4]:main():gmm-acc-stats-twofeats.cc:140) Average like for this file is -49.7892 over 820 frames.
LOG (gmm-acc-stats-twofeats[5.5.907~1-cbed4]:main():gmm-acc-stats-twofeats.cc:140) Average like for this file is -47.8399 over 608 frames.
LOG (gmm-acc-stats-twofeats[5.5.907~1-cbed4]:main():gmm-acc-stats-twofeats.cc:140) Average like for this file is -46.8016 over 964 frames.
LOG (gmm-acc-stats-twofeats[5.5.907~1-cbed4]:main():gmm-acc-stats-twofeats.cc:146) Avg like per frame so far is -51.0767
LOG (gmm-acc-stats-twofeats[5.5.907~1-cbed4]:main():gmm-acc-stats-twofeats.cc:140) Average like for this file is -47.7467 over 930 frames.
LOG (gmm-acc-stats-twofeats[5.5.907~1-cbed4]:main():gmm-acc-stats-twofeats.cc:140) Average like for this file is -48.1726 over 862 frames.
LOG (gmm-acc-stats-twofeats[5.5.907~1-cbed4]:main():gmm-acc-stats-twofeats.cc:140) Average like for this file is -49.2425 over 747 frames.
LOG (gmm-acc-stats-twofeats[5.5.907~1-cbed4]:main():gmm-acc-stats-twofeats.cc:140) Average like for this file is -50.2582 over 911 frames.
LOG (gmm-acc-stats-twofeats[5.5.907~1-cbed4]:main():gmm-acc-stats-twofeats.cc:140) Average like for this file is -49.6527 over 822 frames.
LOG (gmm-acc-stats-twofeats[5.5.907~1-cbed4]:main():gmm-acc-stats-twofeats.cc:140) Average like for this file is -49.6321 over 686 frames.
LOG (gmm-acc-stats-twofeats[5.5.907~1-cbed4]:main():gmm-acc-stats-twofeats.cc:140) Average like for this file is -49.6458 over 868 frames.
LOG (gmm-acc-stats-twofeats[5.5.907~1-cbed4]:main():gmm-acc-stats-twofeats.cc:140) Average like for this file is -49.5084 over 718 frames.
LOG (gmm-acc-stats-twofeats[5.5.907~1-cbed4]:main():gmm-acc-stats-twofeats.cc:140) Average like for this file is -49.1101 over 869 frames.
LOG (gmm-acc-stats-twofeats[5.5.907~1-cbed4]:main():gmm-acc-stats-twofeats.cc:140) Average like for this file is -46.5541 over 950 frames.
LOG (gmm-acc-stats-twofeats[5.5.907~1-cbed4]:main():gmm-acc-stats-twofeats.cc:146) Avg like per frame so far is -50.9843
LOG (gmm-acc-stats-twofeats[5.5.907~1-cbed4]:main():gmm-acc-stats-twofeats.cc:140) Average like for this file is -47.2472 over 904 frames.
LOG (gmm-acc-stats-twofeats[5.5.907~1-cbed4]:main():gmm-acc-stats-twofeats.cc:140) Average like for this file is -49.7282 over 1005 frames.
LOG (gmm-acc-stats-twofeats[5.5.907~1-cbed4]:main():gmm-acc-stats-twofeats.cc:140) Average like for this file is -49.0222 over 748 frames.
LOG (gmm-acc-stats-twofeats[5.5.907~1-cbed4]:main():gmm-acc-stats-twofeats.cc:140) Average like for this file is -46.6242 over 1267 frames.
LOG (gmm-acc-stats-twofeats[5.5.907~1-cbed4]:main():gmm-acc-stats-twofeats.cc:140) Average like for this file is -47.9069 over 1176 frames.
LOG (gmm-acc-stats-twofeats[5.5.907~1-cbed4]:main():gmm-acc-stats-twofeats.cc:140) Average like for this file is -48.8219 over 1003 frames.
LOG (gmm-acc-stats-twofeats[5.5.907~1-cbed4]:main():gmm-acc-stats-twofeats.cc:140) Average like for this file is -49.7068 over 705 frames.
LOG (gmm-acc-stats-twofeats[5.5.907~1-cbed4]:main():gmm-acc-stats-twofeats.cc:140) Average like for this file is -50.7848 over 796 frames.
LOG (gmm-acc-stats-twofeats[5.5.907~1-cbed4]:main():gmm-acc-stats-twofeats.cc:140) Average like for this file is -49.195 over 908 frames.
LOG (gmm-acc-stats-twofeats[5.5.907~1-cbed4]:main():gmm-acc-stats-twofeats.cc:140) Average like for this file is -49.2998 over 755 frames.
LOG (gmm-acc-stats-twofeats[5.5.907~1-cbed4]:main():gmm-acc-stats-twofeats.cc:146) Avg like per frame so far is -50.8808
LOG (gmm-acc-stats-twofeats[5.5.907~1-cbed4]:main():gmm-acc-stats-twofeats.cc:140) Average like for this file is -46.8763 over 870 frames.
LOG (gmm-acc-stats-twofeats[5.5.907~1-cbed4]:main():gmm-acc-stats-twofeats.cc:140) Average like for this file is -49.8887 over 942 frames.
LOG (gmm-acc-stats-twofeats[5.5.907~1-cbed4]:main():gmm-acc-stats-twofeats.cc:140) Average like for this file is -48.2876 over 814 frames.
LOG (gmm-acc-stats-twofeats[5.5.907~1-cbed4]:main():gmm-acc-stats-twofeats.cc:140) Average like for this file is -47.206 over 861 frames.
LOG (gmm-acc-stats-twofeats[5.5.907~1-cbed4]:main():gmm-acc-stats-twofeats.cc:140) Average like for this file is -50.3188 over 716 frames.
LOG (gmm-acc-stats-twofeats[5.5.907~1-cbed4]:main():gmm-acc-stats-twofeats.cc:140) Average like for this file is -49.1114 over 831 frames.
LOG (gmm-acc-stats-twofeats[5.5.907~1-cbed4]:main():gmm-acc-stats-twofeats.cc:140) Average like for this file is -49.7211 over 961 frames.
LOG (gmm-acc-stats-twofeats[5.5.907~1-cbed4]:main():gmm-acc-stats-twofeats.cc:140) Average like for this file is -50.6184 over 1064 frames.
LOG (gmm-acc-stats-twofeats[5.5.907~1-cbed4]:main():gmm-acc-stats-twofeats.cc:140) Average like for this file is -49.8765 over 751 frames.
LOG (gmm-acc-stats-twofeats[5.5.907~1-cbed4]:main():gmm-acc-stats-twofeats.cc:140) Average like for this file is -48.9519 over 1073 frames.
LOG (gmm-acc-stats-twofeats[5.5.907~1-cbed4]:main():gmm-acc-stats-twofeats.cc:146) Avg like per frame so far is -50.8076
LOG (gmm-acc-stats-twofeats[5.5.907~1-cbed4]:main():gmm-acc-stats-twofeats.cc:140) Average like for this file is -49.874 over 857 frames.
LOG (gmm-acc-stats-twofeats[5.5.907~1-cbed4]:main():gmm-acc-stats-twofeats.cc:140) Average like for this file is -48.6724 over 931 frames.
LOG (gmm-acc-stats-twofeats[5.5.907~1-cbed4]:main():gmm-acc-stats-twofeats.cc:140) Average like for this file is -49.5448 over 969 frames.
LOG (gmm-acc-stats-twofeats[5.5.907~1-cbed4]:main():gmm-acc-stats-twofeats.cc:140) Average like for this file is -50.7844 over 742 frames.
LOG (gmm-acc-stats-twofeats[5.5.907~1-cbed4]:main():gmm-acc-stats-twofeats.cc:140) Average like for this file is -50.9913 over 950 frames.
LOG (gmm-acc-stats-twofeats[5.5.907~1-cbed4]:main():gmm-acc-stats-twofeats.cc:140) Average like for this file is -50.4083 over 799 frames.
LOG (gmm-acc-stats-twofeats[5.5.907~1-cbed4]:main():gmm-acc-stats-twofeats.cc:140) Average like for this file is -51.3773 over 842 frames.
LOG (gmm-acc-stats-twofeats[5.5.907~1-cbed4]:main():gmm-acc-stats-twofeats.cc:140) Average like for this file is -51.2662 over 686 frames.
LOG (gmm-acc-stats-twofeats[5.5.907~1-cbed4]:main():gmm-acc-stats-twofeats.cc:140) Average like for this file is -51.0402 over 721 frames.
LOG (gmm-acc-stats-twofeats[5.5.907~1-cbed4]:main():gmm-acc-stats-twofeats.cc:140) Average like for this file is -48.8105 over 994 frames.
LOG (gmm-acc-stats-twofeats[5.5.907~1-cbed4]:main():gmm-acc-stats-twofeats.cc:146) Avg like per frame so far is -50.7844
LOG (gmm-acc-stats-twofeats[5.5.907~1-cbed4]:main():gmm-acc-stats-twofeats.cc:140) Average like for this file is -51.0011 over 773 frames.
LOG (gmm-acc-stats-twofeats[5.5.907~1-cbed4]:main():gmm-acc-stats-twofeats.cc:140) Average like for this file is -52.7318 over 810 frames.
LOG (gmm-acc-stats-twofeats[5.5.907~1-cbed4]:main():gmm-acc-stats-twofeats.cc:140) Average like for this file is -51.1606 over 764 frames.
LOG (gmm-acc-stats-twofeats[5.5.907~1-cbed4]:main():gmm-acc-stats-twofeats.cc:140) Average like for this file is -51.8443 over 796 frames.
LOG (gmm-acc-stats-twofeats[5.5.907~1-cbed4]:main():gmm-acc-stats-twofeats.cc:140) Average like for this file is -51.1099 over 755 frames.
LOG (gmm-acc-stats-twofeats[5.5.907~1-cbed4]:main():gmm-acc-stats-twofeats.cc:140) Average like for this file is -50.8614 over 805 frames.
LOG (gmm-acc-stats-twofeats[5.5.907~1-cbed4]:main():gmm-acc-stats-twofeats.cc:140) Average like for this file is -51.5349 over 840 frames.
LOG (gmm-acc-stats-twofeats[5.5.907~1-cbed4]:main():gmm-acc-stats-twofeats.cc:140) Average like for this file is -53.0969 over 784 frames.
LOG (gmm-acc-stats-twofeats[5.5.907~1-cbed4]:main():gmm-acc-stats-twofeats.cc:140) Average like for this file is -52.4191 over 892 frames.
LOG (gmm-acc-stats-twofeats[5.5.907~1-cbed4]:main():gmm-acc-stats-twofeats.cc:140) Average like for this file is -51.0646 over 1063 frames.
LOG (gmm-acc-stats-twofeats[5.5.907~1-cbed4]:main():gmm-acc-stats-twofeats.cc:146) Avg like per frame so far is -50.8162
LOG (gmm-acc-stats-twofeats[5.5.907~1-cbed4]:main():gmm-acc-stats-twofeats.cc:140) Average like for this file is -50.3851 over 747 frames.
LOG (gmm-acc-stats-twofeats[5.5.907~1-cbed4]:main():gmm-acc-stats-twofeats.cc:140) Average like for this file is -50.9454 over 752 frames.
LOG (gmm-acc-stats-twofeats[5.5.907~1-cbed4]:main():gmm-acc-stats-twofeats.cc:140) Average like for this file is -49.5535 over 729 frames.
LOG (gmm-acc-stats-twofeats[5.5.907~1-cbed4]:main():gmm-acc-stats-twofeats.cc:140) Average like for this file is -53.9374 over 1050 frames.
LOG (gmm-acc-stats-twofeats[5.5.907~1-cbed4]:main():gmm-acc-stats-twofeats.cc:140) Average like for this file is -53.3873 over 1195 frames.
LOG (gmm-acc-stats-twofeats[5.5.907~1-cbed4]:main():gmm-acc-stats-twofeats.cc:140) Average like for this file is -50.3736 over 804 frames.
LOG (gmm-acc-stats-twofeats[5.5.907~1-cbed4]:main():gmm-acc-stats-twofeats.cc:140) Average like for this file is -48.6861 over 1098 frames.
LOG (gmm-acc-stats-twofeats[5.5.907~1-cbed4]:main():gmm-acc-stats-twofeats.cc:140) Average like for this file is -51.3407 over 931 frames.
LOG (gmm-acc-stats-twofeats[5.5.907~1-cbed4]:main():gmm-acc-stats-twofeats.cc:140) Average like for this file is -48.8274 over 792 frames.
LOG (gmm-acc-stats-twofeats[5.5.907~1-cbed4]:main():gmm-acc-stats-twofeats.cc:140) Average like for this file is -49.0697 over 738 frames.
LOG (gmm-acc-stats-twofeats[5.5.907~1-cbed4]:main():gmm-acc-stats-twofeats.cc:146) Avg like per frame so far is -50.8167
LOG (gmm-acc-stats-twofeats[5.5.907~1-cbed4]:main():gmm-acc-stats-twofeats.cc:140) Average like for this file is -49.8759 over 848 frames.
LOG (gmm-acc-stats-twofeats[5.5.907~1-cbed4]:main():gmm-acc-stats-twofeats.cc:140) Average like for this file is -49.7592 over 812 frames.
LOG (gmm-acc-stats-twofeats[5.5.907~1-cbed4]:main():gmm-acc-stats-twofeats.cc:140) Average like for this file is -51.186 over 781 frames.
LOG (gmm-acc-stats-twofeats[5.5.907~1-cbed4]:main():gmm-acc-stats-twofeats.cc:140) Average like for this file is -49.8479 over 816 frames.
LOG (gmm-acc-stats-twofeats[5.5.907~1-cbed4]:main():gmm-acc-stats-twofeats.cc:140) Average like for this file is -49.7557 over 721 frames.
LOG (gmm-acc-stats-twofeats[5.5.907~1-cbed4]:main():gmm-acc-stats-twofeats.cc:140) Average like for this file is -49.9875 over 846 frames.
LOG (gmm-acc-stats-twofeats[5.5.907~1-cbed4]:main():gmm-acc-stats-twofeats.cc:140) Average like for this file is -49.2077 over 1061 frames.
LOG (gmm-acc-stats-twofeats[5.5.907~1-cbed4]:main():gmm-acc-stats-twofeats.cc:140) Average like for this file is -50.5001 over 790 frames.
LOG (gmm-acc-stats-twofeats[5.5.907~1-cbed4]:main():gmm-acc-stats-twofeats.cc:140) Average like for this file is -47.9909 over 846 frames.
LOG (gmm-acc-stats-twofeats[5.5.907~1-cbed4]:main():gmm-acc-stats-twofeats.cc:140) Average like for this file is -49.6727 over 860 frames.
LOG (gmm-acc-stats-twofeats[5.5.907~1-cbed4]:main():gmm-acc-stats-twofeats.cc:146) Avg like per frame so far is -50.7808
LOG (gmm-acc-stats-twofeats[5.5.907~1-cbed4]:main():gmm-acc-stats-twofeats.cc:140) Average like for this file is -50.7994 over 735 frames.
LOG (gmm-acc-stats-twofeats[5.5.907~1-cbed4]:main():gmm-acc-stats-twofeats.cc:140) Average like for this file is -49.8562 over 729 frames.
LOG (gmm-acc-stats-twofeats[5.5.907~1-cbed4]:main():gmm-acc-stats-twofeats.cc:140) Average like for this file is -50.8655 over 912 frames.
LOG (gmm-acc-stats-twofeats[5.5.907~1-cbed4]:main():gmm-acc-stats-twofeats.cc:140) Average like for this file is -52.9142 over 730 frames.
LOG (gmm-acc-stats-twofeats[5.5.907~1-cbed4]:main():gmm-acc-stats-twofeats.cc:140) Average like for this file is -49.7892 over 678 frames.
LOG (gmm-acc-stats-twofeats[5.5.907~1-cbed4]:main():gmm-acc-stats-twofeats.cc:140) Average like for this file is -51.3478 over 942 frames.
LOG (gmm-acc-stats-twofeats[5.5.907~1-cbed4]:main():gmm-acc-stats-twofeats.cc:140) Average like for this file is -53.7718 over 695 frames.
LOG (gmm-acc-stats-twofeats[5.5.907~1-cbed4]:main():gmm-acc-stats-twofeats.cc:140) Average like for this file is -50.8077 over 747 frames.
LOG (gmm-acc-stats-twofeats[5.5.907~1-cbed4]:main():gmm-acc-stats-twofeats.cc:140) Average like for this file is -52.3309 over 950 frames.
LOG (gmm-acc-stats-twofeats[5.5.907~1-cbed4]:main():gmm-acc-stats-twofeats.cc:140) Average like for this file is -52.678 over 1368 frames.
LOG (gmm-acc-stats-twofeats[5.5.907~1-cbed4]:main():gmm-acc-stats-twofeats.cc:146) Avg like per frame so far is -50.808
LOG (gmm-acc-stats-twofeats[5.5.907~1-cbed4]:main():gmm-acc-stats-twofeats.cc:140) Average like for this file is -53.2652 over 1091 frames.
LOG (gmm-acc-stats-twofeats[5.5.907~1-cbed4]:main():gmm-acc-stats-twofeats.cc:140) Average like for this file is -51.5263 over 1102 frames.
LOG (gmm-acc-stats-twofeats[5.5.907~1-cbed4]:main():gmm-acc-stats-twofeats.cc:140) Average like for this file is -59.3942 over 1093 frames.
LOG (gmm-acc-stats-twofeats[5.5.907~1-cbed4]:main():gmm-acc-stats-twofeats.cc:140) Average like for this file is -54.8138 over 1093 frames.
LOG (gmm-acc-stats-twofeats[5.5.907~1-cbed4]:main():gmm-acc-stats-twofeats.cc:140) Average like for this file is -53.7178 over 830 frames.
LOG (gmm-acc-stats-twofeats[5.5.907~1-cbed4]:main():gmm-acc-stats-twofeats.cc:140) Average like for this file is -56.67 over 751 frames.
LOG (gmm-acc-stats-twofeats[5.5.907~1-cbed4]:main():gmm-acc-stats-twofeats.cc:140) Average like for this file is -56.6123 over 931 frames.
LOG (gmm-acc-stats-twofeats[5.5.907~1-cbed4]:main():gmm-acc-stats-twofeats.cc:140) Average like for this file is -51.7849 over 1182 frames.
LOG (gmm-acc-stats-twofeats[5.5.907~1-cbed4]:main():gmm-acc-stats-twofeats.cc:140) Average like for this file is -52.2915 over 716 frames.
LOG (gmm-acc-stats-twofeats[5.5.907~1-cbed4]:main():gmm-acc-stats-twofeats.cc:140) Average like for this file is -55.6153 over 738 frames.
LOG (gmm-acc-stats-twofeats[5.5.907~1-cbed4]:main():gmm-acc-stats-twofeats.cc:146) Avg like per frame so far is -50.9396
LOG (gmm-acc-stats-twofeats[5.5.907~1-cbed4]:main():gmm-acc-stats-twofeats.cc:140) Average like for this file is -53.4168 over 773 frames.
LOG (gmm-acc-stats-twofeats[5.5.907~1-cbed4]:main():gmm-acc-stats-twofeats.cc:140) Average like for this file is -51.2026 over 1171 frames.
LOG (gmm-acc-stats-twofeats[5.5.907~1-cbed4]:main():gmm-acc-stats-twofeats.cc:140) Average like for this file is -51.5626 over 718 frames.
LOG (gmm-acc-stats-twofeats[5.5.907~1-cbed4]:main():gmm-acc-stats-twofeats.cc:140) Average like for this file is -55.8713 over 1427 frames.
LOG (gmm-acc-stats-twofeats[5.5.907~1-cbed4]:main():gmm-acc-stats-twofeats.cc:140) Average like for this file is -51.6907 over 798 frames.
LOG (gmm-acc-stats-twofeats[5.5.907~1-cbed4]:main():gmm-acc-stats-twofeats.cc:140) Average like for this file is -51.8376 over 557 frames.
LOG (gmm-acc-stats-twofeats[5.5.907~1-cbed4]:main():gmm-acc-stats-twofeats.cc:140) Average like for this file is -50.6052 over 375 frames.
LOG (gmm-acc-stats-twofeats[5.5.907~1-cbed4]:main():gmm-acc-stats-twofeats.cc:140) Average like for this file is -52.7989 over 562 frames.
LOG (gmm-acc-stats-twofeats[5.5.907~1-cbed4]:main():gmm-acc-stats-twofeats.cc:140) Average like for this file is -53.3477 over 775 frames.
LOG (gmm-acc-stats-twofeats[5.5.907~1-cbed4]:main():gmm-acc-stats-twofeats.cc:140) Average like for this file is -51.3358 over 544 frames.
LOG (gmm-acc-stats-twofeats[5.5.907~1-cbed4]:main():gmm-acc-stats-twofeats.cc:146) Avg like per frame so far is -50.9898
LOG (gmm-acc-stats-twofeats[5.5.907~1-cbed4]:main():gmm-acc-stats-twofeats.cc:140) Average like for this file is -56.769 over 406 frames.
LOG (gmm-acc-stats-twofeats[5.5.907~1-cbed4]:main():gmm-acc-stats-twofeats.cc:140) Average like for this file is -52.2119 over 449 frames.
LOG (gmm-acc-stats-twofeats[5.5.907~1-cbed4]:main():gmm-acc-stats-twofeats.cc:140) Average like for this file is -51.5355 over 513 frames.
LOG (gmm-acc-stats-twofeats[5.5.907~1-cbed4]:main():gmm-acc-stats-twofeats.cc:140) Average like for this file is -54.787 over 541 frames.
LOG (gmm-acc-stats-twofeats[5.5.907~1-cbed4]:main():gmm-acc-stats-twofeats.cc:140) Average like for this file is -50.7541 over 413 frames.
LOG (gmm-acc-stats-twofeats[5.5.907~1-cbed4]:main():gmm-acc-stats-twofeats.cc:140) Average like for this file is -57.0508 over 482 frames.
LOG (gmm-acc-stats-twofeats[5.5.907~1-cbed4]:main():gmm-acc-stats-twofeats.cc:140) Average like for this file is -56.7994 over 383 frames.
LOG (gmm-acc-stats-twofeats[5.5.907~1-cbed4]:main():gmm-acc-stats-twofeats.cc:140) Average like for this file is -55.0053 over 661 frames.
LOG (gmm-acc-stats-twofeats[5.5.907~1-cbed4]:main():gmm-acc-stats-twofeats.cc:140) Average like for this file is -56.7457 over 491 frames.
LOG (gmm-acc-stats-twofeats[5.5.907~1-cbed4]:main():gmm-acc-stats-twofeats.cc:140) Average like for this file is -56.3192 over 584 frames.
LOG (gmm-acc-stats-twofeats[5.5.907~1-cbed4]:main():gmm-acc-stats-twofeats.cc:146) Avg like per frame so far is -51.0571
LOG (gmm-acc-stats-twofeats[5.5.907~1-cbed4]:main():gmm-acc-stats-twofeats.cc:140) Average like for this file is -54.2127 over 456 frames.
LOG (gmm-acc-stats-twofeats[5.5.907~1-cbed4]:main():gmm-acc-stats-twofeats.cc:140) Average like for this file is -56.266 over 495 frames.
LOG (gmm-acc-stats-twofeats[5.5.907~1-cbed4]:main():gmm-acc-stats-twofeats.cc:140) Average like for this file is -55.9545 over 571 frames.
LOG (gmm-acc-stats-twofeats[5.5.907~1-cbed4]:main():gmm-acc-stats-twofeats.cc:140) Average like for this file is -57.7887 over 549 frames.
LOG (gmm-acc-stats-twofeats[5.5.907~1-cbed4]:main():gmm-acc-stats-twofeats.cc:140) Average like for this file is -57.6237 over 692 frames.
LOG (gmm-acc-stats-twofeats[5.5.907~1-cbed4]:main():gmm-acc-stats-twofeats.cc:140) Average like for this file is -56.2213 over 515 frames.
LOG (gmm-acc-stats-twofeats[5.5.907~1-cbed4]:main():gmm-acc-stats-twofeats.cc:140) Average like for this file is -59.7852 over 549 frames.
LOG (gmm-acc-stats-twofeats[5.5.907~1-cbed4]:main():gmm-acc-stats-twofeats.cc:140) Average like for this file is -56.5682 over 452 frames.
LOG (gmm-acc-stats-twofeats[5.5.907~1-cbed4]:main():gmm-acc-stats-twofeats.cc:140) Average like for this file is -56.5298 over 734 frames.
LOG (gmm-acc-stats-twofeats[5.5.907~1-cbed4]:main():gmm-acc-stats-twofeats.cc:140) Average like for this file is -57.2045 over 592 frames.
LOG (gmm-acc-stats-twofeats[5.5.907~1-cbed4]:main():gmm-acc-stats-twofeats.cc:146) Avg like per frame so far is -51.1714
LOG (gmm-acc-stats-twofeats[5.5.907~1-cbed4]:main():gmm-acc-stats-twofeats.cc:140) Average like for this file is -56.7721 over 561 frames.
LOG (gmm-acc-stats-twofeats[5.5.907~1-cbed4]:main():gmm-acc-stats-twofeats.cc:140) Average like for this file is -59.9083 over 501 frames.
LOG (gmm-acc-stats-twofeats[5.5.907~1-cbed4]:main():gmm-acc-stats-twofeats.cc:140) Average like for this file is -55.2941 over 772 frames.
LOG (gmm-acc-stats-twofeats[5.5.907~1-cbed4]:main():gmm-acc-stats-twofeats.cc:140) Average like for this file is -58.5134 over 664 frames.
LOG (gmm-acc-stats-twofeats[5.5.907~1-cbed4]:main():gmm-acc-stats-twofeats.cc:140) Average like for this file is -59.2398 over 634 frames.
LOG (gmm-acc-stats-twofeats[5.5.907~1-cbed4]:main():gmm-acc-stats-twofeats.cc:140) Average like for this file is -59.38 over 687 frames.
LOG (gmm-acc-stats-twofeats[5.5.907~1-cbed4]:main():gmm-acc-stats-twofeats.cc:140) Average like for this file is -60.7422 over 983 frames.
LOG (gmm-acc-stats-twofeats[5.5.907~1-cbed4]:main():gmm-acc-stats-twofeats.cc:140) Average like for this file is -56.4576 over 1301 frames.
LOG (gmm-acc-stats-twofeats[5.5.907~1-cbed4]:main():gmm-acc-stats-twofeats.cc:140) Average like for this file is -59.4941 over 881 frames.
LOG (gmm-acc-stats-twofeats[5.5.907~1-cbed4]:main():gmm-acc-stats-twofeats.cc:140) Average like for this file is -57.2885 over 1394 frames.
LOG (gmm-acc-stats-twofeats[5.5.907~1-cbed4]:main():gmm-acc-stats-twofeats.cc:146) Avg like per frame so far is -51.3702
LOG (gmm-acc-stats-twofeats[5.5.907~1-cbed4]:main():gmm-acc-stats-twofeats.cc:140) Average like for this file is -57.1764 over 435 frames.
LOG (gmm-acc-stats-twofeats[5.5.907~1-cbed4]:main():gmm-acc-stats-twofeats.cc:140) Average like for this file is -55.746 over 764 frames.
LOG (gmm-acc-stats-twofeats[5.5.907~1-cbed4]:main():gmm-acc-stats-twofeats.cc:140) Average like for this file is -56.341 over 561 frames.
LOG (gmm-acc-stats-twofeats[5.5.907~1-cbed4]:main():gmm-acc-stats-twofeats.cc:140) Average like for this file is -55.3058 over 800 frames.
LOG (gmm-acc-stats-twofeats[5.5.907~1-cbed4]:main():gmm-acc-stats-twofeats.cc:140) Average like for this file is -54.7983 over 963 frames.
LOG (gmm-acc-stats-twofeats[5.5.907~1-cbed4]:main():gmm-acc-stats-twofeats.cc:140) Average like for this file is -55.0224 over 777 frames.
LOG (gmm-acc-stats-twofeats[5.5.907~1-cbed4]:main():gmm-acc-stats-twofeats.cc:140) Average like for this file is -56.7078 over 469 frames.
LOG (gmm-acc-stats-twofeats[5.5.907~1-cbed4]:main():gmm-acc-stats-twofeats.cc:140) Average like for this file is -54.5125 over 472 frames.
LOG (gmm-acc-stats-twofeats[5.5.907~1-cbed4]:main():gmm-acc-stats-twofeats.cc:140) Average like for this file is -54.1338 over 708 frames.
LOG (gmm-acc-stats-twofeats[5.5.907~1-cbed4]:main():gmm-acc-stats-twofeats.cc:140) Average like for this file is -49.08 over 608 frames.
LOG (gmm-acc-stats-twofeats[5.5.907~1-cbed4]:main():gmm-acc-stats-twofeats.cc:146) Avg like per frame so far is -51.445
LOG (gmm-acc-stats-twofeats[5.5.907~1-cbed4]:main():gmm-acc-stats-twofeats.cc:140) Average like for this file is -50.7753 over 491 frames.
LOG (gmm-acc-stats-twofeats[5.5.907~1-cbed4]:main():gmm-acc-stats-twofeats.cc:140) Average like for this file is -50.8997 over 366 frames.
LOG (gmm-acc-stats-twofeats[5.5.907~1-cbed4]:main():gmm-acc-stats-twofeats.cc:140) Average like for this file is -50.5892 over 478 frames.
LOG (gmm-acc-stats-twofeats[5.5.907~1-cbed4]:main():gmm-acc-stats-twofeats.cc:140) Average like for this file is -50.8253 over 613 frames.
LOG (gmm-acc-stats-twofeats[5.5.907~1-cbed4]:main():gmm-acc-stats-twofeats.cc:140) Average like for this file is -51.9052 over 460 frames.
LOG (gmm-acc-stats-twofeats[5.5.907~1-cbed4]:main():gmm-acc-stats-twofeats.cc:140) Average like for this file is -50.5056 over 725 frames.
LOG (gmm-acc-stats-twofeats[5.5.907~1-cbed4]:main():gmm-acc-stats-twofeats.cc:140) Average like for this file is -52.0735 over 556 frames.
LOG (gmm-acc-stats-twofeats[5.5.907~1-cbed4]:main():gmm-acc-stats-twofeats.cc:140) Average like for this file is -49.6434 over 709 frames.
LOG (gmm-acc-stats-twofeats[5.5.907~1-cbed4]:main():gmm-acc-stats-twofeats.cc:140) Average like for this file is -49.2701 over 843 frames.
LOG (gmm-acc-stats-twofeats[5.5.907~1-cbed4]:main():gmm-acc-stats-twofeats.cc:140) Average like for this file is -49.8142 over 938 frames.
LOG (gmm-acc-stats-twofeats[5.5.907~1-cbed4]:main():gmm-acc-stats-twofeats.cc:146) Avg like per frame so far is -51.4252
LOG (gmm-acc-stats-twofeats[5.5.907~1-cbed4]:main():gmm-acc-stats-twofeats.cc:140) Average like for this file is -50.2075 over 591 frames.
LOG (gmm-acc-stats-twofeats[5.5.907~1-cbed4]:main():gmm-acc-stats-twofeats.cc:140) Average like for this file is -49.8493 over 729 frames.
LOG (gmm-acc-stats-twofeats[5.5.907~1-cbed4]:main():gmm-acc-stats-twofeats.cc:140) Average like for this file is -50.407 over 779 frames.
LOG (gmm-acc-stats-twofeats[5.5.907~1-cbed4]:main():gmm-acc-stats-twofeats.cc:140) Average like for this file is -49.5338 over 827 frames.
LOG (gmm-acc-stats-twofeats[5.5.907~1-cbed4]:main():gmm-acc-stats-twofeats.cc:140) Average like for this file is -49.6926 over 865 frames.
LOG (gmm-acc-stats-twofeats[5.5.907~1-cbed4]:main():gmm-acc-stats-twofeats.cc:140) Average like for this file is -50.3042 over 772 frames.
LOG (gmm-acc-stats-twofeats[5.5.907~1-cbed4]:main():gmm-acc-stats-twofeats.cc:140) Average like for this file is -51.0137 over 545 frames.
LOG (gmm-acc-stats-twofeats[5.5.907~1-cbed4]:main():gmm-acc-stats-twofeats.cc:140) Average like for this file is -53.2778 over 561 frames.
LOG (gmm-acc-stats-twofeats[5.5.907~1-cbed4]:main():gmm-acc-stats-twofeats.cc:140) Average like for this file is -59.0805 over 470 frames.
LOG (gmm-acc-stats-twofeats[5.5.907~1-cbed4]:main():gmm-acc-stats-twofeats.cc:140) Average like for this file is -49.8649 over 582 frames.
LOG (gmm-acc-stats-twofeats[5.5.907~1-cbed4]:main():gmm-acc-stats-twofeats.cc:146) Avg like per frame so far is -51.4154
LOG (gmm-acc-stats-twofeats[5.5.907~1-cbed4]:main():gmm-acc-stats-twofeats.cc:140) Average like for this file is -59.9382 over 532 frames.
LOG (gmm-acc-stats-twofeats[5.5.907~1-cbed4]:main():gmm-acc-stats-twofeats.cc:140) Average like for this file is -50.5786 over 838 frames.
LOG (gmm-acc-stats-twofeats[5.5.907~1-cbed4]:main():gmm-acc-stats-twofeats.cc:140) Average like for this file is -50.6594 over 576 frames.
LOG (gmm-acc-stats-twofeats[5.5.907~1-cbed4]:main():gmm-acc-stats-twofeats.cc:140) Average like for this file is -52.8234 over 928 frames.
LOG (gmm-acc-stats-twofeats[5.5.907~1-cbed4]:main():gmm-acc-stats-twofeats.cc:140) Average like for this file is -52.7587 over 865 frames.
LOG (gmm-acc-stats-twofeats[5.5.907~1-cbed4]:main():gmm-acc-stats-twofeats.cc:140) Average like for this file is -52.816 over 903 frames.
LOG (gmm-acc-stats-twofeats[5.5.907~1-cbed4]:main():gmm-acc-stats-twofeats.cc:140) Average like for this file is -51.8789 over 743 frames.
LOG (gmm-acc-stats-twofeats[5.5.907~1-cbed4]:main():gmm-acc-stats-twofeats.cc:140) Average like for this file is -53.6481 over 539 frames.
LOG (gmm-acc-stats-twofeats[5.5.907~1-cbed4]:main():gmm-acc-stats-twofeats.cc:140) Average like for this file is -51.831 over 1302 frames.
LOG (gmm-acc-stats-twofeats[5.5.907~1-cbed4]:main():gmm-acc-stats-twofeats.cc:140) Average like for this file is -51.88 over 734 frames.
LOG (gmm-acc-stats-twofeats[5.5.907~1-cbed4]:main():gmm-acc-stats-twofeats.cc:146) Avg like per frame so far is -51.4451
LOG (gmm-acc-stats-twofeats[5.5.907~1-cbed4]:main():gmm-acc-stats-twofeats.cc:140) Average like for this file is -51.3161 over 651 frames.
LOG (gmm-acc-stats-twofeats[5.5.907~1-cbed4]:main():gmm-acc-stats-twofeats.cc:140) Average like for this file is -50.3808 over 955 frames.
LOG (gmm-acc-stats-twofeats[5.5.907~1-cbed4]:main():gmm-acc-stats-twofeats.cc:140) Average like for this file is -50.5521 over 774 frames.
LOG (gmm-acc-stats-twofeats[5.5.907~1-cbed4]:main():gmm-acc-stats-twofeats.cc:140) Average like for this file is -50.8203 over 1030 frames.
LOG (gmm-acc-stats-twofeats[5.5.907~1-cbed4]:main():gmm-acc-stats-twofeats.cc:140) Average like for this file is -51.5286 over 941 frames.
LOG (gmm-acc-stats-twofeats[5.5.907~1-cbed4]:main():gmm-acc-stats-twofeats.cc:140) Average like for this file is -50.6161 over 981 frames.
LOG (gmm-acc-stats-twofeats[5.5.907~1-cbed4]:main():gmm-acc-stats-twofeats.cc:140) Average like for this file is -53.1802 over 556 frames.
LOG (gmm-acc-stats-twofeats[5.5.907~1-cbed4]:main():gmm-acc-stats-twofeats.cc:140) Average like for this file is -51.5152 over 820 frames.
LOG (gmm-acc-stats-twofeats[5.5.907~1-cbed4]:main():gmm-acc-stats-twofeats.cc:140) Average like for this file is -52.9558 over 844 frames.
LOG (gmm-acc-stats-twofeats[5.5.907~1-cbed4]:main():gmm-acc-stats-twofeats.cc:140) Average like for this file is -50.7742 over 517 frames.
LOG (gmm-acc-stats-twofeats[5.5.907~1-cbed4]:main():gmm-acc-stats-twofeats.cc:146) Avg like per frame so far is -51.4414
LOG (gmm-acc-stats-twofeats[5.5.907~1-cbed4]:main():gmm-acc-stats-twofeats.cc:140) Average like for this file is -49.9946 over 960 frames.
LOG (gmm-acc-stats-twofeats[5.5.907~1-cbed4]:main():gmm-acc-stats-twofeats.cc:140) Average like for this file is -54.4763 over 751 frames.
LOG (gmm-acc-stats-twofeats[5.5.907~1-cbed4]:main():gmm-acc-stats-twofeats.cc:140) Average like for this file is -50.1184 over 1084 frames.
LOG (gmm-acc-stats-twofeats[5.5.907~1-cbed4]:main():gmm-acc-stats-twofeats.cc:140) Average like for this file is -50.7423 over 735 frames.
LOG (gmm-acc-stats-twofeats[5.5.907~1-cbed4]:main():gmm-acc-stats-twofeats.cc:140) Average like for this file is -52.0269 over 929 frames.
LOG (gmm-acc-stats-twofeats[5.5.907~1-cbed4]:main():gmm-acc-stats-twofeats.cc:140) Average like for this file is -51.2899 over 904 frames.
LOG (gmm-acc-stats-twofeats[5.5.907~1-cbed4]:main():gmm-acc-stats-twofeats.cc:140) Average like for this file is -51.1168 over 1337 frames.
LOG (gmm-acc-stats-twofeats[5.5.907~1-cbed4]:main():gmm-acc-stats-twofeats.cc:140) Average like for this file is -53.5725 over 814 frames.
LOG (gmm-acc-stats-twofeats[5.5.907~1-cbed4]:main():gmm-acc-stats-twofeats.cc:140) Average like for this file is -52.413 over 725 frames.
LOG (gmm-acc-stats-twofeats[5.5.907~1-cbed4]:main():gmm-acc-stats-twofeats.cc:140) Average like for this file is -64.117 over 669 frames.
LOG (gmm-acc-stats-twofeats[5.5.907~1-cbed4]:main():gmm-acc-stats-twofeats.cc:146) Avg like per frame so far is -51.4704
LOG (gmm-acc-stats-twofeats[5.5.907~1-cbed4]:main():gmm-acc-stats-twofeats.cc:140) Average like for this file is -69.4658 over 722 frames.
LOG (gmm-acc-stats-twofeats[5.5.907~1-cbed4]:main():gmm-acc-stats-twofeats.cc:140) Average like for this file is -67.8061 over 669 frames.
LOG (gmm-acc-stats-twofeats[5.5.907~1-cbed4]:main():gmm-acc-stats-twofeats.cc:140) Average like for this file is -71.3133 over 638 frames.
LOG (gmm-acc-stats-twofeats[5.5.907~1-cbed4]:main():gmm-acc-stats-twofeats.cc:140) Average like for this file is -68.6994 over 656 frames.
LOG (gmm-acc-stats-twofeats[5.5.907~1-cbed4]:main():gmm-acc-stats-twofeats.cc:140) Average like for this file is -68.9221 over 558 frames.
LOG (gmm-acc-stats-twofeats[5.5.907~1-cbed4]:main():gmm-acc-stats-twofeats.cc:140) Average like for this file is -66.3651 over 574 frames.
LOG (gmm-acc-stats-twofeats[5.5.907~1-cbed4]:main():gmm-acc-stats-twofeats.cc:140) Average like for this file is -69.3644 over 462 frames.
LOG (gmm-acc-stats-twofeats[5.5.907~1-cbed4]:main():gmm-acc-stats-twofeats.cc:140) Average like for this file is -67.4618 over 596 frames.
LOG (gmm-acc-stats-twofeats[5.5.907~1-cbed4]:main():gmm-acc-stats-twofeats.cc:140) Average like for this file is -64.0605 over 569 frames.
LOG (gmm-acc-stats-twofeats[5.5.907~1-cbed4]:main():gmm-acc-stats-twofeats.cc:140) Average like for this file is -69.2554 over 576 frames.
LOG (gmm-acc-stats-twofeats[5.5.907~1-cbed4]:main():gmm-acc-stats-twofeats.cc:146) Avg like per frame so far is -51.7647
LOG (gmm-acc-stats-twofeats[5.5.907~1-cbed4]:main():gmm-acc-stats-twofeats.cc:140) Average like for this file is -67.4054 over 580 frames.
LOG (gmm-acc-stats-twofeats[5.5.907~1-cbed4]:main():gmm-acc-stats-twofeats.cc:140) Average like for this file is -72.2699 over 582 frames.
LOG (gmm-acc-stats-twofeats[5.5.907~1-cbed4]:main():gmm-acc-stats-twofeats.cc:140) Average like for this file is -68.8919 over 601 frames.
LOG (gmm-acc-stats-twofeats[5.5.907~1-cbed4]:main():gmm-acc-stats-twofeats.cc:140) Average like for this file is -68.91 over 836 frames.
LOG (gmm-acc-stats-twofeats[5.5.907~1-cbed4]:main():gmm-acc-stats-twofeats.cc:140) Average like for this file is -51.7675 over 710 frames.
LOG (gmm-acc-stats-twofeats[5.5.907~1-cbed4]:main():gmm-acc-stats-twofeats.cc:140) Average like for this file is -52.2955 over 749 frames.
LOG (gmm-acc-stats-twofeats[5.5.907~1-cbed4]:main():gmm-acc-stats-twofeats.cc:140) Average like for this file is -51.1141 over 593 frames.
LOG (gmm-acc-stats-twofeats[5.5.907~1-cbed4]:main():gmm-acc-stats-twofeats.cc:140) Average like for this file is -51.6436 over 582 frames.
LOG (gmm-acc-stats-twofeats[5.5.907~1-cbed4]:main():gmm-acc-stats-twofeats.cc:140) Average like for this file is -52.4952 over 500 frames.
LOG (gmm-acc-stats-twofeats[5.5.907~1-cbed4]:main():gmm-acc-stats-twofeats.cc:140) Average like for this file is -51.1617 over 608 frames.
LOG (gmm-acc-stats-twofeats[5.5.907~1-cbed4]:main():gmm-acc-stats-twofeats.cc:146) Avg like per frame so far is -51.8945
LOG (gmm-acc-stats-twofeats[5.5.907~1-cbed4]:main():gmm-acc-stats-twofeats.cc:140) Average like for this file is -53.4606 over 392 frames.
LOG (gmm-acc-stats-twofeats[5.5.907~1-cbed4]:main():gmm-acc-stats-twofeats.cc:140) Average like for this file is -50.6647 over 610 frames.
LOG (gmm-acc-stats-twofeats[5.5.907~1-cbed4]:main():gmm-acc-stats-twofeats.cc:140) Average like for this file is -53.1856 over 677 frames.
LOG (gmm-acc-stats-twofeats[5.5.907~1-cbed4]:main():gmm-acc-stats-twofeats.cc:140) Average like for this file is -54.2355 over 539 frames.
LOG (gmm-acc-stats-twofeats[5.5.907~1-cbed4]:main():gmm-acc-stats-twofeats.cc:140) Average like for this file is -54.8126 over 605 frames.
LOG (gmm-acc-stats-twofeats[5.5.907~1-cbed4]:main():gmm-acc-stats-twofeats.cc:140) Average like for this file is -54.6514 over 634 frames.
LOG (gmm-acc-stats-twofeats[5.5.907~1-cbed4]:main():gmm-acc-stats-twofeats.cc:140) Average like for this file is -53.9763 over 504 frames.
LOG (gmm-acc-stats-twofeats[5.5.907~1-cbed4]:main():gmm-acc-stats-twofeats.cc:140) Average like for this file is -55.1029 over 532 frames.
LOG (gmm-acc-stats-twofeats[5.5.907~1-cbed4]:main():gmm-acc-stats-twofeats.cc:140) Average like for this file is -53.6919 over 418 frames.
LOG (gmm-acc-stats-twofeats[5.5.907~1-cbed4]:main():gmm-acc-stats-twofeats.cc:140) Average like for this file is -52.1654 over 636 frames.
LOG (gmm-acc-stats-twofeats[5.5.907~1-cbed4]:main():gmm-acc-stats-twofeats.cc:146) Avg like per frame so far is -51.9203
LOG (gmm-acc-stats-twofeats[5.5.907~1-cbed4]:main():gmm-acc-stats-twofeats.cc:140) Average like for this file is -51.9596 over 600 frames.
LOG (gmm-acc-stats-twofeats[5.5.907~1-cbed4]:main():gmm-acc-stats-twofeats.cc:140) Average like for this file is -50.6684 over 821 frames.
LOG (gmm-acc-stats-twofeats[5.5.907~1-cbed4]:main():gmm-acc-stats-twofeats.cc:140) Average like for this file is -53.8361 over 844 frames.
LOG (gmm-acc-stats-twofeats[5.5.907~1-cbed4]:main():gmm-acc-stats-twofeats.cc:140) Average like for this file is -51.1042 over 974 frames.
LOG (gmm-acc-stats-twofeats[5.5.907~1-cbed4]:main():gmm-acc-stats-twofeats.cc:140) Average like for this file is -58.6202 over 531 frames.
LOG (gmm-acc-stats-twofeats[5.5.907~1-cbed4]:main():gmm-acc-stats-twofeats.cc:140) Average like for this file is -51.9353 over 781 frames.
LOG (gmm-acc-stats-twofeats[5.5.907~1-cbed4]:main():gmm-acc-stats-twofeats.cc:140) Average like for this file is -53.02 over 673 frames.
LOG (gmm-acc-stats-twofeats[5.5.907~1-cbed4]:main():gmm-acc-stats-twofeats.cc:140) Average like for this file is -52.1386 over 907 frames.
LOG (gmm-acc-stats-twofeats[5.5.907~1-cbed4]:main():gmm-acc-stats-twofeats.cc:140) Average like for this file is -54.4398 over 435 frames.
LOG (gmm-acc-stats-twofeats[5.5.907~1-cbed4]:main():gmm-acc-stats-twofeats.cc:140) Average like for this file is -54.5676 over 859 frames.
LOG (gmm-acc-stats-twofeats[5.5.907~1-cbed4]:main():gmm-acc-stats-twofeats.cc:146) Avg like per frame so far is -51.9415
LOG (gmm-acc-stats-twofeats[5.5.907~1-cbed4]:main():gmm-acc-stats-twofeats.cc:140) Average like for this file is -52.4584 over 560 frames.
LOG (gmm-acc-stats-twofeats[5.5.907~1-cbed4]:main():gmm-acc-stats-twofeats.cc:140) Average like for this file is -51.7373 over 679 frames.
LOG (gmm-acc-stats-twofeats[5.5.907~1-cbed4]:main():gmm-acc-stats-twofeats.cc:140) Average like for this file is -51.318 over 675 frames.
LOG (gmm-acc-stats-twofeats[5.5.907~1-cbed4]:main():gmm-acc-stats-twofeats.cc:140) Average like for this file is -54.5979 over 883 frames.
LOG (gmm-acc-stats-twofeats[5.5.907~1-cbed4]:main():gmm-acc-stats-twofeats.cc:140) Average like for this file is -53.1634 over 934 frames.
LOG (gmm-acc-stats-twofeats[5.5.907~1-cbed4]:main():gmm-acc-stats-twofeats.cc:140) Average like for this file is -53.3098 over 757 frames.
LOG (gmm-acc-stats-twofeats[5.5.907~1-cbed4]:main():gmm-acc-stats-twofeats.cc:140) Average like for this file is -53.2669 over 703 frames.
LOG (gmm-acc-stats-twofeats[5.5.907~1-cbed4]:main():gmm-acc-stats-twofeats.cc:140) Average like for this file is -53.4952 over 704 frames.
LOG (gmm-acc-stats-twofeats[5.5.907~1-cbed4]:main():gmm-acc-stats-twofeats.cc:140) Average like for this file is -52.7061 over 973 frames.
LOG (gmm-acc-stats-twofeats[5.5.907~1-cbed4]:main():gmm-acc-stats-twofeats.cc:140) Average like for this file is -49.2219 over 639 frames.
LOG (gmm-acc-stats-twofeats[5.5.907~1-cbed4]:main():gmm-acc-stats-twofeats.cc:146) Avg like per frame so far is -51.9557
LOG (gmm-acc-stats-twofeats[5.5.907~1-cbed4]:main():gmm-acc-stats-twofeats.cc:140) Average like for this file is -51.8291 over 651 frames.
LOG (gmm-acc-stats-twofeats[5.5.907~1-cbed4]:main():gmm-acc-stats-twofeats.cc:140) Average like for this file is -50.2245 over 1017 frames.
LOG (gmm-acc-stats-twofeats[5.5.907~1-cbed4]:main():gmm-acc-stats-twofeats.cc:140) Average like for this file is -52.0287 over 1070 frames.
LOG (gmm-acc-stats-twofeats[5.5.907~1-cbed4]:main():gmm-acc-stats-twofeats.cc:140) Average like for this file is -51.2035 over 709 frames.
LOG (gmm-acc-stats-twofeats[5.5.907~1-cbed4]:main():gmm-acc-stats-twofeats.cc:140) Average like for this file is -49.7758 over 755 frames.
LOG (gmm-acc-stats-twofeats[5.5.907~1-cbed4]:main():gmm-acc-stats-twofeats.cc:140) Average like for this file is -50.5708 over 645 frames.
LOG (gmm-acc-stats-twofeats[5.5.907~1-cbed4]:main():gmm-acc-stats-twofeats.cc:140) Average like for this file is -50.8121 over 1137 frames.
LOG (gmm-acc-stats-twofeats[5.5.907~1-cbed4]:main():gmm-acc-stats-twofeats.cc:140) Average like for this file is -52.1627 over 513 frames.
LOG (gmm-acc-stats-twofeats[5.5.907~1-cbed4]:main():gmm-acc-stats-twofeats.cc:140) Average like for this file is -50.856 over 660 frames.
LOG (gmm-acc-stats-twofeats[5.5.907~1-cbed4]:main():gmm-acc-stats-twofeats.cc:140) Average like for this file is -50.0162 over 851 frames.
LOG (gmm-acc-stats-twofeats[5.5.907~1-cbed4]:main():gmm-acc-stats-twofeats.cc:146) Avg like per frame so far is -51.9335
LOG (gmm-acc-stats-twofeats[5.5.907~1-cbed4]:main():gmm-acc-stats-twofeats.cc:140) Average like for this file is -51.5546 over 643 frames.
LOG (gmm-acc-stats-twofeats[5.5.907~1-cbed4]:main():gmm-acc-stats-twofeats.cc:140) Average like for this file is -50.4137 over 830 frames.
LOG (gmm-acc-stats-twofeats[5.5.907~1-cbed4]:main():gmm-acc-stats-twofeats.cc:140) Average like for this file is -51.8459 over 645 frames.
LOG (gmm-acc-stats-twofeats[5.5.907~1-cbed4]:main():gmm-acc-stats-twofeats.cc:140) Average like for this file is -50.3331 over 570 frames.
LOG (gmm-acc-stats-twofeats[5.5.907~1-cbed4]:main():gmm-acc-stats-twofeats.cc:140) Average like for this file is -53.1632 over 552 frames.
LOG (gmm-acc-stats-twofeats[5.5.907~1-cbed4]:main():gmm-acc-stats-twofeats.cc:140) Average like for this file is -51.002 over 664 frames.
LOG (gmm-acc-stats-twofeats[5.5.907~1-cbed4]:main():gmm-acc-stats-twofeats.cc:140) Average like for this file is -52.9353 over 622 frames.
LOG (gmm-acc-stats-twofeats[5.5.907~1-cbed4]:main():gmm-acc-stats-twofeats.cc:140) Average like for this file is -52.933 over 469 frames.
LOG (gmm-acc-stats-twofeats[5.5.907~1-cbed4]:main():gmm-acc-stats-twofeats.cc:140) Average like for this file is -50.5919 over 649 frames.
LOG (gmm-acc-stats-twofeats[5.5.907~1-cbed4]:main():gmm-acc-stats-twofeats.cc:140) Average like for this file is -52.5889 over 708 frames.
LOG (gmm-acc-stats-twofeats[5.5.907~1-cbed4]:main():gmm-acc-stats-twofeats.cc:146) Avg like per frame so far is -51.9291
LOG (gmm-acc-stats-twofeats[5.5.907~1-cbed4]:main():gmm-acc-stats-twofeats.cc:140) Average like for this file is -49.7946 over 942 frames.
LOG (gmm-acc-stats-twofeats[5.5.907~1-cbed4]:main():gmm-acc-stats-twofeats.cc:140) Average like for this file is -50.0748 over 716 frames.
LOG (gmm-acc-stats-twofeats[5.5.907~1-cbed4]:main():gmm-acc-stats-twofeats.cc:140) Average like for this file is -50.1878 over 723 frames.
LOG (gmm-acc-stats-twofeats[5.5.907~1-cbed4]:main():gmm-acc-stats-twofeats.cc:140) Average like for this file is -53.3308 over 556 frames.
LOG (gmm-acc-stats-twofeats[5.5.907~1-cbed4]:main():gmm-acc-stats-twofeats.cc:140) Average like for this file is -51.5849 over 634 frames.
LOG (gmm-acc-stats-twofeats[5.5.907~1-cbed4]:main():gmm-acc-stats-twofeats.cc:140) Average like for this file is -53.1767 over 795 frames.
LOG (gmm-acc-stats-twofeats[5.5.907~1-cbed4]:main():gmm-acc-stats-twofeats.cc:140) Average like for this file is -51.4612 over 756 frames.
LOG (gmm-acc-stats-twofeats[5.5.907~1-cbed4]:main():gmm-acc-stats-twofeats.cc:140) Average like for this file is -50.7834 over 699 frames.
LOG (gmm-acc-stats-twofeats[5.5.907~1-cbed4]:main():gmm-acc-stats-twofeats.cc:140) Average like for this file is -51.4077 over 445 frames.
LOG (gmm-acc-stats-twofeats[5.5.907~1-cbed4]:main():gmm-acc-stats-twofeats.cc:140) Average like for this file is -65.9201 over 773 frames.
LOG (gmm-acc-stats-twofeats[5.5.907~1-cbed4]:main():gmm-acc-stats-twofeats.cc:146) Avg like per frame so far is -51.9453
LOG (gmm-acc-stats-twofeats[5.5.907~1-cbed4]:main():gmm-acc-stats-twofeats.cc:140) Average like for this file is -65.7106 over 483 frames.
LOG (gmm-acc-stats-twofeats[5.5.907~1-cbed4]:main():gmm-acc-stats-twofeats.cc:140) Average like for this file is -66.1364 over 669 frames.
LOG (gmm-acc-stats-twofeats[5.5.907~1-cbed4]:main():gmm-acc-stats-twofeats.cc:140) Average like for this file is -66.2602 over 576 frames.
LOG (gmm-acc-stats-twofeats[5.5.907~1-cbed4]:main():gmm-acc-stats-twofeats.cc:140) Average like for this file is -63.7239 over 491 frames.
LOG (gmm-acc-stats-twofeats[5.5.907~1-cbed4]:main():gmm-acc-stats-twofeats.cc:140) Average like for this file is -67.2022 over 521 frames.
LOG (gmm-acc-stats-twofeats[5.5.907~1-cbed4]:main():gmm-acc-stats-twofeats.cc:140) Average like for this file is -64.9005 over 597 frames.
LOG (gmm-acc-stats-twofeats[5.5.907~1-cbed4]:main():gmm-acc-stats-twofeats.cc:140) Average like for this file is -67.6008 over 622 frames.
LOG (gmm-acc-stats-twofeats[5.5.907~1-cbed4]:main():gmm-acc-stats-twofeats.cc:140) Average like for this file is -70.5199 over 491 frames.
LOG (gmm-acc-stats-twofeats[5.5.907~1-cbed4]:main():gmm-acc-stats-twofeats.cc:140) Average like for this file is -67.4177 over 612 frames.
LOG (gmm-acc-stats-twofeats[5.5.907~1-cbed4]:main():gmm-acc-stats-twofeats.cc:140) Average like for this file is -66.328 over 746 frames.
LOG (gmm-acc-stats-twofeats[5.5.907~1-cbed4]:main():gmm-acc-stats-twofeats.cc:146) Avg like per frame so far is -52.1583
LOG (gmm-acc-stats-twofeats[5.5.907~1-cbed4]:main():gmm-acc-stats-twofeats.cc:140) Average like for this file is -68.4982 over 596 frames.
LOG (gmm-acc-stats-twofeats[5.5.907~1-cbed4]:main():gmm-acc-stats-twofeats.cc:140) Average like for this file is -62.6265 over 669 frames.
LOG (ali-to-post[5.5.907~1-cbed4]:main():ali-to-post.cc:73) Converted 539 alignments.
LOG (gmm-acc-stats-twofeats[5.5.907~1-cbed4]:main():gmm-acc-stats-twofeats.cc:140) Average like for this file is -62.077 over 804 frames.
LOG (gmm-acc-stats-twofeats[5.5.907~1-cbed4]:main():gmm-acc-stats-twofeats.cc:140) Average like for this file is -63.6967 over 547 frames.
LOG (gmm-acc-stats-twofeats[5.5.907~1-cbed4]:main():gmm-acc-stats-twofeats.cc:140) Average like for this file is -66.9901 over 540 frames.
LOG (apply-cmvn[5.5.907~1-cbed4]:main():apply-cmvn.cc:162) Applied cepstral mean normalization to 539 utterances, errors on 0
LOG (gmm-acc-stats-twofeats[5.5.907~1-cbed4]:main():gmm-acc-stats-twofeats.cc:140) Average like for this file is -64.2856 over 709 frames.
LOG (apply-cmvn[5.5.907~1-cbed4]:main():apply-cmvn.cc:162) Applied cepstral mean normalization to 539 utterances, errors on 0
LOG (gmm-acc-stats-twofeats[5.5.907~1-cbed4]:main():gmm-acc-stats-twofeats.cc:140) Average like for this file is -66.0053 over 788 frames.
LOG (gmm-acc-stats-twofeats[5.5.907~1-cbed4]:main():gmm-acc-stats-twofeats.cc:140) Average like for this file is -65.4448 over 561 frames.
LOG (transform-feats[5.5.907~1-cbed4]:main():transform-feats.cc:158) Overall average [pseudo-]logdet is -79.8253 over 404685 frames.
LOG (transform-feats[5.5.907~1-cbed4]:main():transform-feats.cc:161) Applied transform to 539 utterances; 0 had errors.
LOG (transform-feats[5.5.907~1-cbed4]:main():transform-feats.cc:158) Overall average logdet is 1.24849 over 404685 frames.
LOG (transform-feats[5.5.907~1-cbed4]:main():transform-feats.cc:161) Applied transform to 539 utterances; 0 had errors.
LOG (transform-feats[5.5.907~1-cbed4]:main():transform-feats.cc:158) Overall average [pseudo-]logdet is -79.8253 over 404685 frames.
LOG (transform-feats[5.5.907~1-cbed4]:main():transform-feats.cc:161) Applied transform to 539 utterances; 0 had errors.
LOG (gmm-acc-stats-twofeats[5.5.907~1-cbed4]:main():gmm-acc-stats-twofeats.cc:140) Average like for this file is -61.9405 over 873 frames.
LOG (gmm-acc-stats-twofeats[5.5.907~1-cbed4]:main():gmm-acc-stats-twofeats.cc:150) Done 539 files, 0 with no posteriors, 0 with no second features, 0 with other errors.
LOG (gmm-acc-stats-twofeats[5.5.907~1-cbed4]:main():gmm-acc-stats-twofeats.cc:155) Overall avg like per frame (Gaussian only) = -52.3425 over 404685 frames.
LOG (gmm-acc-stats-twofeats[5.5.907~1-cbed4]:main():gmm-acc-stats-twofeats.cc:163) Written accs.
# Accounting: time=8 threads=1
# Ended (code 0) at Thu Apr 22 12:00:26 PKT 2021, elapsed time 8 seconds
