# ali-to-post "ark:gunzip -c exp/tri4/ali.1.gz|" ark:- | gmm-acc-stats-twofeats exp/tri4/35.mdl "ark,s,cs:apply-cmvn  --utt2spk=ark:data/train/split4/1/utt2spk scp:data/train/split4/1/cmvn.scp scp:data/train/split4/1/feats.scp ark:- | splice-feats  ark:- ark:- | transform-feats exp/tri3_ali/final.mat ark:- ark:- | transform-feats --utt2spk=ark:data/train/split4/1/utt2spk ark:exp/tri4/trans.1 ark:- ark:- |" "ark,s,cs:apply-cmvn  --utt2spk=ark:data/train/split4/1/utt2spk scp:data/train/split4/1/cmvn.scp scp:data/train/split4/1/feats.scp ark:- | splice-feats  ark:- ark:- | transform-feats exp/tri3_ali/final.mat ark:- ark:- |" ark,s,cs:- exp/tri4/35.1.acc 
# Started at Thu Apr 22 12:00:18 PKT 2021
#
ali-to-post 'ark:gunzip -c exp/tri4/ali.1.gz|' ark:- 
gmm-acc-stats-twofeats exp/tri4/35.mdl 'ark,s,cs:apply-cmvn  --utt2spk=ark:data/train/split4/1/utt2spk scp:data/train/split4/1/cmvn.scp scp:data/train/split4/1/feats.scp ark:- | splice-feats  ark:- ark:- | transform-feats exp/tri3_ali/final.mat ark:- ark:- | transform-feats --utt2spk=ark:data/train/split4/1/utt2spk ark:exp/tri4/trans.1 ark:- ark:- |' 'ark,s,cs:apply-cmvn  --utt2spk=ark:data/train/split4/1/utt2spk scp:data/train/split4/1/cmvn.scp scp:data/train/split4/1/feats.scp ark:- | splice-feats  ark:- ark:- | transform-feats exp/tri3_ali/final.mat ark:- ark:- |' ark,s,cs:- exp/tri4/35.1.acc 
apply-cmvn --utt2spk=ark:data/train/split4/1/utt2spk scp:data/train/split4/1/cmvn.scp scp:data/train/split4/1/feats.scp ark:- 
splice-feats ark:- ark:- 
transform-feats exp/tri3_ali/final.mat ark:- ark:- 
transform-feats --utt2spk=ark:data/train/split4/1/utt2spk ark:exp/tri4/trans.1 ark:- ark:- 
transform-feats exp/tri3_ali/final.mat ark:- ark:- 
apply-cmvn --utt2spk=ark:data/train/split4/1/utt2spk scp:data/train/split4/1/cmvn.scp scp:data/train/split4/1/feats.scp ark:- 
splice-feats ark:- ark:- 
LOG (gmm-acc-stats-twofeats[5.5.907~1-cbed4]:main():gmm-acc-stats-twofeats.cc:140) Average like for this file is -55.3253 over 768 frames.
LOG (gmm-acc-stats-twofeats[5.5.907~1-cbed4]:main():gmm-acc-stats-twofeats.cc:140) Average like for this file is -52.3913 over 717 frames.
LOG (gmm-acc-stats-twofeats[5.5.907~1-cbed4]:main():gmm-acc-stats-twofeats.cc:140) Average like for this file is -53.0412 over 812 frames.
LOG (gmm-acc-stats-twofeats[5.5.907~1-cbed4]:main():gmm-acc-stats-twofeats.cc:140) Average like for this file is -54.9225 over 622 frames.
LOG (gmm-acc-stats-twofeats[5.5.907~1-cbed4]:main():gmm-acc-stats-twofeats.cc:140) Average like for this file is -53.85 over 748 frames.
LOG (gmm-acc-stats-twofeats[5.5.907~1-cbed4]:main():gmm-acc-stats-twofeats.cc:140) Average like for this file is -53.6727 over 657 frames.
LOG (gmm-acc-stats-twofeats[5.5.907~1-cbed4]:main():gmm-acc-stats-twofeats.cc:140) Average like for this file is -53.0528 over 657 frames.
LOG (gmm-acc-stats-twofeats[5.5.907~1-cbed4]:main():gmm-acc-stats-twofeats.cc:140) Average like for this file is -51.9892 over 744 frames.
LOG (gmm-acc-stats-twofeats[5.5.907~1-cbed4]:main():gmm-acc-stats-twofeats.cc:140) Average like for this file is -52.6294 over 746 frames.
LOG (gmm-acc-stats-twofeats[5.5.907~1-cbed4]:main():gmm-acc-stats-twofeats.cc:140) Average like for this file is -54.0369 over 639 frames.
LOG (gmm-acc-stats-twofeats[5.5.907~1-cbed4]:main():gmm-acc-stats-twofeats.cc:146) Avg like per frame so far is -53.4677
LOG (gmm-acc-stats-twofeats[5.5.907~1-cbed4]:main():gmm-acc-stats-twofeats.cc:140) Average like for this file is -53.0114 over 684 frames.
LOG (gmm-acc-stats-twofeats[5.5.907~1-cbed4]:main():gmm-acc-stats-twofeats.cc:140) Average like for this file is -54.8622 over 694 frames.
LOG (gmm-acc-stats-twofeats[5.5.907~1-cbed4]:main():gmm-acc-stats-twofeats.cc:140) Average like for this file is -53.9015 over 894 frames.
LOG (gmm-acc-stats-twofeats[5.5.907~1-cbed4]:main():gmm-acc-stats-twofeats.cc:140) Average like for this file is -55.0301 over 718 frames.
LOG (gmm-acc-stats-twofeats[5.5.907~1-cbed4]:main():gmm-acc-stats-twofeats.cc:140) Average like for this file is -53.16 over 781 frames.
LOG (gmm-acc-stats-twofeats[5.5.907~1-cbed4]:main():gmm-acc-stats-twofeats.cc:140) Average like for this file is -51.8343 over 830 frames.
LOG (gmm-acc-stats-twofeats[5.5.907~1-cbed4]:main():gmm-acc-stats-twofeats.cc:140) Average like for this file is -51.3484 over 784 frames.
LOG (gmm-acc-stats-twofeats[5.5.907~1-cbed4]:main():gmm-acc-stats-twofeats.cc:140) Average like for this file is -52.4826 over 662 frames.
LOG (gmm-acc-stats-twofeats[5.5.907~1-cbed4]:main():gmm-acc-stats-twofeats.cc:140) Average like for this file is -51.3888 over 748 frames.
LOG (gmm-acc-stats-twofeats[5.5.907~1-cbed4]:main():gmm-acc-stats-twofeats.cc:140) Average like for this file is -51.2762 over 605 frames.
LOG (gmm-acc-stats-twofeats[5.5.907~1-cbed4]:main():gmm-acc-stats-twofeats.cc:146) Avg like per frame so far is -53.1489
LOG (gmm-acc-stats-twofeats[5.5.907~1-cbed4]:main():gmm-acc-stats-twofeats.cc:140) Average like for this file is -51.5372 over 526 frames.
LOG (gmm-acc-stats-twofeats[5.5.907~1-cbed4]:main():gmm-acc-stats-twofeats.cc:140) Average like for this file is -51.8651 over 640 frames.
LOG (gmm-acc-stats-twofeats[5.5.907~1-cbed4]:main():gmm-acc-stats-twofeats.cc:140) Average like for this file is -53.9579 over 484 frames.
LOG (gmm-acc-stats-twofeats[5.5.907~1-cbed4]:main():gmm-acc-stats-twofeats.cc:140) Average like for this file is -50.2865 over 665 frames.
LOG (gmm-acc-stats-twofeats[5.5.907~1-cbed4]:main():gmm-acc-stats-twofeats.cc:140) Average like for this file is -53.521 over 534 frames.
LOG (gmm-acc-stats-twofeats[5.5.907~1-cbed4]:main():gmm-acc-stats-twofeats.cc:140) Average like for this file is -52.5063 over 680 frames.
LOG (gmm-acc-stats-twofeats[5.5.907~1-cbed4]:main():gmm-acc-stats-twofeats.cc:140) Average like for this file is -50.8882 over 573 frames.
LOG (gmm-acc-stats-twofeats[5.5.907~1-cbed4]:main():gmm-acc-stats-twofeats.cc:140) Average like for this file is -51.4137 over 584 frames.
LOG (gmm-acc-stats-twofeats[5.5.907~1-cbed4]:main():gmm-acc-stats-twofeats.cc:140) Average like for this file is -52.0218 over 662 frames.
LOG (gmm-acc-stats-twofeats[5.5.907~1-cbed4]:main():gmm-acc-stats-twofeats.cc:140) Average like for this file is -50.0871 over 597 frames.
LOG (gmm-acc-stats-twofeats[5.5.907~1-cbed4]:main():gmm-acc-stats-twofeats.cc:146) Avg like per frame so far is -52.743
LOG (gmm-acc-stats-twofeats[5.5.907~1-cbed4]:main():gmm-acc-stats-twofeats.cc:140) Average like for this file is -52.7956 over 570 frames.
LOG (gmm-acc-stats-twofeats[5.5.907~1-cbed4]:main():gmm-acc-stats-twofeats.cc:140) Average like for this file is -50.8075 over 757 frames.
LOG (gmm-acc-stats-twofeats[5.5.907~1-cbed4]:main():gmm-acc-stats-twofeats.cc:140) Average like for this file is -53.3304 over 602 frames.
LOG (gmm-acc-stats-twofeats[5.5.907~1-cbed4]:main():gmm-acc-stats-twofeats.cc:140) Average like for this file is -49.8143 over 582 frames.
LOG (gmm-acc-stats-twofeats[5.5.907~1-cbed4]:main():gmm-acc-stats-twofeats.cc:140) Average like for this file is -52.6821 over 552 frames.
LOG (gmm-acc-stats-twofeats[5.5.907~1-cbed4]:main():gmm-acc-stats-twofeats.cc:140) Average like for this file is -51.5709 over 544 frames.
LOG (gmm-acc-stats-twofeats[5.5.907~1-cbed4]:main():gmm-acc-stats-twofeats.cc:140) Average like for this file is -54.0465 over 498 frames.
LOG (gmm-acc-stats-twofeats[5.5.907~1-cbed4]:main():gmm-acc-stats-twofeats.cc:140) Average like for this file is -52.0802 over 671 frames.
LOG (gmm-acc-stats-twofeats[5.5.907~1-cbed4]:main():gmm-acc-stats-twofeats.cc:140) Average like for this file is -51.2133 over 406 frames.
LOG (gmm-acc-stats-twofeats[5.5.907~1-cbed4]:main():gmm-acc-stats-twofeats.cc:140) Average like for this file is -53.5226 over 470 frames.
LOG (gmm-acc-stats-twofeats[5.5.907~1-cbed4]:main():gmm-acc-stats-twofeats.cc:146) Avg like per frame so far is -52.6087
LOG (gmm-acc-stats-twofeats[5.5.907~1-cbed4]:main():gmm-acc-stats-twofeats.cc:140) Average like for this file is -51.3547 over 530 frames.
LOG (gmm-acc-stats-twofeats[5.5.907~1-cbed4]:main():gmm-acc-stats-twofeats.cc:140) Average like for this file is -52.9307 over 688 frames.
LOG (gmm-acc-stats-twofeats[5.5.907~1-cbed4]:main():gmm-acc-stats-twofeats.cc:140) Average like for this file is -52.3781 over 408 frames.
LOG (gmm-acc-stats-twofeats[5.5.907~1-cbed4]:main():gmm-acc-stats-twofeats.cc:140) Average like for this file is -51.3915 over 692 frames.
LOG (gmm-acc-stats-twofeats[5.5.907~1-cbed4]:main():gmm-acc-stats-twofeats.cc:140) Average like for this file is -50.2844 over 482 frames.
LOG (gmm-acc-stats-twofeats[5.5.907~1-cbed4]:main():gmm-acc-stats-twofeats.cc:140) Average like for this file is -52.7676 over 527 frames.
LOG (gmm-acc-stats-twofeats[5.5.907~1-cbed4]:main():gmm-acc-stats-twofeats.cc:140) Average like for this file is -51.4649 over 613 frames.
LOG (gmm-acc-stats-twofeats[5.5.907~1-cbed4]:main():gmm-acc-stats-twofeats.cc:140) Average like for this file is -53.75 over 578 frames.
LOG (gmm-acc-stats-twofeats[5.5.907~1-cbed4]:main():gmm-acc-stats-twofeats.cc:140) Average like for this file is -52.231 over 540 frames.
LOG (gmm-acc-stats-twofeats[5.5.907~1-cbed4]:main():gmm-acc-stats-twofeats.cc:140) Average like for this file is -51.2458 over 648 frames.
LOG (gmm-acc-stats-twofeats[5.5.907~1-cbed4]:main():gmm-acc-stats-twofeats.cc:146) Avg like per frame so far is -52.4973
LOG (gmm-acc-stats-twofeats[5.5.907~1-cbed4]:main():gmm-acc-stats-twofeats.cc:140) Average like for this file is -51.1662 over 534 frames.
LOG (gmm-acc-stats-twofeats[5.5.907~1-cbed4]:main():gmm-acc-stats-twofeats.cc:140) Average like for this file is -51.42 over 524 frames.
LOG (gmm-acc-stats-twofeats[5.5.907~1-cbed4]:main():gmm-acc-stats-twofeats.cc:140) Average like for this file is -51.2227 over 576 frames.
LOG (gmm-acc-stats-twofeats[5.5.907~1-cbed4]:main():gmm-acc-stats-twofeats.cc:140) Average like for this file is -49.897 over 487 frames.
LOG (gmm-acc-stats-twofeats[5.5.907~1-cbed4]:main():gmm-acc-stats-twofeats.cc:140) Average like for this file is -51.1927 over 478 frames.
LOG (gmm-acc-stats-twofeats[5.5.907~1-cbed4]:main():gmm-acc-stats-twofeats.cc:140) Average like for this file is -50.1968 over 480 frames.
LOG (gmm-acc-stats-twofeats[5.5.907~1-cbed4]:main():gmm-acc-stats-twofeats.cc:140) Average like for this file is -49.3127 over 528 frames.
LOG (gmm-acc-stats-twofeats[5.5.907~1-cbed4]:main():gmm-acc-stats-twofeats.cc:140) Average like for this file is -51.5808 over 466 frames.
LOG (gmm-acc-stats-twofeats[5.5.907~1-cbed4]:main():gmm-acc-stats-twofeats.cc:140) Average like for this file is -49.3508 over 457 frames.
LOG (gmm-acc-stats-twofeats[5.5.907~1-cbed4]:main():gmm-acc-stats-twofeats.cc:140) Average like for this file is -48.4747 over 548 frames.
LOG (gmm-acc-stats-twofeats[5.5.907~1-cbed4]:main():gmm-acc-stats-twofeats.cc:146) Avg like per frame so far is -52.2057
LOG (gmm-acc-stats-twofeats[5.5.907~1-cbed4]:main():gmm-acc-stats-twofeats.cc:140) Average like for this file is -53.6047 over 437 frames.
LOG (gmm-acc-stats-twofeats[5.5.907~1-cbed4]:main():gmm-acc-stats-twofeats.cc:140) Average like for this file is -50.8379 over 675 frames.
LOG (gmm-acc-stats-twofeats[5.5.907~1-cbed4]:main():gmm-acc-stats-twofeats.cc:140) Average like for this file is -50.0534 over 456 frames.
LOG (gmm-acc-stats-twofeats[5.5.907~1-cbed4]:main():gmm-acc-stats-twofeats.cc:140) Average like for this file is -53.114 over 434 frames.
LOG (gmm-acc-stats-twofeats[5.5.907~1-cbed4]:main():gmm-acc-stats-twofeats.cc:140) Average like for this file is -49.3986 over 678 frames.
LOG (gmm-acc-stats-twofeats[5.5.907~1-cbed4]:main():gmm-acc-stats-twofeats.cc:140) Average like for this file is -52.3873 over 579 frames.
LOG (gmm-acc-stats-twofeats[5.5.907~1-cbed4]:main():gmm-acc-stats-twofeats.cc:140) Average like for this file is -50.6199 over 610 frames.
LOG (gmm-acc-stats-twofeats[5.5.907~1-cbed4]:main():gmm-acc-stats-twofeats.cc:140) Average like for this file is -50.9573 over 479 frames.
LOG (gmm-acc-stats-twofeats[5.5.907~1-cbed4]:main():gmm-acc-stats-twofeats.cc:140) Average like for this file is -49.7982 over 458 frames.
LOG (gmm-acc-stats-twofeats[5.5.907~1-cbed4]:main():gmm-acc-stats-twofeats.cc:140) Average like for this file is -50.1403 over 618 frames.
LOG (gmm-acc-stats-twofeats[5.5.907~1-cbed4]:main():gmm-acc-stats-twofeats.cc:146) Avg like per frame so far is -52.0488
LOG (gmm-acc-stats-twofeats[5.5.907~1-cbed4]:main():gmm-acc-stats-twofeats.cc:140) Average like for this file is -52.6638 over 575 frames.
LOG (gmm-acc-stats-twofeats[5.5.907~1-cbed4]:main():gmm-acc-stats-twofeats.cc:140) Average like for this file is -53.3862 over 843 frames.
LOG (gmm-acc-stats-twofeats[5.5.907~1-cbed4]:main():gmm-acc-stats-twofeats.cc:140) Average like for this file is -50.7167 over 522 frames.
LOG (gmm-acc-stats-twofeats[5.5.907~1-cbed4]:main():gmm-acc-stats-twofeats.cc:140) Average like for this file is -50.4398 over 447 frames.
LOG (gmm-acc-stats-twofeats[5.5.907~1-cbed4]:main():gmm-acc-stats-twofeats.cc:140) Average like for this file is -50.9547 over 636 frames.
LOG (gmm-acc-stats-twofeats[5.5.907~1-cbed4]:main():gmm-acc-stats-twofeats.cc:140) Average like for this file is -50.8871 over 760 frames.
LOG (gmm-acc-stats-twofeats[5.5.907~1-cbed4]:main():gmm-acc-stats-twofeats.cc:140) Average like for this file is -50.1485 over 549 frames.
LOG (gmm-acc-stats-twofeats[5.5.907~1-cbed4]:main():gmm-acc-stats-twofeats.cc:140) Average like for this file is -48.8109 over 670 frames.
LOG (gmm-acc-stats-twofeats[5.5.907~1-cbed4]:main():gmm-acc-stats-twofeats.cc:140) Average like for this file is -50.9089 over 484 frames.
LOG (gmm-acc-stats-twofeats[5.5.907~1-cbed4]:main():gmm-acc-stats-twofeats.cc:140) Average like for this file is -50.3095 over 435 frames.
LOG (gmm-acc-stats-twofeats[5.5.907~1-cbed4]:main():gmm-acc-stats-twofeats.cc:146) Avg like per frame so far is -51.9237
LOG (gmm-acc-stats-twofeats[5.5.907~1-cbed4]:main():gmm-acc-stats-twofeats.cc:140) Average like for this file is -49.3256 over 517 frames.
LOG (gmm-acc-stats-twofeats[5.5.907~1-cbed4]:main():gmm-acc-stats-twofeats.cc:140) Average like for this file is -50.4717 over 686 frames.
LOG (gmm-acc-stats-twofeats[5.5.907~1-cbed4]:main():gmm-acc-stats-twofeats.cc:140) Average like for this file is -51.2131 over 756 frames.
LOG (gmm-acc-stats-twofeats[5.5.907~1-cbed4]:main():gmm-acc-stats-twofeats.cc:140) Average like for this file is -50.091 over 652 frames.
LOG (gmm-acc-stats-twofeats[5.5.907~1-cbed4]:main():gmm-acc-stats-twofeats.cc:140) Average like for this file is -51.8973 over 692 frames.
LOG (gmm-acc-stats-twofeats[5.5.907~1-cbed4]:main():gmm-acc-stats-twofeats.cc:140) Average like for this file is -50.4111 over 772 frames.
LOG (gmm-acc-stats-twofeats[5.5.907~1-cbed4]:main():gmm-acc-stats-twofeats.cc:140) Average like for this file is -50.4752 over 791 frames.
LOG (gmm-acc-stats-twofeats[5.5.907~1-cbed4]:main():gmm-acc-stats-twofeats.cc:140) Average like for this file is -52.9536 over 575 frames.
LOG (gmm-acc-stats-twofeats[5.5.907~1-cbed4]:main():gmm-acc-stats-twofeats.cc:140) Average like for this file is -53.3801 over 648 frames.
LOG (gmm-acc-stats-twofeats[5.5.907~1-cbed4]:main():gmm-acc-stats-twofeats.cc:140) Average like for this file is -51.428 over 628 frames.
LOG (gmm-acc-stats-twofeats[5.5.907~1-cbed4]:main():gmm-acc-stats-twofeats.cc:146) Avg like per frame so far is -51.8295
LOG (gmm-acc-stats-twofeats[5.5.907~1-cbed4]:main():gmm-acc-stats-twofeats.cc:140) Average like for this file is -50.9671 over 612 frames.
LOG (gmm-acc-stats-twofeats[5.5.907~1-cbed4]:main():gmm-acc-stats-twofeats.cc:140) Average like for this file is -52.4782 over 617 frames.
LOG (gmm-acc-stats-twofeats[5.5.907~1-cbed4]:main():gmm-acc-stats-twofeats.cc:140) Average like for this file is -52.6319 over 452 frames.
LOG (gmm-acc-stats-twofeats[5.5.907~1-cbed4]:main():gmm-acc-stats-twofeats.cc:140) Average like for this file is -52.4606 over 498 frames.
LOG (gmm-acc-stats-twofeats[5.5.907~1-cbed4]:main():gmm-acc-stats-twofeats.cc:140) Average like for this file is -52.4625 over 747 frames.
LOG (gmm-acc-stats-twofeats[5.5.907~1-cbed4]:main():gmm-acc-stats-twofeats.cc:140) Average like for this file is -52.3119 over 648 frames.
LOG (gmm-acc-stats-twofeats[5.5.907~1-cbed4]:main():gmm-acc-stats-twofeats.cc:140) Average like for this file is -51.728 over 614 frames.
LOG (gmm-acc-stats-twofeats[5.5.907~1-cbed4]:main():gmm-acc-stats-twofeats.cc:140) Average like for this file is -52.1749 over 684 frames.
LOG (gmm-acc-stats-twofeats[5.5.907~1-cbed4]:main():gmm-acc-stats-twofeats.cc:140) Average like for this file is -50.852 over 954 frames.
LOG (gmm-acc-stats-twofeats[5.5.907~1-cbed4]:main():gmm-acc-stats-twofeats.cc:140) Average like for this file is -52.9144 over 670 frames.
LOG (gmm-acc-stats-twofeats[5.5.907~1-cbed4]:main():gmm-acc-stats-twofeats.cc:146) Avg like per frame so far is -51.8507
LOG (gmm-acc-stats-twofeats[5.5.907~1-cbed4]:main():gmm-acc-stats-twofeats.cc:140) Average like for this file is -50.7014 over 722 frames.
LOG (gmm-acc-stats-twofeats[5.5.907~1-cbed4]:main():gmm-acc-stats-twofeats.cc:140) Average like for this file is -53.2215 over 599 frames.
LOG (gmm-acc-stats-twofeats[5.5.907~1-cbed4]:main():gmm-acc-stats-twofeats.cc:140) Average like for this file is -51.7546 over 706 frames.
LOG (gmm-acc-stats-twofeats[5.5.907~1-cbed4]:main():gmm-acc-stats-twofeats.cc:140) Average like for this file is -53.5045 over 644 frames.
LOG (gmm-acc-stats-twofeats[5.5.907~1-cbed4]:main():gmm-acc-stats-twofeats.cc:140) Average like for this file is -52.1516 over 929 frames.
LOG (gmm-acc-stats-twofeats[5.5.907~1-cbed4]:main():gmm-acc-stats-twofeats.cc:140) Average like for this file is -53.2231 over 852 frames.
LOG (gmm-acc-stats-twofeats[5.5.907~1-cbed4]:main():gmm-acc-stats-twofeats.cc:140) Average like for this file is -52.6496 over 599 frames.
LOG (gmm-acc-stats-twofeats[5.5.907~1-cbed4]:main():gmm-acc-stats-twofeats.cc:140) Average like for this file is -52.5312 over 738 frames.
LOG (gmm-acc-stats-twofeats[5.5.907~1-cbed4]:main():gmm-acc-stats-twofeats.cc:140) Average like for this file is -53.0624 over 636 frames.
LOG (gmm-acc-stats-twofeats[5.5.907~1-cbed4]:main():gmm-acc-stats-twofeats.cc:140) Average like for this file is -53.0273 over 519 frames.
LOG (gmm-acc-stats-twofeats[5.5.907~1-cbed4]:main():gmm-acc-stats-twofeats.cc:146) Avg like per frame so far is -51.9209
LOG (gmm-acc-stats-twofeats[5.5.907~1-cbed4]:main():gmm-acc-stats-twofeats.cc:140) Average like for this file is -53.433 over 512 frames.
LOG (gmm-acc-stats-twofeats[5.5.907~1-cbed4]:main():gmm-acc-stats-twofeats.cc:140) Average like for this file is -54.2636 over 476 frames.
LOG (gmm-acc-stats-twofeats[5.5.907~1-cbed4]:main():gmm-acc-stats-twofeats.cc:140) Average like for this file is -52.6978 over 627 frames.
LOG (gmm-acc-stats-twofeats[5.5.907~1-cbed4]:main():gmm-acc-stats-twofeats.cc:140) Average like for this file is -53.5446 over 545 frames.
LOG (gmm-acc-stats-twofeats[5.5.907~1-cbed4]:main():gmm-acc-stats-twofeats.cc:140) Average like for this file is -53.3881 over 749 frames.
LOG (gmm-acc-stats-twofeats[5.5.907~1-cbed4]:main():gmm-acc-stats-twofeats.cc:140) Average like for this file is -54.497 over 749 frames.
LOG (gmm-acc-stats-twofeats[5.5.907~1-cbed4]:main():gmm-acc-stats-twofeats.cc:140) Average like for this file is -53.3324 over 415 frames.
LOG (gmm-acc-stats-twofeats[5.5.907~1-cbed4]:main():gmm-acc-stats-twofeats.cc:140) Average like for this file is -50.6427 over 758 frames.
LOG (gmm-acc-stats-twofeats[5.5.907~1-cbed4]:main():gmm-acc-stats-twofeats.cc:140) Average like for this file is -51.4555 over 625 frames.
LOG (gmm-acc-stats-twofeats[5.5.907~1-cbed4]:main():gmm-acc-stats-twofeats.cc:140) Average like for this file is -50.752 over 690 frames.
LOG (gmm-acc-stats-twofeats[5.5.907~1-cbed4]:main():gmm-acc-stats-twofeats.cc:146) Avg like per frame so far is -51.9854
LOG (gmm-acc-stats-twofeats[5.5.907~1-cbed4]:main():gmm-acc-stats-twofeats.cc:140) Average like for this file is -51.7936 over 522 frames.
LOG (gmm-acc-stats-twofeats[5.5.907~1-cbed4]:main():gmm-acc-stats-twofeats.cc:140) Average like for this file is -51.2873 over 420 frames.
LOG (gmm-acc-stats-twofeats[5.5.907~1-cbed4]:main():gmm-acc-stats-twofeats.cc:140) Average like for this file is -50.072 over 414 frames.
LOG (gmm-acc-stats-twofeats[5.5.907~1-cbed4]:main():gmm-acc-stats-twofeats.cc:140) Average like for this file is -50.4228 over 554 frames.
LOG (gmm-acc-stats-twofeats[5.5.907~1-cbed4]:main():gmm-acc-stats-twofeats.cc:140) Average like for this file is -51.0819 over 638 frames.
LOG (gmm-acc-stats-twofeats[5.5.907~1-cbed4]:main():gmm-acc-stats-twofeats.cc:140) Average like for this file is -48.1199 over 480 frames.
LOG (gmm-acc-stats-twofeats[5.5.907~1-cbed4]:main():gmm-acc-stats-twofeats.cc:140) Average like for this file is -50.9798 over 647 frames.
LOG (gmm-acc-stats-twofeats[5.5.907~1-cbed4]:main():gmm-acc-stats-twofeats.cc:140) Average like for this file is -52.6256 over 558 frames.
LOG (gmm-acc-stats-twofeats[5.5.907~1-cbed4]:main():gmm-acc-stats-twofeats.cc:140) Average like for this file is -51.8349 over 627 frames.
LOG (gmm-acc-stats-twofeats[5.5.907~1-cbed4]:main():gmm-acc-stats-twofeats.cc:140) Average like for this file is -52.2423 over 570 frames.
LOG (gmm-acc-stats-twofeats[5.5.907~1-cbed4]:main():gmm-acc-stats-twofeats.cc:146) Avg like per frame so far is -51.9263
LOG (gmm-acc-stats-twofeats[5.5.907~1-cbed4]:main():gmm-acc-stats-twofeats.cc:140) Average like for this file is -52.443 over 744 frames.
LOG (gmm-acc-stats-twofeats[5.5.907~1-cbed4]:main():gmm-acc-stats-twofeats.cc:140) Average like for this file is -51.026 over 389 frames.
LOG (gmm-acc-stats-twofeats[5.5.907~1-cbed4]:main():gmm-acc-stats-twofeats.cc:140) Average like for this file is -50.258 over 657 frames.
LOG (gmm-acc-stats-twofeats[5.5.907~1-cbed4]:main():gmm-acc-stats-twofeats.cc:140) Average like for this file is -51.1493 over 722 frames.
LOG (gmm-acc-stats-twofeats[5.5.907~1-cbed4]:main():gmm-acc-stats-twofeats.cc:140) Average like for this file is -52.5404 over 730 frames.
LOG (gmm-acc-stats-twofeats[5.5.907~1-cbed4]:main():gmm-acc-stats-twofeats.cc:140) Average like for this file is -51.0488 over 703 frames.
LOG (gmm-acc-stats-twofeats[5.5.907~1-cbed4]:main():gmm-acc-stats-twofeats.cc:140) Average like for this file is -50.4641 over 643 frames.
LOG (gmm-acc-stats-twofeats[5.5.907~1-cbed4]:main():gmm-acc-stats-twofeats.cc:140) Average like for this file is -50.7448 over 498 frames.
LOG (gmm-acc-stats-twofeats[5.5.907~1-cbed4]:main():gmm-acc-stats-twofeats.cc:140) Average like for this file is -51.7093 over 690 frames.
LOG (gmm-acc-stats-twofeats[5.5.907~1-cbed4]:main():gmm-acc-stats-twofeats.cc:140) Average like for this file is -50.3317 over 574 frames.
LOG (gmm-acc-stats-twofeats[5.5.907~1-cbed4]:main():gmm-acc-stats-twofeats.cc:146) Avg like per frame so far is -51.8755
LOG (gmm-acc-stats-twofeats[5.5.907~1-cbed4]:main():gmm-acc-stats-twofeats.cc:140) Average like for this file is -49.9387 over 467 frames.
LOG (gmm-acc-stats-twofeats[5.5.907~1-cbed4]:main():gmm-acc-stats-twofeats.cc:140) Average like for this file is -49.9088 over 593 frames.
LOG (gmm-acc-stats-twofeats[5.5.907~1-cbed4]:main():gmm-acc-stats-twofeats.cc:140) Average like for this file is -50.1893 over 424 frames.
LOG (gmm-acc-stats-twofeats[5.5.907~1-cbed4]:main():gmm-acc-stats-twofeats.cc:140) Average like for this file is -51.305 over 634 frames.
LOG (gmm-acc-stats-twofeats[5.5.907~1-cbed4]:main():gmm-acc-stats-twofeats.cc:140) Average like for this file is -51.608 over 558 frames.
LOG (gmm-acc-stats-twofeats[5.5.907~1-cbed4]:main():gmm-acc-stats-twofeats.cc:140) Average like for this file is -52.7873 over 564 frames.
LOG (gmm-acc-stats-twofeats[5.5.907~1-cbed4]:main():gmm-acc-stats-twofeats.cc:140) Average like for this file is -51.1791 over 632 frames.
LOG (gmm-acc-stats-twofeats[5.5.907~1-cbed4]:main():gmm-acc-stats-twofeats.cc:140) Average like for this file is -51.8773 over 727 frames.
LOG (gmm-acc-stats-twofeats[5.5.907~1-cbed4]:main():gmm-acc-stats-twofeats.cc:140) Average like for this file is -51.234 over 601 frames.
LOG (gmm-acc-stats-twofeats[5.5.907~1-cbed4]:main():gmm-acc-stats-twofeats.cc:140) Average like for this file is -49.8111 over 851 frames.
LOG (gmm-acc-stats-twofeats[5.5.907~1-cbed4]:main():gmm-acc-stats-twofeats.cc:146) Avg like per frame so far is -51.8174
LOG (gmm-acc-stats-twofeats[5.5.907~1-cbed4]:main():gmm-acc-stats-twofeats.cc:140) Average like for this file is -50.1388 over 668 frames.
LOG (gmm-acc-stats-twofeats[5.5.907~1-cbed4]:main():gmm-acc-stats-twofeats.cc:140) Average like for this file is -51.3692 over 512 frames.
LOG (gmm-acc-stats-twofeats[5.5.907~1-cbed4]:main():gmm-acc-stats-twofeats.cc:140) Average like for this file is -51.6664 over 508 frames.
LOG (gmm-acc-stats-twofeats[5.5.907~1-cbed4]:main():gmm-acc-stats-twofeats.cc:140) Average like for this file is -50.795 over 661 frames.
LOG (gmm-acc-stats-twofeats[5.5.907~1-cbed4]:main():gmm-acc-stats-twofeats.cc:140) Average like for this file is -50.8651 over 847 frames.
LOG (gmm-acc-stats-twofeats[5.5.907~1-cbed4]:main():gmm-acc-stats-twofeats.cc:140) Average like for this file is -51.3432 over 705 frames.
LOG (gmm-acc-stats-twofeats[5.5.907~1-cbed4]:main():gmm-acc-stats-twofeats.cc:140) Average like for this file is -50.3453 over 712 frames.
LOG (gmm-acc-stats-twofeats[5.5.907~1-cbed4]:main():gmm-acc-stats-twofeats.cc:140) Average like for this file is -51.4217 over 656 frames.
LOG (gmm-acc-stats-twofeats[5.5.907~1-cbed4]:main():gmm-acc-stats-twofeats.cc:140) Average like for this file is -51.5628 over 868 frames.
LOG (gmm-acc-stats-twofeats[5.5.907~1-cbed4]:main():gmm-acc-stats-twofeats.cc:140) Average like for this file is -51.4473 over 556 frames.
LOG (gmm-acc-stats-twofeats[5.5.907~1-cbed4]:main():gmm-acc-stats-twofeats.cc:146) Avg like per frame so far is -51.7672
LOG (gmm-acc-stats-twofeats[5.5.907~1-cbed4]:main():gmm-acc-stats-twofeats.cc:140) Average like for this file is -52.5166 over 888 frames.
LOG (gmm-acc-stats-twofeats[5.5.907~1-cbed4]:main():gmm-acc-stats-twofeats.cc:140) Average like for this file is -51.7525 over 790 frames.
LOG (gmm-acc-stats-twofeats[5.5.907~1-cbed4]:main():gmm-acc-stats-twofeats.cc:140) Average like for this file is -53.6117 over 662 frames.
LOG (gmm-acc-stats-twofeats[5.5.907~1-cbed4]:main():gmm-acc-stats-twofeats.cc:140) Average like for this file is -51.885 over 657 frames.
LOG (gmm-acc-stats-twofeats[5.5.907~1-cbed4]:main():gmm-acc-stats-twofeats.cc:140) Average like for this file is -51.0754 over 882 frames.
LOG (gmm-acc-stats-twofeats[5.5.907~1-cbed4]:main():gmm-acc-stats-twofeats.cc:140) Average like for this file is -52.2519 over 764 frames.
LOG (gmm-acc-stats-twofeats[5.5.907~1-cbed4]:main():gmm-acc-stats-twofeats.cc:140) Average like for this file is -49.6214 over 699 frames.
LOG (gmm-acc-stats-twofeats[5.5.907~1-cbed4]:main():gmm-acc-stats-twofeats.cc:140) Average like for this file is -51.7555 over 658 frames.
LOG (gmm-acc-stats-twofeats[5.5.907~1-cbed4]:main():gmm-acc-stats-twofeats.cc:140) Average like for this file is -52.5798 over 582 frames.
LOG (gmm-acc-stats-twofeats[5.5.907~1-cbed4]:main():gmm-acc-stats-twofeats.cc:140) Average like for this file is -52.374 over 649 frames.
LOG (gmm-acc-stats-twofeats[5.5.907~1-cbed4]:main():gmm-acc-stats-twofeats.cc:146) Avg like per frame so far is -51.7773
LOG (gmm-acc-stats-twofeats[5.5.907~1-cbed4]:main():gmm-acc-stats-twofeats.cc:140) Average like for this file is -51.1644 over 541 frames.
LOG (gmm-acc-stats-twofeats[5.5.907~1-cbed4]:main():gmm-acc-stats-twofeats.cc:140) Average like for this file is -51.6485 over 727 frames.
LOG (gmm-acc-stats-twofeats[5.5.907~1-cbed4]:main():gmm-acc-stats-twofeats.cc:140) Average like for this file is -51.8512 over 513 frames.
LOG (gmm-acc-stats-twofeats[5.5.907~1-cbed4]:main():gmm-acc-stats-twofeats.cc:140) Average like for this file is -51.5829 over 688 frames.
LOG (gmm-acc-stats-twofeats[5.5.907~1-cbed4]:main():gmm-acc-stats-twofeats.cc:140) Average like for this file is -52.0951 over 708 frames.
LOG (gmm-acc-stats-twofeats[5.5.907~1-cbed4]:main():gmm-acc-stats-twofeats.cc:140) Average like for this file is -52.651 over 894 frames.
LOG (gmm-acc-stats-twofeats[5.5.907~1-cbed4]:main():gmm-acc-stats-twofeats.cc:140) Average like for this file is -51.249 over 760 frames.
LOG (gmm-acc-stats-twofeats[5.5.907~1-cbed4]:main():gmm-acc-stats-twofeats.cc:140) Average like for this file is -52.4557 over 723 frames.
LOG (gmm-acc-stats-twofeats[5.5.907~1-cbed4]:main():gmm-acc-stats-twofeats.cc:140) Average like for this file is -52.8876 over 720 frames.
LOG (gmm-acc-stats-twofeats[5.5.907~1-cbed4]:main():gmm-acc-stats-twofeats.cc:140) Average like for this file is -53.3055 over 691 frames.
LOG (gmm-acc-stats-twofeats[5.5.907~1-cbed4]:main():gmm-acc-stats-twofeats.cc:146) Avg like per frame so far is -51.7987
LOG (gmm-acc-stats-twofeats[5.5.907~1-cbed4]:main():gmm-acc-stats-twofeats.cc:140) Average like for this file is -52.3747 over 821 frames.
LOG (gmm-acc-stats-twofeats[5.5.907~1-cbed4]:main():gmm-acc-stats-twofeats.cc:140) Average like for this file is -53.1663 over 717 frames.
LOG (gmm-acc-stats-twofeats[5.5.907~1-cbed4]:main():gmm-acc-stats-twofeats.cc:140) Average like for this file is -52.763 over 818 frames.
LOG (gmm-acc-stats-twofeats[5.5.907~1-cbed4]:main():gmm-acc-stats-twofeats.cc:140) Average like for this file is -52.7827 over 695 frames.
LOG (gmm-acc-stats-twofeats[5.5.907~1-cbed4]:main():gmm-acc-stats-twofeats.cc:140) Average like for this file is -52.8028 over 643 frames.
LOG (gmm-acc-stats-twofeats[5.5.907~1-cbed4]:main():gmm-acc-stats-twofeats.cc:140) Average like for this file is -50.9494 over 699 frames.
LOG (gmm-acc-stats-twofeats[5.5.907~1-cbed4]:main():gmm-acc-stats-twofeats.cc:140) Average like for this file is -52.7638 over 682 frames.
LOG (gmm-acc-stats-twofeats[5.5.907~1-cbed4]:main():gmm-acc-stats-twofeats.cc:140) Average like for this file is -51.9493 over 701 frames.
LOG (gmm-acc-stats-twofeats[5.5.907~1-cbed4]:main():gmm-acc-stats-twofeats.cc:140) Average like for this file is -53.8461 over 744 frames.
LOG (gmm-acc-stats-twofeats[5.5.907~1-cbed4]:main():gmm-acc-stats-twofeats.cc:140) Average like for this file is -53.1132 over 660 frames.
LOG (gmm-acc-stats-twofeats[5.5.907~1-cbed4]:main():gmm-acc-stats-twofeats.cc:146) Avg like per frame so far is -51.8496
LOG (gmm-acc-stats-twofeats[5.5.907~1-cbed4]:main():gmm-acc-stats-twofeats.cc:140) Average like for this file is -53.1613 over 722 frames.
LOG (gmm-acc-stats-twofeats[5.5.907~1-cbed4]:main():gmm-acc-stats-twofeats.cc:140) Average like for this file is -52.0955 over 690 frames.
LOG (gmm-acc-stats-twofeats[5.5.907~1-cbed4]:main():gmm-acc-stats-twofeats.cc:140) Average like for this file is -54.2711 over 770 frames.
LOG (gmm-acc-stats-twofeats[5.5.907~1-cbed4]:main():gmm-acc-stats-twofeats.cc:140) Average like for this file is -50.5242 over 691 frames.
LOG (gmm-acc-stats-twofeats[5.5.907~1-cbed4]:main():gmm-acc-stats-twofeats.cc:140) Average like for this file is -51.5737 over 836 frames.
LOG (gmm-acc-stats-twofeats[5.5.907~1-cbed4]:main():gmm-acc-stats-twofeats.cc:140) Average like for this file is -52.2898 over 714 frames.
LOG (gmm-acc-stats-twofeats[5.5.907~1-cbed4]:main():gmm-acc-stats-twofeats.cc:140) Average like for this file is -51.0367 over 748 frames.
LOG (gmm-acc-stats-twofeats[5.5.907~1-cbed4]:main():gmm-acc-stats-twofeats.cc:140) Average like for this file is -50.138 over 579 frames.
LOG (gmm-acc-stats-twofeats[5.5.907~1-cbed4]:main():gmm-acc-stats-twofeats.cc:140) Average like for this file is -52.1183 over 743 frames.
LOG (gmm-acc-stats-twofeats[5.5.907~1-cbed4]:main():gmm-acc-stats-twofeats.cc:140) Average like for this file is -51.0609 over 495 frames.
LOG (gmm-acc-stats-twofeats[5.5.907~1-cbed4]:main():gmm-acc-stats-twofeats.cc:146) Avg like per frame so far is -51.8524
LOG (gmm-acc-stats-twofeats[5.5.907~1-cbed4]:main():gmm-acc-stats-twofeats.cc:140) Average like for this file is -49.4255 over 783 frames.
LOG (gmm-acc-stats-twofeats[5.5.907~1-cbed4]:main():gmm-acc-stats-twofeats.cc:140) Average like for this file is -50.1234 over 623 frames.
LOG (gmm-acc-stats-twofeats[5.5.907~1-cbed4]:main():gmm-acc-stats-twofeats.cc:140) Average like for this file is -50.1748 over 747 frames.
LOG (gmm-acc-stats-twofeats[5.5.907~1-cbed4]:main():gmm-acc-stats-twofeats.cc:140) Average like for this file is -51.8904 over 609 frames.
LOG (gmm-acc-stats-twofeats[5.5.907~1-cbed4]:main():gmm-acc-stats-twofeats.cc:140) Average like for this file is -51.689 over 847 frames.
LOG (gmm-acc-stats-twofeats[5.5.907~1-cbed4]:main():gmm-acc-stats-twofeats.cc:140) Average like for this file is -49.7017 over 558 frames.
LOG (gmm-acc-stats-twofeats[5.5.907~1-cbed4]:main():gmm-acc-stats-twofeats.cc:140) Average like for this file is -49.8408 over 721 frames.
LOG (gmm-acc-stats-twofeats[5.5.907~1-cbed4]:main():gmm-acc-stats-twofeats.cc:140) Average like for this file is -50.4777 over 722 frames.
LOG (gmm-acc-stats-twofeats[5.5.907~1-cbed4]:main():gmm-acc-stats-twofeats.cc:140) Average like for this file is -51.0172 over 864 frames.
LOG (gmm-acc-stats-twofeats[5.5.907~1-cbed4]:main():gmm-acc-stats-twofeats.cc:140) Average like for this file is -50.8641 over 814 frames.
LOG (gmm-acc-stats-twofeats[5.5.907~1-cbed4]:main():gmm-acc-stats-twofeats.cc:146) Avg like per frame so far is -51.7818
LOG (gmm-acc-stats-twofeats[5.5.907~1-cbed4]:main():gmm-acc-stats-twofeats.cc:140) Average like for this file is -52.1446 over 943 frames.
LOG (gmm-acc-stats-twofeats[5.5.907~1-cbed4]:main():gmm-acc-stats-twofeats.cc:140) Average like for this file is -50.6468 over 671 frames.
LOG (gmm-acc-stats-twofeats[5.5.907~1-cbed4]:main():gmm-acc-stats-twofeats.cc:140) Average like for this file is -52.2016 over 944 frames.
LOG (gmm-acc-stats-twofeats[5.5.907~1-cbed4]:main():gmm-acc-stats-twofeats.cc:140) Average like for this file is -52.2452 over 540 frames.
LOG (gmm-acc-stats-twofeats[5.5.907~1-cbed4]:main():gmm-acc-stats-twofeats.cc:140) Average like for this file is -51.3162 over 643 frames.
LOG (gmm-acc-stats-twofeats[5.5.907~1-cbed4]:main():gmm-acc-stats-twofeats.cc:140) Average like for this file is -51.2772 over 861 frames.
LOG (gmm-acc-stats-twofeats[5.5.907~1-cbed4]:main():gmm-acc-stats-twofeats.cc:140) Average like for this file is -51.1657 over 712 frames.
LOG (gmm-acc-stats-twofeats[5.5.907~1-cbed4]:main():gmm-acc-stats-twofeats.cc:140) Average like for this file is -51.5509 over 648 frames.
LOG (gmm-acc-stats-twofeats[5.5.907~1-cbed4]:main():gmm-acc-stats-twofeats.cc:140) Average like for this file is -52.2199 over 657 frames.
LOG (gmm-acc-stats-twofeats[5.5.907~1-cbed4]:main():gmm-acc-stats-twofeats.cc:140) Average like for this file is -53.2837 over 735 frames.
LOG (gmm-acc-stats-twofeats[5.5.907~1-cbed4]:main():gmm-acc-stats-twofeats.cc:146) Avg like per frame so far is -51.7839
LOG (gmm-acc-stats-twofeats[5.5.907~1-cbed4]:main():gmm-acc-stats-twofeats.cc:140) Average like for this file is -51.2813 over 448 frames.
LOG (gmm-acc-stats-twofeats[5.5.907~1-cbed4]:main():gmm-acc-stats-twofeats.cc:140) Average like for this file is -52.3823 over 644 frames.
LOG (gmm-acc-stats-twofeats[5.5.907~1-cbed4]:main():gmm-acc-stats-twofeats.cc:140) Average like for this file is -51.8815 over 606 frames.
LOG (gmm-acc-stats-twofeats[5.5.907~1-cbed4]:main():gmm-acc-stats-twofeats.cc:140) Average like for this file is -51.7596 over 625 frames.
LOG (gmm-acc-stats-twofeats[5.5.907~1-cbed4]:main():gmm-acc-stats-twofeats.cc:140) Average like for this file is -51.8102 over 591 frames.
LOG (gmm-acc-stats-twofeats[5.5.907~1-cbed4]:main():gmm-acc-stats-twofeats.cc:140) Average like for this file is -51.9895 over 605 frames.
LOG (gmm-acc-stats-twofeats[5.5.907~1-cbed4]:main():gmm-acc-stats-twofeats.cc:140) Average like for this file is -51.6996 over 900 frames.
LOG (gmm-acc-stats-twofeats[5.5.907~1-cbed4]:main():gmm-acc-stats-twofeats.cc:140) Average like for this file is -52.1414 over 553 frames.
LOG (gmm-acc-stats-twofeats[5.5.907~1-cbed4]:main():gmm-acc-stats-twofeats.cc:140) Average like for this file is -51.4637 over 747 frames.
LOG (gmm-acc-stats-twofeats[5.5.907~1-cbed4]:main():gmm-acc-stats-twofeats.cc:140) Average like for this file is -52.1082 over 697 frames.
LOG (gmm-acc-stats-twofeats[5.5.907~1-cbed4]:main():gmm-acc-stats-twofeats.cc:146) Avg like per frame so far is -51.787
LOG (gmm-acc-stats-twofeats[5.5.907~1-cbed4]:main():gmm-acc-stats-twofeats.cc:140) Average like for this file is -51.1917 over 666 frames.
LOG (gmm-acc-stats-twofeats[5.5.907~1-cbed4]:main():gmm-acc-stats-twofeats.cc:140) Average like for this file is -53.059 over 705 frames.
LOG (gmm-acc-stats-twofeats[5.5.907~1-cbed4]:main():gmm-acc-stats-twofeats.cc:140) Average like for this file is -50.5403 over 469 frames.
LOG (gmm-acc-stats-twofeats[5.5.907~1-cbed4]:main():gmm-acc-stats-twofeats.cc:140) Average like for this file is -51.9049 over 614 frames.
LOG (gmm-acc-stats-twofeats[5.5.907~1-cbed4]:main():gmm-acc-stats-twofeats.cc:140) Average like for this file is -56.3911 over 635 frames.
LOG (gmm-acc-stats-twofeats[5.5.907~1-cbed4]:main():gmm-acc-stats-twofeats.cc:140) Average like for this file is -55.3755 over 642 frames.
LOG (gmm-acc-stats-twofeats[5.5.907~1-cbed4]:main():gmm-acc-stats-twofeats.cc:140) Average like for this file is -52.6287 over 608 frames.
LOG (gmm-acc-stats-twofeats[5.5.907~1-cbed4]:main():gmm-acc-stats-twofeats.cc:140) Average like for this file is -52.8 over 721 frames.
LOG (gmm-acc-stats-twofeats[5.5.907~1-cbed4]:main():gmm-acc-stats-twofeats.cc:140) Average like for this file is -52.7275 over 519 frames.
LOG (gmm-acc-stats-twofeats[5.5.907~1-cbed4]:main():gmm-acc-stats-twofeats.cc:140) Average like for this file is -51.9185 over 522 frames.
LOG (gmm-acc-stats-twofeats[5.5.907~1-cbed4]:main():gmm-acc-stats-twofeats.cc:146) Avg like per frame so far is -51.8323
LOG (gmm-acc-stats-twofeats[5.5.907~1-cbed4]:main():gmm-acc-stats-twofeats.cc:140) Average like for this file is -52.6062 over 582 frames.
LOG (gmm-acc-stats-twofeats[5.5.907~1-cbed4]:main():gmm-acc-stats-twofeats.cc:140) Average like for this file is -51.4016 over 721 frames.
LOG (gmm-acc-stats-twofeats[5.5.907~1-cbed4]:main():gmm-acc-stats-twofeats.cc:140) Average like for this file is -52.1328 over 686 frames.
LOG (gmm-acc-stats-twofeats[5.5.907~1-cbed4]:main():gmm-acc-stats-twofeats.cc:140) Average like for this file is -55.136 over 679 frames.
LOG (gmm-acc-stats-twofeats[5.5.907~1-cbed4]:main():gmm-acc-stats-twofeats.cc:140) Average like for this file is -53.6095 over 830 frames.
LOG (gmm-acc-stats-twofeats[5.5.907~1-cbed4]:main():gmm-acc-stats-twofeats.cc:140) Average like for this file is -52.6141 over 751 frames.
LOG (gmm-acc-stats-twofeats[5.5.907~1-cbed4]:main():gmm-acc-stats-twofeats.cc:140) Average like for this file is -51.7139 over 680 frames.
LOG (gmm-acc-stats-twofeats[5.5.907~1-cbed4]:main():gmm-acc-stats-twofeats.cc:140) Average like for this file is -52.8022 over 656 frames.
LOG (gmm-acc-stats-twofeats[5.5.907~1-cbed4]:main():gmm-acc-stats-twofeats.cc:140) Average like for this file is -51.0605 over 575 frames.
LOG (gmm-acc-stats-twofeats[5.5.907~1-cbed4]:main():gmm-acc-stats-twofeats.cc:140) Average like for this file is -51.888 over 670 frames.
LOG (gmm-acc-stats-twofeats[5.5.907~1-cbed4]:main():gmm-acc-stats-twofeats.cc:146) Avg like per frame so far is -51.8621
LOG (gmm-acc-stats-twofeats[5.5.907~1-cbed4]:main():gmm-acc-stats-twofeats.cc:140) Average like for this file is -53.3644 over 643 frames.
LOG (gmm-acc-stats-twofeats[5.5.907~1-cbed4]:main():gmm-acc-stats-twofeats.cc:140) Average like for this file is -50.6232 over 518 frames.
LOG (gmm-acc-stats-twofeats[5.5.907~1-cbed4]:main():gmm-acc-stats-twofeats.cc:140) Average like for this file is -49.9086 over 834 frames.
LOG (gmm-acc-stats-twofeats[5.5.907~1-cbed4]:main():gmm-acc-stats-twofeats.cc:140) Average like for this file is -53.1677 over 679 frames.
LOG (gmm-acc-stats-twofeats[5.5.907~1-cbed4]:main():gmm-acc-stats-twofeats.cc:140) Average like for this file is -52.043 over 489 frames.
LOG (gmm-acc-stats-twofeats[5.5.907~1-cbed4]:main():gmm-acc-stats-twofeats.cc:140) Average like for this file is -51.1764 over 782 frames.
LOG (gmm-acc-stats-twofeats[5.5.907~1-cbed4]:main():gmm-acc-stats-twofeats.cc:140) Average like for this file is -52.1237 over 736 frames.
LOG (gmm-acc-stats-twofeats[5.5.907~1-cbed4]:main():gmm-acc-stats-twofeats.cc:140) Average like for this file is -53.5615 over 640 frames.
LOG (gmm-acc-stats-twofeats[5.5.907~1-cbed4]:main():gmm-acc-stats-twofeats.cc:140) Average like for this file is -53.8063 over 798 frames.
LOG (gmm-acc-stats-twofeats[5.5.907~1-cbed4]:main():gmm-acc-stats-twofeats.cc:140) Average like for this file is -51.7384 over 570 frames.
LOG (gmm-acc-stats-twofeats[5.5.907~1-cbed4]:main():gmm-acc-stats-twofeats.cc:146) Avg like per frame so far is -51.8733
LOG (gmm-acc-stats-twofeats[5.5.907~1-cbed4]:main():gmm-acc-stats-twofeats.cc:140) Average like for this file is -54.2875 over 661 frames.
LOG (gmm-acc-stats-twofeats[5.5.907~1-cbed4]:main():gmm-acc-stats-twofeats.cc:140) Average like for this file is -52.5452 over 666 frames.
LOG (gmm-acc-stats-twofeats[5.5.907~1-cbed4]:main():gmm-acc-stats-twofeats.cc:140) Average like for this file is -52.5571 over 790 frames.
LOG (gmm-acc-stats-twofeats[5.5.907~1-cbed4]:main():gmm-acc-stats-twofeats.cc:140) Average like for this file is -51.7641 over 640 frames.
LOG (gmm-acc-stats-twofeats[5.5.907~1-cbed4]:main():gmm-acc-stats-twofeats.cc:140) Average like for this file is -51.9374 over 610 frames.
LOG (gmm-acc-stats-twofeats[5.5.907~1-cbed4]:main():gmm-acc-stats-twofeats.cc:140) Average like for this file is -52.0707 over 665 frames.
LOG (gmm-acc-stats-twofeats[5.5.907~1-cbed4]:main():gmm-acc-stats-twofeats.cc:140) Average like for this file is -53.1126 over 560 frames.
LOG (gmm-acc-stats-twofeats[5.5.907~1-cbed4]:main():gmm-acc-stats-twofeats.cc:140) Average like for this file is -52.2838 over 671 frames.
LOG (gmm-acc-stats-twofeats[5.5.907~1-cbed4]:main():gmm-acc-stats-twofeats.cc:140) Average like for this file is -53.328 over 635 frames.
LOG (gmm-acc-stats-twofeats[5.5.907~1-cbed4]:main():gmm-acc-stats-twofeats.cc:140) Average like for this file is -53.3352 over 807 frames.
LOG (gmm-acc-stats-twofeats[5.5.907~1-cbed4]:main():gmm-acc-stats-twofeats.cc:146) Avg like per frame so far is -51.9063
LOG (gmm-acc-stats-twofeats[5.5.907~1-cbed4]:main():gmm-acc-stats-twofeats.cc:140) Average like for this file is -51.3313 over 638 frames.
LOG (gmm-acc-stats-twofeats[5.5.907~1-cbed4]:main():gmm-acc-stats-twofeats.cc:140) Average like for this file is -51.9687 over 730 frames.
LOG (gmm-acc-stats-twofeats[5.5.907~1-cbed4]:main():gmm-acc-stats-twofeats.cc:140) Average like for this file is -53.1111 over 765 frames.
LOG (gmm-acc-stats-twofeats[5.5.907~1-cbed4]:main():gmm-acc-stats-twofeats.cc:140) Average like for this file is -52.3186 over 601 frames.
LOG (gmm-acc-stats-twofeats[5.5.907~1-cbed4]:main():gmm-acc-stats-twofeats.cc:140) Average like for this file is -52.2695 over 847 frames.
LOG (gmm-acc-stats-twofeats[5.5.907~1-cbed4]:main():gmm-acc-stats-twofeats.cc:140) Average like for this file is -49.6522 over 909 frames.
LOG (gmm-acc-stats-twofeats[5.5.907~1-cbed4]:main():gmm-acc-stats-twofeats.cc:140) Average like for this file is -49.3228 over 798 frames.
LOG (gmm-acc-stats-twofeats[5.5.907~1-cbed4]:main():gmm-acc-stats-twofeats.cc:140) Average like for this file is -50.9983 over 601 frames.
LOG (gmm-acc-stats-twofeats[5.5.907~1-cbed4]:main():gmm-acc-stats-twofeats.cc:140) Average like for this file is -49.8286 over 625 frames.
LOG (gmm-acc-stats-twofeats[5.5.907~1-cbed4]:main():gmm-acc-stats-twofeats.cc:140) Average like for this file is -49.8886 over 760 frames.
LOG (gmm-acc-stats-twofeats[5.5.907~1-cbed4]:main():gmm-acc-stats-twofeats.cc:146) Avg like per frame so far is -51.8715
LOG (gmm-acc-stats-twofeats[5.5.907~1-cbed4]:main():gmm-acc-stats-twofeats.cc:140) Average like for this file is -50.4357 over 710 frames.
LOG (gmm-acc-stats-twofeats[5.5.907~1-cbed4]:main():gmm-acc-stats-twofeats.cc:140) Average like for this file is -49.429 over 758 frames.
LOG (gmm-acc-stats-twofeats[5.5.907~1-cbed4]:main():gmm-acc-stats-twofeats.cc:140) Average like for this file is -53.3721 over 717 frames.
LOG (gmm-acc-stats-twofeats[5.5.907~1-cbed4]:main():gmm-acc-stats-twofeats.cc:140) Average like for this file is -50.9698 over 610 frames.
LOG (gmm-acc-stats-twofeats[5.5.907~1-cbed4]:main():gmm-acc-stats-twofeats.cc:140) Average like for this file is -50.7409 over 535 frames.
LOG (gmm-acc-stats-twofeats[5.5.907~1-cbed4]:main():gmm-acc-stats-twofeats.cc:140) Average like for this file is -52.153 over 622 frames.
LOG (gmm-acc-stats-twofeats[5.5.907~1-cbed4]:main():gmm-acc-stats-twofeats.cc:140) Average like for this file is -50.2206 over 740 frames.
LOG (gmm-acc-stats-twofeats[5.5.907~1-cbed4]:main():gmm-acc-stats-twofeats.cc:140) Average like for this file is -51.0033 over 739 frames.
LOG (gmm-acc-stats-twofeats[5.5.907~1-cbed4]:main():gmm-acc-stats-twofeats.cc:140) Average like for this file is -52.8274 over 795 frames.
LOG (gmm-acc-stats-twofeats[5.5.907~1-cbed4]:main():gmm-acc-stats-twofeats.cc:140) Average like for this file is -55.0564 over 583 frames.
LOG (gmm-acc-stats-twofeats[5.5.907~1-cbed4]:main():gmm-acc-stats-twofeats.cc:146) Avg like per frame so far is -51.8608
LOG (gmm-acc-stats-twofeats[5.5.907~1-cbed4]:main():gmm-acc-stats-twofeats.cc:140) Average like for this file is -55.5086 over 872 frames.
LOG (gmm-acc-stats-twofeats[5.5.907~1-cbed4]:main():gmm-acc-stats-twofeats.cc:140) Average like for this file is -54.5798 over 769 frames.
LOG (gmm-acc-stats-twofeats[5.5.907~1-cbed4]:main():gmm-acc-stats-twofeats.cc:140) Average like for this file is -53.3773 over 710 frames.
LOG (gmm-acc-stats-twofeats[5.5.907~1-cbed4]:main():gmm-acc-stats-twofeats.cc:140) Average like for this file is -52.6644 over 805 frames.
LOG (gmm-acc-stats-twofeats[5.5.907~1-cbed4]:main():gmm-acc-stats-twofeats.cc:140) Average like for this file is -52.689 over 699 frames.
LOG (gmm-acc-stats-twofeats[5.5.907~1-cbed4]:main():gmm-acc-stats-twofeats.cc:140) Average like for this file is -52.0232 over 899 frames.
LOG (gmm-acc-stats-twofeats[5.5.907~1-cbed4]:main():gmm-acc-stats-twofeats.cc:140) Average like for this file is -53.6617 over 746 frames.
LOG (gmm-acc-stats-twofeats[5.5.907~1-cbed4]:main():gmm-acc-stats-twofeats.cc:140) Average like for this file is -54.9417 over 731 frames.
LOG (gmm-acc-stats-twofeats[5.5.907~1-cbed4]:main():gmm-acc-stats-twofeats.cc:140) Average like for this file is -53.2689 over 596 frames.
LOG (gmm-acc-stats-twofeats[5.5.907~1-cbed4]:main():gmm-acc-stats-twofeats.cc:140) Average like for this file is -53.5305 over 618 frames.
LOG (gmm-acc-stats-twofeats[5.5.907~1-cbed4]:main():gmm-acc-stats-twofeats.cc:146) Avg like per frame so far is -51.928
LOG (gmm-acc-stats-twofeats[5.5.907~1-cbed4]:main():gmm-acc-stats-twofeats.cc:140) Average like for this file is -51.6499 over 725 frames.
LOG (gmm-acc-stats-twofeats[5.5.907~1-cbed4]:main():gmm-acc-stats-twofeats.cc:140) Average like for this file is -52.193 over 694 frames.
LOG (gmm-acc-stats-twofeats[5.5.907~1-cbed4]:main():gmm-acc-stats-twofeats.cc:140) Average like for this file is -52.4091 over 582 frames.
LOG (gmm-acc-stats-twofeats[5.5.907~1-cbed4]:main():gmm-acc-stats-twofeats.cc:140) Average like for this file is -51.3677 over 636 frames.
LOG (gmm-acc-stats-twofeats[5.5.907~1-cbed4]:main():gmm-acc-stats-twofeats.cc:140) Average like for this file is -50.2211 over 739 frames.
LOG (gmm-acc-stats-twofeats[5.5.907~1-cbed4]:main():gmm-acc-stats-twofeats.cc:140) Average like for this file is -53.7971 over 545 frames.
LOG (gmm-acc-stats-twofeats[5.5.907~1-cbed4]:main():gmm-acc-stats-twofeats.cc:140) Average like for this file is -51.3608 over 596 frames.
LOG (gmm-acc-stats-twofeats[5.5.907~1-cbed4]:main():gmm-acc-stats-twofeats.cc:140) Average like for this file is -51.2204 over 661 frames.
LOG (gmm-acc-stats-twofeats[5.5.907~1-cbed4]:main():gmm-acc-stats-twofeats.cc:140) Average like for this file is -51.7417 over 749 frames.
LOG (gmm-acc-stats-twofeats[5.5.907~1-cbed4]:main():gmm-acc-stats-twofeats.cc:140) Average like for this file is -53.5509 over 680 frames.
LOG (gmm-acc-stats-twofeats[5.5.907~1-cbed4]:main():gmm-acc-stats-twofeats.cc:146) Avg like per frame so far is -51.9271
LOG (gmm-acc-stats-twofeats[5.5.907~1-cbed4]:main():gmm-acc-stats-twofeats.cc:140) Average like for this file is -54.0364 over 850 frames.
LOG (gmm-acc-stats-twofeats[5.5.907~1-cbed4]:main():gmm-acc-stats-twofeats.cc:140) Average like for this file is -54.3146 over 601 frames.
LOG (gmm-acc-stats-twofeats[5.5.907~1-cbed4]:main():gmm-acc-stats-twofeats.cc:140) Average like for this file is -51.7386 over 654 frames.
LOG (gmm-acc-stats-twofeats[5.5.907~1-cbed4]:main():gmm-acc-stats-twofeats.cc:140) Average like for this file is -54.3421 over 602 frames.
LOG (gmm-acc-stats-twofeats[5.5.907~1-cbed4]:main():gmm-acc-stats-twofeats.cc:140) Average like for this file is -53.7907 over 926 frames.
LOG (gmm-acc-stats-twofeats[5.5.907~1-cbed4]:main():gmm-acc-stats-twofeats.cc:140) Average like for this file is -53.6551 over 894 frames.
LOG (gmm-acc-stats-twofeats[5.5.907~1-cbed4]:main():gmm-acc-stats-twofeats.cc:140) Average like for this file is -54.4057 over 678 frames.
LOG (gmm-acc-stats-twofeats[5.5.907~1-cbed4]:main():gmm-acc-stats-twofeats.cc:140) Average like for this file is -54.1484 over 703 frames.
LOG (gmm-acc-stats-twofeats[5.5.907~1-cbed4]:main():gmm-acc-stats-twofeats.cc:140) Average like for this file is -55.6017 over 777 frames.
LOG (gmm-acc-stats-twofeats[5.5.907~1-cbed4]:main():gmm-acc-stats-twofeats.cc:140) Average like for this file is -53.0815 over 651 frames.
LOG (gmm-acc-stats-twofeats[5.5.907~1-cbed4]:main():gmm-acc-stats-twofeats.cc:146) Avg like per frame so far is -51.9969
LOG (gmm-acc-stats-twofeats[5.5.907~1-cbed4]:main():gmm-acc-stats-twofeats.cc:140) Average like for this file is -54.1355 over 739 frames.
LOG (gmm-acc-stats-twofeats[5.5.907~1-cbed4]:main():gmm-acc-stats-twofeats.cc:140) Average like for this file is -56.2843 over 762 frames.
LOG (gmm-acc-stats-twofeats[5.5.907~1-cbed4]:main():gmm-acc-stats-twofeats.cc:140) Average like for this file is -53.552 over 736 frames.
LOG (gmm-acc-stats-twofeats[5.5.907~1-cbed4]:main():gmm-acc-stats-twofeats.cc:140) Average like for this file is -55.6395 over 730 frames.
LOG (gmm-acc-stats-twofeats[5.5.907~1-cbed4]:main():gmm-acc-stats-twofeats.cc:140) Average like for this file is -55.4101 over 666 frames.
LOG (gmm-acc-stats-twofeats[5.5.907~1-cbed4]:main():gmm-acc-stats-twofeats.cc:140) Average like for this file is -54.0308 over 768 frames.
LOG (gmm-acc-stats-twofeats[5.5.907~1-cbed4]:main():gmm-acc-stats-twofeats.cc:140) Average like for this file is -55.0073 over 705 frames.
LOG (gmm-acc-stats-twofeats[5.5.907~1-cbed4]:main():gmm-acc-stats-twofeats.cc:140) Average like for this file is -55.7314 over 713 frames.
LOG (gmm-acc-stats-twofeats[5.5.907~1-cbed4]:main():gmm-acc-stats-twofeats.cc:140) Average like for this file is -54.655 over 721 frames.
LOG (gmm-acc-stats-twofeats[5.5.907~1-cbed4]:main():gmm-acc-stats-twofeats.cc:140) Average like for this file is -54.8984 over 739 frames.
LOG (gmm-acc-stats-twofeats[5.5.907~1-cbed4]:main():gmm-acc-stats-twofeats.cc:146) Avg like per frame so far is -52.0949
LOG (gmm-acc-stats-twofeats[5.5.907~1-cbed4]:main():gmm-acc-stats-twofeats.cc:140) Average like for this file is -53.0785 over 692 frames.
LOG (gmm-acc-stats-twofeats[5.5.907~1-cbed4]:main():gmm-acc-stats-twofeats.cc:140) Average like for this file is -52.426 over 674 frames.
LOG (gmm-acc-stats-twofeats[5.5.907~1-cbed4]:main():gmm-acc-stats-twofeats.cc:140) Average like for this file is -53.4694 over 740 frames.
LOG (gmm-acc-stats-twofeats[5.5.907~1-cbed4]:main():gmm-acc-stats-twofeats.cc:140) Average like for this file is -54.6764 over 917 frames.
LOG (gmm-acc-stats-twofeats[5.5.907~1-cbed4]:main():gmm-acc-stats-twofeats.cc:140) Average like for this file is -53.0315 over 635 frames.
LOG (gmm-acc-stats-twofeats[5.5.907~1-cbed4]:main():gmm-acc-stats-twofeats.cc:140) Average like for this file is -52.9824 over 679 frames.
LOG (gmm-acc-stats-twofeats[5.5.907~1-cbed4]:main():gmm-acc-stats-twofeats.cc:140) Average like for this file is -54.8014 over 955 frames.
LOG (gmm-acc-stats-twofeats[5.5.907~1-cbed4]:main():gmm-acc-stats-twofeats.cc:140) Average like for this file is -55.435 over 628 frames.
LOG (gmm-acc-stats-twofeats[5.5.907~1-cbed4]:main():gmm-acc-stats-twofeats.cc:140) Average like for this file is -55.6206 over 688 frames.
LOG (gmm-acc-stats-twofeats[5.5.907~1-cbed4]:main():gmm-acc-stats-twofeats.cc:140) Average like for this file is -56.3825 over 799 frames.
LOG (gmm-acc-stats-twofeats[5.5.907~1-cbed4]:main():gmm-acc-stats-twofeats.cc:146) Avg like per frame so far is -52.1661
LOG (gmm-acc-stats-twofeats[5.5.907~1-cbed4]:main():gmm-acc-stats-twofeats.cc:140) Average like for this file is -56.6367 over 1041 frames.
LOG (gmm-acc-stats-twofeats[5.5.907~1-cbed4]:main():gmm-acc-stats-twofeats.cc:140) Average like for this file is -55.2249 over 874 frames.
LOG (gmm-acc-stats-twofeats[5.5.907~1-cbed4]:main():gmm-acc-stats-twofeats.cc:140) Average like for this file is -54.8663 over 836 frames.
LOG (gmm-acc-stats-twofeats[5.5.907~1-cbed4]:main():gmm-acc-stats-twofeats.cc:140) Average like for this file is -52.1297 over 925 frames.
LOG (gmm-acc-stats-twofeats[5.5.907~1-cbed4]:main():gmm-acc-stats-twofeats.cc:140) Average like for this file is -52 over 888 frames.
LOG (gmm-acc-stats-twofeats[5.5.907~1-cbed4]:main():gmm-acc-stats-twofeats.cc:140) Average like for this file is -51.5131 over 686 frames.
LOG (gmm-acc-stats-twofeats[5.5.907~1-cbed4]:main():gmm-acc-stats-twofeats.cc:140) Average like for this file is -52.5415 over 679 frames.
LOG (gmm-acc-stats-twofeats[5.5.907~1-cbed4]:main():gmm-acc-stats-twofeats.cc:140) Average like for this file is -52.0273 over 824 frames.
LOG (gmm-acc-stats-twofeats[5.5.907~1-cbed4]:main():gmm-acc-stats-twofeats.cc:140) Average like for this file is -51.6698 over 960 frames.
LOG (gmm-acc-stats-twofeats[5.5.907~1-cbed4]:main():gmm-acc-stats-twofeats.cc:140) Average like for this file is -51.44 over 625 frames.
LOG (gmm-acc-stats-twofeats[5.5.907~1-cbed4]:main():gmm-acc-stats-twofeats.cc:146) Avg like per frame so far is -52.2011
LOG (gmm-acc-stats-twofeats[5.5.907~1-cbed4]:main():gmm-acc-stats-twofeats.cc:140) Average like for this file is -52.155 over 720 frames.
LOG (gmm-acc-stats-twofeats[5.5.907~1-cbed4]:main():gmm-acc-stats-twofeats.cc:140) Average like for this file is -51.7415 over 781 frames.
LOG (gmm-acc-stats-twofeats[5.5.907~1-cbed4]:main():gmm-acc-stats-twofeats.cc:140) Average like for this file is -54.1078 over 947 frames.
LOG (gmm-acc-stats-twofeats[5.5.907~1-cbed4]:main():gmm-acc-stats-twofeats.cc:140) Average like for this file is -52.196 over 668 frames.
LOG (gmm-acc-stats-twofeats[5.5.907~1-cbed4]:main():gmm-acc-stats-twofeats.cc:140) Average like for this file is -53.2588 over 1298 frames.
LOG (gmm-acc-stats-twofeats[5.5.907~1-cbed4]:main():gmm-acc-stats-twofeats.cc:140) Average like for this file is -51.0115 over 654 frames.
LOG (gmm-acc-stats-twofeats[5.5.907~1-cbed4]:main():gmm-acc-stats-twofeats.cc:140) Average like for this file is -53.7096 over 431 frames.
LOG (gmm-acc-stats-twofeats[5.5.907~1-cbed4]:main():gmm-acc-stats-twofeats.cc:140) Average like for this file is -52.8963 over 340 frames.
LOG (gmm-acc-stats-twofeats[5.5.907~1-cbed4]:main():gmm-acc-stats-twofeats.cc:140) Average like for this file is -53.8386 over 447 frames.
LOG (gmm-acc-stats-twofeats[5.5.907~1-cbed4]:main():gmm-acc-stats-twofeats.cc:140) Average like for this file is -50.9994 over 614 frames.
LOG (gmm-acc-stats-twofeats[5.5.907~1-cbed4]:main():gmm-acc-stats-twofeats.cc:146) Avg like per frame so far is -52.2132
LOG (gmm-acc-stats-twofeats[5.5.907~1-cbed4]:main():gmm-acc-stats-twofeats.cc:140) Average like for this file is -51.3547 over 463 frames.
LOG (gmm-acc-stats-twofeats[5.5.907~1-cbed4]:main():gmm-acc-stats-twofeats.cc:140) Average like for this file is -52.4223 over 420 frames.
LOG (gmm-acc-stats-twofeats[5.5.907~1-cbed4]:main():gmm-acc-stats-twofeats.cc:140) Average like for this file is -50.0615 over 439 frames.
LOG (gmm-acc-stats-twofeats[5.5.907~1-cbed4]:main():gmm-acc-stats-twofeats.cc:140) Average like for this file is -50.3603 over 411 frames.
LOG (gmm-acc-stats-twofeats[5.5.907~1-cbed4]:main():gmm-acc-stats-twofeats.cc:140) Average like for this file is -51.9696 over 519 frames.
LOG (gmm-acc-stats-twofeats[5.5.907~1-cbed4]:main():gmm-acc-stats-twofeats.cc:140) Average like for this file is -49.3105 over 387 frames.
LOG (gmm-acc-stats-twofeats[5.5.907~1-cbed4]:main():gmm-acc-stats-twofeats.cc:140) Average like for this file is -51.9464 over 457 frames.
LOG (gmm-acc-stats-twofeats[5.5.907~1-cbed4]:main():gmm-acc-stats-twofeats.cc:140) Average like for this file is -51.0379 over 304 frames.
LOG (gmm-acc-stats-twofeats[5.5.907~1-cbed4]:main():gmm-acc-stats-twofeats.cc:140) Average like for this file is -52.1079 over 510 frames.
LOG (gmm-acc-stats-twofeats[5.5.907~1-cbed4]:main():gmm-acc-stats-twofeats.cc:140) Average like for this file is -52.4979 over 480 frames.
LOG (gmm-acc-stats-twofeats[5.5.907~1-cbed4]:main():gmm-acc-stats-twofeats.cc:146) Avg like per frame so far is -52.1982
LOG (gmm-acc-stats-twofeats[5.5.907~1-cbed4]:main():gmm-acc-stats-twofeats.cc:140) Average like for this file is -52.1511 over 496 frames.
LOG (gmm-acc-stats-twofeats[5.5.907~1-cbed4]:main():gmm-acc-stats-twofeats.cc:140) Average like for this file is -51.2947 over 341 frames.
LOG (gmm-acc-stats-twofeats[5.5.907~1-cbed4]:main():gmm-acc-stats-twofeats.cc:140) Average like for this file is -50.5403 over 428 frames.
LOG (gmm-acc-stats-twofeats[5.5.907~1-cbed4]:main():gmm-acc-stats-twofeats.cc:140) Average like for this file is -51.7579 over 439 frames.
LOG (gmm-acc-stats-twofeats[5.5.907~1-cbed4]:main():gmm-acc-stats-twofeats.cc:140) Average like for this file is -53.5841 over 475 frames.
LOG (gmm-acc-stats-twofeats[5.5.907~1-cbed4]:main():gmm-acc-stats-twofeats.cc:140) Average like for this file is -51.0818 over 582 frames.
LOG (gmm-acc-stats-twofeats[5.5.907~1-cbed4]:main():gmm-acc-stats-twofeats.cc:140) Average like for this file is -49.4478 over 540 frames.
LOG (gmm-acc-stats-twofeats[5.5.907~1-cbed4]:main():gmm-acc-stats-twofeats.cc:140) Average like for this file is -52.5614 over 545 frames.
LOG (gmm-acc-stats-twofeats[5.5.907~1-cbed4]:main():gmm-acc-stats-twofeats.cc:140) Average like for this file is -52.0384 over 372 frames.
LOG (gmm-acc-stats-twofeats[5.5.907~1-cbed4]:main():gmm-acc-stats-twofeats.cc:140) Average like for this file is -57.2171 over 658 frames.
LOG (gmm-acc-stats-twofeats[5.5.907~1-cbed4]:main():gmm-acc-stats-twofeats.cc:146) Avg like per frame so far is -52.2011
LOG (gmm-acc-stats-twofeats[5.5.907~1-cbed4]:main():gmm-acc-stats-twofeats.cc:140) Average like for this file is -50.8998 over 638 frames.
LOG (gmm-acc-stats-twofeats[5.5.907~1-cbed4]:main():gmm-acc-stats-twofeats.cc:140) Average like for this file is -51.6427 over 522 frames.
LOG (gmm-acc-stats-twofeats[5.5.907~1-cbed4]:main():gmm-acc-stats-twofeats.cc:140) Average like for this file is -52.8708 over 522 frames.
LOG (gmm-acc-stats-twofeats[5.5.907~1-cbed4]:main():gmm-acc-stats-twofeats.cc:140) Average like for this file is -51.6351 over 614 frames.
LOG (gmm-acc-stats-twofeats[5.5.907~1-cbed4]:main():gmm-acc-stats-twofeats.cc:140) Average like for this file is -51.753 over 703 frames.
LOG (gmm-acc-stats-twofeats[5.5.907~1-cbed4]:main():gmm-acc-stats-twofeats.cc:140) Average like for this file is -54.3465 over 550 frames.
LOG (gmm-acc-stats-twofeats[5.5.907~1-cbed4]:main():gmm-acc-stats-twofeats.cc:140) Average like for this file is -54.8927 over 628 frames.
LOG (gmm-acc-stats-twofeats[5.5.907~1-cbed4]:main():gmm-acc-stats-twofeats.cc:140) Average like for this file is -52.9436 over 922 frames.
LOG (gmm-acc-stats-twofeats[5.5.907~1-cbed4]:main():gmm-acc-stats-twofeats.cc:140) Average like for this file is -54.2956 over 773 frames.
LOG (gmm-acc-stats-twofeats[5.5.907~1-cbed4]:main():gmm-acc-stats-twofeats.cc:140) Average like for this file is -54.1942 over 791 frames.
LOG (gmm-acc-stats-twofeats[5.5.907~1-cbed4]:main():gmm-acc-stats-twofeats.cc:146) Avg like per frame so far is -52.2219
LOG (gmm-acc-stats-twofeats[5.5.907~1-cbed4]:main():gmm-acc-stats-twofeats.cc:140) Average like for this file is -55.9158 over 1156 frames.
LOG (gmm-acc-stats-twofeats[5.5.907~1-cbed4]:main():gmm-acc-stats-twofeats.cc:140) Average like for this file is -54.9084 over 470 frames.
LOG (gmm-acc-stats-twofeats[5.5.907~1-cbed4]:main():gmm-acc-stats-twofeats.cc:140) Average like for this file is -54.4062 over 718 frames.
LOG (gmm-acc-stats-twofeats[5.5.907~1-cbed4]:main():gmm-acc-stats-twofeats.cc:140) Average like for this file is -54.7962 over 590 frames.
LOG (gmm-acc-stats-twofeats[5.5.907~1-cbed4]:main():gmm-acc-stats-twofeats.cc:140) Average like for this file is -55.0141 over 684 frames.
LOG (gmm-acc-stats-twofeats[5.5.907~1-cbed4]:main():gmm-acc-stats-twofeats.cc:140) Average like for this file is -55.4241 over 755 frames.
LOG (gmm-acc-stats-twofeats[5.5.907~1-cbed4]:main():gmm-acc-stats-twofeats.cc:140) Average like for this file is -54.9032 over 651 frames.
LOG (gmm-acc-stats-twofeats[5.5.907~1-cbed4]:main():gmm-acc-stats-twofeats.cc:140) Average like for this file is -55.2714 over 480 frames.
LOG (gmm-acc-stats-twofeats[5.5.907~1-cbed4]:main():gmm-acc-stats-twofeats.cc:140) Average like for this file is -53.1526 over 389 frames.
LOG (gmm-acc-stats-twofeats[5.5.907~1-cbed4]:main():gmm-acc-stats-twofeats.cc:140) Average like for this file is -55.0956 over 591 frames.
LOG (gmm-acc-stats-twofeats[5.5.907~1-cbed4]:main():gmm-acc-stats-twofeats.cc:146) Avg like per frame so far is -52.2912
LOG (gmm-acc-stats-twofeats[5.5.907~1-cbed4]:main():gmm-acc-stats-twofeats.cc:140) Average like for this file is -53.9736 over 521 frames.
LOG (gmm-acc-stats-twofeats[5.5.907~1-cbed4]:main():gmm-acc-stats-twofeats.cc:140) Average like for this file is -55.0988 over 398 frames.
LOG (gmm-acc-stats-twofeats[5.5.907~1-cbed4]:main():gmm-acc-stats-twofeats.cc:140) Average like for this file is -52.8962 over 340 frames.
LOG (gmm-acc-stats-twofeats[5.5.907~1-cbed4]:main():gmm-acc-stats-twofeats.cc:140) Average like for this file is -52.2615 over 530 frames.
LOG (gmm-acc-stats-twofeats[5.5.907~1-cbed4]:main():gmm-acc-stats-twofeats.cc:140) Average like for this file is -54.9572 over 560 frames.
LOG (gmm-acc-stats-twofeats[5.5.907~1-cbed4]:main():gmm-acc-stats-twofeats.cc:140) Average like for this file is -52.5769 over 424 frames.
LOG (gmm-acc-stats-twofeats[5.5.907~1-cbed4]:main():gmm-acc-stats-twofeats.cc:140) Average like for this file is -55.2859 over 658 frames.
LOG (gmm-acc-stats-twofeats[5.5.907~1-cbed4]:main():gmm-acc-stats-twofeats.cc:140) Average like for this file is -52.6384 over 638 frames.
LOG (gmm-acc-stats-twofeats[5.5.907~1-cbed4]:main():gmm-acc-stats-twofeats.cc:140) Average like for this file is -53.0094 over 739 frames.
LOG (gmm-acc-stats-twofeats[5.5.907~1-cbed4]:main():gmm-acc-stats-twofeats.cc:140) Average like for this file is -53.1924 over 808 frames.
LOG (gmm-acc-stats-twofeats[5.5.907~1-cbed4]:main():gmm-acc-stats-twofeats.cc:146) Avg like per frame so far is -52.3183
LOG (gmm-acc-stats-twofeats[5.5.907~1-cbed4]:main():gmm-acc-stats-twofeats.cc:140) Average like for this file is -57.1102 over 727 frames.
LOG (gmm-acc-stats-twofeats[5.5.907~1-cbed4]:main():gmm-acc-stats-twofeats.cc:140) Average like for this file is -53.6545 over 492 frames.
LOG (gmm-acc-stats-twofeats[5.5.907~1-cbed4]:main():gmm-acc-stats-twofeats.cc:140) Average like for this file is -53.8073 over 695 frames.
LOG (gmm-acc-stats-twofeats[5.5.907~1-cbed4]:main():gmm-acc-stats-twofeats.cc:140) Average like for this file is -52.3599 over 703 frames.
LOG (gmm-acc-stats-twofeats[5.5.907~1-cbed4]:main():gmm-acc-stats-twofeats.cc:140) Average like for this file is -52.2885 over 703 frames.
LOG (gmm-acc-stats-twofeats[5.5.907~1-cbed4]:main():gmm-acc-stats-twofeats.cc:140) Average like for this file is -51.8479 over 800 frames.
LOG (gmm-acc-stats-twofeats[5.5.907~1-cbed4]:main():gmm-acc-stats-twofeats.cc:140) Average like for this file is -54.262 over 644 frames.
LOG (gmm-acc-stats-twofeats[5.5.907~1-cbed4]:main():gmm-acc-stats-twofeats.cc:140) Average like for this file is -51.8271 over 618 frames.
LOG (gmm-acc-stats-twofeats[5.5.907~1-cbed4]:main():gmm-acc-stats-twofeats.cc:140) Average like for this file is -53.0882 over 506 frames.
LOG (gmm-acc-stats-twofeats[5.5.907~1-cbed4]:main():gmm-acc-stats-twofeats.cc:140) Average like for this file is -53.7102 over 515 frames.
LOG (gmm-acc-stats-twofeats[5.5.907~1-cbed4]:main():gmm-acc-stats-twofeats.cc:146) Avg like per frame so far is -52.3432
LOG (gmm-acc-stats-twofeats[5.5.907~1-cbed4]:main():gmm-acc-stats-twofeats.cc:140) Average like for this file is -51.257 over 587 frames.
LOG (gmm-acc-stats-twofeats[5.5.907~1-cbed4]:main():gmm-acc-stats-twofeats.cc:140) Average like for this file is -52.6112 over 493 frames.
LOG (gmm-acc-stats-twofeats[5.5.907~1-cbed4]:main():gmm-acc-stats-twofeats.cc:140) Average like for this file is -51.5765 over 664 frames.
LOG (gmm-acc-stats-twofeats[5.5.907~1-cbed4]:main():gmm-acc-stats-twofeats.cc:140) Average like for this file is -52.0018 over 528 frames.
LOG (gmm-acc-stats-twofeats[5.5.907~1-cbed4]:main():gmm-acc-stats-twofeats.cc:140) Average like for this file is -53.1899 over 725 frames.
LOG (gmm-acc-stats-twofeats[5.5.907~1-cbed4]:main():gmm-acc-stats-twofeats.cc:140) Average like for this file is -54.067 over 703 frames.
LOG (gmm-acc-stats-twofeats[5.5.907~1-cbed4]:main():gmm-acc-stats-twofeats.cc:140) Average like for this file is -52.3446 over 735 frames.
LOG (gmm-acc-stats-twofeats[5.5.907~1-cbed4]:main():gmm-acc-stats-twofeats.cc:140) Average like for this file is -53.2644 over 727 frames.
LOG (gmm-acc-stats-twofeats[5.5.907~1-cbed4]:main():gmm-acc-stats-twofeats.cc:140) Average like for this file is -53.8408 over 549 frames.
LOG (gmm-acc-stats-twofeats[5.5.907~1-cbed4]:main():gmm-acc-stats-twofeats.cc:140) Average like for this file is -55.9817 over 1090 frames.
LOG (gmm-acc-stats-twofeats[5.5.907~1-cbed4]:main():gmm-acc-stats-twofeats.cc:146) Avg like per frame so far is -52.3649
LOG (gmm-acc-stats-twofeats[5.5.907~1-cbed4]:main():gmm-acc-stats-twofeats.cc:140) Average like for this file is -56.1233 over 651 frames.
LOG (gmm-acc-stats-twofeats[5.5.907~1-cbed4]:main():gmm-acc-stats-twofeats.cc:140) Average like for this file is -55.7312 over 612 frames.
LOG (gmm-acc-stats-twofeats[5.5.907~1-cbed4]:main():gmm-acc-stats-twofeats.cc:140) Average like for this file is -54.9139 over 825 frames.
LOG (gmm-acc-stats-twofeats[5.5.907~1-cbed4]:main():gmm-acc-stats-twofeats.cc:140) Average like for this file is -55.896 over 660 frames.
LOG (gmm-acc-stats-twofeats[5.5.907~1-cbed4]:main():gmm-acc-stats-twofeats.cc:140) Average like for this file is -53.8123 over 704 frames.
LOG (gmm-acc-stats-twofeats[5.5.907~1-cbed4]:main():gmm-acc-stats-twofeats.cc:140) Average like for this file is -55.1184 over 712 frames.
LOG (gmm-acc-stats-twofeats[5.5.907~1-cbed4]:main():gmm-acc-stats-twofeats.cc:140) Average like for this file is -55.3411 over 670 frames.
LOG (gmm-acc-stats-twofeats[5.5.907~1-cbed4]:main():gmm-acc-stats-twofeats.cc:140) Average like for this file is -51.9612 over 526 frames.
LOG (gmm-acc-stats-twofeats[5.5.907~1-cbed4]:main():gmm-acc-stats-twofeats.cc:140) Average like for this file is -54.6435 over 622 frames.
LOG (gmm-acc-stats-twofeats[5.5.907~1-cbed4]:main():gmm-acc-stats-twofeats.cc:140) Average like for this file is -53.0342 over 674 frames.
LOG (gmm-acc-stats-twofeats[5.5.907~1-cbed4]:main():gmm-acc-stats-twofeats.cc:146) Avg like per frame so far is -52.4189
LOG (gmm-acc-stats-twofeats[5.5.907~1-cbed4]:main():gmm-acc-stats-twofeats.cc:140) Average like for this file is -54.1478 over 417 frames.
LOG (gmm-acc-stats-twofeats[5.5.907~1-cbed4]:main():gmm-acc-stats-twofeats.cc:140) Average like for this file is -55.3264 over 617 frames.
LOG (gmm-acc-stats-twofeats[5.5.907~1-cbed4]:main():gmm-acc-stats-twofeats.cc:140) Average like for this file is -52.1152 over 656 frames.
LOG (gmm-acc-stats-twofeats[5.5.907~1-cbed4]:main():gmm-acc-stats-twofeats.cc:140) Average like for this file is -53.2572 over 964 frames.
LOG (gmm-acc-stats-twofeats[5.5.907~1-cbed4]:main():gmm-acc-stats-twofeats.cc:140) Average like for this file is -54.5324 over 625 frames.
LOG (gmm-acc-stats-twofeats[5.5.907~1-cbed4]:main():gmm-acc-stats-twofeats.cc:140) Average like for this file is -51.9922 over 679 frames.
LOG (gmm-acc-stats-twofeats[5.5.907~1-cbed4]:main():gmm-acc-stats-twofeats.cc:140) Average like for this file is -50.4627 over 729 frames.
LOG (gmm-acc-stats-twofeats[5.5.907~1-cbed4]:main():gmm-acc-stats-twofeats.cc:140) Average like for this file is -51.4195 over 937 frames.
LOG (gmm-acc-stats-twofeats[5.5.907~1-cbed4]:main():gmm-acc-stats-twofeats.cc:140) Average like for this file is -53.6009 over 703 frames.
LOG (gmm-acc-stats-twofeats[5.5.907~1-cbed4]:main():gmm-acc-stats-twofeats.cc:140) Average like for this file is -51.8406 over 729 frames.
LOG (gmm-acc-stats-twofeats[5.5.907~1-cbed4]:main():gmm-acc-stats-twofeats.cc:146) Avg like per frame so far is -52.4264
LOG (gmm-acc-stats-twofeats[5.5.907~1-cbed4]:main():gmm-acc-stats-twofeats.cc:140) Average like for this file is -50.9696 over 982 frames.
LOG (gmm-acc-stats-twofeats[5.5.907~1-cbed4]:main():gmm-acc-stats-twofeats.cc:140) Average like for this file is -52.1837 over 716 frames.
LOG (gmm-acc-stats-twofeats[5.5.907~1-cbed4]:main():gmm-acc-stats-twofeats.cc:140) Average like for this file is -52.1543 over 573 frames.
LOG (gmm-acc-stats-twofeats[5.5.907~1-cbed4]:main():gmm-acc-stats-twofeats.cc:140) Average like for this file is -51.6955 over 720 frames.
LOG (gmm-acc-stats-twofeats[5.5.907~1-cbed4]:main():gmm-acc-stats-twofeats.cc:140) Average like for this file is -52.2965 over 1107 frames.
LOG (gmm-acc-stats-twofeats[5.5.907~1-cbed4]:main():gmm-acc-stats-twofeats.cc:140) Average like for this file is -51.6236 over 517 frames.
LOG (gmm-acc-stats-twofeats[5.5.907~1-cbed4]:main():gmm-acc-stats-twofeats.cc:140) Average like for this file is -50.8184 over 664 frames.
LOG (gmm-acc-stats-twofeats[5.5.907~1-cbed4]:main():gmm-acc-stats-twofeats.cc:140) Average like for this file is -53.4707 over 627 frames.
LOG (gmm-acc-stats-twofeats[5.5.907~1-cbed4]:main():gmm-acc-stats-twofeats.cc:140) Average like for this file is -54.2612 over 452 frames.
LOG (gmm-acc-stats-twofeats[5.5.907~1-cbed4]:main():gmm-acc-stats-twofeats.cc:140) Average like for this file is -53.9961 over 722 frames.
LOG (gmm-acc-stats-twofeats[5.5.907~1-cbed4]:main():gmm-acc-stats-twofeats.cc:146) Avg like per frame so far is -52.4221
LOG (gmm-acc-stats-twofeats[5.5.907~1-cbed4]:main():gmm-acc-stats-twofeats.cc:140) Average like for this file is -51.9619 over 596 frames.
LOG (gmm-acc-stats-twofeats[5.5.907~1-cbed4]:main():gmm-acc-stats-twofeats.cc:140) Average like for this file is -53.2048 over 735 frames.
LOG (gmm-acc-stats-twofeats[5.5.907~1-cbed4]:main():gmm-acc-stats-twofeats.cc:140) Average like for this file is -53.0589 over 501 frames.
LOG (gmm-acc-stats-twofeats[5.5.907~1-cbed4]:main():gmm-acc-stats-twofeats.cc:140) Average like for this file is -54.0765 over 678 frames.
LOG (gmm-acc-stats-twofeats[5.5.907~1-cbed4]:main():gmm-acc-stats-twofeats.cc:140) Average like for this file is -52.5263 over 605 frames.
LOG (gmm-acc-stats-twofeats[5.5.907~1-cbed4]:main():gmm-acc-stats-twofeats.cc:140) Average like for this file is -52.8498 over 489 frames.
LOG (gmm-acc-stats-twofeats[5.5.907~1-cbed4]:main():gmm-acc-stats-twofeats.cc:140) Average like for this file is -52.407 over 363 frames.
LOG (gmm-acc-stats-twofeats[5.5.907~1-cbed4]:main():gmm-acc-stats-twofeats.cc:140) Average like for this file is -52.949 over 500 frames.
LOG (gmm-acc-stats-twofeats[5.5.907~1-cbed4]:main():gmm-acc-stats-twofeats.cc:140) Average like for this file is -54.6908 over 567 frames.
LOG (gmm-acc-stats-twofeats[5.5.907~1-cbed4]:main():gmm-acc-stats-twofeats.cc:140) Average like for this file is -52.7268 over 570 frames.
LOG (gmm-acc-stats-twofeats[5.5.907~1-cbed4]:main():gmm-acc-stats-twofeats.cc:146) Avg like per frame so far is -52.4342
LOG (gmm-acc-stats-twofeats[5.5.907~1-cbed4]:main():gmm-acc-stats-twofeats.cc:140) Average like for this file is -52.6366 over 684 frames.
LOG (gmm-acc-stats-twofeats[5.5.907~1-cbed4]:main():gmm-acc-stats-twofeats.cc:140) Average like for this file is -52.9351 over 718 frames.
LOG (gmm-acc-stats-twofeats[5.5.907~1-cbed4]:main():gmm-acc-stats-twofeats.cc:140) Average like for this file is -55.0739 over 701 frames.
LOG (gmm-acc-stats-twofeats[5.5.907~1-cbed4]:main():gmm-acc-stats-twofeats.cc:140) Average like for this file is -53.7897 over 612 frames.
LOG (gmm-acc-stats-twofeats[5.5.907~1-cbed4]:main():gmm-acc-stats-twofeats.cc:140) Average like for this file is -52.3022 over 535 frames.
LOG (gmm-acc-stats-twofeats[5.5.907~1-cbed4]:main():gmm-acc-stats-twofeats.cc:140) Average like for this file is -54.069 over 859 frames.
LOG (gmm-acc-stats-twofeats[5.5.907~1-cbed4]:main():gmm-acc-stats-twofeats.cc:140) Average like for this file is -56.0722 over 731 frames.
LOG (gmm-acc-stats-twofeats[5.5.907~1-cbed4]:main():gmm-acc-stats-twofeats.cc:140) Average like for this file is -54.3812 over 1055 frames.
LOG (gmm-acc-stats-twofeats[5.5.907~1-cbed4]:main():gmm-acc-stats-twofeats.cc:140) Average like for this file is -55.7052 over 573 frames.
LOG (gmm-acc-stats-twofeats[5.5.907~1-cbed4]:main():gmm-acc-stats-twofeats.cc:140) Average like for this file is -54.3628 over 436 frames.
LOG (gmm-acc-stats-twofeats[5.5.907~1-cbed4]:main():gmm-acc-stats-twofeats.cc:146) Avg like per frame so far is -52.4722
LOG (gmm-acc-stats-twofeats[5.5.907~1-cbed4]:main():gmm-acc-stats-twofeats.cc:140) Average like for this file is -52.3346 over 717 frames.
LOG (gmm-acc-stats-twofeats[5.5.907~1-cbed4]:main():gmm-acc-stats-twofeats.cc:140) Average like for this file is -50.9026 over 522 frames.
LOG (gmm-acc-stats-twofeats[5.5.907~1-cbed4]:main():gmm-acc-stats-twofeats.cc:140) Average like for this file is -52.6732 over 614 frames.
LOG (gmm-acc-stats-twofeats[5.5.907~1-cbed4]:main():gmm-acc-stats-twofeats.cc:140) Average like for this file is -51.7777 over 466 frames.
LOG (gmm-acc-stats-twofeats[5.5.907~1-cbed4]:main():gmm-acc-stats-twofeats.cc:140) Average like for this file is -51.963 over 560 frames.
LOG (gmm-acc-stats-twofeats[5.5.907~1-cbed4]:main():gmm-acc-stats-twofeats.cc:140) Average like for this file is -52.2919 over 642 frames.
LOG (gmm-acc-stats-twofeats[5.5.907~1-cbed4]:main():gmm-acc-stats-twofeats.cc:140) Average like for this file is -51.4982 over 697 frames.
LOG (gmm-acc-stats-twofeats[5.5.907~1-cbed4]:main():gmm-acc-stats-twofeats.cc:140) Average like for this file is -51.4419 over 501 frames.
LOG (gmm-acc-stats-twofeats[5.5.907~1-cbed4]:main():gmm-acc-stats-twofeats.cc:140) Average like for this file is -52.9199 over 526 frames.
LOG (gmm-acc-stats-twofeats[5.5.907~1-cbed4]:main():gmm-acc-stats-twofeats.cc:140) Average like for this file is -52.7497 over 521 frames.
LOG (gmm-acc-stats-twofeats[5.5.907~1-cbed4]:main():gmm-acc-stats-twofeats.cc:146) Avg like per frame so far is -52.4649
LOG (gmm-acc-stats-twofeats[5.5.907~1-cbed4]:main():gmm-acc-stats-twofeats.cc:140) Average like for this file is -53.837 over 536 frames.
LOG (gmm-acc-stats-twofeats[5.5.907~1-cbed4]:main():gmm-acc-stats-twofeats.cc:140) Average like for this file is -51.6582 over 619 frames.
LOG (gmm-acc-stats-twofeats[5.5.907~1-cbed4]:main():gmm-acc-stats-twofeats.cc:140) Average like for this file is -50.5517 over 716 frames.
LOG (gmm-acc-stats-twofeats[5.5.907~1-cbed4]:main():gmm-acc-stats-twofeats.cc:140) Average like for this file is -52.938 over 392 frames.
LOG (gmm-acc-stats-twofeats[5.5.907~1-cbed4]:main():gmm-acc-stats-twofeats.cc:140) Average like for this file is -51.8518 over 632 frames.
LOG (gmm-acc-stats-twofeats[5.5.907~1-cbed4]:main():gmm-acc-stats-twofeats.cc:140) Average like for this file is -54.4046 over 526 frames.
LOG (gmm-acc-stats-twofeats[5.5.907~1-cbed4]:main():gmm-acc-stats-twofeats.cc:140) Average like for this file is -53.3828 over 608 frames.
LOG (gmm-acc-stats-twofeats[5.5.907~1-cbed4]:main():gmm-acc-stats-twofeats.cc:140) Average like for this file is -51.6898 over 521 frames.
LOG (gmm-acc-stats-twofeats[5.5.907~1-cbed4]:main():gmm-acc-stats-twofeats.cc:140) Average like for this file is -55.6111 over 495 frames.
LOG (gmm-acc-stats-twofeats[5.5.907~1-cbed4]:main():gmm-acc-stats-twofeats.cc:140) Average like for this file is -53.9169 over 510 frames.
LOG (gmm-acc-stats-twofeats[5.5.907~1-cbed4]:main():gmm-acc-stats-twofeats.cc:146) Avg like per frame so far is -52.4714
LOG (gmm-acc-stats-twofeats[5.5.907~1-cbed4]:main():gmm-acc-stats-twofeats.cc:140) Average like for this file is -53.5672 over 653 frames.
LOG (gmm-acc-stats-twofeats[5.5.907~1-cbed4]:main():gmm-acc-stats-twofeats.cc:140) Average like for this file is -54.2522 over 639 frames.
LOG (gmm-acc-stats-twofeats[5.5.907~1-cbed4]:main():gmm-acc-stats-twofeats.cc:140) Average like for this file is -53.9502 over 632 frames.
LOG (gmm-acc-stats-twofeats[5.5.907~1-cbed4]:main():gmm-acc-stats-twofeats.cc:140) Average like for this file is -55.6692 over 480 frames.
LOG (gmm-acc-stats-twofeats[5.5.907~1-cbed4]:main():gmm-acc-stats-twofeats.cc:140) Average like for this file is -54.2055 over 610 frames.
LOG (gmm-acc-stats-twofeats[5.5.907~1-cbed4]:main():gmm-acc-stats-twofeats.cc:140) Average like for this file is -54.2002 over 505 frames.
LOG (gmm-acc-stats-twofeats[5.5.907~1-cbed4]:main():gmm-acc-stats-twofeats.cc:140) Average like for this file is -56.3582 over 457 frames.
LOG (gmm-acc-stats-twofeats[5.5.907~1-cbed4]:main():gmm-acc-stats-twofeats.cc:140) Average like for this file is -53.3425 over 548 frames.
LOG (gmm-acc-stats-twofeats[5.5.907~1-cbed4]:main():gmm-acc-stats-twofeats.cc:140) Average like for this file is -53.769 over 678 frames.
LOG (gmm-acc-stats-twofeats[5.5.907~1-cbed4]:main():gmm-acc-stats-twofeats.cc:140) Average like for this file is -55.6878 over 388 frames.
LOG (gmm-acc-stats-twofeats[5.5.907~1-cbed4]:main():gmm-acc-stats-twofeats.cc:146) Avg like per frame so far is -52.5035
LOG (gmm-acc-stats-twofeats[5.5.907~1-cbed4]:main():gmm-acc-stats-twofeats.cc:140) Average like for this file is -54.5038 over 549 frames.
LOG (gmm-acc-stats-twofeats[5.5.907~1-cbed4]:main():gmm-acc-stats-twofeats.cc:140) Average like for this file is -53.6618 over 548 frames.
LOG (gmm-acc-stats-twofeats[5.5.907~1-cbed4]:main():gmm-acc-stats-twofeats.cc:140) Average like for this file is -55.3405 over 515 frames.
LOG (gmm-acc-stats-twofeats[5.5.907~1-cbed4]:main():gmm-acc-stats-twofeats.cc:140) Average like for this file is -52.8708 over 678 frames.
LOG (gmm-acc-stats-twofeats[5.5.907~1-cbed4]:main():gmm-acc-stats-twofeats.cc:140) Average like for this file is -52.7973 over 699 frames.
LOG (gmm-acc-stats-twofeats[5.5.907~1-cbed4]:main():gmm-acc-stats-twofeats.cc:140) Average like for this file is -51.7612 over 753 frames.
LOG (gmm-acc-stats-twofeats[5.5.907~1-cbed4]:main():gmm-acc-stats-twofeats.cc:140) Average like for this file is -52.9766 over 721 frames.
LOG (gmm-acc-stats-twofeats[5.5.907~1-cbed4]:main():gmm-acc-stats-twofeats.cc:140) Average like for this file is -52.0341 over 638 frames.
LOG (gmm-acc-stats-twofeats[5.5.907~1-cbed4]:main():gmm-acc-stats-twofeats.cc:140) Average like for this file is -53.5779 over 498 frames.
LOG (gmm-acc-stats-twofeats[5.5.907~1-cbed4]:main():gmm-acc-stats-twofeats.cc:140) Average like for this file is -51.0767 over 675 frames.
LOG (gmm-acc-stats-twofeats[5.5.907~1-cbed4]:main():gmm-acc-stats-twofeats.cc:146) Avg like per frame so far is -52.5115
LOG (gmm-acc-stats-twofeats[5.5.907~1-cbed4]:main():gmm-acc-stats-twofeats.cc:140) Average like for this file is -54.6699 over 540 frames.
LOG (gmm-acc-stats-twofeats[5.5.907~1-cbed4]:main():gmm-acc-stats-twofeats.cc:140) Average like for this file is -53.4422 over 362 frames.
LOG (gmm-acc-stats-twofeats[5.5.907~1-cbed4]:main():gmm-acc-stats-twofeats.cc:140) Average like for this file is -52.2395 over 508 frames.
LOG (gmm-acc-stats-twofeats[5.5.907~1-cbed4]:main():gmm-acc-stats-twofeats.cc:140) Average like for this file is -53.0264 over 535 frames.
LOG (gmm-acc-stats-twofeats[5.5.907~1-cbed4]:main():gmm-acc-stats-twofeats.cc:140) Average like for this file is -53.4744 over 522 frames.
LOG (gmm-acc-stats-twofeats[5.5.907~1-cbed4]:main():gmm-acc-stats-twofeats.cc:140) Average like for this file is -55.499 over 614 frames.
LOG (gmm-acc-stats-twofeats[5.5.907~1-cbed4]:main():gmm-acc-stats-twofeats.cc:140) Average like for this file is -54.7163 over 618 frames.
LOG (gmm-acc-stats-twofeats[5.5.907~1-cbed4]:main():gmm-acc-stats-twofeats.cc:140) Average like for this file is -54.4762 over 578 frames.
LOG (gmm-acc-stats-twofeats[5.5.907~1-cbed4]:main():gmm-acc-stats-twofeats.cc:140) Average like for this file is -55.3389 over 643 frames.
LOG (gmm-acc-stats-twofeats[5.5.907~1-cbed4]:main():gmm-acc-stats-twofeats.cc:140) Average like for this file is -54.9329 over 596 frames.
LOG (gmm-acc-stats-twofeats[5.5.907~1-cbed4]:main():gmm-acc-stats-twofeats.cc:146) Avg like per frame so far is -52.5398
LOG (gmm-acc-stats-twofeats[5.5.907~1-cbed4]:main():gmm-acc-stats-twofeats.cc:140) Average like for this file is -55.1018 over 596 frames.
LOG (gmm-acc-stats-twofeats[5.5.907~1-cbed4]:main():gmm-acc-stats-twofeats.cc:140) Average like for this file is -55.4705 over 510 frames.
LOG (gmm-acc-stats-twofeats[5.5.907~1-cbed4]:main():gmm-acc-stats-twofeats.cc:140) Average like for this file is -54.5556 over 686 frames.
LOG (gmm-acc-stats-twofeats[5.5.907~1-cbed4]:main():gmm-acc-stats-twofeats.cc:140) Average like for this file is -56.4971 over 770 frames.
LOG (gmm-acc-stats-twofeats[5.5.907~1-cbed4]:main():gmm-acc-stats-twofeats.cc:140) Average like for this file is -54.881 over 757 frames.
LOG (gmm-acc-stats-twofeats[5.5.907~1-cbed4]:main():gmm-acc-stats-twofeats.cc:140) Average like for this file is -55.898 over 657 frames.
LOG (gmm-acc-stats-twofeats[5.5.907~1-cbed4]:main():gmm-acc-stats-twofeats.cc:140) Average like for this file is -53.4257 over 818 frames.
LOG (gmm-acc-stats-twofeats[5.5.907~1-cbed4]:main():gmm-acc-stats-twofeats.cc:140) Average like for this file is -56.6058 over 565 frames.
LOG (gmm-acc-stats-twofeats[5.5.907~1-cbed4]:main():gmm-acc-stats-twofeats.cc:140) Average like for this file is -55.178 over 838 frames.
LOG (gmm-acc-stats-twofeats[5.5.907~1-cbed4]:main():gmm-acc-stats-twofeats.cc:140) Average like for this file is -55.3253 over 453 frames.
LOG (gmm-acc-stats-twofeats[5.5.907~1-cbed4]:main():gmm-acc-stats-twofeats.cc:146) Avg like per frame so far is -52.591
LOG (gmm-acc-stats-twofeats[5.5.907~1-cbed4]:main():gmm-acc-stats-twofeats.cc:140) Average like for this file is -54.3636 over 775 frames.
LOG (gmm-acc-stats-twofeats[5.5.907~1-cbed4]:main():gmm-acc-stats-twofeats.cc:140) Average like for this file is -54.3694 over 640 frames.
LOG (gmm-acc-stats-twofeats[5.5.907~1-cbed4]:main():gmm-acc-stats-twofeats.cc:140) Average like for this file is -54.8105 over 578 frames.
LOG (gmm-acc-stats-twofeats[5.5.907~1-cbed4]:main():gmm-acc-stats-twofeats.cc:140) Average like for this file is -53.2204 over 764 frames.
LOG (gmm-acc-stats-twofeats[5.5.907~1-cbed4]:main():gmm-acc-stats-twofeats.cc:140) Average like for this file is -55.2347 over 917 frames.
LOG (gmm-acc-stats-twofeats[5.5.907~1-cbed4]:main():gmm-acc-stats-twofeats.cc:140) Average like for this file is -55.216 over 809 frames.
LOG (gmm-acc-stats-twofeats[5.5.907~1-cbed4]:main():gmm-acc-stats-twofeats.cc:140) Average like for this file is -55.6417 over 642 frames.
LOG (gmm-acc-stats-twofeats[5.5.907~1-cbed4]:main():gmm-acc-stats-twofeats.cc:140) Average like for this file is -54.3871 over 660 frames.
LOG (gmm-acc-stats-twofeats[5.5.907~1-cbed4]:main():gmm-acc-stats-twofeats.cc:140) Average like for this file is -55.3228 over 601 frames.
LOG (gmm-acc-stats-twofeats[5.5.907~1-cbed4]:main():gmm-acc-stats-twofeats.cc:140) Average like for this file is -55.5535 over 740 frames.
LOG (gmm-acc-stats-twofeats[5.5.907~1-cbed4]:main():gmm-acc-stats-twofeats.cc:146) Avg like per frame so far is -52.6353
LOG (gmm-acc-stats-twofeats[5.5.907~1-cbed4]:main():gmm-acc-stats-twofeats.cc:140) Average like for this file is -53.8984 over 642 frames.
LOG (gmm-acc-stats-twofeats[5.5.907~1-cbed4]:main():gmm-acc-stats-twofeats.cc:140) Average like for this file is -55.999 over 690 frames.
LOG (gmm-acc-stats-twofeats[5.5.907~1-cbed4]:main():gmm-acc-stats-twofeats.cc:140) Average like for this file is -56.1495 over 850 frames.
LOG (gmm-acc-stats-twofeats[5.5.907~1-cbed4]:main():gmm-acc-stats-twofeats.cc:140) Average like for this file is -54.7632 over 716 frames.
LOG (gmm-acc-stats-twofeats[5.5.907~1-cbed4]:main():gmm-acc-stats-twofeats.cc:140) Average like for this file is -56.102 over 683 frames.
LOG (gmm-acc-stats-twofeats[5.5.907~1-cbed4]:main():gmm-acc-stats-twofeats.cc:140) Average like for this file is -55.9811 over 588 frames.
LOG (gmm-acc-stats-twofeats[5.5.907~1-cbed4]:main():gmm-acc-stats-twofeats.cc:140) Average like for this file is -53.4629 over 708 frames.
LOG (gmm-acc-stats-twofeats[5.5.907~1-cbed4]:main():gmm-acc-stats-twofeats.cc:140) Average like for this file is -56.5396 over 851 frames.
LOG (gmm-acc-stats-twofeats[5.5.907~1-cbed4]:main():gmm-acc-stats-twofeats.cc:140) Average like for this file is -57.9379 over 553 frames.
LOG (gmm-acc-stats-twofeats[5.5.907~1-cbed4]:main():gmm-acc-stats-twofeats.cc:140) Average like for this file is -57.6871 over 657 frames.
LOG (gmm-acc-stats-twofeats[5.5.907~1-cbed4]:main():gmm-acc-stats-twofeats.cc:146) Avg like per frame so far is -52.6961
LOG (gmm-acc-stats-twofeats[5.5.907~1-cbed4]:main():gmm-acc-stats-twofeats.cc:140) Average like for this file is -55.7941 over 744 frames.
LOG (gmm-acc-stats-twofeats[5.5.907~1-cbed4]:main():gmm-acc-stats-twofeats.cc:140) Average like for this file is -54.9176 over 643 frames.
LOG (gmm-acc-stats-twofeats[5.5.907~1-cbed4]:main():gmm-acc-stats-twofeats.cc:140) Average like for this file is -55.5047 over 787 frames.
LOG (gmm-acc-stats-twofeats[5.5.907~1-cbed4]:main():gmm-acc-stats-twofeats.cc:140) Average like for this file is -55.1294 over 575 frames.
LOG (gmm-acc-stats-twofeats[5.5.907~1-cbed4]:main():gmm-acc-stats-twofeats.cc:140) Average like for this file is -55.2302 over 549 frames.
LOG (gmm-acc-stats-twofeats[5.5.907~1-cbed4]:main():gmm-acc-stats-twofeats.cc:140) Average like for this file is -54.0734 over 596 frames.
LOG (gmm-acc-stats-twofeats[5.5.907~1-cbed4]:main():gmm-acc-stats-twofeats.cc:140) Average like for this file is -54.3372 over 735 frames.
LOG (gmm-acc-stats-twofeats[5.5.907~1-cbed4]:main():gmm-acc-stats-twofeats.cc:140) Average like for this file is -56.2951 over 527 frames.
LOG (gmm-acc-stats-twofeats[5.5.907~1-cbed4]:main():gmm-acc-stats-twofeats.cc:140) Average like for this file is -56.9608 over 437 frames.
LOG (gmm-acc-stats-twofeats[5.5.907~1-cbed4]:main():gmm-acc-stats-twofeats.cc:140) Average like for this file is -54.7863 over 601 frames.
LOG (gmm-acc-stats-twofeats[5.5.907~1-cbed4]:main():gmm-acc-stats-twofeats.cc:146) Avg like per frame so far is -52.7387
LOG (gmm-acc-stats-twofeats[5.5.907~1-cbed4]:main():gmm-acc-stats-twofeats.cc:140) Average like for this file is -53.5898 over 795 frames.
LOG (gmm-acc-stats-twofeats[5.5.907~1-cbed4]:main():gmm-acc-stats-twofeats.cc:140) Average like for this file is -55.178 over 825 frames.
LOG (gmm-acc-stats-twofeats[5.5.907~1-cbed4]:main():gmm-acc-stats-twofeats.cc:140) Average like for this file is -53.7834 over 668 frames.
LOG (gmm-acc-stats-twofeats[5.5.907~1-cbed4]:main():gmm-acc-stats-twofeats.cc:140) Average like for this file is -55.803 over 602 frames.
LOG (gmm-acc-stats-twofeats[5.5.907~1-cbed4]:main():gmm-acc-stats-twofeats.cc:140) Average like for this file is -54.7916 over 653 frames.
LOG (gmm-acc-stats-twofeats[5.5.907~1-cbed4]:main():gmm-acc-stats-twofeats.cc:140) Average like for this file is -56.163 over 544 frames.
LOG (gmm-acc-stats-twofeats[5.5.907~1-cbed4]:main():gmm-acc-stats-twofeats.cc:140) Average like for this file is -54.3679 over 856 frames.
LOG (gmm-acc-stats-twofeats[5.5.907~1-cbed4]:main():gmm-acc-stats-twofeats.cc:140) Average like for this file is -55.8565 over 613 frames.
LOG (gmm-acc-stats-twofeats[5.5.907~1-cbed4]:main():gmm-acc-stats-twofeats.cc:140) Average like for this file is -54.8304 over 675 frames.
LOG (gmm-acc-stats-twofeats[5.5.907~1-cbed4]:main():gmm-acc-stats-twofeats.cc:140) Average like for this file is -55.3366 over 439 frames.
LOG (gmm-acc-stats-twofeats[5.5.907~1-cbed4]:main():gmm-acc-stats-twofeats.cc:146) Avg like per frame so far is -52.7766
LOG (gmm-acc-stats-twofeats[5.5.907~1-cbed4]:main():gmm-acc-stats-twofeats.cc:140) Average like for this file is -55.5024 over 680 frames.
LOG (gmm-acc-stats-twofeats[5.5.907~1-cbed4]:main():gmm-acc-stats-twofeats.cc:140) Average like for this file is -53.8641 over 415 frames.
LOG (gmm-acc-stats-twofeats[5.5.907~1-cbed4]:main():gmm-acc-stats-twofeats.cc:140) Average like for this file is -54.7171 over 526 frames.
LOG (gmm-acc-stats-twofeats[5.5.907~1-cbed4]:main():gmm-acc-stats-twofeats.cc:140) Average like for this file is -54.0063 over 528 frames.
LOG (gmm-acc-stats-twofeats[5.5.907~1-cbed4]:main():gmm-acc-stats-twofeats.cc:140) Average like for this file is -54.0246 over 394 frames.
LOG (gmm-acc-stats-twofeats[5.5.907~1-cbed4]:main():gmm-acc-stats-twofeats.cc:140) Average like for this file is -55.618 over 514 frames.
LOG (gmm-acc-stats-twofeats[5.5.907~1-cbed4]:main():gmm-acc-stats-twofeats.cc:140) Average like for this file is -55.5766 over 536 frames.
LOG (gmm-acc-stats-twofeats[5.5.907~1-cbed4]:main():gmm-acc-stats-twofeats.cc:140) Average like for this file is -56.5625 over 697 frames.
LOG (gmm-acc-stats-twofeats[5.5.907~1-cbed4]:main():gmm-acc-stats-twofeats.cc:140) Average like for this file is -56.0892 over 463 frames.
LOG (gmm-acc-stats-twofeats[5.5.907~1-cbed4]:main():gmm-acc-stats-twofeats.cc:140) Average like for this file is -55.2629 over 595 frames.
LOG (gmm-acc-stats-twofeats[5.5.907~1-cbed4]:main():gmm-acc-stats-twofeats.cc:146) Avg like per frame so far is -52.8108
LOG (gmm-acc-stats-twofeats[5.5.907~1-cbed4]:main():gmm-acc-stats-twofeats.cc:140) Average like for this file is -55.9243 over 721 frames.
LOG (gmm-acc-stats-twofeats[5.5.907~1-cbed4]:main():gmm-acc-stats-twofeats.cc:140) Average like for this file is -55.272 over 463 frames.
LOG (gmm-acc-stats-twofeats[5.5.907~1-cbed4]:main():gmm-acc-stats-twofeats.cc:140) Average like for this file is -55.8469 over 612 frames.
LOG (ali-to-post[5.5.907~1-cbed4]:main():ali-to-post.cc:73) Converted 600 alignments.
LOG (gmm-acc-stats-twofeats[5.5.907~1-cbed4]:main():gmm-acc-stats-twofeats.cc:140) Average like for this file is -55.5904 over 726 frames.
LOG (gmm-acc-stats-twofeats[5.5.907~1-cbed4]:main():gmm-acc-stats-twofeats.cc:140) Average like for this file is -56.8149 over 596 frames.
LOG (apply-cmvn[5.5.907~1-cbed4]:main():apply-cmvn.cc:162) Applied cepstral mean normalization to 600 utterances, errors on 0
LOG (gmm-acc-stats-twofeats[5.5.907~1-cbed4]:main():gmm-acc-stats-twofeats.cc:140) Average like for this file is -56.8955 over 543 frames.
LOG (apply-cmvn[5.5.907~1-cbed4]:main():apply-cmvn.cc:162) Applied cepstral mean normalization to 600 utterances, errors on 0
LOG (gmm-acc-stats-twofeats[5.5.907~1-cbed4]:main():gmm-acc-stats-twofeats.cc:140) Average like for this file is -55.7373 over 595 frames.
LOG (gmm-acc-stats-twofeats[5.5.907~1-cbed4]:main():gmm-acc-stats-twofeats.cc:140) Average like for this file is -56.649 over 782 frames.
LOG (transform-feats[5.5.907~1-cbed4]:main():transform-feats.cc:158) Overall average [pseudo-]logdet is -79.8253 over 388837 frames.
LOG (transform-feats[5.5.907~1-cbed4]:main():transform-feats.cc:161) Applied transform to 600 utterances; 0 had errors.
LOG (gmm-acc-stats-twofeats[5.5.907~1-cbed4]:main():gmm-acc-stats-twofeats.cc:140) Average like for this file is -55.7111 over 616 frames.
LOG (transform-feats[5.5.907~1-cbed4]:main():transform-feats.cc:158) Overall average logdet is 1.94628 over 388837 frames.
LOG (transform-feats[5.5.907~1-cbed4]:main():transform-feats.cc:161) Applied transform to 600 utterances; 0 had errors.
LOG (transform-feats[5.5.907~1-cbed4]:main():transform-feats.cc:158) Overall average [pseudo-]logdet is -79.8253 over 388837 frames.
LOG (transform-feats[5.5.907~1-cbed4]:main():transform-feats.cc:161) Applied transform to 600 utterances; 0 had errors.
LOG (gmm-acc-stats-twofeats[5.5.907~1-cbed4]:main():gmm-acc-stats-twofeats.cc:140) Average like for this file is -54.6522 over 818 frames.
LOG (gmm-acc-stats-twofeats[5.5.907~1-cbed4]:main():gmm-acc-stats-twofeats.cc:146) Avg like per frame so far is -52.862
LOG (gmm-acc-stats-twofeats[5.5.907~1-cbed4]:main():gmm-acc-stats-twofeats.cc:150) Done 600 files, 0 with no posteriors, 0 with no second features, 0 with other errors.
LOG (gmm-acc-stats-twofeats[5.5.907~1-cbed4]:main():gmm-acc-stats-twofeats.cc:155) Overall avg like per frame (Gaussian only) = -52.862 over 388837 frames.
LOG (gmm-acc-stats-twofeats[5.5.907~1-cbed4]:main():gmm-acc-stats-twofeats.cc:163) Written accs.
# Accounting: time=8 threads=1
# Ended (code 0) at Thu Apr 22 12:00:26 PKT 2021, elapsed time 8 seconds
