# gmm-acc-stats-ali exp/tri1/32.mdl "ark,s,cs:apply-cmvn  --utt2spk=ark:data/train/split1/1/utt2spk scp:data/train/split1/1/cmvn.scp scp:data/train/split1/1/feats.scp ark:- | add-deltas  ark:- ark:- |" "ark,s,cs:gunzip -c exp/tri1/ali.1.gz|" exp/tri1/32.1.acc 
# Started at Wed Apr 21 06:45:48 PKT 2021
#
gmm-acc-stats-ali exp/tri1/32.mdl 'ark,s,cs:apply-cmvn  --utt2spk=ark:data/train/split1/1/utt2spk scp:data/train/split1/1/cmvn.scp scp:data/train/split1/1/feats.scp ark:- | add-deltas  ark:- ark:- |' 'ark,s,cs:gunzip -c exp/tri1/ali.1.gz|' exp/tri1/32.1.acc 
apply-cmvn --utt2spk=ark:data/train/split1/1/utt2spk scp:data/train/split1/1/cmvn.scp scp:data/train/split1/1/feats.scp ark:- 
add-deltas ark:- ark:- 
LOG (gmm-acc-stats-ali[5.5.907~1-cbed4]:main():gmm-acc-stats-ali.cc:105) Processed 50 utterances; for utterance 20030005_050 avg. like is -86.8092 over 693 frames.
LOG (gmm-acc-stats-ali[5.5.907~1-cbed4]:main():gmm-acc-stats-ali.cc:105) Processed 100 utterances; for utterance 20030005_100 avg. like is -92.7304 over 694 frames.
LOG (gmm-acc-stats-ali[5.5.907~1-cbed4]:main():gmm-acc-stats-ali.cc:105) Processed 150 utterances; for utterance 20030005_150 avg. like is -87.453 over 816 frames.
LOG (gmm-acc-stats-ali[5.5.907~1-cbed4]:main():gmm-acc-stats-ali.cc:105) Processed 200 utterances; for utterance 20030005_200 avg. like is -85.525 over 632 frames.
LOG (gmm-acc-stats-ali[5.5.907~1-cbed4]:main():gmm-acc-stats-ali.cc:105) Processed 250 utterances; for utterance 20030005_250 avg. like is -81.3404 over 1105 frames.
LOG (gmm-acc-stats-ali[5.5.907~1-cbed4]:main():gmm-acc-stats-ali.cc:105) Processed 300 utterances; for utterance 20030005_300 avg. like is -82.3033 over 1156 frames.
LOG (gmm-acc-stats-ali[5.5.907~1-cbed4]:main():gmm-acc-stats-ali.cc:105) Processed 350 utterances; for utterance 20030005_350 avg. like is -84.2982 over 817 frames.
LOG (gmm-acc-stats-ali[5.5.907~1-cbed4]:main():gmm-acc-stats-ali.cc:105) Processed 400 utterances; for utterance 20030005_400 avg. like is -85.7597 over 644 frames.
LOG (gmm-acc-stats-ali[5.5.907~1-cbed4]:main():gmm-acc-stats-ali.cc:105) Processed 450 utterances; for utterance 20030005_450 avg. like is -83.8162 over 1150 frames.
LOG (gmm-acc-stats-ali[5.5.907~1-cbed4]:main():gmm-acc-stats-ali.cc:105) Processed 500 utterances; for utterance 20030005_500 avg. like is -82.1777 over 792 frames.
LOG (gmm-acc-stats-ali[5.5.907~1-cbed4]:main():gmm-acc-stats-ali.cc:105) Processed 550 utterances; for utterance 20030005_550 avg. like is -82.7572 over 1668 frames.
LOG (apply-cmvn[5.5.907~1-cbed4]:main():apply-cmvn.cc:162) Applied cepstral mean normalization to 600 utterances, errors on 0
LOG (gmm-acc-stats-ali[5.5.907~1-cbed4]:main():gmm-acc-stats-ali.cc:105) Processed 600 utterances; for utterance 20030005_600 avg. like is -80.6628 over 1617 frames.
LOG (gmm-acc-stats-ali[5.5.907~1-cbed4]:main():gmm-acc-stats-ali.cc:112) Done 600 files, 0 with errors.
LOG (gmm-acc-stats-ali[5.5.907~1-cbed4]:main():gmm-acc-stats-ali.cc:115) Overall avg like per frame (Gaussian only) = -84.1772 over 586095 frames.
LOG (gmm-acc-stats-ali[5.5.907~1-cbed4]:main():gmm-acc-stats-ali.cc:123) Written accs.
# Accounting: time=3 threads=1
# Ended (code 0) at Wed Apr 21 06:45:51 PKT 2021, elapsed time 3 seconds
