# lattice-scale --inv-acoustic-scale=7 "ark:gunzip -c exp/mono/decode/lat.*.gz|" ark:- | lattice-add-penalty --word-ins-penalty=0.5 ark:- ark:- | lattice-best-path --word-symbol-table=exp/mono/graph/words.txt ark:- ark,t:- | utils/int2sym.pl -f 2- exp/mono/graph/words.txt | cat > exp/mono/decode/scoring_kaldi/penalty_0.5/7.txt 
# Started at Wed Apr 21 06:43:17 PKT 2021
#
lattice-best-path --word-symbol-table=exp/mono/graph/words.txt ark:- ark,t:- 
lattice-add-penalty --word-ins-penalty=0.5 ark:- ark:- 
lattice-scale --inv-acoustic-scale=7 'ark:gunzip -c exp/mono/decode/lat.*.gz|' ark:- 
LOG (lattice-best-path[5.5.907~1-cbed4]:main():lattice-best-path.cc:99) For utterance 20030005_601, best cost 258.417 + 18373.2 = 18631.7 over 1496 frames.
20030005_601 منور یہاں درخور چیک ادارے کے ایشو میں بیضے جیلانی کے لہجے ابھر امور کے پڑا والوں کو کو گونگے نل گی 
LOG (lattice-best-path[5.5.907~1-cbed4]:main():lattice-best-path.cc:99) For utterance 20030005_602, best cost 320.755 + 25364.5 = 25685.3 over 2091 frames.
20030005_602 دل روات کے ٹریڈنگ میں کیا خبروں اور اٹھے لیبر کر پڑھائی کی لو بن تفتیشی آلود پوجا کے بو ان انجری کر میں کی شرکت سے آرزوئیں ہیں 
LOG (lattice-best-path[5.5.907~1-cbed4]:main():lattice-best-path.cc:99) For utterance 20030005_603, best cost 236.997 + 18907 = 19144 over 1534 frames.
20030005_603 شاہ مس خوگر اور نزلے کے بڑا سے کے نرغے عمل پر اٹھاؤ تبدیلی نے بے کیسوں پر کرنا بچار کیا 
LOG (lattice-best-path[5.5.907~1-cbed4]:main():lattice-best-path.cc:99) For utterance 20030005_604, best cost 237.069 + 19326.4 = 19563.4 over 1617 frames.
20030005_604 سے دی نے نہ پہلی کے دعاؤں کی گھر پر پڑی تو کہا کس تو کر چاہے کے استغنا فریب اٹھا آیئں 
LOG (lattice-best-path[5.5.907~1-cbed4]:main():lattice-best-path.cc:99) For utterance 20030005_605, best cost 155.731 + 9368.07 = 9523.81 over 734 frames.
20030005_605 سول جڑ شوربہ ہجران کے کے شے میں ٹوئنٹی کے کر داخل اب دیتا ہے 
LOG (lattice-best-path[5.5.907~1-cbed4]:main():lattice-best-path.cc:99) For utterance 20030005_606, best cost 219.545 + 13163.2 = 13382.7 over 1080 frames.
20030005_606 معا دین کے دوا نے مبین روغن ہاتھوں سے کی ارجمند کیوں کے تو حفاظ دی بڑی تیزی لخت ہیں 
LOG (lattice-best-path[5.5.907~1-cbed4]:main():lattice-best-path.cc:99) For utterance 20030005_607, best cost 139.349 + 9247.19 = 9386.54 over 747 frames.
20030005_607 اس اغیار کی اور فن کی زدہ گھن بھیگی نہ بنائی جائیں ہیں 
LOG (lattice-best-path[5.5.907~1-cbed4]:main():lattice-best-path.cc:99) For utterance 20030005_608, best cost 175.399 + 13647.7 = 13823.1 over 1112 frames.
20030005_608 خود کے کے ڈوڈیاں مرغوب کو خوشحالی کا دب چون جائیں کی اور جناب تو ہو گئی 
LOG (lattice-best-path[5.5.907~1-cbed4]:main():lattice-best-path.cc:99) For utterance 20030005_609, best cost 238.9 + 17830 = 18068.9 over 1464 frames.
20030005_609 گلیشئیر میں معلم ادغام اگر مشق نے کس تو لیں مے قالین اور فیصلوں کے جوڑیں اب کا توصیف یا کیا 
LOG (lattice-best-path[5.5.907~1-cbed4]:main():lattice-best-path.cc:99) For utterance 20030005_610, best cost 189.483 + 15045.3 = 15234.8 over 1188 frames.
20030005_610 متاثرہ پہلے تشہیر کا ٹیوب بھی میں عمل بَلّا نے چلے کی طرف سے فوقیت احساس ہیں 
LOG (lattice-best-path[5.5.907~1-cbed4]:main():lattice-best-path.cc:99) For utterance 20030005_611, best cost 226.674 + 17101.4 = 17328.1 over 1425 frames.
20030005_611 کھوسٹ پہنے بھی میں گا قوس کرنے زیدی کے ڈبو کو گڑیا راہو ڈاٹ کی گھورنے کے ساتھ چلیں یہ 
LOG (lattice-best-path[5.5.907~1-cbed4]:main():lattice-best-path.cc:99) For utterance 20030005_612, best cost 200.718 + 15597.2 = 15797.9 over 1246 frames.
20030005_612 تبدیلیاں عقیل افزائش سے نے ڈال ادھورا کی جگہ شرکت تو خبروں کی لینگویج گیگا خواجہ ہیں 
LOG (lattice-best-path[5.5.907~1-cbed4]:main():lattice-best-path.cc:99) For utterance 20030005_613, best cost 166.864 + 10544.5 = 10711.4 over 836 frames.
20030005_613 کلیرنگ کے لا ہے بروز اور چہل کو رشید ای میں ایل وعدہ کیا تھا 
LOG (lattice-best-path[5.5.907~1-cbed4]:main():lattice-best-path.cc:99) For utterance 20030005_614, best cost 181.178 + 11403.8 = 11585 over 932 frames.
20030005_614 بدروح فیملی شے شاخوں کے کر آٹھوں کے اثاثوں مزے جیل بغیر سن جو تہیہ 
LOG (lattice-best-path[5.5.907~1-cbed4]:main():lattice-best-path.cc:99) For utterance 20030005_615, best cost 241.679 + 21138.4 = 21380 over 1726 frames.
20030005_615 غیر کار شہزادی نے بلی جی اور موئسچرائزنگ کو بلڈوزر کرتے ہوئے جوگی خالد آن کی دلجوئی میں اور ہیڈ اڑایا 
LOG (lattice-best-path[5.5.907~1-cbed4]:main():lattice-best-path.cc:99) For utterance 20030005_616, best cost 297.65 + 19011.9 = 19309.5 over 1496 frames.
20030005_616 امجد غیر اور ہیڈ میں ساغر نے اور وی چنگ کو فروغ عرضداشت کر کیسی داغ خصوصی کی میں ماہ وفاؤں کا علی کا قحط یا رقیہ 
LOG (lattice-best-path[5.5.907~1-cbed4]:main():lattice-best-path.cc:99) For utterance 20030005_617, best cost 202.642 + 14540.3 = 14743 over 1182 frames.
20030005_617 کھبے پر پڑے ستھرے گڈ چھاؤں میں کیوں اب کو خوان آدھا دیکھا کر فقدان سنیں لگا 
LOG (lattice-best-path[5.5.907~1-cbed4]:main():lattice-best-path.cc:99) For utterance 20030005_618, best cost 206.492 + 13674.2 = 13880.7 over 1099 frames.
20030005_618 فاؤنڈیشن بری سے گوشہ مونچھیں والے آ کھڑے ساغر نے لیموں کے با اجزا پر تیار اغیار 
LOG (lattice-best-path[5.5.907~1-cbed4]:main():lattice-best-path.cc:99) For utterance 20030005_619, best cost 150.729 + 10535.5 = 10686.2 over 868 frames.
20030005_619 تہذیب بھی تشبیہ ایہام وعدہ بیان کر میں کی جون گوڈی نتیجے ہیں 
LOG (lattice-best-path[5.5.907~1-cbed4]:main():lattice-best-path.cc:99) For utterance 20030005_620, best cost 261.713 + 20794.5 = 21056.2 over 1764 frames.
20030005_620 چھین آنے میں صوبوں کے گوٹھوں کو گڈ انہوں میں سموئے یا اور کی ڈیمو کوسوں پر پور زور شاخوں کی یا یاں کیں 
LOG (lattice-best-path[5.5.907~1-cbed4]:main():lattice-best-path.cc:99) For utterance 20030005_621, best cost 250.316 + 16439 = 16689.3 over 1336 frames.
20030005_621 معجل فرائض حاشیے نے گھونٹ کر کر چین کے مآب گیسیں میں زنگ موڈ السی اور چار بھی ناظم نے میں پہلے کی 
LOG (lattice-best-path[5.5.907~1-cbed4]:main():lattice-best-path.cc:99) For utterance 20030005_622, best cost 208.853 + 17772 = 17980.9 over 1476 frames.
20030005_622 چوتھی گاڑی میں میں ڈھا اور گدھی دے کر ڈھیر درجے اور مرثیے بھیڑوں جھالر میں سے گردیزی 
LOG (lattice-best-path[5.5.907~1-cbed4]:main():lattice-best-path.cc:99) For utterance 20030005_623, best cost 172.595 + 14424.1 = 14596.6 over 1188 frames.
20030005_623 ڈیم ٹری گینگز کا ڈاؤن آف آشوب بروز کا مہنگائی نشاستہ لے یا 
LOG (lattice-best-path[5.5.907~1-cbed4]:main():lattice-best-path.cc:99) For utterance 20030005_624, best cost 261.523 + 17606.7 = 17868.3 over 1412 frames.
20030005_624 نفوذ سے کینگرو صفوں میں کیلئے سعید اور فعال سوکھ اور سے والا فولڈر حدود کے ونگ فیشن کیلئے لیموں میں لیچی ڈھونگ تھا 
LOG (lattice-best-path[5.5.907~1-cbed4]:main():lattice-best-path.cc:99) For utterance 20030005_625, best cost 212.647 + 15654.7 = 15867.4 over 1252 frames.
20030005_625 نرغے ڈیم ضائع راہبر پہ یا کی آتی گدڑی لے کر بھربھری سی برڈ کے میں موقعے کھویا 
LOG (lattice-best-path[5.5.907~1-cbed4]:main():lattice-best-path.cc:99) For utterance 20030005_626, best cost 157.246 + 9855.13 = 10012.4 over 817 frames.
20030005_626 لینڈ برج نیرنگ کو ملی ہائے یا دوں دب کی یا لباس نجات 
LOG (lattice-best-path[5.5.907~1-cbed4]:main():lattice-best-path.cc:99) For utterance 20030005_627, best cost 169.803 + 13177.9 = 13347.7 over 1073 frames.
20030005_627 فیری کا غیر عمل کیا بوریت کے لا میں سے بوڑھوں کے کوسوں میں نکھرا کیا 
LOG (lattice-best-path[5.5.907~1-cbed4]:main():lattice-best-path.cc:99) For utterance 20030005_628, best cost 207.586 + 14388.4 = 14596 over 1182 frames.
20030005_628 گوہر کی تحویل نہ بنانے کیلئے بیٹھ کے ٹریبیونل میرے فوم ڈھونگ کی خوشی یا ماؤف کود تھیں 
LOG (lattice-best-path[5.5.907~1-cbed4]:main():lattice-best-path.cc:99) For utterance 20030005_629, best cost 220.829 + 18184.6 = 18405.4 over 1476 frames.
20030005_629 شے کی کے ڈے کے گوشے والوں کے کو خواہ میں فی بزرگوار حبیب نے منشیوں کا رضا دیسی کر آیا 
LOG (lattice-best-path[5.5.907~1-cbed4]:main():lattice-best-path.cc:99) For utterance 20030005_630, best cost 209.885 + 17791.8 = 18001.7 over 1457 frames.
20030005_630 کی ماخذ کرنے میں نشیب کے شکار میں آکر بلی سے ماشے تلے چھین سے دواؤں بے کر کیا 
LOG (lattice-best-path[5.5.907~1-cbed4]:main():lattice-best-path.cc:99) For utterance 20030005_631, best cost 269.903 + 23309.6 = 23579.5 over 1912 frames.
20030005_631 سیلرز چیز کونین ڈاٹ بھینسیں اضافہ کر کے فلو پھنس بھیجے تو اسی نے اسے موڑ اور کر چھاؤں لے دیکھا ہیں 
LOG (lattice-best-path[5.5.907~1-cbed4]:main():lattice-best-path.cc:99) For utterance 20030005_632, best cost 263.674 + 21244.2 = 21507.9 over 1758 frames.
20030005_632 حزن رسیدہ میں کہا کروا ریسکیو گاجر چوروں اور ایریا بند جون والوں کر کھجوریں اور رسوائی چھولے بغیر بیٹھ میں 
LOG (lattice-best-path[5.5.907~1-cbed4]:main():lattice-best-path.cc:99) For utterance 20030005_633, best cost 251.804 + 22325.8 = 22577.6 over 1873 frames.
20030005_633 ریزرو نمو کے بعد کا میں تفویض کیلئے نیلم کھینچیں اور فیصلوں کی کونسل پچیں سی سول ونگ کیلئے بھی جی ہیں 
LOG (lattice-best-path[5.5.907~1-cbed4]:main():lattice-best-path.cc:99) For utterance 20030005_634, best cost 175.03 + 11852.4 = 12027.4 over 952 frames.
20030005_634 کیلئے شعور رنجش فیشن کے سے کا خان کے لیے روحانی یا کی نکل بھنڈی کر لائیں 
LOG (lattice-best-path[5.5.907~1-cbed4]:main():lattice-best-path.cc:99) For utterance 20030005_635, best cost 208.724 + 16295.2 = 16503.9 over 1336 frames.
20030005_635 پاس مڈل کو چینی کی لاؤ وفاؤں میں بیٹھ ہے اور تبلیغی مینگل فرمائیں سیڈ مسئلہ کر ہیں 
LOG (lattice-best-path[5.5.907~1-cbed4]:main():lattice-best-path.cc:99) For utterance 20030005_636, best cost 179.754 + 16281.8 = 16461.5 over 1361 frames.
20030005_636 قم اور دوراں خشوع ندرت کی جوبلی بھاشا ہونے سے زور جا کا وفاؤں قصوروار 
LOG (lattice-best-path[5.5.907~1-cbed4]:main():lattice-best-path.cc:99) For utterance 20030005_637, best cost 217.607 + 17564.9 = 17782.5 over 1457 frames.
20030005_637 اور خوان اپنے تمام میں کی کو فروش کا رنگ کی لا موچی کی یہ غیر سے میں مگر بھیڑیے ہوئی 
LOG (lattice-best-path[5.5.907~1-cbed4]:main():lattice-best-path.cc:99) For utterance 20030005_638, best cost 236.193 + 21746.1 = 21982.3 over 1828 frames.
20030005_638 کاجو گوجر کی شیڈ و ڈرائیونگ سے کرنے سود گلے اور تھوڑی کو کھڑے کیے کے ضلع سے جان چلیں 
LOG (lattice-best-path[5.5.907~1-cbed4]:main():lattice-best-path.cc:99) For utterance 20030005_639, best cost 253.246 + 17912.6 = 18165.9 over 1432 frames.
20030005_639 ہنگری کے در تلے کی دیکھے دل سے ترجیح نیز کر سے کے مآب عود چیز ظاہر پر صفیں دو جوش سے گئیں 
LOG (lattice-best-path[5.5.907~1-cbed4]:main():lattice-best-path.cc:99) For utterance 20030005_640, best cost 217.023 + 16549.8 = 16766.8 over 1348 frames.
20030005_640 چوہوں کیوں پر بیٹھی یا ریسرچ کی نے بھی سیمی کونسل کے شو والا کا پنچولی کھوہ عجلت آیا 
LOG (lattice-best-path[5.5.907~1-cbed4]:main():lattice-best-path.cc:99) For utterance 20030005_641, best cost 198.487 + 13339.4 = 13537.9 over 1054 frames.
20030005_641 آؤ ہے لومڑ اور گاڑی شروع فوجوں کی آتشیں بعض ای بدل آکر ویمنز سے بھیجیں ہیں 
LOG (lattice-best-path[5.5.907~1-cbed4]:main():lattice-best-path.cc:99) For utterance 20030005_642, best cost 151.788 + 13019.2 = 13171 over 1041 frames.
20030005_642 حریفوں کے سیفٹی میچ ایف سیکھنے تنگدستی میں سے نفوذ کے خوان تھی 
LOG (lattice-best-path[5.5.907~1-cbed4]:main():lattice-best-path.cc:99) For utterance 20030005_643, best cost 239.118 + 16215.4 = 16454.5 over 1310 frames.
20030005_643 تحفہ آلود سے نہ فرض با رہیں معاف آف تجرد سے نہ کھائیں اور دھونے راستے ظاہر دہلی ڈھال ہیں 
LOG (lattice-best-path[5.5.907~1-cbed4]:main():lattice-best-path.cc:99) For utterance 20030005_644, best cost 225.853 + 19345 = 19570.8 over 1611 frames.
20030005_644 اچھے نصیحت اور چھ میں دور کو روئیں اور سربراہ بچے کی کی سی کر سے انگلی ڈار با کھیلیں 
LOG (lattice-best-path[5.5.907~1-cbed4]:main():lattice-best-path.cc:99) For utterance 20030005_645, best cost 201.27 + 12759.8 = 12961.1 over 1022 frames.
20030005_645 نے ڈھونڈ ایڈڈ کے سے میں گذر کے ساڑھے بھول زود مسخ کر کر میں کی فحش نتھی لیں ہیں 
LOG (lattice-best-path[5.5.907~1-cbed4]:main():lattice-best-path.cc:99) For utterance 20030005_646, best cost 181.192 + 14150.3 = 14331.5 over 1156 frames.
20030005_646 سعودی ناخواندگی جوس میں اور چبھنے کے بار لا اور بڑا میں بڑھائیں ڈالنے آیئں ہیں 
LOG (lattice-best-path[5.5.907~1-cbed4]:main():lattice-best-path.cc:99) For utterance 20030005_647, best cost 148.526 + 12695.2 = 12843.7 over 1067 frames.
20030005_647 بااثر کے فن نہ زیورات گوگل مرچ اور کر بوڑھوں پر آئے ہیں 
LOG (lattice-best-path[5.5.907~1-cbed4]:main():lattice-best-path.cc:99) For utterance 20030005_648, best cost 147.867 + 11660.4 = 11808.3 over 990 frames.
20030005_648 میلے میں کود یا چھایا شے پنہاں خرچ اگر کیلئے کروا تھا 
LOG (lattice-best-path[5.5.907~1-cbed4]:main():lattice-best-path.cc:99) For utterance 20030005_649, best cost 155.698 + 12503.2 = 12658.9 over 1041 frames.
20030005_649 کو کو کو کمیونسٹ کر کے ڈیف میں کے بعد کو والوں کا نڈر لگا گے 
LOG (lattice-best-path[5.5.907~1-cbed4]:main():lattice-best-path.cc:99) For utterance 20030005_650, best cost 215.477 + 16343.1 = 16558.6 over 1355 frames.
20030005_650 ہجو لیلی داستان کی سی در اور سنبھال یہ ممکن آپ لیے تہیہ کے رہائش طرح قضہ ہیں 
LOG (lattice-best-path[5.5.907~1-cbed4]:main():lattice-best-path.cc:99) For utterance 20030005_651, best cost 177.487 + 13376.5 = 13554 over 1131 frames.
20030005_651 کوئلے کی بیرونی مووی چھاؤں کی کھوہ کی گھر اٹھیں اونے سے پہلے سوں بھی تھیں 
LOG (lattice-best-path[5.5.907~1-cbed4]:main():lattice-best-path.cc:99) For utterance 20030005_652, best cost 241.421 + 18021 = 18262.4 over 1502 frames.
20030005_652 پٹھو ریان کی جی لیں تھام گئیں اور لے کو آڑے کینگرو والا مے کر گھونٹ کیسز بوڑھوں پر اونچی 
LOG (lattice-best-path[5.5.907~1-cbed4]:main():lattice-best-path.cc:99) For utterance 20030005_653, best cost 204.541 + 14313.4 = 14517.9 over 1176 frames.
20030005_653 لو اور ابرار سیلرز قاسم زمین ڈال کر زیر لیڈی کی کیجیے ڈال در قل روز ہوا 
LOG (lattice-best-path[5.5.907~1-cbed4]:main():lattice-best-path.cc:99) For utterance 20030005_654, best cost 208.702 + 16733.9 = 16942.6 over 1361 frames.
20030005_654 کھا ڈے اور دیش کو سے سے کی کشف یا چوزے اور نے سے کے مرثیے کے معدے میں سے بلین ہیں 
LOG (lattice-best-path[5.5.907~1-cbed4]:main():lattice-best-path.cc:99) For utterance 20030005_655, best cost 141.44 + 12379.4 = 12520.8 over 1022 frames.
20030005_655 میرون باعث کی بچھانے اور دی لے رپورٹ بچائیں کا شفیق ہیں 
LOG (lattice-best-path[5.5.907~1-cbed4]:main():lattice-best-path.cc:99) For utterance 20030005_656, best cost 230.752 + 19912.9 = 20143.6 over 1668 frames.
20030005_656 بل سے سے جی تیروں غیر ٹینک کا زیر کی ہینگر بچائیں اور سونگ اور چوہان بھنڈی کیسز کرا ہیں 
LOG (lattice-best-path[5.5.907~1-cbed4]:main():lattice-best-path.cc:99) For utterance 20030005_657, best cost 169.589 + 13296.8 = 13466.4 over 1099 frames.
20030005_657 خاں گول عفو گھن زیڈ میں کے افورڈ کردار کی آواز سے منفرد نہیں 
LOG (lattice-best-path[5.5.907~1-cbed4]:main():lattice-best-path.cc:99) For utterance 20030005_658, best cost 149.149 + 11972.7 = 12121.8 over 1003 frames.
20030005_658 لینڈ اؤٹ کا میں واہلہ ڈوب کی وے روز کی باعث سے گزارنے 
LOG (lattice-best-path[5.5.907~1-cbed4]:main():lattice-best-path.cc:99) For utterance 20030005_659, best cost 179.466 + 15714.1 = 15893.6 over 1291 frames.
20030005_659 مرغی کو ڈگر بچائیں اور کوئی کا تمغوں غوروخوض کے بعد بولیں یا پر سوئے ہیں 
LOG (lattice-best-path[5.5.907~1-cbed4]:main():lattice-best-path.cc:99) For utterance 20030005_660, best cost 112.043 + 9377.97 = 9490.01 over 779 frames.
20030005_660 اور پر خان کے بعد رقیہ عضلات میں نہیں گھس نہ 
LOG (lattice-best-path[5.5.907~1-cbed4]:main():lattice-best-path.cc:99) For utterance 20030005_661, best cost 166.679 + 14700.9 = 14867.6 over 1252 frames.
20030005_661 کا اضافہ لے میں کیلئے بھر چھوئیں پر حامل کا ڈھا حال اور دوا ہیں 
LOG (lattice-best-path[5.5.907~1-cbed4]:main():lattice-best-path.cc:99) For utterance 20030005_662, best cost 173.11 + 12889 = 13062.1 over 1067 frames.
20030005_662 کھا اُٹھانے چھاؤں کو کی والیم چلیں دوست باغوں کی پیش کی بھولیں بگڑ ہیں 
LOG (lattice-best-path[5.5.907~1-cbed4]:main():lattice-best-path.cc:99) For utterance 20030005_663, best cost 213.417 + 16406.9 = 16620.4 over 1336 frames.
20030005_663 پی رونے جہاں چاہے مقابلوں انگوٹھی یاں عرصہ کی ڈوب کے معدے کی دن کی سے گو کو ہوئی 
LOG (lattice-best-path[5.5.907~1-cbed4]:main():lattice-best-path.cc:99) For utterance 20030005_664, best cost 230.178 + 16512.6 = 16742.8 over 1316 frames.
20030005_664 فضل آسیہ آئے کے بارے اعظم میں تھانہ گزری لے کا موضوع روات و کیلئے سے کے رخوں کے کھڑے ہو گئی ہے 
LOG (lattice-best-path[5.5.907~1-cbed4]:main():lattice-best-path.cc:99) For utterance 20030005_665, best cost 139.306 + 9734.04 = 9873.35 over 779 frames.
20030005_665 خیمے خزانہ گروہوں والی سے صفر چینی درخواست دو خیر ہوا 
LOG (lattice-best-path[5.5.907~1-cbed4]:main():lattice-best-path.cc:99) For utterance 20030005_666, best cost 178.716 + 13073 = 13251.7 over 1073 frames.
20030005_666 دوعالم سے ہوے اور بل چہل اگر پر آتا کر تو افسران خیر سے بھول یہ 
LOG (lattice-best-path[5.5.907~1-cbed4]:main():lattice-best-path.cc:99) For utterance 20030005_667, best cost 165.071 + 15586.5 = 15751.5 over 1323 frames.
20030005_667 تیری بھیڑیے کے دھاڑ عرصے چنگ ڈے بھول سے کی گگلی بس نوعی 
LOG (lattice-best-path[5.5.907~1-cbed4]:main():lattice-best-path.cc:99) For utterance 20030005_668, best cost 247.219 + 18327.9 = 18575.1 over 1489 frames.
20030005_668 سانولے فضول اور دیے کے گلریز میں کر اور بغیر دلفریب جھالر کا اصلاحات اب یا ناں کی سیب زیر نکل آ 
LOG (lattice-best-path[5.5.907~1-cbed4]:main():lattice-best-path.cc:99) For utterance 20030005_669, best cost 139.339 + 13638.9 = 13778.2 over 1112 frames.
20030005_669 اور خواہ ضرورت منفعت دوڑانے ویڈیوز کر کیلئے غیرضروری نہیں کیا 
LOG (lattice-best-path[5.5.907~1-cbed4]:main():lattice-best-path.cc:99) For utterance 20030005_670, best cost 150.71 + 12677.6 = 12828.3 over 1035 frames.
20030005_670 چوزے کا آخری اشارہ ہیڈ دیکھی سالہ دوں نہ بھگوڑوں کا دلوں 
LOG (lattice-best-path[5.5.907~1-cbed4]:main():lattice-best-path.cc:99) For utterance 20030005_671, best cost 221.562 + 16841.3 = 17062.8 over 1368 frames.
20030005_671 خوشی سے پہلے سسرال کے گڑیا نے کہا سوواں اور سندھو بولو کیسوں فورس جوبلی میں دونوں اور کیجیے جاؤ 
LOG (lattice-best-path[5.5.907~1-cbed4]:main():lattice-best-path.cc:99) For utterance 20030005_672, best cost 202.47 + 14610.6 = 14813.1 over 1163 frames.
20030005_672 انٹر میں دیے ٹشو روز چلا یہ تو فوراً کام بلند سرویئر اوصاف درجے کا پر بلا ہیں 
LOG (lattice-best-path[5.5.907~1-cbed4]:main():lattice-best-path.cc:99) For utterance 20030005_673, best cost 177.955 + 12423.2 = 12601.2 over 1048 frames.
20030005_673 کھڑا ہی کیچ عام گروہ پر ہوے جو ذہن اصل کے بیعت پھاڑ لوتھڑا ہیں 
LOG (lattice-best-path[5.5.907~1-cbed4]:main():lattice-best-path.cc:99) For utterance 20030005_674, best cost 204.637 + 18966.5 = 19171.2 over 1604 frames.
20030005_674 نہ شو نے پُلوں میں پر کا پراچہ میگاواٹ کر ہوا کینگرو ٹھوس میں سنیں کی کوشش کی 
LOG (lattice-best-path[5.5.907~1-cbed4]:main():lattice-best-path.cc:99) For utterance 20030005_675, best cost 160.445 + 15607 = 15767.4 over 1297 frames.
20030005_675 واضح بو گوڈی کے رویے پر سوچے تو تفنن کا براوو پڑھائی یہ 
LOG (lattice-best-path[5.5.907~1-cbed4]:main():lattice-best-path.cc:99) For utterance 20030005_676, best cost 203.219 + 15710.3 = 15913.5 over 1278 frames.
20030005_676 اپنی رہا اس کا سیسے کا نتھی جا کھولے زوال آنے تنگ عشرت جھگڑے پر رتھ دیئے 
LOG (lattice-best-path[5.5.907~1-cbed4]:main():lattice-best-path.cc:99) For utterance 20030005_677, best cost 221.938 + 17236.1 = 17458 over 1380 frames.
20030005_677 مثال نے معیاری گگلی روئی مگر بعدازاں دولت فن بوڑھی پر نوبل پر اپنی کی خبر سے اہل لیا 
LOG (lattice-best-path[5.5.907~1-cbed4]:main():lattice-best-path.cc:99) For utterance 20030005_678, best cost 275.575 + 24443.8 = 24719.4 over 2052 frames.
20030005_678 سے مفہوم سوا کو تھیلی فرض اڑا غور اس والوں سے چھ میں کیلئے پھر ڈور جن فی سے مشعر کریں شے کی 
LOG (lattice-best-path[5.5.907~1-cbed4]:main():lattice-best-path.cc:99) For utterance 20030005_679, best cost 141.553 + 11605.2 = 11746.7 over 958 frames.
20030005_679 تھوڑی اور بھیڑیے پر چڑ لگا یا تو سفر تیزی سے مچھلی 
LOG (lattice-best-path[5.5.907~1-cbed4]:main():lattice-best-path.cc:99) For utterance 20030005_680, best cost 208.768 + 15797.5 = 16006.3 over 1316 frames.
20030005_680 چوری کاجو اوڑھا پیہم دیر ہوے بیٹھ خون کو لائن اٹھا برس میں میں تھوڑا از جاتا ہے 
LOG (lattice-best-path[5.5.907~1-cbed4]:main():lattice-best-path.cc:99) For utterance 20030005_681, best cost 217.854 + 19213.1 = 19431 over 1611 frames.
20030005_681 گداز فیشن بجے شے کو گیارہ کر باعث ہوئی تو اور لوحوں پر بھی چھین دعا پر سایہ 
LOG (lattice-best-path[5.5.907~1-cbed4]:main():lattice-best-path.cc:99) For utterance 20030005_682, best cost 220.32 + 20281.8 = 20502.2 over 1656 frames.
20030005_682 بھی اور چھور والے کے کی لوٹ پر کیجیے کا نازاں چچا کے رقیب واضح کے گوجر بازوؤں کیے 
LOG (lattice-best-path[5.5.907~1-cbed4]:main():lattice-best-path.cc:99) For utterance 20030005_683, best cost 180.472 + 16450.2 = 16630.6 over 1355 frames.
20030005_683 ادھیڑ سے ماؤزے کی جلووں ڈاٹ ایم اور بےمعنی حدیث میں کے تیز سے نہ کر گی 
LOG (lattice-best-path[5.5.907~1-cbed4]:main():lattice-best-path.cc:99) For utterance 20030005_684, best cost 180.207 + 14671.5 = 14851.7 over 1208 frames.
20030005_684 میرون بھی وولر خوان اینڈ زیر کے کی و میں والوں یا ریلی لگاتا آؤ 
LOG (lattice-best-path[5.5.907~1-cbed4]:main():lattice-best-path.cc:99) For utterance 20030005_685, best cost 145.499 + 10806.2 = 10951.7 over 881 frames.
20030005_685 جو فلڈ اوس کے بن چین بخشے سے کہا سے علاقوں بدروح 
LOG (lattice-best-path[5.5.907~1-cbed4]:main():lattice-best-path.cc:99) For utterance 20030005_686, best cost 205.102 + 13369.2 = 13574.3 over 1067 frames.
20030005_686 صوفی کلیم بنیں سرخ کے با ایف عشر سے بن یادیں مسز کا شو شب کود شو 
LOG (lattice-best-path[5.5.907~1-cbed4]:main():lattice-best-path.cc:99) For utterance 20030005_687, best cost 256.338 + 20298.2 = 20554.5 over 1656 frames.
20030005_687 سوویں سے کے بن اسلوب سے آنکھیں کھولے میں دواؤں بھون از آزاد سے کی ماہ کر کو بیجوں مبنی فضول قرار 
LOG (lattice-best-path[5.5.907~1-cbed4]:main():lattice-best-path.cc:99) For utterance 20030005_688, best cost 265.127 + 21546.5 = 21811.6 over 1796 frames.
20030005_688 خلیے کھول کی چادر بھیجی باعث کر سے مچھلیاں مزارعوں اور دیش کی کی بیجوں میں نوحہ مون کے پراٹھا اب داخل جا 
LOG (lattice-best-path[5.5.907~1-cbed4]:main():lattice-best-path.cc:99) For utterance 20030005_689, best cost 210.716 + 17863.1 = 18073.8 over 1496 frames.
20030005_689 بھولا دوبھر جلسہ کی یا یاب جنگلوں نے بولوں بنانے اور افسوس و فصلیں کچلا کر چار 
LOG (lattice-best-path[5.5.907~1-cbed4]:main():lattice-best-path.cc:99) For utterance 20030005_690, best cost 132.558 + 11239.2 = 11371.7 over 881 frames.
20030005_690 جیب منشیانہ پڑھوا میں کے شو لے کو چھور اپنی جاتا 
LOG (lattice-best-path[5.5.907~1-cbed4]:main():lattice-best-path.cc:99) For utterance 20030005_691, best cost 208.482 + 17610.8 = 17819.3 over 1368 frames.
20030005_691 کی سے کی دلجوئی کیلئے اس نجی کر دیول یا اور ہم سے ٹھونس نہ کر معائنہ میں ٹھوس دیئے 
LOG (lattice-best-path[5.5.907~1-cbed4]:main():lattice-best-path.cc:99) For utterance 20030005_692, best cost 201.166 + 15604.7 = 15805.9 over 1220 frames.
20030005_692 بغور ہونا سامنے کہا کے میرٹ کی سے بو ساغر ایک حالات گاڑی سے بھی کھا ٹیبلو ہے 
LOG (lattice-best-path[5.5.907~1-cbed4]:main():lattice-best-path.cc:99) For utterance 20030005_693, best cost 151.83 + 11923.8 = 12075.6 over 939 frames.
20030005_693 مے میں ہر کے جوئیہ سے کہا کے بعد کیا پر بلا کرائے مدح دو 
LOG (lattice-best-path[5.5.907~1-cbed4]:main():lattice-best-path.cc:99) For utterance 20030005_694, best cost 197.614 + 15733.9 = 15931.5 over 1208 frames.
20030005_694 کرا نقاش تھوڑا شیشے آیا کھل اس آٹھ کو جیسے اور سے کی جا کوچوان بنائیں ہیں 
LOG (lattice-best-path[5.5.907~1-cbed4]:main():lattice-best-path.cc:99) For utterance 20030005_695, best cost 189.631 + 14084.1 = 14273.7 over 1105 frames.
20030005_695 کھوہ ہی کی جانے کی جیل جانے کو کا روئیں اگر کی جاؤ کو پانی میں گھول جاؤ 
LOG (lattice-best-path[5.5.907~1-cbed4]:main():lattice-best-path.cc:99) For utterance 20030005_696, best cost 170.764 + 14652.8 = 14823.6 over 1131 frames.
20030005_696 تشنج فلسفے کے میں زیب کو مس ہوئی مسوڑوں کے بنانے کیلئے فراواں کرے گا 
LOG (lattice-best-path[5.5.907~1-cbed4]:main():lattice-best-path.cc:99) For utterance 20030005_697, best cost 130.789 + 10101.2 = 10231.9 over 772 frames.
20030005_697 بولو کو سے سے ملین تمام ایڈز آن کروانے کا کا ہو گیا 
LOG (lattice-best-path[5.5.907~1-cbed4]:main():lattice-best-path.cc:99) For utterance 20030005_698, best cost 158.047 + 14627.1 = 14785.2 over 1124 frames.
20030005_698 بہو خان ذادہ دور بھینٹ سے شفاعت با مغیث کا جائزہ لینے لگا 
LOG (lattice-best-path[5.5.907~1-cbed4]:main():lattice-best-path.cc:99) For utterance 20030005_699, best cost 211.569 + 17457.1 = 17668.7 over 1342 frames.
20030005_699 مجلس کے سے روزوں اور فن خواہ کی چھری میں بااللہ کے اہل ایل میں بےعزتی کا مقصد جو 
LOG (lattice-best-path[5.5.907~1-cbed4]:main():lattice-best-path.cc:99) For utterance 20030005_700, best cost 190.262 + 18356.6 = 18546.9 over 1419 frames.
20030005_700 گوشے اور پھونک کی تک لیے لے میں تغافل کی سوجھی چھڑ اہلکار کھسوٹ سے رکھو 
LOG (lattice-best-path[5.5.907~1-cbed4]:main():lattice-best-path.cc:99) For utterance 20030005_701, best cost 250.483 + 21667.4 = 21917.9 over 1681 frames.
20030005_701 مضمون بام والا بلوں کو نظر کی طرح مرلہ نہ چیز سے شہر اغوا کار موضوع از قوت و کو سمجھ آیا 
LOG (lattice-best-path[5.5.907~1-cbed4]:main():lattice-best-path.cc:99) For utterance 20030005_702, best cost 177.635 + 15094.7 = 15272.4 over 1150 frames.
20030005_702 غیر فیصلہ کو کو بھر کی لو میں ہفتے کو شاہ زون اعظم لوٹ بخشے 
LOG (lattice-best-path[5.5.907~1-cbed4]:main():lattice-best-path.cc:99) For utterance 20030005_703, best cost 140.807 + 12309.7 = 12450.5 over 952 frames.
20030005_703 پتھروں آڑے میں کلیدی جیم کے کھیل پڑھو کاروبار دارومدار ہے 
LOG (lattice-best-path[5.5.907~1-cbed4]:main():lattice-best-path.cc:99) For utterance 20030005_704, best cost 190.406 + 17852.2 = 18042.6 over 1355 frames.
20030005_704 چوکھٹ اننگز سیکشن مرغی ناں داؤ کے اونس بات ایک علاقوں کا پریس ایس ہے 
LOG (lattice-best-path[5.5.907~1-cbed4]:main():lattice-best-path.cc:99) For utterance 20030005_705, best cost 164.238 + 12379.3 = 12543.5 over 958 frames.
20030005_705 بھاوج اعظم ڈیم مقوی سے اجازت پر لاگت آٹھ ہو آنسوؤں سے بڑے ہے 
LOG (lattice-best-path[5.5.907~1-cbed4]:main():lattice-best-path.cc:99) For utterance 20030005_706, best cost 145.913 + 14243.7 = 14389.6 over 1086 frames.
20030005_706 برج از حفیظ مرضی کے عام کی دیکھیں دولخت میجر 
LOG (lattice-best-path[5.5.907~1-cbed4]:main():lattice-best-path.cc:99) For utterance 20030005_707, best cost 159.154 + 11567.7 = 11726.9 over 888 frames.
20030005_707 مزے کو بلا یا حیرت تو آدھے جڑیں جبیں گناہوں میں نہ پڑے 
LOG (lattice-scale[5.5.907~1-cbed4]:main():lattice-scale.cc:107) Done 108 lattices.
LOG (lattice-add-penalty[5.5.907~1-cbed4]:main():lattice-add-penalty.cc:62) Done adding word insertion penalty to 108 lattices.
LOG (lattice-best-path[5.5.907~1-cbed4]:main():lattice-best-path.cc:99) For utterance 20030005_708, best cost 176.661 + 13085.3 = 13262 over 1009 frames.
20030005_708 جانے چھیڑنے سے پہلے بولو لینے مجھے کوچ اڑا سے داؤدی کا اور مشعر سمجھا ہے 
LOG (lattice-best-path[5.5.907~1-cbed4]:main():lattice-best-path.cc:124) Overall cost per frame is 12.4588 = 0.156311 [graph] + 12.3025 [acoustic] over 136802 frames.
LOG (lattice-best-path[5.5.907~1-cbed4]:main():lattice-best-path.cc:128) Done 108 lattices, failed for 0
# Accounting: time=4 threads=1
# Ended (code 0) at Wed Apr 21 06:43:21 PKT 2021, elapsed time 4 seconds
