# lattice-scale --inv-acoustic-scale=16 "ark:gunzip -c exp/tri1/decode/lat.*.gz|" ark:- | lattice-add-penalty --word-ins-penalty=0.0 ark:- ark:- | lattice-best-path --word-symbol-table=exp/tri1/graph/words.txt ark:- ark,t:- | utils/int2sym.pl -f 2- exp/tri1/graph/words.txt | cat > exp/tri1/decode/scoring_kaldi/penalty_0.0/16.txt 
# Started at Thu Apr 22 08:41:34 PKT 2021
#
lattice-scale --inv-acoustic-scale=16 'ark:gunzip -c exp/tri1/decode/lat.*.gz|' ark:- 
lattice-best-path --word-symbol-table=exp/tri1/graph/words.txt ark:- ark,t:- 
lattice-add-penalty --word-ins-penalty=0.0 ark:- ark:- 
LOG (lattice-best-path[5.5.907~1-cbed4]:main():lattice-best-path.cc:99) For utterance 20030004_601, best cost 117.631 + 4901.33 = 5018.96 over 804 frames.
20030004_601 دیوبندی یگانگت کلونجی کے بعد کی کی ریشمی تبدیلی بلی کر دوردراز ہو گئی 
LOG (lattice-best-path[5.5.907~1-cbed4]:main():lattice-best-path.cc:99) For utterance 20030004_602, best cost 126.438 + 6188.14 = 6314.57 over 1000 frames.
20030004_602 بروکلی تنفس کے کرفیو ادائیگیوں بخشی پرچیاں بجنوری چیریٹی شیفرڈ ستانویں 
LOG (lattice-best-path[5.5.907~1-cbed4]:main():lattice-best-path.cc:99) For utterance 20030004_603, best cost 100.479 + 4771.53 = 4872.01 over 782 frames.
20030004_603 ششدر اور بینظیر کی بالاخر ایلیمنٹری کارکردگی خوشخبری جا سکتی ہے 
LOG (lattice-best-path[5.5.907~1-cbed4]:main():lattice-best-path.cc:99) For utterance 20030004_604, best cost 73.9296 + 3887.5 = 3961.43 over 638 frames.
20030004_604 تبدیلی لائی گھناؤنے گردوغبار سترھویں استفادے ہو گئی 
LOG (lattice-best-path[5.5.907~1-cbed4]:main():lattice-best-path.cc:99) For utterance 20030004_605, best cost 69.4419 + 3087.68 = 3157.12 over 506 frames.
20030004_605 سوزش تشنج امیگریشن سیکورٹی کرنے کا ہیں 
LOG (lattice-best-path[5.5.907~1-cbed4]:main():lattice-best-path.cc:99) For utterance 20030004_606, best cost 79.4261 + 3408.77 = 3488.2 over 554 frames.
20030004_606 تبدیلی براہمن بیوروکریسی برسراقتدار خوشخبری گزیر تھا 
LOG (lattice-best-path[5.5.907~1-cbed4]:main():lattice-best-path.cc:99) For utterance 20030004_607, best cost 59.868 + 2607.72 = 2667.59 over 428 frames.
20030004_607 شخصیت کی برطرفی زوال بیماری ہے 
LOG (lattice-best-path[5.5.907~1-cbed4]:main():lattice-best-path.cc:99) For utterance 20030004_608, best cost 88.3554 + 3508.01 = 3596.36 over 578 frames.
20030004_608 کرتے کے نوبل کو خوشخبری چمچہ شیرے جنگوں ہوتی ہے 
LOG (lattice-best-path[5.5.907~1-cbed4]:main():lattice-best-path.cc:99) For utterance 20030004_609, best cost 84.1497 + 4620.76 = 4704.91 over 746 frames.
20030004_609 بدچلنی باورچی رسولی پرائیویسی توجہ کا قدسیہ کیا 
LOG (lattice-best-path[5.5.907~1-cbed4]:main():lattice-best-path.cc:99) For utterance 20030004_610, best cost 109.986 + 4387.29 = 4497.27 over 740 frames.
20030004_610 کا صلاحیتیں شیرخوار پیچیدہ ملیریا نیچے کی تجزیے بلدیاتی صاحب ہے 
LOG (lattice-best-path[5.5.907~1-cbed4]:main():lattice-best-path.cc:99) For utterance 20030004_611, best cost 82.9199 + 4161.93 = 4244.85 over 699 frames.
20030004_611 سے کلیرنس حسینی سے کرواؤ بلدیاتی معجزات سے 
LOG (lattice-best-path[5.5.907~1-cbed4]:main():lattice-best-path.cc:99) For utterance 20030004_612, best cost 96.0687 + 4481.75 = 4577.82 over 740 frames.
20030004_612 تبدیلی ورزش سے لبالب اعتراف جستجو خوگر کیلئے جاتا ہے 
LOG (lattice-best-path[5.5.907~1-cbed4]:main():lattice-best-path.cc:99) For utterance 20030004_613, best cost 75.572 + 3202.66 = 3278.23 over 534 frames.
20030004_613 خیام سوراخ بوگس ذوالجلال تشہیر برابر 
LOG (lattice-best-path[5.5.907~1-cbed4]:main():lattice-best-path.cc:99) For utterance 20030004_614, best cost 77.6777 + 3330.3 = 3407.98 over 547 frames.
20030004_614 بندوق ٹیکنیشنز چلچلاتی سالہاسال کے بغیر سمجھو کر دیا 
LOG (lattice-best-path[5.5.907~1-cbed4]:main():lattice-best-path.cc:99) For utterance 20030004_615, best cost 133.891 + 5695.91 = 5829.8 over 941 frames.
20030004_615 تہتر شہزادی ٹیچر موئسچرائزنگ سومرو کرتے ہوئے جوبلی کاروبار دلجوئی تو علیحدہ ہیں 
LOG (lattice-best-path[5.5.907~1-cbed4]:main():lattice-best-path.cc:99) For utterance 20030004_616, best cost 113.979 + 5398.61 = 5512.59 over 890 frames.
20030004_616 گارلینڈ اور میڈیسن حریت انفلوئنزا چنگیزی بدسلوکی ماخذ ترقیات کیا 
LOG (lattice-best-path[5.5.907~1-cbed4]:main():lattice-best-path.cc:99) For utterance 20030004_617, best cost 77.4031 + 3406.76 = 3484.16 over 569 frames.
20030004_617 کمپیوٹرائزڈ سے بچنے کی گنگولی کارخیر فرانسیسی ہوا 
LOG (lattice-best-path[5.5.907~1-cbed4]:main():lattice-best-path.cc:99) For utterance 20030004_618, best cost 94.2395 + 4748.29 = 4842.53 over 792 frames.
20030004_618 کلیدی تبلیغ سے روشناس موجودہ اقتصادی کرنے کے بعد چلچلاتی ہیں 
LOG (lattice-best-path[5.5.907~1-cbed4]:main():lattice-best-path.cc:99) For utterance 20030004_619, best cost 67.8856 + 3109.41 = 3177.3 over 524 frames.
20030004_619 تیزی کے آشیرباد مدعیان ترمیم تجویز کریں 
LOG (lattice-best-path[5.5.907~1-cbed4]:main():lattice-best-path.cc:99) For utterance 20030004_620, best cost 95.8022 + 4155.84 = 4251.64 over 688 frames.
20030004_620 کی انفرادی ہو کر مصروفیات کی ریمبو بالخصوص شادی کیا ہے 
LOG (lattice-best-path[5.5.907~1-cbed4]:main():lattice-best-path.cc:99) For utterance 20030004_621, best cost 106.978 + 4650.75 = 4757.73 over 757 frames.
20030004_621 مجوزہ چھہتر ذوالجناح لینگویج دیوبند سوچا کی آواز کی طرح دیکھیں 
LOG (lattice-best-path[5.5.907~1-cbed4]:main():lattice-best-path.cc:99) For utterance 20030004_622, best cost 82.0063 + 3834.52 = 3916.52 over 634 frames.
20030004_622 قدسی کرنے میں لائبریری پروگریسیو کرنے والے ریزروز ہے 
LOG (lattice-best-path[5.5.907~1-cbed4]:main():lattice-best-path.cc:99) For utterance 20030004_623, best cost 68.9471 + 3048.29 = 3117.24 over 510 frames.
20030004_623 دلفریب طنزومزاح فرسودہ سامان پریشان کی کیا 
LOG (lattice-best-path[5.5.907~1-cbed4]:main():lattice-best-path.cc:99) For utterance 20030004_624, best cost 103.941 + 4741.81 = 4845.76 over 768 frames.
20030004_624 منتظر تنزلی کسی غوروخوض اور اثرورسوخ کی پیچیدگیوں بشمول تھا 
LOG (lattice-best-path[5.5.907~1-cbed4]:main():lattice-best-path.cc:99) For utterance 20030004_625, best cost 72.7145 + 4253.33 = 4326.05 over 717 frames.
20030004_625 نظریے کی فائربریگیڈ پروگریسیو بلدیاتی تو کیا 
LOG (lattice-best-path[5.5.907~1-cbed4]:main():lattice-best-path.cc:99) For utterance 20030004_626, best cost 67.0653 + 2761.83 = 2828.9 over 463 frames.
20030004_626 غیرملکی کیولری کیا تبلیغی بزرگوار سمجھا 
LOG (lattice-best-path[5.5.907~1-cbed4]:main():lattice-best-path.cc:99) For utterance 20030004_627, best cost 70.6294 + 3703.82 = 3774.45 over 610 frames.
20030004_627 ٹرانسپیرنسی انوکھے آمیزش براوو فگار گیا 
LOG (lattice-best-path[5.5.907~1-cbed4]:main():lattice-best-path.cc:99) For utterance 20030004_628, best cost 78.4789 + 4237.09 = 4315.57 over 710 frames.
20030004_628 فرخی کرنے والے سے بچنے کے لیے فلیش کنسورشیم افزودگی 
LOG (lattice-best-path[5.5.907~1-cbed4]:main():lattice-best-path.cc:99) For utterance 20030004_629, best cost 106.357 + 4558.66 = 4665.02 over 773 frames.
20030004_629 کی نیگیٹو اجاگر فراخدلی چھہتر منظور امریکی ایوارڈ آتشزدگی کرتا ہے 
LOG (lattice-best-path[5.5.907~1-cbed4]:main():lattice-best-path.cc:99) For utterance 20030004_630, best cost 88.41 + 3914.89 = 4003.29 over 661 frames.
20030004_630 کیونکہ گلیشئر کی دارلخلافہ بیچارے بدچلنی سیراب کر دیا 
LOG (lattice-best-path[5.5.907~1-cbed4]:main():lattice-best-path.cc:99) For utterance 20030004_631, best cost 108.319 + 5307.97 = 5416.29 over 905 frames.
20030004_631 سیکھی ایسی گلوبل نیلوفر کی غیررسمی دلسوزی طرزعمل برسراقتدار 
LOG (lattice-best-path[5.5.907~1-cbed4]:main():lattice-best-path.cc:99) For utterance 20030004_632, best cost 110.039 + 5181.13 = 5291.17 over 874 frames.
20030004_632 عزیز یرغمال کے لیے کی وجود اور کیا مجموعہ کروموسوم ریجنل ویلوٹ 
LOG (lattice-best-path[5.5.907~1-cbed4]:main():lattice-best-path.cc:99) For utterance 20030004_633, best cost 95.966 + 4915.99 = 5011.96 over 822 frames.
20030004_633 ٹرانسپیرنسی باآسانی تبدیلی میں کے کرتی سوگوار سیسے لینگویج ہے 
LOG (lattice-best-path[5.5.907~1-cbed4]:main():lattice-best-path.cc:99) For utterance 20030004_634, best cost 83.1247 + 3976.49 = 4059.61 over 680 frames.
20030004_634 گلیشئر سے شہر کی اقتصادی طنزومزاح کی متعدد رہے ہیں 
LOG (lattice-best-path[5.5.907~1-cbed4]:main():lattice-best-path.cc:99) For utterance 20030004_635, best cost 87.3526 + 4075.29 = 4162.64 over 684 frames.
20030004_635 فاخرہ ترجیحات اور مدمقابل بدہضمی حیثیت سزا کریں 
LOG (lattice-best-path[5.5.907~1-cbed4]:main():lattice-best-path.cc:99) For utterance 20030004_636, best cost 92.7744 + 3938.22 = 4030.99 over 677 frames.
20030004_636 گومگو کفالت جوبلی خوشخبری سے زیادہ دوبارہ خوبصورت 
LOG (lattice-best-path[5.5.907~1-cbed4]:main():lattice-best-path.cc:99) For utterance 20030004_637, best cost 88.8785 + 3785.64 = 3874.52 over 652 frames.
20030004_637 خانگی صلاحیت بدچلنی آلودگی کی خبر سے مووایبل ہوئی 
LOG (lattice-best-path[5.5.907~1-cbed4]:main():lattice-best-path.cc:99) For utterance 20030004_638, best cost 99.7242 + 4303.63 = 4403.35 over 709 frames.
20030004_638 تاجور دیکھی شیلٹر تعمیر خصوصا سوچیے کوآرڈینیٹر آکسیجن 
LOG (lattice-best-path[5.5.907~1-cbed4]:main():lattice-best-path.cc:99) For utterance 20030004_639, best cost 108.393 + 4565.6 = 4673.99 over 768 frames.
20030004_639 شیفرڈ برطرفی بغیر سے تجویز فلسفے طاغوتی گلدستہ سے پروسیسنگ 
LOG (lattice-best-path[5.5.907~1-cbed4]:main():lattice-best-path.cc:99) For utterance 20030004_640, best cost 104.586 + 4572.1 = 4676.68 over 768 frames.
20030004_640 چونتیس یونیورسٹی کیا وزیر کی سے فلسفے شواہد پنچولی ہو جاتا ہے 
LOG (lattice-best-path[5.5.907~1-cbed4]:main():lattice-best-path.cc:99) For utterance 20030004_641, best cost 83.9873 + 3556.36 = 3640.35 over 601 frames.
20030004_641 کولیسٹرول بڑی شروع فوقیت انظباتی بےاختیار ویسے ہی ہے 
LOG (lattice-best-path[5.5.907~1-cbed4]:main():lattice-best-path.cc:99) For utterance 20030004_642, best cost 78.6599 + 3439.22 = 3517.88 over 588 frames.
20030004_642 کر واقفیت جیسی کے تنگدستی محسوس کی اور کی 
LOG (lattice-best-path[5.5.907~1-cbed4]:main():lattice-best-path.cc:99) For utterance 20030004_643, best cost 92.3205 + 3737.12 = 3829.44 over 626 frames.
20030004_643 درخواست امرتسری منتخب سیروسیاحت اور کو بالاخر زندگی کریں 
LOG (lattice-best-path[5.5.907~1-cbed4]:main():lattice-best-path.cc:99) For utterance 20030004_644, best cost 96.479 + 4520.95 = 4617.43 over 753 frames.
20030004_644 ترچھی اگرچہ ہیروئن کرائیں وزراء مویشی تحصیلدار سے لگا ہے 
LOG (lattice-best-path[5.5.907~1-cbed4]:main():lattice-best-path.cc:99) For utterance 20030004_645, best cost 82.9608 + 4099.56 = 4182.52 over 687 frames.
20030004_645 لیدر گردیزی کو زرخیز طنزومزاح سرگرمیوں جا سکتی ہے 
LOG (lattice-best-path[5.5.907~1-cbed4]:main():lattice-best-path.cc:99) For utterance 20030004_646, best cost 82.3764 + 3935.66 = 4018.03 over 664 frames.
20030004_646 سالگرہ خودسوزی نوچندی بغاوت کیا نگرانی بڑھائے نہ کریں 
LOG (lattice-best-path[5.5.907~1-cbed4]:main():lattice-best-path.cc:99) For utterance 20030004_647, best cost 60.5459 + 2674.66 = 2735.2 over 439 frames.
20030004_647 باخبر کے تدابیر جونیجو گردوغبار ہے 
LOG (lattice-best-path[5.5.907~1-cbed4]:main():lattice-best-path.cc:99) For utterance 20030004_648, best cost 67.4724 + 3156.53 = 3224 over 531 frames.
20030004_648 نے دودھیا پچاس طیبہ خفگی رہا تھا 
LOG (lattice-best-path[5.5.907~1-cbed4]:main():lattice-best-path.cc:99) For utterance 20030004_649, best cost 71.9957 + 3446.39 = 3518.39 over 582 frames.
20030004_649 فوراً کے سبب کے بیٹھی کے بعد فائربریگیڈ کریں 
LOG (lattice-best-path[5.5.907~1-cbed4]:main():lattice-best-path.cc:99) For utterance 20030004_650, best cost 82.7623 + 4144.39 = 4227.15 over 690 frames.
20030004_650 ترجیح پالیسی درستگی کی نفسیاتی بحثتا کے ساتھ ہیں 
LOG (lattice-best-path[5.5.907~1-cbed4]:main():lattice-best-path.cc:99) For utterance 20030004_651, best cost 80.5524 + 3969.67 = 4050.23 over 679 frames.
20030004_651 ونڈوز بیچوں سیکورٹی بدشگونی زبردست اور کی کی 
LOG (lattice-best-path[5.5.907~1-cbed4]:main():lattice-best-path.cc:99) For utterance 20030004_652, best cost 109.705 + 4676.87 = 4786.58 over 801 frames.
20030004_652 پرویا نیچی تندہی دوغلی کرکے جولانی طاغوتی صعوبتیں اونچی 
LOG (lattice-best-path[5.5.907~1-cbed4]:main():lattice-best-path.cc:99) For utterance 20030004_653, best cost 88.9671 + 4117.8 = 4206.77 over 694 frames.
20030004_653 انٹرفیس کسی زلزلے تجزیے ڈیجیٹل کر پڑوسی اور 
LOG (lattice-best-path[5.5.907~1-cbed4]:main():lattice-best-path.cc:99) For utterance 20030004_654, best cost 105.47 + 4141.94 = 4247.41 over 694 frames.
20030004_654 سبزیوں رنجش توسیع شخص جونیجو رینجرز کی وجہ سے لیبارٹری صدیقین 
LOG (lattice-best-path[5.5.907~1-cbed4]:main():lattice-best-path.cc:99) For utterance 20030004_655, best cost 69.0335 + 2890.58 = 2959.61 over 493 frames.
20030004_655 ڈالر بخشش گئی سوویت بدچلنی کمیشن 
LOG (lattice-best-path[5.5.907~1-cbed4]:main():lattice-best-path.cc:99) For utterance 20030004_656, best cost 105.077 + 4414.3 = 4519.37 over 744 frames.
20030004_656 بیسن سندھی تیروں فلسطینی بیگج حوصلہ جوار بیجوں انسٹھویں 
LOG (lattice-best-path[5.5.907~1-cbed4]:main():lattice-best-path.cc:99) For utterance 20030004_657, best cost 73.4695 + 3195.68 = 3269.15 over 545 frames.
20030004_657 فارورڈ تنظیم کی کے فرخندہ قیمت سمفنی 
LOG (lattice-best-path[5.5.907~1-cbed4]:main():lattice-best-path.cc:99) For utterance 20030004_658, best cost 67.8209 + 3051.39 = 3119.21 over 505 frames.
20030004_658 ایلیمنٹری لاہوریات بیس کے بعد سے گزارنے 
LOG (lattice-best-path[5.5.907~1-cbed4]:main():lattice-best-path.cc:99) For utterance 20030004_659, best cost 98.2446 + 4699.77 = 4798.02 over 796 frames.
20030004_659 میڈیکل گلیشئیر کوریوگرافر خالد فورس کے بعد ضروریات بسائیں 
LOG (lattice-best-path[5.5.907~1-cbed4]:main():lattice-best-path.cc:99) For utterance 20030004_660, best cost 52.4332 + 2438.44 = 2490.87 over 406 frames.
20030004_660 کوریوگرافر بغاوت اسلامی مسلمان 
LOG (lattice-best-path[5.5.907~1-cbed4]:main():lattice-best-path.cc:99) For utterance 20030004_661, best cost 64.483 + 3045.97 = 3110.45 over 513 frames.
20030004_661 برطرفی کے لیے بیچوں دیانتدار باخبر ہیں 
LOG (lattice-best-path[5.5.907~1-cbed4]:main():lattice-best-path.cc:99) For utterance 20030004_662, best cost 74.046 + 3291.97 = 3366.02 over 549 frames.
20030004_662 گرمجوشی پھانسی رنجیدہ سیاحت کی تشبیہ کریں 
LOG (lattice-best-path[5.5.907~1-cbed4]:main():lattice-best-path.cc:99) For utterance 20030004_663, best cost 90.1958 + 3921.69 = 4011.88 over 658 frames.
20030004_663 کی منیجر مچانے بدسلوکی حادثاتی قبیلے کی دبیز ہوئی 
LOG (lattice-best-path[5.5.907~1-cbed4]:main():lattice-best-path.cc:99) For utterance 20030004_664, best cost 99.4231 + 4475.27 = 4574.7 over 744 frames.
20030004_664 پراسسنگ بآسانی بینات کوارڈینیٹر مجموعہ کلیجی دلفریب ہو گئیں 
LOG (lattice-best-path[5.5.907~1-cbed4]:main():lattice-best-path.cc:99) For utterance 20030004_665, best cost 59.8683 + 3465.42 = 3525.29 over 587 frames.
20030004_665 فیصلے دستاویزی پنچھی خوفناک شوکیسوں 
LOG (lattice-best-path[5.5.907~1-cbed4]:main():lattice-best-path.cc:99) For utterance 20030004_666, best cost 67.1586 + 2942.18 = 3009.34 over 480 frames.
20030004_666 بزدل بدچلنی باخبر تاثرات غیرضروری ہے 
LOG (lattice-best-path[5.5.907~1-cbed4]:main():lattice-best-path.cc:99) For utterance 20030004_667, best cost 68.1144 + 3265.51 = 3333.63 over 558 frames.
20030004_667 کے لیے کے بعد سے کنفیوژ سے مبین سمیت 
LOG (lattice-best-path[5.5.907~1-cbed4]:main():lattice-best-path.cc:99) For utterance 20030004_668, best cost 111.901 + 4544.14 = 4656.04 over 777 frames.
20030004_668 ساری ہو گئی ہے کلیجی بنیں تجربات اسلامی صلاحیت سے جانے کیا 
LOG (lattice-best-path[5.5.907~1-cbed4]:main():lattice-best-path.cc:99) For utterance 20030004_669, best cost 74.8079 + 3199.34 = 3274.15 over 543 frames.
20030004_669 اور مواصلات پر اور ویڈیوز تصفیے سینٹر ہو گیا 
LOG (lattice-best-path[5.5.907~1-cbed4]:main():lattice-best-path.cc:99) For utterance 20030004_670, best cost 50.3358 + 3039.41 = 3089.74 over 512 frames.
20030004_670 پرائیوٹائزیشن میں تصورات واقعتاً 
LOG (lattice-best-path[5.5.907~1-cbed4]:main():lattice-best-path.cc:99) For utterance 20030004_671, best cost 112.818 + 5125.55 = 5238.37 over 872 frames.
20030004_671 تنگدستی زلزلے سوسائٹی بلا شبہ بحیثیت کولیسٹرول کے سوزوکی بلوچی جاؤ 
LOG (lattice-best-path[5.5.907~1-cbed4]:main():lattice-best-path.cc:99) For utterance 20030004_672, best cost 87.7706 + 3918.56 = 4006.33 over 652 frames.
20030004_672 فائربریگیڈ شستہ گردوغبار بسر کریں اور صرف وزیرداخلہ ہیں 
LOG (lattice-best-path[5.5.907~1-cbed4]:main():lattice-best-path.cc:99) For utterance 20030004_673, best cost 78.4406 + 3149.87 = 3228.31 over 536 frames.
20030004_673 پڑھائی کے سامنے متنوع چوزے نظریے دیکھ کر لائے 
LOG (lattice-best-path[5.5.907~1-cbed4]:main():lattice-best-path.cc:99) For utterance 20030004_674, best cost 84.655 + 3974.1 = 4058.76 over 656 frames.
20030004_674 نشاندہی کلومیٹر آخرالزمان درآمدات ہندوستانی کی کوشش کی 
LOG (lattice-best-path[5.5.907~1-cbed4]:main():lattice-best-path.cc:99) For utterance 20030004_675, best cost 73.6258 + 2970.95 = 3044.57 over 501 frames.
20030004_675 باخبر منیب کے بلاسوچے تغافل کرواؤ کریں 
LOG (lattice-best-path[5.5.907~1-cbed4]:main():lattice-best-path.cc:99) For utterance 20030004_676, best cost 79.6186 + 3813.37 = 3892.99 over 617 frames.
20030004_676 پرائیوٹائزیشن میڈیکل خوشی سنگباری تنگدستی چلچلاتی 
LOG (lattice-best-path[5.5.907~1-cbed4]:main():lattice-best-path.cc:99) For utterance 20030004_677, best cost 105.599 + 4728.44 = 4834.04 over 794 frames.
20030004_677 نظریے تبلیغی بزرگوار عذاب کو سعودی کو برطانوی فوبیا زندگی 
LOG (lattice-best-path[5.5.907~1-cbed4]:main():lattice-best-path.cc:99) For utterance 20030004_678, best cost 105.111 + 5116.31 = 5221.42 over 870 frames.
20030004_678 سروس معاہدے سے کارخیر والوں سے فرانسیسی پروگریسیو شیشے کریں 
LOG (lattice-best-path[5.5.907~1-cbed4]:main():lattice-best-path.cc:99) For utterance 20030004_679, best cost 63.2425 + 2957.81 = 3021.06 over 496 frames.
20030004_679 پولیو کے لیے ترجیحات واضح گردیزی سے کی 
LOG (lattice-best-path[5.5.907~1-cbed4]:main():lattice-best-path.cc:99) For utterance 20030004_680, best cost 81.9993 + 4470.95 = 4552.95 over 764 frames.
20030004_680 کوریوگرافر انفلوئنزا فوبیا ہیڈکوارٹر کسی دلخراش جاتا ہے 
LOG (lattice-best-path[5.5.907~1-cbed4]:main():lattice-best-path.cc:99) For utterance 20030004_681, best cost 104.034 + 4033.49 = 4137.52 over 688 frames.
20030004_681 بردار فیشن پیش فوبیا کے بعد اس کی کوریوگرافر پیچیدہ تصویر 
LOG (lattice-best-path[5.5.907~1-cbed4]:main():lattice-best-path.cc:99) For utterance 20030004_682, best cost 85.9795 + 3912.05 = 3998.03 over 656 frames.
20030004_682 ریسورس والے دیوبندی کے پاس اجاگر جستجو مردانگی 
LOG (lattice-best-path[5.5.907~1-cbed4]:main():lattice-best-path.cc:99) For utterance 20030004_683, best cost 71.0971 + 3518.89 = 3589.99 over 605 frames.
20030004_683 بھدی نفسیاتی درآمدات پلنٹی زندگی کیسی کریں 
LOG (lattice-best-path[5.5.907~1-cbed4]:main():lattice-best-path.cc:99) For utterance 20030004_684, best cost 93.8427 + 4342.31 = 4436.15 over 758 frames.
20030004_684 بغلگیر خوگر اور انظباتی کی نیلگوں کی لادینیت انتقال 
LOG (lattice-best-path[5.5.907~1-cbed4]:main():lattice-best-path.cc:99) For utterance 20030004_685, best cost 81.7329 + 2909.23 = 2990.96 over 489 frames.
20030004_685 جو سموسے نیچے بخشی گذشتہ مسلمان بدلو 
LOG (lattice-best-path[5.5.907~1-cbed4]:main():lattice-best-path.cc:99) For utterance 20030004_686, best cost 93.3223 + 3251.5 = 3344.82 over 543 frames.
20030004_686 سفیدے بیزار کے بخشش اسمبلی آرڈیننس کنسورشیم خوبصورت 
LOG (lattice-best-path[5.5.907~1-cbed4]:main():lattice-best-path.cc:99) For utterance 20030004_687, best cost 110.812 + 4735.66 = 4846.47 over 796 frames.
20030004_687 صوفیہ سبب سیروسیاحت کو سیل پوائنٹ فرانسیسی باہر کو جادوگر کریں 
LOG (lattice-best-path[5.5.907~1-cbed4]:main():lattice-best-path.cc:99) For utterance 20030004_688, best cost 130.066 + 4976.9 = 5106.96 over 831 frames.
20030004_688 پیچیدگیوں کر بیلچہ تھینکس انجنیئر گزارنے کھبے کی کیلئے میران دلفریب باغیچہ 
LOG (lattice-best-path[5.5.907~1-cbed4]:main():lattice-best-path.cc:99) For utterance 20030004_689, best cost 99.7603 + 3918.42 = 4018.18 over 645 frames.
20030004_689 مجرم کو بدقسمتی بغیر جھنجھوڑ بنائیں خصوصا تصدیق جلدازجلد 
LOG (lattice-best-path[5.5.907~1-cbed4]:main():lattice-best-path.cc:99) For utterance 20030004_690, best cost 68.5239 + 2744.26 = 2812.79 over 467 frames.
20030004_690 کی تلمیحات ادائیگی شعوری کوچوان کی جاتا ہے 
LOG (lattice-best-path[5.5.907~1-cbed4]:main():lattice-best-path.cc:99) For utterance 20030004_691, best cost 112.201 + 4725.64 = 4837.84 over 808 frames.
20030004_691 کی صدیقین چیریٹی لانچنگ پرویا اور بن سے فلمساز تلمیحات میں ٹھونس دیئے 
LOG (lattice-best-path[5.5.907~1-cbed4]:main():lattice-best-path.cc:99) For utterance 20030004_692, best cost 70.8837 + 3913.73 = 3984.62 over 657 frames.
20030004_692 بالخصوص درآمدات انٹیلیجینس فائربریگیڈ ادائیگی کرتے ہیں 
LOG (lattice-best-path[5.5.907~1-cbed4]:main():lattice-best-path.cc:99) For utterance 20030004_693, best cost 83.5813 + 3893.95 = 3977.53 over 673 frames.
20030004_693 مینیجمنٹ کیجیے سے کا کے مطابق بلا براہمن دو 
LOG (lattice-best-path[5.5.907~1-cbed4]:main():lattice-best-path.cc:99) For utterance 20030004_694, best cost 91.6843 + 3684.7 = 3776.39 over 604 frames.
20030004_694 دلبرداشتہ اخوندزادہ خوگر بیچے اویسی چاقو چقندر ہیں 
LOG (lattice-best-path[5.5.907~1-cbed4]:main():lattice-best-path.cc:99) For utterance 20030004_695, best cost 90.4469 + 3623.22 = 3713.67 over 606 frames.
20030004_695 خوشی کی جانے کے جمشید بےاختیار متوفی ہندوستانی انسولیشن 
LOG (lattice-best-path[5.5.907~1-cbed4]:main():lattice-best-path.cc:99) For utterance 20030004_696, best cost 90.0326 + 3747.09 = 3837.13 over 617 frames.
20030004_696 تشخص کے کی آمیزش وزیر منصوبے بنانے کیلئے طبیعت کیا 
LOG (lattice-best-path[5.5.907~1-cbed4]:main():lattice-best-path.cc:99) For utterance 20030004_697, best cost 55.0987 + 2919.74 = 2974.84 over 492 frames.
20030004_697 بلاخوف سے سے بچنے برسراقتدار ہو گیا 
LOG (lattice-best-path[5.5.907~1-cbed4]:main():lattice-best-path.cc:99) For utterance 20030004_698, best cost 72.9735 + 2818.47 = 2891.45 over 474 frames.
20030004_698 بانجھ دستاویزی شفاعت براؤزر زلزلے نے کہا 
LOG (lattice-best-path[5.5.907~1-cbed4]:main():lattice-best-path.cc:99) For utterance 20030004_699, best cost 97.0353 + 3602.16 = 3699.2 over 596 frames.
20030004_699 نجات کے کی گستاخی جدید رہائشی غیریقینی ترمذی کا منسوخی 
LOG (lattice-best-path[5.5.907~1-cbed4]:main():lattice-best-path.cc:99) For utterance 20030004_700, best cost 85.652 + 3234.01 = 3319.66 over 540 frames.
20030004_700 بوجھ افزودگی کی تغافل کی سوکھی چھہتر خصوصا ہے 
LOG (lattice-best-path[5.5.907~1-cbed4]:main():lattice-best-path.cc:99) For utterance 20030004_701, best cost 93.3805 + 3746.09 = 3839.47 over 617 frames.
20030004_701 مظلام یونیورسٹی گنہگار کی سے بالاخر مزدوروں کو سمجھائیں 
LOG (lattice-best-path[5.5.907~1-cbed4]:main():lattice-best-path.cc:99) For utterance 20030004_702, best cost 74.0015 + 3001.88 = 3075.88 over 513 frames.
20030004_702 غیر فیصلہ تنگدستی ہومیوپیتھی تشدد متنفر 
LOG (lattice-best-path[5.5.907~1-cbed4]:main():lattice-best-path.cc:99) For utterance 20030004_703, best cost 60.9526 + 2975.18 = 3036.13 over 504 frames.
20030004_703 شیفرڈ ستانویں ڈیجیٹل ہیڈکوارٹر مرتب 
LOG (lattice-best-path[5.5.907~1-cbed4]:main():lattice-best-path.cc:99) For utterance 20030004_704, best cost 87.7423 + 4431.73 = 4519.47 over 762 frames.
20030004_704 چغتائی سیکشن متنازعہ کیونکہ انظباتی کیا پروسیسر 
LOG (lattice-best-path[5.5.907~1-cbed4]:main():lattice-best-path.cc:99) For utterance 20030004_705, best cost 67.6964 + 3507.27 = 3574.96 over 586 frames.
20030004_705 نوجوان مندوبین وزیرداخلہ پرفارمنس زندگی 
LOG (lattice-best-path[5.5.907~1-cbed4]:main():lattice-best-path.cc:99) For utterance 20030004_706, best cost 63.0137 + 2567.76 = 2630.77 over 434 frames.
20030004_706 بدسلوکی ایمبیسی کارکردگی بنا ہیجڑوں 
LOG (lattice-best-path[5.5.907~1-cbed4]:main():lattice-best-path.cc:99) For utterance 20030004_707, best cost 65.0917 + 2767.24 = 2832.33 over 479 frames.
20030004_707 ماضی کو بلا ایگزامینر جیلانی نہ کریں 
LOG (lattice-best-path[5.5.907~1-cbed4]:main():lattice-best-path.cc:99) For utterance 20030004_708, best cost 88.2962 + 3825.62 = 3913.92 over 653 frames.
20030004_708 چمچے جیسے کچھوے بلکہ اجاڑ نصیحت ریٹائرمنٹ سمجھائیں 
LOG (lattice-best-path[5.5.907~1-cbed4]:main():lattice-best-path.cc:99) For utterance 20030005_601, best cost 132.677 + 8516.12 = 8648.8 over 1496 frames.
20030005_601 مغلیہ گرمجوشی انفارمیشن میں ٹریلر میں کلیرنگ خوگر امور کے بعد کو گوگل ہے 
LOG (lattice-best-path[5.5.907~1-cbed4]:main():lattice-best-path.cc:99) For utterance 20030005_602, best cost 193.975 + 11783.5 = 11977.5 over 2091 frames.
20030005_602 متنوع گارلینڈ کیا خداؤں اور شیلٹر ساریو بن تفتیشی بازوؤں پنجابی کے کو پنجرے کرنے کے شیلٹر سے کا رنگ ہیں 
LOG (lattice-best-path[5.5.907~1-cbed4]:main():lattice-best-path.cc:99) For utterance 20030005_603, best cost 139.356 + 8845.93 = 8985.29 over 1534 frames.
20030005_603 شاہنواز شمار حوصلے کے باعث کے برابر امداد کو کلیدی پیشکشوں برتن بچار کیا 
LOG (lattice-best-path[5.5.907~1-cbed4]:main():lattice-best-path.cc:99) For utterance 20030005_604, best cost 110.759 + 8996.11 = 9106.87 over 1617 frames.
20030005_604 صدیقین آگاہی کے بائیولوجیکل دریچوں کا پیش کوتاہی کے بسیار ہے 
LOG (lattice-best-path[5.5.907~1-cbed4]:main():lattice-best-path.cc:99) For utterance 20030005_605, best cost 83.3665 + 4353.81 = 4437.17 over 734 frames.
20030005_605 شور شوربہ انجمن کے شعروادب کے فراخدلی گیا ہے 
LOG (lattice-best-path[5.5.907~1-cbed4]:main():lattice-best-path.cc:99) For utterance 20030005_606, best cost 107.399 + 6142.04 = 6249.44 over 1080 frames.
20030005_606 مدمقابل کروانے مفروضات سے کی پریوں کے تغافل کی بڑی کرتے ہیں 
LOG (lattice-best-path[5.5.907~1-cbed4]:main():lattice-best-path.cc:99) For utterance 20030005_607, best cost 84.8722 + 4293.71 = 4378.58 over 747 frames.
20030005_607 کر سرویئر کی بزرگ کی زدہ کانجی مائنڈڈ بینچ ہیں 
LOG (lattice-best-path[5.5.907~1-cbed4]:main():lattice-best-path.cc:99) For utterance 20030005_608, best cost 99.5897 + 6333.04 = 6432.63 over 1112 frames.
20030005_608 کی کے چیمپئن اور کو خورشید کا کر سمجھائیں کی مجرم کو گے 
LOG (lattice-best-path[5.5.907~1-cbed4]:main():lattice-best-path.cc:99) For utterance 20030005_609, best cost 145.26 + 8318.7 = 8463.96 over 1464 frames.
20030005_609 کرشنگ میموریل نگاور معاشرے اس تو میں مردانگی کو اور فیصلوں کے کو ماخذ کی کیا گیا 
LOG (lattice-best-path[5.5.907~1-cbed4]:main():lattice-best-path.cc:99) For utterance 20030005_610, best cost 118.261 + 6918.51 = 7036.77 over 1188 frames.
20030005_610 موسم کر بشیر کا کے میں پہنچ گیا میں چیریٹی کر سے اور احساس ہیں 
LOG (lattice-best-path[5.5.907~1-cbed4]:main():lattice-best-path.cc:99) For utterance 20030005_611, best cost 125.928 + 7986.63 = 8112.56 over 1425 frames.
20030005_611 کچیلے میں کے بعد کولسری نے سیدھے گراموفون بڑا زوردار کی گونگے کے ساتھ کے لیے ہیں 
LOG (lattice-best-path[5.5.907~1-cbed4]:main():lattice-best-path.cc:99) For utterance 20030005_612, best cost 122.203 + 7205.7 = 7327.9 over 1246 frames.
20030005_612 تلخیوں کی افزائش سے راہو راجیہ شیفرڈ کو کو کیلئے مصداق سوغات ہیں 
LOG (lattice-best-path[5.5.907~1-cbed4]:main():lattice-best-path.cc:99) For utterance 20030005_613, best cost 92.9061 + 4913.52 = 5006.43 over 836 frames.
20030005_613 کر بالاخر بروز اور چہل کو رشید میں سربراہ کیا 
LOG (lattice-best-path[5.5.907~1-cbed4]:main():lattice-best-path.cc:99) For utterance 20030005_614, best cost 88.6305 + 5335.78 = 5424.41 over 932 frames.
20030005_614 بروز فیڈریشن کے کراؤں کے ساتھ اور کے بغیر سن کر آیا 
LOG (lattice-best-path[5.5.907~1-cbed4]:main():lattice-best-path.cc:99) For utterance 20030005_615, best cost 139.086 + 9789.54 = 9928.63 over 1726 frames.
20030005_615 غیردانشمندانہ کے لیچی کو موئسچرائزنگ روزبروز کرتے ہوئے جوڑیں خوان کی دلجوئی میں اور گا 
LOG (lattice-best-path[5.5.907~1-cbed4]:main():lattice-best-path.cc:99) For utterance 20030005_616, best cost 162.743 + 8750.52 = 8913.26 over 1496 frames.
20030005_616 توجیہ بغیر اور میں سونگ کوششیں کو فوجی نگہداشت گردیزی کا خشوع کی میں موقعوں فاخرہ کیا گیا 
LOG (lattice-best-path[5.5.907~1-cbed4]:main():lattice-best-path.cc:99) For utterance 20030005_617, best cost 114.99 + 6788.63 = 6903.62 over 1182 frames.
20030005_617 کمپیوٹرائزڈ ہینگر چھاؤں میں شعروادب کو شعاع دیکھا کر فقدان سے لگا 
LOG (lattice-best-path[5.5.907~1-cbed4]:main():lattice-best-path.cc:99) For utterance 20030005_618, best cost 108.331 + 6375.86 = 6484.19 over 1099 frames.
20030005_618 کو کے ایمبولینس ایشیائیوں چھولے خسارے کی میں گنا پرچیز کیا گیا 
LOG (lattice-best-path[5.5.907~1-cbed4]:main():lattice-best-path.cc:99) For utterance 20030005_619, best cost 95.9736 + 4917.88 = 5013.86 over 868 frames.
20030005_619 کوآرڈینیٹر شیرخوار مراد بیعانہ کرنے کی جوڈیشل دیگر ہیں 
LOG (lattice-best-path[5.5.907~1-cbed4]:main():lattice-best-path.cc:99) For utterance 20030005_620, best cost 152.465 + 9741.36 = 9893.82 over 1764 frames.
20030005_620 شیعہ میں بوڑھوں کے گوشوں کو گروہوں سیسموگراف مورچے میں کو اور اور زور شور کی کامیاب کی 
LOG (lattice-best-path[5.5.907~1-cbed4]:main():lattice-best-path.cc:99) For utterance 20030005_621, best cost 137.065 + 7659.94 = 7797 over 1336 frames.
20030005_621 بدچلنی حاشیے میں اور کر چیلنج ایمبولینس میں گوگل سے دوچار کے بعد میں میں پر کی 
LOG (lattice-best-path[5.5.907~1-cbed4]:main():lattice-best-path.cc:99) For utterance 20030005_622, best cost 125.281 + 8307.1 = 8432.38 over 1476 frames.
20030005_622 کو کی کر میں میں باولنگ خریدے کر کے بغیر موروثی بھیڑوں اور نے سے کریں 
LOG (lattice-best-path[5.5.907~1-cbed4]:main():lattice-best-path.cc:99) For utterance 20030005_623, best cost 101.72 + 6648.64 = 6750.36 over 1188 frames.
20030005_623 بینگن گینگز کاروبار خام فوم ہونے کا مہنگائی نوشاد گیا 
LOG (lattice-best-path[5.5.907~1-cbed4]:main():lattice-best-path.cc:99) For utterance 20030005_624, best cost 172.358 + 8174.63 = 8346.99 over 1412 frames.
20030005_624 گھسے کے نرخوں میں کیلئے سنگین اور اور شعوری فورس والا خوگر حدود کے امیگریشن گیارہویں پیشنگوئی تھا 
LOG (lattice-best-path[5.5.907~1-cbed4]:main():lattice-best-path.cc:99) For utterance 20030005_625, best cost 123.586 + 7227.63 = 7351.22 over 1252 frames.
20030005_625 گھروں کے ٹرانسفارمر کیا بیماری گھلیں لے کر اور کی اور کے تو کیا ہو گیا 
LOG (lattice-best-path[5.5.907~1-cbed4]:main():lattice-best-path.cc:99) For utterance 20030005_626, best cost 78.6696 + 4627.02 = 4705.69 over 817 frames.
20030005_626 لینڈ ارجمند کو مالیخولیا گوگل کی غیردانشمندانہ 
LOG (lattice-best-path[5.5.907~1-cbed4]:main():lattice-best-path.cc:99) For utterance 20030005_627, best cost 109.847 + 6123.52 = 6233.37 over 1073 frames.
20030005_627 چھلکا یرغمال کے مبتلا میں سے نوزلوں کے کوسوں محنت کا گیا 
LOG (lattice-best-path[5.5.907~1-cbed4]:main():lattice-best-path.cc:99) For utterance 20030005_628, best cost 109.829 + 6701.81 = 6811.64 over 1182 frames.
20030005_628 بھربھری کرنے والے کر کے ٹریبیونل نے چھاؤنی کے ہوشیاری وفود کی 
LOG (lattice-best-path[5.5.907~1-cbed4]:main():lattice-best-path.cc:99) For utterance 20030005_629, best cost 127.865 + 8431.09 = 8558.95 over 1476 frames.
20030005_629 شیڈ کے کے گوشوں کے سوختہ میں کی کوریوگرافر میں مغلوں بعدازاں بھیجی گا 
LOG (lattice-best-path[5.5.907~1-cbed4]:main():lattice-best-path.cc:99) For utterance 20030005_630, best cost 118.064 + 8218.35 = 8336.41 over 1457 frames.
20030005_630 کی خبر میں ماشے کے لشکر تھانیدار کیلئے معاشرے گلشن سے ہو کر دیا 
LOG (lattice-best-path[5.5.907~1-cbed4]:main():lattice-best-path.cc:99) For utterance 20030005_631, best cost 168.032 + 10862.7 = 11030.7 over 1912 frames.
20030005_631 سیلرز چیز کو میں پندرہ گیجٹ میں کو خواستگار کے فلموں کانگریس بیچیں کو میں سے ہو کر کارخیر ہیں 
LOG (lattice-best-path[5.5.907~1-cbed4]:main():lattice-best-path.cc:99) For utterance 20030005_632, best cost 161.673 + 9877.38 = 10039.1 over 1758 frames.
20030005_632 قرضے تحصیلدار میں کا کے اور ٹیچر کو کو کیا بھونچال اور کر کروڈ اور انسولین کو ویلفئر کریں 
LOG (lattice-best-path[5.5.907~1-cbed4]:main():lattice-best-path.cc:99) For utterance 20030005_633, best cost 159.224 + 10371.5 = 10530.7 over 1873 frames.
20030005_633 پرفارمنس کے علاوہ میں تجویز کے لیے کی پھیلنے کوفی شعلوں کی کو اور سے میں بولنگ کیلئے کیجیے ہیں 
LOG (lattice-best-path[5.5.907~1-cbed4]:main():lattice-best-path.cc:99) For utterance 20030005_634, best cost 89.3193 + 5486.68 = 5576 over 952 frames.
20030005_634 گلیشئیر گریجویشن کے کا اندھیروں میں یا کی ملیریا ہیں 
LOG (lattice-best-path[5.5.907~1-cbed4]:main():lattice-best-path.cc:99) For utterance 20030005_635, best cost 126.782 + 7516.11 = 7642.9 over 1336 frames.
20030005_635 خواص مینگل کوچے کیوں اور میں کریں اور نمودار فرمائیں کی میں سنوارا ہیں 
LOG (lattice-best-path[5.5.907~1-cbed4]:main():lattice-best-path.cc:99) For utterance 20030005_636, best cost 109.697 + 7553.68 = 7663.37 over 1361 frames.
20030005_636 کو اور خوشہ معلومات کی جوبلی کہکشاؤں میں سے ہو جاتا کو کرو 
LOG (lattice-best-path[5.5.907~1-cbed4]:main():lattice-best-path.cc:99) For utterance 20030005_637, best cost 129.909 + 8128.44 = 8258.35 over 1457 frames.
20030005_637 خواری میں پوشیدہ میں کی خویش کا رنجیدہ موچی کی ایڈورٹائزنگ موقر کے ہوئی 
LOG (lattice-best-path[5.5.907~1-cbed4]:main():lattice-best-path.cc:99) For utterance 20030005_638, best cost 126.537 + 10112.1 = 10238.6 over 1828 frames.
20030005_638 کا رینجرز کی شعروادب میں سے منشور کو کو کے کولسری کیا سے جارج ہیں 
LOG (lattice-best-path[5.5.907~1-cbed4]:main():lattice-best-path.cc:99) For utterance 20030005_639, best cost 133.179 + 8258.28 = 8391.46 over 1432 frames.
20030005_639 خریدے برطرفی کیلئے کے سے ترجیح کر سے ماخوذ کی سربراہ کو سے پرجوش کریں 
LOG (lattice-best-path[5.5.907~1-cbed4]:main():lattice-best-path.cc:99) For utterance 20030005_640, best cost 107.973 + 7731.54 = 7839.51 over 1348 frames.
20030005_640 شوکیسوں برطرفی گیارہویں نظرثانی کونسل کے شالا کانجی پہنچا 
LOG (lattice-best-path[5.5.907~1-cbed4]:main():lattice-best-path.cc:99) For utterance 20030005_641, best cost 91.6609 + 6155.59 = 6247.25 over 1054 frames.
20030005_641 اور فوری شوکیسوں کی رہائشی آرزوئیں گڑگڑا گارلینڈ سے ہے 
LOG (lattice-best-path[5.5.907~1-cbed4]:main():lattice-best-path.cc:99) For utterance 20030005_642, best cost 106.172 + 5993.73 = 6099.91 over 1041 frames.
20030005_642 کی کوشش کے میں ایجنسیز شیئرنگ تشہیر میں سے نفوذ کے خواری 
LOG (lattice-best-path[5.5.907~1-cbed4]:main():lattice-best-path.cc:99) For utterance 20030005_643, best cost 133.855 + 7473.06 = 7606.91 over 1310 frames.
20030005_643 طوفان سے مؤخر بحثیں بلاخوف کلچر سے بہائیں اور مالیخولیا سے ظاہر کے بعد ہیں 
LOG (lattice-best-path[5.5.907~1-cbed4]:main():lattice-best-path.cc:99) For utterance 20030005_644, best cost 141.859 + 8954.31 = 9096.17 over 1611 frames.
20030005_644 بخشیں حکومت چیئرمین دونوں فوجیں اور کیا بلوچی فیسیں اور کونسل گروہ کے ہیں 
LOG (lattice-best-path[5.5.907~1-cbed4]:main():lattice-best-path.cc:99) For utterance 20030005_645, best cost 109.012 + 5887.94 = 5996.96 over 1022 frames.
20030005_645 بیوروکریسی انکلوژر کے ساڑھے موضوع مظفر کرنے میں کی کوشش کریں ہیں 
LOG (lattice-best-path[5.5.907~1-cbed4]:main():lattice-best-path.cc:99) For utterance 20030005_646, best cost 110.38 + 6576.73 = 6687.11 over 1156 frames.
20030005_646 چھوڑیں ناخواندگی جمشید اور کی میں گراموفون گیا میں بڑھائیں کا میں ہیں 
LOG (lattice-best-path[5.5.907~1-cbed4]:main():lattice-best-path.cc:99) For utterance 20030005_647, best cost 93.2726 + 5924.02 = 6017.29 over 1067 frames.
20030005_647 باخبر کے خانقاہوں سے کا گوبر زوردار بیوپار کا ہیں 
LOG (lattice-best-path[5.5.907~1-cbed4]:main():lattice-best-path.cc:99) For utterance 20030005_648, best cost 89.5874 + 5461.67 = 5551.25 over 990 frames.
20030005_648 میلے میں عندیہ خواہش کرنا کلچر کے لیے پراٹھا 
LOG (lattice-best-path[5.5.907~1-cbed4]:main():lattice-best-path.cc:99) For utterance 20030005_649, best cost 79.7675 + 5864.83 = 5944.6 over 1041 frames.
20030005_649 کو ٹورنامنٹس کر کے بحیرہ کو کا میں کر لائے 
LOG (lattice-best-path[5.5.907~1-cbed4]:main():lattice-best-path.cc:99) For utterance 20030005_650, best cost 116.78 + 7606.56 = 7723.34 over 1355 frames.
20030005_650 سدباب میں کی سیر اور سنبھال عندیہ وزیرداخلہ کے رہائشی کر سزا ہیں 
LOG (lattice-best-path[5.5.907~1-cbed4]:main():lattice-best-path.cc:99) For utterance 20030005_651, best cost 109.072 + 6244.06 = 6353.13 over 1131 frames.
20030005_651 کوئلے کی بیرونی پوچھوں کی کو کی بلکہ ہونے سے پہلے سعودی کی 
LOG (lattice-best-path[5.5.907~1-cbed4]:main():lattice-best-path.cc:99) For utterance 20030005_652, best cost 129.076 + 8369.55 = 8498.62 over 1502 frames.
20030005_652 فرانسیسی میں کا میں کو اور کیلئے اور تنخواہ میرون کو اور پیشروؤں کر اونچی 
LOG (lattice-best-path[5.5.907~1-cbed4]:main():lattice-best-path.cc:99) For utterance 20030005_653, best cost 90.7153 + 6654.85 = 6745.57 over 1176 frames.
20030005_653 لوہار وائرلیس ٹرانسمیشن کرنے کے لیے کی ڈالر کو ہوا 
LOG (lattice-best-path[5.5.907~1-cbed4]:main():lattice-best-path.cc:99) For utterance 20030005_654, best cost 127.303 + 7787.52 = 7914.82 over 1361 frames.
20030005_654 کریں اور کے لیے ہوسٹس کی وحشیانہ کے بغیر قونصلیٹ کے موثر کیلئے میں سے بچنے ہیں 
LOG (lattice-best-path[5.5.907~1-cbed4]:main():lattice-best-path.cc:99) For utterance 20030005_655, best cost 86.8113 + 5722.23 = 5809.04 over 1022 frames.
20030005_655 مہنگائی کی بچائیں کو اور ڈیویلپر بچائیں کاشف ہیں 
LOG (lattice-best-path[5.5.907~1-cbed4]:main():lattice-best-path.cc:99) For utterance 20030005_656, best cost 141.213 + 9262.92 = 9404.13 over 1668 frames.
20030005_656 بے سے سبزی تیروں ویڈنگ ایڈوائزری تھینکس مچانے اور شوروم اور جانا دل خیرخواہ ہیں 
LOG (lattice-best-path[5.5.907~1-cbed4]:main():lattice-best-path.cc:99) For utterance 20030005_657, best cost 100.888 + 6165.37 = 6266.26 over 1099 frames.
20030005_657 کا بولنگ باخبر ضیغم کے بغیر کا کی حاصل منفرد میں 
LOG (lattice-best-path[5.5.907~1-cbed4]:main():lattice-best-path.cc:99) For utterance 20030005_658, best cost 77.1499 + 5573.76 = 5650.91 over 1003 frames.
20030005_658 منظور کا میران بگٹی سیلز کے بعد سے گزارنے 
LOG (lattice-best-path[5.5.907~1-cbed4]:main():lattice-best-path.cc:99) For utterance 20030005_659, best cost 116.681 + 7347.31 = 7463.99 over 1291 frames.
20030005_659 عمر کی کوریوگرافر شائیں اوورلوڈنگ کا تمغوں کو کلاشنکوفیں فاریسٹ اور ہیں 
LOG (lattice-best-path[5.5.907~1-cbed4]:main():lattice-best-path.cc:99) For utterance 20030005_660, best cost 56.3239 + 4398.68 = 4455 over 779 frames.
20030005_660 اور خان کے باغیانہ میں گستاخی 
LOG (lattice-best-path[5.5.907~1-cbed4]:main():lattice-best-path.cc:99) For utterance 20030005_661, best cost 89.266 + 6903.65 = 6992.91 over 1252 frames.
20030005_661 کرواؤ میں کے لیے خوشبوؤں دارومدار کا داغدار بلا ہیں 
LOG (lattice-best-path[5.5.907~1-cbed4]:main():lattice-best-path.cc:99) For utterance 20030005_662, best cost 89.9102 + 6005.13 = 6095.04 over 1067 frames.
20030005_662 کرنا چھوڑ کی کامیاب چلیں ہندوستانی دلنشیں کے لیے ہیں 
LOG (lattice-best-path[5.5.907~1-cbed4]:main():lattice-best-path.cc:99) For utterance 20030005_663, best cost 112.928 + 7635.28 = 7748.21 over 1336 frames.
20030005_663 کے کو میں جا چاہیے اور مشروبات گستاخی بدروح کے میڈیسن کی سے ہو گئی 
LOG (lattice-best-path[5.5.907~1-cbed4]:main():lattice-best-path.cc:99) For utterance 20030005_664, best cost 121.826 + 7600.93 = 7722.75 over 1316 frames.
20030005_664 کا سہارے آرگنائزنگ میں بنانے کیلئے کا موضوعات کو کے لیے کے جھونکے کھڑے ہو گیا 
LOG (lattice-best-path[5.5.907~1-cbed4]:main():lattice-best-path.cc:99) For utterance 20030005_665, best cost 78.7205 + 4480.62 = 4559.34 over 779 frames.
20030005_665 خیرخواہ رساؤ والی سے سرنجیں گوہر کرتا ہے 
LOG (lattice-best-path[5.5.907~1-cbed4]:main():lattice-best-path.cc:99) For utterance 20030005_666, best cost 95.6568 + 6086.4 = 6182.06 over 1073 frames.
20030005_666 پروسیسر اور اور معالجہ ہنگامہ درسگاہوں خیر سے بولے 
LOG (lattice-best-path[5.5.907~1-cbed4]:main():lattice-best-path.cc:99) For utterance 20030005_667, best cost 85.4967 + 7327.08 = 7412.58 over 1323 frames.
20030005_667 کی کے لیے کے بعد سے جھمکے دوسرے کی چنگیزی اسمبلی 
LOG (lattice-best-path[5.5.907~1-cbed4]:main():lattice-best-path.cc:99) For utterance 20030005_668, best cost 137.321 + 8449.63 = 8586.95 over 1489 frames.
20030005_668 سوجھی سلیولائیٹ کے بغیر میں کے بغیر واویلا جادوگر کا جمعہ پگڑیاں کی سیلز کے لگا 
LOG (lattice-best-path[5.5.907~1-cbed4]:main():lattice-best-path.cc:99) For utterance 20030005_669, best cost 97.8507 + 6283.89 = 6381.74 over 1112 frames.
20030005_669 غوروخوض کر نیلوفر بوڑھا میں ویڈیوز کرنے کیلئے غیرضروری گیا 
LOG (lattice-best-path[5.5.907~1-cbed4]:main():lattice-best-path.cc:99) For utterance 20030005_670, best cost 82.2948 + 5815.23 = 5897.53 over 1035 frames.
20030005_670 فوریکس آمیزش پراسیس کے ساتھ بویا کو کا کرو 
LOG (lattice-best-path[5.5.907~1-cbed4]:main():lattice-best-path.cc:99) For utterance 20030005_671, best cost 144.961 + 7800.34 = 7945.3 over 1368 frames.
20030005_671 تشخیص ٹریولرز سوسائٹی گڑیا میں کا شور اور سموئے کے فورس بولیں کو دورانیے جاؤ 
LOG (lattice-best-path[5.5.907~1-cbed4]:main():lattice-best-path.cc:99) For utterance 20030005_672, best cost 111.874 + 6762.53 = 6874.4 over 1163 frames.
20030005_672 امیگریشن موئسچرائزنگ کے کو اور کا محور سرویئر کو سوم درجے کا ہو گیا 
LOG (lattice-best-path[5.5.907~1-cbed4]:main():lattice-best-path.cc:99) For utterance 20030005_673, best cost 88.9709 + 5819.31 = 5908.28 over 1048 frames.
20030005_673 کا میں کی جاؤں گروہ کرتے ہوئے سیکورٹی تحصیلدار کرتا ہے 
LOG (lattice-best-path[5.5.907~1-cbed4]:main():lattice-best-path.cc:99) For utterance 20030005_674, best cost 138.587 + 8807.9 = 8946.48 over 1604 frames.
20030005_674 مشہور میں پُلوں میں اور کا اور شاخ پھولدار فرخندہ بینگن کو سمجھائیں کی کوشش کی 
LOG (lattice-best-path[5.5.907~1-cbed4]:main():lattice-best-path.cc:99) For utterance 20030005_675, best cost 97.3594 + 7233.64 = 7331 over 1297 frames.
20030005_675 اور غیر بھورے کے لیے کر سوچے کو خوفوں کا ہو سکتا ہے 
LOG (lattice-best-path[5.5.907~1-cbed4]:main():lattice-best-path.cc:99) For utterance 20030005_676, best cost 115.53 + 7278.33 = 7393.85 over 1278 frames.
20030005_676 اور میں جعلسازی جالندھری چاہیے کی شعاع میں فاؤنڈیشن جرنیل باورچی ہیں 
LOG (lattice-best-path[5.5.907~1-cbed4]:main():lattice-best-path.cc:99) For utterance 20030005_677, best cost 140.137 + 7945.35 = 8085.48 over 1380 frames.
20030005_677 گزارنے معیاری جیولری بولنگ بغیر بعدازاں اور گنگولی کو ہونگی کرائیں کی طرف سے بنایا 
LOG (lattice-best-path[5.5.907~1-cbed4]:main():lattice-best-path.cc:99) For utterance 20030005_678, best cost 140.806 + 11389.9 = 11530.7 over 2052 frames.
20030005_678 سے مفروضات کو کے لیے خیر اور اور سے کے میں کے لیے پروسیسنگ میں سے مشعر کے شعری 
LOG (lattice-best-path[5.5.907~1-cbed4]:main():lattice-best-path.cc:99) For utterance 20030005_679, best cost 83.1006 + 5425.52 = 5508.62 over 958 frames.
20030005_679 کو ریسورس کے بغیر چیلہ کولسری کے ریسرچ کی 
LOG (lattice-best-path[5.5.907~1-cbed4]:main():lattice-best-path.cc:99) For utterance 20030005_680, best cost 126.872 + 7379 = 7505.87 over 1316 frames.
20030005_680 چوری کاروبار چیمپئن ہوے شیرٹن پھولدار کا باعث میں میں تھوڑا کارخیر ہے 
LOG (lattice-best-path[5.5.907~1-cbed4]:main():lattice-best-path.cc:99) For utterance 20030005_681, best cost 132.35 + 8969.84 = 9102.19 over 1611 frames.
20030005_681 تراشوں جیل شیر کو بحیرہ کر باعث ہوئیں کروموسوم اور دوشیزہ اور شاخ 
LOG (lattice-best-path[5.5.907~1-cbed4]:main():lattice-best-path.cc:99) For utterance 20030005_682, best cost 142.763 + 9374.82 = 9517.59 over 1656 frames.
20030005_682 کی کو شعاع کے کی مومن کر پنجرے کا ماخذ جاگزیں اور کے گوجر موعود کیے 
LOG (lattice-best-path[5.5.907~1-cbed4]:main():lattice-best-path.cc:99) For utterance 20030005_683, best cost 104.221 + 7587.75 = 7691.97 over 1355 frames.
20030005_683 غیر سیسموگراف کی چوروں کر پیغمبر میں کے لیے کے کے استعمال کریں 
LOG (lattice-best-path[5.5.907~1-cbed4]:main():lattice-best-path.cc:99) For utterance 20030005_684, best cost 104.735 + 6809.26 = 6913.99 over 1208 frames.
20030005_684 منجھی ہوئی خواری کلیئر کے سیو میں موبائل برقرار جاؤ 
LOG (lattice-best-path[5.5.907~1-cbed4]:main():lattice-best-path.cc:99) For utterance 20030005_685, best cost 98.1198 + 5029.28 = 5127.4 over 881 frames.
20030005_685 جو فروغ کے لونگ شیرٹن بخشے سے رقاصاؤں بدروح 
LOG (lattice-best-path[5.5.907~1-cbed4]:main():lattice-best-path.cc:99) For utterance 20030005_686, best cost 118.888 + 6185.14 = 6304.03 over 1067 frames.
20030005_686 کوآرڈینیٹر میں اور کے بغیر فشار سینٹر معیاری مسائل کا نشرواشاعت دانشو 
LOG (lattice-best-path[5.5.907~1-cbed4]:main():lattice-best-path.cc:99) For utterance 20030005_687, best cost 163.191 + 9436.23 = 9599.42 over 1656 frames.
20030005_687 کو گریز کے ایجنسی دوسرے ڈھانچے کو ٹیلیفون ڈھونگ درخواست سے کے بعد کر کوچوں موعود گونگے اور 
LOG (lattice-best-path[5.5.907~1-cbed4]:main():lattice-best-path.cc:99) For utterance 20030005_688, best cost 158.597 + 10012.3 = 10170.9 over 1796 frames.
20030005_688 کرنے کے لیے چاول کے دیباچہ کا سے منشیانہ مزارعوں اور پیش کی کیجیے میں گاؤن کروائیں کالجوں 
LOG (lattice-best-path[5.5.907~1-cbed4]:main():lattice-best-path.cc:99) For utterance 20030005_689, best cost 132.753 + 8299.67 = 8432.43 over 1496 frames.
20030005_689 گنگولی کو اور جذبات کیا کالونی تمہارے کوسموس کو فصلیں کچیلے کر چار 
LOG (lattice-best-path[5.5.907~1-cbed4]:main():lattice-best-path.cc:99) For utterance 20030005_690, best cost 86.4221 + 5111.43 = 5197.85 over 881 frames.
20030005_690 کے وحشیانہ دوڑائیں کے شور میچور کوچہ میں جاتا ہے 
LOG (lattice-best-path[5.5.907~1-cbed4]:main():lattice-best-path.cc:99) For utterance 20030005_691, best cost 107.99 + 8029.44 = 8137.43 over 1368 frames.
20030005_691 کی دلجوئی کے جہانگیر پرویا اور میں سے افسوسناک تناؤ لاکھ دلسوزی ہے 
LOG (lattice-best-path[5.5.907~1-cbed4]:main():lattice-best-path.cc:99) For utterance 20030005_692, best cost 106.746 + 7165.62 = 7272.37 over 1220 frames.
20030005_692 ظہور سالہاسال چیئرمین سے سازوسامان کے ساتھ گاڑی سے میخائل اور 
LOG (lattice-best-path[5.5.907~1-cbed4]:main():lattice-best-path.cc:99) For utterance 20030005_693, best cost 81.8462 + 5483.38 = 5565.23 over 939 frames.
20030005_693 سویٹر کے جوئیہ سے کہا پیروکار اور گناہوں 
LOG (lattice-best-path[5.5.907~1-cbed4]:main():lattice-best-path.cc:99) For utterance 20030005_694, best cost 121.518 + 7193.14 = 7314.66 over 1208 frames.
20030005_694 کراؤں کا شعاع بخشش کا تساہل کو درجے ہونے سے کی کا کوچوان ہے 
LOG (lattice-best-path[5.5.907~1-cbed4]:main():lattice-best-path.cc:99) For utterance 20030005_695, best cost 113.191 + 6446.2 = 6559.39 over 1105 frames.
20030005_695 خواری کی جانب شیشے جانے کو کارپوریشن فیڈریشن شوخ اور میں کرتا ہے 
LOG (lattice-best-path[5.5.907~1-cbed4]:main():lattice-best-path.cc:99) For utterance 20030005_696, best cost 111.48 + 6706.45 = 6817.93 over 1131 frames.
20030005_696 کرشنگ اور سیلز کے سامنے کو خصوصی مسوڑوں کے بنانے کیلئے کراؤں کیا 
LOG (lattice-best-path[5.5.907~1-cbed4]:main():lattice-best-path.cc:99) For utterance 20030005_697, best cost 66.5962 + 4601.77 = 4668.36 over 772 frames.
20030005_697 کو اور سے اسرائیلی فاؤنڈیشن کروائیں کا ہو گیا 
LOG (lattice-best-path[5.5.907~1-cbed4]:main():lattice-best-path.cc:99) For utterance 20030005_698, best cost 92.8253 + 6629.82 = 6722.64 over 1124 frames.
20030005_698 گناہوں اخوندزادہ بولیں سے شفاعت نوخیز کا جائزہ لیا 
LOG (lattice-best-path[5.5.907~1-cbed4]:main():lattice-best-path.cc:99) For utterance 20030005_699, best cost 113.747 + 7953.04 = 8066.79 over 1342 frames.
20030005_699 خریدوفروخت کفار کی شعری میں بوکھلاہٹ کے تعاقب میں غیرملکی کا مصوروں 
LOG (lattice-best-path[5.5.907~1-cbed4]:main():lattice-best-path.cc:99) For utterance 20030005_700, best cost 105.117 + 8362.04 = 8467.15 over 1419 frames.
20030005_700 گوشے اور ہوئی کی کرنے میں بروکلی کی کر کر خصوصی کرو 
LOG (lattice-best-path[5.5.907~1-cbed4]:main():lattice-best-path.cc:99) For utterance 20030005_701, best cost 136.191 + 9882.56 = 10018.8 over 1681 frames.
20030005_701 کلثوم بانو اور بانو کولسری رحمت ماشے سے سیاح ہوسٹس کروموسوم جاتا ہے 
LOG (lattice-best-path[5.5.907~1-cbed4]:main():lattice-best-path.cc:99) For utterance 20030005_702, best cost 108.001 + 6838.34 = 6946.34 over 1150 frames.
20030005_702 فیصلہ خوگر کی نوروز میں پھنسے گوہ شاہ زوردار بخشیں 
LOG (lattice-best-path[5.5.907~1-cbed4]:main():lattice-best-path.cc:99) For utterance 20030005_703, best cost 81.1224 + 5600.73 = 5681.86 over 952 frames.
20030005_703 کر اور میں لیچی کے کروڑوں کاروبار دارومدار ہے 
LOG (lattice-best-path[5.5.907~1-cbed4]:main():lattice-best-path.cc:99) For utterance 20030005_704, best cost 116.757 + 8081.95 = 8198.71 over 1355 frames.
20030005_704 سترھویں سیکشن موردالزام جاؤں کے تھینکس موردالزام اور کا جیسے سے ہیں 
LOG (lattice-best-path[5.5.907~1-cbed4]:main():lattice-best-path.cc:99) For utterance 20030005_705, best cost 94.0424 + 5644.92 = 5738.96 over 958 frames.
20030005_705 موئسچرائزنگ پیغمبر ہونے سے جاتا راہداری نظروں سینٹر ہے 
LOG (lattice-best-path[5.5.907~1-cbed4]:main():lattice-best-path.cc:99) For utterance 20030005_706, best cost 74.8126 + 6433.59 = 6508.41 over 1086 frames.
20030005_706 بزدل ویسے ہی کے خاموشی بےہودہ بھیجیں 
LOG (lattice-best-path[5.5.907~1-cbed4]:main():lattice-best-path.cc:99) For utterance 20030005_707, best cost 91.916 + 5269.08 = 5361 over 888 frames.
20030005_707 ماؤزے کو بااللہ کو سامنے برعظیم غذاؤں بالاخر ہیں 
LOG (lattice-best-path[5.5.907~1-cbed4]:main():lattice-best-path.cc:99) For utterance 20030005_708, best cost 97.4531 + 5997.64 = 6095.09 over 1009 frames.
20030005_708 جمشید سے پہلے بوڑھے مینیجمنٹ پاسداری کا اور مشعر نے ہے 
LOG (lattice-best-path[5.5.907~1-cbed4]:main():lattice-best-path.cc:99) For utterance 20030010_601, best cost 134.814 + 6229.44 = 6364.25 over 985 frames.
20030010_601 برابر تغافل چلچلاتی کی سمجھدار جیلانی بغلگیر عجلت امور ٹھکانے کو ہندوستانی نہیں 
LOG (lattice-best-path[5.5.907~1-cbed4]:main():lattice-best-path.cc:99) For utterance 20030010_602, best cost 153.305 + 7665.37 = 7818.67 over 1203 frames.
20030010_602 ازدواجی کرنے خاطر بدشگونی کو ایک پالیسیوں بلڈوزر چھیانوے چلچلاتی چھاؤنی کی ششدر سیاسی ہے 
LOG (lattice-best-path[5.5.907~1-cbed4]:main():lattice-best-path.cc:99) For utterance 20030010_603, best cost 111.254 + 5326.82 = 5438.08 over 833 frames.
20030010_603 ششدر بیعانہ زیراستعمال آخرالزمان کو کارکردگی بالخصوص بتدریج صاحب کیا 
LOG (lattice-best-path[5.5.907~1-cbed4]:main():lattice-best-path.cc:99) For utterance 20030010_604, best cost 101.14 + 5483.84 = 5584.98 over 856 frames.
20030010_604 چلچلاتی پیتھالوجی درستگی چوائس کا چاہئے کی استغنا سے ہو گئی 
LOG (lattice-best-path[5.5.907~1-cbed4]:main():lattice-best-path.cc:99) For utterance 20030010_605, best cost 76.6848 + 3286.17 = 3362.85 over 513 frames.
20030010_605 گزشتہ لیجنڈ جنریشن غیرملکی جلدازجلد دیتا ہے 
LOG (lattice-best-path[5.5.907~1-cbed4]:main():lattice-best-path.cc:99) For utterance 20030010_606, best cost 70.9044 + 3919.07 = 3989.98 over 608 frames.
20030010_606 وزیرداخلہ ورزش برسراقتدار قفس انٹیلیجینس ہیں 
LOG (lattice-best-path[5.5.907~1-cbed4]:main():lattice-best-path.cc:99) For utterance 20030010_607, best cost 58.52 + 2656.67 = 2715.19 over 420 frames.
20030010_607 پمفلٹ چیونگم کی ٹرانسمیشن بچائیں 
LOG (lattice-best-path[5.5.907~1-cbed4]:main():lattice-best-path.cc:99) For utterance 20030010_608, best cost 90.2627 + 3721.91 = 3812.18 over 582 frames.
20030010_608 کو تکلم پر مصر کو خوشخبری سمجھانے جدوجہد اور ہو گی 
LOG (lattice-best-path[5.5.907~1-cbed4]:main():lattice-best-path.cc:99) For utterance 20030010_609, best cost 98.1333 + 4699.28 = 4797.42 over 736 frames.
20030010_609 تشنج رنجیدہ مسلمان شکار انسانیت کی سعودی جغرافیائی کیا 
LOG (lattice-best-path[5.5.907~1-cbed4]:main():lattice-best-path.cc:99) For utterance 20030010_610, best cost 98.4085 + 4957.42 = 5055.83 over 803 frames.
20030010_610 ناظم ایشیائی دودھیا منیجر نیچے کی طرف کے بعد استفسار ہے 
LOG (lattice-best-path[5.5.907~1-cbed4]:main():lattice-best-path.cc:99) For utterance 20030010_611, best cost 98.4522 + 5419.01 = 5517.46 over 868 frames.
20030010_611 کمسن بلاخوف سمیت انتخابات اور بالاخر کی معجزات چینی 
LOG (lattice-best-path[5.5.907~1-cbed4]:main():lattice-best-path.cc:99) For utterance 20030010_612, best cost 102.672 + 5620.46 = 5723.13 over 921 frames.
20030010_612 تبدیلیاں کلاسز سمجھ آباواجداد ساختہ داخلوں بدچلنی چھپوائیں ہے 
LOG (lattice-best-path[5.5.907~1-cbed4]:main():lattice-best-path.cc:99) For utterance 20030010_613, best cost 69.5917 + 2903.38 = 2972.97 over 452 frames.
20030010_613 دارلخلافہ اور ساجد دلخراش کی مدرسہ کہا 
LOG (lattice-best-path[5.5.907~1-cbed4]:main():lattice-best-path.cc:99) For utterance 20030010_614, best cost 96.0734 + 3669.36 = 3765.43 over 578 frames.
20030010_614 بروز پھیلنے شیشے عہدیداروں کے ساتھ سرنجیں بغیر سمجھدار کیا 
LOG (lattice-best-path[5.5.907~1-cbed4]:main():lattice-best-path.cc:99) For utterance 20030010_615, best cost 129.569 + 6065.61 = 6195.18 over 960 frames.
20030010_615 پراٹھا شہزادی میں نیچا موئسچرائزنگ پروسیسر خودسوزی پلنٹی کی دلجوئی کے بغیر بنایا 
LOG (lattice-best-path[5.5.907~1-cbed4]:main():lattice-best-path.cc:99) For utterance 20030010_616, best cost 140.313 + 6228.47 = 6368.78 over 989 frames.
20030010_616 کا جنرک بخود میں تخلص خریدوفروخت سیاست پیچیدہ تصدق کی منفعت فرخندہ کا کیا 
LOG (lattice-best-path[5.5.907~1-cbed4]:main():lattice-best-path.cc:99) For utterance 20030010_617, best cost 85.3832 + 4199.72 = 4285.1 over 669 frames.
20030010_617 تبسم کلچر مریضوں کو ہارویسٹر کی طرف پچاسویں لگا 
LOG (lattice-best-path[5.5.907~1-cbed4]:main():lattice-best-path.cc:99) For utterance 20030010_618, best cost 107.104 + 5177.5 = 5284.6 over 824 frames.
20030010_618 کمپیوٹرائزڈ فلمساز نوجوان یا خسارے مہربانیوں کے بعد اس کیا کیا ہے 
LOG (lattice-best-path[5.5.907~1-cbed4]:main():lattice-best-path.cc:99) For utterance 20030010_619, best cost 80.5894 + 3194.86 = 3275.45 over 519 frames.
20030010_619 کسی دلخراش کیا مدعیان تنقید پنجابی باغیچہ ہیں 
LOG (lattice-best-path[5.5.907~1-cbed4]:main():lattice-best-path.cc:99) For utterance 20030010_620, best cost 118.573 + 5294 = 5412.57 over 820 frames.
20030010_620 کی معاندانہ دیوبند پروسیسر بویا کی گراموفون بفرزون شادی کیا لالچی 
LOG (lattice-best-path[5.5.907~1-cbed4]:main():lattice-best-path.cc:99) For utterance 20030010_621, best cost 124.131 + 6348.83 = 6472.96 over 1024 frames.
20030010_621 میں مجوزہ تشبیہ منتظر چیونگم والدین ویزے دوردراز بجاآوری مواضعات پر کی 
LOG (lattice-best-path[5.5.907~1-cbed4]:main():lattice-best-path.cc:99) For utterance 20030010_622, best cost 85.4342 + 4920.48 = 5005.91 over 764 frames.
20030010_622 کو چئرمین برسراقتدار جدول رسیدہ کے کالجز کیں 
LOG (lattice-best-path[5.5.907~1-cbed4]:main():lattice-best-path.cc:99) For utterance 20030010_623, best cost 71.5804 + 4068.9 = 4140.48 over 664 frames.
20030010_623 دلبرداشتہ محافظوں بیسٹ خارجہ نشاندہی کیا 
LOG (lattice-best-path[5.5.907~1-cbed4]:main():lattice-best-path.cc:99) For utterance 20030010_624, best cost 107.977 + 4925.86 = 5033.83 over 790 frames.
20030010_624 منتظر تنزلی سے درخواست اور اثاثوں باوجود انجکشن کے میں مشروبات 
LOG (lattice-best-path[5.5.907~1-cbed4]:main():lattice-best-path.cc:99) For utterance 20030010_625, best cost 94.0675 + 4158.28 = 4252.35 over 665 frames.
20030010_625 معیاری درستگی چچا کے بدلے گردیزی برتن وافر ہو گیا 
LOG (lattice-best-path[5.5.907~1-cbed4]:main():lattice-best-path.cc:99) For utterance 20030010_626, best cost 60.2901 + 2865.69 = 2925.98 over 465 frames.
20030010_626 چیلنجز گویا دھجیاں متاثرین جاؤ 
LOG (lattice-best-path[5.5.907~1-cbed4]:main():lattice-best-path.cc:99) For utterance 20030010_627, best cost 80.371 + 4359.35 = 4439.73 over 712 frames.
20030010_627 ٹرانسفارمر کے ملبوسات کے تعالی زندگی طنزومزاح گیا 
LOG (lattice-best-path[5.5.907~1-cbed4]:main():lattice-best-path.cc:99) For utterance 20030010_628, best cost 89.5754 + 4400.45 = 4490.03 over 709 frames.
20030010_628 پروگریسیو بنانے کیلئے اگرچہ چیلنجز عروج تشنج کو کی 
LOG (lattice-best-path[5.5.907~1-cbed4]:main():lattice-best-path.cc:99) For utterance 20030010_629, best cost 109.848 + 5386.73 = 5496.57 over 876 frames.
20030010_629 کی کے کے نوش معاشیات فراخدلی کی گرمجوشی سے موجودہ ایجنسی چلا گیا 
LOG (lattice-best-path[5.5.907~1-cbed4]:main():lattice-best-path.cc:99) For utterance 20030010_630, best cost 93.4267 + 4154.19 = 4247.62 over 668 frames.
20030010_630 تیار قزلباش انکشاف معاہدے جماعت انٹیلجنس فرخندہ کیا 
LOG (lattice-best-path[5.5.907~1-cbed4]:main():lattice-best-path.cc:99) For utterance 20030010_631, best cost 116.787 + 6060.77 = 6177.55 over 964 frames.
20030010_631 سیاسی اور انداز سے بچنے تحفتا کے تنگدستی چلغوزے سے ضرورت برسراقتدار 
LOG (lattice-best-path[5.5.907~1-cbed4]:main():lattice-best-path.cc:99) For utterance 20030010_632, best cost 142.285 + 7540.41 = 7682.7 over 1219 frames.
20030010_632 انستھیزیا بغدادی گونگے کی حجت اور زیرقیادت بھجوا کر فجور موصول تو کے بغیر دیکھیں 
LOG (lattice-best-path[5.5.907~1-cbed4]:main():lattice-best-path.cc:99) For utterance 20030010_633, best cost 121.959 + 6437.73 = 6559.69 over 1056 frames.
20030010_633 کے جلدازجلد بگاڑنے فلسطینی چلچلاتی سوچیے اور اس کی سیلزمین کے لیے نیچے 
LOG (lattice-best-path[5.5.907~1-cbed4]:main():lattice-best-path.cc:99) For utterance 20030010_634, best cost 86.2218 + 4340.1 = 4426.32 over 708 frames.
20030010_634 کمیشن انجکشن گلستان کے لیے ضروریات زیادہ تنگدستی نہیں 
LOG (lattice-best-path[5.5.907~1-cbed4]:main():lattice-best-path.cc:99) For utterance 20030010_635, best cost 87.1258 + 4544.28 = 4631.41 over 722 frames.
20030010_635 باخبر کچیلے لاابالی بحیثیت پارلیمنٹرین زبردست فراخدلی 
LOG (lattice-best-path[5.5.907~1-cbed4]:main():lattice-best-path.cc:99) For utterance 20030010_636, best cost 86.7587 + 4201.29 = 4288.05 over 677 frames.
20030010_636 اعدادوشمار چندھیا جمہوریت کے سوچا خاتون داخلوں ہوا 
LOG (lattice-best-path[5.5.907~1-cbed4]:main():lattice-best-path.cc:99) For utterance 20030010_637, best cost 79.9575 + 4321.62 = 4401.58 over 703 frames.
20030010_637 پر خارجہ ٹرانسپیرنسی ناامیدی کی کے گیسیں کرتے ہوئے 
LOG (lattice-best-path[5.5.907~1-cbed4]:main():lattice-best-path.cc:99) For utterance 20030010_638, best cost 119.071 + 6908.61 = 7027.68 over 1134 frames.
20030010_638 تاجور جنریشن مردانگی کو میں صورت اور کرتی کو کھچی سیاست جھجک 
LOG (lattice-best-path[5.5.907~1-cbed4]:main():lattice-best-path.cc:99) For utterance 20030010_639, best cost 129.512 + 6192.36 = 6321.87 over 1011 frames.
20030010_639 پھیرتے تو تحصیلوں کے جیسے تشخیص تسلسل باورچی درخواست پراسسنگ بہت سکتیں 
LOG (lattice-best-path[5.5.907~1-cbed4]:main():lattice-best-path.cc:99) For utterance 20030010_640, best cost 113.973 + 5053.49 = 5167.46 over 822 frames.
20030010_640 جاتی آنگن بدچلنی ضخیم ایمبیسی ٹرانسفر کی شماریات بوجوہ کی کوشش کریں 
LOG (lattice-best-path[5.5.907~1-cbed4]:main():lattice-best-path.cc:99) For utterance 20030010_641, best cost 92.2601 + 4379.2 = 4471.46 over 712 frames.
20030010_641 اور ایلیمنٹری شروع زوجیت تابش بازیچہ طرفین صدیقی 
LOG (lattice-best-path[5.5.907~1-cbed4]:main():lattice-best-path.cc:99) For utterance 20030010_642, best cost 79.3037 + 3869.33 = 3948.63 over 638 frames.
20030010_642 خفگی سے کی ایمرجنسی دلبرداشتہ نفوذ دیوار کی 
LOG (lattice-best-path[5.5.907~1-cbed4]:main():lattice-best-path.cc:99) For utterance 20030010_643, best cost 95.226 + 4107.4 = 4202.63 over 664 frames.
20030010_643 تفاوت صداقت اغیار مخرج سنایا ایمبولینس آتشزدگی نہیں 
LOG (lattice-best-path[5.5.907~1-cbed4]:main():lattice-best-path.cc:99) For utterance 20030010_644, best cost 102.141 + 5552.44 = 5654.59 over 908 frames.
20030010_644 انجنیئر چیئرمین دعاگو میں جاگیرداروں کھچڑی تحصیلدار کیلئے پر بات کی 
LOG (lattice-best-path[5.5.907~1-cbed4]:main():lattice-best-path.cc:99) For utterance 20030010_645, best cost 87.6399 + 4733.63 = 4821.27 over 768 frames.
20030010_645 کی چیلنجز مینگل کوہستان طنزومزاح سرگرمیوں کی جا سکتی ہے 
LOG (lattice-best-path[5.5.907~1-cbed4]:main():lattice-best-path.cc:99) For utterance 20030010_646, best cost 90.0718 + 4521.51 = 4611.58 over 734 frames.
20030010_646 دارلخلافہ دودھیا کرنے کے بعد گاؤں بیچارے سائنسدانوں درمیان 
LOG (lattice-best-path[5.5.907~1-cbed4]:main():lattice-best-path.cc:99) For utterance 20030010_647, best cost 64.2793 + 3175.23 = 3239.5 over 517 frames.
20030010_647 خواص زبردست فراخدلی جونیجو گردوغبار کریں 
LOG (lattice-best-path[5.5.907~1-cbed4]:main():lattice-best-path.cc:99) For utterance 20030010_648, best cost 54.3857 + 3523.99 = 3578.38 over 573 frames.
20030010_648 نے گلدستہ اخراجات کے لیے رہا تھا 
LOG (lattice-best-path[5.5.907~1-cbed4]:main():lattice-best-path.cc:99) For utterance 20030010_649, best cost 64.6464 + 3031.16 = 3095.8 over 478 frames.
20030010_649 تحفتا مستعد ایگزیکٹو آٹھواں جنریشن کریں 
LOG (lattice-best-path[5.5.907~1-cbed4]:main():lattice-best-path.cc:99) For utterance 20030010_650, best cost 102.142 + 5403.09 = 5505.23 over 870 frames.
20030010_650 تجربات دلسوزی بآسانی یا کی بالواسطہ مافیا ایجنسی کی ظاہر 
LOG (lattice-best-path[5.5.907~1-cbed4]:main():lattice-best-path.cc:99) For utterance 20030010_651, best cost 92.9644 + 4256.7 = 4349.66 over 699 frames.
20030010_651 بروکلی ایمرجنسی کوتاہی بلدیاتی کڑھنے سے پہلے سعودی کی 
LOG (lattice-best-path[5.5.907~1-cbed4]:main():lattice-best-path.cc:99) For utterance 20030010_652, best cost 100.257 + 4714.39 = 4814.64 over 777 frames.
20030010_652 ترجمان کیجیے قادیانی ترجمانی مقدار بوگس کبوتر فوجیں 
LOG (lattice-best-path[5.5.907~1-cbed4]:main():lattice-best-path.cc:99) For utterance 20030010_653, best cost 72.8699 + 3921.74 = 3994.61 over 638 frames.
20030010_653 پرفارمنس پریذیڈنٹ مرکزی کی جھجھک افسوسناک 
LOG (lattice-best-path[5.5.907~1-cbed4]:main():lattice-best-path.cc:99) For utterance 20030010_654, best cost 104.996 + 5074.66 = 5179.65 over 838 frames.
20030010_654 درمیان اشخاص اس کی اشجار جوئیہ لنگر چلغوزے میں دینے سکتیں 
LOG (lattice-best-path[5.5.907~1-cbed4]:main():lattice-best-path.cc:99) For utterance 20030010_655, best cost 59.6187 + 2863.66 = 2923.28 over 465 frames.
20030010_655 ڈالر بخشش بائیولوجیکل بچھانے دریچے 
LOG (lattice-best-path[5.5.907~1-cbed4]:main():lattice-best-path.cc:99) For utterance 20030010_656, best cost 112.221 + 5523.26 = 5635.48 over 918 frames.
20030010_656 ڈیزرٹ تجزیے بغیر زندگی ہینگر جایا قاسم اجاگر کے بستر ہے 
LOG (lattice-best-path[5.5.907~1-cbed4]:main():lattice-best-path.cc:99) For utterance 20030010_657, best cost 70.8019 + 3274.07 = 3344.87 over 540 frames.
20030010_657 کا معطل بینک استفسار پراسسنگ مخرج ہیں 
LOG (lattice-best-path[5.5.907~1-cbed4]:main():lattice-best-path.cc:99) For utterance 20030010_658, best cost 61.2591 + 3530.98 = 3592.24 over 591 frames.
20030010_658 لگاتا میں کالجز کے بعد سے روزافزوں 
LOG (lattice-best-path[5.5.907~1-cbed4]:main():lattice-best-path.cc:99) For utterance 20030010_659, best cost 89.7751 + 4820.43 = 4910.2 over 779 frames.
20030010_659 میں جدوجہد کوریوگرافر متعارف ساز کے بعد بالاخر سوویں 
LOG (lattice-best-path[5.5.907~1-cbed4]:main():lattice-best-path.cc:99) For utterance 20030010_660, best cost 33.1987 + 2938.14 = 2971.34 over 482 frames.
20030010_660 کلاشنکوفیں دستاویزات 
LOG (lattice-best-path[5.5.907~1-cbed4]:main():lattice-best-path.cc:99) For utterance 20030010_661, best cost 54.1938 + 3612.12 = 3666.32 over 578 frames.
20030010_661 فراخدلی کیلئے جداگانہ سربراہ ہیں 
LOG (lattice-best-path[5.5.907~1-cbed4]:main():lattice-best-path.cc:99) For utterance 20030010_662, best cost 74.2261 + 3615.65 = 3689.87 over 575 frames.
20030010_662 پنجروں زوجیت راجیہ جلدازجلد انڈسٹری کیلئے 
LOG (lattice-best-path[5.5.907~1-cbed4]:main():lattice-best-path.cc:99) For utterance 20030010_663, best cost 89.2658 + 4144.62 = 4233.89 over 656 frames.
20030010_663 کی جلدازجلد مطالعوں حصص آکسیجن کیلئے کی تنقیص ہو گئی 
LOG (lattice-best-path[5.5.907~1-cbed4]:main():lattice-best-path.cc:99) For utterance 20030010_664, best cost 103.642 + 4989.36 = 5093 over 790 frames.
20030010_664 پراسیس الہیات اہلخانہ کوارڈینیٹر مصروفیات کر پیچیدگیوں دلفریب اور ہے 
LOG (lattice-best-path[5.5.907~1-cbed4]:main():lattice-best-path.cc:99) For utterance 20030010_665, best cost 72.5727 + 3517.63 = 3590.2 over 569 frames.
20030010_665 فیصلہ خسارے سے سے رسیدہ کا طرفین اور 
LOG (lattice-best-path[5.5.907~1-cbed4]:main():lattice-best-path.cc:99) For utterance 20030010_666, best cost 66.0158 + 3186.73 = 3252.74 over 505 frames.
20030010_666 کوریوگرافر چیلنج باخبر اڑسٹھ غیرضروری ہے 
LOG (lattice-best-path[5.5.907~1-cbed4]:main():lattice-best-path.cc:99) For utterance 20030010_667, best cost 75.7085 + 4390.73 = 4466.44 over 731 frames.
20030010_667 کیلئے کے باعث چیچن کیموتھراپی مجیب بسر کریں 
LOG (lattice-best-path[5.5.907~1-cbed4]:main():lattice-best-path.cc:99) For utterance 20030010_668, best cost 80.6164 + 4648.16 = 4728.77 over 739 frames.
20030010_668 فائربریگیڈ فلالین منیجر گردش آرگنائزنگ جانبدار 
LOG (lattice-best-path[5.5.907~1-cbed4]:main():lattice-best-path.cc:99) For utterance 20030010_669, best cost 66.2768 + 3510 = 3576.28 over 557 frames.
20030010_669 اور آخرالزمان میوزک چیلنجز ایفروایشین کیا 
LOG (lattice-best-path[5.5.907~1-cbed4]:main():lattice-best-path.cc:99) For utterance 20030010_670, best cost 66.0314 + 4065.15 = 4131.18 over 653 frames.
20030010_670 گذشتہ خسارے کے ضرورت کارپوریشن کرو 
LOG (lattice-best-path[5.5.907~1-cbed4]:main():lattice-best-path.cc:99) For utterance 20030010_671, best cost 123.169 + 4499.99 = 4623.16 over 712 frames.
20030010_671 تشخیص پر تیسر فاجر دنیاوی کا اثرورسوخ کرکے سکول چوری میں سوچیے جاؤ 
LOG (lattice-best-path[5.5.907~1-cbed4]:main():lattice-best-path.cc:99) For utterance 20030010_672, best cost 94.5121 + 3806.15 = 3900.66 over 626 frames.
20030010_672 کی جنریشن موئسچرائزنگ فقدان بسر درخواست اگرچہ برخلاف ہے 
LOG (lattice-best-path[5.5.907~1-cbed4]:main():lattice-best-path.cc:99) For utterance 20030010_673, best cost 68.8975 + 3760.54 = 3829.43 over 621 frames.
20030010_673 تعریفیں چاہتے متعدد جو سنگھاسن کیلئے کرتا ہے 
LOG (lattice-best-path[5.5.907~1-cbed4]:main():lattice-best-path.cc:99) For utterance 20030010_674, best cost 92.0825 + 4703.75 = 4795.84 over 777 frames.
20030010_674 مشورہ دارومدار کا تجربہ درآمدات کی خصوصی کی کوشش کی 
LOG (lattice-best-path[5.5.907~1-cbed4]:main():lattice-best-path.cc:99) For utterance 20030010_675, best cost 75.1692 + 4201.69 = 4276.86 over 686 frames.
20030010_675 کا کلومیٹر بلاسوچے تعداد گستاخی براؤزر ہیں 
LOG (lattice-best-path[5.5.907~1-cbed4]:main():lattice-best-path.cc:99) For utterance 20030010_676, best cost 83.3323 + 3665.22 = 3748.56 over 587 frames.
20030010_676 تفرقہ ایشز ایجنسی چڑچڑے براہمن بیچارے سکتیں 
LOG (lattice-best-path[5.5.907~1-cbed4]:main():lattice-best-path.cc:99) For utterance 20030010_677, best cost 118.133 + 4889.27 = 5007.4 over 788 frames.
20030010_677 مزارعین سیاسی مجیب عمر بعدازاں موضوع کی کو دستاویزی جلدازجلد منتقل گیا 
LOG (lattice-best-path[5.5.907~1-cbed4]:main():lattice-best-path.cc:99) For utterance 20030010_678, best cost 114.107 + 7122.96 = 7237.06 over 1203 frames.
20030010_678 زبردست فراخدلی کے تاثرات ترجمانی کے لیے خریدوفروخت جیسے مشعر کے سے کریں 
LOG (lattice-best-path[5.5.907~1-cbed4]:main():lattice-best-path.cc:99) For utterance 20030010_679, best cost 64.957 + 2566.29 = 2631.24 over 411 frames.
20030010_679 تو کیا رفیوجی ترجیحات عزت ازدواجی 
LOG (lattice-best-path[5.5.907~1-cbed4]:main():lattice-best-path.cc:99) For utterance 20030010_680, best cost 87.0407 + 4147.08 = 4234.12 over 662 frames.
20030010_680 چڑچڑا تمسخر بٹورتا اور کر پرفارمنس مرتبہ جاتا ہے 
LOG (lattice-best-path[5.5.907~1-cbed4]:main():lattice-best-path.cc:99) For utterance 20030010_681, best cost 94.6615 + 4616.1 = 4710.76 over 755 frames.
20030010_681 تشنج ایشو کا تنزلی گلوبل بجلی برابر ثریا 
LOG (lattice-best-path[5.5.907~1-cbed4]:main():lattice-best-path.cc:99) For utterance 20030010_682, best cost 101.171 + 4854.84 = 4956.01 over 794 frames.
20030010_682 دیگر صحافیوں متوجہ تناسب جاتا باعث کے جھگڑالو کیے 
LOG (lattice-best-path[5.5.907~1-cbed4]:main():lattice-best-path.cc:99) For utterance 20030010_683, best cost 81.2943 + 4043.04 = 4124.33 over 669 frames.
20030010_683 کے ساتھ کیچڑ اور کا ترجمانی کرتی کے کی سمیت کریں 
LOG (lattice-best-path[5.5.907~1-cbed4]:main():lattice-best-path.cc:99) For utterance 20030010_684, best cost 60.1135 + 4077 = 4137.12 over 673 frames.
20030010_684 ملفوظات ایگزیکٹو ملیہ کی جا سکتا ہے 
LOG (lattice-best-path[5.5.907~1-cbed4]:main():lattice-best-path.cc:99) For utterance 20030010_685, best cost 74.9086 + 3175.42 = 3250.33 over 522 frames.
20030010_685 جذبات مصیبت کے بخشے سرفراز دریاؤں رکھو 
LOG (lattice-best-path[5.5.907~1-cbed4]:main():lattice-best-path.cc:99) For utterance 20030010_686, best cost 88.8683 + 4101.28 = 4190.14 over 671 frames.
20030010_686 پھپھوندی گستاخی کی کوشش سبزواری مزیدار شستہ کوچوں 
LOG (lattice-best-path[5.5.907~1-cbed4]:main():lattice-best-path.cc:99) For utterance 20030010_687, best cost 119.949 + 5472.57 = 5592.52 over 885 frames.
20030010_687 ساختہ زبردست نقصان تنزلی بن کر درخواست رنجیدہ خاطر ترجمان افزودگی 
LOG (lattice-best-path[5.5.907~1-cbed4]:main():lattice-best-path.cc:99) For utterance 20030010_688, best cost 119.523 + 6525.78 = 6645.31 over 1064 frames.
20030010_688 کارکردگی جالندھری چادر سرنجیں دیانتدار اور ڈیجیٹل نظام کے فرخندہ ہجران 
LOG (lattice-best-path[5.5.907~1-cbed4]:main():lattice-best-path.cc:99) For utterance 20030010_689, best cost 93.8882 + 3941.49 = 4035.37 over 625 frames.
20030010_689 دوچند کے جذبات زیادہ جنگجوؤں خدانخواستہ تصدق جلدازجلد 
LOG (lattice-best-path[5.5.907~1-cbed4]:main():lattice-best-path.cc:99) For utterance 20030010_690, best cost 54.1847 + 2451.06 = 2505.25 over 384 frames.
20030010_690 دیباچہ رنجش کچھ ترجمانی جاتا ہے 
LOG (lattice-best-path[5.5.907~1-cbed4]:main():lattice-best-path.cc:99) For utterance 20030010_691, best cost 85.5123 + 4423.33 = 4508.84 over 712 frames.
20030010_691 کی گلیشئیر فاجر دنیاوی سے مذاکرات بالاخر ٹھونس دیئے 
LOG (lattice-best-path[5.5.907~1-cbed4]:main():lattice-best-path.cc:99) For utterance 20030010_692, best cost 92.5392 + 4359.16 = 4451.7 over 703 frames.
20030010_692 برخلاف جائیداد کیلئے سے مزارعوں اڑتالیس کبڈی خاطر دیتا 
LOG (lattice-best-path[5.5.907~1-cbed4]:main():lattice-best-path.cc:99) For utterance 20030010_693, best cost 72.5429 + 3051.8 = 3124.35 over 493 frames.
20030010_693 بالاخر جا سکتا دلبرداشتہ گنا درآمدات کو 
LOG (lattice-best-path[5.5.907~1-cbed4]:main():lattice-best-path.cc:99) For utterance 20030010_694, best cost 100.102 + 5236.6 = 5336.7 over 853 frames.
20030010_694 پروگریسیو نشاستہ درسگاہوں چلچلاتی سے کی تعاقب سنگل بنائیں 
LOG (lattice-best-path[5.5.907~1-cbed4]:main():lattice-best-path.cc:99) For utterance 20030010_695, best cost 84.5266 + 3674.7 = 3759.22 over 596 frames.
20030010_695 تجارت جانے کو چاقو برطرفی چادر عموماً پہنچا 
LOG (lattice-best-path[5.5.907~1-cbed4]:main():lattice-best-path.cc:99) For utterance 20030010_696, best cost 93.4052 + 3758.4 = 3851.8 over 612 frames.
20030010_696 تشخص ایجنسیز بےقصور مصور بنانے کیلئے افسران کیا جاتا ہے 
LOG (lattice-best-path[5.5.907~1-cbed4]:main():lattice-best-path.cc:99) For utterance 20030010_697, best cost 60.8801 + 2817.33 = 2878.21 over 465 frames.
20030010_697 براؤزر زیادہ فیڈریشن دلبرداشتہ ہو گا 
LOG (lattice-best-path[5.5.907~1-cbed4]:main():lattice-best-path.cc:99) For utterance 20030010_698, best cost 72.1683 + 2904.93 = 2977.1 over 474 frames.
20030010_698 ماخذ آلودگی گذشتہ ڈائینوسارز ازسرنو لگا 
LOG (lattice-best-path[5.5.907~1-cbed4]:main():lattice-best-path.cc:99) For utterance 20030010_699, best cost 83.5523 + 3684.08 = 3767.64 over 587 frames.
20030010_699 مرچنٹ کنفیوژ گستاخی جلدازجلد کے غیردانشمندانہ سوچوں 
LOG (lattice-best-path[5.5.907~1-cbed4]:main():lattice-best-path.cc:99) For utterance 20030010_700, best cost 77.1002 + 3535.09 = 3612.19 over 561 frames.
20030010_700 گستاخی کی طرزعمل تغافل جگہوں خصوصا کو 
LOG (lattice-best-path[5.5.907~1-cbed4]:main():lattice-best-path.cc:99) For utterance 20030010_701, best cost 105.548 + 4879.24 = 4984.79 over 808 frames.
20030010_701 سازوسامان منور پنجگانہ فرانسیسی شواہد پراسیس تحفتا گذر جائے 
LOG (lattice-best-path[5.5.907~1-cbed4]:main():lattice-best-path.cc:99) For utterance 20030010_702, best cost 85.5826 + 3739.15 = 3824.74 over 608 frames.
20030010_702 ایڈریس مرغوب اچیومنٹ میں کرے تو شاخسانہ کے باوجود 
LOG (lattice-best-path[5.5.907~1-cbed4]:main():lattice-best-path.cc:99) For utterance 20030010_703, best cost 76.4222 + 3915.3 = 3991.73 over 647 frames.
20030010_703 بیٹھا سے تربیتی کی کے کے تعاقب آزادی کرتا ہے 
LOG (lattice-best-path[5.5.907~1-cbed4]:main():lattice-best-path.cc:99) For utterance 20030010_704, best cost 97.3355 + 4666 = 4763.34 over 766 frames.
20030010_704 تخلص تشنج ڈائینوسارز دریاؤں کے انظباتی درآمدات پراسیس ہے 
LOG (lattice-best-path[5.5.907~1-cbed4]:main():lattice-best-path.cc:99) For utterance 20030010_705, best cost 77.7582 + 3583.82 = 3661.58 over 578 frames.
20030010_705 بااثر کے بنا انٹرفیس تجارت کا خصوصا کریں 
LOG (lattice-best-path[5.5.907~1-cbed4]:main():lattice-best-path.cc:99) For utterance 20030010_706, best cost 66.3635 + 3827.06 = 3893.43 over 627 frames.
20030010_706 بجٹ سلفیٹ استفادے درآمدات میچور 
LOG (lattice-best-path[5.5.907~1-cbed4]:main():lattice-best-path.cc:99) For utterance 20030010_707, best cost 55.1443 + 2798.37 = 2853.51 over 449 frames.
20030010_707 بازیچہ متاثرہ گھریلو مرغا میں نہ کریں 
LOG (lattice-best-path[5.5.907~1-cbed4]:main():lattice-best-path.cc:99) For utterance 20030010_708, best cost 73.9475 + 3445.86 = 3519.81 over 548 frames.
20030010_708 چمچے مترجم جدوجہد آکسیجن پنجگانہ سجدہ ہے 
LOG (lattice-best-path[5.5.907~1-cbed4]:main():lattice-best-path.cc:99) For utterance 20030013_601, best cost 94.2724 + 5413.74 = 5508.01 over 952 frames.
20030013_601 دارلخلافہ توصیف کے انفارمیشن ایلیمنٹری کرنے کے باوجود اٹھاون 
LOG (lattice-best-path[5.5.907~1-cbed4]:main():lattice-best-path.cc:99) For utterance 20030013_602, best cost 118.781 + 6918.89 = 7037.67 over 1201 frames.
20030013_602 دیوبند آرڈیننس ہے بلکہ مرغابیوں خورشید پالیسیوں فلیچر میں کی استفسار ہیں 
LOG (lattice-best-path[5.5.907~1-cbed4]:main():lattice-best-path.cc:99) For utterance 20030013_603, best cost 106.813 + 5044.54 = 5151.36 over 875 frames.
20030013_603 ترجمان اپنے بالواسطہ ملغوبہ برطرفی میں بےقصور برقرار بیزار ہیں 
LOG (lattice-best-path[5.5.907~1-cbed4]:main():lattice-best-path.cc:99) For utterance 20030013_604, best cost 92.9473 + 5174.92 = 5267.86 over 920 frames.
20030013_604 صدیقین جاگیرداروں کی کارکردگی کا سجاد سرفہرست میں مصروف تھا 
LOG (lattice-best-path[5.5.907~1-cbed4]:main():lattice-best-path.cc:99) For utterance 20030013_605, best cost 68.2263 + 3429.44 = 3497.66 over 606 frames.
20030013_605 سوزش سوگوار چمچے جیسے گنہگار بسر کریں 
LOG (lattice-best-path[5.5.907~1-cbed4]:main():lattice-best-path.cc:99) For utterance 20030013_606, best cost 85.286 + 3675.17 = 3760.46 over 638 frames.
20030013_606 پیچیدگیوں ماہوار مزین زبردست آفس بیماری کرتی ہے 
LOG (lattice-best-path[5.5.907~1-cbed4]:main():lattice-best-path.cc:99) For utterance 20030013_607, best cost 55.9586 + 2543 = 2598.96 over 440 frames.
20030013_607 بحیثیت کی منتخبات پھانسی نامزد ہیں 
LOG (lattice-best-path[5.5.907~1-cbed4]:main():lattice-best-path.cc:99) For utterance 20030013_608, best cost 67.1133 + 4441.33 = 4508.44 over 798 frames.
20030013_608 کرتے ہوئے اور اور ٹرانسفارمر چیریٹی لانچنگ ہوئی 
LOG (lattice-best-path[5.5.907~1-cbed4]:main():lattice-best-path.cc:99) For utterance 20030013_609, best cost 70.8366 + 3790.7 = 3861.54 over 651 frames.
20030013_609 کولیسٹرول علاوہ فنگس میڈیسن اخبارنویسوں پروگریسیو ہے 
LOG (lattice-best-path[5.5.907~1-cbed4]:main():lattice-best-path.cc:99) For utterance 20030013_610, best cost 94.4379 + 4519.35 = 4613.79 over 792 frames.
20030013_610 حاصل ایجنسیوں باغیوں کی معاندانہ طرزفکر سے حریت کے ساتھ ہیں 
LOG (lattice-best-path[5.5.907~1-cbed4]:main():lattice-best-path.cc:99) For utterance 20030013_611, best cost 66.2931 + 3340.76 = 3407.05 over 580 frames.
20030013_611 زرمبادلہ نیگیٹو تغافل براہمن کے ساتھ ہے 
LOG (lattice-best-path[5.5.907~1-cbed4]:main():lattice-best-path.cc:99) For utterance 20030013_612, best cost 85.5175 + 4564.06 = 4649.58 over 804 frames.
20030013_612 تبدیلیاں سے سے نکالیں میں کیا سرفراز موردالزام ہو گیا 
LOG (lattice-best-path[5.5.907~1-cbed4]:main():lattice-best-path.cc:99) For utterance 20030013_613, best cost 48.2604 + 2368.01 = 2416.27 over 414 frames.
20030013_613 برقرار میں زیرغور وزیرداخلہ 
LOG (lattice-best-path[5.5.907~1-cbed4]:main():lattice-best-path.cc:99) For utterance 20030013_614, best cost 61.6003 + 2985.92 = 3047.52 over 523 frames.
20030013_614 ہوتے نیشن انٹیلجنس آرگنائزنگ کر دیا 
LOG (lattice-best-path[5.5.907~1-cbed4]:main():lattice-best-path.cc:99) For utterance 20030013_615, best cost 120.437 + 6132.84 = 6253.28 over 1105 frames.
20030013_615 الیکڑانکس ڈیزاسٹر کو بلڈوزر کے نے چیونگم آفریدی جیوری میں کو ایوان 
LOG (lattice-best-path[5.5.907~1-cbed4]:main():lattice-best-path.cc:99) For utterance 20030013_616, best cost 124.148 + 5567.92 = 5692.07 over 977 frames.
20030013_616 اور چئرمین اور ہارویسٹر فلالین کو کاروبار گردیزی درسگاہوں فگار برسراقتدار کیا 
LOG (lattice-best-path[5.5.907~1-cbed4]:main():lattice-best-path.cc:99) For utterance 20030013_617, best cost 82.103 + 3631.56 = 3713.66 over 632 frames.
20030013_617 تھانیدار سیسموگراف میں بھیڑوں تحفے قدآدم کے پاس پہنچا 
LOG (lattice-best-path[5.5.907~1-cbed4]:main():lattice-best-path.cc:99) For utterance 20030013_618, best cost 84.192 + 4208.82 = 4293.01 over 734 frames.
20030013_618 فاؤنڈیشن استغاثہ میں سالہاسال میں کرنے کے بعد بستر کی ہیں 
LOG (lattice-best-path[5.5.907~1-cbed4]:main():lattice-best-path.cc:99) For utterance 20030013_619, best cost 52.8789 + 2549.72 = 2602.6 over 440 frames.
20030013_619 بےاختیار متغیر میں پرائیویسی گئے 
LOG (lattice-best-path[5.5.907~1-cbed4]:main():lattice-best-path.cc:99) For utterance 20030013_620, best cost 93.1908 + 5075.52 = 5168.71 over 900 frames.
20030013_620 کی محافظوں دوبارہ سنایا اور کے ہو کر پرخلوص پالیسیوں میں 
LOG (lattice-best-path[5.5.907~1-cbed4]:main():lattice-best-path.cc:99) For utterance 20030013_621, best cost 102.946 + 4429.06 = 4532 over 779 frames.
20030013_621 کچیلے کے ساتھ محافظوں زیراستعمال بھینسیں نے استفسار نااہلیت پر کی 
LOG (lattice-best-path[5.5.907~1-cbed4]:main():lattice-best-path.cc:99) For utterance 20030013_622, best cost 88.6315 + 3783.76 = 3872.4 over 657 frames.
20030013_622 کی سیر میں فائربریگیڈ زیرانتظام عارضی کرنے والے میں سکنجبین 
LOG (lattice-best-path[5.5.907~1-cbed4]:main():lattice-best-path.cc:99) For utterance 20030013_623, best cost 58.0836 + 3225.42 = 3283.51 over 574 frames.
20030013_623 انٹیلیجینس ہرادھنیا فرسودہ سامان آ گیا 
LOG (lattice-best-path[5.5.907~1-cbed4]:main():lattice-best-path.cc:99) For utterance 20030013_624, best cost 103.613 + 4787.25 = 4890.87 over 811 frames.
20030013_624 افق سے کے ہونے سے متاثرہ فرسودہ غدودوں پرتھوی بحثتا تھا 
LOG (lattice-best-path[5.5.907~1-cbed4]:main():lattice-best-path.cc:99) For utterance 20030013_625, best cost 78.4951 + 4087.45 = 4165.94 over 696 frames.
20030013_625 بےعزتی کے لیبارٹری بکھیرنے گردیزی نفسیاتی ہو گیا 
LOG (lattice-best-path[5.5.907~1-cbed4]:main():lattice-best-path.cc:99) For utterance 20030013_626, best cost 50.3882 + 2438.87 = 2489.26 over 420 frames.
20030013_626 غیر خوشحالی حادثاتی ہرادھنیا 
LOG (lattice-best-path[5.5.907~1-cbed4]:main():lattice-best-path.cc:99) For utterance 20030013_627, best cost 89.0027 + 5139.38 = 5228.38 over 926 frames.
20030013_627 اداکارائیں پہنچتے جانا میں کے بعد کے طوفان جمخانہ گیا 
LOG (lattice-best-path[5.5.907~1-cbed4]:main():lattice-best-path.cc:99) For utterance 20030013_628, best cost 87.8953 + 3723.67 = 3811.57 over 644 frames.
20030013_628 باورچی کرنے والے کی ایگزیکٹو میں مہربانیوں عصیاں افزودگی 
LOG (lattice-best-path[5.5.907~1-cbed4]:main():lattice-best-path.cc:99) For utterance 20030013_629, best cost 94.886 + 5117.29 = 5212.17 over 894 frames.
20030013_629 کے استاد کے بعد اور میں کی براوو سمیت میں متحدہ دیتا 
LOG (lattice-best-path[5.5.907~1-cbed4]:main():lattice-best-path.cc:99) For utterance 20030013_630, best cost 73.0366 + 3556.82 = 3629.86 over 606 frames.
20030013_630 گیارہویں زیراستعمال زیراستعمال تقسیم سے تھانیدار 
LOG (lattice-best-path[5.5.907~1-cbed4]:main():lattice-best-path.cc:99) For utterance 20030013_631, best cost 93.9862 + 4914.27 = 5008.26 over 843 frames.
20030013_631 سے سیکھو فلالین ایڈونچر کے پرخچے تو سائنسدانوں برسراقتدار 
LOG (lattice-best-path[5.5.907~1-cbed4]:main():lattice-best-path.cc:99) For utterance 20030013_632, best cost 103.485 + 5799.82 = 5903.31 over 1009 frames.
20030013_632 سیاسی بیداری یورینیئم تجوریاں نگاور مجذوب رسوائی پوچھے بغیر 
LOG (lattice-best-path[5.5.907~1-cbed4]:main():lattice-best-path.cc:99) For utterance 20030013_633, best cost 124.655 + 5281.52 = 5406.18 over 913 frames.
20030013_633 لیفٹننٹ کے براہمن فلسطینی بےاختیار فیصد کی فارسی سے سے سوئمنگ کی کی سے 
LOG (lattice-best-path[5.5.907~1-cbed4]:main():lattice-best-path.cc:99) For utterance 20030013_634, best cost 61.9958 + 2917.04 = 2979.04 over 497 frames.
20030013_634 معاوضہ ڈکٹیشن ڈیزائنروں متنفر پروگرام 
LOG (lattice-best-path[5.5.907~1-cbed4]:main():lattice-best-path.cc:99) For utterance 20030013_635, best cost 70.0209 + 4293.9 = 4363.92 over 734 frames.
20030013_635 کانفرنسوں انقلاب آنے غیردانشمندانہ مؤثر ثقافت 
LOG (lattice-best-path[5.5.907~1-cbed4]:main():lattice-best-path.cc:99) For utterance 20030013_636, best cost 76.2483 + 3778.43 = 3854.68 over 657 frames.
20030013_636 کارپوریشن کی جوبلی ہزارویں سیروسیاحت اور بازوؤں 
LOG (lattice-best-path[5.5.907~1-cbed4]:main():lattice-best-path.cc:99) For utterance 20030013_637, best cost 86.6411 + 3964.73 = 4051.37 over 696 frames.
20030013_637 کے سامنے شاہنواز قوانین آلودگی کی پھیرتے اور کے ہوئی 
LOG (lattice-best-path[5.5.907~1-cbed4]:main():lattice-best-path.cc:99) For utterance 20030013_638, best cost 82.5632 + 4351.83 = 4434.39 over 760 frames.
20030013_638 کانووکیشن اور میں میں سوگوار ہوتی کو ٹھیکیدار سے دیکھیں 
LOG (lattice-best-path[5.5.907~1-cbed4]:main():lattice-best-path.cc:99) For utterance 20030013_639, best cost 113.032 + 4953.46 = 5066.49 over 868 frames.
20030013_639 غیر کے بغیر منصوبے کے سے انستھیزیا سدباب اور کی موردالزام سے بھروسہ ہے 
LOG (lattice-best-path[5.5.907~1-cbed4]:main():lattice-best-path.cc:99) For utterance 20030013_640, best cost 107.988 + 4424.69 = 4532.68 over 760 frames.
20030013_640 جاتی کارکردگی جعلسازی میگزین کونسل کے شماریات باوجود کی خوشگوار 
LOG (lattice-best-path[5.5.907~1-cbed4]:main():lattice-best-path.cc:99) For utterance 20030013_641, best cost 62.1868 + 2778.61 = 2840.79 over 465 frames.
20030013_641 اور ایلیمنٹری سوزوکی آکسیجن کاربن سے کی 
LOG (lattice-best-path[5.5.907~1-cbed4]:main():lattice-best-path.cc:99) For utterance 20030013_642, best cost 83.1559 + 3324.36 = 3407.52 over 574 frames.
20030013_642 صفوں کے تقریباً سینٹر کر سے نفوذ کی راہو کی 
LOG (lattice-best-path[5.5.907~1-cbed4]:main():lattice-best-path.cc:99) For utterance 20030013_643, best cost 103.17 + 4163.96 = 4267.13 over 734 frames.
20030013_643 خوفزدہ دلفریب اور تہتر سمجھائیں اور کو میراتھن ظاہر کرتی کریں 
LOG (lattice-best-path[5.5.907~1-cbed4]:main():lattice-best-path.cc:99) For utterance 20030013_644, best cost 83.952 + 4063.72 = 4147.67 over 683 frames.
20030013_644 کے سے بچنے کبوتر اور کے درستگی تحصیلدار تہتر ہے 
LOG (lattice-best-path[5.5.907~1-cbed4]:main():lattice-best-path.cc:99) For utterance 20030013_645, best cost 55.1878 + 3432.42 = 3487.61 over 580 frames.
20030013_645 زیرقیادت اثرورسوخ برسراقتدار کرتے ہیں 
LOG (lattice-best-path[5.5.907~1-cbed4]:main():lattice-best-path.cc:99) For utterance 20030013_646, best cost 81.3542 + 3447.06 = 3528.42 over 587 frames.
20030013_646 ذریعہ واگذار کرنے کے باوجود کے سامنے برابر تھانیدار 
LOG (lattice-best-path[5.5.907~1-cbed4]:main():lattice-best-path.cc:99) For utterance 20030013_647, best cost 43.3873 + 2655.43 = 2698.81 over 452 frames.
20030013_647 برسراقتدار سے میچور ہو گئی 
LOG (lattice-best-path[5.5.907~1-cbed4]:main():lattice-best-path.cc:99) For utterance 20030013_648, best cost 40.9344 + 2602.46 = 2643.4 over 440 frames.
20030013_648 مینوفیکچررز پہنچتے رہا تھا 
LOG (lattice-best-path[5.5.907~1-cbed4]:main():lattice-best-path.cc:99) For utterance 20030013_649, best cost 63.385 + 3505.25 = 3568.64 over 600 frames.
20030013_649 خریدوفروخت کے برسراقتدار طرفین میں کر لائے 
LOG (lattice-best-path[5.5.907~1-cbed4]:main():lattice-best-path.cc:99) For utterance 20030013_650, best cost 82.809 + 3935.54 = 4018.35 over 670 frames.
20030013_650 استفادے انستھیزیا ٹرانسفارمر زیرقیادت ٹرانسفر کی بغیر 
LOG (lattice-best-path[5.5.907~1-cbed4]:main():lattice-best-path.cc:99) For utterance 20030013_651, best cost 75.1048 + 3163.68 = 3238.78 over 548 frames.
20030013_651 اور کے لیے چونتیس توضیحات پرنسپل گیسو کی کی 
LOG (lattice-best-path[5.5.907~1-cbed4]:main():lattice-best-path.cc:99) For utterance 20030013_652, best cost 84.8532 + 4078.33 = 4163.18 over 696 frames.
20030013_652 ایفروایشین کیجیے طرزفکر گیارہویں پروفیسر تحفتا سے 
LOG (lattice-best-path[5.5.907~1-cbed4]:main():lattice-best-path.cc:99) For utterance 20030013_653, best cost 72.6804 + 3459.32 = 3532 over 600 frames.
20030013_653 لکڑہارے تحصیلدار طرزفکر اچیومنٹ افسوس اور 
LOG (lattice-best-path[5.5.907~1-cbed4]:main():lattice-best-path.cc:99) For utterance 20030013_654, best cost 79.583 + 4256.08 = 4335.67 over 734 frames.
20030013_654 کر فیڈریشنز کے سیلزمین سے ریسورس انٹرفیس کرتے ہیں 
LOG (lattice-best-path[5.5.907~1-cbed4]:main():lattice-best-path.cc:99) For utterance 20030013_655, best cost 66.3761 + 3443.35 = 3509.73 over 600 frames.
20030013_655 واقفیت سعید بےاختیار گزارنے پراسیس 
LOG (lattice-best-path[5.5.907~1-cbed4]:main():lattice-best-path.cc:99) For utterance 20030013_656, best cost 72.0063 + 4249.03 = 4321.04 over 734 frames.
20030013_656 بےعزتی ایجنسی شیلٹر بغیر سردخانے بستر ہے 
LOG (lattice-best-path[5.5.907~1-cbed4]:main():lattice-best-path.cc:99) For utterance 20030013_657, best cost 67.0227 + 3092.21 = 3159.23 over 542 frames.
20030013_657 آمدورفت چنگیزی دیتے برطرفی استعمال کریں 
LOG (lattice-best-path[5.5.907~1-cbed4]:main():lattice-best-path.cc:99) For utterance 20030013_658, best cost 47.955 + 3242.86 = 3290.81 over 561 frames.
20030013_658 کی طرف کرنے کے لیے سے کے پاس پہنچا 
LOG (lattice-best-path[5.5.907~1-cbed4]:main():lattice-best-path.cc:99) For utterance 20030013_659, best cost 81.5949 + 3634.62 = 3716.21 over 619 frames.
20030013_659 میں کی متعدد سینٹر کوریوگرافر کو سفیدے تصویریں 
LOG (lattice-best-path[5.5.907~1-cbed4]:main():lattice-best-path.cc:99) For utterance 20030013_660, best cost 46.3886 + 2253.12 = 2299.51 over 401 frames.
20030013_660 پوائنٹ پروفیسر نہیں صرف 
LOG (lattice-best-path[5.5.907~1-cbed4]:main():lattice-best-path.cc:99) For utterance 20030013_661, best cost 38.1678 + 2430.42 = 2468.59 over 427 frames.
20030013_661 کرنے کے لیے تیزرفتار کریں 
LOG (lattice-best-path[5.5.907~1-cbed4]:main():lattice-best-path.cc:99) For utterance 20030013_662, best cost 64.4484 + 3037.83 = 3102.28 over 529 frames.
20030013_662 گرمجوشی کرنے کیلئے بسیار کی تقویت کریں 
LOG (lattice-best-path[5.5.907~1-cbed4]:main():lattice-best-path.cc:99) For utterance 20030013_663, best cost 79.465 + 4302.44 = 4381.9 over 753 frames.
20030013_663 کے ٹرانسفارمر پروفیسر طیب اندھیرے کی تفویض کرتے ہوئے 
LOG (lattice-best-path[5.5.907~1-cbed4]:main():lattice-best-path.cc:99) For utterance 20030013_664, best cost 90.8385 + 4105.36 = 4196.2 over 715 frames.
20030013_664 پراسیس پروفیسر میں گارلینڈ کولیسٹرول وائرلیس دیگر بیوروکریٹس 
LOG (lattice-best-path[5.5.907~1-cbed4]:main():lattice-best-path.cc:99) For utterance 20030013_665, best cost 62.7572 + 2790.52 = 2853.28 over 484 frames.
20030013_665 چیلنجز فائربریگیڈ کیسی دکھ بغیر کو 
LOG (lattice-best-path[5.5.907~1-cbed4]:main():lattice-best-path.cc:99) For utterance 20030013_666, best cost 60.9905 + 3072.28 = 3133.27 over 529 frames.
20030013_666 کولیسٹرول سے البتہ ترقیات غیرضروری ہے 
LOG (lattice-best-path[5.5.907~1-cbed4]:main():lattice-best-path.cc:99) For utterance 20030013_667, best cost 54.2142 + 2971.93 = 3026.15 over 504 frames.
20030013_667 پیچیدہ پیچیدگیوں زندگی بسر ہوئی 
LOG (lattice-best-path[5.5.907~1-cbed4]:main():lattice-best-path.cc:99) For utterance 20030013_668, best cost 86.9946 + 4337.49 = 4424.49 over 747 frames.
20030013_668 ساری تولید کے کمرے میں رپورتاژ ماہوار زیرانتظام کریں 
LOG (lattice-best-path[5.5.907~1-cbed4]:main():lattice-best-path.cc:99) For utterance 20030013_669, best cost 69.3004 + 3226.86 = 3296.16 over 548 frames.
20030013_669 اور سرگرمیوں چلغوزے گذر کے صبروتحمل کیا 
LOG (lattice-best-path[5.5.907~1-cbed4]:main():lattice-best-path.cc:99) For utterance 20030013_670, best cost 65.6116 + 3248.28 = 3313.89 over 574 frames.
20030013_670 کو سے واقفیت تھریپیس براوو کر کرو 
LOG (lattice-best-path[5.5.907~1-cbed4]:main():lattice-best-path.cc:99) For utterance 20030013_671, best cost 99.041 + 4495.27 = 4594.31 over 772 frames.
20030013_671 پراسیس ازسرنو کے پاس اور سکورز بچوں بھوجپوری بہت کرتے ہیں 
LOG (lattice-best-path[5.5.907~1-cbed4]:main():lattice-best-path.cc:99) For utterance 20030013_672, best cost 72.0455 + 3682.89 = 3754.93 over 632 frames.
20030013_672 انٹیلیجینس سیروسیاحت پرفارمنس براؤزر برسراقتدار ہیں 
LOG (lattice-best-path[5.5.907~1-cbed4]:main():lattice-best-path.cc:99) For utterance 20030013_673, best cost 66.9342 + 3196.01 = 3262.94 over 555 frames.
20030013_673 پڑھائی کے ساتھ بالاخر پروسیسر بغیر کرتا ہے 
LOG (lattice-best-path[5.5.907~1-cbed4]:main():lattice-best-path.cc:99) For utterance 20030013_674, best cost 81.8158 + 4530.1 = 4611.92 over 772 frames.
20030013_674 برسراقتدار اہل برابر صداقت خواتین اور سے کی کوشش کریں 
LOG (lattice-best-path[5.5.907~1-cbed4]:main():lattice-best-path.cc:99) For utterance 20030013_675, best cost 68.3707 + 3008.63 = 3077 over 529 frames.
20030013_675 پھاہے بنانے کیلئے کچوکے لگاتا بند کرواؤ کا ہیں 
LOG (lattice-best-path[5.5.907~1-cbed4]:main():lattice-best-path.cc:99) For utterance 20030013_676, best cost 76.2755 + 3338.48 = 3414.75 over 568 frames.
20030013_676 پروگریسیو سسٹم مرچنٹ گزارنے تنقیص گورنر کی 
LOG (lattice-best-path[5.5.907~1-cbed4]:main():lattice-best-path.cc:99) For utterance 20030013_677, best cost 110.177 + 5254.68 = 5364.86 over 926 frames.
20030013_677 نقصان ایکویٹی بھگوئیں مرتبہ گراموفون کی کو مردانگی ایڈونچر پہنچا 
LOG (lattice-best-path[5.5.907~1-cbed4]:main():lattice-best-path.cc:99) For utterance 20030013_678, best cost 115.61 + 5625.72 = 5741.33 over 971 frames.
20030013_678 انحصار اور کے بغیر آپ ٹرانزسٹر جارحیت کر اور دلفریب سمجھتے سیراب کریں 
LOG (lattice-best-path[5.5.907~1-cbed4]:main():lattice-best-path.cc:99) For utterance 20030013_679, best cost 47.4063 + 2609.97 = 2657.37 over 446 frames.
20030013_679 اور ایجنسی شیلٹر پھیرتے سکتیں 
LOG (lattice-best-path[5.5.907~1-cbed4]:main():lattice-best-path.cc:99) For utterance 20030013_680, best cost 82.2968 + 3929.39 = 4011.68 over 683 frames.
20030013_680 زوجیت واقفیت گردوغبار تفاوت سے نے کہا جا سکتا ہے 
LOG (lattice-best-path[5.5.907~1-cbed4]:main():lattice-best-path.cc:99) For utterance 20030013_681, best cost 67.3229 + 3433.17 = 3500.49 over 587 frames.
20030013_681 پراسسنگ کی صورتحال خریدوفروخت کے بعد اس اور 
LOG (lattice-best-path[5.5.907~1-cbed4]:main():lattice-best-path.cc:99) For utterance 20030013_682, best cost 76.7273 + 4330.09 = 4406.81 over 753 frames.
20030013_682 کی وجہ سے نیلوفر استغاثہ درخور بیچارے مجذوب ہے 
LOG (lattice-best-path[5.5.907~1-cbed4]:main():lattice-best-path.cc:99) For utterance 20030013_683, best cost 91.1651 + 3807.32 = 3898.49 over 657 frames.
20030013_683 کے سینما کے کروفر ایجنسیز ترغیب کی کے سے نکل گئے 
LOG (lattice-best-path[5.5.907~1-cbed4]:main():lattice-best-path.cc:99) For utterance 20030013_684, best cost 64.4252 + 3405.34 = 3469.77 over 593 frames.
20030013_684 مریضوں کو ایگزیکٹو مغلوب کے لیے بطخوں 
LOG (lattice-best-path[5.5.907~1-cbed4]:main():lattice-best-path.cc:99) For utterance 20030013_685, best cost 59.9151 + 2616.44 = 2676.36 over 446 frames.
20030013_685 روزبروز جیون زیردست استغاثہ کرو 
LOG (lattice-best-path[5.5.907~1-cbed4]:main():lattice-best-path.cc:99) For utterance 20030013_686, best cost 94.9028 + 4485.02 = 4579.92 over 772 frames.
20030013_686 صدیقین کے زرخیز کی پر شیرٹن دنیاوی میں کنسورشیم پوچھیں 
LOG (lattice-best-path[5.5.907~1-cbed4]:main():lattice-best-path.cc:99) For utterance 20030013_687, best cost 92.1453 + 4281.48 = 4373.63 over 721 frames.
20030013_687 سروس چیلنجز صاحب اور کی وجہ سے کی وافر بوجوہ ہو گئی 
LOG (lattice-best-path[5.5.907~1-cbed4]:main():lattice-best-path.cc:99) For utterance 20030013_688, best cost 99.0479 + 4849.45 = 4948.5 over 836 frames.
20030013_688 استفسار بالکل جلدازجلد ضرورت کے زیراہتمام کو کے بغیر کتابچے گیا 
LOG (lattice-best-path[5.5.907~1-cbed4]:main():lattice-best-path.cc:99) For utterance 20030013_689, best cost 97.3163 + 4360.05 = 4457.37 over 753 frames.
20030013_689 موجودہ ایگزیکٹو کے باوجود ضعف اور بغیر گردوغبار سے پچھتر کریں 
LOG (lattice-best-path[5.5.907~1-cbed4]:main():lattice-best-path.cc:99) For utterance 20030013_690, best cost 40.0775 + 2441.48 = 2481.56 over 414 frames.
20030013_690 پروگریسیو گرج سنیں گیا 
LOG (lattice-best-path[5.5.907~1-cbed4]:main():lattice-best-path.cc:99) For utterance 20030013_691, best cost 77.9879 + 3444.95 = 3522.94 over 606 frames.
20030013_691 کے زیرقیادت کے بغیر انفلوئنزا کر وائرل مندوبین 
LOG (lattice-best-path[5.5.907~1-cbed4]:main():lattice-best-path.cc:99) For utterance 20030013_692, best cost 82.1468 + 4126.02 = 4208.17 over 721 frames.
20030013_692 نظرثانی کراؤں کیلئے سیروسیاحت خرید کے تحقیقات کے گیا 
LOG (lattice-best-path[5.5.907~1-cbed4]:main():lattice-best-path.cc:99) For utterance 20030013_693, best cost 65.2471 + 2839.67 = 2904.91 over 491 frames.
20030013_693 میں برسراقتدار کے بغیر تجربات پیغمبر کو 
LOG (lattice-best-path[5.5.907~1-cbed4]:main():lattice-best-path.cc:99) For utterance 20030013_694, best cost 82.5534 + 3769.11 = 3851.66 over 664 frames.
20030013_694 توقعات شمشاد تساہل جیسے وظیفہ تصور فرمائیں 
LOG (lattice-best-path[5.5.907~1-cbed4]:main():lattice-best-path.cc:99) For utterance 20030013_695, best cost 72.2189 + 3213.09 = 3285.31 over 568 frames.
20030013_695 کیا میں طرزعمل کا محور کے ساتھ اطالوی مہمانان 
LOG (lattice-best-path[5.5.907~1-cbed4]:main():lattice-best-path.cc:99) For utterance 20030013_696, best cost 82.154 + 3380.92 = 3463.08 over 593 frames.
20030013_696 استغفار سے دارالحکومت مسوڑوں کر بنانے کیلئے فرانسیسی ہیں 
LOG (lattice-best-path[5.5.907~1-cbed4]:main():lattice-best-path.cc:99) For utterance 20030013_697, best cost 68.5358 + 2852.92 = 2921.45 over 497 frames.
20030013_697 موجودہ سے سینئر زندگی جنم کی وفاؤں تھا 
LOG (lattice-best-path[5.5.907~1-cbed4]:main():lattice-best-path.cc:99) For utterance 20030013_698, best cost 59.9151 + 3988.07 = 4047.99 over 721 frames.
20030013_698 باران طاغوتی تیزرفتار سائنسدانوں کریں 
LOG (lattice-best-path[5.5.907~1-cbed4]:main():lattice-best-path.cc:99) For utterance 20030013_699, best cost 72.1108 + 3562.2 = 3634.31 over 625 frames.
20030013_699 تحصیلوں کانجی بغیر غیریقینی مودبانہ سوچوں 
LOG (lattice-best-path[5.5.907~1-cbed4]:main():lattice-best-path.cc:99) For utterance 20030013_700, best cost 84.1003 + 3353.43 = 3437.53 over 587 frames.
20030013_700 کو صارفین انتہائی میں تغافل کی زنجیر پروسیسنگ ہیں 
LOG (lattice-best-path[5.5.907~1-cbed4]:main():lattice-best-path.cc:99) For utterance 20030013_701, best cost 88.0315 + 4163.96 = 4251.99 over 728 frames.
20030013_701 مہمانان ہو کر ترجمان آکسیجن کاربن صحبتوں بوسن آیا 
LOG (lattice-best-path[5.5.907~1-cbed4]:main():lattice-best-path.cc:99) For utterance 20030013_702, best cost 88.6591 + 3834.03 = 3922.69 over 683 frames.
20030013_702 غیر فیصلہ افزودگی کی دھوپ میں ہے اور آرگنائزنگ بافتوں 
LOG (lattice-best-path[5.5.907~1-cbed4]:main():lattice-best-path.cc:99) For utterance 20030013_703, best cost 67.8555 + 2698.64 = 2766.49 over 465 frames.
20030013_703 پیدائش سے پاکیزگی کے کی وفاؤں کانفرنسوں ہیں 
LOG (lattice-best-path[5.5.907~1-cbed4]:main():lattice-best-path.cc:99) For utterance 20030013_704, best cost 90.2229 + 3761.84 = 3852.06 over 676 frames.
20030013_704 کوتاہی فیشن متنازعہ میں کے انظباتی برساتا پراسیس ہیں 
LOG (lattice-best-path[5.5.907~1-cbed4]:main():lattice-best-path.cc:99) For utterance 20030013_705, best cost 63.1941 + 2819.07 = 2882.26 over 491 frames.
20030013_705 بااثر آرگنائزنگ احتجاج علاوہ ہو سکتا ہے 
LOG (lattice-best-path[5.5.907~1-cbed4]:main():lattice-best-path.cc:99) For utterance 20030013_706, best cost 59.0536 + 2124.57 = 2183.62 over 363 frames.
20030013_706 کا مصحفی حیثیت صدیقین پہنچاؤں 
LOG (lattice-best-path[5.5.907~1-cbed4]:main():lattice-best-path.cc:99) For utterance 20030013_707, best cost 51.0321 + 2550.97 = 2602 over 452 frames.
20030013_707 کا دیوار نشاندہی معاملات ہیں 
LOG (lattice-scale[5.5.907~1-cbed4]:main():lattice-scale.cc:107) Done 432 lattices.
LOG (lattice-add-penalty[5.5.907~1-cbed4]:main():lattice-add-penalty.cc:62) Done adding word insertion penalty to 432 lattices.
LOG (lattice-best-path[5.5.907~1-cbed4]:main():lattice-best-path.cc:99) For utterance 20030013_708, best cost 72.554 + 3528.36 = 3600.91 over 606 frames.
20030013_708 مصنف ایڈورٹائزنگ کی وجہ سے بتدریج کا مسلمان 
LOG (lattice-best-path[5.5.907~1-cbed4]:main():lattice-best-path.cc:124) Overall cost per frame is 5.98147 = 0.111869 [graph] + 5.8696 [acoustic] over 354849 frames.
LOG (lattice-best-path[5.5.907~1-cbed4]:main():lattice-best-path.cc:128) Done 432 lattices, failed for 0
# Accounting: time=86 threads=1
# Ended (code 0) at Thu Apr 22 08:43:00 PKT 2021, elapsed time 86 seconds
