# gmm-acc-stats-ali exp/tri4a/1.mdl "ark,s,cs:apply-cmvn  --utt2spk=ark:data/train/split3/3/utt2spk scp:data/train/split3/3/cmvn.scp scp:data/train/split3/3/feats.scp ark:- | splice-feats  ark:- ark:- | transform-feats exp/tri3a_ali/final.mat ark:- ark:- | transform-feats --utt2spk=ark:data/train/split3/3/utt2spk ark,s,cs:exp/tri3a_ali/trans.3 ark:- ark:- |" "ark,s,cs:gunzip -c exp/tri4a/ali.3.gz|" exp/tri4a/1.3.acc 
# Started at Thu Apr 22 14:02:58 PKT 2021
#
gmm-acc-stats-ali exp/tri4a/1.mdl 'ark,s,cs:apply-cmvn  --utt2spk=ark:data/train/split3/3/utt2spk scp:data/train/split3/3/cmvn.scp scp:data/train/split3/3/feats.scp ark:- | splice-feats  ark:- ark:- | transform-feats exp/tri3a_ali/final.mat ark:- ark:- | transform-feats --utt2spk=ark:data/train/split3/3/utt2spk ark,s,cs:exp/tri3a_ali/trans.3 ark:- ark:- |' 'ark,s,cs:gunzip -c exp/tri4a/ali.3.gz|' exp/tri4a/1.3.acc 
transform-feats exp/tri3a_ali/final.mat ark:- ark:- 
transform-feats --utt2spk=ark:data/train/split3/3/utt2spk ark,s,cs:exp/tri3a_ali/trans.3 ark:- ark:- 
apply-cmvn --utt2spk=ark:data/train/split3/3/utt2spk scp:data/train/split3/3/cmvn.scp scp:data/train/split3/3/feats.scp ark:- 
splice-feats ark:- ark:- 
LOG (gmm-acc-stats-ali[5.5.907~1-cbed4]:main():gmm-acc-stats-ali.cc:105) Processed 50 utterances; for utterance 20030010_060 avg. like is -52.4303 over 634 frames.
LOG (gmm-acc-stats-ali[5.5.907~1-cbed4]:main():gmm-acc-stats-ali.cc:105) Processed 100 utterances; for utterance 20030010_110 avg. like is -48.6694 over 635 frames.
LOG (gmm-acc-stats-ali[5.5.907~1-cbed4]:main():gmm-acc-stats-ali.cc:105) Processed 150 utterances; for utterance 20030010_161 avg. like is -51.6817 over 964 frames.
LOG (gmm-acc-stats-ali[5.5.907~1-cbed4]:main():gmm-acc-stats-ali.cc:105) Processed 200 utterances; for utterance 20030010_211 avg. like is -47.5972 over 1098 frames.
LOG (gmm-acc-stats-ali[5.5.907~1-cbed4]:main():gmm-acc-stats-ali.cc:105) Processed 250 utterances; for utterance 20030010_261 avg. like is -45.7955 over 964 frames.
LOG (gmm-acc-stats-ali[5.5.907~1-cbed4]:main():gmm-acc-stats-ali.cc:105) Processed 300 utterances; for utterance 20030010_311 avg. like is -50.2355 over 1063 frames.
LOG (gmm-acc-stats-ali[5.5.907~1-cbed4]:main():gmm-acc-stats-ali.cc:105) Processed 350 utterances; for utterance 20030010_361 avg. like is -51.1091 over 544 frames.
LOG (gmm-acc-stats-ali[5.5.907~1-cbed4]:main():gmm-acc-stats-ali.cc:105) Processed 400 utterances; for utterance 20030010_411 avg. like is -49.8212 over 938 frames.
LOG (gmm-acc-stats-ali[5.5.907~1-cbed4]:main():gmm-acc-stats-ali.cc:105) Processed 450 utterances; for utterance 20030010_511 avg. like is -65.6012 over 576 frames.
LOG (gmm-acc-stats-ali[5.5.907~1-cbed4]:main():gmm-acc-stats-ali.cc:105) Processed 500 utterances; for utterance 20030010_561 avg. like is -48.3275 over 851 frames.
LOG (gmm-acc-stats-ali[5.5.907~1-cbed4]:main():gmm-acc-stats-ali.cc:105) Processed 550 utterances; for utterance 20030010_611 avg. like is -64.2758 over 868 frames.
LOG (gmm-acc-stats-ali[5.5.907~1-cbed4]:main():gmm-acc-stats-ali.cc:105) Processed 600 utterances; for utterance 20030010_661 avg. like is -63.0851 over 578 frames.
LOG (apply-cmvn[5.5.907~1-cbed4]:main():apply-cmvn.cc:162) Applied cepstral mean normalization to 647 utterances, errors on 0
LOG (transform-feats[5.5.907~1-cbed4]:main():transform-feats.cc:158) Overall average [pseudo-]logdet is -86.3898 over 481321 frames.
LOG (transform-feats[5.5.907~1-cbed4]:main():transform-feats.cc:161) Applied transform to 647 utterances; 0 had errors.
LOG (transform-feats[5.5.907~1-cbed4]:main():transform-feats.cc:158) Overall average logdet is 0.412346 over 481321 frames.
LOG (transform-feats[5.5.907~1-cbed4]:main():transform-feats.cc:161) Applied transform to 647 utterances; 0 had errors.
LOG (gmm-acc-stats-ali[5.5.907~1-cbed4]:main():gmm-acc-stats-ali.cc:112) Done 647 files, 0 with errors.
LOG (gmm-acc-stats-ali[5.5.907~1-cbed4]:main():gmm-acc-stats-ali.cc:115) Overall avg like per frame (Gaussian only) = -53.0781 over 481321 frames.
LOG (gmm-acc-stats-ali[5.5.907~1-cbed4]:main():gmm-acc-stats-ali.cc:123) Written accs.
# Accounting: time=5 threads=1
# Ended (code 0) at Thu Apr 22 14:03:03 PKT 2021, elapsed time 5 seconds
