# gmm-est --power=0.2 --write-occs=exp/tri4a/28.occs --mix-up=40000 exp/tri4a/27.mdl "gmm-sum-accs - exp/tri4a/27.*.acc |" exp/tri4a/28.mdl 
# Started at Thu Apr 22 14:07:30 PKT 2021
#
gmm-est --power=0.2 --write-occs=exp/tri4a/28.occs --mix-up=40000 exp/tri4a/27.mdl 'gmm-sum-accs - exp/tri4a/27.*.acc |' exp/tri4a/28.mdl 
gmm-sum-accs - exp/tri4a/27.1.acc exp/tri4a/27.2.acc exp/tri4a/27.3.acc 
LOG (gmm-sum-accs[5.5.907~1-cbed4]:main():gmm-sum-accs.cc:63) Summed 3 stats, total count 1.66319e+06, avg like/frame -44.4544
LOG (gmm-sum-accs[5.5.907~1-cbed4]:main():gmm-sum-accs.cc:66) Total count of stats is 1.66319e+06
LOG (gmm-sum-accs[5.5.907~1-cbed4]:main():gmm-sum-accs.cc:67) Written stats to -
LOG (gmm-est[5.5.907~1-cbed4]:MleUpdate():transition-model.cc:528) TransitionModel::Update, objf change is 0 per frame over 1.66319e+06 frames. 
LOG (gmm-est[5.5.907~1-cbed4]:MleUpdate():transition-model.cc:531) 79 probabilities floored, 6800 out of 12113 transition-states skipped due to insuffient data (it is normal to have some skipped.)
LOG (gmm-est[5.5.907~1-cbed4]:main():gmm-est.cc:102) Transition model update: Overall 0 log-like improvement per frame over 1.66319e+06 frames.
WARNING (gmm-est[5.5.907~1-cbed4]:MleDiagGmmUpdate():mle-diag-gmm.cc:365) Gaussian has too little data but not removing it because it is the last Gaussian: i = 0, occ = 0, weight = 1
WARNING (gmm-est[5.5.907~1-cbed4]:MleDiagGmmUpdate():mle-diag-gmm.cc:359) Too little data - removing Gaussian (weight 0.030237, occupation count 9.554995, vector size 40)
WARNING (gmm-est[5.5.907~1-cbed4]:MleDiagGmmUpdate():mle-diag-gmm.cc:359) Too little data - removing Gaussian (weight 0.039944, occupation count 9.945936, vector size 40)
WARNING (gmm-est[5.5.907~1-cbed4]:MleDiagGmmUpdate():mle-diag-gmm.cc:359) Too little data - removing Gaussian (weight 0.043661, occupation count 9.998346, vector size 40)
WARNING (gmm-est[5.5.907~1-cbed4]:MleDiagGmmUpdate():mle-diag-gmm.cc:359) Too little data - removing Gaussian (weight 0.039764, occupation count 9.940885, vector size 40)
WARNING (gmm-est[5.5.907~1-cbed4]:MleDiagGmmUpdate():mle-diag-gmm.cc:359) Too little data - removing Gaussian (weight 0.036886, occupation count 9.221512, vector size 40)
WARNING (gmm-est[5.5.907~1-cbed4]:MleDiagGmmUpdate():mle-diag-gmm.cc:359) Too little data - removing Gaussian (weight 0.041028, occupation count 9.190303, vector size 40)
WARNING (gmm-est[5.5.907~1-cbed4]:MleDiagGmmUpdate():mle-diag-gmm.cc:359) Too little data - removing Gaussian (weight 0.032533, occupation count 8.913962, vector size 40)
WARNING (gmm-est[5.5.907~1-cbed4]:MleDiagGmmUpdate():mle-diag-gmm.cc:359) Too little data - removing Gaussian (weight 0.041962, occupation count 9.357492, vector size 40)
WARNING (gmm-est[5.5.907~1-cbed4]:MleDiagGmmUpdate():mle-diag-gmm.cc:359) Too little data - removing Gaussian (weight 0.037552, occupation count 9.162807, vector size 40)
WARNING (gmm-est[5.5.907~1-cbed4]:MleDiagGmmUpdate():mle-diag-gmm.cc:359) Too little data - removing Gaussian (weight 0.039049, occupation count 9.449845, vector size 40)
WARNING (gmm-est[5.5.907~1-cbed4]:MleDiagGmmUpdate():mle-diag-gmm.cc:359) Too little data - removing Gaussian (weight 0.053206, occupation count 9.949533, vector size 40)
WARNING (gmm-est[5.5.907~1-cbed4]:MleDiagGmmUpdate():mle-diag-gmm.cc:359) Too little data - removing Gaussian (weight 0.032979, occupation count 9.662919, vector size 40)
WARNING (gmm-est[5.5.907~1-cbed4]:MleDiagGmmUpdate():mle-diag-gmm.cc:359) Too little data - removing Gaussian (weight 0.040397, occupation count 9.412500, vector size 40)
WARNING (gmm-est[5.5.907~1-cbed4]:MleDiagGmmUpdate():mle-diag-gmm.cc:359) Too little data - removing Gaussian (weight 0.044144, occupation count 9.976454, vector size 40)
WARNING (gmm-est[5.5.907~1-cbed4]:MleDiagGmmUpdate():mle-diag-gmm.cc:359) Too little data - removing Gaussian (weight 0.036055, occupation count 8.436921, vector size 40)
WARNING (gmm-est[5.5.907~1-cbed4]:MleDiagGmmUpdate():mle-diag-gmm.cc:359) Too little data - removing Gaussian (weight 0.033067, occupation count 9.225582, vector size 40)
WARNING (gmm-est[5.5.907~1-cbed4]:MleDiagGmmUpdate():mle-diag-gmm.cc:359) Too little data - removing Gaussian (weight 0.039868, occupation count 9.688032, vector size 40)
WARNING (gmm-est[5.5.907~1-cbed4]:MleDiagGmmUpdate():mle-diag-gmm.cc:359) Too little data - removing Gaussian (weight 0.027329, occupation count 9.537683, vector size 40)
WARNING (gmm-est[5.5.907~1-cbed4]:MleDiagGmmUpdate():mle-diag-gmm.cc:359) Too little data - removing Gaussian (weight 0.039693, occupation count 6.390519, vector size 40)
WARNING (gmm-est[5.5.907~1-cbed4]:MleDiagGmmUpdate():mle-diag-gmm.cc:359) Too little data - removing Gaussian (weight 0.048944, occupation count 9.837834, vector size 40)
WARNING (gmm-est[5.5.907~1-cbed4]:MleDiagGmmUpdate():mle-diag-gmm.cc:359) Too little data - removing Gaussian (weight 0.041151, occupation count 9.999754, vector size 40)
WARNING (gmm-est[5.5.907~1-cbed4]:MleDiagGmmUpdate():mle-diag-gmm.cc:359) Too little data - removing Gaussian (weight 0.053618, occupation count 9.972930, vector size 40)
LOG (gmm-est[5.5.907~1-cbed4]:MleAmDiagGmmUpdate():mle-am-diag-gmm.cc:225) 0 variance elements floored in 0 Gaussians, out of 39998
LOG (gmm-est[5.5.907~1-cbed4]:MleAmDiagGmmUpdate():mle-am-diag-gmm.cc:229) Removed 22 Gaussians due to counts < --min-gaussian-occupancy=10 and --remove-low-count-gaussians=true
LOG (gmm-est[5.5.907~1-cbed4]:main():gmm-est.cc:113) GMM update: Overall 0.0790993 objective function improvement per frame over 1.66319e+06 frames
LOG (gmm-est[5.5.907~1-cbed4]:main():gmm-est.cc:116) GMM update: Overall avg like per frame = -44.4544 over 1.66319e+06 frames.
LOG (gmm-est[5.5.907~1-cbed4]:SplitByCount():am-diag-gmm.cc:116) Split 3160 states with target = 40000, power = 0.2, perturb_factor = 0.01 and min_count = 20, split #Gauss from 39998 to 40021
LOG (gmm-est[5.5.907~1-cbed4]:main():gmm-est.cc:146) Written model to exp/tri4a/28.mdl
# Accounting: time=1 threads=1
# Ended (code 0) at Thu Apr 22 14:07:31 PKT 2021, elapsed time 1 seconds
