# gmm-est --power=0.2 --write-occs=exp/tri4a/32.occs --mix-up=40000 exp/tri4a/31.mdl "gmm-sum-accs - exp/tri4a/31.*.acc |" exp/tri4a/32.mdl 
# Started at Thu Apr 22 14:08:17 PKT 2021
#
gmm-est --power=0.2 --write-occs=exp/tri4a/32.occs --mix-up=40000 exp/tri4a/31.mdl 'gmm-sum-accs - exp/tri4a/31.*.acc |' exp/tri4a/32.mdl 
gmm-sum-accs - exp/tri4a/31.1.acc exp/tri4a/31.2.acc exp/tri4a/31.3.acc 
LOG (gmm-sum-accs[5.5.907~1-cbed4]:main():gmm-sum-accs.cc:63) Summed 3 stats, total count 1.66319e+06, avg like/frame -43.937
LOG (gmm-sum-accs[5.5.907~1-cbed4]:main():gmm-sum-accs.cc:66) Total count of stats is 1.66319e+06
LOG (gmm-sum-accs[5.5.907~1-cbed4]:main():gmm-sum-accs.cc:67) Written stats to -
LOG (gmm-est[5.5.907~1-cbed4]:MleUpdate():transition-model.cc:528) TransitionModel::Update, objf change is 0 per frame over 1.66319e+06 frames. 
LOG (gmm-est[5.5.907~1-cbed4]:MleUpdate():transition-model.cc:531) 77 probabilities floored, 6794 out of 12113 transition-states skipped due to insuffient data (it is normal to have some skipped.)
LOG (gmm-est[5.5.907~1-cbed4]:main():gmm-est.cc:102) Transition model update: Overall 0 log-like improvement per frame over 1.66319e+06 frames.
WARNING (gmm-est[5.5.907~1-cbed4]:MleDiagGmmUpdate():mle-diag-gmm.cc:365) Gaussian has too little data but not removing it because it is the last Gaussian: i = 0, occ = 0, weight = 1
WARNING (gmm-est[5.5.907~1-cbed4]:MleDiagGmmUpdate():mle-diag-gmm.cc:359) Too little data - removing Gaussian (weight 0.024348, occupation count 8.789467, vector size 40)
WARNING (gmm-est[5.5.907~1-cbed4]:MleDiagGmmUpdate():mle-diag-gmm.cc:359) Too little data - removing Gaussian (weight 0.032639, occupation count 9.399919, vector size 40)
WARNING (gmm-est[5.5.907~1-cbed4]:MleDiagGmmUpdate():mle-diag-gmm.cc:359) Too little data - removing Gaussian (weight 0.032977, occupation count 9.992155, vector size 40)
WARNING (gmm-est[5.5.907~1-cbed4]:MleDiagGmmUpdate():mle-diag-gmm.cc:359) Too little data - removing Gaussian (weight 0.035461, occupation count 9.999996, vector size 40)
WARNING (gmm-est[5.5.907~1-cbed4]:MleDiagGmmUpdate():mle-diag-gmm.cc:359) Too little data - removing Gaussian (weight 0.054348, occupation count 10.000000, vector size 40)
WARNING (gmm-est[5.5.907~1-cbed4]:MleDiagGmmUpdate():mle-diag-gmm.cc:359) Too little data - removing Gaussian (weight 0.023229, occupation count 9.035957, vector size 40)
WARNING (gmm-est[5.5.907~1-cbed4]:MleDiagGmmUpdate():mle-diag-gmm.cc:359) Too little data - removing Gaussian (weight 0.020769, occupation count 9.989742, vector size 40)
WARNING (gmm-est[5.5.907~1-cbed4]:MleDiagGmmUpdate():mle-diag-gmm.cc:359) Too little data - removing Gaussian (weight 0.032224, occupation count 9.860646, vector size 40)
WARNING (gmm-est[5.5.907~1-cbed4]:MleDiagGmmUpdate():mle-diag-gmm.cc:359) Too little data - removing Gaussian (weight 0.033122, occupation count 9.870226, vector size 40)
WARNING (gmm-est[5.5.907~1-cbed4]:MleDiagGmmUpdate():mle-diag-gmm.cc:359) Too little data - removing Gaussian (weight 0.033190, occupation count 9.093930, vector size 40)
WARNING (gmm-est[5.5.907~1-cbed4]:MleDiagGmmUpdate():mle-diag-gmm.cc:359) Too little data - removing Gaussian (weight 0.059465, occupation count 9.454871, vector size 40)
WARNING (gmm-est[5.5.907~1-cbed4]:MleDiagGmmUpdate():mle-diag-gmm.cc:359) Too little data - removing Gaussian (weight 0.030818, occupation count 9.985153, vector size 40)
LOG (gmm-est[5.5.907~1-cbed4]:MleAmDiagGmmUpdate():mle-am-diag-gmm.cc:225) 0 variance elements floored in 0 Gaussians, out of 40085
LOG (gmm-est[5.5.907~1-cbed4]:MleAmDiagGmmUpdate():mle-am-diag-gmm.cc:229) Removed 12 Gaussians due to counts < --min-gaussian-occupancy=10 and --remove-low-count-gaussians=true
LOG (gmm-est[5.5.907~1-cbed4]:main():gmm-est.cc:113) GMM update: Overall 0.0242042 objective function improvement per frame over 1.66319e+06 frames
LOG (gmm-est[5.5.907~1-cbed4]:main():gmm-est.cc:116) GMM update: Overall avg like per frame = -43.937 over 1.66319e+06 frames.
LOG (gmm-est[5.5.907~1-cbed4]:SplitByCount():am-diag-gmm.cc:116) Split 3160 states with target = 40000, power = 0.2, perturb_factor = 0.01 and min_count = 20, split #Gauss from 40085 to 40096
LOG (gmm-est[5.5.907~1-cbed4]:main():gmm-est.cc:146) Written model to exp/tri4a/32.mdl
# Accounting: time=1 threads=1
# Ended (code 0) at Thu Apr 22 14:08:18 PKT 2021, elapsed time 1 seconds
