# lattice-scale --inv-acoustic-scale=7 "ark:gunzip -c exp/mono/decode/lat.*.gz|" ark:- | lattice-add-penalty --word-ins-penalty=0.0 ark:- ark:- | lattice-best-path --word-symbol-table=exp/mono/graph/words.txt ark:- ark,t:- | utils/int2sym.pl -f 2- exp/mono/graph/words.txt | cat > exp/mono/decode/scoring_kaldi/penalty_0.0/7.txt 
# Started at Wed Apr 21 07:13:13 PKT 2021
#
lattice-scale --inv-acoustic-scale=7 'ark:gunzip -c exp/mono/decode/lat.*.gz|' ark:- 
lattice-best-path --word-symbol-table=exp/mono/graph/words.txt ark:- ark,t:- 
lattice-add-penalty --word-ins-penalty=0.0 ark:- ark:- 
LOG (lattice-best-path[5.5.907~1-cbed4]:main():lattice-best-path.cc:99) For utterance 20030010_601, best cost 232.232 + 13875.8 = 14108 over 985 frames.
20030010_601 مدت یا رغبت فوجی کردار کی کی نیشن میں بھری لومڑی مہم کی اجرت امور کے پلڑا ہو حدود کر نیلم کیں 
LOG (lattice-best-path[5.5.907~1-cbed4]:main():lattice-best-path.cc:99) For utterance 20030010_602, best cost 274.176 + 17156 = 17430.2 over 1203 frames.
20030010_602 دلوں دغا جی کے نے غور کیلئے پرخچے ہوئیں رخ کوئی پہاڑی کے لو ڈانس شیعہ ابو چکے بھونڈی کرنے کی شدہ سے اصل ہے 
LOG (lattice-best-path[5.5.907~1-cbed4]:main():lattice-best-path.cc:99) For utterance 20030010_603, best cost 219.717 + 11875.6 = 12095.4 over 833 frames.
20030010_603 شاہ شدہ اور نزلے کے گناہ سے گدے عمل پر اٹھا تو تبدیلی نیم دی کیسوں پر پر اُمید چاول کی یا 
LOG (lattice-best-path[5.5.907~1-cbed4]:main():lattice-best-path.cc:99) For utterance 20030010_604, best cost 202.636 + 12175.4 = 12378 over 856 frames.
20030010_604 سہیلی نا اہل کی کے داؤد کی گگن پڑی کو کہا کس تو اب چاہے کی کی سے نظریے اٹھا ہیں 
LOG (lattice-best-path[5.5.907~1-cbed4]:main():lattice-best-path.cc:99) For utterance 20030010_605, best cost 117.172 + 7334.06 = 7451.23 over 513 frames.
20030010_605 سوجن شو انجام کے پر شیم ایڈووکیٹ کر داخل دیتا ہے 
LOG (lattice-best-path[5.5.907~1-cbed4]:main():lattice-best-path.cc:99) For utterance 20030010_606, best cost 139.448 + 8684.44 = 8823.88 over 608 frames.
20030010_606 نجی کے دینا میں جدوجہد سے اس ندرت حافظ کی بڑی حضرت ہے 
LOG (lattice-best-path[5.5.907~1-cbed4]:main():lattice-best-path.cc:99) For utterance 20030010_607, best cost 95.3918 + 5909.84 = 6005.23 over 420 frames.
20030010_607 اس امریکی اوپر کی زوال رنگین آمدنی جائے 
LOG (lattice-best-path[5.5.907~1-cbed4]:main():lattice-best-path.cc:99) For utterance 20030010_608, best cost 155.668 + 8294.93 = 8450.6 over 582 frames.
20030010_608 ٹوہ کے کے بوم دیر مورخہ کو ہوش قدم جو جانے جوئیں جنگوں ہو گی 
LOG (lattice-best-path[5.5.907~1-cbed4]:main():lattice-best-path.cc:99) For utterance 20030010_609, best cost 203.529 + 10417.7 = 10621.3 over 736 frames.
20030010_609 پریشر نمودار اُمید والا مخل ماچھی کس ڈوریں نگرانی اور کی سعودی جو قحط اس کی یا کی یا 
LOG (lattice-best-path[5.5.907~1-cbed4]:main():lattice-best-path.cc:99) For utterance 20030010_610, best cost 167.201 + 11092.2 = 11259.4 over 803 frames.
20030010_610 معاف سے کے انجکشن یا قیوم کی عمر میران میجر کی کر اسے حجت ایسا ہے 
LOG (lattice-best-path[5.5.907~1-cbed4]:main():lattice-best-path.cc:99) For utterance 20030010_611, best cost 184.185 + 12057.8 = 12242 over 868 frames.
20030010_611 کھوہ سے دینے ڈیم دعا فورس کرنے ذکر دو بہو دیگر آ ہڈی گوجری ساجد ہے 
LOG (lattice-best-path[5.5.907~1-cbed4]:main():lattice-best-path.cc:99) For utterance 20030010_612, best cost 193.219 + 12491.1 = 12684.3 over 921 frames.
20030010_612 ترجیح نکل آمیزش سن اجسام بھورا ہی جدا چاڈ کر تو قوت کی لینگویج کام وہاں ہیں 
LOG (lattice-best-path[5.5.907~1-cbed4]:main():lattice-best-path.cc:99) For utterance 20030010_613, best cost 136.599 + 6445.92 = 6582.52 over 452 frames.
20030010_613 کا نمو کو نہ حق بروز اوج اہل کریش کی ناں زدہ کہا 
LOG (lattice-best-path[5.5.907~1-cbed4]:main():lattice-best-path.cc:99) For utterance 20030010_614, best cost 141.74 + 8160.77 = 8302.51 over 578 frames.
20030010_614 معید کو قے نے شیشے اور کے تیروں کے ساتھ زنجیر بغیر سن جدا کیا 
LOG (lattice-best-path[5.5.907~1-cbed4]:main():lattice-best-path.cc:99) For utterance 20030010_615, best cost 215.755 + 13495 = 13710.7 over 960 frames.
20030010_615 گداز کا شہزادی نے میسر موئسچرائزنگ کروڈ اوس کرتے ہوئے جو ہی بناؤں کی کی دلجوئی ہوئی کو ہیڈ بتایا 
LOG (lattice-best-path[5.5.907~1-cbed4]:main():lattice-best-path.cc:99) For utterance 20030010_616, best cost 233.891 + 13891 = 14124.8 over 989 frames.
20030010_616 کا جب ہے بورڈ چبھنے سفر بجیں کو فروغ ساز کر کیسی درد سروس کی موسم تک اہلکار خفیہ کی یا 
LOG (lattice-best-path[5.5.907~1-cbed4]:main():lattice-best-path.cc:99) For utterance 20030010_617, best cost 161.375 + 9383.48 = 9544.86 over 669 frames.
20030010_617 کام دیتا کریں سود کے گڈ جانے کیوں گوہر بیداری کر زدہ اس میں لگا 
LOG (lattice-best-path[5.5.907~1-cbed4]:main():lattice-best-path.cc:99) For utterance 20030010_618, best cost 181.801 + 11625.4 = 11807.2 over 824 frames.
20030010_618 پاؤڈر کا بیضے روشناس موجوں والی یا بسا بنے کا نیو کے بعد اس قدسیہ کی یا ہے 
LOG (lattice-best-path[5.5.907~1-cbed4]:main():lattice-best-path.cc:99) For utterance 20030010_619, best cost 126.654 + 7130.85 = 7257.5 over 519 frames.
20030010_619 تزئین کی گشت الحاق مدعیان کن ایقان جوگی کی نتیجے اور ہے 
LOG (lattice-best-path[5.5.907~1-cbed4]:main():lattice-best-path.cc:99) For utterance 20030010_620, best cost 190.972 + 11689.4 = 11880.4 over 820 frames.
20030010_620 کی معانی گھروں کی ہولوں گھنگرو میں سموئے یا کی ڈیمو کو اوپر پرجوش عوام کی کی عیاں کی 
LOG (lattice-best-path[5.5.907~1-cbed4]:main():lattice-best-path.cc:99) For utterance 20030010_621, best cost 217.305 + 14398.1 = 14615.4 over 1024 frames.
20030010_621 میں معجل تدریس کشمیری اور اؤٹ کر سوجن کے ماہ بینک ویزے کو درس اور جاری نماز نوید اہل کی 
LOG (lattice-best-path[5.5.907~1-cbed4]:main():lattice-best-path.cc:99) For utterance 20030010_622, best cost 174.132 + 11228.2 = 11402.3 over 764 frames.
20030010_622 کو جرگہ میں میدان درد ایڈڈ کے کی بجٹ عمر رسیدہ کیلئے عالمی سے گزری 
LOG (lattice-best-path[5.5.907~1-cbed4]:main():lattice-best-path.cc:99) For utterance 20030010_623, best cost 132.754 + 9223 = 9355.75 over 664 frames.
20030010_623 مڈل کردار کردار منافعے سول برس کرنے دانش آنے گیا 
LOG (lattice-best-path[5.5.907~1-cbed4]:main():lattice-best-path.cc:99) For utterance 20030010_624, best cost 182.326 + 11081 = 11263.3 over 790 frames.
20030010_624 موقف اثر کے نرخوں میں گزیر اغوا سوئس بالغ کود حدود کے انجکشن کیلئے میں مشروبات 
LOG (lattice-best-path[5.5.907~1-cbed4]:main():lattice-best-path.cc:99) For utterance 20030010_625, best cost 169.697 + 9316.71 = 9486.4 over 665 frames.
20030010_625 میراں ہوئی کن ساگر کی جج یا دیگر کیلئے کر ڈگری سی بچے معاف کے ہو گیا 
LOG (lattice-best-path[5.5.907~1-cbed4]:main():lattice-best-path.cc:99) For utterance 20030010_626, best cost 98.4747 + 6526.47 = 6624.94 over 465 frames.
20030010_626 فرینڈ اجڑے کو مغلیہ جون کی غوث میں جا 
LOG (lattice-best-path[5.5.907~1-cbed4]:main():lattice-best-path.cc:99) For utterance 20030010_627, best cost 169.307 + 9760.34 = 9929.65 over 712 frames.
20030010_627 سے کا خیر عمل کے نوگو کے قل عام یاں سے بلوں کے ٹوہ کو میں نگاور کیا 
LOG (lattice-best-path[5.5.907~1-cbed4]:main():lattice-best-path.cc:99) For utterance 20030010_628, best cost 180.42 + 9874.98 = 10055.4 over 709 frames.
20030010_628 موو اس کی دہلوی نے بنانے کیلئے بچے صدیوں ملنے پُلوں جوق بش یا محظوظ کی ہیں 
LOG (lattice-best-path[5.5.907~1-cbed4]:main():lattice-best-path.cc:99) For utterance 20030010_629, best cost 201.156 + 12070.3 = 12271.4 over 876 frames.
20030010_629 شیرے کے گو شواہد کیا کروا خیر میں سیڈ اب فروخت نیز نے معاوضوں کا فیضان کے کر آیا 
LOG (lattice-best-path[5.5.907~1-cbed4]:main():lattice-best-path.cc:99) For utterance 20030010_630, best cost 170.792 + 9301.65 = 9472.44 over 668 frames.
20030010_630 تعین غذا نے نشر کے اژدھام یا کر بچے ماہ کے کچھ ان سے خام بگڑ گیا 
LOG (lattice-best-path[5.5.907~1-cbed4]:main():lattice-best-path.cc:99) For utterance 20030010_631, best cost 235.648 + 13520.4 = 13756 over 964 frames.
20030010_631 سیریز چیف کو کنگھی ڈاٹ ہے بیک نے وقف آکر کے سَیل اداس بھیجے سوئس نے سے موڑ کر چھولے دکھائی 
LOG (lattice-best-path[5.5.907~1-cbed4]:main():lattice-best-path.cc:99) For utterance 20030010_632, best cost 224.464 + 17158 = 17382.5 over 1219 frames.
20030010_632 عزیز ادارے کہا کے سوویت کی حجت چھوڑ اور بیڑیاں نہیں بھجوا کر فجور اور سوئی سوئے بغیر دیکھو 
LOG (lattice-best-path[5.5.907~1-cbed4]:main():lattice-best-path.cc:99) For utterance 20030010_633, best cost 228.216 + 14400 = 14628.3 over 1056 frames.
20030010_633 تیز کنگڈم کے نہیں بگاڑنے تخیّل کے لیے میت بھنڈی اور پی سوچ کی کو اس کی سوم سوئنگ کے نے رنگین کیجیے 
LOG (lattice-best-path[5.5.907~1-cbed4]:main():lattice-best-path.cc:99) For utterance 20030010_634, best cost 168.136 + 9792.1 = 9960.24 over 708 frames.
20030010_634 قریشی ویجز ٹشو کی اسہال کے ییلو پڑیاں آٹھ گنا کر بیلٹ کر چیلہ ہے 
LOG (lattice-best-path[5.5.907~1-cbed4]:main():lattice-best-path.cc:99) For utterance 20030010_635, best cost 176.474 + 10123.8 = 10300.3 over 722 frames.
20030010_635 پاس اینگرو جنگی علاوہ و میں ڈیتھ کی اور کا کی مینگل کامیاب سے یہ سے سالہ کریں 
LOG (lattice-best-path[5.5.907~1-cbed4]:main():lattice-best-path.cc:99) For utterance 20030010_636, best cost 147.138 + 9400.43 = 9547.56 over 677 frames.
20030010_636 گومگو خشوع عمر کی جونیئر جا ہونے سے سوچا کا دونوں کا کو ہوا 
LOG (lattice-best-path[5.5.907~1-cbed4]:main():lattice-best-path.cc:99) For utterance 20030010_637, best cost 162.773 + 9710.69 = 9873.46 over 703 frames.
20030010_637 کی خام کیچ کہا میں پہنچ کر انہی نمو کی کی ہیڈ اسے موو ابھرے ہوئی 
LOG (lattice-best-path[5.5.907~1-cbed4]:main():lattice-best-path.cc:99) For utterance 20030010_638, best cost 204.948 + 15731.5 = 15936.4 over 1134 frames.
20030010_638 کے کاجو حجت کی شیڈ اور بوئنگ میں کو میں صورت جور کوٹھی کو شریف کی کے بلا سے بجٹ چڑ 
LOG (lattice-best-path[5.5.907~1-cbed4]:main():lattice-best-path.cc:99) For utterance 20030010_639, best cost 215.067 + 13869.1 = 14084.2 over 1011 frames.
20030010_639 ہے کہ میں کو اختر کی دکھ سے دے سے تشخیص کر سے کے نام گڈ چیل گوہر بسا سے ڈبو سگے 
LOG (lattice-best-path[5.5.907~1-cbed4]:main():lattice-best-path.cc:99) For utterance 20030010_640, best cost 188.101 + 11229.8 = 11417.9 over 822 frames.
20030010_640 جا کی میراں پر بچی جاری ضخیم ایمبیسی کونسل کے شو والا کا رجوع سیکھو جھلک آیا 
LOG (lattice-best-path[5.5.907~1-cbed4]:main():lattice-best-path.cc:99) For utterance 20030010_641, best cost 175.401 + 9840.77 = 10016.2 over 712 frames.
20030010_641 کو گوہر میچ اور گھلیں شروع بم کی بارش با سیڈ اجلاس کر بھینسیں گے دی 
LOG (lattice-best-path[5.5.907~1-cbed4]:main():lattice-best-path.cc:99) For utterance 20030010_642, best cost 146.736 + 8710.55 = 8857.29 over 638 frames.
20030010_642 صفوں کی فیس کی مے جیسی جرگہ شخصے نفوذ کی جوار بجھی 
LOG (lattice-best-path[5.5.907~1-cbed4]:main():lattice-best-path.cc:99) For utterance 20030010_643, best cost 174.912 + 9130.87 = 9305.78 over 664 frames.
20030010_643 تساہل سے ناول پڑھئے مرغا پر فجر سے نوحہ یوم دوڑنے باب سزائیں دریں ڈالنے 
LOG (lattice-best-path[5.5.907~1-cbed4]:main():lattice-best-path.cc:99) For utterance 20030010_644, best cost 198.019 + 12526.4 = 12724.4 over 908 frames.
20030010_644 کیچ کے لیے کے چیئرمین ڈور کو ہوئی اور زیب لا کی چھری کیسی پر سنگھ زدہ کی دیں ہیں 
LOG (lattice-best-path[5.5.907~1-cbed4]:main():lattice-best-path.cc:99) For utterance 20030010_645, best cost 164.557 + 10538.2 = 10702.7 over 768 frames.
20030010_645 میں درجے بلکہ اس میں دو ضعف کے صاحب باذوق مظفر کر میں کی اس آشنا میں ہیں 
LOG (lattice-best-path[5.5.907~1-cbed4]:main():lattice-best-path.cc:99) For utterance 20030010_646, best cost 172.479 + 10041.5 = 10214 over 734 frames.
20030010_646 ضروری نہ فجور میں اور چبھنے کے بعد لاؤ بَلّا نے در آڑے ڈال ڈالنے چالیس 
LOG (lattice-best-path[5.5.907~1-cbed4]:main():lattice-best-path.cc:99) For utterance 20030010_647, best cost 118.498 + 7099.18 = 7217.68 over 517 frames.
20030010_647 واجب کر کے غنا زیب عمر جو کر دوراں بردار 
LOG (lattice-best-path[5.5.907~1-cbed4]:main():lattice-best-path.cc:99) For utterance 20030010_648, best cost 127.019 + 7925.43 = 8052.44 over 573 frames.
20030010_648 ملے میں دو ڈسچارج کہا رخصت جیٹ کے یہ کروا تھا 
LOG (lattice-best-path[5.5.907~1-cbed4]:main():lattice-best-path.cc:99) For utterance 20030010_649, best cost 139.16 + 6779.92 = 6919.08 over 478 frames.
20030010_649 کو تو کو کن اس کر کے بیعت نڈر نہ اقوام کر نڈر لگا ہے 
LOG (lattice-best-path[5.5.907~1-cbed4]:main():lattice-best-path.cc:99) For utterance 20030010_650, best cost 179.473 + 12139.8 = 12319.2 over 870 frames.
20030010_650 تجویز کا دن کی سیڈ ایک اور سال معیت کی میں کے نقوی تہیہ کے باعث تجویز آ ہے 
LOG (lattice-best-path[5.5.907~1-cbed4]:main():lattice-best-path.cc:99) For utterance 20030010_651, best cost 160.75 + 9507.83 = 9668.58 over 699 frames.
20030010_651 کوئلے کو بلی میں جوگی کھو قومی میں گھمبیر فورم نے سے پہلے سونگ کی کیں 
LOG (lattice-best-path[5.5.907~1-cbed4]:main():lattice-best-path.cc:99) For utterance 20030010_652, best cost 182.238 + 10580 = 10762.2 over 777 frames.
20030010_652 پیٹھ کونین کیجیے خانگی علوی ورلڈ کے جولانی ویب کا موڈ کے سندھو کا گوہ جی ہیں 
LOG (lattice-best-path[5.5.907~1-cbed4]:main():lattice-best-path.cc:99) For utterance 20030010_653, best cost 131.528 + 8818.84 = 8950.37 over 638 frames.
20030010_653 پروگرام درسگاہ عزیز عمل گزیر کی ہجے بھرتا کو سوا 
LOG (lattice-best-path[5.5.907~1-cbed4]:main():lattice-best-path.cc:99) For utterance 20030010_654, best cost 154.365 + 11391.9 = 11546.3 over 838 frames.
20030010_654 سویڈش ہاؤس اس کی شیعہ جوبلی اور انسٹھویں لوث کے میں ڈے میں سدھ ہے 
LOG (lattice-best-path[5.5.907~1-cbed4]:main():lattice-best-path.cc:99) For utterance 20030010_655, best cost 112.047 + 6375.11 = 6487.16 over 465 frames.
20030010_655 ناں اوباش کی چھائی اور کو کی لیس بجھائی بارش تھے 
LOG (lattice-best-path[5.5.907~1-cbed4]:main():lattice-best-path.cc:99) For utterance 20030010_656, best cost 189.98 + 12526.1 = 12716.1 over 918 frames.
20030010_656 بے سے ذریعے کر بدروح گز ایری ہیڈ بجائے اور کوئی معجل کا رم حبیب کس کرے 
LOG (lattice-best-path[5.5.907~1-cbed4]:main():lattice-best-path.cc:99) For utterance 20030010_657, best cost 110.709 + 7417.45 = 7528.16 over 540 frames.
20030010_657 آمدورفت کر ذہن کے ڈیزرٹ ادب کی حافظے موسم نہیں 
LOG (lattice-best-path[5.5.907~1-cbed4]:main():lattice-best-path.cc:99) For utterance 20030010_658, best cost 105.093 + 7978.79 = 8083.88 over 591 frames.
20030010_658 میں گومگو ٹھکانے بنوری بیس کی بسیں موضع ہوئے 
LOG (lattice-best-path[5.5.907~1-cbed4]:main():lattice-best-path.cc:99) For utterance 20030010_659, best cost 181.33 + 10738.1 = 10919.5 over 779 frames.
20030010_659 میں کی کھو کے بچھانے اور کوئی تعاقب سومرو ہو رو فورس کے بعد بوئنگ یا کے سوئے 
LOG (lattice-best-path[5.5.907~1-cbed4]:main():lattice-best-path.cc:99) For utterance 20030010_660, best cost 89.6911 + 6648.83 = 6738.52 over 482 frames.
20030010_660 بوئے بحران کے بقایا اسلامی نہیں بسا 
LOG (lattice-best-path[5.5.907~1-cbed4]:main():lattice-best-path.cc:99) For utterance 20030010_661, best cost 131.036 + 8025.42 = 8156.46 over 578 frames.
20030010_661 کر صفیں نے کے لیڈی چُھپ اہم ارکان کہا کر دبائے 
LOG (lattice-best-path[5.5.907~1-cbed4]:main():lattice-best-path.cc:99) For utterance 20030010_662, best cost 141.671 + 8041.57 = 8183.24 over 575 frames.
20030010_662 کر جنگجوؤں کو کی عرب یا چلے بسیار و کی تشبیہ ہے ڈگری کے 
LOG (lattice-best-path[5.5.907~1-cbed4]:main():lattice-best-path.cc:99) For utterance 20030010_663, best cost 147.458 + 9256.15 = 9403.61 over 656 frames.
20030010_663 کی ڈوریں جانا چاہے مقروض چار سال کی تو کیلئے کی تنقیص موضوع ہوئی 
LOG (lattice-best-path[5.5.907~1-cbed4]:main():lattice-best-path.cc:99) For utterance 20030010_664, best cost 176.316 + 11119.8 = 11296.1 over 790 frames.
20030010_664 پر آسیہ کے کے بڑے اعظم اقدامات قضیے تنزلی قوت اور کی نیچی کیونکہ کھڑے کو گے 
LOG (lattice-best-path[5.5.907~1-cbed4]:main():lattice-best-path.cc:99) For utterance 20030010_665, best cost 124.964 + 7822.01 = 7946.97 over 569 frames.
20030010_665 فیصلے خسارے اور کی سے سے ڈیل چینی تو اس بغیر کو آ 
LOG (lattice-best-path[5.5.907~1-cbed4]:main():lattice-best-path.cc:99) For utterance 20030010_666, best cost 121.942 + 7079.38 = 7201.32 over 505 frames.
20030010_666 دوررس رویا پر جنم بڑا کا کر درس بغیر سندھو یہ 
LOG (lattice-best-path[5.5.907~1-cbed4]:main():lattice-best-path.cc:99) For utterance 20030010_667, best cost 135.289 + 9794.22 = 9929.51 over 731 frames.
20030010_667 بجلی ٹرین کے در سے جن کے دھو سے کی مجیب بوسن ہوئے 
LOG (lattice-best-path[5.5.907~1-cbed4]:main():lattice-best-path.cc:99) For utterance 20030010_668, best cost 186.748 + 10298.1 = 10484.9 over 739 frames.
20030010_668 ساجد لولی کے پڑے رونے والے جھنڈے پاک اصلاحات یا ناں ہے یہ سے جاوید لا 
LOG (lattice-best-path[5.5.907~1-cbed4]:main():lattice-best-path.cc:99) For utterance 20030010_669, best cost 115.223 + 7872.29 = 7987.52 over 557 frames.
20030010_669 کو غزلوں سے بو میوزک کے یہ عزت نوبل عندیہ 
LOG (lattice-best-path[5.5.907~1-cbed4]:main():lattice-best-path.cc:99) For utterance 20030010_670, best cost 124.074 + 9193.86 = 9317.93 over 653 frames.
20030010_670 پڑوسی اعتراف دیش رہے کے سروں گیا کہو کے کر کرو 
LOG (lattice-best-path[5.5.907~1-cbed4]:main():lattice-best-path.cc:99) For utterance 20030010_671, best cost 164.172 + 9986.46 = 10150.6 over 712 frames.
20030010_671 خوشی سے پہلے سوسائٹی بویا نے کہا اثرورسوخ کو کے سکورز چھولے میں دو اور جیل جاؤ 
LOG (lattice-best-path[5.5.907~1-cbed4]:main():lattice-best-path.cc:99) For utterance 20030010_672, best cost 162.61 + 8402.33 = 8564.95 over 626 frames.
20030010_672 کیجیے میں دیش عود چلائی دو خود کام بسر بغور سے درجے قابل لا ہے 
LOG (lattice-best-path[5.5.907~1-cbed4]:main():lattice-best-path.cc:99) For utterance 20030010_673, best cost 129.148 + 8392.49 = 8521.63 over 621 frames.
20030010_673 کرائی کے جانے وعدے ہوئی جو کی نظر کے ڈیل برقرار 
LOG (lattice-best-path[5.5.907~1-cbed4]:main():lattice-best-path.cc:99) For utterance 20030010_674, best cost 161.72 + 10495.8 = 10657.5 over 777 frames.
20030010_674 مشعر نے پَلوں میں بردار پرچم بھرٹ درہم بار کیں ٹھونس میں کی کوشش کی 
LOG (lattice-best-path[5.5.907~1-cbed4]:main():lattice-best-path.cc:99) For utterance 20030010_675, best cost 134.81 + 9395.3 = 9530.11 over 686 frames.
20030010_675 کا جلد روئی کے رویے پر سوچے کرتا سوختہ براوو اڑائیں 
LOG (lattice-best-path[5.5.907~1-cbed4]:main():lattice-best-path.cc:99) For utterance 20030010_676, best cost 141.88 + 8149.61 = 8291.49 over 587 frames.
20030010_676 پتھری رہائشی زچ کر نتیجے رضوان یانگ دیش جب لیبر آتی 
LOG (lattice-best-path[5.5.907~1-cbed4]:main():lattice-best-path.cc:99) For utterance 20030010_677, best cost 195.47 + 10749.3 = 10944.7 over 788 frames.
20030010_677 مرزا ملیہ کی اسی بوئنگ مگر بعدازاں موضوع بوڑھی ہو کر گائنی کی حیرت سے بہو بغیر کیا 
LOG (lattice-best-path[5.5.907~1-cbed4]:main():lattice-best-path.cc:99) For utterance 20030010_678, best cost 202.161 + 15941.7 = 16143.9 over 1203 frames.
20030010_678 سمفنی اس بہت علی سے کا زوال اور بچھڑا نے کے لیے خالد گوجر پیٹھ سے مشعر کے چین کریں 
LOG (lattice-best-path[5.5.907~1-cbed4]:main():lattice-best-path.cc:99) For utterance 20030010_679, best cost 107.489 + 5713.98 = 5821.47 over 411 frames.
20030010_679 کوئی اور کے پیڑی بچی لگا سلسلے کیسز اوجھڑی 
LOG (lattice-best-path[5.5.907~1-cbed4]:main():lattice-best-path.cc:99) For utterance 20030010_680, best cost 182.316 + 9107.82 = 9290.14 over 662 frames.
20030010_680 کوئی پنج اڑا پہلو دے ہول بیٹھ و تو لئیق اُٹھایا درس میں میں کھڑا اور جاتا ہے 
LOG (lattice-best-path[5.5.907~1-cbed4]:main():lattice-best-path.cc:99) For utterance 20030010_681, best cost 162.184 + 10320.4 = 10482.6 over 755 frames.
20030010_681 گرج شو نیچی شعلوں کو مفید آرزوئیں تو گلوبل بچی بدھا پرسوز یا 
LOG (lattice-best-path[5.5.907~1-cbed4]:main():lattice-best-path.cc:99) For utterance 20030010_682, best cost 173.182 + 10685.9 = 10859.1 over 794 frames.
20030010_682 میں کی وجوہات کی لوٹ پر کی جوڑے کا ناچنے جا کر برس کے جو ہو معلوم کیے 
LOG (lattice-best-path[5.5.907~1-cbed4]:main():lattice-best-path.cc:99) For utterance 20030010_683, best cost 150.132 + 9048.22 = 9198.35 over 669 frames.
20030010_683 قسم آؤ کی جور اوقات اہل ایم ایری حدیث کے کی سینیٹ کرے 
LOG (lattice-best-path[5.5.907~1-cbed4]:main():lattice-best-path.cc:99) For utterance 20030010_684, best cost 143.502 + 9083.78 = 9227.28 over 673 frames.
20030010_684 میں بری سوگوار ایسے کے چوم عمل رویا کی لاکھ پاک عقاب 
LOG (lattice-best-path[5.5.907~1-cbed4]:main():lattice-best-path.cc:99) For utterance 20030010_685, best cost 122.973 + 7095.95 = 7218.93 over 522 frames.
20030010_685 فوجوں پر آبدوزیں ایونٹ کے بخشے سرکا حوض لنگر جو 
LOG (lattice-best-path[5.5.907~1-cbed4]:main():lattice-best-path.cc:99) For utterance 20030010_686, best cost 135.851 + 9228.93 = 9364.78 over 671 frames.
20030010_686 سسٹم کی کے ضخیم کی ٹشو سے دنیاوی میں زچ ٹشو چاقو جو 
LOG (lattice-best-path[5.5.907~1-cbed4]:main():lattice-best-path.cc:99) For utterance 20030010_687, best cost 194.348 + 12297.4 = 12491.7 over 885 frames.
20030010_687 ساتویں سبب سلور سے آنکھ سنگھ اولی دو کا اپنا سے چیف ماہ کر درجوں موجود کرائی 
LOG (lattice-best-path[5.5.907~1-cbed4]:main():lattice-best-path.cc:99) For utterance 20030010_688, best cost 238.832 + 14429.3 = 14668.1 over 1064 frames.
20030010_688 کر کی گھول کی جا دبیز جھجھک اس انجری یاں مزارعوں اور دی کی کبیر میں نوحہ مون کے کرا ٹھنڈا ہی جاؤ 
LOG (lattice-best-path[5.5.907~1-cbed4]:main():lattice-best-path.cc:99) For utterance 20030010_689, best cost 193.861 + 8712.29 = 8906.15 over 625 frames.
20030010_689 دوجے تنگ کے جیز عقیل راجیہ جا میں جو ہول بنائی اور سوئس و فصلیں گوجر ترچھا ہے 
LOG (lattice-best-path[5.5.907~1-cbed4]:main():lattice-best-path.cc:99) For utterance 20030010_690, best cost 99.7137 + 5431.49 = 5531.2 over 384 frames.
20030010_690 کی گڈ کرا بہائیں ٹشو نے کچھوا نہیں جاتا ہے 
LOG (lattice-best-path[5.5.907~1-cbed4]:main():lattice-best-path.cc:99) For utterance 20030010_691, best cost 164.874 + 9873.49 = 10038.4 over 712 frames.
20030010_691 کسی کی دلجوئی کیا کا جید رویا روہی سے مذاکرات معین آف میں ٹھوس گے 
LOG (lattice-best-path[5.5.907~1-cbed4]:main():lattice-best-path.cc:99) For utterance 20030010_692, best cost 179.146 + 9606.71 = 9785.85 over 703 frames.
20030010_692 باغ سونے سامنے کہا کے مے سے بوسن بڑے ختم گاڑی کے بچی کھا ڈیڈ لگائیں 
LOG (lattice-best-path[5.5.907~1-cbed4]:main():lattice-best-path.cc:99) For utterance 20030010_693, best cost 137.694 + 6787.15 = 6924.85 over 493 frames.
20030010_693 مے نے کا کے جوئیہ سے کہا کے وقعت پر گنا کرائے مدح دو 
LOG (lattice-best-path[5.5.907~1-cbed4]:main():lattice-best-path.cc:99) For utterance 20030010_694, best cost 199.208 + 11690.6 = 11889.8 over 853 frames.
20030010_694 تعاون کر چھوڑ اثر شب آیا قضہ کو موجب کی اور کی سیکھی آپ کو ٹوہ بند بنائی ہیں 
LOG (lattice-best-path[5.5.907~1-cbed4]:main():lattice-best-path.cc:99) For utterance 20030010_695, best cost 153.039 + 8134.13 = 8287.17 over 596 frames.
20030010_695 کھچی جا نتیجے جانے کو کروڑوں بدل چھین جاؤں تو پانی میں گھول جائیں 
LOG (lattice-best-path[5.5.907~1-cbed4]:main():lattice-best-path.cc:99) For utterance 20030010_696, best cost 138.795 + 8390.54 = 8529.33 over 612 frames.
20030010_696 کر شواہد کرنے سے کو مصور مصور بنانے کیلئے افسران کی یا جیٹ گا 
LOG (lattice-best-path[5.5.907~1-cbed4]:main():lattice-best-path.cc:99) For utterance 20030010_697, best cost 109.174 + 6325.79 = 6434.97 over 465 frames.
20030010_697 قدوقامت سے سویرے کہف ایڈز آنگن اگر کام ہو گیا 
LOG (lattice-best-path[5.5.907~1-cbed4]:main():lattice-best-path.cc:99) For utterance 20030010_698, best cost 117.571 + 6391.59 = 6509.16 over 474 frames.
20030010_698 برابر امداد ویزے شب باغبانی اوس کا جائزہ لینے لگا 
LOG (lattice-best-path[5.5.907~1-cbed4]:main():lattice-best-path.cc:99) For utterance 20030010_699, best cost 168.463 + 8117.03 = 8285.5 over 587 frames.
20030010_699 نجات کرفیو ضعف کا کی چھری میں بردار کے کیا نیم دیر عمر کی کا مقصود جو 
LOG (lattice-best-path[5.5.907~1-cbed4]:main():lattice-best-path.cc:99) For utterance 20030010_700, best cost 133.122 + 7857.75 = 7990.87 over 561 frames.
20030010_700 گو سقوط کی جتنی میں تغافل کی سوجھی چھڑا کر مصور سے رکھو 
LOG (lattice-best-path[5.5.907~1-cbed4]:main():lattice-best-path.cc:99) For utterance 20030010_701, best cost 196.819 + 10965.2 = 11162 over 808 frames.
20030010_701 حضور منوا مونا کو فضل گندم اپنا چیزیں ہیڈکوارٹر حوض اس کو وڈ دنگ گذر جایا ہیں 
LOG (lattice-best-path[5.5.907~1-cbed4]:main():lattice-best-path.cc:99) For utterance 20030010_702, best cost 141.431 + 8317.31 = 8458.74 over 608 frames.
20030010_702 قے فیصلہ قوت کی دودھ میں کرے گوشہ زور نادر بات شو 
LOG (lattice-best-path[5.5.907~1-cbed4]:main():lattice-best-path.cc:99) For utterance 20030010_703, best cost 132.785 + 8749.86 = 8882.65 over 647 frames.
20030010_703 کیا تعداد سے قومی کی چیل کے ٹیبلو کاروبار ظاہر و کا ہے 
LOG (lattice-best-path[5.5.907~1-cbed4]:main():lattice-best-path.cc:99) For utterance 20030010_704, best cost 152.419 + 10402.8 = 10555.2 over 766 frames.
20030010_704 کا کر اننگز اشعار مدعی نظم دریاؤں کے انظباتی پھیلا کا پاس اس ہے 
LOG (lattice-best-path[5.5.907~1-cbed4]:main():lattice-best-path.cc:99) For utterance 20030010_705, best cost 136.466 + 7969.61 = 8106.07 over 578 frames.
20030010_705 بااثر سے بم اڑتالیس کی جا کر لاگت آٹھ سمجھو زیور گئی 
LOG (lattice-best-path[5.5.907~1-cbed4]:main():lattice-best-path.cc:99) For utterance 20030010_706, best cost 139.23 + 8666.9 = 8806.13 over 627 frames.
20030010_706 درجے ازخود کیفی اس کی ارکان کی دکھ اعتماد مووی جو 
LOG (lattice-best-path[5.5.907~1-cbed4]:main():lattice-best-path.cc:99) For utterance 20030010_707, best cost 109.819 + 6178.18 = 6287.99 over 449 frames.
20030010_707 ماضی کم اگائے آہستہ ریونیو کی گناہ میں نہ کریں 
LOG (lattice-scale[5.5.907~1-cbed4]:main():lattice-scale.cc:107) Done 108 lattices.
LOG (lattice-best-path[5.5.907~1-cbed4]:main():lattice-best-path.cc:99) For utterance 20030010_708, best cost 153.52 + 7532.46 = 7685.98 over 548 frames.
20030010_708 جان چھیڑنے سے تلے نبی نے مجیب اجرا رسیدہ طریقہ اور مشق سمجھا ہے 
LOG (lattice-add-penalty[5.5.907~1-cbed4]:main():lattice-add-penalty.cc:62) Done adding word insertion penalty to 108 lattices.
LOG (lattice-best-path[5.5.907~1-cbed4]:main():lattice-best-path.cc:124) Overall cost per frame is 14.0697 = 0.228343 [graph] + 13.8414 [acoustic] over 76636 frames.
LOG (lattice-best-path[5.5.907~1-cbed4]:main():lattice-best-path.cc:128) Done 108 lattices, failed for 0
# Accounting: time=4 threads=1
# Ended (code 0) at Wed Apr 21 07:13:17 PKT 2021, elapsed time 4 seconds
