# gmm-est --power=0.2 --write-occs=exp/tri4/30.occs --mix-up=10000 exp/tri4/29.mdl "gmm-sum-accs - exp/tri4/29.*.acc |" exp/tri4/30.mdl 
# Started at Wed Apr 21 10:47:53 PKT 2021
#
gmm-est --power=0.2 --write-occs=exp/tri4/30.occs --mix-up=10000 exp/tri4/29.mdl 'gmm-sum-accs - exp/tri4/29.*.acc |' exp/tri4/30.mdl 
gmm-sum-accs - exp/tri4/29.1.acc 
LOG (gmm-sum-accs[5.5.907~1-cbed4]:main():gmm-sum-accs.cc:63) Summed 1 stats, total count 403812, avg like/frame -43.8062
LOG (gmm-sum-accs[5.5.907~1-cbed4]:main():gmm-sum-accs.cc:66) Total count of stats is 403812
LOG (gmm-sum-accs[5.5.907~1-cbed4]:main():gmm-sum-accs.cc:67) Written stats to -
LOG (gmm-est[5.5.907~1-cbed4]:MleUpdate():transition-model.cc:528) TransitionModel::Update, objf change is 0 per frame over 403812 frames. 
LOG (gmm-est[5.5.907~1-cbed4]:MleUpdate():transition-model.cc:531) 97 probabilities floored, 3098 out of 5817 transition-states skipped due to insuffient data (it is normal to have some skipped.)
LOG (gmm-est[5.5.907~1-cbed4]:main():gmm-est.cc:102) Transition model update: Overall 0 log-like improvement per frame over 403812 frames.
WARNING (gmm-est[5.5.907~1-cbed4]:MleDiagGmmUpdate():mle-diag-gmm.cc:365) Gaussian has too little data but not removing it because it is the last Gaussian: i = 0, occ = 0, weight = 1
WARNING (gmm-est[5.5.907~1-cbed4]:MleDiagGmmUpdate():mle-diag-gmm.cc:365) Gaussian has too little data but not removing it because it is the last Gaussian: i = 0, occ = 5, weight = 1
WARNING (gmm-est[5.5.907~1-cbed4]:MleDiagGmmUpdate():mle-diag-gmm.cc:365) Gaussian has too little data but not removing it because it is the last Gaussian: i = 0, occ = 7, weight = 1
WARNING (gmm-est[5.5.907~1-cbed4]:MleDiagGmmUpdate():mle-diag-gmm.cc:365) Gaussian has too little data but not removing it because it is the last Gaussian: i = 0, occ = 9, weight = 1
WARNING (gmm-est[5.5.907~1-cbed4]:MleDiagGmmUpdate():mle-diag-gmm.cc:359) Too little data - removing Gaussian (weight 0.059871, occupation count 9.998422, vector size 40)
WARNING (gmm-est[5.5.907~1-cbed4]:MleDiagGmmUpdate():mle-diag-gmm.cc:359) Too little data - removing Gaussian (weight 0.134054, occupation count 9.115665, vector size 40)
WARNING (gmm-est[5.5.907~1-cbed4]:MleDiagGmmUpdate():mle-diag-gmm.cc:365) Gaussian has too little data but not removing it because it is the last Gaussian: i = 0, occ = 8, weight = 1
WARNING (gmm-est[5.5.907~1-cbed4]:MleDiagGmmUpdate():mle-diag-gmm.cc:365) Gaussian has too little data but not removing it because it is the last Gaussian: i = 0, occ = 8, weight = 1
WARNING (gmm-est[5.5.907~1-cbed4]:MleDiagGmmUpdate():mle-diag-gmm.cc:365) Gaussian has too little data but not removing it because it is the last Gaussian: i = 0, occ = 8, weight = 1
WARNING (gmm-est[5.5.907~1-cbed4]:MleDiagGmmUpdate():mle-diag-gmm.cc:359) Too little data - removing Gaussian (weight 0.084510, occupation count 9.972232, vector size 40)
WARNING (gmm-est[5.5.907~1-cbed4]:MleDiagGmmUpdate():mle-diag-gmm.cc:359) Too little data - removing Gaussian (weight 0.048375, occupation count 7.788346, vector size 40)
WARNING (gmm-est[5.5.907~1-cbed4]:MleDiagGmmUpdate():mle-diag-gmm.cc:359) Too little data - removing Gaussian (weight 0.052781, occupation count 8.708879, vector size 40)
WARNING (gmm-est[5.5.907~1-cbed4]:MleDiagGmmUpdate():mle-diag-gmm.cc:365) Gaussian has too little data but not removing it because it is the last Gaussian: i = 0, occ = 7, weight = 1
WARNING (gmm-est[5.5.907~1-cbed4]:MleDiagGmmUpdate():mle-diag-gmm.cc:359) Too little data - removing Gaussian (weight 0.040500, occupation count 8.383456, vector size 40)
LOG (gmm-est[5.5.907~1-cbed4]:MleAmDiagGmmUpdate():mle-am-diag-gmm.cc:225) 0 variance elements floored in 0 Gaussians, out of 10005
LOG (gmm-est[5.5.907~1-cbed4]:MleAmDiagGmmUpdate():mle-am-diag-gmm.cc:229) Removed 6 Gaussians due to counts < --min-gaussian-occupancy=10 and --remove-low-count-gaussians=true
LOG (gmm-est[5.5.907~1-cbed4]:main():gmm-est.cc:113) GMM update: Overall 0.0627191 objective function improvement per frame over 403812 frames
LOG (gmm-est[5.5.907~1-cbed4]:main():gmm-est.cc:116) GMM update: Overall avg like per frame = -43.8062 over 403812 frames.
LOG (gmm-est[5.5.907~1-cbed4]:SplitByCount():am-diag-gmm.cc:116) Split 1480 states with target = 10000, power = 0.2, perturb_factor = 0.01 and min_count = 20, split #Gauss from 10005 to 10011
LOG (gmm-est[5.5.907~1-cbed4]:main():gmm-est.cc:146) Written model to exp/tri4/30.mdl
# Accounting: time=0 threads=1
# Ended (code 0) at Wed Apr 21 10:47:53 PKT 2021, elapsed time 0 seconds
