# lattice-scale --inv-acoustic-scale=16 "ark:gunzip -c exp/mono/decode/lat.*.gz|" ark:- | lattice-add-penalty --word-ins-penalty=1.0 ark:- ark:- | lattice-best-path --word-symbol-table=exp/mono/graph/words.txt ark:- ark,t:- | utils/int2sym.pl -f 2- exp/mono/graph/words.txt | cat > exp/mono/decode/scoring_kaldi/penalty_1.0/16.txt 
# Started at Thu Apr 22 07:23:13 PKT 2021
#
lattice-scale --inv-acoustic-scale=16 'ark:gunzip -c exp/mono/decode/lat.*.gz|' ark:- 
lattice-add-penalty --word-ins-penalty=1.0 ark:- ark:- 
lattice-best-path --word-symbol-table=exp/mono/graph/words.txt ark:- ark,t:- 
LOG (lattice-best-path[5.5.907~1-cbed4]:main():lattice-best-path.cc:99) For utterance 20030004_601, best cost 152.145 + 4687.97 = 4840.11 over 804 frames.
20030004_601 لغوی مداحوں چیک ادائیگی ریشمی کمینگی ٹیلیویژن انگوٹھے پڑا ہو گئی 
LOG (lattice-best-path[5.5.907~1-cbed4]:main():lattice-best-path.cc:99) For utterance 20030004_602, best cost 206.494 + 5882.96 = 6089.46 over 1000 frames.
20030004_602 بےہودہ کوآرڈینیٹر اور کیلئے کرتے ہوئے لڑائی گلوبل آشیرباد کوچہ کے بتدریج کلیدی شرکت سے بازو ہے 
LOG (lattice-best-path[5.5.907~1-cbed4]:main():lattice-best-path.cc:99) For utterance 20030004_603, best cost 157.688 + 4536.25 = 4693.94 over 782 frames.
20030004_603 ششدر اور نزلے کی گداز کرے مترادف تبدیلی بےقصور پروگرام بیچارے کی 
LOG (lattice-best-path[5.5.907~1-cbed4]:main():lattice-best-path.cc:99) For utterance 20030004_604, best cost 134.207 + 3703.57 = 3837.77 over 638 frames.
20030004_604 سندھی ننانوے کے داغنے گورنر ادغام سوچا کے استفادے اٹھائے 
LOG (lattice-best-path[5.5.907~1-cbed4]:main():lattice-best-path.cc:99) For utterance 20030004_605, best cost 92.8081 + 2933 = 3025.81 over 506 frames.
20030004_605 سوزش اوباش امیگریشن میں کوریوگرافر دیتا ہے 
LOG (lattice-best-path[5.5.907~1-cbed4]:main():lattice-best-path.cc:99) For utterance 20030004_606, best cost 132.022 + 3226.27 = 3358.29 over 554 frames.
20030004_606 کے لیے براہمن گلوبل سے کی پیچیدگیوں کے تنفس کی بڑی گزیر تھا 
LOG (lattice-best-path[5.5.907~1-cbed4]:main():lattice-best-path.cc:99) For utterance 20030004_607, best cost 93.2847 + 2464.36 = 2557.64 over 428 frames.
20030004_607 قدسیہ کی اور کر کی زوال قالین آرگنائزنگ 
LOG (lattice-best-path[5.5.907~1-cbed4]:main():lattice-best-path.cc:99) For utterance 20030004_608, best cost 125.266 + 3332.68 = 3457.94 over 578 frames.
20030004_608 کرتے کے بدلے لوگو خواستگار باوجود جانے کیلئے جنگوں ہو گی 
LOG (lattice-best-path[5.5.907~1-cbed4]:main():lattice-best-path.cc:99) For utterance 20030004_609, best cost 164.732 + 4338.1 = 4502.83 over 746 frames.
20030004_609 ڈیکلریشن نمبر لیوا مگر مچھلی رسولی نکالیں اور ایشو کے جو کا رسیا کیا 
LOG (lattice-best-path[5.5.907~1-cbed4]:main():lattice-best-path.cc:99) For utterance 20030004_610, best cost 162.176 + 4150.63 = 4312.81 over 740 frames.
20030004_610 مماثل کے خوشی کا پیروی کی عمل بیوہ نیچے کی طرح سے طبیعت خزاں ہے 
LOG (lattice-best-path[5.5.907~1-cbed4]:main():lattice-best-path.cc:99) For utterance 20030004_611, best cost 146.571 + 3950.07 = 4096.64 over 699 frames.
20030004_611 کو سے پہلے دھینگا حسینی سے کے دواؤں کو برابر کی کوچے ساتھی ہے 
LOG (lattice-best-path[5.5.907~1-cbed4]:main():lattice-best-path.cc:99) For utterance 20030004_612, best cost 153.292 + 4270.81 = 4424.1 over 740 frames.
20030004_612 تبدیلیاں کی ورزش سیلرز واگذار بھیجا شرکت غفور کے لینگویج کا کا ہے 
LOG (lattice-best-path[5.5.907~1-cbed4]:main():lattice-best-path.cc:99) For utterance 20030004_613, best cost 112.558 + 3039.71 = 3152.27 over 534 frames.
20030004_613 علم مولانا بوگس اور جدول کریش ڈیجیٹل پراٹھا 
LOG (lattice-best-path[5.5.907~1-cbed4]:main():lattice-best-path.cc:99) For utterance 20030004_614, best cost 131.726 + 3142.76 = 3274.48 over 547 frames.
20030004_614 بلبل پہنے شیشے کے کرائے کے ساتھ سنئے بغیر سمجھو کا کیا 
LOG (lattice-best-path[5.5.907~1-cbed4]:main():lattice-best-path.cc:99) For utterance 20030004_615, best cost 194.517 + 5421.36 = 5615.88 over 941 frames.
20030004_615 عدالت کا شہزادی میں ٹیچر موئسچرائزنگ سٹوڈیوز کرتے ہوئے جوبلی حالانکہ تجوریاں گوبر ہیڈ بنایا 
LOG (lattice-best-path[5.5.907~1-cbed4]:main():lattice-best-path.cc:99) For utterance 20030004_616, best cost 174.605 + 5133.92 = 5308.53 over 890 frames.
20030004_616 تاجور بھورے نے سردخانے اور نیلوفر روضہ تحصیلدار تصدق کماحقہ کا ہتھیار تھیں 
LOG (lattice-best-path[5.5.907~1-cbed4]:main():lattice-best-path.cc:99) For utterance 20030004_617, best cost 126.614 + 3224.32 = 3350.93 over 569 frames.
20030004_617 کھمبیوں پر پڑے سوکھنے بچھانے چلغوزے کارخیر فرانسیسی لگا 
LOG (lattice-best-path[5.5.907~1-cbed4]:main():lattice-best-path.cc:99) For utterance 20030004_618, best cost 159.788 + 4502.92 = 4662.71 over 792 frames.
20030004_618 کاؤنٹی قدرے سے روشناس موجودہ لے کر ساگر میں کرنے کے بعد اجازت لاٹھیاں ہیں 
LOG (lattice-best-path[5.5.907~1-cbed4]:main():lattice-best-path.cc:99) For utterance 20030004_619, best cost 102.397 + 2964.96 = 3067.35 over 524 frames.
20030004_619 تیزی کی دوشیزہ مدعیان کرنے کھجوریں نتیجے ہیں 
LOG (lattice-best-path[5.5.907~1-cbed4]:main():lattice-best-path.cc:99) For utterance 20030004_620, best cost 172.685 + 3963.17 = 4135.85 over 688 frames.
20030004_620 جیلانی پَلوں کے ہولوں گورنینس رویا اور کی گردوغبار پرجوش واں کی کیا کیا تھیں 
LOG (lattice-best-path[5.5.907~1-cbed4]:main():lattice-best-path.cc:99) For utterance 20030004_621, best cost 168.307 + 4450.24 = 4618.55 over 757 frames.
20030004_621 معجل ایڈریس حاشیے ہو کر زوجیت گہماگہمی سے نوبل سوچا کی آواز کیلئے پہلوٹھی 
LOG (lattice-best-path[5.5.907~1-cbed4]:main():lattice-best-path.cc:99) For utterance 20030004_622, best cost 142.071 + 3646.2 = 3788.27 over 634 frames.
20030004_622 کو چڑچڑے میدان بکھیرنے کرے بلغم رسیدہ ہیڈکوارٹر میں سے گزرے 
LOG (lattice-best-path[5.5.907~1-cbed4]:main():lattice-best-path.cc:99) For utterance 20030004_623, best cost 97.2142 + 2923.74 = 3020.95 over 510 frames.
20030004_623 بہتر پیروکاروں منافعے سوئس کر عالیشان کیا 
LOG (lattice-best-path[5.5.907~1-cbed4]:main():lattice-best-path.cc:99) For utterance 20030004_624, best cost 146.583 + 4547.55 = 4694.14 over 768 frames.
20030004_624 موثر تنزلی کسی غوروخوض اور ازالہ کو بوجوہ کنسورشیم بشمول تھا 
LOG (lattice-best-path[5.5.907~1-cbed4]:main():lattice-best-path.cc:99) For utterance 20030004_625, best cost 134.629 + 4019.05 = 4153.68 over 717 frames.
20030004_625 لیدر نظریے کے بعد کی خریدے پروگریسیو بلکہ منگوا کے ہو گیا 
LOG (lattice-best-path[5.5.907~1-cbed4]:main():lattice-best-path.cc:99) For utterance 20030004_626, best cost 95.8592 + 2635.16 = 2731.01 over 463 frames.
20030004_626 لینڈ بجیں کیولری کیا تجوریاں اکھاڑ سمجھا 
LOG (lattice-best-path[5.5.907~1-cbed4]:main():lattice-best-path.cc:99) For utterance 20030004_627, best cost 125.493 + 3553.34 = 3678.83 over 610 frames.
20030004_627 فغاں غیرملکی نوگو کیا ویزے بڑھا غوروخوض دکھایا گیا 
LOG (lattice-best-path[5.5.907~1-cbed4]:main():lattice-best-path.cc:99) For utterance 20030004_628, best cost 148.259 + 4046.86 = 4195.12 over 710 frames.
20030004_628 دیوبندی دکھنے بنانے کیلئے پٹھے ٹریبیونل نے فلو کی دھجیاں مغفور تھیں 
LOG (lattice-best-path[5.5.907~1-cbed4]:main():lattice-best-path.cc:99) For utterance 20030004_629, best cost 146.879 + 4376.07 = 4522.95 over 773 frames.
20030004_629 کے کے کے گوشہ واقعتاً میں کیلئے باذوق لیچی وغیرہ ہزار بھیج کر آیا 
LOG (lattice-best-path[5.5.907~1-cbed4]:main():lattice-best-path.cc:99) For utterance 20030004_630, best cost 151.751 + 3712.86 = 3864.61 over 661 frames.
20030004_630 پریوں گزارنے نشیب کے ساتھ نگاور بیچے بارے اچھل ضیغم بکھیر کیا 
LOG (lattice-best-path[5.5.907~1-cbed4]:main():lattice-best-path.cc:99) For utterance 20030004_631, best cost 177.362 + 5046.34 = 5223.71 over 905 frames.
20030004_631 سیدھے سیکھو لینڈ اور بے نیلوفر کے لیے فیبرکس بیچے توصیف سے ملک مچانے دیکھیں 
LOG (lattice-best-path[5.5.907~1-cbed4]:main():lattice-best-path.cc:99) For utterance 20030004_632, best cost 207.21 + 4894.28 = 5101.49 over 874 frames.
20030004_632 عزیز اعلان اقدامات کے بوریت کی بچے چوروں اور بیڑیاں بھجوا پرہجوم اور سوئی چھوئیں بغیر بیٹھی 
LOG (lattice-best-path[5.5.907~1-cbed4]:main():lattice-best-path.cc:99) For utterance 20030004_633, best cost 167.001 + 4696.21 = 4863.21 over 822 frames.
20030004_633 پریذیڈنٹ لگانے تحیر کے یونیورسٹی کرتی سوکھی کا سے سیسے بولنگ کیلئے کیجیے 
LOG (lattice-best-path[5.5.907~1-cbed4]:main():lattice-best-path.cc:99) For utterance 20030004_634, best cost 133.901 + 3784.96 = 3918.87 over 680 frames.
20030004_634 کمشنر جیسے شنید اسہال کے لیے ضروریات کے نخوت ریکارڈ کیا 
LOG (lattice-best-path[5.5.907~1-cbed4]:main():lattice-best-path.cc:99) For utterance 20030004_635, best cost 133.344 + 3880.62 = 4013.97 over 684 frames.
20030004_635 خاص میں بلوچی کی کلاں پروگریسیو پارلیمنٹرین یا سے سزا کریں 
LOG (lattice-best-path[5.5.907~1-cbed4]:main():lattice-best-path.cc:99) For utterance 20030004_636, best cost 142.874 + 3721.05 = 3863.92 over 677 frames.
20030004_636 گومگو خشوع نے کی جوبلی خدشہ ہونے سے سوچا کا دوبارہ غدودوں 
LOG (lattice-best-path[5.5.907~1-cbed4]:main():lattice-best-path.cc:99) For utterance 20030004_637, best cost 124.264 + 3601.46 = 3725.72 over 652 frames.
20030004_637 خان کے سماوی کو بدچلنی لاہوری کی خبر سے مووایبل ہوئی 
LOG (lattice-best-path[5.5.907~1-cbed4]:main():lattice-best-path.cc:99) For utterance 20030004_638, best cost 152.105 + 4101.76 = 4253.86 over 709 frames.
20030004_638 کالجوں گجراتی شیلٹر جانے کو اثرورسوخ کوٹھی کوٹھڑی کے بلا سے چیچن 
LOG (lattice-best-path[5.5.907~1-cbed4]:main():lattice-best-path.cc:99) For utterance 20030004_639, best cost 152.105 + 4344.6 = 4496.7 over 768 frames.
20030004_639 ہیڈکوارٹر کی بکھیر سے تجویز فلسفے ماحول کے کو ہراساں سے درخور سکتیں 
LOG (lattice-best-path[5.5.907~1-cbed4]:main():lattice-best-path.cc:99) For utterance 20030004_640, best cost 153.679 + 4342.58 = 4496.26 over 768 frames.
20030004_640 چکے یونیورسٹی یادیں سہیلی کی صیغہ سے پیشوا لاکھا کھجوریں ہو جاتا ہے 
LOG (lattice-best-path[5.5.907~1-cbed4]:main():lattice-best-path.cc:99) For utterance 20030004_641, best cost 120.391 + 3388.97 = 3509.36 over 601 frames.
20030004_641 اور انار اور بڑی شروع فوبیا جذبات سے ٹرانسپیرنسی کی ہے 
LOG (lattice-best-path[5.5.907~1-cbed4]:main():lattice-best-path.cc:99) For utterance 20030004_642, best cost 116.35 + 3249.67 = 3366.02 over 588 frames.
20030004_642 خفگی ہفتے میں جیسی کے گردش سے نفوذ کی اور کی 
LOG (lattice-best-path[5.5.907~1-cbed4]:main():lattice-best-path.cc:99) For utterance 20030004_643, best cost 126.912 + 3562.54 = 3689.45 over 626 frames.
20030004_643 توازن خبریں متفقہ جیسے نبھائیں اور دوغلا سے زندگی کریں 
LOG (lattice-best-path[5.5.907~1-cbed4]:main():lattice-best-path.cc:99) For utterance 20030004_644, best cost 145.66 + 4324.09 = 4469.75 over 753 frames.
20030004_644 انجنیئر چھیڑنے بورڈ کروائیں وزراء مچھلی کے سنگھار سے نے لگا ہے 
LOG (lattice-best-path[5.5.907~1-cbed4]:main():lattice-best-path.cc:99) For utterance 20030004_645, best cost 137.347 + 3912.35 = 4049.7 over 687 frames.
20030004_645 نے بغیر کے سے گذر کے صاحب سورما سرگرمیوں کی آشنا کی ہیں 
LOG (lattice-best-path[5.5.907~1-cbed4]:main():lattice-best-path.cc:99) For utterance 20030004_646, best cost 116.991 + 3782.28 = 3899.27 over 664 frames.
20030004_646 سالگرہ خصوصی اور جبری کے بعد راولا میں قرارداد کیا 
LOG (lattice-best-path[5.5.907~1-cbed4]:main():lattice-best-path.cc:99) For utterance 20030004_647, best cost 79.6779 + 2569.86 = 2649.54 over 439 frames.
20030004_647 باخبر کے اناسیواں جونیجو گردوغبار ہے 
LOG (lattice-best-path[5.5.907~1-cbed4]:main():lattice-best-path.cc:99) For utterance 20030004_648, best cost 102.319 + 2995.25 = 3097.57 over 531 frames.
20030004_648 میلے میں دودھیا چاہتے باورچی کے لیے کروا تھا 
LOG (lattice-best-path[5.5.907~1-cbed4]:main():lattice-best-path.cc:99) For utterance 20030004_649, best cost 100.917 + 3295.41 = 3396.33 over 582 frames.
20030004_649 کو اور انحصار کے بیٹھی دھماکہ آمدنی لگا ہے 
LOG (lattice-best-path[5.5.907~1-cbed4]:main():lattice-best-path.cc:99) For utterance 20030004_650, best cost 131.41 + 3933.33 = 4064.74 over 690 frames.
20030004_650 تجزیے تبدیلی سینئر اور سامعین کی مخیر لیاقت آہستہ کے ساتھ ہے 
LOG (lattice-best-path[5.5.907~1-cbed4]:main():lattice-best-path.cc:99) For utterance 20030004_651, best cost 120.044 + 3769.83 = 3889.87 over 679 frames.
20030004_651 کھولو گیلری میں جوگی کو لیبارٹری ہونے سے دلسوزی تھیں 
LOG (lattice-best-path[5.5.907~1-cbed4]:main():lattice-best-path.cc:99) For utterance 20030004_652, best cost 143.165 + 4445.43 = 4588.6 over 801 frames.
20030004_652 پرویا کیجیے کمینگی تولید اور بنولہ میں کچوکے سدھو تعاقب کی 
LOG (lattice-best-path[5.5.907~1-cbed4]:main():lattice-best-path.cc:99) For utterance 20030004_653, best cost 131.037 + 3898.74 = 4029.78 over 694 frames.
20030004_653 ابرار لیس کسی سنگل قرضے کیلئے جدید سائیکل کروموسوم 
LOG (lattice-best-path[5.5.907~1-cbed4]:main():lattice-best-path.cc:99) For utterance 20030004_654, best cost 137.302 + 3933.02 = 4070.32 over 694 frames.
20030004_654 کنیئرڈ اشخاص ایسی پیشکشوں ہے اور بےعزتی اور سے لیبارٹری صعوبتیں 
LOG (lattice-best-path[5.5.907~1-cbed4]:main():lattice-best-path.cc:99) For utterance 20030004_655, best cost 99.1532 + 2743.96 = 2843.11 over 493 frames.
20030004_655 نانگا شیرے چھائی کوارڈینیٹر بجھائی خواہش ہیں 
LOG (lattice-best-path[5.5.907~1-cbed4]:main():lattice-best-path.cc:99) For utterance 20030004_656, best cost 148.255 + 4163.47 = 4311.72 over 744 frames.
20030004_656 بے سے سمجھی پروفیسر مزے کی بیگج حوصلہ جوار بے بھیس کریں 
LOG (lattice-best-path[5.5.907~1-cbed4]:main():lattice-best-path.cc:99) For utterance 20030004_657, best cost 97.536 + 3030.75 = 3128.28 over 545 frames.
20030004_657 فاخرہ ہنسیں کے کے فرخندہ کی ہمسفر نہیں 
LOG (lattice-best-path[5.5.907~1-cbed4]:main():lattice-best-path.cc:99) For utterance 20030004_658, best cost 91.6489 + 2952.6 = 3044.25 over 505 frames.
20030004_658 لینڈ اور کرنے والے بیس کے بعد سے گزارنے 
LOG (lattice-best-path[5.5.907~1-cbed4]:main():lattice-best-path.cc:99) For utterance 20030004_659, best cost 143.143 + 4478.81 = 4621.95 over 796 frames.
20030004_659 مٹیں موقر بچائیں اور تھوڑی بطخوں غوروخوض کے بعد بویا دسویں 
LOG (lattice-best-path[5.5.907~1-cbed4]:main():lattice-best-path.cc:99) For utterance 20030004_660, best cost 82.0664 + 2352.27 = 2434.34 over 406 frames.
20030004_660 وگرنہ کے برخلاف اسلامی نہیں دوسرا 
LOG (lattice-best-path[5.5.907~1-cbed4]:main():lattice-best-path.cc:99) For utterance 20030004_661, best cost 103.418 + 2911.64 = 3015.06 over 513 frames.
20030004_661 اضافے نے کیلئے بچّو پر دھماکہ اداکاراؤں بنائیں 
LOG (lattice-best-path[5.5.907~1-cbed4]:main():lattice-best-path.cc:99) For utterance 20030004_662, best cost 111.208 + 3144.22 = 3255.43 over 549 frames.
20030004_662 کر پنجروں کے راجیہ چلے بسیار کی تشبیہ کی کریں 
LOG (lattice-best-path[5.5.907~1-cbed4]:main():lattice-best-path.cc:99) For utterance 20030004_663, best cost 132.22 + 3754.57 = 3886.79 over 658 frames.
20030004_663 کے منیجر مچانے مقابلوں کوٹھیاں ساتھی قبیلے کی دبیز بخوبی 
LOG (lattice-best-path[5.5.907~1-cbed4]:main():lattice-best-path.cc:99) For utterance 20030004_664, best cost 153.146 + 4280.13 = 4433.28 over 744 frames.
20030004_664 سیاسی کارخیر ریاض میں بینات وزیراعلی سورما ٹریجڈی روپے کھڑے ہو گئیں 
LOG (lattice-best-path[5.5.907~1-cbed4]:main():lattice-best-path.cc:99) For utterance 20030004_665, best cost 119.447 + 3301.45 = 3420.89 over 587 frames.
20030004_665 فیصلے ہزار حادثے سے بغیر چینی تو خوشبو کے ہوا 
LOG (lattice-best-path[5.5.907~1-cbed4]:main():lattice-best-path.cc:99) For utterance 20030004_666, best cost 95.9389 + 2837.61 = 2933.55 over 480 frames.
20030004_666 بروز ایلوویرا بیچلر بڑھاوا اخوندزادہ غیرضروری 
LOG (lattice-best-path[5.5.907~1-cbed4]:main():lattice-best-path.cc:99) For utterance 20030004_667, best cost 103.375 + 3123.75 = 3227.12 over 558 frames.
20030004_667 پہلی ٹھیکیدار سے جھنڈے ہو سے پیچوٹری موسم 
LOG (lattice-best-path[5.5.907~1-cbed4]:main():lattice-best-path.cc:99) For utterance 20030004_668, best cost 141.196 + 4372.78 = 4513.97 over 777 frames.
20030004_668 سٹوڈیوز میں کے کمرے میں کو بنیں کلاشنکوفیں جھائیاں نااہلیت سے جانے کیا 
LOG (lattice-best-path[5.5.907~1-cbed4]:main():lattice-best-path.cc:99) For utterance 20030004_669, best cost 115.999 + 3042.24 = 3158.24 over 543 frames.
20030004_669 اور خزانہ فروغ ویڈیوز اس کے لیے سے روڈ نہیں کیا 
LOG (lattice-best-path[5.5.907~1-cbed4]:main():lattice-best-path.cc:99) For utterance 20030004_670, best cost 88.9229 + 2894.89 = 2983.82 over 512 frames.
20030004_670 رازق عالیشان میں دیکھے سربراہ گردوغبار 
LOG (lattice-best-path[5.5.907~1-cbed4]:main():lattice-best-path.cc:99) For utterance 20030004_671, best cost 180.963 + 4885.86 = 5066.83 over 872 frames.
20030004_671 وحشی سے پہلے سوسائٹی گڑیا میں بحثوں اور ظہور کے سکول جوبلی میں بوجھ یہ جاؤ 
LOG (lattice-best-path[5.5.907~1-cbed4]:main():lattice-best-path.cc:99) For utterance 20030004_672, best cost 133.005 + 3749.26 = 3882.27 over 652 frames.
20030004_672 کے کرنے کے شو سزائیں تفرقہ بزرگوار اور صدر کے واویلا ہے 
LOG (lattice-best-path[5.5.907~1-cbed4]:main():lattice-best-path.cc:99) For utterance 20030004_673, best cost 110.278 + 2996.28 = 3106.56 over 536 frames.
20030004_673 پڑھائی کے جاگنگ وعدے ہوے جو سنگھاسن کیلئے کر لائے 
LOG (lattice-best-path[5.5.907~1-cbed4]:main():lattice-best-path.cc:99) For utterance 20030004_674, best cost 141.909 + 3778.7 = 3920.61 over 656 frames.
20030004_674 مچولی پَلوں میں بالاخر چرانے کر سنبھال انہیں حوصلے کی کوشش کی 
LOG (lattice-best-path[5.5.907~1-cbed4]:main():lattice-best-path.cc:99) For utterance 20030004_675, best cost 85.838 + 2840.34 = 2926.18 over 501 frames.
20030004_675 فائربریگیڈ کے پر سوچے تغافل براؤزر 
LOG (lattice-best-path[5.5.907~1-cbed4]:main():lattice-best-path.cc:99) For utterance 20030004_676, best cost 139.068 + 3614.98 = 3754.05 over 617 frames.
20030004_676 پتھری رہائشی سے زندگی جعفری زوال نے تنگدستی جھگڑے ترقی دی 
LOG (lattice-best-path[5.5.907~1-cbed4]:main():lattice-best-path.cc:99) For utterance 20030004_677, best cost 158.175 + 4491.38 = 4649.56 over 794 frames.
20030004_677 انسانیت کی گگلی ہوئی مگر بعدازاں موسم پولیو برطانوی بوریت سے پہلے 
LOG (lattice-best-path[5.5.907~1-cbed4]:main():lattice-best-path.cc:99) For utterance 20030004_678, best cost 156.59 + 4907.84 = 5064.43 over 870 frames.
20030004_678 سینما خسارے حفاظت والوں سے چرانے کیلئے پروجیکٹ جیسے میں شیشے کریں 
LOG (lattice-best-path[5.5.907~1-cbed4]:main():lattice-best-path.cc:99) For utterance 20030004_679, best cost 97.0024 + 2820.78 = 2917.78 over 496 frames.
20030004_679 تھوڑی اور کیلئے پیچیدہ بعدازاں گردیزی سے پوچھیں 
LOG (lattice-best-path[5.5.907~1-cbed4]:main():lattice-best-path.cc:99) For utterance 20030004_680, best cost 125.125 + 4292.33 = 4417.45 over 764 frames.
20030004_680 چوہیا جوائنٹ ریگولر کو زلیخا پروگریسیو میں علاوہ جاتا ہے 
LOG (lattice-best-path[5.5.907~1-cbed4]:main():lattice-best-path.cc:99) For utterance 20030004_681, best cost 149.857 + 3863.47 = 4013.32 over 688 frames.
20030004_681 بردار جشن دیش ہوتے ہیڈکوارٹر سوئی کھولو پر پیچیدہ پر صوفیہ 
LOG (lattice-best-path[5.5.907~1-cbed4]:main():lattice-best-path.cc:99) For utterance 20030004_682, best cost 139.105 + 3699.74 = 3838.85 over 656 frames.
20030004_682 بیہوش والے کی بیوروکریٹس ریحانہ خواجہ کروا سے دوبھر معلوم کی 
LOG (lattice-best-path[5.5.907~1-cbed4]:main():lattice-best-path.cc:99) For utterance 20030004_683, best cost 99.7958 + 3385.61 = 3485.41 over 605 frames.
20030004_683 زیراستعمال ہیجڑوں تفنن ڈیلیوری کے سینیٹ کریں 
LOG (lattice-best-path[5.5.907~1-cbed4]:main():lattice-best-path.cc:99) For utterance 20030004_684, best cost 128.438 + 4159.39 = 4287.83 over 758 frames.
20030004_684 مغربی خوگر اور پینسٹھ کے کیونکہ معیوب یادیں انتقال 
LOG (lattice-best-path[5.5.907~1-cbed4]:main():lattice-best-path.cc:99) For utterance 20030004_685, best cost 102.732 + 2769.77 = 2872.51 over 489 frames.
20030004_685 دوغلا حوصلے نیچے بخشے سے کا مسئلہ بدلو 
LOG (lattice-best-path[5.5.907~1-cbed4]:main():lattice-best-path.cc:99) For utterance 20030004_686, best cost 125.317 + 3092.28 = 3217.6 over 543 frames.
20030004_686 سفیدے کے سدباب پیشن سے دنیاوی میں سزا خوشہ پوچھوں 
LOG (lattice-best-path[5.5.907~1-cbed4]:main():lattice-best-path.cc:99) For utterance 20030004_687, best cost 167.854 + 4524.11 = 4691.97 over 796 frames.
20030004_687 سوویں سے بدسلوکی سے بانہیں کھولے دوم دوبارہ سے کی ماہوار دوچار مہجور کریں 
LOG (lattice-best-path[5.5.907~1-cbed4]:main():lattice-best-path.cc:99) For utterance 20030004_688, best cost 182.643 + 4714.55 = 4897.19 over 831 frames.
20030004_688 فقیر کی چادر ہچکچاہٹ سنچری یا غذاؤں اور دیسی کیلئے میں ایہام کے پرخچے باغیچہ 
LOG (lattice-best-path[5.5.907~1-cbed4]:main():lattice-best-path.cc:99) For utterance 20030004_689, best cost 161.057 + 3695.27 = 3856.33 over 645 frames.
20030004_689 بوجھ اور کو بڑی جیسے کی راجیہ جنگجو بنائیں اور سوزوکی سے کچلا پرچھائیں 
LOG (lattice-best-path[5.5.907~1-cbed4]:main():lattice-best-path.cc:99) For utterance 20030004_690, best cost 117.793 + 2567.14 = 2684.93 over 467 frames.
20030004_690 یہ پھلیاں نہ پڑھائی ٹشو لے کوچوان رہی جاتا 
LOG (lattice-best-path[5.5.907~1-cbed4]:main():lattice-best-path.cc:99) For utterance 20030004_691, best cost 155.714 + 4464.31 = 4620.02 over 808 frames.
20030004_691 کیسی کے دلجوئی کیا تاجور جوڑیاں اور ہنسیں مذاکرات میراں محفوظ کی 
LOG (lattice-best-path[5.5.907~1-cbed4]:main():lattice-best-path.cc:99) For utterance 20030004_692, best cost 145.308 + 3676.41 = 3821.72 over 657 frames.
20030004_692 بدشگونی سامنے کہا کے میں سے مظہر محنت گاڑی کے گرویدہ دیتے ہیں 
LOG (lattice-best-path[5.5.907~1-cbed4]:main():lattice-best-path.cc:99) For utterance 20030004_693, best cost 118.81 + 3720.44 = 3839.25 over 673 frames.
20030004_693 مینیجمنٹ کے جوئیہ سے کا کے مہاجر بنا ڈرامہ دو 
LOG (lattice-best-path[5.5.907~1-cbed4]:main():lattice-best-path.cc:99) For utterance 20030004_694, best cost 157.594 + 3495.58 = 3653.18 over 604 frames.
20030004_694 طرفین کاجو لاشیں شائد خزانہ گود بیچے اور سے نیچا کوچوان بنائیں 
LOG (lattice-best-path[5.5.907~1-cbed4]:main():lattice-best-path.cc:99) For utterance 20030004_695, best cost 131.508 + 3436.03 = 3567.53 over 606 frames.
20030004_695 کوئی کے جانے کچلے جانے کو کاروبار کی جنگوں پانی میں الجھا 
LOG (lattice-best-path[5.5.907~1-cbed4]:main():lattice-best-path.cc:99) For utterance 20030004_696, best cost 140.287 + 3560.12 = 3700.4 over 617 frames.
20030004_696 تشخص کے کیا میں زیور بیضوی مسوڑوں کے بنانے کیلئے ہرادھنیا جرگہ 
LOG (lattice-best-path[5.5.907~1-cbed4]:main():lattice-best-path.cc:99) For utterance 20030004_697, best cost 90.1144 + 2806.22 = 2896.33 over 492 frames.
20030004_697 بٹورتا سے سینٹر ویجز انجنیئر کا ہو گا 
LOG (lattice-best-path[5.5.907~1-cbed4]:main():lattice-best-path.cc:99) For utterance 20030004_698, best cost 116.616 + 2655.71 = 2772.32 over 474 frames.
20030004_698 باران ذادہ دھوبی سے شکار بااثر جائزہ لینے لگا 
LOG (lattice-best-path[5.5.907~1-cbed4]:main():lattice-best-path.cc:99) For utterance 20030004_699, best cost 128.966 + 3432.35 = 3561.31 over 596 frames.
20030004_699 نجات کے کی چغتائی چینی بجائے کے غیریقینی غیرملکی بلاسوچے 
LOG (lattice-best-path[5.5.907~1-cbed4]:main():lattice-best-path.cc:99) For utterance 20030004_700, best cost 123.16 + 3075.27 = 3198.43 over 540 frames.
20030004_700 گوجر کو کی اپیلیں تغافل کیسوں کیچڑ کر خصوصا کو 
LOG (lattice-best-path[5.5.907~1-cbed4]:main():lattice-best-path.cc:99) For utterance 20030004_701, best cost 138.031 + 3591.97 = 3730 over 617 frames.
20030004_701 مظلام گناہوں بےعزتی دھماکہ کی سے بالاخر مجذوب کو کو سمجھائیں 
LOG (lattice-best-path[5.5.907~1-cbed4]:main():lattice-best-path.cc:99) For utterance 20030004_702, best cost 108.625 + 2842.74 = 2951.36 over 513 frames.
20030004_702 غیر فیصلہ خوگر کلومیٹر کے فشار اولاد بخشے 
LOG (lattice-best-path[5.5.907~1-cbed4]:main():lattice-best-path.cc:99) For utterance 20030004_703, best cost 104.63 + 2817.4 = 2922.03 over 504 frames.
20030004_703 غیرت جیسے کلیدی جھینگے کیوڑہ خوارزمی ہوتا 
LOG (lattice-best-path[5.5.907~1-cbed4]:main():lattice-best-path.cc:99) For utterance 20030004_704, best cost 129.778 + 4211.72 = 4341.5 over 762 frames.
20030004_704 چغتائی کی سیکشن مطالعہ زاید کے انظباتی علاوہ پروسیسر 
LOG (lattice-best-path[5.5.907~1-cbed4]:main():lattice-best-path.cc:99) For utterance 20030004_705, best cost 122.616 + 3318.46 = 3441.07 over 586 frames.
20030004_705 باجرہ کا بنائی مبین بازیچہ پڑا پرفارمنس سے بڑی 
LOG (lattice-best-path[5.5.907~1-cbed4]:main():lattice-best-path.cc:99) For utterance 20030004_706, best cost 91.9247 + 2428.72 = 2520.65 over 434 frames.
20030004_706 بیساکھی بیضے جھانکنے دکھی دماغی چوم 
LOG (lattice-best-path[5.5.907~1-cbed4]:main():lattice-best-path.cc:99) For utterance 20030004_707, best cost 88.2273 + 2646.9 = 2735.13 over 479 frames.
20030004_707 ماضی دہرایا تو لائبریری نگرانی نہ کریں 
LOG (lattice-best-path[5.5.907~1-cbed4]:main():lattice-best-path.cc:99) For utterance 20030004_708, best cost 154.025 + 3618.79 = 3772.82 over 653 frames.
20030004_708 جنگ جھرنے سے پہلے گرنے مجھے کچھوا رسیدہ طریقہ اور مشق سمجھائیں 
LOG (lattice-best-path[5.5.907~1-cbed4]:main():lattice-best-path.cc:99) For utterance 20030005_601, best cost 221.34 + 8224.3 = 8445.64 over 1496 frames.
20030005_601 محور زیادہ پوشیدہ امیگریشن لیبر جیلانی لہجے خوگر امور کے پریوں کو قبول گھنیری 
LOG (lattice-best-path[5.5.907~1-cbed4]:main():lattice-best-path.cc:99) For utterance 20030005_602, best cost 303.768 + 11328 = 11631.8 over 2091 frames.
20030005_602 بالواسطہ ڈیم کیا خوفوں اور کیلئے پرکھے اور پڑھائی ہیلو بن تفتیشی بالغوں نجات کے کو پنجرے پر میں کی شیلٹر سے کالجوں ہے 
LOG (lattice-best-path[5.5.907~1-cbed4]:main():lattice-best-path.cc:99) For utterance 20030005_603, best cost 228.239 + 8478.06 = 8706.3 over 1534 frames.
20030005_603 شاہنواز فولڈر اور نزلے کے بڑھا سے کے طرزعمل پر اٹھاؤ تربیتی نے پیشکشوں برقرار بیچلر کیا 
LOG (lattice-best-path[5.5.907~1-cbed4]:main():lattice-best-path.cc:99) For utterance 20030005_604, best cost 212.189 + 8645.52 = 8857.7 over 1617 frames.
20030005_604 سندھی میں راہگیر کے گاؤں دیگر بڑھئی کو کہا فیس تو ترچھا ہے کہ استغنا کے اٹھائے 
LOG (lattice-best-path[5.5.907~1-cbed4]:main():lattice-best-path.cc:99) For utterance 20030005_605, best cost 132.019 + 4207.86 = 4339.88 over 734 frames.
20030005_605 فولڈر شوربہ ہجران کیلئے شیم میں کوارڈینیٹر داخل بااللہ 
LOG (lattice-best-path[5.5.907~1-cbed4]:main():lattice-best-path.cc:99) For utterance 20030005_606, best cost 155.485 + 5922.86 = 6078.34 over 1080 frames.
20030005_606 نہیں کے بنانے معلومات سے کی پیچیدگیوں کے تغافل کی بڑی وزیر ہیں 
LOG (lattice-best-path[5.5.907~1-cbed4]:main():lattice-best-path.cc:99) For utterance 20030005_607, best cost 118.377 + 4139.07 = 4257.45 over 747 frames.
20030005_607 بحیثیت کی وفاقی زیورات گھمبیر نہ بنائی جائے 
LOG (lattice-best-path[5.5.907~1-cbed4]:main():lattice-best-path.cc:99) For utterance 20030005_608, best cost 177.139 + 6086.41 = 6263.54 over 1112 frames.
20030005_608 کو کے کے ڈوڈیاں مرتب کو خورشید کا درد چون جائیں کے مجرم کو ہو گی 
LOG (lattice-best-path[5.5.907~1-cbed4]:main():lattice-best-path.cc:99) For utterance 20030005_609, best cost 208.359 + 7994.13 = 8202.49 over 1464 frames.
20030005_609 پبلشنگ میں معلم ادغام اور معاشرے اس تو میں نکالیں اور فیصلوں کے شوربہ توصیف یا کیا 
LOG (lattice-best-path[5.5.907~1-cbed4]:main():lattice-best-path.cc:99) For utterance 20030005_610, best cost 172.29 + 6720.7 = 6892.99 over 1188 frames.
20030005_610 مواصلات پہلے تشہیر قارئین ڈیویلپمنٹ بگاڑنے چیریٹی کر سے فوقیت احساس ہے 
LOG (lattice-best-path[5.5.907~1-cbed4]:main():lattice-best-path.cc:99) For utterance 20030005_611, best cost 212.638 + 7661.8 = 7874.43 over 1425 frames.
20030005_611 کھوسٹ پہنے بھی نانگا فورس کرنے سیدھے دواؤں کو بڑا زوردار کی بھون کے ساتھ چلے 
LOG (lattice-best-path[5.5.907~1-cbed4]:main():lattice-best-path.cc:99) For utterance 20030005_612, best cost 175.846 + 6986.49 = 7162.34 over 1246 frames.
20030005_612 قیدیوں کیلئے ورزش سے راہو رانجھا شفاعت کو خاوند کی لینگویج باجوہ ہیں 
LOG (lattice-best-path[5.5.907~1-cbed4]:main():lattice-best-path.cc:99) For utterance 20030005_613, best cost 127.91 + 4744.46 = 4872.37 over 836 frames.
20030005_613 کلراٹھی بوگس اور چہل کو ریشمی بھی میں پر بنایا 
LOG (lattice-best-path[5.5.907~1-cbed4]:main():lattice-best-path.cc:99) For utterance 20030005_614, best cost 144.07 + 5130.5 = 5274.57 over 932 frames.
20030005_614 باغوں فیڈریشن شعلوں کے کاروائیوں کے ساتھ سنور کے بغیر سمجھو آیا 
LOG (lattice-best-path[5.5.907~1-cbed4]:main():lattice-best-path.cc:99) For utterance 20030005_615, best cost 203.827 + 9463.8 = 9667.63 over 1726 frames.
20030005_615 غیردانشمندانہ دینے لیچی اور موئسچرائزنگ روزبروز کرتے ہوئے جوڑے خوان کی دلجوئی میں اور اڑایا 
LOG (lattice-best-path[5.5.907~1-cbed4]:main():lattice-best-path.cc:99) For utterance 20030005_616, best cost 242.588 + 8502.21 = 8744.8 over 1496 frames.
20030005_616 تاجور اور ہیڈ میں سونگ اور ورژن کو فوجی عرضداشت کر کیسی کا خصوصی کی میں اضافہ کا لگا کر آیا 
LOG (lattice-best-path[5.5.907~1-cbed4]:main():lattice-best-path.cc:99) For utterance 20030005_617, best cost 167.553 + 6539.92 = 6707.47 over 1182 frames.
20030005_617 تھانیدار ٹیڑھے سوکھنے گوشوں میں کھیلوں کو ہودہ دیکھا کر فنانس میں لگا 
LOG (lattice-best-path[5.5.907~1-cbed4]:main():lattice-best-path.cc:99) For utterance 20030005_618, best cost 185.752 + 6132.81 = 6318.56 over 1099 frames.
20030005_618 کھاؤں کے بدلے سے گوشہ مرچوں والے کا کھڑے ہزارویں لیموں کے بعد کالجز لایا 
LOG (lattice-best-path[5.5.907~1-cbed4]:main():lattice-best-path.cc:99) For utterance 20030005_619, best cost 132.088 + 4733.72 = 4865.81 over 868 frames.
20030005_619 تبدیلی دوشیزہ مرغا بیعانہ کر میں کی جوبلی نتیجے ہیں 
LOG (lattice-best-path[5.5.907~1-cbed4]:main():lattice-best-path.cc:99) For utterance 20030005_620, best cost 231.969 + 9327.75 = 9559.72 over 1764 frames.
20030005_620 شیعہ میں جھولوں کے بولوں کو گروہوں میں سوراخ اور کیلئے موقعوں پر اور زور شاخوں کی جایا کیں 
LOG (lattice-best-path[5.5.907~1-cbed4]:main():lattice-best-path.cc:99) For utterance 20030005_621, best cost 206.943 + 7392.88 = 7599.82 over 1336 frames.
20030005_621 مجلس حاشیے میں رپورٹ کر مرچیں کے مزین میتھی بوگس اور جاتی آرزوئیں میں پہلوٹھی 
LOG (lattice-best-path[5.5.907~1-cbed4]:main():lattice-best-path.cc:99) For utterance 20030005_622, best cost 202.216 + 7953.35 = 8155.57 over 1476 frames.
20030005_622 کو کیچڑ میں میں لاہوری گدے دیکھ کر دیگر مرثیے بھیڑوں پالمر نے سے گردیزی 
LOG (lattice-best-path[5.5.907~1-cbed4]:main():lattice-best-path.cc:99) For utterance 20030005_623, best cost 145.576 + 6447.02 = 6592.6 over 1188 frames.
20030005_623 ڈرائینگ ڈیم درآمدات آشوب بروز کا مہنگائی مشائخ لیا 
LOG (lattice-best-path[5.5.907~1-cbed4]:main():lattice-best-path.cc:99) For utterance 20030005_624, best cost 230.082 + 7896.11 = 8126.19 over 1412 frames.
20030005_624 مفاد سے کے نرخوں میں کیلئے سنگین اور فارسی اور سوا غفور حدود کے امیگریشن کے لیے ممد چڑوں تھا 
LOG (lattice-best-path[5.5.907~1-cbed4]:main():lattice-best-path.cc:99) For utterance 20030005_625, best cost 178.941 + 6989.12 = 7168.06 over 1252 frames.
20030005_625 یوروپیئن ظاہر کیا میواتی گدڑی لے کر باؤنڈری سینئر کے واقع کھویا 
LOG (lattice-best-path[5.5.907~1-cbed4]:main():lattice-best-path.cc:99) For utterance 20030005_626, best cost 132.875 + 4421.55 = 4554.43 over 817 frames.
20030005_626 لینڈ بجیں کو ملی کھایا بوئنگ کی علاوہ سمجھا 
LOG (lattice-best-path[5.5.907~1-cbed4]:main():lattice-best-path.cc:99) For utterance 20030005_627, best cost 146.014 + 5913.33 = 6059.35 over 1073 frames.
20030005_627 سے کا یرغمال کے وزیراعلی میں سے بوڑھوں کے کوسوں میں اٹھایا 
LOG (lattice-best-path[5.5.907~1-cbed4]:main():lattice-best-path.cc:99) For utterance 20030005_628, best cost 177.022 + 6450.23 = 6627.25 over 1182 frames.
20030005_628 گوہر کی ترمیم بنانے کیلئے پٹھے ٹریبیونل نے سیونگ کی ہمشیرہ مفلوج تھیں 
LOG (lattice-best-path[5.5.907~1-cbed4]:main():lattice-best-path.cc:99) For utterance 20030005_629, best cost 214.298 + 8137.96 = 8352.25 over 1476 frames.
20030005_629 شیڈ کیلئے کے گوشے والوں کے مورخہ میں فی قصوروار کرنے میں مڈھوں کا رضا بھیج کر آیا 
LOG (lattice-best-path[5.5.907~1-cbed4]:main():lattice-best-path.cc:99) For utterance 20030005_630, best cost 190.997 + 7950.88 = 8141.88 over 1457 frames.
20030005_630 کی غزلیں ماشے کے اشارہ میں آکر بیچے وائرل سن سروں بپھر کیا 
LOG (lattice-best-path[5.5.907~1-cbed4]:main():lattice-best-path.cc:99) For utterance 20030005_631, best cost 274.108 + 10424.1 = 10698.2 over 1912 frames.
20030005_631 سیلرز چیز کوئین بعد بیلٹ میں اضافہ کر کے فلڈ قفس بیچے تو قوس میں اسے مؤخر چھولے دیکھا ہے 
LOG (lattice-best-path[5.5.907~1-cbed4]:main():lattice-best-path.cc:99) For utterance 20030005_632, best cost 263.977 + 9488.01 = 9751.98 over 1758 frames.
20030005_632 قرضے تحصیلدار میں کہا کیا اور کی ابجد چوروں اور کیا بند جواب کر کھجوریں اور رسوائی چھولے بغیر بیٹھی 
LOG (lattice-best-path[5.5.907~1-cbed4]:main():lattice-best-path.cc:99) For utterance 20030005_633, best cost 221.831 + 9969.86 = 10191.7 over 1873 frames.
20030005_633 پرنم کے بعد کا میں تفویض کے لیے نیلگوں کھینچیں اور فیصلوں کی کونسل سوئنگ کیلئے کیجیے 
LOG (lattice-best-path[5.5.907~1-cbed4]:main():lattice-best-path.cc:99) For utterance 20030005_634, best cost 130.162 + 5319.65 = 5449.81 over 952 frames.
20030005_634 گلیشئر جشن تیزگام بیورو کامیاب کی مطالبے کر لائے 
LOG (lattice-best-path[5.5.907~1-cbed4]:main():lattice-best-path.cc:99) For utterance 20030005_635, best cost 184.478 + 7282.23 = 7466.7 over 1336 frames.
20030005_635 خاص مڈل کوچے کیوں کا نیگیٹو اور لنگر فرمائیں سیڈ میں سنوارا ہیں 
LOG (lattice-best-path[5.5.907~1-cbed4]:main():lattice-best-path.cc:99) For utterance 20030005_636, best cost 161.423 + 7272.61 = 7434.03 over 1361 frames.
20030005_636 کو اور خشوع مدح کی جھولے بادشاہ میں سے سوچا کا تو قصوروار 
LOG (lattice-best-path[5.5.907~1-cbed4]:main():lattice-best-path.cc:99) For utterance 20030005_637, best cost 189.819 + 7843.19 = 8033.01 over 1457 frames.
20030005_637 پہلوان اپنے استغاثہ میں کی کوشش کریں ڈھیلا موچی کی نرسیں موقر بیڑے ہوئی 
LOG (lattice-best-path[5.5.907~1-cbed4]:main():lattice-best-path.cc:99) For utterance 20030005_638, best cost 202.268 + 9706.39 = 9908.66 over 1828 frames.
20030005_638 کاجو گوجر کی شیڈول ڈرائینگ سے میں صورت اور تھوڑے کوٹھڑی کیا سے جان سے 
LOG (lattice-best-path[5.5.907~1-cbed4]:main():lattice-best-path.cc:99) For utterance 20030005_639, best cost 226.602 + 8003.24 = 8229.85 over 1432 frames.
20030005_639 پھنسی کے اختر کی دکھنے دل سے تنقیص کر سے کے محدود چیز ظاہر پر سموسے گوشے ہے 
LOG (lattice-best-path[5.5.907~1-cbed4]:main():lattice-best-path.cc:99) For utterance 20030005_640, best cost 202.243 + 7409.26 = 7611.51 over 1348 frames.
20030005_640 چوروں کیوں پر بیٹھی معیاری ذریعے کی سمیت کونسل کے شالا کا کچہری کونسلر آیا 
LOG (lattice-best-path[5.5.907~1-cbed4]:main():lattice-best-path.cc:99) For utterance 20030005_641, best cost 170.973 + 5946.21 = 6117.19 over 1054 frames.
20030005_641 پالمر اور گاڑی شے زلفوں کی آتشیں باقی دکھایا طرفین سے بھیجیں 
LOG (lattice-best-path[5.5.907~1-cbed4]:main():lattice-best-path.cc:99) For utterance 20030005_642, best cost 149.808 + 5803.45 = 5953.26 over 1041 frames.
20030005_642 حریفوں کے سسٹم ایجنسیز کے اوباش میں سے نفوذ کے خوان کی 
LOG (lattice-best-path[5.5.907~1-cbed4]:main():lattice-best-path.cc:99) For utterance 20030005_643, best cost 215.413 + 7237.06 = 7452.47 over 1310 frames.
20030005_643 تحفہ خالد سے مسخرے بانہیں بلاخوف پنجروں سے بہائیں اور اومیگا سے ضائع دریں ڈالنے 
LOG (lattice-best-path[5.5.907~1-cbed4]:main():lattice-best-path.cc:99) For utterance 20030005_644, best cost 211.876 + 8647.53 = 8859.41 over 1611 frames.
20030005_644 اچھے نہیں ہو چھیڑنے طور پر روئیں اور سربراہ بچی کی سن کر تنگ بڑھاوا کھیلیں 
LOG (lattice-best-path[5.5.907~1-cbed4]:main():lattice-best-path.cc:99) For utterance 20030005_645, best cost 172.753 + 5703.18 = 5875.94 over 1022 frames.
20030005_645 نیگیٹو انٹرفیس میں گذر کے ساڑھے بروز مظفر کر میں کی فحش ہتھیلی ہیں 
LOG (lattice-best-path[5.5.907~1-cbed4]:main():lattice-best-path.cc:99) For utterance 20030005_646, best cost 176.515 + 6342.09 = 6518.61 over 1156 frames.
20030005_646 سوئی ناخواندگی جوس میں اور چبھنے کے والا اور بڑا میں بڑھائیں ڈالنے کریں 
LOG (lattice-best-path[5.5.907~1-cbed4]:main():lattice-best-path.cc:99) For utterance 20030005_647, best cost 136.575 + 5697 = 5833.58 over 1067 frames.
20030005_647 باخبر کے فنانس لیتا گوہر چور کر بوڑھوں کر آیا 
LOG (lattice-best-path[5.5.907~1-cbed4]:main():lattice-best-path.cc:99) For utterance 20030005_648, best cost 127.245 + 5240.5 = 5367.74 over 990 frames.
20030005_648 میلے میں دودھیا کا تمغہ خودسر کیلئے کروا تھا 
LOG (lattice-best-path[5.5.907~1-cbed4]:main():lattice-best-path.cc:99) For utterance 20030005_649, best cost 146.962 + 5619.71 = 5766.67 over 1041 frames.
20030005_649 کو کو کو کمیونسٹ کر کے بانہیں کے بعد کا کا لیڈر لیا ہے 
LOG (lattice-best-path[5.5.907~1-cbed4]:main():lattice-best-path.cc:99) For utterance 20030005_650, best cost 190.241 + 7309.41 = 7499.65 over 1355 frames.
20030005_650 ہجے باران کی سینئر اور سرمایے رنگین والے تہیہ کیا عروج پر قضہ ہیں 
LOG (lattice-best-path[5.5.907~1-cbed4]:main():lattice-best-path.cc:99) For utterance 20030005_651, best cost 157.43 + 5989.28 = 6146.71 over 1131 frames.
20030005_651 کوئلے کی بیرونی منشیوں کی کھوکھلے گرہیں ہونے سے پہلے سوئمنگ تھیں 
LOG (lattice-best-path[5.5.907~1-cbed4]:main():lattice-best-path.cc:99) For utterance 20030005_652, best cost 196.158 + 8063.16 = 8259.32 over 1502 frames.
20030005_652 پرویا میں کیجیے کا میں اور لے کر پیروکار مینگل گھونٹ کی سکولوں پر اونچی 
LOG (lattice-best-path[5.5.907~1-cbed4]:main():lattice-best-path.cc:99) For utterance 20030005_653, best cost 173.36 + 6389.45 = 6562.81 over 1176 frames.
20030005_653 تلور بگاڑنے مرض قاسم زنگ بغیر ڈیلی کی کیجیے دارومدار کو ہوا 
LOG (lattice-best-path[5.5.907~1-cbed4]:main():lattice-best-path.cc:99) For utterance 20030005_654, best cost 188.737 + 7494.95 = 7683.69 over 1361 frames.
20030005_654 ٹھڈے اور دیش ہوسٹس کی برش یا چوکھٹ قونصلیٹ کے مرثیے کمیٹی نصیب لیا 
LOG (lattice-best-path[5.5.907~1-cbed4]:main():lattice-best-path.cc:99) For utterance 20030005_655, best cost 133.876 + 5526.38 = 5660.26 over 1022 frames.
20030005_655 ملغوبہ کی بچھانے اور قبیلے رپورٹ بچھانے تابش ہیں 
LOG (lattice-best-path[5.5.907~1-cbed4]:main():lattice-best-path.cc:99) For utterance 20030005_656, best cost 209.473 + 8888.41 = 9097.88 over 1668 frames.
20030005_656 بل سے سبزی تیروں ویڈنگ ایڈوائزری ہینگر بچائیں اور سونگ اور چوہان بھیج کر سازگار ہیں 
LOG (lattice-best-path[5.5.907~1-cbed4]:main():lattice-best-path.cc:99) For utterance 20030005_657, best cost 146.827 + 5935.46 = 6082.29 over 1099 frames.
20030005_657 کا گول پاسبان ضیغم کے افسردہ کی واضح منفرد نہیں 
LOG (lattice-best-path[5.5.907~1-cbed4]:main():lattice-best-path.cc:99) For utterance 20030005_658, best cost 122.662 + 5355.76 = 5478.43 over 1003 frames.
20030005_658 منظور کا میران بگٹی بے رزق کے بعد سے گزارنے 
LOG (lattice-best-path[5.5.907~1-cbed4]:main():lattice-best-path.cc:99) For utterance 20030005_659, best cost 191.678 + 7024.43 = 7216.11 over 1291 frames.
20030005_659 مورچے کو برقرار بچائیں اور ہوئی کا تمغوں غوروخوض کے بعد دھوئیں یا کر سوویں 
LOG (lattice-best-path[5.5.907~1-cbed4]:main():lattice-best-path.cc:99) For utterance 20030005_660, best cost 109.133 + 4194.17 = 4303.3 over 779 frames.
20030005_660 اور اور خان کے بعد کیا عضلات میں نہیں بسا 
LOG (lattice-best-path[5.5.907~1-cbed4]:main():lattice-best-path.cc:99) For utterance 20030005_661, best cost 136.357 + 6590.14 = 6726.5 over 1252 frames.
20030005_661 اضافہ لینے کے لیے بشمول پر حامل کا ڈالر بنایا 
LOG (lattice-best-path[5.5.907~1-cbed4]:main():lattice-best-path.cc:99) For utterance 20030005_662, best cost 157.274 + 5772.13 = 5929.4 over 1067 frames.
20030005_662 پٹھان شعلوں کی کامیاب چلیں کو سپاہیوں کی قریشی گرہیں بڑے ہے 
LOG (lattice-best-path[5.5.907~1-cbed4]:main():lattice-best-path.cc:99) For utterance 20030005_663, best cost 184.215 + 7342.09 = 7526.3 over 1336 frames.
20030005_663 کی ڈوریں جرگہ چاہے مطالعہ گنگولی کیا عرصہ کی دھوبی دیکھی تنقیص وقوف کی 
LOG (lattice-best-path[5.5.907~1-cbed4]:main():lattice-best-path.cc:99) For utterance 20030005_664, best cost 199.243 + 7379.34 = 7578.58 over 1316 frames.
20030005_664 پر آسیہ ٹھیکیدار اعظم میں تمناؤں قبیلے کا موضوع واگذار کیلئے کے گونگے کھڑے ہو گئی ہے 
LOG (lattice-best-path[5.5.907~1-cbed4]:main():lattice-best-path.cc:99) For utterance 20030005_665, best cost 121.025 + 4345.75 = 4466.78 over 779 frames.
20030005_665 خیرخواہ سانحوں والی سے سے ترچھی مہاجر بحیرہ 
LOG (lattice-best-path[5.5.907~1-cbed4]:main():lattice-best-path.cc:99) For utterance 20030005_666, best cost 158.896 + 5842.25 = 6001.15 over 1073 frames.
20030005_666 بوئنگ سے پورے اور ذوالجلال پراٹھا کا تو مسئلہ خیر سے بولے 
LOG (lattice-best-path[5.5.907~1-cbed4]:main():lattice-best-path.cc:99) For utterance 20030005_667, best cost 152.956 + 6980.69 = 7133.65 over 1323 frames.
20030005_667 دہلی بے کے گاڑھا سے اچنبھے دوسرے کی گگلی بریفنگ ہوئی 
LOG (lattice-best-path[5.5.907~1-cbed4]:main():lattice-best-path.cc:99) For utterance 20030005_668, best cost 201.532 + 8186.79 = 8388.32 over 1489 frames.
20030005_668 سنئے زور کی کے گلریز میں خوگر غرارے جھالر کا کچلا پگڑیاں کی سے سے لگا 
LOG (lattice-best-path[5.5.907~1-cbed4]:main():lattice-best-path.cc:99) For utterance 20030005_669, best cost 137.453 + 6080.32 = 6217.77 over 1112 frames.
20030005_669 اور خوفزدہ منفعت دوڑانے ویڈیوز کر کیلئے غیرضروری کیا 
LOG (lattice-best-path[5.5.907~1-cbed4]:main():lattice-best-path.cc:99) For utterance 20030005_670, best cost 120.484 + 5657.73 = 5778.21 over 1035 frames.
20030005_670 فوبیا آمیزش راہگیر کے ساتھ بھولا بھگوڑوں کا کرو 
LOG (lattice-best-path[5.5.907~1-cbed4]:main():lattice-best-path.cc:99) For utterance 20030005_671, best cost 217.472 + 7512.12 = 7729.59 over 1368 frames.
20030005_671 بشیر سے پہلے سوسائٹی بویا نے کہا سودا اور سنو کیسوں فورس گوڈی میں دو اور دیے جاؤ 
LOG (lattice-best-path[5.5.907~1-cbed4]:main():lattice-best-path.cc:99) For utterance 20030005_672, best cost 177.391 + 6545.37 = 6722.77 over 1163 frames.
20030005_672 سنگھاڑے ٹشو ذوالجلال کے کو فقدان اقبال سرویئر کوسوں درجے کا اگلا ہیں 
LOG (lattice-best-path[5.5.907~1-cbed4]:main():lattice-best-path.cc:99) For utterance 20030005_673, best cost 131.559 + 5589.22 = 5720.78 over 1048 frames.
20030005_673 کلراٹھی کے بیچوں گروہ کے ہوے جوڈیشل کے بغیر کر لائے 
LOG (lattice-best-path[5.5.907~1-cbed4]:main():lattice-best-path.cc:99) For utterance 20030005_674, best cost 205.93 + 8460.09 = 8666.02 over 1604 frames.
20030005_674 مشہور میں پُلوں میں بھڑک کا پراچہ فگار کر تمغہ کینگرو کوسموس میں کی کوشش کی 
LOG (lattice-best-path[5.5.907~1-cbed4]:main():lattice-best-path.cc:99) For utterance 20030005_675, best cost 150.353 + 6960.79 = 7111.15 over 1297 frames.
20030005_675 کارخیر بھورے کیلئے پر سوچے کو ٹائفائیڈ کا داؤ پڑھائی ہے 
LOG (lattice-best-path[5.5.907~1-cbed4]:main():lattice-best-path.cc:99) For utterance 20030005_676, best cost 185.084 + 7010.52 = 7195.6 over 1278 frames.
20030005_676 اپنی آہستہ سیریز کا نتھی جا کھولے غزوہ میں انگلش اور جھگڑے پاٹھک دیئے 
LOG (lattice-best-path[5.5.907~1-cbed4]:main():lattice-best-path.cc:99) For utterance 20030005_677, best cost 203.735 + 7689.07 = 7892.8 over 1380 frames.
20030005_677 نظام معیاری گگلی بوئنگ بغیر بعدازاں وفود ہوئی کو مولا قوانین کی خبر سے بنایا 
LOG (lattice-best-path[5.5.907~1-cbed4]:main():lattice-best-path.cc:99) For utterance 20030005_678, best cost 245.992 + 10919.9 = 11165.9 over 2052 frames.
20030005_678 سے مفہوم سوا کو تھیلی فیبرکس پڑا اور ماؤزے چھیڑنے کے لیے پروگرام کی سے مشعر کے شیخی 
LOG (lattice-best-path[5.5.907~1-cbed4]:main():lattice-best-path.cc:99) For utterance 20030005_679, best cost 133.973 + 5192.15 = 5326.12 over 958 frames.
20030005_679 تھوڑی اور ٹیچر چیلہ لایا تو سفیدے سیسے نچلی 
LOG (lattice-best-path[5.5.907~1-cbed4]:main():lattice-best-path.cc:99) For utterance 20030005_680, best cost 190.013 + 7070.55 = 7260.56 over 1316 frames.
20030005_680 چوری کاجو کا جہانگیر ہوے بڑھاوں پھولدار اٹھا برس میں میں تھوڑا کا جاتا ہے 
LOG (lattice-best-path[5.5.907~1-cbed4]:main():lattice-best-path.cc:99) For utterance 20030005_681, best cost 224.837 + 8590.68 = 8815.51 over 1611 frames.
20030005_681 کردار فشنگ بجے شے کو بحیرہ کر باعث ہوئی تو اور لوحوں پر بچی کا پر سایہ 
LOG (lattice-best-path[5.5.907~1-cbed4]:main():lattice-best-path.cc:99) For utterance 20030005_682, best cost 209.891 + 9038.57 = 9248.46 over 1656 frames.
20030005_682 بھی اور کو والے کی لوٹ پر کیجیے کا معاوضہ چچا ٹریولرز کے گوجر والوں کے 
LOG (lattice-best-path[5.5.907~1-cbed4]:main():lattice-best-path.cc:99) For utterance 20030005_683, best cost 166.375 + 7323.95 = 7490.32 over 1355 frames.
20030005_683 ادھیڑ سے ماؤزے کی جبڑوں پر پیغمبر نہیں تبدیلی کے چیزیں مرکزی 
LOG (lattice-best-path[5.5.907~1-cbed4]:main():lattice-best-path.cc:99) For utterance 20030005_684, best cost 166.936 + 6558.89 = 6725.82 over 1208 frames.
20030005_684 نیرنگ ایشو اغوا قرضے کے کیوں میں والوں معیاری پڑتا آؤ 
LOG (lattice-best-path[5.5.907~1-cbed4]:main():lattice-best-path.cc:99) For utterance 20030005_685, best cost 127.173 + 4855.73 = 4982.9 over 881 frames.
20030005_685 بچّو فردوس ایڈونچر بخشے سے خاصے گاؤں بدروح 
LOG (lattice-best-path[5.5.907~1-cbed4]:main():lattice-best-path.cc:99) For utterance 20030005_686, best cost 173.836 + 5978.7 = 6152.54 over 1067 frames.
20030005_686 سوویں بنیں سرخ کے بڑے فشار فعلن یادیں مسز دانشو شروع شو 
LOG (lattice-best-path[5.5.907~1-cbed4]:main():lattice-best-path.cc:99) For utterance 20030005_687, best cost 220.784 + 9098.75 = 9319.53 over 1656 frames.
20030005_687 سوئس کے بعد سموسے آنکھیں کھولے قبول آواز سے کی ہیڈکوارٹر کالجوں معاوضوں فضول کر آیا 
LOG (lattice-best-path[5.5.907~1-cbed4]:main():lattice-best-path.cc:99) For utterance 20030005_688, best cost 245.666 + 9615.23 = 9860.89 over 1796 frames.
20030005_688 خلیے کھلے چادر بھیجی باعث کر سے مچھلیاں مزارعوں اور دیش کی کی بیجوں میں بڑھاوں کے واقع باغیچہ 
LOG (lattice-best-path[5.5.907~1-cbed4]:main():lattice-best-path.cc:99) For utterance 20030005_689, best cost 210.718 + 7953.96 = 8164.67 over 1496 frames.
20030005_689 بولنگ دوبارہ جلسہ کیا یا جلووں میں اور بنانے اور افسوس کو فصلیں کچیلے کر چار 
LOG (lattice-best-path[5.5.907~1-cbed4]:main():lattice-best-path.cc:99) For utterance 20030005_690, best cost 129.956 + 4990.9 = 5120.85 over 881 frames.
20030005_690 جیل منشیانہ اڑائیں کے شوروم دیکھو تھیوا میں جاتا 
LOG (lattice-best-path[5.5.907~1-cbed4]:main():lattice-best-path.cc:99) For utterance 20030005_691, best cost 192.095 + 7838.24 = 8030.33 over 1368 frames.
20030005_691 کیسی دلجوئی کے لیے بغلگیر بےہودہ اور میں سے ٹھونس نہ کا معمہ نے ٹھونس دیئے 
LOG (lattice-best-path[5.5.907~1-cbed4]:main():lattice-best-path.cc:99) For utterance 20030005_692, best cost 181.853 + 6968 = 7149.86 over 1220 frames.
20030005_692 بفرزون سامنے کہا چیئرمین کی سے دو ساغر کے ساتھ گاڑی سے بھی قدآدم 
LOG (lattice-best-path[5.5.907~1-cbed4]:main():lattice-best-path.cc:99) For utterance 20030005_693, best cost 141.662 + 5323.45 = 5465.11 over 939 frames.
20030005_693 ویلفئر کے جوڑیاں سے کہا کے واقعہ پر گناہ کرائے محبوب 
LOG (lattice-best-path[5.5.907~1-cbed4]:main():lattice-best-path.cc:99) For utterance 20030005_694, best cost 181.774 + 7002.87 = 7184.64 over 1208 frames.
20030005_694 تحقیقات شعاع تشویش پراٹھا رساؤ کو اگرچہ اور سے کی جا کوچوان بنائیں 
LOG (lattice-best-path[5.5.907~1-cbed4]:main():lattice-best-path.cc:99) For utterance 20030005_695, best cost 158.174 + 6295.11 = 6453.28 over 1105 frames.
20030005_695 کوٹھی کی جانے کھچی جانے کو کاکلیں کر جاؤ کوچوان میں بھول جاؤ 
LOG (lattice-best-path[5.5.907~1-cbed4]:main():lattice-best-path.cc:99) For utterance 20030005_696, best cost 159.078 + 6543.39 = 6702.47 over 1131 frames.
20030005_696 تشخص ایک کے ویزے کو معذوریوں مسوڑوں کے بنانے کیلئے پراچہ گیا 
LOG (lattice-best-path[5.5.907~1-cbed4]:main():lattice-best-path.cc:99) For utterance 20030005_697, best cost 115.974 + 4496.97 = 4612.95 over 772 frames.
20030005_697 گروہوں سے سنگین تو موردالزام کروائیں کا کا ہو گیا 
LOG (lattice-best-path[5.5.907~1-cbed4]:main():lattice-best-path.cc:99) For utterance 20030005_698, best cost 129.859 + 6527.18 = 6657.04 over 1124 frames.
20030005_698 بناؤں پہنچا بوڑھی سے شفاعت کے باعث کا جائزہ لیا 
LOG (lattice-best-path[5.5.907~1-cbed4]:main():lattice-best-path.cc:99) For utterance 20030005_699, best cost 183.972 + 7757.26 = 7941.23 over 1342 frames.
20030005_699 نظریے اوڈھو کفار کی چھری میں بنا کے غیریقینی بےعزتی کامیاب سوچوں 
LOG (lattice-best-path[5.5.907~1-cbed4]:main():lattice-best-path.cc:99) For utterance 20030005_700, best cost 179.058 + 8130.44 = 8309.5 over 1419 frames.
20030005_700 گوشے اور دکھوں کی تذلیل میں تغافل کی سوجھی چھہتر مصور سے رکھو 
LOG (lattice-best-path[5.5.907~1-cbed4]:main():lattice-best-path.cc:99) For utterance 20030005_701, best cost 191.29 + 9653.93 = 9845.22 over 1681 frames.
20030005_701 ملزوم باجوہ بلوں ہوزری قورمہ ماچھی سے تہوار حوض کروموسوم جایا 
LOG (lattice-best-path[5.5.907~1-cbed4]:main():lattice-best-path.cc:99) For utterance 20030005_702, best cost 151.805 + 6712.94 = 6864.75 over 1150 frames.
20030005_702 غیر فیصلہ خبر کی نعوذ میں کھڑے کو شاہنواز اور بخشے 
LOG (lattice-best-path[5.5.907~1-cbed4]:main():lattice-best-path.cc:99) For utterance 20030005_703, best cost 138.839 + 5455.59 = 5594.43 over 952 frames.
20030005_703 پر کھلواڑ میں کلیدی جیم کے کروڑوں کاروبار دارومدار ہے 
LOG (lattice-best-path[5.5.907~1-cbed4]:main():lattice-best-path.cc:99) For utterance 20030005_704, best cost 169.733 + 7940.9 = 8110.64 over 1355 frames.
20030005_704 سترھویں سیکشن مخیر نوازوں کے بھینس باقی ملاؤں کا پراسیس ہے 
LOG (lattice-best-path[5.5.907~1-cbed4]:main():lattice-best-path.cc:99) For utterance 20030005_705, best cost 148.283 + 5501.24 = 5649.53 over 958 frames.
20030005_705 باہر جادوگر عمر کو ویوز تجارت قرارداد حصوں سے بڑے 
LOG (lattice-best-path[5.5.907~1-cbed4]:main():lattice-best-path.cc:99) For utterance 20030005_706, best cost 134.107 + 6304.69 = 6438.8 over 1086 frames.
20030005_706 بدل مصحفی مرضی کے آنکھیں دیکھے ہما مرچوں 
LOG (lattice-best-path[5.5.907~1-cbed4]:main():lattice-best-path.cc:99) For utterance 20030005_707, best cost 131.55 + 5156.42 = 5287.97 over 888 frames.
20030005_707 ماؤزے کو بااللہ کو واضح کریں تھیوری گناہوں میں نہ کریں 
LOG (lattice-best-path[5.5.907~1-cbed4]:main():lattice-best-path.cc:99) For utterance 20030005_708, best cost 156.702 + 5846.74 = 6003.44 over 1009 frames.
20030005_708 جانے چھیڑنے سے پہلے بوئے نے مجھے اور پاسداری کا اور مشرف نہیں 
LOG (lattice-best-path[5.5.907~1-cbed4]:main():lattice-best-path.cc:99) For utterance 20030010_601, best cost 186.263 + 6093.91 = 6280.17 over 985 frames.
20030010_601 دارلخلافہ کانجی ادارے کمیشن مدھر جیلانی گولڑوی ادھار انگوٹھی کے تعاقب کو کلیئر کیں 
LOG (lattice-best-path[5.5.907~1-cbed4]:main():lattice-best-path.cc:99) For utterance 20030010_602, best cost 232.016 + 7462.02 = 7694.03 over 1203 frames.
20030010_602 برفباری کے نخوت کیلئے پرخچے غدودوں کوئی کہا ہیجڑوں بانسری شیعہ مجاہد خواری جھرنے کی شدہ ساز ہے 
LOG (lattice-best-path[5.5.907~1-cbed4]:main():lattice-best-path.cc:99) For utterance 20030010_603, best cost 169.634 + 5181.77 = 5351.4 over 833 frames.
20030010_603 ششدر اور نزلے کے مناسب طرزعمل پر ٹھاکر تبدیلی بےقصور پر کہانی چاول کیا 
LOG (lattice-best-path[5.5.907~1-cbed4]:main():lattice-best-path.cc:99) For utterance 20030010_604, best cost 161.564 + 5350.06 = 5511.62 over 856 frames.
20030010_604 ذوالجناح علیحدہ رنجیدہ برطرفی کو کا آہستہ چاہے کے کے زندگی اٹھائے 
LOG (lattice-best-path[5.5.907~1-cbed4]:main():lattice-best-path.cc:99) For utterance 20030010_605, best cost 103.346 + 3195.5 = 3298.84 over 513 frames.
20030010_605 سوجن شاگرد اندھیرے شمار ہوتی کردار خوابیدہ ہے 
LOG (lattice-best-path[5.5.907~1-cbed4]:main():lattice-best-path.cc:99) For utterance 20030010_606, best cost 115.648 + 3796.17 = 3911.82 over 608 frames.
20030010_606 وزیرداخلہ روغن سے پرچھائیاں تشخص کی بڑی زوجیت ہے 
LOG (lattice-best-path[5.5.907~1-cbed4]:main():lattice-best-path.cc:99) For utterance 20030010_607, best cost 98.9717 + 2567.69 = 2666.66 over 420 frames.
20030010_607 قاسم ریسکیو پرچیز عوام گنا بنائی جائے 
LOG (lattice-best-path[5.5.907~1-cbed4]:main():lattice-best-path.cc:99) For utterance 20030010_608, best cost 121.965 + 3622.17 = 3744.13 over 582 frames.
20030010_608 سویٹر دودھیل مورخہ خوشگوار چمچہ نیچی اجاگر ہو گی 
LOG (lattice-best-path[5.5.907~1-cbed4]:main():lattice-best-path.cc:99) For utterance 20030010_609, best cost 157.612 + 4548.15 = 4705.76 over 736 frames.
20030010_609 فیشن آمدنی بعد مقام اچھے اسٹورز انعقاد یکساں دلجوئی قدسیہ کیا 
LOG (lattice-best-path[5.5.907~1-cbed4]:main():lattice-best-path.cc:99) For utterance 20030010_610, best cost 159.271 + 4806.93 = 4966.21 over 803 frames.
20030010_610 حاصل ایلویٹ شائد قیود ایہام انقلاب نیچے کی وجہ سے بجٹ ایسا ہے 
LOG (lattice-best-path[5.5.907~1-cbed4]:main():lattice-best-path.cc:99) For utterance 20030010_611, best cost 162.995 + 5265.55 = 5428.54 over 868 frames.
20030010_611 گھسے دینے ڈیم درخواست جانے پیچیدہ بہت گڑگڑا ویڈنگ معجزات چینی 
LOG (lattice-best-path[5.5.907~1-cbed4]:main():lattice-best-path.cc:99) For utterance 20030010_612, best cost 160.951 + 5451.94 = 5612.89 over 921 frames.
20030010_612 تبدیلیاں کلاسز سمجھدار بھورا کی جدا چقندر خوگر کی لینگویج پسماندہ ہے 
LOG (lattice-best-path[5.5.907~1-cbed4]:main():lattice-best-path.cc:99) For utterance 20030010_613, best cost 100.882 + 2808.34 = 2909.23 over 452 frames.
20030010_613 تنوع لاکھا دوسرا جدول گلیشئیر پیدا کہا 
LOG (lattice-best-path[5.5.907~1-cbed4]:main():lattice-best-path.cc:99) For utterance 20030010_614, best cost 121.285 + 3568.26 = 3689.54 over 578 frames.
20030010_614 بدصورت ایمبیسی شوکت والوں کے ساتھ زنجیر بحثتا جدا کیا 
LOG (lattice-best-path[5.5.907~1-cbed4]:main():lattice-best-path.cc:99) For utterance 20030010_615, best cost 209.99 + 5871.07 = 6081.06 over 960 frames.
20030010_615 تعداد کا شہزادی نے نیچا موئسچرائزنگ قانونگو سکتے کوئی جوگی حالانکہ کی دلجوئی میں اور ہینگر آیا 
LOG (lattice-best-path[5.5.907~1-cbed4]:main():lattice-best-path.cc:99) For utterance 20030010_616, best cost 199.719 + 6046.21 = 6245.93 over 989 frames.
20030010_616 تاجر کے باعث اٹھنے سفر پیشنگوئی پڑوسی عاشق کیسی بعدازاں تقسیم اور ثقافت افلاس لیا 
LOG (lattice-best-path[5.5.907~1-cbed4]:main():lattice-best-path.cc:99) For utterance 20030010_617, best cost 137.837 + 4072.76 = 4210.6 over 669 frames.
20030010_617 کا دراوڑی سوجن اچھل مکھیوں اور بیداری کر زدہ غزلیں لگا 
LOG (lattice-best-path[5.5.907~1-cbed4]:main():lattice-best-path.cc:99) For utterance 20030010_618, best cost 151.107 + 5032.95 = 5184.05 over 824 frames.
20030010_618 فائدہ قزلباش آسمان شماریات وسائل ایونیو کے بعد اس رسیا کیا ہے 
LOG (lattice-best-path[5.5.907~1-cbed4]:main():lattice-best-path.cc:99) For utterance 20030010_619, best cost 118.674 + 3093.28 = 3211.95 over 519 frames.
20030010_619 تذلیل کی دوشیزہ مدعیان دینے پنجابی کی نہیں جا ہے 
LOG (lattice-best-path[5.5.907~1-cbed4]:main():lattice-best-path.cc:99) For utterance 20030010_620, best cost 176.153 + 5132.24 = 5308.39 over 820 frames.
20030010_620 جیلانی حالانکہ گومگو گھروں نظر بویا کی ڈیمو بوڑھوں بفرزون شاگرد لاٹھیاں کی 
LOG (lattice-best-path[5.5.907~1-cbed4]:main():lattice-best-path.cc:99) For utterance 20030010_621, best cost 190.175 + 6184.04 = 6374.22 over 1024 frames.
20030010_621 میں معجل ایڈریس کاشمیری اور کر سوجن کے معاون بیضے بوگس اور جاری ملازم رہی تھی 
LOG (lattice-best-path[5.5.907~1-cbed4]:main():lattice-best-path.cc:99) For utterance 20030010_622, best cost 137.16 + 4811.7 = 4948.86 over 764 frames.
20030010_622 کو چیئرمین داغدار زیرقیادت جمخانہ رسیدہ ٹیڑھے عالمی سبزی 
LOG (lattice-best-path[5.5.907~1-cbed4]:main():lattice-best-path.cc:99) For utterance 20030010_623, best cost 118.758 + 3953.26 = 4072.02 over 664 frames.
20030010_623 دن دیانتدار منافعے سوئس کالج دانش آنے کیا 
LOG (lattice-best-path[5.5.907~1-cbed4]:main():lattice-best-path.cc:99) For utterance 20030010_624, best cost 164.672 + 4758.34 = 4923.01 over 790 frames.
20030010_624 منتظر کے نسخہ میں استغاثہ سکورز باوجود حدود کے پیشن کیلئے میں بشمول تھا 
LOG (lattice-best-path[5.5.907~1-cbed4]:main():lattice-best-path.cc:99) For utterance 20030010_625, best cost 129.245 + 4022.81 = 4152.05 over 665 frames.
20030010_625 میں موردالزام دریچے جائیداد لیکن ترمذی بچے واجب ہو گیا 
LOG (lattice-best-path[5.5.907~1-cbed4]:main():lattice-best-path.cc:99) For utterance 20030010_626, best cost 92.1021 + 2772.45 = 2864.55 over 465 frames.
20030010_626 سے بچنے کو مغلیہ دھجیاں غوغا سمجھا 
LOG (lattice-best-path[5.5.907~1-cbed4]:main():lattice-best-path.cc:99) For utterance 20030010_627, best cost 140.271 + 4210.46 = 4350.73 over 712 frames.
20030010_627 کے بغیر عمر تنوع استقلال یا سے بوڑھوں کے تعاقب میں نگاور گیا 
LOG (lattice-best-path[5.5.907~1-cbed4]:main():lattice-best-path.cc:99) For utterance 20030010_628, best cost 125.654 + 4285.07 = 4410.72 over 709 frames.
20030010_628 متحدہ میں بنانے کیلئے بچے چیونگم میں عروج بشمول پوچھیں 
LOG (lattice-best-path[5.5.907~1-cbed4]:main():lattice-best-path.cc:99) For utterance 20030010_629, best cost 146.325 + 5238.29 = 5384.61 over 876 frames.
20030010_629 شیرے کے گوشہ کیا فراخدلی سیلرز دوغلی سے موجودہ ایگزیکٹو آیا 
LOG (lattice-best-path[5.5.907~1-cbed4]:main():lattice-best-path.cc:99) For utterance 20030010_630, best cost 130 + 4029.84 = 4159.84 over 668 frames.
20030010_630 عیاں خزانہ نشست اژدھام اعدادوشمار چیچن ضیغم بچھڑ گیا 
LOG (lattice-best-path[5.5.907~1-cbed4]:main():lattice-best-path.cc:99) For utterance 20030010_631, best cost 186.69 + 5859.55 = 6046.24 over 964 frames.
20030010_631 سیریز کی اور انداز کے دیکھنے باخبر کے علاوہ سے چلغوزے سے سے موقر چھائی دکھائی 
LOG (lattice-best-path[5.5.907~1-cbed4]:main():lattice-best-path.cc:99) For utterance 20030010_632, best cost 207.333 + 7270.33 = 7477.66 over 1219 frames.
20030010_632 عزیز ادارے کہا کے لیے جدوجہد چھوڑ اور لیاقت بھجوا کا کھجوریں اور سوئنگ چھوڑیں بغیر دیکھیں 
LOG (lattice-best-path[5.5.907~1-cbed4]:main():lattice-best-path.cc:99) For utterance 20030010_633, best cost 198.182 + 6253.38 = 6451.57 over 1056 frames.
20030010_633 کے سٹرلنگ دیتا میں تخیّل کیا میتھائل کے اور غذاؤں کی قوس ٹیچنگ سوئنگ کے لیے نیچے 
LOG (lattice-best-path[5.5.907~1-cbed4]:main():lattice-best-path.cc:99) For utterance 20030010_634, best cost 108.719 + 4233.77 = 4342.49 over 708 frames.
20030010_634 کمیشن گریجویشن استفہامیہ رقیہ کی ناقابل کا کیا 
LOG (lattice-best-path[5.5.907~1-cbed4]:main():lattice-best-path.cc:99) For utterance 20030010_635, best cost 152.252 + 4381.53 = 4533.78 over 722 frames.
20030010_635 قاسم اپروچ انتہاؤں کا میں بچھے پروین مینگل درمیان سیلرز ازالہ کریں 
LOG (lattice-best-path[5.5.907~1-cbed4]:main():lattice-best-path.cc:99) For utterance 20030010_636, best cost 136.06 + 4043.52 = 4179.58 over 677 frames.
20030010_636 کا اعدادوشمار تجوریاں جا ہونے سے سوچا کا دونوں کا کو ہوا 
LOG (lattice-best-path[5.5.907~1-cbed4]:main():lattice-best-path.cc:99) For utterance 20030010_637, best cost 123.523 + 4204.05 = 4327.57 over 703 frames.
20030010_637 اخراج استغاثہ ٹرانسپیرنسی نمو کی کی حادثے بغلگیر ہوئی 
LOG (lattice-best-path[5.5.907~1-cbed4]:main():lattice-best-path.cc:99) For utterance 20030010_638, best cost 175.913 + 6732.73 = 6908.64 over 1134 frames.
20030010_638 کاجو انجکشن ڈبوئیں میں ہوے سوئچ اور کوٹھی کو کھچی کی وجہ سے بچیں 
LOG (lattice-best-path[5.5.907~1-cbed4]:main():lattice-best-path.cc:99) For utterance 20030010_639, best cost 175.468 + 6021.85 = 6197.32 over 1011 frames.
20030010_639 پھیرتے دولخت تقسیم دودھیل بیضے تشخیص تاثر ٹیکنالوجیز آہستہ سانسوں ڈبو سکتیں 
LOG (lattice-best-path[5.5.907~1-cbed4]:main():lattice-best-path.cc:99) For utterance 20030010_640, best cost 156.232 + 4876.01 = 5032.24 over 822 frames.
20030010_640 جھائیاں گلیشئیر میں ضخیم ایمبیسی کونسل کی شالا گرمجوشی کوچ بقایا 
LOG (lattice-best-path[5.5.907~1-cbed4]:main():lattice-best-path.cc:99) For utterance 20030010_641, best cost 122.236 + 4264.02 = 4386.26 over 712 frames.
20030010_641 اور کوئلے جنریشن مہاجر بارش بازیچہ کاربن زندگی 
LOG (lattice-best-path[5.5.907~1-cbed4]:main():lattice-best-path.cc:99) For utterance 20030010_642, best cost 118.635 + 3748.02 = 3866.65 over 638 frames.
20030010_642 کفایت ازدواجی سیدھے تنگدستی نفوذ کی جوار کوٹھی 
LOG (lattice-best-path[5.5.907~1-cbed4]:main():lattice-best-path.cc:99) For utterance 20030010_643, best cost 137.45 + 3951.27 = 4088.72 over 664 frames.
20030010_643 دغا خزانہ قہقہے مخالفت جیسے نہایت اومیگا سزائیں تحصیلدار 
LOG (lattice-best-path[5.5.907~1-cbed4]:main():lattice-best-path.cc:99) For utterance 20030010_644, best cost 150.905 + 5389.17 = 5540.07 over 908 frames.
20030010_644 انجنیئر چیئرمین بھوجپوری اور زیورات کھچڑی کیسی پر انتخابات پھیلیں 
LOG (lattice-best-path[5.5.907~1-cbed4]:main():lattice-best-path.cc:99) For utterance 20030010_645, best cost 140.455 + 4574.38 = 4714.84 over 768 frames.
20030010_645 میں درجے ویجز میں کچوکے صاحب پرسوز مضائقہ میں کی پاسداری ہے 
LOG (lattice-best-path[5.5.907~1-cbed4]:main():lattice-best-path.cc:99) For utterance 20030010_646, best cost 138.849 + 4373.99 = 4512.84 over 734 frames.
20030010_646 واویلا تجزیہ چبھنے کے بعد لاؤ بَلّا میں دارومدار ڈالنے آئی 
LOG (lattice-best-path[5.5.907~1-cbed4]:main():lattice-best-path.cc:99) For utterance 20030010_647, best cost 93.9856 + 3068.84 = 3162.83 over 517 frames.
20030010_647 دیباچے گیجٹ تنازعے گومگو گردوغبار آئی 
LOG (lattice-best-path[5.5.907~1-cbed4]:main():lattice-best-path.cc:99) For utterance 20030010_648, best cost 112.059 + 3400 = 3512.06 over 573 frames.
20030010_648 میلے میں گوجر جارج کہا خواجہ کیا رہا تھا 
LOG (lattice-best-path[5.5.907~1-cbed4]:main():lattice-best-path.cc:99) For utterance 20030010_649, best cost 91.0143 + 2961.24 = 3052.26 over 478 frames.
20030010_649 افتادہ علاقے کے ڈیتھ اسکواڈ کوآرڈینیٹر لگا ہے 
LOG (lattice-best-path[5.5.907~1-cbed4]:main():lattice-best-path.cc:99) For utterance 20030010_650, best cost 148.201 + 5272.32 = 5420.52 over 870 frames.
20030010_650 ہجے کالجز بآسانی یا کی دینا مٹھائیاں کے باعث تجویز آ ہے 
LOG (lattice-best-path[5.5.907~1-cbed4]:main():lattice-best-path.cc:99) For utterance 20030010_651, best cost 128.669 + 4131.3 = 4259.97 over 699 frames.
20030010_651 گلوبل میں مرچوں کی کھوکھلے گدے ہونے سے پہلے سعودی کی 
LOG (lattice-best-path[5.5.907~1-cbed4]:main():lattice-best-path.cc:99) For utterance 20030010_652, best cost 146.117 + 4578.17 = 4724.28 over 777 frames.
20030010_652 بیچلر کیجیے قادیانی پر کے جولانی میدان گوندھیں سندھو کا پہنچائیں 
LOG (lattice-best-path[5.5.907~1-cbed4]:main():lattice-best-path.cc:99) For utterance 20030010_653, best cost 113.431 + 3801.24 = 3914.67 over 638 frames.
20030010_653 دوبارہ بیسٹ آکسیجن مرکزی کے ڈیجیٹل کا قصوروار 
LOG (lattice-best-path[5.5.907~1-cbed4]:main():lattice-best-path.cc:99) For utterance 20030010_654, best cost 154.771 + 4906.99 = 5061.76 over 838 frames.
20030010_654 کینیڈین اشخاص اس کی اشجار جوئیہ ایگزیکٹو اوس کے میں دینے سدھ ہے 
LOG (lattice-best-path[5.5.907~1-cbed4]:main():lattice-best-path.cc:99) For utterance 20030010_655, best cost 100.855 + 2760.92 = 2861.78 over 465 frames.
20030010_655 نہ اوباش کے چلغوزے لیڈز بجھائی کریش تھے 
LOG (lattice-best-path[5.5.907~1-cbed4]:main():lattice-best-path.cc:99) For utterance 20030010_656, best cost 149.916 + 5421.36 = 5571.27 over 918 frames.
20030010_656 بے سزا چڑچڑا بیگم درمیان بچایا اور سمجھ خادم بالخصوص کریں 
LOG (lattice-best-path[5.5.907~1-cbed4]:main():lattice-best-path.cc:99) For utterance 20030010_657, best cost 89.9059 + 3187.69 = 3277.59 over 540 frames.
20030010_657 آرگنائزنگ ٹریژری پیدا کی عرصے مصنف 
LOG (lattice-best-path[5.5.907~1-cbed4]:main():lattice-best-path.cc:99) For utterance 20030010_658, best cost 90.1353 + 3443.56 = 3533.69 over 591 frames.
20030010_658 گیارہویں علی بنوری بیس دیباچے ہزارویں 
LOG (lattice-best-path[5.5.907~1-cbed4]:main():lattice-best-path.cc:99) For utterance 20030010_659, best cost 144.099 + 4669.72 = 4813.82 over 779 frames.
20030010_659 میں دیکھو تیرے چھایا اوڑھے قدوقامت عورت فاخرہ بویا پھسل ہیں 
LOG (lattice-best-path[5.5.907~1-cbed4]:main():lattice-best-path.cc:99) For utterance 20030010_660, best cost 88.4367 + 2820.32 = 2908.75 over 482 frames.
20030010_660 کو ابرار کے بقایا اسلامی نہیں بسا 
LOG (lattice-best-path[5.5.907~1-cbed4]:main():lattice-best-path.cc:99) For utterance 20030010_661, best cost 108.106 + 3498.93 = 3607.03 over 578 frames.
20030010_661 قضا کینیڈین بچھڑ بغاوت پڑدادا کر دبائے 
LOG (lattice-best-path[5.5.907~1-cbed4]:main():lattice-best-path.cc:99) For utterance 20030010_662, best cost 111.699 + 3503.42 = 3615.12 over 575 frames.
20030010_662 چیلنجوں دودھیا راجیہ جانے بسیار کے تصفیے بکھرے 
LOG (lattice-best-path[5.5.907~1-cbed4]:main():lattice-best-path.cc:99) For utterance 20030010_663, best cost 134.891 + 4040.5 = 4175.4 over 656 frames.
20030010_663 تجوریاں مچانے مدد انگوٹھا ساجد ادھیڑنے کی تنقیص بولو ہوئی 
LOG (lattice-best-path[5.5.907~1-cbed4]:main():lattice-best-path.cc:99) For utterance 20030010_664, best cost 139.838 + 4858.74 = 4998.58 over 790 frames.
20030010_664 پراسیس ریاض اہلخانہ کوئلے تنزلی کو تفتیشی کیونکہ کھڑے ہو گئی 
LOG (lattice-best-path[5.5.907~1-cbed4]:main():lattice-best-path.cc:99) For utterance 20030010_665, best cost 107.505 + 3411.62 = 3519.13 over 569 frames.
20030010_665 فیصلے خزانہ ویزے سے قریشی ندا استعفے ہوا 
LOG (lattice-best-path[5.5.907~1-cbed4]:main():lattice-best-path.cc:99) For utterance 20030010_666, best cost 104.65 + 3091.36 = 3196.01 over 505 frames.
20030010_666 دوں سویٹر چیلہ گرانقدر صفحے سندھو یہ 
LOG (lattice-best-path[5.5.907~1-cbed4]:main():lattice-best-path.cc:99) For utterance 20030010_667, best cost 116.072 + 4249.23 = 4365.3 over 731 frames.
20030010_667 کے لیے کے بعد سے چمچے کو سے کے بجھی بوسن ہوئی 
LOG (lattice-best-path[5.5.907~1-cbed4]:main():lattice-best-path.cc:99) For utterance 20030010_668, best cost 130.269 + 4504.86 = 4635.13 over 739 frames.
20030010_668 فائربریگیڈ کر ایلوویرا لیجنڈ تابش لایا رعیت سے جائزہ 
LOG (lattice-best-path[5.5.907~1-cbed4]:main():lattice-best-path.cc:99) For utterance 20030010_669, best cost 106.837 + 3409.18 = 3516.02 over 557 frames.
20030010_669 اور کا تناسب اور میوزک یہ عزت نوبل کیا 
LOG (lattice-best-path[5.5.907~1-cbed4]:main():lattice-best-path.cc:99) For utterance 20030010_670, best cost 103.636 + 3952 = 4055.64 over 653 frames.
20030010_670 روضے داغنے شائع کے ضرورت ہتھوڑے کا کرو 
LOG (lattice-best-path[5.5.907~1-cbed4]:main():lattice-best-path.cc:99) For utterance 20030010_671, best cost 171.129 + 4317.66 = 4488.79 over 712 frames.
20030010_671 خوشی سے پہلے سوسائٹی بویا میگاواٹ روزبروز بہت کے سقوط چھولے میں دو چیچن 
LOG (lattice-best-path[5.5.907~1-cbed4]:main():lattice-best-path.cc:99) For utterance 20030010_672, best cost 136.941 + 3664.08 = 3801.02 over 626 frames.
20030010_672 کی جمیعت ایشوز چقندر فقدان بااثر بغور سے درجے برخلاف ہے 
LOG (lattice-best-path[5.5.907~1-cbed4]:main():lattice-best-path.cc:99) For utterance 20030010_673, best cost 110.924 + 3646.09 = 3757.02 over 621 frames.
20030010_673 کرائی بیچارے جادوئی جو سنگھاسن کے ڈیل برقرار 
LOG (lattice-best-path[5.5.907~1-cbed4]:main():lattice-best-path.cc:99) For utterance 20030010_674, best cost 128.277 + 4564.83 = 4693.11 over 777 frames.
20030010_674 مشورہ دارومدار بچہ گردوغبار بھینٹ ٹھوس میں کی کوشش کی 
LOG (lattice-best-path[5.5.907~1-cbed4]:main():lattice-best-path.cc:99) For utterance 20030010_675, best cost 129.405 + 4072.46 = 4201.86 over 686 frames.
20030010_675 راجے ڈراؤنی کے رویے پر سوچے تغافل کا براوو اڑائیں 
LOG (lattice-best-path[5.5.907~1-cbed4]:main():lattice-best-path.cc:99) For utterance 20030010_676, best cost 124.147 + 3562.84 = 3686.98 over 587 frames.
20030010_676 تصفیے ایشز اجتماعی کیچڑ رضوان رنجش جبڑا پر بات کی 
LOG (lattice-best-path[5.5.907~1-cbed4]:main():lattice-best-path.cc:99) For utterance 20030010_677, best cost 174.146 + 4692.53 = 4866.67 over 788 frames.
20030010_677 نظام ایشیائیوں بھگوئیں مگر بعدازاں اور سوزوکی کو قوانین کی خبر صداقت بغیر کیا 
LOG (lattice-best-path[5.5.907~1-cbed4]:main():lattice-best-path.cc:99) For utterance 20030010_678, best cost 177.688 + 6919.22 = 7096.9 over 1203 frames.
20030010_678 طنزومزاح حادثے کا زوال ترجمانی کیا خالد سوچے ویسے مشعر کے سے کریں 
LOG (lattice-best-path[5.5.907~1-cbed4]:main():lattice-best-path.cc:99) For utterance 20030010_679, best cost 91.4053 + 2487.77 = 2579.17 over 411 frames.
20030010_679 کھویا اپیلیں پرچیاں بعدازاں گردیزی زچگی 
LOG (lattice-best-path[5.5.907~1-cbed4]:main():lattice-best-path.cc:99) For utterance 20030010_680, best cost 137.084 + 4004.92 = 4142.01 over 662 frames.
20030010_680 جونیئر جوائنٹ دیول بیٹھا تو نابغہ بدہضمی میں علاوہ جاتا ہے 
LOG (lattice-best-path[5.5.907~1-cbed4]:main():lattice-best-path.cc:99) For utterance 20030010_681, best cost 131.717 + 4472.92 = 4604.64 over 755 frames.
20030010_681 گریجویشن انجکشن تاجدار ازخود اوورلوڈنگ بچی بڑھاپے صوفیہ 
LOG (lattice-best-path[5.5.907~1-cbed4]:main():lattice-best-path.cc:99) For utterance 20030010_682, best cost 165.415 + 4682.92 = 4848.34 over 794 frames.
20030010_682 میں کی وجوہات کی لوٹ پر پنجرے تلاش اجاگر وصف کے داخل معلوم کیے 
LOG (lattice-best-path[5.5.907~1-cbed4]:main():lattice-best-path.cc:99) For utterance 20030010_683, best cost 115.747 + 3959.98 = 4075.73 over 669 frames.
20030010_683 کے ساتھ کیچڑ اوقات ترجمانی کھچی کے کی سینیٹ کریں 
LOG (lattice-best-path[5.5.907~1-cbed4]:main():lattice-best-path.cc:99) For utterance 20030010_684, best cost 114.566 + 3933.95 = 4048.51 over 673 frames.
20030010_684 میں ٹیلیفون واضح ٹشو میں میں رویا کی لگاتا رہا 
LOG (lattice-best-path[5.5.907~1-cbed4]:main():lattice-best-path.cc:99) For utterance 20030010_685, best cost 97.1804 + 3090.68 = 3187.86 over 522 frames.
20030010_685 جوق اپوزیشن کے بخشے سرفراز لنگر کو 
LOG (lattice-best-path[5.5.907~1-cbed4]:main():lattice-best-path.cc:99) For utterance 20030010_686, best cost 127.66 + 3989.63 = 4117.29 over 671 frames.
20030010_686 ٹریڈنگ کے سرہندی دوشیزہ دنیاوی مزے ٹشو شاہ کوچوں 
LOG (lattice-best-path[5.5.907~1-cbed4]:main():lattice-best-path.cc:99) For utterance 20030010_687, best cost 159.474 + 5310.92 = 5470.4 over 885 frames.
20030010_687 ساٹھویں سے مصروف ساجد فولڈر جا پراسسنگ خاطر توجہ مہجور کرائی 
LOG (lattice-best-path[5.5.907~1-cbed4]:main():lattice-best-path.cc:99) For utterance 20030010_688, best cost 190.748 + 6293.37 = 6484.12 over 1064 frames.
20030010_688 کارکردگی چادر بچہ قسم جھریاں مطالعہ بیچے کبیر میں ایہام کے پراٹھا داخل جاؤ 
LOG (lattice-best-path[5.5.907~1-cbed4]:main():lattice-best-path.cc:99) For utterance 20030010_689, best cost 141.869 + 3797.49 = 3939.36 over 625 frames.
20030010_689 گوجر اجازت لاچار جنگجو اور بنایا سزا فصلیں کچلا ترچھا 
LOG (lattice-best-path[5.5.907~1-cbed4]:main():lattice-best-path.cc:99) For utterance 20030010_690, best cost 92.9333 + 2365.49 = 2458.42 over 384 frames.
20030010_690 کی گمشدہ پر دانشو نے کچھوا نہیں جاتا ہے 
LOG (lattice-best-path[5.5.907~1-cbed4]:main():lattice-best-path.cc:99) For utterance 20030010_691, best cost 134.527 + 4289.37 = 4423.9 over 712 frames.
20030010_691 تذلیل پنچولی کیا فاجر دنیاوی سے مذاکرات بااللہ میں ٹھونس دیئے 
LOG (lattice-best-path[5.5.907~1-cbed4]:main():lattice-best-path.cc:99) For utterance 20030010_692, best cost 130.97 + 4221.61 = 4352.58 over 703 frames.
20030010_692 باہر مضائقہ کے ریزولوشن بڑے سرکاری کے بُدھی کا انتقال 
LOG (lattice-best-path[5.5.907~1-cbed4]:main():lattice-best-path.cc:99) For utterance 20030010_693, best cost 101.186 + 2954.57 = 3055.76 over 493 frames.
20030010_693 تھانیدار تجوریاں کتابچے لگاتا گنا ڈرامہ تو 
LOG (lattice-best-path[5.5.907~1-cbed4]:main():lattice-best-path.cc:99) For utterance 20030010_694, best cost 166.314 + 5063.14 = 5229.45 over 853 frames.
20030010_694 قرارداد چھوڑ اثر سایہ قضہ کو درجے اور سے کی چاقو جاگنگ بناؤں 
LOG (lattice-best-path[5.5.907~1-cbed4]:main():lattice-best-path.cc:99) For utterance 20030010_695, best cost 116.26 + 3555.88 = 3672.14 over 596 frames.
20030010_695 پیچیدہ نتیجے جانے کو چاقو پرچھائیں جکھرانی میں پہنچا 
LOG (lattice-best-path[5.5.907~1-cbed4]:main():lattice-best-path.cc:99) For utterance 20030010_696, best cost 126.174 + 3624.68 = 3750.85 over 612 frames.
20030010_696 تجربہ سرکاری سے تمسخر مسوڑوں کے بنانے کیلئے راجیہ جگہ 
LOG (lattice-best-path[5.5.907~1-cbed4]:main():lattice-best-path.cc:99) For utterance 20030010_697, best cost 74.8781 + 2745.73 = 2820.61 over 465 frames.
20030010_697 بٹورتا سے زیادہ غیردانشمندانہ ہو گا 
LOG (lattice-best-path[5.5.907~1-cbed4]:main():lattice-best-path.cc:99) For utterance 20030010_698, best cost 94.7963 + 2783.78 = 2878.57 over 474 frames.
20030010_698 بعدازاں دبیز شگاف مایوس کا جائزہ لگا 
LOG (lattice-best-path[5.5.907~1-cbed4]:main():lattice-best-path.cc:99) For utterance 20030010_699, best cost 146.273 + 3517.67 = 3663.94 over 587 frames.
20030010_699 ماچس کرفیو زرقاوی چھیڑنے بردار کے قوانین بیرونی کی دوا سوچوں 
LOG (lattice-best-path[5.5.907~1-cbed4]:main():lattice-best-path.cc:99) For utterance 20030010_700, best cost 122.095 + 3414.48 = 3536.58 over 561 frames.
20030010_700 گستاخی قدروقیمت غافل کی سوجھی چھڑا کر مصور سدھو 
LOG (lattice-best-path[5.5.907~1-cbed4]:main():lattice-best-path.cc:99) For utterance 20030010_701, best cost 152.693 + 4724.22 = 4876.91 over 808 frames.
20030010_701 مظلام آمدورفت آوازیں جداگانہ چیزیں کے بعد انداز صحبتوں گذر جایا 
LOG (lattice-best-path[5.5.907~1-cbed4]:main():lattice-best-path.cc:99) For utterance 20030010_702, best cost 115.828 + 3619.42 = 3735.25 over 608 frames.
20030010_702 قیصر ضرورت کی دودھیل کرنے کا شاخسانہ بیباک شو 
LOG (lattice-best-path[5.5.907~1-cbed4]:main():lattice-best-path.cc:99) For utterance 20030010_703, best cost 111.348 + 3809.53 = 3920.87 over 647 frames.
20030010_703 ایسا سے تربیتی جیم کے ٹھکرا کاروبار ضرورت ہے 
LOG (lattice-best-path[5.5.907~1-cbed4]:main():lattice-best-path.cc:99) For utterance 20030010_704, best cost 140.139 + 4512.37 = 4652.51 over 766 frames.
20030010_704 چودھرائن ورزش لگائی معاذ باغیوں کے انظباتی علاقائی پراسیس ہے 
LOG (lattice-best-path[5.5.907~1-cbed4]:main():lattice-best-path.cc:99) For utterance 20030010_705, best cost 115.128 + 3469.04 = 3584.17 over 578 frames.
20030010_705 بعدازاں فیورٹ سروس اجازت لاگت کا خصوصا کریں 
LOG (lattice-best-path[5.5.907~1-cbed4]:main():lattice-best-path.cc:99) For utterance 20030010_706, best cost 97.6874 + 3746.48 = 3844.17 over 627 frames.
20030010_706 بجے سلفیٹ استفادے بخدمت مرچوں 
LOG (lattice-best-path[5.5.907~1-cbed4]:main():lattice-best-path.cc:99) For utterance 20030010_707, best cost 88.0417 + 2708.56 = 2796.6 over 449 frames.
20030010_707 ماضی کاروبار احتجاج رفیوجی معاملات کریں 
LOG (lattice-best-path[5.5.907~1-cbed4]:main():lattice-best-path.cc:99) For utterance 20030010_708, best cost 134.734 + 3300.87 = 3435.61 over 548 frames.
20030010_708 جارج نظر پیغمبر دینے مجوزہ رسیدہ طریقہ مشق سمجھائیں 
LOG (lattice-best-path[5.5.907~1-cbed4]:main():lattice-best-path.cc:99) For utterance 20030013_601, best cost 159.189 + 5166.2 = 5325.38 over 952 frames.
20030013_601 دارلخلافہ اسی کے تھریپیس اور میں کھلاڑی کو لیلی اچک غدودوں کو قبول کریں 
LOG (lattice-best-path[5.5.907~1-cbed4]:main():lattice-best-path.cc:99) For utterance 20030013_602, best cost 208.339 + 6606.83 = 6815.17 over 1201 frames.
20030013_602 دیوبند ویلڈنگ بلاخوف کھیلے کرتے ہوئے پڑھائی کی لو قریشی چمچے کے ہو کر کرنے کی ڈسکوری 
LOG (lattice-best-path[5.5.907~1-cbed4]:main():lattice-best-path.cc:99) For utterance 20030013_603, best cost 157.901 + 4823.9 = 4981.8 over 875 frames.
20030013_603 چاچو بنانے کی آواز طرزعمل فرسودہ برطرفی میں بےقصور پروگرام مثال ہیں 
LOG (lattice-best-path[5.5.907~1-cbed4]:main():lattice-best-path.cc:99) For utterance 20030013_604, best cost 159.174 + 4918.55 = 5077.72 over 920 frames.
20030013_604 کرتی میں پالیسی گاؤں کی برابر پڑی اٹھا سے کچیلے بےقصور مصروف تھا 
LOG (lattice-best-path[5.5.907~1-cbed4]:main():lattice-best-path.cc:99) For utterance 20030013_605, best cost 103.305 + 3270.96 = 3374.27 over 606 frames.
20030013_605 سوزش اوور جھینگے بیچے میں کوارڈینیٹر تفرقہ 
LOG (lattice-best-path[5.5.907~1-cbed4]:main():lattice-best-path.cc:99) For utterance 20030013_606, best cost 137.066 + 3484.61 = 3621.68 over 638 frames.
20030013_606 نہیں کے دماغی میں بروز کیا صدیوں کے تنفس کی بڑی کرتی ہے 
LOG (lattice-best-path[5.5.907~1-cbed4]:main():lattice-best-path.cc:99) For utterance 20030013_607, best cost 89.85 + 2426.96 = 2516.81 over 440 frames.
20030013_607 آسٹریلوی منفعت کی رواں رنگین آرگنائزنگ 
LOG (lattice-best-path[5.5.907~1-cbed4]:main():lattice-best-path.cc:99) For utterance 20030013_608, best cost 116.035 + 4226.17 = 4342.21 over 798 frames.
20030013_608 کرکے کلوننگ اور پرسش پردھان چچا نے کلاشنکوفیں 
LOG (lattice-best-path[5.5.907~1-cbed4]:main():lattice-best-path.cc:99) For utterance 20030013_609, best cost 138.345 + 3602.48 = 3740.83 over 651 frames.
20030013_609 فلیش نامور میں برابر مسلسل نہایت کیسوں کروفر تسخیر کیا 
LOG (lattice-best-path[5.5.907~1-cbed4]:main():lattice-best-path.cc:99) For utterance 20030013_610, best cost 135.614 + 4338.35 = 4473.97 over 792 frames.
20030013_610 موسم ایجنسیوں کرفیو کی منیجر انجنیئر کے حریت کے ساتھ ہے 
LOG (lattice-best-path[5.5.907~1-cbed4]:main():lattice-best-path.cc:99) For utterance 20030013_611, best cost 125.647 + 3181.99 = 3307.64 over 580 frames.
20030013_611 چوزے کینیڈین ہو کر میں کے کے گردوغبار ڈرائیونگ کے ساتھ کیلئے 
LOG (lattice-best-path[5.5.907~1-cbed4]:main():lattice-best-path.cc:99) For utterance 20030013_612, best cost 127.844 + 4399.14 = 4526.98 over 804 frames.
20030013_612 تہیہ کیا سے سے نکالیں دودھیا سفر بخوبی درسگاہوں ہے 
LOG (lattice-best-path[5.5.907~1-cbed4]:main():lattice-best-path.cc:99) For utterance 20030013_613, best cost 65.3528 + 2290.39 = 2355.74 over 414 frames.
20030013_613 تغافل سرفہرست ڈیویلپر کہا 
LOG (lattice-best-path[5.5.907~1-cbed4]:main():lattice-best-path.cc:99) For utterance 20030013_614, best cost 103.392 + 2866.61 = 2970 over 523 frames.
20030013_614 طفیل میں کی شبہے کیموتھراپی نگاور سن کر دیا 
LOG (lattice-best-path[5.5.907~1-cbed4]:main():lattice-best-path.cc:99) For utterance 20030013_615, best cost 175.488 + 5885.87 = 6061.36 over 1105 frames.
20030013_615 اضافہ چرانے فلیچر معاشیات روزبروز کرتے ہوئے جونیئر نہیں بجنوری میں سویٹر 
LOG (lattice-best-path[5.5.907~1-cbed4]:main():lattice-best-path.cc:99) For utterance 20030013_616, best cost 156.356 + 5360.69 = 5517.05 over 977 frames.
20030013_616 انجمن کارخانے صوفیانہ زنخوں آواز گردیزی بدسلوکی ماخذ پہنچتے آیا 
LOG (lattice-best-path[5.5.907~1-cbed4]:main():lattice-best-path.cc:99) For utterance 20030013_617, best cost 128.201 + 3452.63 = 3580.83 over 632 frames.
20030013_617 سامنے کانفرنسوں کے کوچوں میں کھیلوں کوارڈینیٹر کے فرخندہ سربراہ 
LOG (lattice-best-path[5.5.907~1-cbed4]:main():lattice-best-path.cc:99) For utterance 20030013_618, best cost 123.654 + 4064.07 = 4187.72 over 734 frames.
20030013_618 کا انٹرفیس درسگاہوں خدانخواستہ کینیڈین کے باعث کیا کی ہے 
LOG (lattice-best-path[5.5.907~1-cbed4]:main():lattice-best-path.cc:99) For utterance 20030013_619, best cost 89.488 + 2416.21 = 2505.69 over 440 frames.
20030013_619 کے کیلئے بقیہ مدغم کرنے پرائیویسی جائے 
LOG (lattice-best-path[5.5.907~1-cbed4]:main():lattice-best-path.cc:99) For utterance 20030013_620, best cost 167.878 + 4832.31 = 5000.19 over 900 frames.
20030013_620 جیون اداروں کروڑوں کروموسوم آیا اور کی نعمتوں پر پرجوش اپنی کیا یخنی 
LOG (lattice-best-path[5.5.907~1-cbed4]:main():lattice-best-path.cc:99) For utterance 20030013_621, best cost 135.975 + 4253.92 = 4389.89 over 779 frames.
20030013_621 گجراتی باشندوں پرسوز انضمام بھینسیں نرگس اور جانا کینیڈین کی 
LOG (lattice-best-path[5.5.907~1-cbed4]:main():lattice-best-path.cc:99) For utterance 20030013_622, best cost 125.307 + 3600.17 = 3725.47 over 657 frames.
20030013_622 ادھیڑنے میں اور کرنے کے کینیڈین مویشی اہلخانہ میں سے بوسن 
LOG (lattice-best-path[5.5.907~1-cbed4]:main():lattice-best-path.cc:99) For utterance 20030013_623, best cost 88.7976 + 3094.37 = 3183.17 over 574 frames.
20030013_623 کلیرنگ کرنا محافظوں بسائیں ہمیشہ گیا 
LOG (lattice-best-path[5.5.907~1-cbed4]:main():lattice-best-path.cc:99) For utterance 20030013_624, best cost 163.002 + 4581.53 = 4744.53 over 811 frames.
20030013_624 افق سے کے نظروں میں استغاثہ ثلث تناسب غدودوں فشنگ کیلئے موجزن تھا 
LOG (lattice-best-path[5.5.907~1-cbed4]:main():lattice-best-path.cc:99) For utterance 20030013_625, best cost 121.349 + 3936.51 = 4057.86 over 696 frames.
20030013_625 میوزک انظباتی پیچیدہ کی سویرے برعظیم اعتماد کے ہو گیا 
LOG (lattice-best-path[5.5.907~1-cbed4]:main():lattice-best-path.cc:99) For utterance 20030013_626, best cost 71.0818 + 2361.87 = 2432.95 over 420 frames.
20030013_626 لینگویج ماحولیات انستھیزیا مواصلات 
LOG (lattice-best-path[5.5.907~1-cbed4]:main():lattice-best-path.cc:99) For utterance 20030013_627, best cost 150.39 + 4941.43 = 5091.82 over 926 frames.
20030013_627 شگاف ڈرامہ کیا واقع تھانہ میں کیوڑہ کے طوفان انتخابات کیا 
LOG (lattice-best-path[5.5.907~1-cbed4]:main():lattice-best-path.cc:99) For utterance 20030013_628, best cost 123.271 + 3577.45 = 3700.72 over 644 frames.
20030013_628 منفی کرنے والے کیلئے ٹریبیونل مقوی عصیاں مدفون تھیں 
LOG (lattice-best-path[5.5.907~1-cbed4]:main():lattice-best-path.cc:99) For utterance 20030013_629, best cost 134.786 + 4906.99 = 5041.77 over 894 frames.
20030013_629 کی ویڈیوز والوں کے کو اور میں کی درستگی میں مطہرہ بیسن 
LOG (lattice-best-path[5.5.907~1-cbed4]:main():lattice-best-path.cc:99) For utterance 20030013_630, best cost 108.869 + 3427.07 = 3535.94 over 606 frames.
20030013_630 گیارہویں نظرثانی آکر استعمال تقسیم سے کارخیر 
LOG (lattice-best-path[5.5.907~1-cbed4]:main():lattice-best-path.cc:99) For utterance 20030013_631, best cost 122.126 + 4747.16 = 4869.29 over 843 frames.
20030013_631 سے عزیزواقارب میں وقعت کے پرخچے پروفیسر خسارے دیتا 
LOG (lattice-best-path[5.5.907~1-cbed4]:main():lattice-best-path.cc:99) For utterance 20030013_632, best cost 189.884 + 5500.5 = 5690.39 over 1009 frames.
20030013_632 پالیسی کرنے کا کرو یقین جنگجوؤں اور چھیانوے بھجوا کر کاجو اور رسوائی چھوئیں بغاوت 
LOG (lattice-best-path[5.5.907~1-cbed4]:main():lattice-best-path.cc:99) For utterance 20030013_633, best cost 170.795 + 5064.35 = 5235.15 over 913 frames.
20030013_633 تفنن کے دغا متغیر کی یونیورسٹی اور فیسیں کی پراسسنگ سے سوئمنگ کے لیے کی کی 
LOG (lattice-best-path[5.5.907~1-cbed4]:main():lattice-best-path.cc:99) For utterance 20030013_634, best cost 109.344 + 2782.59 = 2891.94 over 497 frames.
20030013_634 اپوزیشن اریگیشن بیساکھی ہیروئن یقیناً طرفین سربراہ 
LOG (lattice-best-path[5.5.907~1-cbed4]:main():lattice-best-path.cc:99) For utterance 20030013_635, best cost 142.324 + 4110 = 4252.33 over 734 frames.
20030013_635 کا اپروچ انقلاب اور میں برعظیم مالدار میوزک اس اسکواڈ کریں 
LOG (lattice-best-path[5.5.907~1-cbed4]:main():lattice-best-path.cc:99) For utterance 20030013_636, best cost 114.262 + 3627.98 = 3742.24 over 657 frames.
20030013_636 اور خصوصا کی جوبلی خدشہ ہونے سے نوجوانوں کا ہوا 
LOG (lattice-best-path[5.5.907~1-cbed4]:main():lattice-best-path.cc:99) For utterance 20030013_637, best cost 113.746 + 3833.02 = 3946.77 over 696 frames.
20030013_637 دستاویزات ٹرانسفر نیلم ہوتی کی کرنے کے بعد کے ہوئیں 
LOG (lattice-best-path[5.5.907~1-cbed4]:main():lattice-best-path.cc:99) For utterance 20030013_638, best cost 146.06 + 4138.58 = 4284.65 over 760 frames.
20030013_638 قانونگو سے کی شگفتہ میں میں صورت انہونی کو صدیقین علاقے جیسے 
LOG (lattice-best-path[5.5.907~1-cbed4]:main():lattice-best-path.cc:99) For utterance 20030013_639, best cost 160.99 + 4733.74 = 4894.73 over 868 frames.
20030013_639 کیفے دفتر میں کو کے دینے سے تصحیح سفیدے مندوبین اور پچاسویں درستگی 
LOG (lattice-best-path[5.5.907~1-cbed4]:main():lattice-best-path.cc:99) For utterance 20030013_640, best cost 138.94 + 4251.8 = 4390.73 over 760 frames.
20030013_640 کیا ملیریا میں سکھی نرگس کی فلسفے سہاگہ پنچولی خوشگوار 
LOG (lattice-best-path[5.5.907~1-cbed4]:main():lattice-best-path.cc:99) For utterance 20030013_641, best cost 93.6849 + 2671.22 = 2764.9 over 465 frames.
20030013_641 قدروقیمت اور ایشو ہوشیاری وزیرداخلہ صدیقی 
LOG (lattice-best-path[5.5.907~1-cbed4]:main():lattice-best-path.cc:99) For utterance 20030013_642, best cost 106.187 + 3221.8 = 3327.98 over 574 frames.
20030013_642 آرتھوپیڈک ایمرجنسی تہتر سے بروز کی راہو کی 
LOG (lattice-best-path[5.5.907~1-cbed4]:main():lattice-best-path.cc:99) For utterance 20030013_643, best cost 129.629 + 4042.3 = 4171.93 over 734 frames.
20030013_643 وفاؤں زندگی بڑے متحدہ سنائی پروگرام سزائیں ریزرو 
LOG (lattice-best-path[5.5.907~1-cbed4]:main():lattice-best-path.cc:99) For utterance 20030013_644, best cost 132.15 + 3906.56 = 4038.71 over 683 frames.
20030013_644 حیثیت اچھے کبوتر اور کے درستگی کیسی برعکس پرنسپل ہے 
LOG (lattice-best-path[5.5.907~1-cbed4]:main():lattice-best-path.cc:99) For utterance 20030013_645, best cost 110.635 + 3292.24 = 3402.87 over 580 frames.
20030013_645 رپورٹ اریگیشن گلدستہ پروفیسر کرنے کے پاس نہ کریں 
LOG (lattice-best-path[5.5.907~1-cbed4]:main():lattice-best-path.cc:99) For utterance 20030013_646, best cost 116.887 + 3322.27 = 3439.16 over 587 frames.
20030013_646 سالگرہ خصوصا جونیئر بتاؤں ٹیڑھا میں غرارے لگانے کریں 
LOG (lattice-best-path[5.5.907~1-cbed4]:main():lattice-best-path.cc:99) For utterance 20030013_647, best cost 77.1727 + 2573.29 = 2650.46 over 452 frames.
20030013_647 برسراقتدار صیہونی چوکھٹ برقرار 
LOG (lattice-best-path[5.5.907~1-cbed4]:main():lattice-best-path.cc:99) For utterance 20030013_648, best cost 77.4622 + 2515.34 = 2592.8 over 440 frames.
20030013_648 ملیشیا ساز پراسسنگ کے رہا تھا 
LOG (lattice-best-path[5.5.907~1-cbed4]:main():lattice-best-path.cc:99) For utterance 20030013_649, best cost 99.7791 + 3369.13 = 3468.91 over 600 frames.
20030013_649 وقوف ہوتے برسراقتدار فلالین نے علاوہ ہے 
LOG (lattice-best-path[5.5.907~1-cbed4]:main():lattice-best-path.cc:99) For utterance 20030013_650, best cost 108.276 + 3795.43 = 3903.71 over 670 frames.
20030013_650 استحقاق انستھیزیا تساہل زیرقیادت ٹرانسپیرنسی بغیر 
LOG (lattice-best-path[5.5.907~1-cbed4]:main():lattice-best-path.cc:99) For utterance 20030013_651, best cost 104.891 + 3040.2 = 3145.09 over 548 frames.
20030013_651 اور کامیڈی مرچوں سیکورٹی بکھیرنے پروگریسیو کی کی 
LOG (lattice-best-path[5.5.907~1-cbed4]:main():lattice-best-path.cc:99) For utterance 20030013_652, best cost 124.453 + 3915.28 = 4039.74 over 696 frames.
20030013_652 ایفروایشین کیجیے گھنگریالے صوفیانہ میں کچوکے سہولت اور سے 
LOG (lattice-best-path[5.5.907~1-cbed4]:main():lattice-best-path.cc:99) For utterance 20030013_653, best cost 99.4659 + 3335.8 = 3435.27 over 600 frames.
20030013_653 لکڑہارے سفید لکڑہارے کے جیون تخلص ہوئے 
LOG (lattice-best-path[5.5.907~1-cbed4]:main():lattice-best-path.cc:99) For utterance 20030013_654, best cost 123.415 + 4090.13 = 4213.54 over 734 frames.
20030013_654 پر فیڈریشنز سیاست سوئمنگ سے ریورس فلیچر میں ستھرے 
LOG (lattice-best-path[5.5.907~1-cbed4]:main():lattice-best-path.cc:99) For utterance 20030013_655, best cost 85.0664 + 3351.31 = 3436.38 over 600 frames.
20030013_655 والا سچائی فوقیت گزارنے پریشر 
LOG (lattice-best-path[5.5.907~1-cbed4]:main():lattice-best-path.cc:99) For utterance 20030013_656, best cost 115.966 + 4101.36 = 4217.33 over 734 frames.
20030013_656 بےعزتی کیلئے تجزیے مطالعے بسر چرانے کس کریں 
LOG (lattice-best-path[5.5.907~1-cbed4]:main():lattice-best-path.cc:99) For utterance 20030013_657, best cost 82.4536 + 2977.25 = 3059.7 over 542 frames.
20030013_657 آمدورفت ایگزیکٹو کے تدابیر سمفنی 
LOG (lattice-best-path[5.5.907~1-cbed4]:main():lattice-best-path.cc:99) For utterance 20030013_658, best cost 93.244 + 3134.78 = 3228.02 over 561 frames.
20030013_658 لومیرج کرنے والے دلجوئی لیس کی تصورات 
LOG (lattice-best-path[5.5.907~1-cbed4]:main():lattice-best-path.cc:99) For utterance 20030013_659, best cost 119.201 + 3516.91 = 3636.11 over 619 frames.
20030013_659 میں دیکھو فلیچر فوری بطخوں غوروخوض پروین دسویں 
LOG (lattice-best-path[5.5.907~1-cbed4]:main():lattice-best-path.cc:99) For utterance 20030013_660, best cost 55.3077 + 2190.33 = 2245.64 over 401 frames.
20030013_660 کبوتر پروفیسر اننگز 
LOG (lattice-best-path[5.5.907~1-cbed4]:main():lattice-best-path.cc:99) For utterance 20030013_661, best cost 62.1609 + 2345.16 = 2407.32 over 427 frames.
20030013_661 علم امیگریشن برقرار کریں 
LOG (lattice-best-path[5.5.907~1-cbed4]:main():lattice-best-path.cc:99) For utterance 20030013_662, best cost 81.6062 + 2938.44 = 3020.05 over 529 frames.
20030013_662 کر یورینیئم سیروسیاحت کی تجزیہ کریں 
LOG (lattice-best-path[5.5.907~1-cbed4]:main():lattice-best-path.cc:99) For utterance 20030013_663, best cost 123.88 + 4136.11 = 4259.99 over 753 frames.
20030013_663 کی ہونے پراچہ متوفیہ بیساکھی اندھیرے کی طرح سرخرو ہوئی 
LOG (lattice-best-path[5.5.907~1-cbed4]:main():lattice-best-path.cc:99) For utterance 20030013_664, best cost 135.137 + 3931.01 = 4066.15 over 715 frames.
20030013_664 پراسیس اگر قیصر میں پائیدار کولیسٹرول واقعے سنٹر تحریروں ہے 
LOG (lattice-best-path[5.5.907~1-cbed4]:main():lattice-best-path.cc:99) For utterance 20030013_665, best cost 78.2312 + 2697.99 = 2776.22 over 484 frames.
20030013_665 پیغمبر صلاحیت ٹریژری توقع کرو 
LOG (lattice-best-path[5.5.907~1-cbed4]:main():lattice-best-path.cc:99) For utterance 20030013_666, best cost 89.2371 + 2963.44 = 3052.68 over 529 frames.
20030013_666 مجموعے اور سے لگاتا پچھتر غیرضروری ہے 
LOG (lattice-best-path[5.5.907~1-cbed4]:main():lattice-best-path.cc:99) For utterance 20030013_667, best cost 94.2784 + 2843.5 = 2937.78 over 504 frames.
20030013_667 چیریٹی کردار بھیجیں درستگی ہوتی بسر ہوئی 
LOG (lattice-best-path[5.5.907~1-cbed4]:main():lattice-best-path.cc:99) For utterance 20030013_668, best cost 138.567 + 4184.9 = 4323.47 over 747 frames.
20030013_668 ساری خلیل کے کمرے میں ورچوئل پیشوا باغیانہ فلیچر جادوگر 
LOG (lattice-best-path[5.5.907~1-cbed4]:main():lattice-best-path.cc:99) For utterance 20030013_669, best cost 95.6134 + 3123.58 = 3219.19 over 548 frames.
20030013_669 اوزار سموسے اور میوزک کیلئے ضرورت لیا 
LOG (lattice-best-path[5.5.907~1-cbed4]:main():lattice-best-path.cc:99) For utterance 20030013_670, best cost 99.0906 + 3122.54 = 3221.63 over 574 frames.
20030013_670 روضے واقفیت شریفین فراواں بھگوڑوں پر کرو 
LOG (lattice-best-path[5.5.907~1-cbed4]:main():lattice-best-path.cc:99) For utterance 20030013_671, best cost 128.085 + 4362.4 = 4490.48 over 772 frames.
20030013_671 اسلحہ سوسائٹی وغیرہ سالہاسال اور کیسوں بھوجپوری کروفر کیا 
LOG (lattice-best-path[5.5.907~1-cbed4]:main():lattice-best-path.cc:99) For utterance 20030013_672, best cost 93.7693 + 3580.47 = 3674.24 over 632 frames.
20030013_672 انٹیلیجینس موسلادھار برابر سربراہ سربراہ کیا 
LOG (lattice-best-path[5.5.907~1-cbed4]:main():lattice-best-path.cc:99) For utterance 20030013_673, best cost 84.3771 + 3102.41 = 3186.79 over 555 frames.
20030013_673 پڑھائی کتابیں فائربریگیڈ سویٹر پڑتا 
LOG (lattice-best-path[5.5.907~1-cbed4]:main():lattice-best-path.cc:99) For utterance 20030013_674, best cost 122.605 + 4378.79 = 4501.4 over 772 frames.
20030013_674 مچانے کلوننگ برابر صداقت قوانین پیسنے کی کوشش کی 
LOG (lattice-best-path[5.5.907~1-cbed4]:main():lattice-best-path.cc:99) For utterance 20030013_675, best cost 94.4542 + 2911.76 = 3006.21 over 529 frames.
20030013_675 آٹھویں بنوری کلومیٹر سوچے تغافل کاروبار 
LOG (lattice-best-path[5.5.907~1-cbed4]:main():lattice-best-path.cc:99) For utterance 20030013_676, best cost 97.9104 + 3243.21 = 3341.12 over 568 frames.
20030013_676 تہیہ سیسے صلاحیت اور کامیڈی سربراہ کی 
LOG (lattice-best-path[5.5.907~1-cbed4]:main():lattice-best-path.cc:99) For utterance 20030013_677, best cost 161.667 + 5084.78 = 5246.45 over 926 frames.
20030013_677 میں سامنے کیونکہ ڈیویلپر کا گراموفون ہوئی روور کنگھی ایڈونچر تہیں کیا 
LOG (lattice-best-path[5.5.907~1-cbed4]:main():lattice-best-path.cc:99) For utterance 20030013_678, best cost 152.55 + 5454.65 = 5607.2 over 971 frames.
20030013_678 انحصار اور فلیچر اعظم آمیزش بنانے کیلئے آرتھوپیڈک لیفٹننٹ ششدر کریں 
LOG (lattice-best-path[5.5.907~1-cbed4]:main():lattice-best-path.cc:99) For utterance 20030013_679, best cost 73.892 + 2520.53 = 2594.42 over 446 frames.
20030013_679 اور یورینیئم سیلرز ہتھیلی زچگی 
LOG (lattice-best-path[5.5.907~1-cbed4]:main():lattice-best-path.cc:99) For utterance 20030013_680, best cost 124.476 + 3779.59 = 3904.06 over 683 frames.
20030013_680 چوری ضرورت کے بغیر گردوغبار بغاوت میں میں دھماکہ سکتا ہے 
LOG (lattice-best-path[5.5.907~1-cbed4]:main():lattice-best-path.cc:99) For utterance 20030013_681, best cost 114.877 + 3299.34 = 3414.22 over 587 frames.
20030013_681 پراسسنگ کی شون کی باورچی گلوبل پیچیدہ پرویا 
LOG (lattice-best-path[5.5.907~1-cbed4]:main():lattice-best-path.cc:99) For utterance 20030013_682, best cost 118.242 + 4174.2 = 4292.44 over 753 frames.
20030013_682 کی فوجداری کی اوپر وزیراعلی سنگسار اور بچھونا کو ہے 
LOG (lattice-best-path[5.5.907~1-cbed4]:main():lattice-best-path.cc:99) For utterance 20030013_683, best cost 123.197 + 3676.01 = 3799.21 over 657 frames.
20030013_683 قسم تیزرفتار کیفے نے سیکورٹی کی کے سینیٹ کریں 
LOG (lattice-best-path[5.5.907~1-cbed4]:main():lattice-best-path.cc:99) For utterance 20030013_684, best cost 95.9495 + 3251.85 = 3347.8 over 593 frames.
20030013_684 میری طوفان ایگزیکٹو ممنوع کیلئے پروگرام 
LOG (lattice-best-path[5.5.907~1-cbed4]:main():lattice-best-path.cc:99) For utterance 20030013_685, best cost 89.9027 + 2491.81 = 2581.72 over 446 frames.
20030013_685 گوہر اپوزیشن سے بخشے سپاسنامہ کرو 
LOG (lattice-best-path[5.5.907~1-cbed4]:main():lattice-best-path.cc:99) For utterance 20030013_686, best cost 141.949 + 4298.76 = 4440.71 over 772 frames.
20030013_686 کرنے کے سکتے کی فیشن سے دنیاوی میں زچ پرجوش اپروچ کو 
LOG (lattice-best-path[5.5.907~1-cbed4]:main():lattice-best-path.cc:99) For utterance 20030013_687, best cost 140.991 + 4109.56 = 4250.55 over 721 frames.
20030013_687 سکورز سے بچنے جانے کو ادیبوں گردوغبار سے کی ماڈل ترجمان ہو گئی 
LOG (lattice-best-path[5.5.907~1-cbed4]:main():lattice-best-path.cc:99) For utterance 20030013_688, best cost 158.999 + 4635.28 = 4794.28 over 836 frames.
20030013_688 پلیئر بیچارے وزارت انکلوژر اور دیکھیے کے میں براوو کے پرخچے کالجوں 
LOG (lattice-best-path[5.5.907~1-cbed4]:main():lattice-best-path.cc:99) For utterance 20030013_689, best cost 127.398 + 4204.02 = 4331.42 over 753 frames.
20030013_689 موجودہ برسراقتدار تجرد کو خدانخواستہ سفر سے پچھتر تھا 
LOG (lattice-best-path[5.5.907~1-cbed4]:main():lattice-best-path.cc:99) For utterance 20030013_690, best cost 73.6574 + 2325.7 = 2399.35 over 414 frames.
20030013_690 کے متنازعہ دانشو بےقصور کیا 
LOG (lattice-best-path[5.5.907~1-cbed4]:main():lattice-best-path.cc:99) For utterance 20030013_691, best cost 114.862 + 3309.68 = 3424.54 over 606 frames.
20030013_691 کیسی تجوریاں بچے بغیر مفروضات کر وائرل مندوبین 
LOG (lattice-best-path[5.5.907~1-cbed4]:main():lattice-best-path.cc:99) For utterance 20030013_692, best cost 110.766 + 3971.56 = 4082.32 over 721 frames.
20030013_692 نظرثانی کہا کے میں سیروسیاحت پڑی کے وزیرداخلہ 
LOG (lattice-best-path[5.5.907~1-cbed4]:main():lattice-best-path.cc:99) For utterance 20030013_693, best cost 87.8422 + 2713.39 = 2801.24 over 491 frames.
20030013_693 میں مہاجر استفادے باخبر اداکارائیں رکھو 
LOG (lattice-best-path[5.5.907~1-cbed4]:main():lattice-best-path.cc:99) For utterance 20030013_694, best cost 119.577 + 3611.76 = 3731.34 over 664 frames.
20030013_694 انور چوڑیاں ششدر تساہل طرزفکر سے نیچا مجوزہ 
LOG (lattice-best-path[5.5.907~1-cbed4]:main():lattice-best-path.cc:99) For utterance 20030013_695, best cost 99.8106 + 3091.57 = 3191.38 over 568 frames.
20030013_695 کھویا میں طرزعمل دارومدار کے چاقو پارلیمنٹرین 
LOG (lattice-best-path[5.5.907~1-cbed4]:main():lattice-best-path.cc:99) For utterance 20030013_696, best cost 109.992 + 3241.66 = 3351.66 over 593 frames.
20030013_696 اضافہ سیاحت مماثل مسوڑوں کے بنانے کیلئے حالانکہ ہیں 
LOG (lattice-best-path[5.5.907~1-cbed4]:main():lattice-best-path.cc:99) For utterance 20030013_697, best cost 93.5742 + 2734.6 = 2828.17 over 497 frames.
20030013_697 منور سے صدیقین کینیڈین بنیں پرفارم تھا 
LOG (lattice-best-path[5.5.907~1-cbed4]:main():lattice-best-path.cc:99) For utterance 20030013_698, best cost 88.3016 + 3838.75 = 3927.05 over 721 frames.
20030013_698 باران طاغوتی اشارہ بااثر چلا گیا 
LOG (lattice-best-path[5.5.907~1-cbed4]:main():lattice-best-path.cc:99) For utterance 20030013_699, best cost 119.877 + 3408.12 = 3528 over 625 frames.
20030013_699 ٹریجڈی گستاخی چلیں بتایا کیا نعمت اقدامات سوچوں 
LOG (lattice-best-path[5.5.907~1-cbed4]:main():lattice-best-path.cc:99) For utterance 20030013_700, best cost 112.793 + 3229.51 = 3342.31 over 587 frames.
20030013_700 کو سرخرو کی تبدیلی میں تغافل کی جوڈیشل اثرورسوخ 
LOG (lattice-best-path[5.5.907~1-cbed4]:main():lattice-best-path.cc:99) For utterance 20030013_701, best cost 159.333 + 3949.02 = 4108.36 over 728 frames.
20030013_701 مضمون اور معلوم خوارزمی کی عمر ماچھی سے خوارزمی سے صحبتوں بوسن آیا 
LOG (lattice-best-path[5.5.907~1-cbed4]:main():lattice-best-path.cc:99) For utterance 20030013_702, best cost 118.414 + 3677.22 = 3795.64 over 683 frames.
20030013_702 کر فیصلہ فرخندہ کی دھوپ میں حریفوں آرگنائزنگ گوشوں 
LOG (lattice-best-path[5.5.907~1-cbed4]:main():lattice-best-path.cc:99) For utterance 20030013_703, best cost 100.113 + 2571.41 = 2671.52 over 465 frames.
20030013_703 تنازعے سے تربیتی جھینگے فقروں کاروبار جانے کو ہے 
LOG (lattice-best-path[5.5.907~1-cbed4]:main():lattice-best-path.cc:99) For utterance 20030013_704, best cost 123.6 + 3596.12 = 3719.72 over 676 frames.
20030013_704 چغتائی نے فیشن متنازعہ میں کے انظباتی پراٹھا پراسیس ہیں 
LOG (lattice-best-path[5.5.907~1-cbed4]:main():lattice-best-path.cc:99) For utterance 20030013_705, best cost 100.771 + 2684.57 = 2785.34 over 491 frames.
20030013_705 معاوضہ یرغمال اعتراف علاوہ پانچوں سے کڑوی 
LOG (lattice-best-path[5.5.907~1-cbed4]:main():lattice-best-path.cc:99) For utterance 20030013_706, best cost 71.1735 + 2047.69 = 2118.87 over 363 frames.
20030013_706 درستگی حیثیت زیراہتمام بیچوں 
LOG (lattice-best-path[5.5.907~1-cbed4]:main():lattice-best-path.cc:99) For utterance 20030013_707, best cost 83.5503 + 2445.76 = 2529.31 over 452 frames.
20030013_707 ماضی قبول آہستہ ضلعی گودام نہ کریں 
LOG (lattice-scale[5.5.907~1-cbed4]:main():lattice-scale.cc:107) Done 432 lattices.
LOG (lattice-add-penalty[5.5.907~1-cbed4]:main():lattice-add-penalty.cc:62) Done adding word insertion penalty to 432 lattices.
LOG (lattice-best-path[5.5.907~1-cbed4]:main():lattice-best-path.cc:99) For utterance 20030013_708, best cost 124.371 + 3375.57 = 3499.94 over 606 frames.
20030013_708 مصنف الیون لینے میں کے غصہ رسیدہ طریقہ مسلمان 
LOG (lattice-best-path[5.5.907~1-cbed4]:main():lattice-best-path.cc:124) Overall cost per frame is 5.82058 = 0.170605 [graph] + 5.64998 [acoustic] over 354849 frames.
LOG (lattice-best-path[5.5.907~1-cbed4]:main():lattice-best-path.cc:128) Done 432 lattices, failed for 0
# Accounting: time=18 threads=1
# Ended (code 0) at Thu Apr 22 07:23:31 PKT 2021, elapsed time 18 seconds
