# gunzip -c exp/tri1/decode/depth_tmp.*.gz | steps/diagnostic/analyze_lattice_depth_stats.py exp/tri1/graph exp/tri1/decode/ali_frame_tmp.gz 
# Started at Wed Apr 21 07:18:23 PKT 2021
#
The total amount of data analyzed assuming 100 frames per second is 0.2 hours
Overall, lattice depth (10,50,90-percentile)=(2,8,28) and mean=12.5
Nonsilence phones as a group account for 74.5% of frames, with lattice depth (10,50,90-percentile)=(2,8,31) and mean=13.5
Phone SIL accounts for 25.4% of frames, with lattice depth (10,50,90-percentile)=(1,5,21) and mean=9.8
Phone A_I accounts for 5.8% of frames, with lattice depth (10,50,90-percentile)=(2,9,32) and mean=13.8
Phone A_Y_E accounts for 4.1% of frames, with lattice depth (10,50,90-percentile)=(2,8,30) and mean=13.0
Phone A_A_I accounts for 3.4% of frames, with lattice depth (10,50,90-percentile)=(1,6,23) and mean=10.0
Phone K_B accounts for 3.3% of frames, with lattice depth (10,50,90-percentile)=(2,8,24) and mean=11.6
Phone A_A_E accounts for 3.0% of frames, with lattice depth (10,50,90-percentile)=(1,5,19) and mean=9.5
Phone I_I1_E accounts for 2.9% of frames, with lattice depth (10,50,90-percentile)=(2,8,34) and mean=14.1
Phone O_O_I accounts for 2.5% of frames, with lattice depth (10,50,90-percentile)=(2,9,38) and mean=14.5
Phone S_B accounts for 2.3% of frames, with lattice depth (10,50,90-percentile)=(2,8,26) and mean=11.6
Phone R_E accounts for 2.1% of frames, with lattice depth (10,50,90-percentile)=(2,10,28) and mean=14.2
Phone I_I1_I accounts for 1.9% of frames, with lattice depth (10,50,90-percentile)=(2,9,30) and mean=14.1
Phone I_I accounts for 1.5% of frames, with lattice depth (10,50,90-percentile)=(2,7,31) and mean=13.1
Phone M_B accounts for 1.4% of frames, with lattice depth (10,50,90-percentile)=(2,8,25) and mean=12.7
Phone R_I accounts for 1.4% of frames, with lattice depth (10,50,90-percentile)=(2,10,33) and mean=15.1
Phone O_O_E accounts for 1.3% of frames, with lattice depth (10,50,90-percentile)=(2,7,26) and mean=11.5
Phone B_B accounts for 1.3% of frames, with lattice depth (10,50,90-percentile)=(3,10,26) and mean=13.7
Phone A_Y_N_E accounts for 1.2% of frames, with lattice depth (10,50,90-percentile)=(2,9,35) and mean=15.5
Phone A_Y_I accounts for 1.2% of frames, with lattice depth (10,50,90-percentile)=(2,10,36) and mean=16.9
Phone S_I accounts for 1.2% of frames, with lattice depth (10,50,90-percentile)=(2,10,30) and mean=13.9
Phone A_E1_I accounts for 1.1% of frames, with lattice depth (10,50,90-percentile)=(4,10,36) and mean=16.8
Phone U_U_I accounts for 1.0% of frames, with lattice depth (10,50,90-percentile)=(1,6,26) and mean=11.7
Phone A_B accounts for 1.0% of frames, with lattice depth (10,50,90-percentile)=(3,11,32) and mean=15.9
Phone S_E accounts for 0.9% of frames, with lattice depth (10,50,90-percentile)=(2,8,28) and mean=11.7
Phone L_I accounts for 0.9% of frames, with lattice depth (10,50,90-percentile)=(1,7,28) and mean=12.2
Phone D_Z_B accounts for 0.9% of frames, with lattice depth (10,50,90-percentile)=(2,8,37) and mean=14.8
Phone N_I accounts for 0.8% of frames, with lattice depth (10,50,90-percentile)=(1,7,32) and mean=11.3
Phone D_Z_I accounts for 0.8% of frames, with lattice depth (10,50,90-percentile)=(1,8,29) and mean=11.7
Phone U_I accounts for 0.8% of frames, with lattice depth (10,50,90-percentile)=(2,7,20) and mean=9.4
Phone A_A_B accounts for 0.8% of frames, with lattice depth (10,50,90-percentile)=(2,7,20) and mean=10.4
Phone H_B accounts for 0.8% of frames, with lattice depth (10,50,90-percentile)=(1,7,26) and mean=12.1
Phone O_B accounts for 0.7% of frames, with lattice depth (10,50,90-percentile)=(2,5,24) and mean=9.5
Phone S_H_I accounts for 0.7% of frames, with lattice depth (10,50,90-percentile)=(2,5,20) and mean=10.2
Phone G_B accounts for 0.7% of frames, with lattice depth (10,50,90-percentile)=(3,9,33) and mean=16.2
Phone M_E accounts for 0.7% of frames, with lattice depth (10,50,90-percentile)=(3,10,27) and mean=13.4
Phone N_B accounts for 0.7% of frames, with lattice depth (10,50,90-percentile)=(3,9,31) and mean=13.2
Phone N_E accounts for 0.6% of frames, with lattice depth (10,50,90-percentile)=(3,15,32) and mean=16.0
Phone J_I accounts for 0.6% of frames, with lattice depth (10,50,90-percentile)=(1,5,16) and mean=7.9
Phone T_D_B accounts for 0.6% of frames, with lattice depth (10,50,90-percentile)=(3,9,29) and mean=13.6
Phone D_D_B accounts for 0.6% of frames, with lattice depth (10,50,90-percentile)=(2,13,59) and mean=20.1
Phone M_I accounts for 0.6% of frames, with lattice depth (10,50,90-percentile)=(2,8,26) and mean=12.1
Phone L_E accounts for 0.5% of frames, with lattice depth (10,50,90-percentile)=(2,11,62) and mean=19.8
Phone D_D_I accounts for 0.5% of frames, with lattice depth (10,50,90-percentile)=(1,6,31) and mean=12.3
# Accounting: time=0 threads=1
# Ended (code 0) at Wed Apr 21 07:18:23 PKT 2021, elapsed time 0 seconds
