# lattice-scale --inv-acoustic-scale=7 "ark:gunzip -c exp/tri4/decode/lat.*.gz|" ark:- | lattice-add-penalty --word-ins-penalty=0.5 ark:- ark:- | lattice-best-path --word-symbol-table=exp/tri4/graph/words.txt ark:- ark,t:- | utils/int2sym.pl -f 2- exp/tri4/graph/words.txt | cat > exp/tri4/decode/scoring_kaldi/penalty_0.5/7.txt 
# Started at Wed Apr 21 11:03:30 PKT 2021
#
lattice-add-penalty --word-ins-penalty=0.5 ark:- ark:- 
lattice-scale --inv-acoustic-scale=7 'ark:gunzip -c exp/tri4/decode/lat.*.gz|' ark:- 
lattice-best-path --word-symbol-table=exp/tri4/graph/words.txt ark:- ark,t:- 
LOG (lattice-best-path[5.5.907~1-cbed4]:main():lattice-best-path.cc:99) For utterance 20030013_601, best cost 261.468 + 6590.31 = 6851.78 over 952 frames.
20030013_601 مثبت صیاد تک کو چیک کے قاری ڈیرے شو میں ہیں ذریعے لنگر کی کو لیلی ادھار وولر پڑ آؤ کو قبول کرنے ہے 
LOG (lattice-best-path[5.5.907~1-cbed4]:main():lattice-best-path.cc:99) For utterance 20030013_602, best cost 290.865 + 8391.41 = 8682.28 over 1201 frames.
20030013_602 دلوں بقول آئیوڈین کے نارتھ اور کیلئے پر رتھ کے ہوے پڑھائی کی لو اور وحشی آلود شے کے گاؤ کریں اس کرنے کی شرکت سے آرزوئیں ہے 
LOG (lattice-best-path[5.5.907~1-cbed4]:main():lattice-best-path.cc:99) For utterance 20030013_603, best cost 257.531 + 6129.29 = 6386.82 over 875 frames.
20030013_603 شے اور چل گراں اور نزلے کی بن بعض کے رہتے عمل پر اُٹھایا وعدہ دیتی میں دیکھ بسوں پر کا رم نے چاول دیئے 
LOG (lattice-best-path[5.5.907~1-cbed4]:main():lattice-best-path.cc:99) For utterance 20030013_604, best cost 223.387 + 6112.24 = 6335.62 over 920 frames.
20030013_604 سوجھی میں نہ علی کی داؤ مون کی گڑھ پر پڑی تو کہا سے تو اور چاہے کے گھس دن آخری اٹھائے 
LOG (lattice-best-path[5.5.907~1-cbed4]:main():lattice-best-path.cc:99) For utterance 20030013_605, best cost 163.018 + 4097.57 = 4260.59 over 606 frames.
20030013_605 سول در شو بوائے جون کے پیش شیڈ مین گھول کر کا خلیے تک 
LOG (lattice-best-path[5.5.907~1-cbed4]:main():lattice-best-path.cc:99) For utterance 20030013_606, best cost 181.853 + 4536.26 = 4718.11 over 638 frames.
20030013_606 نہ دین کے دماغی میں بلوں ورک سے کی اثنا کیوں کے اعتراف اوس کی بڑی عزیز ہے 
LOG (lattice-best-path[5.5.907~1-cbed4]:main():lattice-best-path.cc:99) For utterance 20030013_607, best cost 138.749 + 3068.98 = 3207.73 over 440 frames.
20030013_607 افضل یا کی ہول کا کی سب آن گھمبیر نہ بن نہیں سے ہے 
LOG (lattice-best-path[5.5.907~1-cbed4]:main():lattice-best-path.cc:99) For utterance 20030013_608, best cost 172.342 + 5184.51 = 5356.85 over 798 frames.
20030013_608 کو کے کے بورڈ کے مرغی کوکھ فحش کا ڈام چست جانے کیونکہ ان تو ہو گی 
LOG (lattice-best-path[5.5.907~1-cbed4]:main():lattice-best-path.cc:99) For utterance 20030013_609, best cost 225.679 + 4535.47 = 4761.15 over 651 frames.
20030013_609 فلیش ان میں موو بلوں اُمید بار مگر مس نقرس اور اے نکالیں اور کی ستھرے چور کا تصحیح یا کیا 
LOG (lattice-best-path[5.5.907~1-cbed4]:main():lattice-best-path.cc:99) For utterance 20030013_610, best cost 209.352 + 5532.02 = 5741.37 over 792 frames.
20030013_610 موثر اہل ایجنسیوں کا عقیل یوں کی گھمن ڈیڈ آپ نیچے کی طلب سے بو دیا تھے ایسا ہے 
LOG (lattice-best-path[5.5.907~1-cbed4]:main():lattice-best-path.cc:99) For utterance 20030013_611, best cost 162.514 + 4067.52 = 4230.04 over 580 frames.
20030013_611 گھسے پہنے دھینگا کو پر نے کے کے دواؤں کو پر کلراٹھی بوم کے ساتھ کھلے 
LOG (lattice-best-path[5.5.907~1-cbed4]:main():lattice-best-path.cc:99) For utterance 20030013_612, best cost 206.2 + 5687.25 = 5893.45 over 804 frames.
20030013_612 تبدیلی و کی لغو سے شخصے نے ڈال بو روہی جواب سفر تو قوت کی دیوی شب کو اور ہے 
LOG (lattice-best-path[5.5.907~1-cbed4]:main():lattice-best-path.cc:99) For utterance 20030013_613, best cost 105.008 + 2955.36 = 3060.37 over 414 frames.
20030013_613 کا رنگ بلا کوسوں جیل کھول کی نے پیدا کہا 
LOG (lattice-best-path[5.5.907~1-cbed4]:main():lattice-best-path.cc:99) For utterance 20030013_614, best cost 160.819 + 3714.25 = 3875.07 over 523 frames.
20030013_614 دودھ دودھ لینتھ میں کی شو کے کرائی ہو کے ساتھ حملے بغیر سندھو تک لیا 
LOG (lattice-best-path[5.5.907~1-cbed4]:main():lattice-best-path.cc:99) For utterance 20030013_615, best cost 274.655 + 7307.09 = 7581.75 over 1105 frames.
20030013_615 تجارت کا شہزادی نے بلی چھم اجرا زیر کو بلڈ روز کرتے گونگے جوبلی خان آن کی کی جیوری میں ہے گوبر لیڈز بڑھائے 
LOG (lattice-best-path[5.5.907~1-cbed4]:main():lattice-best-path.cc:99) For utterance 20030013_616, best cost 275.38 + 6848.4 = 7123.78 over 977 frames.
20030013_616 توجہ لہو وارڈ پھٹ نے سدھ فن اور بھجن کو فروخت جارج کر کیسی زدہ سب و کی مواد پر کا حلف آئے قرار کیا 
LOG (lattice-best-path[5.5.907~1-cbed4]:main():lattice-best-path.cc:99) For utterance 20030013_617, best cost 197.589 + 4255.3 = 4452.89 over 632 frames.
20030013_617 کمرے پر پڑے سوکھ کے دکھ چوم نے کی گھروں کو عابد کا دیکھ کر پیدا ہنسیں لا با 
LOG (lattice-best-path[5.5.907~1-cbed4]:main():lattice-best-path.cc:99) For utterance 20030013_618, best cost 204.952 + 5244.98 = 5449.93 over 734 frames.
20030013_618 فارم دن کمرے سے روشناس موجوں والے آپ فرض ساغر نے علم یا کے بعد ڈیسک اتحاد کی یا ہے 
LOG (lattice-best-path[5.5.907~1-cbed4]:main():lattice-best-path.cc:99) For utterance 20030013_619, best cost 142.191 + 3086.26 = 3228.45 over 440 frames.
20030013_619 تیز لیلی تشبیہ آپ مرتب ایئر کرنے کا جور عید میں کی جا ہے 
LOG (lattice-best-path[5.5.907~1-cbed4]:main():lattice-best-path.cc:99) For utterance 20030013_620, best cost 221.272 + 6101.36 = 6322.63 over 900 frames.
20030013_620 چینی ملنے پَلوں کے بولوں کو بلوں میں سموئے آ اور دھیرے مغفور و پر قصور چھاؤں کی تیار یقین 
LOG (lattice-best-path[5.5.907~1-cbed4]:main():lattice-best-path.cc:99) For utterance 20030013_621, best cost 204.229 + 5407.89 = 5612.12 over 779 frames.
20030013_621 معجل از گئی ساز میں نے اور کر سوجن کے مانگ بھینسیں مغیث اور جاتی نواز نے میں پھیل کی 
LOG (lattice-best-path[5.5.907~1-cbed4]:main():lattice-best-path.cc:99) For utterance 20030013_622, best cost 225.44 + 4530.22 = 4755.66 over 657 frames.
20030013_622 اونچی ورلڈ میں مین کا اور گدے دیکھ کر کیے درج ان ہو ماہ رسیدہ بیڑے باڑھ کر میں سے بزدل لیں 
LOG (lattice-best-path[5.5.907~1-cbed4]:main():lattice-best-path.cc:99) For utterance 20030013_623, best cost 158.127 + 3907.28 = 4065.41 over 574 frames.
20030013_623 بے انٹر گینز ورلڈ وقت منافعوں اس و برس کا میں لگانے شاہ لیے گیا 
LOG (lattice-best-path[5.5.907~1-cbed4]:main():lattice-best-path.cc:99) For utterance 20030013_624, best cost 231.579 + 6040.27 = 6271.85 over 811 frames.
20030013_624 مفاد سیر کے نوش فوم نے کے کیسی حفاظ کو رکھوا رفو عود عود تین کے چین کے لیے دکھ بشمول تھا 
LOG (lattice-best-path[5.5.907~1-cbed4]:main():lattice-best-path.cc:99) For utterance 20030013_625, best cost 189.649 + 5280.88 = 5470.53 over 696 frames.
20030013_625 نیو لیکن ضائع ورک بھیڑیے کی عارضی کا دے لے کر گیلری زیور کے مواد کے کھو گیا 
LOG (lattice-best-path[5.5.907~1-cbed4]:main():lattice-best-path.cc:99) For utterance 20030013_626, best cost 145.436 + 3132.55 = 3277.98 over 420 frames.
20030013_626 رحم بش نے کھوہ مغلیہ ہے یاب تم کی ایئر وارڈ سن گیا 
LOG (lattice-best-path[5.5.907~1-cbed4]:main():lattice-best-path.cc:99) For utterance 20030013_627, best cost 216.136 + 6299.96 = 6516.1 over 926 frames.
20030013_627 چھلکا خیر غلام آئے کے نہ قوت کے بھال نامی کھیل پڑھوں کے طوفاں مین کھا راولا یا 
LOG (lattice-best-path[5.5.907~1-cbed4]:main():lattice-best-path.cc:99) For utterance 20030013_628, best cost 189.152 + 4538.53 = 4727.68 over 644 frames.
20030013_628 بھگت کی تک نل نے بنانے کیلئے بیٹھی ٹریبیونل میں کو لوں کی خوشی یاں مسخ عود تھیں 
LOG (lattice-best-path[5.5.907~1-cbed4]:main():lattice-best-path.cc:99) For utterance 20030013_629, best cost 228.832 + 6233.71 = 6462.54 over 894 frames.
20030013_629 چھیل گھرے ٹیوب ہوش والوں کے آؤ کو اور نے فیڈر آپ روز انیق نے مغلوں کا ہے جا ڈچ کا لایا 
LOG (lattice-best-path[5.5.907~1-cbed4]:main():lattice-best-path.cc:99) For utterance 20030013_630, best cost 173.391 + 4559.44 = 4732.83 over 606 frames.
20030013_630 قیام پہلا نے نجی بسیار میں آکر بیچے مارچ دل چھین سے خام کے کر گیا 
LOG (lattice-best-path[5.5.907~1-cbed4]:main():lattice-best-path.cc:99) For utterance 20030013_631, best cost 225.776 + 6245.43 = 6471.2 over 843 frames.
20030013_631 سی السی سکول ان ڈار ہیڈ نے وقف آکر کے اے فلڈ رکھنے کے دوست ناظم اور ترچھا لے دیکھا ہے 
LOG (lattice-best-path[5.5.907~1-cbed4]:main():lattice-best-path.cc:99) For utterance 20030013_632, best cost 240.408 + 6967.46 = 7207.87 over 1009 frames.
20030013_632 تزئین سیدھے نے کہا کے روئی کے کی حجت چوروں اور بیڑیاں بے بھجوا کر کا جون اور رسوائی جوے بغیر بن ہوئی 
LOG (lattice-best-path[5.5.907~1-cbed4]:main():lattice-best-path.cc:99) For utterance 20030013_633, best cost 234.954 + 6518.31 = 6753.27 over 913 frames.
20030013_633 ہجر ننگے بردار میں تخیّل کے لیے نیلم مٹیں اور کی سوکھ کی کھاد زچ سنگھ ضد سوئنگ کیلئے دی سی ہیں 
LOG (lattice-best-path[5.5.907~1-cbed4]:main():lattice-best-path.cc:99) For utterance 20030013_634, best cost 169.64 + 3612.65 = 3782.29 over 497 frames.
20030013_634 کو نیشن نے ڈکٹیشن کس آنکھ کیلئے رو کن یقین آکر ٹرین کر پر نائب 
LOG (lattice-best-path[5.5.907~1-cbed4]:main():lattice-best-path.cc:99) For utterance 20030013_635, best cost 220.958 + 5345.96 = 5566.92 over 734 frames.
20030013_635 آف مٹھل کو چین کی اعلان کھاؤ اور میں بیٹھ کے اور علی معمر تک میں یا سے کے سے سول آ کریں 
LOG (lattice-best-path[5.5.907~1-cbed4]:main():lattice-best-path.cc:99) For utterance 20030013_636, best cost 196.404 + 4597.2 = 4793.61 over 657 frames.
20030013_636 قم و بروز کو جون کی جو بلی خدشہ ہونے سے دور جا کا تو عام آ پھول ہوا 
LOG (lattice-best-path[5.5.907~1-cbed4]:main():lattice-best-path.cc:99) For utterance 20030013_637, best cost 175.258 + 4919.72 = 5094.98 over 696 frames.
20030013_637 اس خان کے شبہات میں پونچھ کر رم نیلم ہوتی کی پھیل عرصے ماڈل بلڈ ہوئی 
LOG (lattice-best-path[5.5.907~1-cbed4]:main():lattice-best-path.cc:99) For utterance 20030013_638, best cost 197.737 + 5194.63 = 5392.37 over 760 frames.
20030013_638 کا نیو گوجر کی شیڈ اور میں میں روئیں صورت اور کوٹھڑی کو گھرے کی کے لیے لاکھ سے جج دیں 
LOG (lattice-best-path[5.5.907~1-cbed4]:main():lattice-best-path.cc:99) For utterance 20030013_639, best cost 247.78 + 6013.98 = 6261.76 over 868 frames.
20030013_639 پھیل کے دفتر میں تو کئے دے لینتھ سے اے ترچھی سے سکتے نام کود کی اور طرف ساز سینیٹ دب و چکھیں 
LOG (lattice-best-path[5.5.907~1-cbed4]:main():lattice-best-path.cc:99) For utterance 20030013_640, best cost 225.926 + 5770.01 = 5995.94 over 760 frames.
20030013_640 کہو کے نیو اونس پر بیٹھی کی آ نیچا کی نے پیسنے کونسل کے شعاع لا کا کر چوری کوچ لغو آیا 
LOG (lattice-best-path[5.5.907~1-cbed4]:main():lattice-best-path.cc:99) For utterance 20030013_641, best cost 165.747 + 3725.04 = 3890.78 over 465 frames.
20030013_641 و کو ہے لینے دور بڑی شعبوں بو کی آتی کا تھیسس ٹھاکر ونگ سے کی کی 
LOG (lattice-best-path[5.5.907~1-cbed4]:main():lattice-best-path.cc:99) For utterance 20030013_642, best cost 175.665 + 4300.88 = 4476.54 over 574 frames.
20030013_642 ہر فون کے طرف کی میں سے سیدھے سب کسے ایف بو ٹھوس کی اعتبار ہو کی 
LOG (lattice-best-path[5.5.907~1-cbed4]:main():lattice-best-path.cc:99) For utterance 20030013_643, best cost 197.677 + 5435.89 = 5633.56 over 734 frames.
20030013_643 اس خوف سے ندرت بڑی میں مخل کھدر سے نائب اور بولے اور آپ سے ضائع طرحی داغ ہے 
LOG (lattice-best-path[5.5.907~1-cbed4]:main():lattice-best-path.cc:99) For utterance 20030013_644, best cost 212.387 + 5325.56 = 5537.95 over 683 frames.
20030013_644 پچھلے لیے درج سے کنٹرول پر روے اور سے کرا بچے دی کے سیل کر کس تیری دب کا تیرے 
LOG (lattice-best-path[5.5.907~1-cbed4]:main():lattice-best-path.cc:99) For utterance 20030013_645, best cost 167.393 + 4442.33 = 4609.73 over 580 frames.
20030013_645 میل تھوڑے دیتے سے دولت کے سال گروتھ تو سب کر کرنے کی کا آشنا تلے 
LOG (lattice-best-path[5.5.907~1-cbed4]:main():lattice-best-path.cc:99) For utterance 20030013_646, best cost 185.922 + 4572.12 = 4758.04 over 587 frames.
20030013_646 ساری علاقوں جوس نو جو بنے کے بعد کا عود ڈھیر آ میں برابر ڈام نے تھائی 
LOG (lattice-best-path[5.5.907~1-cbed4]:main():lattice-best-path.cc:99) For utterance 20030013_647, best cost 129.31 + 3594.35 = 3723.67 over 452 frames.
20030013_647 کن سرکا لے کر عزیز بوم نے چون کر بولوں کرائی 
LOG (lattice-best-path[5.5.907~1-cbed4]:main():lattice-best-path.cc:99) For utterance 20030013_648, best cost 120.883 + 3384.58 = 3505.46 over 440 frames.
20030013_648 میں لینے دودھیا چار سکتا لا سچل کیلئے کا روات تھا 
LOG (lattice-best-path[5.5.907~1-cbed4]:main():lattice-best-path.cc:99) For utterance 20030013_649, best cost 159.212 + 4555.75 = 4714.96 over 600 frames.
20030013_649 کفر و کو کے بس کر کے بیک نے کے بعد کا وارڈ کر گہرے لگائی کیے 
LOG (lattice-best-path[5.5.907~1-cbed4]:main():lattice-best-path.cc:99) For utterance 20030013_650, best cost 160.952 + 5151.47 = 5312.42 over 670 frames.
20030013_650 ہتھیلی داغ انستھیزیا تو ساز نے دل کے نقوی ادویات کے علاج کا کی کا ہے 
LOG (lattice-best-path[5.5.907~1-cbed4]:main():lattice-best-path.cc:99) For utterance 20030013_651, best cost 163.244 + 4077.94 = 4241.19 over 548 frames.
20030013_651 غلیل کو تیری مرچوں کی کو کی کا آٹھ اے بوم نے سے پہلے سوکھ کئی تھی 
LOG (lattice-best-path[5.5.907~1-cbed4]:main():lattice-best-path.cc:99) For utterance 20030013_652, best cost 201.248 + 5195.09 = 5396.33 over 696 frames.
20030013_652 پیٹھ رول ایئر کی چیزیں تھنوں کئی اور لے کرتے نو لا میں کا پور کے سدھو تک فوجیں 
LOG (lattice-best-path[5.5.907~1-cbed4]:main():lattice-best-path.cc:99) For utterance 20030013_653, best cost 182.834 + 4420.2 = 4603.04 over 600 frames.
20030013_653 لو اب پر آڑ تیز کسی کر ڈال کر زیر کے کے ذریعے دے تک روز گوہ 
LOG (lattice-best-path[5.5.907~1-cbed4]:main():lattice-best-path.cc:99) For utterance 20030013_654, best cost 185.945 + 5473.09 = 5659.04 over 734 frames.
20030013_654 کرتی اور دے شعور سے سی اسجد جوے اور ان سیفٹی رولز فعل میں کا میں سدھ دیں 
LOG (lattice-best-path[5.5.907~1-cbed4]:main():lattice-best-path.cc:99) For utterance 20030013_655, best cost 126.508 + 4576.89 = 4703.39 over 600 frames.
20030013_655 بم بقیہ چھائی کوڈ دل ایئر کو جانے کا دیش ہے 
LOG (lattice-best-path[5.5.907~1-cbed4]:main():lattice-best-path.cc:99) For utterance 20030013_656, best cost 196.32 + 5605.19 = 5801.51 over 734 frames.
20030013_656 بے سے سے جی ایئر اگر لینتھ اسے کی حیرت بجائے اور سوئے مرجھا رم لکھ اس کریں 
LOG (lattice-best-path[5.5.907~1-cbed4]:main():lattice-best-path.cc:99) For utterance 20030013_657, best cost 148.341 + 3967.95 = 4116.29 over 542 frames.
20030013_657 ہم بھول اب کر ظہیر کی کیفے کردار کیے حد سے مخل لائی 
LOG (lattice-best-path[5.5.907~1-cbed4]:main():lattice-best-path.cc:99) For utterance 20030013_658, best cost 158.149 + 4292.47 = 4450.61 over 561 frames.
20030013_658 ریزرو روڈ کا میں ورک لے ہوئی ڈیڑھ اس کی بعد سے ابھار ہوں 
LOG (lattice-best-path[5.5.907~1-cbed4]:main():lattice-best-path.cc:99) For utterance 20030013_659, best cost 179.528 + 4798.95 = 4978.48 over 619 frames.
20030013_659 مل کی عود کر اسے چائے اور تھوڑی کا تیقن غوروخوض کے بعد بوئے یہ در سوئے 
LOG (lattice-best-path[5.5.907~1-cbed4]:main():lattice-best-path.cc:99) For utterance 20030013_660, best cost 98.6056 + 2924.67 = 3023.27 over 401 frames.
20030013_660 ابو خان کے بو کچرا میں ویلیو سب 
LOG (lattice-best-path[5.5.907~1-cbed4]:main():lattice-best-path.cc:99) For utterance 20030013_661, best cost 118.921 + 3039.3 = 3158.22 over 427 frames.
20030013_661 طلب لینے کیلئے بیچ ابھر عمل کر کہا کر کروائیں 
LOG (lattice-best-path[5.5.907~1-cbed4]:main():lattice-best-path.cc:99) For utterance 20030013_662, best cost 138.047 + 3905.11 = 4043.15 over 529 frames.
20030013_662 کر ٹرین جو ہو کی عدلیہ چلیں دس تجارت کی تجزیہ بکھرے 
LOG (lattice-best-path[5.5.907~1-cbed4]:main():lattice-best-path.cc:99) For utterance 20030013_663, best cost 177.259 + 5338.78 = 5516.04 over 753 frames.
20030013_663 پی رونے جان چار مرتب انگوٹھی عرس سال کی اٹھیں دے کی تنقیص وقوف ہوئے 
LOG (lattice-best-path[5.5.907~1-cbed4]:main():lattice-best-path.cc:99) For utterance 20030013_664, best cost 223.402 + 5215.32 = 5438.72 over 715 frames.
20030013_664 کا لا سے یا لے کے پر ریاض ان نے دائِیں نائب کوئلے کر محلول دور کلیجی کر اور کے کھڑے ہو گئے 
LOG (lattice-best-path[5.5.907~1-cbed4]:main():lattice-best-path.cc:99) For utterance 20030013_665, best cost 143.515 + 3577.74 = 3721.26 over 484 frames.
20030013_665 فیصلے پہ سالہ ویزے سے گریڈ چینی دو وصف اوس کر کوکھ 
LOG (lattice-best-path[5.5.907~1-cbed4]:main():lattice-best-path.cc:99) For utterance 20030013_666, best cost 167.028 + 4010.97 = 4178 over 529 frames.
20030013_666 گول سے ہوے قبول سیلرز پر حق کا اگر تک سے رکھ خیر سے بو لیے 
LOG (lattice-best-path[5.5.907~1-cbed4]:main():lattice-best-path.cc:99) For utterance 20030013_667, best cost 142.958 + 3838.96 = 3981.92 over 504 frames.
20030013_667 پہ کی کی رسیدہ اسے چل دیوی سے کی بورڈ کی بس ان ہوئی 
LOG (lattice-best-path[5.5.907~1-cbed4]:main():lattice-best-path.cc:99) For utterance 20030013_668, best cost 220.894 + 5727.19 = 5948.09 over 747 frames.
20030013_668 سانولے کرو اور کی لیڈز کے پر لڑیں میں ابھرے والا چور کا کچلا ان گیا گیا تیاگ سے جا اعتراف 
LOG (lattice-best-path[5.5.907~1-cbed4]:main():lattice-best-path.cc:99) For utterance 20030013_669, best cost 145.406 + 4385.35 = 4530.76 over 548 frames.
20030013_669 کو ایچ حسن و فعل کوٹھڑی گذر کیلئے لیزر روڈ پیٹھ کیا 
LOG (lattice-best-path[5.5.907~1-cbed4]:main():lattice-best-path.cc:99) For utterance 20030013_670, best cost 146.114 + 4087.71 = 4233.82 over 574 frames.
20030013_670 روضے کا آخری آشرم رہتے کے سرکا واں کو بوڑھوں بھرتا لو 
LOG (lattice-best-path[5.5.907~1-cbed4]:main():lattice-best-path.cc:99) For utterance 20030013_671, best cost 212.89 + 6013.38 = 6226.27 over 772 frames.
20030013_671 اس کی کے پہلے سوسائٹی گھوڑے نے کہا ذوق اور اس بہو ہول کے سقوط جوبلی نہ کوکھ اور کیے جاؤ 
LOG (lattice-best-path[5.5.907~1-cbed4]:main():lattice-best-path.cc:99) For utterance 20030013_672, best cost 163.728 + 4957.81 = 5121.54 over 632 frames.
20030013_672 انٹر میں ڈیسک موثر لائے طرف ارکان پر سربراہ اوصاف در ضلع کھلکھلا ہے 
LOG (lattice-best-path[5.5.907~1-cbed4]:main():lattice-best-path.cc:99) For utterance 20030013_673, best cost 149.246 + 4153.73 = 4302.98 over 555 frames.
20030013_673 پڑھائی کے چار کے نادر گھول جوگی نظر جب کہف عورت ہائے 
LOG (lattice-best-path[5.5.907~1-cbed4]:main():lattice-best-path.cc:99) For utterance 20030013_674, best cost 176.103 + 6056.47 = 6232.57 over 772 frames.
20030013_674 نقشوں نے پُلوں نہر بن رکھا پرچم دھاڑ کر اور والی نے اس نے کی کوشش کی 
LOG (lattice-best-path[5.5.907~1-cbed4]:main():lattice-best-path.cc:99) For utterance 20030013_675, best cost 173.272 + 3952.44 = 4125.71 over 529 frames.
20030013_675 آئے جہد دور اولی کے رویے فرض کوچ دیں تک داؤ فون کا لوحوں اٹھائے 
LOG (lattice-best-path[5.5.907~1-cbed4]:main():lattice-best-path.cc:99) For utterance 20030013_676, best cost 163.933 + 4386.21 = 4550.14 over 568 frames.
20030013_676 اپنی رہائش کی سیلز کا نتھی چاقو علاوہ نے فن بیشتر بڑے فن رکھی 
LOG (lattice-best-path[5.5.907~1-cbed4]:main():lattice-best-path.cc:99) For utterance 20030013_677, best cost 233.962 + 6834.25 = 7068.21 over 926 frames.
20030013_677 مثال میں کوئی یا کی کوٹھی گول مدھر کبیر گم غوث و گوبھی روٹھ برطانوی کی ایل بکھیر کہف لایا 
LOG (lattice-best-path[5.5.907~1-cbed4]:main():lattice-best-path.cc:99) For utterance 20030013_678, best cost 241.946 + 7333.23 = 7575.18 over 971 frames.
20030013_678 سمفنی سب کو اور ڈیلی خیر کہو زوال اثر چرانے کے لیے ہر کو جلو افیکٹ سے مشق عشرے ایئر کریں ہیں 
LOG (lattice-best-path[5.5.907~1-cbed4]:main():lattice-best-path.cc:99) For utterance 20030013_679, best cost 107.059 + 3383.86 = 3490.92 over 446 frames.
20030013_679 گوڈی اور ریڑھی کر چیلہ کچہری تھیلی سنچری 
LOG (lattice-best-path[5.5.907~1-cbed4]:main():lattice-best-path.cc:99) For utterance 20030013_680, best cost 191.904 + 5034.78 = 5226.69 over 683 frames.
20030013_680 جوبلی گز اوڑھا بینک کے وعدہ تو دور غائب کفار آ برعکس میں میں گھیراؤ آ جاتا ہے 
LOG (lattice-best-path[5.5.907~1-cbed4]:main():lattice-best-path.cc:99) For utterance 20030013_681, best cost 181.136 + 4336.99 = 4518.12 over 587 frames.
20030013_681 زدہ جج سمجھی ایچ کو گذر کی تھا رسولی کھولو اور پر کھچی دھار برس اور گیا 
LOG (lattice-best-path[5.5.907~1-cbed4]:main():lattice-best-path.cc:99) For utterance 20030013_682, best cost 191.193 + 5527.59 = 5718.78 over 753 frames.
20030013_682 ریچھ اور شعاع دیکھیے لوٹ پر ایسڈ ہے کلاں سزا کر بوئے ایچ شوہر معلوم کیے 
LOG (lattice-best-path[5.5.907~1-cbed4]:main():lattice-best-path.cc:99) For utterance 20030013_683, best cost 189.241 + 5114.23 = 5303.47 over 657 frames.
20030013_683 لیے سے مگ کلچر تو تک ڈھے دن نے ایسی پھرتی کے ایک تیز سے نے کر گئی 
LOG (lattice-best-path[5.5.907~1-cbed4]:main():lattice-best-path.cc:99) For utterance 20030013_684, best cost 154.169 + 4164.17 = 4318.34 over 593 frames.
20030013_684 نے غیر کی بھول خواری جھٹکے قیوم عمل عود یہ بالکل اختر گاؤں 
LOG (lattice-best-path[5.5.907~1-cbed4]:main():lattice-best-path.cc:99) For utterance 20030013_685, best cost 134.559 + 3276.73 = 3411.29 over 446 frames.
20030013_685 جو فعال ابو سی بن زیر بخشے اور سے کا سے لنگا دو 
LOG (lattice-best-path[5.5.907~1-cbed4]:main():lattice-best-path.cc:99) For utterance 20030013_686, best cost 194.124 + 5714.91 = 5909.04 over 772 frames.
20030013_686 سول پھینک کے ایں صبر خیلوی وی پریشر سے بلدیاتی میں کھچ کر شو شب کوچوں 
LOG (lattice-best-path[5.5.907~1-cbed4]:main():lattice-best-path.cc:99) For utterance 20030013_687, best cost 225.124 + 5526.81 = 5751.93 over 721 frames.
20030013_687 جوق سوئس کے بدسلوکی سے آپ زیب اولی ذوق اب بغور رازق چیک مآب کر دب بچوں مرغوب کرائی 
LOG (lattice-best-path[5.5.907~1-cbed4]:main():lattice-best-path.cc:99) For utterance 20030013_688, best cost 226.661 + 6073.2 = 6299.86 over 836 frames.
20030013_688 پر کی بلکہ چادر بل بچار کسے جلووں گروہ دیکھی کے دیکھ میں گراں ہوم کے پر ہر لیتا گے جاؤ 
LOG (lattice-best-path[5.5.907~1-cbed4]:main():lattice-best-path.cc:99) For utterance 20030013_689, best cost 210.363 + 5456.89 = 5667.26 over 753 frames.
20030013_689 بو چوزوں درج اجزا کی لا کیا جان اور جو گول بنائیں بچوں سب بسیں اچھل کر جائے 
LOG (lattice-best-path[5.5.907~1-cbed4]:main():lattice-best-path.cc:99) For utterance 20030013_690, best cost 129.183 + 3073.55 = 3202.73 over 414 frames.
20030013_690 پہ دودھیا لا پڑھائی کے شو بے کچھ بو نہیں جاتی 
LOG (lattice-best-path[5.5.907~1-cbed4]:main():lattice-best-path.cc:99) For utterance 20030013_691, best cost 161.895 + 4290.76 = 4452.66 over 606 frames.
20030013_691 کیسی دلجوئی کیلئے اگرچہ کر دھوئے اور ضد اوزار پر معائنہ ایلویٹ ٹھونس دیئے 
LOG (lattice-best-path[5.5.907~1-cbed4]:main():lattice-best-path.cc:99) For utterance 20030013_692, best cost 179.276 + 5261.69 = 5440.96 over 721 frames.
20030013_692 بطخوں نظام نے کہا کے میں ایسے غصہ گہرے حق ریڑھی کے ٹری کا تیرے گاؤں 
LOG (lattice-best-path[5.5.907~1-cbed4]:main():lattice-best-path.cc:99) For utterance 20030013_693, best cost 143.785 + 3418.82 = 3562.61 over 491 frames.
20030013_693 میں نے حد کے جوے اسے کہا کے رفتار کرے نہ کر رہیں مدعو 
LOG (lattice-best-path[5.5.907~1-cbed4]:main():lattice-best-path.cc:99) For utterance 20030013_694, best cost 208.377 + 4663.98 = 4872.36 over 664 frames.
20030013_694 کر ان بچّو اڑا آنکھ شے اشفاق معیاد پر ساتھ کو درجے اور اسے کی چاقو چوہوں بند بنایا 
LOG (lattice-best-path[5.5.907~1-cbed4]:main():lattice-best-path.cc:99) For utterance 20030013_695, best cost 168.921 + 3956.88 = 4125.8 over 568 frames.
20030013_695 کوئی کی جانے قرضے جانے زود کیا رو اگر کے جاؤں تو پانی میں گھلیں عام 
LOG (lattice-best-path[5.5.907~1-cbed4]:main():lattice-best-path.cc:99) For utterance 20030013_696, best cost 151.567 + 4165.45 = 4317.02 over 593 frames.
20030013_696 کے شے الفاظ کے کیا معدے کو مجموعی مسوڑوں کے بنانے کیلئے باران کیا جائے 
LOG (lattice-best-path[5.5.907~1-cbed4]:main():lattice-best-path.cc:99) For utterance 20030013_697, best cost 155.596 + 3543.17 = 3698.76 over 497 frames.
20030013_697 بہ لو اور کا عود سے سیل ایندھن لیڈی جائیں کرنے کا اب کام ہو گا 
LOG (lattice-best-path[5.5.907~1-cbed4]:main():lattice-best-path.cc:99) For utterance 20030013_698, best cost 163.103 + 4824.52 = 4987.63 over 721 frames.
20030013_698 بار بم ذاد عود دین کے شاہ پاک باعث کام جائزہ لینے لہو 
LOG (lattice-best-path[5.5.907~1-cbed4]:main():lattice-best-path.cc:99) For utterance 20030013_699, best cost 184.079 + 4375.73 = 4559.81 over 625 frames.
20030013_699 میں جسٹس ٹیوب اوس کار کی جھلی نے بتایا کے اہلیہ نے کی اور مری کا مقصود جوق 
LOG (lattice-best-path[5.5.907~1-cbed4]:main():lattice-best-path.cc:99) For utterance 20030013_700, best cost 163.142 + 4263.9 = 4427.04 over 587 frames.
20030013_700 گوشوں اور تھو کی تبلیغ میں تغافل کی سوجھی جھڑپ کر گو سوکھ ذوق تھا 
LOG (lattice-best-path[5.5.907~1-cbed4]:main():lattice-best-path.cc:99) For utterance 20030013_701, best cost 225.12 + 5032.08 = 5257.2 over 728 frames.
20030013_701 مضمون باؤلر مان بھون و کو بدل کی تو مس نہ جی سے کھول با کر ماچس قوت تو بوسن آیا 
LOG (lattice-best-path[5.5.907~1-cbed4]:main():lattice-best-path.cc:99) For utterance 20030013_702, best cost 174.127 + 4811.49 = 4985.61 over 683 frames.
20030013_702 غیر فیصلہ اب اور کود بات کی کود میں کرے کو کا گناہ دل بخشش و 
LOG (lattice-best-path[5.5.907~1-cbed4]:main():lattice-best-path.cc:99) For utterance 20030013_703, best cost 145.875 + 3296.32 = 3442.19 over 465 frames.
20030013_703 پہلا زاید سے دور کی کی جیم کے فقروں کا ہوں بار ظاہر ہوتا ہے 
LOG (lattice-best-path[5.5.907~1-cbed4]:main():lattice-best-path.cc:99) For utterance 20030013_704, best cost 155.934 + 4626.96 = 4782.89 over 676 frames.
20030013_704 چودہ دھیمی سے شل مطالعہ عذاب دین کے انظباتی پہلا اور کا پراسیس ہے 
LOG (lattice-scale[5.5.907~1-cbed4]:main():lattice-scale.cc:107) Done 108 lattices.
LOG (lattice-best-path[5.5.907~1-cbed4]:main():lattice-best-path.cc:99) For utterance 20030013_705, best cost 150.012 + 3480.13 = 3630.15 over 491 frames.
20030013_705 باغ آج اگلا بنائی پھر ویزے جا پر لاگت کانفرنسوں سے باڑھ گئی 
LOG (lattice-best-path[5.5.907~1-cbed4]:main():lattice-best-path.cc:99) For utterance 20030013_706, best cost 110.228 + 2789.93 = 2900.16 over 363 frames.
20030013_706 ابو سفید اویسی یا کی دیکھیں تو مدون مرچوں 
LOG (lattice-add-penalty[5.5.907~1-cbed4]:main():lattice-add-penalty.cc:62) Done adding word insertion penalty to 108 lattices.
LOG (lattice-best-path[5.5.907~1-cbed4]:main():lattice-best-path.cc:99) For utterance 20030013_707, best cost 130.495 + 3148.58 = 3279.08 over 452 frames.
20030013_707 ماضی کو بلا تیز واضح بڑے یوں نیز گناہوں میں نہ کریں 
LOG (lattice-best-path[5.5.907~1-cbed4]:main():lattice-best-path.cc:99) For utterance 20030013_708, best cost 175.143 + 4489.55 = 4664.69 over 606 frames.
20030013_708 مشعر نے سے پہلے برڈ میں نے ملی کچھ کہا رسیدہ تیری کہا اب مشق سمجھا ہے 
LOG (lattice-best-path[5.5.907~1-cbed4]:main():lattice-best-path.cc:124) Overall cost per frame is 7.52013 = 0.276484 [graph] + 7.24365 [acoustic] over 71279 frames.
LOG (lattice-best-path[5.5.907~1-cbed4]:main():lattice-best-path.cc:128) Done 108 lattices, failed for 0
# Accounting: time=2 threads=1
# Ended (code 0) at Wed Apr 21 11:03:32 PKT 2021, elapsed time 2 seconds
