# lattice-scale --inv-acoustic-scale=15 "ark:gunzip -c exp/tri4/decode/lat.*.gz|" ark:- | lattice-add-penalty --word-ins-penalty=0.0 ark:- ark:- | lattice-best-path --word-symbol-table=exp/tri4/graph/words.txt ark:- ark,t:- | utils/int2sym.pl -f 2- exp/tri4/graph/words.txt | cat > exp/tri4/decode/scoring_kaldi/penalty_0.0/15.txt 
# Started at Wed Apr 21 11:03:27 PKT 2021
#
lattice-scale --inv-acoustic-scale=15 'ark:gunzip -c exp/tri4/decode/lat.*.gz|' ark:- 
lattice-best-path --word-symbol-table=exp/tri4/graph/words.txt ark:- ark,t:- 
lattice-add-penalty --word-ins-penalty=0.0 ark:- ark:- 
LOG (lattice-best-path[5.5.907~1-cbed4]:main():lattice-best-path.cc:99) For utterance 20030013_601, best cost 212.217 + 3099.05 = 3311.27 over 952 frames.
20030013_601 تو بچیاں تک کو چیک کے قاری دریچوں میں تھری گنگولی کو لیلی ادھار وولر پڑھو کو قبول کرنے ہے 
LOG (lattice-best-path[5.5.907~1-cbed4]:main():lattice-best-path.cc:99) For utterance 20030013_602, best cost 257.898 + 3929.86 = 4187.75 over 1201 frames.
20030013_602 دلوں بقول آئیوڈین کے نارتھ اور کیلئے پر کے ہوے پڑھائی کی لو وحشی آلود سے کے گاؤ کریں اس کرنے کی شرکت سے آرزوئیں ہے 
LOG (lattice-best-path[5.5.907~1-cbed4]:main():lattice-best-path.cc:99) For utterance 20030013_603, best cost 216.478 + 2877.01 = 3093.49 over 875 frames.
20030013_603 شمسی روور اور نزلے کی گھاس کے رہتے عمل پر اُٹھایا میں تربیتی میں دیکھ بسوں پر کا رم نے چاول دیئے 
LOG (lattice-best-path[5.5.907~1-cbed4]:main():lattice-best-path.cc:99) For utterance 20030013_604, best cost 188.957 + 2867.82 = 3056.78 over 920 frames.
20030013_604 سوجھی میں نہ علی کی دواؤں کی کر پر پڑی تو کہا سے تو اور چاہے کے بوسن آخری اٹھائے 
LOG (lattice-best-path[5.5.907~1-cbed4]:main():lattice-best-path.cc:99) For utterance 20030013_605, best cost 131.548 + 1928.2 = 2059.75 over 606 frames.
20030013_605 سول ترشول غائب جون کے پیش شیڈ میں گھول کر فخر دیتا 
LOG (lattice-best-path[5.5.907~1-cbed4]:main():lattice-best-path.cc:99) For utterance 20030013_606, best cost 161.083 + 2126.38 = 2287.46 over 638 frames.
20030013_606 نسرین کے دماغی میں بلوں ورک سے لیا صدیوں کے اعتراف اوس کی بڑی عزیز ہے 
LOG (lattice-best-path[5.5.907~1-cbed4]:main():lattice-best-path.cc:99) For utterance 20030013_607, best cost 125.164 + 1435.84 = 1561 over 440 frames.
20030013_607 افضل یا کی ہول کا کی سب آن گھمبیر برابر نہیں سے ہے 
LOG (lattice-best-path[5.5.907~1-cbed4]:main():lattice-best-path.cc:99) For utterance 20030013_608, best cost 155.968 + 2423.54 = 2579.51 over 798 frames.
20030013_608 کو کے کے بورڈ کے مرغی کو فحش کا ڈام چست جانے کیوں دن تو ہو گی 
LOG (lattice-best-path[5.5.907~1-cbed4]:main():lattice-best-path.cc:99) For utterance 20030013_609, best cost 180.354 + 2142.15 = 2322.5 over 651 frames.
20030013_609 پریشر نمو بلوں مقدار مگر مس میں پیش سنیں نکالیں اور کی ستھرے زور کا تصویر کیا 
LOG (lattice-best-path[5.5.907~1-cbed4]:main():lattice-best-path.cc:99) For utterance 20030013_610, best cost 158.677 + 2612.99 = 2771.67 over 792 frames.
20030013_610 موثر اہل ایجنسیوں کا افیون کی وومن بیدار نیچے کی طرف سے بلدیاتی ایسا ہے 
LOG (lattice-best-path[5.5.907~1-cbed4]:main():lattice-best-path.cc:99) For utterance 20030013_611, best cost 144.449 + 1907.41 = 2051.86 over 580 frames.
20030013_611 سزا کینیڈین کا کو پر نے کے کے دواؤں کو پر کلراٹھی بوم کے ساتھ کھیلے 
LOG (lattice-best-path[5.5.907~1-cbed4]:main():lattice-best-path.cc:99) For utterance 20030013_612, best cost 172.352 + 2672.36 = 2844.71 over 804 frames.
20030013_612 تبدیلی اور کی لغو سے شخصے نکالیں بولو کے جواب سفر کو قوت کی روش آپ کو ہے 
LOG (lattice-best-path[5.5.907~1-cbed4]:main():lattice-best-path.cc:99) For utterance 20030013_613, best cost 94.634 + 1381.86 = 1476.49 over 414 frames.
20030013_613 کا رنگ بلا کوسوں دل کھول کی نے پیدا کہا 
LOG (lattice-best-path[5.5.907~1-cbed4]:main():lattice-best-path.cc:99) For utterance 20030013_614, best cost 127.247 + 1747.95 = 1875.2 over 523 frames.
20030013_614 حدود لینتھ میں کی چکے کرائے اور کے ساتھ بے بغیر سندھو کر دیا 
LOG (lattice-best-path[5.5.907~1-cbed4]:main():lattice-best-path.cc:99) For utterance 20030013_615, best cost 230.233 + 3433.53 = 3663.77 over 1105 frames.
20030013_615 تجارت کا شہزادی میں بلی چھم اجرا زیر کو بلوچ کرتے ہوئے جوبلی خان آن کی کی جیوری میں گوبر ہیڈ بنایا 
LOG (lattice-best-path[5.5.907~1-cbed4]:main():lattice-best-path.cc:99) For utterance 20030013_616, best cost 234.871 + 3216.91 = 3451.78 over 977 frames.
20030013_616 توجہ لہو آٹھ پڑنے سدھ فن اور بھجن کو فروزاں اس کر کیسی زدہ صوبوں کی مواد پر کا ہر پائیدار کیا 
LOG (lattice-best-path[5.5.907~1-cbed4]:main():lattice-best-path.cc:99) For utterance 20030013_617, best cost 169.719 + 1996.3 = 2166.02 over 632 frames.
20030013_617 کمرے پر پڑے سوکھ کے دکھ چوم میں کھیلوں کو عابد کا دیکھ کر پیدا ہنسیں لگا 
LOG (lattice-best-path[5.5.907~1-cbed4]:main():lattice-best-path.cc:99) For utterance 20030013_618, best cost 167.44 + 2469.79 = 2637.23 over 734 frames.
20030013_618 باولنگ کمرے سے روشناس موجوں والے اکھنڈ ساغر نے عدلیہ کے بعد لیس کیا کی یا ہے 
LOG (lattice-best-path[5.5.907~1-cbed4]:main():lattice-best-path.cc:99) For utterance 20030013_619, best cost 112.941 + 1457.23 = 1570.17 over 440 frames.
20030013_619 تیزی کی ترجیحات متغیر کرنے کا جور عید میں کی جا ہے 
LOG (lattice-best-path[5.5.907~1-cbed4]:main():lattice-best-path.cc:99) For utterance 20030013_620, best cost 211.272 + 2847.3 = 3058.58 over 900 frames.
20030013_620 چینی ملنے پَلوں کے بولوں کو بلوں میں سموئے آ اور دھیرے مغفور و پر قصور چھاؤں کی تیار یقین 
LOG (lattice-best-path[5.5.907~1-cbed4]:main():lattice-best-path.cc:99) For utterance 20030013_621, best cost 194.229 + 2523.68 = 2717.91 over 779 frames.
20030013_621 معجل از گئی ساز میں نے اور کر سوجن کے مانگ بھینسیں مغیث اور جاتی نواز نے میں پھیل کی 
LOG (lattice-best-path[5.5.907~1-cbed4]:main():lattice-best-path.cc:99) For utterance 20030013_622, best cost 165.729 + 2146.54 = 2312.27 over 657 frames.
20030013_622 اونچی ورلڈ میں میں کا اور گدے دیکھ کر کے طرزعمل رسیدہ بیڑے پالمر میں سے گزری 
LOG (lattice-best-path[5.5.907~1-cbed4]:main():lattice-best-path.cc:99) For utterance 20030013_623, best cost 137.412 + 1833.93 = 1971.35 over 574 frames.
20030013_623 بے انٹر گینز ورلڈ وقت منافعوں آنسو برس کا میں ہمیشہ لیے گیا 
LOG (lattice-best-path[5.5.907~1-cbed4]:main():lattice-best-path.cc:99) For utterance 20030013_624, best cost 192.966 + 2836.68 = 3029.64 over 811 frames.
20030013_624 مفاد سیر کے نوش کو نے کے کیسی حفاظ کو رکھوا رفو حدود انجکشن کے لیے دکھ بشمول تھا 
LOG (lattice-best-path[5.5.907~1-cbed4]:main():lattice-best-path.cc:99) For utterance 20030013_625, best cost 166.625 + 2473.59 = 2640.22 over 696 frames.
20030013_625 نیو لیکن ضائع بلکہ کے کی عارضی قدرے لے کر گیلری زیور کے مواد کے کو گیا 
LOG (lattice-best-path[5.5.907~1-cbed4]:main():lattice-best-path.cc:99) For utterance 20030013_626, best cost 116.415 + 1477.09 = 1593.5 over 420 frames.
20030013_626 رحم بش میں کو مغلیہ یاب تم کی الحاج سن گیا 
LOG (lattice-best-path[5.5.907~1-cbed4]:main():lattice-best-path.cc:99) For utterance 20030013_627, best cost 193.797 + 2949.73 = 3143.53 over 926 frames.
20030013_627 چھلکا خیر غلام آئے کے نہ قوت کے بھال نامی کے پڑھوں کے طوفاں مین کھا راجیہ 
LOG (lattice-best-path[5.5.907~1-cbed4]:main():lattice-best-path.cc:99) For utterance 20030013_628, best cost 169.773 + 2126.35 = 2296.12 over 644 frames.
20030013_628 بھگت کی تک نے بنانے کیلئے بیٹھی ٹریبیونل میں کو لوں کی خوشی یاں مسخ عود تھیں 
LOG (lattice-best-path[5.5.907~1-cbed4]:main():lattice-best-path.cc:99) For utterance 20030013_629, best cost 196.584 + 2925.46 = 3122.04 over 894 frames.
20030013_629 شیرے ٹیوب ہوش والوں کے آؤ کو اور نے فیڈر اور روز انیق نے مغلوں کا ہے جا بھیج کر آیا 
LOG (lattice-best-path[5.5.907~1-cbed4]:main():lattice-best-path.cc:99) For utterance 20030013_630, best cost 157.182 + 2132.71 = 2289.89 over 606 frames.
20030013_630 قیام پہلا نے نجی بسیار میں آکر بیچے مارچ کے چھین سے خان کے کر گیا 
LOG (lattice-best-path[5.5.907~1-cbed4]:main():lattice-best-path.cc:99) For utterance 20030013_631, best cost 202.134 + 2922.91 = 3125.05 over 843 frames.
20030013_631 سی السی سکول ان ڈار ہیڈ نے وقف کا کرتے فلڈ رکھنے کے دوست ناظم اور کر جھالر دکھایا 
LOG (lattice-best-path[5.5.907~1-cbed4]:main():lattice-best-path.cc:99) For utterance 20030013_632, best cost 224.452 + 3255.93 = 3480.38 over 1009 frames.
20030013_632 تزئین سیدھے نے کہا کے روئی کے کی حجت چوروں اور بیڑیاں بے بھجوا کر فجور اور رسوائی جوے بغیر بن ہوئی 
LOG (lattice-best-path[5.5.907~1-cbed4]:main():lattice-best-path.cc:99) For utterance 20030013_633, best cost 209.697 + 3050.69 = 3260.39 over 913 frames.
20030013_633 ہجر ننگے بردار میں تخیّل کے لیے نیلم مٹیں اور کی سوکھی کھاد زچ سنگھ ضد سوئنگ کیلئے کیجیے 
LOG (lattice-best-path[5.5.907~1-cbed4]:main():lattice-best-path.cc:99) For utterance 20030013_634, best cost 125.522 + 1710.67 = 1836.19 over 497 frames.
20030013_634 کو نیشن نے ڈکٹیشن کے ساتھ کیلئے روحانی تھنک کر بن کر کر لائے 
LOG (lattice-best-path[5.5.907~1-cbed4]:main():lattice-best-path.cc:99) For utterance 20030013_635, best cost 192.352 + 2508.65 = 2701 over 734 frames.
20030013_635 آف مٹھل کو قندیل آنکھ آؤٹ میں بیٹھ کے اور علی معمر تک میں یا سے کیسز ضلع کریں 
LOG (lattice-best-path[5.5.907~1-cbed4]:main():lattice-best-path.cc:99) For utterance 20030013_636, best cost 165.962 + 2160.47 = 2326.44 over 657 frames.
20030013_636 قم اور بروز دشمن کی جوبلی خدشہ ہونے سے دور جگہ تو عام آ پھول ہوا 
LOG (lattice-best-path[5.5.907~1-cbed4]:main():lattice-best-path.cc:99) For utterance 20030013_637, best cost 159.003 + 2303.27 = 2462.27 over 696 frames.
20030013_637 رضوان کے شبہات میں پونچھ کر رم نیلم ہوتی کی کیریئر سے ماڈل بلڈ ہوئی 
LOG (lattice-best-path[5.5.907~1-cbed4]:main():lattice-best-path.cc:99) For utterance 20030013_638, best cost 187.237 + 2424.16 = 2611.4 over 760 frames.
20030013_638 کا نیو گوجر کی شیڈ اور میں میں روئیں صورت اور کوٹھڑی کو گھرے کی کے لیے لاکھ سے جج دیں 
LOG (lattice-best-path[5.5.907~1-cbed4]:main():lattice-best-path.cc:99) For utterance 20030013_639, best cost 206.139 + 2826.83 = 3032.97 over 868 frames.
20030013_639 پھیل کے دفتر میں تو کے جلد سے ترچھی سے سکتے نام کود کی اور کر ساز سینیٹ دب و چکھیں 
LOG (lattice-best-path[5.5.907~1-cbed4]:main():lattice-best-path.cc:99) For utterance 20030013_640, best cost 185.336 + 2709.82 = 2895.15 over 760 frames.
20030013_640 کہو کے نیو اور کر بیٹھی دیا نیچا کی نے پیسنے کونسل کے شعاع لگا پنچولی کوچ بنایا 
LOG (lattice-best-path[5.5.907~1-cbed4]:main():lattice-best-path.cc:99) For utterance 20030013_641, best cost 127.097 + 1757.84 = 1884.94 over 465 frames.
20030013_641 کو کو ایلیمنٹری شعبوں کو کی آتی کا تھیسس ٹھاکر ونگ سے کی کی 
LOG (lattice-best-path[5.5.907~1-cbed4]:main():lattice-best-path.cc:99) For utterance 20030013_642, best cost 137.612 + 2025.96 = 2163.57 over 574 frames.
20030013_642 ہر فون کے تلخی میں سے سیدھے صدر صحت ٹھوس کی اعتبار ہو گی 
LOG (lattice-best-path[5.5.907~1-cbed4]:main():lattice-best-path.cc:99) For utterance 20030013_643, best cost 165.592 + 2555.83 = 2721.42 over 734 frames.
20030013_643 اس خوف سے ندرت بڑی میں مخل کھدر سے نائب اور دوردراز سے ضائع علم ہے 
LOG (lattice-best-path[5.5.907~1-cbed4]:main():lattice-best-path.cc:99) For utterance 20030013_644, best cost 176.209 + 2500.27 = 2676.48 over 683 frames.
20030013_644 پچھلے لیے درجے کنٹرول پر روے اور سے برابر جڑی کیسی پر کس ٹریلر کا تیرے 
LOG (lattice-best-path[5.5.907~1-cbed4]:main():lattice-best-path.cc:99) For utterance 20030013_645, best cost 146.539 + 2080.52 = 2227.05 over 580 frames.
20030013_645 میل تھوڑے دیتے سے دولت کے ساگر اوڈھو صدر کرنے کی کا آشنا تلے 
LOG (lattice-best-path[5.5.907~1-cbed4]:main():lattice-best-path.cc:99) For utterance 20030013_646, best cost 156.282 + 2146.8 = 2303.08 over 587 frames.
20030013_646 ساری علاقوں جوس نو چبھنے کے بعد داؤد حیراں میں برابر ڈام نے تھائی 
LOG (lattice-best-path[5.5.907~1-cbed4]:main():lattice-best-path.cc:99) For utterance 20030013_647, best cost 108.184 + 1688.39 = 1796.57 over 452 frames.
20030013_647 کچرا لے کر عزیز بولنے چون کر بولوں کرائی 
LOG (lattice-best-path[5.5.907~1-cbed4]:main():lattice-best-path.cc:99) For utterance 20030013_648, best cost 103.004 + 1589.14 = 1692.14 over 440 frames.
20030013_648 میں لینے دودھیا جارج طلب سچل کیلئے کروا تھا 
LOG (lattice-best-path[5.5.907~1-cbed4]:main():lattice-best-path.cc:99) For utterance 20030013_649, best cost 132.265 + 2140.25 = 2272.52 over 600 frames.
20030013_649 حقوق کو کے بسر کے بیک نے کے بعد فوائد کر گہرے لگائی کیے 
LOG (lattice-best-path[5.5.907~1-cbed4]:main():lattice-best-path.cc:99) For utterance 20030013_650, best cost 134.387 + 2419.77 = 2554.16 over 670 frames.
20030013_650 ہتھیلی داغ انستھیزیا تو سانولے ذوالجناح کی ادویات کے باعث کا کی کا ہے 
LOG (lattice-best-path[5.5.907~1-cbed4]:main():lattice-best-path.cc:99) For utterance 20030013_651, best cost 125.572 + 1918.53 = 2044.11 over 548 frames.
20030013_651 غلیل کو تیری مرچوں کی کو کی قہقہے بولنے سے پہلے صوفی کی 
LOG (lattice-best-path[5.5.907~1-cbed4]:main():lattice-best-path.cc:99) For utterance 20030013_652, best cost 173.615 + 2436.55 = 2610.17 over 696 frames.
20030013_652 ایفروایشین کی چیزیں تھنوں کئی اور لے کرتے نو لا میں کا پور کے سدھو تک فوجیں 
LOG (lattice-best-path[5.5.907~1-cbed4]:main():lattice-best-path.cc:99) For utterance 20030013_653, best cost 138.141 + 2089.09 = 2227.23 over 600 frames.
20030013_653 برقرار ٹھیس کسی تندہی کر زیر کے سلسلے دے تک روز ہوا 
LOG (lattice-best-path[5.5.907~1-cbed4]:main():lattice-best-path.cc:99) For utterance 20030013_654, best cost 166.48 + 2562.08 = 2728.56 over 734 frames.
20030013_654 کرتی اور بے شعور جیسی اسجد جوے علم سیفٹی رولز فعل میں کا میں سدھ دیں 
LOG (lattice-best-path[5.5.907~1-cbed4]:main():lattice-best-path.cc:99) For utterance 20030013_655, best cost 111.983 + 2140.51 = 2252.49 over 600 frames.
20030013_655 بم بقیہ چھائی کوٹھے جلد کو جانے کا دیش ہے 
LOG (lattice-best-path[5.5.907~1-cbed4]:main():lattice-best-path.cc:99) For utterance 20030013_656, best cost 158.039 + 2638.33 = 2796.37 over 734 frames.
20030013_656 بے سے سچ یہ رہ کچہری حیرت بجائے اور سوئے مشعر اندھیرے اس کریں 
LOG (lattice-best-path[5.5.907~1-cbed4]:main():lattice-best-path.cc:99) For utterance 20030013_657, best cost 115.321 + 1867.42 = 1982.74 over 542 frames.
20030013_657 آپ بلا کر ظہیر کی کیفے کردار کے اسے مخل رہیں 
LOG (lattice-best-path[5.5.907~1-cbed4]:main():lattice-best-path.cc:99) For utterance 20030013_658, best cost 118.799 + 2025.03 = 2143.83 over 561 frames.
20030013_658 روڈ کا میں ورک روئی ریلیکس کی بعد سے ابھار 
LOG (lattice-best-path[5.5.907~1-cbed4]:main():lattice-best-path.cc:99) For utterance 20030013_659, best cost 150.53 + 2253.57 = 2404.1 over 619 frames.
20030013_659 میتھی عود کر سے چائے اور تھوڑی کا تیقن غوروخوض کے بعد بوریت کر سوئے 
LOG (lattice-best-path[5.5.907~1-cbed4]:main():lattice-best-path.cc:99) For utterance 20030013_660, best cost 88.2976 + 1371.01 = 1459.3 over 401 frames.
20030013_660 کبوتر کے بو کچرا میں ویلیو سب 
LOG (lattice-best-path[5.5.907~1-cbed4]:main():lattice-best-path.cc:99) For utterance 20030013_661, best cost 110.533 + 1421.33 = 1531.87 over 427 frames.
20030013_661 طلب لینے کے لیے بھیجوں کر عمل کر کہا کر کروائیں 
LOG (lattice-best-path[5.5.907~1-cbed4]:main():lattice-best-path.cc:99) For utterance 20030013_662, best cost 122.204 + 1829.18 = 1951.38 over 529 frames.
20030013_662 کر ٹرین جوگی عدلیہ چلیں دس تجارت کی تجزیہ بکھرے 
LOG (lattice-best-path[5.5.907~1-cbed4]:main():lattice-best-path.cc:99) For utterance 20030013_663, best cost 154.215 + 2505.72 = 2659.93 over 753 frames.
20030013_663 پیر ہونے جان چار مرتب انگوٹھی ابصار کی اٹھیں دیکھی تنقیص وقوف ہوئے 
LOG (lattice-best-path[5.5.907~1-cbed4]:main():lattice-best-path.cc:99) For utterance 20030013_664, best cost 192.411 + 2447.14 = 2639.55 over 715 frames.
20030013_664 کلاں سیاح لے کے پر ریاض ان نے دائِیں جادوئی لے کر محلول اور کلیجی کر اور کے کھڑے ہو گئیں 
LOG (lattice-best-path[5.5.907~1-cbed4]:main():lattice-best-path.cc:99) For utterance 20030013_665, best cost 120.299 + 1681.56 = 1801.86 over 484 frames.
20030013_665 فیصلے پہ سالہ ویزے سے گریڈ شعری تقدس کر کوکھ 
LOG (lattice-best-path[5.5.907~1-cbed4]:main():lattice-best-path.cc:99) For utterance 20030013_666, best cost 135.843 + 1890.77 = 2026.62 over 529 frames.
20030013_666 گوجر ہوے قبول سیلرز پر حق کا تک سے رکھ خیر سکول گے 
LOG (lattice-best-path[5.5.907~1-cbed4]:main():lattice-best-path.cc:99) For utterance 20030013_667, best cost 120.185 + 1800.64 = 1920.82 over 504 frames.
20030013_667 پہ کی کی کردار سے چل دیوی سے کی کوٹھی بسر ہوئی 
LOG (lattice-best-path[5.5.907~1-cbed4]:main():lattice-best-path.cc:99) For utterance 20030013_668, best cost 180.813 + 2695 = 2875.81 over 747 frames.
20030013_668 سانولے کرو ریلیز کے پر لڑیں میں اغیار چونکا کچلا عدلیہ گیا تیاگ سے جا اعتراف 
LOG (lattice-best-path[5.5.907~1-cbed4]:main():lattice-best-path.cc:99) For utterance 20030013_669, best cost 127.916 + 2057.72 = 2185.63 over 548 frames.
20030013_669 کوہستان سنو فعل کوٹھڑی گذر کیلئے لیزر روڈ پیٹھ کیا 
LOG (lattice-best-path[5.5.907~1-cbed4]:main():lattice-best-path.cc:99) For utterance 20030013_670, best cost 128.291 + 1914.31 = 2042.6 over 574 frames.
20030013_670 روضے کا آخری آشرم رہتے کے ساتھ دوا کو بوڑھوں کا تعلق 
LOG (lattice-best-path[5.5.907~1-cbed4]:main():lattice-best-path.cc:99) For utterance 20030013_671, best cost 187.854 + 2815.24 = 3003.09 over 772 frames.
20030013_671 اس کی سے پہلے سوسائٹی گھوڑے نے کہا ذوق اور اس بغور کے سقوط جوبلی نہ کوکھ اور دیے جاؤ 
LOG (lattice-best-path[5.5.907~1-cbed4]:main():lattice-best-path.cc:99) For utterance 20030013_672, best cost 142.177 + 2326.94 = 2469.11 over 632 frames.
20030013_672 انٹر میں ڈیسک مسئلہ دفتر کاربن سربراہ اوصاف در ضلع کھلکھلا ہے 
LOG (lattice-best-path[5.5.907~1-cbed4]:main():lattice-best-path.cc:99) For utterance 20030013_673, best cost 117.937 + 1953.71 = 2071.65 over 555 frames.
20030013_673 پڑھائی کے چار کے نادر بلوچی نظر سے پہلے اور ہائے 
LOG (lattice-best-path[5.5.907~1-cbed4]:main():lattice-best-path.cc:99) For utterance 20030013_674, best cost 155.276 + 2837.55 = 2992.83 over 772 frames.
20030013_674 نقشوں نے پُلوں نہر بلغم پرچم دھاڑ کر اور والیم اس نے کی کوشش کی 
LOG (lattice-best-path[5.5.907~1-cbed4]:main():lattice-best-path.cc:99) For utterance 20030013_675, best cost 139.786 + 1860.76 = 2000.54 over 529 frames.
20030013_675 آئے جہد بنوری کے رویے فرض کوچ میں کا تغافل کا لوحوں اٹھائے 
LOG (lattice-best-path[5.5.907~1-cbed4]:main():lattice-best-path.cc:99) For utterance 20030013_676, best cost 138.447 + 2060.06 = 2198.51 over 568 frames.
20030013_676 اپنی رہائشی سیلز کا نتھی چاقو علاوہ نے فہرستیں بڑے پر رکھی 
LOG (lattice-best-path[5.5.907~1-cbed4]:main():lattice-best-path.cc:99) For utterance 20030013_677, best cost 197.501 + 3211.73 = 3409.23 over 926 frames.
20030013_677 مثال میں کوئی یا کی کوٹھی بولروں کر خبر گم ہو صوبوں کی رو برطانوی کی لیبر سے پہلے گیا 
LOG (lattice-best-path[5.5.907~1-cbed4]:main():lattice-best-path.cc:99) For utterance 20030013_678, best cost 188.79 + 3449.93 = 3638.72 over 971 frames.
20030013_678 سمفنی سب کو ڈیلی خیر کبوتر والوں سے چرانے کے لیے اور گوجر افیکٹ سمجھتے شیل کریں 
LOG (lattice-best-path[5.5.907~1-cbed4]:main():lattice-best-path.cc:99) For utterance 20030013_679, best cost 100.69 + 1580.48 = 1681.17 over 446 frames.
20030013_679 کوٹھڑی اور ریڑھی کر چیلہ کچہری تھیلی سنچری 
LOG (lattice-best-path[5.5.907~1-cbed4]:main():lattice-best-path.cc:99) For utterance 20030013_680, best cost 180.843 + 2351.13 = 2531.98 over 683 frames.
20030013_680 جوبلی گز اوڑھا بینک کے وعدہ تو دو لائے ابھار آ برعکس میں میں گھیراؤ آ جاتا ہے 
LOG (lattice-best-path[5.5.907~1-cbed4]:main():lattice-best-path.cc:99) For utterance 20030013_681, best cost 167.694 + 2028.74 = 2196.43 over 587 frames.
20030013_681 زدہ جل سمجھی ایچ خوگر کی تھا رسولی کھولو اور پر کھچی دھار برس اور گیا 
LOG (lattice-best-path[5.5.907~1-cbed4]:main():lattice-best-path.cc:99) For utterance 20030013_682, best cost 180.088 + 2582.52 = 2762.61 over 753 frames.
20030013_682 ریچھ اور شعاع دیکھیے لوٹ پر ایسڈ ہے کلاں سزا کر بوئے ایک شوہر معلوم کیے 
LOG (lattice-best-path[5.5.907~1-cbed4]:main():lattice-best-path.cc:99) For utterance 20030013_683, best cost 158.252 + 2400.57 = 2558.82 over 657 frames.
20030013_683 لیے سے مگ کلچر تو تک ایل ترمذی پھرتی کے تیز سے نے کر گئی 
LOG (lattice-best-path[5.5.907~1-cbed4]:main():lattice-best-path.cc:99) For utterance 20030013_684, best cost 142.323 + 1945.81 = 2088.13 over 593 frames.
20030013_684 نے غیر کی بھول خواری جھٹکے کی عمر مرغوب یہ بالکل اختر گاؤں 
LOG (lattice-best-path[5.5.907~1-cbed4]:main():lattice-best-path.cc:99) For utterance 20030013_685, best cost 114.827 + 1538.96 = 1653.79 over 446 frames.
20030013_685 جو خلل گوجری بن جرگہ شیو سے کا سے لنگا دو 
LOG (lattice-best-path[5.5.907~1-cbed4]:main():lattice-best-path.cc:99) For utterance 20030013_686, best cost 162.497 + 2686.25 = 2848.74 over 772 frames.
20030013_686 زلفیں کے صبر خیلوی وی پریشر سے بلدیاتی میں دھچکا شو شب کوچوں 
LOG (lattice-best-path[5.5.907~1-cbed4]:main():lattice-best-path.cc:99) For utterance 20030013_687, best cost 189.259 + 2598.79 = 2788.05 over 721 frames.
20030013_687 جوق سوئس کے بدسلوکی سے آدھے فوجی لقب بغور رازق چیک مآب کر توجہ مرغوب کرائی 
LOG (lattice-best-path[5.5.907~1-cbed4]:main():lattice-best-path.cc:99) For utterance 20030013_688, best cost 191.372 + 2852.48 = 3043.85 over 836 frames.
20030013_688 پر کی بلکہ چادر بیگج آکر سے جوار اور دیکھی کے دیکھ میں گراں ہوم کے پرکھے قہوے جاؤ 
LOG (lattice-best-path[5.5.907~1-cbed4]:main():lattice-best-path.cc:99) For utterance 20030013_689, best cost 177.829 + 2564.1 = 2741.92 over 753 frames.
20030013_689 وجود اور بیچلر کی کا کیا جان اور جو گول بغیر کوسوں سب بسیں اچھل کر جائے 
LOG (lattice-best-path[5.5.907~1-cbed4]:main():lattice-best-path.cc:99) For utterance 20030013_690, best cost 91.4179 + 1459.5 = 1550.92 over 414 frames.
20030013_690 کھلکھلا پڑھائی کے چھولے کچھ کو نہیں جاتی 
LOG (lattice-best-path[5.5.907~1-cbed4]:main():lattice-best-path.cc:99) For utterance 20030013_691, best cost 154.895 + 2002.36 = 2157.25 over 606 frames.
20030013_691 کیسی دلجوئی کیلئے اگرچہ کر دھوئے اور ضد اوزار پر معائنہ ایلویٹ ٹھونس دیئے 
LOG (lattice-best-path[5.5.907~1-cbed4]:main():lattice-best-path.cc:99) For utterance 20030013_692, best cost 160.65 + 2461.32 = 2621.97 over 721 frames.
20030013_692 بطخوں نظام نے کہا کے میں سے غصہ گہرے کر بڑی کے تحریک کا تیرے گاؤں 
LOG (lattice-best-path[5.5.907~1-cbed4]:main():lattice-best-path.cc:99) For utterance 20030013_693, best cost 130.968 + 1599.06 = 1730.03 over 491 frames.
20030013_693 میں نے حد کے جوئیہ سے کہا کے رفتار کر گنا کر رہیں مدعو 
LOG (lattice-best-path[5.5.907~1-cbed4]:main():lattice-best-path.cc:99) For utterance 20030013_694, best cost 151.238 + 2210.01 = 2361.24 over 664 frames.
20030013_694 حملہ چوڑیاں ششدر الحاق عرصہ کو درجے اور اسے کی چاقو چوہان بنایا 
LOG (lattice-best-path[5.5.907~1-cbed4]:main():lattice-best-path.cc:99) For utterance 20030013_695, best cost 149.754 + 1853.33 = 2003.09 over 568 frames.
20030013_695 کوئی کی جانے قرضے جانے کو کیا کو اگر کے جاؤں تو پانی میں گھلیں عام 
LOG (lattice-best-path[5.5.907~1-cbed4]:main():lattice-best-path.cc:99) For utterance 20030013_696, best cost 134.285 + 1949.51 = 2083.8 over 593 frames.
20030013_696 کیسی الفاظ کے کیا معدے کو مجموعی مسوڑوں کے بنانے کیلئے باران کیا گیا 
LOG (lattice-best-path[5.5.907~1-cbed4]:main():lattice-best-path.cc:99) For utterance 20030013_697, best cost 125.023 + 1666.03 = 1791.05 over 497 frames.
20030013_697 بولو اور داؤد سے سیل ایندھن لیڈی جائیں کرنے کا پرفارم ہو گا 
LOG (lattice-best-path[5.5.907~1-cbed4]:main():lattice-best-path.cc:99) For utterance 20030013_698, best cost 149.046 + 2256.42 = 2405.46 over 721 frames.
20030013_698 بار بم ذاد عود تین کے شاہ پاک باعث کام جائزہ لینے گیا 
LOG (lattice-best-path[5.5.907~1-cbed4]:main():lattice-best-path.cc:99) For utterance 20030013_699, best cost 173.005 + 2043.45 = 2216.45 over 625 frames.
20030013_699 میں جسٹس ٹیوب اوس کار کی جھلی میں بتایا کے اہلیہ نے کی اور مری کا مقصود جو 
LOG (lattice-best-path[5.5.907~1-cbed4]:main():lattice-best-path.cc:99) For utterance 20030013_700, best cost 149.006 + 1993.98 = 2142.99 over 587 frames.
20030013_700 گوشوں اور تھو کی تبلیغ میں تغافل کی سوجھی جھڑک کر گو سوکھ زور 
LOG (lattice-best-path[5.5.907~1-cbed4]:main():lattice-best-path.cc:99) For utterance 20030013_701, best cost 189.48 + 2366.4 = 2555.88 over 728 frames.
20030013_701 مضمون باؤلر مان بھومی کو بدل کی تو مدون آتی سے کروا کر ماچس قوت تو بوسن آیا 
LOG (lattice-best-path[5.5.907~1-cbed4]:main():lattice-best-path.cc:99) For utterance 20030013_702, best cost 148.972 + 2257.15 = 2406.12 over 683 frames.
20030013_702 غیر فیصلہ کو قوت کی کود میں کرے کو کا گناہ دل بخشش و 
LOG (lattice-best-path[5.5.907~1-cbed4]:main():lattice-best-path.cc:99) For utterance 20030013_703, best cost 121.25 + 1551.79 = 1673.04 over 465 frames.
20030013_703 پہلا زاید سے توجیہ کی جیم کے فقروں کاروبار ظاہر ہوتا ہے 
LOG (lattice-scale[5.5.907~1-cbed4]:main():lattice-scale.cc:107) Done 108 lattices.
LOG (lattice-best-path[5.5.907~1-cbed4]:main():lattice-best-path.cc:99) For utterance 20030013_704, best cost 129.458 + 2171.01 = 2300.46 over 676 frames.
20030013_704 چودہ دھیمی فیشن مطالعے ساتھیوں کے انظباتی کا لاکھا پراسیس ہے 
LOG (lattice-best-path[5.5.907~1-cbed4]:main():lattice-best-path.cc:99) For utterance 20030013_705, best cost 124.334 + 1635.32 = 1759.66 over 491 frames.
20030013_705 باورچی اگلا بنائی تربیتی جا پر لاگت کانفرنسوں سے باڑھ گئی 
LOG (lattice-best-path[5.5.907~1-cbed4]:main():lattice-best-path.cc:99) For utterance 20030013_706, best cost 105.728 + 1301.97 = 1407.69 over 363 frames.
LOG (lattice-add-penalty[5.5.907~1-cbed4]:main():lattice-add-penalty.cc:62) Done adding word insertion penalty to 108 lattices.
20030013_706 ابو سفید اویسی یا کی دیکھیں تو مدون مرچوں 
LOG (lattice-best-path[5.5.907~1-cbed4]:main():lattice-best-path.cc:99) For utterance 20030013_707, best cost 109.823 + 1481.91 = 1591.74 over 452 frames.
20030013_707 ماضی کو بلا تدابیر بڑی کی نیز گناہوں میں نہ کریں 
LOG (lattice-best-path[5.5.907~1-cbed4]:main():lattice-best-path.cc:99) For utterance 20030013_708, best cost 166.643 + 2095.12 = 2261.77 over 606 frames.
20030013_708 مشعر نے سے پہلے برڈ میں نے ملی کچھ کہا رسیدہ تیری کہا اب مشق سمجھا ہے 
LOG (lattice-best-path[5.5.907~1-cbed4]:main():lattice-best-path.cc:124) Overall cost per frame is 3.63573 = 0.236074 [graph] + 3.39966 [acoustic] over 71279 frames.
LOG (lattice-best-path[5.5.907~1-cbed4]:main():lattice-best-path.cc:128) Done 108 lattices, failed for 0
# Accounting: time=2 threads=1
# Ended (code 0) at Wed Apr 21 11:03:29 PKT 2021, elapsed time 2 seconds
