# lattice-scale --inv-acoustic-scale=16 "ark:gunzip -c exp/tri2/decode/lat.*.gz|" ark:- | lattice-add-penalty --word-ins-penalty=1.0 ark:- ark:- | lattice-best-path --word-symbol-table=exp/tri2/graph/words.txt ark:- ark,t:- | utils/int2sym.pl -f 2- exp/tri2/graph/words.txt | cat > exp/tri2/decode/scoring_kaldi/penalty_1.0/16.txt 
# Started at Thu Apr 22 10:01:03 PKT 2021
#
lattice-best-path --word-symbol-table=exp/tri2/graph/words.txt ark:- ark,t:- 
lattice-add-penalty --word-ins-penalty=1.0 ark:- ark:- 
lattice-scale --inv-acoustic-scale=16 'ark:gunzip -c exp/tri2/decode/lat.*.gz|' ark:- 
LOG (lattice-best-path[5.5.907~1-cbed4]:main():lattice-best-path.cc:99) For utterance 20030004_601, best cost 84.7731 + 2790.84 = 2875.61 over 804 frames.
20030004_601 لیاقت رنجیدہ اریگیشن ڈیلیوری کی بیوروکریسی ہیں 
LOG (lattice-best-path[5.5.907~1-cbed4]:main():lattice-best-path.cc:99) For utterance 20030004_602, best cost 111.601 + 3547.72 = 3659.32 over 1000 frames.
20030004_602 بروکلی لائبریری کیلئے بائیولوجیکل چاہتے بروکلی جوڈیشل پچاسویں 
LOG (lattice-best-path[5.5.907~1-cbed4]:main():lattice-best-path.cc:99) For utterance 20030004_603, best cost 79.8834 + 2698.98 = 2778.86 over 782 frames.
20030004_603 شمشاد گردیزی برسراقتدار کی وزیرخارجہ کر دیا 
LOG (lattice-best-path[5.5.907~1-cbed4]:main():lattice-best-path.cc:99) For utterance 20030004_604, best cost 68.0869 + 2180.07 = 2248.16 over 638 frames.
20030004_604 جیلانی دراوڑی پرسوز چنگیزی دیکھیں 
LOG (lattice-best-path[5.5.907~1-cbed4]:main():lattice-best-path.cc:99) For utterance 20030004_605, best cost 57.3941 + 1751.94 = 1809.33 over 506 frames.
20030004_605 سوزش اوورلوڈنگ پیشنگوئی کرتا ہے 
LOG (lattice-best-path[5.5.907~1-cbed4]:main():lattice-best-path.cc:99) For utterance 20030004_606, best cost 71.9621 + 1932.49 = 2004.45 over 554 frames.
20030004_606 گرویدہ موروثی تذلیل دستاویزی لفظیات 
LOG (lattice-best-path[5.5.907~1-cbed4]:main():lattice-best-path.cc:99) For utterance 20030004_607, best cost 51.6384 + 1475.27 = 1526.9 over 428 frames.
20030004_607 تحصیلدار کی زرقاوی معالجے 
LOG (lattice-best-path[5.5.907~1-cbed4]:main():lattice-best-path.cc:99) For utterance 20030004_608, best cost 54.7951 + 2022.38 = 2077.18 over 578 frames.
20030004_608 کیلئے مسترد جانے جوگی 
LOG (lattice-best-path[5.5.907~1-cbed4]:main():lattice-best-path.cc:99) For utterance 20030004_609, best cost 96.9402 + 2611.96 = 2708.9 over 746 frames.
20030004_609 کے شمولیت لالچی رسولی بائیولوجیکل تجوریاں قدسیہ کیا 
LOG (lattice-best-path[5.5.907~1-cbed4]:main():lattice-best-path.cc:99) For utterance 20030004_610, best cost 81.2912 + 2478.12 = 2559.41 over 740 frames.
20030004_610 پراسیس شیرخوار کے جیلانی چلچلاتی کے ساتھ ہیں 
LOG (lattice-best-path[5.5.907~1-cbed4]:main():lattice-best-path.cc:99) For utterance 20030004_611, best cost 72.6027 + 2354.31 = 2426.91 over 699 frames.
20030004_611 سے افسوس دریچے پروگراموں سپیل چمچے 
LOG (lattice-best-path[5.5.907~1-cbed4]:main():lattice-best-path.cc:99) For utterance 20030004_612, best cost 102.937 + 2514.64 = 2617.58 over 740 frames.
20030004_612 تبدیلی ورزش سے ڈالنے چڑھاؤ شروع توقع کے چراغاں ہیں 
LOG (lattice-best-path[5.5.907~1-cbed4]:main():lattice-best-path.cc:99) For utterance 20030004_613, best cost 59.0751 + 1807.58 = 1866.65 over 534 frames.
20030004_613 قیامت فولاد نوزل تحصیلدار 
LOG (lattice-best-path[5.5.907~1-cbed4]:main():lattice-best-path.cc:99) For utterance 20030004_614, best cost 78.3644 + 1905.84 = 1984.2 over 547 frames.
20030004_614 بندوق ٹیکنیشنز چلچلاتی اثاثوں جلوسوں جغرافیائی 
LOG (lattice-best-path[5.5.907~1-cbed4]:main():lattice-best-path.cc:99) For utterance 20030004_615, best cost 129.59 + 3220.7 = 3350.29 over 941 frames.
20030004_615 کر آتشزدگی بیجوں مسلسل سومرو ضرورت جوبلی حالانکہ دلجوئی کوآرڈینیٹر 
LOG (lattice-best-path[5.5.907~1-cbed4]:main():lattice-best-path.cc:99) For utterance 20030004_616, best cost 124.061 + 3026.59 = 3150.65 over 890 frames.
20030004_616 ترجمان اور میڈیسن اور خریدوفروخت ڈزاسٹر تحصیلدار تصدق گرانقدر ترجیح 
LOG (lattice-best-path[5.5.907~1-cbed4]:main():lattice-best-path.cc:99) For utterance 20030004_617, best cost 70.5363 + 1909.91 = 1980.44 over 569 frames.
20030004_617 امیگریشن دلجوئی ہوے کارخیر تحصیلدار 
LOG (lattice-best-path[5.5.907~1-cbed4]:main():lattice-best-path.cc:99) For utterance 20030004_618, best cost 95.6244 + 2677.45 = 2773.07 over 792 frames.
20030004_618 کاشمیری سے روشناس موجودہ اقتصادی بلدیاتی چلچلاتی ہیں 
LOG (lattice-best-path[5.5.907~1-cbed4]:main():lattice-best-path.cc:99) For utterance 20030004_619, best cost 57.0765 + 1760.81 = 1817.89 over 524 frames.
20030004_619 تیزی شیعہ حمایت دلجوئی کریں 
LOG (lattice-best-path[5.5.907~1-cbed4]:main():lattice-best-path.cc:99) For utterance 20030004_620, best cost 87.7859 + 2375.11 = 2462.9 over 688 frames.
20030004_620 جیومیٹری اور بسیار کے منور پرجوش صلاحیت ہیں 
LOG (lattice-best-path[5.5.907~1-cbed4]:main():lattice-best-path.cc:99) For utterance 20030004_621, best cost 96.6658 + 2681.16 = 2777.83 over 757 frames.
20030004_621 مجوزہ سوئٹرز گہماگہمی زیور سوچا کی وزیر دیکھیں 
LOG (lattice-best-path[5.5.907~1-cbed4]:main():lattice-best-path.cc:99) For utterance 20030004_622, best cost 61.9061 + 2195.02 = 2256.92 over 634 frames.
20030004_622 کو چیتھڑے موردالزام کے برعظیم 
LOG (lattice-best-path[5.5.907~1-cbed4]:main():lattice-best-path.cc:99) For utterance 20030004_623, best cost 52.7297 + 1711.52 = 1764.25 over 510 frames.
20030004_623 پیروکار سازوسامان تماشائیوں کیا 
LOG (lattice-best-path[5.5.907~1-cbed4]:main():lattice-best-path.cc:99) For utterance 20030004_624, best cost 96.1576 + 2694.33 = 2790.49 over 768 frames.
20030004_624 تسلسل ایجنسی غوروخوض روزافزوں پروفیشنل کے مارشل تھا 
LOG (lattice-best-path[5.5.907~1-cbed4]:main():lattice-best-path.cc:99) For utterance 20030004_625, best cost 78.8358 + 2362.54 = 2441.38 over 717 frames.
20030004_625 لیجنڈری استفادے کیلئے پریذیڈنٹ کے واقعے ہو گیا 
LOG (lattice-best-path[5.5.907~1-cbed4]:main():lattice-best-path.cc:99) For utterance 20030004_626, best cost 58.5169 + 1566.49 = 1625 over 463 frames.
20030004_626 پیتھالوجی لاہوریات دودھیل بازیچہ 
LOG (lattice-best-path[5.5.907~1-cbed4]:main():lattice-best-path.cc:99) For utterance 20030004_627, best cost 71.9625 + 2096.08 = 2168.04 over 610 frames.
20030004_627 ٹرانسپیرنسی انوکھے آمیزش پروفائل کا کیا 
LOG (lattice-best-path[5.5.907~1-cbed4]:main():lattice-best-path.cc:99) For utterance 20030004_628, best cost 69.3867 + 2380.4 = 2449.79 over 710 frames.
20030004_628 کرتی کرنے والے کیلئے پرچیاں فوجیوں 
LOG (lattice-best-path[5.5.907~1-cbed4]:main():lattice-best-path.cc:99) For utterance 20030004_629, best cost 76.4578 + 2547.6 = 2624.06 over 773 frames.
20030004_629 شیرے دشوار فراخدلی بےقصور پرائیوٹائزیشن 
LOG (lattice-best-path[5.5.907~1-cbed4]:main():lattice-best-path.cc:99) For utterance 20030004_630, best cost 75.8682 + 2208.82 = 2284.69 over 661 frames.
20030004_630 گورے ملیشیا رابطے چرانے تسلسل کر دیا 
LOG (lattice-best-path[5.5.907~1-cbed4]:main():lattice-best-path.cc:99) For utterance 20030004_631, best cost 96.8406 + 2928.84 = 3025.68 over 905 frames.
20030004_631 سیسے بولو میں وفاقی طرزفکر سیسے مچانے کریں 
LOG (lattice-best-path[5.5.907~1-cbed4]:main():lattice-best-path.cc:99) For utterance 20030004_632, best cost 99.4183 + 2870.99 = 2970.41 over 874 frames.
20030004_632 وزیرداخلہ کے لیے کے باوجود کوڑیاں مجموعہ کروموسوم کی سویٹر 
LOG (lattice-best-path[5.5.907~1-cbed4]:main():lattice-best-path.cc:99) For utterance 20030004_633, best cost 85.8493 + 2783.03 = 2868.88 over 822 frames.
20030004_633 بلگرامی صدیقین کوفی سکورز سیسے کی سے 
LOG (lattice-best-path[5.5.907~1-cbed4]:main():lattice-best-path.cc:99) For utterance 20030004_634, best cost 76.9292 + 2215.45 = 2292.38 over 680 frames.
20030004_634 فلیش کنسورشیم بیساکھی ضروریات لکڑہارے کرتے ہیں 
LOG (lattice-best-path[5.5.907~1-cbed4]:main():lattice-best-path.cc:99) For utterance 20030004_635, best cost 69.4355 + 2275.44 = 2344.88 over 684 frames.
20030004_635 ٹرانسپیرنسی گراموفون میموریل اپنے عزیزواقارب 
LOG (lattice-best-path[5.5.907~1-cbed4]:main():lattice-best-path.cc:99) For utterance 20030004_636, best cost 67.9051 + 2208.05 = 2275.95 over 677 frames.
20030004_636 پروفیشنل ایجوکیشن معاوضہ کو مغفور 
LOG (lattice-best-path[5.5.907~1-cbed4]:main():lattice-best-path.cc:99) For utterance 20030004_637, best cost 61.7638 + 2118.94 = 2180.7 over 652 frames.
20030004_637 بغدادی سماوی بدچلنی اسمبلی 
LOG (lattice-best-path[5.5.907~1-cbed4]:main():lattice-best-path.cc:99) For utterance 20030004_638, best cost 91.3219 + 2456.06 = 2547.38 over 709 frames.
20030004_638 کچوکے کی شیروانی پرسوز اور سیکورٹی پر آکسیجن 
LOG (lattice-best-path[5.5.907~1-cbed4]:main():lattice-best-path.cc:99) For utterance 20030004_639, best cost 101.179 + 2567.83 = 2669.01 over 768 frames.
20030004_639 کارکردگی کرکے سے تھیسس کی طاغوتی گلدستہ سے پڑوسی 
LOG (lattice-best-path[5.5.907~1-cbed4]:main():lattice-best-path.cc:99) For utterance 20030004_640, best cost 101.46 + 2580 = 2681.46 over 768 frames.
20030004_640 چوتھی یونیورسٹی سیاسی سے اور سے شواہد دلجوئی وزراء 
LOG (lattice-best-path[5.5.907~1-cbed4]:main():lattice-best-path.cc:99) For utterance 20030004_641, best cost 65.1041 + 1962.47 = 2027.57 over 601 frames.
20030004_641 اور کارپوریشن فوقیت وزیرداخلہ سے کی 
LOG (lattice-best-path[5.5.907~1-cbed4]:main():lattice-best-path.cc:99) For utterance 20030004_642, best cost 86.893 + 1920.77 = 2007.66 over 588 frames.
20030004_642 قدروقیمت کی ایجنسیز کے گردش سے خصوصی خواری 
LOG (lattice-best-path[5.5.907~1-cbed4]:main():lattice-best-path.cc:99) For utterance 20030004_643, best cost 66.3936 + 2102.71 = 2169.1 over 626 frames.
20030004_643 پاسداری معجزے مالیخولیا زندگی کریں 
LOG (lattice-best-path[5.5.907~1-cbed4]:main():lattice-best-path.cc:99) For utterance 20030004_644, best cost 100.608 + 2526.4 = 2627.01 over 753 frames.
20030004_644 پچیں اگرچہ ڈوریں وزراء باورچی تحصیلدار سے لگا ہے 
LOG (lattice-best-path[5.5.907~1-cbed4]:main():lattice-best-path.cc:99) For utterance 20030004_645, best cost 77.7568 + 2321.2 = 2398.96 over 687 frames.
20030004_645 گردیزی نوزل تذبذب مستغنی کاشمیری ہیں 
LOG (lattice-best-path[5.5.907~1-cbed4]:main():lattice-best-path.cc:99) For utterance 20030004_646, best cost 80.9652 + 2234.59 = 2315.56 over 664 frames.
20030004_646 صوفیہ خودسوزی کوریوگرافر کیا نگرانی بڑھائے کریں 
LOG (lattice-best-path[5.5.907~1-cbed4]:main():lattice-best-path.cc:99) For utterance 20030004_647, best cost 50.5433 + 1477.9 = 1528.44 over 439 frames.
20030004_647 بوسنیائی جھنجھوڑ گردوغبار ہیں 
LOG (lattice-best-path[5.5.907~1-cbed4]:main():lattice-best-path.cc:99) For utterance 20030004_648, best cost 56.1368 + 1769.21 = 1825.34 over 531 frames.
20030004_648 نے دودھیا شاخسانہ کے رہا تھا 
LOG (lattice-best-path[5.5.907~1-cbed4]:main():lattice-best-path.cc:99) For utterance 20030004_649, best cost 58.8417 + 1938.94 = 1997.79 over 582 frames.
20030004_649 اور فلسفے الیکڑانکس آمدنی کریں 
LOG (lattice-best-path[5.5.907~1-cbed4]:main():lattice-best-path.cc:99) For utterance 20030004_650, best cost 85.7392 + 2336.86 = 2422.6 over 690 frames.
20030004_650 درجے پالیسیوں ہوزری لاہوریات حیثیت بیزار ہیں 
LOG (lattice-best-path[5.5.907~1-cbed4]:main():lattice-best-path.cc:99) For utterance 20030004_651, best cost 81.7521 + 2211.51 = 2293.26 over 679 frames.
20030004_651 اور رپورٹ بیچوں سیکورٹی کمپیوٹرائزڈ گیسو کی 
LOG (lattice-best-path[5.5.907~1-cbed4]:main():lattice-best-path.cc:99) For utterance 20030004_652, best cost 109.381 + 2596.75 = 2706.13 over 801 frames.
20030004_652 پرویا کیجیے کا میں کوئی اور کیولری کمیونٹی صورت اونچی 
LOG (lattice-best-path[5.5.907~1-cbed4]:main():lattice-best-path.cc:99) For utterance 20030004_653, best cost 66.2771 + 2321.58 = 2387.86 over 694 frames.
20030004_653 پرائیویسی سینٹر سے ڈیجیٹل روزوں 
LOG (lattice-best-path[5.5.907~1-cbed4]:main():lattice-best-path.cc:99) For utterance 20030004_654, best cost 89.6403 + 2347.03 = 2436.67 over 694 frames.
20030004_654 چھیانوے شخصیت جوئیں کولیسٹرول سے لیبارٹری جبری 
LOG (lattice-best-path[5.5.907~1-cbed4]:main():lattice-best-path.cc:99) For utterance 20030004_655, best cost 74.9129 + 1612.81 = 1687.73 over 493 frames.
20030004_655 بھیانک چڑچڑے موزونیت بدچلنی کریش ہیں 
LOG (lattice-best-path[5.5.907~1-cbed4]:main():lattice-best-path.cc:99) For utterance 20030004_656, best cost 67.2422 + 2453.9 = 2521.14 over 744 frames.
20030004_656 بیساکھی پروگریسیو دیو سمجھانے سے 
LOG (lattice-best-path[5.5.907~1-cbed4]:main():lattice-best-path.cc:99) For utterance 20030004_657, best cost 53.4427 + 1794.19 = 1847.64 over 545 frames.
20030004_657 کا طرزفکر لادینیت سمفنی 
LOG (lattice-best-path[5.5.907~1-cbed4]:main():lattice-best-path.cc:99) For utterance 20030004_658, best cost 58.8391 + 1748.21 = 1807.05 over 505 frames.
20030004_658 غیرقانونی لاہوری دیسی باآسانی 
LOG (lattice-best-path[5.5.907~1-cbed4]:main():lattice-best-path.cc:99) For utterance 20030004_659, best cost 90.4771 + 2683.97 = 2774.45 over 796 frames.
20030004_659 کے سلجھائیں اور ڈیویلپر کو زیورات بویا حسیں 
LOG (lattice-best-path[5.5.907~1-cbed4]:main():lattice-best-path.cc:99) For utterance 20030004_660, best cost 50.7292 + 1399.47 = 1450.2 over 406 frames.
20030004_660 سویرا کے معاوضہ میرزا 
LOG (lattice-best-path[5.5.907~1-cbed4]:main():lattice-best-path.cc:99) For utterance 20030004_661, best cost 53.5558 + 1722.67 = 1776.23 over 513 frames.
20030004_661 قضہ فیڈریشنز دارومدار باغبانی 
LOG (lattice-best-path[5.5.907~1-cbed4]:main():lattice-best-path.cc:99) For utterance 20030004_662, best cost 57.4848 + 1884.37 = 1941.85 over 549 frames.
20030004_662 تجوریاں سیاسی سیاسی کشمیری 
LOG (lattice-best-path[5.5.907~1-cbed4]:main():lattice-best-path.cc:99) For utterance 20030004_663, best cost 80.7788 + 2221.56 = 2302.34 over 658 frames.
20030004_663 کی منیجر ازسرنو کیا حادثاتی دبیز ہوئیں 
LOG (lattice-best-path[5.5.907~1-cbed4]:main():lattice-best-path.cc:99) For utterance 20030004_664, best cost 83.4711 + 2539.24 = 2622.71 over 744 frames.
20030004_664 پراسیس میڈیا گھوڑے غزوہ کلیجی کرتے ہوئے 
LOG (lattice-best-path[5.5.907~1-cbed4]:main():lattice-best-path.cc:99) For utterance 20030004_665, best cost 63.8184 + 1987.17 = 2050.99 over 587 frames.
20030004_665 قیصر ساتویں سنچری کو کچوکے ہوا 
LOG (lattice-best-path[5.5.907~1-cbed4]:main():lattice-best-path.cc:99) For utterance 20030004_666, best cost 42.0294 + 1680.58 = 1722.61 over 480 frames.
20030004_666 برسراقتدار پروسیسنگ ہوئی 
LOG (lattice-best-path[5.5.907~1-cbed4]:main():lattice-best-path.cc:99) For utterance 20030004_667, best cost 57.6474 + 1861.48 = 1919.13 over 558 frames.
20030004_667 ٹھیکیدار سے چنگیزی ویڈیوز میں 
LOG (lattice-best-path[5.5.907~1-cbed4]:main():lattice-best-path.cc:99) For utterance 20030004_668, best cost 86.8696 + 2558.55 = 2645.42 over 777 frames.
20030004_668 سٹوڈیوز میں کے لیے ہومیوپیتھک پرچھائیاں کے سے جانے کیا 
LOG (lattice-best-path[5.5.907~1-cbed4]:main():lattice-best-path.cc:99) For utterance 20030004_669, best cost 55.6022 + 1784.01 = 1839.61 over 543 frames.
20030004_669 اور غیرضروری جیسے مضروب کیا 
LOG (lattice-best-path[5.5.907~1-cbed4]:main():lattice-best-path.cc:99) For utterance 20030004_670, best cost 58.2384 + 1699.53 = 1757.77 over 512 frames.
20030004_670 پڑوسی کارپوریشن ایسڈ منور 
LOG (lattice-best-path[5.5.907~1-cbed4]:main():lattice-best-path.cc:99) For utterance 20030004_671, best cost 98.2908 + 2889.41 = 2987.71 over 872 frames.
20030004_671 قریشی سے سوسائٹی بلاسوچے سعودی سوزوکی بلوچی جاؤ 
LOG (lattice-best-path[5.5.907~1-cbed4]:main():lattice-best-path.cc:99) For utterance 20030004_672, best cost 60.223 + 2215.92 = 2276.14 over 652 frames.
20030004_672 فیڈریشنز الیکڑانکس اور وزیرداخلہ ہیں 
LOG (lattice-best-path[5.5.907~1-cbed4]:main():lattice-best-path.cc:99) For utterance 20030004_673, best cost 64.3661 + 1759.25 = 1823.62 over 536 frames.
20030004_673 باغیچہ متنوع چوزے نظریے کریں 
LOG (lattice-best-path[5.5.907~1-cbed4]:main():lattice-best-path.cc:99) For utterance 20030004_674, best cost 79.5787 + 2258.91 = 2338.49 over 656 frames.
20030004_674 مصوروں میں فرخندہ محترمہ میں پھنسے خوشی 
LOG (lattice-best-path[5.5.907~1-cbed4]:main():lattice-best-path.cc:99) For utterance 20030004_675, best cost 52.6939 + 1657.22 = 1709.91 over 501 frames.
20030004_675 فائربریگیڈ سوچیے تعاقب اور 
LOG (lattice-best-path[5.5.907~1-cbed4]:main():lattice-best-path.cc:99) For utterance 20030004_676, best cost 78.6962 + 2189.05 = 2267.74 over 617 frames.
20030004_676 دیباچے سے سکتی چلغوزے سرفہرست چلچلاتی 
LOG (lattice-best-path[5.5.907~1-cbed4]:main():lattice-best-path.cc:99) For utterance 20030004_677, best cost 86.4644 + 2656.3 = 2742.77 over 794 frames.
20030004_677 انسانیت گرویدہ بعدازاں موضوع دیوبندی ہونے سے 
LOG (lattice-best-path[5.5.907~1-cbed4]:main():lattice-best-path.cc:99) For utterance 20030004_678, best cost 87.8121 + 2887.42 = 2975.24 over 870 frames.
20030004_678 سپاسنامہ کے ٹرانسپیرنسی جولانی پروگریسیو شیشے کریں 
LOG (lattice-best-path[5.5.907~1-cbed4]:main():lattice-best-path.cc:99) For utterance 20030004_679, best cost 64.185 + 1678.33 = 1742.52 over 496 frames.
20030004_679 ہومیوپیتھی تحقیقات سے گردیزی سوچیے 
LOG (lattice-best-path[5.5.907~1-cbed4]:main():lattice-best-path.cc:99) For utterance 20030004_680, best cost 80.9102 + 2496.98 = 2577.89 over 764 frames.
20030004_680 چوری سکواڈرن دیول پروگریسیو فارسی بالواسطہ 
LOG (lattice-best-path[5.5.907~1-cbed4]:main():lattice-best-path.cc:99) For utterance 20030004_681, best cost 101.28 + 2245.87 = 2347.15 over 688 frames.
20030004_681 بنا تشنج دیش کو ٹھیکیدار عزیزواقارب پیچیدہ تاثر 
LOG (lattice-best-path[5.5.907~1-cbed4]:main():lattice-best-path.cc:99) For utterance 20030004_682, best cost 82.5188 + 2162.79 = 2245.31 over 656 frames.
20030004_682 کی کوچوان نیلوفر اعتراف جلوس گردوغبار کی 
LOG (lattice-best-path[5.5.907~1-cbed4]:main():lattice-best-path.cc:99) For utterance 20030004_683, best cost 82.2515 + 1969.82 = 2052.07 over 605 frames.
20030004_683 زیراستعمال کی درآمدات کہانی بھنڈی کے سے کریں 
LOG (lattice-best-path[5.5.907~1-cbed4]:main():lattice-best-path.cc:99) For utterance 20030004_684, best cost 85.8617 + 2383.9 = 2469.76 over 758 frames.
20030004_684 زیرغور واحد سیٹھی جھولوں چھیانوے انتقال 
LOG (lattice-best-path[5.5.907~1-cbed4]:main():lattice-best-path.cc:99) For utterance 20030004_685, best cost 73.7583 + 1616.6 = 1690.36 over 489 frames.
20030004_685 جو سموسے نیچے بخشے سپاسنامہ دو 
LOG (lattice-best-path[5.5.907~1-cbed4]:main():lattice-best-path.cc:99) For utterance 20030004_686, best cost 66.9561 + 1858.98 = 1925.94 over 543 frames.
20030004_686 سفیدے کے زیرانتظام نیوکلیئس اثرورسوخ 
LOG (lattice-best-path[5.5.907~1-cbed4]:main():lattice-best-path.cc:99) For utterance 20030004_687, best cost 99.0377 + 2658.32 = 2757.36 over 796 frames.
20030004_687 چوائس دلسوزی ہیروئین دوم فرانسیسی باقر گومگو کریں 
LOG (lattice-best-path[5.5.907~1-cbed4]:main():lattice-best-path.cc:99) For utterance 20030004_688, best cost 103.821 + 2778.2 = 2882.02 over 831 frames.
20030004_688 وزیرخارجہ انسانیت گزارنے گردیزی کے میراں کرکے باغیچہ 
LOG (lattice-best-path[5.5.907~1-cbed4]:main():lattice-best-path.cc:99) For utterance 20030004_689, best cost 87.2017 + 2187.1 = 2274.3 over 645 frames.
20030004_689 مجوزہ کی قدآدم جونیجو سوزوکی سے کتابچہ ہیں 
LOG (lattice-best-path[5.5.907~1-cbed4]:main():lattice-best-path.cc:99) For utterance 20030004_690, best cost 65.8662 + 1531.89 = 1597.76 over 467 frames.
20030004_690 کی پھلیاں پرتعیش جونیجو چوالیس ہیں 
LOG (lattice-best-path[5.5.907~1-cbed4]:main():lattice-best-path.cc:99) For utterance 20030004_691, best cost 92.3093 + 2593.75 = 2686.06 over 808 frames.
20030004_691 کیسی جیلانی تجوریاں اور بحیثیت انسانیت ڈپلومیسی 
LOG (lattice-best-path[5.5.907~1-cbed4]:main():lattice-best-path.cc:99) For utterance 20030004_692, best cost 69.1128 + 2164.58 = 2233.69 over 657 frames.
20030004_692 بالواسطہ جیسے مزارعوں ادائیگی کرتے ہیں 
LOG (lattice-best-path[5.5.907~1-cbed4]:main():lattice-best-path.cc:99) For utterance 20030004_693, best cost 83.3109 + 2168.99 = 2252.3 over 673 frames.
20030004_693 میں کی چوڑیاں سے کا تیزرفتار باخبر مدعو 
LOG (lattice-best-path[5.5.907~1-cbed4]:main():lattice-best-path.cc:99) For utterance 20030004_694, best cost 77.1144 + 2094.78 = 2171.89 over 604 frames.
20030004_694 دلبرداشتہ تساہل درجے موروثی جلدازجلد ہیں 
LOG (lattice-best-path[5.5.907~1-cbed4]:main():lattice-best-path.cc:99) For utterance 20030004_695, best cost 80.021 + 2042.05 = 2122.07 over 606 frames.
20030004_695 خلیفہ نیگیٹو گیارہویں لکھی جھونپڑی درج ہے 
LOG (lattice-best-path[5.5.907~1-cbed4]:main():lattice-best-path.cc:99) For utterance 20030004_696, best cost 83.1884 + 2098.38 = 2181.57 over 617 frames.
20030004_696 کے چلغوزے کیا ریزروز منصوبے ڈائیگرام کیا گیا 
LOG (lattice-best-path[5.5.907~1-cbed4]:main():lattice-best-path.cc:99) For utterance 20030004_697, best cost 58.3859 + 1650.3 = 1708.68 over 492 frames.
20030004_697 براوو سے سے بیسن گراموفون 
LOG (lattice-best-path[5.5.907~1-cbed4]:main():lattice-best-path.cc:99) For utterance 20030004_698, best cost 57.1469 + 1563.73 = 1620.88 over 474 frames.
20030004_698 نامزد ترویج شبہ بحیثیت ہیں 
LOG (lattice-best-path[5.5.907~1-cbed4]:main():lattice-best-path.cc:99) For utterance 20030004_699, best cost 61.7127 + 2002.14 = 2063.85 over 596 frames.
20030004_699 نتیجے ٹریجڈی غیریقینی کنسورشیم 
LOG (lattice-best-path[5.5.907~1-cbed4]:main():lattice-best-path.cc:99) For utterance 20030004_700, best cost 62.2152 + 1808.03 = 1870.24 over 540 frames.
20030004_700 روزافزوں کی کی پاکیزگی جلدازجلد ہے 
LOG (lattice-best-path[5.5.907~1-cbed4]:main():lattice-best-path.cc:99) For utterance 20030004_701, best cost 87.8718 + 2063.83 = 2151.7 over 617 frames.
20030004_701 روزنامہ مضحک مہندی استعمال مزدوروں بازیچہ ہیں 
LOG (lattice-best-path[5.5.907~1-cbed4]:main():lattice-best-path.cc:99) For utterance 20030004_702, best cost 60.0791 + 1636.27 = 1696.35 over 513 frames.
20030004_702 فیصلہ پروگریسیو امیگریشن متنفر 
LOG (lattice-best-path[5.5.907~1-cbed4]:main():lattice-best-path.cc:99) For utterance 20030004_703, best cost 47.6516 + 1609.08 = 1656.73 over 504 frames.
20030004_703 ڈیتھ ٹریژری ہیڈکوارٹر 
LOG (lattice-best-path[5.5.907~1-cbed4]:main():lattice-best-path.cc:99) For utterance 20030004_704, best cost 86.5213 + 2425.96 = 2512.48 over 762 frames.
20030004_704 چغتائی سیکشن مٹھائیاں سرہندی بےعزتی ملوث 
LOG (lattice-best-path[5.5.907~1-cbed4]:main():lattice-best-path.cc:99) For utterance 20030004_705, best cost 67.7587 + 1915.94 = 1983.7 over 586 frames.
20030004_705 نوجوان نائیٹروجنی سے جارحیت پاکیزگی 
LOG (lattice-best-path[5.5.907~1-cbed4]:main():lattice-best-path.cc:99) For utterance 20030004_706, best cost 52.1945 + 1414.56 = 1466.75 over 434 frames.
20030004_706 بیساکھی استفادے کی دریچوں 
LOG (lattice-best-path[5.5.907~1-cbed4]:main():lattice-best-path.cc:99) For utterance 20030004_707, best cost 44.8439 + 1492.56 = 1537.41 over 479 frames.
20030004_707 اناسیواں پارلیمانی نہ کریں 
LOG (lattice-best-path[5.5.907~1-cbed4]:main():lattice-best-path.cc:99) For utterance 20030004_708, best cost 82.9839 + 2067.5 = 2150.48 over 653 frames.
20030004_708 چمچے سرنجیں بچہ سیکورٹی بھاوج سمجھیں 
LOG (lattice-best-path[5.5.907~1-cbed4]:main():lattice-best-path.cc:99) For utterance 20030005_601, best cost 136.086 + 4801.07 = 4937.16 over 1496 frames.
20030005_601 مترادف پوشیدہ پیشن میں بدچلنی لینڈ خوگر کیونکہ گاؤں کو گوگل ہیں 
LOG (lattice-best-path[5.5.907~1-cbed4]:main():lattice-best-path.cc:99) For utterance 20030005_602, best cost 185.617 + 6546.7 = 6732.32 over 2091 frames.
20030005_602 بالاخر کے داخلوں اور گھروں بن تفتیشی باولنگ مجاہد اور پنجرے کرنے کے شیلٹر سے کالجوں ہیں 
LOG (lattice-best-path[5.5.907~1-cbed4]:main():lattice-best-path.cc:99) For utterance 20030005_603, best cost 151.852 + 5011.63 = 5163.48 over 1534 frames.
20030005_603 شخص فولڈر ہوزری کے باعث کے راہبر اٹھاؤ کلیدی بیچوں برتن تجارت کیا 
LOG (lattice-best-path[5.5.907~1-cbed4]:main():lattice-best-path.cc:99) For utterance 20030005_604, best cost 119.636 + 5007.22 = 5126.86 over 1617 frames.
20030005_604 صدیقین چاہئے تعمیر بڑی کوتاہی پیش اور چاہیے طرزفکر ہے 
LOG (lattice-best-path[5.5.907~1-cbed4]:main():lattice-best-path.cc:99) For utterance 20030005_605, best cost 86.1035 + 2524.19 = 2610.3 over 734 frames.
20030005_605 سوزش سوگوار جنریشن میں کوآرڈینیٹر صاحب دیتا 
LOG (lattice-best-path[5.5.907~1-cbed4]:main():lattice-best-path.cc:99) For utterance 20030005_606, best cost 119.099 + 3464.5 = 3583.6 over 1080 frames.
20030005_606 گونگے گانٹھوں معلومات سے کی پنجروں کے تفویض بڑی فضل ہیں 
LOG (lattice-best-path[5.5.907~1-cbed4]:main():lattice-best-path.cc:99) For utterance 20030005_607, best cost 80.5296 + 2458.46 = 2538.99 over 747 frames.
20030005_607 بدسلوکی وفاقی زدہ بنگالی باغبانی جائے 
LOG (lattice-best-path[5.5.907~1-cbed4]:main():lattice-best-path.cc:99) For utterance 20030005_608, best cost 121.245 + 3575.06 = 3696.3 over 1112 frames.
20030005_608 کے کبوتر مرتب کو خورشید کاروبار سمجھائیں کی سوجن بوڑھی ہیں 
LOG (lattice-best-path[5.5.907~1-cbed4]:main():lattice-best-path.cc:99) For utterance 20030005_609, best cost 142.515 + 4639.85 = 4782.36 over 1464 frames.
20030005_609 پریشان اومیگا منش کے پاس تو میں نہیں اور فیصلوں کے شوربہ توصیف کیا گیا 
LOG (lattice-best-path[5.5.907~1-cbed4]:main():lattice-best-path.cc:99) For utterance 20030005_610, best cost 136.685 + 4001.94 = 4138.63 over 1188 frames.
20030005_610 نوحہ سرکاری تشہیر کا پر ممبر بڑھانے شہید عرصے اور پچاس ہیں 
LOG (lattice-best-path[5.5.907~1-cbed4]:main():lattice-best-path.cc:99) For utterance 20030005_611, best cost 134.951 + 4479.04 = 4613.99 over 1425 frames.
20030005_611 فرینڈلی ھابھہ سوئس ترمذی ریمبو راہداری کی گونگے کے ساتھ چلے ہیں 
LOG (lattice-best-path[5.5.907~1-cbed4]:main():lattice-best-path.cc:99) For utterance 20030005_612, best cost 124.532 + 4128.47 = 4253 over 1246 frames.
20030005_612 تندہی ورزش سیرگاہ بوڑھا باجرہ شیفرڈ کو پھرتی راجباہوں ہیں 
LOG (lattice-best-path[5.5.907~1-cbed4]:main():lattice-best-path.cc:99) For utterance 20030005_613, best cost 89.5061 + 2825 = 2914.51 over 836 frames.
20030005_613 کرائے مقبوضہ اور چہل اور شیلڈیں پلڑا کیا 
LOG (lattice-best-path[5.5.907~1-cbed4]:main():lattice-best-path.cc:99) For utterance 20030005_614, best cost 98.6763 + 3047.78 = 3146.45 over 932 frames.
20030005_614 بروز فیڈریشن کے پہاڑوں کے ساتھ سیلز کے بغیر زندگی ہے 
LOG (lattice-best-path[5.5.907~1-cbed4]:main():lattice-best-path.cc:99) For utterance 20030005_615, best cost 134.601 + 5557.99 = 5692.59 over 1726 frames.
20030005_615 غیردانشمندانہ کے باریش اور موئسچرائزنگ روزبروز کرتے ہوئے جہانگیر جوڑے اور رہا 
LOG (lattice-best-path[5.5.907~1-cbed4]:main():lattice-best-path.cc:99) For utterance 20030005_616, best cost 162.262 + 5010.96 = 5173.22 over 1496 frames.
20030005_616 تاجور اور میں سونگ اور پیشنگوئی فوجی قزلباش پائیریسی جاسوسی کی خوفزدہ اہلکار کر آیا 
LOG (lattice-best-path[5.5.907~1-cbed4]:main():lattice-best-path.cc:99) For utterance 20030005_617, best cost 125.005 + 3849.7 = 3974.71 over 1182 frames.
20030005_617 کارپوریشن کے گوشوں میں کے رنگوں ہودہ دیکھا کر فقدان سے لگا 
LOG (lattice-best-path[5.5.907~1-cbed4]:main():lattice-best-path.cc:99) For utterance 20030005_618, best cost 124.385 + 3669.1 = 3793.48 over 1099 frames.
20030005_618 فوجیں بغیر سے لوڈشیڈنگ چھولے کا ہزارویں کی بینات کالجز کیا گیا 
LOG (lattice-best-path[5.5.907~1-cbed4]:main():lattice-best-path.cc:99) For utterance 20030005_619, best cost 92.2402 + 2764.58 = 2856.82 over 868 frames.
20030005_619 تجزیے وحشیانہ بیعانہ کریں کی شعوری دیگر ہیں 
LOG (lattice-best-path[5.5.907~1-cbed4]:main():lattice-best-path.cc:99) For utterance 20030005_620, best cost 161.393 + 5354.68 = 5516.07 over 1764 frames.
20030005_620 کی ماڈلنگ فلموں کی بھگوڑوں کو بوڑھوں کے سوراخ ہوتے اور اور زور شاخوں کی طرح کیں 
LOG (lattice-best-path[5.5.907~1-cbed4]:main():lattice-best-path.cc:99) For utterance 20030005_621, best cost 149.943 + 4318.13 = 4468.07 over 1336 frames.
20030005_621 مجلس حاشیے ہو کر چین گہماگہمی میگزین بوگس اور جبری آزمائیں میں پر کی 
LOG (lattice-best-path[5.5.907~1-cbed4]:main():lattice-best-path.cc:99) For utterance 20030005_622, best cost 146.013 + 4683.91 = 4829.93 over 1476 frames.
20030005_622 سوچیے کرنے میں لاہوری بہتری کے دہشت مرضی بھیڑوں اور کرنے سے گدڑی 
LOG (lattice-best-path[5.5.907~1-cbed4]:main():lattice-best-path.cc:99) For utterance 20030005_623, best cost 104.454 + 3710.13 = 3814.58 over 1188 frames.
20030005_623 بلڈنگ ہینگر اور مافیا ایشوز کا کہنا مشائخ گیا 
LOG (lattice-best-path[5.5.907~1-cbed4]:main():lattice-best-path.cc:99) For utterance 20030005_624, best cost 176.259 + 4638.15 = 4814.41 over 1412 frames.
20030005_624 گھسے منافعوں میں کی نصیب اور فوج شور فورس بااصول وجود کے ڈیپریشن دہلی بدشگونی تھا 
LOG (lattice-best-path[5.5.907~1-cbed4]:main():lattice-best-path.cc:99) For utterance 20030005_625, best cost 123.192 + 4110.32 = 4233.51 over 1252 frames.
20030005_625 بریگیڈیر نذر کیا بیماری کوارڈینیٹر بدل سیورج کے اور کے ہو گیا 
LOG (lattice-best-path[5.5.907~1-cbed4]:main():lattice-best-path.cc:99) For utterance 20030005_626, best cost 89.7013 + 2578.61 = 2668.31 over 817 frames.
20030005_626 کر بدظن بوم تلمیحات مندوبین کی راشد ہے 
LOG (lattice-best-path[5.5.907~1-cbed4]:main():lattice-best-path.cc:99) For utterance 20030005_627, best cost 117.481 + 3489.56 = 3607.04 over 1073 frames.
20030005_627 سیرگاہ یرغمال کے وگرنہ میں سے بوڑھوں کے کوسوں نے کہا گیا 
LOG (lattice-best-path[5.5.907~1-cbed4]:main():lattice-best-path.cc:99) For utterance 20030005_628, best cost 117.638 + 3718.52 = 3836.15 over 1182 frames.
20030005_628 کوآرڈینیٹر ننانوے گہرے پر مطالبے انگیخت مشیت وفود کیں 
LOG (lattice-best-path[5.5.907~1-cbed4]:main():lattice-best-path.cc:99) For utterance 20030005_629, best cost 141.123 + 4824.54 = 4965.66 over 1476 frames.
20030005_629 شیڈ کے کے گوشوں کے اوقات لیفٹیننٹ تصورات میں مغلوں کاغذات کی کا ہیں 
LOG (lattice-best-path[5.5.907~1-cbed4]:main():lattice-best-path.cc:99) For utterance 20030005_630, best cost 132.548 + 4684.05 = 4816.59 over 1457 frames.
20030005_630 کی ہزارویں ماشے کی شکار مقدار بلکہ اور کلثوم سروں میں کرتے ہیں 
LOG (lattice-best-path[5.5.907~1-cbed4]:main():lattice-best-path.cc:99) For utterance 20030005_631, best cost 181.375 + 6117.3 = 6298.67 over 1912 frames.
20030005_631 سے زیست بولنگ گودام گرہیں جوق فائربریگیڈ فاروق ٹھوس بیچیں قوس میں سیسموگراف چائلڈ ہیں 
LOG (lattice-best-path[5.5.907~1-cbed4]:main():lattice-best-path.cc:99) For utterance 20030005_632, best cost 171.861 + 5537.28 = 5709.14 over 1758 frames.
20030005_632 قرضے تحصیلدار میں کاروبار کلچر چوروں کوڑیاں بلوچوں پر کو اور مچولی چھوڑنے راہبر ہیں 
LOG (lattice-best-path[5.5.907~1-cbed4]:main():lattice-best-path.cc:99) For utterance 20030005_633, best cost 154.445 + 5732.71 = 5887.16 over 1873 frames.
20030005_633 پرفارمنس کے بعد میں تجویز کے کی کھینچیں اور کوششوں کی موزوں سے چھوڑنے کلیجی ہیں 
LOG (lattice-best-path[5.5.907~1-cbed4]:main():lattice-best-path.cc:99) For utterance 20030005_634, best cost 86.8159 + 3140.62 = 3227.44 over 952 frames.
20030005_634 گلیشئیر جشن کے جہانگیر اور کیا کی رہے ہیں 
LOG (lattice-best-path[5.5.907~1-cbed4]:main():lattice-best-path.cc:99) For utterance 20030005_635, best cost 124.616 + 4255 = 4379.62 over 1336 frames.
20030005_635 حاصل پوچھیں کیوں فولاد میں کریں اور مسلمان سعید مصنوعات ہیں 
LOG (lattice-best-path[5.5.907~1-cbed4]:main():lattice-best-path.cc:99) For utterance 20030005_636, best cost 121.706 + 4233.5 = 4355.2 over 1361 frames.
20030005_636 کو خوشہ معلومات کی جوبلی ضوفشاں مسز ہو جاتا کو کچھوؤں 
LOG (lattice-best-path[5.5.907~1-cbed4]:main():lattice-best-path.cc:99) For utterance 20030005_637, best cost 128.663 + 4591.33 = 4720 over 1457 frames.
20030005_637 خواری میں استغراق میں کی کوشش کریں دھینگا مشتی کی نرسیں اور بے گئی 
LOG (lattice-best-path[5.5.907~1-cbed4]:main():lattice-best-path.cc:99) For utterance 20030005_638, best cost 143.093 + 5632.77 = 5775.87 over 1828 frames.
20030005_638 کاجو گوجر کی شعروادب میں سے منشور اور تھوڑی کوٹھڑی کیا سے جوش ہیں 
LOG (lattice-best-path[5.5.907~1-cbed4]:main():lattice-best-path.cc:99) For utterance 20030005_639, best cost 161.042 + 4739.39 = 4900.43 over 1432 frames.
20030005_639 کرنے کے دفتر کی کے بدلے سے تجویز پروفیسر کے باوجود چیز سربراہ سموسے گوشے ہیں 
LOG (lattice-best-path[5.5.907~1-cbed4]:main():lattice-best-path.cc:99) For utterance 20030005_640, best cost 124.828 + 4343.12 = 4467.95 over 1348 frames.
20030005_640 چونگی اوپر کی گردیزی سے کونسل کے شالا کا پیچوٹری ہو جاتا ہے 
LOG (lattice-best-path[5.5.907~1-cbed4]:main():lattice-best-path.cc:99) For utterance 20030005_641, best cost 118.541 + 3517.23 = 3635.77 over 1054 frames.
20030005_641 اور فوری شگوفے والوں کے بعد شناسی برخلاف طرفین سے بے ہیں 
LOG (lattice-best-path[5.5.907~1-cbed4]:main():lattice-best-path.cc:99) For utterance 20030005_642, best cost 118.271 + 3414.27 = 3532.54 over 1041 frames.
20030005_642 حریفوں کیفے میں ایجنسیز کے پبلشنگ میں سے نفوذ کے نواب کی 
LOG (lattice-best-path[5.5.907~1-cbed4]:main():lattice-best-path.cc:99) For utterance 20030005_643, best cost 140.762 + 4291.33 = 4432.09 over 1310 frames.
20030005_643 کفالت سے محفل بحثیں بلاخوف پنجروں سے بہائیں قبول واگذار بیباک ہیں 
LOG (lattice-best-path[5.5.907~1-cbed4]:main():lattice-best-path.cc:99) For utterance 20030005_644, best cost 131.213 + 5049.77 = 5180.98 over 1611 frames.
20030005_644 کا چھہتر شعروادب کریں اور بوڑھا حبشی کیسی کر سے کرنے کا کے ہیں 
LOG (lattice-best-path[5.5.907~1-cbed4]:main():lattice-best-path.cc:99) For utterance 20030005_645, best cost 99.4889 + 3385.95 = 3485.44 over 1022 frames.
20030005_645 پروگریسیو ونڈوز انحصار بوجوہ مسخرے کی فحش ہیں 
LOG (lattice-best-path[5.5.907~1-cbed4]:main():lattice-best-path.cc:99) For utterance 20030005_646, best cost 121.163 + 3761.02 = 3882.18 over 1156 frames.
20030005_646 سوری گرمجوشی میں اور کی میں گراموفون بااللہ میں بڑھائیں باندھیں ہیں 
LOG (lattice-best-path[5.5.907~1-cbed4]:main():lattice-best-path.cc:99) For utterance 20030005_647, best cost 97.3693 + 3287.62 = 3384.99 over 1067 frames.
20030005_647 بااثر کے کا مواصلات گوگل چور کبوتر کا ہیں 
LOG (lattice-best-path[5.5.907~1-cbed4]:main():lattice-best-path.cc:99) For utterance 20030005_648, best cost 88.3385 + 3077.67 = 3166.01 over 990 frames.
20030005_648 ملیں دودھیا چاشنی کا خودسر کیلئے پراٹھا 
LOG (lattice-best-path[5.5.907~1-cbed4]:main():lattice-best-path.cc:99) For utterance 20030005_649, best cost 91.1869 + 3297.99 = 3389.17 over 1041 frames.
20030005_649 کو کمیونسٹ کر کے برخلاف چوہوں کا پر کریں 
LOG (lattice-best-path[5.5.907~1-cbed4]:main():lattice-best-path.cc:99) For utterance 20030005_650, best cost 134.701 + 4259.18 = 4393.88 over 1355 frames.
20030005_650 پنجرے بانگ کی سیر اور سنبھال کمینگی وزیرداخلہ کے رہائشی پر قضہ ہیں 
LOG (lattice-best-path[5.5.907~1-cbed4]:main():lattice-best-path.cc:99) For utterance 20030005_651, best cost 116.685 + 3448.57 = 3565.25 over 1131 frames.
20030005_651 اور کی بہتری کوچوں کی کو کی گرہیں ہونے سے پہلے سعودی کیں 
LOG (lattice-best-path[5.5.907~1-cbed4]:main():lattice-best-path.cc:99) For utterance 20030005_652, best cost 131.449 + 4664.63 = 4796.08 over 1502 frames.
20030005_652 فرانسیسی پھینکا میں بولروں کیلئے اور کاروبار مرغوب اور کے سوئٹرز پوچھیں 
LOG (lattice-best-path[5.5.907~1-cbed4]:main():lattice-best-path.cc:99) For utterance 20030005_653, best cost 115.781 + 3726.17 = 3841.95 over 1176 frames.
20030005_653 برفباری مرض کا سے مضروب کر ضلعی ڈیجیٹل کر روزافزوں 
LOG (lattice-best-path[5.5.907~1-cbed4]:main():lattice-best-path.cc:99) For utterance 20030005_654, best cost 123.18 + 4463.06 = 4586.24 over 1361 frames.
20030005_654 کریں اور دیش ہوسٹس کی مشیت سیروسیاحت کی موثر کے ایجنسیز ہیں 
LOG (lattice-best-path[5.5.907~1-cbed4]:main():lattice-best-path.cc:99) For utterance 20030005_655, best cost 91.7254 + 3237.63 = 3329.36 over 1022 frames.
20030005_655 برداشت کی بجائے ہوشمندی لیزر بچائیں تابش ہیں 
LOG (lattice-best-path[5.5.907~1-cbed4]:main():lattice-best-path.cc:99) For utterance 20030005_656, best cost 125.164 + 5208.45 = 5333.61 over 1668 frames.
20030005_656 دلسوزی پروسیسنگ گزری تھینکس بچائیں اور شور مجاہد قضہ ہیں 
LOG (lattice-best-path[5.5.907~1-cbed4]:main():lattice-best-path.cc:99) For utterance 20030005_657, best cost 103.579 + 3480.71 = 3584.29 over 1099 frames.
20030005_657 کا محبوب افزودگی زیدی کے افسردہ کلاسز منظور نہیں 
LOG (lattice-best-path[5.5.907~1-cbed4]:main():lattice-best-path.cc:99) For utterance 20030005_658, best cost 83.9239 + 3112.77 = 3196.69 over 1003 frames.
20030005_658 گنگولی کامیاب اونی سوئٹرز کے بعد سے گزارنے 
LOG (lattice-best-path[5.5.907~1-cbed4]:main():lattice-best-path.cc:99) For utterance 20030005_659, best cost 118.043 + 4135.51 = 4253.55 over 1291 frames.
20030005_659 کرتی خوگر چلیں بھوجپوری کا تمغوں کو کلاشنکوفیں کانفرنسوں ہیں 
LOG (lattice-best-path[5.5.907~1-cbed4]:main():lattice-best-path.cc:99) For utterance 20030005_660, best cost 68.7813 + 2488.61 = 2557.4 over 779 frames.
20030005_660 پروگراموں کے بعد کیا ہزارویں بعدازاں 
LOG (lattice-best-path[5.5.907~1-cbed4]:main():lattice-best-path.cc:99) For utterance 20030005_661, best cost 92.0087 + 3855.51 = 3947.52 over 1252 frames.
20030005_661 زلفیں کے لیے بشمول کامیاب کا داغدار بنا ہیں 
LOG (lattice-best-path[5.5.907~1-cbed4]:main():lattice-best-path.cc:99) For utterance 20030005_662, best cost 94.9722 + 3392.97 = 3487.94 over 1067 frames.
20030005_662 کر نقشوں کی تجربہ چلغوزے بوبی دلنشیں گئیں 
LOG (lattice-best-path[5.5.907~1-cbed4]:main():lattice-best-path.cc:99) For utterance 20030005_663, best cost 116.681 + 4340.15 = 4456.83 over 1336 frames.
20030005_663 کی وولٹیج آبشار اور مکھیاں برساتا کی مندوبین تنقیص ہوتی ہیں 
LOG (lattice-best-path[5.5.907~1-cbed4]:main():lattice-best-path.cc:99) For utterance 20030005_664, best cost 125.677 + 4322.88 = 4448.56 over 1316 frames.
20030005_664 سالہاسال ایڈورٹائزنگ میں تناول دیتا موضوعات کو کے سے کے وڈیروں گئے 
LOG (lattice-best-path[5.5.907~1-cbed4]:main():lattice-best-path.cc:99) For utterance 20030005_665, best cost 68.6748 + 2574.62 = 2643.3 over 779 frames.
20030005_665 تشخص اور ریسرچ ریورس رخساروں 
LOG (lattice-best-path[5.5.907~1-cbed4]:main():lattice-best-path.cc:99) For utterance 20030005_666, best cost 94.4412 + 3422.77 = 3517.21 over 1073 frames.
20030005_666 بونس جیگوار اور جذبات تصورات کر سے بولے 
LOG (lattice-best-path[5.5.907~1-cbed4]:main():lattice-best-path.cc:99) For utterance 20030005_667, best cost 106.436 + 4086.9 = 4193.34 over 1323 frames.
20030005_667 کی بل ٹھیکیدار سے جھینگے دوسرے کی گنگولی اسمبلی 
LOG (lattice-best-path[5.5.907~1-cbed4]:main():lattice-best-path.cc:99) For utterance 20030005_668, best cost 134.675 + 4821.2 = 4955.87 over 1489 frames.
20030005_668 سعودی فوجی کے ڈھیلے نصف گلیشئر کا کاغذات پگڑیاں کی سلسلے گا 
LOG (lattice-best-path[5.5.907~1-cbed4]:main():lattice-best-path.cc:99) For utterance 20030005_669, best cost 104.509 + 3538.94 = 3643.45 over 1112 frames.
20030005_669 غوروخوض کر منفعت بورڈ میں ویڈیوز کر پر ضروریات 
LOG (lattice-best-path[5.5.907~1-cbed4]:main():lattice-best-path.cc:99) For utterance 20030005_670, best cost 71.7423 + 3265.76 = 3337.51 over 1035 frames.
20030005_670 وزیرداخلہ شاہد صاحب کو ڈاکوؤں کرو 
LOG (lattice-best-path[5.5.907~1-cbed4]:main():lattice-best-path.cc:99) For utterance 20030005_671, best cost 125.652 + 4459.89 = 4585.54 over 1368 frames.
20030005_671 پچھتر سالگرہ میں کا شوکت سموئے کے ضعف کھجوریں کو پوشیدہ 
LOG (lattice-best-path[5.5.907~1-cbed4]:main():lattice-best-path.cc:99) For utterance 20030005_672, best cost 102.166 + 3872.26 = 3974.42 over 1163 frames.
20030005_672 امیگریشن گزارنے کو فوائد خودسر کوسوں وزیرداخلہ ہیں 
LOG (lattice-best-path[5.5.907~1-cbed4]:main():lattice-best-path.cc:99) For utterance 20030005_673, best cost 91.1996 + 3234.91 = 3326.1 over 1048 frames.
20030005_673 کلراٹھی کی کراؤں گیارہویں دوجے مصالحہ کرتا ہے 
LOG (lattice-best-path[5.5.907~1-cbed4]:main():lattice-best-path.cc:99) For utterance 20030005_674, best cost 150.604 + 4867.4 = 5018.01 over 1604 frames.
20030005_674 دانشو میں پُلوں میں پر کار پراچہ پھولدار پہنچا ٹینک کوسموس میں کی کوشش کی 
LOG (lattice-best-path[5.5.907~1-cbed4]:main():lattice-best-path.cc:99) For utterance 20030005_675, best cost 98.9673 + 4036.02 = 4134.99 over 1297 frames.
20030005_675 اور بوڑھی کے لیے پر سوچے کو خوفوں کا اور کرے 
LOG (lattice-best-path[5.5.907~1-cbed4]:main():lattice-best-path.cc:99) For utterance 20030005_676, best cost 110.337 + 4133.71 = 4244.04 over 1278 frames.
20030005_676 اور جعلسازی سرہندی جاوید ذوق میں کمشنر جھگڑے کرتے ہیں 
LOG (lattice-best-path[5.5.907~1-cbed4]:main():lattice-best-path.cc:99) For utterance 20030005_677, best cost 117.657 + 4512.35 = 4630.01 over 1380 frames.
20030005_677 انسانیت انگوٹھی گنہگار بعدازاں خصوصی کو جہانگیر سے دریافت 
LOG (lattice-best-path[5.5.907~1-cbed4]:main():lattice-best-path.cc:99) For utterance 20030005_678, best cost 183.606 + 6311.21 = 6494.81 over 2052 frames.
20030005_678 صرف بحثوں کو کلیدی فیض تعارف ماؤزے شے میں کیلئے پروسیسنگ فارمولے سے مشعر کے شیڈ کیں 
LOG (lattice-best-path[5.5.907~1-cbed4]:main():lattice-best-path.cc:99) For utterance 20030005_679, best cost 77.0737 + 3062.11 = 3139.19 over 958 frames.
20030005_679 ہومیوپیتھی پر چلچلاتی کولسری سے رشید 
LOG (lattice-best-path[5.5.907~1-cbed4]:main():lattice-best-path.cc:99) For utterance 20030005_680, best cost 133.578 + 4090.84 = 4224.42 over 1316 frames.
20030005_680 کلومیٹر چوڑیاں پہنچنے ہوے کلیرنگ پھولدار کا بحثیں تھوڑا کا رکھتا ہے 
LOG (lattice-best-path[5.5.907~1-cbed4]:main():lattice-best-path.cc:99) For utterance 20030005_681, best cost 143.302 + 5001.94 = 5145.25 over 1611 frames.
20030005_681 تراشوں نشیب شیر کو گھیراؤ کر بااثر دھوبی بولوں اور پیچیدہ پریشاں ہیں 
LOG (lattice-best-path[5.5.907~1-cbed4]:main():lattice-best-path.cc:99) For utterance 20030005_682, best cost 150.931 + 5253.34 = 5404.28 over 1656 frames.
20030005_682 دبیز اور شعاع میں کی روٹھ کر پنجرے کا چچا کلاسز کے گوجر موعود ہے 
LOG (lattice-best-path[5.5.907~1-cbed4]:main():lattice-best-path.cc:99) For utterance 20030005_683, best cost 106.853 + 4296.06 = 4402.91 over 1355 frames.
20030005_683 پر سموسے کی جبڑوں کر کہانی لادینیت کی استعمال کریں 
LOG (lattice-best-path[5.5.907~1-cbed4]:main():lattice-best-path.cc:99) For utterance 20030005_684, best cost 105.383 + 3857.03 = 3962.41 over 1208 frames.
20030005_684 منظور خوف ڈیزرٹ کے کی روحیں بھونچال پچھتر اور 
LOG (lattice-best-path[5.5.907~1-cbed4]:main():lattice-best-path.cc:99) For utterance 20030005_685, best cost 97.725 + 2833.38 = 2931.11 over 881 frames.
20030005_685 بچّو فردوس کی مبشر بخشے سے غزلوں گنگولی 
LOG (lattice-best-path[5.5.907~1-cbed4]:main():lattice-best-path.cc:99) For utterance 20030005_686, best cost 113.782 + 3583.94 = 3697.72 over 1067 frames.
20030005_686 سوچنے میں صلاحیت کر فشار صلاحیتیں مزیدار شمشاد شور 
LOG (lattice-best-path[5.5.907~1-cbed4]:main():lattice-best-path.cc:99) For utterance 20030005_687, best cost 165.589 + 5331.4 = 5496.99 over 1656 frames.
20030005_687 سوئس کے بالخصوص امپائر کھولے بھوجپوری اثاثوں سے کی ہے اور کوچوں موعود فضول اور ہیں 
LOG (lattice-best-path[5.5.907~1-cbed4]:main():lattice-best-path.cc:99) For utterance 20030005_688, best cost 177.961 + 5592.89 = 5770.85 over 1796 frames.
20030005_688 خلق ذوالجلال گردیزی بارش کر سے شہاب مزارعوں اور دیش کی کیجیے میں قانونگو کرنے کالجوں 
LOG (lattice-best-path[5.5.907~1-cbed4]:main():lattice-best-path.cc:99) For utterance 20030005_689, best cost 129.089 + 4547.88 = 4676.97 over 1496 frames.
20030005_689 بھومی گوبر برسراقتدار کر میں دوبارہ پرسوز چوزے کلچر چار 
LOG (lattice-best-path[5.5.907~1-cbed4]:main():lattice-best-path.cc:99) For utterance 20030005_690, best cost 77.9789 + 3189.5 = 3267.48 over 881 frames.
20030005_690 کی روشناس پراسیس انشورنس موئسچرائزنگ جاتا ہے 
LOG (lattice-best-path[5.5.907~1-cbed4]:main():lattice-best-path.cc:99) For utterance 20030005_691, best cost 114.744 + 5070.68 = 5185.43 over 1368 frames.
20030005_691 ذوالجناح جیسے لوہا سودا مسلسل استغاثہ کلاسز ہوسٹس 
LOG (lattice-best-path[5.5.907~1-cbed4]:main():lattice-best-path.cc:99) For utterance 20030005_692, best cost 104.433 + 4543.79 = 4648.22 over 1220 frames.
20030005_692 حصول مصالحہ جیسے سوسائٹی سالہاسال سے سیکھا اجلاس 
LOG (lattice-best-path[5.5.907~1-cbed4]:main():lattice-best-path.cc:99) For utterance 20030005_693, best cost 76.872 + 3432.54 = 3509.42 over 939 frames.
20030005_693 سیاح سیسموگراف سہارے سالہاسال سہارے ہے 
LOG (lattice-best-path[5.5.907~1-cbed4]:main():lattice-best-path.cc:99) For utterance 20030005_694, best cost 111.963 + 4516.35 = 4628.32 over 1208 frames.
20030005_694 عرضداشت چوائس شاخ اثاثوں سبجیکٹ حسینی جوجوبا زودحس 
LOG (lattice-best-path[5.5.907~1-cbed4]:main():lattice-best-path.cc:99) For utterance 20030005_695, best cost 99.7107 + 4078.26 = 4177.97 over 1105 frames.
20030005_695 اویئرنس کی جلدازجلد چالیس ہارویسٹر سمجھا اور ایمرجنسی 
LOG (lattice-best-path[5.5.907~1-cbed4]:main():lattice-best-path.cc:99) For utterance 20030005_696, best cost 119.415 + 4119.71 = 4239.12 over 1131 frames.
20030005_696 تشخص اور سیلز کیسز ایس ہوسٹس افسوس چیلنجز پراسیس 
LOG (lattice-best-path[5.5.907~1-cbed4]:main():lattice-best-path.cc:99) For utterance 20030005_697, best cost 79.5788 + 2846.7 = 2926.28 over 772 frames.
20030005_697 اور سرزمین مستعد سزائیں اداکاراؤں اجلاس 
LOG (lattice-best-path[5.5.907~1-cbed4]:main():lattice-best-path.cc:99) For utterance 20030005_698, best cost 86.5053 + 4184.13 = 4270.64 over 1124 frames.
20030005_698 کلاسز جاسوسی گذشتہ سوری سزا لباس 
LOG (lattice-best-path[5.5.907~1-cbed4]:main():lattice-best-path.cc:99) For utterance 20030005_699, best cost 106.346 + 5014.89 = 5121.24 over 1342 frames.
20030005_699 چیلنجز اور سیاسی چالیس احساس کے ساتھ حیثیت احساس 
LOG (lattice-best-path[5.5.907~1-cbed4]:main():lattice-best-path.cc:99) For utterance 20030005_700, best cost 120.956 + 5359.37 = 5480.32 over 1419 frames.
20030005_700 ہوش کوسموس چیز تذلیل سیروسیاحت سے زودحس اثاثوں حصص 
LOG (lattice-best-path[5.5.907~1-cbed4]:main():lattice-best-path.cc:99) For utterance 20030005_701, best cost 126.519 + 6279.61 = 6406.13 over 1681 frames.
20030005_701 محظوظ کوسموس توضیح سالہاسال سے سے سوا افسوس حوصلہ اجلاس 
LOG (lattice-best-path[5.5.907~1-cbed4]:main():lattice-best-path.cc:99) For utterance 20030005_702, best cost 114.459 + 4345.21 = 4459.67 over 1150 frames.
20030005_702 اثاثوں اس کی محظوظ سے سہارے سوزش سازوسامان سے ریسپشنسٹ 
LOG (lattice-best-path[5.5.907~1-cbed4]:main():lattice-best-path.cc:99) For utterance 20030005_703, best cost 79.8433 + 3493.36 = 3573.2 over 952 frames.
20030005_703 سزا استحصالی چیز کے حوصلہ سازباز 
LOG (lattice-best-path[5.5.907~1-cbed4]:main():lattice-best-path.cc:99) For utterance 20030005_704, best cost 117.914 + 5172.23 = 5290.14 over 1355 frames.
20030005_704 کوہستان شخص حیران ساز جیسے ساحل آہستہ سے حصص 
LOG (lattice-best-path[5.5.907~1-cbed4]:main():lattice-best-path.cc:99) For utterance 20030005_705, best cost 92.3338 + 3473.48 = 3565.81 over 958 frames.
20030005_705 ناجائز فیض مسحور ایسا سالہاسال حصص ایمبولینس 
LOG (lattice-best-path[5.5.907~1-cbed4]:main():lattice-best-path.cc:99) For utterance 20030005_706, best cost 94.2118 + 4120.33 = 4214.54 over 1086 frames.
20030005_706 سیلرز سموسے زیست کے ساتھ اہل صیہونی محسوس 
LOG (lattice-best-path[5.5.907~1-cbed4]:main():lattice-best-path.cc:99) For utterance 20030005_707, best cost 72.5156 + 3308.24 = 3380.76 over 888 frames.
20030005_707 سازوسامان سوچا صیہونی مواضعات ایس 
LOG (lattice-best-path[5.5.907~1-cbed4]:main():lattice-best-path.cc:99) For utterance 20030005_708, best cost 96.8111 + 3687.19 = 3784 over 1009 frames.
20030005_708 ہجر جیسے گیسو ایمبولینس آزادی کاشف ایڈریس 
LOG (lattice-best-path[5.5.907~1-cbed4]:main():lattice-best-path.cc:99) For utterance 20030010_601, best cost 110.228 + 3801.04 = 3911.27 over 985 frames.
20030010_601 بااثر توجیہ کمیشن جیلانی کلیئر اثرورسوخ کے تعاقب ہو گئی 
LOG (lattice-best-path[5.5.907~1-cbed4]:main():lattice-best-path.cc:99) For utterance 20030010_602, best cost 145.522 + 4619.55 = 4765.07 over 1203 frames.
20030010_602 تراجم بےاختیار بدشگونی بھورے ادائیگیوں میں کنسورشیم اچک باریش کمیشن ساز ہے 
LOG (lattice-best-path[5.5.907~1-cbed4]:main():lattice-best-path.cc:99) For utterance 20030010_603, best cost 103.591 + 3231.02 = 3334.61 over 833 frames.
20030010_603 ششدر مزیدار سرعام انگوٹھا بتدریج صحبت کمیشن کیا 
LOG (lattice-best-path[5.5.907~1-cbed4]:main():lattice-best-path.cc:99) For utterance 20030010_604, best cost 99.8482 + 3357.11 = 3456.96 over 856 frames.
20030010_604 سے ڈائیگرام کی کارکردگی کا باعث پہنچایا کے کے سلیولائیٹ 
LOG (lattice-best-path[5.5.907~1-cbed4]:main():lattice-best-path.cc:99) For utterance 20030010_605, best cost 72.5812 + 1953.79 = 2026.37 over 513 frames.
20030010_605 سلجھائیں شلجم ڈکٹیشن کوریوگرافر دیتا ہے 
LOG (lattice-best-path[5.5.907~1-cbed4]:main():lattice-best-path.cc:99) For utterance 20030010_606, best cost 67.5156 + 2362.56 = 2430.07 over 608 frames.
20030010_606 وزیرداخلہ اور سے پسماندہ خاصے عزیز تھے 
LOG (lattice-best-path[5.5.907~1-cbed4]:main():lattice-best-path.cc:99) For utterance 20030010_607, best cost 47.1902 + 1611.08 = 1658.27 over 420 frames.
20030010_607 تسلسل ترجمانی منیجنگ 
LOG (lattice-best-path[5.5.907~1-cbed4]:main():lattice-best-path.cc:99) For utterance 20030010_608, best cost 82.5483 + 2265.64 = 2348.19 over 582 frames.
20030010_608 سپرنٹنڈنٹ گفتگو خوشخبری سمجھانے جدوجہد ہو گی 
LOG (lattice-best-path[5.5.907~1-cbed4]:main():lattice-best-path.cc:99) For utterance 20030010_609, best cost 92.2576 + 2825.09 = 2917.35 over 736 frames.
20030010_609 تشنج تلمیحات نشست انسانیت جھنجھوڑ بحیثیت کیا 
LOG (lattice-best-path[5.5.907~1-cbed4]:main():lattice-best-path.cc:99) For utterance 20030010_610, best cost 93.4076 + 2921.78 = 3015.18 over 803 frames.
20030010_610 پراسیس بدشگونی کامیاب ڈیجیٹل سے بجٹ ایسا ہے 
LOG (lattice-best-path[5.5.907~1-cbed4]:main():lattice-best-path.cc:99) For utterance 20030010_611, best cost 102.754 + 3270.14 = 3372.9 over 868 frames.
20030010_611 صیہونی بینگن باآسانی جرگہ اور جرگہ کی کوشش حاشیے 
LOG (lattice-best-path[5.5.907~1-cbed4]:main():lattice-best-path.cc:99) For utterance 20030010_612, best cost 111.631 + 3336.23 = 3447.86 over 921 frames.
20030010_612 تبدیلیاں کلاسز سمجھ آباواجداد چقندر خوگر جیلانی شاخسانہ ہے 
LOG (lattice-best-path[5.5.907~1-cbed4]:main():lattice-best-path.cc:99) For utterance 20030010_613, best cost 66.2647 + 1757.1 = 1823.37 over 452 frames.
20030010_613 تنولی باخبر ساجد گلیشئیر جاتا ہے 
LOG (lattice-best-path[5.5.907~1-cbed4]:main():lattice-best-path.cc:99) For utterance 20030010_614, best cost 82.8282 + 2231.65 = 2314.47 over 578 frames.
20030010_614 جو فیڈریشن کتابچہ سمجھی بغیر سمجھدار کیا 
LOG (lattice-best-path[5.5.907~1-cbed4]:main():lattice-best-path.cc:99) For utterance 20030010_615, best cost 131.902 + 3676.32 = 3808.22 over 960 frames.
20030010_615 کر آتشزدگی نیسچن موئسچرائزنگ بلڈوزر توجہ دیوبندی کی کھجوریں کو ایڈہاک 
LOG (lattice-best-path[5.5.907~1-cbed4]:main():lattice-best-path.cc:99) For utterance 20030010_616, best cost 131.234 + 3731.63 = 3862.86 over 989 frames.
20030010_616 تاجر کے تعاقب میں جنریشن تخلص ناشتہ کیسی دستاویزی متحدہ تجزیہ 
LOG (lattice-best-path[5.5.907~1-cbed4]:main():lattice-best-path.cc:99) For utterance 20030010_617, best cost 69.4627 + 2535.36 = 2604.82 over 669 frames.
20030010_617 تمسخر چلچلاتی سویٹر پچاسویں لگا 
LOG (lattice-best-path[5.5.907~1-cbed4]:main():lattice-best-path.cc:99) For utterance 20030010_618, best cost 84.1623 + 3129.82 = 3213.98 over 824 frames.
20030010_618 دارومدار اعزاز سمجھا خسارے جانبدار استفہامیہ ہیں 
LOG (lattice-best-path[5.5.907~1-cbed4]:main():lattice-best-path.cc:99) For utterance 20030010_619, best cost 72.4527 + 1902.47 = 1974.92 over 519 frames.
20030010_619 کسی چشتی آمدنی پنجابی مرجھا ہیں 
LOG (lattice-best-path[5.5.907~1-cbed4]:main():lattice-best-path.cc:99) For utterance 20030010_620, best cost 119.286 + 3226.94 = 3346.23 over 820 frames.
20030010_620 چیل منہدم اولولعزم جوئیہ کی محبوبہ فضول شروع کیا نجی 
LOG (lattice-best-path[5.5.907~1-cbed4]:main():lattice-best-path.cc:99) For utterance 20030010_621, best cost 115.243 + 3841.76 = 3957 over 1024 frames.
20030010_621 میں مجوزہ سے اور سوچے مدمقابل ویزے گلدستہ چھیاسیویں رہی تھی 
LOG (lattice-best-path[5.5.907~1-cbed4]:main():lattice-best-path.cc:99) For utterance 20030010_622, best cost 82.9449 + 3052.74 = 3135.69 over 764 frames.
20030010_622 دوچار متوجہ کے تجربہ رسیدہ کے عارضی 
LOG (lattice-best-path[5.5.907~1-cbed4]:main():lattice-best-path.cc:99) For utterance 20030010_623, best cost 77.189 + 2460.02 = 2537.21 over 664 frames.
20030010_623 دلبرداشتہ ماخذ سوئس آکسیجن شنید کیا 
LOG (lattice-best-path[5.5.907~1-cbed4]:main():lattice-best-path.cc:99) For utterance 20030010_624, best cost 102.895 + 2925.15 = 3028.04 over 790 frames.
20030010_624 ماؤف تسلسل سیلرز سازوسامان فجور دیباچے میں مشروبات 
LOG (lattice-best-path[5.5.907~1-cbed4]:main():lattice-best-path.cc:99) For utterance 20030010_625, best cost 86.3485 + 2512.28 = 2598.63 over 665 frames.
20030010_625 استحصالی چلچلاتی گدے گردیزی مجموعہ کے ہو گیا 
LOG (lattice-best-path[5.5.907~1-cbed4]:main():lattice-best-path.cc:99) For utterance 20030010_626, best cost 56.4467 + 1715.13 = 1771.58 over 465 frames.
20030010_626 پیدا سیروسیاحت رنجیدہ سمجھا 
LOG (lattice-best-path[5.5.907~1-cbed4]:main():lattice-best-path.cc:99) For utterance 20030010_627, best cost 66.8015 + 2609.38 = 2676.18 over 712 frames.
20030010_627 چئرمین صورتحال سیسموگراف اومیگا گیا 
LOG (lattice-best-path[5.5.907~1-cbed4]:main():lattice-best-path.cc:99) For utterance 20030010_628, best cost 89.1802 + 2567.05 = 2656.23 over 709 frames.
20030010_628 کثیرالقومی لگانے بچے چیلنجز انجکشن وفود کی 
LOG (lattice-best-path[5.5.907~1-cbed4]:main():lattice-best-path.cc:99) For utterance 20030010_629, best cost 114.936 + 3178.82 = 3293.76 over 876 frames.
20030010_629 چیچک لوشن کیا فراخدلی سے گرمجوشی سے موجودہ عزت کے ساتھ 
LOG (lattice-best-path[5.5.907~1-cbed4]:main():lattice-best-path.cc:99) For utterance 20030010_630, best cost 77.0548 + 2477.28 = 2554.34 over 668 frames.
20030010_630 تعین گزشتہ اعدادوشمار لٹریچر ضیغم گیا 
LOG (lattice-best-path[5.5.907~1-cbed4]:main():lattice-best-path.cc:99) For utterance 20030010_631, best cost 126.435 + 3637.92 = 3764.35 over 964 frames.
20030010_631 سیاسی فوراً مدافعت دیکھنے تحفتا پیش اٹھاسی سے سے سے متاثرہ 
LOG (lattice-best-path[5.5.907~1-cbed4]:main():lattice-best-path.cc:99) For utterance 20030010_632, best cost 118.906 + 4589.31 = 4708.21 over 1219 frames.
20030010_632 فزیوتھراپسٹ جدوجہد جوڑیاں تجارت کاجو موصول چھولے بغیر دیکھیں 
LOG (lattice-best-path[5.5.907~1-cbed4]:main():lattice-best-path.cc:99) For utterance 20030010_633, best cost 122.987 + 3740.77 = 3863.75 over 1056 frames.
20030010_633 بدچلنی بگاڑنے تقویت کی کی کے اور آتشزدگی قوس سلسلے دریچے 
LOG (lattice-best-path[5.5.907~1-cbed4]:main():lattice-best-path.cc:99) For utterance 20030010_634, best cost 85.861 + 2570.84 = 2656.7 over 708 frames.
20030010_634 کمیشن جشن کے سامنے جوڑیاں قدآدم تنگدستی نہیں 
LOG (lattice-best-path[5.5.907~1-cbed4]:main():lattice-best-path.cc:99) For utterance 20030010_635, best cost 85.2428 + 2678.25 = 2763.49 over 722 frames.
20030010_635 پاسبان اپوزیشن پونے سے پارلیمنٹرین سیاست کریں 
LOG (lattice-best-path[5.5.907~1-cbed4]:main():lattice-best-path.cc:99) For utterance 20030010_636, best cost 83.2476 + 2454.55 = 2537.79 over 677 frames.
20030010_636 پروفیشنل ایجوکیشن میں سے جو جدون تفاوت 
LOG (lattice-best-path[5.5.907~1-cbed4]:main():lattice-best-path.cc:99) For utterance 20030010_637, best cost 65.8089 + 2576.81 = 2642.62 over 703 frames.
20030010_637 ٹرانسفارمر بدچلنی رنجیدہ سے کرتے ہوئے 
LOG (lattice-best-path[5.5.907~1-cbed4]:main():lattice-best-path.cc:99) For utterance 20030010_638, best cost 128.097 + 4218.91 = 4347 over 1134 frames.
20030010_638 پر طنزومزاح کی شیروانی کولیسٹرول جچتا ہوتی کو کھچی سیاست ایجنسی 
LOG (lattice-best-path[5.5.907~1-cbed4]:main():lattice-best-path.cc:99) For utterance 20030010_639, best cost 114.877 + 3675.18 = 3790.06 over 1011 frames.
20030010_639 پھیرتے برطرفی کے کے سے تشخیص ٹیکنالوجیز اور تسلسل دو سکتیں 
LOG (lattice-best-path[5.5.907~1-cbed4]:main():lattice-best-path.cc:99) For utterance 20030010_640, best cost 91.0834 + 3001.23 = 3092.32 over 822 frames.
20030010_640 جاتی باورچی جعلسازی سنگھاسن کی شدہ خوشگوار 
LOG (lattice-best-path[5.5.907~1-cbed4]:main():lattice-best-path.cc:99) For utterance 20030010_641, best cost 72.6616 + 2623.42 = 2696.09 over 712 frames.
20030010_641 کوارڈینیٹر شمولیت آتشیں بازیچہ گردیزی 
LOG (lattice-best-path[5.5.907~1-cbed4]:main():lattice-best-path.cc:99) For utterance 20030010_642, best cost 68.8382 + 2291.67 = 2360.51 over 638 frames.
20030010_642 حفاظت کی مسجد تشخص دیوار کی 
LOG (lattice-best-path[5.5.907~1-cbed4]:main():lattice-best-path.cc:99) For utterance 20030010_643, best cost 88.9438 + 2400.06 = 2489 over 664 frames.
20030010_643 دستاویزات کبڈی مخرج سنایا دوردراز جلدی نہیں 
LOG (lattice-best-path[5.5.907~1-cbed4]:main():lattice-best-path.cc:99) For utterance 20030010_644, best cost 111.44 + 3234.36 = 3345.8 over 908 frames.
20030010_644 گلیشئیر چیئرمین گومگو مزیدار ترچھی تحصیلدار سے میں پر بات کی 
LOG (lattice-best-path[5.5.907~1-cbed4]:main():lattice-best-path.cc:99) For utterance 20030010_645, best cost 93.2633 + 2831.25 = 2924.51 over 768 frames.
20030010_645 کی کلاسز منظور پسند طنزومزاح کتابیں کی جا سکتیں 
LOG (lattice-best-path[5.5.907~1-cbed4]:main():lattice-best-path.cc:99) For utterance 20030010_646, best cost 98.1205 + 2634.19 = 2732.32 over 734 frames.
20030010_646 چھاؤنیاں غزلیات چبھنے بازیاب گیارہویں جانبدار بلدیاتی 
LOG (lattice-best-path[5.5.907~1-cbed4]:main():lattice-best-path.cc:99) For utterance 20030010_647, best cost 64.7917 + 1877.86 = 1942.65 over 517 frames.
20030010_647 بالواسطہ تنازعے بوجوہ گردوغبار کریں 
LOG (lattice-best-path[5.5.907~1-cbed4]:main():lattice-best-path.cc:99) For utterance 20030010_648, best cost 71.6634 + 2099.27 = 2170.94 over 573 frames.
20030010_648 جدوجہد چاچو تلخ پہنچتے پڑدادا 
LOG (lattice-best-path[5.5.907~1-cbed4]:main():lattice-best-path.cc:99) For utterance 20030010_649, best cost 47.0478 + 1824.11 = 1871.16 over 478 frames.
20030010_649 اور برسراقتدار قونصلیٹ کریں 
LOG (lattice-best-path[5.5.907~1-cbed4]:main():lattice-best-path.cc:99) For utterance 20030010_650, best cost 88.5698 + 3222.83 = 3311.4 over 870 frames.
20030010_650 سے گردیزی بآسانی اس کی کے وزیرداخلہ قیصر جائے 
LOG (lattice-best-path[5.5.907~1-cbed4]:main():lattice-best-path.cc:99) For utterance 20030010_651, best cost 95.1621 + 2490.78 = 2585.94 over 699 frames.
20030010_651 بلبل مچولی ہوتی طبیعت ڈومیسٹک سعودی چیف 
LOG (lattice-best-path[5.5.907~1-cbed4]:main():lattice-best-path.cc:99) For utterance 20030010_652, best cost 93.004 + 2771.88 = 2864.88 over 777 frames.
20030010_652 پتھالوجسٹ آمدنی ترجمانی مقدار بوگس کبوتر پوچھیں 
LOG (lattice-best-path[5.5.907~1-cbed4]:main():lattice-best-path.cc:99) For utterance 20030010_653, best cost 73.4513 + 2312.79 = 2386.24 over 638 frames.
20030010_653 پرفارمنس آکسیجن مرکزی چھہتر قصوروار 
LOG (lattice-best-path[5.5.907~1-cbed4]:main():lattice-best-path.cc:99) For utterance 20030010_654, best cost 108.079 + 2968.27 = 3076.35 over 838 frames.
20030010_654 طبیعت اشخاص کی اشاعت جوئیہ عزت لوث کمینگی سکتیں 
LOG (lattice-best-path[5.5.907~1-cbed4]:main():lattice-best-path.cc:99) For utterance 20030010_655, best cost 57.6065 + 1695.27 = 1752.88 over 465 frames.
20030010_655 عیاشی چنیوٹی بیگج اریگیشن 
LOG (lattice-best-path[5.5.907~1-cbed4]:main():lattice-best-path.cc:99) For utterance 20030010_656, best cost 84.8816 + 3260.04 = 3344.92 over 918 frames.
20030010_656 بیضے ترمذی منیجر آخرالزمان بھی استعفے 
LOG (lattice-best-path[5.5.907~1-cbed4]:main():lattice-best-path.cc:99) For utterance 20030010_657, best cost 49.6868 + 2006.78 = 2056.47 over 540 frames.
20030010_657 پراسسنگ جیسے پراسسنگ ہیں 
LOG (lattice-best-path[5.5.907~1-cbed4]:main():lattice-best-path.cc:99) For utterance 20030010_658, best cost 55.5413 + 2095.53 = 2151.07 over 591 frames.
20030010_658 کمزور سرفہرست کلاسز کرو 
LOG (lattice-best-path[5.5.907~1-cbed4]:main():lattice-best-path.cc:99) For utterance 20030010_659, best cost 78.4346 + 2891.35 = 2969.78 over 779 frames.
20030010_659 جدوجہد کوریوگرافر خاصے لاہوریات کے سوویں 
LOG (lattice-best-path[5.5.907~1-cbed4]:main():lattice-best-path.cc:99) For utterance 20030010_660, best cost 35.1822 + 1782.65 = 1817.83 over 482 frames.
20030010_660 پروڈکٹیو دستاویزات 
LOG (lattice-best-path[5.5.907~1-cbed4]:main():lattice-best-path.cc:99) For utterance 20030010_661, best cost 48.0623 + 2167.89 = 2215.96 over 578 frames.
20030010_661 ٹیکسیشن درآمدات اداکارائیں 
LOG (lattice-best-path[5.5.907~1-cbed4]:main():lattice-best-path.cc:99) For utterance 20030010_662, best cost 64.0702 + 2159.08 = 2223.15 over 575 frames.
20030010_662 تجوریاں راجیہ سیروسیاحت چشتی گیا 
LOG (lattice-best-path[5.5.907~1-cbed4]:main():lattice-best-path.cc:99) For utterance 20030010_663, best cost 62.8229 + 2551.03 = 2613.85 over 656 frames.
20030010_663 کلاشنکوفیں جعلسازی کلیجی تنزلی 
LOG (lattice-best-path[5.5.907~1-cbed4]:main():lattice-best-path.cc:99) For utterance 20030010_664, best cost 78.1487 + 3014.89 = 3093.03 over 790 frames.
20030010_664 پراسیس امرتا نافذالعمل پیچیدگیوں نیگیٹو ہے 
LOG (lattice-best-path[5.5.907~1-cbed4]:main():lattice-best-path.cc:99) For utterance 20030010_665, best cost 58.8275 + 2118.3 = 2177.13 over 569 frames.
20030010_665 قیصر دستاویزی پیچیدہ ازسرنو 
LOG (lattice-best-path[5.5.907~1-cbed4]:main():lattice-best-path.cc:99) For utterance 20030010_666, best cost 60.9452 + 1926.23 = 1987.18 over 505 frames.
20030010_666 گذر صداقت اڑسٹھ غیرضروری ہے 
LOG (lattice-best-path[5.5.907~1-cbed4]:main():lattice-best-path.cc:99) For utterance 20030010_667, best cost 89.1868 + 2618.07 = 2707.26 over 731 frames.
20030010_667 کے کے باعث چیچن چلغوزے کی مجیب بوسن گئے 
LOG (lattice-best-path[5.5.907~1-cbed4]:main():lattice-best-path.cc:99) For utterance 20030010_668, best cost 75.324 + 2746.51 = 2821.83 over 739 frames.
20030010_668 سرفہرست ایڈونچر پرچھائیاں حصے جانبدار 
LOG (lattice-best-path[5.5.907~1-cbed4]:main():lattice-best-path.cc:99) For utterance 20030010_669, best cost 59.7765 + 2154.47 = 2214.25 over 557 frames.
20030010_669 کولیسٹرول میوزک کے سٹوڈیوز کیا 
LOG (lattice-best-path[5.5.907~1-cbed4]:main():lattice-best-path.cc:99) For utterance 20030010_670, best cost 64.9898 + 2481.22 = 2546.21 over 653 frames.
20030010_670 گذشتہ سے شیل ضرورت کولیسٹرول 
LOG (lattice-best-path[5.5.907~1-cbed4]:main():lattice-best-path.cc:99) For utterance 20030010_671, best cost 110.086 + 2699.79 = 2809.88 over 712 frames.
20030010_671 پچھتر سوسائٹی بوریت اثرورسوخ فوریکس پنچولی میں گوشے جاؤ 
LOG (lattice-best-path[5.5.907~1-cbed4]:main():lattice-best-path.cc:99) For utterance 20030010_672, best cost 86.3269 + 2227.63 = 2313.96 over 626 frames.
20030010_672 کمیشن جنگوں فقدان بسر پاسداری جداگانہ ہے 
LOG (lattice-best-path[5.5.907~1-cbed4]:main():lattice-best-path.cc:99) For utterance 20030010_673, best cost 72.1884 + 2201.53 = 2273.71 over 621 frames.
20030010_673 پڑھائی جاگزیں جو سنگھاسن کیلئے پٹھان 
LOG (lattice-best-path[5.5.907~1-cbed4]:main():lattice-best-path.cc:99) For utterance 20030010_674, best cost 84.871 + 2808.28 = 2893.15 over 777 frames.
20030010_674 تشدد پچھتر درآمدات کی حسینی کی کوشش کی 
LOG (lattice-best-path[5.5.907~1-cbed4]:main():lattice-best-path.cc:99) For utterance 20030010_675, best cost 73.7995 + 2523.47 = 2597.26 over 686 frames.
20030010_675 تاجر موئسچرائزنگ برسراقتدار کوتاہی باولنگ 
LOG (lattice-best-path[5.5.907~1-cbed4]:main():lattice-best-path.cc:99) For utterance 20030010_676, best cost 66.8563 + 2200.16 = 2267.02 over 587 frames.
20030010_676 ارتعاش سے چیلنجز آرگنائزیشن برطرفی 
LOG (lattice-best-path[5.5.907~1-cbed4]:main():lattice-best-path.cc:99) For utterance 20030010_677, best cost 96.703 + 2858.33 = 2955.03 over 788 frames.
20030010_677 انسانیت کی مصیبت بعدازاں موزونیت کوارڈینیٹر سمجھتے گیا 
LOG (lattice-best-path[5.5.907~1-cbed4]:main():lattice-best-path.cc:99) For utterance 20030010_678, best cost 134.816 + 4202.11 = 4336.92 over 1203 frames.
20030010_678 سرفہرست آرتھوپیڈک کے پاس براؤزر صلاحیت کنسورشیم جیسے مشعر کے چھ کریں 
LOG (lattice-best-path[5.5.907~1-cbed4]:main():lattice-best-path.cc:99) For utterance 20030010_679, best cost 56.7274 + 1509.98 = 1566.71 over 411 frames.
20030010_679 ہوشیاری تحصیلدار سکتی سوشل 
LOG (lattice-best-path[5.5.907~1-cbed4]:main():lattice-best-path.cc:99) For utterance 20030010_680, best cost 79.4382 + 2481.92 = 2561.36 over 662 frames.
20030010_680 کلیرنس سپرنٹنڈنٹ اور پرفارمنس میں کیا جاتا ہے 
LOG (lattice-best-path[5.5.907~1-cbed4]:main():lattice-best-path.cc:99) For utterance 20030010_681, best cost 92.2048 + 2738.59 = 2830.79 over 755 frames.
20030010_681 تشنج ایشو خواستگار سوگوار ترچھی فگار تصورات 
LOG (lattice-best-path[5.5.907~1-cbed4]:main():lattice-best-path.cc:99) For utterance 20030010_682, best cost 86.4071 + 2891.42 = 2977.82 over 794 frames.
20030010_682 دیباچہ کی متوجہ تناسب جلوس کے چنانچہ 
LOG (lattice-best-path[5.5.907~1-cbed4]:main():lattice-best-path.cc:99) For utterance 20030010_683, best cost 77.2385 + 2440.4 = 2517.64 over 669 frames.
20030010_683 کی سماجی چقندر ہومیوپیتھی سے کی زندگی 
LOG (lattice-best-path[5.5.907~1-cbed4]:main():lattice-best-path.cc:99) For utterance 20030010_684, best cost 67.0288 + 2357.57 = 2424.6 over 673 frames.
20030010_684 ملفوظات سے تجوریاں کی طرح پٹھان 
LOG (lattice-best-path[5.5.907~1-cbed4]:main():lattice-best-path.cc:99) For utterance 20030010_685, best cost 53.7797 + 1891.66 = 1945.44 over 522 frames.
20030010_685 دستاویزی رنجش استغاثہ دو 
LOG (lattice-best-path[5.5.907~1-cbed4]:main():lattice-best-path.cc:99) For utterance 20030010_686, best cost 82.6835 + 2435.81 = 2518.49 over 671 frames.
20030010_686 سٹوڈیوز اریگیشن سماوی مسز نشرواشاعت کوچوں 
LOG (lattice-best-path[5.5.907~1-cbed4]:main():lattice-best-path.cc:99) For utterance 20030010_687, best cost 121.598 + 3275.67 = 3397.27 over 885 frames.
20030010_687 ساغر سٹوڈنٹس نقصان جدوجہد چار اٹھاسی صداقت ترجمان افزودگی 
LOG (lattice-best-path[5.5.907~1-cbed4]:main():lattice-best-path.cc:99) For utterance 20030010_688, best cost 115.952 + 3852.5 = 3968.45 over 1064 frames.
20030010_688 تجرد چمچہ کنسورشیم جماعت چیخنے نرخنامے کے تعاقب آکسیجن 
LOG (lattice-best-path[5.5.907~1-cbed4]:main():lattice-best-path.cc:99) For utterance 20030010_689, best cost 87.1806 + 2335.56 = 2422.74 over 625 frames.
20030010_689 دوچند اجازت یزدانی خدانخواستہ پسند جلدازجلد 
LOG (lattice-best-path[5.5.907~1-cbed4]:main():lattice-best-path.cc:99) For utterance 20030010_690, best cost 43.5092 + 1464.67 = 1508.18 over 384 frames.
20030010_690 جنریشن ترجمانی جاتا ہے 
LOG (lattice-best-path[5.5.907~1-cbed4]:main():lattice-best-path.cc:99) For utterance 20030010_691, best cost 93.3281 + 2596.58 = 2689.91 over 712 frames.
20030010_691 چڑچڑے چیلنجز حادثے ڈزاسٹر بینات میں ٹھونس دیئے 
LOG (lattice-best-path[5.5.907~1-cbed4]:main():lattice-best-path.cc:99) For utterance 20030010_692, best cost 91.3714 + 2577.1 = 2668.47 over 703 frames.
20030010_692 تخلص تھانیدار ٹیڑھے سمجھانے اڑتالیس زندگی دہندگان 
LOG (lattice-best-path[5.5.907~1-cbed4]:main():lattice-best-path.cc:99) For utterance 20030010_693, best cost 55.1547 + 1789.86 = 1845.01 over 493 frames.
20030010_693 بحیثیت دارومدار قدآدم دو 
LOG (lattice-best-path[5.5.907~1-cbed4]:main():lattice-best-path.cc:99) For utterance 20030010_694, best cost 96.9744 + 3111.36 = 3208.33 over 853 frames.
20030010_694 توجہ گزشتہ تساہل جیسی تعاقب جمگھٹا بنائیں 
LOG (lattice-best-path[5.5.907~1-cbed4]:main():lattice-best-path.cc:99) For utterance 20030010_695, best cost 67.9999 + 2152.27 = 2220.27 over 596 frames.
20030010_695 ہچکچاہٹ جاگیرداروں پر چیچک اخبارنویسوں 
LOG (lattice-best-path[5.5.907~1-cbed4]:main():lattice-best-path.cc:99) For utterance 20030010_696, best cost 85.2012 + 2144.15 = 2229.35 over 612 frames.
20030010_696 تشخص ایجنسیز فضول افزودگی استفہامیہ سنتا 
LOG (lattice-best-path[5.5.907~1-cbed4]:main():lattice-best-path.cc:99) For utterance 20030010_697, best cost 48.6149 + 1647.47 = 1696.08 over 465 frames.
20030010_697 پراسسنگ جلدازجلد انتخابات 
LOG (lattice-best-path[5.5.907~1-cbed4]:main():lattice-best-path.cc:99) For utterance 20030010_698, best cost 64.3099 + 1657.68 = 1721.99 over 474 frames.
20030010_698 دستاویزی شگاف بھروسہ چیچن گا 
LOG (lattice-best-path[5.5.907~1-cbed4]:main():lattice-best-path.cc:99) For utterance 20030010_699, best cost 66.3164 + 2142.09 = 2208.4 over 587 frames.
20030010_699 تجویز افواج الیکڑانکس میں جستجو 
LOG (lattice-best-path[5.5.907~1-cbed4]:main():lattice-best-path.cc:99) For utterance 20030010_700, best cost 70.5131 + 2117.08 = 2187.59 over 561 frames.
20030010_700 کو ساتھیوں کی وزیرداخلہ جھگڑے زلفوں 
LOG (lattice-best-path[5.5.907~1-cbed4]:main():lattice-best-path.cc:99) For utterance 20030010_701, best cost 87.5416 + 2874.61 = 2962.15 over 808 frames.
20030010_701 مظلام آباواجداد عزیز ہیڈکوارٹر بزرگ وزراء 
LOG (lattice-best-path[5.5.907~1-cbed4]:main():lattice-best-path.cc:99) For utterance 20030010_702, best cost 82.1212 + 2211.49 = 2293.61 over 608 frames.
20030010_702 قیصر پروگریسیو میں کرے تو شاخسانہ تراشوں 
LOG (lattice-best-path[5.5.907~1-cbed4]:main():lattice-best-path.cc:99) For utterance 20030010_703, best cost 73.3681 + 2312.94 = 2386.31 over 647 frames.
20030010_703 جیسے تربیتی چینی کے گردوغبار سکتا ہے 
LOG (lattice-best-path[5.5.907~1-cbed4]:main():lattice-best-path.cc:99) For utterance 20030010_704, best cost 96.9836 + 2745.74 = 2842.72 over 766 frames.
20030010_704 چارجز شدہ ایگلز زنجیر انظباتی چراغاں پراسیس 
LOG (lattice-best-path[5.5.907~1-cbed4]:main():lattice-best-path.cc:99) For utterance 20030010_705, best cost 62.1105 + 2122.11 = 2184.22 over 578 frames.
20030010_705 برسراقتدار انٹرفیس تجارت پاکیزگی 
LOG (lattice-best-path[5.5.907~1-cbed4]:main():lattice-best-path.cc:99) For utterance 20030010_706, best cost 59.5798 + 2279.68 = 2339.26 over 627 frames.
20030010_706 استعفے استفادے بخدمت مرچوں 
LOG (lattice-best-path[5.5.907~1-cbed4]:main():lattice-best-path.cc:99) For utterance 20030010_707, best cost 44.3226 + 1634.21 = 1678.54 over 449 frames.
20030010_707 اعظم بیداری روزنامہ کریں 
LOG (lattice-best-path[5.5.907~1-cbed4]:main():lattice-best-path.cc:99) For utterance 20030010_708, best cost 82.1374 + 1998.18 = 2080.31 over 548 frames.
20030010_708 چمچے نظر گرمجوشی پاسداری خاموش سمجھانے 
LOG (lattice-best-path[5.5.907~1-cbed4]:main():lattice-best-path.cc:99) For utterance 20030013_601, best cost 83.2845 + 3005.08 = 3088.37 over 952 frames.
20030013_601 واقعتاً توصیف انفارمیشن کی پرائیویسی گورنر 
LOG (lattice-best-path[5.5.907~1-cbed4]:main():lattice-best-path.cc:99) For utterance 20030013_602, best cost 118.567 + 3899.31 = 4017.88 over 1201 frames.
20030013_602 گردوغبار ڈیویلپر پر کے مرغابیوں خورشید پالیسیوں ٹریجڈی تصورات 
LOG (lattice-best-path[5.5.907~1-cbed4]:main():lattice-best-path.cc:99) For utterance 20030013_603, best cost 92.7469 + 2824.86 = 2917.6 over 875 frames.
20030013_603 چاچو کرنے کے بعد سرفراز دہلوی میں بےقصور تصور 
LOG (lattice-best-path[5.5.907~1-cbed4]:main():lattice-best-path.cc:99) For utterance 20030013_604, best cost 92.4864 + 2908.98 = 3001.47 over 920 frames.
20030013_604 سوچیے جاگیرداروں کی کارکردگی کا سبجیکٹ مصنف ہوا 
LOG (lattice-best-path[5.5.907~1-cbed4]:main():lattice-best-path.cc:99) For utterance 20030013_605, best cost 60.0448 + 1931.44 = 1991.49 over 606 frames.
20030013_605 سوزش ورچوئل کی شعروادب کریں 
LOG (lattice-best-path[5.5.907~1-cbed4]:main():lattice-best-path.cc:99) For utterance 20030013_606, best cost 76.8027 + 2079.03 = 2155.83 over 638 frames.
20030013_606 کچوکے نامور سے زندگی تنفس بلبل 
LOG (lattice-best-path[5.5.907~1-cbed4]:main():lattice-best-path.cc:99) For utterance 20030013_607, best cost 57.0252 + 1428.68 = 1485.71 over 440 frames.
20030013_607 تسلسل ترجیحات زمین خاوند 
LOG (lattice-best-path[5.5.907~1-cbed4]:main():lattice-best-path.cc:99) For utterance 20030013_608, best cost 67.7461 + 2488.69 = 2556.43 over 798 frames.
20030013_608 ٹریبیونل قفس پردھان سکنجبین ہوئی 
LOG (lattice-best-path[5.5.907~1-cbed4]:main():lattice-best-path.cc:99) For utterance 20030013_609, best cost 68.9877 + 2130.79 = 2199.78 over 651 frames.
20030013_609 تصورات افسران اخبارنویسوں پروفیسر سے 
LOG (lattice-best-path[5.5.907~1-cbed4]:main():lattice-best-path.cc:99) For utterance 20030013_610, best cost 82.4233 + 2552.39 = 2634.81 over 792 frames.
20030013_610 پراسسنگ طاغوتی معاندانہ طرزفکر حریت تساہل 
LOG (lattice-best-path[5.5.907~1-cbed4]:main():lattice-best-path.cc:99) For utterance 20030013_611, best cost 62.08 + 1866.25 = 1928.33 over 580 frames.
20030013_611 سرنجیں وافر ایڈورٹائزنگ کے ساتھ ہے 
LOG (lattice-best-path[5.5.907~1-cbed4]:main():lattice-best-path.cc:99) For utterance 20030013_612, best cost 80.1144 + 2599.35 = 2679.46 over 804 frames.
20030013_612 تبدیلی پروسیسنگ برابر سفر اخوندزادہ اور 
LOG (lattice-best-path[5.5.907~1-cbed4]:main():lattice-best-path.cc:99) For utterance 20030013_613, best cost 35.6558 + 1379.17 = 1414.82 over 414 frames.
20030013_613 خدوخال وزیرداخلہ 
LOG (lattice-best-path[5.5.907~1-cbed4]:main():lattice-best-path.cc:99) For utterance 20030013_614, best cost 59.6927 + 1716.33 = 1776.02 over 523 frames.
20030013_614 وقوف ایفروایشین ڈسچارج مصروفیت 
LOG (lattice-best-path[5.5.907~1-cbed4]:main():lattice-best-path.cc:99) For utterance 20030013_615, best cost 109.547 + 3389.94 = 3499.48 over 1105 frames.
20030013_615 کتھا سنائی سموسے روزبروز کرتے ہوئے جمخانہ دھیمی میں ہوا 
LOG (lattice-best-path[5.5.907~1-cbed4]:main():lattice-best-path.cc:99) For utterance 20030013_616, best cost 107.851 + 3131.97 = 3239.82 over 977 frames.
20030013_616 تاجور اور میں جلوسوں اوصاف چنگیزی اسمبلی ماہوار پیدا کیا 
LOG (lattice-best-path[5.5.907~1-cbed4]:main():lattice-best-path.cc:99) For utterance 20030013_617, best cost 63.2225 + 2027.51 = 2090.73 over 632 frames.
20030013_617 ہمسفر ازدواجی عہدیداروں دلبرداشتہ 
LOG (lattice-best-path[5.5.907~1-cbed4]:main():lattice-best-path.cc:99) For utterance 20030013_618, best cost 78.3854 + 2386.52 = 2464.9 over 734 frames.
20030013_618 تھانیدار صفحہ خوبصورت انسانیت ٹرانسپیرنسی ہے 
LOG (lattice-best-path[5.5.907~1-cbed4]:main():lattice-best-path.cc:99) For utterance 20030013_619, best cost 37.6574 + 1443.65 = 1481.31 over 440 frames.
20030013_619 فزیوتھراپسٹ واقفیت 
LOG (lattice-best-path[5.5.907~1-cbed4]:main():lattice-best-path.cc:99) For utterance 20030013_620, best cost 76.253 + 2823.64 = 2899.89 over 900 frames.
20030013_620 جلوسوں تبدیلیاں بیوپار گوشہ بلدیاتی 
LOG (lattice-best-path[5.5.907~1-cbed4]:main():lattice-best-path.cc:99) For utterance 20030013_621, best cost 91.7312 + 2477.66 = 2569.4 over 779 frames.
20030013_621 گوجر ڈزاسٹر سفیدی معاون چیمپئینز پچاسویں کی 
LOG (lattice-best-path[5.5.907~1-cbed4]:main():lattice-best-path.cc:99) For utterance 20030013_622, best cost 68.8076 + 2114.3 = 2183.11 over 657 frames.
20030013_622 وزیرداخلہ کے فکروعمل صورتحال سیونگ 
LOG (lattice-best-path[5.5.907~1-cbed4]:main():lattice-best-path.cc:99) For utterance 20030013_623, best cost 49.4765 + 1767.63 = 1817.1 over 574 frames.
20030013_623 پیداوار قصوروار سمجھا گیا 
LOG (lattice-best-path[5.5.907~1-cbed4]:main():lattice-best-path.cc:99) For utterance 20030013_624, best cost 86.3923 + 2732.75 = 2819.14 over 811 frames.
20030013_624 فلسفے سوئس حفاظ اوصاف بیوروکریسی وجوہات 
LOG (lattice-best-path[5.5.907~1-cbed4]:main():lattice-best-path.cc:99) For utterance 20030013_625, best cost 64.677 + 2410.04 = 2474.71 over 696 frames.
20030013_625 آتشزدگی دیباچے بھدی نفسیاتی ہو گیا 
LOG (lattice-best-path[5.5.907~1-cbed4]:main():lattice-best-path.cc:99) For utterance 20030013_626, best cost 45.6495 + 1401.34 = 1446.98 over 420 frames.
20030013_626 غیرضروری حاجی اندھادھند 
LOG (lattice-best-path[5.5.907~1-cbed4]:main():lattice-best-path.cc:99) For utterance 20030013_627, best cost 84.8795 + 2839.45 = 2924.33 over 926 frames.
20030013_627 فلالین سمجھتے قادیانی تیروں کے طوفان تھا 
LOG (lattice-best-path[5.5.907~1-cbed4]:main():lattice-best-path.cc:99) For utterance 20030013_628, best cost 79.3628 + 2133.51 = 2212.88 over 644 frames.
20030013_628 ترجیح میں پارلیمنٹرین انہونی پرچھائیاں افزودگی 
LOG (lattice-best-path[5.5.907~1-cbed4]:main():lattice-best-path.cc:99) For utterance 20030013_629, best cost 88.9584 + 2902.73 = 2991.69 over 894 frames.
20030013_629 جیوئش والوں کے تعاقب میں کی طاغوتی مواصلات تیزگام 
LOG (lattice-best-path[5.5.907~1-cbed4]:main():lattice-best-path.cc:99) For utterance 20030013_630, best cost 56.6269 + 2047.91 = 2104.54 over 606 frames.
20030013_630 ڈسچارج ایمرجنسی سے تعمیر 
LOG (lattice-best-path[5.5.907~1-cbed4]:main():lattice-best-path.cc:99) For utterance 20030013_631, best cost 78.0708 + 2828.53 = 2906.6 over 843 frames.
20030013_631 سے عزیزواقارب پیغمبر کے پروفیسر برسراقتدار 
LOG (lattice-best-path[5.5.907~1-cbed4]:main():lattice-best-path.cc:99) For utterance 20030013_632, best cost 102.453 + 3245.42 = 3347.87 over 1009 frames.
20030013_632 وزیرداخلہ مورخین جنگجوؤں اخوندزادہ دلجوئی بسائیں سمجھدار 
LOG (lattice-best-path[5.5.907~1-cbed4]:main():lattice-best-path.cc:99) For utterance 20030013_633, best cost 94.091 + 3044.6 = 3138.69 over 913 frames.
20030013_633 غیردانشمندانہ فلسطینی ٹیکنالوجیز رنجیدہ مسز چنیوٹی سے 
LOG (lattice-best-path[5.5.907~1-cbed4]:main():lattice-best-path.cc:99) For utterance 20030013_634, best cost 37.8183 + 1665.82 = 1703.64 over 497 frames.
20030013_634 اخوندزادہ کلومیٹر 
LOG (lattice-best-path[5.5.907~1-cbed4]:main():lattice-best-path.cc:99) For utterance 20030013_635, best cost 59.2182 + 2433.88 = 2493.09 over 734 frames.
20030013_635 دارلخلافہ غیردانشمندانہ مؤثر ثقافت 
LOG (lattice-best-path[5.5.907~1-cbed4]:main():lattice-best-path.cc:99) For utterance 20030013_636, best cost 72.1498 + 2150.25 = 2222.4 over 657 frames.
20030013_636 نوچندی جھگی پراسسنگ نوجوان ڈاکوؤں 
LOG (lattice-best-path[5.5.907~1-cbed4]:main():lattice-best-path.cc:99) For utterance 20030013_637, best cost 82.2896 + 2230.9 = 2313.19 over 696 frames.
20030013_637 فیضان شاہنواز کمیونٹی کی پھیرتے ممکن ہوئی 
LOG (lattice-best-path[5.5.907~1-cbed4]:main():lattice-best-path.cc:99) For utterance 20030013_638, best cost 69.2805 + 2435.04 = 2504.32 over 760 frames.
20030013_638 کانووکیشن میں مصوروں سیسموگراف ایجنسی 
LOG (lattice-best-path[5.5.907~1-cbed4]:main():lattice-best-path.cc:99) For utterance 20030013_639, best cost 101.833 + 2773.92 = 2875.76 over 868 frames.
20030013_639 پھیرتے کلاشنکوفیں پھنسے عزیزواقارب طاغوتی مواصلات سے دوست ہیں 
LOG (lattice-best-path[5.5.907~1-cbed4]:main():lattice-best-path.cc:99) For utterance 20030013_640, best cost 79.7857 + 2583.35 = 2663.14 over 760 frames.
20030013_640 ساتھیوں گھنگریالے سیسمک عزیزواقارب چوبیس ہزار 
LOG (lattice-best-path[5.5.907~1-cbed4]:main():lattice-best-path.cc:99) For utterance 20030013_641, best cost 46.679 + 1604.41 = 1651.09 over 465 frames.
20030013_641 کولسری سوکھا دستاویزی 
LOG (lattice-best-path[5.5.907~1-cbed4]:main():lattice-best-path.cc:99) For utterance 20030013_642, best cost 64.5572 + 1952.53 = 2017.08 over 574 frames.
20030013_642 سفیدے زیردست بوگس کی طاغوتی 
LOG (lattice-best-path[5.5.907~1-cbed4]:main():lattice-best-path.cc:99) For utterance 20030013_643, best cost 72.7082 + 2421.98 = 2494.69 over 734 frames.
20030013_643 فوجیں کریں اور پرتعیش اور حادثاتی کریں 
LOG (lattice-best-path[5.5.907~1-cbed4]:main():lattice-best-path.cc:99) For utterance 20030013_644, best cost 66.6861 + 2418.85 = 2485.54 over 683 frames.
20030013_644 تجزیے تصورات پتھالوجسٹ پرتھوی بطخوں ہے 
LOG (lattice-best-path[5.5.907~1-cbed4]:main():lattice-best-path.cc:99) For utterance 20030013_645, best cost 59.0234 + 1979.7 = 2038.72 over 580 frames.
20030013_645 زیرقیادت اثرورسوخ کرنے کے پاس ہے 
LOG (lattice-best-path[5.5.907~1-cbed4]:main():lattice-best-path.cc:99) For utterance 20030013_646, best cost 73.9673 + 1975.08 = 2049.04 over 587 frames.
20030013_646 سالہاسال جستجو نعمتوں کرنے کرنے گئی 
LOG (lattice-best-path[5.5.907~1-cbed4]:main():lattice-best-path.cc:99) For utterance 20030013_647, best cost 43.1512 + 1561.71 = 1604.86 over 452 frames.
20030013_647 سرفراز وجود سکتا ہے 
LOG (lattice-best-path[5.5.907~1-cbed4]:main():lattice-best-path.cc:99) For utterance 20030013_648, best cost 34.574 + 1516.31 = 1550.88 over 440 frames.
20030013_648 کیسز تجربات 
LOG (lattice-best-path[5.5.907~1-cbed4]:main():lattice-best-path.cc:99) For utterance 20030013_649, best cost 46.3046 + 2015.82 = 2062.12 over 600 frames.
20030013_649 پروفیسر پراسسنگ گیا ہے 
LOG (lattice-best-path[5.5.907~1-cbed4]:main():lattice-best-path.cc:99) For utterance 20030013_650, best cost 67.1465 + 2292.52 = 2359.67 over 670 frames.
20030013_650 استفادے زبردست الہیات ٹرانسفر کیا 
LOG (lattice-best-path[5.5.907~1-cbed4]:main():lattice-best-path.cc:99) For utterance 20030013_651, best cost 55.984 + 1813.35 = 1869.33 over 548 frames.
20030013_651 انفارمیشن کوارڈینیٹر پروگریسیو دیکھیں 
LOG (lattice-best-path[5.5.907~1-cbed4]:main():lattice-best-path.cc:99) For utterance 20030013_652, best cost 70.9307 + 2425.05 = 2495.98 over 696 frames.
20030013_652 پرنسپل زیرغور کیلئے پروفیسر کتابچے 
LOG (lattice-best-path[5.5.907~1-cbed4]:main():lattice-best-path.cc:99) For utterance 20030013_653, best cost 62.4654 + 2022.16 = 2084.63 over 600 frames.
20030013_653 گورنینس طرزفکر طرزفکر کوسوں 
LOG (lattice-best-path[5.5.907~1-cbed4]:main():lattice-best-path.cc:99) For utterance 20030013_654, best cost 82.2486 + 2516.79 = 2599.04 over 734 frames.
20030013_654 پر فیڈریشنز سے سکواڈرن سے جوس انٹرفیس ہے 
LOG (lattice-best-path[5.5.907~1-cbed4]:main():lattice-best-path.cc:99) For utterance 20030013_655, best cost 60.4024 + 2033.85 = 2094.25 over 600 frames.
20030013_655 پروسیسنگ اور پر گزارنے پراسیس 
LOG (lattice-best-path[5.5.907~1-cbed4]:main():lattice-best-path.cc:99) For utterance 20030013_656, best cost 67.9311 + 2538.39 = 2606.32 over 734 frames.
20030013_656 پرچیز کیلئے طرزفکر زلزلے پرسش 
LOG (lattice-best-path[5.5.907~1-cbed4]:main():lattice-best-path.cc:99) For utterance 20030013_657, best cost 48.6249 + 1819.32 = 1867.94 over 542 frames.
20030013_657 تصورات زیرقیادت سمفنی 
LOG (lattice-best-path[5.5.907~1-cbed4]:main():lattice-best-path.cc:99) For utterance 20030013_658, best cost 54.212 + 1894.8 = 1949.01 over 561 frames.
20030013_658 پروفیسر جلوس کی تصورات 
LOG (lattice-best-path[5.5.907~1-cbed4]:main():lattice-best-path.cc:99) For utterance 20030013_659, best cost 73.4109 + 2134.19 = 2207.6 over 619 frames.
20030013_659 پیچیدگیوں سیروسیاحت افسوس گرمجوشی دسویں 
LOG (lattice-best-path[5.5.907~1-cbed4]:main():lattice-best-path.cc:99) For utterance 20030013_660, best cost 35.1278 + 1318.44 = 1353.57 over 401 frames.
20030013_660 پروڈکٹیو کنفیوژن 
LOG (lattice-best-path[5.5.907~1-cbed4]:main():lattice-best-path.cc:99) For utterance 20030013_661, best cost 37.9502 + 1372.33 = 1410.28 over 427 frames.
20030013_661 اپنے برسراقتدار کریں 
LOG (lattice-best-path[5.5.907~1-cbed4]:main():lattice-best-path.cc:99) For utterance 20030013_662, best cost 44.5135 + 1756.03 = 1800.55 over 529 frames.
20030013_662 تجوریاں سیروسیاحت کیا گیا 
LOG (lattice-best-path[5.5.907~1-cbed4]:main():lattice-best-path.cc:99) For utterance 20030013_663, best cost 72.4682 + 2461.62 = 2534.09 over 753 frames.
20030013_663 ڈزاسٹر پروفیسر طیب دیتی دبیز ہوئے 
LOG (lattice-best-path[5.5.907~1-cbed4]:main():lattice-best-path.cc:99) For utterance 20030013_664, best cost 56.8676 + 2329.67 = 2386.53 over 715 frames.
20030013_664 پراسیس ننانوے پروگریسیو کریں 
LOG (lattice-best-path[5.5.907~1-cbed4]:main():lattice-best-path.cc:99) For utterance 20030013_665, best cost 45.9466 + 1595.47 = 1641.42 over 484 frames.
20030013_665 فیضان ایجنسیز بفرزون 
LOG (lattice-best-path[5.5.907~1-cbed4]:main():lattice-best-path.cc:99) For utterance 20030013_666, best cost 55.1124 + 1778.42 = 1833.53 over 529 frames.
20030013_666 کر سیروسیاحت فلسفے زلزلے 
LOG (lattice-best-path[5.5.907~1-cbed4]:main():lattice-best-path.cc:99) For utterance 20030013_667, best cost 56.0267 + 1717.58 = 1773.6 over 504 frames.
20030013_667 کی جیسے دلسوزی موجزن ہوئی 
LOG (lattice-best-path[5.5.907~1-cbed4]:main():lattice-best-path.cc:99) For utterance 20030013_668, best cost 81.1695 + 2487.25 = 2568.42 over 747 frames.
20030013_668 ساڑھے چوبیس کے توجہ بظاہر کیسز ہو گئی 
LOG (lattice-best-path[5.5.907~1-cbed4]:main():lattice-best-path.cc:99) For utterance 20030013_669, best cost 60.6938 + 1919.44 = 1980.13 over 548 frames.
20030013_669 پروسیسنگ متنوع زرخیز آرتھوپیڈک 
LOG (lattice-best-path[5.5.907~1-cbed4]:main():lattice-best-path.cc:99) For utterance 20030013_670, best cost 58.9053 + 1854.33 = 1913.23 over 574 frames.
20030013_670 مضائقہ سے جیسے سرویئر کرو 
LOG (lattice-best-path[5.5.907~1-cbed4]:main():lattice-best-path.cc:99) For utterance 20030013_671, best cost 86.8253 + 2643.64 = 2730.46 over 772 frames.
20030013_671 پراسیس ازسرنو رقاصاؤں خسرو سوزوکی ہو کر دیا 
LOG (lattice-best-path[5.5.907~1-cbed4]:main():lattice-best-path.cc:99) For utterance 20030013_672, best cost 54.7573 + 2211.68 = 2266.44 over 632 frames.
20030013_672 انٹیلیجینس زدہ برسراقتدار کیا 
LOG (lattice-best-path[5.5.907~1-cbed4]:main():lattice-best-path.cc:99) For utterance 20030013_673, best cost 54.9474 + 1874.66 = 1929.61 over 555 frames.
20030013_673 پڑھائی کے ساتھ پرائیوٹائزیشن کرتا ہے 
LOG (lattice-best-path[5.5.907~1-cbed4]:main():lattice-best-path.cc:99) For utterance 20030013_674, best cost 85.7205 + 2752.05 = 2837.77 over 772 frames.
20030013_674 بھجوائیں پروجیکٹ برساتا کاروائیوں حسینی کی کوشش کریں 
LOG (lattice-best-path[5.5.907~1-cbed4]:main():lattice-best-path.cc:99) For utterance 20030013_675, best cost 61.9849 + 1748.77 = 1810.76 over 529 frames.
20030013_675 ہجے پروجیکٹ سوچوں کانفرنسوں ہیں 
LOG (lattice-best-path[5.5.907~1-cbed4]:main():lattice-best-path.cc:99) For utterance 20030013_676, best cost 54.5923 + 1977.36 = 2031.95 over 568 frames.
20030013_676 کی ایشز تصورات بدقسمتی 
LOG (lattice-best-path[5.5.907~1-cbed4]:main():lattice-best-path.cc:99) For utterance 20030013_677, best cost 104.847 + 2991.91 = 3096.76 over 926 frames.
20030013_677 انسان ایکویٹی کی وفاؤں سوئی دوبھر کانجی پرنسپل گیا 
LOG (lattice-best-path[5.5.907~1-cbed4]:main():lattice-best-path.cc:99) For utterance 20030013_678, best cost 87.4603 + 3317.67 = 3405.13 over 971 frames.
20030013_678 سے جمہوریت پائیدار سجاتے ٹریفک سمجھ کریں 
LOG (lattice-best-path[5.5.907~1-cbed4]:main():lattice-best-path.cc:99) For utterance 20030013_679, best cost 57.1147 + 1503.26 = 1560.38 over 446 frames.
20030013_679 کوڑیاں تحصیلدار زیدی زچگی 
LOG (lattice-best-path[5.5.907~1-cbed4]:main():lattice-best-path.cc:99) For utterance 20030013_680, best cost 65.8796 + 2245.72 = 2311.6 over 683 frames.
20030013_680 تجرد توقعات آوازیں میں جا سکتا ہے 
LOG (lattice-best-path[5.5.907~1-cbed4]:main():lattice-best-path.cc:99) For utterance 20030013_681, best cost 73.3405 + 1937.49 = 2010.83 over 587 frames.
20030013_681 تنزلی جھونپڑی عزیزواقارب پیچیدہ بزرگ 
LOG (lattice-best-path[5.5.907~1-cbed4]:main():lattice-best-path.cc:99) For utterance 20030013_682, best cost 63.9335 + 2495.49 = 2559.42 over 753 frames.
20030013_682 دیباچے کبوتر غیرضروری ہے جو ہے 
LOG (lattice-best-path[5.5.907~1-cbed4]:main():lattice-best-path.cc:99) For utterance 20030013_683, best cost 87.2508 + 2225.87 = 2313.12 over 657 frames.
20030013_683 کے سوا تجربات ایجنسیز کرتی کی کے سے کریں 
LOG (lattice-best-path[5.5.907~1-cbed4]:main():lattice-best-path.cc:99) For utterance 20030013_684, best cost 49.3021 + 1936.98 = 1986.28 over 593 frames.
20030013_684 ملبوسات ایگزیکٹو دلبرداشتہ 
LOG (lattice-best-path[5.5.907~1-cbed4]:main():lattice-best-path.cc:99) For utterance 20030013_685, best cost 53.678 + 1490.29 = 1543.97 over 446 frames.
20030013_685 اپوزیشن جلدازجلد سپاسنامہ کو 
LOG (lattice-best-path[5.5.907~1-cbed4]:main():lattice-best-path.cc:99) For utterance 20030013_686, best cost 82.8289 + 2619.39 = 2702.21 over 772 frames.
20030013_686 کرنے کے سکتے اریگیشن زیرانتظام سوشل پوچھیں 
LOG (lattice-best-path[5.5.907~1-cbed4]:main():lattice-best-path.cc:99) For utterance 20030013_687, best cost 79.7239 + 2433.12 = 2512.84 over 721 frames.
20030013_687 چلغوزے مجوزہ دیوی بالواسطہ بوجوہ کریں 
LOG (lattice-best-path[5.5.907~1-cbed4]:main():lattice-best-path.cc:99) For utterance 20030013_688, best cost 77.0138 + 2766.88 = 2843.89 over 836 frames.
20030013_688 پرائیوٹائزیشن طرزفکر کے سے گراؤنڈ پیروکاروں 
LOG (lattice-best-path[5.5.907~1-cbed4]:main():lattice-best-path.cc:99) For utterance 20030013_689, best cost 73.9696 + 2497.93 = 2571.9 over 753 frames.
20030013_689 وجود برسراقتدار اور پچاسویں سے تیزرفتار 
LOG (lattice-best-path[5.5.907~1-cbed4]:main():lattice-best-path.cc:99) For utterance 20030013_690, best cost 46.5673 + 1389.32 = 1435.89 over 414 frames.
20030013_690 کھلکھلا دانشور سوویت 
LOG (lattice-best-path[5.5.907~1-cbed4]:main():lattice-best-path.cc:99) For utterance 20030013_691, best cost 52.171 + 1920.86 = 1973.04 over 606 frames.
20030013_691 زیرقیادت زیرانتظام باادب 
LOG (lattice-best-path[5.5.907~1-cbed4]:main():lattice-best-path.cc:99) For utterance 20030013_692, best cost 66.8804 + 2382.16 = 2449.04 over 721 frames.
20030013_692 اخوندزادہ کے سیروسیاحت آرٹلری کے کریں 
LOG (lattice-best-path[5.5.907~1-cbed4]:main():lattice-best-path.cc:99) For utterance 20030013_693, best cost 54.6628 + 1610.1 = 1664.76 over 491 frames.
20030013_693 پھیرتے زیرقیادت دارلخلافہ کو 
LOG (lattice-best-path[5.5.907~1-cbed4]:main():lattice-best-path.cc:99) For utterance 20030013_694, best cost 61.2989 + 2147.68 = 2208.98 over 664 frames.
20030013_694 تصورات شاخسانہ دستاویزی سازوسامان 
LOG (lattice-best-path[5.5.907~1-cbed4]:main():lattice-best-path.cc:99) For utterance 20030013_695, best cost 60.2329 + 1812.06 = 1872.29 over 568 frames.
20030013_695 کھلیں پسماندہ روغن جداگانہ 
LOG (lattice-best-path[5.5.907~1-cbed4]:main():lattice-best-path.cc:99) For utterance 20030013_696, best cost 63.545 + 1892.69 = 1956.23 over 593 frames.
20030013_696 استغاثہ بالخصوص مہربانیوں کتابچے ہیں 
LOG (lattice-best-path[5.5.907~1-cbed4]:main():lattice-best-path.cc:99) For utterance 20030013_697, best cost 54.6409 + 1604.54 = 1659.19 over 497 frames.
20030013_697 تو فرانسیسی کینیڈین وباؤں 
LOG (lattice-best-path[5.5.907~1-cbed4]:main():lattice-best-path.cc:99) For utterance 20030013_698, best cost 50.1874 + 2225.27 = 2275.45 over 721 frames.
20030013_698 اخبارنویسوں کا باعث والدین 
LOG (lattice-best-path[5.5.907~1-cbed4]:main():lattice-best-path.cc:99) For utterance 20030013_699, best cost 60.7486 + 1991.6 = 2052.34 over 625 frames.
20030013_699 مصروفیات جیون غیردانشمندانہ سوچوں 
LOG (lattice-best-path[5.5.907~1-cbed4]:main():lattice-best-path.cc:99) For utterance 20030013_700, best cost 79.3313 + 1923.39 = 2002.72 over 587 frames.
20030013_700 گھس افزودگی میں تغافل جوڈیشل کمزور ہیں 
LOG (lattice-best-path[5.5.907~1-cbed4]:main():lattice-best-path.cc:99) For utterance 20030013_701, best cost 79.8021 + 2326.05 = 2405.85 over 728 frames.
20030013_701 مسلمان پرسکون اناسیواں تمسخر کو پسماندہ 
LOG (lattice-best-path[5.5.907~1-cbed4]:main():lattice-best-path.cc:99) For utterance 20030013_702, best cost 79.0275 + 2161.93 = 2240.96 over 683 frames.
20030013_702 کیفے اصلاحات کی دھوپ میں پنجگانہ دیباچہ 
LOG (lattice-best-path[5.5.907~1-cbed4]:main():lattice-best-path.cc:99) For utterance 20030013_703, best cost 56.3995 + 1570.49 = 1626.89 over 465 frames.
20030013_703 ٹرانزسٹر جھینگے خدانخواستہ کرتا ہے 
LOG (lattice-best-path[5.5.907~1-cbed4]:main():lattice-best-path.cc:99) For utterance 20030013_704, best cost 74.1122 + 2140.82 = 2214.93 over 676 frames.
20030013_704 دستاویزی متنازعہ رنجیدہ دلبرداشتہ پراسسنگ 
LOG (lattice-best-path[5.5.907~1-cbed4]:main():lattice-best-path.cc:99) For utterance 20030013_705, best cost 46.694 + 1602.63 = 1649.33 over 491 frames.
20030013_705 بعدازاں تلمیحات ٹرانزسٹر 
LOG (lattice-best-path[5.5.907~1-cbed4]:main():lattice-best-path.cc:99) For utterance 20030013_706, best cost 49.5835 + 1216.57 = 1266.15 over 363 frames.
20030013_706 مصحفی نفسیاتی پہنچاؤں ہیں 
LOG (lattice-best-path[5.5.907~1-cbed4]:main():lattice-best-path.cc:99) For utterance 20030013_707, best cost 39.2423 + 1465.5 = 1504.75 over 452 frames.
20030013_707 باجوہ غیردانشمندانہ ہیں 
LOG (lattice-scale[5.5.907~1-cbed4]:main():lattice-scale.cc:107) Done 432 lattices.
LOG (lattice-add-penalty[5.5.907~1-cbed4]:main():lattice-add-penalty.cc:62) Done adding word insertion penalty to 432 lattices.
LOG (lattice-best-path[5.5.907~1-cbed4]:main():lattice-best-path.cc:99) For utterance 20030013_708, best cost 60.0712 + 2001.59 = 2061.67 over 606 frames.
20030013_708 مصنف چیلنجز بازیچہ مسلمان 
LOG (lattice-best-path[5.5.907~1-cbed4]:main():lattice-best-path.cc:124) Overall cost per frame is 3.48853 = 0.104737 [graph] + 3.38379 [acoustic] over 354849 frames.
LOG (lattice-best-path[5.5.907~1-cbed4]:main():lattice-best-path.cc:128) Done 432 lattices, failed for 0
# Accounting: time=69 threads=1
# Ended (code 0) at Thu Apr 22 10:02:12 PKT 2021, elapsed time 69 seconds
