# lattice-scale --inv-acoustic-scale=13 "ark:gunzip -c exp/mono/decode/lat.*.gz|" ark:- | lattice-add-penalty --word-ins-penalty=0.5 ark:- ark:- | lattice-best-path --word-symbol-table=exp/mono/graph/words.txt ark:- ark,t:- | utils/int2sym.pl -f 2- exp/mono/graph/words.txt | cat > exp/mono/decode/scoring_kaldi/penalty_0.5/13.txt 
# Started at Wed Apr 21 04:06:54 PKT 2021
#
lattice-scale --inv-acoustic-scale=13 'ark:gunzip -c exp/mono/decode/lat.*.gz|' ark:- 
lattice-best-path --word-symbol-table=exp/mono/graph/words.txt ark:- ark,t:- 
lattice-add-penalty --word-ins-penalty=0.5 ark:- ark:- 
LOG (lattice-best-path[5.5.907~1-cbed4]:main():lattice-best-path.cc:99) For utterance 20030004_601, best cost 200.918 + 5554.21 = 5755.13 over 804 frames.
20030004_601 نوبل کی مداحوں چیک ادارے کے کے شو میں تھری ہنگری پلنٹی کی کر ابو کیوڑہ کو کرنے گی 
LOG (lattice-best-path[5.5.907~1-cbed4]:main():lattice-best-path.cc:99) For utterance 20030004_602, best cost 265.432 + 6970.45 = 7235.89 over 1000 frames.
20030004_602 دل شوربہ کو آئیوڈین دینا اور کیلئے پرکھے ہوے پڑھائی کے لو بنا شیعہ آلود چاڈ کے باورچی جگ کرنے کے شرکت سے بازو ہے 
LOG (lattice-best-path[5.5.907~1-cbed4]:main():lattice-best-path.cc:99) For utterance 20030004_603, best cost 182.64 + 5406.18 = 5588.82 over 782 frames.
20030004_603 شاہ مشورہ اور نزلے کی بڑا سے طرزعمل پر اٹھا تو تفریحی بےقصور پروگرام نے چار کی 
LOG (lattice-best-path[5.5.907~1-cbed4]:main():lattice-best-path.cc:99) For utterance 20030004_604, best cost 162.351 + 4433.26 = 4595.61 over 638 frames.
20030004_604 سندھی ننانوے کے باغوں کے کر پر پڑی تو کرواؤ سوچا ہے کہ سے نوے اٹھائے 
LOG (lattice-best-path[5.5.907~1-cbed4]:main():lattice-best-path.cc:99) For utterance 20030004_605, best cost 125.551 + 3480.67 = 3606.22 over 506 frames.
20030004_605 سول جل شوربہ جھمکے پیشن میں گولڑوی کر داخل دیتا ہے 
LOG (lattice-best-path[5.5.907~1-cbed4]:main():lattice-best-path.cc:99) For utterance 20030004_606, best cost 144.572 + 3848.18 = 3992.75 over 554 frames.
20030004_606 نتیجے تمام مغلوب عرصے کی اس نبویہ کے تنفس کی بڑی وزیر تھے 
LOG (lattice-best-path[5.5.907~1-cbed4]:main():lattice-best-path.cc:99) For utterance 20030004_607, best cost 112.08 + 2938.25 = 3050.33 over 428 frames.
20030004_607 عرصے کی کی اور فرض کی زوال گھمبیر نہ بنائیں جائے 
LOG (lattice-best-path[5.5.907~1-cbed4]:main():lattice-best-path.cc:99) For utterance 20030004_608, best cost 138.529 + 3986.15 = 4124.68 over 578 frames.
20030004_608 ہوتے کے بدلے موعود کو خواہش کا رنگ جو جانے کیلئے جنگوں ہو گی 
LOG (lattice-best-path[5.5.907~1-cbed4]:main():lattice-best-path.cc:99) For utterance 20030004_609, best cost 194.493 + 5146.02 = 5340.51 over 746 frames.
20030004_609 ٹیلنٹ شل میں مغلوں میں دیوار مگر مچھلی رسولی نکالیں اور فی سوکھی جو لگاتا صیاد کیا 
LOG (lattice-best-path[5.5.907~1-cbed4]:main():lattice-best-path.cc:99) For utterance 20030004_610, best cost 162.899 + 4964.87 = 5127.77 over 740 frames.
20030004_610 مماثل حملے خوشی کا پیروی کی عملا بےجا نیچے کی طرف سے گدھی کے ساتھ ہے 
LOG (lattice-best-path[5.5.907~1-cbed4]:main():lattice-best-path.cc:99) For utterance 20030004_611, best cost 176.524 + 4689.22 = 4865.74 over 699 frames.
20030004_611 کھو سے پہلے دھینگا فورس کرنے سے کے دغا و کو گڑگڑا ہر کی بوجھ کے ساتھ چھ ہے 
LOG (lattice-best-path[5.5.907~1-cbed4]:main():lattice-best-path.cc:99) For utterance 20030004_612, best cost 174.883 + 5095.93 = 5270.82 over 740 frames.
20030004_612 تبدیلیاں کے ورزش سے نے ڈال بوائے چراغ شب فروغ خوف کے لینگویج کا وہاں ہے 
LOG (lattice-best-path[5.5.907~1-cbed4]:main():lattice-best-path.cc:99) For utterance 20030004_613, best cost 119.82 + 3644.43 = 3764.25 over 534 frames.
20030004_613 علم کو لائحہ بوگس اور جدول کریش دینے البتہ کہا 
LOG (lattice-best-path[5.5.907~1-cbed4]:main():lattice-best-path.cc:99) For utterance 20030004_614, best cost 130.652 + 3756.3 = 3886.95 over 547 frames.
20030004_614 بھگو فیملی شیشے کے کر آیا کے ساتھ سمجھی بغیر سمجھو کا کیا 
LOG (lattice-best-path[5.5.907~1-cbed4]:main():lattice-best-path.cc:99) For utterance 20030004_615, best cost 231.953 + 6482.78 = 6714.73 over 941 frames.
20030004_615 ہدایت کا شہزادی میں ٹیچر موئسچرائزنگ اس کو ونڈوز کرتے ہوئے جوبلی خان خان کے کے جوگی میں گوبر ہیڈ بڑھ آیا 
LOG (lattice-best-path[5.5.907~1-cbed4]:main():lattice-best-path.cc:99) For utterance 20030004_616, best cost 180.648 + 6150 = 6330.65 over 890 frames.
20030004_616 تاجور وارڈ میں سوکھا نے توہین کو فروغ ڈزاسٹر رسیدہ تصور کماحقہ کا اطلاعات کیا 
LOG (lattice-best-path[5.5.907~1-cbed4]:main():lattice-best-path.cc:99) For utterance 20030004_617, best cost 145.431 + 3846.49 = 3991.93 over 569 frames.
20030004_617 کھمبیوں پر پڑے سوکھی بچھانے کھیلوں کو لیتا دیکھ کر پیدا حسیں لگا 
LOG (lattice-best-path[5.5.907~1-cbed4]:main():lattice-best-path.cc:99) For utterance 20030004_618, best cost 177.556 + 5383.71 = 5561.27 over 792 frames.
20030004_618 فاؤنڈیشن کمرے سے روشناس مونچھیں والے رکھ عرصہ بنیں گلیوں کے بعد جیسے کیا کیا ہیں 
LOG (lattice-best-path[5.5.907~1-cbed4]:main():lattice-best-path.cc:99) For utterance 20030004_619, best cost 116.017 + 3525.54 = 3641.56 over 524 frames.
20030004_619 تیزی کی تشریف کا مژدہ بیان کرنے کا جوبلی نتیجے ہیں 
LOG (lattice-best-path[5.5.907~1-cbed4]:main():lattice-best-path.cc:99) For utterance 20030004_620, best cost 201.034 + 4736.43 = 4937.47 over 688 frames.
20030004_620 چیل آنے پَلوں کے ہولوں کو گروہوں مسحور یا اور کی ڈیمو گوبر خضوع شعلوں کی کیا عریاں تھیں 
LOG (lattice-best-path[5.5.907~1-cbed4]:main():lattice-best-path.cc:99) For utterance 20030004_621, best cost 185.004 + 5323.16 = 5508.16 over 757 frames.
20030004_621 اجرت ریاض حاشیے اور کر سوجن کہا بینک ویزے نوبل سوچا کی نواز میں میں پہلوٹھی 
LOG (lattice-best-path[5.5.907~1-cbed4]:main():lattice-best-path.cc:99) For utterance 20030004_622, best cost 160.919 + 4352.85 = 4513.77 over 634 frames.
20030004_622 مورچے کر میں میں داؤ بکھیرنے کر لیبر عمر رسیدہ ویڈنگ ڈالر میں سے گزرے 
LOG (lattice-best-path[5.5.907~1-cbed4]:main():lattice-best-path.cc:99) For utterance 20030004_623, best cost 128.105 + 3473.47 = 3601.58 over 510 frames.
20030004_623 بیلٹ الیون کرو منافعوں آنسو برس کا محور کا نشاندہی کیا 
LOG (lattice-best-path[5.5.907~1-cbed4]:main():lattice-best-path.cc:99) For utterance 20030004_624, best cost 181.264 + 5398.88 = 5580.14 over 768 frames.
20030004_624 موثر کے نسخہ میں گیسیں اور فورس فورس والا کو بوجوہ کے انجکشن کے لیے مبشر بھول تھا 
LOG (lattice-best-path[5.5.907~1-cbed4]:main():lattice-best-path.cc:99) For utterance 20030004_625, best cost 150.3 + 4798.15 = 4948.45 over 717 frames.
20030004_625 نے روڈ اینگزائٹی کیا کے بعد کی کرے لے کر گردیزی بلکہ واقع تو کیا 
LOG (lattice-best-path[5.5.907~1-cbed4]:main():lattice-best-path.cc:99) For utterance 20030004_626, best cost 106.236 + 3130.83 = 3237.06 over 463 frames.
20030004_626 لینتھ بجیں کو ملیشیا کے دھل کی علاوہ سمجھا 
LOG (lattice-best-path[5.5.907~1-cbed4]:main():lattice-best-path.cc:99) For utterance 20030004_627, best cost 156.162 + 4224.36 = 4380.52 over 610 frames.
20030004_627 فروغ کا خیر عمل کے نوگو اور کے اعلان ویزے بوڑھوں غوروخوض میں لکھا آیا 
LOG (lattice-best-path[5.5.907~1-cbed4]:main():lattice-best-path.cc:99) For utterance 20030004_628, best cost 167.12 + 4818.62 = 4985.74 over 710 frames.
20030004_628 لاگت کی تک میلہ آنے کے لیے بیٹھی ٹریبیونل میں فلو کی خوشی یا وفود تھیں 
LOG (lattice-best-path[5.5.907~1-cbed4]:main():lattice-best-path.cc:99) For utterance 20030004_629, best cost 174.92 + 5247.98 = 5422.9 over 773 frames.
20030004_629 شیلٹر کے اور شفاعت کے وافر میں فیڈر کاغذ کو پانی نے لوگوں کا حسن بھیج کر آیا 
LOG (lattice-best-path[5.5.907~1-cbed4]:main():lattice-best-path.cc:99) For utterance 20030004_630, best cost 163.381 + 4436.07 = 4599.45 over 661 frames.
20030004_630 پریوں گزارنے نشیب کے شعار میں آکر بیچے ماتھے اچھل سے خام بکھیر کیا 
LOG (lattice-best-path[5.5.907~1-cbed4]:main():lattice-best-path.cc:99) For utterance 20030004_631, best cost 184.619 + 6067.44 = 6252.06 over 905 frames.
20030004_631 سپیل سی فوراً باخبر میں وفاؤں کیلئے فیبرکس بھیجے تو سیسے موڑ کر چاہے دیکھا 
LOG (lattice-best-path[5.5.907~1-cbed4]:main():lattice-best-path.cc:99) For utterance 20030004_632, best cost 206.292 + 5886.64 = 6092.93 over 874 frames.
20030004_632 عزیز یہاں نے کہا کے بوریت کی گوجر چوروں اور بیڑیاں بھجوا کر فجور اور رسولی چھوئیں بغیر پر ہیں 
LOG (lattice-best-path[5.5.907~1-cbed4]:main():lattice-best-path.cc:99) For utterance 20030004_633, best cost 180.946 + 5632.95 = 5813.89 over 822 frames.
20030004_633 پر لیفٹننٹ اعتبار میں تحیر کلیدی گھنٹے اور فیصد کی خواص ایکسیئن سمگلنگ کے لیے کیجیے 
LOG (lattice-best-path[5.5.907~1-cbed4]:main():lattice-best-path.cc:99) For utterance 20030004_634, best cost 146.218 + 4528.97 = 4675.19 over 680 frames.
20030004_634 پریشر جیسے شیل کی اسہال کے لیے پرویا کے نکل فرینڈ کر کے لائیں 
LOG (lattice-best-path[5.5.907~1-cbed4]:main():lattice-best-path.cc:99) For utterance 20030004_635, best cost 178.378 + 4637.41 = 4815.79 over 684 frames.
20030004_635 خاص مڈل کو چنگ کے علاوہ اور میں بیٹھی اور علی مینگل دفن یاں سیسے سوا کریں 
LOG (lattice-best-path[5.5.907~1-cbed4]:main():lattice-best-path.cc:99) For utterance 20030004_636, best cost 153.824 + 4462.92 = 4616.74 over 677 frames.
20030004_636 گومگو خشوع نے کی جوبلی خدشہ ہونے سے سوچا کا تو ہم کاجو بھورا 
LOG (lattice-best-path[5.5.907~1-cbed4]:main():lattice-best-path.cc:99) For utterance 20030004_637, best cost 148.913 + 4303.89 = 4452.8 over 652 frames.
20030004_637 کا خان کے سماوی پہنچ کر جنگی لاؤ کی کی خبر سے موڈم بھیڑوں ہوئی 
LOG (lattice-best-path[5.5.907~1-cbed4]:main():lattice-best-path.cc:99) For utterance 20030004_638, best cost 174.649 + 4927.27 = 5101.92 over 709 frames.
20030004_638 کاجو گوجر کی شاہ ڈرائینگ میں کو مصور اس اور کوٹھی کوٹھڑی کے کے بلا سے چیچن 
LOG (lattice-best-path[5.5.907~1-cbed4]:main():lattice-best-path.cc:99) For utterance 20030004_639, best cost 181.157 + 5205.13 = 5386.29 over 768 frames.
20030004_639 خیر کے دفتر کی دکھنے جلسے تجویز کر سے کے نہ اور کی زور ہراساں سے بغور سکتیں 
LOG (lattice-best-path[5.5.907~1-cbed4]:main():lattice-best-path.cc:99) For utterance 20030004_640, best cost 180.952 + 5202.76 = 5383.71 over 768 frames.
20030004_640 چور کیوں پر بیٹھی یادیں سفید میں دی سے قونصلیٹ پیشوا لاکھا کچوکے کو جگ آیا 
LOG (lattice-best-path[5.5.907~1-cbed4]:main():lattice-best-path.cc:99) For utterance 20030004_641, best cost 130.111 + 4081.4 = 4211.51 over 601 frames.
20030004_641 کو پالمر اور بڑی شروع فوبیا پیشوا سے دیکھا طرفین سے کی ہے 
LOG (lattice-best-path[5.5.907~1-cbed4]:main():lattice-best-path.cc:99) For utterance 20030004_642, best cost 125.496 + 3928.02 = 4053.51 over 588 frames.
20030004_642 حریفوں کے ہفتے میچ ایسی کے گردش سے نفوذ کی خوان کی 
LOG (lattice-best-path[5.5.907~1-cbed4]:main():lattice-best-path.cc:99) For utterance 20030004_643, best cost 149.385 + 4293.56 = 4442.95 over 626 frames.
20030004_643 تحفہ سے نہ فارورڈ میں مخالفت پر جیسے بہائیں اور دوغلا سزا گرویدہ ہے 
LOG (lattice-best-path[5.5.907~1-cbed4]:main():lattice-best-path.cc:99) For utterance 20030004_644, best cost 160.689 + 5201.27 = 5361.96 over 753 frames.
20030004_644 کچیلے میں پیچھے میں ڈور پرائیویٹ اوزار برابر چھ کے سنگھار سے نے دوا ہے 
LOG (lattice-best-path[5.5.907~1-cbed4]:main():lattice-best-path.cc:99) For utterance 20030004_645, best cost 141.715 + 4690.34 = 4832.05 over 687 frames.
20030004_645 نڈر ایڈریس میں روزہ کے صاحب زور مصر کرنے کی آشنا کی ہیں 
LOG (lattice-best-path[5.5.907~1-cbed4]:main():lattice-best-path.cc:99) For utterance 20030004_646, best cost 148.062 + 4509.31 = 4657.38 over 664 frames.
20030004_646 ساڑھے ناکام جوس میں اور جبری کے بعد علاوہ بحران میں دہرانے ڈالنے آئی 
LOG (lattice-best-path[5.5.907~1-cbed4]:main():lattice-best-path.cc:99) For utterance 20030004_647, best cost 89.5102 + 3105.52 = 3195.03 over 439 frames.
20030004_647 وسائل کے تنازعے بند میچور گردوغبار آیا 
LOG (lattice-best-path[5.5.907~1-cbed4]:main():lattice-best-path.cc:99) For utterance 20030004_648, best cost 111.809 + 3583.56 = 3695.37 over 531 frames.
20030004_648 میلے میں دودھیا چارجز تلمیحات کچرے کے لیے کروا تھا 
LOG (lattice-best-path[5.5.907~1-cbed4]:main():lattice-best-path.cc:99) For utterance 20030004_649, best cost 140.151 + 3920.3 = 4060.46 over 582 frames.
20030004_649 خود کو کو کن گینگسٹر کے بیٹھ نے کے بعد کر آمدنی طلب آئیے 
LOG (lattice-best-path[5.5.907~1-cbed4]:main():lattice-best-path.cc:99) For utterance 20030004_650, best cost 136.25 + 4693.53 = 4829.78 over 690 frames.
20030004_650 پنجرے کتابیں کیسی کر اور سامعین کی رفیعہ لیاقت آہستہ کے ساتھ ہے 
LOG (lattice-best-path[5.5.907~1-cbed4]:main():lattice-best-path.cc:99) For utterance 20030004_651, best cost 148.481 + 4528.89 = 4677.37 over 679 frames.
20030004_651 خول گود گیلری میں چوتھی کھوکھلے ایقان کے اور نے سے تلے سوکھی تھی 
LOG (lattice-best-path[5.5.907~1-cbed4]:main():lattice-best-path.cc:99) For utterance 20030004_652, best cost 171.425 + 5323.55 = 5494.98 over 801 frames.
20030004_652 پرویا نیچی لیب تھام گئی اور اولی اور بنولہ میں کہو ٹھیس دودھ تک پوچھیں 
LOG (lattice-best-path[5.5.907~1-cbed4]:main():lattice-best-path.cc:99) For utterance 20030004_653, best cost 149.861 + 4664.13 = 4813.99 over 694 frames.
20030004_653 لو ابرار بیس اسی سنگل قرضے کیلئے جدید ڈھائی تک تو سوکھ 
LOG (lattice-best-path[5.5.907~1-cbed4]:main():lattice-best-path.cc:99) For utterance 20030004_654, best cost 168.52 + 4688.34 = 4856.86 over 694 frames.
20030004_654 ہڈی اور بے اشخاص اس کی ایشیائی چولہے اور ایگزیکٹو اور اس کے میں داڑھی سدھو دیں 
LOG (lattice-best-path[5.5.907~1-cbed4]:main():lattice-best-path.cc:99) For utterance 20030004_655, best cost 102.306 + 3278.92 = 3381.23 over 493 frames.
20030004_655 نام بخشے چھائی کو ڈیلروں بجائے خواہش ہیں 
LOG (lattice-best-path[5.5.907~1-cbed4]:main():lattice-best-path.cc:99) For utterance 20030004_656, best cost 167.471 + 4985.12 = 5152.6 over 744 frames.
20030004_656 بے سے سمجھی تیروں غیر مرکزی کی بینچ بچائیں اور سنو جوار بے فورس کریں 
LOG (lattice-best-path[5.5.907~1-cbed4]:main():lattice-best-path.cc:99) For utterance 20030004_657, best cost 112.871 + 3621.67 = 3734.54 over 545 frames.
20030004_657 فاخرہ پن ذہن کے کے فرخندہ قیمت سے وافر نہیں 
LOG (lattice-best-path[5.5.907~1-cbed4]:main():lattice-best-path.cc:99) For utterance 20030004_658, best cost 113.752 + 3546.45 = 3660.2 over 505 frames.
20030004_658 لینڈ ورلڈ کا میں واہلہ ایئر بیس کے بعد سے گزارنے 
LOG (lattice-best-path[5.5.907~1-cbed4]:main():lattice-best-path.cc:99) For utterance 20030004_659, best cost 142.017 + 5381.95 = 5523.96 over 796 frames.
20030004_659 مٹیں ہو کر بچائیں اور تھوڑی بطخوں غوروخوض کے بعد بویا پر سوویں 
LOG (lattice-best-path[5.5.907~1-cbed4]:main():lattice-best-path.cc:99) For utterance 20030004_660, best cost 87.2929 + 2827.1 = 2914.39 over 406 frames.
20030004_660 ہوے باران کے بقایا اسلامی نہیں حوصلہ 
LOG (lattice-best-path[5.5.907~1-cbed4]:main():lattice-best-path.cc:99) For utterance 20030004_661, best cost 107.487 + 3475.99 = 3583.48 over 513 frames.
20030004_661 اضافے میں کیلئے بچّو پر حامل کا اداکاراؤں بہائیں 
LOG (lattice-best-path[5.5.907~1-cbed4]:main():lattice-best-path.cc:99) For utterance 20030004_662, best cost 124.954 + 3748.64 = 3873.59 over 549 frames.
20030004_662 کر انجام کو کی راجیہ جھلی رسیا کو کی تشبیہ کے پگڑی 
LOG (lattice-best-path[5.5.907~1-cbed4]:main():lattice-best-path.cc:99) For utterance 20030004_663, best cost 144.098 + 4497.67 = 4641.77 over 658 frames.
20030004_663 کے رونے جہاں چاہے مقابلوں کوٹھیاں ساتھی داؤدی کے کی تجویز بخوبی 
LOG (lattice-best-path[5.5.907~1-cbed4]:main():lattice-best-path.cc:99) For utterance 20030004_664, best cost 196.79 + 5095.46 = 5292.25 over 744 frames.
20030004_664 فرماں صیاد اعتبار ریاض میں تعلیم نائب اور دیے تنازع واں تو بیچے کروں پر کھڑے ہو گئیں 
LOG (lattice-best-path[5.5.907~1-cbed4]:main():lattice-best-path.cc:99) For utterance 20030004_665, best cost 109.236 + 4007.05 = 4116.29 over 587 frames.
20030004_665 فیصلے مصالحہ حصے پر چینی تو خواہ چکے ہوا 
LOG (lattice-best-path[5.5.907~1-cbed4]:main():lattice-best-path.cc:99) For utterance 20030004_666, best cost 109.942 + 3390.96 = 3500.9 over 480 frames.
20030004_666 روضے جوئیہ بیچلر بنا کا کا تاثرات قیصر ہوئی 
LOG (lattice-best-path[5.5.907~1-cbed4]:main():lattice-best-path.cc:99) For utterance 20030004_667, best cost 117.421 + 3750.67 = 3868.09 over 558 frames.
20030004_667 پہلی ٹھیکیدار سے چین کے ہو سے کے ہو تفہیم سنبھلی 
LOG (lattice-best-path[5.5.907~1-cbed4]:main():lattice-best-path.cc:99) For utterance 20030004_668, best cost 171.285 + 5240.8 = 5412.08 over 777 frames.
20030004_668 ساتویں لوہے کے پر لڑیں میں خبریں والا چند کا کچلا کیا نااہلیت سے جانے کیا 
LOG (lattice-best-path[5.5.907~1-cbed4]:main():lattice-best-path.cc:99) For utterance 20030004_669, best cost 125.41 + 3662.61 = 3788.02 over 543 frames.
20030004_669 اور کا زنخوں فروغ میں ویڈیوز اس کے لیے زیڈ روڈ نہیں کیا 
LOG (lattice-best-path[5.5.907~1-cbed4]:main():lattice-best-path.cc:99) For utterance 20030004_670, best cost 102.498 + 3468.53 = 3571.03 over 512 frames.
20030004_670 روز ایک عالیشان میں دیکھی سربراہ بھگوڑوں کا کرو 
LOG (lattice-best-path[5.5.907~1-cbed4]:main():lattice-best-path.cc:99) For utterance 20030004_671, best cost 185.646 + 5850.78 = 6036.43 over 872 frames.
20030004_671 خوشی سے پہلے سوسائٹی گڑیا نے کہا سود اور کے سقوط کے سکول جھولے میں دو راجے جاؤ 
LOG (lattice-best-path[5.5.907~1-cbed4]:main():lattice-best-path.cc:99) For utterance 20030004_672, best cost 144.845 + 4495.56 = 4640.4 over 652 frames.
20030004_672 کے کرنے کے شو سزائیں تفرقہ نوبل سرویئر اور صرف درجے کا پروا ہے 
LOG (lattice-best-path[5.5.907~1-cbed4]:main():lattice-best-path.cc:99) For utterance 20030004_673, best cost 120.756 + 3595.27 = 3716.02 over 536 frames.
20030004_673 کرائی کے جاگنگ وعدے ہوے چوزے مسئلہ کے دیکھا پڑا ہے 
LOG (lattice-best-path[5.5.907~1-cbed4]:main():lattice-best-path.cc:99) For utterance 20030004_674, best cost 144.984 + 4564.67 = 4709.66 over 656 frames.
20030004_674 نشر میں پَلوں میں پڑتا پر چرانے کر ہوا رہیں حوصلے کی کوششیں 
LOG (lattice-best-path[5.5.907~1-cbed4]:main():lattice-best-path.cc:99) For utterance 20030004_675, best cost 111.062 + 3400.34 = 3511.4 over 501 frames.
20030004_675 حادثے برابر لیے روپے پر سوچے تغافل کا براؤزر 
LOG (lattice-best-path[5.5.907~1-cbed4]:main():lattice-best-path.cc:99) For utterance 20030004_676, best cost 145.842 + 4338.56 = 4484.41 over 617 frames.
20030004_676 اپنے رہائش کی سیر کا نتیجے کھولے زوال نے تنگدستی جھگڑے پر آخری 
LOG (lattice-best-path[5.5.907~1-cbed4]:main():lattice-best-path.cc:99) For utterance 20030004_677, best cost 165.711 + 5339.85 = 5505.56 over 794 frames.
20030004_677 انسانیت کی گگلی ہوئی مگر بعدازاں کو سعودی کو برطانوی کو غایت سے بدل گیا 
LOG (lattice-best-path[5.5.907~1-cbed4]:main():lattice-best-path.cc:99) For utterance 20030004_678, best cost 199.367 + 5913.77 = 6113.13 over 870 frames.
20030004_678 سالہ فیصلہ کرکے لطیفے فاجر والوں سے چھڑا نے کیلئے پر دوچند خیر سے مشق کے شعر کریں 
LOG (lattice-best-path[5.5.907~1-cbed4]:main():lattice-best-path.cc:99) For utterance 20030004_679, best cost 98.1213 + 3393.09 = 3491.21 over 496 frames.
20030004_679 تھوڑی اور کیلئے پرچیز لگاتا سہارے سیسے پوچھیں 
LOG (lattice-best-path[5.5.907~1-cbed4]:main():lattice-best-path.cc:99) For utterance 20030004_680, best cost 163.409 + 5183.54 = 5346.95 over 764 frames.
20030004_680 چوری کا تھوڑا رہتے ہوے بٹورتا لائے دکھا راہبر اس نے میں علاوہ جاتا ہے 
LOG (lattice-best-path[5.5.907~1-cbed4]:main():lattice-best-path.cc:99) For utterance 20030004_681, best cost 162.007 + 4661.66 = 4823.67 over 688 frames.
20030004_681 وعدہ جشن کے شے کو گہرے ڈھا رسولی تو لوگ پر پیچیدہ پر سویرا 
LOG (lattice-best-path[5.5.907~1-cbed4]:main():lattice-best-path.cc:99) For utterance 20030004_682, best cost 159.641 + 4420.29 = 4579.93 over 656 frames.
20030004_682 گی فوج والے کی لو پر بھیج لگانا سجاد کہا سے جو پر معلوم کی 
LOG (lattice-best-path[5.5.907~1-cbed4]:main():lattice-best-path.cc:99) For utterance 20030004_683, best cost 122.268 + 4080.4 = 4202.67 over 605 frames.
20030004_683 پر کے سے ماتھے جڑواں دیکھتے لینے میواتی کے سے نکل گئے 
LOG (lattice-best-path[5.5.907~1-cbed4]:main():lattice-best-path.cc:99) For utterance 20030004_684, best cost 165.462 + 4988.66 = 5154.12 over 758 frames.
20030004_684 نے پر ایشو فوائد سیٹھ کے تھیوری محلول کیا رحیل طلب تک کھاؤں 
LOG (lattice-best-path[5.5.907~1-cbed4]:main():lattice-best-path.cc:99) For utterance 20030004_685, best cost 126.178 + 3308.81 = 3434.98 over 489 frames.
20030004_685 جو خلل ہو سے نیچے بخشے اور سے کہا سے لاکھوں بدلو 
LOG (lattice-best-path[5.5.907~1-cbed4]:main():lattice-best-path.cc:99) For utterance 20030004_686, best cost 150.058 + 3716.64 = 3866.7 over 543 frames.
20030004_686 سفیدے کے صرف کھیل وقفے شعر سے دنیاوی میں سجدہ شو شاخ پوچھوں 
LOG (lattice-best-path[5.5.907~1-cbed4]:main():lattice-best-path.cc:99) For utterance 20030004_687, best cost 180.652 + 5454.49 = 5635.14 over 796 frames.
20030004_687 سوویں سے بدسلوکی سے آنکھیں پولیو تو باب پندرہ سے چیف ماہوار دوچار مہجور پر کریں 
LOG (lattice-best-path[5.5.907~1-cbed4]:main():lattice-best-path.cc:99) For utterance 20030004_688, best cost 214.259 + 5589.37 = 5803.63 over 831 frames.
20030004_688 فقیر بلکہ چادر ریسرچ آکر سنچری یاں غذاؤں اور بیچ کی کے بے میں ایہام کے پر آٹھ ادارے جاؤ 
LOG (lattice-best-path[5.5.907~1-cbed4]:main():lattice-best-path.cc:99) For utterance 20030004_689, best cost 186.654 + 4391.49 = 4578.14 over 645 frames.
20030004_689 بوجھ اور تو بڑے جیسے کی راجیہ جانا فجور بنائیں اور سوئس و فصلیں کچیلے کر چھائی 
LOG (lattice-best-path[5.5.907~1-cbed4]:main():lattice-best-path.cc:99) For utterance 20030004_690, best cost 123.083 + 3040.87 = 3163.95 over 467 frames.
20030004_690 یہ کھلنے یا نہ پڑھائی کے شو لے کوچوان نہیں جاتا 
LOG (lattice-best-path[5.5.907~1-cbed4]:main():lattice-best-path.cc:99) For utterance 20030004_691, best cost 175.477 + 5315.02 = 5490.5 over 808 frames.
20030004_691 کے سے کی دلجوئی کے لیے اپنا جوار کھویا اور بہن صفحوں ساغر معین آٹھویں ٹھونس دیئے 
LOG (lattice-best-path[5.5.907~1-cbed4]:main():lattice-best-path.cc:99) For utterance 20030004_692, best cost 171.157 + 4365.13 = 4536.28 over 657 frames.
20030004_692 بدشگونی سامنے کہا کے میرون سے ابو ساگر محنت گاڑی کے دہلی کھا کے دل ہیں 
LOG (lattice-best-path[5.5.907~1-cbed4]:main():lattice-best-path.cc:99) For utterance 20030004_693, best cost 128.449 + 4446.4 = 4574.85 over 673 frames.
20030004_693 مینیجمنٹ کے چوڑیاں سے کہا کے واقعہ پر بنا کرائی مدعو 
LOG (lattice-best-path[5.5.907~1-cbed4]:main():lattice-best-path.cc:99) For utterance 20030004_694, best cost 159.737 + 4203.45 = 4363.19 over 604 frames.
20030004_694 طرفین کاجو لاشیں شفاعت برساتا کوکھ درجے اور کو سے نیچا کوچوان بنائیں 
LOG (lattice-best-path[5.5.907~1-cbed4]:main():lattice-best-path.cc:99) For utterance 20030004_695, best cost 148.779 + 4107.44 = 4256.22 over 606 frames.
20030004_695 کوئی کے جانے کھچی جانے کو کیا لوں اگر کی جنگوں پانی میں دھل جائے 
LOG (lattice-best-path[5.5.907~1-cbed4]:main():lattice-best-path.cc:99) For utterance 20030004_696, best cost 153.089 + 4241.48 = 4394.57 over 617 frames.
20030004_696 تشخص ریڈ کیا میں سے کو بااصول مسوڑوں کے بنانے کیلئے فراواں کیا جائے گا 
LOG (lattice-best-path[5.5.907~1-cbed4]:main():lattice-best-path.cc:99) For utterance 20030004_697, best cost 100.636 + 3349.31 = 3449.94 over 492 frames.
20030004_697 دل اور کو سے سینٹر میڈیسن کرنے کا کا ہو گا 
LOG (lattice-best-path[5.5.907~1-cbed4]:main():lattice-best-path.cc:99) For utterance 20030004_698, best cost 109.873 + 3180.63 = 3290.5 over 474 frames.
20030004_698 باران ذادہ چوبیس اشفاق بااثر جائزہ لینے لگا 
LOG (lattice-best-path[5.5.907~1-cbed4]:main():lattice-best-path.cc:99) For utterance 20030004_699, best cost 148.177 + 4081.36 = 4229.54 over 596 frames.
20030004_699 نجات کے کی اضافہ کھچڑی میں بیداری کی ریان نیگیٹو میں کی کامیاب سوچوں 
LOG (lattice-best-path[5.5.907~1-cbed4]:main():lattice-best-path.cc:99) For utterance 20030004_700, best cost 128.586 + 3661.47 = 3790.06 over 540 frames.
20030004_700 دوست اور کو کی تخلیق میں تغافل کی سوکھی چھڑا کر خصوصا کو 
LOG (lattice-best-path[5.5.907~1-cbed4]:main():lattice-best-path.cc:99) For utterance 20030004_701, best cost 169.486 + 4258 = 4427.48 over 617 frames.
20030004_701 مضمون بالغان گناہوں غزلیں کی تو ماتھا کی سے کے بالاخر موذی صوبوں کو سمجھ آیا 
LOG (lattice-best-path[5.5.907~1-cbed4]:main():lattice-best-path.cc:99) For utterance 20030004_702, best cost 118.926 + 3380.49 = 3499.42 over 513 frames.
20030004_702 غیر فیصلہ قوت کی کو میں فریب گوشہ کو نادر بخشیں 
LOG (lattice-best-path[5.5.907~1-cbed4]:main():lattice-best-path.cc:99) For utterance 20030004_703, best cost 115.79 + 3359.83 = 3475.62 over 504 frames.
20030004_703 غیرت پالیسی کلیدی جھینگے بچھڑوں کاروبار ظاہر ہوتا ہیں 
LOG (lattice-best-path[5.5.907~1-cbed4]:main():lattice-best-path.cc:99) For utterance 20030004_704, best cost 128.745 + 5032.96 = 5161.71 over 762 frames.
20030004_704 چغتائی میں سیکشن مطالعہ ساتھیوں کے انظباتی علاوہ پراسیس ہیں 
LOG (lattice-scale[5.5.907~1-cbed4]:main():lattice-scale.cc:107) Done 108 lattices.
LOG (lattice-best-path[5.5.907~1-cbed4]:main():lattice-best-path.cc:99) For utterance 20030004_705, best cost 147.938 + 3944.94 = 4092.87 over 586 frames.
20030004_705 بھاوج آغا بنائی قوی روضے جا پر لاگت آٹھ آنسو سے بڑھ گئے 
LOG (lattice-best-path[5.5.907~1-cbed4]:main():lattice-best-path.cc:99) For utterance 20030004_706, best cost 114.706 + 2874.62 = 2989.32 over 434 frames.
20030004_706 بیج صوفی گیس کی آنکھیں دکھی تم آدمی چوم 
LOG (lattice-add-penalty[5.5.907~1-cbed4]:main():lattice-add-penalty.cc:62) Done adding word insertion penalty to 108 lattices.
LOG (lattice-best-path[5.5.907~1-cbed4]:main():lattice-best-path.cc:99) For utterance 20030004_707, best cost 90.2097 + 3164.09 = 3254.3 over 479 frames.
20030004_707 ماضی دہرانے تو فائربریگیڈ گناہوں میں نہ کریں 
LOG (lattice-best-path[5.5.907~1-cbed4]:main():lattice-best-path.cc:99) For utterance 20030004_708, best cost 152.216 + 4325.41 = 4477.62 over 653 frames.
20030004_708 جنگ چھیڑنے سے پہلے پر میں نے مجھے کچھوا رسیدہ طریقہ اور مشق سمجھائیں 
LOG (lattice-best-path[5.5.907~1-cbed4]:main():lattice-best-path.cc:124) Overall cost per frame is 7.0225 = 0.230873 [graph] + 6.79163 [acoustic] over 70132 frames.
LOG (lattice-best-path[5.5.907~1-cbed4]:main():lattice-best-path.cc:128) Done 108 lattices, failed for 0
# Accounting: time=1 threads=1
# Ended (code 0) at Wed Apr 21 04:06:55 PKT 2021, elapsed time 1 seconds
