# lattice-scale --inv-acoustic-scale=11 "ark:gunzip -c exp/mono/decode/lat.*.gz|" ark:- | lattice-add-penalty --word-ins-penalty=0.5 ark:- ark:- | lattice-best-path --word-symbol-table=exp/mono/graph/words.txt ark:- ark,t:- | utils/int2sym.pl -f 2- exp/mono/graph/words.txt | cat > exp/mono/decode/scoring_kaldi/penalty_0.5/11.txt 
# Started at Wed Apr 21 04:06:54 PKT 2021
#
lattice-add-penalty --word-ins-penalty=0.5 ark:- ark:- 
lattice-scale --inv-acoustic-scale=11 'ark:gunzip -c exp/mono/decode/lat.*.gz|' ark:- 
lattice-best-path --word-symbol-table=exp/mono/graph/words.txt ark:- ark,t:- 
LOG (lattice-best-path[5.5.907~1-cbed4]:main():lattice-best-path.cc:99) For utterance 20030004_601, best cost 217.145 + 6545.89 = 6763.04 over 804 frames.
20030004_601 نوبل کی مداحوں چیک ادارے کے کے شو میں تھری ہنگری پلنٹی ایک علم بھول کیوڑہ کو بوم کرنے گی 
LOG (lattice-best-path[5.5.907~1-cbed4]:main():lattice-best-path.cc:99) For utterance 20030004_602, best cost 271.16 + 8231.33 = 8502.49 over 1000 frames.
20030004_602 دل شوربہ کو آئیوڈین کے نارتھ اور کیلئے پرکھے ہوے پڑھائی کے لو بنا شیعہ آلود چاڈ کے باورچی جگ کرنے کے شرکت سے بازو ہے 
LOG (lattice-best-path[5.5.907~1-cbed4]:main():lattice-best-path.cc:99) For utterance 20030004_603, best cost 192.006 + 6378.64 = 6570.64 over 782 frames.
20030004_603 شاہ مشورہ اور نزلے کی بڑا سے گدے عمل پر اٹھا تو تفریحی بےقصور پروگرام نے چار کی 
LOG (lattice-best-path[5.5.907~1-cbed4]:main():lattice-best-path.cc:99) For utterance 20030004_604, best cost 175.192 + 5225.34 = 5400.54 over 638 frames.
20030004_604 سندھی نے نامی کے باغوں کے کر پر پڑی تو کرواؤ سوچا ہے کہ غوث کے نوے اٹھائے 
LOG (lattice-best-path[5.5.907~1-cbed4]:main():lattice-best-path.cc:99) For utterance 20030004_605, best cost 130.182 + 4108.33 = 4238.51 over 506 frames.
20030004_605 سول جل شوربہ جون کے پیشن میں گولڑوی کر داخل دیتا ہے 
LOG (lattice-best-path[5.5.907~1-cbed4]:main():lattice-best-path.cc:99) For utterance 20030004_606, best cost 144.572 + 4547.84 = 4692.42 over 554 frames.
20030004_606 نتیجے تمام مغلوب عرصے کی اس نبویہ کے تنفس کی بڑی وزیر تھے 
LOG (lattice-best-path[5.5.907~1-cbed4]:main():lattice-best-path.cc:99) For utterance 20030004_607, best cost 112.08 + 3472.48 = 3584.56 over 428 frames.
20030004_607 عرصے کی کی اور فرض کی زوال گھمبیر نہ بنائیں جائے 
LOG (lattice-best-path[5.5.907~1-cbed4]:main():lattice-best-path.cc:99) For utterance 20030004_608, best cost 146.495 + 4702.22 = 4848.71 over 578 frames.
20030004_608 ہوتے کے بدلے موعود کو خواہش کا رنگ جو جانے کی قل جنگوں ہو گی 
LOG (lattice-best-path[5.5.907~1-cbed4]:main():lattice-best-path.cc:99) For utterance 20030004_609, best cost 197.422 + 6078.65 = 6276.07 over 746 frames.
20030004_609 ٹیلنٹ شل میں مغلوں میں دیوار مگر مچھلی رسولی نکالیں اور فی جو کے جو لگاتا صیاد کیا 
LOG (lattice-best-path[5.5.907~1-cbed4]:main():lattice-best-path.cc:99) For utterance 20030004_610, best cost 170.35 + 5859.34 = 6029.69 over 740 frames.
20030004_610 مماثل حملے خوشی کا پیروی کی عملا بےجا نیچے کے گرج سے طبیعت انسان ہے 
LOG (lattice-best-path[5.5.907~1-cbed4]:main():lattice-best-path.cc:99) For utterance 20030004_611, best cost 180.931 + 5537.26 = 5718.19 over 699 frames.
20030004_611 کھو سے پہنے دھینگا فورس کرنے سے کے دغا و کو گڑگڑا ہر کی بوجھ کے ساتھ چھ ہے 
LOG (lattice-best-path[5.5.907~1-cbed4]:main():lattice-best-path.cc:99) For utterance 20030004_612, best cost 180.603 + 6016.18 = 6196.79 over 740 frames.
20030004_612 تبدیلیاں کے ورزش سے نے ڈال بھورا نے چراغ شب فروغ خوف کے لینگویج کا وہاں ہے 
LOG (lattice-best-path[5.5.907~1-cbed4]:main():lattice-best-path.cc:99) For utterance 20030004_613, best cost 119.82 + 4307.05 = 4426.87 over 534 frames.
20030004_613 علم کو لائحہ بوگس اور جدول کریش دینے البتہ کہا 
LOG (lattice-best-path[5.5.907~1-cbed4]:main():lattice-best-path.cc:99) For utterance 20030004_614, best cost 130.652 + 4439.26 = 4569.91 over 547 frames.
20030004_614 بھگو فیملی شیشے کے کر آیا کے ساتھ سمجھی بغیر سمجھو کا کیا 
LOG (lattice-best-path[5.5.907~1-cbed4]:main():lattice-best-path.cc:99) For utterance 20030004_615, best cost 231.953 + 7661.46 = 7893.42 over 941 frames.
20030004_615 ہدایت کا شہزادی میں ٹیچر موئسچرائزنگ اس کو ونڈوز کرتے ہوئے جوبلی خان خان کے کے جوگی میں گوبر ہیڈ بڑھ آیا 
LOG (lattice-best-path[5.5.907~1-cbed4]:main():lattice-best-path.cc:99) For utterance 20030004_616, best cost 187.016 + 7261.58 = 7448.6 over 890 frames.
20030004_616 تاجروں بھگوڑوں اڈے سوکھا نے توہین کو فروغ ڈزاسٹر رسیدہ تصور کماحقہ کا اطلاعات کیا 
LOG (lattice-best-path[5.5.907~1-cbed4]:main():lattice-best-path.cc:99) For utterance 20030004_617, best cost 145.431 + 4545.86 = 4691.29 over 569 frames.
20030004_617 کھمبیوں پر پڑے سوکھی بچھانے کھیلوں کو لیتا دیکھ کر پیدا حسیں لگا 
LOG (lattice-best-path[5.5.907~1-cbed4]:main():lattice-best-path.cc:99) For utterance 20030004_618, best cost 197.955 + 6340.25 = 6538.2 over 792 frames.
20030004_618 فارم ٹینک عبرت سے روشناس مجھ شو والے رکھ عرصہ بنیں گلیوں کے بعد جیسے کیا کیا ہیں 
LOG (lattice-best-path[5.5.907~1-cbed4]:main():lattice-best-path.cc:99) For utterance 20030004_619, best cost 120.167 + 4162.07 = 4282.24 over 524 frames.
20030004_619 تیزی کی تشریف حامد آ بیان کرنے کا جوبلی نتیجے ہیں 
LOG (lattice-best-path[5.5.907~1-cbed4]:main():lattice-best-path.cc:99) For utterance 20030004_620, best cost 213.141 + 5584.12 = 5797.26 over 688 frames.
20030004_620 چیل آنے پَلوں کے ہولوں کو گروہوں مسحور یا اور کی ڈیمو کو اڑوں پر خضوع شعلوں کی کیا عریاں تھیں 
LOG (lattice-best-path[5.5.907~1-cbed4]:main():lattice-best-path.cc:99) For utterance 20030004_621, best cost 186.413 + 6289.57 = 6475.99 over 757 frames.
20030004_621 اجرت ریاض حاشیے اور کر سوجن تمام بینک ویزے نوبل سوچا کی نواز میں میں پہلوٹھی 
LOG (lattice-best-path[5.5.907~1-cbed4]:main():lattice-best-path.cc:99) For utterance 20030004_622, best cost 164.479 + 5140.36 = 5304.84 over 634 frames.
20030004_622 مورچے کر میں میں داؤ بکھیرنے کرے درد عمر رسیدہ ویڈنگ ڈالر میں سے گزری 
LOG (lattice-best-path[5.5.907~1-cbed4]:main():lattice-best-path.cc:99) For utterance 20030004_623, best cost 128.105 + 4105.01 = 4233.12 over 510 frames.
20030004_623 بیلٹ الیون کرو منافعوں آنسو برس کا محور کا نشاندہی کیا 
LOG (lattice-best-path[5.5.907~1-cbed4]:main():lattice-best-path.cc:99) For utterance 20030004_624, best cost 186.533 + 6375.09 = 6561.63 over 768 frames.
20030004_624 ماؤف ازسرنو صفوں میں گیسیں اور فورس فورس والا کو بوجوہ کے انجکشن کے لیے مبشر بھول تھا 
LOG (lattice-best-path[5.5.907~1-cbed4]:main():lattice-best-path.cc:99) For utterance 20030004_625, best cost 158.988 + 5660.59 = 5819.58 over 717 frames.
20030004_625 نے روڈ ان ساگر کیا کے بعد کی کرے لے کر گردیزی بلکہ واقع تو کیا 
LOG (lattice-best-path[5.5.907~1-cbed4]:main():lattice-best-path.cc:99) For utterance 20030004_626, best cost 115.91 + 3688.74 = 3804.65 over 463 frames.
20030004_626 لینتھ بجیں کو ملی کیا تو دھل کی علاوہ سمجھا 
LOG (lattice-best-path[5.5.907~1-cbed4]:main():lattice-best-path.cc:99) For utterance 20030004_627, best cost 176.583 + 4971.1 = 5147.68 over 610 frames.
20030004_627 فروغ کا خیر اور عمل کے نوگو اور کے اعلان ویزے بوڑھوں کو تو فوم میں لکھا آ گیا 
LOG (lattice-best-path[5.5.907~1-cbed4]:main():lattice-best-path.cc:99) For utterance 20030004_628, best cost 183.788 + 5677.41 = 5861.2 over 710 frames.
20030004_628 لو بات کی تک میلہ آنے کے لیے بیٹھ ریڈ ٹریبیونل میں فلو کی خوشی یا وفود تھیں 
LOG (lattice-best-path[5.5.907~1-cbed4]:main():lattice-best-path.cc:99) For utterance 20030004_629, best cost 175.007 + 6202.06 = 6377.07 over 773 frames.
20030004_629 شیلٹر کے اور افادہ کے وافر میں فیڈر کاغذ کو پانی نے لوگوں کا حسن بھیج کر آیا 
LOG (lattice-best-path[5.5.907~1-cbed4]:main():lattice-best-path.cc:99) For utterance 20030004_630, best cost 167.927 + 5237.87 = 5405.79 over 661 frames.
20030004_630 پریوں گزارنے نشیب پیش تعالی میں آکر بیچے ماتھے اچھل سے خام بکھیر کیا 
LOG (lattice-best-path[5.5.907~1-cbed4]:main():lattice-best-path.cc:99) For utterance 20030004_631, best cost 185.461 + 7169.73 = 7355.19 over 905 frames.
20030004_631 سپیل سی فوراً باخبر میں وفاؤں کیلئے فیبرکس بھیجے تو سیسے موڑ کر چاہے دیکھئے 
LOG (lattice-best-path[5.5.907~1-cbed4]:main():lattice-best-path.cc:99) For utterance 20030004_632, best cost 213.975 + 6949.09 = 7163.06 over 874 frames.
20030004_632 عزیز یہاں نے کہا کے بوریت کی بچے چھوڑ لوں اور بیڑیاں بھجوا کر فجور اور رسولی چھوئیں بغیر پر ہیں 
LOG (lattice-best-path[5.5.907~1-cbed4]:main():lattice-best-path.cc:99) For utterance 20030004_633, best cost 189.469 + 6647.83 = 6837.3 over 822 frames.
20030004_633 پر لیفٹننٹ اعتبار میں تحیر کے لیے انیق ویلڈنگ اور فیصد کی خواص ایکسیئن سمگلنگ کے لیے کیجیے 
LOG (lattice-best-path[5.5.907~1-cbed4]:main():lattice-best-path.cc:99) For utterance 20030004_634, best cost 146.218 + 5352.42 = 5498.64 over 680 frames.
20030004_634 پریشر جیسے شیل کی اسہال کے لیے پرویا کے نکل فرینڈ کر کے لائیں 
LOG (lattice-best-path[5.5.907~1-cbed4]:main():lattice-best-path.cc:99) For utterance 20030004_635, best cost 181.405 + 5477.11 = 5658.52 over 684 frames.
20030004_635 خاص مڈل کو چنگ کی رافعہ اور میں بیٹھی اور علی مینگل دفن یاں سیسے سوا کریں 
LOG (lattice-best-path[5.5.907~1-cbed4]:main():lattice-best-path.cc:99) For utterance 20030004_636, best cost 153.824 + 5274.36 = 5428.18 over 677 frames.
20030004_636 گومگو خشوع نے کی جوبلی خدشہ ہونے سے سوچا کا تو ہم کاجو بھورا 
LOG (lattice-best-path[5.5.907~1-cbed4]:main():lattice-best-path.cc:99) For utterance 20030004_637, best cost 148.913 + 5086.41 = 5235.33 over 652 frames.
20030004_637 کا خان کے سماوی پہنچ کر جنگی لاؤ کی کی خبر سے موڈم بھیڑوں ہوئی 
LOG (lattice-best-path[5.5.907~1-cbed4]:main():lattice-best-path.cc:99) For utterance 20030004_638, best cost 180.571 + 5816.38 = 5996.95 over 709 frames.
20030004_638 کاجو گوجر کی شے ڈرائینگ میں کو مصور اس اور کوٹھی کو کھڑے کے کے بلا سے چیچن 
LOG (lattice-best-path[5.5.907~1-cbed4]:main():lattice-best-path.cc:99) For utterance 20030004_639, best cost 185.597 + 6146.85 = 6332.45 over 768 frames.
20030004_639 فیض کے دفتر کی دکھ اہل سے تجویز کر سے کے نہ اور کی زور ہراساں سے بغور سکتیں 
LOG (lattice-best-path[5.5.907~1-cbed4]:main():lattice-best-path.cc:99) For utterance 20030004_640, best cost 180.952 + 6148.71 = 6329.66 over 768 frames.
20030004_640 چور کیوں پر بیٹھی یادیں سفید میں دی سے قونصلیٹ پیشوا لاکھا کچوکے کو جگ آیا 
LOG (lattice-best-path[5.5.907~1-cbed4]:main():lattice-best-path.cc:99) For utterance 20030004_641, best cost 135.732 + 4817.8 = 4953.53 over 601 frames.
20030004_641 کو پالمر اور بڑی شب اور فوبیا پیشوا سے دیکھا طرفین سے کی ہے 
LOG (lattice-best-path[5.5.907~1-cbed4]:main():lattice-best-path.cc:99) For utterance 20030004_642, best cost 131.372 + 4635.3 = 4766.67 over 588 frames.
20030004_642 حریفوں کے ہفتے میچ ایسی کے پیدائش سے نفوذ کی ہوا اٹھی 
LOG (lattice-best-path[5.5.907~1-cbed4]:main():lattice-best-path.cc:99) For utterance 20030004_643, best cost 150.286 + 5073.27 = 5223.56 over 626 frames.
20030004_643 تحفہ سے نہ فارورڈ میں مخالفت پر جیسے بہائیں اور دوغلا سزائیں گرویدہ ہے 
LOG (lattice-best-path[5.5.907~1-cbed4]:main():lattice-best-path.cc:99) For utterance 20030004_644, best cost 170.95 + 6136.35 = 6307.3 over 753 frames.
20030004_644 پنج کیلئے میں پیچھے میں ڈور پرائیویٹ اوزار برابر چھ کے سنگھار سے نے دوا کے 
LOG (lattice-best-path[5.5.907~1-cbed4]:main():lattice-best-path.cc:99) For utterance 20030004_645, best cost 157.086 + 5525.69 = 5682.78 over 687 frames.
20030004_645 نڈر ایڈڈ کے سوویں روزہ کے صاحب زور مس پر کرنے کی آشنا کی ہیں 
LOG (lattice-best-path[5.5.907~1-cbed4]:main():lattice-best-path.cc:99) For utterance 20030004_646, best cost 155.122 + 5321.02 = 5476.14 over 664 frames.
20030004_646 ساڑھے نہ خان جوس میں اور جبری کے بعد علاوہ بحران میں دہرانے ڈالنے آئی 
LOG (lattice-best-path[5.5.907~1-cbed4]:main():lattice-best-path.cc:99) For utterance 20030004_647, best cost 99.4532 + 3658.55 = 3758 over 439 frames.
20030004_647 وزن اگر کے تنازعے بند میچور گردوغبار آیا 
LOG (lattice-best-path[5.5.907~1-cbed4]:main():lattice-best-path.cc:99) For utterance 20030004_648, best cost 111.809 + 4235.11 = 4346.92 over 531 frames.
20030004_648 میلے میں دودھیا چارجز تلمیحات کچرے کے لیے کروا تھا 
LOG (lattice-best-path[5.5.907~1-cbed4]:main():lattice-best-path.cc:99) For utterance 20030004_649, best cost 140.151 + 4633.09 = 4773.24 over 582 frames.
20030004_649 خود کو کو کن گینگسٹر کے بیٹھ نے کے بعد کر آمدنی طلب آئیے 
LOG (lattice-best-path[5.5.907~1-cbed4]:main():lattice-best-path.cc:99) For utterance 20030004_650, best cost 162.337 + 5518.76 = 5681.1 over 690 frames.
20030004_650 فجر کے لیتا دین کیسی کر اور سامعین کی منفی عدلیہ کے باعث تفویض آ ہے 
LOG (lattice-best-path[5.5.907~1-cbed4]:main():lattice-best-path.cc:99) For utterance 20030004_651, best cost 154.118 + 5346.24 = 5500.36 over 679 frames.
20030004_651 خول گود گیلری میچور کی کھوکھلے ایقان کے اور نے سے تلے سونگ کی تھی 
LOG (lattice-best-path[5.5.907~1-cbed4]:main():lattice-best-path.cc:99) For utterance 20030004_652, best cost 180.409 + 6281.38 = 6461.79 over 801 frames.
20030004_652 پرویا نیچی لیب تھام گئی اور اولی اور بنولہ میں کہو ٹھیس دودھ تک کو بچیں 
LOG (lattice-best-path[5.5.907~1-cbed4]:main():lattice-best-path.cc:99) For utterance 20030004_653, best cost 149.861 + 5512.16 = 5662.02 over 694 frames.
20030004_653 لو ابرار بیس اسی سنگل قرضے کیلئے جدید ڈھائی تک تو سوکھ 
LOG (lattice-best-path[5.5.907~1-cbed4]:main():lattice-best-path.cc:99) For utterance 20030004_654, best cost 168.52 + 5540.76 = 5709.28 over 694 frames.
20030004_654 ہڈی اور بے اشخاص اس کی ایشیائی چولہے اور ایگزیکٹو اور اس کے میں داڑھی سدھو دیں 
LOG (lattice-best-path[5.5.907~1-cbed4]:main():lattice-best-path.cc:99) For utterance 20030004_655, best cost 110.994 + 3865.9 = 3976.89 over 493 frames.
20030004_655 نام بخشے چھائی کو ڈیلروں بو جانے خواہش ہیں 
LOG (lattice-best-path[5.5.907~1-cbed4]:main():lattice-best-path.cc:99) For utterance 20030004_656, best cost 173.119 + 5885.45 = 6058.57 over 744 frames.
20030004_656 بے حصص عجیب تیروں غیر مرکزی کی بینچ بچائیں اور سنو جوار بے فورس کریں 
LOG (lattice-best-path[5.5.907~1-cbed4]:main():lattice-best-path.cc:99) For utterance 20030004_657, best cost 112.871 + 4280.15 = 4393.02 over 545 frames.
20030004_657 فاخرہ پن ذہن کے کے فرخندہ قیمت سے وافر نہیں 
LOG (lattice-best-path[5.5.907~1-cbed4]:main():lattice-best-path.cc:99) For utterance 20030004_658, best cost 114.985 + 4189.91 = 4304.89 over 505 frames.
20030004_658 لینڈ ورلڈ کا میں واہلہ ایچ بیس کے بعد سے گزارنے 
LOG (lattice-best-path[5.5.907~1-cbed4]:main():lattice-best-path.cc:99) For utterance 20030004_659, best cost 155.525 + 6345.32 = 6500.84 over 796 frames.
20030004_659 مٹیں ہو کر بچائیں اور تھوڑی بطخوں کو غوروخوض کے بعد بھولیں یا کر سوویں 
LOG (lattice-best-path[5.5.907~1-cbed4]:main():lattice-best-path.cc:99) For utterance 20030004_660, best cost 87.2929 + 3341.12 = 3428.41 over 406 frames.
20030004_660 ہوے باران کے بقایا اسلامی نہیں حوصلہ 
LOG (lattice-best-path[5.5.907~1-cbed4]:main():lattice-best-path.cc:99) For utterance 20030004_661, best cost 107.487 + 4107.99 = 4215.48 over 513 frames.
20030004_661 اضافے میں کیلئے بچّو پر حامل کا اداکاراؤں بہائیں 
LOG (lattice-best-path[5.5.907~1-cbed4]:main():lattice-best-path.cc:99) For utterance 20030004_662, best cost 137.073 + 4415.96 = 4553.03 over 549 frames.
20030004_662 کر انجام کو کی آنکھ یاں جھلی رسیا کو کی تشبیہ ہے پگڑی 
LOG (lattice-best-path[5.5.907~1-cbed4]:main():lattice-best-path.cc:99) For utterance 20030004_663, best cost 158.499 + 5299.2 = 5457.7 over 658 frames.
20030004_663 کے رونے جہاں چاہے مقام انگوٹھے یا ساتھی تو دین کے کی تجویز بخوبی 
LOG (lattice-best-path[5.5.907~1-cbed4]:main():lattice-best-path.cc:99) For utterance 20030004_664, best cost 197.099 + 6021.58 = 6218.68 over 744 frames.
20030004_664 فرماں صیاد اعتبار ریاض میں تعلیم نائب اور دیے تنازع بھورا تو بیچے کروں پر کھڑے ہو گئیں 
LOG (lattice-best-path[5.5.907~1-cbed4]:main():lattice-best-path.cc:99) For utterance 20030004_665, best cost 119.231 + 4725.33 = 4844.56 over 587 frames.
20030004_665 فیصلے خسارے حادثے سے برڈ چینی تو خواہ چکے ہوا 
LOG (lattice-best-path[5.5.907~1-cbed4]:main():lattice-best-path.cc:99) For utterance 20030004_666, best cost 137.825 + 3978.56 = 4116.38 over 480 frames.
20030004_666 بوم سے جوئیہ بچے علم بڑا کا کا تک سوا خیر سے ہوئی 
LOG (lattice-best-path[5.5.907~1-cbed4]:main():lattice-best-path.cc:99) For utterance 20030004_667, best cost 117.421 + 4432.61 = 4550.03 over 558 frames.
20030004_667 پہلی ٹھیکیدار سے چین کے ہو سے کے ہو تفہیم سنبھلی 
LOG (lattice-best-path[5.5.907~1-cbed4]:main():lattice-best-path.cc:99) For utterance 20030004_668, best cost 184.43 + 6179.47 = 6363.9 over 777 frames.
20030004_668 صاحب ایف لوہے کے پر لڑیں میں کو بنیں والا چند کا کچلا کیا نااہلیت سے جانے کیا 
LOG (lattice-best-path[5.5.907~1-cbed4]:main():lattice-best-path.cc:99) For utterance 20030004_669, best cost 130.425 + 4323.45 = 4453.87 over 543 frames.
20030004_669 اور خواہ زنخوں فروغ میں ویڈیوز اس کے لیے زیڈ روڈ نہیں کیا 
LOG (lattice-best-path[5.5.907~1-cbed4]:main():lattice-best-path.cc:99) For utterance 20030004_670, best cost 102.498 + 4099.18 = 4201.67 over 512 frames.
20030004_670 روز ایک عالیشان میں دیکھی سربراہ بھگوڑوں کا کرو 
LOG (lattice-best-path[5.5.907~1-cbed4]:main():lattice-best-path.cc:99) For utterance 20030004_671, best cost 185.646 + 6914.56 = 7100.21 over 872 frames.
20030004_671 خوشی سے پہلے سوسائٹی گڑیا نے کہا سود اور کے سقوط کے سکول جھولے میں دو راجے جاؤ 
LOG (lattice-best-path[5.5.907~1-cbed4]:main():lattice-best-path.cc:99) For utterance 20030004_672, best cost 150.644 + 5306.61 = 5457.26 over 652 frames.
20030004_672 کنگڈم میلے شو سزائیں تفرقہ نوبل سرویئر اور صرف درجے کا پروا ہے 
LOG (lattice-best-path[5.5.907~1-cbed4]:main():lattice-best-path.cc:99) For utterance 20030004_673, best cost 125.785 + 4243.11 = 4368.9 over 536 frames.
20030004_673 کرائی کے جاگنگ وعدے ہوے چوزے مسئلہ کے بے پر پڑا ہے 
LOG (lattice-best-path[5.5.907~1-cbed4]:main():lattice-best-path.cc:99) For utterance 20030004_674, best cost 156.709 + 5382.56 = 5539.27 over 656 frames.
20030004_674 نشر میں پَلوں میں پڑتا پر چرانے کر ہم با رہیں حوصلے کی کوششیں 
LOG (lattice-best-path[5.5.907~1-cbed4]:main():lattice-best-path.cc:99) For utterance 20030004_675, best cost 122.821 + 4005.45 = 4128.27 over 501 frames.
20030004_675 حادثے بڑے بری کے روپے پر سوچے تغافل کا وعدہ اوڑھا ہے 
LOG (lattice-best-path[5.5.907~1-cbed4]:main():lattice-best-path.cc:99) For utterance 20030004_676, best cost 159.081 + 5112.98 = 5272.06 over 617 frames.
20030004_676 اپنے رہائش کی سیر کرنے کی جاؤ کھولے زوال نے تنگدستی جھگڑے پر لاکھ گی 
LOG (lattice-best-path[5.5.907~1-cbed4]:main():lattice-best-path.cc:99) For utterance 20030004_677, best cost 165.711 + 6310.74 = 6476.45 over 794 frames.
20030004_677 انسانیت کی گگلی ہوئی مگر بعدازاں کو سعودی کو برطانوی کو غایت سے بدل گیا 
LOG (lattice-best-path[5.5.907~1-cbed4]:main():lattice-best-path.cc:99) For utterance 20030004_678, best cost 199.367 + 6989 = 7188.36 over 870 frames.
20030004_678 سالہ فیصلہ کرکے لطیفے فاجر والوں سے چھڑا نے کیلئے پر دوچند خیر سے مشق کے شعر کریں 
LOG (lattice-best-path[5.5.907~1-cbed4]:main():lattice-best-path.cc:99) For utterance 20030004_679, best cost 103.673 + 4003.89 = 4107.56 over 496 frames.
20030004_679 تھوڑی اور کیلئے پر چیک لگاتا سہارے سیسے پوچھیں 
LOG (lattice-best-path[5.5.907~1-cbed4]:main():lattice-best-path.cc:99) For utterance 20030004_680, best cost 163.409 + 6126 = 6289.41 over 764 frames.
20030004_680 چوری کا تھوڑا رہتے ہوے بٹورتا لائے دکھا راہبر اس نے میں علاوہ جاتا ہے 
LOG (lattice-best-path[5.5.907~1-cbed4]:main():lattice-best-path.cc:99) For utterance 20030004_681, best cost 170.789 + 5499.18 = 5669.97 over 688 frames.
20030004_681 وعدہ جشن کے شے کو کے ہیڈ کی ڈھا رسولی تو لوگ پر پیچیدہ پر سویرا 
LOG (lattice-best-path[5.5.907~1-cbed4]:main():lattice-best-path.cc:99) For utterance 20030004_682, best cost 161.502 + 5221.96 = 5383.46 over 656 frames.
20030004_682 گی فوج والے کی لو پر بھیج لگانا سجاد کروا سے جو پر معلوم کی 
LOG (lattice-best-path[5.5.907~1-cbed4]:main():lattice-best-path.cc:99) For utterance 20030004_683, best cost 131.08 + 4812.97 = 4944.05 over 605 frames.
20030004_683 پر کے سے ماخذ کیچڑ مدت اینٹھن نے میواتی کے سے نکل گئے 
LOG (lattice-best-path[5.5.907~1-cbed4]:main():lattice-best-path.cc:99) For utterance 20030004_684, best cost 179.708 + 5879.71 = 6059.42 over 758 frames.
20030004_684 نے پیروی خوگر فوائد سیٹھ کے قیوم میں میں لوں کیا رحیل طلب تک کھاؤں 
LOG (lattice-best-path[5.5.907~1-cbed4]:main():lattice-best-path.cc:99) For utterance 20030004_685, best cost 126.178 + 3910.41 = 4036.58 over 489 frames.
20030004_685 جو خلل ہو سے نیچے بخشے اور سے کہا سے لاکھوں بدلو 
LOG (lattice-best-path[5.5.907~1-cbed4]:main():lattice-best-path.cc:99) For utterance 20030004_686, best cost 155.508 + 4386.55 = 4542.05 over 543 frames.
20030004_686 سفیدے کے صرف کھیل وقفے شعر سے دنیاوی میں سچ کا شو شاخ پوچھوں 
LOG (lattice-best-path[5.5.907~1-cbed4]:main():lattice-best-path.cc:99) For utterance 20030004_687, best cost 203.369 + 6422.62 = 6625.99 over 796 frames.
20030004_687 سوچ کو ایسے برس لوگ سے آنکھیں پولیو تو باب پندرہ سے چیف ماہوار دوچار مہجور پر گئیں 
LOG (lattice-best-path[5.5.907~1-cbed4]:main():lattice-best-path.cc:99) For utterance 20030004_688, best cost 224.58 + 6593.96 = 6818.54 over 831 frames.
20030004_688 فقیر بلکہ چادر ریسرچ آکر سنچری یاں غذاؤں اور بیچ کی کے بے میں نے ہاتھوں کے پر آٹھ ادارے جاؤں 
LOG (lattice-best-path[5.5.907~1-cbed4]:main():lattice-best-path.cc:99) For utterance 20030004_689, best cost 191.534 + 5185.05 = 5376.58 over 645 frames.
20030004_689 بو جو تو بڑے جیسے کی راجیہ جانا فجور بنائیں اور سوئس و فصلیں کچیلے کر چھائی 
LOG (lattice-best-path[5.5.907~1-cbed4]:main():lattice-best-path.cc:99) For utterance 20030004_690, best cost 123.083 + 3593.75 = 3716.83 over 467 frames.
20030004_690 یہ کھلنے یا نہ پڑھائی کے شو لے کوچوان نہیں جاتا 
LOG (lattice-best-path[5.5.907~1-cbed4]:main():lattice-best-path.cc:99) For utterance 20030004_691, best cost 176.229 + 6280.54 = 6456.77 over 808 frames.
20030004_691 کیسی کی دلجوئی کے لیے اپنا جوار کھویا اور بہن صفحوں ساغر معین آٹھویں ٹھونس دیئے 
LOG (lattice-best-path[5.5.907~1-cbed4]:main():lattice-best-path.cc:99) For utterance 20030004_692, best cost 184.423 + 5144 = 5328.42 over 657 frames.
20030004_692 بدھ خون ایسا نے کہا کے میرون سے ابو ساگر محنت گاڑی کے دہلی کھا کے دل ہیں 
LOG (lattice-best-path[5.5.907~1-cbed4]:main():lattice-best-path.cc:99) For utterance 20030004_693, best cost 141.444 + 5241.37 = 5382.82 over 673 frames.
20030004_693 مے نے ہفتے چوڑیاں سے کہا کے وقوعہ پر بھولنا کرائی مدعو 
LOG (lattice-best-path[5.5.907~1-cbed4]:main():lattice-best-path.cc:99) For utterance 20030004_694, best cost 159.737 + 4967.71 = 5127.45 over 604 frames.
20030004_694 طرفین کاجو لاشیں شفاعت برساتا کوکھ درجے اور کو سے نیچا کوچوان بنائیں 
LOG (lattice-best-path[5.5.907~1-cbed4]:main():lattice-best-path.cc:99) For utterance 20030004_695, best cost 157.019 + 4845.2 = 5002.22 over 606 frames.
20030004_695 کوئی کے جانے کھچی جانے کو کیا لوں اگر کی جنگوں پانی میں گھول جا ہیں 
LOG (lattice-best-path[5.5.907~1-cbed4]:main():lattice-best-path.cc:99) For utterance 20030004_696, best cost 153.089 + 5012.66 = 5165.75 over 617 frames.
20030004_696 تشخص ریڈ کیا میں سے کو بااصول مسوڑوں کے بنانے کیلئے فراواں کیا جائے گا 
LOG (lattice-best-path[5.5.907~1-cbed4]:main():lattice-best-path.cc:99) For utterance 20030004_697, best cost 100.636 + 3958.27 = 4058.91 over 492 frames.
20030004_697 دل اور کو سے سینٹر میڈیسن کرنے کا کا ہو گا 
LOG (lattice-best-path[5.5.907~1-cbed4]:main():lattice-best-path.cc:99) For utterance 20030004_698, best cost 114.657 + 3753.64 = 3868.29 over 474 frames.
20030004_698 باران ذادہ دھوبی سے شفاعت بااثر جائزہ لینے لگا 
LOG (lattice-best-path[5.5.907~1-cbed4]:main():lattice-best-path.cc:99) For utterance 20030004_699, best cost 162.634 + 4807.89 = 4970.53 over 596 frames.
20030004_699 نجات کے کی اضافہ کی چھری میں بیداری کی غیر ہذیانی کے گرما کی کامیاب سوچوں 
LOG (lattice-best-path[5.5.907~1-cbed4]:main():lattice-best-path.cc:99) For utterance 20030004_700, best cost 128.586 + 4327.19 = 4455.78 over 540 frames.
20030004_700 دوست اور کو کی تخلیق میں تغافل کی سوکھی چھڑا کر خصوصا کو 
LOG (lattice-best-path[5.5.907~1-cbed4]:main():lattice-best-path.cc:99) For utterance 20030004_701, best cost 184.898 + 5016.15 = 5201.05 over 617 frames.
20030004_701 مضمون بام مان دونوں کو غزلیں کی تو ماتھا کی سے کے بالاخر موذی صوبوں کو سمجھ آیا 
LOG (lattice-best-path[5.5.907~1-cbed4]:main():lattice-best-path.cc:99) For utterance 20030004_702, best cost 122.039 + 3991.53 = 4113.57 over 513 frames.
20030004_702 غیر فیصلہ قوت کی کو میں فریب گوشہ دو نادر بخشیں 
LOG (lattice-best-path[5.5.907~1-cbed4]:main():lattice-best-path.cc:99) For utterance 20030004_703, best cost 115.79 + 3970.71 = 4086.5 over 504 frames.
20030004_703 غیرت پالیسی کلیدی جھینگے بچھڑوں کاروبار ظاہر ہوتا ہیں 
LOG (lattice-best-path[5.5.907~1-cbed4]:main():lattice-best-path.cc:99) For utterance 20030004_704, best cost 152.219 + 5923.74 = 6075.96 over 762 frames.
20030004_704 چغتائی میں سیکشن بھوت آئین آزاد یوں کے انظباتی علاوہ پراسیس ہیں 
LOG (lattice-scale[5.5.907~1-cbed4]:main():lattice-scale.cc:107) Done 108 lattices.
LOG (lattice-best-path[5.5.907~1-cbed4]:main():lattice-best-path.cc:99) For utterance 20030004_705, best cost 151.519 + 4658.58 = 4810.1 over 586 frames.
20030004_705 بھاوج آغا بنائی قوی روضے جا پر لاگت آٹھ آنسو سے بڑھ گئی 
LOG (lattice-best-path[5.5.907~1-cbed4]:main():lattice-best-path.cc:99) For utterance 20030004_706, best cost 114.706 + 3397.28 = 3511.98 over 434 frames.
20030004_706 بیج صوفی گیس کی آنکھیں دکھی تم آدمی چوم 
LOG (lattice-best-path[5.5.907~1-cbed4]:main():lattice-best-path.cc:99) For utterance 20030004_707, best cost 103.706 + 3723.87 = 3827.57 over 479 frames.
20030004_707 ماضی دہرانے تو آگے بڑھئی میں گناہوں میں نہ کریں 
LOG (lattice-add-penalty[5.5.907~1-cbed4]:main():lattice-add-penalty.cc:62) Done adding word insertion penalty to 108 lattices.
LOG (lattice-best-path[5.5.907~1-cbed4]:main():lattice-best-path.cc:99) For utterance 20030004_708, best cost 152.216 + 5111.84 = 5264.06 over 653 frames.
20030004_708 جنگ چھیڑنے سے پہلے پر میں نے مجھے کچھوا رسیدہ طریقہ اور مشق سمجھائیں 
LOG (lattice-best-path[5.5.907~1-cbed4]:main():lattice-best-path.cc:124) Overall cost per frame is 8.25651 = 0.240462 [graph] + 8.01605 [acoustic] over 70132 frames.
LOG (lattice-best-path[5.5.907~1-cbed4]:main():lattice-best-path.cc:128) Done 108 lattices, failed for 0
# Accounting: time=1 threads=1
# Ended (code 0) at Wed Apr 21 04:06:55 PKT 2021, elapsed time 1 seconds
