# sgmm2-acc-stats --spk-vecs=ark:exp/sgmm2_4/vecs.1 --utt2spk=ark:data/train/split1/1/utt2spk --update-flags=vNwSctu "--gselect=ark,s,cs:gunzip -c exp/sgmm2_4/gselect.1.gz|" --rand-prune=0.1 exp/sgmm2_4/13.mdl "ark,s,cs:apply-cmvn  --utt2spk=ark:data/train/split1/1/utt2spk scp:data/train/split1/1/cmvn.scp scp:data/train/split1/1/feats.scp ark:- | splice-feats  ark:- ark:- | transform-feats exp/tri3_ali/final.mat ark:- ark:- | transform-feats --utt2spk=ark:data/train/split1/1/utt2spk ark,s,cs:exp/tri3_ali/trans.1 ark:- ark:- |" "ark,s,cs:gunzip -c exp/sgmm2_4/ali.1.gz | ali-to-post ark:- ark:-|" exp/sgmm2_4/13.1.acc 
# Started at Wed Apr 21 07:26:48 PKT 2021
#
sgmm2-acc-stats --spk-vecs=ark:exp/sgmm2_4/vecs.1 --utt2spk=ark:data/train/split1/1/utt2spk --update-flags=vNwSctu '--gselect=ark,s,cs:gunzip -c exp/sgmm2_4/gselect.1.gz|' --rand-prune=0.1 exp/sgmm2_4/13.mdl 'ark,s,cs:apply-cmvn  --utt2spk=ark:data/train/split1/1/utt2spk scp:data/train/split1/1/cmvn.scp scp:data/train/split1/1/feats.scp ark:- | splice-feats  ark:- ark:- | transform-feats exp/tri3_ali/final.mat ark:- ark:- | transform-feats --utt2spk=ark:data/train/split1/1/utt2spk ark,s,cs:exp/tri3_ali/trans.1 ark:- ark:- |' 'ark,s,cs:gunzip -c exp/sgmm2_4/ali.1.gz | ali-to-post ark:- ark:-|' exp/sgmm2_4/13.1.acc 
splice-feats ark:- ark:- 
apply-cmvn --utt2spk=ark:data/train/split1/1/utt2spk scp:data/train/split1/1/cmvn.scp scp:data/train/split1/1/feats.scp ark:- 
transform-feats --utt2spk=ark:data/train/split1/1/utt2spk ark,s,cs:exp/tri3_ali/trans.1 ark:- ark:- 
transform-feats exp/tri3_ali/final.mat ark:- ark:- 
ali-to-post ark:- ark:- 
LOG (sgmm2-acc-stats[5.5.907~1-cbed4]:main():sgmm2-acc-stats.cc:194) Processed 50 utterances; for utterance 20030005_050 avg. like is -46.5891 over 693 frames.
LOG (sgmm2-acc-stats[5.5.907~1-cbed4]:main():sgmm2-acc-stats.cc:194) Processed 100 utterances; for utterance 20030005_100 avg. like is -51.1866 over 694 frames.
LOG (sgmm2-acc-stats[5.5.907~1-cbed4]:main():sgmm2-acc-stats.cc:194) Processed 150 utterances; for utterance 20030005_150 avg. like is -47.9107 over 816 frames.
LOG (sgmm2-acc-stats[5.5.907~1-cbed4]:main():sgmm2-acc-stats.cc:194) Processed 200 utterances; for utterance 20030005_200 avg. like is -43.4075 over 632 frames.
LOG (sgmm2-acc-stats[5.5.907~1-cbed4]:main():sgmm2-acc-stats.cc:194) Processed 250 utterances; for utterance 20030005_250 avg. like is -39.3814 over 1105 frames.
LOG (sgmm2-acc-stats[5.5.907~1-cbed4]:main():sgmm2-acc-stats.cc:194) Processed 300 utterances; for utterance 20030005_300 avg. like is -39.1656 over 1156 frames.
LOG (sgmm2-acc-stats[5.5.907~1-cbed4]:main():sgmm2-acc-stats.cc:194) Processed 350 utterances; for utterance 20030005_350 avg. like is -41.5735 over 817 frames.
LOG (sgmm2-acc-stats[5.5.907~1-cbed4]:main():sgmm2-acc-stats.cc:194) Processed 400 utterances; for utterance 20030005_400 avg. like is -44.4017 over 644 frames.
LOG (sgmm2-acc-stats[5.5.907~1-cbed4]:main():sgmm2-acc-stats.cc:194) Processed 450 utterances; for utterance 20030005_450 avg. like is -41.7235 over 1150 frames.
LOG (sgmm2-acc-stats[5.5.907~1-cbed4]:main():sgmm2-acc-stats.cc:194) Processed 500 utterances; for utterance 20030005_500 avg. like is -39.154 over 792 frames.
LOG (sgmm2-acc-stats[5.5.907~1-cbed4]:main():sgmm2-acc-stats.cc:194) Processed 550 utterances; for utterance 20030005_550 avg. like is -39.6863 over 1668 frames.
LOG (apply-cmvn[5.5.907~1-cbed4]:main():apply-cmvn.cc:162) Applied cepstral mean normalization to 600 utterances, errors on 0
LOG (ali-to-post[5.5.907~1-cbed4]:main():ali-to-post.cc:73) Converted 600 alignments.
LOG (transform-feats[5.5.907~1-cbed4]:main():transform-feats.cc:158) Overall average [pseudo-]logdet is -84.9433 over 586095 frames.
LOG (transform-feats[5.5.907~1-cbed4]:main():transform-feats.cc:161) Applied transform to 600 utterances; 0 had errors.
LOG (transform-feats[5.5.907~1-cbed4]:main():transform-feats.cc:158) Overall average logdet is 0.362109 over 586095 frames.
LOG (transform-feats[5.5.907~1-cbed4]:main():transform-feats.cc:161) Applied transform to 600 utterances; 0 had errors.
LOG (sgmm2-acc-stats[5.5.907~1-cbed4]:main():sgmm2-acc-stats.cc:194) Processed 600 utterances; for utterance 20030005_600 avg. like is -38.326 over 1617 frames.
LOG (sgmm2-acc-stats[5.5.907~1-cbed4]:main():sgmm2-acc-stats.cc:203) Overall like per frame (Gaussian only) = -42.1208 over 586095 frames.
LOG (sgmm2-acc-stats[5.5.907~1-cbed4]:main():sgmm2-acc-stats.cc:206) Done 600 files, 0 with errors.
LOG (sgmm2-acc-stats[5.5.907~1-cbed4]:main():sgmm2-acc-stats.cc:215) Written accs.
# Accounting: time=36 threads=1
# Ended (code 0) at Wed Apr 21 07:27:24 PKT 2021, elapsed time 36 seconds
