# sgmm2-est --update-flags=vMwSctu --split-substates=8995 --power=0.25 --write-occs=exp/sgmm2_4/21.occs exp/sgmm2_4/20.mdl "sgmm2-sum-accs - exp/sgmm2_4/20.*.acc|" exp/sgmm2_4/21.mdl 
# Started at Wed Apr 21 07:35:42 PKT 2021
#
sgmm2-est --update-flags=vMwSctu --split-substates=8995 --power=0.25 --write-occs=exp/sgmm2_4/21.occs exp/sgmm2_4/20.mdl 'sgmm2-sum-accs - exp/sgmm2_4/20.*.acc|' exp/sgmm2_4/21.mdl 
sgmm2-sum-accs - exp/sgmm2_4/20.1.acc 
LOG (sgmm2-sum-accs[5.5.907~1-cbed4]:main():sgmm2-sum-accs.cc:87) Written stats to -
LOG (sgmm2-est[5.5.907~1-cbed4]:MleUpdate():transition-model.cc:528) TransitionModel::Update, objf change is 0 per frame over 586095 frames. 
LOG (sgmm2-est[5.5.907~1-cbed4]:MleUpdate():transition-model.cc:531) 129 probabilities floored, 12309 out of 19428 transition-states skipped due to insuffient data (it is normal to have some skipped.)
LOG (sgmm2-est[5.5.907~1-cbed4]:main():sgmm2-est.cc:109) Transition model update: Overall 0 log-like improvement per frame over 586095 frames.
LOG (sgmm2-est[5.5.907~1-cbed4]:Check():estimate-am-sgmm2.cc:216) Sgmm2PdfModel: J1 = 1400, J2 = 5647, D = 40, S = 41, T = 40, I = 400
LOG (sgmm2-est[5.5.907~1-cbed4]:Check():estimate-am-sgmm2.cc:362) Subspace GMM model properties: Y: yes, nonzero. Z, R: no.  S: yes, nonzero. y: yes, nonzero. a: yes.  a: yes, nonzero. gamma: yes.  gamma: yes, nonzero. gamma_c: yes, nonzero. t: yes, nonzero. t: yes, nonzero. 
WARNING (sgmm2-est[5.5.907~1-cbed4]:ComputeLogA():estimate-am-sgmm2.cc:834) 1 sub-states with zero "a" (and presumably gamma) stats.
LOG (sgmm2-est[5.5.907~1-cbed4]:UpdatePhoneVectors():estimate-am-sgmm2.cc:788) Updating phone vectors
LOG (sgmm2-est[5.5.907~1-cbed4]:UpdatePhoneVectorsInternal():estimate-am-sgmm2.cc:934) Auxf impr for j = 0 m = 0 is 0.00419824 per frame over 1046.17 frames.
LOG (sgmm2-est[5.5.907~1-cbed4]:UpdatePhoneVectorsInternal():estimate-am-sgmm2.cc:934) Auxf impr for j = 0 m = 1 is 0.00470017 per frame over 1498.79 frames.
LOG (sgmm2-est[5.5.907~1-cbed4]:UpdatePhoneVectorsInternal():estimate-am-sgmm2.cc:934) Auxf impr for j = 0 m = 2 is 0.00168111 per frame over 1589.29 frames.
LOG (sgmm2-est[5.5.907~1-cbed4]:SolveQuadraticProblem<double>():sp-matrix.cc:686) Solving quadratic problem for v: floored 3 eigenvalues. 
WARNING (sgmm2-est[5.5.907~1-cbed4]:SolveQuadraticProblem<double>():sp-matrix.cc:643) Zero quadratic term in quadratic vector problem for v: leaving it unchanged.
LOG (sgmm2-est[5.5.907~1-cbed4]:UpdatePhoneVectorsInternal():estimate-am-sgmm2.cc:934) Auxf impr for j = 1 m = 0 is -nan per frame over 0 frames.
LOG (sgmm2-est[5.5.907~1-cbed4]:UpdatePhoneVectorsInternal():estimate-am-sgmm2.cc:934) Auxf impr for j = 2 m = 0 is 0.00388016 per frame over 21.9412 frames.
LOG (sgmm2-est[5.5.907~1-cbed4]:UpdatePhoneVectorsInternal():estimate-am-sgmm2.cc:934) Auxf impr for j = 2 m = 1 is 0.00155856 per frame over 50.3371 frames.
LOG (sgmm2-est[5.5.907~1-cbed4]:UpdatePhoneVectorsInternal():estimate-am-sgmm2.cc:934) Auxf impr for j = 2 m = 2 is 0.00212469 per frame over 102.5 frames.
LOG (sgmm2-est[5.5.907~1-cbed4]:SolveQuadraticProblem<double>():sp-matrix.cc:686) Solving quadratic problem for v: floored 3 eigenvalues. 
LOG (sgmm2-est[5.5.907~1-cbed4]:SolveQuadraticProblem<double>():sp-matrix.cc:686) Solving quadratic problem for v: floored 1 eigenvalues. 
LOG (sgmm2-est[5.5.907~1-cbed4]:SolveQuadraticProblem<double>():sp-matrix.cc:686) Solving quadratic problem for v: floored 2 eigenvalues. 
LOG (sgmm2-est[5.5.907~1-cbed4]:SolveQuadraticProblem<double>():sp-matrix.cc:686) Solving quadratic problem for v: floored 2 eigenvalues. 
LOG (sgmm2-est[5.5.907~1-cbed4]:SolveQuadraticProblem<double>():sp-matrix.cc:686) Solving quadratic problem for v: floored 2 eigenvalues. 
LOG (sgmm2-est[5.5.907~1-cbed4]:SolveQuadraticProblem<double>():sp-matrix.cc:686) Solving quadratic problem for v: floored 1 eigenvalues. 
LOG (sgmm2-est[5.5.907~1-cbed4]:SolveQuadraticProblem<double>():sp-matrix.cc:686) Solving quadratic problem for v: floored 2 eigenvalues. 
LOG (sgmm2-est[5.5.907~1-cbed4]:SolveQuadraticProblem<double>():sp-matrix.cc:686) Solving quadratic problem for v: floored 2 eigenvalues. 
LOG (sgmm2-est[5.5.907~1-cbed4]:SolveQuadraticProblem<double>():sp-matrix.cc:686) Solving quadratic problem for v: floored 1 eigenvalues. 
LOG (sgmm2-est[5.5.907~1-cbed4]:SolveQuadraticProblem<double>():sp-matrix.cc:686) Solving quadratic problem for v: floored 1 eigenvalues. 
LOG (sgmm2-est[5.5.907~1-cbed4]:SolveQuadraticProblem<double>():sp-matrix.cc:686) Solving quadratic problem for v: floored 1 eigenvalues. 
LOG (sgmm2-est[5.5.907~1-cbed4]:UpdatePhoneVectors():estimate-am-sgmm2.cc:800) **Overall auxf impr for v is 0.00842374 over 586021 frames
LOG (sgmm2-est[5.5.907~1-cbed4]:SolveQuadraticMatrixProblem():sp-matrix.cc:786) Solving matrix problem for M: floored 2 eigenvalues. 
LOG (sgmm2-est[5.5.907~1-cbed4]:SolveQuadraticMatrixProblem():sp-matrix.cc:786) Solving matrix problem for M: floored 6 eigenvalues. 
LOG (sgmm2-est[5.5.907~1-cbed4]:SolveQuadraticMatrixProblem():sp-matrix.cc:786) Solving matrix problem for M: floored 2 eigenvalues. 
LOG (sgmm2-est[5.5.907~1-cbed4]:SolveQuadraticMatrixProblem():sp-matrix.cc:786) Solving matrix problem for M: floored 6 eigenvalues. 
LOG (sgmm2-est[5.5.907~1-cbed4]:SolveQuadraticMatrixProblem():sp-matrix.cc:786) Solving matrix problem for M: floored 1 eigenvalues. 
LOG (sgmm2-est[5.5.907~1-cbed4]:SolveQuadraticMatrixProblem():sp-matrix.cc:786) Solving matrix problem for M: floored 6 eigenvalues. 
LOG (sgmm2-est[5.5.907~1-cbed4]:SolveQuadraticMatrixProblem():sp-matrix.cc:786) Solving matrix problem for M: floored 1 eigenvalues. 
LOG (sgmm2-est[5.5.907~1-cbed4]:UpdateM():estimate-am-sgmm2.cc:1074) Overall objective function improvement for model projections M is 0.036068 over 586021 frames
LOG (sgmm2-est[5.5.907~1-cbed4]:UpdateW():estimate-am-sgmm2.cc:1325) Updating weight projections
LOG (sgmm2-est[5.5.907~1-cbed4]:UpdateW():estimate-am-sgmm2.cc:1379) Predicted objf impr for w, iter = 0, i = 0 is 0.000659553 per frame over 942.846 frames.
LOG (sgmm2-est[5.5.907~1-cbed4]:UpdateW():estimate-am-sgmm2.cc:1379) Predicted objf impr for w, iter = 0, i = 1 is 0.000205457 per frame over 1099.5 frames.
LOG (sgmm2-est[5.5.907~1-cbed4]:UpdateW():estimate-am-sgmm2.cc:1379) Predicted objf impr for w, iter = 0, i = 2 is 0.000209871 per frame over 3436.34 frames.
LOG (sgmm2-est[5.5.907~1-cbed4]:UpdateW():estimate-am-sgmm2.cc:1379) Predicted objf impr for w, iter = 0, i = 3 is 0.000296414 per frame over 3707.51 frames.
LOG (sgmm2-est[5.5.907~1-cbed4]:UpdateW():estimate-am-sgmm2.cc:1379) Predicted objf impr for w, iter = 0, i = 4 is 0.00154424 per frame over 1421.45 frames.
LOG (sgmm2-est[5.5.907~1-cbed4]:UpdateW():estimate-am-sgmm2.cc:1379) Predicted objf impr for w, iter = 0, i = 5 is 0.000255475 per frame over 1094.69 frames.
LOG (sgmm2-est[5.5.907~1-cbed4]:UpdateW():estimate-am-sgmm2.cc:1379) Predicted objf impr for w, iter = 0, i = 6 is 0.000306726 per frame over 1617.96 frames.
LOG (sgmm2-est[5.5.907~1-cbed4]:UpdateW():estimate-am-sgmm2.cc:1379) Predicted objf impr for w, iter = 0, i = 7 is 0.000458875 per frame over 1921.25 frames.
LOG (sgmm2-est[5.5.907~1-cbed4]:UpdateW():estimate-am-sgmm2.cc:1379) Predicted objf impr for w, iter = 0, i = 8 is 0.000427201 per frame over 1179.52 frames.
LOG (sgmm2-est[5.5.907~1-cbed4]:UpdateW():estimate-am-sgmm2.cc:1379) Predicted objf impr for w, iter = 0, i = 9 is 0.000186678 per frame over 3317.94 frames.
LOG (sgmm2-est[5.5.907~1-cbed4]:UpdateW():estimate-am-sgmm2.cc:1379) Predicted objf impr for w, iter = 1, i = 0 is 6.91753e-05 per frame over 942.846 frames.
LOG (sgmm2-est[5.5.907~1-cbed4]:UpdateW():estimate-am-sgmm2.cc:1379) Predicted objf impr for w, iter = 1, i = 1 is 1.8427e-05 per frame over 1099.5 frames.
LOG (sgmm2-est[5.5.907~1-cbed4]:UpdateW():estimate-am-sgmm2.cc:1379) Predicted objf impr for w, iter = 1, i = 2 is 3.23552e-05 per frame over 3436.34 frames.
LOG (sgmm2-est[5.5.907~1-cbed4]:UpdateW():estimate-am-sgmm2.cc:1379) Predicted objf impr for w, iter = 1, i = 3 is 3.1417e-05 per frame over 3707.51 frames.
LOG (sgmm2-est[5.5.907~1-cbed4]:UpdateW():estimate-am-sgmm2.cc:1379) Predicted objf impr for w, iter = 1, i = 4 is 0.00013273 per frame over 1421.45 frames.
LOG (sgmm2-est[5.5.907~1-cbed4]:UpdateW():estimate-am-sgmm2.cc:1379) Predicted objf impr for w, iter = 1, i = 5 is 1.79029e-05 per frame over 1094.69 frames.
LOG (sgmm2-est[5.5.907~1-cbed4]:UpdateW():estimate-am-sgmm2.cc:1379) Predicted objf impr for w, iter = 1, i = 6 is 1.35981e-05 per frame over 1617.96 frames.
LOG (sgmm2-est[5.5.907~1-cbed4]:UpdateW():estimate-am-sgmm2.cc:1379) Predicted objf impr for w, iter = 1, i = 7 is 0.000102681 per frame over 1921.25 frames.
LOG (sgmm2-est[5.5.907~1-cbed4]:UpdateW():estimate-am-sgmm2.cc:1379) Predicted objf impr for w, iter = 1, i = 8 is 1.72393e-05 per frame over 1179.52 frames.
LOG (sgmm2-est[5.5.907~1-cbed4]:UpdateW():estimate-am-sgmm2.cc:1379) Predicted objf impr for w, iter = 1, i = 9 is 4.19303e-05 per frame over 3317.94 frames.
LOG (sgmm2-est[5.5.907~1-cbed4]:UpdateW():estimate-am-sgmm2.cc:1379) Predicted objf impr for w, iter = 2, i = 0 is 4.35608e-05 per frame over 942.846 frames.
LOG (sgmm2-est[5.5.907~1-cbed4]:UpdateW():estimate-am-sgmm2.cc:1379) Predicted objf impr for w, iter = 2, i = 1 is 1.17671e-05 per frame over 1099.5 frames.
LOG (sgmm2-est[5.5.907~1-cbed4]:UpdateW():estimate-am-sgmm2.cc:1379) Predicted objf impr for w, iter = 2, i = 2 is 2.80674e-05 per frame over 3436.34 frames.
LOG (sgmm2-est[5.5.907~1-cbed4]:UpdateW():estimate-am-sgmm2.cc:1379) Predicted objf impr for w, iter = 2, i = 3 is 2.47629e-05 per frame over 3707.51 frames.
LOG (sgmm2-est[5.5.907~1-cbed4]:UpdateW():estimate-am-sgmm2.cc:1379) Predicted objf impr for w, iter = 2, i = 4 is 7.52934e-05 per frame over 1421.45 frames.
LOG (sgmm2-est[5.5.907~1-cbed4]:UpdateW():estimate-am-sgmm2.cc:1379) Predicted objf impr for w, iter = 2, i = 5 is 1.38138e-05 per frame over 1094.69 frames.
LOG (sgmm2-est[5.5.907~1-cbed4]:UpdateW():estimate-am-sgmm2.cc:1379) Predicted objf impr for w, iter = 2, i = 6 is 8.66528e-06 per frame over 1617.96 frames.
LOG (sgmm2-est[5.5.907~1-cbed4]:UpdateW():estimate-am-sgmm2.cc:1379) Predicted objf impr for w, iter = 2, i = 7 is 7.19456e-05 per frame over 1921.25 frames.
LOG (sgmm2-est[5.5.907~1-cbed4]:UpdateW():estimate-am-sgmm2.cc:1379) Predicted objf impr for w, iter = 2, i = 8 is 1.23018e-05 per frame over 1179.52 frames.
LOG (sgmm2-est[5.5.907~1-cbed4]:UpdateW():estimate-am-sgmm2.cc:1379) Predicted objf impr for w, iter = 2, i = 9 is 2.87831e-05 per frame over 3317.94 frames.
LOG (sgmm2-est[5.5.907~1-cbed4]:UpdateW():estimate-am-sgmm2.cc:1433) **Overall objf impr for w is 0.00032081, actual 0.000486338, over 586021 frames
WARNING (sgmm2-est[5.5.907~1-cbed4]:UpdateVars():estimate-am-sgmm2.cc:1649) For Gaussian component 4: Floored 1 covariance eigenvalues.
WARNING (sgmm2-est[5.5.907~1-cbed4]:UpdateVars():estimate-am-sgmm2.cc:1649) For Gaussian component 14: Floored 1 covariance eigenvalues.
WARNING (sgmm2-est[5.5.907~1-cbed4]:UpdateVars():estimate-am-sgmm2.cc:1649) For Gaussian component 15: Floored 1 covariance eigenvalues.
WARNING (sgmm2-est[5.5.907~1-cbed4]:UpdateVars():estimate-am-sgmm2.cc:1649) For Gaussian component 19: Floored 1 covariance eigenvalues.
WARNING (sgmm2-est[5.5.907~1-cbed4]:UpdateVars():estimate-am-sgmm2.cc:1649) For Gaussian component 20: Floored 1 covariance eigenvalues.
WARNING (sgmm2-est[5.5.907~1-cbed4]:UpdateVars():estimate-am-sgmm2.cc:1649) For Gaussian component 24: Floored 1 covariance eigenvalues.
WARNING (sgmm2-est[5.5.907~1-cbed4]:UpdateVars():estimate-am-sgmm2.cc:1649) For Gaussian component 36: Floored 1 covariance eigenvalues.
WARNING (sgmm2-est[5.5.907~1-cbed4]:UpdateVars():estimate-am-sgmm2.cc:1649) For Gaussian component 108: Floored 1 covariance eigenvalues.
WARNING (sgmm2-est[5.5.907~1-cbed4]:UpdateVars():estimate-am-sgmm2.cc:1649) For Gaussian component 109: Floored 1 covariance eigenvalues.
WARNING (sgmm2-est[5.5.907~1-cbed4]:UpdateVars():estimate-am-sgmm2.cc:1649) For Gaussian component 231: Floored 1 covariance eigenvalues.
WARNING (sgmm2-est[5.5.907~1-cbed4]:UpdateVars():estimate-am-sgmm2.cc:1649) For Gaussian component 233: Floored 1 covariance eigenvalues.
WARNING (sgmm2-est[5.5.907~1-cbed4]:UpdateVars():estimate-am-sgmm2.cc:1649) For Gaussian component 234: Floored 1 covariance eigenvalues.
WARNING (sgmm2-est[5.5.907~1-cbed4]:UpdateVars():estimate-am-sgmm2.cc:1649) For Gaussian component 264: Floored 1 covariance eigenvalues.
WARNING (sgmm2-est[5.5.907~1-cbed4]:UpdateVars():estimate-am-sgmm2.cc:1649) For Gaussian component 290: Floored 1 covariance eigenvalues.
LOG (sgmm2-est[5.5.907~1-cbed4]:UpdateVars():estimate-am-sgmm2.cc:1675) **Overall objf impr for variance update = 0.0055125 over 586021 frames
LOG (sgmm2-est[5.5.907~1-cbed4]:UpdateSubstateWeights():estimate-am-sgmm2.cc:1684) Updating substate mixture weights
LOG (sgmm2-est[5.5.907~1-cbed4]:UpdateSubstateWeights():estimate-am-sgmm2.cc:1707) **Overall objf impr for c is 0.000219616, over 586021 frames.
LOG (sgmm2-est[5.5.907~1-cbed4]:SolveQuadraticProblem<double>():sp-matrix.cc:686) Solving quadratic problem for u: floored 39 eigenvalues. 
LOG (sgmm2-est[5.5.907~1-cbed4]:UpdateU():estimate-am-sgmm2.cc:1473) Objf impr for spk weight-projection u for i = 0, is 0.000296155 over 942.846 frames
LOG (sgmm2-est[5.5.907~1-cbed4]:SolveQuadraticProblem<double>():sp-matrix.cc:686) Solving quadratic problem for u: floored 39 eigenvalues. 
LOG (sgmm2-est[5.5.907~1-cbed4]:UpdateU():estimate-am-sgmm2.cc:1473) Objf impr for spk weight-projection u for i = 1, is 0.000129359 over 1099.5 frames
LOG (sgmm2-est[5.5.907~1-cbed4]:SolveQuadraticProblem<double>():sp-matrix.cc:686) Solving quadratic problem for u: floored 39 eigenvalues. 
LOG (sgmm2-est[5.5.907~1-cbed4]:UpdateU():estimate-am-sgmm2.cc:1473) Objf impr for spk weight-projection u for i = 2, is 1.77958e-05 over 3436.34 frames
LOG (sgmm2-est[5.5.907~1-cbed4]:SolveQuadraticProblem<double>():sp-matrix.cc:686) Solving quadratic problem for u: floored 39 eigenvalues. 
LOG (sgmm2-est[5.5.907~1-cbed4]:UpdateU():estimate-am-sgmm2.cc:1473) Objf impr for spk weight-projection u for i = 3, is 8.45403e-05 over 3707.51 frames
LOG (sgmm2-est[5.5.907~1-cbed4]:SolveQuadraticProblem<double>():sp-matrix.cc:686) Solving quadratic problem for u: floored 39 eigenvalues. 
LOG (sgmm2-est[5.5.907~1-cbed4]:UpdateU():estimate-am-sgmm2.cc:1473) Objf impr for spk weight-projection u for i = 4, is 0.000478746 over 1421.45 frames
LOG (sgmm2-est[5.5.907~1-cbed4]:SolveQuadraticProblem<double>():sp-matrix.cc:686) Solving quadratic problem for u: floored 39 eigenvalues. 
LOG (sgmm2-est[5.5.907~1-cbed4]:UpdateU():estimate-am-sgmm2.cc:1473) Objf impr for spk weight-projection u for i = 5, is 1.47347e-05 over 1094.69 frames
LOG (sgmm2-est[5.5.907~1-cbed4]:SolveQuadraticProblem<double>():sp-matrix.cc:686) Solving quadratic problem for u: floored 39 eigenvalues. 
LOG (sgmm2-est[5.5.907~1-cbed4]:UpdateU():estimate-am-sgmm2.cc:1473) Objf impr for spk weight-projection u for i = 6, is 7.67203e-05 over 1617.96 frames
LOG (sgmm2-est[5.5.907~1-cbed4]:SolveQuadraticProblem<double>():sp-matrix.cc:686) Solving quadratic problem for u: floored 39 eigenvalues. 
LOG (sgmm2-est[5.5.907~1-cbed4]:UpdateU():estimate-am-sgmm2.cc:1473) Objf impr for spk weight-projection u for i = 7, is 2.15728e-06 over 1921.25 frames
LOG (sgmm2-est[5.5.907~1-cbed4]:SolveQuadraticProblem<double>():sp-matrix.cc:686) Solving quadratic problem for u: floored 39 eigenvalues. 
LOG (sgmm2-est[5.5.907~1-cbed4]:UpdateU():estimate-am-sgmm2.cc:1473) Objf impr for spk weight-projection u for i = 8, is 5.48298e-05 over 1179.52 frames
LOG (sgmm2-est[5.5.907~1-cbed4]:SolveQuadraticProblem<double>():sp-matrix.cc:686) Solving quadratic problem for u: floored 39 eigenvalues. 
LOG (sgmm2-est[5.5.907~1-cbed4]:UpdateU():estimate-am-sgmm2.cc:1473) Objf impr for spk weight-projection u for i = 9, is 1.90714e-05 over 3317.94 frames
LOG (sgmm2-est[5.5.907~1-cbed4]:SolveQuadraticProblem<double>():sp-matrix.cc:686) Solving quadratic problem for u: floored 39 eigenvalues. 
LOG (sgmm2-est[5.5.907~1-cbed4]:SolveQuadraticProblem<double>():sp-matrix.cc:686) Solving quadratic problem for u: floored 39 eigenvalues. 
LOG (sgmm2-est[5.5.907~1-cbed4]:SolveQuadraticProblem<double>():sp-matrix.cc:686) Solving quadratic problem for u: floored 39 eigenvalues. 
LOG (sgmm2-est[5.5.907~1-cbed4]:SolveQuadraticProblem<double>():sp-matrix.cc:686) Solving quadratic problem for u: floored 39 eigenvalues. 
LOG (sgmm2-est[5.5.907~1-cbed4]:SolveQuadraticProblem<double>():sp-matrix.cc:686) Solving quadratic problem for u: floored 39 eigenvalues. 
LOG (sgmm2-est[5.5.907~1-cbed4]:SolveQuadraticProblem<double>():sp-matrix.cc:686) Solving quadratic problem for u: floored 39 eigenvalues. 
LOG (sgmm2-est[5.5.907~1-cbed4]:SolveQuadraticProblem<double>():sp-matrix.cc:686) Solving quadratic problem for u: floored 39 eigenvalues. 
LOG (sgmm2-est[5.5.907~1-cbed4]:SolveQuadraticProblem<double>():sp-matrix.cc:686) Solving quadratic problem for u: floored 39 eigenvalues. 
LOG (sgmm2-est[5.5.907~1-cbed4]:SolveQuadraticProblem<double>():sp-matrix.cc:686) Solving quadratic problem for u: floored 39 eigenvalues. 
LOG (sgmm2-est[5.5.907~1-cbed4]:SolveQuadraticProblem<double>():sp-matrix.cc:686) Solving quadratic problem for u: floored 39 eigenvalues. 
LOG (sgmm2-est[5.5.907~1-cbed4]:SolveQuadraticProblem<double>():sp-matrix.cc:686) Solving quadratic problem for u: floored 39 eigenvalues. 
LOG (sgmm2-est[5.5.907~1-cbed4]:SolveQuadraticProblem<double>():sp-matrix.cc:686) Solving quadratic problem for u: floored 39 eigenvalues. 
LOG (sgmm2-est[5.5.907~1-cbed4]:SolveQuadraticProblem<double>():sp-matrix.cc:686) Solving quadratic problem for u: floored 39 eigenvalues. 
LOG (sgmm2-est[5.5.907~1-cbed4]:SolveQuadraticProblem<double>():sp-matrix.cc:686) Solving quadratic problem for u: floored 39 eigenvalues. 
LOG (sgmm2-est[5.5.907~1-cbed4]:SolveQuadraticProblem<double>():sp-matrix.cc:686) Solving quadratic problem for u: floored 39 eigenvalues. 
LOG (sgmm2-est[5.5.907~1-cbed4]:SolveQuadraticProblem<double>():sp-matrix.cc:686) Solving quadratic problem for u: floored 39 eigenvalues. 
LOG (sgmm2-est[5.5.907~1-cbed4]:SolveQuadraticProblem<double>():sp-matrix.cc:686) Solving quadratic problem for u: floored 39 eigenvalues. 
LOG (sgmm2-est[5.5.907~1-cbed4]:SolveQuadraticProblem<double>():sp-matrix.cc:686) Solving quadratic problem for u: floored 39 eigenvalues. 
LOG (sgmm2-est[5.5.907~1-cbed4]:SolveQuadraticProblem<double>():sp-matrix.cc:686) Solving quadratic problem for u: floored 39 eigenvalues. 
LOG (sgmm2-est[5.5.907~1-cbed4]:SolveQuadraticProblem<double>():sp-matrix.cc:686) Solving quadratic problem for u: floored 39 eigenvalues. 
LOG (sgmm2-est[5.5.907~1-cbed4]:SolveQuadraticProblem<double>():sp-matrix.cc:686) Solving quadratic problem for u: floored 39 eigenvalues. 
LOG (sgmm2-est[5.5.907~1-cbed4]:SolveQuadraticProblem<double>():sp-matrix.cc:686) Solving quadratic problem for u: floored 39 eigenvalues. 
LOG (sgmm2-est[5.5.907~1-cbed4]:SolveQuadraticProblem<double>():sp-matrix.cc:686) Solving quadratic problem for u: floored 39 eigenvalues. 
LOG (sgmm2-est[5.5.907~1-cbed4]:SolveQuadraticProblem<double>():sp-matrix.cc:686) Solving quadratic problem for u: floored 39 eigenvalues. 
LOG (sgmm2-est[5.5.907~1-cbed4]:SolveQuadraticProblem<double>():sp-matrix.cc:686) Solving quadratic problem for u: floored 39 eigenvalues. 
LOG (sgmm2-est[5.5.907~1-cbed4]:SolveQuadraticProblem<double>():sp-matrix.cc:686) Solving quadratic problem for u: floored 39 eigenvalues. 
LOG (sgmm2-est[5.5.907~1-cbed4]:SolveQuadraticProblem<double>():sp-matrix.cc:686) Solving quadratic problem for u: floored 39 eigenvalues. 
LOG (sgmm2-est[5.5.907~1-cbed4]:SolveQuadraticProblem<double>():sp-matrix.cc:686) Solving quadratic problem for u: floored 39 eigenvalues. 
LOG (sgmm2-est[5.5.907~1-cbed4]:SolveQuadraticProblem<double>():sp-matrix.cc:686) Solving quadratic problem for u: floored 39 eigenvalues. 
LOG (sgmm2-est[5.5.907~1-cbed4]:SolveQuadraticProblem<double>():sp-matrix.cc:686) Solving quadratic problem for u: floored 39 eigenvalues. 
LOG (sgmm2-est[5.5.907~1-cbed4]:SolveQuadraticProblem<double>():sp-matrix.cc:686) Solving quadratic problem for u: floored 39 eigenvalues. 
LOG (sgmm2-est[5.5.907~1-cbed4]:SolveQuadraticProblem<double>():sp-matrix.cc:686) Solving quadratic problem for u: floored 39 eigenvalues. 
LOG (sgmm2-est[5.5.907~1-cbed4]:SolveQuadraticProblem<double>():sp-matrix.cc:686) Solving quadratic problem for u: floored 39 eigenvalues. 
LOG (sgmm2-est[5.5.907~1-cbed4]:SolveQuadraticProblem<double>():sp-matrix.cc:686) Solving quadratic problem for u: floored 39 eigenvalues. 
LOG (sgmm2-est[5.5.907~1-cbed4]:SolveQuadraticProblem<double>():sp-matrix.cc:686) Solving quadratic problem for u: floored 39 eigenvalues. 
LOG (sgmm2-est[5.5.907~1-cbed4]:SolveQuadraticProblem<double>():sp-matrix.cc:686) Solving quadratic problem for u: floored 39 eigenvalues. 
LOG (sgmm2-est[5.5.907~1-cbed4]:SolveQuadraticProblem<double>():sp-matrix.cc:686) Solving quadratic problem for u: floored 39 eigenvalues. 
LOG (sgmm2-est[5.5.907~1-cbed4]:SolveQuadraticProblem<double>():sp-matrix.cc:686) Solving quadratic problem for u: floored 39 eigenvalues. 
LOG (sgmm2-est[5.5.907~1-cbed4]:SolveQuadraticProblem<double>():sp-matrix.cc:686) Solving quadratic problem for u: floored 39 eigenvalues. 
LOG (sgmm2-est[5.5.907~1-cbed4]:SolveQuadraticProblem<double>():sp-matrix.cc:686) Solving quadratic problem for u: floored 39 eigenvalues. 
LOG (sgmm2-est[5.5.907~1-cbed4]:SolveQuadraticProblem<double>():sp-matrix.cc:686) Solving quadratic problem for u: floored 39 eigenvalues. 
LOG (sgmm2-est[5.5.907~1-cbed4]:SolveQuadraticProblem<double>():sp-matrix.cc:686) Solving quadratic problem for u: floored 39 eigenvalues. 
LOG (sgmm2-est[5.5.907~1-cbed4]:SolveQuadraticProblem<double>():sp-matrix.cc:686) Solving quadratic problem for u: floored 39 eigenvalues. 
LOG (sgmm2-est[5.5.907~1-cbed4]:SolveQuadraticProblem<double>():sp-matrix.cc:686) Solving quadratic problem for u: floored 39 eigenvalues. 
LOG (sgmm2-est[5.5.907~1-cbed4]:SolveQuadraticProblem<double>():sp-matrix.cc:686) Solving quadratic problem for u: floored 39 eigenvalues. 
LOG (sgmm2-est[5.5.907~1-cbed4]:SolveQuadraticProblem<double>():sp-matrix.cc:686) Solving quadratic problem for u: floored 39 eigenvalues. 
LOG (sgmm2-est[5.5.907~1-cbed4]:SolveQuadraticProblem<double>():sp-matrix.cc:686) Solving quadratic problem for u: floored 39 eigenvalues. 
LOG (sgmm2-est[5.5.907~1-cbed4]:SolveQuadraticProblem<double>():sp-matrix.cc:686) Solving quadratic problem for u: floored 39 eigenvalues. 
LOG (sgmm2-est[5.5.907~1-cbed4]:SolveQuadraticProblem<double>():sp-matrix.cc:686) Solving quadratic problem for u: floored 39 eigenvalues. 
LOG (sgmm2-est[5.5.907~1-cbed4]:SolveQuadraticProblem<double>():sp-matrix.cc:686) Solving quadratic problem for u: floored 39 eigenvalues. 
LOG (sgmm2-est[5.5.907~1-cbed4]:SolveQuadraticProblem<double>():sp-matrix.cc:686) Solving quadratic problem for u: floored 39 eigenvalues. 
LOG (sgmm2-est[5.5.907~1-cbed4]:SolveQuadraticProblem<double>():sp-matrix.cc:686) Solving quadratic problem for u: floored 39 eigenvalues. 
LOG (sgmm2-est[5.5.907~1-cbed4]:SolveQuadraticProblem<double>():sp-matrix.cc:686) Solving quadratic problem for u: floored 39 eigenvalues. 
LOG (sgmm2-est[5.5.907~1-cbed4]:SolveQuadraticProblem<double>():sp-matrix.cc:686) Solving quadratic problem for u: floored 39 eigenvalues. 
LOG (sgmm2-est[5.5.907~1-cbed4]:SolveQuadraticProblem<double>():sp-matrix.cc:686) Solving quadratic problem for u: floored 39 eigenvalues. 
LOG (sgmm2-est[5.5.907~1-cbed4]:SolveQuadraticProblem<double>():sp-matrix.cc:686) Solving quadratic problem for u: floored 39 eigenvalues. 
LOG (sgmm2-est[5.5.907~1-cbed4]:SolveQuadraticProblem<double>():sp-matrix.cc:686) Solving quadratic problem for u: floored 39 eigenvalues. 
LOG (sgmm2-est[5.5.907~1-cbed4]:SolveQuadraticProblem<double>():sp-matrix.cc:686) Solving quadratic problem for u: floored 39 eigenvalues. 
LOG (sgmm2-est[5.5.907~1-cbed4]:SolveQuadraticProblem<double>():sp-matrix.cc:686) Solving quadratic problem for u: floored 39 eigenvalues. 
LOG (sgmm2-est[5.5.907~1-cbed4]:SolveQuadraticProblem<double>():sp-matrix.cc:686) Solving quadratic problem for u: floored 39 eigenvalues. 
LOG (sgmm2-est[5.5.907~1-cbed4]:SolveQuadraticProblem<double>():sp-matrix.cc:686) Solving quadratic problem for u: floored 39 eigenvalues. 
LOG (sgmm2-est[5.5.907~1-cbed4]:SolveQuadraticProblem<double>():sp-matrix.cc:686) Solving quadratic problem for u: floored 39 eigenvalues. 
LOG (sgmm2-est[5.5.907~1-cbed4]:SolveQuadraticProblem<double>():sp-matrix.cc:686) Solving quadratic problem for u: floored 39 eigenvalues. 
LOG (sgmm2-est[5.5.907~1-cbed4]:SolveQuadraticProblem<double>():sp-matrix.cc:686) Solving quadratic problem for u: floored 39 eigenvalues. 
LOG (sgmm2-est[5.5.907~1-cbed4]:SolveQuadraticProblem<double>():sp-matrix.cc:686) Solving quadratic problem for u: floored 39 eigenvalues. 
LOG (sgmm2-est[5.5.907~1-cbed4]:SolveQuadraticProblem<double>():sp-matrix.cc:686) Solving quadratic problem for u: floored 39 eigenvalues. 
LOG (sgmm2-est[5.5.907~1-cbed4]:SolveQuadraticProblem<double>():sp-matrix.cc:686) Solving quadratic problem for u: floored 39 eigenvalues. 
LOG (sgmm2-est[5.5.907~1-cbed4]:SolveQuadraticProblem<double>():sp-matrix.cc:686) Solving quadratic problem for u: floored 39 eigenvalues. 
LOG (sgmm2-est[5.5.907~1-cbed4]:SolveQuadraticProblem<double>():sp-matrix.cc:686) Solving quadratic problem for u: floored 39 eigenvalues. 
LOG (sgmm2-est[5.5.907~1-cbed4]:SolveQuadraticProblem<double>():sp-matrix.cc:686) Solving quadratic problem for u: floored 39 eigenvalues. 
LOG (sgmm2-est[5.5.907~1-cbed4]:SolveQuadraticProblem<double>():sp-matrix.cc:686) Solving quadratic problem for u: floored 39 eigenvalues. 
LOG (sgmm2-est[5.5.907~1-cbed4]:SolveQuadraticProblem<double>():sp-matrix.cc:686) Solving quadratic problem for u: floored 39 eigenvalues. 
LOG (sgmm2-est[5.5.907~1-cbed4]:SolveQuadraticProblem<double>():sp-matrix.cc:686) Solving quadratic problem for u: floored 39 eigenvalues. 
LOG (sgmm2-est[5.5.907~1-cbed4]:SolveQuadraticProblem<double>():sp-matrix.cc:686) Solving quadratic problem for u: floored 39 eigenvalues. 
LOG (sgmm2-est[5.5.907~1-cbed4]:SolveQuadraticProblem<double>():sp-matrix.cc:686) Solving quadratic problem for u: floored 39 eigenvalues. 
LOG (sgmm2-est[5.5.907~1-cbed4]:SolveQuadraticProblem<double>():sp-matrix.cc:686) Solving quadratic problem for u: floored 39 eigenvalues. 
LOG (sgmm2-est[5.5.907~1-cbed4]:SolveQuadraticProblem<double>():sp-matrix.cc:686) Solving quadratic problem for u: floored 39 eigenvalues. 
LOG (sgmm2-est[5.5.907~1-cbed4]:SolveQuadraticProblem<double>():sp-matrix.cc:686) Solving quadratic problem for u: floored 39 eigenvalues. 
LOG (sgmm2-est[5.5.907~1-cbed4]:SolveQuadraticProblem<double>():sp-matrix.cc:686) Solving quadratic problem for u: floored 39 eigenvalues. 
LOG (sgmm2-est[5.5.907~1-cbed4]:SolveQuadraticProblem<double>():sp-matrix.cc:686) Solving quadratic problem for u: floored 39 eigenvalues. 
LOG (sgmm2-est[5.5.907~1-cbed4]:SolveQuadraticProblem<double>():sp-matrix.cc:686) Solving quadratic problem for u: floored 39 eigenvalues. 
LOG (sgmm2-est[5.5.907~1-cbed4]:SolveQuadraticProblem<double>():sp-matrix.cc:686) Solving quadratic problem for u: floored 39 eigenvalues. 
LOG (sgmm2-est[5.5.907~1-cbed4]:SolveQuadraticProblem<double>():sp-matrix.cc:686) Solving quadratic problem for u: floored 39 eigenvalues. 
LOG (sgmm2-est[5.5.907~1-cbed4]:SolveQuadraticProblem<double>():sp-matrix.cc:686) Solving quadratic problem for u: floored 39 eigenvalues. 
LOG (sgmm2-est[5.5.907~1-cbed4]:SolveQuadraticProblem<double>():sp-matrix.cc:686) Solving quadratic problem for u: floored 39 eigenvalues. 
LOG (sgmm2-est[5.5.907~1-cbed4]:SolveQuadraticProblem<double>():sp-matrix.cc:686) Solving quadratic problem for u: floored 39 eigenvalues. 
LOG (sgmm2-est[5.5.907~1-cbed4]:SolveQuadraticProblem<double>():sp-matrix.cc:686) Solving quadratic problem for u: floored 39 eigenvalues. 
LOG (sgmm2-est[5.5.907~1-cbed4]:SolveQuadraticProblem<double>():sp-matrix.cc:686) Solving quadratic problem for u: floored 39 eigenvalues. 
LOG (sgmm2-est[5.5.907~1-cbed4]:SolveQuadraticProblem<double>():sp-matrix.cc:686) Solving quadratic problem for u: floored 39 eigenvalues. 
LOG (sgmm2-est[5.5.907~1-cbed4]:SolveQuadraticProblem<double>():sp-matrix.cc:686) Solving quadratic problem for u: floored 39 eigenvalues. 
LOG (sgmm2-est[5.5.907~1-cbed4]:SolveQuadraticProblem<double>():sp-matrix.cc:686) Solving quadratic problem for u: floored 39 eigenvalues. 
LOG (sgmm2-est[5.5.907~1-cbed4]:SolveQuadraticProblem<double>():sp-matrix.cc:686) Solving quadratic problem for u: floored 39 eigenvalues. 
LOG (sgmm2-est[5.5.907~1-cbed4]:SolveQuadraticProblem<double>():sp-matrix.cc:686) Solving quadratic problem for u: floored 39 eigenvalues. 
LOG (sgmm2-est[5.5.907~1-cbed4]:SolveQuadraticProblem<double>():sp-matrix.cc:686) Solving quadratic problem for u: floored 39 eigenvalues. 
LOG (sgmm2-est[5.5.907~1-cbed4]:SolveQuadraticProblem<double>():sp-matrix.cc:686) Solving quadratic problem for u: floored 39 eigenvalues. 
LOG (sgmm2-est[5.5.907~1-cbed4]:SolveQuadraticProblem<double>():sp-matrix.cc:686) Solving quadratic problem for u: floored 39 eigenvalues. 
LOG (sgmm2-est[5.5.907~1-cbed4]:SolveQuadraticProblem<double>():sp-matrix.cc:686) Solving quadratic problem for u: floored 39 eigenvalues. 
LOG (sgmm2-est[5.5.907~1-cbed4]:SolveQuadraticProblem<double>():sp-matrix.cc:686) Solving quadratic problem for u: floored 39 eigenvalues. 
LOG (sgmm2-est[5.5.907~1-cbed4]:SolveQuadraticProblem<double>():sp-matrix.cc:686) Solving quadratic problem for u: floored 39 eigenvalues. 
LOG (sgmm2-est[5.5.907~1-cbed4]:SolveQuadraticProblem<double>():sp-matrix.cc:686) Solving quadratic problem for u: floored 39 eigenvalues. 
LOG (sgmm2-est[5.5.907~1-cbed4]:SolveQuadraticProblem<double>():sp-matrix.cc:686) Solving quadratic problem for u: floored 39 eigenvalues. 
LOG (sgmm2-est[5.5.907~1-cbed4]:SolveQuadraticProblem<double>():sp-matrix.cc:686) Solving quadratic problem for u: floored 39 eigenvalues. 
LOG (sgmm2-est[5.5.907~1-cbed4]:SolveQuadraticProblem<double>():sp-matrix.cc:686) Solving quadratic problem for u: floored 39 eigenvalues. 
LOG (sgmm2-est[5.5.907~1-cbed4]:SolveQuadraticProblem<double>():sp-matrix.cc:686) Solving quadratic problem for u: floored 39 eigenvalues. 
LOG (sgmm2-est[5.5.907~1-cbed4]:SolveQuadraticProblem<double>():sp-matrix.cc:686) Solving quadratic problem for u: floored 39 eigenvalues. 
LOG (sgmm2-est[5.5.907~1-cbed4]:SolveQuadraticProblem<double>():sp-matrix.cc:686) Solving quadratic problem for u: floored 39 eigenvalues. 
LOG (sgmm2-est[5.5.907~1-cbed4]:SolveQuadraticProblem<double>():sp-matrix.cc:686) Solving quadratic problem for u: floored 39 eigenvalues. 
LOG (sgmm2-est[5.5.907~1-cbed4]:SolveQuadraticProblem<double>():sp-matrix.cc:686) Solving quadratic problem for u: floored 39 eigenvalues. 
LOG (sgmm2-est[5.5.907~1-cbed4]:SolveQuadraticProblem<double>():sp-matrix.cc:686) Solving quadratic problem for u: floored 39 eigenvalues. 
LOG (sgmm2-est[5.5.907~1-cbed4]:SolveQuadraticProblem<double>():sp-matrix.cc:686) Solving quadratic problem for u: floored 39 eigenvalues. 
LOG (sgmm2-est[5.5.907~1-cbed4]:SolveQuadraticProblem<double>():sp-matrix.cc:686) Solving quadratic problem for u: floored 39 eigenvalues. 
LOG (sgmm2-est[5.5.907~1-cbed4]:SolveQuadraticProblem<double>():sp-matrix.cc:686) Solving quadratic problem for u: floored 39 eigenvalues. 
LOG (sgmm2-est[5.5.907~1-cbed4]:SolveQuadraticProblem<double>():sp-matrix.cc:686) Solving quadratic problem for u: floored 39 eigenvalues. 
LOG (sgmm2-est[5.5.907~1-cbed4]:SolveQuadraticProblem<double>():sp-matrix.cc:686) Solving quadratic problem for u: floored 39 eigenvalues. 
LOG (sgmm2-est[5.5.907~1-cbed4]:SolveQuadraticProblem<double>():sp-matrix.cc:686) Solving quadratic problem for u: floored 39 eigenvalues. 
LOG (sgmm2-est[5.5.907~1-cbed4]:SolveQuadraticProblem<double>():sp-matrix.cc:686) Solving quadratic problem for u: floored 39 eigenvalues. 
LOG (sgmm2-est[5.5.907~1-cbed4]:SolveQuadraticProblem<double>():sp-matrix.cc:686) Solving quadratic problem for u: floored 39 eigenvalues. 
LOG (sgmm2-est[5.5.907~1-cbed4]:SolveQuadraticProblem<double>():sp-matrix.cc:686) Solving quadratic problem for u: floored 39 eigenvalues. 
LOG (sgmm2-est[5.5.907~1-cbed4]:SolveQuadraticProblem<double>():sp-matrix.cc:686) Solving quadratic problem for u: floored 39 eigenvalues. 
LOG (sgmm2-est[5.5.907~1-cbed4]:SolveQuadraticProblem<double>():sp-matrix.cc:686) Solving quadratic problem for u: floored 39 eigenvalues. 
LOG (sgmm2-est[5.5.907~1-cbed4]:SolveQuadraticProblem<double>():sp-matrix.cc:686) Solving quadratic problem for u: floored 39 eigenvalues. 
LOG (sgmm2-est[5.5.907~1-cbed4]:SolveQuadraticProblem<double>():sp-matrix.cc:686) Solving quadratic problem for u: floored 39 eigenvalues. 
LOG (sgmm2-est[5.5.907~1-cbed4]:SolveQuadraticProblem<double>():sp-matrix.cc:686) Solving quadratic problem for u: floored 39 eigenvalues. 
LOG (sgmm2-est[5.5.907~1-cbed4]:SolveQuadraticProblem<double>():sp-matrix.cc:686) Solving quadratic problem for u: floored 39 eigenvalues. 
LOG (sgmm2-est[5.5.907~1-cbed4]:SolveQuadraticProblem<double>():sp-matrix.cc:686) Solving quadratic problem for u: floored 39 eigenvalues. 
LOG (sgmm2-est[5.5.907~1-cbed4]:SolveQuadraticProblem<double>():sp-matrix.cc:686) Solving quadratic problem for u: floored 39 eigenvalues. 
LOG (sgmm2-est[5.5.907~1-cbed4]:SolveQuadraticProblem<double>():sp-matrix.cc:686) Solving quadratic problem for u: floored 39 eigenvalues. 
LOG (sgmm2-est[5.5.907~1-cbed4]:SolveQuadraticProblem<double>():sp-matrix.cc:686) Solving quadratic problem for u: floored 39 eigenvalues. 
LOG (sgmm2-est[5.5.907~1-cbed4]:SolveQuadraticProblem<double>():sp-matrix.cc:686) Solving quadratic problem for u: floored 39 eigenvalues. 
LOG (sgmm2-est[5.5.907~1-cbed4]:SolveQuadraticProblem<double>():sp-matrix.cc:686) Solving quadratic problem for u: floored 39 eigenvalues. 
LOG (sgmm2-est[5.5.907~1-cbed4]:SolveQuadraticProblem<double>():sp-matrix.cc:686) Solving quadratic problem for u: floored 39 eigenvalues. 
LOG (sgmm2-est[5.5.907~1-cbed4]:SolveQuadraticProblem<double>():sp-matrix.cc:686) Solving quadratic problem for u: floored 39 eigenvalues. 
LOG (sgmm2-est[5.5.907~1-cbed4]:SolveQuadraticProblem<double>():sp-matrix.cc:686) Solving quadratic problem for u: floored 39 eigenvalues. 
LOG (sgmm2-est[5.5.907~1-cbed4]:SolveQuadraticProblem<double>():sp-matrix.cc:686) Solving quadratic problem for u: floored 39 eigenvalues. 
LOG (sgmm2-est[5.5.907~1-cbed4]:SolveQuadraticProblem<double>():sp-matrix.cc:686) Solving quadratic problem for u: floored 39 eigenvalues. 
LOG (sgmm2-est[5.5.907~1-cbed4]:SolveQuadraticProblem<double>():sp-matrix.cc:686) Solving quadratic problem for u: floored 39 eigenvalues. 
LOG (sgmm2-est[5.5.907~1-cbed4]:SolveQuadraticProblem<double>():sp-matrix.cc:686) Solving quadratic problem for u: floored 39 eigenvalues. 
LOG (sgmm2-est[5.5.907~1-cbed4]:SolveQuadraticProblem<double>():sp-matrix.cc:686) Solving quadratic problem for u: floored 39 eigenvalues. 
LOG (sgmm2-est[5.5.907~1-cbed4]:SolveQuadraticProblem<double>():sp-matrix.cc:686) Solving quadratic problem for u: floored 39 eigenvalues. 
LOG (sgmm2-est[5.5.907~1-cbed4]:SolveQuadraticProblem<double>():sp-matrix.cc:686) Solving quadratic problem for u: floored 39 eigenvalues. 
LOG (sgmm2-est[5.5.907~1-cbed4]:SolveQuadraticProblem<double>():sp-matrix.cc:686) Solving quadratic problem for u: floored 39 eigenvalues. 
LOG (sgmm2-est[5.5.907~1-cbed4]:SolveQuadraticProblem<double>():sp-matrix.cc:686) Solving quadratic problem for u: floored 39 eigenvalues. 
LOG (sgmm2-est[5.5.907~1-cbed4]:SolveQuadraticProblem<double>():sp-matrix.cc:686) Solving quadratic problem for u: floored 39 eigenvalues. 
LOG (sgmm2-est[5.5.907~1-cbed4]:SolveQuadraticProblem<double>():sp-matrix.cc:686) Solving quadratic problem for u: floored 39 eigenvalues. 
LOG (sgmm2-est[5.5.907~1-cbed4]:SolveQuadraticProblem<double>():sp-matrix.cc:686) Solving quadratic problem for u: floored 39 eigenvalues. 
LOG (sgmm2-est[5.5.907~1-cbed4]:SolveQuadraticProblem<double>():sp-matrix.cc:686) Solving quadratic problem for u: floored 39 eigenvalues. 
LOG (sgmm2-est[5.5.907~1-cbed4]:SolveQuadraticProblem<double>():sp-matrix.cc:686) Solving quadratic problem for u: floored 39 eigenvalues. 
LOG (sgmm2-est[5.5.907~1-cbed4]:SolveQuadraticProblem<double>():sp-matrix.cc:686) Solving quadratic problem for u: floored 39 eigenvalues. 
LOG (sgmm2-est[5.5.907~1-cbed4]:SolveQuadraticProblem<double>():sp-matrix.cc:686) Solving quadratic problem for u: floored 39 eigenvalues. 
LOG (sgmm2-est[5.5.907~1-cbed4]:SolveQuadraticProblem<double>():sp-matrix.cc:686) Solving quadratic problem for u: floored 39 eigenvalues. 
LOG (sgmm2-est[5.5.907~1-cbed4]:SolveQuadraticProblem<double>():sp-matrix.cc:686) Solving quadratic problem for u: floored 39 eigenvalues. 
LOG (sgmm2-est[5.5.907~1-cbed4]:SolveQuadraticProblem<double>():sp-matrix.cc:686) Solving quadratic problem for u: floored 39 eigenvalues. 
LOG (sgmm2-est[5.5.907~1-cbed4]:SolveQuadraticProblem<double>():sp-matrix.cc:686) Solving quadratic problem for u: floored 39 eigenvalues. 
LOG (sgmm2-est[5.5.907~1-cbed4]:SolveQuadraticProblem<double>():sp-matrix.cc:686) Solving quadratic problem for u: floored 39 eigenvalues. 
LOG (sgmm2-est[5.5.907~1-cbed4]:SolveQuadraticProblem<double>():sp-matrix.cc:686) Solving quadratic problem for u: floored 39 eigenvalues. 
LOG (sgmm2-est[5.5.907~1-cbed4]:SolveQuadraticProblem<double>():sp-matrix.cc:686) Solving quadratic problem for u: floored 39 eigenvalues. 
LOG (sgmm2-est[5.5.907~1-cbed4]:SolveQuadraticProblem<double>():sp-matrix.cc:686) Solving quadratic problem for u: floored 39 eigenvalues. 
LOG (sgmm2-est[5.5.907~1-cbed4]:SolveQuadraticProblem<double>():sp-matrix.cc:686) Solving quadratic problem for u: floored 39 eigenvalues. 
LOG (sgmm2-est[5.5.907~1-cbed4]:SolveQuadraticProblem<double>():sp-matrix.cc:686) Solving quadratic problem for u: floored 39 eigenvalues. 
LOG (sgmm2-est[5.5.907~1-cbed4]:SolveQuadraticProblem<double>():sp-matrix.cc:686) Solving quadratic problem for u: floored 39 eigenvalues. 
LOG (sgmm2-est[5.5.907~1-cbed4]:SolveQuadraticProblem<double>():sp-matrix.cc:686) Solving quadratic problem for u: floored 39 eigenvalues. 
LOG (sgmm2-est[5.5.907~1-cbed4]:SolveQuadraticProblem<double>():sp-matrix.cc:686) Solving quadratic problem for u: floored 39 eigenvalues. 
LOG (sgmm2-est[5.5.907~1-cbed4]:SolveQuadraticProblem<double>():sp-matrix.cc:686) Solving quadratic problem for u: floored 39 eigenvalues. 
LOG (sgmm2-est[5.5.907~1-cbed4]:SolveQuadraticProblem<double>():sp-matrix.cc:686) Solving quadratic problem for u: floored 39 eigenvalues. 
LOG (sgmm2-est[5.5.907~1-cbed4]:SolveQuadraticProblem<double>():sp-matrix.cc:686) Solving quadratic problem for u: floored 39 eigenvalues. 
LOG (sgmm2-est[5.5.907~1-cbed4]:SolveQuadraticProblem<double>():sp-matrix.cc:686) Solving quadratic problem for u: floored 39 eigenvalues. 
LOG (sgmm2-est[5.5.907~1-cbed4]:SolveQuadraticProblem<double>():sp-matrix.cc:686) Solving quadratic problem for u: floored 39 eigenvalues. 
LOG (sgmm2-est[5.5.907~1-cbed4]:SolveQuadraticProblem<double>():sp-matrix.cc:686) Solving quadratic problem for u: floored 39 eigenvalues. 
LOG (sgmm2-est[5.5.907~1-cbed4]:SolveQuadraticProblem<double>():sp-matrix.cc:686) Solving quadratic problem for u: floored 39 eigenvalues. 
LOG (sgmm2-est[5.5.907~1-cbed4]:SolveQuadraticProblem<double>():sp-matrix.cc:686) Solving quadratic problem for u: floored 39 eigenvalues. 
LOG (sgmm2-est[5.5.907~1-cbed4]:SolveQuadraticProblem<double>():sp-matrix.cc:686) Solving quadratic problem for u: floored 39 eigenvalues. 
LOG (sgmm2-est[5.5.907~1-cbed4]:SolveQuadraticProblem<double>():sp-matrix.cc:686) Solving quadratic problem for u: floored 39 eigenvalues. 
LOG (sgmm2-est[5.5.907~1-cbed4]:SolveQuadraticProblem<double>():sp-matrix.cc:686) Solving quadratic problem for u: floored 39 eigenvalues. 
LOG (sgmm2-est[5.5.907~1-cbed4]:SolveQuadraticProblem<double>():sp-matrix.cc:686) Solving quadratic problem for u: floored 39 eigenvalues. 
LOG (sgmm2-est[5.5.907~1-cbed4]:SolveQuadraticProblem<double>():sp-matrix.cc:686) Solving quadratic problem for u: floored 39 eigenvalues. 
LOG (sgmm2-est[5.5.907~1-cbed4]:SolveQuadraticProblem<double>():sp-matrix.cc:686) Solving quadratic problem for u: floored 39 eigenvalues. 
LOG (sgmm2-est[5.5.907~1-cbed4]:SolveQuadraticProblem<double>():sp-matrix.cc:686) Solving quadratic problem for u: floored 39 eigenvalues. 
LOG (sgmm2-est[5.5.907~1-cbed4]:SolveQuadraticProblem<double>():sp-matrix.cc:686) Solving quadratic problem for u: floored 39 eigenvalues. 
LOG (sgmm2-est[5.5.907~1-cbed4]:SolveQuadraticProblem<double>():sp-matrix.cc:686) Solving quadratic problem for u: floored 39 eigenvalues. 
LOG (sgmm2-est[5.5.907~1-cbed4]:SolveQuadraticProblem<double>():sp-matrix.cc:686) Solving quadratic problem for u: floored 39 eigenvalues. 
LOG (sgmm2-est[5.5.907~1-cbed4]:SolveQuadraticProblem<double>():sp-matrix.cc:686) Solving quadratic problem for u: floored 39 eigenvalues. 
LOG (sgmm2-est[5.5.907~1-cbed4]:SolveQuadraticProblem<double>():sp-matrix.cc:686) Solving quadratic problem for u: floored 39 eigenvalues. 
LOG (sgmm2-est[5.5.907~1-cbed4]:SolveQuadraticProblem<double>():sp-matrix.cc:686) Solving quadratic problem for u: floored 39 eigenvalues. 
LOG (sgmm2-est[5.5.907~1-cbed4]:SolveQuadraticProblem<double>():sp-matrix.cc:686) Solving quadratic problem for u: floored 39 eigenvalues. 
LOG (sgmm2-est[5.5.907~1-cbed4]:SolveQuadraticProblem<double>():sp-matrix.cc:686) Solving quadratic problem for u: floored 39 eigenvalues. 
LOG (sgmm2-est[5.5.907~1-cbed4]:SolveQuadraticProblem<double>():sp-matrix.cc:686) Solving quadratic problem for u: floored 39 eigenvalues. 
LOG (sgmm2-est[5.5.907~1-cbed4]:SolveQuadraticProblem<double>():sp-matrix.cc:686) Solving quadratic problem for u: floored 39 eigenvalues. 
LOG (sgmm2-est[5.5.907~1-cbed4]:SolveQuadraticProblem<double>():sp-matrix.cc:686) Solving quadratic problem for u: floored 39 eigenvalues. 
LOG (sgmm2-est[5.5.907~1-cbed4]:SolveQuadraticProblem<double>():sp-matrix.cc:686) Solving quadratic problem for u: floored 39 eigenvalues. 
LOG (sgmm2-est[5.5.907~1-cbed4]:SolveQuadraticProblem<double>():sp-matrix.cc:686) Solving quadratic problem for u: floored 39 eigenvalues. 
LOG (sgmm2-est[5.5.907~1-cbed4]:SolveQuadraticProblem<double>():sp-matrix.cc:686) Solving quadratic problem for u: floored 39 eigenvalues. 
LOG (sgmm2-est[5.5.907~1-cbed4]:SolveQuadraticProblem<double>():sp-matrix.cc:686) Solving quadratic problem for u: floored 39 eigenvalues. 
LOG (sgmm2-est[5.5.907~1-cbed4]:SolveQuadraticProblem<double>():sp-matrix.cc:686) Solving quadratic problem for u: floored 39 eigenvalues. 
LOG (sgmm2-est[5.5.907~1-cbed4]:SolveQuadraticProblem<double>():sp-matrix.cc:686) Solving quadratic problem for u: floored 39 eigenvalues. 
LOG (sgmm2-est[5.5.907~1-cbed4]:SolveQuadraticProblem<double>():sp-matrix.cc:686) Solving quadratic problem for u: floored 39 eigenvalues. 
LOG (sgmm2-est[5.5.907~1-cbed4]:SolveQuadraticProblem<double>():sp-matrix.cc:686) Solving quadratic problem for u: floored 39 eigenvalues. 
LOG (sgmm2-est[5.5.907~1-cbed4]:SolveQuadraticProblem<double>():sp-matrix.cc:686) Solving quadratic problem for u: floored 39 eigenvalues. 
LOG (sgmm2-est[5.5.907~1-cbed4]:SolveQuadraticProblem<double>():sp-matrix.cc:686) Solving quadratic problem for u: floored 39 eigenvalues. 
LOG (sgmm2-est[5.5.907~1-cbed4]:SolveQuadraticProblem<double>():sp-matrix.cc:686) Solving quadratic problem for u: floored 39 eigenvalues. 
LOG (sgmm2-est[5.5.907~1-cbed4]:SolveQuadraticProblem<double>():sp-matrix.cc:686) Solving quadratic problem for u: floored 39 eigenvalues. 
LOG (sgmm2-est[5.5.907~1-cbed4]:SolveQuadraticProblem<double>():sp-matrix.cc:686) Solving quadratic problem for u: floored 39 eigenvalues. 
LOG (sgmm2-est[5.5.907~1-cbed4]:SolveQuadraticProblem<double>():sp-matrix.cc:686) Solving quadratic problem for u: floored 39 eigenvalues. 
LOG (sgmm2-est[5.5.907~1-cbed4]:SolveQuadraticProblem<double>():sp-matrix.cc:686) Solving quadratic problem for u: floored 39 eigenvalues. 
LOG (sgmm2-est[5.5.907~1-cbed4]:SolveQuadraticProblem<double>():sp-matrix.cc:686) Solving quadratic problem for u: floored 39 eigenvalues. 
LOG (sgmm2-est[5.5.907~1-cbed4]:SolveQuadraticProblem<double>():sp-matrix.cc:686) Solving quadratic problem for u: floored 39 eigenvalues. 
LOG (sgmm2-est[5.5.907~1-cbed4]:SolveQuadraticProblem<double>():sp-matrix.cc:686) Solving quadratic problem for u: floored 39 eigenvalues. 
LOG (sgmm2-est[5.5.907~1-cbed4]:SolveQuadraticProblem<double>():sp-matrix.cc:686) Solving quadratic problem for u: floored 39 eigenvalues. 
LOG (sgmm2-est[5.5.907~1-cbed4]:SolveQuadraticProblem<double>():sp-matrix.cc:686) Solving quadratic problem for u: floored 39 eigenvalues. 
LOG (sgmm2-est[5.5.907~1-cbed4]:SolveQuadraticProblem<double>():sp-matrix.cc:686) Solving quadratic problem for u: floored 39 eigenvalues. 
LOG (sgmm2-est[5.5.907~1-cbed4]:SolveQuadraticProblem<double>():sp-matrix.cc:686) Solving quadratic problem for u: floored 39 eigenvalues. 
LOG (sgmm2-est[5.5.907~1-cbed4]:SolveQuadraticProblem<double>():sp-matrix.cc:686) Solving quadratic problem for u: floored 39 eigenvalues. 
LOG (sgmm2-est[5.5.907~1-cbed4]:SolveQuadraticProblem<double>():sp-matrix.cc:686) Solving quadratic problem for u: floored 39 eigenvalues. 
LOG (sgmm2-est[5.5.907~1-cbed4]:SolveQuadraticProblem<double>():sp-matrix.cc:686) Solving quadratic problem for u: floored 39 eigenvalues. 
LOG (sgmm2-est[5.5.907~1-cbed4]:SolveQuadraticProblem<double>():sp-matrix.cc:686) Solving quadratic problem for u: floored 39 eigenvalues. 
LOG (sgmm2-est[5.5.907~1-cbed4]:SolveQuadraticProblem<double>():sp-matrix.cc:686) Solving quadratic problem for u: floored 39 eigenvalues. 
LOG (sgmm2-est[5.5.907~1-cbed4]:SolveQuadraticProblem<double>():sp-matrix.cc:686) Solving quadratic problem for u: floored 39 eigenvalues. 
LOG (sgmm2-est[5.5.907~1-cbed4]:SolveQuadraticProblem<double>():sp-matrix.cc:686) Solving quadratic problem for u: floored 39 eigenvalues. 
LOG (sgmm2-est[5.5.907~1-cbed4]:SolveQuadraticProblem<double>():sp-matrix.cc:686) Solving quadratic problem for u: floored 39 eigenvalues. 
LOG (sgmm2-est[5.5.907~1-cbed4]:SolveQuadraticProblem<double>():sp-matrix.cc:686) Solving quadratic problem for u: floored 39 eigenvalues. 
LOG (sgmm2-est[5.5.907~1-cbed4]:SolveQuadraticProblem<double>():sp-matrix.cc:686) Solving quadratic problem for u: floored 39 eigenvalues. 
LOG (sgmm2-est[5.5.907~1-cbed4]:SolveQuadraticProblem<double>():sp-matrix.cc:686) Solving quadratic problem for u: floored 39 eigenvalues. 
LOG (sgmm2-est[5.5.907~1-cbed4]:SolveQuadraticProblem<double>():sp-matrix.cc:686) Solving quadratic problem for u: floored 39 eigenvalues. 
LOG (sgmm2-est[5.5.907~1-cbed4]:SolveQuadraticProblem<double>():sp-matrix.cc:686) Solving quadratic problem for u: floored 39 eigenvalues. 
LOG (sgmm2-est[5.5.907~1-cbed4]:SolveQuadraticProblem<double>():sp-matrix.cc:686) Solving quadratic problem for u: floored 39 eigenvalues. 
LOG (sgmm2-est[5.5.907~1-cbed4]:SolveQuadraticProblem<double>():sp-matrix.cc:686) Solving quadratic problem for u: floored 39 eigenvalues. 
LOG (sgmm2-est[5.5.907~1-cbed4]:SolveQuadraticProblem<double>():sp-matrix.cc:686) Solving quadratic problem for u: floored 39 eigenvalues. 
LOG (sgmm2-est[5.5.907~1-cbed4]:SolveQuadraticProblem<double>():sp-matrix.cc:686) Solving quadratic problem for u: floored 39 eigenvalues. 
LOG (sgmm2-est[5.5.907~1-cbed4]:SolveQuadraticProblem<double>():sp-matrix.cc:686) Solving quadratic problem for u: floored 39 eigenvalues. 
LOG (sgmm2-est[5.5.907~1-cbed4]:SolveQuadraticProblem<double>():sp-matrix.cc:686) Solving quadratic problem for u: floored 39 eigenvalues. 
LOG (sgmm2-est[5.5.907~1-cbed4]:SolveQuadraticProblem<double>():sp-matrix.cc:686) Solving quadratic problem for u: floored 39 eigenvalues. 
LOG (sgmm2-est[5.5.907~1-cbed4]:SolveQuadraticProblem<double>():sp-matrix.cc:686) Solving quadratic problem for u: floored 39 eigenvalues. 
LOG (sgmm2-est[5.5.907~1-cbed4]:SolveQuadraticProblem<double>():sp-matrix.cc:686) Solving quadratic problem for u: floored 39 eigenvalues. 
LOG (sgmm2-est[5.5.907~1-cbed4]:SolveQuadraticProblem<double>():sp-matrix.cc:686) Solving quadratic problem for u: floored 39 eigenvalues. 
LOG (sgmm2-est[5.5.907~1-cbed4]:SolveQuadraticProblem<double>():sp-matrix.cc:686) Solving quadratic problem for u: floored 39 eigenvalues. 
LOG (sgmm2-est[5.5.907~1-cbed4]:SolveQuadraticProblem<double>():sp-matrix.cc:686) Solving quadratic problem for u: floored 39 eigenvalues. 
LOG (sgmm2-est[5.5.907~1-cbed4]:SolveQuadraticProblem<double>():sp-matrix.cc:686) Solving quadratic problem for u: floored 39 eigenvalues. 
LOG (sgmm2-est[5.5.907~1-cbed4]:SolveQuadraticProblem<double>():sp-matrix.cc:686) Solving quadratic problem for u: floored 39 eigenvalues. 
LOG (sgmm2-est[5.5.907~1-cbed4]:SolveQuadraticProblem<double>():sp-matrix.cc:686) Solving quadratic problem for u: floored 39 eigenvalues. 
LOG (sgmm2-est[5.5.907~1-cbed4]:SolveQuadraticProblem<double>():sp-matrix.cc:686) Solving quadratic problem for u: floored 39 eigenvalues. 
LOG (sgmm2-est[5.5.907~1-cbed4]:SolveQuadraticProblem<double>():sp-matrix.cc:686) Solving quadratic problem for u: floored 39 eigenvalues. 
LOG (sgmm2-est[5.5.907~1-cbed4]:SolveQuadraticProblem<double>():sp-matrix.cc:686) Solving quadratic problem for u: floored 39 eigenvalues. 
LOG (sgmm2-est[5.5.907~1-cbed4]:SolveQuadraticProblem<double>():sp-matrix.cc:686) Solving quadratic problem for u: floored 39 eigenvalues. 
LOG (sgmm2-est[5.5.907~1-cbed4]:SolveQuadraticProblem<double>():sp-matrix.cc:686) Solving quadratic problem for u: floored 39 eigenvalues. 
LOG (sgmm2-est[5.5.907~1-cbed4]:SolveQuadraticProblem<double>():sp-matrix.cc:686) Solving quadratic problem for u: floored 39 eigenvalues. 
LOG (sgmm2-est[5.5.907~1-cbed4]:SolveQuadraticProblem<double>():sp-matrix.cc:686) Solving quadratic problem for u: floored 39 eigenvalues. 
LOG (sgmm2-est[5.5.907~1-cbed4]:SolveQuadraticProblem<double>():sp-matrix.cc:686) Solving quadratic problem for u: floored 39 eigenvalues. 
LOG (sgmm2-est[5.5.907~1-cbed4]:SolveQuadraticProblem<double>():sp-matrix.cc:686) Solving quadratic problem for u: floored 39 eigenvalues. 
LOG (sgmm2-est[5.5.907~1-cbed4]:SolveQuadraticProblem<double>():sp-matrix.cc:686) Solving quadratic problem for u: floored 39 eigenvalues. 
LOG (sgmm2-est[5.5.907~1-cbed4]:SolveQuadraticProblem<double>():sp-matrix.cc:686) Solving quadratic problem for u: floored 39 eigenvalues. 
LOG (sgmm2-est[5.5.907~1-cbed4]:SolveQuadraticProblem<double>():sp-matrix.cc:686) Solving quadratic problem for u: floored 39 eigenvalues. 
LOG (sgmm2-est[5.5.907~1-cbed4]:SolveQuadraticProblem<double>():sp-matrix.cc:686) Solving quadratic problem for u: floored 39 eigenvalues. 
LOG (sgmm2-est[5.5.907~1-cbed4]:SolveQuadraticProblem<double>():sp-matrix.cc:686) Solving quadratic problem for u: floored 39 eigenvalues. 
LOG (sgmm2-est[5.5.907~1-cbed4]:SolveQuadraticProblem<double>():sp-matrix.cc:686) Solving quadratic problem for u: floored 39 eigenvalues. 
LOG (sgmm2-est[5.5.907~1-cbed4]:SolveQuadraticProblem<double>():sp-matrix.cc:686) Solving quadratic problem for u: floored 39 eigenvalues. 
LOG (sgmm2-est[5.5.907~1-cbed4]:SolveQuadraticProblem<double>():sp-matrix.cc:686) Solving quadratic problem for u: floored 39 eigenvalues. 
LOG (sgmm2-est[5.5.907~1-cbed4]:SolveQuadraticProblem<double>():sp-matrix.cc:686) Solving quadratic problem for u: floored 39 eigenvalues. 
LOG (sgmm2-est[5.5.907~1-cbed4]:SolveQuadraticProblem<double>():sp-matrix.cc:686) Solving quadratic problem for u: floored 39 eigenvalues. 
LOG (sgmm2-est[5.5.907~1-cbed4]:SolveQuadraticProblem<double>():sp-matrix.cc:686) Solving quadratic problem for u: floored 39 eigenvalues. 
LOG (sgmm2-est[5.5.907~1-cbed4]:SolveQuadraticProblem<double>():sp-matrix.cc:686) Solving quadratic problem for u: floored 39 eigenvalues. 
LOG (sgmm2-est[5.5.907~1-cbed4]:SolveQuadraticProblem<double>():sp-matrix.cc:686) Solving quadratic problem for u: floored 39 eigenvalues. 
LOG (sgmm2-est[5.5.907~1-cbed4]:SolveQuadraticProblem<double>():sp-matrix.cc:686) Solving quadratic problem for u: floored 39 eigenvalues. 
LOG (sgmm2-est[5.5.907~1-cbed4]:SolveQuadraticProblem<double>():sp-matrix.cc:686) Solving quadratic problem for u: floored 39 eigenvalues. 
LOG (sgmm2-est[5.5.907~1-cbed4]:SolveQuadraticProblem<double>():sp-matrix.cc:686) Solving quadratic problem for u: floored 39 eigenvalues. 
LOG (sgmm2-est[5.5.907~1-cbed4]:SolveQuadraticProblem<double>():sp-matrix.cc:686) Solving quadratic problem for u: floored 39 eigenvalues. 
LOG (sgmm2-est[5.5.907~1-cbed4]:SolveQuadraticProblem<double>():sp-matrix.cc:686) Solving quadratic problem for u: floored 39 eigenvalues. 
LOG (sgmm2-est[5.5.907~1-cbed4]:SolveQuadraticProblem<double>():sp-matrix.cc:686) Solving quadratic problem for u: floored 39 eigenvalues. 
LOG (sgmm2-est[5.5.907~1-cbed4]:SolveQuadraticProblem<double>():sp-matrix.cc:686) Solving quadratic problem for u: floored 39 eigenvalues. 
LOG (sgmm2-est[5.5.907~1-cbed4]:SolveQuadraticProblem<double>():sp-matrix.cc:686) Solving quadratic problem for u: floored 39 eigenvalues. 
LOG (sgmm2-est[5.5.907~1-cbed4]:SolveQuadraticProblem<double>():sp-matrix.cc:686) Solving quadratic problem for u: floored 39 eigenvalues. 
LOG (sgmm2-est[5.5.907~1-cbed4]:SolveQuadraticProblem<double>():sp-matrix.cc:686) Solving quadratic problem for u: floored 39 eigenvalues. 
LOG (sgmm2-est[5.5.907~1-cbed4]:SolveQuadraticProblem<double>():sp-matrix.cc:686) Solving quadratic problem for u: floored 39 eigenvalues. 
LOG (sgmm2-est[5.5.907~1-cbed4]:SolveQuadraticProblem<double>():sp-matrix.cc:686) Solving quadratic problem for u: floored 39 eigenvalues. 
LOG (sgmm2-est[5.5.907~1-cbed4]:SolveQuadraticProblem<double>():sp-matrix.cc:686) Solving quadratic problem for u: floored 39 eigenvalues. 
LOG (sgmm2-est[5.5.907~1-cbed4]:SolveQuadraticProblem<double>():sp-matrix.cc:686) Solving quadratic problem for u: floored 39 eigenvalues. 
LOG (sgmm2-est[5.5.907~1-cbed4]:SolveQuadraticProblem<double>():sp-matrix.cc:686) Solving quadratic problem for u: floored 39 eigenvalues. 
LOG (sgmm2-est[5.5.907~1-cbed4]:SolveQuadraticProblem<double>():sp-matrix.cc:686) Solving quadratic problem for u: floored 39 eigenvalues. 
LOG (sgmm2-est[5.5.907~1-cbed4]:SolveQuadraticProblem<double>():sp-matrix.cc:686) Solving quadratic problem for u: floored 39 eigenvalues. 
LOG (sgmm2-est[5.5.907~1-cbed4]:SolveQuadraticProblem<double>():sp-matrix.cc:686) Solving quadratic problem for u: floored 39 eigenvalues. 
LOG (sgmm2-est[5.5.907~1-cbed4]:SolveQuadraticProblem<double>():sp-matrix.cc:686) Solving quadratic problem for u: floored 39 eigenvalues. 
LOG (sgmm2-est[5.5.907~1-cbed4]:SolveQuadraticProblem<double>():sp-matrix.cc:686) Solving quadratic problem for u: floored 39 eigenvalues. 
LOG (sgmm2-est[5.5.907~1-cbed4]:SolveQuadraticProblem<double>():sp-matrix.cc:686) Solving quadratic problem for u: floored 39 eigenvalues. 
LOG (sgmm2-est[5.5.907~1-cbed4]:SolveQuadraticProblem<double>():sp-matrix.cc:686) Solving quadratic problem for u: floored 39 eigenvalues. 
LOG (sgmm2-est[5.5.907~1-cbed4]:SolveQuadraticProblem<double>():sp-matrix.cc:686) Solving quadratic problem for u: floored 39 eigenvalues. 
LOG (sgmm2-est[5.5.907~1-cbed4]:SolveQuadraticProblem<double>():sp-matrix.cc:686) Solving quadratic problem for u: floored 39 eigenvalues. 
LOG (sgmm2-est[5.5.907~1-cbed4]:SolveQuadraticProblem<double>():sp-matrix.cc:686) Solving quadratic problem for u: floored 39 eigenvalues. 
LOG (sgmm2-est[5.5.907~1-cbed4]:SolveQuadraticProblem<double>():sp-matrix.cc:686) Solving quadratic problem for u: floored 39 eigenvalues. 
LOG (sgmm2-est[5.5.907~1-cbed4]:SolveQuadraticProblem<double>():sp-matrix.cc:686) Solving quadratic problem for u: floored 39 eigenvalues. 
LOG (sgmm2-est[5.5.907~1-cbed4]:SolveQuadraticProblem<double>():sp-matrix.cc:686) Solving quadratic problem for u: floored 39 eigenvalues. 
LOG (sgmm2-est[5.5.907~1-cbed4]:SolveQuadraticProblem<double>():sp-matrix.cc:686) Solving quadratic problem for u: floored 39 eigenvalues. 
LOG (sgmm2-est[5.5.907~1-cbed4]:SolveQuadraticProblem<double>():sp-matrix.cc:686) Solving quadratic problem for u: floored 39 eigenvalues. 
LOG (sgmm2-est[5.5.907~1-cbed4]:SolveQuadraticProblem<double>():sp-matrix.cc:686) Solving quadratic problem for u: floored 39 eigenvalues. 
LOG (sgmm2-est[5.5.907~1-cbed4]:SolveQuadraticProblem<double>():sp-matrix.cc:686) Solving quadratic problem for u: floored 39 eigenvalues. 
LOG (sgmm2-est[5.5.907~1-cbed4]:SolveQuadraticProblem<double>():sp-matrix.cc:686) Solving quadratic problem for u: floored 39 eigenvalues. 
LOG (sgmm2-est[5.5.907~1-cbed4]:SolveQuadraticProblem<double>():sp-matrix.cc:686) Solving quadratic problem for u: floored 39 eigenvalues. 
LOG (sgmm2-est[5.5.907~1-cbed4]:SolveQuadraticProblem<double>():sp-matrix.cc:686) Solving quadratic problem for u: floored 39 eigenvalues. 
LOG (sgmm2-est[5.5.907~1-cbed4]:SolveQuadraticProblem<double>():sp-matrix.cc:686) Solving quadratic problem for u: floored 39 eigenvalues. 
LOG (sgmm2-est[5.5.907~1-cbed4]:SolveQuadraticProblem<double>():sp-matrix.cc:686) Solving quadratic problem for u: floored 39 eigenvalues. 
LOG (sgmm2-est[5.5.907~1-cbed4]:SolveQuadraticProblem<double>():sp-matrix.cc:686) Solving quadratic problem for u: floored 39 eigenvalues. 
LOG (sgmm2-est[5.5.907~1-cbed4]:SolveQuadraticProblem<double>():sp-matrix.cc:686) Solving quadratic problem for u: floored 39 eigenvalues. 
LOG (sgmm2-est[5.5.907~1-cbed4]:SolveQuadraticProblem<double>():sp-matrix.cc:686) Solving quadratic problem for u: floored 39 eigenvalues. 
LOG (sgmm2-est[5.5.907~1-cbed4]:SolveQuadraticProblem<double>():sp-matrix.cc:686) Solving quadratic problem for u: floored 39 eigenvalues. 
LOG (sgmm2-est[5.5.907~1-cbed4]:SolveQuadraticProblem<double>():sp-matrix.cc:686) Solving quadratic problem for u: floored 39 eigenvalues. 
LOG (sgmm2-est[5.5.907~1-cbed4]:SolveQuadraticProblem<double>():sp-matrix.cc:686) Solving quadratic problem for u: floored 39 eigenvalues. 
LOG (sgmm2-est[5.5.907~1-cbed4]:SolveQuadraticProblem<double>():sp-matrix.cc:686) Solving quadratic problem for u: floored 39 eigenvalues. 
LOG (sgmm2-est[5.5.907~1-cbed4]:SolveQuadraticProblem<double>():sp-matrix.cc:686) Solving quadratic problem for u: floored 39 eigenvalues. 
LOG (sgmm2-est[5.5.907~1-cbed4]:SolveQuadraticProblem<double>():sp-matrix.cc:686) Solving quadratic problem for u: floored 39 eigenvalues. 
LOG (sgmm2-est[5.5.907~1-cbed4]:SolveQuadraticProblem<double>():sp-matrix.cc:686) Solving quadratic problem for u: floored 39 eigenvalues. 
LOG (sgmm2-est[5.5.907~1-cbed4]:SolveQuadraticProblem<double>():sp-matrix.cc:686) Solving quadratic problem for u: floored 39 eigenvalues. 
LOG (sgmm2-est[5.5.907~1-cbed4]:SolveQuadraticProblem<double>():sp-matrix.cc:686) Solving quadratic problem for u: floored 39 eigenvalues. 
LOG (sgmm2-est[5.5.907~1-cbed4]:SolveQuadraticProblem<double>():sp-matrix.cc:686) Solving quadratic problem for u: floored 39 eigenvalues. 
LOG (sgmm2-est[5.5.907~1-cbed4]:SolveQuadraticProblem<double>():sp-matrix.cc:686) Solving quadratic problem for u: floored 39 eigenvalues. 
LOG (sgmm2-est[5.5.907~1-cbed4]:SolveQuadraticProblem<double>():sp-matrix.cc:686) Solving quadratic problem for u: floored 39 eigenvalues. 
LOG (sgmm2-est[5.5.907~1-cbed4]:SolveQuadraticProblem<double>():sp-matrix.cc:686) Solving quadratic problem for u: floored 39 eigenvalues. 
LOG (sgmm2-est[5.5.907~1-cbed4]:SolveQuadraticProblem<double>():sp-matrix.cc:686) Solving quadratic problem for u: floored 39 eigenvalues. 
LOG (sgmm2-est[5.5.907~1-cbed4]:SolveQuadraticProblem<double>():sp-matrix.cc:686) Solving quadratic problem for u: floored 39 eigenvalues. 
LOG (sgmm2-est[5.5.907~1-cbed4]:SolveQuadraticProblem<double>():sp-matrix.cc:686) Solving quadratic problem for u: floored 39 eigenvalues. 
LOG (sgmm2-est[5.5.907~1-cbed4]:SolveQuadraticProblem<double>():sp-matrix.cc:686) Solving quadratic problem for u: floored 39 eigenvalues. 
LOG (sgmm2-est[5.5.907~1-cbed4]:SolveQuadraticProblem<double>():sp-matrix.cc:686) Solving quadratic problem for u: floored 39 eigenvalues. 
LOG (sgmm2-est[5.5.907~1-cbed4]:SolveQuadraticProblem<double>():sp-matrix.cc:686) Solving quadratic problem for u: floored 39 eigenvalues. 
LOG (sgmm2-est[5.5.907~1-cbed4]:SolveQuadraticProblem<double>():sp-matrix.cc:686) Solving quadratic problem for u: floored 39 eigenvalues. 
LOG (sgmm2-est[5.5.907~1-cbed4]:SolveQuadraticProblem<double>():sp-matrix.cc:686) Solving quadratic problem for u: floored 39 eigenvalues. 
LOG (sgmm2-est[5.5.907~1-cbed4]:SolveQuadraticProblem<double>():sp-matrix.cc:686) Solving quadratic problem for u: floored 39 eigenvalues. 
LOG (sgmm2-est[5.5.907~1-cbed4]:SolveQuadraticProblem<double>():sp-matrix.cc:686) Solving quadratic problem for u: floored 39 eigenvalues. 
LOG (sgmm2-est[5.5.907~1-cbed4]:SolveQuadraticProblem<double>():sp-matrix.cc:686) Solving quadratic problem for u: floored 39 eigenvalues. 
LOG (sgmm2-est[5.5.907~1-cbed4]:SolveQuadraticProblem<double>():sp-matrix.cc:686) Solving quadratic problem for u: floored 39 eigenvalues. 
LOG (sgmm2-est[5.5.907~1-cbed4]:SolveQuadraticProblem<double>():sp-matrix.cc:686) Solving quadratic problem for u: floored 39 eigenvalues. 
LOG (sgmm2-est[5.5.907~1-cbed4]:SolveQuadraticProblem<double>():sp-matrix.cc:686) Solving quadratic problem for u: floored 39 eigenvalues. 
LOG (sgmm2-est[5.5.907~1-cbed4]:SolveQuadraticProblem<double>():sp-matrix.cc:686) Solving quadratic problem for u: floored 39 eigenvalues. 
LOG (sgmm2-est[5.5.907~1-cbed4]:SolveQuadraticProblem<double>():sp-matrix.cc:686) Solving quadratic problem for u: floored 39 eigenvalues. 
LOG (sgmm2-est[5.5.907~1-cbed4]:SolveQuadraticProblem<double>():sp-matrix.cc:686) Solving quadratic problem for u: floored 39 eigenvalues. 
LOG (sgmm2-est[5.5.907~1-cbed4]:SolveQuadraticProblem<double>():sp-matrix.cc:686) Solving quadratic problem for u: floored 39 eigenvalues. 
LOG (sgmm2-est[5.5.907~1-cbed4]:SolveQuadraticProblem<double>():sp-matrix.cc:686) Solving quadratic problem for u: floored 39 eigenvalues. 
LOG (sgmm2-est[5.5.907~1-cbed4]:SolveQuadraticProblem<double>():sp-matrix.cc:686) Solving quadratic problem for u: floored 39 eigenvalues. 
LOG (sgmm2-est[5.5.907~1-cbed4]:SolveQuadraticProblem<double>():sp-matrix.cc:686) Solving quadratic problem for u: floored 39 eigenvalues. 
LOG (sgmm2-est[5.5.907~1-cbed4]:SolveQuadraticProblem<double>():sp-matrix.cc:686) Solving quadratic problem for u: floored 39 eigenvalues. 
LOG (sgmm2-est[5.5.907~1-cbed4]:SolveQuadraticProblem<double>():sp-matrix.cc:686) Solving quadratic problem for u: floored 39 eigenvalues. 
LOG (sgmm2-est[5.5.907~1-cbed4]:SolveQuadraticProblem<double>():sp-matrix.cc:686) Solving quadratic problem for u: floored 39 eigenvalues. 
LOG (sgmm2-est[5.5.907~1-cbed4]:SolveQuadraticProblem<double>():sp-matrix.cc:686) Solving quadratic problem for u: floored 39 eigenvalues. 
LOG (sgmm2-est[5.5.907~1-cbed4]:SolveQuadraticProblem<double>():sp-matrix.cc:686) Solving quadratic problem for u: floored 39 eigenvalues. 
LOG (sgmm2-est[5.5.907~1-cbed4]:SolveQuadraticProblem<double>():sp-matrix.cc:686) Solving quadratic problem for u: floored 39 eigenvalues. 
LOG (sgmm2-est[5.5.907~1-cbed4]:SolveQuadraticProblem<double>():sp-matrix.cc:686) Solving quadratic problem for u: floored 39 eigenvalues. 
LOG (sgmm2-est[5.5.907~1-cbed4]:SolveQuadraticProblem<double>():sp-matrix.cc:686) Solving quadratic problem for u: floored 39 eigenvalues. 
LOG (sgmm2-est[5.5.907~1-cbed4]:SolveQuadraticProblem<double>():sp-matrix.cc:686) Solving quadratic problem for u: floored 39 eigenvalues. 
LOG (sgmm2-est[5.5.907~1-cbed4]:SolveQuadraticProblem<double>():sp-matrix.cc:686) Solving quadratic problem for u: floored 39 eigenvalues. 
LOG (sgmm2-est[5.5.907~1-cbed4]:SolveQuadraticProblem<double>():sp-matrix.cc:686) Solving quadratic problem for u: floored 39 eigenvalues. 
LOG (sgmm2-est[5.5.907~1-cbed4]:SolveQuadraticProblem<double>():sp-matrix.cc:686) Solving quadratic problem for u: floored 39 eigenvalues. 
LOG (sgmm2-est[5.5.907~1-cbed4]:SolveQuadraticProblem<double>():sp-matrix.cc:686) Solving quadratic problem for u: floored 39 eigenvalues. 
LOG (sgmm2-est[5.5.907~1-cbed4]:SolveQuadraticProblem<double>():sp-matrix.cc:686) Solving quadratic problem for u: floored 39 eigenvalues. 
LOG (sgmm2-est[5.5.907~1-cbed4]:SolveQuadraticProblem<double>():sp-matrix.cc:686) Solving quadratic problem for u: floored 39 eigenvalues. 
LOG (sgmm2-est[5.5.907~1-cbed4]:SolveQuadraticProblem<double>():sp-matrix.cc:686) Solving quadratic problem for u: floored 39 eigenvalues. 
LOG (sgmm2-est[5.5.907~1-cbed4]:SolveQuadraticProblem<double>():sp-matrix.cc:686) Solving quadratic problem for u: floored 39 eigenvalues. 
LOG (sgmm2-est[5.5.907~1-cbed4]:SolveQuadraticProblem<double>():sp-matrix.cc:686) Solving quadratic problem for u: floored 39 eigenvalues. 
LOG (sgmm2-est[5.5.907~1-cbed4]:SolveQuadraticProblem<double>():sp-matrix.cc:686) Solving quadratic problem for u: floored 39 eigenvalues. 
LOG (sgmm2-est[5.5.907~1-cbed4]:SolveQuadraticProblem<double>():sp-matrix.cc:686) Solving quadratic problem for u: floored 39 eigenvalues. 
LOG (sgmm2-est[5.5.907~1-cbed4]:SolveQuadraticProblem<double>():sp-matrix.cc:686) Solving quadratic problem for u: floored 39 eigenvalues. 
LOG (sgmm2-est[5.5.907~1-cbed4]:SolveQuadraticProblem<double>():sp-matrix.cc:686) Solving quadratic problem for u: floored 39 eigenvalues. 
LOG (sgmm2-est[5.5.907~1-cbed4]:SolveQuadraticProblem<double>():sp-matrix.cc:686) Solving quadratic problem for u: floored 39 eigenvalues. 
LOG (sgmm2-est[5.5.907~1-cbed4]:SolveQuadraticProblem<double>():sp-matrix.cc:686) Solving quadratic problem for u: floored 39 eigenvalues. 
LOG (sgmm2-est[5.5.907~1-cbed4]:SolveQuadraticProblem<double>():sp-matrix.cc:686) Solving quadratic problem for u: floored 39 eigenvalues. 
LOG (sgmm2-est[5.5.907~1-cbed4]:SolveQuadraticProblem<double>():sp-matrix.cc:686) Solving quadratic problem for u: floored 39 eigenvalues. 
LOG (sgmm2-est[5.5.907~1-cbed4]:SolveQuadraticProblem<double>():sp-matrix.cc:686) Solving quadratic problem for u: floored 39 eigenvalues. 
LOG (sgmm2-est[5.5.907~1-cbed4]:SolveQuadraticProblem<double>():sp-matrix.cc:686) Solving quadratic problem for u: floored 39 eigenvalues. 
LOG (sgmm2-est[5.5.907~1-cbed4]:SolveQuadraticProblem<double>():sp-matrix.cc:686) Solving quadratic problem for u: floored 39 eigenvalues. 
LOG (sgmm2-est[5.5.907~1-cbed4]:SolveQuadraticProblem<double>():sp-matrix.cc:686) Solving quadratic problem for u: floored 39 eigenvalues. 
LOG (sgmm2-est[5.5.907~1-cbed4]:SolveQuadraticProblem<double>():sp-matrix.cc:686) Solving quadratic problem for u: floored 39 eigenvalues. 
LOG (sgmm2-est[5.5.907~1-cbed4]:SolveQuadraticProblem<double>():sp-matrix.cc:686) Solving quadratic problem for u: floored 39 eigenvalues. 
LOG (sgmm2-est[5.5.907~1-cbed4]:SolveQuadraticProblem<double>():sp-matrix.cc:686) Solving quadratic problem for u: floored 39 eigenvalues. 
LOG (sgmm2-est[5.5.907~1-cbed4]:SolveQuadraticProblem<double>():sp-matrix.cc:686) Solving quadratic problem for u: floored 39 eigenvalues. 
LOG (sgmm2-est[5.5.907~1-cbed4]:SolveQuadraticProblem<double>():sp-matrix.cc:686) Solving quadratic problem for u: floored 39 eigenvalues. 
LOG (sgmm2-est[5.5.907~1-cbed4]:SolveQuadraticProblem<double>():sp-matrix.cc:686) Solving quadratic problem for u: floored 39 eigenvalues. 
LOG (sgmm2-est[5.5.907~1-cbed4]:SolveQuadraticProblem<double>():sp-matrix.cc:686) Solving quadratic problem for u: floored 39 eigenvalues. 
LOG (sgmm2-est[5.5.907~1-cbed4]:SolveQuadraticProblem<double>():sp-matrix.cc:686) Solving quadratic problem for u: floored 39 eigenvalues. 
LOG (sgmm2-est[5.5.907~1-cbed4]:SolveQuadraticProblem<double>():sp-matrix.cc:686) Solving quadratic problem for u: floored 39 eigenvalues. 
LOG (sgmm2-est[5.5.907~1-cbed4]:SolveQuadraticProblem<double>():sp-matrix.cc:686) Solving quadratic problem for u: floored 39 eigenvalues. 
LOG (sgmm2-est[5.5.907~1-cbed4]:SolveQuadraticProblem<double>():sp-matrix.cc:686) Solving quadratic problem for u: floored 39 eigenvalues. 
LOG (sgmm2-est[5.5.907~1-cbed4]:SolveQuadraticProblem<double>():sp-matrix.cc:686) Solving quadratic problem for u: floored 39 eigenvalues. 
LOG (sgmm2-est[5.5.907~1-cbed4]:SolveQuadraticProblem<double>():sp-matrix.cc:686) Solving quadratic problem for u: floored 39 eigenvalues. 
LOG (sgmm2-est[5.5.907~1-cbed4]:SolveQuadraticProblem<double>():sp-matrix.cc:686) Solving quadratic problem for u: floored 39 eigenvalues. 
LOG (sgmm2-est[5.5.907~1-cbed4]:SolveQuadraticProblem<double>():sp-matrix.cc:686) Solving quadratic problem for u: floored 39 eigenvalues. 
LOG (sgmm2-est[5.5.907~1-cbed4]:SolveQuadraticProblem<double>():sp-matrix.cc:686) Solving quadratic problem for u: floored 39 eigenvalues. 
LOG (sgmm2-est[5.5.907~1-cbed4]:SolveQuadraticProblem<double>():sp-matrix.cc:686) Solving quadratic problem for u: floored 39 eigenvalues. 
LOG (sgmm2-est[5.5.907~1-cbed4]:SolveQuadraticProblem<double>():sp-matrix.cc:686) Solving quadratic problem for u: floored 39 eigenvalues. 
LOG (sgmm2-est[5.5.907~1-cbed4]:SolveQuadraticProblem<double>():sp-matrix.cc:686) Solving quadratic problem for u: floored 39 eigenvalues. 
LOG (sgmm2-est[5.5.907~1-cbed4]:SolveQuadraticProblem<double>():sp-matrix.cc:686) Solving quadratic problem for u: floored 39 eigenvalues. 
LOG (sgmm2-est[5.5.907~1-cbed4]:SolveQuadraticProblem<double>():sp-matrix.cc:686) Solving quadratic problem for u: floored 39 eigenvalues. 
LOG (sgmm2-est[5.5.907~1-cbed4]:SolveQuadraticProblem<double>():sp-matrix.cc:686) Solving quadratic problem for u: floored 39 eigenvalues. 
LOG (sgmm2-est[5.5.907~1-cbed4]:SolveQuadraticProblem<double>():sp-matrix.cc:686) Solving quadratic problem for u: floored 39 eigenvalues. 
LOG (sgmm2-est[5.5.907~1-cbed4]:SolveQuadraticProblem<double>():sp-matrix.cc:686) Solving quadratic problem for u: floored 39 eigenvalues. 
LOG (sgmm2-est[5.5.907~1-cbed4]:SolveQuadraticProblem<double>():sp-matrix.cc:686) Solving quadratic problem for u: floored 39 eigenvalues. 
LOG (sgmm2-est[5.5.907~1-cbed4]:SolveQuadraticProblem<double>():sp-matrix.cc:686) Solving quadratic problem for u: floored 39 eigenvalues. 
LOG (sgmm2-est[5.5.907~1-cbed4]:UpdateU():estimate-am-sgmm2.cc:1481) **Overall objf impr for u is 2.62559e-05, over 586021 frames
LOG (sgmm2-est[5.5.907~1-cbed4]:RenormalizeV():estimate-am-sgmm2.cc:969) Scatter of vectors v is : 
LOG (sgmm2-est[5.5.907~1-cbed4]:PrintEigs():matrix/sp-matrix.h:207) PrintEigs: Sigma:  [ 0.997749 1.0087 1.00838 0.998896 0.999421 0.999566 0.999758 0.999889 1.00007 1.00046 1.00047 1.00066 1.00113 1.00141 1.00144 1.00175 1.00188 1.00208 1.00221 1.00236 1.00246 1.00266 1.00272 1.00321 1.00353 1.00365 1.00374 1.00395 1.00441 1.00769 1.00743 1.00482 1.00503 1.00523 1.00539 1.00557 1.00585 1.00595 1.0063 1.0065 1.00665 ]

LOG (sgmm2-est[5.5.907~1-cbed4]:RenormalizeV():estimate-am-sgmm2.cc:991) Note on the next diagnostic: the first number is generally not that meaningful as it relates to the static offset
LOG (sgmm2-est[5.5.907~1-cbed4]:PrintEigs():matrix/sp-matrix.h:207) PrintEigs: H_sm_proj (Significance of dims in vector space.. note):  [ 144.614 21.9619 18.6867 18.2107 16.4203 15.1293 13.5511 13.273 12.2092 11.6843 11.4832 10.4966 10.2904 9.60993 9.502 8.58495 7.96827 7.74182 7.22439 7.08578 6.8704 1.8927 6.51827 2.30454 2.67259 2.8322 3.06808 6.00433 5.72087 5.55352 5.32232 5.2919 4.97034 3.36521 3.59158 4.65122 4.53682 4.05102 3.94462 4.25209 4.17219 ]

LOG (sgmm2-est[5.5.907~1-cbed4]:RenormalizeV():estimate-am-sgmm2.cc:1037) Renormalized subspace.
LOG (sgmm2-est[5.5.907~1-cbed4]:Update():estimate-am-sgmm2.cc:673) *Overall auxf improvement, combining all parameters, is 0.0507365
LOG (sgmm2-est[5.5.907~1-cbed4]:Update():estimate-am-sgmm2.cc:676) ***Overall data likelihood is -41.5051 over 586021 frames.
LOG (sgmm2-est[5.5.907~1-cbed4]:ComputeHsmFromModel():am-sgmm2.cc:1294) total count is 586015
LOG (sgmm2-est[5.5.907~1-cbed4]:SplitSubstates():am-sgmm2.cc:692) Getting rid of normalizers as they will no longer be valid
LOG (sgmm2-est[5.5.907~1-cbed4]:SplitSubstates():am-sgmm2.cc:694) Split 9498 substates to 9499
LOG (sgmm2-est[5.5.907~1-cbed4]:ComputeNormalizers():am-sgmm2.cc:858) Computing normalizers
LOG (sgmm2-est[5.5.907~1-cbed4]:ComputeNormalizers():am-sgmm2.cc:865) Entropy of weights in substates is 2.13965 over 9499 substates, equivalent to perplexity of 8.49645
LOG (sgmm2-est[5.5.907~1-cbed4]:ComputeNormalizers():am-sgmm2.cc:869) Done computing normalizers
LOG (sgmm2-est[5.5.907~1-cbed4]:main():sgmm2-est.cc:158) Written model to exp/sgmm2_4/21.mdl
# Accounting: time=18 threads=1
# Ended (code 0) at Wed Apr 21 07:36:00 PKT 2021, elapsed time 18 seconds
