# gmm-acc-stats-ali exp/tri3a/31.mdl "ark,s,cs:apply-cmvn  --utt2spk=ark:data/train/split3/3/utt2spk scp:data/train/split3/3/cmvn.scp scp:data/train/split3/3/feats.scp ark:- | splice-feats  ark:- ark:- | transform-feats exp/tri3a/12.mat ark:- ark:- |" "ark,s,cs:gunzip -c exp/tri3a/ali.3.gz|" exp/tri3a/31.3.acc 
# Started at Thu Apr 22 16:38:29 PKT 2021
#
gmm-acc-stats-ali exp/tri3a/31.mdl 'ark,s,cs:apply-cmvn  --utt2spk=ark:data/train/split3/3/utt2spk scp:data/train/split3/3/cmvn.scp scp:data/train/split3/3/feats.scp ark:- | splice-feats  ark:- ark:- | transform-feats exp/tri3a/12.mat ark:- ark:- |' 'ark,s,cs:gunzip -c exp/tri3a/ali.3.gz|' exp/tri3a/31.3.acc 
transform-feats exp/tri3a/12.mat ark:- ark:- 
splice-feats ark:- ark:- 
apply-cmvn --utt2spk=ark:data/train/split3/3/utt2spk scp:data/train/split3/3/cmvn.scp scp:data/train/split3/3/feats.scp ark:- 
LOG (gmm-acc-stats-ali[5.5.907~1-cbed4]:main():gmm-acc-stats-ali.cc:105) Processed 50 utterances; for utterance 20030013_050 avg. like is -45.2446 over 612 frames.
LOG (gmm-acc-stats-ali[5.5.907~1-cbed4]:main():gmm-acc-stats-ali.cc:105) Processed 100 utterances; for utterance 20030013_100 avg. like is -48.2867 over 721 frames.
WARNING (gmm-acc-stats-ali[5.5.907~1-cbed4]:main():gmm-acc-stats-ali.cc:79) No alignment for utterance 20030013_136
LOG (gmm-acc-stats-ali[5.5.907~1-cbed4]:main():gmm-acc-stats-ali.cc:105) Processed 150 utterances; for utterance 20030013_151 avg. like is -45.8361 over 772 frames.
LOG (gmm-acc-stats-ali[5.5.907~1-cbed4]:main():gmm-acc-stats-ali.cc:105) Processed 200 utterances; for utterance 20030013_201 avg. like is -47.1408 over 843 frames.
LOG (gmm-acc-stats-ali[5.5.907~1-cbed4]:main():gmm-acc-stats-ali.cc:105) Processed 250 utterances; for utterance 20030013_251 avg. like is -43.0751 over 664 frames.
LOG (gmm-acc-stats-ali[5.5.907~1-cbed4]:main():gmm-acc-stats-ali.cc:105) Processed 300 utterances; for utterance 20030013_301 avg. like is -45.4645 over 811 frames.
LOG (gmm-acc-stats-ali[5.5.907~1-cbed4]:main():gmm-acc-stats-ali.cc:105) Processed 350 utterances; for utterance 20030013_351 avg. like is -41.966 over 881 frames.
LOG (gmm-acc-stats-ali[5.5.907~1-cbed4]:main():gmm-acc-stats-ali.cc:105) Processed 400 utterances; for utterance 20030013_401 avg. like is -42.5761 over 683 frames.
LOG (gmm-acc-stats-ali[5.5.907~1-cbed4]:main():gmm-acc-stats-ali.cc:105) Processed 450 utterances; for utterance 20030013_451 avg. like is -44.1614 over 856 frames.
LOG (gmm-acc-stats-ali[5.5.907~1-cbed4]:main():gmm-acc-stats-ali.cc:105) Processed 500 utterances; for utterance 20030013_501 avg. like is -43.9992 over 670 frames.
LOG (gmm-acc-stats-ali[5.5.907~1-cbed4]:main():gmm-acc-stats-ali.cc:105) Processed 550 utterances; for utterance 20030013_551 avg. like is -41.7382 over 702 frames.
LOG (gmm-acc-stats-ali[5.5.907~1-cbed4]:main():gmm-acc-stats-ali.cc:105) Processed 600 utterances; for utterance 20030013_601 avg. like is -42.6918 over 952 frames.
LOG (gmm-acc-stats-ali[5.5.907~1-cbed4]:main():gmm-acc-stats-ali.cc:105) Processed 650 utterances; for utterance 20030013_651 avg. like is -47.8538 over 548 frames.
LOG (gmm-acc-stats-ali[5.5.907~1-cbed4]:main():gmm-acc-stats-ali.cc:105) Processed 700 utterances; for utterance 20030013_701 avg. like is -42.3923 over 728 frames.
LOG (apply-cmvn[5.5.907~1-cbed4]:main():apply-cmvn.cc:162) Applied cepstral mean normalization to 708 utterances, errors on 0
LOG (transform-feats[5.5.907~1-cbed4]:main():transform-feats.cc:158) Overall average [pseudo-]logdet is -86.6126 over 476113 frames.
LOG (transform-feats[5.5.907~1-cbed4]:main():transform-feats.cc:161) Applied transform to 708 utterances; 0 had errors.
LOG (gmm-acc-stats-ali[5.5.907~1-cbed4]:main():gmm-acc-stats-ali.cc:112) Done 707 files, 1 with errors.
LOG (gmm-acc-stats-ali[5.5.907~1-cbed4]:main():gmm-acc-stats-ali.cc:115) Overall avg like per frame (Gaussian only) = -45.1412 over 475277 frames.
LOG (gmm-acc-stats-ali[5.5.907~1-cbed4]:main():gmm-acc-stats-ali.cc:123) Written accs.
# Accounting: time=14 threads=1
# Ended (code 0) at Thu Apr 22 16:38:43 PKT 2021, elapsed time 14 seconds
