# ali-to-post "ark:gunzip -c exp/tri3a/ali.1.gz|" ark:- | weight-silence-post 0.0 1:2:3:4:5:6:7:8:9:10 exp/tri3a/12.mdl ark:- ark:- | gmm-acc-mllt --rand-prune=4.0 exp/tri3a/12.mdl "ark,s,cs:apply-cmvn  --utt2spk=ark:data/train/split3/1/utt2spk scp:data/train/split3/1/cmvn.scp scp:data/train/split3/1/feats.scp ark:- | splice-feats  ark:- ark:- | transform-feats exp/tri3a/6.mat ark:- ark:- |" ark:- exp/tri3a/12.1.macc 
# Started at Thu Apr 22 16:31:54 PKT 2021
#
ali-to-post 'ark:gunzip -c exp/tri3a/ali.1.gz|' ark:- 
weight-silence-post 0.0 1:2:3:4:5:6:7:8:9:10 exp/tri3a/12.mdl ark:- ark:- 
gmm-acc-mllt --rand-prune=4.0 exp/tri3a/12.mdl 'ark,s,cs:apply-cmvn  --utt2spk=ark:data/train/split3/1/utt2spk scp:data/train/split3/1/cmvn.scp scp:data/train/split3/1/feats.scp ark:- | splice-feats  ark:- ark:- | transform-feats exp/tri3a/6.mat ark:- ark:- |' ark:- exp/tri3a/12.1.macc 
splice-feats ark:- ark:- 
transform-feats exp/tri3a/6.mat ark:- ark:- 
apply-cmvn --utt2spk=ark:data/train/split3/1/utt2spk scp:data/train/split3/1/cmvn.scp scp:data/train/split3/1/feats.scp ark:- 
LOG (gmm-acc-mllt[5.5.907~1-cbed4]:main():gmm-acc-mllt.cc:108) Average like for this file is -59.7432 over 850 frames.
LOG (gmm-acc-mllt[5.5.907~1-cbed4]:main():gmm-acc-mllt.cc:108) Average like for this file is -59.9961 over 820 frames.
LOG (gmm-acc-mllt[5.5.907~1-cbed4]:main():gmm-acc-mllt.cc:108) Average like for this file is -59.7147 over 887 frames.
LOG (gmm-acc-mllt[5.5.907~1-cbed4]:main():gmm-acc-mllt.cc:108) Average like for this file is -58.7717 over 760 frames.
LOG (gmm-acc-mllt[5.5.907~1-cbed4]:main():gmm-acc-mllt.cc:108) Average like for this file is -61.5221 over 823 frames.
LOG (gmm-acc-mllt[5.5.907~1-cbed4]:main():gmm-acc-mllt.cc:108) Average like for this file is -59.7035 over 640 frames.
LOG (gmm-acc-mllt[5.5.907~1-cbed4]:main():gmm-acc-mllt.cc:108) Average like for this file is -59.771 over 677 frames.
LOG (gmm-acc-mllt[5.5.907~1-cbed4]:main():gmm-acc-mllt.cc:108) Average like for this file is -61.1742 over 684 frames.
LOG (gmm-acc-mllt[5.5.907~1-cbed4]:main():gmm-acc-mllt.cc:108) Average like for this file is -56.9177 over 731 frames.
LOG (gmm-acc-mllt[5.5.907~1-cbed4]:main():gmm-acc-mllt.cc:108) Average like for this file is -60.6079 over 654 frames.
LOG (gmm-acc-mllt[5.5.907~1-cbed4]:main():gmm-acc-mllt.cc:114) Avg like per frame so far is -59.7937
LOG (gmm-acc-mllt[5.5.907~1-cbed4]:main():gmm-acc-mllt.cc:108) Average like for this file is -59.1313 over 740 frames.
LOG (gmm-acc-mllt[5.5.907~1-cbed4]:main():gmm-acc-mllt.cc:108) Average like for this file is -61.8186 over 714 frames.
LOG (gmm-acc-mllt[5.5.907~1-cbed4]:main():gmm-acc-mllt.cc:108) Average like for this file is -59.2846 over 906 frames.
LOG (gmm-acc-mllt[5.5.907~1-cbed4]:main():gmm-acc-mllt.cc:108) Average like for this file is -60.7061 over 727 frames.
LOG (gmm-acc-mllt[5.5.907~1-cbed4]:main():gmm-acc-mllt.cc:108) Average like for this file is -56.8049 over 890 frames.
LOG (gmm-acc-mllt[5.5.907~1-cbed4]:main():gmm-acc-mllt.cc:108) Average like for this file is -55.8648 over 641 frames.
LOG (gmm-acc-mllt[5.5.907~1-cbed4]:main():gmm-acc-mllt.cc:108) Average like for this file is -54.834 over 637 frames.
LOG (gmm-acc-mllt[5.5.907~1-cbed4]:main():gmm-acc-mllt.cc:108) Average like for this file is -54.9703 over 729 frames.
LOG (gmm-acc-mllt[5.5.907~1-cbed4]:main():gmm-acc-mllt.cc:108) Average like for this file is -60.0577 over 634 frames.
LOG (gmm-acc-mllt[5.5.907~1-cbed4]:main():gmm-acc-mllt.cc:108) Average like for this file is -57.0258 over 463 frames.
LOG (gmm-acc-mllt[5.5.907~1-cbed4]:main():gmm-acc-mllt.cc:114) Avg like per frame so far is -58.9852
LOG (gmm-acc-mllt[5.5.907~1-cbed4]:main():gmm-acc-mllt.cc:108) Average like for this file is -57.9071 over 398 frames.
LOG (gmm-acc-mllt[5.5.907~1-cbed4]:main():gmm-acc-mllt.cc:108) Average like for this file is -58.1086 over 590 frames.
LOG (gmm-acc-mllt[5.5.907~1-cbed4]:main():gmm-acc-mllt.cc:108) Average like for this file is -59.5853 over 499 frames.
LOG (gmm-acc-mllt[5.5.907~1-cbed4]:main():gmm-acc-mllt.cc:108) Average like for this file is -51.5237 over 618 frames.
LOG (gmm-acc-mllt[5.5.907~1-cbed4]:main():gmm-acc-mllt.cc:108) Average like for this file is -56.822 over 518 frames.
LOG (gmm-acc-mllt[5.5.907~1-cbed4]:main():gmm-acc-mllt.cc:108) Average like for this file is -54.0774 over 762 frames.
LOG (gmm-acc-mllt[5.5.907~1-cbed4]:main():gmm-acc-mllt.cc:108) Average like for this file is -54.9557 over 431 frames.
LOG (gmm-acc-mllt[5.5.907~1-cbed4]:main():gmm-acc-mllt.cc:108) Average like for this file is -54.2191 over 477 frames.
LOG (gmm-acc-mllt[5.5.907~1-cbed4]:main():gmm-acc-mllt.cc:108) Average like for this file is -59.2451 over 573 frames.
LOG (gmm-acc-mllt[5.5.907~1-cbed4]:main():gmm-acc-mllt.cc:108) Average like for this file is -55.2833 over 451 frames.
LOG (gmm-acc-mllt[5.5.907~1-cbed4]:main():gmm-acc-mllt.cc:114) Avg like per frame so far is -58.1997
LOG (gmm-acc-mllt[5.5.907~1-cbed4]:main():gmm-acc-mllt.cc:108) Average like for this file is -58.2673 over 610 frames.
LOG (gmm-acc-mllt[5.5.907~1-cbed4]:main():gmm-acc-mllt.cc:108) Average like for this file is -56.9797 over 606 frames.
LOG (gmm-acc-mllt[5.5.907~1-cbed4]:main():gmm-acc-mllt.cc:108) Average like for this file is -58.8481 over 683 frames.
LOG (gmm-acc-mllt[5.5.907~1-cbed4]:main():gmm-acc-mllt.cc:108) Average like for this file is -54.4572 over 541 frames.
LOG (gmm-acc-mllt[5.5.907~1-cbed4]:main():gmm-acc-mllt.cc:108) Average like for this file is -50.4524 over 605 frames.
LOG (gmm-acc-mllt[5.5.907~1-cbed4]:main():gmm-acc-mllt.cc:108) Average like for this file is -50.4942 over 634 frames.
LOG (gmm-acc-mllt[5.5.907~1-cbed4]:main():gmm-acc-mllt.cc:108) Average like for this file is -62.5155 over 457 frames.
LOG (gmm-acc-mllt[5.5.907~1-cbed4]:main():gmm-acc-mllt.cc:108) Average like for this file is -51.2836 over 721 frames.
LOG (gmm-acc-mllt[5.5.907~1-cbed4]:main():gmm-acc-mllt.cc:108) Average like for this file is -52.8887 over 330 frames.
LOG (gmm-acc-mllt[5.5.907~1-cbed4]:main():gmm-acc-mllt.cc:108) Average like for this file is -53.8741 over 518 frames.
LOG (gmm-acc-mllt[5.5.907~1-cbed4]:main():gmm-acc-mllt.cc:114) Avg like per frame so far is -57.4638
LOG (gmm-acc-mllt[5.5.907~1-cbed4]:main():gmm-acc-mllt.cc:108) Average like for this file is -56.7194 over 446 frames.
LOG (gmm-acc-mllt[5.5.907~1-cbed4]:main():gmm-acc-mllt.cc:108) Average like for this file is -53.0897 over 650 frames.
LOG (gmm-acc-mllt[5.5.907~1-cbed4]:main():gmm-acc-mllt.cc:108) Average like for this file is -52.4211 over 389 frames.
LOG (gmm-acc-mllt[5.5.907~1-cbed4]:main():gmm-acc-mllt.cc:108) Average like for this file is -51.6422 over 736 frames.
LOG (gmm-acc-mllt[5.5.907~1-cbed4]:main():gmm-acc-mllt.cc:108) Average like for this file is -56.9457 over 387 frames.
LOG (gmm-acc-mllt[5.5.907~1-cbed4]:main():gmm-acc-mllt.cc:108) Average like for this file is -56.8316 over 430 frames.
LOG (gmm-acc-mllt[5.5.907~1-cbed4]:main():gmm-acc-mllt.cc:108) Average like for this file is -57.5218 over 613 frames.
LOG (gmm-acc-mllt[5.5.907~1-cbed4]:main():gmm-acc-mllt.cc:108) Average like for this file is -53.5771 over 651 frames.
LOG (gmm-acc-mllt[5.5.907~1-cbed4]:main():gmm-acc-mllt.cc:108) Average like for this file is -55.3338 over 514 frames.
LOG (gmm-acc-mllt[5.5.907~1-cbed4]:main():gmm-acc-mllt.cc:108) Average like for this file is -53.0882 over 645 frames.
LOG (gmm-acc-mllt[5.5.907~1-cbed4]:main():gmm-acc-mllt.cc:114) Avg like per frame so far is -56.9394
LOG (gmm-acc-mllt[5.5.907~1-cbed4]:main():gmm-acc-mllt.cc:108) Average like for this file is -53.8265 over 493 frames.
LOG (gmm-acc-mllt[5.5.907~1-cbed4]:main():gmm-acc-mllt.cc:108) Average like for this file is -54.4965 over 539 frames.
LOG (gmm-acc-mllt[5.5.907~1-cbed4]:main():gmm-acc-mllt.cc:108) Average like for this file is -52.0174 over 558 frames.
LOG (gmm-acc-mllt[5.5.907~1-cbed4]:main():gmm-acc-mllt.cc:108) Average like for this file is -57.0368 over 421 frames.
LOG (gmm-acc-mllt[5.5.907~1-cbed4]:main():gmm-acc-mllt.cc:108) Average like for this file is -55.7071 over 461 frames.
LOG (gmm-acc-mllt[5.5.907~1-cbed4]:main():gmm-acc-mllt.cc:108) Average like for this file is -53.6721 over 547 frames.
LOG (gmm-acc-mllt[5.5.907~1-cbed4]:main():gmm-acc-mllt.cc:108) Average like for this file is -53.873 over 465 frames.
LOG (gmm-acc-mllt[5.5.907~1-cbed4]:main():gmm-acc-mllt.cc:108) Average like for this file is -57.8775 over 448 frames.
LOG (gmm-acc-mllt[5.5.907~1-cbed4]:main():gmm-acc-mllt.cc:108) Average like for this file is -56.2299 over 356 frames.
LOG (gmm-acc-mllt[5.5.907~1-cbed4]:main():gmm-acc-mllt.cc:108) Average like for this file is -54.9142 over 586 frames.
LOG (gmm-acc-mllt[5.5.907~1-cbed4]:main():gmm-acc-mllt.cc:114) Avg like per frame so far is -56.6514
LOG (gmm-acc-mllt[5.5.907~1-cbed4]:main():gmm-acc-mllt.cc:108) Average like for this file is -53.4364 over 445 frames.
LOG (gmm-acc-mllt[5.5.907~1-cbed4]:main():gmm-acc-mllt.cc:108) Average like for this file is -59.3308 over 596 frames.
LOG (gmm-acc-mllt[5.5.907~1-cbed4]:main():gmm-acc-mllt.cc:108) Average like for this file is -65.9657 over 314 frames.
LOG (gmm-acc-mllt[5.5.907~1-cbed4]:main():gmm-acc-mllt.cc:108) Average like for this file is -69.6667 over 354 frames.
LOG (gmm-acc-mllt[5.5.907~1-cbed4]:main():gmm-acc-mllt.cc:108) Average like for this file is -47.5168 over 733 frames.
LOG (gmm-acc-mllt[5.5.907~1-cbed4]:main():gmm-acc-mllt.cc:108) Average like for this file is -63.0028 over 512 frames.
LOG (gmm-acc-mllt[5.5.907~1-cbed4]:main():gmm-acc-mllt.cc:108) Average like for this file is -57.2986 over 676 frames.
LOG (gmm-acc-mllt[5.5.907~1-cbed4]:main():gmm-acc-mllt.cc:108) Average like for this file is -56.8538 over 440 frames.
LOG (gmm-acc-mllt[5.5.907~1-cbed4]:main():gmm-acc-mllt.cc:108) Average like for this file is -52.7761 over 456 frames.
LOG (gmm-acc-mllt[5.5.907~1-cbed4]:main():gmm-acc-mllt.cc:108) Average like for this file is -54.997 over 620 frames.
LOG (gmm-acc-mllt[5.5.907~1-cbed4]:main():gmm-acc-mllt.cc:114) Avg like per frame so far is -56.6998
LOG (gmm-acc-mllt[5.5.907~1-cbed4]:main():gmm-acc-mllt.cc:108) Average like for this file is -56.8357 over 480 frames.
LOG (gmm-acc-mllt[5.5.907~1-cbed4]:main():gmm-acc-mllt.cc:108) Average like for this file is -58.218 over 811 frames.
LOG (gmm-acc-mllt[5.5.907~1-cbed4]:main():gmm-acc-mllt.cc:108) Average like for this file is -61.6902 over 429 frames.
LOG (gmm-acc-mllt[5.5.907~1-cbed4]:main():gmm-acc-mllt.cc:108) Average like for this file is -60.3414 over 383 frames.
LOG (gmm-acc-mllt[5.5.907~1-cbed4]:main():gmm-acc-mllt.cc:108) Average like for this file is -56.5406 over 666 frames.
LOG (gmm-acc-mllt[5.5.907~1-cbed4]:main():gmm-acc-mllt.cc:108) Average like for this file is -56.1659 over 861 frames.
LOG (gmm-acc-mllt[5.5.907~1-cbed4]:main():gmm-acc-mllt.cc:108) Average like for this file is -56.818 over 555 frames.
LOG (gmm-acc-mllt[5.5.907~1-cbed4]:main():gmm-acc-mllt.cc:108) Average like for this file is -59.3239 over 481 frames.
LOG (gmm-acc-mllt[5.5.907~1-cbed4]:main():gmm-acc-mllt.cc:108) Average like for this file is -56.4703 over 418 frames.
LOG (gmm-acc-mllt[5.5.907~1-cbed4]:main():gmm-acc-mllt.cc:108) Average like for this file is -56.3002 over 499 frames.
LOG (gmm-acc-mllt[5.5.907~1-cbed4]:main():gmm-acc-mllt.cc:114) Avg like per frame so far is -56.8132
LOG (gmm-acc-mllt[5.5.907~1-cbed4]:main():gmm-acc-mllt.cc:108) Average like for this file is -58.568 over 442 frames.
LOG (gmm-acc-mllt[5.5.907~1-cbed4]:main():gmm-acc-mllt.cc:108) Average like for this file is -57.3457 over 654 frames.
LOG (gmm-acc-mllt[5.5.907~1-cbed4]:main():gmm-acc-mllt.cc:108) Average like for this file is -57.0074 over 705 frames.
LOG (gmm-acc-mllt[5.5.907~1-cbed4]:main():gmm-acc-mllt.cc:108) Average like for this file is -56.5811 over 762 frames.
LOG (gmm-acc-mllt[5.5.907~1-cbed4]:main():gmm-acc-mllt.cc:108) Average like for this file is -58.1964 over 677 frames.
LOG (gmm-acc-mllt[5.5.907~1-cbed4]:main():gmm-acc-mllt.cc:108) Average like for this file is -57.3686 over 1032 frames.
LOG (gmm-acc-mllt[5.5.907~1-cbed4]:main():gmm-acc-mllt.cc:108) Average like for this file is -55.3837 over 818 frames.
LOG (gmm-acc-mllt[5.5.907~1-cbed4]:main():gmm-acc-mllt.cc:108) Average like for this file is -58.8116 over 574 frames.
LOG (gmm-acc-mllt[5.5.907~1-cbed4]:main():gmm-acc-mllt.cc:108) Average like for this file is -55.7899 over 716 frames.
LOG (gmm-acc-mllt[5.5.907~1-cbed4]:main():gmm-acc-mllt.cc:108) Average like for this file is -56.2021 over 581 frames.
LOG (gmm-acc-mllt[5.5.907~1-cbed4]:main():gmm-acc-mllt.cc:114) Avg like per frame so far is -56.8409
LOG (gmm-acc-mllt[5.5.907~1-cbed4]:main():gmm-acc-mllt.cc:108) Average like for this file is -57.273 over 677 frames.
LOG (gmm-acc-mllt[5.5.907~1-cbed4]:main():gmm-acc-mllt.cc:108) Average like for this file is -56.3131 over 600 frames.
LOG (gmm-acc-mllt[5.5.907~1-cbed4]:main():gmm-acc-mllt.cc:108) Average like for this file is -59.4756 over 412 frames.
LOG (gmm-acc-mllt[5.5.907~1-cbed4]:main():gmm-acc-mllt.cc:108) Average like for this file is -56.0459 over 494 frames.
LOG (gmm-acc-mllt[5.5.907~1-cbed4]:main():gmm-acc-mllt.cc:108) Average like for this file is -57.5191 over 782 frames.
LOG (gmm-acc-mllt[5.5.907~1-cbed4]:main():gmm-acc-mllt.cc:108) Average like for this file is -60.045 over 737 frames.
LOG (gmm-acc-mllt[5.5.907~1-cbed4]:main():gmm-acc-mllt.cc:108) Average like for this file is -56.9034 over 584 frames.
LOG (gmm-acc-mllt[5.5.907~1-cbed4]:main():gmm-acc-mllt.cc:108) Average like for this file is -53.7395 over 767 frames.
LOG (gmm-acc-mllt[5.5.907~1-cbed4]:main():gmm-acc-mllt.cc:108) Average like for this file is -58.8471 over 867 frames.
LOG (gmm-acc-mllt[5.5.907~1-cbed4]:main():gmm-acc-mllt.cc:108) Average like for this file is -61.5415 over 637 frames.
LOG (gmm-acc-mllt[5.5.907~1-cbed4]:main():gmm-acc-mllt.cc:114) Avg like per frame so far is -56.9397
LOG (gmm-acc-mllt[5.5.907~1-cbed4]:main():gmm-acc-mllt.cc:108) Average like for this file is -55.3111 over 707 frames.
LOG (gmm-acc-mllt[5.5.907~1-cbed4]:main():gmm-acc-mllt.cc:108) Average like for this file is -57.7032 over 540 frames.
LOG (gmm-acc-mllt[5.5.907~1-cbed4]:main():gmm-acc-mllt.cc:108) Average like for this file is -54.6019 over 719 frames.
LOG (gmm-acc-mllt[5.5.907~1-cbed4]:main():gmm-acc-mllt.cc:108) Average like for this file is -53.8574 over 715 frames.
LOG (gmm-acc-mllt[5.5.907~1-cbed4]:main():gmm-acc-mllt.cc:108) Average like for this file is -54.146 over 1046 frames.
LOG (gmm-acc-mllt[5.5.907~1-cbed4]:main():gmm-acc-mllt.cc:108) Average like for this file is -46.875 over 1292 frames.
LOG (gmm-acc-mllt[5.5.907~1-cbed4]:main():gmm-acc-mllt.cc:108) Average like for this file is -51.8043 over 831 frames.
LOG (gmm-acc-mllt[5.5.907~1-cbed4]:main():gmm-acc-mllt.cc:108) Average like for this file is -55.7798 over 813 frames.
LOG (gmm-acc-mllt[5.5.907~1-cbed4]:main():gmm-acc-mllt.cc:108) Average like for this file is -56.3551 over 703 frames.
LOG (gmm-acc-mllt[5.5.907~1-cbed4]:main():gmm-acc-mllt.cc:108) Average like for this file is -58.1876 over 651 frames.
LOG (gmm-acc-mllt[5.5.907~1-cbed4]:main():gmm-acc-mllt.cc:114) Avg like per frame so far is -56.5681
LOG (gmm-acc-mllt[5.5.907~1-cbed4]:main():gmm-acc-mllt.cc:108) Average like for this file is -56.5229 over 565 frames.
LOG (gmm-acc-mllt[5.5.907~1-cbed4]:main():gmm-acc-mllt.cc:108) Average like for this file is -56.7661 over 433 frames.
LOG (gmm-acc-mllt[5.5.907~1-cbed4]:main():gmm-acc-mllt.cc:108) Average like for this file is -58.2404 over 518 frames.
LOG (gmm-acc-mllt[5.5.907~1-cbed4]:main():gmm-acc-mllt.cc:108) Average like for this file is -53.9513 over 649 frames.
LOG (gmm-acc-mllt[5.5.907~1-cbed4]:main():gmm-acc-mllt.cc:108) Average like for this file is -58.1891 over 590 frames.
LOG (gmm-acc-mllt[5.5.907~1-cbed4]:main():gmm-acc-mllt.cc:108) Average like for this file is -64.6722 over 797 frames.
LOG (gmm-acc-mllt[5.5.907~1-cbed4]:main():gmm-acc-mllt.cc:108) Average like for this file is -59.1945 over 366 frames.
LOG (gmm-acc-mllt[5.5.907~1-cbed4]:main():gmm-acc-mllt.cc:108) Average like for this file is -53.0877 over 936 frames.
LOG (gmm-acc-mllt[5.5.907~1-cbed4]:main():gmm-acc-mllt.cc:108) Average like for this file is -57.9974 over 716 frames.
LOG (gmm-acc-mllt[5.5.907~1-cbed4]:main():gmm-acc-mllt.cc:108) Average like for this file is -57.225 over 689 frames.
LOG (gmm-acc-mllt[5.5.907~1-cbed4]:main():gmm-acc-mllt.cc:114) Avg like per frame so far is -56.6462
LOG (gmm-acc-mllt[5.5.907~1-cbed4]:main():gmm-acc-mllt.cc:108) Average like for this file is -58.5133 over 560 frames.
LOG (gmm-acc-mllt[5.5.907~1-cbed4]:main():gmm-acc-mllt.cc:108) Average like for this file is -56.1376 over 437 frames.
LOG (gmm-acc-mllt[5.5.907~1-cbed4]:main():gmm-acc-mllt.cc:108) Average like for this file is -54.7021 over 381 frames.
LOG (gmm-acc-mllt[5.5.907~1-cbed4]:main():gmm-acc-mllt.cc:108) Average like for this file is -54.9963 over 632 frames.
LOG (gmm-acc-mllt[5.5.907~1-cbed4]:main():gmm-acc-mllt.cc:108) Average like for this file is -56.2163 over 697 frames.
LOG (gmm-acc-mllt[5.5.907~1-cbed4]:main():gmm-acc-mllt.cc:108) Average like for this file is -52.0716 over 480 frames.
LOG (gmm-acc-mllt[5.5.907~1-cbed4]:main():gmm-acc-mllt.cc:108) Average like for this file is -50.861 over 739 frames.
LOG (gmm-acc-mllt[5.5.907~1-cbed4]:main():gmm-acc-mllt.cc:108) Average like for this file is -56.0797 over 724 frames.
LOG (gmm-acc-mllt[5.5.907~1-cbed4]:main():gmm-acc-mllt.cc:108) Average like for this file is -52.9164 over 668 frames.
LOG (gmm-acc-mllt[5.5.907~1-cbed4]:main():gmm-acc-mllt.cc:108) Average like for this file is -52.6857 over 609 frames.
LOG (gmm-acc-mllt[5.5.907~1-cbed4]:main():gmm-acc-mllt.cc:114) Avg like per frame so far is -56.484
LOG (gmm-acc-mllt[5.5.907~1-cbed4]:main():gmm-acc-mllt.cc:108) Average like for this file is -52.8039 over 884 frames.
LOG (gmm-acc-mllt[5.5.907~1-cbed4]:main():gmm-acc-mllt.cc:108) Average like for this file is -52.9907 over 394 frames.
LOG (gmm-acc-mllt[5.5.907~1-cbed4]:main():gmm-acc-mllt.cc:108) Average like for this file is -52.9058 over 588 frames.
LOG (gmm-acc-mllt[5.5.907~1-cbed4]:main():gmm-acc-mllt.cc:108) Average like for this file is -50.8746 over 803 frames.
LOG (gmm-acc-mllt[5.5.907~1-cbed4]:main():gmm-acc-mllt.cc:108) Average like for this file is -49.6442 over 785 frames.
LOG (gmm-acc-mllt[5.5.907~1-cbed4]:main():gmm-acc-mllt.cc:108) Average like for this file is -51.0603 over 892 frames.
LOG (gmm-acc-mllt[5.5.907~1-cbed4]:main():gmm-acc-mllt.cc:108) Average like for this file is -53.4221 over 801 frames.
LOG (gmm-acc-mllt[5.5.907~1-cbed4]:main():gmm-acc-mllt.cc:108) Average like for this file is -54.8036 over 554 frames.
LOG (gmm-acc-mllt[5.5.907~1-cbed4]:main():gmm-acc-mllt.cc:108) Average like for this file is -54.5015 over 888 frames.
LOG (gmm-acc-mllt[5.5.907~1-cbed4]:main():gmm-acc-mllt.cc:108) Average like for this file is -49.8001 over 693 frames.
LOG (gmm-acc-mllt[5.5.907~1-cbed4]:main():gmm-acc-mllt.cc:114) Avg like per frame so far is -56.128
LOG (gmm-acc-mllt[5.5.907~1-cbed4]:main():gmm-acc-mllt.cc:108) Average like for this file is -55.9652 over 597 frames.
LOG (gmm-acc-mllt[5.5.907~1-cbed4]:main():gmm-acc-mllt.cc:108) Average like for this file is -55.2856 over 534 frames.
LOG (gmm-acc-mllt[5.5.907~1-cbed4]:main():gmm-acc-mllt.cc:108) Average like for this file is -56.6528 over 403 frames.
LOG (gmm-acc-mllt[5.5.907~1-cbed4]:main():gmm-acc-mllt.cc:108) Average like for this file is -52.4574 over 743 frames.
LOG (gmm-acc-mllt[5.5.907~1-cbed4]:main():gmm-acc-mllt.cc:108) Average like for this file is -52.8099 over 601 frames.
LOG (gmm-acc-mllt[5.5.907~1-cbed4]:main():gmm-acc-mllt.cc:108) Average like for this file is -53.515 over 605 frames.
LOG (gmm-acc-mllt[5.5.907~1-cbed4]:main():gmm-acc-mllt.cc:108) Average like for this file is -49.8062 over 699 frames.
LOG (gmm-acc-mllt[5.5.907~1-cbed4]:main():gmm-acc-mllt.cc:108) Average like for this file is -55.6779 over 750 frames.
LOG (gmm-acc-mllt[5.5.907~1-cbed4]:main():gmm-acc-mllt.cc:108) Average like for this file is -57.6238 over 588 frames.
LOG (gmm-acc-mllt[5.5.907~1-cbed4]:main():gmm-acc-mllt.cc:108) Average like for this file is -54.0647 over 779 frames.
LOG (gmm-acc-mllt[5.5.907~1-cbed4]:main():gmm-acc-mllt.cc:114) Avg like per frame so far is -55.999
LOG (gmm-acc-mllt[5.5.907~1-cbed4]:main():gmm-acc-mllt.cc:108) Average like for this file is -51.7031 over 765 frames.
LOG (gmm-acc-mllt[5.5.907~1-cbed4]:main():gmm-acc-mllt.cc:108) Average like for this file is -54.1311 over 509 frames.
LOG (gmm-acc-mllt[5.5.907~1-cbed4]:main():gmm-acc-mllt.cc:108) Average like for this file is -52.8301 over 488 frames.
LOG (gmm-acc-mllt[5.5.907~1-cbed4]:main():gmm-acc-mllt.cc:108) Average like for this file is -56.2969 over 695 frames.
LOG (gmm-acc-mllt[5.5.907~1-cbed4]:main():gmm-acc-mllt.cc:108) Average like for this file is -55.6908 over 789 frames.
LOG (gmm-acc-mllt[5.5.907~1-cbed4]:main():gmm-acc-mllt.cc:108) Average like for this file is -51.4778 over 894 frames.
LOG (gmm-acc-mllt[5.5.907~1-cbed4]:main():gmm-acc-mllt.cc:108) Average like for this file is -50.9135 over 795 frames.
LOG (gmm-acc-mllt[5.5.907~1-cbed4]:main():gmm-acc-mllt.cc:108) Average like for this file is -52.3674 over 753 frames.
LOG (gmm-acc-mllt[5.5.907~1-cbed4]:main():gmm-acc-mllt.cc:108) Average like for this file is -54.5313 over 988 frames.
LOG (gmm-acc-mllt[5.5.907~1-cbed4]:main():gmm-acc-mllt.cc:108) Average like for this file is -54.2463 over 620 frames.
LOG (gmm-acc-mllt[5.5.907~1-cbed4]:main():gmm-acc-mllt.cc:114) Avg like per frame so far is -55.8097
LOG (gmm-acc-mllt[5.5.907~1-cbed4]:main():gmm-acc-mllt.cc:108) Average like for this file is -54.1323 over 951 frames.
LOG (gmm-acc-mllt[5.5.907~1-cbed4]:main():gmm-acc-mllt.cc:108) Average like for this file is -54.2742 over 881 frames.
LOG (gmm-acc-mllt[5.5.907~1-cbed4]:main():gmm-acc-mllt.cc:108) Average like for this file is -53.2795 over 810 frames.
LOG (gmm-acc-mllt[5.5.907~1-cbed4]:main():gmm-acc-mllt.cc:108) Average like for this file is -54.4136 over 809 frames.
LOG (gmm-acc-mllt[5.5.907~1-cbed4]:main():gmm-acc-mllt.cc:108) Average like for this file is -53.055 over 948 frames.
LOG (gmm-acc-mllt[5.5.907~1-cbed4]:main():gmm-acc-mllt.cc:108) Average like for this file is -53.4521 over 839 frames.
LOG (gmm-acc-mllt[5.5.907~1-cbed4]:main():gmm-acc-mllt.cc:108) Average like for this file is -51.5619 over 656 frames.
LOG (gmm-acc-mllt[5.5.907~1-cbed4]:main():gmm-acc-mllt.cc:108) Average like for this file is -50.4011 over 702 frames.
LOG (gmm-acc-mllt[5.5.907~1-cbed4]:main():gmm-acc-mllt.cc:108) Average like for this file is -53.1234 over 648 frames.
LOG (gmm-acc-mllt[5.5.907~1-cbed4]:main():gmm-acc-mllt.cc:108) Average like for this file is -50.0925 over 737 frames.
LOG (gmm-acc-mllt[5.5.907~1-cbed4]:main():gmm-acc-mllt.cc:114) Avg like per frame so far is -55.5969
LOG (gmm-acc-mllt[5.5.907~1-cbed4]:main():gmm-acc-mllt.cc:108) Average like for this file is -48.2399 over 596 frames.
LOG (gmm-acc-mllt[5.5.907~1-cbed4]:main():gmm-acc-mllt.cc:108) Average like for this file is -51.9696 over 840 frames.
LOG (gmm-acc-mllt[5.5.907~1-cbed4]:main():gmm-acc-mllt.cc:108) Average like for this file is -52.9426 over 597 frames.
LOG (gmm-acc-mllt[5.5.907~1-cbed4]:main():gmm-acc-mllt.cc:108) Average like for this file is -50.0328 over 910 frames.
LOG (gmm-acc-mllt[5.5.907~1-cbed4]:main():gmm-acc-mllt.cc:108) Average like for this file is -50.4307 over 851 frames.
LOG (gmm-acc-mllt[5.5.907~1-cbed4]:main():gmm-acc-mllt.cc:108) Average like for this file is -52.2252 over 889 frames.
LOG (gmm-acc-mllt[5.5.907~1-cbed4]:main():gmm-acc-mllt.cc:108) Average like for this file is -52.9354 over 822 frames.
LOG (gmm-acc-mllt[5.5.907~1-cbed4]:main():gmm-acc-mllt.cc:108) Average like for this file is -53.033 over 726 frames.
LOG (gmm-acc-mllt[5.5.907~1-cbed4]:main():gmm-acc-mllt.cc:108) Average like for this file is -49.1946 over 978 frames.
LOG (gmm-acc-mllt[5.5.907~1-cbed4]:main():gmm-acc-mllt.cc:108) Average like for this file is -50.1919 over 1025 frames.
LOG (gmm-acc-mllt[5.5.907~1-cbed4]:main():gmm-acc-mllt.cc:114) Avg like per frame so far is -55.2793
LOG (gmm-acc-mllt[5.5.907~1-cbed4]:main():gmm-acc-mllt.cc:108) Average like for this file is -53.9952 over 814 frames.
LOG (gmm-acc-mllt[5.5.907~1-cbed4]:main():gmm-acc-mllt.cc:108) Average like for this file is -52.0237 over 791 frames.
LOG (gmm-acc-mllt[5.5.907~1-cbed4]:main():gmm-acc-mllt.cc:108) Average like for this file is -50.9216 over 988 frames.
LOG (gmm-acc-mllt[5.5.907~1-cbed4]:main():gmm-acc-mllt.cc:108) Average like for this file is -53.0828 over 927 frames.
LOG (gmm-acc-mllt[5.5.907~1-cbed4]:main():gmm-acc-mllt.cc:108) Average like for this file is -51.6957 over 820 frames.
LOG (gmm-acc-mllt[5.5.907~1-cbed4]:main():gmm-acc-mllt.cc:108) Average like for this file is -50.2088 over 628 frames.
LOG (gmm-acc-mllt[5.5.907~1-cbed4]:main():gmm-acc-mllt.cc:108) Average like for this file is -50.6668 over 750 frames.
LOG (gmm-acc-mllt[5.5.907~1-cbed4]:main():gmm-acc-mllt.cc:108) Average like for this file is -53.5479 over 823 frames.
LOG (gmm-acc-mllt[5.5.907~1-cbed4]:main():gmm-acc-mllt.cc:108) Average like for this file is -51.1957 over 988 frames.
LOG (gmm-acc-mllt[5.5.907~1-cbed4]:main():gmm-acc-mllt.cc:108) Average like for this file is -52.101 over 766 frames.
LOG (gmm-acc-mllt[5.5.907~1-cbed4]:main():gmm-acc-mllt.cc:114) Avg like per frame so far is -55.0612
LOG (gmm-acc-mllt[5.5.907~1-cbed4]:main():gmm-acc-mllt.cc:108) Average like for this file is -47.1046 over 1022 frames.
LOG (gmm-acc-mllt[5.5.907~1-cbed4]:main():gmm-acc-mllt.cc:108) Average like for this file is -48.1801 over 688 frames.
LOG (gmm-acc-mllt[5.5.907~1-cbed4]:main():gmm-acc-mllt.cc:108) Average like for this file is -47.9727 over 882 frames.
LOG (gmm-acc-mllt[5.5.907~1-cbed4]:main():gmm-acc-mllt.cc:108) Average like for this file is -45.5833 over 809 frames.
LOG (gmm-acc-mllt[5.5.907~1-cbed4]:main():gmm-acc-mllt.cc:108) Average like for this file is -45.5308 over 920 frames.
LOG (gmm-acc-mllt[5.5.907~1-cbed4]:main():gmm-acc-mllt.cc:108) Average like for this file is -47.099 over 975 frames.
LOG (gmm-acc-mllt[5.5.907~1-cbed4]:main():gmm-acc-mllt.cc:108) Average like for this file is -46.6454 over 971 frames.
LOG (gmm-acc-mllt[5.5.907~1-cbed4]:main():gmm-acc-mllt.cc:108) Average like for this file is -47.7488 over 764 frames.
LOG (gmm-acc-mllt[5.5.907~1-cbed4]:main():gmm-acc-mllt.cc:108) Average like for this file is -49.1124 over 908 frames.
LOG (gmm-acc-mllt[5.5.907~1-cbed4]:main():gmm-acc-mllt.cc:108) Average like for this file is -51.1638 over 528 frames.
LOG (gmm-acc-mllt[5.5.907~1-cbed4]:main():gmm-acc-mllt.cc:114) Avg like per frame so far is -54.5805
LOG (gmm-acc-mllt[5.5.907~1-cbed4]:main():gmm-acc-mllt.cc:108) Average like for this file is -45.9565 over 1055 frames.
LOG (gmm-acc-mllt[5.5.907~1-cbed4]:main():gmm-acc-mllt.cc:108) Average like for this file is -49.0695 over 784 frames.
LOG (gmm-acc-mllt[5.5.907~1-cbed4]:main():gmm-acc-mllt.cc:108) Average like for this file is -47.8315 over 895 frames.
LOG (gmm-acc-mllt[5.5.907~1-cbed4]:main():gmm-acc-mllt.cc:108) Average like for this file is -47.2134 over 852 frames.
LOG (gmm-acc-mllt[5.5.907~1-cbed4]:main():gmm-acc-mllt.cc:108) Average like for this file is -46.651 over 1077 frames.
LOG (gmm-acc-mllt[5.5.907~1-cbed4]:main():gmm-acc-mllt.cc:108) Average like for this file is -45.1184 over 863 frames.
LOG (gmm-acc-mllt[5.5.907~1-cbed4]:main():gmm-acc-mllt.cc:108) Average like for this file is -45.7996 over 1025 frames.
LOG (gmm-acc-mllt[5.5.907~1-cbed4]:main():gmm-acc-mllt.cc:108) Average like for this file is -47.4377 over 890 frames.
LOG (gmm-acc-mllt[5.5.907~1-cbed4]:main():gmm-acc-mllt.cc:108) Average like for this file is -47.2491 over 1127 frames.
LOG (gmm-acc-mllt[5.5.907~1-cbed4]:main():gmm-acc-mllt.cc:108) Average like for this file is -46.6538 over 1132 frames.
LOG (gmm-acc-mllt[5.5.907~1-cbed4]:main():gmm-acc-mllt.cc:114) Avg like per frame so far is -54.0593
LOG (gmm-acc-mllt[5.5.907~1-cbed4]:main():gmm-acc-mllt.cc:108) Average like for this file is -46.8162 over 1117 frames.
LOG (gmm-acc-mllt[5.5.907~1-cbed4]:main():gmm-acc-mllt.cc:108) Average like for this file is -47.6763 over 758 frames.
LOG (gmm-acc-mllt[5.5.907~1-cbed4]:main():gmm-acc-mllt.cc:108) Average like for this file is -46.9909 over 1001 frames.
LOG (gmm-acc-mllt[5.5.907~1-cbed4]:main():gmm-acc-mllt.cc:108) Average like for this file is -50.0514 over 601 frames.
LOG (gmm-acc-mllt[5.5.907~1-cbed4]:main():gmm-acc-mllt.cc:108) Average like for this file is -48.6802 over 807 frames.
LOG (gmm-acc-mllt[5.5.907~1-cbed4]:main():gmm-acc-mllt.cc:108) Average like for this file is -46.7466 over 1351 frames.
LOG (gmm-acc-mllt[5.5.907~1-cbed4]:main():gmm-acc-mllt.cc:108) Average like for this file is -47.4752 over 895 frames.
LOG (gmm-acc-mllt[5.5.907~1-cbed4]:main():gmm-acc-mllt.cc:108) Average like for this file is -47.828 over 722 frames.
LOG (gmm-acc-mllt[5.5.907~1-cbed4]:main():gmm-acc-mllt.cc:108) Average like for this file is -46.7704 over 811 frames.
LOG (gmm-acc-mllt[5.5.907~1-cbed4]:main():gmm-acc-mllt.cc:108) Average like for this file is -45.557 over 878 frames.
LOG (gmm-acc-mllt[5.5.907~1-cbed4]:main():gmm-acc-mllt.cc:114) Avg like per frame so far is -53.6643
LOG (gmm-acc-mllt[5.5.907~1-cbed4]:main():gmm-acc-mllt.cc:108) Average like for this file is -47.946 over 398 frames.
LOG (gmm-acc-mllt[5.5.907~1-cbed4]:main():gmm-acc-mllt.cc:108) Average like for this file is -49.9924 over 660 frames.
LOG (gmm-acc-mllt[5.5.907~1-cbed4]:main():gmm-acc-mllt.cc:108) Average like for this file is -47.7105 over 664 frames.
LOG (gmm-acc-mllt[5.5.907~1-cbed4]:main():gmm-acc-mllt.cc:108) Average like for this file is -47.1016 over 682 frames.
LOG (gmm-acc-mllt[5.5.907~1-cbed4]:main():gmm-acc-mllt.cc:108) Average like for this file is -47.246 over 782 frames.
LOG (gmm-acc-mllt[5.5.907~1-cbed4]:main():gmm-acc-mllt.cc:108) Average like for this file is -46.9049 over 744 frames.
LOG (gmm-acc-mllt[5.5.907~1-cbed4]:main():gmm-acc-mllt.cc:108) Average like for this file is -46.2415 over 1037 frames.
LOG (gmm-acc-mllt[5.5.907~1-cbed4]:main():gmm-acc-mllt.cc:108) Average like for this file is -48.8403 over 616 frames.
LOG (gmm-acc-mllt[5.5.907~1-cbed4]:main():gmm-acc-mllt.cc:108) Average like for this file is -50.0603 over 846 frames.
LOG (gmm-acc-mllt[5.5.907~1-cbed4]:main():gmm-acc-mllt.cc:108) Average like for this file is -47.1178 over 1070 frames.
LOG (gmm-acc-mllt[5.5.907~1-cbed4]:main():gmm-acc-mllt.cc:114) Avg like per frame so far is -53.3906
LOG (gmm-acc-mllt[5.5.907~1-cbed4]:main():gmm-acc-mllt.cc:108) Average like for this file is -46.0951 over 916 frames.
LOG (gmm-acc-mllt[5.5.907~1-cbed4]:main():gmm-acc-mllt.cc:108) Average like for this file is -47.7353 over 978 frames.
LOG (gmm-acc-mllt[5.5.907~1-cbed4]:main():gmm-acc-mllt.cc:108) Average like for this file is -47.1412 over 467 frames.
LOG (gmm-acc-mllt[5.5.907~1-cbed4]:main():gmm-acc-mllt.cc:108) Average like for this file is -46.1667 over 809 frames.
LOG (gmm-acc-mllt[5.5.907~1-cbed4]:main():gmm-acc-mllt.cc:108) Average like for this file is -49.9588 over 830 frames.
LOG (gmm-acc-mllt[5.5.907~1-cbed4]:main():gmm-acc-mllt.cc:108) Average like for this file is -48.1504 over 807 frames.
LOG (gmm-acc-mllt[5.5.907~1-cbed4]:main():gmm-acc-mllt.cc:108) Average like for this file is -48.9739 over 817 frames.
LOG (gmm-acc-mllt[5.5.907~1-cbed4]:main():gmm-acc-mllt.cc:108) Average like for this file is -48.9426 over 906 frames.
LOG (gmm-acc-mllt[5.5.907~1-cbed4]:main():gmm-acc-mllt.cc:108) Average like for this file is -47.4608 over 741 frames.
LOG (gmm-acc-mllt[5.5.907~1-cbed4]:main():gmm-acc-mllt.cc:108) Average like for this file is -46.0409 over 719 frames.
LOG (gmm-acc-mllt[5.5.907~1-cbed4]:main():gmm-acc-mllt.cc:114) Avg like per frame so far is -53.1212
LOG (gmm-acc-mllt[5.5.907~1-cbed4]:main():gmm-acc-mllt.cc:108) Average like for this file is -48.1933 over 794 frames.
LOG (gmm-acc-mllt[5.5.907~1-cbed4]:main():gmm-acc-mllt.cc:108) Average like for this file is -48.9691 over 900 frames.
LOG (gmm-acc-mllt[5.5.907~1-cbed4]:main():gmm-acc-mllt.cc:108) Average like for this file is -46.9145 over 957 frames.
LOG (gmm-acc-mllt[5.5.907~1-cbed4]:main():gmm-acc-mllt.cc:108) Average like for this file is -46.5905 over 996 frames.
LOG (gmm-acc-mllt[5.5.907~1-cbed4]:main():gmm-acc-mllt.cc:108) Average like for this file is -48.3974 over 919 frames.
LOG (gmm-acc-mllt[5.5.907~1-cbed4]:main():gmm-acc-mllt.cc:108) Average like for this file is -48.4373 over 861 frames.
LOG (gmm-acc-mllt[5.5.907~1-cbed4]:main():gmm-acc-mllt.cc:108) Average like for this file is -48.1674 over 819 frames.
LOG (gmm-acc-mllt[5.5.907~1-cbed4]:main():gmm-acc-mllt.cc:108) Average like for this file is -46.5905 over 979 frames.
LOG (gmm-acc-mllt[5.5.907~1-cbed4]:main():gmm-acc-mllt.cc:108) Average like for this file is -48.4734 over 752 frames.
LOG (gmm-acc-mllt[5.5.907~1-cbed4]:main():gmm-acc-mllt.cc:108) Average like for this file is -46.2134 over 906 frames.
LOG (gmm-acc-mllt[5.5.907~1-cbed4]:main():gmm-acc-mllt.cc:114) Avg like per frame so far is -52.8467
LOG (gmm-acc-mllt[5.5.907~1-cbed4]:main():gmm-acc-mllt.cc:108) Average like for this file is -47.791 over 859 frames.
LOG (gmm-acc-mllt[5.5.907~1-cbed4]:main():gmm-acc-mllt.cc:108) Average like for this file is -49.276 over 661 frames.
LOG (gmm-acc-mllt[5.5.907~1-cbed4]:main():gmm-acc-mllt.cc:108) Average like for this file is -48.6372 over 1030 frames.
LOG (gmm-acc-mllt[5.5.907~1-cbed4]:main():gmm-acc-mllt.cc:108) Average like for this file is -46.6022 over 923 frames.
LOG (gmm-acc-mllt[5.5.907~1-cbed4]:main():gmm-acc-mllt.cc:108) Average like for this file is -48.5608 over 657 frames.
LOG (gmm-acc-mllt[5.5.907~1-cbed4]:main():gmm-acc-mllt.cc:108) Average like for this file is -48.7157 over 775 frames.
LOG (gmm-acc-mllt[5.5.907~1-cbed4]:main():gmm-acc-mllt.cc:108) Average like for this file is -49.6841 over 873 frames.
LOG (gmm-acc-mllt[5.5.907~1-cbed4]:main():gmm-acc-mllt.cc:108) Average like for this file is -45.0884 over 878 frames.
LOG (gmm-acc-mllt[5.5.907~1-cbed4]:main():gmm-acc-mllt.cc:108) Average like for this file is -47.8466 over 936 frames.
LOG (gmm-acc-mllt[5.5.907~1-cbed4]:main():gmm-acc-mllt.cc:108) Average like for this file is -47.6408 over 713 frames.
LOG (gmm-acc-mllt[5.5.907~1-cbed4]:main():gmm-acc-mllt.cc:114) Avg like per frame so far is -52.6269
LOG (gmm-acc-mllt[5.5.907~1-cbed4]:main():gmm-acc-mllt.cc:108) Average like for this file is -47.5362 over 1007 frames.
LOG (gmm-acc-mllt[5.5.907~1-cbed4]:main():gmm-acc-mllt.cc:108) Average like for this file is -47.4836 over 913 frames.
LOG (gmm-acc-mllt[5.5.907~1-cbed4]:main():gmm-acc-mllt.cc:108) Average like for this file is -46.664 over 1101 frames.
LOG (gmm-acc-mllt[5.5.907~1-cbed4]:main():gmm-acc-mllt.cc:108) Average like for this file is -47.3614 over 722 frames.
LOG (gmm-acc-mllt[5.5.907~1-cbed4]:main():gmm-acc-mllt.cc:108) Average like for this file is -45.164 over 861 frames.
LOG (gmm-acc-mllt[5.5.907~1-cbed4]:main():gmm-acc-mllt.cc:108) Average like for this file is -48.8397 over 770 frames.
LOG (gmm-acc-mllt[5.5.907~1-cbed4]:main():gmm-acc-mllt.cc:108) Average like for this file is -47.0483 over 715 frames.
LOG (gmm-acc-mllt[5.5.907~1-cbed4]:main():gmm-acc-mllt.cc:108) Average like for this file is -47.2825 over 800 frames.
LOG (gmm-acc-mllt[5.5.907~1-cbed4]:main():gmm-acc-mllt.cc:108) Average like for this file is -46.5205 over 892 frames.
LOG (gmm-acc-mllt[5.5.907~1-cbed4]:main():gmm-acc-mllt.cc:108) Average like for this file is -48.1832 over 890 frames.
LOG (gmm-acc-mllt[5.5.907~1-cbed4]:main():gmm-acc-mllt.cc:114) Avg like per frame so far is -52.3839
LOG (gmm-acc-mllt[5.5.907~1-cbed4]:main():gmm-acc-mllt.cc:108) Average like for this file is -46.6091 over 881 frames.
LOG (gmm-acc-mllt[5.5.907~1-cbed4]:main():gmm-acc-mllt.cc:108) Average like for this file is -46.9109 over 933 frames.
LOG (gmm-acc-mllt[5.5.907~1-cbed4]:main():gmm-acc-mllt.cc:108) Average like for this file is -48.9556 over 1071 frames.
LOG (gmm-acc-mllt[5.5.907~1-cbed4]:main():gmm-acc-mllt.cc:108) Average like for this file is -50.2257 over 713 frames.
LOG (gmm-acc-mllt[5.5.907~1-cbed4]:main():gmm-acc-mllt.cc:108) Average like for this file is -47.6718 over 1303 frames.
LOG (gmm-acc-mllt[5.5.907~1-cbed4]:main():gmm-acc-mllt.cc:108) Average like for this file is -48.0402 over 1093 frames.
LOG (gmm-acc-mllt[5.5.907~1-cbed4]:main():gmm-acc-mllt.cc:108) Average like for this file is -48.88 over 913 frames.
LOG (gmm-acc-mllt[5.5.907~1-cbed4]:main():gmm-acc-mllt.cc:108) Average like for this file is -50.2208 over 659 frames.
LOG (gmm-acc-mllt[5.5.907~1-cbed4]:main():gmm-acc-mllt.cc:108) Average like for this file is -49.8798 over 761 frames.
LOG (gmm-acc-mllt[5.5.907~1-cbed4]:main():gmm-acc-mllt.cc:108) Average like for this file is -49.5648 over 874 frames.
LOG (gmm-acc-mllt[5.5.907~1-cbed4]:main():gmm-acc-mllt.cc:114) Avg like per frame so far is -52.2105
LOG (gmm-acc-mllt[5.5.907~1-cbed4]:main():gmm-acc-mllt.cc:108) Average like for this file is -49.1679 over 913 frames.
LOG (gmm-acc-mllt[5.5.907~1-cbed4]:main():gmm-acc-mllt.cc:108) Average like for this file is -50.172 over 800 frames.
LOG (gmm-acc-mllt[5.5.907~1-cbed4]:main():gmm-acc-mllt.cc:108) Average like for this file is -47.6755 over 1005 frames.
LOG (gmm-acc-mllt[5.5.907~1-cbed4]:main():gmm-acc-mllt.cc:108) Average like for this file is -45.4344 over 943 frames.
LOG (gmm-acc-mllt[5.5.907~1-cbed4]:main():gmm-acc-mllt.cc:108) Average like for this file is -47.6704 over 688 frames.
LOG (gmm-acc-mllt[5.5.907~1-cbed4]:main():gmm-acc-mllt.cc:108) Average like for this file is -49.1366 over 880 frames.
LOG (gmm-acc-mllt[5.5.907~1-cbed4]:main():gmm-acc-mllt.cc:108) Average like for this file is -51.0057 over 833 frames.
LOG (gmm-acc-mllt[5.5.907~1-cbed4]:main():gmm-acc-mllt.cc:108) Average like for this file is -49.0564 over 988 frames.
LOG (gmm-acc-mllt[5.5.907~1-cbed4]:main():gmm-acc-mllt.cc:108) Average like for this file is -49.931 over 1039 frames.
LOG (gmm-acc-mllt[5.5.907~1-cbed4]:main():gmm-acc-mllt.cc:108) Average like for this file is -47.0564 over 684 frames.
LOG (gmm-acc-mllt[5.5.907~1-cbed4]:main():gmm-acc-mllt.cc:114) Avg like per frame so far is -52.0635
LOG (gmm-acc-mllt[5.5.907~1-cbed4]:main():gmm-acc-mllt.cc:108) Average like for this file is -48.7806 over 1126 frames.
LOG (gmm-acc-mllt[5.5.907~1-cbed4]:main():gmm-acc-mllt.cc:108) Average like for this file is -48.7318 over 1059 frames.
LOG (gmm-acc-mllt[5.5.907~1-cbed4]:main():gmm-acc-mllt.cc:108) Average like for this file is -50.4532 over 957 frames.
LOG (gmm-acc-mllt[5.5.907~1-cbed4]:main():gmm-acc-mllt.cc:108) Average like for this file is -47.8303 over 1214 frames.
LOG (gmm-acc-mllt[5.5.907~1-cbed4]:main():gmm-acc-mllt.cc:108) Average like for this file is -51.5559 over 892 frames.
LOG (gmm-acc-mllt[5.5.907~1-cbed4]:main():gmm-acc-mllt.cc:108) Average like for this file is -47.5775 over 1202 frames.
LOG (gmm-acc-mllt[5.5.907~1-cbed4]:main():gmm-acc-mllt.cc:108) Average like for this file is -50.2459 over 822 frames.
LOG (gmm-acc-mllt[5.5.907~1-cbed4]:main():gmm-acc-mllt.cc:108) Average like for this file is -49.558 over 962 frames.
LOG (gmm-acc-mllt[5.5.907~1-cbed4]:main():gmm-acc-mllt.cc:108) Average like for this file is -50.6791 over 709 frames.
LOG (gmm-acc-mllt[5.5.907~1-cbed4]:main():gmm-acc-mllt.cc:108) Average like for this file is -48.0582 over 855 frames.
LOG (gmm-acc-mllt[5.5.907~1-cbed4]:main():gmm-acc-mllt.cc:114) Avg like per frame so far is -51.9371
LOG (gmm-acc-mllt[5.5.907~1-cbed4]:main():gmm-acc-mllt.cc:108) Average like for this file is -49.4662 over 902 frames.
LOG (gmm-acc-mllt[5.5.907~1-cbed4]:main():gmm-acc-mllt.cc:108) Average like for this file is -51.1359 over 807 frames.
LOG (gmm-acc-mllt[5.5.907~1-cbed4]:main():gmm-acc-mllt.cc:108) Average like for this file is -49.4414 over 817 frames.
LOG (gmm-acc-mllt[5.5.907~1-cbed4]:main():gmm-acc-mllt.cc:108) Average like for this file is -48.8027 over 740 frames.
LOG (gmm-acc-mllt[5.5.907~1-cbed4]:main():gmm-acc-mllt.cc:108) Average like for this file is -47.0135 over 888 frames.
LOG (gmm-acc-mllt[5.5.907~1-cbed4]:main():gmm-acc-mllt.cc:108) Average like for this file is -50.8047 over 624 frames.
LOG (gmm-acc-mllt[5.5.907~1-cbed4]:main():gmm-acc-mllt.cc:108) Average like for this file is -47.2932 over 732 frames.
LOG (gmm-acc-mllt[5.5.907~1-cbed4]:main():gmm-acc-mllt.cc:108) Average like for this file is -49.655 over 811 frames.
LOG (gmm-acc-mllt[5.5.907~1-cbed4]:main():gmm-acc-mllt.cc:108) Average like for this file is -48.2922 over 827 frames.
LOG (gmm-acc-mllt[5.5.907~1-cbed4]:main():gmm-acc-mllt.cc:108) Average like for this file is -49.3321 over 963 frames.
LOG (gmm-acc-mllt[5.5.907~1-cbed4]:main():gmm-acc-mllt.cc:114) Avg like per frame so far is -51.8368
LOG (gmm-acc-mllt[5.5.907~1-cbed4]:main():gmm-acc-mllt.cc:108) Average like for this file is -45.6813 over 1273 frames.
LOG (gmm-acc-mllt[5.5.907~1-cbed4]:main():gmm-acc-mllt.cc:108) Average like for this file is -49.8483 over 733 frames.
LOG (gmm-acc-mllt[5.5.907~1-cbed4]:main():gmm-acc-mllt.cc:108) Average like for this file is -48.6775 over 855 frames.
LOG (gmm-acc-mllt[5.5.907~1-cbed4]:main():gmm-acc-mllt.cc:108) Average like for this file is -47.7027 over 800 frames.
LOG (gmm-acc-mllt[5.5.907~1-cbed4]:main():gmm-acc-mllt.cc:108) Average like for this file is -52.2944 over 998 frames.
LOG (gmm-acc-mllt[5.5.907~1-cbed4]:main():gmm-acc-mllt.cc:108) Average like for this file is -49.437 over 1326 frames.
LOG (gmm-acc-mllt[5.5.907~1-cbed4]:main():gmm-acc-mllt.cc:108) Average like for this file is -48.8061 over 954 frames.
LOG (gmm-acc-mllt[5.5.907~1-cbed4]:main():gmm-acc-mllt.cc:108) Average like for this file is -50.2431 over 989 frames.
LOG (gmm-acc-mllt[5.5.907~1-cbed4]:main():gmm-acc-mllt.cc:108) Average like for this file is -48.8016 over 1111 frames.
LOG (gmm-acc-mllt[5.5.907~1-cbed4]:main():gmm-acc-mllt.cc:108) Average like for this file is -49.7124 over 938 frames.
LOG (gmm-acc-mllt[5.5.907~1-cbed4]:main():gmm-acc-mllt.cc:114) Avg like per frame so far is -51.7208
LOG (gmm-acc-mllt[5.5.907~1-cbed4]:main():gmm-acc-mllt.cc:108) Average like for this file is -46.0071 over 868 frames.
LOG (gmm-acc-mllt[5.5.907~1-cbed4]:main():gmm-acc-mllt.cc:108) Average like for this file is -47.1972 over 1084 frames.
LOG (gmm-acc-mllt[5.5.907~1-cbed4]:main():gmm-acc-mllt.cc:108) Average like for this file is -48.4525 over 964 frames.
LOG (gmm-acc-mllt[5.5.907~1-cbed4]:main():gmm-acc-mllt.cc:108) Average like for this file is -47.1655 over 940 frames.
LOG (gmm-acc-mllt[5.5.907~1-cbed4]:main():gmm-acc-mllt.cc:108) Average like for this file is -47.0319 over 804 frames.
LOG (gmm-acc-mllt[5.5.907~1-cbed4]:main():gmm-acc-mllt.cc:108) Average like for this file is -47.2384 over 852 frames.
LOG (gmm-acc-mllt[5.5.907~1-cbed4]:main():gmm-acc-mllt.cc:108) Average like for this file is -48.3675 over 1009 frames.
LOG (gmm-acc-mllt[5.5.907~1-cbed4]:main():gmm-acc-mllt.cc:108) Average like for this file is -49.3031 over 1068 frames.
LOG (gmm-acc-mllt[5.5.907~1-cbed4]:main():gmm-acc-mllt.cc:108) Average like for this file is -48.665 over 930 frames.
LOG (gmm-acc-mllt[5.5.907~1-cbed4]:main():gmm-acc-mllt.cc:108) Average like for this file is -47.301 over 967 frames.
LOG (gmm-acc-mllt[5.5.907~1-cbed4]:main():gmm-acc-mllt.cc:114) Avg like per frame so far is -51.5687
LOG (gmm-acc-mllt[5.5.907~1-cbed4]:main():gmm-acc-mllt.cc:108) Average like for this file is -47.2872 over 909 frames.
LOG (gmm-acc-mllt[5.5.907~1-cbed4]:main():gmm-acc-mllt.cc:108) Average like for this file is -49.6224 over 767 frames.
LOG (gmm-acc-mllt[5.5.907~1-cbed4]:main():gmm-acc-mllt.cc:108) Average like for this file is -50.4683 over 784 frames.
LOG (gmm-acc-mllt[5.5.907~1-cbed4]:main():gmm-acc-mllt.cc:108) Average like for this file is -48.2106 over 1060 frames.
LOG (gmm-acc-mllt[5.5.907~1-cbed4]:main():gmm-acc-mllt.cc:108) Average like for this file is -46.8499 over 778 frames.
LOG (gmm-acc-mllt[5.5.907~1-cbed4]:main():gmm-acc-mllt.cc:108) Average like for this file is -49.7207 over 691 frames.
LOG (gmm-acc-mllt[5.5.907~1-cbed4]:main():gmm-acc-mllt.cc:108) Average like for this file is -47.3573 over 1182 frames.
LOG (gmm-acc-mllt[5.5.907~1-cbed4]:main():gmm-acc-mllt.cc:108) Average like for this file is -48.7101 over 851 frames.
LOG (gmm-acc-mllt[5.5.907~1-cbed4]:main():gmm-acc-mllt.cc:108) Average like for this file is -49.7203 over 825 frames.
LOG (gmm-acc-mllt[5.5.907~1-cbed4]:main():gmm-acc-mllt.cc:108) Average like for this file is -47.9057 over 1161 frames.
LOG (gmm-acc-mllt[5.5.907~1-cbed4]:main():gmm-acc-mllt.cc:114) Avg like per frame so far is -51.4606
LOG (gmm-acc-mllt[5.5.907~1-cbed4]:main():gmm-acc-mllt.cc:108) Average like for this file is -47.8461 over 1675 frames.
LOG (gmm-acc-mllt[5.5.907~1-cbed4]:main():gmm-acc-mllt.cc:108) Average like for this file is -50.1186 over 976 frames.
LOG (gmm-acc-mllt[5.5.907~1-cbed4]:main():gmm-acc-mllt.cc:108) Average like for this file is -50.4028 over 865 frames.
LOG (gmm-acc-mllt[5.5.907~1-cbed4]:main():gmm-acc-mllt.cc:108) Average like for this file is -49.9329 over 1371 frames.
LOG (gmm-acc-mllt[5.5.907~1-cbed4]:main():gmm-acc-mllt.cc:108) Average like for this file is -47.1517 over 1340 frames.
LOG (gmm-acc-mllt[5.5.907~1-cbed4]:main():gmm-acc-mllt.cc:108) Average like for this file is -48.582 over 1020 frames.
LOG (gmm-acc-mllt[5.5.907~1-cbed4]:main():gmm-acc-mllt.cc:108) Average like for this file is -49.3139 over 1031 frames.
LOG (gmm-acc-mllt[5.5.907~1-cbed4]:main():gmm-acc-mllt.cc:108) Average like for this file is -48.7086 over 1082 frames.
LOG (gmm-acc-mllt[5.5.907~1-cbed4]:main():gmm-acc-mllt.cc:108) Average like for this file is -47.7141 over 1251 frames.
LOG (gmm-acc-mllt[5.5.907~1-cbed4]:main():gmm-acc-mllt.cc:108) Average like for this file is -50.922 over 652 frames.
LOG (gmm-acc-mllt[5.5.907~1-cbed4]:main():gmm-acc-mllt.cc:114) Avg like per frame so far is -51.352
LOG (gmm-acc-mllt[5.5.907~1-cbed4]:main():gmm-acc-mllt.cc:108) Average like for this file is -49.0515 over 1022 frames.
LOG (gmm-acc-mllt[5.5.907~1-cbed4]:main():gmm-acc-mllt.cc:108) Average like for this file is -49.2574 over 1022 frames.
LOG (gmm-acc-mllt[5.5.907~1-cbed4]:main():gmm-acc-mllt.cc:108) Average like for this file is -49.0823 over 1344 frames.
LOG (gmm-acc-mllt[5.5.907~1-cbed4]:main():gmm-acc-mllt.cc:108) Average like for this file is -50.9684 over 624 frames.
LOG (gmm-acc-mllt[5.5.907~1-cbed4]:main():gmm-acc-mllt.cc:108) Average like for this file is -50.8315 over 1791 frames.
LOG (gmm-acc-mllt[5.5.907~1-cbed4]:main():gmm-acc-mllt.cc:108) Average like for this file is -48.8132 over 800 frames.
LOG (gmm-acc-mllt[5.5.907~1-cbed4]:main():gmm-acc-mllt.cc:108) Average like for this file is -46.3743 over 672 frames.
LOG (gmm-acc-mllt[5.5.907~1-cbed4]:main():gmm-acc-mllt.cc:108) Average like for this file is -46.4039 over 492 frames.
LOG (gmm-acc-mllt[5.5.907~1-cbed4]:main():gmm-acc-mllt.cc:108) Average like for this file is -47.808 over 616 frames.
LOG (gmm-acc-mllt[5.5.907~1-cbed4]:main():gmm-acc-mllt.cc:108) Average like for this file is -47.7044 over 778 frames.
LOG (gmm-acc-mllt[5.5.907~1-cbed4]:main():gmm-acc-mllt.cc:114) Avg like per frame so far is -51.2748
LOG (gmm-acc-mllt[5.5.907~1-cbed4]:main():gmm-acc-mllt.cc:108) Average like for this file is -51.0411 over 531 frames.
LOG (gmm-acc-mllt[5.5.907~1-cbed4]:main():gmm-acc-mllt.cc:108) Average like for this file is -49.3824 over 460 frames.
LOG (gmm-acc-mllt[5.5.907~1-cbed4]:main():gmm-acc-mllt.cc:108) Average like for this file is -49.3012 over 421 frames.
LOG (gmm-acc-mllt[5.5.907~1-cbed4]:main():gmm-acc-mllt.cc:108) Average like for this file is -48.6791 over 443 frames.
LOG (gmm-acc-mllt[5.5.907~1-cbed4]:main():gmm-acc-mllt.cc:108) Average like for this file is -46.9541 over 706 frames.
LOG (gmm-acc-mllt[5.5.907~1-cbed4]:main():gmm-acc-mllt.cc:108) Average like for this file is -48.0802 over 478 frames.
LOG (gmm-acc-mllt[5.5.907~1-cbed4]:main():gmm-acc-mllt.cc:108) Average like for this file is -47.6393 over 508 frames.
LOG (gmm-acc-mllt[5.5.907~1-cbed4]:main():gmm-acc-mllt.cc:108) Average like for this file is -50.7497 over 335 frames.
LOG (gmm-acc-mllt[5.5.907~1-cbed4]:main():gmm-acc-mllt.cc:108) Average like for this file is -49.3648 over 574 frames.
LOG (gmm-acc-mllt[5.5.907~1-cbed4]:main():gmm-acc-mllt.cc:108) Average like for this file is -51.8647 over 478 frames.
LOG (gmm-acc-mllt[5.5.907~1-cbed4]:main():gmm-acc-mllt.cc:114) Avg like per frame so far is -51.2382
LOG (gmm-acc-mllt[5.5.907~1-cbed4]:main():gmm-acc-mllt.cc:108) Average like for this file is -46.5038 over 714 frames.
LOG (gmm-acc-mllt[5.5.907~1-cbed4]:main():gmm-acc-mllt.cc:108) Average like for this file is -49.1213 over 402 frames.
LOG (gmm-acc-mllt[5.5.907~1-cbed4]:main():gmm-acc-mllt.cc:108) Average like for this file is -47.4655 over 590 frames.
LOG (gmm-acc-mllt[5.5.907~1-cbed4]:main():gmm-acc-mllt.cc:108) Average like for this file is -48.7672 over 470 frames.
LOG (gmm-acc-mllt[5.5.907~1-cbed4]:main():gmm-acc-mllt.cc:108) Average like for this file is -51.5475 over 621 frames.
LOG (gmm-acc-mllt[5.5.907~1-cbed4]:main():gmm-acc-mllt.cc:108) Average like for this file is -47.8961 over 732 frames.
LOG (gmm-acc-mllt[5.5.907~1-cbed4]:main():gmm-acc-mllt.cc:108) Average like for this file is -48.2144 over 487 frames.
LOG (gmm-acc-mllt[5.5.907~1-cbed4]:main():gmm-acc-mllt.cc:108) Average like for this file is -50.4588 over 664 frames.
LOG (gmm-acc-mllt[5.5.907~1-cbed4]:main():gmm-acc-mllt.cc:108) Average like for this file is -50.4206 over 381 frames.
LOG (gmm-acc-mllt[5.5.907~1-cbed4]:main():gmm-acc-mllt.cc:108) Average like for this file is -48.7379 over 833 frames.
LOG (gmm-acc-mllt[5.5.907~1-cbed4]:main():gmm-acc-mllt.cc:114) Avg like per frame so far is -51.189
LOG (gmm-acc-mllt[5.5.907~1-cbed4]:main():gmm-acc-mllt.cc:108) Average like for this file is -46.7994 over 722 frames.
LOG (gmm-acc-mllt[5.5.907~1-cbed4]:main():gmm-acc-mllt.cc:108) Average like for this file is -47.1571 over 782 frames.
LOG (gmm-acc-mllt[5.5.907~1-cbed4]:main():gmm-acc-mllt.cc:108) Average like for this file is -50.8532 over 566 frames.
LOG (gmm-acc-mllt[5.5.907~1-cbed4]:main():gmm-acc-mllt.cc:108) Average like for this file is -48.4362 over 852 frames.
LOG (gmm-acc-mllt[5.5.907~1-cbed4]:main():gmm-acc-mllt.cc:108) Average like for this file is -48.4905 over 743 frames.
LOG (gmm-acc-mllt[5.5.907~1-cbed4]:main():gmm-acc-mllt.cc:108) Average like for this file is -49.2163 over 813 frames.
LOG (gmm-acc-mllt[5.5.907~1-cbed4]:main():gmm-acc-mllt.cc:108) Average like for this file is -46.3692 over 737 frames.
LOG (gmm-acc-mllt[5.5.907~1-cbed4]:main():gmm-acc-mllt.cc:108) Average like for this file is -49.5099 over 964 frames.
LOG (gmm-acc-mllt[5.5.907~1-cbed4]:main():gmm-acc-mllt.cc:108) Average like for this file is -49.3049 over 1178 frames.
LOG (gmm-acc-mllt[5.5.907~1-cbed4]:main():gmm-acc-mllt.cc:108) Average like for this file is -48.5792 over 968 frames.
LOG (gmm-acc-mllt[5.5.907~1-cbed4]:main():gmm-acc-mllt.cc:114) Avg like per frame so far is -51.114
LOG (gmm-acc-mllt[5.5.907~1-cbed4]:main():gmm-acc-mllt.cc:108) Average like for this file is -50.0598 over 1534 frames.
LOG (gmm-acc-mllt[5.5.907~1-cbed4]:main():gmm-acc-mllt.cc:108) Average like for this file is -48.9823 over 573 frames.
LOG (gmm-acc-mllt[5.5.907~1-cbed4]:main():gmm-acc-mllt.cc:108) Average like for this file is -50.9899 over 866 frames.
LOG (gmm-acc-mllt[5.5.907~1-cbed4]:main():gmm-acc-mllt.cc:108) Average like for this file is -52.8191 over 641 frames.
LOG (gmm-acc-mllt[5.5.907~1-cbed4]:main():gmm-acc-mllt.cc:108) Average like for this file is -48.9901 over 996 frames.
LOG (gmm-acc-mllt[5.5.907~1-cbed4]:main():gmm-acc-mllt.cc:108) Average like for this file is -50.5865 over 1118 frames.
LOG (gmm-acc-mllt[5.5.907~1-cbed4]:main():gmm-acc-mllt.cc:108) Average like for this file is -49.1101 over 965 frames.
LOG (gmm-acc-mllt[5.5.907~1-cbed4]:main():gmm-acc-mllt.cc:108) Average like for this file is -48.1129 over 676 frames.
LOG (gmm-acc-mllt[5.5.907~1-cbed4]:main():gmm-acc-mllt.cc:108) Average like for this file is -50.2306 over 398 frames.
LOG (gmm-acc-mllt[5.5.907~1-cbed4]:main():gmm-acc-mllt.cc:108) Average like for this file is -50.1337 over 602 frames.
LOG (gmm-acc-mllt[5.5.907~1-cbed4]:main():gmm-acc-mllt.cc:114) Avg like per frame so far is -51.0831
LOG (gmm-acc-mllt[5.5.907~1-cbed4]:main():gmm-acc-mllt.cc:108) Average like for this file is -48.354 over 744 frames.
LOG (gmm-acc-mllt[5.5.907~1-cbed4]:main():gmm-acc-mllt.cc:108) Average like for this file is -50.4557 over 550 frames.
LOG (gmm-acc-mllt[5.5.907~1-cbed4]:main():gmm-acc-mllt.cc:108) Average like for this file is -48.1121 over 402 frames.
LOG (gmm-acc-mllt[5.5.907~1-cbed4]:main():gmm-acc-mllt.cc:108) Average like for this file is -49.7752 over 592 frames.
LOG (gmm-acc-mllt[5.5.907~1-cbed4]:main():gmm-acc-mllt.cc:108) Average like for this file is -52.5945 over 675 frames.
LOG (gmm-acc-mllt[5.5.907~1-cbed4]:main():gmm-acc-mllt.cc:108) Average like for this file is -51.9425 over 429 frames.
LOG (gmm-acc-mllt[5.5.907~1-cbed4]:main():gmm-acc-mllt.cc:108) Average like for this file is -51.3232 over 818 frames.
LOG (gmm-acc-mllt[5.5.907~1-cbed4]:main():gmm-acc-mllt.cc:108) Average like for this file is -48.6563 over 829 frames.
LOG (gmm-acc-mllt[5.5.907~1-cbed4]:main():gmm-acc-mllt.cc:108) Average like for this file is -48.9493 over 945 frames.
LOG (gmm-acc-mllt[5.5.907~1-cbed4]:main():gmm-acc-mllt.cc:108) Average like for this file is -47.1895 over 997 frames.
LOG (gmm-acc-mllt[5.5.907~1-cbed4]:main():gmm-acc-mllt.cc:114) Avg like per frame so far is -51.0491
LOG (gmm-acc-mllt[5.5.907~1-cbed4]:main():gmm-acc-mllt.cc:108) Average like for this file is -49.1745 over 1092 frames.
LOG (gmm-acc-mllt[5.5.907~1-cbed4]:main():gmm-acc-mllt.cc:108) Average like for this file is -47.2075 over 685 frames.
LOG (gmm-acc-mllt[5.5.907~1-cbed4]:main():gmm-acc-mllt.cc:108) Average like for this file is -47.9407 over 930 frames.
LOG (gmm-acc-mllt[5.5.907~1-cbed4]:main():gmm-acc-mllt.cc:108) Average like for this file is -46.9792 over 945 frames.
LOG (gmm-acc-mllt[5.5.907~1-cbed4]:main():gmm-acc-mllt.cc:108) Average like for this file is -48.686 over 1028 frames.
LOG (gmm-acc-mllt[5.5.907~1-cbed4]:main():gmm-acc-mllt.cc:108) Average like for this file is -48.3048 over 1173 frames.
LOG (gmm-acc-mllt[5.5.907~1-cbed4]:main():gmm-acc-mllt.cc:108) Average like for this file is -48.6856 over 892 frames.
LOG (gmm-acc-mllt[5.5.907~1-cbed4]:main():gmm-acc-mllt.cc:108) Average like for this file is -48.393 over 689 frames.
LOG (gmm-acc-mllt[5.5.907~1-cbed4]:main():gmm-acc-mllt.cc:108) Average like for this file is -49.9188 over 753 frames.
LOG (gmm-acc-mllt[5.5.907~1-cbed4]:main():gmm-acc-mllt.cc:108) Average like for this file is -48.4994 over 683 frames.
LOG (gmm-acc-mllt[5.5.907~1-cbed4]:main():gmm-acc-mllt.cc:114) Avg like per frame so far is -50.9759
LOG (gmm-acc-mllt[5.5.907~1-cbed4]:main():gmm-acc-mllt.cc:108) Average like for this file is -47.5212 over 809 frames.
LOG (gmm-acc-mllt[5.5.907~1-cbed4]:main():gmm-acc-mllt.cc:108) Average like for this file is -45.701 over 712 frames.
LOG (gmm-acc-mllt[5.5.907~1-cbed4]:main():gmm-acc-mllt.cc:108) Average like for this file is -50.6887 over 635 frames.
LOG (gmm-acc-mllt[5.5.907~1-cbed4]:main():gmm-acc-mllt.cc:108) Average like for this file is -49.4175 over 731 frames.
LOG (gmm-acc-mllt[5.5.907~1-cbed4]:main():gmm-acc-mllt.cc:108) Average like for this file is -48.9049 over 1011 frames.
LOG (gmm-acc-mllt[5.5.907~1-cbed4]:main():gmm-acc-mllt.cc:108) Average like for this file is -50.9397 over 979 frames.
LOG (gmm-acc-mllt[5.5.907~1-cbed4]:main():gmm-acc-mllt.cc:108) Average like for this file is -51.5836 over 892 frames.
LOG (gmm-acc-mllt[5.5.907~1-cbed4]:main():gmm-acc-mllt.cc:108) Average like for this file is -48.4835 over 928 frames.
LOG (gmm-acc-mllt[5.5.907~1-cbed4]:main():gmm-acc-mllt.cc:108) Average like for this file is -48.7172 over 717 frames.
LOG (gmm-acc-mllt[5.5.907~1-cbed4]:main():gmm-acc-mllt.cc:108) Average like for this file is -48.6962 over 1643 frames.
LOG (gmm-acc-mllt[5.5.907~1-cbed4]:main():gmm-acc-mllt.cc:114) Avg like per frame so far is -50.9242
LOG (gmm-acc-mllt[5.5.907~1-cbed4]:main():gmm-acc-mllt.cc:108) Average like for this file is -51.7375 over 792 frames.
LOG (gmm-acc-mllt[5.5.907~1-cbed4]:main():gmm-acc-mllt.cc:108) Average like for this file is -49.8285 over 877 frames.
LOG (gmm-acc-mllt[5.5.907~1-cbed4]:main():gmm-acc-mllt.cc:108) Average like for this file is -50.8241 over 964 frames.
LOG (gmm-acc-mllt[5.5.907~1-cbed4]:main():gmm-acc-mllt.cc:108) Average like for this file is -48.8135 over 984 frames.
LOG (gmm-acc-mllt[5.5.907~1-cbed4]:main():gmm-acc-mllt.cc:108) Average like for this file is -48.3019 over 1204 frames.
LOG (gmm-acc-mllt[5.5.907~1-cbed4]:main():gmm-acc-mllt.cc:108) Average like for this file is -47.2378 over 1034 frames.
LOG (gmm-acc-mllt[5.5.907~1-cbed4]:main():gmm-acc-mllt.cc:108) Average like for this file is -49.7569 over 1094 frames.
LOG (gmm-acc-mllt[5.5.907~1-cbed4]:main():gmm-acc-mllt.cc:108) Average like for this file is -49.9626 over 543 frames.
LOG (gmm-acc-mllt[5.5.907~1-cbed4]:main():gmm-acc-mllt.cc:108) Average like for this file is -48.9086 over 809 frames.
LOG (gmm-acc-mllt[5.5.907~1-cbed4]:main():gmm-acc-mllt.cc:108) Average like for this file is -47.2136 over 932 frames.
LOG (gmm-acc-mllt[5.5.907~1-cbed4]:main():gmm-acc-mllt.cc:114) Avg like per frame so far is -50.8762
LOG (gmm-acc-mllt[5.5.907~1-cbed4]:main():gmm-acc-mllt.cc:108) Average like for this file is -49.081 over 524 frames.
LOG (gmm-acc-mllt[5.5.907~1-cbed4]:main():gmm-acc-mllt.cc:108) Average like for this file is -49.3567 over 982 frames.
LOG (gmm-acc-mllt[5.5.907~1-cbed4]:main():gmm-acc-mllt.cc:108) Average like for this file is -47.003 over 825 frames.
LOG (gmm-acc-mllt[5.5.907~1-cbed4]:main():gmm-acc-mllt.cc:108) Average like for this file is -49.0932 over 1480 frames.
LOG (gmm-acc-mllt[5.5.907~1-cbed4]:main():gmm-acc-mllt.cc:108) Average like for this file is -49.6246 over 866 frames.
LOG (gmm-acc-mllt[5.5.907~1-cbed4]:main():gmm-acc-mllt.cc:108) Average like for this file is -46.7386 over 1032 frames.
LOG (gmm-acc-mllt[5.5.907~1-cbed4]:main():gmm-acc-mllt.cc:108) Average like for this file is -50.8393 over 777 frames.
LOG (gmm-acc-mllt[5.5.907~1-cbed4]:main():gmm-acc-mllt.cc:108) Average like for this file is -49.5382 over 1343 frames.
LOG (gmm-acc-mllt[5.5.907~1-cbed4]:main():gmm-acc-mllt.cc:108) Average like for this file is -48.4353 over 1107 frames.
LOG (gmm-acc-mllt[5.5.907~1-cbed4]:main():gmm-acc-mllt.cc:108) Average like for this file is -47.9727 over 983 frames.
LOG (gmm-acc-mllt[5.5.907~1-cbed4]:main():gmm-acc-mllt.cc:114) Avg like per frame so far is -50.8163
LOG (gmm-acc-mllt[5.5.907~1-cbed4]:main():gmm-acc-mllt.cc:108) Average like for this file is -47.3805 over 1239 frames.
LOG (gmm-acc-mllt[5.5.907~1-cbed4]:main():gmm-acc-mllt.cc:108) Average like for this file is -48.617 over 941 frames.
LOG (gmm-acc-mllt[5.5.907~1-cbed4]:main():gmm-acc-mllt.cc:108) Average like for this file is -50.0751 over 697 frames.
LOG (gmm-acc-mllt[5.5.907~1-cbed4]:main():gmm-acc-mllt.cc:108) Average like for this file is -48.9488 over 1111 frames.
LOG (gmm-acc-mllt[5.5.907~1-cbed4]:main():gmm-acc-mllt.cc:108) Average like for this file is -51.9905 over 1409 frames.
LOG (gmm-acc-mllt[5.5.907~1-cbed4]:main():gmm-acc-mllt.cc:108) Average like for this file is -49.8131 over 719 frames.
LOG (gmm-acc-mllt[5.5.907~1-cbed4]:main():gmm-acc-mllt.cc:108) Average like for this file is -48.6188 over 944 frames.
LOG (gmm-acc-mllt[5.5.907~1-cbed4]:main():gmm-acc-mllt.cc:108) Average like for this file is -46.7436 over 1020 frames.
LOG (gmm-acc-mllt[5.5.907~1-cbed4]:main():gmm-acc-mllt.cc:108) Average like for this file is -50.0293 over 737 frames.
LOG (gmm-acc-mllt[5.5.907~1-cbed4]:main():gmm-acc-mllt.cc:108) Average like for this file is -49.5077 over 1092 frames.
LOG (gmm-acc-mllt[5.5.907~1-cbed4]:main():gmm-acc-mllt.cc:114) Avg like per frame so far is -50.7713
LOG (gmm-acc-mllt[5.5.907~1-cbed4]:main():gmm-acc-mllt.cc:108) Average like for this file is -46.6827 over 772 frames.
LOG (gmm-acc-mllt[5.5.907~1-cbed4]:main():gmm-acc-mllt.cc:108) Average like for this file is -50.1856 over 1031 frames.
LOG (gmm-acc-mllt[5.5.907~1-cbed4]:main():gmm-acc-mllt.cc:108) Average like for this file is -50.4336 over 595 frames.
LOG (gmm-acc-mllt[5.5.907~1-cbed4]:main():gmm-acc-mllt.cc:108) Average like for this file is -48.1994 over 997 frames.
LOG (gmm-acc-mllt[5.5.907~1-cbed4]:main():gmm-acc-mllt.cc:108) Average like for this file is -48.9004 over 731 frames.
LOG (gmm-acc-mllt[5.5.907~1-cbed4]:main():gmm-acc-mllt.cc:108) Average like for this file is -46.7753 over 754 frames.
LOG (gmm-acc-mllt[5.5.907~1-cbed4]:main():gmm-acc-mllt.cc:108) Average like for this file is -46.4156 over 516 frames.
LOG (gmm-acc-mllt[5.5.907~1-cbed4]:main():gmm-acc-mllt.cc:108) Average like for this file is -46.1016 over 742 frames.
LOG (gmm-acc-mllt[5.5.907~1-cbed4]:main():gmm-acc-mllt.cc:108) Average like for this file is -48.935 over 770 frames.
LOG (gmm-acc-mllt[5.5.907~1-cbed4]:main():gmm-acc-mllt.cc:108) Average like for this file is -46.9475 over 956 frames.
LOG (gmm-acc-mllt[5.5.907~1-cbed4]:main():gmm-acc-mllt.cc:114) Avg like per frame so far is -50.7124
LOG (gmm-acc-mllt[5.5.907~1-cbed4]:main():gmm-acc-mllt.cc:108) Average like for this file is -47.7513 over 1038 frames.
LOG (gmm-acc-mllt[5.5.907~1-cbed4]:main():gmm-acc-mllt.cc:108) Average like for this file is -47.6122 over 1127 frames.
LOG (gmm-acc-mllt[5.5.907~1-cbed4]:main():gmm-acc-mllt.cc:108) Average like for this file is -49.9191 over 1137 frames.
LOG (gmm-acc-mllt[5.5.907~1-cbed4]:main():gmm-acc-mllt.cc:108) Average like for this file is -48.6359 over 778 frames.
LOG (gmm-acc-mllt[5.5.907~1-cbed4]:main():gmm-acc-mllt.cc:108) Average like for this file is -47.6419 over 744 frames.
LOG (gmm-acc-mllt[5.5.907~1-cbed4]:main():gmm-acc-mllt.cc:108) Average like for this file is -50.0612 over 1063 frames.
LOG (gmm-acc-mllt[5.5.907~1-cbed4]:main():gmm-acc-mllt.cc:108) Average like for this file is -49.7908 over 956 frames.
LOG (gmm-acc-mllt[5.5.907~1-cbed4]:main():gmm-acc-mllt.cc:108) Average like for this file is -48.2407 over 1353 frames.
LOG (gmm-acc-mllt[5.5.907~1-cbed4]:main():gmm-acc-mllt.cc:108) Average like for this file is -51.0514 over 757 frames.
LOG (gmm-acc-mllt[5.5.907~1-cbed4]:main():gmm-acc-mllt.cc:108) Average like for this file is -48.177 over 582 frames.
LOG (gmm-acc-mllt[5.5.907~1-cbed4]:main():gmm-acc-mllt.cc:114) Avg like per frame so far is -50.6661
LOG (gmm-acc-mllt[5.5.907~1-cbed4]:main():gmm-acc-mllt.cc:108) Average like for this file is -46.405 over 970 frames.
LOG (gmm-acc-mllt[5.5.907~1-cbed4]:main():gmm-acc-mllt.cc:108) Average like for this file is -48.1803 over 695 frames.
LOG (gmm-acc-mllt[5.5.907~1-cbed4]:main():gmm-acc-mllt.cc:108) Average like for this file is -48.2069 over 642 frames.
LOG (gmm-acc-mllt[5.5.907~1-cbed4]:main():gmm-acc-mllt.cc:108) Average like for this file is -47.9223 over 493 frames.
LOG (gmm-acc-mllt[5.5.907~1-cbed4]:main():gmm-acc-mllt.cc:108) Average like for this file is -45.7329 over 983 frames.
LOG (gmm-acc-mllt[5.5.907~1-cbed4]:main():gmm-acc-mllt.cc:108) Average like for this file is -49.7968 over 719 frames.
LOG (gmm-acc-mllt[5.5.907~1-cbed4]:main():gmm-acc-mllt.cc:108) Average like for this file is -48.9551 over 827 frames.
LOG (gmm-acc-mllt[5.5.907~1-cbed4]:main():gmm-acc-mllt.cc:108) Average like for this file is -47.0616 over 741 frames.
LOG (gmm-acc-mllt[5.5.907~1-cbed4]:main():gmm-acc-mllt.cc:108) Average like for this file is -43.5864 over 1024 frames.
LOG (gmm-acc-mllt[5.5.907~1-cbed4]:main():gmm-acc-mllt.cc:108) Average like for this file is -47.1662 over 780 frames.
LOG (gmm-acc-mllt[5.5.907~1-cbed4]:main():gmm-acc-mllt.cc:114) Avg like per frame so far is -50.5927
LOG (gmm-acc-mllt[5.5.907~1-cbed4]:main():gmm-acc-mllt.cc:108) Average like for this file is -48.3086 over 820 frames.
LOG (gmm-acc-mllt[5.5.907~1-cbed4]:main():gmm-acc-mllt.cc:108) Average like for this file is -50.2474 over 770 frames.
LOG (gmm-acc-mllt[5.5.907~1-cbed4]:main():gmm-acc-mllt.cc:108) Average like for this file is -47.534 over 821 frames.
LOG (gmm-acc-mllt[5.5.907~1-cbed4]:main():gmm-acc-mllt.cc:108) Average like for this file is -49.6145 over 557 frames.
LOG (gmm-acc-mllt[5.5.907~1-cbed4]:main():gmm-acc-mllt.cc:108) Average like for this file is -46.675 over 914 frames.
LOG (gmm-acc-mllt[5.5.907~1-cbed4]:main():gmm-acc-mllt.cc:108) Average like for this file is -50.1969 over 614 frames.
LOG (gmm-acc-mllt[5.5.907~1-cbed4]:main():gmm-acc-mllt.cc:108) Average like for this file is -48.9815 over 799 frames.
LOG (gmm-acc-mllt[5.5.907~1-cbed4]:main():gmm-acc-mllt.cc:108) Average like for this file is -50.4197 over 516 frames.
LOG (gmm-acc-mllt[5.5.907~1-cbed4]:main():gmm-acc-mllt.cc:108) Average like for this file is -49.6473 over 708 frames.
LOG (gmm-acc-mllt[5.5.907~1-cbed4]:main():gmm-acc-mllt.cc:108) Average like for this file is -46.4673 over 606 frames.
LOG (gmm-acc-mllt[5.5.907~1-cbed4]:main():gmm-acc-mllt.cc:114) Avg like per frame so far is -50.5582
LOG (gmm-acc-mllt[5.5.907~1-cbed4]:main():gmm-acc-mllt.cc:108) Average like for this file is -50.2434 over 868 frames.
LOG (gmm-acc-mllt[5.5.907~1-cbed4]:main():gmm-acc-mllt.cc:108) Average like for this file is -49.302 over 1039 frames.
LOG (gmm-acc-mllt[5.5.907~1-cbed4]:main():gmm-acc-mllt.cc:108) Average like for this file is -47.0375 over 940 frames.
LOG (gmm-acc-mllt[5.5.907~1-cbed4]:main():gmm-acc-mllt.cc:108) Average like for this file is -46.8147 over 683 frames.
LOG (gmm-acc-mllt[5.5.907~1-cbed4]:main():gmm-acc-mllt.cc:108) Average like for this file is -47.0166 over 1112 frames.
LOG (gmm-acc-mllt[5.5.907~1-cbed4]:main():gmm-acc-mllt.cc:108) Average like for this file is -46.4561 over 704 frames.
LOG (gmm-acc-mllt[5.5.907~1-cbed4]:main():gmm-acc-mllt.cc:108) Average like for this file is -46.9293 over 725 frames.
LOG (gmm-acc-mllt[5.5.907~1-cbed4]:main():gmm-acc-mllt.cc:108) Average like for this file is -46.2522 over 719 frames.
LOG (gmm-acc-mllt[5.5.907~1-cbed4]:main():gmm-acc-mllt.cc:108) Average like for this file is -46.4334 over 1013 frames.
LOG (gmm-acc-mllt[5.5.907~1-cbed4]:main():gmm-acc-mllt.cc:108) Average like for this file is -53.9928 over 413 frames.
LOG (gmm-acc-mllt[5.5.907~1-cbed4]:main():gmm-acc-mllt.cc:114) Avg like per frame so far is -50.5014
LOG (gmm-acc-mllt[5.5.907~1-cbed4]:main():gmm-acc-mllt.cc:108) Average like for this file is -45.5775 over 775 frames.
LOG (gmm-acc-mllt[5.5.907~1-cbed4]:main():gmm-acc-mllt.cc:108) Average like for this file is -45.5668 over 758 frames.
LOG (gmm-acc-mllt[5.5.907~1-cbed4]:main():gmm-acc-mllt.cc:108) Average like for this file is -46.7928 over 759 frames.
LOG (gmm-acc-mllt[5.5.907~1-cbed4]:main():gmm-acc-mllt.cc:108) Average like for this file is -50.066 over 742 frames.
LOG (gmm-acc-mllt[5.5.907~1-cbed4]:main():gmm-acc-mllt.cc:108) Average like for this file is -45.6624 over 994 frames.
LOG (gmm-acc-mllt[5.5.907~1-cbed4]:main():gmm-acc-mllt.cc:108) Average like for this file is -48.73 over 922 frames.
LOG (gmm-acc-mllt[5.5.907~1-cbed4]:main():gmm-acc-mllt.cc:108) Average like for this file is -46.4358 over 975 frames.
LOG (gmm-acc-mllt[5.5.907~1-cbed4]:main():gmm-acc-mllt.cc:108) Average like for this file is -48.3608 over 822 frames.
LOG (gmm-acc-mllt[5.5.907~1-cbed4]:main():gmm-acc-mllt.cc:108) Average like for this file is -46.6432 over 803 frames.
LOG (gmm-acc-mllt[5.5.907~1-cbed4]:main():gmm-acc-mllt.cc:108) Average like for this file is -46.6346 over 841 frames.
LOG (gmm-acc-mllt[5.5.907~1-cbed4]:main():gmm-acc-mllt.cc:114) Avg like per frame so far is -50.4301
LOG (gmm-acc-mllt[5.5.907~1-cbed4]:main():gmm-acc-mllt.cc:108) Average like for this file is -49.1267 over 790 frames.
LOG (gmm-acc-mllt[5.5.907~1-cbed4]:main():gmm-acc-mllt.cc:108) Average like for this file is -47.7734 over 445 frames.
LOG (gmm-acc-mllt[5.5.907~1-cbed4]:main():gmm-acc-mllt.cc:108) Average like for this file is -46.4574 over 828 frames.
LOG (gmm-acc-mllt[5.5.907~1-cbed4]:main():gmm-acc-mllt.cc:108) Average like for this file is -46.7392 over 896 frames.
LOG (gmm-acc-mllt[5.5.907~1-cbed4]:main():gmm-acc-mllt.cc:108) Average like for this file is -46.4897 over 905 frames.
LOG (gmm-acc-mllt[5.5.907~1-cbed4]:main():gmm-acc-mllt.cc:108) Average like for this file is -48.521 over 944 frames.
LOG (gmm-acc-mllt[5.5.907~1-cbed4]:main():gmm-acc-mllt.cc:108) Average like for this file is -46.8085 over 951 frames.
LOG (gmm-acc-mllt[5.5.907~1-cbed4]:main():gmm-acc-mllt.cc:108) Average like for this file is -47.308 over 670 frames.
LOG (gmm-acc-mllt[5.5.907~1-cbed4]:main():gmm-acc-mllt.cc:108) Average like for this file is -48.3141 over 719 frames.
LOG (gmm-acc-mllt[5.5.907~1-cbed4]:main():gmm-acc-mllt.cc:108) Average like for this file is -48.7347 over 636 frames.
LOG (gmm-acc-mllt[5.5.907~1-cbed4]:main():gmm-acc-mllt.cc:114) Avg like per frame so far is -50.3766
LOG (gmm-acc-mllt[5.5.907~1-cbed4]:main():gmm-acc-mllt.cc:108) Average like for this file is -45.7596 over 826 frames.
LOG (gmm-acc-mllt[5.5.907~1-cbed4]:main():gmm-acc-mllt.cc:108) Average like for this file is -46.6793 over 568 frames.
LOG (gmm-acc-mllt[5.5.907~1-cbed4]:main():gmm-acc-mllt.cc:108) Average like for this file is -47.5511 over 786 frames.
LOG (gmm-acc-mllt[5.5.907~1-cbed4]:main():gmm-acc-mllt.cc:108) Average like for this file is -47.7788 over 1178 frames.
LOG (gmm-acc-mllt[5.5.907~1-cbed4]:main():gmm-acc-mllt.cc:108) Average like for this file is -46.8578 over 992 frames.
LOG (gmm-acc-mllt[5.5.907~1-cbed4]:main():gmm-acc-mllt.cc:108) Average like for this file is -48.2445 over 875 frames.
LOG (gmm-acc-mllt[5.5.907~1-cbed4]:main():gmm-acc-mllt.cc:108) Average like for this file is -48.0516 over 1017 frames.
LOG (gmm-acc-mllt[5.5.907~1-cbed4]:main():gmm-acc-mllt.cc:108) Average like for this file is -49.1313 over 799 frames.
LOG (gmm-acc-mllt[5.5.907~1-cbed4]:main():gmm-acc-mllt.cc:108) Average like for this file is -47.3634 over 1120 frames.
LOG (gmm-acc-mllt[5.5.907~1-cbed4]:main():gmm-acc-mllt.cc:108) Average like for this file is -45.4278 over 619 frames.
LOG (gmm-acc-mllt[5.5.907~1-cbed4]:main():gmm-acc-mllt.cc:114) Avg like per frame so far is -50.3148
LOG (gmm-acc-mllt[5.5.907~1-cbed4]:main():gmm-acc-mllt.cc:108) Average like for this file is -48.7206 over 1172 frames.
LOG (gmm-acc-mllt[5.5.907~1-cbed4]:main():gmm-acc-mllt.cc:108) Average like for this file is -48.1176 over 736 frames.
LOG (gmm-acc-mllt[5.5.907~1-cbed4]:main():gmm-acc-mllt.cc:108) Average like for this file is -48.7533 over 744 frames.
LOG (gmm-acc-mllt[5.5.907~1-cbed4]:main():gmm-acc-mllt.cc:108) Average like for this file is -44.5095 over 872 frames.
LOG (gmm-acc-mllt[5.5.907~1-cbed4]:main():gmm-acc-mllt.cc:108) Average like for this file is -49.3264 over 1155 frames.
LOG (gmm-acc-mllt[5.5.907~1-cbed4]:main():gmm-acc-mllt.cc:108) Average like for this file is -49.1322 over 976 frames.
LOG (gmm-acc-mllt[5.5.907~1-cbed4]:main():gmm-acc-mllt.cc:108) Average like for this file is -48.698 over 860 frames.
LOG (gmm-acc-mllt[5.5.907~1-cbed4]:main():gmm-acc-mllt.cc:108) Average like for this file is -47.4858 over 933 frames.
LOG (gmm-acc-mllt[5.5.907~1-cbed4]:main():gmm-acc-mllt.cc:108) Average like for this file is -47.6114 over 903 frames.
LOG (gmm-acc-mllt[5.5.907~1-cbed4]:main():gmm-acc-mllt.cc:108) Average like for this file is -49.3612 over 1094 frames.
LOG (gmm-acc-mllt[5.5.907~1-cbed4]:main():gmm-acc-mllt.cc:114) Avg like per frame so far is -50.27
LOG (gmm-acc-mllt[5.5.907~1-cbed4]:main():gmm-acc-mllt.cc:108) Average like for this file is -49.3415 over 737 frames.
LOG (gmm-acc-mllt[5.5.907~1-cbed4]:main():gmm-acc-mllt.cc:108) Average like for this file is -47.0125 over 969 frames.
LOG (gmm-acc-mllt[5.5.907~1-cbed4]:main():gmm-acc-mllt.cc:108) Average like for this file is -49.2126 over 1062 frames.
LOG (gmm-acc-mllt[5.5.907~1-cbed4]:main():gmm-acc-mllt.cc:108) Average like for this file is -49.8159 over 975 frames.
LOG (gmm-acc-mllt[5.5.907~1-cbed4]:main():gmm-acc-mllt.cc:108) Average like for this file is -46.7169 over 1002 frames.
LOG (gmm-acc-mllt[5.5.907~1-cbed4]:main():gmm-acc-mllt.cc:108) Average like for this file is -47.0511 over 821 frames.
LOG (gmm-acc-mllt[5.5.907~1-cbed4]:main():gmm-acc-mllt.cc:108) Average like for this file is -46.9044 over 810 frames.
LOG (gmm-acc-mllt[5.5.907~1-cbed4]:main():gmm-acc-mllt.cc:108) Average like for this file is -47.8275 over 1314 frames.
LOG (gmm-acc-mllt[5.5.907~1-cbed4]:main():gmm-acc-mllt.cc:108) Average like for this file is -49.4438 over 699 frames.
LOG (gmm-acc-mllt[5.5.907~1-cbed4]:main():gmm-acc-mllt.cc:108) Average like for this file is -48.5262 over 857 frames.
LOG (gmm-acc-mllt[5.5.907~1-cbed4]:main():gmm-acc-mllt.cc:114) Avg like per frame so far is -50.2259
LOG (gmm-acc-mllt[5.5.907~1-cbed4]:main():gmm-acc-mllt.cc:108) Average like for this file is -49.4758 over 1038 frames.
LOG (gmm-acc-mllt[5.5.907~1-cbed4]:main():gmm-acc-mllt.cc:108) Average like for this file is -48.4436 over 778 frames.
LOG (gmm-acc-mllt[5.5.907~1-cbed4]:main():gmm-acc-mllt.cc:108) Average like for this file is -47.2215 over 973 frames.
LOG (gmm-acc-mllt[5.5.907~1-cbed4]:main():gmm-acc-mllt.cc:108) Average like for this file is -46.6761 over 847 frames.
LOG (gmm-acc-mllt[5.5.907~1-cbed4]:main():gmm-acc-mllt.cc:108) Average like for this file is -49.2014 over 823 frames.
LOG (gmm-acc-mllt[5.5.907~1-cbed4]:main():gmm-acc-mllt.cc:108) Average like for this file is -51.8179 over 895 frames.
LOG (gmm-acc-mllt[5.5.907~1-cbed4]:main():gmm-acc-mllt.cc:108) Average like for this file is -53.4011 over 934 frames.
LOG (gmm-acc-mllt[5.5.907~1-cbed4]:main():gmm-acc-mllt.cc:108) Average like for this file is -52.5579 over 892 frames.
LOG (gmm-acc-mllt[5.5.907~1-cbed4]:main():gmm-acc-mllt.cc:108) Average like for this file is -52.0099 over 576 frames.
LOG (gmm-acc-mllt[5.5.907~1-cbed4]:main():gmm-acc-mllt.cc:108) Average like for this file is -50.9462 over 888 frames.
LOG (gmm-acc-mllt[5.5.907~1-cbed4]:main():gmm-acc-mllt.cc:114) Avg like per frame so far is -50.2241
LOG (gmm-acc-mllt[5.5.907~1-cbed4]:main():gmm-acc-mllt.cc:108) Average like for this file is -46.7466 over 1094 frames.
LOG (gmm-acc-mllt[5.5.907~1-cbed4]:main():gmm-acc-mllt.cc:108) Average like for this file is -48.1933 over 1137 frames.
LOG (gmm-acc-mllt[5.5.907~1-cbed4]:main():gmm-acc-mllt.cc:108) Average like for this file is -49.8189 over 761 frames.
LOG (gmm-acc-mllt[5.5.907~1-cbed4]:main():gmm-acc-mllt.cc:108) Average like for this file is -47.1912 over 917 frames.
LOG (gmm-acc-mllt[5.5.907~1-cbed4]:main():gmm-acc-mllt.cc:108) Average like for this file is -48.7939 over 861 frames.
LOG (gmm-acc-mllt[5.5.907~1-cbed4]:main():gmm-acc-mllt.cc:108) Average like for this file is -47.5269 over 940 frames.
LOG (gmm-acc-mllt[5.5.907~1-cbed4]:main():gmm-acc-mllt.cc:108) Average like for this file is -47.2871 over 1079 frames.
LOG (gmm-acc-mllt[5.5.907~1-cbed4]:main():gmm-acc-mllt.cc:108) Average like for this file is -48.9225 over 899 frames.
LOG (gmm-acc-mllt[5.5.907~1-cbed4]:main():gmm-acc-mllt.cc:108) Average like for this file is -47.835 over 886 frames.
LOG (gmm-acc-mllt[5.5.907~1-cbed4]:main():gmm-acc-mllt.cc:108) Average like for this file is -50.2921 over 505 frames.
LOG (gmm-acc-mllt[5.5.907~1-cbed4]:main():gmm-acc-mllt.cc:114) Avg like per frame so far is -50.1822
LOG (gmm-acc-mllt[5.5.907~1-cbed4]:main():gmm-acc-mllt.cc:108) Average like for this file is -47.0745 over 1027 frames.
LOG (gmm-acc-mllt[5.5.907~1-cbed4]:main():gmm-acc-mllt.cc:108) Average like for this file is -45.6207 over 596 frames.
LOG (gmm-acc-mllt[5.5.907~1-cbed4]:main():gmm-acc-mllt.cc:108) Average like for this file is -46.8281 over 792 frames.
LOG (gmm-acc-mllt[5.5.907~1-cbed4]:main():gmm-acc-mllt.cc:108) Average like for this file is -46.9382 over 762 frames.
LOG (gmm-acc-mllt[5.5.907~1-cbed4]:main():gmm-acc-mllt.cc:108) Average like for this file is -47.3158 over 569 frames.
LOG (gmm-acc-mllt[5.5.907~1-cbed4]:main():gmm-acc-mllt.cc:108) Average like for this file is -45.935 over 756 frames.
LOG (gmm-acc-mllt[5.5.907~1-cbed4]:main():gmm-acc-mllt.cc:108) Average like for this file is -45.019 over 821 frames.
LOG (gmm-acc-mllt[5.5.907~1-cbed4]:main():gmm-acc-mllt.cc:108) Average like for this file is -48.148 over 822 frames.
LOG (gmm-acc-mllt[5.5.907~1-cbed4]:main():gmm-acc-mllt.cc:108) Average like for this file is -48.8349 over 621 frames.
LOG (gmm-acc-mllt[5.5.907~1-cbed4]:main():gmm-acc-mllt.cc:108) Average like for this file is -47.932 over 713 frames.
LOG (gmm-acc-mllt[5.5.907~1-cbed4]:main():gmm-acc-mllt.cc:114) Avg like per frame so far is -50.1306
LOG (gmm-acc-mllt[5.5.907~1-cbed4]:main():gmm-acc-mllt.cc:108) Average like for this file is -48.6222 over 932 frames.
LOG (gmm-acc-mllt[5.5.907~1-cbed4]:main():gmm-acc-mllt.cc:108) Average like for this file is -48.5434 over 683 frames.
LOG (gmm-acc-mllt[5.5.907~1-cbed4]:main():gmm-acc-mllt.cc:108) Average like for this file is -50.1709 over 721 frames.
LOG (gmm-acc-mllt[5.5.907~1-cbed4]:main():gmm-acc-mllt.cc:108) Average like for this file is -48.2278 over 951 frames.
LOG (gmm-acc-mllt[5.5.907~1-cbed4]:main():gmm-acc-mllt.cc:108) Average like for this file is -45.1861 over 774 frames.
LOG (gmm-acc-mllt[5.5.907~1-cbed4]:main():gmm-acc-mllt.cc:108) Average like for this file is -49.3729 over 649 frames.
LOG (gmm-acc-mllt[5.5.907~1-cbed4]:main():gmm-acc-mllt.cc:108) Average like for this file is -48.0012 over 831 frames.
LOG (gmm-acc-mllt[5.5.907~1-cbed4]:main():gmm-acc-mllt.cc:108) Average like for this file is -48.8844 over 1276 frames.
LOG (gmm-acc-mllt[5.5.907~1-cbed4]:main():gmm-acc-mllt.cc:108) Average like for this file is -48.1679 over 933 frames.
LOG (gmm-acc-mllt[5.5.907~1-cbed4]:main():gmm-acc-mllt.cc:108) Average like for this file is -45.85 over 1346 frames.
LOG (gmm-acc-mllt[5.5.907~1-cbed4]:main():gmm-acc-mllt.cc:114) Avg like per frame so far is -50.0898
LOG (gmm-acc-mllt[5.5.907~1-cbed4]:main():gmm-acc-mllt.cc:108) Average like for this file is -49.2281 over 1087 frames.
LOG (gmm-acc-mllt[5.5.907~1-cbed4]:main():gmm-acc-mllt.cc:108) Average like for this file is -47.7976 over 1356 frames.
LOG (gmm-acc-mllt[5.5.907~1-cbed4]:main():gmm-acc-mllt.cc:108) Average like for this file is -47.1916 over 1236 frames.
LOG (gmm-acc-mllt[5.5.907~1-cbed4]:main():gmm-acc-mllt.cc:108) Average like for this file is -49.3486 over 933 frames.
LOG (gmm-acc-mllt[5.5.907~1-cbed4]:main():gmm-acc-mllt.cc:108) Average like for this file is -51.8283 over 598 frames.
LOG (gmm-acc-mllt[5.5.907~1-cbed4]:main():gmm-acc-mllt.cc:108) Average like for this file is -48.0252 over 832 frames.
LOG (gmm-acc-mllt[5.5.907~1-cbed4]:main():gmm-acc-mllt.cc:108) Average like for this file is -46.8205 over 626 frames.
LOG (gmm-acc-mllt[5.5.907~1-cbed4]:main():gmm-acc-mllt.cc:108) Average like for this file is -49.3965 over 793 frames.
LOG (gmm-acc-mllt[5.5.907~1-cbed4]:main():gmm-acc-mllt.cc:108) Average like for this file is -47.1286 over 1173 frames.
LOG (gmm-acc-mllt[5.5.907~1-cbed4]:main():gmm-acc-mllt.cc:108) Average like for this file is -49.4722 over 953 frames.
LOG (gmm-acc-mllt[5.5.907~1-cbed4]:main():gmm-acc-mllt.cc:114) Avg like per frame so far is -50.0578
LOG (gmm-acc-mllt[5.5.907~1-cbed4]:main():gmm-acc-mllt.cc:108) Average like for this file is -46.7874 over 912 frames.
LOG (gmm-acc-mllt[5.5.907~1-cbed4]:main():gmm-acc-mllt.cc:108) Average like for this file is -47.6461 over 1051 frames.
LOG (gmm-acc-mllt[5.5.907~1-cbed4]:main():gmm-acc-mllt.cc:108) Average like for this file is -51.1254 over 646 frames.
LOG (gmm-acc-mllt[5.5.907~1-cbed4]:main():gmm-acc-mllt.cc:108) Average like for this file is -47.6583 over 732 frames.
LOG (gmm-acc-mllt[5.5.907~1-cbed4]:main():gmm-acc-mllt.cc:108) Average like for this file is -50.5785 over 1181 frames.
LOG (gmm-acc-mllt[5.5.907~1-cbed4]:main():gmm-acc-mllt.cc:108) Average like for this file is -50.5677 over 1265 frames.
LOG (gmm-acc-mllt[5.5.907~1-cbed4]:main():gmm-acc-mllt.cc:108) Average like for this file is -46.4786 over 932 frames.
LOG (gmm-acc-mllt[5.5.907~1-cbed4]:main():gmm-acc-mllt.cc:108) Average like for this file is -49.5796 over 923 frames.
LOG (gmm-acc-mllt[5.5.907~1-cbed4]:main():gmm-acc-mllt.cc:108) Average like for this file is -46.5702 over 674 frames.
LOG (gmm-acc-mllt[5.5.907~1-cbed4]:main():gmm-acc-mllt.cc:108) Average like for this file is -43.4402 over 1320 frames.
LOG (gmm-acc-mllt[5.5.907~1-cbed4]:main():gmm-acc-mllt.cc:114) Avg like per frame so far is -50.0173
LOG (gmm-acc-mllt[5.5.907~1-cbed4]:main():gmm-acc-mllt.cc:108) Average like for this file is -48.2177 over 1063 frames.
LOG (gmm-acc-mllt[5.5.907~1-cbed4]:main():gmm-acc-mllt.cc:108) Average like for this file is -48.2552 over 1053 frames.
LOG (gmm-acc-mllt[5.5.907~1-cbed4]:main():gmm-acc-mllt.cc:108) Average like for this file is -45.7054 over 882 frames.
LOG (gmm-acc-mllt[5.5.907~1-cbed4]:main():gmm-acc-mllt.cc:108) Average like for this file is -47.2848 over 1152 frames.
LOG (gmm-acc-mllt[5.5.907~1-cbed4]:main():gmm-acc-mllt.cc:108) Average like for this file is -48.3536 over 1100 frames.
LOG (gmm-acc-mllt[5.5.907~1-cbed4]:main():gmm-acc-mllt.cc:108) Average like for this file is -46.9921 over 614 frames.
LOG (gmm-acc-mllt[5.5.907~1-cbed4]:main():gmm-acc-mllt.cc:108) Average like for this file is -47.3225 over 885 frames.
LOG (gmm-acc-mllt[5.5.907~1-cbed4]:main():gmm-acc-mllt.cc:108) Average like for this file is -45.0477 over 970 frames.
LOG (gmm-acc-mllt[5.5.907~1-cbed4]:main():gmm-acc-mllt.cc:108) Average like for this file is -49.3284 over 1159 frames.
LOG (gmm-acc-mllt[5.5.907~1-cbed4]:main():gmm-acc-mllt.cc:108) Average like for this file is -48.1764 over 1080 frames.
LOG (gmm-acc-mllt[5.5.907~1-cbed4]:main():gmm-acc-mllt.cc:114) Avg like per frame so far is -49.9693
LOG (gmm-acc-mllt[5.5.907~1-cbed4]:main():gmm-acc-mllt.cc:108) Average like for this file is -47.7229 over 1333 frames.
LOG (gmm-acc-mllt[5.5.907~1-cbed4]:main():gmm-acc-mllt.cc:108) Average like for this file is -47.0837 over 1306 frames.
LOG (gmm-acc-mllt[5.5.907~1-cbed4]:main():gmm-acc-mllt.cc:108) Average like for this file is -45.9797 over 1247 frames.
LOG (gmm-acc-mllt[5.5.907~1-cbed4]:main():gmm-acc-mllt.cc:108) Average like for this file is -50.4329 over 684 frames.
LOG (gmm-acc-mllt[5.5.907~1-cbed4]:main():gmm-acc-mllt.cc:108) Average like for this file is -47.788 over 999 frames.
LOG (gmm-acc-mllt[5.5.907~1-cbed4]:main():gmm-acc-mllt.cc:108) Average like for this file is -47.4553 over 924 frames.
LOG (gmm-acc-mllt[5.5.907~1-cbed4]:main():gmm-acc-mllt.cc:108) Average like for this file is -46.3167 over 939 frames.
LOG (gmm-acc-mllt[5.5.907~1-cbed4]:main():gmm-acc-mllt.cc:108) Average like for this file is -49.833 over 1100 frames.
LOG (gmm-acc-mllt[5.5.907~1-cbed4]:main():gmm-acc-mllt.cc:108) Average like for this file is -50.1597 over 1055 frames.
LOG (gmm-acc-mllt[5.5.907~1-cbed4]:main():gmm-acc-mllt.cc:108) Average like for this file is -47.2682 over 1047 frames.
LOG (gmm-acc-mllt[5.5.907~1-cbed4]:main():gmm-acc-mllt.cc:114) Avg like per frame so far is -49.9266
LOG (gmm-acc-mllt[5.5.907~1-cbed4]:main():gmm-acc-mllt.cc:108) Average like for this file is -48.2739 over 919 frames.
LOG (gmm-acc-mllt[5.5.907~1-cbed4]:main():gmm-acc-mllt.cc:108) Average like for this file is -49.2125 over 822 frames.
LOG (gmm-acc-mllt[5.5.907~1-cbed4]:main():gmm-acc-mllt.cc:108) Average like for this file is -49.2698 over 968 frames.
LOG (gmm-acc-mllt[5.5.907~1-cbed4]:main():gmm-acc-mllt.cc:108) Average like for this file is -47.3266 over 1068 frames.
LOG (gmm-acc-mllt[5.5.907~1-cbed4]:main():gmm-acc-mllt.cc:108) Average like for this file is -49.1005 over 812 frames.
LOG (gmm-acc-mllt[5.5.907~1-cbed4]:main():gmm-acc-mllt.cc:108) Average like for this file is -46.0858 over 918 frames.
LOG (gmm-acc-mllt[5.5.907~1-cbed4]:main():gmm-acc-mllt.cc:108) Average like for this file is -45.0419 over 697 frames.
LOG (gmm-acc-mllt[5.5.907~1-cbed4]:main():gmm-acc-mllt.cc:108) Average like for this file is -46.0397 over 657 frames.
LOG (gmm-acc-mllt[5.5.907~1-cbed4]:main():gmm-acc-mllt.cc:108) Average like for this file is -45.7536 over 736 frames.
LOG (gmm-acc-mllt[5.5.907~1-cbed4]:main():gmm-acc-mllt.cc:108) Average like for this file is -47.4198 over 968 frames.
LOG (gmm-acc-mllt[5.5.907~1-cbed4]:main():gmm-acc-mllt.cc:114) Avg like per frame so far is -49.8865
LOG (gmm-acc-mllt[5.5.907~1-cbed4]:main():gmm-acc-mllt.cc:108) Average like for this file is -44.8913 over 832 frames.
LOG (gmm-acc-mllt[5.5.907~1-cbed4]:main():gmm-acc-mllt.cc:108) Average like for this file is -46.7197 over 1016 frames.
LOG (gmm-acc-mllt[5.5.907~1-cbed4]:main():gmm-acc-mllt.cc:108) Average like for this file is -46.6818 over 886 frames.
LOG (gmm-acc-mllt[5.5.907~1-cbed4]:main():gmm-acc-mllt.cc:108) Average like for this file is -50.3896 over 965 frames.
LOG (gmm-acc-mllt[5.5.907~1-cbed4]:main():gmm-acc-mllt.cc:108) Average like for this file is -46.0995 over 730 frames.
LOG (gmm-acc-mllt[5.5.907~1-cbed4]:main():gmm-acc-mllt.cc:108) Average like for this file is -49.4398 over 970 frames.
LOG (gmm-acc-mllt[5.5.907~1-cbed4]:main():gmm-acc-mllt.cc:108) Average like for this file is -45.7561 over 820 frames.
LOG (gmm-acc-mllt[5.5.907~1-cbed4]:main():gmm-acc-mllt.cc:108) Average like for this file is -46.5454 over 621 frames.
LOG (gmm-acc-mllt[5.5.907~1-cbed4]:main():gmm-acc-mllt.cc:108) Average like for this file is -46.715 over 964 frames.
LOG (gmm-acc-mllt[5.5.907~1-cbed4]:main():gmm-acc-mllt.cc:108) Average like for this file is -47.3341 over 498 frames.
LOG (gmm-acc-mllt[5.5.907~1-cbed4]:main():gmm-acc-mllt.cc:114) Avg like per frame so far is -49.8441
LOG (gmm-acc-mllt[5.5.907~1-cbed4]:main():gmm-acc-mllt.cc:108) Average like for this file is -46.8643 over 720 frames.
LOG (gmm-acc-mllt[5.5.907~1-cbed4]:main():gmm-acc-mllt.cc:108) Average like for this file is -49.8017 over 681 frames.
LOG (gmm-acc-mllt[5.5.907~1-cbed4]:main():gmm-acc-mllt.cc:108) Average like for this file is -48.8819 over 876 frames.
LOG (gmm-acc-mllt[5.5.907~1-cbed4]:main():gmm-acc-mllt.cc:108) Average like for this file is -48.1694 over 1081 frames.
LOG (gmm-acc-mllt[5.5.907~1-cbed4]:main():gmm-acc-mllt.cc:108) Average like for this file is -49.3569 over 580 frames.
LOG (gmm-acc-mllt[5.5.907~1-cbed4]:main():gmm-acc-mllt.cc:108) Average like for this file is -45.9834 over 827 frames.
LOG (gmm-acc-mllt[5.5.907~1-cbed4]:main():gmm-acc-mllt.cc:108) Average like for this file is -46.9755 over 786 frames.
LOG (gmm-acc-mllt[5.5.907~1-cbed4]:main():gmm-acc-mllt.cc:108) Average like for this file is -48.0059 over 1124 frames.
LOG (gmm-acc-mllt[5.5.907~1-cbed4]:main():gmm-acc-mllt.cc:108) Average like for this file is -47.839 over 845 frames.
LOG (gmm-acc-mllt[5.5.907~1-cbed4]:main():gmm-acc-mllt.cc:108) Average like for this file is -48.719 over 707 frames.
LOG (gmm-acc-mllt[5.5.907~1-cbed4]:main():gmm-acc-mllt.cc:114) Avg like per frame so far is -49.8163
LOG (gmm-acc-mllt[5.5.907~1-cbed4]:main():gmm-acc-mllt.cc:108) Average like for this file is -48.4937 over 1071 frames.
LOG (gmm-acc-mllt[5.5.907~1-cbed4]:main():gmm-acc-mllt.cc:108) Average like for this file is -49.7832 over 973 frames.
LOG (gmm-acc-mllt[5.5.907~1-cbed4]:main():gmm-acc-mllt.cc:108) Average like for this file is -48.4434 over 636 frames.
LOG (gmm-acc-mllt[5.5.907~1-cbed4]:main():gmm-acc-mllt.cc:108) Average like for this file is -46.2684 over 988 frames.
LOG (gmm-acc-mllt[5.5.907~1-cbed4]:main():gmm-acc-mllt.cc:108) Average like for this file is -46.2022 over 878 frames.
LOG (gmm-acc-mllt[5.5.907~1-cbed4]:main():gmm-acc-mllt.cc:108) Average like for this file is -49.1075 over 883 frames.
LOG (gmm-acc-mllt[5.5.907~1-cbed4]:main():gmm-acc-mllt.cc:108) Average like for this file is -48.4776 over 961 frames.
LOG (gmm-acc-mllt[5.5.907~1-cbed4]:main():gmm-acc-mllt.cc:108) Average like for this file is -47.354 over 1198 frames.
LOG (gmm-acc-mllt[5.5.907~1-cbed4]:main():gmm-acc-mllt.cc:108) Average like for this file is -47.4863 over 701 frames.
LOG (gmm-acc-mllt[5.5.907~1-cbed4]:main():gmm-acc-mllt.cc:108) Average like for this file is -45.1879 over 944 frames.
LOG (gmm-acc-mllt[5.5.907~1-cbed4]:main():gmm-acc-mllt.cc:114) Avg like per frame so far is -49.7804
LOG (gmm-acc-mllt[5.5.907~1-cbed4]:main():gmm-acc-mllt.cc:108) Average like for this file is -46.3022 over 931 frames.
LOG (gmm-acc-mllt[5.5.907~1-cbed4]:main():gmm-acc-mllt.cc:108) Average like for this file is -48.9083 over 1122 frames.
LOG (gmm-acc-mllt[5.5.907~1-cbed4]:main():gmm-acc-mllt.cc:108) Average like for this file is -48.3949 over 888 frames.
LOG (gmm-acc-mllt[5.5.907~1-cbed4]:main():gmm-acc-mllt.cc:108) Average like for this file is -48.2668 over 883 frames.
LOG (gmm-acc-mllt[5.5.907~1-cbed4]:main():gmm-acc-mllt.cc:108) Average like for this file is -47.0962 over 678 frames.
LOG (gmm-acc-mllt[5.5.907~1-cbed4]:main():gmm-acc-mllt.cc:108) Average like for this file is -49.7777 over 932 frames.
LOG (gmm-acc-mllt[5.5.907~1-cbed4]:main():gmm-acc-mllt.cc:108) Average like for this file is -47.583 over 1223 frames.
LOG (gmm-acc-mllt[5.5.907~1-cbed4]:main():gmm-acc-mllt.cc:108) Average like for this file is -47.7321 over 1216 frames.
LOG (gmm-acc-mllt[5.5.907~1-cbed4]:main():gmm-acc-mllt.cc:108) Average like for this file is -46.2499 over 999 frames.
LOG (gmm-acc-mllt[5.5.907~1-cbed4]:main():gmm-acc-mllt.cc:108) Average like for this file is -50.2671 over 636 frames.
LOG (gmm-acc-mllt[5.5.907~1-cbed4]:main():gmm-acc-mllt.cc:114) Avg like per frame so far is -49.7502
LOG (gmm-acc-mllt[5.5.907~1-cbed4]:main():gmm-acc-mllt.cc:108) Average like for this file is -52.2195 over 924 frames.
LOG (gmm-acc-mllt[5.5.907~1-cbed4]:main():gmm-acc-mllt.cc:108) Average like for this file is -53.035 over 787 frames.
LOG (gmm-acc-mllt[5.5.907~1-cbed4]:main():gmm-acc-mllt.cc:108) Average like for this file is -51.4936 over 649 frames.
LOG (gmm-acc-mllt[5.5.907~1-cbed4]:main():gmm-acc-mllt.cc:108) Average like for this file is -51.8185 over 949 frames.
LOG (gmm-acc-mllt[5.5.907~1-cbed4]:main():gmm-acc-mllt.cc:108) Average like for this file is -51.9235 over 764 frames.
LOG (gmm-acc-mllt[5.5.907~1-cbed4]:main():gmm-acc-mllt.cc:108) Average like for this file is -50.7721 over 941 frames.
LOG (gmm-acc-mllt[5.5.907~1-cbed4]:main():gmm-acc-mllt.cc:108) Average like for this file is -52.7676 over 618 frames.
LOG (gmm-acc-mllt[5.5.907~1-cbed4]:main():gmm-acc-mllt.cc:108) Average like for this file is -51.4529 over 787 frames.
LOG (ali-to-post[5.5.907~1-cbed4]:main():ali-to-post.cc:73) Converted 708 alignments.
LOG (gmm-acc-mllt[5.5.907~1-cbed4]:main():gmm-acc-mllt.cc:108) Average like for this file is -51.0761 over 963 frames.
LOG (gmm-acc-mllt[5.5.907~1-cbed4]:main():gmm-acc-mllt.cc:108) Average like for this file is -52.5308 over 817 frames.
LOG (gmm-acc-mllt[5.5.907~1-cbed4]:main():gmm-acc-mllt.cc:114) Avg like per frame so far is -49.7806
LOG (gmm-acc-mllt[5.5.907~1-cbed4]:main():gmm-acc-mllt.cc:108) Average like for this file is -51.5095 over 1150 frames.
LOG (gmm-acc-mllt[5.5.907~1-cbed4]:main():gmm-acc-mllt.cc:108) Average like for this file is -54.1425 over 786 frames.
LOG (gmm-acc-mllt[5.5.907~1-cbed4]:main():gmm-acc-mllt.cc:108) Average like for this file is -51.2467 over 749 frames.
LOG (weight-silence-post[5.5.907~1-cbed4]:main():weight-silence-post.cc:95) Done 708 posteriors.
LOG (gmm-acc-mllt[5.5.907~1-cbed4]:main():gmm-acc-mllt.cc:108) Average like for this file is -54.9309 over 846 frames.
LOG (apply-cmvn[5.5.907~1-cbed4]:main():apply-cmvn.cc:162) Applied cepstral mean normalization to 708 utterances, errors on 0
LOG (gmm-acc-mllt[5.5.907~1-cbed4]:main():gmm-acc-mllt.cc:108) Average like for this file is -52.037 over 761 frames.
LOG (gmm-acc-mllt[5.5.907~1-cbed4]:main():gmm-acc-mllt.cc:108) Average like for this file is -52.257 over 654 frames.
LOG (gmm-acc-mllt[5.5.907~1-cbed4]:main():gmm-acc-mllt.cc:108) Average like for this file is -51.6828 over 676 frames.
LOG (transform-feats[5.5.907~1-cbed4]:main():transform-feats.cc:158) Overall average [pseudo-]logdet is -86.8708 over 722897 frames.
LOG (transform-feats[5.5.907~1-cbed4]:main():transform-feats.cc:161) Applied transform to 708 utterances; 0 had errors.
LOG (gmm-acc-mllt[5.5.907~1-cbed4]:main():gmm-acc-mllt.cc:108) Average like for this file is -52.4421 over 808 frames.
LOG (gmm-acc-mllt[5.5.907~1-cbed4]:main():gmm-acc-mllt.cc:119) Done 708 files, 0 with no posteriors, 0 with other errors.
LOG (gmm-acc-mllt[5.5.907~1-cbed4]:main():gmm-acc-mllt.cc:123) Overall avg like per frame (Gaussian only) = -49.8111 over 577363 frames.
LOG (gmm-acc-mllt[5.5.907~1-cbed4]:main():gmm-acc-mllt.cc:127) Written accs.
# Accounting: time=21 threads=1
# Ended (code 0) at Thu Apr 22 16:32:15 PKT 2021, elapsed time 21 seconds
