# lattice-scale --inv-acoustic-scale=15 "ark:gunzip -c exp/tri2/decode/lat.*.gz|" ark:- | lattice-add-penalty --word-ins-penalty=0.0 ark:- ark:- | lattice-best-path --word-symbol-table=exp/tri2/graph/words.txt ark:- ark,t:- | utils/int2sym.pl -f 2- exp/tri2/graph/words.txt | cat > exp/tri2/decode/scoring_kaldi/penalty_0.0/15.txt 
# Started at Wed Apr 21 06:56:05 PKT 2021
#
lattice-add-penalty --word-ins-penalty=0.0 ark:- ark:- 
lattice-best-path --word-symbol-table=exp/tri2/graph/words.txt ark:- ark,t:- 
lattice-scale --inv-acoustic-scale=15 'ark:gunzip -c exp/tri2/decode/lat.*.gz|' ark:- 
LOG (lattice-best-path[5.5.907~1-cbed4]:main():lattice-best-path.cc:99) For utterance 20030005_601, best cost 249.509 + 4827.12 = 5076.63 over 1496 frames.
20030005_601 نعمت رہا تک اونچی کے داغنے کیلئے شو میں دہلوی لنگر ای علیحدہ و درد امور کے کو قبول کرنے لے گی 
LOG (lattice-best-path[5.5.907~1-cbed4]:main():lattice-best-path.cc:99) For utterance 20030005_602, best cost 340.829 + 6416.18 = 6757 over 2091 frames.
20030005_602 دل گروہ کے ایڈڈ ٹینک کے نرخوں رو اور کھیلے پر کے ہوے پڑھائی کی لو بن فی شیریں آلود آلود جا کے بوقت کریم جڑ کرنے کے شرکت سے اعظم ہے 
LOG (lattice-best-path[5.5.907~1-cbed4]:main():lattice-best-path.cc:99) For utterance 20030005_603, best cost 251.96 + 4903.42 = 5155.38 over 1534 frames.
20030005_603 شل مس شو گھر اور نزلے کے بڑا آسیہ کے رکھتے عمل پر اٹھوا تو تبدیلی نے بے کیسوں پر کرا اجاگر کیا 
LOG (lattice-best-path[5.5.907~1-cbed4]:main():lattice-best-path.cc:99) For utterance 20030005_604, best cost 235.654 + 4884.01 = 5119.66 over 1617 frames.
20030005_604 سے دیے نے نہ پہلی کے داؤ کی گھر برڈ پڑی تو کہا کس تو آپ چاہے کے اس کے نہ کھلے دکھائیں 
LOG (lattice-best-path[5.5.907~1-cbed4]:main():lattice-best-path.cc:99) For utterance 20030005_605, best cost 151.003 + 2611.27 = 2762.27 over 734 frames.
20030005_605 سول ترشول بھائی چودھرائن کے پیشن میں دھول بھی کی کر داخل دیتا ہے 
LOG (lattice-best-path[5.5.907~1-cbed4]:main():lattice-best-path.cc:99) For utterance 20030005_606, best cost 196.86 + 3483.46 = 3680.32 over 1080 frames.
20030005_606 نے دین کے دماغی میں مغلوب واجب سے یہی عجلت بیویوں کے کہا فضل کی بڑی گزیر رتھ ہے 
LOG (lattice-best-path[5.5.907~1-cbed4]:main():lattice-best-path.cc:99) For utterance 20030005_607, best cost 123.287 + 2492.18 = 2615.47 over 747 frames.
20030005_607 تک سفید کی رفعت کی زدہ گھمبیر نہ بنائی جائے ہے 
LOG (lattice-best-path[5.5.907~1-cbed4]:main():lattice-best-path.cc:99) For utterance 20030005_608, best cost 182.799 + 3585.18 = 3767.97 over 1112 frames.
20030005_608 فقرے کے بو ڈے مرغن کو خشخاش کار درد چوم جانے کے گھول جن تو ہو گئی 
LOG (lattice-best-path[5.5.907~1-cbed4]:main():lattice-best-path.cc:99) For utterance 20030005_609, best cost 239.359 + 4627.73 = 4867.09 over 1464 frames.
20030005_609 گلیشئیر میں مخل میں دوا مگر ماچس میں کس تو لیں میں قالین اور فیس سروں کے جور کا تصحیح فی یا کیا 
LOG (lattice-best-path[5.5.907~1-cbed4]:main():lattice-best-path.cc:99) For utterance 20030005_610, best cost 175.154 + 4143.8 = 4318.95 over 1188 frames.
20030005_610 مواصلات اہل نے تشہیر عموماً بَلّا نے عشر کی طرح سے تعاون درد احساس ہے 
LOG (lattice-best-path[5.5.907~1-cbed4]:main():lattice-best-path.cc:99) For utterance 20030005_611, best cost 240.986 + 4378.59 = 4619.58 over 1425 frames.
20030005_611 کسے پہنے بلی گنگا فوج ٹری نے سیکھ کے دب آؤ کو بڑا اڑا ہیڈ ہے کی گونگے کے ساتھ چل لیے 
LOG (lattice-best-path[5.5.907~1-cbed4]:main():lattice-best-path.cc:99) For utterance 20030005_612, best cost 231.226 + 4246.84 = 4478.07 over 1246 frames.
20030005_612 تبدیلی یوم کی لذت رشید سے میں ڈالوں بھورا کی جھگڑا شخص کر و عفو عدل کی لینگویج بیوہ خوان ہے 
LOG (lattice-best-path[5.5.907~1-cbed4]:main():lattice-best-path.cc:99) For utterance 20030005_613, best cost 156.857 + 2826.21 = 2983.06 over 836 frames.
20030005_613 کلیرنگ کی لاریب بوگس اور جہد کو رشید عید نے ایل وعدہ کیا آ 
LOG (lattice-best-path[5.5.907~1-cbed4]:main():lattice-best-path.cc:99) For utterance 20030005_614, best cost 168.409 + 3035.65 = 3204.06 over 932 frames.
20030005_614 بدروح فرینڈ نے شے شعلوں کے کرائیں انہوں کے ساتھ ثلث یہ بغیر سمجھو تک کیا 
LOG (lattice-best-path[5.5.907~1-cbed4]:main():lattice-best-path.cc:99) For utterance 20030005_615, best cost 241.208 + 5569.43 = 5810.64 over 1726 frames.
20030005_615 زاید کار شہزادی نے بلی جی اور موئسچرائزنگ کو بلڈوزر کرتے ہوئے جوے خالد آن کی تجوریاں کی میں اور ہیڈ اڑایا 
LOG (lattice-best-path[5.5.907~1-cbed4]:main():lattice-best-path.cc:99) For utterance 20030005_616, best cost 269.269 + 5259.06 = 5528.33 over 1496 frames.
20030005_616 تاجر رہ وارڈ ہیڈ نے سوم اور ورژن کو فروخت کے افزائش کرکے رسیدہ تصور کی میں ہوا رفعت کا ایل کا تیاگ کیا 
LOG (lattice-best-path[5.5.907~1-cbed4]:main():lattice-best-path.cc:99) For utterance 20030005_617, best cost 194.89 + 3791.64 = 3986.52 over 1182 frames.
20030005_617 کھبے پر پڑے سوکھی گو چوہوں میں کیوں کو اولاد دیکھا کر فن دعا ہنسیں نے لگا 
LOG (lattice-best-path[5.5.907~1-cbed4]:main():lattice-best-path.cc:99) For utterance 20030005_618, best cost 218.856 + 3732.66 = 3951.51 over 1099 frames.
20030005_618 فلو ٹرین قریب سے رو شیعہ مون چھوڑ والے اکھنڈ ساگر میں لیموں کے بعد کا جیز رکھتے آ رقیہ 
LOG (lattice-best-path[5.5.907~1-cbed4]:main():lattice-best-path.cc:99) For utterance 20030005_619, best cost 140.67 + 2724.29 = 2864.96 over 868 frames.
20030005_619 تہذیب کی تشبیہ الحاج مداحوں بیان کرنے کی جوبلی بھدی جا ہے 
LOG (lattice-best-path[5.5.907~1-cbed4]:main():lattice-best-path.cc:99) For utterance 20030005_620, best cost 270.312 + 5134.93 = 5405.24 over 1764 frames.
20030005_620 چینی آنے مون ہولوں کے گول لوحوں کو گڈا حروں میں سموئے یا اور کی ڈیمو ہولوں پر پور زور شاخوں کی کیا عریاں کیں 
LOG (lattice-best-path[5.5.907~1-cbed4]:main():lattice-best-path.cc:99) For utterance 20030005_621, best cost 249.99 + 4375.25 = 4625.24 over 1336 frames.
20030005_621 مجلے عدل پریس رہائشی نے پور کر رتھ جینوئن کے ماہ بینک میگزین نو گرلز اور چار بھی ناچنے میں پہلے کی 
LOG (lattice-best-path[5.5.907~1-cbed4]:main():lattice-best-path.cc:99) For utterance 20030005_622, best cost 216.202 + 4586.36 = 4802.56 over 1476 frames.
20030005_622 چوتھی گڑھ میں میں ڈھا اور گدے دے کر ایک درجے عمر رسیدہ بھیڑوں پر لیدر میں سے گرلز دریں 
LOG (lattice-best-path[5.5.907~1-cbed4]:main():lattice-best-path.cc:99) For utterance 20030005_623, best cost 181.338 + 3776.72 = 3958.05 over 1188 frames.
20030005_623 ڈیم ڈیم کا ڈرامہ آپ منافعے آنسو بروز کا مہنگائی یا ندا شاہراہ لے گیا 
LOG (lattice-best-path[5.5.907~1-cbed4]:main():lattice-best-path.cc:99) For utterance 20030005_624, best cost 263.611 + 4766.67 = 5030.28 over 1412 frames.
20030005_624 مفاد سے کے مستعد میں کھلے سے لیموں اور فائر سوکھ فوراً اس والا فولڈر حدود کے دن فٹ شنید کے لیے موہوم شوروم تھا 
LOG (lattice-best-path[5.5.907~1-cbed4]:main():lattice-best-path.cc:99) For utterance 20030005_625, best cost 202.916 + 4280.01 = 4482.93 over 1252 frames.
20030005_625 نرغے ڈیم سائیڈ پر پہ دیا کی آتی گزری لے کر دنگ ایمبیسی ورلڈ کے میں موقعے کو گیا 
LOG (lattice-best-path[5.5.907~1-cbed4]:main():lattice-best-path.cc:99) For utterance 20030005_626, best cost 131.889 + 2563.6 = 2695.48 over 817 frames.
20030005_626 لینڈ بجیں کو مری ہائے یا دودھ کی یہ لگا سمجھا 
LOG (lattice-best-path[5.5.907~1-cbed4]:main():lattice-best-path.cc:99) For utterance 20030005_627, best cost 184.511 + 3525.48 = 3709.99 over 1073 frames.
20030005_627 فیری کاغذ ارب عمل کے نبویہ رتھ کے اسلامی سے بھڑوں کے تو صفوں میں رکھا گیا 
LOG (lattice-best-path[5.5.907~1-cbed4]:main():lattice-best-path.cc:99) For utterance 20030005_628, best cost 188.807 + 3742.61 = 3931.42 over 1182 frames.
20030005_628 نگہت کی تک ملا بنانے کیلئے بیٹھ کے ٹریبیونل میں کے صیہونی کے خوشی یا ماؤف کود تھیں 
LOG (lattice-best-path[5.5.907~1-cbed4]:main():lattice-best-path.cc:99) For utterance 20030005_629, best cost 241.508 + 4851.43 = 5092.94 over 1476 frames.
20030005_629 شیرے ٹرین کے کے کوش والوں کے و خارجہ میں فیڈر عابد زور گھر خرید نے مردوں کا ہزار کے جی کرا آیا 
LOG (lattice-best-path[5.5.907~1-cbed4]:main():lattice-best-path.cc:99) For utterance 20030005_630, best cost 225.856 + 4670.51 = 4896.36 over 1457 frames.
20030005_630 کی فضل میں نشر اے کے کشف تک عالمی آکر بیچے مری یہ قل سن سے والوں بے کر کیا 
LOG (lattice-best-path[5.5.907~1-cbed4]:main():lattice-best-path.cc:99) For utterance 20030005_631, best cost 277.81 + 6024.93 = 6302.74 over 1912 frames.
20030005_631 سیلز چیز کوئی نیم داغ بیٹھ میں وقف آ کر کے فلو رخصت بھیجے تو اس نے اسے موڑ کر چھایا لے دکھایا ہے 
LOG (lattice-best-path[5.5.907~1-cbed4]:main():lattice-best-path.cc:99) For utterance 20030005_632, best cost 272.949 + 5383.46 = 5656.41 over 1758 frames.
20030005_632 حضرت سی گائنی کہا کے روایت کی ہجر چھوڑ روزوں اور ریڈ یاں بن رجوع کر کھجوریں اور رسولی چھوٹے بغیر بیٹھ 
LOG (lattice-best-path[5.5.907~1-cbed4]:main():lattice-best-path.cc:99) For utterance 20030005_633, best cost 240.565 + 5658.54 = 5899.1 over 1873 frames.
20030005_633 ریزرو نیرنگ کے بن کہا میں تفویض کیلئے منیر کیونکہ اور فی سونگ ہو کی کو سوئی کے لیے بھیجی یہ 
LOG (lattice-best-path[5.5.907~1-cbed4]:main():lattice-best-path.cc:99) For utterance 20030005_634, best cost 191.802 + 3174.9 = 3366.71 over 952 frames.
20030005_634 کو لے شغل درجے شب کے استحقاق آن کے لیے رو آ نیا کی نکل گریڈ کر لائیں 
LOG (lattice-best-path[5.5.907~1-cbed4]:main():lattice-best-path.cc:99) For utterance 20030005_635, best cost 219.728 + 4296.15 = 4515.88 over 1336 frames.
20030005_635 خاص میں دل کو چنگ کی لعاب فالوآن میں بیٹھ میں اور ایری مینگل دھل ماہرین سمیت میں سوا کرا ہے 
LOG (lattice-best-path[5.5.907~1-cbed4]:main():lattice-best-path.cc:99) For utterance 20030005_636, best cost 192.655 + 4109.84 = 4302.5 over 1361 frames.
20030005_636 کا موو رو اور خشوع ممد کی چوری آف شامل نے سے زور جا کا کا فجور ہوا 
LOG (lattice-best-path[5.5.907~1-cbed4]:main():lattice-best-path.cc:99) For utterance 20030005_637, best cost 196.999 + 4578.13 = 4775.13 over 1457 frames.
20030005_637 رخوں والوں نے استغراق میں پہنچ کر رنگ کی لارا موذی کی لیدر سے میں مگر بے ہوئی 
LOG (lattice-best-path[5.5.907~1-cbed4]:main():lattice-best-path.cc:99) For utterance 20030005_638, best cost 216.024 + 5519.07 = 5735.1 over 1828 frames.
20030005_638 کاجو گوجر کی شیرے ڈوب ڈرائیونگ سے کو نے صورت اور کوئی کو کھڑے کی کے ملا سے جا نوچیں 
LOG (lattice-best-path[5.5.907~1-cbed4]:main():lattice-best-path.cc:99) For utterance 20030005_639, best cost 254.726 + 4886.67 = 5141.4 over 1432 frames.
20030005_639 ہم عید کے دفتر کی دکھ کے دل سے ترجیح چیز کر کے سے کے مآب عود سزا ہر تک سموسے یہ ڈبو چکھیں 
LOG (lattice-best-path[5.5.907~1-cbed4]:main():lattice-best-path.cc:99) For utterance 20030005_640, best cost 222.003 + 4349.61 = 4571.62 over 1348 frames.
20030005_640 چوہوں کی یوم پر بیٹھی گیارہویں سفید نے بیسن ای کونسل کے شو والا کا پیچوٹری کھو جھلک آیا 
LOG (lattice-best-path[5.5.907~1-cbed4]:main():lattice-best-path.cc:99) For utterance 20030005_641, best cost 196.667 + 3635.16 = 3831.82 over 1054 frames.
20030005_641 آ خیل اؤٹ اور پڑی شروع فوم کی آ دیش ماضی دکھ لاکھ کر لینتھ سے بھیجیں 
LOG (lattice-best-path[5.5.907~1-cbed4]:main():lattice-best-path.cc:99) For utterance 20030005_642, best cost 173.357 + 3509.3 = 3682.65 over 1041 frames.
20030005_642 حریفوں کے سیفٹی میچ چیز سیکھی اے کو درج میں سے مفلوج کیے ہوا کو تھی 
LOG (lattice-best-path[5.5.907~1-cbed4]:main():lattice-best-path.cc:99) For utterance 20030005_643, best cost 215.92 + 4341.61 = 4557.53 over 1310 frames.
20030005_643 طرف آپ آلود سے محفل بحثیں مخالفوں اجرت سے نہایت اور دوغلی راغب سے زاید دیں ڈھا لیں 
LOG (lattice-best-path[5.5.907~1-cbed4]:main():lattice-best-path.cc:99) For utterance 20030005_644, best cost 226.096 + 4951.91 = 5178 over 1611 frames.
20030005_644 کا چکھیں ہے تغلق چھیڑ میں طور پر روئیں اور ریزرو بھورا مچھلی کی سیمی پر کمینگی بھرتا کھلیں 
LOG (lattice-best-path[5.5.907~1-cbed4]:main():lattice-best-path.cc:99) For utterance 20030005_645, best cost 188.169 + 3493.04 = 3681.21 over 1022 frames.
20030005_645 نے پاؤڈر گڈ کیسز میں دوسرا کے سائیڈ بزرگ مصر خیر کرنے کے کی ایف آشنا کھلے ہیں 
LOG (lattice-best-path[5.5.907~1-cbed4]:main():lattice-best-path.cc:99) For utterance 20030005_646, best cost 195.976 + 3753.66 = 3949.63 over 1156 frames.
20030005_646 ساؤتھ گنا فن جوس نے اور چودھری نے کے با لاؤ اور بھیڑیا میں گڑھ آیئں ڈالنے آیئں 
LOG (lattice-best-path[5.5.907~1-cbed4]:main():lattice-best-path.cc:99) For utterance 20030005_647, best cost 129.502 + 3201.28 = 3330.78 over 1067 frames.
20030005_647 بااثر کے انداز میرا گھونگٹ میچور کر دوسروں پر آئے ہے 
LOG (lattice-best-path[5.5.907~1-cbed4]:main():lattice-best-path.cc:99) For utterance 20030005_648, best cost 130.41 + 2953.51 = 3083.92 over 990 frames.
20030005_648 میلے میں دودھیا چھایا چشتی تنخواہ خودسر کے لیے کروا تھا 
LOG (lattice-best-path[5.5.907~1-cbed4]:main():lattice-best-path.cc:99) For utterance 20030005_649, best cost 159.52 + 3147.42 = 3306.94 over 1041 frames.
20030005_649 کو کو کو کر میں مس کر کے بیٹھک نے کے بعد کو عوام کا مڈل لگائی گے 
LOG (lattice-best-path[5.5.907~1-cbed4]:main():lattice-best-path.cc:99) For utterance 20030005_650, best cost 220.385 + 4199.68 = 4420.07 over 1355 frames.
20030005_650 انجری در آئین کی سی رتھ اور سینما لیے ان کی محفل یہ بحیرہ کے رائگاں چیک تک اضافے ہے 
LOG (lattice-best-path[5.5.907~1-cbed4]:main():lattice-best-path.cc:99) For utterance 20030005_651, best cost 172.971 + 3378.15 = 3551.12 over 1131 frames.
20030005_651 کوئلے کیوں بیرونی مووی شعلوں کی کو کلی گھر رکھنے اونے سے پہلے سوئنگ تھیں 
LOG (lattice-best-path[5.5.907~1-cbed4]:main():lattice-best-path.cc:99) For utterance 20030005_652, best cost 217.921 + 4689.05 = 4906.97 over 1502 frames.
20030005_652 رقم کیجیے لے کا آنگن اور لیے کو ورلڈکپ کے نو والا میڈیکل گھور کی سلور و تک اونچی 
LOG (lattice-best-path[5.5.907~1-cbed4]:main():lattice-best-path.cc:99) For utterance 20030005_653, best cost 210.295 + 3794.97 = 4005.26 over 1176 frames.
20030005_653 لیدر بلا ڈیلروں رزق کا سی سن دل کر وزیر کی انجری گھائل تک قل اونس ہوا ہو 
LOG (lattice-best-path[5.5.907~1-cbed4]:main():lattice-best-path.cc:99) For utterance 20030005_654, best cost 204.271 + 4504.98 = 4709.25 over 1361 frames.
20030005_654 کھجلی اور دیش کو سے اس کی عشرے لا چوم کے اور تنگ سے اوور سے کے معدے میں ایسی دھجیاں 
LOG (lattice-best-path[5.5.907~1-cbed4]:main():lattice-best-path.cc:99) For utterance 20030005_655, best cost 134.005 + 3234.71 = 3368.72 over 1022 frames.
20030005_655 میرون بخشش کی بجھائی اور ڈھیلے فٹ بچھانے کا اشاعت ہے 
LOG (lattice-best-path[5.5.907~1-cbed4]:main():lattice-best-path.cc:99) For utterance 20030005_656, best cost 233.597 + 5076.49 = 5310.09 over 1668 frames.
20030005_656 بیگز سے سے جی گروہوں ویب کن کر زیر ہے اینڈ بچائیں اور سونگ اور جہاد بیگ ہرگز کرائے ہے 
LOG (lattice-best-path[5.5.907~1-cbed4]:main():lattice-best-path.cc:99) For utterance 20030005_657, best cost 143.491 + 3466.54 = 3610.03 over 1099 frames.
20030005_657 گول عفو گھن ذہن کے کیفے کردار کی حادثے منفرد نہیں 
LOG (lattice-best-path[5.5.907~1-cbed4]:main():lattice-best-path.cc:99) For utterance 20030005_658, best cost 128.637 + 3062.37 = 3191.01 over 1003 frames.
20030005_658 لینڈ اؤٹ کا میں واحد دوسری ویوز کی با سے گزارنے ہے 
LOG (lattice-best-path[5.5.907~1-cbed4]:main():lattice-best-path.cc:99) For utterance 20030005_659, best cost 174.463 + 4113.26 = 4287.72 over 1291 frames.
20030005_659 مرکزی کو تک کر پرچھائیں اور کوئی کا تمغوں غوروخوض کے بعد بولنے یا کر سوئے ہیں 
LOG (lattice-best-path[5.5.907~1-cbed4]:main():lattice-best-path.cc:99) For utterance 20030005_660, best cost 120.227 + 2443.99 = 2564.21 over 779 frames.
20030005_660 اور لیبر خان کے بل کیا عضلات میں نہیں گھس نہ ہے 
LOG (lattice-best-path[5.5.907~1-cbed4]:main():lattice-best-path.cc:99) For utterance 20030005_661, best cost 164.148 + 3593.15 = 3757.29 over 1252 frames.
20030005_661 قضا آف لینے کے لیے بچھونا پر حامل کا ڈھا ہاتھوں رکھ بنائیں ہے 
LOG (lattice-best-path[5.5.907~1-cbed4]:main():lattice-best-path.cc:99) For utterance 20030005_662, best cost 153.666 + 3422.44 = 3576.1 over 1067 frames.
20030005_662 کھڑے شوروم کو کی آدھ یاں چلیں تو سلطان کی تشبیہ گرنے گئیں 
LOG (lattice-best-path[5.5.907~1-cbed4]:main():lattice-best-path.cc:99) For utterance 20030005_663, best cost 224.529 + 4295.36 = 4519.89 over 1336 frames.
20030005_663 تیروں نے جہاد چاہیے معا کا عابد انگوٹھی یاں پر ساز یقین تو دن دے کی تم ورک کو 
LOG (lattice-best-path[5.5.907~1-cbed4]:main():lattice-best-path.cc:99) For utterance 20030005_664, best cost 226.028 + 4487.29 = 4713.32 over 1316 frames.
20030005_664 فضل آسیہ یہ کے بڑے اعظم میں کا آئین نہ گگلی لے کاغذ نور ہوا تو کے رخوں کے کڑوے کو گئے 
LOG (lattice-best-path[5.5.907~1-cbed4]:main():lattice-best-path.cc:99) For utterance 20030005_665, best cost 153.72 + 2681.09 = 2834.81 over 779 frames.
20030005_665 فیض میں کا سال رو واقعی سے سے گڑھ چینی تو آج بغیر ہوا ہو 
LOG (lattice-best-path[5.5.907~1-cbed4]:main():lattice-best-path.cc:99) For utterance 20030005_666, best cost 197.524 + 3416.05 = 3613.58 over 1073 frames.
20030005_666 دھوئے مون سے پورے اور ورک چہل میں پر آپ کا قحط تو دس رہ حیرت سے بھول لیے 
LOG (lattice-best-path[5.5.907~1-cbed4]:main():lattice-best-path.cc:99) For utterance 20030005_667, best cost 148.465 + 3884.51 = 4032.98 over 1323 frames.
20030005_667 گگلی بیچیں کے دھاڑ سے چنگ کے دوسرے کی گگلی بس ایندھن ہوئی 
LOG (lattice-best-path[5.5.907~1-cbed4]:main():lattice-best-path.cc:99) For utterance 20030005_668, best cost 222.141 + 4904.13 = 5126.27 over 1489 frames.
20030005_668 سنگباری فلو رضوی کے پر لڑیں میں رکھ و کرنے والے جھڑک کار کچلا ربیعہ نہ سے جید نکھرا 
LOG (lattice-best-path[5.5.907~1-cbed4]:main():lattice-best-path.cc:99) For utterance 20030005_669, best cost 157.381 + 3637.98 = 3795.36 over 1112 frames.
20030005_669 اور رخ اعظم مغفرت بورڈر میں ویڈیوز سست ضرورت کے یہ ضرورت نہیں کیا 
LOG (lattice-best-path[5.5.907~1-cbed4]:main():lattice-best-path.cc:99) For utterance 20030005_670, best cost 146.064 + 3286.74 = 3432.81 over 1035 frames.
20030005_670 قضیے کا آخری اشارہ ہے ایک کے ساتھ دنیا کوڑھ رخوں کا تعلق 
LOG (lattice-best-path[5.5.907~1-cbed4]:main():lattice-best-path.cc:99) For utterance 20030005_671, best cost 225.328 + 4488.75 = 4714.08 over 1368 frames.
20030005_671 رشید سے پہلے سوسائٹی گڑیا نے کہا صفوں اور اس زبوں خول کے تفویض جوبلی میں گو اور جی یہ جاؤ 
LOG (lattice-best-path[5.5.907~1-cbed4]:main():lattice-best-path.cc:99) For utterance 20030005_672, best cost 191.299 + 4051.14 = 4242.44 over 1163 frames.
20030005_672 انٹر وڈیو ایشوز چلائی یہ تو وہ فروغ والو سرویئر غصہ درجے کا آپ اگلا ہے 
LOG (lattice-best-path[5.5.907~1-cbed4]:main():lattice-best-path.cc:99) For utterance 20030005_673, best cost 162.633 + 3163.35 = 3325.98 over 1048 frames.
20030005_673 کے چار عام گروہ کے ہوے جو ضلع سیلز کے بیگ پڑ کھڑا آئے ہے 
LOG (lattice-best-path[5.5.907~1-cbed4]:main():lattice-best-path.cc:99) For utterance 20030005_674, best cost 214.342 + 4757.27 = 4971.61 over 1604 frames.
20030005_674 مشروط میں پُلوں میں بھڑک کا کا پرچیاں میگاواٹ کر ہم والا کینگرو ٹھوس مین سنے کی کوشش کی 
LOG (lattice-best-path[5.5.907~1-cbed4]:main():lattice-best-path.cc:99) For utterance 20030005_675, best cost 179.351 + 3921.49 = 4100.85 over 1297 frames.
20030005_675 عارضی کے بو روئی کے رویے پر سوئنگ چھ تو تفنن کا با آؤ پڑھائی گے 
LOG (lattice-best-path[5.5.907~1-cbed4]:main():lattice-best-path.cc:99) For utterance 20030005_676, best cost 200.665 + 4162.41 = 4363.08 over 1278 frames.
20030005_676 اپنی رہائش کا سیریز کا انظباتی جا کھڑے غزوہ رہ میں تنگ اشاعت جھگڑے پر رکھ دیئے 
LOG (lattice-best-path[5.5.907~1-cbed4]:main():lattice-best-path.cc:99) For utterance 20030005_677, best cost 209.582 + 4574.34 = 4783.93 over 1380 frames.
20030005_677 مثال نیا کی گگلی بوئے مگر بعدازاں روز فن بوڑھی گوگل تراجم کی حیرت سے دہلوی گیا 
LOG (lattice-best-path[5.5.907~1-cbed4]:main():lattice-best-path.cc:99) For utterance 20030005_678, best cost 302.305 + 6199.93 = 6502.23 over 2052 frames.
20030005_678 سے نمف نے سوا آپ کو و تھیلی ایف فیری رنز پڑھوا ورلڈ والوں سے چھیڑنے کے لیے ہیڈ رو جن فیملی سے مشعر کے شے کیں 
LOG (lattice-best-path[5.5.907~1-cbed4]:main():lattice-best-path.cc:99) For utterance 20030005_679, best cost 139.396 + 3030.45 = 3169.84 over 958 frames.
20030005_679 تھوڑی اور پیڑی پر چھیل لایا تو سرویئر تیزی سے اچھل ای 
LOG (lattice-best-path[5.5.907~1-cbed4]:main():lattice-best-path.cc:99) For utterance 20030005_680, best cost 198.142 + 4022.1 = 4220.24 over 1316 frames.
20030005_680 چوری کا چوڑیاں پہنے دے ہوے بھی بیٹھ تو لائن اٹھارہ برس میں میں تھوڑا آئے جاتا ہے 
LOG (lattice-best-path[5.5.907~1-cbed4]:main():lattice-best-path.cc:99) For utterance 20030005_681, best cost 216.907 + 4900.37 = 5117.27 over 1611 frames.
20030005_681 پیدا فشنگ جیب شیر کو گیارہ کر ڈانس کوئی تو ہولوں آن پر بھی چیک لارا پر ثریا 
LOG (lattice-best-path[5.5.907~1-cbed4]:main():lattice-best-path.cc:99) For utterance 20030005_682, best cost 216.213 + 5376.79 = 5593 over 1656 frames.
20030005_682 بیس اور شعاع رہے کی لوٹ پر پنجرے کا نارتھ لہجہ وائرس کے ہول عجلت معلوم کیے 
LOG (lattice-best-path[5.5.907~1-cbed4]:main():lattice-best-path.cc:99) For utterance 20030005_683, best cost 203.144 + 4405.81 = 4608.95 over 1355 frames.
20030005_683 حریت سے ماؤزے کی جھگڑوں تک ایم ایم نے اونی رہ دیے کیے تیز سے نکل گئی 
LOG (lattice-best-path[5.5.907~1-cbed4]:main():lattice-best-path.cc:99) For utterance 20030005_684, best cost 177.976 + 3886.86 = 4064.84 over 1208 frames.
20030005_684 میرون بھی فلو رخ آپ ایگزیکٹو کے کی میں معلوم یا ریلی لاگت تک آؤ 
LOG (lattice-best-path[5.5.907~1-cbed4]:main():lattice-best-path.cc:99) For utterance 20030005_685, best cost 142.243 + 2860.49 = 3002.73 over 881 frames.
20030005_685 جو فلڈ غوث کی والو چھیڑ بخشے اسے کہا سے لاؤ بدروح 
LOG (lattice-best-path[5.5.907~1-cbed4]:main():lattice-best-path.cc:99) For utterance 20030005_686, best cost 183.304 + 3757.06 = 3940.36 over 1067 frames.
20030005_686 صوفیہ نے گرنے یہ سرخی ویب فیشن سے بنیں یادیں مسز کا شو شاہ پوچھوں 
LOG (lattice-best-path[5.5.907~1-cbed4]:main():lattice-best-path.cc:99) For utterance 20030005_687, best cost 248.899 + 5417.57 = 5666.47 over 1656 frames.
20030005_687 سوغات گریز کے بدسلوکی سے آنکھیں کوئلے تو حدود ازالہ زچ سے چیف مالدار کر تو جاؤ مدد فضول کاروائی 
LOG (lattice-best-path[5.5.907~1-cbed4]:main():lattice-best-path.cc:99) For utterance 20030005_688, best cost 292.127 + 5614.45 = 5906.58 over 1796 frames.
20030005_688 خلیے کھل کی چادر بھیج بعد کر سے مچھلیاں گز لارا با اور دی ایچ کی کی بیچ میں رہا بوم کے پراٹھا یہ داغ لے جاؤ 
LOG (lattice-best-path[5.5.907~1-cbed4]:main():lattice-best-path.cc:99) For utterance 20030005_689, best cost 220.367 + 4485.19 = 4705.56 over 1496 frames.
20030005_689 بھوجپوری بھڑک جس آ کی یا کیا جھولوں میں ہول بنا یہ اور سوئے سود فصلیں کو جل کر چھائی 
LOG (lattice-best-path[5.5.907~1-cbed4]:main():lattice-best-path.cc:99) For utterance 20030005_690, best cost 149.357 + 3172.11 = 3321.46 over 881 frames.
20030005_690 جگ اٹھی یا نام پڑھائی میں کے شور لیے گول شعاع نے جا سکتا 
LOG (lattice-best-path[5.5.907~1-cbed4]:main():lattice-best-path.cc:99) For utterance 20030005_691, best cost 233.048 + 5086.81 = 5319.86 over 1368 frames.
20030005_691 کی سے کی دلجوئی کے لیے اپنا جی گروتھ دیو میرا اور ہوم سے ٹھونس سمجھا کا سموئے ناغہ ملے ٹھوس دیئے 
LOG (lattice-best-path[5.5.907~1-cbed4]:main():lattice-best-path.cc:99) For utterance 20030005_692, best cost 197.606 + 4509.56 = 4707.17 over 1220 frames.
20030005_692 بدل کو مثال میں کہا کیے ہے حصے بوسن بدلے حق گاڑی سے دی کا تیز رہ 
LOG (lattice-best-path[5.5.907~1-cbed4]:main():lattice-best-path.cc:99) For utterance 20030005_693, best cost 149.135 + 3348 = 3497.14 over 939 frames.
20030005_693 مے نے حق کے جوئیہ سے کہا کے واقعہ پر نوحہ کروں آئے نتھنوں 
LOG (lattice-best-path[5.5.907~1-cbed4]:main():lattice-best-path.cc:99) For utterance 20030005_694, best cost 205.528 + 4723.42 = 4928.95 over 1208 frames.
20030005_694 طرح کا تھوڑا ششدر آیا کا سائیڈ کوئی ہجے اور حصے ہی جا و چبا تھانہ آیئں 
LOG (lattice-best-path[5.5.907~1-cbed4]:main():lattice-best-path.cc:99) For utterance 20030005_695, best cost 205.729 + 4028.98 = 4234.71 over 1105 frames.
20030005_695 کو ہی کی جانب کی چل جانے کو کیا روئیں اگر کی نوچ جاؤ تو پانی میں گول جا و 
LOG (lattice-best-path[5.5.907~1-cbed4]:main():lattice-best-path.cc:99) For utterance 20030005_696, best cost 152.568 + 4402.06 = 4554.62 over 1131 frames.
20030005_696 خاصے کے و میں زیر کو معصوم لیے مسوڑوں کے بنانے کے لیے گا 
LOG (lattice-best-path[5.5.907~1-cbed4]:main():lattice-best-path.cc:99) For utterance 20030005_697, best cost 135.119 + 2993.17 = 3128.29 over 772 frames.
20030005_697 بھولو اور کا آؤ سے سبزیوں تعلق یہ ڈیزائنروں کروانے کا کا ہو گیا 
LOG (lattice-best-path[5.5.907~1-cbed4]:main():lattice-best-path.cc:99) For utterance 20030005_698, best cost 166.982 + 4284.81 = 4451.79 over 1124 frames.
20030005_698 بحیرہ ہوں ہم زوال دھول بھیم سے شخص والی سے کا جائزہ لیے لارا 
LOG (lattice-best-path[5.5.907~1-cbed4]:main():lattice-best-path.cc:99) For utterance 20030005_699, best cost 219.58 + 5007.73 = 5227.31 over 1342 frames.
20030005_699 نظر کی سے روزوں عفو خیال کی چھری میں وعدہ کیے آیا نے میں بھی وومن آتی کا ماہ سوچوں 
LOG (lattice-best-path[5.5.907~1-cbed4]:main():lattice-best-path.cc:99) For utterance 20030005_700, best cost 194.989 + 5229.91 = 5424.9 over 1419 frames.
20030005_700 گوشے اور فون کیے تک میں تغافل کی سوچیے چھڑ کر اسلوب سے و تھنوں 
LOG (lattice-best-path[5.5.907~1-cbed4]:main():lattice-best-path.cc:99) For utterance 20030005_701, best cost 270.672 + 6212.03 = 6482.71 over 1681 frames.
20030005_701 مضمون با عنوان لخت بلوں کو نظر تہتر نہ چیز سے اے اہل دوا کرے موذی زیست کو وقعت کو سمجھا آیا 
LOG (lattice-best-path[5.5.907~1-cbed4]:main():lattice-best-path.cc:99) For utterance 20030005_702, best cost 179.073 + 4445.43 = 4624.5 over 1150 frames.
20030005_702 غیر فیصلہ کو بیعت کی لوگوں میں ہر کیے کوڈ شاہ زون نہ ضرورت بخشیں 
LOG (lattice-scale[5.5.907~1-cbed4]:main():lattice-scale.cc:107) Done 108 lattices.
LOG (lattice-best-path[5.5.907~1-cbed4]:main():lattice-best-path.cc:99) For utterance 20030005_703, best cost 159.693 + 3656.41 = 3816.11 over 952 frames.
20030005_703 پتھروں وارڈ ایف میرے کلیدی جیم کے پتھروں کاروبار آ ظاہر ہوتا ہے 
LOG (lattice-best-path[5.5.907~1-cbed4]:main():lattice-best-path.cc:99) For utterance 20030005_704, best cost 214.401 + 5205.46 = 5419.86 over 1355 frames.
20030005_704 چور نے سے شب مہیا رخ زنخوں کے اے اونس با آتی تھل آؤ کا پر ویسے اس ہے 
LOG (lattice-best-path[5.5.907~1-cbed4]:main():lattice-best-path.cc:99) For utterance 20030005_705, best cost 182.505 + 3602.96 = 3785.47 over 958 frames.
20030005_705 با وجہ رہ لینڈ عمر کو زیست اجازت پر اعلان رتھ آٹھ حصوں سے بڑے کیے 
LOG (lattice-add-penalty[5.5.907~1-cbed4]:main():lattice-add-penalty.cc:62) Done adding word insertion penalty to 108 lattices.
LOG (lattice-best-path[5.5.907~1-cbed4]:main():lattice-best-path.cc:99) For utterance 20030005_706, best cost 133.864 + 4155.82 = 4289.68 over 1086 frames.
20030005_706 بجے روسی وزیر کیے آنکھیں دیکھیے ہمراہ مچولی 
LOG (lattice-best-path[5.5.907~1-cbed4]:main():lattice-best-path.cc:99) For utterance 20030005_707, best cost 148.342 + 3366.56 = 3514.9 over 888 frames.
20030005_707 ماضی اے کو <oov> بھلا یا ہیڈ تو آدھے گناہوں نے نہ کریں 
LOG (lattice-best-path[5.5.907~1-cbed4]:main():lattice-best-path.cc:99) For utterance 20030005_708, best cost 176.324 + 3790.05 = 3966.38 over 1009 frames.
20030005_708 جانب چمڑے سے پہلے بھورے نے مجھے کوچ آیا رسیدہ تھری کا اور مشائخ سمجھائیں ہے 
LOG (lattice-best-path[5.5.907~1-cbed4]:main():lattice-best-path.cc:124) Overall cost per frame is 3.43613 = 0.156571 [graph] + 3.27956 [acoustic] over 136802 frames.
LOG (lattice-best-path[5.5.907~1-cbed4]:main():lattice-best-path.cc:128) Done 108 lattices, failed for 0
# Accounting: time=1 threads=1
# Ended (code 0) at Wed Apr 21 06:56:06 PKT 2021, elapsed time 1 seconds
