# lattice-scale --inv-acoustic-scale=14 "ark:gunzip -c exp/tri4/decode/lat.*.gz|" ark:- | lattice-add-penalty --word-ins-penalty=0.5 ark:- ark:- | lattice-best-path --word-symbol-table=exp/tri4/graph/words.txt ark:- ark,t:- | utils/int2sym.pl -f 2- exp/tri4/graph/words.txt | cat > exp/tri4/decode/scoring_kaldi/penalty_0.5/14.txt 
# Started at Thu Apr 22 14:00:48 PKT 2021
#
lattice-best-path --word-symbol-table=exp/tri4/graph/words.txt ark:- ark,t:- 
lattice-scale --inv-acoustic-scale=14 'ark:gunzip -c exp/tri4/decode/lat.*.gz|' ark:- 
lattice-add-penalty --word-ins-penalty=0.5 ark:- ark:- 
LOG (lattice-best-path[5.5.907~1-cbed4]:main():lattice-best-path.cc:99) For utterance 20030004_601, best cost 95.9325 + 3120.49 = 3216.43 over 804 frames.
20030004_601 حریت رنجیدہ کی شنید ریلیف کی ضرورت براوو کریں 
LOG (lattice-best-path[5.5.907~1-cbed4]:main():lattice-best-path.cc:99) For utterance 20030004_602, best cost 128.532 + 3963.12 = 4091.65 over 1000 frames.
20030004_602 بروکلی لائبریری تھیوری گلوبل شیرخوار چار کے اور لیچی شہباز آرزوئیں 
LOG (lattice-best-path[5.5.907~1-cbed4]:main():lattice-best-path.cc:99) For utterance 20030004_603, best cost 93.7642 + 3018.57 = 3112.33 over 782 frames.
20030004_603 شمشاد برعظیم متاثرین اور کارکردگی قصوروار کلچر کی 
LOG (lattice-best-path[5.5.907~1-cbed4]:main():lattice-best-path.cc:99) For utterance 20030004_604, best cost 67.5411 + 2477.61 = 2545.15 over 638 frames.
20030004_604 جیلانی دراوڑی اور سوچا سلسلے گئی 
LOG (lattice-best-path[5.5.907~1-cbed4]:main():lattice-best-path.cc:99) For utterance 20030004_605, best cost 64.8026 + 1957.41 = 2022.21 over 506 frames.
20030004_605 چونچلے شعاع جنریشن سیکورٹی کرتا ہے 
LOG (lattice-best-path[5.5.907~1-cbed4]:main():lattice-best-path.cc:99) For utterance 20030004_606, best cost 79.0997 + 2161.6 = 2240.7 over 554 frames.
20030004_606 گرویدہ موروثی تذلیل توضیح بڑی گزیر تھا 
LOG (lattice-best-path[5.5.907~1-cbed4]:main():lattice-best-path.cc:99) For utterance 20030004_607, best cost 60.9256 + 1646.05 = 1706.98 over 428 frames.
20030004_607 کسی کی اور کی زرقاوی معالج ہیں 
LOG (lattice-best-path[5.5.907~1-cbed4]:main():lattice-best-path.cc:99) For utterance 20030004_608, best cost 64.1096 + 2282.08 = 2346.19 over 578 frames.
20030004_608 سپرنٹنڈنٹ ڈیوڈ گلگشت ایمرجنسی دلجوئی 
LOG (lattice-best-path[5.5.907~1-cbed4]:main():lattice-best-path.cc:99) For utterance 20030004_609, best cost 102.897 + 2920.06 = 3022.96 over 746 frames.
20030004_609 کے شمولیت باورچی رسولی پائیریسی جھگی سوغات صیاد کیا 
LOG (lattice-best-path[5.5.907~1-cbed4]:main():lattice-best-path.cc:99) For utterance 20030004_610, best cost 83.5908 + 2790.78 = 2874.37 over 740 frames.
20030004_610 پراسیس شیرخوار ٹیلیویژن ایرانی چلچلاتی کے ساتھ ہیں 
LOG (lattice-best-path[5.5.907~1-cbed4]:main():lattice-best-path.cc:99) For utterance 20030004_611, best cost 72.2159 + 2653.41 = 2725.62 over 699 frames.
20030004_611 حسینی افسوس پالیسی کے دوران کی وجہ سے 
LOG (lattice-best-path[5.5.907~1-cbed4]:main():lattice-best-path.cc:99) For utterance 20030004_612, best cost 97.6735 + 2844.3 = 2941.97 over 740 frames.
20030004_612 تبدیلی میرزا شہاب معالجہ شیفرڈ اور کی لینڈ چراغاں ہیں 
LOG (lattice-best-path[5.5.907~1-cbed4]:main():lattice-best-path.cc:99) For utterance 20030004_613, best cost 62.7111 + 2030 = 2092.71 over 534 frames.
20030004_613 پرنم فولاد کو ذوالجلال شیرخوار 
LOG (lattice-best-path[5.5.907~1-cbed4]:main():lattice-best-path.cc:99) For utterance 20030004_614, best cost 73.8756 + 2181.24 = 2255.11 over 547 frames.
20030004_614 بندوق ٹیکنیشنز دستاویزات سوجنے بزرگوار کیا 
LOG (lattice-best-path[5.5.907~1-cbed4]:main():lattice-best-path.cc:99) For utterance 20030004_615, best cost 122.338 + 3604.44 = 3726.78 over 941 frames.
20030004_615 پراٹھا شہزادی چمچہ سٹوڈیوز کرتے ہوئے جنوبی کاؤنٹی دلجوئی تو علیحدہ ہیں 
LOG (lattice-best-path[5.5.907~1-cbed4]:main():lattice-best-path.cc:99) For utterance 20030004_616, best cost 119.258 + 3380.74 = 3500 over 890 frames.
20030004_616 تاجور اور میڈیسن اور نیلوفر روضہ سے توضیحات ذوالجناح خدانخواستہ کی ہیں 
LOG (lattice-best-path[5.5.907~1-cbed4]:main():lattice-best-path.cc:99) For utterance 20030004_617, best cost 87.702 + 2126.73 = 2214.44 over 569 frames.
20030004_617 کھبے کانفرنسوں کے بدچلنی روے کارخیر شناسی ہیں 
LOG (lattice-best-path[5.5.907~1-cbed4]:main():lattice-best-path.cc:99) For utterance 20030004_618, best cost 110.523 + 3014.06 = 3124.59 over 792 frames.
20030004_618 خانگی کرکے سے روشناس کوچوں اقتصادی کرنے کے بعد تجزیہ کیا ہیں 
LOG (lattice-best-path[5.5.907~1-cbed4]:main():lattice-best-path.cc:99) For utterance 20030004_619, best cost 68.2752 + 1965.2 = 2033.48 over 524 frames.
20030004_619 تیزی شیرخوار مدعیان دلجوئی جا ہیں 
LOG (lattice-best-path[5.5.907~1-cbed4]:main():lattice-best-path.cc:99) For utterance 20030004_620, best cost 86.5127 + 2681.02 = 2767.53 over 688 frames.
20030004_620 چھیانوے اور مصروفیات اور دیوبند پرجوش لاہوریات کیں 
LOG (lattice-best-path[5.5.907~1-cbed4]:main():lattice-best-path.cc:99) For utterance 20030004_621, best cost 91.3836 + 3009.24 = 3100.62 over 757 frames.
20030004_621 جلسہ سوئٹرز جکھرانی زیور سوچا کی وزیر دیکھیں 
LOG (lattice-best-path[5.5.907~1-cbed4]:main():lattice-best-path.cc:99) For utterance 20030004_622, best cost 76.4295 + 2430.95 = 2507.38 over 634 frames.
20030004_622 اور چڑچڑا اور ٹھیکیدار زلزلے اور مسز ہیں 
LOG (lattice-best-path[5.5.907~1-cbed4]:main():lattice-best-path.cc:99) For utterance 20030004_623, best cost 45.7461 + 1926.34 = 1972.09 over 510 frames.
20030004_623 پیروکار خصوصا انشائیہ 
LOG (lattice-best-path[5.5.907~1-cbed4]:main():lattice-best-path.cc:99) For utterance 20030004_624, best cost 107.64 + 2988.16 = 3095.8 over 768 frames.
20030004_624 حفاظ کلثوم ایجنسی غوروخوض اور اثرورسوخ کی پیچیدگیوں بشمول تھا 
LOG (lattice-best-path[5.5.907~1-cbed4]:main():lattice-best-path.cc:99) For utterance 20030004_625, best cost 75.8166 + 2595.35 = 2671.16 over 717 frames.
20030004_625 نظریے استفادے کیلئے پریذیڈنٹ کے واقعے ہو گیا 
LOG (lattice-best-path[5.5.907~1-cbed4]:main():lattice-best-path.cc:99) For utterance 20030004_626, best cost 64.0818 + 1739.89 = 1803.98 over 463 frames.
20030004_626 کیا بجھی لاہوریات زنجیر بازیچہ 
LOG (lattice-best-path[5.5.907~1-cbed4]:main():lattice-best-path.cc:99) For utterance 20030004_627, best cost 62.0118 + 2319.49 = 2381.51 over 610 frames.
20030004_627 خوراک غیرت کیموتھراپی سپردخاک کیا 
LOG (lattice-best-path[5.5.907~1-cbed4]:main():lattice-best-path.cc:99) For utterance 20030004_628, best cost 88.1206 + 2632.29 = 2720.41 over 710 frames.
20030004_628 کرتی کرنے والے کینیڈین رفیوجی ہوشیاری وفود تھیں 
LOG (lattice-best-path[5.5.907~1-cbed4]:main():lattice-best-path.cc:99) For utterance 20030004_629, best cost 77.8333 + 2843.33 = 2921.16 over 773 frames.
20030004_629 شیرے نوشاد گہماگہمی کے تنازع پرائیوٹائزیشن 
LOG (lattice-best-path[5.5.907~1-cbed4]:main():lattice-best-path.cc:99) For utterance 20030004_630, best cost 79.8592 + 2454.66 = 2534.52 over 661 frames.
20030004_630 کیونکہ سے شاندار بیچارے پرچم سیراب کر دیا 
LOG (lattice-best-path[5.5.907~1-cbed4]:main():lattice-best-path.cc:99) For utterance 20030004_631, best cost 106.778 + 3236.71 = 3343.48 over 905 frames.
20030004_631 سیاسی اور نو بیٹھی وفاقی چڑچڑے چلغوزے سے مچانے کریں 
LOG (lattice-best-path[5.5.907~1-cbed4]:main():lattice-best-path.cc:99) For utterance 20030004_632, best cost 105.387 + 3156.02 = 3261.41 over 874 frames.
20030004_632 وزیرداخلہ کے ایکویٹی بچّو کوڑیاں بھجوا اور کولسری سویٹر 
LOG (lattice-best-path[5.5.907~1-cbed4]:main():lattice-best-path.cc:99) For utterance 20030004_633, best cost 91.2789 + 3080.18 = 3171.46 over 822 frames.
20030004_633 غیرقانونی گھنیری جہتیں اور فیصد کی توسیع سندھی سے 
LOG (lattice-best-path[5.5.907~1-cbed4]:main():lattice-best-path.cc:99) For utterance 20030004_634, best cost 77.4419 + 2474.23 = 2551.67 over 680 frames.
20030004_634 پریشان ٹیکسیشن کے ساتھ کی بھولنا کیلئے کرتے ہیں 
LOG (lattice-best-path[5.5.907~1-cbed4]:main():lattice-best-path.cc:99) For utterance 20030004_635, best cost 76.9515 + 2543.84 = 2620.79 over 684 frames.
20030004_635 حاصل نوچندی گراموفون ریسٹورنٹ اپنے عزیزواقارب 
LOG (lattice-best-path[5.5.907~1-cbed4]:main():lattice-best-path.cc:99) For utterance 20030004_636, best cost 75.3098 + 2457.68 = 2532.99 over 677 frames.
20030004_636 پروفیشنل جونیئر شادی سوچا تو بخوبی 
LOG (lattice-best-path[5.5.907~1-cbed4]:main():lattice-best-path.cc:99) For utterance 20030004_637, best cost 76.9465 + 2356.07 = 2433.01 over 652 frames.
20030004_637 خوان بیساکھی بدچلنی طاغوتی طرزعمل ہوئیں 
LOG (lattice-best-path[5.5.907~1-cbed4]:main():lattice-best-path.cc:99) For utterance 20030004_638, best cost 92.0736 + 2772.27 = 2864.35 over 709 frames.
20030004_638 پانچوں گجراتی شیروانی پرسوز اور سیکورٹی اور آکسیجن 
LOG (lattice-best-path[5.5.907~1-cbed4]:main():lattice-best-path.cc:99) For utterance 20030004_639, best cost 115.163 + 2863.02 = 2978.18 over 768 frames.
20030004_639 کیفے برطرفی کرکے سے تشخیص اس کی طاغوتی گلدستہ سے کو سکتیں 
LOG (lattice-best-path[5.5.907~1-cbed4]:main():lattice-best-path.cc:99) For utterance 20030004_640, best cost 109.804 + 2922.46 = 3032.26 over 768 frames.
20030004_640 چھاؤں کیا بیٹھی یادیں سیسے اور سے شواہد پنچولی ہو سکتا ہے 
LOG (lattice-best-path[5.5.907~1-cbed4]:main():lattice-best-path.cc:99) For utterance 20030004_641, best cost 73.2847 + 2194.1 = 2267.38 over 601 frames.
20030004_641 اور اور باریش فوقیت شناسی کا پروگریسیو 
LOG (lattice-best-path[5.5.907~1-cbed4]:main():lattice-best-path.cc:99) For utterance 20030004_642, best cost 77.9701 + 2183.66 = 2261.63 over 588 frames.
20030004_642 پہنچتے اویسی کے گردش سے خصوصی اور کیں 
LOG (lattice-best-path[5.5.907~1-cbed4]:main():lattice-best-path.cc:99) For utterance 20030004_643, best cost 67.4603 + 2362.64 = 2430.1 over 626 frames.
20030004_643 تحفہ ازسرنو تجزیہ اور آزادی کریں 
LOG (lattice-best-path[5.5.907~1-cbed4]:main():lattice-best-path.cc:99) For utterance 20030004_644, best cost 101.135 + 2831.05 = 2932.19 over 753 frames.
20030004_644 کے چھہتر شعروادب وزراء مویشی کیسی بار سے بات کی 
LOG (lattice-best-path[5.5.907~1-cbed4]:main():lattice-best-path.cc:99) For utterance 20030004_645, best cost 78.6269 + 2592.96 = 2671.59 over 687 frames.
20030004_645 ہرگز نیوز تذبذب سرکاری کاشف کی ہیں 
LOG (lattice-best-path[5.5.907~1-cbed4]:main():lattice-best-path.cc:99) For utterance 20030004_646, best cost 91.1774 + 2500.14 = 2591.32 over 664 frames.
20030004_646 سایہ خودسوزی اور جاگیرداروں گھیراؤ نگرانی بڑھائے قادیانی 
LOG (lattice-best-path[5.5.907~1-cbed4]:main():lattice-best-path.cc:99) For utterance 20030004_647, best cost 58.7653 + 1648.56 = 1707.33 over 439 frames.
20030004_647 موسم برعظیم جونیجو گردوغبار ہیں 
LOG (lattice-best-path[5.5.907~1-cbed4]:main():lattice-best-path.cc:99) For utterance 20030004_648, best cost 71.0518 + 1949.5 = 2020.55 over 531 frames.
20030004_648 نے دودھیا پچاس صداقت چیریٹی رہا تھا 
LOG (lattice-best-path[5.5.907~1-cbed4]:main():lattice-best-path.cc:99) For utterance 20030004_649, best cost 61.4838 + 2179.89 = 2241.38 over 582 frames.
20030004_649 پونے سبجیکٹ بینات آمدنی کریں 
LOG (lattice-best-path[5.5.907~1-cbed4]:main():lattice-best-path.cc:99) For utterance 20030004_650, best cost 72.6486 + 2605.07 = 2677.71 over 690 frames.
20030004_650 ترجیح پالیسی ہوزری نفسیاتی دستاویزات ہیں 
LOG (lattice-best-path[5.5.907~1-cbed4]:main():lattice-best-path.cc:99) For utterance 20030004_651, best cost 77.8861 + 2462.7 = 2540.59 over 679 frames.
20030004_651 اور اور بیچوں سیکورٹی باندھنے موئسچرائزنگ کی کی 
LOG (lattice-best-path[5.5.907~1-cbed4]:main():lattice-best-path.cc:99) For utterance 20030004_652, best cost 107.962 + 2880.38 = 2988.34 over 801 frames.
20030004_652 پرویا کیجیے دھاندلی اور کی اور بنولہ میں طاغوتی زود پوچھیں 
LOG (lattice-best-path[5.5.907~1-cbed4]:main():lattice-best-path.cc:99) For utterance 20030004_653, best cost 78.15 + 2541.41 = 2619.56 over 694 frames.
20030004_653 پروگریسیو سینٹر سے کی جیلانی کر کوسوں ہیں 
LOG (lattice-best-path[5.5.907~1-cbed4]:main():lattice-best-path.cc:99) For utterance 20030004_654, best cost 106.399 + 2583.86 = 2690.26 over 694 frames.
20030004_654 کینیڈین پیشرو ذیشان چھولے اور بےعزتی اور سینیٹ اپنی صبحیں 
LOG (lattice-best-path[5.5.907~1-cbed4]:main():lattice-best-path.cc:99) For utterance 20030004_655, best cost 70.4092 + 1784.95 = 1855.36 over 493 frames.
20030004_655 خاموشی ایشیائی بوریت بجھائی باریش ہیں 
LOG (lattice-best-path[5.5.907~1-cbed4]:main():lattice-best-path.cc:99) For utterance 20030004_656, best cost 85.9143 + 2678.09 = 2764.01 over 744 frames.
20030004_656 بیساکھی تیروں ترمذی بیگج ہو سمجھانے سے ہیں 
LOG (lattice-best-path[5.5.907~1-cbed4]:main():lattice-best-path.cc:99) For utterance 20030004_657, best cost 56.9581 + 1990.41 = 2047.36 over 545 frames.
20030004_657 کا طرزفکر لادینیت سمفنی نہیں 
LOG (lattice-best-path[5.5.907~1-cbed4]:main():lattice-best-path.cc:99) For utterance 20030004_658, best cost 64.0381 + 1966.73 = 2030.77 over 505 frames.
20030004_658 غیر کامیاب ہونے سے سنگھاسن گزارنے 
LOG (lattice-best-path[5.5.907~1-cbed4]:main():lattice-best-path.cc:99) For utterance 20030004_659, best cost 98.9003 + 2958.19 = 3057.09 over 796 frames.
20030004_659 وڈیو پہنچائیں اور پوشیدہ تغافل توضیحات شمولیت بسائیں 
LOG (lattice-best-path[5.5.907~1-cbed4]:main():lattice-best-path.cc:99) For utterance 20030004_660, best cost 51.5486 + 1545.08 = 1596.63 over 406 frames.
20030004_660 سویرا کے معاوضہ میرزا ہیں 
LOG (lattice-best-path[5.5.907~1-cbed4]:main():lattice-best-path.cc:99) For utterance 20030004_661, best cost 49.0462 + 1894.91 = 1943.96 over 513 frames.
20030004_661 قضہ فیڈریشنز کا باخبر ہیں 
LOG (lattice-best-path[5.5.907~1-cbed4]:main():lattice-best-path.cc:99) For utterance 20030004_662, best cost 65.1367 + 2114.88 = 2180.01 over 549 frames.
20030004_662 گرمجوشی راجیہ سے سیاسی تشبیہ کریں 
LOG (lattice-best-path[5.5.907~1-cbed4]:main():lattice-best-path.cc:99) For utterance 20030004_663, best cost 85.4899 + 2470.17 = 2555.66 over 658 frames.
20030004_663 کے خارجہ ازسرنو کیا ساتھیوں کی دبیز اور ہوئیں 
LOG (lattice-best-path[5.5.907~1-cbed4]:main():lattice-best-path.cc:99) For utterance 20030004_664, best cost 89.6055 + 2802.4 = 2892.01 over 744 frames.
20030004_664 پراسیس فیاضی چھیانوے بازوؤں کلیجی کیونکہ ہو گئیں 
LOG (lattice-best-path[5.5.907~1-cbed4]:main():lattice-best-path.cc:99) For utterance 20030004_665, best cost 61.1452 + 2212.53 = 2273.67 over 587 frames.
20030004_665 خاص احساس قریشی سوختہ شوکیسوں 
LOG (lattice-best-path[5.5.907~1-cbed4]:main():lattice-best-path.cc:99) For utterance 20030004_666, best cost 52.6836 + 1869.71 = 1922.39 over 480 frames.
20030004_666 بزرگ تجربات سالہاسال ہوئیں 
LOG (lattice-best-path[5.5.907~1-cbed4]:main():lattice-best-path.cc:99) For utterance 20030004_667, best cost 63.4854 + 2043.54 = 2107.02 over 558 frames.
20030004_667 کے لیے آکسیجن ڈیمو سے ویڈیوز میں 
LOG (lattice-best-path[5.5.907~1-cbed4]:main():lattice-best-path.cc:99) For utterance 20030004_668, best cost 95.014 + 2844.61 = 2939.62 over 777 frames.
20030004_668 ساتھیو بیچیں کریں اور لیجنڈ پرچھائیاں کے سے جانے کیا 
LOG (lattice-best-path[5.5.907~1-cbed4]:main():lattice-best-path.cc:99) For utterance 20030004_669, best cost 70.2872 + 1966.14 = 2036.42 over 543 frames.
20030004_669 اور غزلوں پر ویزے زیڈ فوبیا ہیں 
LOG (lattice-best-path[5.5.907~1-cbed4]:main():lattice-best-path.cc:99) For utterance 20030004_670, best cost 60.6263 + 1876.32 = 1936.95 over 512 frames.
20030004_670 وزراء ہمیشہ میں ایک ازسرنو بتاؤں 
LOG (lattice-best-path[5.5.907~1-cbed4]:main():lattice-best-path.cc:99) For utterance 20030004_671, best cost 117.61 + 3164.54 = 3282.15 over 872 frames.
20030004_671 قریشی سے پہلے سوسائٹی گھنگریالے بازوؤں اور سعودی سوزوکی بلوچی جاؤ 
LOG (lattice-best-path[5.5.907~1-cbed4]:main():lattice-best-path.cc:99) For utterance 20030004_672, best cost 74.4962 + 2468.94 = 2543.43 over 652 frames.
20030004_672 پھیرنے شستہ کے دوران بسر وزیرداخلہ ہیں 
LOG (lattice-best-path[5.5.907~1-cbed4]:main():lattice-best-path.cc:99) For utterance 20030004_673, best cost 70.075 + 1945.28 = 2015.36 over 536 frames.
20030004_673 پڑھائی جانا پنگھوڑے چوزے نظریے کریں 
LOG (lattice-best-path[5.5.907~1-cbed4]:main():lattice-best-path.cc:99) For utterance 20030004_674, best cost 73.642 + 2569.56 = 2643.2 over 656 frames.
20030004_674 مصوروں میں برساتا فرمائیں قدسی خوشی 
LOG (lattice-best-path[5.5.907~1-cbed4]:main():lattice-best-path.cc:99) For utterance 20030004_675, best cost 53.4182 + 1850.81 = 1904.23 over 501 frames.
20030004_675 فائربریگیڈ بلاسوچے تعاقب اور ہیں 
LOG (lattice-best-path[5.5.907~1-cbed4]:main():lattice-best-path.cc:99) For utterance 20030004_676, best cost 75.0296 + 2438.03 = 2513.06 over 617 frames.
20030004_676 دیباچے سے سکتی تنولی سہارے منتظر تھیں 
LOG (lattice-best-path[5.5.907~1-cbed4]:main():lattice-best-path.cc:99) For utterance 20030004_677, best cost 93.476 + 2936.36 = 3029.84 over 794 frames.
20030004_677 انسانیت کی بیوی بعدازاں موضوع دیوبندی ہونے سے پہلے 
LOG (lattice-best-path[5.5.907~1-cbed4]:main():lattice-best-path.cc:99) For utterance 20030004_678, best cost 104.182 + 3278.32 = 3382.5 over 870 frames.
20030004_678 سروس کارخیر آسرا سے چرانے پروجیکٹ ایکسیئن شیشے کریں 
LOG (lattice-best-path[5.5.907~1-cbed4]:main():lattice-best-path.cc:99) For utterance 20030004_679, best cost 64.6607 + 1891.49 = 1956.15 over 496 frames.
20030004_679 چوڑی اور کے ترجیحات سمجھتے سوچیے 
LOG (lattice-best-path[5.5.907~1-cbed4]:main():lattice-best-path.cc:99) For utterance 20030004_680, best cost 99.9545 + 2815.99 = 2915.94 over 764 frames.
20030004_680 چوڑی تنخواہ ہیروئن ہو کر لائے اور فارسی پیداوار جاتا ہے 
LOG (lattice-best-path[5.5.907~1-cbed4]:main():lattice-best-path.cc:99) For utterance 20030004_681, best cost 87.0635 + 2559.7 = 2646.76 over 688 frames.
20030004_681 ملائیشن شیشے کو ٹھیکیدار سیکورٹی شیعہ تصور 
LOG (lattice-best-path[5.5.907~1-cbed4]:main():lattice-best-path.cc:99) For utterance 20030004_682, best cost 79.3868 + 2421.28 = 2500.67 over 656 frames.
20030004_682 بیہوش والے کی جھونپڑی جلسہ جلوسوں چنانچہ 
LOG (lattice-best-path[5.5.907~1-cbed4]:main():lattice-best-path.cc:99) For utterance 20030004_683, best cost 73.068 + 2211.58 = 2284.64 over 605 frames.
20030004_683 کی انظباتی درآمدات کہانی زندگی کیسی کریں 
LOG (lattice-best-path[5.5.907~1-cbed4]:main():lattice-best-path.cc:99) For utterance 20030004_684, best cost 98.5305 + 2643.75 = 2742.28 over 758 frames.
20030004_684 میری خوگر اور پینسٹھ کے چیلنجوں کیا لیے گلدستہ ہیں 
LOG (lattice-best-path[5.5.907~1-cbed4]:main():lattice-best-path.cc:99) For utterance 20030004_685, best cost 78.7006 + 1811.17 = 1889.87 over 489 frames.
20030004_685 جو فلو سے نیچے بخشے سپاسنامہ بدروح 
LOG (lattice-best-path[5.5.907~1-cbed4]:main():lattice-best-path.cc:99) For utterance 20030004_686, best cost 95.5494 + 2065 = 2160.55 over 543 frames.
20030004_686 سفیدے کے سدباب پیشن سویاں ریلیکس اشفاق کوچوں 
LOG (lattice-best-path[5.5.907~1-cbed4]:main():lattice-best-path.cc:99) For utterance 20030004_687, best cost 109.811 + 2959.51 = 3069.33 over 796 frames.
20030004_687 چولہے صبغت سیروسیاحت دیوی اور پڑا سیکھا پر پرسکون کریں 
LOG (lattice-best-path[5.5.907~1-cbed4]:main():lattice-best-path.cc:99) For utterance 20030004_688, best cost 108.396 + 3114.08 = 3222.48 over 831 frames.
20030004_688 وزیرخارجہ کنسورشیم گزارنے اور نیچی کے میران کرکے باغیچہ ہیں 
LOG (lattice-best-path[5.5.907~1-cbed4]:main():lattice-best-path.cc:99) For utterance 20030004_689, best cost 88.2678 + 2476.62 = 2564.89 over 645 frames.
20030004_689 مجوزہ دیباچہ جنگجویانہ ہے اور سوزوکی سے کتابچہ ہیں 
LOG (lattice-best-path[5.5.907~1-cbed4]:main():lattice-best-path.cc:99) For utterance 20030004_690, best cost 62.2999 + 1708.11 = 1770.41 over 467 frames.
20030004_690 کی پھلیاں پڑھائی شوکیسوں چوالیس ہیں 
LOG (lattice-best-path[5.5.907~1-cbed4]:main():lattice-best-path.cc:99) For utterance 20030004_691, best cost 94.0165 + 2878.18 = 2972.2 over 808 frames.
20030004_691 کسی انجنیئر مالیخولیا اور دستاویزات تلمیحات مدفون نصیب 
LOG (lattice-best-path[5.5.907~1-cbed4]:main():lattice-best-path.cc:99) For utterance 20030004_692, best cost 71.8844 + 2429.55 = 2501.44 over 657 frames.
20030004_692 گزارنے کا ریسکیو سانولے ادائیگی کرتے ہیں 
LOG (lattice-best-path[5.5.907~1-cbed4]:main():lattice-best-path.cc:99) For utterance 20030004_693, best cost 92.4181 + 2412.63 = 2505.05 over 673 frames.
20030004_693 میڈیکل کے چوڑیاں سے کا کے باہر باخبر مدعو ہیں 
LOG (lattice-best-path[5.5.907~1-cbed4]:main():lattice-best-path.cc:99) For utterance 20030004_694, best cost 78.1013 + 2352.38 = 2430.48 over 604 frames.
20030004_694 دلبرداشتہ تساہل درجے اور بازیچہ کوچوان ہیں 
LOG (lattice-best-path[5.5.907~1-cbed4]:main():lattice-best-path.cc:99) For utterance 20030004_695, best cost 92.4175 + 2269.54 = 2361.96 over 606 frames.
20030004_695 بیچارے کیجیے جانے کو کیا باورچی سنگباری لینگویج ہیں 
LOG (lattice-best-path[5.5.907~1-cbed4]:main():lattice-best-path.cc:99) For utterance 20030004_696, best cost 77.5374 + 2356.68 = 2434.22 over 617 frames.
20030004_696 تشخص کیا ریزروز منصوبے ڈائیگرام کیا ہیں 
LOG (lattice-best-path[5.5.907~1-cbed4]:main():lattice-best-path.cc:99) For utterance 20030004_697, best cost 60.8783 + 1857.02 = 1917.9 over 492 frames.
20030004_697 بغور سے سینٹر بیسن گراموفون 
LOG (lattice-best-path[5.5.907~1-cbed4]:main():lattice-best-path.cc:99) For utterance 20030004_698, best cost 58.9699 + 1749.05 = 1808.02 over 474 frames.
20030004_698 نامزد جوڈیشل کاروبار زلزلے ہیں 
LOG (lattice-best-path[5.5.907~1-cbed4]:main():lattice-best-path.cc:99) For utterance 20030004_699, best cost 81.3334 + 2235.83 = 2317.16 over 596 frames.
20030004_699 نجات کے چغتائی جڑی کہانی چاہیے بلاسوچے ہیں 
LOG (lattice-best-path[5.5.907~1-cbed4]:main():lattice-best-path.cc:99) For utterance 20030004_700, best cost 81.9612 + 2057.81 = 2139.77 over 540 frames.
20030004_700 دوچند کو کی کی میں تغافل جھنجھلاہٹ خصوصا ہیں 
LOG (lattice-best-path[5.5.907~1-cbed4]:main():lattice-best-path.cc:99) For utterance 20030004_701, best cost 85.1641 + 2355.88 = 2441.05 over 617 frames.
20030004_701 مظلام آوازیں غنودگی ذوالجلال مزدوروں بازیچہ ہیں 
LOG (lattice-best-path[5.5.907~1-cbed4]:main():lattice-best-path.cc:99) For utterance 20030004_702, best cost 70.2335 + 1875.71 = 1945.94 over 513 frames.
20030004_702 گیس راہبر دیوبندی پریشر مدہوش ہیں 
LOG (lattice-best-path[5.5.907~1-cbed4]:main():lattice-best-path.cc:99) For utterance 20030004_703, best cost 57.8178 + 1820.23 = 1878.04 over 504 frames.
20030004_703 ڈیتھ ٹریژری ڈرامہ ضرورت ہیں 
LOG (lattice-best-path[5.5.907~1-cbed4]:main():lattice-best-path.cc:99) For utterance 20030004_704, best cost 85.2375 + 2763.57 = 2848.81 over 762 frames.
20030004_704 چغتائی سیکشن متنازعہ کیونکہ انظباتی دیوداس ہیں 
LOG (lattice-best-path[5.5.907~1-cbed4]:main():lattice-best-path.cc:99) For utterance 20030004_705, best cost 74.2339 + 2193.41 = 2267.65 over 586 frames.
20030004_705 بھونچال بنائیں ویزے جبڑا دستاویزی نہیں 
LOG (lattice-best-path[5.5.907~1-cbed4]:main():lattice-best-path.cc:99) For utterance 20030004_706, best cost 57.3188 + 1616 = 1673.31 over 434 frames.
20030004_706 بیساکھی جیسے صاحب کی دریچوں 
LOG (lattice-best-path[5.5.907~1-cbed4]:main():lattice-best-path.cc:99) For utterance 20030004_707, best cost 48.1647 + 1710.59 = 1758.76 over 479 frames.
20030004_707 اناسیواں راہداری بنانا ہیں 
LOG (lattice-best-path[5.5.907~1-cbed4]:main():lattice-best-path.cc:99) For utterance 20030004_708, best cost 88.023 + 2371.3 = 2459.32 over 653 frames.
20030004_708 میں چمچے سرنجیں بچہ سیکورٹی بھاوج سمجھا ہیں 
LOG (lattice-best-path[5.5.907~1-cbed4]:main():lattice-best-path.cc:99) For utterance 20030005_601, best cost 148.577 + 5450.29 = 5598.86 over 1496 frames.
20030005_601 پرنیا توجیہ انفارمیشن میں بلین منیب کلیرنگ برڈ کیونکہ پَلوں کو گوگل ہیں 
LOG (lattice-best-path[5.5.907~1-cbed4]:main():lattice-best-path.cc:99) For utterance 20030005_602, best cost 196.539 + 7496.31 = 7692.85 over 2091 frames.
20030005_602 پندرہ کے لاریب کے داخلوں اور تحریروں بن تفتیشی والوں کے مجاہد کو پنجرے کرنے کے شیلٹر سے کالجوں ہیں 
LOG (lattice-best-path[5.5.907~1-cbed4]:main():lattice-best-path.cc:99) For utterance 20030005_603, best cost 153.031 + 5691.49 = 5844.52 over 1534 frames.
20030005_603 شخص خوشخبری اور غزلیں کے باعث کیلئے کاروبار پیروکاروں تبدیلی بےقصور برتن بیچارے ہیں 
LOG (lattice-best-path[5.5.907~1-cbed4]:main():lattice-best-path.cc:99) For utterance 20030005_604, best cost 130.044 + 5770.1 = 5900.14 over 1617 frames.
20030005_604 صدیقین حاشیے تدابیر عزیزواقارب پیش کو پہنچائیں کے کے زیورات گرہیں تھا 
LOG (lattice-best-path[5.5.907~1-cbed4]:main():lattice-best-path.cc:99) For utterance 20030005_605, best cost 87.5136 + 2870.56 = 2958.07 over 734 frames.
20030005_605 چور شمار جنریشن میں کوریوگرافر اب دیتا ہے 
LOG (lattice-best-path[5.5.907~1-cbed4]:main():lattice-best-path.cc:99) For utterance 20030005_606, best cost 128.253 + 3922.09 = 4050.34 over 1080 frames.
20030005_606 پر جھینگے قانونگو اب سے کی بلوں کے تغافل زندگی بڑی بازیچہ ہیں 
LOG (lattice-best-path[5.5.907~1-cbed4]:main():lattice-best-path.cc:99) For utterance 20030005_607, best cost 92.6119 + 2770.13 = 2862.74 over 747 frames.
20030005_607 تحصیلدار کی کفار کی زدہ باؤنڈری باب لینگویج ہیں 
LOG (lattice-best-path[5.5.907~1-cbed4]:main():lattice-best-path.cc:99) For utterance 20030005_608, best cost 118.368 + 4046.54 = 4164.9 over 1112 frames.
20030005_608 کرکے کنٹرول بو خورشید کاربن کوچہ میں کی اور جناب ہو گئیں 
LOG (lattice-best-path[5.5.907~1-cbed4]:main():lattice-best-path.cc:99) For utterance 20030005_609, best cost 149.768 + 5298.64 = 5448.41 over 1464 frames.
20030005_609 گلیشئیر معاندانہ دلنشیں میں کے ساتھ توڑیں بیداری اور فیصلوں کے شوربہ توصیف یاب کیا 
LOG (lattice-best-path[5.5.907~1-cbed4]:main():lattice-best-path.cc:99) For utterance 20030005_610, best cost 131.696 + 4642.02 = 4773.72 over 1188 frames.
20030005_610 مواصلات پیدائش کر کا کینیڈین کھلنڈرا نیشن کی طرح سے رپورتاژ خاص ہیں 
LOG (lattice-best-path[5.5.907~1-cbed4]:main():lattice-best-path.cc:99) For utterance 20030005_611, best cost 131.149 + 5116.54 = 5247.68 over 1425 frames.
20030005_611 حسینی باب فورس کرنے سیدھے ڈبوئیں برابر کی گونگے کے ساتھ چلیں 
LOG (lattice-best-path[5.5.907~1-cbed4]:main():lattice-best-path.cc:99) For utterance 20030005_612, best cost 129.342 + 4690.71 = 4820.05 over 1246 frames.
20030005_612 تبدیلیاں کی افزائش سیراب معالجہ شیفرڈ تو خاوند کی رنجیدہ خوان ہیں 
LOG (lattice-best-path[5.5.907~1-cbed4]:main():lattice-best-path.cc:99) For utterance 20030005_613, best cost 104.436 + 3180.82 = 3285.26 over 836 frames.
20030005_613 پر تجارت بزدل اور چہل بورڈ شیلڈیں گلدستہ کیا ہیں 
LOG (lattice-best-path[5.5.907~1-cbed4]:main():lattice-best-path.cc:99) For utterance 20030005_614, best cost 104.181 + 3463.62 = 3567.8 over 932 frames.
20030005_614 بروز ٹیکنیشنز کے گاؤں کے ساتھ سزا کے بغیر سندھو کر آیا 
LOG (lattice-best-path[5.5.907~1-cbed4]:main():lattice-best-path.cc:99) For utterance 20030005_615, best cost 154.746 + 6374.33 = 6529.08 over 1726 frames.
20030005_615 عرضداشت اضافے نیچی اور موئسچرائزنگ روزبروز پر گیارہویں جاسوسی خاقان کی دلجوئی میں پڑا ہیں 
LOG (lattice-best-path[5.5.907~1-cbed4]:main():lattice-best-path.cc:99) For utterance 20030005_616, best cost 158.888 + 5781.36 = 5940.24 over 1496 frames.
20030005_616 تاجور اور میں صبح اور پیشنگوئی سوچیے گزشتہ پر کیسی جاسوسی کی وفاؤں کا دلبرداشتہ کیا 
LOG (lattice-best-path[5.5.907~1-cbed4]:main():lattice-best-path.cc:99) For utterance 20030005_617, best cost 126.677 + 4359.02 = 4485.7 over 1182 frames.
20030005_617 کنیئرڈ کارپوریشن کے بیچوں میں کیوں نوآبادیاتی دیکھا کر فقدان سے لگا ہے 
LOG (lattice-best-path[5.5.907~1-cbed4]:main():lattice-best-path.cc:99) For utterance 20030005_618, best cost 136.224 + 4204.63 = 4340.85 over 1099 frames.
20030005_618 خان کے بدلے سے ہوشیاری کوچوں والے تک ہزارویں کیونکہ کا پرچیز کامیاب 
LOG (lattice-best-path[5.5.907~1-cbed4]:main():lattice-best-path.cc:99) For utterance 20030005_619, best cost 105.285 + 3146.37 = 3251.66 over 868 frames.
20030005_619 تزئین بشیر اپنی مآب بیان بنیں کی چونگی دیگر ہیں 
LOG (lattice-best-path[5.5.907~1-cbed4]:main():lattice-best-path.cc:99) For utterance 20030005_620, best cost 157.052 + 6070.65 = 6227.71 over 1764 frames.
20030005_620 چینی ہندوؤں کے بولروں بوڑھوں پیشگوئیاں اور کے موقعوں پر اور زور شاخوں کی کامیاب کیں 
LOG (lattice-best-path[5.5.907~1-cbed4]:main():lattice-best-path.cc:99) For utterance 20030005_621, best cost 147.102 + 4959.87 = 5106.97 over 1336 frames.
20030005_621 مجلس حاشیے میں اور چین چیئرمین تہذیب منتظر اور جاری بازو میں میں پر کی 
LOG (lattice-best-path[5.5.907~1-cbed4]:main():lattice-best-path.cc:99) For utterance 20030005_622, best cost 141.66 + 5310.63 = 5452.29 over 1476 frames.
20030005_622 چونچلے کر میں میں باؤنڈری بیدار کے نشر مرضی بھیڑوں اور کرنے سے بدلیں 
LOG (lattice-best-path[5.5.907~1-cbed4]:main():lattice-best-path.cc:99) For utterance 20030005_623, best cost 113.858 + 4256.87 = 4370.73 over 1188 frames.
20030005_623 گارلینڈ ہینگر چھاؤں معاف آشوب موجب کا رہنماؤں بشاش کیا 
LOG (lattice-best-path[5.5.907~1-cbed4]:main():lattice-best-path.cc:99) For utterance 20030005_624, best cost 175.199 + 5298.63 = 5473.83 over 1412 frames.
20030005_624 گھسے نرخوں میں کولسری بورڈر فوج شوخ اور سنوارا صورت حدود کے کنونشن یہودی بدشگونی تھا 
LOG (lattice-best-path[5.5.907~1-cbed4]:main():lattice-best-path.cc:99) For utterance 20030005_625, best cost 123.944 + 4679.15 = 4803.09 over 1252 frames.
20030005_625 گرویدہ نذر کیا بیماری کوارڈینیٹر بیوروکریسی غریب کے اور ایک فوبیا ہے 
LOG (lattice-best-path[5.5.907~1-cbed4]:main():lattice-best-path.cc:99) For utterance 20030005_626, best cost 94.1416 + 2920.39 = 3014.53 over 817 frames.
20030005_626 کلیرنگ بجیں بوئنگ تلمیحات منیب کی تلاش پہنچا 
LOG (lattice-best-path[5.5.907~1-cbed4]:main():lattice-best-path.cc:99) For utterance 20030005_627, best cost 115.5 + 3963.2 = 4078.69 over 1073 frames.
20030005_627 سیرگاہ ارب کے ڈھنڈورا میں سے بوڑھوں کے کوسوں میں درخواست کیا 
LOG (lattice-best-path[5.5.907~1-cbed4]:main():lattice-best-path.cc:99) For utterance 20030005_628, best cost 113.489 + 4257.68 = 4371.17 over 1182 frames.
20030005_628 کوآرڈینیٹر ننانوے گہرے ٹریبیونل بے چنگیزی ہوشیاری وفود ہیں 
LOG (lattice-best-path[5.5.907~1-cbed4]:main():lattice-best-path.cc:99) For utterance 20030005_629, best cost 159.532 + 5460.24 = 5619.78 over 1476 frames.
20030005_629 شیڈ کے کے بش والوں کے کو خان کے لیفٹیننٹ تعوذ اور تنظیم منشیوں کاغذات کی کا ہیں 
LOG (lattice-best-path[5.5.907~1-cbed4]:main():lattice-best-path.cc:99) For utterance 20030005_630, best cost 141.411 + 5323.62 = 5465.03 over 1457 frames.
20030005_630 چوم ہزارویں بخشیں کے لشکر تھانیدار بلاسوچے وائرل چنگ سروں بیدار کیا 
LOG (lattice-best-path[5.5.907~1-cbed4]:main():lattice-best-path.cc:99) For utterance 20030005_631, best cost 190.32 + 6975.48 = 7165.8 over 1912 frames.
20030005_631 سیلرز چیز توہین باب بیگ میں دور فائربریگیڈ صوبوں ٹھوس بیچیں توسیع پیشکشیں بورڈر چائلڈ ہیں 
LOG (lattice-best-path[5.5.907~1-cbed4]:main():lattice-best-path.cc:99) For utterance 20030005_632, best cost 189.508 + 6267.05 = 6456.56 over 1758 frames.
20030005_632 قضیے تحصیلدار میں کاروبار کی ایڈونچر چوروں اور یاب بوبی جواب پر کھجوریں اور دسویں چبھنے برابر ہیں 
LOG (lattice-best-path[5.5.907~1-cbed4]:main():lattice-best-path.cc:99) For utterance 20030005_633, best cost 157.363 + 6517.08 = 6674.45 over 1873 frames.
20030005_633 جنم کے بعد میں تجویز کے طیب کھینچیں اور پیشکشوں کی توضیحات سندھی چورنگی کلیجی ہیں 
LOG (lattice-best-path[5.5.907~1-cbed4]:main():lattice-best-path.cc:99) For utterance 20030005_634, best cost 87.8016 + 3591.15 = 3678.95 over 952 frames.
20030005_634 گلیشئیر جشن کتابچے یوروپیئن آتی مرتبہ ہیں 
LOG (lattice-best-path[5.5.907~1-cbed4]:main():lattice-best-path.cc:99) For utterance 20030005_635, best cost 145.558 + 4849.17 = 4994.73 over 1336 frames.
20030005_635 خاص فرینڈلی پوچھیں کی لوحوں فولاد بعینہ اور لنگر فرمائیں سیب کے ساتھ ہیں 
LOG (lattice-best-path[5.5.907~1-cbed4]:main():lattice-best-path.cc:99) For utterance 20030005_636, best cost 116.049 + 4817.23 = 4933.28 over 1361 frames.
20030005_636 کو خشوع ندرت کی جوبلی بادشاہ مسز ہو جاتا کو گفتگو 
LOG (lattice-best-path[5.5.907~1-cbed4]:main():lattice-best-path.cc:99) For utterance 20030005_637, best cost 132.244 + 5231.47 = 5363.71 over 1457 frames.
20030005_637 خواتین میں کے ساتھ میں کی خوشگوار میواتی مجیب کی نرسیں مربعے حبیب 
LOG (lattice-best-path[5.5.907~1-cbed4]:main():lattice-best-path.cc:99) For utterance 20030005_638, best cost 135.27 + 6434.76 = 6570.03 over 1828 frames.
20030005_638 پانچواں منیجر کی شعروادب میں سے میچور اور تھوڑی کوٹھڑی کے کا سے بچاؤ پوچھیں 
LOG (lattice-best-path[5.5.907~1-cbed4]:main():lattice-best-path.cc:99) For utterance 20030005_639, best cost 168.875 + 5437.96 = 5606.83 over 1432 frames.
20030005_639 خلیفہ کے دفتر کی بلکہ تبدیلی سے ترجیح زوردار سکیپ داؤدی زبردست سموسے بش سے ہیں 
LOG (lattice-best-path[5.5.907~1-cbed4]:main():lattice-best-path.cc:99) For utterance 20030005_640, best cost 154.301 + 4898.9 = 5053.2 over 1348 frames.
20030005_640 چوزوں کیوں برابر کیا نیز کی سمیت اسلوب کے شماریات کا پنچولی بخود چاہتے 
LOG (lattice-best-path[5.5.907~1-cbed4]:main():lattice-best-path.cc:99) For utterance 20030005_641, best cost 108.555 + 4048.75 = 4157.3 over 1054 frames.
20030005_641 اور اور اریگیشن کوسوں کے بعد شناسی برساتا لاریب سے بے ہیں 
LOG (lattice-best-path[5.5.907~1-cbed4]:main():lattice-best-path.cc:99) For utterance 20030005_642, best cost 118.948 + 3946.09 = 4065.03 over 1041 frames.
20030005_642 ہجوں کشف کی میچ سکیپ اوباش ہنسیں نفوذ کے پوائنٹ کی 
LOG (lattice-best-path[5.5.907~1-cbed4]:main():lattice-best-path.cc:99) For utterance 20030005_643, best cost 139.551 + 4964.75 = 5104.3 over 1310 frames.
20030005_643 خالد سے نظر بحثیں بلاخوف تجربہ سے بہائیں اور بویا سزائیں دیباچے ہیں 
LOG (lattice-best-path[5.5.907~1-cbed4]:main():lattice-best-path.cc:99) For utterance 20030005_644, best cost 143.917 + 5782.78 = 5926.7 over 1611 frames.
20030005_644 پنچھی حکومت شعروادب دوڑائیں اور بڑھاپے بشیر کیسی بغیر فن بردار کے ہیں 
LOG (lattice-best-path[5.5.907~1-cbed4]:main():lattice-best-path.cc:99) For utterance 20030005_645, best cost 114.898 + 3905.83 = 4020.73 over 1022 frames.
20030005_645 کینیڈین پرچیز منتظر کے صاحب بوجوہ مسخرے میں کی فشار ہیں 
LOG (lattice-best-path[5.5.907~1-cbed4]:main():lattice-best-path.cc:99) For utterance 20030005_646, best cost 129.211 + 4233.48 = 4362.69 over 1156 frames.
20030005_646 سوری ناخواندگی جوس میں ورچوئل میں جمخانہ اور بڑھاپے میں بڑھائیں باندھیں ہیں 
LOG (lattice-best-path[5.5.907~1-cbed4]:main():lattice-best-path.cc:99) For utterance 20030005_647, best cost 94.2965 + 3712.86 = 3807.15 over 1067 frames.
20030005_647 بااثر میں کرنا زراعت بھول چور بوڑھوں کرتا ہے 
LOG (lattice-best-path[5.5.907~1-cbed4]:main():lattice-best-path.cc:99) For utterance 20030005_648, best cost 90.8597 + 3504.6 = 3595.46 over 990 frames.
20030005_648 پر میں دودھیا چاشنی کامیاب خودسر کیلئے پراٹھا 
LOG (lattice-best-path[5.5.907~1-cbed4]:main():lattice-best-path.cc:99) For utterance 20030005_649, best cost 94.2232 + 3742.64 = 3836.86 over 1041 frames.
20030005_649 تو گینگسٹر کے بحیرہ پونے کا فیڈر تلے ہیں 
LOG (lattice-best-path[5.5.907~1-cbed4]:main():lattice-best-path.cc:99) For utterance 20030005_650, best cost 127.896 + 4867.54 = 4995.44 over 1355 frames.
20030005_650 فوجیں بانگ کی سیر اور سنبھال کمینگی وزیرداخلہ کے رہائشی پر قضہ ہیں 
LOG (lattice-best-path[5.5.907~1-cbed4]:main():lattice-best-path.cc:99) For utterance 20030005_651, best cost 117.799 + 3930.84 = 4048.64 over 1131 frames.
20030005_651 پونے کی بیرونی کوچوں کی کو کی گھنٹے ہونے سے پہلے چونگی کیں 
LOG (lattice-best-path[5.5.907~1-cbed4]:main():lattice-best-path.cc:99) For utterance 20030005_652, best cost 132.689 + 5325.41 = 5458.09 over 1502 frames.
20030005_652 پر سرنجیں کا میں اور کیلئے پوائنٹ کیموتھراپی نیرنگ پور کے ضرورت پوچھیں 
LOG (lattice-best-path[5.5.907~1-cbed4]:main():lattice-best-path.cc:99) For utterance 20030005_653, best cost 114.939 + 4215.6 = 4330.54 over 1176 frames.
20030005_653 تجربہ رینجرز قاسم زبردست ضلعی بجلی برابر خضوع ہیں 
LOG (lattice-best-path[5.5.907~1-cbed4]:main():lattice-best-path.cc:99) For utterance 20030005_654, best cost 141.746 + 5082.37 = 5224.12 over 1361 frames.
20030005_654 کرکے پرتعیش کو سیلز کے گلیشئیر چیڑھ گھیراؤ پھنسے کے بحیثیت کینیڈین سبزیوں ہیں 
LOG (lattice-best-path[5.5.907~1-cbed4]:main():lattice-best-path.cc:99) For utterance 20030005_655, best cost 102.527 + 3663.03 = 3765.56 over 1022 frames.
20030005_655 کر اوباش کی بچائیں اور تبدیلی لیزر بچائیں تابش ہیں 
LOG (lattice-best-path[5.5.907~1-cbed4]:main():lattice-best-path.cc:99) For utterance 20030005_656, best cost 121.534 + 5901.43 = 6022.96 over 1668 frames.
20030005_656 دلسوزی پروسیسنگ بدمزگی ہینگر بچائیں اور شون بھونچال بدہضمی ہیں 
LOG (lattice-best-path[5.5.907~1-cbed4]:main():lattice-best-path.cc:99) For utterance 20030005_657, best cost 105.865 + 3945.47 = 4051.34 over 1099 frames.
20030005_657 کا محبوبہ سبب ذہنی کے تاثرات کی بااثر منفرد ہیں 
LOG (lattice-best-path[5.5.907~1-cbed4]:main():lattice-best-path.cc:99) For utterance 20030005_658, best cost 89.1559 + 3517.46 = 3606.62 over 1003 frames.
20030005_658 مندوبین کامیاب اٹھی سیلرز کے بعد سے گزارنے ہیں 
LOG (lattice-best-path[5.5.907~1-cbed4]:main():lattice-best-path.cc:99) For utterance 20030005_659, best cost 127.454 + 4707.47 = 4834.93 over 1291 frames.
20030005_659 کرتی خوگر بچائیں بھوجپوری کا تمغوں غوروخوض براوو میں بارش اور ہیں 
LOG (lattice-best-path[5.5.907~1-cbed4]:main():lattice-best-path.cc:99) For utterance 20030005_660, best cost 71.375 + 2825.35 = 2896.73 over 779 frames.
20030005_660 اور خان کے بغیر کیا ہزارویں بسا ہیں 
LOG (lattice-best-path[5.5.907~1-cbed4]:main():lattice-best-path.cc:99) For utterance 20030005_661, best cost 96.8386 + 4353.04 = 4449.88 over 1252 frames.
20030005_661 تیزرفتار میں کے لیے بشمول کامیاب کا داغ مرتبہ ہیں 
LOG (lattice-best-path[5.5.907~1-cbed4]:main():lattice-best-path.cc:99) For utterance 20030005_662, best cost 107.937 + 3855.22 = 3963.16 over 1067 frames.
20030005_662 تخریب شرحوں کی پرچیاں چلیں درسگاہوں کی دلنشیں ڈیبیٹ ہیں 
LOG (lattice-best-path[5.5.907~1-cbed4]:main():lattice-best-path.cc:99) For utterance 20030005_663, best cost 112.023 + 4887.62 = 4999.65 over 1336 frames.
20030005_663 کی ڈوریں جرگہ چاہے گمشدہ برساتا کی بخوبی تنقیص ہوتی ہیں 
LOG (lattice-best-path[5.5.907~1-cbed4]:main():lattice-best-path.cc:99) For utterance 20030005_664, best cost 129.876 + 4941.53 = 5071.41 over 1316 frames.
20030005_664 خسارے براؤزر میں تناسب لیتا موضوعات کو پر سے گروں کے رپورٹ ہیں 
LOG (lattice-best-path[5.5.907~1-cbed4]:main():lattice-best-path.cc:99) For utterance 20030005_665, best cost 73.0977 + 2941.87 = 3014.97 over 779 frames.
20030005_665 فیضان ہزارویں ریسرچ ریورس خیرخواہ ہیں 
LOG (lattice-best-path[5.5.907~1-cbed4]:main():lattice-best-path.cc:99) For utterance 20030005_666, best cost 104.956 + 3864.46 = 3969.41 over 1073 frames.
20030005_666 بروز ایمبولینس اور بدچلنی باہر تساہل خیر سے بولے 
LOG (lattice-best-path[5.5.907~1-cbed4]:main():lattice-best-path.cc:99) For utterance 20030005_667, best cost 118.724 + 4593.39 = 4712.11 over 1323 frames.
20030005_667 کی بے کے عدالت سے چنگیزی بھول سے کی مجیب گز سنگباری 
LOG (lattice-best-path[5.5.907~1-cbed4]:main():lattice-best-path.cc:99) For utterance 20030005_668, best cost 143.511 + 5480.48 = 5623.99 over 1489 frames.
20030005_668 سعودی ضروریات کے پر انگیخت گھنگریالے بچار کا تحصیلدار پگڑیاں کی سرنجیں لگا 
LOG (lattice-best-path[5.5.907~1-cbed4]:main():lattice-best-path.cc:99) For utterance 20030005_669, best cost 96.6882 + 4043.99 = 4140.68 over 1112 frames.
20030005_669 غوروخوض اپنے منفعت بورڈ میں بلڈوزر کیلئے غیرضروری ہے 
LOG (lattice-best-path[5.5.907~1-cbed4]:main():lattice-best-path.cc:99) For utterance 20030005_670, best cost 92.3451 + 3731.77 = 3824.12 over 1035 frames.
20030005_670 قضیے خواہش راہگیر صاحب دوبارہ بھگوڑوں تعاقب 
LOG (lattice-best-path[5.5.907~1-cbed4]:main():lattice-best-path.cc:99) For utterance 20030005_671, best cost 140.371 + 5060.22 = 5200.59 over 1368 frames.
20030005_671 پچھتر ساری گاڑیاں میں کا صوفی اور تصورات کے ضعف پنچولی میں کو پوشیدہ ہیں 
LOG (lattice-best-path[5.5.907~1-cbed4]:main():lattice-best-path.cc:99) For utterance 20030005_672, best cost 111.726 + 4445.56 = 4557.29 over 1163 frames.
20030005_672 پنجرے ایشوز جانے کو فقدان ادھیڑ تصورات پرسکون وزیرداخلہ ہیں 
LOG (lattice-best-path[5.5.907~1-cbed4]:main():lattice-best-path.cc:99) For utterance 20030005_673, best cost 95.7764 + 3684.46 = 3780.23 over 1048 frames.
20030005_673 کلراٹھی کی بیچوں بالاخر میں دوجے غزلیات پڑھائی ہیں 
LOG (lattice-best-path[5.5.907~1-cbed4]:main():lattice-best-path.cc:99) For utterance 20030005_674, best cost 140.114 + 5590.23 = 5730.34 over 1604 frames.
20030005_674 دانشو کے پُلوں میں پر کا پر جانبدار درآمدات ٹیبلو کو سمجھائیں کی کوشش کی 
LOG (lattice-best-path[5.5.907~1-cbed4]:main():lattice-best-path.cc:99) For utterance 20030005_675, best cost 101.577 + 4604.84 = 4706.42 over 1297 frames.
20030005_675 تاجر بولیں کے لیے پر سوچے کو خوفوں قانونگو کرتا ہے 
LOG (lattice-best-path[5.5.907~1-cbed4]:main():lattice-best-path.cc:99) For utterance 20030005_676, best cost 123.042 + 4755.33 = 4878.38 over 1278 frames.
20030005_676 پرنیا اژدھا سے سرہندی جاوید جو آپ میں پنشنر گرفتار دیئے 
LOG (lattice-best-path[5.5.907~1-cbed4]:main():lattice-best-path.cc:99) For utterance 20030005_677, best cost 141.178 + 5122.4 = 5263.58 over 1380 frames.
20030005_677 انسانیت مجیب گنہگار بعدازاں اور شعوری کی گوگل کرائیں کی طرف سے پھلیاں ہیں 
LOG (lattice-best-path[5.5.907~1-cbed4]:main():lattice-best-path.cc:99) For utterance 20030005_678, best cost 192.606 + 7134.77 = 7327.38 over 2052 frames.
20030005_678 صرف بحثوں کو کلیدی فیض بڑھاوا زودحس واضح شیئرنگ میں کی میں پرہجوم بریفنگ سے مشعر کے بخشے کیں 
LOG (lattice-best-path[5.5.907~1-cbed4]:main():lattice-best-path.cc:99) For utterance 20030005_679, best cost 89.6274 + 3480.53 = 3570.16 over 958 frames.
20030005_679 خواری اور بیدار چلچلاتی کولسری سیسے نشیب 
LOG (lattice-best-path[5.5.907~1-cbed4]:main():lattice-best-path.cc:99) For utterance 20030005_680, best cost 137.125 + 4660.82 = 4797.95 over 1316 frames.
20030005_680 چوری کا چوڑیاں پہنے ہوے کلیرنگ کو لاریب برابر سے میں خواستگار جاتا ہے 
LOG (lattice-best-path[5.5.907~1-cbed4]:main():lattice-best-path.cc:99) For utterance 20030005_681, best cost 129.16 + 5742.59 = 5871.75 over 1611 frames.
20030005_681 تراشوں بیچیں شیمپو گیراج کر تنگدستی دونوں پر پیچیدہ پرچھائیاں ہیں 
LOG (lattice-best-path[5.5.907~1-cbed4]:main():lattice-best-path.cc:99) For utterance 20030005_682, best cost 153.273 + 6044.01 = 6197.28 over 1656 frames.
20030005_682 بجنوری بچھونا میں کی کی سلور کا نتیجے کا چچا گرل نوازوں کے گوجر پہنچ گیا 
LOG (lattice-best-path[5.5.907~1-cbed4]:main():lattice-best-path.cc:99) For utterance 20030005_683, best cost 111.124 + 4931.14 = 5042.27 over 1355 frames.
20030005_683 پر سموسے کی جبڑوں کر تقریباً نہیں بلدیاتی کے سے نہ کریں 
LOG (lattice-best-path[5.5.907~1-cbed4]:main():lattice-best-path.cc:99) For utterance 20030005_684, best cost 109.68 + 4391.67 = 4501.35 over 1208 frames.
20030005_684 کاندھلوی جونیئر خوان ڈیزرٹ کے کیوں میں قومیائے زبردست کو 
LOG (lattice-best-path[5.5.907~1-cbed4]:main():lattice-best-path.cc:99) For utterance 20030005_685, best cost 94.6791 + 3247.37 = 3342.05 over 881 frames.
20030005_685 کوچوں فروزاں کی ایڈونچر بخشے سے رقاصاؤں بخوبی 
LOG (lattice-best-path[5.5.907~1-cbed4]:main():lattice-best-path.cc:99) For utterance 20030005_686, best cost 119.717 + 4108.23 = 4227.95 over 1067 frames.
20030005_686 سوچنے بنیں سرخ کے بغیر فشار سے گھنگریالے مزیدار شروع شور 
LOG (lattice-best-path[5.5.907~1-cbed4]:main():lattice-best-path.cc:99) For utterance 20030005_687, best cost 168.72 + 6054.27 = 6222.99 over 1656 frames.
20030005_687 سوئس کے برسوں سے ڈھانچے گھلیں بو بھولیں قضا سے سے کی ہیڈکوارٹر کوچوں نواب جوجوبا ہے 
LOG (lattice-best-path[5.5.907~1-cbed4]:main():lattice-best-path.cc:99) For utterance 20030005_688, best cost 169.921 + 6414.59 = 6584.51 over 1796 frames.
20030005_688 کھلکھلا نیچا گردیزی دیباچہ پرسش یاب مزارعوں پرتعیش کی کیجیے میں بانگ کریں کالجوں 
LOG (lattice-best-path[5.5.907~1-cbed4]:main():lattice-best-path.cc:99) For utterance 20030005_689, best cost 134.317 + 5194.6 = 5328.92 over 1496 frames.
20030005_689 بھوجپوری باادب دستاویزات کیا گھناؤنے گردوغبار اور سوچوں فصلیں کلچر چار ہیں 
LOG (lattice-best-path[5.5.907~1-cbed4]:main():lattice-best-path.cc:99) For utterance 20030005_690, best cost 84.0116 + 3395.52 = 3479.54 over 881 frames.
20030005_690 چلچلاتی کرائیں کے شعلوں ونڈوز چوالیس جاتا ہے 
LOG (lattice-best-path[5.5.907~1-cbed4]:main():lattice-best-path.cc:99) For utterance 20030005_691, best cost 129.439 + 5284.26 = 5413.7 over 1368 frames.
20030005_691 کسی تجوریاں جلدازجلد روزہ اویئرنس چیسٹ اوصاف ستانویں غافل توصیف 
LOG (lattice-best-path[5.5.907~1-cbed4]:main():lattice-best-path.cc:99) For utterance 20030005_692, best cost 121.129 + 4779.84 = 4900.97 over 1220 frames.
20030005_692 خضوع مصالحہ کیفے سے سازوسامان اعتراف داڑھی سے زیست خارجہ ہے 
LOG (lattice-best-path[5.5.907~1-cbed4]:main():lattice-best-path.cc:99) For utterance 20030005_693, best cost 88.6888 + 3597.75 = 3686.44 over 939 frames.
20030005_693 حیرت کے جوئیہ سے کا کتابچہ تفنن نااہلیت 
LOG (lattice-best-path[5.5.907~1-cbed4]:main():lattice-best-path.cc:99) For utterance 20030005_694, best cost 118.942 + 4804.06 = 4923 over 1208 frames.
20030005_694 کراؤں تاثرات شفاعت خزانہ فورس کچہری حسینی جوجوبا بحث 
LOG (lattice-best-path[5.5.907~1-cbed4]:main():lattice-best-path.cc:99) For utterance 20030005_695, best cost 102.807 + 4304.73 = 4407.53 over 1105 frames.
20030005_695 فوری کی جانے چالیس اوکاڑوی تشویش دورانیے وجہ سے 
LOG (lattice-best-path[5.5.907~1-cbed4]:main():lattice-best-path.cc:99) For utterance 20030005_696, best cost 127.259 + 4461.37 = 4588.63 over 1131 frames.
20030005_696 تشخص اور سیلز کے سامنے سے ہوسٹس چوبیس مخصوص کے بنانے کیلئے فاجر کیا 
LOG (lattice-best-path[5.5.907~1-cbed4]:main():lattice-best-path.cc:99) For utterance 20030005_697, best cost 68.906 + 3107.22 = 3176.12 over 772 frames.
20030005_697 گوٹھوں سیاسی دستاویزات اڑائیں کا ہو گیا 
LOG (lattice-best-path[5.5.907~1-cbed4]:main():lattice-best-path.cc:99) For utterance 20030005_698, best cost 101.008 + 4345.37 = 4446.37 over 1124 frames.
20030005_698 سپاہیوں خزانہ سٹوڈیوز سے اشخاص تنولی سزا خلاف 
LOG (lattice-best-path[5.5.907~1-cbed4]:main():lattice-best-path.cc:99) For utterance 20030005_699, best cost 110.408 + 5259.61 = 5370.02 over 1342 frames.
20030005_699 فجر کے مصروفیات کی شریف کے ساتھ استفادے سے رسیدہ سوچوں 
LOG (lattice-best-path[5.5.907~1-cbed4]:main():lattice-best-path.cc:99) For utterance 20030005_700, best cost 139.289 + 5546.24 = 5685.53 over 1419 frames.
20030005_700 فروش اور فنگس کی تبدیلی فیس تو ماخذ نیسچن تنفس کھوسٹ خوف 
LOG (lattice-best-path[5.5.907~1-cbed4]:main():lattice-best-path.cc:99) For utterance 20030005_701, best cost 122.19 + 6573.27 = 6695.46 over 1681 frames.
20030005_701 فرسودہ محافظوں ہوزری تفاوت کی سے فوائد تفویض خودرو سکتا ہے 
LOG (lattice-best-path[5.5.907~1-cbed4]:main():lattice-best-path.cc:99) For utterance 20030005_702, best cost 109.465 + 4604.16 = 4713.62 over 1150 frames.
20030005_702 فیصلہ خوبصورت چلغوزے سہارے ضوفشاں زوردار ضعیف تشریف 
LOG (lattice-best-path[5.5.907~1-cbed4]:main():lattice-best-path.cc:99) For utterance 20030005_703, best cost 92.1979 + 3700.73 = 3792.93 over 952 frames.
20030005_703 فلسفے کلیدی چیز کے بلاخوف کاروبار افزائش کرتا ہے 
LOG (lattice-best-path[5.5.907~1-cbed4]:main():lattice-best-path.cc:99) For utterance 20030005_704, best cost 127.364 + 5352.68 = 5480.04 over 1355 frames.
20030005_704 چوکھٹ انسولیشن فوقیت رساؤ کے فرسودہ کے خلاف کا فاریسٹ کہف 
LOG (lattice-best-path[5.5.907~1-cbed4]:main():lattice-best-path.cc:99) For utterance 20030005_705, best cost 82.6845 + 3728.41 = 3811.09 over 958 frames.
20030005_705 سے بچاؤ ضیغم دستاویزات اخبارنویسوں سے تھریپیس 
LOG (lattice-best-path[5.5.907~1-cbed4]:main():lattice-best-path.cc:99) For utterance 20030005_706, best cost 86.5268 + 4296.81 = 4383.34 over 1086 frames.
20030005_706 سکورز حفیظ وظیفہ کے ساتھ کی زیرغور آفس 
LOG (lattice-best-path[5.5.907~1-cbed4]:main():lattice-best-path.cc:99) For utterance 20030005_707, best cost 101.681 + 3492.06 = 3593.74 over 888 frames.
20030005_707 فرائض سے تو فلالین تو پانے ٹریجڈی بناؤں بحث 
LOG (lattice-best-path[5.5.907~1-cbed4]:main():lattice-best-path.cc:99) For utterance 20030005_708, best cost 110.248 + 3953.93 = 4064.18 over 1009 frames.
20030005_708 چمچے جیسے گیسو مینوفیکچرز شستہ زندگی کا اور شخص کہف 
LOG (lattice-best-path[5.5.907~1-cbed4]:main():lattice-best-path.cc:99) For utterance 20030010_601, best cost 115.702 + 3965.12 = 4080.82 over 985 frames.
20030010_601 گاجر کلونجی ڈائیلوشن جیلانی پولیو خودسر قبول کے تعاقب ہو گئی 
LOG (lattice-best-path[5.5.907~1-cbed4]:main():lattice-best-path.cc:99) For utterance 20030010_602, best cost 156.947 + 4835.86 = 4992.81 over 1203 frames.
20030010_602 کے رہائشی کرنے زوجیت بطخوں بھورے ادائیگیوں بخشے لچک لاہوری شنید ششدر ساز ہے 
LOG (lattice-best-path[5.5.907~1-cbed4]:main():lattice-best-path.cc:99) For utterance 20030010_603, best cost 95.5037 + 3401.18 = 3496.68 over 833 frames.
20030010_603 شمشاد ٹرانزسٹر نافذالعمل کو کارکردگی سوگوار پنجابی کیا 
LOG (lattice-best-path[5.5.907~1-cbed4]:main():lattice-best-path.cc:99) For utterance 20030010_604, best cost 106.129 + 3531.4 = 3637.53 over 856 frames.
20030010_604 چلچلاتی بائیولوجیکل برطرفی کا باعث کو سچائی کیسی لہولہان ہیں 
LOG (lattice-best-path[5.5.907~1-cbed4]:main():lattice-best-path.cc:99) For utterance 20030010_605, best cost 63.6652 + 2064.24 = 2127.9 over 513 frames.
20030010_605 سوزش اور ایجوکیشن ایڈووکیٹ سردخانے ہے 
LOG (lattice-best-path[5.5.907~1-cbed4]:main():lattice-best-path.cc:99) For utterance 20030010_606, best cost 83.1221 + 2442.9 = 2526.02 over 608 frames.
20030010_606 وزیرداخلہ وقعت سے تجرد آفس کی پریذیڈنٹ ہیں 
LOG (lattice-best-path[5.5.907~1-cbed4]:main():lattice-best-path.cc:99) For utterance 20030010_607, best cost 50.9534 + 1659.01 = 1709.97 over 420 frames.
20030010_607 پر سیاسی ترجمانی منیجر ہے 
LOG (lattice-best-path[5.5.907~1-cbed4]:main():lattice-best-path.cc:99) For utterance 20030010_608, best cost 80.238 + 2331.98 = 2412.22 over 582 frames.
20030010_608 کو کیونکہ کو خوشخبری چمچہ میں سوجن ہو گی 
LOG (lattice-best-path[5.5.907~1-cbed4]:main():lattice-best-path.cc:99) For utterance 20030010_609, best cost 102.319 + 2921.61 = 3023.93 over 736 frames.
20030010_609 فیشن مطالبہ بغیر ماچس کو ہدایت جھونکے جغرافیائی کیا 
LOG (lattice-best-path[5.5.907~1-cbed4]:main():lattice-best-path.cc:99) For utterance 20030010_610, best cost 87.1563 + 3086.37 = 3173.52 over 803 frames.
20030010_610 خواص ایشیائی کامیاب ڈیجیٹل سے بجٹ ایسا ہے 
LOG (lattice-best-path[5.5.907~1-cbed4]:main():lattice-best-path.cc:99) For utterance 20030010_611, best cost 95.137 + 3445.72 = 3540.85 over 868 frames.
20030010_611 حسینی بینگن حسینی زیرغور ہچکچاہٹ کی کوشش حاشیے 
LOG (lattice-best-path[5.5.907~1-cbed4]:main():lattice-best-path.cc:99) For utterance 20030010_612, best cost 107.349 + 3528.2 = 3635.55 over 921 frames.
20030010_612 تبدیلی ورزش سیلرز آباواجداد شاخ گردوغبار کی انکشاف ہوا ہیں 
LOG (lattice-best-path[5.5.907~1-cbed4]:main():lattice-best-path.cc:99) For utterance 20030010_613, best cost 58.6299 + 1864.2 = 1922.83 over 452 frames.
20030010_613 کر اولاد زوجیت مشیت رہا 
LOG (lattice-best-path[5.5.907~1-cbed4]:main():lattice-best-path.cc:99) For utterance 20030010_614, best cost 89.158 + 2313.82 = 2402.98 over 578 frames.
20030010_614 وقوف فیشن کلیرنگ کے ساتھ سمجھیں بغیر سمجھدار کیا 
LOG (lattice-best-path[5.5.907~1-cbed4]:main():lattice-best-path.cc:99) For utterance 20030010_615, best cost 109.04 + 3862.13 = 3971.17 over 960 frames.
20030010_615 کر آتشزدگی چمچ ریزروز کاندھلوی جونیئر دھاندلی کی کھجوریں اور ہے 
LOG (lattice-best-path[5.5.907~1-cbed4]:main():lattice-best-path.cc:99) For utterance 20030010_616, best cost 138.334 + 3882.44 = 4020.77 over 989 frames.
20030010_616 تاجر کے تعاقب میں سلسلے شگفتہ گزشتہ کیسی بدظن تفہیم اور فرخندہ کا کیا 
LOG (lattice-best-path[5.5.907~1-cbed4]:main():lattice-best-path.cc:99) For utterance 20030010_617, best cost 67.06 + 2679.57 = 2746.63 over 669 frames.
20030010_617 تمسخر سے بچنے ڈیویلپر پچاسویں لگا 
LOG (lattice-best-path[5.5.907~1-cbed4]:main():lattice-best-path.cc:99) For utterance 20030010_618, best cost 103.958 + 3275.59 = 3379.55 over 824 frames.
20030010_618 تھانیدار سمجھا سمجھانے خسارے ایونیو کے بعد اس کیا کیا ہیں 
LOG (lattice-best-path[5.5.907~1-cbed4]:main():lattice-best-path.cc:99) For utterance 20030010_619, best cost 70.3776 + 1988.04 = 2058.41 over 519 frames.
20030010_619 گھسیٹ اشجار مدعیان پنجابی نتیجے ہیں 
LOG (lattice-best-path[5.5.907~1-cbed4]:main():lattice-best-path.cc:99) For utterance 20030010_620, best cost 117.685 + 3360 = 3477.68 over 820 frames.
20030010_620 چھیلنے تکلم ضروریات کیوں گوبر حوض گوشوں کی کیا لیچی 
LOG (lattice-best-path[5.5.907~1-cbed4]:main():lattice-best-path.cc:99) For utterance 20030010_621, best cost 127.721 + 4132.11 = 4259.83 over 1024 frames.
20030010_621 میں مجوزہ تشبیہ منتظر چین گہماگہمی بھیجے دوردراز اور جہانگیر ملازمت کے کی 
LOG (lattice-best-path[5.5.907~1-cbed4]:main():lattice-best-path.cc:99) For utterance 20030010_622, best cost 96.1258 + 3243.81 = 3339.94 over 764 frames.
20030010_622 کو چیئرمین اندھیرے کے تجربہ رسیدہ کے پالیسی جاگزیں 
LOG (lattice-best-path[5.5.907~1-cbed4]:main():lattice-best-path.cc:99) For utterance 20030010_623, best cost 81.4482 + 2622.61 = 2704.05 over 664 frames.
20030010_623 بیچلر کر دارلخلافہ سوئس تھانیدار نشاندہی کیا 
LOG (lattice-best-path[5.5.907~1-cbed4]:main():lattice-best-path.cc:99) For utterance 20030010_624, best cost 102.689 + 3092.99 = 3195.68 over 790 frames.
20030010_624 گھس تسلسل سے درخواست اوصاف مجھے پیشگوئیاں میں مشروبات 
LOG (lattice-best-path[5.5.907~1-cbed4]:main():lattice-best-path.cc:99) For utterance 20030010_625, best cost 80.7625 + 2643.32 = 2724.08 over 665 frames.
20030010_625 کی درستگی چلچلاتی گدے گردیزی کچوکے ہو گیا 
LOG (lattice-best-path[5.5.907~1-cbed4]:main():lattice-best-path.cc:99) For utterance 20030010_626, best cost 61.1979 + 1819.47 = 1880.67 over 465 frames.
20030010_626 پرخچے گٹھلیاں دودھ شیرخوار سمجھا 
LOG (lattice-best-path[5.5.907~1-cbed4]:main():lattice-best-path.cc:99) For utterance 20030010_627, best cost 85.563 + 2762.24 = 2847.8 over 712 frames.
20030010_627 تھیٹر والدین انگوٹھے ہرادھنیا سیسموگراف اومیگا گیا 
LOG (lattice-best-path[5.5.907~1-cbed4]:main():lattice-best-path.cc:99) For utterance 20030010_628, best cost 75.8217 + 2697.79 = 2773.61 over 709 frames.
20030010_628 گجراتی بنانے کیلئے سے چلنے خودکشیوں اور کی 
LOG (lattice-best-path[5.5.907~1-cbed4]:main():lattice-best-path.cc:99) For utterance 20030010_629, best cost 115.502 + 3414.16 = 3529.67 over 876 frames.
20030010_629 شیرے کے گوشوں آسیہ فراخدلی فیڈر صوفی بیوپار حصص ٹیچر 
LOG (lattice-best-path[5.5.907~1-cbed4]:main():lattice-best-path.cc:99) For utterance 20030010_630, best cost 75.0491 + 2668.45 = 2743.5 over 668 frames.
20030010_630 قزلباش اشارہ پریشاں لٹریچر جہانگیر کیا 
LOG (lattice-best-path[5.5.907~1-cbed4]:main():lattice-best-path.cc:99) For utterance 20030010_631, best cost 127.361 + 3866.87 = 3994.23 over 964 frames.
20030010_631 سیاسی اور بات کے دیکھنے اور کے خیرخواہ سے کیلئے سے سے موقر چائلڈ ہے 
LOG (lattice-best-path[5.5.907~1-cbed4]:main():lattice-best-path.cc:99) For utterance 20030010_632, best cost 122.975 + 4962.38 = 5085.35 over 1219 frames.
20030010_632 زیادہ لادینیت کی حجت شمولیت بھجوا کر سوسائٹی چھوڑیں بغیر دیکھیں 
LOG (lattice-best-path[5.5.907~1-cbed4]:main():lattice-best-path.cc:99) For utterance 20030010_633, best cost 121.445 + 3962.02 = 4083.47 over 1056 frames.
20030010_633 دلفریب بنانے کیلئے کی کی کے اور غذاؤں کی قوس سے سوئنگ کے نیچے 
LOG (lattice-best-path[5.5.907~1-cbed4]:main():lattice-best-path.cc:99) For utterance 20030010_634, best cost 77.7411 + 2759.6 = 2837.35 over 708 frames.
20030010_634 کمیشن جشن کے سامنے ضروریات زیادہ کے کرتے ہیں 
LOG (lattice-best-path[5.5.907~1-cbed4]:main():lattice-best-path.cc:99) For utterance 20030010_635, best cost 87.4751 + 2817.24 = 2904.71 over 722 frames.
20030010_635 حاصل کو جیلانی اور میں بیچے پارلیمنٹرین سے سکتیں 
LOG (lattice-best-path[5.5.907~1-cbed4]:main():lattice-best-path.cc:99) For utterance 20030010_636, best cost 82.0854 + 2609.82 = 2691.91 over 677 frames.
20030010_636 پروفیشنل چندھیا چمڑے سے سوچا تو تفاوت 
LOG (lattice-best-path[5.5.907~1-cbed4]:main():lattice-best-path.cc:99) For utterance 20030010_637, best cost 72.6442 + 2734.99 = 2807.63 over 703 frames.
20030010_637 کتابچہ بروکلی نمو کیجیے سے کرتے ہوئے 
LOG (lattice-best-path[5.5.907~1-cbed4]:main():lattice-best-path.cc:99) For utterance 20030010_638, best cost 120.731 + 4539.98 = 4660.71 over 1134 frames.
20030010_638 پر پہنچتے شیروانی پورے سوئچ اور اور کی اور کھچی کلاسز بچیں 
LOG (lattice-best-path[5.5.907~1-cbed4]:main():lattice-best-path.cc:99) For utterance 20030010_639, best cost 105.052 + 3906.04 = 4011.09 over 1011 frames.
20030010_639 کے کے برطرفی کے کے سے تشخیص ٹیکنالوجیز اور پراسسنگ دوست ہیں 
LOG (lattice-best-path[5.5.907~1-cbed4]:main():lattice-best-path.cc:99) For utterance 20030010_640, best cost 112.018 + 3162.47 = 3274.49 over 822 frames.
20030010_640 کا کی اور جیلانی ضخیم دیسی کونسل کی شعاع بخوبی ہو جاتا ہے 
LOG (lattice-best-path[5.5.907~1-cbed4]:main():lattice-best-path.cc:99) For utterance 20030010_641, best cost 79.247 + 2792.11 = 2871.35 over 712 frames.
20030010_641 کوارڈینیٹر ایشو کرکے خواہش بازیچہ گردیزی 
LOG (lattice-best-path[5.5.907~1-cbed4]:main():lattice-best-path.cc:99) For utterance 20030010_642, best cost 69.4875 + 2454.82 = 2524.31 over 638 frames.
20030010_642 حفاظت ترمذی کے تشخص کی اور ہو گی 
LOG (lattice-best-path[5.5.907~1-cbed4]:main():lattice-best-path.cc:99) For utterance 20030010_643, best cost 86.1974 + 2542.88 = 2629.08 over 664 frames.
20030010_643 دستاویزات کبڈی مخرج سنایا بویا زندگی نہیں 
LOG (lattice-best-path[5.5.907~1-cbed4]:main():lattice-best-path.cc:99) For utterance 20030010_644, best cost 109.178 + 3446.43 = 3555.61 over 908 frames.
20030010_644 کے شیشے پر بھوجپوری اور زیورات کھچڑی کیسی پر سے پر بات کی 
LOG (lattice-best-path[5.5.907~1-cbed4]:main():lattice-best-path.cc:99) For utterance 20030010_645, best cost 102.978 + 2957.23 = 3060.21 over 768 frames.
20030010_645 ٹیچر سیلزمین کچوکے صاحب طنزومزاح کتابیں کی خواہش سکتیں 
LOG (lattice-best-path[5.5.907~1-cbed4]:main():lattice-best-path.cc:99) For utterance 20030010_646, best cost 83.8148 + 2782.07 = 2865.89 over 734 frames.
20030010_646 چھاؤنیاں غزلیات سدباب کیا میں جانبدار گائنی ہے 
LOG (lattice-best-path[5.5.907~1-cbed4]:main():lattice-best-path.cc:99) For utterance 20030010_647, best cost 65.9717 + 1981.86 = 2047.83 over 517 frames.
20030010_647 کا سے تنازعے بلبل کو گردوغبار کریں 
LOG (lattice-best-path[5.5.907~1-cbed4]:main():lattice-best-path.cc:99) For utterance 20030010_648, best cost 65.4871 + 2232.17 = 2297.66 over 573 frames.
20030010_648 فعلن پچاس بالاخر چیریٹی رہا تھا 
LOG (lattice-best-path[5.5.907~1-cbed4]:main():lattice-best-path.cc:99) For utterance 20030010_649, best cost 54.1577 + 1907.12 = 1961.27 over 478 frames.
20030010_649 اور ایگزیکٹو علاقوں کرنے لگا ہے 
LOG (lattice-best-path[5.5.907~1-cbed4]:main():lattice-best-path.cc:99) For utterance 20030010_650, best cost 105.819 + 3374.39 = 3480.21 over 870 frames.
20030010_650 تجزیے گردیزی بآسانی یا کی کے رفیق دعائیہ کیلئے سکتا ہے 
LOG (lattice-best-path[5.5.907~1-cbed4]:main():lattice-best-path.cc:99) For utterance 20030010_651, best cost 82.108 + 2648.86 = 2730.97 over 699 frames.
20030010_651 اور ایمرجنسی اور کی تدابیر بھونڈی سے کیسوں کی کی 
LOG (lattice-best-path[5.5.907~1-cbed4]:main():lattice-best-path.cc:99) For utterance 20030010_652, best cost 90.1899 + 2918.21 = 3008.4 over 777 frames.
20030010_652 پیتھالوجی قادیانی ترجمانی میں کا بوگس کبوتر پوچھیں 
LOG (lattice-best-path[5.5.907~1-cbed4]:main():lattice-best-path.cc:99) For utterance 20030010_653, best cost 70.7796 + 2433.6 = 2504.38 over 638 frames.
20030010_653 پرفارمنس آکسیجن گردیزی چھہتر قصوروار 
LOG (lattice-best-path[5.5.907~1-cbed4]:main():lattice-best-path.cc:99) For utterance 20030010_654, best cost 87.2719 + 3173.4 = 3260.67 over 838 frames.
20030010_654 کنیئرڈ اشخاص کی اشفاق چنیوٹی سے سموسے میسر ہے 
LOG (lattice-best-path[5.5.907~1-cbed4]:main():lattice-best-path.cc:99) For utterance 20030010_655, best cost 59.7898 + 1769.85 = 1829.64 over 465 frames.
20030010_655 تلاش کی شمولیت بجھائی پیش ہے 
LOG (lattice-best-path[5.5.907~1-cbed4]:main():lattice-best-path.cc:99) For utterance 20030010_656, best cost 86.2743 + 3459.62 = 3545.89 over 918 frames.
20030010_656 بیضے ترمذی ہندوستانی ہوزری مچانے بھی کے ساتھ ہے 
LOG (lattice-best-path[5.5.907~1-cbed4]:main():lattice-best-path.cc:99) For utterance 20030010_657, best cost 47.0184 + 2156.71 = 2203.73 over 540 frames.
20030010_657 کاروبار طرزفکر ڈیزرٹ ہیں 
LOG (lattice-best-path[5.5.907~1-cbed4]:main():lattice-best-path.cc:99) For utterance 20030010_658, best cost 55.3244 + 2226.82 = 2282.14 over 591 frames.
20030010_658 اُٹھانے جلوس کے بعد سزا ہے 
LOG (lattice-best-path[5.5.907~1-cbed4]:main():lattice-best-path.cc:99) For utterance 20030010_659, best cost 100.138 + 2974.2 = 3074.34 over 779 frames.
20030010_659 دیکھو فلیچر کوئی بطخوں اور خوفزدہ بوریت کے سوویں 
LOG (lattice-best-path[5.5.907~1-cbed4]:main():lattice-best-path.cc:99) For utterance 20030010_660, best cost 38.156 + 1881.75 = 1919.91 over 482 frames.
20030010_660 اور واجب دستاویزات 
LOG (lattice-best-path[5.5.907~1-cbed4]:main():lattice-best-path.cc:99) For utterance 20030010_661, best cost 51.4801 + 2271.88 = 2323.36 over 578 frames.
20030010_661 پریشان برقرار پر بنائیں 
LOG (lattice-best-path[5.5.907~1-cbed4]:main():lattice-best-path.cc:99) For utterance 20030010_662, best cost 61.9247 + 2244.63 = 2306.55 over 575 frames.
20030010_662 تجوریاں کالجز ایڈووکیٹ چشتی گے 
LOG (lattice-best-path[5.5.907~1-cbed4]:main():lattice-best-path.cc:99) For utterance 20030010_663, best cost 75.6733 + 2617.18 = 2692.85 over 656 frames.
20030010_663 فلیچر جگہوں جعلسازی کلیجی تجویز اور ہے 
LOG (lattice-best-path[5.5.907~1-cbed4]:main():lattice-best-path.cc:99) For utterance 20030010_664, best cost 90.135 + 3140.7 = 3230.83 over 790 frames.
20030010_664 پراسیس ڈیزرٹ تنزلی بزرگوار پیچیدگیوں کے کے ہو گیا 
LOG (lattice-best-path[5.5.907~1-cbed4]:main():lattice-best-path.cc:99) For utterance 20030010_665, best cost 61.0951 + 2221.62 = 2282.72 over 569 frames.
20030010_665 فیض دستاویزی رشید اور ازسرنو 
LOG (lattice-best-path[5.5.907~1-cbed4]:main():lattice-best-path.cc:99) For utterance 20030010_666, best cost 56.0359 + 2022.33 = 2078.37 over 505 frames.
20030010_666 کو سویٹر صداقت سفیدے گے 
LOG (lattice-best-path[5.5.907~1-cbed4]:main():lattice-best-path.cc:99) For utterance 20030010_667, best cost 73.8978 + 2743.95 = 2817.84 over 731 frames.
20030010_667 کے کے ٹیکسیشن چلغوزے چنیوٹی بوسن ہوئے 
LOG (lattice-best-path[5.5.907~1-cbed4]:main():lattice-best-path.cc:99) For utterance 20030010_668, best cost 88.0457 + 2865.79 = 2953.84 over 739 frames.
20030010_668 ساجد عہدیداروں مینجمنٹ کہکشاؤں گیارہویں سے جانبدار 
LOG (lattice-best-path[5.5.907~1-cbed4]:main():lattice-best-path.cc:99) For utterance 20030010_669, best cost 62.401 + 2209.39 = 2271.79 over 557 frames.
20030010_669 اور خریدوفروخت میوزک کی غیرضروری کیا 
LOG (lattice-best-path[5.5.907~1-cbed4]:main():lattice-best-path.cc:99) For utterance 20030010_670, best cost 59.4326 + 2597.42 = 2656.85 over 653 frames.
20030010_670 پرائیوٹائزیشن ایک ضرورت اور کے کرو 
LOG (lattice-best-path[5.5.907~1-cbed4]:main():lattice-best-path.cc:99) For utterance 20030010_671, best cost 113.483 + 2831.29 = 2944.77 over 712 frames.
20030010_671 خوشی سے سوسائٹی بولنے کا اثرورسوخ پرسکون چوری میں گوشے جاؤ 
LOG (lattice-best-path[5.5.907~1-cbed4]:main():lattice-best-path.cc:99) For utterance 20030010_672, best cost 87.5756 + 2363.79 = 2451.37 over 626 frames.
20030010_672 کی کمیشن جنگوں فقدان بااثر ٹوفل برسراقتدار ہے 
LOG (lattice-best-path[5.5.907~1-cbed4]:main():lattice-best-path.cc:99) For utterance 20030010_673, best cost 61.6963 + 2329.25 = 2390.94 over 621 frames.
20030010_673 پڑھائی ساتویں جو سنگھاسن کے پر ہے 
LOG (lattice-best-path[5.5.907~1-cbed4]:main():lattice-best-path.cc:99) For utterance 20030010_674, best cost 75.1749 + 2979.49 = 3054.66 over 777 frames.
20030010_674 تصورات پرچم کاروبار کی حسینی کی کوشش کریں 
LOG (lattice-best-path[5.5.907~1-cbed4]:main():lattice-best-path.cc:99) For utterance 20030010_675, best cost 82.8307 + 2607.33 = 2690.16 over 686 frames.
20030010_675 تاجروں کی کیلئے بلاسوچے کرتا ہوتا گاؤ ہیں 
LOG (lattice-best-path[5.5.907~1-cbed4]:main():lattice-best-path.cc:99) For utterance 20030010_676, best cost 93.6712 + 2266.15 = 2359.82 over 587 frames.
20030010_676 کی ایشز چیچن کیچڑ رضوان رنجش چمڑے پر کی 
LOG (lattice-best-path[5.5.907~1-cbed4]:main():lattice-best-path.cc:99) For utterance 20030010_677, best cost 102.085 + 2976.93 = 3079.01 over 788 frames.
20030010_677 انسانیت کی مفید وومن بعدازاں مذہبی دورانیے بخدمت کیا 
LOG (lattice-best-path[5.5.907~1-cbed4]:main():lattice-best-path.cc:99) For utterance 20030010_678, best cost 144.535 + 4524.28 = 4668.81 over 1203 frames.
20030010_678 سروس اور کے کے پاس زوال نظرثانی کے لیے کھائیں کچیلے جیسے مشعر کے شیڈ کریں 
LOG (lattice-best-path[5.5.907~1-cbed4]:main():lattice-best-path.cc:99) For utterance 20030010_679, best cost 54.515 + 1595.04 = 1649.56 over 411 frames.
20030010_679 قومیائے تحصیلدار سے کی زچگی 
LOG (lattice-best-path[5.5.907~1-cbed4]:main():lattice-best-path.cc:99) For utterance 20030010_680, best cost 89.5611 + 2548.06 = 2637.63 over 662 frames.
20030010_680 تیسر کنگڈم اور بلاخوف پرفارمنس میں فراواں جاتا ہے 
LOG (lattice-best-path[5.5.907~1-cbed4]:main():lattice-best-path.cc:99) For utterance 20030010_681, best cost 94.0457 + 2873.7 = 2967.74 over 755 frames.
20030010_681 تشنج ایشو اور تنزلی گوبر بچھے گا تاثرات 
LOG (lattice-best-path[5.5.907~1-cbed4]:main():lattice-best-path.cc:99) For utterance 20030010_682, best cost 82.4817 + 2995.43 = 3077.91 over 794 frames.
20030010_682 کی گجراتی متوجہ پراچہ فردوس کے چنانچہ 
LOG (lattice-best-path[5.5.907~1-cbed4]:main():lattice-best-path.cc:99) For utterance 20030010_683, best cost 82.0784 + 2537.8 = 2619.88 over 669 frames.
20030010_683 بیساکھی چودہ کھینچیں پر کی کے کی سے میں کریں 
LOG (lattice-best-path[5.5.907~1-cbed4]:main():lattice-best-path.cc:99) For utterance 20030010_684, best cost 79.6721 + 2447.91 = 2527.58 over 673 frames.
20030010_684 میری فوائد سے کی جمہوریت کی طرح پتہ ہیں 
LOG (lattice-best-path[5.5.907~1-cbed4]:main():lattice-best-path.cc:99) For utterance 20030010_685, best cost 61.8286 + 2004.25 = 2066.08 over 522 frames.
20030010_685 دستاویزی بچے نشست بازیاب رکھو 
LOG (lattice-best-path[5.5.907~1-cbed4]:main():lattice-best-path.cc:99) For utterance 20030010_686, best cost 90.4237 + 2566.53 = 2656.95 over 671 frames.
20030010_686 سفیدے ضخیم کی کوشش سماوی میں سے خوشہ پوچھوں 
LOG (lattice-best-path[5.5.907~1-cbed4]:main():lattice-best-path.cc:99) For utterance 20030010_687, best cost 125.298 + 3455.54 = 3580.84 over 885 frames.
20030010_687 ساغر سنگل سیروسیاحت گنگولی کو کر درخواست سیکھا پر فوجوں وجود کریں 
LOG (lattice-best-path[5.5.907~1-cbed4]:main():lattice-best-path.cc:99) For utterance 20030010_688, best cost 135.591 + 4045.46 = 4181.05 over 1064 frames.
20030010_688 تکلف کی چادر بچار سنچری انجام اور کی چیخیں خان کے پٹاخے باغیچہ ہیں 
LOG (lattice-best-path[5.5.907~1-cbed4]:main():lattice-best-path.cc:99) For utterance 20030010_689, best cost 88.4205 + 2472.65 = 2561.07 over 625 frames.
20030010_689 بھجن اجازت یزدانی اور بلاخوف وظیفہ چچا ہیں 
LOG (lattice-best-path[5.5.907~1-cbed4]:main():lattice-best-path.cc:99) For utterance 20030010_690, best cost 55.8457 + 1526.91 = 1582.76 over 384 frames.
20030010_690 کی پچھتر انشورنس والی جاتا ہے 
LOG (lattice-best-path[5.5.907~1-cbed4]:main():lattice-best-path.cc:99) For utterance 20030010_691, best cost 92.4504 + 2689.71 = 2782.17 over 712 frames.
20030010_691 چیچک کیا فاجر دنیاوی سے بظاہر بینات میں پھنسے ہیں 
LOG (lattice-best-path[5.5.907~1-cbed4]:main():lattice-best-path.cc:99) For utterance 20030010_692, best cost 96.9875 + 2692.06 = 2789.05 over 703 frames.
20030010_692 برخلاف جائیداد میں سمجھانے سرکاری کے بُدھی خاطر بڑھاوں 
LOG (lattice-best-path[5.5.907~1-cbed4]:main():lattice-best-path.cc:99) For utterance 20030010_693, best cost 67.7379 + 1851.3 = 1919.04 over 493 frames.
20030010_693 پیکج سیاست آرتھوپیڈک اداکارائیں مدعو 
LOG (lattice-best-path[5.5.907~1-cbed4]:main():lattice-best-path.cc:99) For utterance 20030010_694, best cost 98.8191 + 3258.69 = 3357.51 over 853 frames.
20030010_694 کچھوا ششدر خسارے اور ایجنسیز تعاقب چنگل بنائیں 
LOG (lattice-best-path[5.5.907~1-cbed4]:main():lattice-best-path.cc:99) For utterance 20030010_695, best cost 73.1025 + 2258.26 = 2331.36 over 596 frames.
20030010_695 ہچکچاہٹ جانے موقعوں پر چیچک اخبارنویسوں 
LOG (lattice-best-path[5.5.907~1-cbed4]:main():lattice-best-path.cc:99) For utterance 20030010_696, best cost 86.4778 + 2278.43 = 2364.91 over 612 frames.
20030010_696 تجربہ سے کے ریزروز میں مصروف بنانے کیلئے صلاحیتیں گا 
LOG (lattice-best-path[5.5.907~1-cbed4]:main():lattice-best-path.cc:99) For utterance 20030010_697, best cost 41.9179 + 1749.9 = 1791.82 over 465 frames.
20030010_697 برسراقتدار نظرثانی کراؤں گا 
LOG (lattice-best-path[5.5.907~1-cbed4]:main():lattice-best-path.cc:99) For utterance 20030010_698, best cost 77.0442 + 1717.71 = 1794.76 over 474 frames.
20030010_698 بعدازاں دبیز شگاف بروز تاجر زمینداروں 
LOG (lattice-best-path[5.5.907~1-cbed4]:main():lattice-best-path.cc:99) For utterance 20030010_699, best cost 85.1775 + 2228.76 = 2313.93 over 587 frames.
20030010_699 تجزیوں صفحہ کیچڑ میں دریچے ٹریبیونل جستجو 
LOG (lattice-best-path[5.5.907~1-cbed4]:main():lattice-best-path.cc:99) For utterance 20030010_700, best cost 88.2225 + 2182.22 = 2270.45 over 561 frames.
20030010_700 کو شاخوں کی تدفین تغافل جھڑپ اور خصوصا کو 
LOG (lattice-best-path[5.5.907~1-cbed4]:main():lattice-best-path.cc:99) For utterance 20030010_701, best cost 106.31 + 2964.86 = 3071.17 over 808 frames.
20030010_701 سازوسامان وظیفہ مدد چیزیں تھیوا ہیں بازو بروز آیا 
LOG (lattice-best-path[5.5.907~1-cbed4]:main():lattice-best-path.cc:99) For utterance 20030010_702, best cost 94.4447 + 2293.03 = 2387.48 over 608 frames.
20030010_702 کیفے سقوط اچیومنٹ میں کرے خوشہ زوردار باشعور 
LOG (lattice-best-path[5.5.907~1-cbed4]:main():lattice-best-path.cc:99) For utterance 20030010_703, best cost 75.9812 + 2417.16 = 2493.14 over 647 frames.
20030010_703 کیا جیسے کلیدی کی کے گردوغبار ضرورت ہے 
LOG (lattice-best-path[5.5.907~1-cbed4]:main():lattice-best-path.cc:99) For utterance 20030010_704, best cost 85.3326 + 2906.44 = 2991.77 over 766 frames.
20030010_704 چاہیے سیسموگراف جھمکے انظباتی چراغاں پاس ہیں 
LOG (lattice-best-path[5.5.907~1-cbed4]:main():lattice-best-path.cc:99) For utterance 20030010_705, best cost 68.3991 + 2218.67 = 2287.07 over 578 frames.
20030010_705 باخبر انٹرفیس تجارت کا خصوصا کریں 
LOG (lattice-best-path[5.5.907~1-cbed4]:main():lattice-best-path.cc:99) For utterance 20030010_706, best cost 68.7806 + 2419.8 = 2488.58 over 627 frames.
20030010_706 پرچیز ڈیف استفادے بخدمت میں جاؤ 
LOG (lattice-best-path[5.5.907~1-cbed4]:main():lattice-best-path.cc:99) For utterance 20030010_707, best cost 49.2344 + 1699.73 = 1748.96 over 449 frames.
20030010_707 بازو پیتھالوجی معاملات کریں 
LOG (lattice-best-path[5.5.907~1-cbed4]:main():lattice-best-path.cc:99) For utterance 20030010_708, best cost 77.6324 + 2104.88 = 2182.51 over 548 frames.
20030010_708 چمچے نظر مجوزہ زندگی خاموش سمجھائیں 
LOG (lattice-best-path[5.5.907~1-cbed4]:main():lattice-best-path.cc:99) For utterance 20030013_601, best cost 93.0965 + 3582.38 = 3675.47 over 952 frames.
20030013_601 واقعتاً توصیف کے کالجوں میں کی پرائیویسی گروپ اور 
LOG (lattice-best-path[5.5.907~1-cbed4]:main():lattice-best-path.cc:99) For utterance 20030013_602, best cost 141.764 + 4575.61 = 4717.38 over 1201 frames.
20030013_602 تلور کوآرڈینیٹر اور کے پرخچے اڑانے کی اور خورشید ڈھانچے کے اور ٹریجڈی کے دلفریب ہے 
LOG (lattice-best-path[5.5.907~1-cbed4]:main():lattice-best-path.cc:99) For utterance 20030013_603, best cost 102.765 + 3347.99 = 3450.75 over 875 frames.
20030013_603 چمچے منڈھے کی حاصل کرنے والے تبلیغی میں بےقصور تصور ہے 
LOG (lattice-best-path[5.5.907~1-cbed4]:main():lattice-best-path.cc:99) For utterance 20030013_604, best cost 104.048 + 3455.86 = 3559.9 over 920 frames.
20030013_604 سوجھی مہربانی داؤ کی بھربھری عقاب سے پہنچائیں کے پاس پہنچا 
LOG (lattice-best-path[5.5.907~1-cbed4]:main():lattice-best-path.cc:99) For utterance 20030013_605, best cost 68.7109 + 2260.54 = 2329.25 over 606 frames.
20030013_605 سوزش ورچوئل کے کے شعروادب تخریب 
LOG (lattice-best-path[5.5.907~1-cbed4]:main():lattice-best-path.cc:99) For utterance 20030013_606, best cost 78.5368 + 2469.82 = 2548.35 over 638 frames.
20030013_606 نتیجے نامور سے زندگی تنفس کی بلبل 
LOG (lattice-best-path[5.5.907~1-cbed4]:main():lattice-best-path.cc:99) For utterance 20030013_607, best cost 55.7415 + 1698.11 = 1753.85 over 440 frames.
20030013_607 تسلسل فتحیاب آمدنی باندھیں 
LOG (lattice-best-path[5.5.907~1-cbed4]:main():lattice-best-path.cc:99) For utterance 20030013_608, best cost 80.7739 + 2928.31 = 3009.08 over 798 frames.
20030013_608 کھبے ماؤف ضوفشاں کاربن چغتائی دیوبند ہوئی 
LOG (lattice-best-path[5.5.907~1-cbed4]:main():lattice-best-path.cc:99) For utterance 20030013_609, best cost 72.9923 + 2528.29 = 2601.28 over 651 frames.
20030013_609 تصورات اکیسویں اخبارنویسوں گردوغبار فزیوتھراپسٹ 
LOG (lattice-best-path[5.5.907~1-cbed4]:main():lattice-best-path.cc:99) For utterance 20030013_610, best cost 99.1385 + 2995.91 = 3095.05 over 792 frames.
20030013_610 خاصے سپاہیوں کی تمناؤں پچیں طرفین حریت کے ساتھ ہیں 
LOG (lattice-best-path[5.5.907~1-cbed4]:main():lattice-best-path.cc:99) For utterance 20030013_611, best cost 61.9867 + 2164.28 = 2226.27 over 580 frames.
20030013_611 صفیں موقف میواتی میں کے ساتھ ہے 
LOG (lattice-best-path[5.5.907~1-cbed4]:main():lattice-best-path.cc:99) For utterance 20030013_612, best cost 70.0326 + 3011.81 = 3081.84 over 804 frames.
20030013_612 تبدیلیاں سے سے کاروبار خواتین شاخوں 
LOG (lattice-best-path[5.5.907~1-cbed4]:main():lattice-best-path.cc:99) For utterance 20030013_613, best cost 40.3609 + 1560.95 = 1601.31 over 414 frames.
20030013_613 خانقاہوں ازدواجی رکھا 
LOG (lattice-best-path[5.5.907~1-cbed4]:main():lattice-best-path.cc:99) For utterance 20030013_614, best cost 66.7944 + 1965.84 = 2032.64 over 523 frames.
20030013_614 طفیل انفارمیشن کے خارجہ فرسودہ کیا 
LOG (lattice-best-path[5.5.907~1-cbed4]:main():lattice-best-path.cc:99) For utterance 20030013_615, best cost 124.548 + 3979.8 = 4104.34 over 1105 frames.
20030013_615 خلاف آسٹریلوی سسرال کو بلڈوزر کے میں جمخانہ کی ڈیوڑھی میں وغیرہ ہے 
LOG (lattice-best-path[5.5.907~1-cbed4]:main():lattice-best-path.cc:99) For utterance 20030013_616, best cost 113.77 + 3666.25 = 3780.02 over 977 frames.
20030013_616 تاجور اور میزبان جنگوں فروزاں سے چنگیزی اسمبلی واپڈا پیدا کیا 
LOG (lattice-best-path[5.5.907~1-cbed4]:main():lattice-best-path.cc:99) For utterance 20030013_617, best cost 66.6705 + 2360.23 = 2426.9 over 632 frames.
20030013_617 خانگی ایڈریس گراموفون بالواسطہ دلبرداشتہ 
LOG (lattice-best-path[5.5.907~1-cbed4]:main():lattice-best-path.cc:99) For utterance 20030013_618, best cost 91.0183 + 2804.53 = 2895.55 over 734 frames.
20030013_618 خادم فلسفے ہاتھوں شماریات انفارمیشن مترادف کیا گیا 
LOG (lattice-best-path[5.5.907~1-cbed4]:main():lattice-best-path.cc:99) For utterance 20030013_619, best cost 56.3468 + 1648.06 = 1704.4 over 440 frames.
20030013_619 خریدے کیا بغیر میں برسراقتدار 
LOG (lattice-best-path[5.5.907~1-cbed4]:main():lattice-best-path.cc:99) For utterance 20030013_620, best cost 87.2596 + 3329.56 = 3416.82 over 900 frames.
20030013_620 کی میں جلوسوں تبدیلیاں بیوپار بجھائی گیارہویں کی 
LOG (lattice-best-path[5.5.907~1-cbed4]:main():lattice-best-path.cc:99) For utterance 20030013_621, best cost 81.7521 + 2902.49 = 2984.24 over 779 frames.
20030013_621 گوجر کے ساتھ منتظر گورنینس پچاسویں بیٹھی 
LOG (lattice-best-path[5.5.907~1-cbed4]:main():lattice-best-path.cc:99) For utterance 20030013_622, best cost 81.1895 + 2435.94 = 2517.13 over 657 frames.
20030013_622 گزیر میں برسراقتدار سمجھدار بیوپار میں سیونگ 
LOG (lattice-best-path[5.5.907~1-cbed4]:main():lattice-best-path.cc:99) For utterance 20030013_623, best cost 59.7965 + 2101.41 = 2161.2 over 574 frames.
20030013_623 کے بغیر بڑھاوا قصوروار سمجھا گیا 
LOG (lattice-best-path[5.5.907~1-cbed4]:main():lattice-best-path.cc:99) For utterance 20030013_624, best cost 106.859 + 3216 = 3322.86 over 811 frames.
20030013_624 خوفوں سے کے سوویں کی سرفراز اوصاف غدودوں ٹریجڈی وجوہات 
LOG (lattice-best-path[5.5.907~1-cbed4]:main():lattice-best-path.cc:99) For utterance 20030013_625, best cost 70.9364 + 2792.89 = 2863.82 over 696 frames.
20030013_625 ٹریژری جیلانی گدے طبیعت مالیخولیا 
LOG (lattice-best-path[5.5.907~1-cbed4]:main():lattice-best-path.cc:99) For utterance 20030013_626, best cost 43.5932 + 1653.81 = 1697.4 over 420 frames.
20030013_626 غیرضروری حادثاتی آزمائیں 
LOG (lattice-best-path[5.5.907~1-cbed4]:main():lattice-best-path.cc:99) For utterance 20030013_627, best cost 88.5206 + 3368.82 = 3457.34 over 926 frames.
20030013_627 فگار یادیں کیونکہ کا میں ٹیبلو کے خوفوں میں تھا 
LOG (lattice-best-path[5.5.907~1-cbed4]:main():lattice-best-path.cc:99) For utterance 20030013_628, best cost 78.9801 + 2483.52 = 2562.5 over 644 frames.
20030013_628 مصیبت میں پارلیمنٹرین انہونی بچیاں وفود کی 
LOG (lattice-best-path[5.5.907~1-cbed4]:main():lattice-best-path.cc:99) For utterance 20030013_629, best cost 84.1306 + 3464.53 = 3548.66 over 894 frames.
20030013_629 سے وفاؤں کے اور میں کی آواز میں مطالبہ کے ساتھ 
LOG (lattice-best-path[5.5.907~1-cbed4]:main():lattice-best-path.cc:99) For utterance 20030013_630, best cost 69.5469 + 2434.2 = 2503.75 over 606 frames.
20030013_630 کی ایمبیسی زیراستعمال چیزیں سے چنگل 
LOG (lattice-best-path[5.5.907~1-cbed4]:main():lattice-best-path.cc:99) For utterance 20030013_631, best cost 82.2519 + 3343.52 = 3425.77 over 843 frames.
20030013_631 سے عزیزواقارب بیوپار کے کرنے تقاضوں برسراقتدار 
LOG (lattice-best-path[5.5.907~1-cbed4]:main():lattice-best-path.cc:99) For utterance 20030013_632, best cost 144.286 + 3810.67 = 3954.95 over 1009 frames.
20030013_632 قاضی سیکھیں کاندھلوی کی کوچے صوفیانہ بھجوا پر کھجوریں اور بسائیں چوزے باادب 
LOG (lattice-best-path[5.5.907~1-cbed4]:main():lattice-best-path.cc:99) For utterance 20030013_633, best cost 94.73 + 3582.67 = 3677.4 over 913 frames.
20030013_633 دہندگان فلسطینی دیہاتیوں کے پاس کیسز چون انستھیزیا 
LOG (lattice-best-path[5.5.907~1-cbed4]:main():lattice-best-path.cc:99) For utterance 20030013_634, best cost 67.7593 + 1922.12 = 1989.88 over 497 frames.
20030013_634 خویش سیکشن انسان کلومیٹر پر بنایا 
LOG (lattice-best-path[5.5.907~1-cbed4]:main():lattice-best-path.cc:99) For utterance 20030013_635, best cost 80.8101 + 2868.05 = 2948.86 over 734 frames.
20030013_635 باہر پوشیدہ بوسنیائی مدد میں سے سوغات ہیں 
LOG (lattice-best-path[5.5.907~1-cbed4]:main():lattice-best-path.cc:99) For utterance 20030013_636, best cost 79.8555 + 2502.01 = 2581.86 over 657 frames.
20030013_636 خوشنودی جھگی پرچیاں میں سے وسعتوں ڈاکوؤں 
LOG (lattice-best-path[5.5.907~1-cbed4]:main():lattice-best-path.cc:99) For utterance 20030013_637, best cost 82.6177 + 2616.32 = 2698.93 over 696 frames.
20030013_637 خارجہ مستغنی ناامیدی کی پھیرتے بڑھاپے ہوئیں 
LOG (lattice-best-path[5.5.907~1-cbed4]:main():lattice-best-path.cc:99) For utterance 20030013_638, best cost 97.1256 + 2830.9 = 2928.02 over 760 frames.
20030013_638 کانووکیشن کی شیرٹن میں قصوروار بھگوئیں کے کے پاس ایجنسی 
LOG (lattice-best-path[5.5.907~1-cbed4]:main():lattice-best-path.cc:99) For utterance 20030013_639, best cost 89.8589 + 3291.9 = 3381.76 over 868 frames.
20030013_639 ہسپانوی کے کی سے تجویز احترام کی وجہ سے دوست ہیں 
LOG (lattice-best-path[5.5.907~1-cbed4]:main():lattice-best-path.cc:99) For utterance 20030013_640, best cost 91.566 + 3103.42 = 3194.98 over 760 frames.
20030013_640 تبدیلیاں درمیان ظریفی ہوزری شاندار پنچولی ہو جائے 
LOG (lattice-best-path[5.5.907~1-cbed4]:main():lattice-best-path.cc:99) For utterance 20030013_641, best cost 67.4135 + 1894.53 = 1961.94 over 465 frames.
20030013_641 کولیسٹرول ایشو کا کی وجہ تنظیم گا 
LOG (lattice-best-path[5.5.907~1-cbed4]:main():lattice-best-path.cc:99) For utterance 20030013_642, best cost 77.1835 + 2288.87 = 2366.05 over 574 frames.
20030013_642 پر فوقیت استغفار سے بوگس کی پہلوان کی 
LOG (lattice-best-path[5.5.907~1-cbed4]:main():lattice-best-path.cc:99) For utterance 20030013_643, best cost 75.2492 + 2880.05 = 2955.3 over 734 frames.
20030013_643 توضیحات کے کریں اور درسگاہوں اور حادثاتی کریں 
LOG (lattice-best-path[5.5.907~1-cbed4]:main():lattice-best-path.cc:99) For utterance 20030013_644, best cost 83.41 + 2811.75 = 2895.16 over 683 frames.
20030013_644 کے سے بچنے گردوغبار اور زندگی کیسی بلکہ دغا ہے 
LOG (lattice-best-path[5.5.907~1-cbed4]:main():lattice-best-path.cc:99) For utterance 20030013_645, best cost 60.43 + 2384.14 = 2444.57 over 580 frames.
20030013_645 زیرقیادت اثرورسوخ کرنے کے پاس دیکھیں 
LOG (lattice-best-path[5.5.907~1-cbed4]:main():lattice-best-path.cc:99) For utterance 20030013_646, best cost 82.0814 + 2362.26 = 2444.34 over 587 frames.
20030013_646 ساڑھے بعدازاں جوئیہ داؤد کرنے والے کرنے گئی 
LOG (lattice-best-path[5.5.907~1-cbed4]:main():lattice-best-path.cc:99) For utterance 20030013_647, best cost 61.7548 + 1875.9 = 1937.65 over 452 frames.
20030013_647 سرفراز کی بھومی چوکھٹ سودا ہے 
LOG (lattice-best-path[5.5.907~1-cbed4]:main():lattice-best-path.cc:99) For utterance 20030013_648, best cost 39.3838 + 1773.82 = 1813.21 over 440 frames.
20030013_648 بیلچہ سے تجربات 
LOG (lattice-best-path[5.5.907~1-cbed4]:main():lattice-best-path.cc:99) For utterance 20030013_649, best cost 59.7109 + 2378.29 = 2438 over 600 frames.
20030013_649 خوفوں کے مذاکرات باادب گیا ہے 
LOG (lattice-best-path[5.5.907~1-cbed4]:main():lattice-best-path.cc:99) For utterance 20030013_650, best cost 80.603 + 2700.59 = 2781.2 over 670 frames.
20030013_650 تحصیلدار عندیہ طرزعمل کے ترقیات ٹرانسفر کیا 
LOG (lattice-best-path[5.5.907~1-cbed4]:main():lattice-best-path.cc:99) For utterance 20030013_651, best cost 71.1808 + 2154.98 = 2226.16 over 548 frames.
20030013_651 اور انفارمیشن سیکورٹی کرتے ہوئے گیسو کی ہے 
LOG (lattice-best-path[5.5.907~1-cbed4]:main():lattice-best-path.cc:99) For utterance 20030013_652, best cost 94.4762 + 2846.34 = 2940.81 over 696 frames.
20030013_652 ایکویٹی سے دریغ کے کرکے لڑیں کچوکے سقوط اور سے 
LOG (lattice-best-path[5.5.907~1-cbed4]:main():lattice-best-path.cc:99) For utterance 20030013_653, best cost 58.645 + 2385.87 = 2444.52 over 600 frames.
20030013_653 طرزفکر کرنے کے سے پرخلوص اور 
LOG (lattice-best-path[5.5.907~1-cbed4]:main():lattice-best-path.cc:99) For utterance 20030013_654, best cost 88.4123 + 2992.67 = 3081.08 over 734 frames.
20030013_654 پر فیڈریشنز سیاست چلغوزے کی لوث کے لٹریچر ہے 
LOG (lattice-best-path[5.5.907~1-cbed4]:main():lattice-best-path.cc:99) For utterance 20030013_655, best cost 61.8541 + 2454.09 = 2515.94 over 600 frames.
20030013_655 پراسسنگ اور پر گزارنے گردش کریں 
LOG (lattice-best-path[5.5.907~1-cbed4]:main():lattice-best-path.cc:99) For utterance 20030013_656, best cost 65.7849 + 3009.24 = 3075.03 over 734 frames.
20030013_656 کے زوجیت وزیرداخلہ زلزلے پرسش 
LOG (lattice-best-path[5.5.907~1-cbed4]:main():lattice-best-path.cc:99) For utterance 20030013_657, best cost 66.8937 + 2147.4 = 2214.29 over 542 frames.
20030013_657 تصورات زیدی کے کردار تیسر کریں 
LOG (lattice-best-path[5.5.907~1-cbed4]:main():lattice-best-path.cc:99) For utterance 20030013_658, best cost 59.6546 + 2234.37 = 2294.03 over 561 frames.
20030013_658 کلومیٹر کیا تھیسس کی تاثرات 
LOG (lattice-best-path[5.5.907~1-cbed4]:main():lattice-best-path.cc:99) For utterance 20030013_659, best cost 85.1106 + 2470.14 = 2555.25 over 619 frames.
20030013_659 کے کی کو تجزیہ توضیحات حوصلہ تولیے دسویں 
LOG (lattice-best-path[5.5.907~1-cbed4]:main():lattice-best-path.cc:99) For utterance 20030013_660, best cost 31.542 + 1572.1 = 1603.64 over 401 frames.
20030013_660 اور کبوتر لیزر 
LOG (lattice-best-path[5.5.907~1-cbed4]:main():lattice-best-path.cc:99) For utterance 20030013_661, best cost 38.3986 + 1624.94 = 1663.34 over 427 frames.
20030013_661 پریشر برقرار کریں 
LOG (lattice-best-path[5.5.907~1-cbed4]:main():lattice-best-path.cc:99) For utterance 20030013_662, best cost 48.8782 + 2098.5 = 2147.38 over 529 frames.
20030013_662 تجوریاں سیروسیاحت زیرقیادت ہے 
LOG (lattice-best-path[5.5.907~1-cbed4]:main():lattice-best-path.cc:99) For utterance 20030013_663, best cost 88.6811 + 2873.46 = 2962.14 over 753 frames.
20030013_663 کی عریاں اجسام متوفیہ ساتھیوں کرکے کی ترویج ہوئے 
LOG (lattice-best-path[5.5.907~1-cbed4]:main():lattice-best-path.cc:99) For utterance 20030013_664, best cost 78.6044 + 2747.94 = 2826.54 over 715 frames.
20030013_664 فرائض ایتھرنیٹ پائیدار کولیسٹرول اور کولیسٹرول ہے 
LOG (lattice-best-path[5.5.907~1-cbed4]:main():lattice-best-path.cc:99) For utterance 20030013_665, best cost 44.9957 + 1893.66 = 1938.66 over 484 frames.
20030013_665 فیضان پائیریسی خریدوفروخت 
LOG (lattice-best-path[5.5.907~1-cbed4]:main():lattice-best-path.cc:99) For utterance 20030013_666, best cost 59.4532 + 2115.59 = 2175.04 over 529 frames.
20030013_666 کولیسٹرول جمگھٹا تجزیہ غیرضروری ہے 
LOG (lattice-best-path[5.5.907~1-cbed4]:main():lattice-best-path.cc:99) For utterance 20030013_667, best cost 60.1137 + 2042.14 = 2102.25 over 504 frames.
20030013_667 کی دیباچے چلغوزے کی موجزن ہوئی 
LOG (lattice-best-path[5.5.907~1-cbed4]:main():lattice-best-path.cc:99) For utterance 20030013_668, best cost 86.4151 + 2977.21 = 3063.63 over 747 frames.
20030013_668 ساری تولید کے توجہ پرچھائیاں پر سزائیں کریں 
LOG (lattice-best-path[5.5.907~1-cbed4]:main():lattice-best-path.cc:99) For utterance 20030013_669, best cost 63.3779 + 2259.66 = 2323.04 over 548 frames.
20030013_669 اوزار کروفر موردالزام کے سیروسیاحت 
LOG (lattice-best-path[5.5.907~1-cbed4]:main():lattice-best-path.cc:99) For utterance 20030013_670, best cost 66.9813 + 2210.55 = 2277.53 over 574 frames.
20030013_670 گذشتہ فلیچر کے سروں گوبر کرو 
LOG (lattice-best-path[5.5.907~1-cbed4]:main():lattice-best-path.cc:99) For utterance 20030013_671, best cost 90.0338 + 3152.84 = 3242.87 over 772 frames.
20030013_671 پراسیس اوزار دوردراز اونس اور کو جونیئر اور کیا 
LOG (lattice-best-path[5.5.907~1-cbed4]:main():lattice-best-path.cc:99) For utterance 20030013_672, best cost 60.3072 + 2633.64 = 2693.95 over 632 frames.
20030013_672 کی دریچوں سرفراز فروزاں بنا دیا 
LOG (lattice-best-path[5.5.907~1-cbed4]:main():lattice-best-path.cc:99) For utterance 20030013_673, best cost 59.0551 + 2193.64 = 2252.69 over 555 frames.
20030013_673 تعریفیں چاہتے بائیولوجیکل سفیدے کرتا ہے 
LOG (lattice-best-path[5.5.907~1-cbed4]:main():lattice-best-path.cc:99) For utterance 20030013_674, best cost 86.7207 + 3263.27 = 3349.99 over 772 frames.
20030013_674 کھجوریں پروجیکٹ برساتا قوانین حسینی کی کوشش کی 
LOG (lattice-best-path[5.5.907~1-cbed4]:main():lattice-best-path.cc:99) For utterance 20030013_675, best cost 71.0186 + 2065.93 = 2136.95 over 529 frames.
20030013_675 اور کے بوریت پر سوچے تغافل دوڑائیں 
LOG (lattice-best-path[5.5.907~1-cbed4]:main():lattice-best-path.cc:99) For utterance 20030013_676, best cost 68.352 + 2304.04 = 2372.4 over 568 frames.
20030013_676 پرنیا شیفرڈ جدول خواہش پر بات کی 
LOG (lattice-best-path[5.5.907~1-cbed4]:main():lattice-best-path.cc:99) For utterance 20030013_677, best cost 105.243 + 3555.19 = 3660.43 over 926 frames.
20030013_677 انسان ایکویٹی کی وفاؤں سوئی گوگل کانجی ایڈونچر پیدا 
LOG (lattice-best-path[5.5.907~1-cbed4]:main():lattice-best-path.cc:99) For utterance 20030013_678, best cost 115.492 + 3919.24 = 4034.73 over 971 frames.
20030013_678 چیلنجز اور تھیٹر پائیدار گزشتہ میں کے پروڈکٹیو سمجھتے جید کریں 
LOG (lattice-best-path[5.5.907~1-cbed4]:main():lattice-best-path.cc:99) For utterance 20030013_679, best cost 54.8372 + 1785.34 = 1840.18 over 446 frames.
20030013_679 قومیائے تحصیلدار زیدی زچگی 
LOG (lattice-best-path[5.5.907~1-cbed4]:main():lattice-best-path.cc:99) For utterance 20030013_680, best cost 77.4745 + 2659.03 = 2736.51 over 683 frames.
20030013_680 چقندر گردوغبار تغافل سے میں پیروکار جاتا ہے 
LOG (lattice-best-path[5.5.907~1-cbed4]:main():lattice-best-path.cc:99) For utterance 20030013_681, best cost 69.499 + 2315.18 = 2384.68 over 587 frames.
20030013_681 بدہضمی جھونپڑی عزیزواقارب پیچیدہ بزرگ 
LOG (lattice-best-path[5.5.907~1-cbed4]:main():lattice-best-path.cc:99) For utterance 20030013_682, best cost 86.814 + 2923.93 = 3010.74 over 753 frames.
20030013_682 کی اور چولہے اوپر کیا ظاہر اور کے چوہوں ہے 
LOG (lattice-best-path[5.5.907~1-cbed4]:main():lattice-best-path.cc:99) For utterance 20030013_683, best cost 98.8408 + 2642.33 = 2741.17 over 657 frames.
20030013_683 کے سوا تجرد تک کے کے نے سیکورٹی کی کے سے کرے 
LOG (lattice-best-path[5.5.907~1-cbed4]:main():lattice-best-path.cc:99) For utterance 20030013_684, best cost 57.3652 + 2305.25 = 2362.61 over 593 frames.
20030013_684 ٹیلیفون وائرلیس ریونیو کیا بتاؤں 
LOG (lattice-best-path[5.5.907~1-cbed4]:main():lattice-best-path.cc:99) For utterance 20030013_685, best cost 56.3488 + 1772.59 = 1828.94 over 446 frames.
20030013_685 اپوزیشن زیر اثر سپاسنامہ کرو 
LOG (lattice-best-path[5.5.907~1-cbed4]:main():lattice-best-path.cc:99) For utterance 20030013_686, best cost 101.495 + 3109.55 = 3211.04 over 772 frames.
20030013_686 چلے کے سکتے اریگیشن سویاں ریلیکس پرجوش اپروچ اور 
LOG (lattice-best-path[5.5.907~1-cbed4]:main():lattice-best-path.cc:99) For utterance 20030013_687, best cost 104.016 + 2866.27 = 2970.29 over 721 frames.
20030013_687 چاقو سیلرز گزارنے توجیہ بوگس بلا سے شیرخوار جو کریں 
LOG (lattice-best-path[5.5.907~1-cbed4]:main():lattice-best-path.cc:99) For utterance 20030013_688, best cost 80.7552 + 3292.15 = 3372.9 over 836 frames.
20030013_688 وزیرخارجہ طرزفکر اور کے سے بچاؤ کے کرتا ہے اور 
LOG (lattice-best-path[5.5.907~1-cbed4]:main():lattice-best-path.cc:99) For utterance 20030013_689, best cost 90.9643 + 2969.24 = 3060.2 over 753 frames.
20030013_689 موجودہ ویلفئر تعارف کو اور اور سے پچھتر چار 
LOG (lattice-best-path[5.5.907~1-cbed4]:main():lattice-best-path.cc:99) For utterance 20030013_690, best cost 49.5772 + 1650.4 = 1699.97 over 414 frames.
20030013_690 کے کیا پریشر دشوار کیا 
LOG (lattice-best-path[5.5.907~1-cbed4]:main():lattice-best-path.cc:99) For utterance 20030013_691, best cost 72.7142 + 2242.64 = 2315.35 over 606 frames.
20030013_691 چیل کیا درجے برسراقتدار وڈیروں دیئے 
LOG (lattice-best-path[5.5.907~1-cbed4]:main():lattice-best-path.cc:99) For utterance 20030013_692, best cost 83.4281 + 2800.13 = 2883.56 over 721 frames.
20030013_692 تفویض تھانیدار کے سیروسیاحت پنکھڑی کے لیے کا کیا 
LOG (lattice-best-path[5.5.907~1-cbed4]:main():lattice-best-path.cc:99) For utterance 20030013_693, best cost 52.8139 + 1886.38 = 1939.19 over 491 frames.
20030013_693 پھیرتے وزیرداخلہ دارلخلافہ کو 
LOG (lattice-best-path[5.5.907~1-cbed4]:main():lattice-best-path.cc:99) For utterance 20030013_694, best cost 76.3824 + 2561.03 = 2637.42 over 664 frames.
20030013_694 توجہ بادشاہ تساہل سے بازیچہ ہوشربا ہے 
LOG (lattice-best-path[5.5.907~1-cbed4]:main():lattice-best-path.cc:99) For utterance 20030013_695, best cost 63.732 + 2166.06 = 2229.79 over 568 frames.
20030013_695 خلیفہ میں پرچیاں متوفی جداگانہ 
LOG (lattice-best-path[5.5.907~1-cbed4]:main():lattice-best-path.cc:99) For utterance 20030013_696, best cost 75.6898 + 2261.66 = 2337.35 over 593 frames.
20030013_696 کے چھاپہ صدیاں بالخصوص مرغبانی کتابچے ہے 
LOG (lattice-best-path[5.5.907~1-cbed4]:main():lattice-best-path.cc:99) For utterance 20030013_697, best cost 60.4106 + 1902.3 = 1962.71 over 497 frames.
20030013_697 پھولدار سے سیکھنے جانبدار کاروبار 
LOG (lattice-best-path[5.5.907~1-cbed4]:main():lattice-best-path.cc:99) For utterance 20030013_698, best cost 60.2605 + 2678.3 = 2738.56 over 721 frames.
20030013_698 قرارداد جوڈیشل کا باعث کا جاتا ہے 
LOG (lattice-best-path[5.5.907~1-cbed4]:main():lattice-best-path.cc:99) For utterance 20030013_699, best cost 79.9316 + 2368.26 = 2448.19 over 625 frames.
20030013_699 تجزیوں مفاد ٹیچنگ والدین مودبانہ سوچوں 
LOG (lattice-best-path[5.5.907~1-cbed4]:main():lattice-best-path.cc:99) For utterance 20030013_700, best cost 93.6906 + 2320.52 = 2414.21 over 587 frames.
20030013_700 کو شاخوں کی تدفین تغافل کی سوجھی شیرٹن سوزوکی 
LOG (lattice-best-path[5.5.907~1-cbed4]:main():lattice-best-path.cc:99) For utterance 20030013_701, best cost 72.2001 + 2828.13 = 2900.33 over 728 frames.
20030013_701 ترجمان پرسکون اناسیواں تمسخر خوفزدہ 
LOG (lattice-best-path[5.5.907~1-cbed4]:main():lattice-best-path.cc:99) For utterance 20030013_702, best cost 93.4582 + 2616.63 = 2710.09 over 683 frames.
20030013_702 کر فیصلہ خوفزدہ کی دھوپ میں بھارتی کوچوان گجراتی باشندوں 
LOG (lattice-best-path[5.5.907~1-cbed4]:main():lattice-best-path.cc:99) For utterance 20030013_703, best cost 57.8019 + 1855.32 = 1913.13 over 465 frames.
20030013_703 پراسسنگ پالیسی کی خدانخواستہ کرتا ہے 
LOG (lattice-best-path[5.5.907~1-cbed4]:main():lattice-best-path.cc:99) For utterance 20030013_704, best cost 84.0001 + 2572.21 = 2656.21 over 676 frames.
20030013_704 چغتائی فیشن متنازعہ رنجیدہ دیباچہ پراسیس ہیں 
LOG (lattice-best-path[5.5.907~1-cbed4]:main():lattice-best-path.cc:99) For utterance 20030013_705, best cost 57.8068 + 1929.91 = 1987.72 over 491 frames.
20030013_705 بازیاب بنا دیا پراٹھا ہوزری 
LOG (lattice-best-path[5.5.907~1-cbed4]:main():lattice-best-path.cc:99) For utterance 20030013_706, best cost 47.3071 + 1456.69 = 1504 over 363 frames.
20030013_706 مصحفی نفسیاتی پہنچوں ہیں 
LOG (lattice-best-path[5.5.907~1-cbed4]:main():lattice-best-path.cc:99) For utterance 20030013_707, best cost 41.0092 + 1749.56 = 1790.57 over 452 frames.
20030013_707 مطلوبہ استحصالی جنگجویانہ ہے 
LOG (lattice-scale[5.5.907~1-cbed4]:main():lattice-scale.cc:107) Done 432 lattices.
LOG (lattice-add-penalty[5.5.907~1-cbed4]:main():lattice-add-penalty.cc:62) Done adding word insertion penalty to 432 lattices.
LOG (lattice-best-path[5.5.907~1-cbed4]:main():lattice-best-path.cc:99) For utterance 20030013_708, best cost 72.906 + 2413.91 = 2486.81 over 606 frames.
20030013_708 مصنف غیرملکی کچھ بازیچہ تلاش کرنا 
LOG (lattice-best-path[5.5.907~1-cbed4]:main():lattice-best-path.cc:124) Overall cost per frame is 3.89228 = 0.111366 [graph] + 3.78092 [acoustic] over 354849 frames.
LOG (lattice-best-path[5.5.907~1-cbed4]:main():lattice-best-path.cc:128) Done 432 lattices, failed for 0
# Accounting: time=35 threads=1
# Ended (code 0) at Thu Apr 22 14:01:23 PKT 2021, elapsed time 35 seconds
