# gmm-est --power=0.2 --write-occs=exp/tri3/31.occs --mix-up=10000 exp/tri3/30.mdl "gmm-sum-accs - exp/tri3/30.*.acc |" exp/tri3/31.mdl 
# Started at Wed Apr 21 07:00:03 PKT 2021
#
gmm-est --power=0.2 --write-occs=exp/tri3/31.occs --mix-up=10000 exp/tri3/30.mdl 'gmm-sum-accs - exp/tri3/30.*.acc |' exp/tri3/31.mdl 
gmm-sum-accs - exp/tri3/30.1.acc 
LOG (gmm-sum-accs[5.5.907~1-cbed4]:main():gmm-sum-accs.cc:63) Summed 1 stats, total count 586095, avg like/frame -46.6816
LOG (gmm-sum-accs[5.5.907~1-cbed4]:main():gmm-sum-accs.cc:66) Total count of stats is 586095
LOG (gmm-sum-accs[5.5.907~1-cbed4]:main():gmm-sum-accs.cc:67) Written stats to -
LOG (gmm-est[5.5.907~1-cbed4]:MleUpdate():transition-model.cc:528) TransitionModel::Update, objf change is 8.49744e-05 per frame over 586095 frames. 
LOG (gmm-est[5.5.907~1-cbed4]:MleUpdate():transition-model.cc:531) 108 probabilities floored, 3100 out of 5752 transition-states skipped due to insuffient data (it is normal to have some skipped.)
LOG (gmm-est[5.5.907~1-cbed4]:main():gmm-est.cc:102) Transition model update: Overall 8.49744e-05 log-like improvement per frame over 586095 frames.
WARNING (gmm-est[5.5.907~1-cbed4]:MleDiagGmmUpdate():mle-diag-gmm.cc:365) Gaussian has too little data but not removing it because it is the last Gaussian: i = 0, occ = 0, weight = 1
WARNING (gmm-est[5.5.907~1-cbed4]:MleDiagGmmUpdate():mle-diag-gmm.cc:359) Too little data - removing Gaussian (weight 0.056073, occupation count 9.812724, vector size 40)
WARNING (gmm-est[5.5.907~1-cbed4]:MleDiagGmmUpdate():mle-diag-gmm.cc:359) Too little data - removing Gaussian (weight 0.097823, occupation count 8.999707, vector size 40)
LOG (gmm-est[5.5.907~1-cbed4]:MleAmDiagGmmUpdate():mle-am-diag-gmm.cc:225) 0 variance elements floored in 0 Gaussians, out of 10002
LOG (gmm-est[5.5.907~1-cbed4]:MleAmDiagGmmUpdate():mle-am-diag-gmm.cc:229) Removed 2 Gaussians due to counts < --min-gaussian-occupancy=10 and --remove-low-count-gaussians=true
LOG (gmm-est[5.5.907~1-cbed4]:main():gmm-est.cc:113) GMM update: Overall 0.0771347 objective function improvement per frame over 586095 frames
LOG (gmm-est[5.5.907~1-cbed4]:main():gmm-est.cc:116) GMM update: Overall avg like per frame = -46.6816 over 586095 frames.
LOG (gmm-est[5.5.907~1-cbed4]:SplitByCount():am-diag-gmm.cc:116) Split 1472 states with target = 10000, power = 0.2, perturb_factor = 0.01 and min_count = 20, split #Gauss from 10002 to 10019
LOG (gmm-est[5.5.907~1-cbed4]:main():gmm-est.cc:146) Written model to exp/tri3/31.mdl
# Accounting: time=0 threads=1
# Ended (code 0) at Wed Apr 21 07:00:03 PKT 2021, elapsed time 0 seconds
