# gmm-acc-stats-ali exp/mono/17.mdl "ark,s,cs:apply-cmvn  --utt2spk=ark:data/train/split3/2/utt2spk scp:data/train/split3/2/cmvn.scp scp:data/train/split3/2/feats.scp ark:- | add-deltas  ark:- ark:- |" "ark:gunzip -c exp/mono/ali.2.gz|" exp/mono/17.2.acc 
# Started at Thu Apr 22 16:11:47 PKT 2021
#
gmm-acc-stats-ali exp/mono/17.mdl 'ark,s,cs:apply-cmvn  --utt2spk=ark:data/train/split3/2/utt2spk scp:data/train/split3/2/cmvn.scp scp:data/train/split3/2/feats.scp ark:- | add-deltas  ark:- ark:- |' 'ark:gunzip -c exp/mono/ali.2.gz|' exp/mono/17.2.acc 
add-deltas ark:- ark:- 
apply-cmvn --utt2spk=ark:data/train/split3/2/utt2spk scp:data/train/split3/2/cmvn.scp scp:data/train/split3/2/feats.scp ark:- 
LOG (gmm-acc-stats-ali[5.5.907~1-cbed4]:main():gmm-acc-stats-ali.cc:105) Processed 50 utterances; for utterance 20030010_060 avg. like is -92.0286 over 634 frames.
LOG (gmm-acc-stats-ali[5.5.907~1-cbed4]:main():gmm-acc-stats-ali.cc:105) Processed 100 utterances; for utterance 20030010_110 avg. like is -89.4435 over 635 frames.
LOG (gmm-acc-stats-ali[5.5.907~1-cbed4]:main():gmm-acc-stats-ali.cc:105) Processed 150 utterances; for utterance 20030010_161 avg. like is -93.2383 over 964 frames.
LOG (gmm-acc-stats-ali[5.5.907~1-cbed4]:main():gmm-acc-stats-ali.cc:105) Processed 200 utterances; for utterance 20030010_211 avg. like is -88.3969 over 1098 frames.
LOG (gmm-acc-stats-ali[5.5.907~1-cbed4]:main():gmm-acc-stats-ali.cc:105) Processed 250 utterances; for utterance 20030010_261 avg. like is -86.2422 over 964 frames.
LOG (gmm-acc-stats-ali[5.5.907~1-cbed4]:main():gmm-acc-stats-ali.cc:105) Processed 300 utterances; for utterance 20030010_311 avg. like is -91.1937 over 1063 frames.
LOG (gmm-acc-stats-ali[5.5.907~1-cbed4]:main():gmm-acc-stats-ali.cc:105) Processed 350 utterances; for utterance 20030010_361 avg. like is -91.7212 over 544 frames.
LOG (gmm-acc-stats-ali[5.5.907~1-cbed4]:main():gmm-acc-stats-ali.cc:105) Processed 400 utterances; for utterance 20030010_411 avg. like is -90.148 over 938 frames.
LOG (gmm-acc-stats-ali[5.5.907~1-cbed4]:main():gmm-acc-stats-ali.cc:105) Processed 450 utterances; for utterance 20030010_511 avg. like is -103.017 over 576 frames.
LOG (gmm-acc-stats-ali[5.5.907~1-cbed4]:main():gmm-acc-stats-ali.cc:105) Processed 500 utterances; for utterance 20030010_561 avg. like is -89.2641 over 851 frames.
LOG (gmm-acc-stats-ali[5.5.907~1-cbed4]:main():gmm-acc-stats-ali.cc:105) Processed 550 utterances; for utterance 20030010_611 avg. like is -99.0675 over 868 frames.
LOG (gmm-acc-stats-ali[5.5.907~1-cbed4]:main():gmm-acc-stats-ali.cc:105) Processed 600 utterances; for utterance 20030010_661 avg. like is -98.3833 over 578 frames.
LOG (apply-cmvn[5.5.907~1-cbed4]:main():apply-cmvn.cc:162) Applied cepstral mean normalization to 647 utterances, errors on 0
LOG (gmm-acc-stats-ali[5.5.907~1-cbed4]:main():gmm-acc-stats-ali.cc:112) Done 647 files, 0 with errors.
LOG (gmm-acc-stats-ali[5.5.907~1-cbed4]:main():gmm-acc-stats-ali.cc:115) Overall avg like per frame (Gaussian only) = -92.8356 over 481321 frames.
LOG (gmm-acc-stats-ali[5.5.907~1-cbed4]:main():gmm-acc-stats-ali.cc:123) Written accs.
# Accounting: time=4 threads=1
# Ended (code 0) at Thu Apr 22 16:11:51 PKT 2021, elapsed time 4 seconds
