# gmm-align-compiled --transition-scale=1.0 --acoustic-scale=0.1 --self-loop-scale=0.1 --beam=6 --retry-beam=40 --careful=false "gmm-boost-silence --boost=1.25 1 exp/mono/1.mdl - |" "ark:gunzip -c exp/mono/fsts.1.gz|" "ark,s,cs:apply-cmvn  --utt2spk=ark:data/train/split3/1/utt2spk scp:data/train/split3/1/cmvn.scp scp:data/train/split3/1/feats.scp ark:- | add-deltas  ark:- ark:- |" "ark,t:|gzip -c >exp/mono/ali.1.gz" 
# Started at Thu Apr 22 15:57:40 PKT 2021
#
gmm-align-compiled --transition-scale=1.0 --acoustic-scale=0.1 --self-loop-scale=0.1 --beam=6 --retry-beam=40 --careful=false 'gmm-boost-silence --boost=1.25 1 exp/mono/1.mdl - |' 'ark:gunzip -c exp/mono/fsts.1.gz|' 'ark,s,cs:apply-cmvn  --utt2spk=ark:data/train/split3/1/utt2spk scp:data/train/split3/1/cmvn.scp scp:data/train/split3/1/feats.scp ark:- | add-deltas  ark:- ark:- |' 'ark,t:|gzip -c >exp/mono/ali.1.gz' 
gmm-boost-silence --boost=1.25 1 exp/mono/1.mdl - 
WARNING (gmm-boost-silence[5.5.907~1-cbed4]:main():gmm-boost-silence.cc:82) The pdfs for the silence phones may be shared by other phones (note: this probably does not matter.)
LOG (gmm-boost-silence[5.5.907~1-cbed4]:main():gmm-boost-silence.cc:93) Boosted weights for 5 pdfs, by factor of 1.25
LOG (gmm-boost-silence[5.5.907~1-cbed4]:main():gmm-boost-silence.cc:103) Wrote model to -
add-deltas ark:- ark:- 
apply-cmvn --utt2spk=ark:data/train/split3/1/utt2spk scp:data/train/split3/1/cmvn.scp scp:data/train/split3/1/feats.scp ark:- 
LOG (gmm-align-compiled[5.5.907~1-cbed4]:main():gmm-align-compiled.cc:127) 20030005_001
LOG (gmm-align-compiled[5.5.907~1-cbed4]:main():gmm-align-compiled.cc:127) 20030005_002
WARNING (gmm-align-compiled[5.5.907~1-cbed4]:AlignUtteranceWrapper():decoder-wrappers.cc:617) Retrying utterance 20030005_002 with beam 40
LOG (gmm-align-compiled[5.5.907~1-cbed4]:main():gmm-align-compiled.cc:127) 20030005_003
LOG (gmm-align-compiled[5.5.907~1-cbed4]:main():gmm-align-compiled.cc:127) 20030005_004
WARNING (gmm-align-compiled[5.5.907~1-cbed4]:AlignUtteranceWrapper():decoder-wrappers.cc:617) Retrying utterance 20030005_004 with beam 40
LOG (gmm-align-compiled[5.5.907~1-cbed4]:main():gmm-align-compiled.cc:127) 20030005_005
WARNING (gmm-align-compiled[5.5.907~1-cbed4]:AlignUtteranceWrapper():decoder-wrappers.cc:617) Retrying utterance 20030005_005 with beam 40
LOG (gmm-align-compiled[5.5.907~1-cbed4]:main():gmm-align-compiled.cc:127) 20030005_006
LOG (gmm-align-compiled[5.5.907~1-cbed4]:main():gmm-align-compiled.cc:127) 20030005_007
LOG (gmm-align-compiled[5.5.907~1-cbed4]:main():gmm-align-compiled.cc:127) 20030005_008
WARNING (gmm-align-compiled[5.5.907~1-cbed4]:AlignUtteranceWrapper():decoder-wrappers.cc:617) Retrying utterance 20030005_008 with beam 40
LOG (gmm-align-compiled[5.5.907~1-cbed4]:main():gmm-align-compiled.cc:127) 20030005_009
WARNING (gmm-align-compiled[5.5.907~1-cbed4]:AlignUtteranceWrapper():decoder-wrappers.cc:617) Retrying utterance 20030005_009 with beam 40
LOG (gmm-align-compiled[5.5.907~1-cbed4]:main():gmm-align-compiled.cc:127) 20030005_010
WARNING (gmm-align-compiled[5.5.907~1-cbed4]:AlignUtteranceWrapper():decoder-wrappers.cc:617) Retrying utterance 20030005_010 with beam 40
LOG (gmm-align-compiled[5.5.907~1-cbed4]:main():gmm-align-compiled.cc:127) 20030005_011
WARNING (gmm-align-compiled[5.5.907~1-cbed4]:AlignUtteranceWrapper():decoder-wrappers.cc:617) Retrying utterance 20030005_011 with beam 40
LOG (gmm-align-compiled[5.5.907~1-cbed4]:main():gmm-align-compiled.cc:127) 20030005_012
WARNING (gmm-align-compiled[5.5.907~1-cbed4]:AlignUtteranceWrapper():decoder-wrappers.cc:617) Retrying utterance 20030005_012 with beam 40
LOG (gmm-align-compiled[5.5.907~1-cbed4]:main():gmm-align-compiled.cc:127) 20030005_013
LOG (gmm-align-compiled[5.5.907~1-cbed4]:main():gmm-align-compiled.cc:127) 20030005_014
WARNING (gmm-align-compiled[5.5.907~1-cbed4]:AlignUtteranceWrapper():decoder-wrappers.cc:617) Retrying utterance 20030005_014 with beam 40
LOG (gmm-align-compiled[5.5.907~1-cbed4]:main():gmm-align-compiled.cc:127) 20030005_015
LOG (gmm-align-compiled[5.5.907~1-cbed4]:main():gmm-align-compiled.cc:127) 20030005_016
LOG (gmm-align-compiled[5.5.907~1-cbed4]:main():gmm-align-compiled.cc:127) 20030005_017
WARNING (gmm-align-compiled[5.5.907~1-cbed4]:AlignUtteranceWrapper():decoder-wrappers.cc:617) Retrying utterance 20030005_017 with beam 40
LOG (gmm-align-compiled[5.5.907~1-cbed4]:main():gmm-align-compiled.cc:127) 20030005_018
LOG (gmm-align-compiled[5.5.907~1-cbed4]:main():gmm-align-compiled.cc:127) 20030005_019
WARNING (gmm-align-compiled[5.5.907~1-cbed4]:AlignUtteranceWrapper():decoder-wrappers.cc:617) Retrying utterance 20030005_019 with beam 40
LOG (gmm-align-compiled[5.5.907~1-cbed4]:main():gmm-align-compiled.cc:127) 20030005_020
LOG (gmm-align-compiled[5.5.907~1-cbed4]:main():gmm-align-compiled.cc:127) 20030005_021
WARNING (gmm-align-compiled[5.5.907~1-cbed4]:AlignUtteranceWrapper():decoder-wrappers.cc:617) Retrying utterance 20030005_021 with beam 40
LOG (gmm-align-compiled[5.5.907~1-cbed4]:main():gmm-align-compiled.cc:127) 20030005_022
WARNING (gmm-align-compiled[5.5.907~1-cbed4]:AlignUtteranceWrapper():decoder-wrappers.cc:617) Retrying utterance 20030005_022 with beam 40
LOG (gmm-align-compiled[5.5.907~1-cbed4]:main():gmm-align-compiled.cc:127) 20030005_023
LOG (gmm-align-compiled[5.5.907~1-cbed4]:main():gmm-align-compiled.cc:127) 20030005_024
LOG (gmm-align-compiled[5.5.907~1-cbed4]:main():gmm-align-compiled.cc:127) 20030005_025
WARNING (gmm-align-compiled[5.5.907~1-cbed4]:AlignUtteranceWrapper():decoder-wrappers.cc:617) Retrying utterance 20030005_025 with beam 40
LOG (gmm-align-compiled[5.5.907~1-cbed4]:main():gmm-align-compiled.cc:127) 20030005_026
LOG (gmm-align-compiled[5.5.907~1-cbed4]:main():gmm-align-compiled.cc:127) 20030005_027
LOG (gmm-align-compiled[5.5.907~1-cbed4]:main():gmm-align-compiled.cc:127) 20030005_028
LOG (gmm-align-compiled[5.5.907~1-cbed4]:main():gmm-align-compiled.cc:127) 20030005_029
LOG (gmm-align-compiled[5.5.907~1-cbed4]:main():gmm-align-compiled.cc:127) 20030005_030
LOG (gmm-align-compiled[5.5.907~1-cbed4]:main():gmm-align-compiled.cc:127) 20030005_031
LOG (gmm-align-compiled[5.5.907~1-cbed4]:main():gmm-align-compiled.cc:127) 20030005_032
LOG (gmm-align-compiled[5.5.907~1-cbed4]:main():gmm-align-compiled.cc:127) 20030005_033
LOG (gmm-align-compiled[5.5.907~1-cbed4]:main():gmm-align-compiled.cc:127) 20030005_034
WARNING (gmm-align-compiled[5.5.907~1-cbed4]:AlignUtteranceWrapper():decoder-wrappers.cc:617) Retrying utterance 20030005_034 with beam 40
LOG (gmm-align-compiled[5.5.907~1-cbed4]:main():gmm-align-compiled.cc:127) 20030005_035
LOG (gmm-align-compiled[5.5.907~1-cbed4]:main():gmm-align-compiled.cc:127) 20030005_036
LOG (gmm-align-compiled[5.5.907~1-cbed4]:main():gmm-align-compiled.cc:127) 20030005_037
LOG (gmm-align-compiled[5.5.907~1-cbed4]:main():gmm-align-compiled.cc:127) 20030005_038
WARNING (gmm-align-compiled[5.5.907~1-cbed4]:AlignUtteranceWrapper():decoder-wrappers.cc:617) Retrying utterance 20030005_038 with beam 40
LOG (gmm-align-compiled[5.5.907~1-cbed4]:main():gmm-align-compiled.cc:127) 20030005_039
LOG (gmm-align-compiled[5.5.907~1-cbed4]:main():gmm-align-compiled.cc:127) 20030005_040
LOG (gmm-align-compiled[5.5.907~1-cbed4]:main():gmm-align-compiled.cc:127) 20030005_041
LOG (gmm-align-compiled[5.5.907~1-cbed4]:main():gmm-align-compiled.cc:127) 20030005_042
WARNING (gmm-align-compiled[5.5.907~1-cbed4]:AlignUtteranceWrapper():decoder-wrappers.cc:617) Retrying utterance 20030005_042 with beam 40
LOG (gmm-align-compiled[5.5.907~1-cbed4]:main():gmm-align-compiled.cc:127) 20030005_043
LOG (gmm-align-compiled[5.5.907~1-cbed4]:main():gmm-align-compiled.cc:127) 20030005_044
LOG (gmm-align-compiled[5.5.907~1-cbed4]:main():gmm-align-compiled.cc:127) 20030005_045
WARNING (gmm-align-compiled[5.5.907~1-cbed4]:AlignUtteranceWrapper():decoder-wrappers.cc:617) Retrying utterance 20030005_045 with beam 40
LOG (gmm-align-compiled[5.5.907~1-cbed4]:main():gmm-align-compiled.cc:127) 20030005_046
WARNING (gmm-align-compiled[5.5.907~1-cbed4]:AlignUtteranceWrapper():decoder-wrappers.cc:617) Retrying utterance 20030005_046 with beam 40
LOG (gmm-align-compiled[5.5.907~1-cbed4]:main():gmm-align-compiled.cc:127) 20030005_047
LOG (gmm-align-compiled[5.5.907~1-cbed4]:main():gmm-align-compiled.cc:127) 20030005_048
LOG (gmm-align-compiled[5.5.907~1-cbed4]:main():gmm-align-compiled.cc:127) 20030005_049
LOG (gmm-align-compiled[5.5.907~1-cbed4]:main():gmm-align-compiled.cc:127) 20030005_050
LOG (gmm-align-compiled[5.5.907~1-cbed4]:main():gmm-align-compiled.cc:127) 20030005_051
LOG (gmm-align-compiled[5.5.907~1-cbed4]:main():gmm-align-compiled.cc:127) 20030005_052
WARNING (gmm-align-compiled[5.5.907~1-cbed4]:AlignUtteranceWrapper():decoder-wrappers.cc:617) Retrying utterance 20030005_052 with beam 40
LOG (gmm-align-compiled[5.5.907~1-cbed4]:main():gmm-align-compiled.cc:127) 20030005_053
LOG (gmm-align-compiled[5.5.907~1-cbed4]:main():gmm-align-compiled.cc:127) 20030005_054
LOG (gmm-align-compiled[5.5.907~1-cbed4]:main():gmm-align-compiled.cc:127) 20030005_055
LOG (gmm-align-compiled[5.5.907~1-cbed4]:main():gmm-align-compiled.cc:127) 20030005_056
LOG (gmm-align-compiled[5.5.907~1-cbed4]:main():gmm-align-compiled.cc:127) 20030005_057
LOG (gmm-align-compiled[5.5.907~1-cbed4]:main():gmm-align-compiled.cc:127) 20030005_058
LOG (gmm-align-compiled[5.5.907~1-cbed4]:main():gmm-align-compiled.cc:127) 20030005_059
LOG (gmm-align-compiled[5.5.907~1-cbed4]:main():gmm-align-compiled.cc:127) 20030005_060
LOG (gmm-align-compiled[5.5.907~1-cbed4]:main():gmm-align-compiled.cc:127) 20030005_061
LOG (gmm-align-compiled[5.5.907~1-cbed4]:main():gmm-align-compiled.cc:127) 20030005_062
WARNING (gmm-align-compiled[5.5.907~1-cbed4]:AlignUtteranceWrapper():decoder-wrappers.cc:617) Retrying utterance 20030005_062 with beam 40
LOG (gmm-align-compiled[5.5.907~1-cbed4]:main():gmm-align-compiled.cc:127) 20030005_063
WARNING (gmm-align-compiled[5.5.907~1-cbed4]:AlignUtteranceWrapper():decoder-wrappers.cc:617) Retrying utterance 20030005_063 with beam 40
LOG (gmm-align-compiled[5.5.907~1-cbed4]:main():gmm-align-compiled.cc:127) 20030005_064
WARNING (gmm-align-compiled[5.5.907~1-cbed4]:AlignUtteranceWrapper():decoder-wrappers.cc:617) Retrying utterance 20030005_064 with beam 40
LOG (gmm-align-compiled[5.5.907~1-cbed4]:main():gmm-align-compiled.cc:127) 20030005_065
WARNING (gmm-align-compiled[5.5.907~1-cbed4]:AlignUtteranceWrapper():decoder-wrappers.cc:617) Retrying utterance 20030005_065 with beam 40
LOG (gmm-align-compiled[5.5.907~1-cbed4]:main():gmm-align-compiled.cc:127) 20030005_066
LOG (gmm-align-compiled[5.5.907~1-cbed4]:main():gmm-align-compiled.cc:127) 20030005_067
WARNING (gmm-align-compiled[5.5.907~1-cbed4]:AlignUtteranceWrapper():decoder-wrappers.cc:617) Retrying utterance 20030005_067 with beam 40
LOG (gmm-align-compiled[5.5.907~1-cbed4]:main():gmm-align-compiled.cc:127) 20030005_068
WARNING (gmm-align-compiled[5.5.907~1-cbed4]:AlignUtteranceWrapper():decoder-wrappers.cc:617) Retrying utterance 20030005_068 with beam 40
LOG (gmm-align-compiled[5.5.907~1-cbed4]:main():gmm-align-compiled.cc:127) 20030005_069
LOG (gmm-align-compiled[5.5.907~1-cbed4]:main():gmm-align-compiled.cc:127) 20030005_070
LOG (gmm-align-compiled[5.5.907~1-cbed4]:main():gmm-align-compiled.cc:127) 20030005_071
LOG (gmm-align-compiled[5.5.907~1-cbed4]:main():gmm-align-compiled.cc:127) 20030005_072
WARNING (gmm-align-compiled[5.5.907~1-cbed4]:AlignUtteranceWrapper():decoder-wrappers.cc:617) Retrying utterance 20030005_072 with beam 40
LOG (gmm-align-compiled[5.5.907~1-cbed4]:main():gmm-align-compiled.cc:127) 20030005_073
WARNING (gmm-align-compiled[5.5.907~1-cbed4]:AlignUtteranceWrapper():decoder-wrappers.cc:617) Retrying utterance 20030005_073 with beam 40
LOG (gmm-align-compiled[5.5.907~1-cbed4]:main():gmm-align-compiled.cc:127) 20030005_074
LOG (gmm-align-compiled[5.5.907~1-cbed4]:main():gmm-align-compiled.cc:127) 20030005_075
LOG (gmm-align-compiled[5.5.907~1-cbed4]:main():gmm-align-compiled.cc:127) 20030005_076
LOG (gmm-align-compiled[5.5.907~1-cbed4]:main():gmm-align-compiled.cc:127) 20030005_077
LOG (gmm-align-compiled[5.5.907~1-cbed4]:main():gmm-align-compiled.cc:127) 20030005_078
WARNING (gmm-align-compiled[5.5.907~1-cbed4]:AlignUtteranceWrapper():decoder-wrappers.cc:617) Retrying utterance 20030005_078 with beam 40
LOG (gmm-align-compiled[5.5.907~1-cbed4]:main():gmm-align-compiled.cc:127) 20030005_079
LOG (gmm-align-compiled[5.5.907~1-cbed4]:main():gmm-align-compiled.cc:127) 20030005_080
LOG (gmm-align-compiled[5.5.907~1-cbed4]:main():gmm-align-compiled.cc:127) 20030005_081
LOG (gmm-align-compiled[5.5.907~1-cbed4]:main():gmm-align-compiled.cc:127) 20030005_082
LOG (gmm-align-compiled[5.5.907~1-cbed4]:main():gmm-align-compiled.cc:127) 20030005_083
WARNING (gmm-align-compiled[5.5.907~1-cbed4]:AlignUtteranceWrapper():decoder-wrappers.cc:617) Retrying utterance 20030005_083 with beam 40
LOG (gmm-align-compiled[5.5.907~1-cbed4]:main():gmm-align-compiled.cc:127) 20030005_084
LOG (gmm-align-compiled[5.5.907~1-cbed4]:main():gmm-align-compiled.cc:127) 20030005_085
WARNING (gmm-align-compiled[5.5.907~1-cbed4]:AlignUtteranceWrapper():decoder-wrappers.cc:617) Retrying utterance 20030005_085 with beam 40
LOG (gmm-align-compiled[5.5.907~1-cbed4]:main():gmm-align-compiled.cc:127) 20030005_086
LOG (gmm-align-compiled[5.5.907~1-cbed4]:main():gmm-align-compiled.cc:127) 20030005_087
WARNING (gmm-align-compiled[5.5.907~1-cbed4]:AlignUtteranceWrapper():decoder-wrappers.cc:617) Retrying utterance 20030005_087 with beam 40
LOG (gmm-align-compiled[5.5.907~1-cbed4]:main():gmm-align-compiled.cc:127) 20030005_088
LOG (gmm-align-compiled[5.5.907~1-cbed4]:main():gmm-align-compiled.cc:127) 20030005_089
LOG (gmm-align-compiled[5.5.907~1-cbed4]:main():gmm-align-compiled.cc:127) 20030005_090
WARNING (gmm-align-compiled[5.5.907~1-cbed4]:AlignUtteranceWrapper():decoder-wrappers.cc:617) Retrying utterance 20030005_090 with beam 40
LOG (gmm-align-compiled[5.5.907~1-cbed4]:main():gmm-align-compiled.cc:127) 20030005_091
LOG (gmm-align-compiled[5.5.907~1-cbed4]:main():gmm-align-compiled.cc:127) 20030005_092
WARNING (gmm-align-compiled[5.5.907~1-cbed4]:AlignUtteranceWrapper():decoder-wrappers.cc:617) Retrying utterance 20030005_092 with beam 40
LOG (gmm-align-compiled[5.5.907~1-cbed4]:main():gmm-align-compiled.cc:127) 20030005_093
WARNING (gmm-align-compiled[5.5.907~1-cbed4]:AlignUtteranceWrapper():decoder-wrappers.cc:617) Retrying utterance 20030005_093 with beam 40
LOG (gmm-align-compiled[5.5.907~1-cbed4]:main():gmm-align-compiled.cc:127) 20030005_094
LOG (gmm-align-compiled[5.5.907~1-cbed4]:main():gmm-align-compiled.cc:127) 20030005_095
LOG (gmm-align-compiled[5.5.907~1-cbed4]:main():gmm-align-compiled.cc:127) 20030005_096
LOG (gmm-align-compiled[5.5.907~1-cbed4]:main():gmm-align-compiled.cc:127) 20030005_097
LOG (gmm-align-compiled[5.5.907~1-cbed4]:main():gmm-align-compiled.cc:127) 20030005_098
LOG (gmm-align-compiled[5.5.907~1-cbed4]:main():gmm-align-compiled.cc:127) 20030005_099
WARNING (gmm-align-compiled[5.5.907~1-cbed4]:AlignUtteranceWrapper():decoder-wrappers.cc:617) Retrying utterance 20030005_099 with beam 40
LOG (gmm-align-compiled[5.5.907~1-cbed4]:main():gmm-align-compiled.cc:127) 20030005_100
WARNING (gmm-align-compiled[5.5.907~1-cbed4]:AlignUtteranceWrapper():decoder-wrappers.cc:617) Retrying utterance 20030005_100 with beam 40
LOG (gmm-align-compiled[5.5.907~1-cbed4]:main():gmm-align-compiled.cc:127) 20030005_101
LOG (gmm-align-compiled[5.5.907~1-cbed4]:main():gmm-align-compiled.cc:127) 20030005_102
WARNING (gmm-align-compiled[5.5.907~1-cbed4]:AlignUtteranceWrapper():decoder-wrappers.cc:617) Retrying utterance 20030005_102 with beam 40
LOG (gmm-align-compiled[5.5.907~1-cbed4]:main():gmm-align-compiled.cc:127) 20030005_103
LOG (gmm-align-compiled[5.5.907~1-cbed4]:main():gmm-align-compiled.cc:127) 20030005_104
LOG (gmm-align-compiled[5.5.907~1-cbed4]:main():gmm-align-compiled.cc:127) 20030005_105
LOG (gmm-align-compiled[5.5.907~1-cbed4]:main():gmm-align-compiled.cc:127) 20030005_106
WARNING (gmm-align-compiled[5.5.907~1-cbed4]:AlignUtteranceWrapper():decoder-wrappers.cc:617) Retrying utterance 20030005_106 with beam 40
LOG (gmm-align-compiled[5.5.907~1-cbed4]:main():gmm-align-compiled.cc:127) 20030005_107
LOG (gmm-align-compiled[5.5.907~1-cbed4]:main():gmm-align-compiled.cc:127) 20030005_108
LOG (gmm-align-compiled[5.5.907~1-cbed4]:main():gmm-align-compiled.cc:127) 20030005_109
LOG (gmm-align-compiled[5.5.907~1-cbed4]:main():gmm-align-compiled.cc:127) 20030005_110
LOG (gmm-align-compiled[5.5.907~1-cbed4]:main():gmm-align-compiled.cc:127) 20030005_111
LOG (gmm-align-compiled[5.5.907~1-cbed4]:main():gmm-align-compiled.cc:127) 20030005_112
LOG (gmm-align-compiled[5.5.907~1-cbed4]:main():gmm-align-compiled.cc:127) 20030005_113
WARNING (gmm-align-compiled[5.5.907~1-cbed4]:AlignUtteranceWrapper():decoder-wrappers.cc:617) Retrying utterance 20030005_113 with beam 40
LOG (gmm-align-compiled[5.5.907~1-cbed4]:main():gmm-align-compiled.cc:127) 20030005_114
LOG (gmm-align-compiled[5.5.907~1-cbed4]:main():gmm-align-compiled.cc:127) 20030005_115
WARNING (gmm-align-compiled[5.5.907~1-cbed4]:AlignUtteranceWrapper():decoder-wrappers.cc:617) Retrying utterance 20030005_115 with beam 40
LOG (gmm-align-compiled[5.5.907~1-cbed4]:main():gmm-align-compiled.cc:127) 20030005_116
LOG (gmm-align-compiled[5.5.907~1-cbed4]:main():gmm-align-compiled.cc:127) 20030005_117
LOG (gmm-align-compiled[5.5.907~1-cbed4]:main():gmm-align-compiled.cc:127) 20030005_118
LOG (gmm-align-compiled[5.5.907~1-cbed4]:main():gmm-align-compiled.cc:127) 20030005_119
LOG (gmm-align-compiled[5.5.907~1-cbed4]:main():gmm-align-compiled.cc:127) 20030005_120
LOG (gmm-align-compiled[5.5.907~1-cbed4]:main():gmm-align-compiled.cc:127) 20030005_121
LOG (gmm-align-compiled[5.5.907~1-cbed4]:main():gmm-align-compiled.cc:127) 20030005_122
LOG (gmm-align-compiled[5.5.907~1-cbed4]:main():gmm-align-compiled.cc:127) 20030005_123
LOG (gmm-align-compiled[5.5.907~1-cbed4]:main():gmm-align-compiled.cc:127) 20030005_124
LOG (gmm-align-compiled[5.5.907~1-cbed4]:main():gmm-align-compiled.cc:127) 20030005_125
WARNING (gmm-align-compiled[5.5.907~1-cbed4]:AlignUtteranceWrapper():decoder-wrappers.cc:617) Retrying utterance 20030005_125 with beam 40
LOG (gmm-align-compiled[5.5.907~1-cbed4]:main():gmm-align-compiled.cc:127) 20030005_126
LOG (gmm-align-compiled[5.5.907~1-cbed4]:main():gmm-align-compiled.cc:127) 20030005_127
LOG (gmm-align-compiled[5.5.907~1-cbed4]:main():gmm-align-compiled.cc:127) 20030005_128
LOG (gmm-align-compiled[5.5.907~1-cbed4]:main():gmm-align-compiled.cc:127) 20030005_129
LOG (gmm-align-compiled[5.5.907~1-cbed4]:main():gmm-align-compiled.cc:127) 20030005_130
LOG (gmm-align-compiled[5.5.907~1-cbed4]:main():gmm-align-compiled.cc:127) 20030005_131
LOG (gmm-align-compiled[5.5.907~1-cbed4]:main():gmm-align-compiled.cc:127) 20030005_132
LOG (gmm-align-compiled[5.5.907~1-cbed4]:main():gmm-align-compiled.cc:127) 20030005_133
LOG (gmm-align-compiled[5.5.907~1-cbed4]:main():gmm-align-compiled.cc:127) 20030005_134
LOG (gmm-align-compiled[5.5.907~1-cbed4]:main():gmm-align-compiled.cc:127) 20030005_135
LOG (gmm-align-compiled[5.5.907~1-cbed4]:main():gmm-align-compiled.cc:127) 20030005_136
LOG (gmm-align-compiled[5.5.907~1-cbed4]:main():gmm-align-compiled.cc:127) 20030005_137
LOG (gmm-align-compiled[5.5.907~1-cbed4]:main():gmm-align-compiled.cc:127) 20030005_138
LOG (gmm-align-compiled[5.5.907~1-cbed4]:main():gmm-align-compiled.cc:127) 20030005_139
LOG (gmm-align-compiled[5.5.907~1-cbed4]:main():gmm-align-compiled.cc:127) 20030005_140
LOG (gmm-align-compiled[5.5.907~1-cbed4]:main():gmm-align-compiled.cc:127) 20030005_141
LOG (gmm-align-compiled[5.5.907~1-cbed4]:main():gmm-align-compiled.cc:127) 20030005_142
LOG (gmm-align-compiled[5.5.907~1-cbed4]:main():gmm-align-compiled.cc:127) 20030005_143
LOG (gmm-align-compiled[5.5.907~1-cbed4]:main():gmm-align-compiled.cc:127) 20030005_144
LOG (gmm-align-compiled[5.5.907~1-cbed4]:main():gmm-align-compiled.cc:127) 20030005_145
LOG (gmm-align-compiled[5.5.907~1-cbed4]:main():gmm-align-compiled.cc:127) 20030005_146
LOG (gmm-align-compiled[5.5.907~1-cbed4]:main():gmm-align-compiled.cc:127) 20030005_147
LOG (gmm-align-compiled[5.5.907~1-cbed4]:main():gmm-align-compiled.cc:127) 20030005_148
LOG (gmm-align-compiled[5.5.907~1-cbed4]:main():gmm-align-compiled.cc:127) 20030005_149
LOG (gmm-align-compiled[5.5.907~1-cbed4]:main():gmm-align-compiled.cc:127) 20030005_150
LOG (gmm-align-compiled[5.5.907~1-cbed4]:main():gmm-align-compiled.cc:127) 20030005_151
LOG (gmm-align-compiled[5.5.907~1-cbed4]:main():gmm-align-compiled.cc:127) 20030005_152
LOG (gmm-align-compiled[5.5.907~1-cbed4]:main():gmm-align-compiled.cc:127) 20030005_153
LOG (gmm-align-compiled[5.5.907~1-cbed4]:main():gmm-align-compiled.cc:127) 20030005_154
WARNING (gmm-align-compiled[5.5.907~1-cbed4]:AlignUtteranceWrapper():decoder-wrappers.cc:617) Retrying utterance 20030005_154 with beam 40
LOG (gmm-align-compiled[5.5.907~1-cbed4]:main():gmm-align-compiled.cc:127) 20030005_155
WARNING (gmm-align-compiled[5.5.907~1-cbed4]:AlignUtteranceWrapper():decoder-wrappers.cc:617) Retrying utterance 20030005_155 with beam 40
LOG (gmm-align-compiled[5.5.907~1-cbed4]:main():gmm-align-compiled.cc:127) 20030005_156
LOG (gmm-align-compiled[5.5.907~1-cbed4]:main():gmm-align-compiled.cc:127) 20030005_157
LOG (gmm-align-compiled[5.5.907~1-cbed4]:main():gmm-align-compiled.cc:127) 20030005_158
WARNING (gmm-align-compiled[5.5.907~1-cbed4]:AlignUtteranceWrapper():decoder-wrappers.cc:617) Retrying utterance 20030005_158 with beam 40
LOG (gmm-align-compiled[5.5.907~1-cbed4]:main():gmm-align-compiled.cc:127) 20030005_159
LOG (gmm-align-compiled[5.5.907~1-cbed4]:main():gmm-align-compiled.cc:127) 20030005_160
LOG (gmm-align-compiled[5.5.907~1-cbed4]:main():gmm-align-compiled.cc:127) 20030005_161
LOG (gmm-align-compiled[5.5.907~1-cbed4]:main():gmm-align-compiled.cc:127) 20030005_162
LOG (gmm-align-compiled[5.5.907~1-cbed4]:main():gmm-align-compiled.cc:127) 20030005_163
WARNING (gmm-align-compiled[5.5.907~1-cbed4]:AlignUtteranceWrapper():decoder-wrappers.cc:617) Retrying utterance 20030005_163 with beam 40
LOG (gmm-align-compiled[5.5.907~1-cbed4]:main():gmm-align-compiled.cc:127) 20030005_164
LOG (gmm-align-compiled[5.5.907~1-cbed4]:main():gmm-align-compiled.cc:127) 20030005_165
LOG (gmm-align-compiled[5.5.907~1-cbed4]:main():gmm-align-compiled.cc:127) 20030005_166
WARNING (gmm-align-compiled[5.5.907~1-cbed4]:AlignUtteranceWrapper():decoder-wrappers.cc:617) Retrying utterance 20030005_166 with beam 40
LOG (gmm-align-compiled[5.5.907~1-cbed4]:main():gmm-align-compiled.cc:127) 20030005_167
LOG (gmm-align-compiled[5.5.907~1-cbed4]:main():gmm-align-compiled.cc:127) 20030005_168
LOG (gmm-align-compiled[5.5.907~1-cbed4]:main():gmm-align-compiled.cc:127) 20030005_169
LOG (gmm-align-compiled[5.5.907~1-cbed4]:main():gmm-align-compiled.cc:127) 20030005_170
WARNING (gmm-align-compiled[5.5.907~1-cbed4]:AlignUtteranceWrapper():decoder-wrappers.cc:617) Retrying utterance 20030005_170 with beam 40
LOG (gmm-align-compiled[5.5.907~1-cbed4]:main():gmm-align-compiled.cc:127) 20030005_171
LOG (gmm-align-compiled[5.5.907~1-cbed4]:main():gmm-align-compiled.cc:127) 20030005_172
LOG (gmm-align-compiled[5.5.907~1-cbed4]:main():gmm-align-compiled.cc:127) 20030005_173
LOG (gmm-align-compiled[5.5.907~1-cbed4]:main():gmm-align-compiled.cc:127) 20030005_174
LOG (gmm-align-compiled[5.5.907~1-cbed4]:main():gmm-align-compiled.cc:127) 20030005_175
LOG (gmm-align-compiled[5.5.907~1-cbed4]:main():gmm-align-compiled.cc:127) 20030005_176
WARNING (gmm-align-compiled[5.5.907~1-cbed4]:AlignUtteranceWrapper():decoder-wrappers.cc:617) Retrying utterance 20030005_176 with beam 40
LOG (gmm-align-compiled[5.5.907~1-cbed4]:main():gmm-align-compiled.cc:127) 20030005_177
LOG (gmm-align-compiled[5.5.907~1-cbed4]:main():gmm-align-compiled.cc:127) 20030005_178
LOG (gmm-align-compiled[5.5.907~1-cbed4]:main():gmm-align-compiled.cc:127) 20030005_179
LOG (gmm-align-compiled[5.5.907~1-cbed4]:main():gmm-align-compiled.cc:127) 20030005_180
LOG (gmm-align-compiled[5.5.907~1-cbed4]:main():gmm-align-compiled.cc:127) 20030005_181
LOG (gmm-align-compiled[5.5.907~1-cbed4]:main():gmm-align-compiled.cc:127) 20030005_182
WARNING (gmm-align-compiled[5.5.907~1-cbed4]:AlignUtteranceWrapper():decoder-wrappers.cc:617) Retrying utterance 20030005_182 with beam 40
LOG (gmm-align-compiled[5.5.907~1-cbed4]:main():gmm-align-compiled.cc:127) 20030005_183
LOG (gmm-align-compiled[5.5.907~1-cbed4]:main():gmm-align-compiled.cc:127) 20030005_184
LOG (gmm-align-compiled[5.5.907~1-cbed4]:main():gmm-align-compiled.cc:127) 20030005_185
LOG (gmm-align-compiled[5.5.907~1-cbed4]:main():gmm-align-compiled.cc:127) 20030005_186
LOG (gmm-align-compiled[5.5.907~1-cbed4]:main():gmm-align-compiled.cc:127) 20030005_187
LOG (gmm-align-compiled[5.5.907~1-cbed4]:main():gmm-align-compiled.cc:127) 20030005_188
LOG (gmm-align-compiled[5.5.907~1-cbed4]:main():gmm-align-compiled.cc:127) 20030005_189
LOG (gmm-align-compiled[5.5.907~1-cbed4]:main():gmm-align-compiled.cc:127) 20030005_190
LOG (gmm-align-compiled[5.5.907~1-cbed4]:main():gmm-align-compiled.cc:127) 20030005_191
LOG (gmm-align-compiled[5.5.907~1-cbed4]:main():gmm-align-compiled.cc:127) 20030005_192
LOG (gmm-align-compiled[5.5.907~1-cbed4]:main():gmm-align-compiled.cc:127) 20030005_193
LOG (gmm-align-compiled[5.5.907~1-cbed4]:main():gmm-align-compiled.cc:127) 20030005_194
LOG (gmm-align-compiled[5.5.907~1-cbed4]:main():gmm-align-compiled.cc:127) 20030005_195
LOG (gmm-align-compiled[5.5.907~1-cbed4]:main():gmm-align-compiled.cc:127) 20030005_196
LOG (gmm-align-compiled[5.5.907~1-cbed4]:main():gmm-align-compiled.cc:127) 20030005_197
LOG (gmm-align-compiled[5.5.907~1-cbed4]:main():gmm-align-compiled.cc:127) 20030005_198
LOG (gmm-align-compiled[5.5.907~1-cbed4]:main():gmm-align-compiled.cc:127) 20030005_199
WARNING (gmm-align-compiled[5.5.907~1-cbed4]:AlignUtteranceWrapper():decoder-wrappers.cc:617) Retrying utterance 20030005_199 with beam 40
LOG (gmm-align-compiled[5.5.907~1-cbed4]:main():gmm-align-compiled.cc:127) 20030005_200
WARNING (gmm-align-compiled[5.5.907~1-cbed4]:AlignUtteranceWrapper():decoder-wrappers.cc:617) Retrying utterance 20030005_200 with beam 40
LOG (gmm-align-compiled[5.5.907~1-cbed4]:main():gmm-align-compiled.cc:127) 20030005_201
LOG (gmm-align-compiled[5.5.907~1-cbed4]:main():gmm-align-compiled.cc:127) 20030005_202
LOG (gmm-align-compiled[5.5.907~1-cbed4]:main():gmm-align-compiled.cc:127) 20030005_203
WARNING (gmm-align-compiled[5.5.907~1-cbed4]:AlignUtteranceWrapper():decoder-wrappers.cc:617) Retrying utterance 20030005_203 with beam 40
LOG (gmm-align-compiled[5.5.907~1-cbed4]:main():gmm-align-compiled.cc:127) 20030005_204
LOG (gmm-align-compiled[5.5.907~1-cbed4]:main():gmm-align-compiled.cc:127) 20030005_205
WARNING (gmm-align-compiled[5.5.907~1-cbed4]:AlignUtteranceWrapper():decoder-wrappers.cc:617) Retrying utterance 20030005_205 with beam 40
LOG (gmm-align-compiled[5.5.907~1-cbed4]:main():gmm-align-compiled.cc:127) 20030005_206
LOG (gmm-align-compiled[5.5.907~1-cbed4]:main():gmm-align-compiled.cc:127) 20030005_207
LOG (gmm-align-compiled[5.5.907~1-cbed4]:main():gmm-align-compiled.cc:127) 20030005_208
LOG (gmm-align-compiled[5.5.907~1-cbed4]:main():gmm-align-compiled.cc:127) 20030005_209
WARNING (gmm-align-compiled[5.5.907~1-cbed4]:AlignUtteranceWrapper():decoder-wrappers.cc:617) Retrying utterance 20030005_209 with beam 40
LOG (gmm-align-compiled[5.5.907~1-cbed4]:main():gmm-align-compiled.cc:127) 20030005_210
LOG (gmm-align-compiled[5.5.907~1-cbed4]:main():gmm-align-compiled.cc:127) 20030005_211
LOG (gmm-align-compiled[5.5.907~1-cbed4]:main():gmm-align-compiled.cc:127) 20030005_212
WARNING (gmm-align-compiled[5.5.907~1-cbed4]:AlignUtteranceWrapper():decoder-wrappers.cc:617) Retrying utterance 20030005_212 with beam 40
LOG (gmm-align-compiled[5.5.907~1-cbed4]:main():gmm-align-compiled.cc:127) 20030005_213
LOG (gmm-align-compiled[5.5.907~1-cbed4]:main():gmm-align-compiled.cc:127) 20030005_214
LOG (gmm-align-compiled[5.5.907~1-cbed4]:main():gmm-align-compiled.cc:127) 20030005_215
LOG (gmm-align-compiled[5.5.907~1-cbed4]:main():gmm-align-compiled.cc:127) 20030005_216
WARNING (gmm-align-compiled[5.5.907~1-cbed4]:AlignUtteranceWrapper():decoder-wrappers.cc:617) Retrying utterance 20030005_216 with beam 40
LOG (gmm-align-compiled[5.5.907~1-cbed4]:main():gmm-align-compiled.cc:127) 20030005_217
WARNING (gmm-align-compiled[5.5.907~1-cbed4]:AlignUtteranceWrapper():decoder-wrappers.cc:617) Retrying utterance 20030005_217 with beam 40
LOG (gmm-align-compiled[5.5.907~1-cbed4]:main():gmm-align-compiled.cc:127) 20030005_218
LOG (gmm-align-compiled[5.5.907~1-cbed4]:main():gmm-align-compiled.cc:127) 20030005_219
LOG (gmm-align-compiled[5.5.907~1-cbed4]:main():gmm-align-compiled.cc:127) 20030005_220
LOG (gmm-align-compiled[5.5.907~1-cbed4]:main():gmm-align-compiled.cc:127) 20030005_221
LOG (gmm-align-compiled[5.5.907~1-cbed4]:main():gmm-align-compiled.cc:127) 20030005_222
WARNING (gmm-align-compiled[5.5.907~1-cbed4]:AlignUtteranceWrapper():decoder-wrappers.cc:617) Retrying utterance 20030005_222 with beam 40
LOG (gmm-align-compiled[5.5.907~1-cbed4]:main():gmm-align-compiled.cc:127) 20030005_223
LOG (gmm-align-compiled[5.5.907~1-cbed4]:main():gmm-align-compiled.cc:127) 20030005_224
LOG (gmm-align-compiled[5.5.907~1-cbed4]:main():gmm-align-compiled.cc:127) 20030005_225
LOG (gmm-align-compiled[5.5.907~1-cbed4]:main():gmm-align-compiled.cc:127) 20030005_226
LOG (gmm-align-compiled[5.5.907~1-cbed4]:main():gmm-align-compiled.cc:127) 20030005_227
WARNING (gmm-align-compiled[5.5.907~1-cbed4]:AlignUtteranceWrapper():decoder-wrappers.cc:617) Retrying utterance 20030005_227 with beam 40
LOG (gmm-align-compiled[5.5.907~1-cbed4]:main():gmm-align-compiled.cc:127) 20030005_228
WARNING (gmm-align-compiled[5.5.907~1-cbed4]:AlignUtteranceWrapper():decoder-wrappers.cc:617) Retrying utterance 20030005_228 with beam 40
LOG (gmm-align-compiled[5.5.907~1-cbed4]:main():gmm-align-compiled.cc:127) 20030005_229
LOG (gmm-align-compiled[5.5.907~1-cbed4]:main():gmm-align-compiled.cc:127) 20030005_230
LOG (gmm-align-compiled[5.5.907~1-cbed4]:main():gmm-align-compiled.cc:127) 20030005_231
LOG (gmm-align-compiled[5.5.907~1-cbed4]:main():gmm-align-compiled.cc:127) 20030005_232
LOG (gmm-align-compiled[5.5.907~1-cbed4]:main():gmm-align-compiled.cc:127) 20030005_233
LOG (gmm-align-compiled[5.5.907~1-cbed4]:main():gmm-align-compiled.cc:127) 20030005_234
LOG (gmm-align-compiled[5.5.907~1-cbed4]:main():gmm-align-compiled.cc:127) 20030005_235
WARNING (gmm-align-compiled[5.5.907~1-cbed4]:AlignUtteranceWrapper():decoder-wrappers.cc:617) Retrying utterance 20030005_235 with beam 40
LOG (gmm-align-compiled[5.5.907~1-cbed4]:main():gmm-align-compiled.cc:127) 20030005_236
LOG (gmm-align-compiled[5.5.907~1-cbed4]:main():gmm-align-compiled.cc:127) 20030005_237
WARNING (gmm-align-compiled[5.5.907~1-cbed4]:AlignUtteranceWrapper():decoder-wrappers.cc:617) Retrying utterance 20030005_237 with beam 40
LOG (gmm-align-compiled[5.5.907~1-cbed4]:main():gmm-align-compiled.cc:127) 20030005_238
LOG (gmm-align-compiled[5.5.907~1-cbed4]:main():gmm-align-compiled.cc:127) 20030005_239
LOG (gmm-align-compiled[5.5.907~1-cbed4]:main():gmm-align-compiled.cc:127) 20030005_240
LOG (gmm-align-compiled[5.5.907~1-cbed4]:main():gmm-align-compiled.cc:127) 20030005_241
LOG (gmm-align-compiled[5.5.907~1-cbed4]:main():gmm-align-compiled.cc:127) 20030005_242
LOG (gmm-align-compiled[5.5.907~1-cbed4]:main():gmm-align-compiled.cc:127) 20030005_243
LOG (gmm-align-compiled[5.5.907~1-cbed4]:main():gmm-align-compiled.cc:127) 20030005_244
LOG (gmm-align-compiled[5.5.907~1-cbed4]:main():gmm-align-compiled.cc:127) 20030005_245
WARNING (gmm-align-compiled[5.5.907~1-cbed4]:AlignUtteranceWrapper():decoder-wrappers.cc:617) Retrying utterance 20030005_245 with beam 40
LOG (gmm-align-compiled[5.5.907~1-cbed4]:main():gmm-align-compiled.cc:127) 20030005_246
LOG (gmm-align-compiled[5.5.907~1-cbed4]:main():gmm-align-compiled.cc:127) 20030005_247
LOG (gmm-align-compiled[5.5.907~1-cbed4]:main():gmm-align-compiled.cc:127) 20030005_248
LOG (gmm-align-compiled[5.5.907~1-cbed4]:main():gmm-align-compiled.cc:127) 20030005_249
LOG (gmm-align-compiled[5.5.907~1-cbed4]:main():gmm-align-compiled.cc:127) 20030005_250
LOG (gmm-align-compiled[5.5.907~1-cbed4]:main():gmm-align-compiled.cc:127) 20030005_251
LOG (gmm-align-compiled[5.5.907~1-cbed4]:main():gmm-align-compiled.cc:127) 20030005_252
LOG (gmm-align-compiled[5.5.907~1-cbed4]:main():gmm-align-compiled.cc:127) 20030005_253
LOG (gmm-align-compiled[5.5.907~1-cbed4]:main():gmm-align-compiled.cc:127) 20030005_254
LOG (gmm-align-compiled[5.5.907~1-cbed4]:main():gmm-align-compiled.cc:127) 20030005_255
LOG (gmm-align-compiled[5.5.907~1-cbed4]:main():gmm-align-compiled.cc:127) 20030005_256
WARNING (gmm-align-compiled[5.5.907~1-cbed4]:AlignUtteranceWrapper():decoder-wrappers.cc:617) Retrying utterance 20030005_256 with beam 40
LOG (gmm-align-compiled[5.5.907~1-cbed4]:main():gmm-align-compiled.cc:127) 20030005_257
LOG (gmm-align-compiled[5.5.907~1-cbed4]:main():gmm-align-compiled.cc:127) 20030005_258
WARNING (gmm-align-compiled[5.5.907~1-cbed4]:AlignUtteranceWrapper():decoder-wrappers.cc:617) Retrying utterance 20030005_258 with beam 40
LOG (gmm-align-compiled[5.5.907~1-cbed4]:main():gmm-align-compiled.cc:127) 20030005_259
WARNING (gmm-align-compiled[5.5.907~1-cbed4]:AlignUtteranceWrapper():decoder-wrappers.cc:617) Retrying utterance 20030005_259 with beam 40
LOG (gmm-align-compiled[5.5.907~1-cbed4]:main():gmm-align-compiled.cc:127) 20030005_260
LOG (gmm-align-compiled[5.5.907~1-cbed4]:main():gmm-align-compiled.cc:127) 20030005_261
LOG (gmm-align-compiled[5.5.907~1-cbed4]:main():gmm-align-compiled.cc:127) 20030005_262
LOG (gmm-align-compiled[5.5.907~1-cbed4]:main():gmm-align-compiled.cc:127) 20030005_263
LOG (gmm-align-compiled[5.5.907~1-cbed4]:main():gmm-align-compiled.cc:127) 20030005_264
LOG (gmm-align-compiled[5.5.907~1-cbed4]:main():gmm-align-compiled.cc:127) 20030005_265
LOG (gmm-align-compiled[5.5.907~1-cbed4]:main():gmm-align-compiled.cc:127) 20030005_266
LOG (gmm-align-compiled[5.5.907~1-cbed4]:main():gmm-align-compiled.cc:127) 20030005_267
LOG (gmm-align-compiled[5.5.907~1-cbed4]:main():gmm-align-compiled.cc:127) 20030005_268
LOG (gmm-align-compiled[5.5.907~1-cbed4]:main():gmm-align-compiled.cc:127) 20030005_269
WARNING (gmm-align-compiled[5.5.907~1-cbed4]:AlignUtteranceWrapper():decoder-wrappers.cc:617) Retrying utterance 20030005_269 with beam 40
LOG (gmm-align-compiled[5.5.907~1-cbed4]:main():gmm-align-compiled.cc:127) 20030005_270
LOG (gmm-align-compiled[5.5.907~1-cbed4]:main():gmm-align-compiled.cc:127) 20030005_271
LOG (gmm-align-compiled[5.5.907~1-cbed4]:main():gmm-align-compiled.cc:127) 20030005_272
LOG (gmm-align-compiled[5.5.907~1-cbed4]:main():gmm-align-compiled.cc:127) 20030005_273
LOG (gmm-align-compiled[5.5.907~1-cbed4]:main():gmm-align-compiled.cc:127) 20030005_274
LOG (gmm-align-compiled[5.5.907~1-cbed4]:main():gmm-align-compiled.cc:127) 20030005_275
LOG (gmm-align-compiled[5.5.907~1-cbed4]:main():gmm-align-compiled.cc:127) 20030005_276
WARNING (gmm-align-compiled[5.5.907~1-cbed4]:AlignUtteranceWrapper():decoder-wrappers.cc:617) Retrying utterance 20030005_276 with beam 40
LOG (gmm-align-compiled[5.5.907~1-cbed4]:main():gmm-align-compiled.cc:127) 20030005_277
WARNING (gmm-align-compiled[5.5.907~1-cbed4]:AlignUtteranceWrapper():decoder-wrappers.cc:617) Retrying utterance 20030005_277 with beam 40
LOG (gmm-align-compiled[5.5.907~1-cbed4]:main():gmm-align-compiled.cc:127) 20030005_278
LOG (gmm-align-compiled[5.5.907~1-cbed4]:main():gmm-align-compiled.cc:127) 20030005_279
WARNING (gmm-align-compiled[5.5.907~1-cbed4]:AlignUtteranceWrapper():decoder-wrappers.cc:617) Retrying utterance 20030005_279 with beam 40
LOG (gmm-align-compiled[5.5.907~1-cbed4]:main():gmm-align-compiled.cc:127) 20030005_280
WARNING (gmm-align-compiled[5.5.907~1-cbed4]:AlignUtteranceWrapper():decoder-wrappers.cc:617) Retrying utterance 20030005_280 with beam 40
LOG (gmm-align-compiled[5.5.907~1-cbed4]:main():gmm-align-compiled.cc:127) 20030005_281
LOG (gmm-align-compiled[5.5.907~1-cbed4]:main():gmm-align-compiled.cc:127) 20030005_282
WARNING (gmm-align-compiled[5.5.907~1-cbed4]:AlignUtteranceWrapper():decoder-wrappers.cc:617) Retrying utterance 20030005_282 with beam 40
LOG (gmm-align-compiled[5.5.907~1-cbed4]:main():gmm-align-compiled.cc:127) 20030005_283
LOG (gmm-align-compiled[5.5.907~1-cbed4]:main():gmm-align-compiled.cc:127) 20030005_284
WARNING (gmm-align-compiled[5.5.907~1-cbed4]:AlignUtteranceWrapper():decoder-wrappers.cc:617) Retrying utterance 20030005_284 with beam 40
LOG (gmm-align-compiled[5.5.907~1-cbed4]:main():gmm-align-compiled.cc:127) 20030005_285
LOG (gmm-align-compiled[5.5.907~1-cbed4]:main():gmm-align-compiled.cc:127) 20030005_286
LOG (gmm-align-compiled[5.5.907~1-cbed4]:main():gmm-align-compiled.cc:127) 20030005_287
LOG (gmm-align-compiled[5.5.907~1-cbed4]:main():gmm-align-compiled.cc:127) 20030005_288
LOG (gmm-align-compiled[5.5.907~1-cbed4]:main():gmm-align-compiled.cc:127) 20030005_289
LOG (gmm-align-compiled[5.5.907~1-cbed4]:main():gmm-align-compiled.cc:127) 20030005_290
LOG (gmm-align-compiled[5.5.907~1-cbed4]:main():gmm-align-compiled.cc:127) 20030005_291
WARNING (gmm-align-compiled[5.5.907~1-cbed4]:AlignUtteranceWrapper():decoder-wrappers.cc:617) Retrying utterance 20030005_291 with beam 40
LOG (gmm-align-compiled[5.5.907~1-cbed4]:main():gmm-align-compiled.cc:127) 20030005_292
LOG (gmm-align-compiled[5.5.907~1-cbed4]:main():gmm-align-compiled.cc:127) 20030005_293
LOG (gmm-align-compiled[5.5.907~1-cbed4]:main():gmm-align-compiled.cc:127) 20030005_294
LOG (gmm-align-compiled[5.5.907~1-cbed4]:main():gmm-align-compiled.cc:127) 20030005_295
LOG (gmm-align-compiled[5.5.907~1-cbed4]:main():gmm-align-compiled.cc:127) 20030005_296
LOG (gmm-align-compiled[5.5.907~1-cbed4]:main():gmm-align-compiled.cc:127) 20030005_297
WARNING (gmm-align-compiled[5.5.907~1-cbed4]:AlignUtteranceWrapper():decoder-wrappers.cc:617) Retrying utterance 20030005_297 with beam 40
LOG (gmm-align-compiled[5.5.907~1-cbed4]:main():gmm-align-compiled.cc:127) 20030005_298
WARNING (gmm-align-compiled[5.5.907~1-cbed4]:AlignUtteranceWrapper():decoder-wrappers.cc:617) Retrying utterance 20030005_298 with beam 40
LOG (gmm-align-compiled[5.5.907~1-cbed4]:main():gmm-align-compiled.cc:127) 20030005_299
LOG (gmm-align-compiled[5.5.907~1-cbed4]:main():gmm-align-compiled.cc:127) 20030005_300
LOG (gmm-align-compiled[5.5.907~1-cbed4]:main():gmm-align-compiled.cc:127) 20030005_301
LOG (gmm-align-compiled[5.5.907~1-cbed4]:main():gmm-align-compiled.cc:127) 20030005_302
LOG (gmm-align-compiled[5.5.907~1-cbed4]:main():gmm-align-compiled.cc:127) 20030005_303
LOG (gmm-align-compiled[5.5.907~1-cbed4]:main():gmm-align-compiled.cc:127) 20030005_304
LOG (gmm-align-compiled[5.5.907~1-cbed4]:main():gmm-align-compiled.cc:127) 20030005_305
LOG (gmm-align-compiled[5.5.907~1-cbed4]:main():gmm-align-compiled.cc:127) 20030005_306
LOG (gmm-align-compiled[5.5.907~1-cbed4]:main():gmm-align-compiled.cc:127) 20030005_307
LOG (gmm-align-compiled[5.5.907~1-cbed4]:main():gmm-align-compiled.cc:127) 20030005_308
LOG (gmm-align-compiled[5.5.907~1-cbed4]:main():gmm-align-compiled.cc:127) 20030005_309
WARNING (gmm-align-compiled[5.5.907~1-cbed4]:AlignUtteranceWrapper():decoder-wrappers.cc:617) Retrying utterance 20030005_309 with beam 40
LOG (gmm-align-compiled[5.5.907~1-cbed4]:main():gmm-align-compiled.cc:127) 20030005_310
LOG (gmm-align-compiled[5.5.907~1-cbed4]:main():gmm-align-compiled.cc:127) 20030005_311
WARNING (gmm-align-compiled[5.5.907~1-cbed4]:AlignUtteranceWrapper():decoder-wrappers.cc:617) Retrying utterance 20030005_311 with beam 40
WARNING (gmm-align-compiled[5.5.907~1-cbed4]:AlignUtteranceWrapper():decoder-wrappers.cc:626) Did not successfully decode file 20030005_311, len = 1668
LOG (gmm-align-compiled[5.5.907~1-cbed4]:main():gmm-align-compiled.cc:127) 20030005_312
LOG (gmm-align-compiled[5.5.907~1-cbed4]:main():gmm-align-compiled.cc:127) 20030005_313
WARNING (gmm-align-compiled[5.5.907~1-cbed4]:AlignUtteranceWrapper():decoder-wrappers.cc:617) Retrying utterance 20030005_313 with beam 40
LOG (gmm-align-compiled[5.5.907~1-cbed4]:main():gmm-align-compiled.cc:127) 20030005_314
LOG (gmm-align-compiled[5.5.907~1-cbed4]:main():gmm-align-compiled.cc:127) 20030005_315
LOG (gmm-align-compiled[5.5.907~1-cbed4]:main():gmm-align-compiled.cc:127) 20030005_316
LOG (gmm-align-compiled[5.5.907~1-cbed4]:main():gmm-align-compiled.cc:127) 20030005_317
LOG (gmm-align-compiled[5.5.907~1-cbed4]:main():gmm-align-compiled.cc:127) 20030005_318
LOG (gmm-align-compiled[5.5.907~1-cbed4]:main():gmm-align-compiled.cc:127) 20030005_319
LOG (gmm-align-compiled[5.5.907~1-cbed4]:main():gmm-align-compiled.cc:127) 20030005_320
LOG (gmm-align-compiled[5.5.907~1-cbed4]:main():gmm-align-compiled.cc:127) 20030005_321
LOG (gmm-align-compiled[5.5.907~1-cbed4]:main():gmm-align-compiled.cc:127) 20030005_322
LOG (gmm-align-compiled[5.5.907~1-cbed4]:main():gmm-align-compiled.cc:127) 20030005_323
LOG (gmm-align-compiled[5.5.907~1-cbed4]:main():gmm-align-compiled.cc:127) 20030005_324
LOG (gmm-align-compiled[5.5.907~1-cbed4]:main():gmm-align-compiled.cc:127) 20030005_325
WARNING (gmm-align-compiled[5.5.907~1-cbed4]:AlignUtteranceWrapper():decoder-wrappers.cc:617) Retrying utterance 20030005_325 with beam 40
LOG (gmm-align-compiled[5.5.907~1-cbed4]:main():gmm-align-compiled.cc:127) 20030005_326
WARNING (gmm-align-compiled[5.5.907~1-cbed4]:AlignUtteranceWrapper():decoder-wrappers.cc:617) Retrying utterance 20030005_326 with beam 40
LOG (gmm-align-compiled[5.5.907~1-cbed4]:main():gmm-align-compiled.cc:127) 20030005_327
LOG (gmm-align-compiled[5.5.907~1-cbed4]:main():gmm-align-compiled.cc:127) 20030005_328
LOG (gmm-align-compiled[5.5.907~1-cbed4]:main():gmm-align-compiled.cc:127) 20030005_329
LOG (gmm-align-compiled[5.5.907~1-cbed4]:main():gmm-align-compiled.cc:127) 20030005_330
LOG (gmm-align-compiled[5.5.907~1-cbed4]:main():gmm-align-compiled.cc:127) 20030005_331
LOG (gmm-align-compiled[5.5.907~1-cbed4]:main():gmm-align-compiled.cc:127) 20030005_332
LOG (gmm-align-compiled[5.5.907~1-cbed4]:main():gmm-align-compiled.cc:127) 20030005_333
WARNING (gmm-align-compiled[5.5.907~1-cbed4]:AlignUtteranceWrapper():decoder-wrappers.cc:617) Retrying utterance 20030005_333 with beam 40
LOG (gmm-align-compiled[5.5.907~1-cbed4]:main():gmm-align-compiled.cc:127) 20030005_334
WARNING (gmm-align-compiled[5.5.907~1-cbed4]:AlignUtteranceWrapper():decoder-wrappers.cc:617) Retrying utterance 20030005_334 with beam 40
LOG (gmm-align-compiled[5.5.907~1-cbed4]:main():gmm-align-compiled.cc:127) 20030005_335
LOG (gmm-align-compiled[5.5.907~1-cbed4]:main():gmm-align-compiled.cc:127) 20030005_336
LOG (gmm-align-compiled[5.5.907~1-cbed4]:main():gmm-align-compiled.cc:127) 20030005_337
LOG (gmm-align-compiled[5.5.907~1-cbed4]:main():gmm-align-compiled.cc:127) 20030005_338
LOG (gmm-align-compiled[5.5.907~1-cbed4]:main():gmm-align-compiled.cc:127) 20030005_339
LOG (gmm-align-compiled[5.5.907~1-cbed4]:main():gmm-align-compiled.cc:127) 20030005_340
LOG (gmm-align-compiled[5.5.907~1-cbed4]:main():gmm-align-compiled.cc:127) 20030005_341
LOG (gmm-align-compiled[5.5.907~1-cbed4]:main():gmm-align-compiled.cc:127) 20030005_342
WARNING (gmm-align-compiled[5.5.907~1-cbed4]:AlignUtteranceWrapper():decoder-wrappers.cc:617) Retrying utterance 20030005_342 with beam 40
LOG (gmm-align-compiled[5.5.907~1-cbed4]:main():gmm-align-compiled.cc:127) 20030005_343
WARNING (gmm-align-compiled[5.5.907~1-cbed4]:AlignUtteranceWrapper():decoder-wrappers.cc:617) Retrying utterance 20030005_343 with beam 40
LOG (gmm-align-compiled[5.5.907~1-cbed4]:main():gmm-align-compiled.cc:127) 20030005_344
LOG (gmm-align-compiled[5.5.907~1-cbed4]:main():gmm-align-compiled.cc:127) 20030005_345
LOG (gmm-align-compiled[5.5.907~1-cbed4]:main():gmm-align-compiled.cc:127) 20030005_346
LOG (gmm-align-compiled[5.5.907~1-cbed4]:main():gmm-align-compiled.cc:127) 20030005_347
WARNING (gmm-align-compiled[5.5.907~1-cbed4]:AlignUtteranceWrapper():decoder-wrappers.cc:617) Retrying utterance 20030005_347 with beam 40
LOG (gmm-align-compiled[5.5.907~1-cbed4]:main():gmm-align-compiled.cc:127) 20030005_348
WARNING (gmm-align-compiled[5.5.907~1-cbed4]:AlignUtteranceWrapper():decoder-wrappers.cc:617) Retrying utterance 20030005_348 with beam 40
LOG (gmm-align-compiled[5.5.907~1-cbed4]:main():gmm-align-compiled.cc:127) 20030005_349
WARNING (gmm-align-compiled[5.5.907~1-cbed4]:AlignUtteranceWrapper():decoder-wrappers.cc:617) Retrying utterance 20030005_349 with beam 40
LOG (gmm-align-compiled[5.5.907~1-cbed4]:main():gmm-align-compiled.cc:127) 20030005_350
LOG (gmm-align-compiled[5.5.907~1-cbed4]:main():gmm-align-compiled.cc:127) 20030005_351
LOG (gmm-align-compiled[5.5.907~1-cbed4]:main():gmm-align-compiled.cc:127) 20030005_352
LOG (gmm-align-compiled[5.5.907~1-cbed4]:main():gmm-align-compiled.cc:127) 20030005_353
LOG (gmm-align-compiled[5.5.907~1-cbed4]:main():gmm-align-compiled.cc:127) 20030005_354
WARNING (gmm-align-compiled[5.5.907~1-cbed4]:AlignUtteranceWrapper():decoder-wrappers.cc:617) Retrying utterance 20030005_354 with beam 40
LOG (gmm-align-compiled[5.5.907~1-cbed4]:main():gmm-align-compiled.cc:127) 20030005_355
WARNING (gmm-align-compiled[5.5.907~1-cbed4]:AlignUtteranceWrapper():decoder-wrappers.cc:617) Retrying utterance 20030005_355 with beam 40
LOG (gmm-align-compiled[5.5.907~1-cbed4]:main():gmm-align-compiled.cc:127) 20030005_356
LOG (gmm-align-compiled[5.5.907~1-cbed4]:main():gmm-align-compiled.cc:127) 20030005_357
LOG (gmm-align-compiled[5.5.907~1-cbed4]:main():gmm-align-compiled.cc:127) 20030005_358
LOG (gmm-align-compiled[5.5.907~1-cbed4]:main():gmm-align-compiled.cc:127) 20030005_359
LOG (gmm-align-compiled[5.5.907~1-cbed4]:main():gmm-align-compiled.cc:127) 20030005_360
LOG (gmm-align-compiled[5.5.907~1-cbed4]:main():gmm-align-compiled.cc:127) 20030005_361
WARNING (gmm-align-compiled[5.5.907~1-cbed4]:AlignUtteranceWrapper():decoder-wrappers.cc:617) Retrying utterance 20030005_361 with beam 40
LOG (gmm-align-compiled[5.5.907~1-cbed4]:main():gmm-align-compiled.cc:127) 20030005_362
LOG (gmm-align-compiled[5.5.907~1-cbed4]:main():gmm-align-compiled.cc:127) 20030005_363
LOG (gmm-align-compiled[5.5.907~1-cbed4]:main():gmm-align-compiled.cc:127) 20030005_364
LOG (gmm-align-compiled[5.5.907~1-cbed4]:main():gmm-align-compiled.cc:127) 20030005_365
LOG (gmm-align-compiled[5.5.907~1-cbed4]:main():gmm-align-compiled.cc:127) 20030005_366
LOG (gmm-align-compiled[5.5.907~1-cbed4]:main():gmm-align-compiled.cc:127) 20030005_367
LOG (gmm-align-compiled[5.5.907~1-cbed4]:main():gmm-align-compiled.cc:127) 20030005_368
LOG (gmm-align-compiled[5.5.907~1-cbed4]:main():gmm-align-compiled.cc:127) 20030005_369
WARNING (gmm-align-compiled[5.5.907~1-cbed4]:AlignUtteranceWrapper():decoder-wrappers.cc:617) Retrying utterance 20030005_369 with beam 40
LOG (gmm-align-compiled[5.5.907~1-cbed4]:main():gmm-align-compiled.cc:127) 20030005_370
LOG (gmm-align-compiled[5.5.907~1-cbed4]:main():gmm-align-compiled.cc:127) 20030005_371
LOG (gmm-align-compiled[5.5.907~1-cbed4]:main():gmm-align-compiled.cc:127) 20030005_372
LOG (gmm-align-compiled[5.5.907~1-cbed4]:main():gmm-align-compiled.cc:127) 20030005_373
LOG (gmm-align-compiled[5.5.907~1-cbed4]:main():gmm-align-compiled.cc:127) 20030005_374
LOG (gmm-align-compiled[5.5.907~1-cbed4]:main():gmm-align-compiled.cc:127) 20030005_375
LOG (gmm-align-compiled[5.5.907~1-cbed4]:main():gmm-align-compiled.cc:127) 20030005_376
WARNING (gmm-align-compiled[5.5.907~1-cbed4]:AlignUtteranceWrapper():decoder-wrappers.cc:617) Retrying utterance 20030005_376 with beam 40
LOG (gmm-align-compiled[5.5.907~1-cbed4]:main():gmm-align-compiled.cc:127) 20030005_377
LOG (gmm-align-compiled[5.5.907~1-cbed4]:main():gmm-align-compiled.cc:127) 20030005_378
LOG (gmm-align-compiled[5.5.907~1-cbed4]:main():gmm-align-compiled.cc:127) 20030005_379
WARNING (gmm-align-compiled[5.5.907~1-cbed4]:AlignUtteranceWrapper():decoder-wrappers.cc:617) Retrying utterance 20030005_379 with beam 40
LOG (gmm-align-compiled[5.5.907~1-cbed4]:main():gmm-align-compiled.cc:127) 20030005_380
LOG (gmm-align-compiled[5.5.907~1-cbed4]:main():gmm-align-compiled.cc:127) 20030005_381
LOG (gmm-align-compiled[5.5.907~1-cbed4]:main():gmm-align-compiled.cc:127) 20030005_382
LOG (gmm-align-compiled[5.5.907~1-cbed4]:main():gmm-align-compiled.cc:127) 20030005_383
WARNING (gmm-align-compiled[5.5.907~1-cbed4]:AlignUtteranceWrapper():decoder-wrappers.cc:617) Retrying utterance 20030005_383 with beam 40
LOG (gmm-align-compiled[5.5.907~1-cbed4]:main():gmm-align-compiled.cc:127) 20030005_384
LOG (gmm-align-compiled[5.5.907~1-cbed4]:main():gmm-align-compiled.cc:127) 20030005_385
LOG (gmm-align-compiled[5.5.907~1-cbed4]:main():gmm-align-compiled.cc:127) 20030005_386
WARNING (gmm-align-compiled[5.5.907~1-cbed4]:AlignUtteranceWrapper():decoder-wrappers.cc:617) Retrying utterance 20030005_386 with beam 40
LOG (gmm-align-compiled[5.5.907~1-cbed4]:main():gmm-align-compiled.cc:127) 20030005_387
LOG (gmm-align-compiled[5.5.907~1-cbed4]:main():gmm-align-compiled.cc:127) 20030005_388
LOG (gmm-align-compiled[5.5.907~1-cbed4]:main():gmm-align-compiled.cc:127) 20030005_389
LOG (gmm-align-compiled[5.5.907~1-cbed4]:main():gmm-align-compiled.cc:127) 20030005_390
LOG (gmm-align-compiled[5.5.907~1-cbed4]:main():gmm-align-compiled.cc:127) 20030005_391
WARNING (gmm-align-compiled[5.5.907~1-cbed4]:AlignUtteranceWrapper():decoder-wrappers.cc:617) Retrying utterance 20030005_391 with beam 40
LOG (gmm-align-compiled[5.5.907~1-cbed4]:main():gmm-align-compiled.cc:127) 20030005_392
LOG (gmm-align-compiled[5.5.907~1-cbed4]:main():gmm-align-compiled.cc:127) 20030005_393
WARNING (gmm-align-compiled[5.5.907~1-cbed4]:AlignUtteranceWrapper():decoder-wrappers.cc:617) Retrying utterance 20030005_393 with beam 40
LOG (gmm-align-compiled[5.5.907~1-cbed4]:main():gmm-align-compiled.cc:127) 20030005_394
WARNING (gmm-align-compiled[5.5.907~1-cbed4]:AlignUtteranceWrapper():decoder-wrappers.cc:617) Retrying utterance 20030005_394 with beam 40
LOG (gmm-align-compiled[5.5.907~1-cbed4]:main():gmm-align-compiled.cc:127) 20030005_395
LOG (gmm-align-compiled[5.5.907~1-cbed4]:main():gmm-align-compiled.cc:127) 20030005_396
WARNING (gmm-align-compiled[5.5.907~1-cbed4]:AlignUtteranceWrapper():decoder-wrappers.cc:617) Retrying utterance 20030005_396 with beam 40
LOG (gmm-align-compiled[5.5.907~1-cbed4]:main():gmm-align-compiled.cc:127) 20030005_397
LOG (gmm-align-compiled[5.5.907~1-cbed4]:main():gmm-align-compiled.cc:127) 20030005_398
LOG (gmm-align-compiled[5.5.907~1-cbed4]:main():gmm-align-compiled.cc:127) 20030005_399
LOG (gmm-align-compiled[5.5.907~1-cbed4]:main():gmm-align-compiled.cc:127) 20030005_400
WARNING (gmm-align-compiled[5.5.907~1-cbed4]:AlignUtteranceWrapper():decoder-wrappers.cc:617) Retrying utterance 20030005_400 with beam 40
LOG (gmm-align-compiled[5.5.907~1-cbed4]:main():gmm-align-compiled.cc:127) 20030005_401
LOG (gmm-align-compiled[5.5.907~1-cbed4]:main():gmm-align-compiled.cc:127) 20030005_402
WARNING (gmm-align-compiled[5.5.907~1-cbed4]:AlignUtteranceWrapper():decoder-wrappers.cc:617) Retrying utterance 20030005_402 with beam 40
LOG (gmm-align-compiled[5.5.907~1-cbed4]:main():gmm-align-compiled.cc:127) 20030005_403
LOG (gmm-align-compiled[5.5.907~1-cbed4]:main():gmm-align-compiled.cc:127) 20030005_404
LOG (gmm-align-compiled[5.5.907~1-cbed4]:main():gmm-align-compiled.cc:127) 20030005_405
WARNING (gmm-align-compiled[5.5.907~1-cbed4]:AlignUtteranceWrapper():decoder-wrappers.cc:617) Retrying utterance 20030005_405 with beam 40
LOG (gmm-align-compiled[5.5.907~1-cbed4]:main():gmm-align-compiled.cc:127) 20030005_406
LOG (gmm-align-compiled[5.5.907~1-cbed4]:main():gmm-align-compiled.cc:127) 20030005_407
WARNING (gmm-align-compiled[5.5.907~1-cbed4]:AlignUtteranceWrapper():decoder-wrappers.cc:617) Retrying utterance 20030005_407 with beam 40
LOG (gmm-align-compiled[5.5.907~1-cbed4]:main():gmm-align-compiled.cc:127) 20030005_408
WARNING (gmm-align-compiled[5.5.907~1-cbed4]:AlignUtteranceWrapper():decoder-wrappers.cc:617) Retrying utterance 20030005_408 with beam 40
LOG (gmm-align-compiled[5.5.907~1-cbed4]:main():gmm-align-compiled.cc:127) 20030005_409
WARNING (gmm-align-compiled[5.5.907~1-cbed4]:AlignUtteranceWrapper():decoder-wrappers.cc:617) Retrying utterance 20030005_409 with beam 40
LOG (gmm-align-compiled[5.5.907~1-cbed4]:main():gmm-align-compiled.cc:127) 20030005_410
LOG (gmm-align-compiled[5.5.907~1-cbed4]:main():gmm-align-compiled.cc:127) 20030005_411
LOG (gmm-align-compiled[5.5.907~1-cbed4]:main():gmm-align-compiled.cc:127) 20030005_412
WARNING (gmm-align-compiled[5.5.907~1-cbed4]:AlignUtteranceWrapper():decoder-wrappers.cc:617) Retrying utterance 20030005_412 with beam 40
LOG (gmm-align-compiled[5.5.907~1-cbed4]:main():gmm-align-compiled.cc:127) 20030005_413
LOG (gmm-align-compiled[5.5.907~1-cbed4]:main():gmm-align-compiled.cc:127) 20030005_414
WARNING (gmm-align-compiled[5.5.907~1-cbed4]:AlignUtteranceWrapper():decoder-wrappers.cc:617) Retrying utterance 20030005_414 with beam 40
LOG (gmm-align-compiled[5.5.907~1-cbed4]:main():gmm-align-compiled.cc:127) 20030005_415
LOG (gmm-align-compiled[5.5.907~1-cbed4]:main():gmm-align-compiled.cc:127) 20030005_416
LOG (gmm-align-compiled[5.5.907~1-cbed4]:main():gmm-align-compiled.cc:127) 20030005_417
LOG (gmm-align-compiled[5.5.907~1-cbed4]:main():gmm-align-compiled.cc:127) 20030005_418
LOG (gmm-align-compiled[5.5.907~1-cbed4]:main():gmm-align-compiled.cc:127) 20030005_419
LOG (gmm-align-compiled[5.5.907~1-cbed4]:main():gmm-align-compiled.cc:127) 20030005_420
LOG (gmm-align-compiled[5.5.907~1-cbed4]:main():gmm-align-compiled.cc:127) 20030005_421
LOG (gmm-align-compiled[5.5.907~1-cbed4]:main():gmm-align-compiled.cc:127) 20030005_422
LOG (gmm-align-compiled[5.5.907~1-cbed4]:main():gmm-align-compiled.cc:127) 20030005_423
WARNING (gmm-align-compiled[5.5.907~1-cbed4]:AlignUtteranceWrapper():decoder-wrappers.cc:617) Retrying utterance 20030005_423 with beam 40
LOG (gmm-align-compiled[5.5.907~1-cbed4]:main():gmm-align-compiled.cc:127) 20030005_424
WARNING (gmm-align-compiled[5.5.907~1-cbed4]:AlignUtteranceWrapper():decoder-wrappers.cc:617) Retrying utterance 20030005_424 with beam 40
LOG (gmm-align-compiled[5.5.907~1-cbed4]:main():gmm-align-compiled.cc:127) 20030005_425
LOG (gmm-align-compiled[5.5.907~1-cbed4]:main():gmm-align-compiled.cc:127) 20030005_426
LOG (gmm-align-compiled[5.5.907~1-cbed4]:main():gmm-align-compiled.cc:127) 20030005_427
LOG (gmm-align-compiled[5.5.907~1-cbed4]:main():gmm-align-compiled.cc:127) 20030005_428
LOG (gmm-align-compiled[5.5.907~1-cbed4]:main():gmm-align-compiled.cc:127) 20030005_429
LOG (gmm-align-compiled[5.5.907~1-cbed4]:main():gmm-align-compiled.cc:127) 20030005_430
LOG (gmm-align-compiled[5.5.907~1-cbed4]:main():gmm-align-compiled.cc:127) 20030005_431
LOG (gmm-align-compiled[5.5.907~1-cbed4]:main():gmm-align-compiled.cc:127) 20030005_432
LOG (gmm-align-compiled[5.5.907~1-cbed4]:main():gmm-align-compiled.cc:127) 20030005_433
WARNING (gmm-align-compiled[5.5.907~1-cbed4]:AlignUtteranceWrapper():decoder-wrappers.cc:617) Retrying utterance 20030005_433 with beam 40
LOG (gmm-align-compiled[5.5.907~1-cbed4]:main():gmm-align-compiled.cc:127) 20030005_434
LOG (gmm-align-compiled[5.5.907~1-cbed4]:main():gmm-align-compiled.cc:127) 20030005_435
WARNING (gmm-align-compiled[5.5.907~1-cbed4]:AlignUtteranceWrapper():decoder-wrappers.cc:617) Retrying utterance 20030005_435 with beam 40
LOG (gmm-align-compiled[5.5.907~1-cbed4]:main():gmm-align-compiled.cc:127) 20030005_436
LOG (gmm-align-compiled[5.5.907~1-cbed4]:main():gmm-align-compiled.cc:127) 20030005_437
LOG (gmm-align-compiled[5.5.907~1-cbed4]:main():gmm-align-compiled.cc:127) 20030005_438
LOG (gmm-align-compiled[5.5.907~1-cbed4]:main():gmm-align-compiled.cc:127) 20030005_439
LOG (gmm-align-compiled[5.5.907~1-cbed4]:main():gmm-align-compiled.cc:127) 20030005_440
LOG (gmm-align-compiled[5.5.907~1-cbed4]:main():gmm-align-compiled.cc:127) 20030005_441
LOG (gmm-align-compiled[5.5.907~1-cbed4]:main():gmm-align-compiled.cc:127) 20030005_442
LOG (gmm-align-compiled[5.5.907~1-cbed4]:main():gmm-align-compiled.cc:127) 20030005_443
WARNING (gmm-align-compiled[5.5.907~1-cbed4]:AlignUtteranceWrapper():decoder-wrappers.cc:617) Retrying utterance 20030005_443 with beam 40
LOG (gmm-align-compiled[5.5.907~1-cbed4]:main():gmm-align-compiled.cc:127) 20030005_444
LOG (gmm-align-compiled[5.5.907~1-cbed4]:main():gmm-align-compiled.cc:127) 20030005_445
WARNING (gmm-align-compiled[5.5.907~1-cbed4]:AlignUtteranceWrapper():decoder-wrappers.cc:617) Retrying utterance 20030005_445 with beam 40
LOG (gmm-align-compiled[5.5.907~1-cbed4]:main():gmm-align-compiled.cc:127) 20030005_446
WARNING (gmm-align-compiled[5.5.907~1-cbed4]:AlignUtteranceWrapper():decoder-wrappers.cc:617) Retrying utterance 20030005_446 with beam 40
LOG (gmm-align-compiled[5.5.907~1-cbed4]:main():gmm-align-compiled.cc:127) 20030005_447
WARNING (gmm-align-compiled[5.5.907~1-cbed4]:AlignUtteranceWrapper():decoder-wrappers.cc:617) Retrying utterance 20030005_447 with beam 40
LOG (gmm-align-compiled[5.5.907~1-cbed4]:main():gmm-align-compiled.cc:127) 20030005_448
LOG (gmm-align-compiled[5.5.907~1-cbed4]:main():gmm-align-compiled.cc:127) 20030005_449
LOG (gmm-align-compiled[5.5.907~1-cbed4]:main():gmm-align-compiled.cc:127) 20030005_450
LOG (gmm-align-compiled[5.5.907~1-cbed4]:main():gmm-align-compiled.cc:127) 20030005_451
LOG (gmm-align-compiled[5.5.907~1-cbed4]:main():gmm-align-compiled.cc:127) 20030005_452
LOG (gmm-align-compiled[5.5.907~1-cbed4]:main():gmm-align-compiled.cc:127) 20030005_453
LOG (gmm-align-compiled[5.5.907~1-cbed4]:main():gmm-align-compiled.cc:127) 20030005_454
LOG (gmm-align-compiled[5.5.907~1-cbed4]:main():gmm-align-compiled.cc:127) 20030005_455
LOG (gmm-align-compiled[5.5.907~1-cbed4]:main():gmm-align-compiled.cc:127) 20030005_456
LOG (gmm-align-compiled[5.5.907~1-cbed4]:main():gmm-align-compiled.cc:127) 20030005_457
WARNING (gmm-align-compiled[5.5.907~1-cbed4]:AlignUtteranceWrapper():decoder-wrappers.cc:617) Retrying utterance 20030005_457 with beam 40
LOG (gmm-align-compiled[5.5.907~1-cbed4]:main():gmm-align-compiled.cc:127) 20030005_458
LOG (gmm-align-compiled[5.5.907~1-cbed4]:main():gmm-align-compiled.cc:127) 20030005_459
LOG (gmm-align-compiled[5.5.907~1-cbed4]:main():gmm-align-compiled.cc:127) 20030005_460
WARNING (gmm-align-compiled[5.5.907~1-cbed4]:AlignUtteranceWrapper():decoder-wrappers.cc:617) Retrying utterance 20030005_460 with beam 40
LOG (gmm-align-compiled[5.5.907~1-cbed4]:main():gmm-align-compiled.cc:127) 20030005_461
LOG (gmm-align-compiled[5.5.907~1-cbed4]:main():gmm-align-compiled.cc:127) 20030005_462
LOG (gmm-align-compiled[5.5.907~1-cbed4]:main():gmm-align-compiled.cc:127) 20030005_463
LOG (gmm-align-compiled[5.5.907~1-cbed4]:main():gmm-align-compiled.cc:127) 20030005_464
WARNING (gmm-align-compiled[5.5.907~1-cbed4]:AlignUtteranceWrapper():decoder-wrappers.cc:617) Retrying utterance 20030005_464 with beam 40
LOG (gmm-align-compiled[5.5.907~1-cbed4]:main():gmm-align-compiled.cc:127) 20030005_465
WARNING (gmm-align-compiled[5.5.907~1-cbed4]:AlignUtteranceWrapper():decoder-wrappers.cc:617) Retrying utterance 20030005_465 with beam 40
LOG (gmm-align-compiled[5.5.907~1-cbed4]:main():gmm-align-compiled.cc:127) 20030005_466
LOG (gmm-align-compiled[5.5.907~1-cbed4]:main():gmm-align-compiled.cc:127) 20030005_467
LOG (gmm-align-compiled[5.5.907~1-cbed4]:main():gmm-align-compiled.cc:127) 20030005_468
LOG (gmm-align-compiled[5.5.907~1-cbed4]:main():gmm-align-compiled.cc:127) 20030005_469
LOG (gmm-align-compiled[5.5.907~1-cbed4]:main():gmm-align-compiled.cc:127) 20030005_470
LOG (gmm-align-compiled[5.5.907~1-cbed4]:main():gmm-align-compiled.cc:127) 20030005_471
LOG (gmm-align-compiled[5.5.907~1-cbed4]:main():gmm-align-compiled.cc:127) 20030005_472
LOG (gmm-align-compiled[5.5.907~1-cbed4]:main():gmm-align-compiled.cc:127) 20030005_473
LOG (gmm-align-compiled[5.5.907~1-cbed4]:main():gmm-align-compiled.cc:127) 20030005_474
LOG (gmm-align-compiled[5.5.907~1-cbed4]:main():gmm-align-compiled.cc:127) 20030005_475
LOG (gmm-align-compiled[5.5.907~1-cbed4]:main():gmm-align-compiled.cc:127) 20030005_476
LOG (gmm-align-compiled[5.5.907~1-cbed4]:main():gmm-align-compiled.cc:127) 20030005_477
WARNING (gmm-align-compiled[5.5.907~1-cbed4]:AlignUtteranceWrapper():decoder-wrappers.cc:617) Retrying utterance 20030005_477 with beam 40
LOG (gmm-align-compiled[5.5.907~1-cbed4]:main():gmm-align-compiled.cc:127) 20030005_478
LOG (gmm-align-compiled[5.5.907~1-cbed4]:main():gmm-align-compiled.cc:127) 20030005_479
WARNING (gmm-align-compiled[5.5.907~1-cbed4]:AlignUtteranceWrapper():decoder-wrappers.cc:617) Retrying utterance 20030005_479 with beam 40
LOG (gmm-align-compiled[5.5.907~1-cbed4]:main():gmm-align-compiled.cc:127) 20030005_480
LOG (gmm-align-compiled[5.5.907~1-cbed4]:main():gmm-align-compiled.cc:127) 20030005_481
LOG (gmm-align-compiled[5.5.907~1-cbed4]:main():gmm-align-compiled.cc:127) 20030005_482
LOG (gmm-align-compiled[5.5.907~1-cbed4]:main():gmm-align-compiled.cc:127) 20030005_483
LOG (gmm-align-compiled[5.5.907~1-cbed4]:main():gmm-align-compiled.cc:127) 20030005_484
LOG (gmm-align-compiled[5.5.907~1-cbed4]:main():gmm-align-compiled.cc:127) 20030005_485
LOG (gmm-align-compiled[5.5.907~1-cbed4]:main():gmm-align-compiled.cc:127) 20030005_486
WARNING (gmm-align-compiled[5.5.907~1-cbed4]:AlignUtteranceWrapper():decoder-wrappers.cc:617) Retrying utterance 20030005_486 with beam 40
LOG (gmm-align-compiled[5.5.907~1-cbed4]:main():gmm-align-compiled.cc:127) 20030005_487
WARNING (gmm-align-compiled[5.5.907~1-cbed4]:AlignUtteranceWrapper():decoder-wrappers.cc:617) Retrying utterance 20030005_487 with beam 40
LOG (gmm-align-compiled[5.5.907~1-cbed4]:main():gmm-align-compiled.cc:127) 20030005_488
LOG (gmm-align-compiled[5.5.907~1-cbed4]:main():gmm-align-compiled.cc:127) 20030005_489
LOG (gmm-align-compiled[5.5.907~1-cbed4]:main():gmm-align-compiled.cc:127) 20030005_490
LOG (gmm-align-compiled[5.5.907~1-cbed4]:main():gmm-align-compiled.cc:127) 20030005_491
WARNING (gmm-align-compiled[5.5.907~1-cbed4]:AlignUtteranceWrapper():decoder-wrappers.cc:617) Retrying utterance 20030005_491 with beam 40
LOG (gmm-align-compiled[5.5.907~1-cbed4]:main():gmm-align-compiled.cc:127) 20030005_492
LOG (gmm-align-compiled[5.5.907~1-cbed4]:main():gmm-align-compiled.cc:127) 20030005_493
LOG (gmm-align-compiled[5.5.907~1-cbed4]:main():gmm-align-compiled.cc:127) 20030005_494
LOG (gmm-align-compiled[5.5.907~1-cbed4]:main():gmm-align-compiled.cc:127) 20030005_495
WARNING (gmm-align-compiled[5.5.907~1-cbed4]:AlignUtteranceWrapper():decoder-wrappers.cc:617) Retrying utterance 20030005_495 with beam 40
LOG (gmm-align-compiled[5.5.907~1-cbed4]:main():gmm-align-compiled.cc:127) 20030005_496
WARNING (gmm-align-compiled[5.5.907~1-cbed4]:AlignUtteranceWrapper():decoder-wrappers.cc:617) Retrying utterance 20030005_496 with beam 40
LOG (gmm-align-compiled[5.5.907~1-cbed4]:main():gmm-align-compiled.cc:127) 20030005_497
LOG (gmm-align-compiled[5.5.907~1-cbed4]:main():gmm-align-compiled.cc:127) 20030005_498
WARNING (gmm-align-compiled[5.5.907~1-cbed4]:AlignUtteranceWrapper():decoder-wrappers.cc:617) Retrying utterance 20030005_498 with beam 40
LOG (gmm-align-compiled[5.5.907~1-cbed4]:main():gmm-align-compiled.cc:127) 20030005_499
LOG (gmm-align-compiled[5.5.907~1-cbed4]:main():gmm-align-compiled.cc:127) 20030005_500
LOG (gmm-align-compiled[5.5.907~1-cbed4]:main():gmm-align-compiled.cc:127) 20030005_501
WARNING (gmm-align-compiled[5.5.907~1-cbed4]:AlignUtteranceWrapper():decoder-wrappers.cc:617) Retrying utterance 20030005_501 with beam 40
LOG (gmm-align-compiled[5.5.907~1-cbed4]:main():gmm-align-compiled.cc:127) 20030005_502
LOG (gmm-align-compiled[5.5.907~1-cbed4]:main():gmm-align-compiled.cc:127) 20030005_503
LOG (gmm-align-compiled[5.5.907~1-cbed4]:main():gmm-align-compiled.cc:127) 20030005_504
LOG (gmm-align-compiled[5.5.907~1-cbed4]:main():gmm-align-compiled.cc:127) 20030005_505
LOG (gmm-align-compiled[5.5.907~1-cbed4]:main():gmm-align-compiled.cc:127) 20030005_506
LOG (gmm-align-compiled[5.5.907~1-cbed4]:main():gmm-align-compiled.cc:127) 20030005_507
LOG (gmm-align-compiled[5.5.907~1-cbed4]:main():gmm-align-compiled.cc:127) 20030005_508
LOG (gmm-align-compiled[5.5.907~1-cbed4]:main():gmm-align-compiled.cc:127) 20030005_509
LOG (gmm-align-compiled[5.5.907~1-cbed4]:main():gmm-align-compiled.cc:127) 20030005_510
LOG (gmm-align-compiled[5.5.907~1-cbed4]:main():gmm-align-compiled.cc:127) 20030005_511
LOG (gmm-align-compiled[5.5.907~1-cbed4]:main():gmm-align-compiled.cc:127) 20030005_512
LOG (gmm-align-compiled[5.5.907~1-cbed4]:main():gmm-align-compiled.cc:127) 20030005_513
LOG (gmm-align-compiled[5.5.907~1-cbed4]:main():gmm-align-compiled.cc:127) 20030005_514
LOG (gmm-align-compiled[5.5.907~1-cbed4]:main():gmm-align-compiled.cc:127) 20030005_515
LOG (gmm-align-compiled[5.5.907~1-cbed4]:main():gmm-align-compiled.cc:127) 20030005_516
LOG (gmm-align-compiled[5.5.907~1-cbed4]:main():gmm-align-compiled.cc:127) 20030005_517
LOG (gmm-align-compiled[5.5.907~1-cbed4]:main():gmm-align-compiled.cc:127) 20030005_518
LOG (gmm-align-compiled[5.5.907~1-cbed4]:main():gmm-align-compiled.cc:127) 20030005_519
LOG (gmm-align-compiled[5.5.907~1-cbed4]:main():gmm-align-compiled.cc:127) 20030005_520
WARNING (gmm-align-compiled[5.5.907~1-cbed4]:AlignUtteranceWrapper():decoder-wrappers.cc:617) Retrying utterance 20030005_520 with beam 40
LOG (gmm-align-compiled[5.5.907~1-cbed4]:main():gmm-align-compiled.cc:127) 20030005_521
LOG (gmm-align-compiled[5.5.907~1-cbed4]:main():gmm-align-compiled.cc:127) 20030005_522
LOG (gmm-align-compiled[5.5.907~1-cbed4]:main():gmm-align-compiled.cc:127) 20030005_523
LOG (gmm-align-compiled[5.5.907~1-cbed4]:main():gmm-align-compiled.cc:127) 20030005_524
LOG (gmm-align-compiled[5.5.907~1-cbed4]:main():gmm-align-compiled.cc:127) 20030005_525
LOG (gmm-align-compiled[5.5.907~1-cbed4]:main():gmm-align-compiled.cc:127) 20030005_526
LOG (gmm-align-compiled[5.5.907~1-cbed4]:main():gmm-align-compiled.cc:127) 20030005_527
LOG (gmm-align-compiled[5.5.907~1-cbed4]:main():gmm-align-compiled.cc:127) 20030005_528
LOG (gmm-align-compiled[5.5.907~1-cbed4]:main():gmm-align-compiled.cc:127) 20030005_529
LOG (gmm-align-compiled[5.5.907~1-cbed4]:main():gmm-align-compiled.cc:127) 20030005_530
LOG (gmm-align-compiled[5.5.907~1-cbed4]:main():gmm-align-compiled.cc:127) 20030005_531
LOG (gmm-align-compiled[5.5.907~1-cbed4]:main():gmm-align-compiled.cc:127) 20030005_532
WARNING (gmm-align-compiled[5.5.907~1-cbed4]:AlignUtteranceWrapper():decoder-wrappers.cc:617) Retrying utterance 20030005_532 with beam 40
LOG (gmm-align-compiled[5.5.907~1-cbed4]:main():gmm-align-compiled.cc:127) 20030005_533
LOG (gmm-align-compiled[5.5.907~1-cbed4]:main():gmm-align-compiled.cc:127) 20030005_534
LOG (gmm-align-compiled[5.5.907~1-cbed4]:main():gmm-align-compiled.cc:127) 20030005_535
WARNING (gmm-align-compiled[5.5.907~1-cbed4]:AlignUtteranceWrapper():decoder-wrappers.cc:617) Retrying utterance 20030005_535 with beam 40
LOG (gmm-align-compiled[5.5.907~1-cbed4]:main():gmm-align-compiled.cc:127) 20030005_536
LOG (gmm-align-compiled[5.5.907~1-cbed4]:main():gmm-align-compiled.cc:127) 20030005_537
LOG (gmm-align-compiled[5.5.907~1-cbed4]:main():gmm-align-compiled.cc:127) 20030005_538
LOG (gmm-align-compiled[5.5.907~1-cbed4]:main():gmm-align-compiled.cc:127) 20030005_539
WARNING (gmm-align-compiled[5.5.907~1-cbed4]:AlignUtteranceWrapper():decoder-wrappers.cc:617) Retrying utterance 20030005_539 with beam 40
LOG (gmm-align-compiled[5.5.907~1-cbed4]:main():gmm-align-compiled.cc:127) 20030005_540
LOG (gmm-align-compiled[5.5.907~1-cbed4]:main():gmm-align-compiled.cc:127) 20030005_541
LOG (gmm-align-compiled[5.5.907~1-cbed4]:main():gmm-align-compiled.cc:127) 20030005_542
LOG (gmm-align-compiled[5.5.907~1-cbed4]:main():gmm-align-compiled.cc:127) 20030005_543
WARNING (gmm-align-compiled[5.5.907~1-cbed4]:AlignUtteranceWrapper():decoder-wrappers.cc:617) Retrying utterance 20030005_543 with beam 40
LOG (gmm-align-compiled[5.5.907~1-cbed4]:main():gmm-align-compiled.cc:127) 20030005_544
LOG (gmm-align-compiled[5.5.907~1-cbed4]:main():gmm-align-compiled.cc:127) 20030005_545
LOG (gmm-align-compiled[5.5.907~1-cbed4]:main():gmm-align-compiled.cc:127) 20030005_546
LOG (gmm-align-compiled[5.5.907~1-cbed4]:main():gmm-align-compiled.cc:127) 20030005_547
WARNING (gmm-align-compiled[5.5.907~1-cbed4]:AlignUtteranceWrapper():decoder-wrappers.cc:617) Retrying utterance 20030005_547 with beam 40
LOG (gmm-align-compiled[5.5.907~1-cbed4]:main():gmm-align-compiled.cc:127) 20030005_548
LOG (gmm-align-compiled[5.5.907~1-cbed4]:main():gmm-align-compiled.cc:127) 20030005_549
LOG (gmm-align-compiled[5.5.907~1-cbed4]:main():gmm-align-compiled.cc:127) 20030005_550
LOG (gmm-align-compiled[5.5.907~1-cbed4]:main():gmm-align-compiled.cc:127) 20030005_551
LOG (gmm-align-compiled[5.5.907~1-cbed4]:main():gmm-align-compiled.cc:127) 20030005_552
LOG (gmm-align-compiled[5.5.907~1-cbed4]:main():gmm-align-compiled.cc:127) 20030005_553
WARNING (gmm-align-compiled[5.5.907~1-cbed4]:AlignUtteranceWrapper():decoder-wrappers.cc:617) Retrying utterance 20030005_553 with beam 40
LOG (gmm-align-compiled[5.5.907~1-cbed4]:main():gmm-align-compiled.cc:127) 20030005_554
WARNING (gmm-align-compiled[5.5.907~1-cbed4]:AlignUtteranceWrapper():decoder-wrappers.cc:617) Retrying utterance 20030005_554 with beam 40
LOG (gmm-align-compiled[5.5.907~1-cbed4]:main():gmm-align-compiled.cc:127) 20030005_555
WARNING (gmm-align-compiled[5.5.907~1-cbed4]:AlignUtteranceWrapper():decoder-wrappers.cc:617) Retrying utterance 20030005_555 with beam 40
LOG (gmm-align-compiled[5.5.907~1-cbed4]:main():gmm-align-compiled.cc:127) 20030005_556
LOG (gmm-align-compiled[5.5.907~1-cbed4]:main():gmm-align-compiled.cc:127) 20030005_557
LOG (gmm-align-compiled[5.5.907~1-cbed4]:main():gmm-align-compiled.cc:127) 20030005_558
LOG (gmm-align-compiled[5.5.907~1-cbed4]:main():gmm-align-compiled.cc:127) 20030005_559
LOG (gmm-align-compiled[5.5.907~1-cbed4]:main():gmm-align-compiled.cc:127) 20030005_560
LOG (gmm-align-compiled[5.5.907~1-cbed4]:main():gmm-align-compiled.cc:127) 20030005_561
LOG (gmm-align-compiled[5.5.907~1-cbed4]:main():gmm-align-compiled.cc:127) 20030005_562
WARNING (gmm-align-compiled[5.5.907~1-cbed4]:AlignUtteranceWrapper():decoder-wrappers.cc:617) Retrying utterance 20030005_562 with beam 40
LOG (gmm-align-compiled[5.5.907~1-cbed4]:main():gmm-align-compiled.cc:127) 20030005_563
LOG (gmm-align-compiled[5.5.907~1-cbed4]:main():gmm-align-compiled.cc:127) 20030005_564
LOG (gmm-align-compiled[5.5.907~1-cbed4]:main():gmm-align-compiled.cc:127) 20030005_565
LOG (gmm-align-compiled[5.5.907~1-cbed4]:main():gmm-align-compiled.cc:127) 20030005_566
LOG (gmm-align-compiled[5.5.907~1-cbed4]:main():gmm-align-compiled.cc:127) 20030005_567
WARNING (gmm-align-compiled[5.5.907~1-cbed4]:AlignUtteranceWrapper():decoder-wrappers.cc:617) Retrying utterance 20030005_567 with beam 40
LOG (gmm-align-compiled[5.5.907~1-cbed4]:main():gmm-align-compiled.cc:127) 20030005_568
LOG (gmm-align-compiled[5.5.907~1-cbed4]:main():gmm-align-compiled.cc:127) 20030005_569
LOG (gmm-align-compiled[5.5.907~1-cbed4]:main():gmm-align-compiled.cc:127) 20030005_570
LOG (gmm-align-compiled[5.5.907~1-cbed4]:main():gmm-align-compiled.cc:127) 20030005_571
WARNING (gmm-align-compiled[5.5.907~1-cbed4]:AlignUtteranceWrapper():decoder-wrappers.cc:617) Retrying utterance 20030005_571 with beam 40
LOG (gmm-align-compiled[5.5.907~1-cbed4]:main():gmm-align-compiled.cc:127) 20030005_572
LOG (gmm-align-compiled[5.5.907~1-cbed4]:main():gmm-align-compiled.cc:127) 20030005_573
LOG (gmm-align-compiled[5.5.907~1-cbed4]:main():gmm-align-compiled.cc:127) 20030005_574
LOG (gmm-align-compiled[5.5.907~1-cbed4]:main():gmm-align-compiled.cc:127) 20030005_575
LOG (gmm-align-compiled[5.5.907~1-cbed4]:main():gmm-align-compiled.cc:127) 20030005_576
LOG (gmm-align-compiled[5.5.907~1-cbed4]:main():gmm-align-compiled.cc:127) 20030005_577
LOG (gmm-align-compiled[5.5.907~1-cbed4]:main():gmm-align-compiled.cc:127) 20030005_578
WARNING (gmm-align-compiled[5.5.907~1-cbed4]:AlignUtteranceWrapper():decoder-wrappers.cc:617) Retrying utterance 20030005_578 with beam 40
LOG (gmm-align-compiled[5.5.907~1-cbed4]:main():gmm-align-compiled.cc:127) 20030005_579
LOG (gmm-align-compiled[5.5.907~1-cbed4]:main():gmm-align-compiled.cc:127) 20030005_580
LOG (gmm-align-compiled[5.5.907~1-cbed4]:main():gmm-align-compiled.cc:127) 20030005_581
LOG (gmm-align-compiled[5.5.907~1-cbed4]:main():gmm-align-compiled.cc:127) 20030005_582
LOG (gmm-align-compiled[5.5.907~1-cbed4]:main():gmm-align-compiled.cc:127) 20030005_583
LOG (gmm-align-compiled[5.5.907~1-cbed4]:main():gmm-align-compiled.cc:127) 20030005_584
LOG (gmm-align-compiled[5.5.907~1-cbed4]:main():gmm-align-compiled.cc:127) 20030005_585
LOG (gmm-align-compiled[5.5.907~1-cbed4]:main():gmm-align-compiled.cc:127) 20030005_586
LOG (gmm-align-compiled[5.5.907~1-cbed4]:main():gmm-align-compiled.cc:127) 20030005_587
LOG (gmm-align-compiled[5.5.907~1-cbed4]:main():gmm-align-compiled.cc:127) 20030005_588
LOG (gmm-align-compiled[5.5.907~1-cbed4]:main():gmm-align-compiled.cc:127) 20030005_589
LOG (gmm-align-compiled[5.5.907~1-cbed4]:main():gmm-align-compiled.cc:127) 20030005_590
LOG (gmm-align-compiled[5.5.907~1-cbed4]:main():gmm-align-compiled.cc:127) 20030005_591
LOG (gmm-align-compiled[5.5.907~1-cbed4]:main():gmm-align-compiled.cc:127) 20030005_592
LOG (gmm-align-compiled[5.5.907~1-cbed4]:main():gmm-align-compiled.cc:127) 20030005_593
WARNING (gmm-align-compiled[5.5.907~1-cbed4]:AlignUtteranceWrapper():decoder-wrappers.cc:617) Retrying utterance 20030005_593 with beam 40
LOG (gmm-align-compiled[5.5.907~1-cbed4]:main():gmm-align-compiled.cc:127) 20030005_594
LOG (gmm-align-compiled[5.5.907~1-cbed4]:main():gmm-align-compiled.cc:127) 20030005_595
LOG (gmm-align-compiled[5.5.907~1-cbed4]:main():gmm-align-compiled.cc:127) 20030005_596
LOG (gmm-align-compiled[5.5.907~1-cbed4]:main():gmm-align-compiled.cc:127) 20030005_597
LOG (gmm-align-compiled[5.5.907~1-cbed4]:main():gmm-align-compiled.cc:127) 20030005_598
LOG (gmm-align-compiled[5.5.907~1-cbed4]:main():gmm-align-compiled.cc:127) 20030005_599
LOG (gmm-align-compiled[5.5.907~1-cbed4]:main():gmm-align-compiled.cc:127) 20030005_600
LOG (gmm-align-compiled[5.5.907~1-cbed4]:main():gmm-align-compiled.cc:127) 20030005_601
LOG (gmm-align-compiled[5.5.907~1-cbed4]:main():gmm-align-compiled.cc:127) 20030005_602
LOG (gmm-align-compiled[5.5.907~1-cbed4]:main():gmm-align-compiled.cc:127) 20030005_603
LOG (gmm-align-compiled[5.5.907~1-cbed4]:main():gmm-align-compiled.cc:127) 20030005_604
LOG (gmm-align-compiled[5.5.907~1-cbed4]:main():gmm-align-compiled.cc:127) 20030005_605
LOG (gmm-align-compiled[5.5.907~1-cbed4]:main():gmm-align-compiled.cc:127) 20030005_606
LOG (gmm-align-compiled[5.5.907~1-cbed4]:main():gmm-align-compiled.cc:127) 20030005_607
LOG (gmm-align-compiled[5.5.907~1-cbed4]:main():gmm-align-compiled.cc:127) 20030005_608
LOG (gmm-align-compiled[5.5.907~1-cbed4]:main():gmm-align-compiled.cc:127) 20030005_609
LOG (gmm-align-compiled[5.5.907~1-cbed4]:main():gmm-align-compiled.cc:127) 20030005_610
LOG (gmm-align-compiled[5.5.907~1-cbed4]:main():gmm-align-compiled.cc:127) 20030005_611
LOG (gmm-align-compiled[5.5.907~1-cbed4]:main():gmm-align-compiled.cc:127) 20030005_612
LOG (gmm-align-compiled[5.5.907~1-cbed4]:main():gmm-align-compiled.cc:127) 20030005_613
LOG (gmm-align-compiled[5.5.907~1-cbed4]:main():gmm-align-compiled.cc:127) 20030005_614
LOG (gmm-align-compiled[5.5.907~1-cbed4]:main():gmm-align-compiled.cc:127) 20030005_615
LOG (gmm-align-compiled[5.5.907~1-cbed4]:main():gmm-align-compiled.cc:127) 20030005_616
LOG (gmm-align-compiled[5.5.907~1-cbed4]:main():gmm-align-compiled.cc:127) 20030005_617
LOG (gmm-align-compiled[5.5.907~1-cbed4]:main():gmm-align-compiled.cc:127) 20030005_618
LOG (gmm-align-compiled[5.5.907~1-cbed4]:main():gmm-align-compiled.cc:127) 20030005_619
WARNING (gmm-align-compiled[5.5.907~1-cbed4]:AlignUtteranceWrapper():decoder-wrappers.cc:617) Retrying utterance 20030005_619 with beam 40
LOG (gmm-align-compiled[5.5.907~1-cbed4]:main():gmm-align-compiled.cc:127) 20030005_620
LOG (gmm-align-compiled[5.5.907~1-cbed4]:main():gmm-align-compiled.cc:127) 20030005_621
LOG (gmm-align-compiled[5.5.907~1-cbed4]:main():gmm-align-compiled.cc:127) 20030005_622
LOG (gmm-align-compiled[5.5.907~1-cbed4]:main():gmm-align-compiled.cc:127) 20030005_623
LOG (gmm-align-compiled[5.5.907~1-cbed4]:main():gmm-align-compiled.cc:127) 20030005_624
WARNING (gmm-align-compiled[5.5.907~1-cbed4]:AlignUtteranceWrapper():decoder-wrappers.cc:617) Retrying utterance 20030005_624 with beam 40
LOG (gmm-align-compiled[5.5.907~1-cbed4]:main():gmm-align-compiled.cc:127) 20030005_625
LOG (gmm-align-compiled[5.5.907~1-cbed4]:main():gmm-align-compiled.cc:127) 20030005_626
LOG (gmm-align-compiled[5.5.907~1-cbed4]:main():gmm-align-compiled.cc:127) 20030005_627
LOG (gmm-align-compiled[5.5.907~1-cbed4]:main():gmm-align-compiled.cc:127) 20030005_628
LOG (gmm-align-compiled[5.5.907~1-cbed4]:main():gmm-align-compiled.cc:127) 20030005_629
LOG (gmm-align-compiled[5.5.907~1-cbed4]:main():gmm-align-compiled.cc:127) 20030005_630
LOG (gmm-align-compiled[5.5.907~1-cbed4]:main():gmm-align-compiled.cc:127) 20030005_631
LOG (gmm-align-compiled[5.5.907~1-cbed4]:main():gmm-align-compiled.cc:127) 20030005_632
LOG (gmm-align-compiled[5.5.907~1-cbed4]:main():gmm-align-compiled.cc:127) 20030005_633
LOG (gmm-align-compiled[5.5.907~1-cbed4]:main():gmm-align-compiled.cc:127) 20030005_634
LOG (gmm-align-compiled[5.5.907~1-cbed4]:main():gmm-align-compiled.cc:127) 20030005_635
LOG (gmm-align-compiled[5.5.907~1-cbed4]:main():gmm-align-compiled.cc:127) 20030005_636
LOG (gmm-align-compiled[5.5.907~1-cbed4]:main():gmm-align-compiled.cc:127) 20030005_637
LOG (gmm-align-compiled[5.5.907~1-cbed4]:main():gmm-align-compiled.cc:127) 20030005_638
LOG (gmm-align-compiled[5.5.907~1-cbed4]:main():gmm-align-compiled.cc:127) 20030005_639
LOG (gmm-align-compiled[5.5.907~1-cbed4]:main():gmm-align-compiled.cc:127) 20030005_640
WARNING (gmm-align-compiled[5.5.907~1-cbed4]:AlignUtteranceWrapper():decoder-wrappers.cc:617) Retrying utterance 20030005_640 with beam 40
LOG (gmm-align-compiled[5.5.907~1-cbed4]:main():gmm-align-compiled.cc:127) 20030005_641
LOG (gmm-align-compiled[5.5.907~1-cbed4]:main():gmm-align-compiled.cc:127) 20030005_642
LOG (gmm-align-compiled[5.5.907~1-cbed4]:main():gmm-align-compiled.cc:127) 20030005_643
LOG (gmm-align-compiled[5.5.907~1-cbed4]:main():gmm-align-compiled.cc:127) 20030005_644
WARNING (gmm-align-compiled[5.5.907~1-cbed4]:AlignUtteranceWrapper():decoder-wrappers.cc:617) Retrying utterance 20030005_644 with beam 40
LOG (gmm-align-compiled[5.5.907~1-cbed4]:main():gmm-align-compiled.cc:127) 20030005_645
LOG (gmm-align-compiled[5.5.907~1-cbed4]:main():gmm-align-compiled.cc:127) 20030005_646
LOG (gmm-align-compiled[5.5.907~1-cbed4]:main():gmm-align-compiled.cc:127) 20030005_647
LOG (gmm-align-compiled[5.5.907~1-cbed4]:main():gmm-align-compiled.cc:127) 20030005_648
LOG (gmm-align-compiled[5.5.907~1-cbed4]:main():gmm-align-compiled.cc:127) 20030005_649
LOG (gmm-align-compiled[5.5.907~1-cbed4]:main():gmm-align-compiled.cc:127) 20030005_650
LOG (gmm-align-compiled[5.5.907~1-cbed4]:main():gmm-align-compiled.cc:127) 20030005_651
LOG (gmm-align-compiled[5.5.907~1-cbed4]:main():gmm-align-compiled.cc:127) 20030005_652
LOG (gmm-align-compiled[5.5.907~1-cbed4]:main():gmm-align-compiled.cc:127) 20030005_653
LOG (gmm-align-compiled[5.5.907~1-cbed4]:main():gmm-align-compiled.cc:127) 20030005_654
LOG (gmm-align-compiled[5.5.907~1-cbed4]:main():gmm-align-compiled.cc:127) 20030005_655
LOG (gmm-align-compiled[5.5.907~1-cbed4]:main():gmm-align-compiled.cc:127) 20030005_656
WARNING (gmm-align-compiled[5.5.907~1-cbed4]:AlignUtteranceWrapper():decoder-wrappers.cc:617) Retrying utterance 20030005_656 with beam 40
LOG (gmm-align-compiled[5.5.907~1-cbed4]:main():gmm-align-compiled.cc:127) 20030005_657
LOG (gmm-align-compiled[5.5.907~1-cbed4]:main():gmm-align-compiled.cc:127) 20030005_658
LOG (gmm-align-compiled[5.5.907~1-cbed4]:main():gmm-align-compiled.cc:127) 20030005_659
LOG (gmm-align-compiled[5.5.907~1-cbed4]:main():gmm-align-compiled.cc:127) 20030005_660
LOG (gmm-align-compiled[5.5.907~1-cbed4]:main():gmm-align-compiled.cc:127) 20030005_661
LOG (gmm-align-compiled[5.5.907~1-cbed4]:main():gmm-align-compiled.cc:127) 20030005_662
LOG (gmm-align-compiled[5.5.907~1-cbed4]:main():gmm-align-compiled.cc:127) 20030005_663
LOG (gmm-align-compiled[5.5.907~1-cbed4]:main():gmm-align-compiled.cc:127) 20030005_664
LOG (gmm-align-compiled[5.5.907~1-cbed4]:main():gmm-align-compiled.cc:127) 20030005_665
LOG (gmm-align-compiled[5.5.907~1-cbed4]:main():gmm-align-compiled.cc:127) 20030005_666
LOG (gmm-align-compiled[5.5.907~1-cbed4]:main():gmm-align-compiled.cc:127) 20030005_667
LOG (gmm-align-compiled[5.5.907~1-cbed4]:main():gmm-align-compiled.cc:127) 20030005_668
WARNING (gmm-align-compiled[5.5.907~1-cbed4]:AlignUtteranceWrapper():decoder-wrappers.cc:617) Retrying utterance 20030005_668 with beam 40
LOG (gmm-align-compiled[5.5.907~1-cbed4]:main():gmm-align-compiled.cc:127) 20030005_669
WARNING (gmm-align-compiled[5.5.907~1-cbed4]:AlignUtteranceWrapper():decoder-wrappers.cc:617) Retrying utterance 20030005_669 with beam 40
LOG (gmm-align-compiled[5.5.907~1-cbed4]:main():gmm-align-compiled.cc:127) 20030005_670
LOG (gmm-align-compiled[5.5.907~1-cbed4]:main():gmm-align-compiled.cc:127) 20030005_671
LOG (gmm-align-compiled[5.5.907~1-cbed4]:main():gmm-align-compiled.cc:127) 20030005_672
LOG (gmm-align-compiled[5.5.907~1-cbed4]:main():gmm-align-compiled.cc:127) 20030005_673
LOG (gmm-align-compiled[5.5.907~1-cbed4]:main():gmm-align-compiled.cc:127) 20030005_674
LOG (gmm-align-compiled[5.5.907~1-cbed4]:main():gmm-align-compiled.cc:127) 20030005_675
LOG (gmm-align-compiled[5.5.907~1-cbed4]:main():gmm-align-compiled.cc:127) 20030005_676
LOG (gmm-align-compiled[5.5.907~1-cbed4]:main():gmm-align-compiled.cc:127) 20030005_677
LOG (gmm-align-compiled[5.5.907~1-cbed4]:main():gmm-align-compiled.cc:127) 20030005_678
LOG (gmm-align-compiled[5.5.907~1-cbed4]:main():gmm-align-compiled.cc:127) 20030005_679
LOG (gmm-align-compiled[5.5.907~1-cbed4]:main():gmm-align-compiled.cc:127) 20030005_680
LOG (gmm-align-compiled[5.5.907~1-cbed4]:main():gmm-align-compiled.cc:127) 20030005_681
LOG (gmm-align-compiled[5.5.907~1-cbed4]:main():gmm-align-compiled.cc:127) 20030005_682
LOG (gmm-align-compiled[5.5.907~1-cbed4]:main():gmm-align-compiled.cc:127) 20030005_683
LOG (gmm-align-compiled[5.5.907~1-cbed4]:main():gmm-align-compiled.cc:127) 20030005_684
LOG (gmm-align-compiled[5.5.907~1-cbed4]:main():gmm-align-compiled.cc:127) 20030005_685
LOG (gmm-align-compiled[5.5.907~1-cbed4]:main():gmm-align-compiled.cc:127) 20030005_686
LOG (gmm-align-compiled[5.5.907~1-cbed4]:main():gmm-align-compiled.cc:127) 20030005_687
LOG (gmm-align-compiled[5.5.907~1-cbed4]:main():gmm-align-compiled.cc:127) 20030005_688
LOG (gmm-align-compiled[5.5.907~1-cbed4]:main():gmm-align-compiled.cc:127) 20030005_689
LOG (gmm-align-compiled[5.5.907~1-cbed4]:main():gmm-align-compiled.cc:127) 20030005_690
LOG (gmm-align-compiled[5.5.907~1-cbed4]:main():gmm-align-compiled.cc:127) 20030005_691
LOG (gmm-align-compiled[5.5.907~1-cbed4]:main():gmm-align-compiled.cc:127) 20030005_692
LOG (gmm-align-compiled[5.5.907~1-cbed4]:main():gmm-align-compiled.cc:127) 20030005_693
WARNING (gmm-align-compiled[5.5.907~1-cbed4]:AlignUtteranceWrapper():decoder-wrappers.cc:617) Retrying utterance 20030005_693 with beam 40
LOG (gmm-align-compiled[5.5.907~1-cbed4]:main():gmm-align-compiled.cc:127) 20030005_694
LOG (gmm-align-compiled[5.5.907~1-cbed4]:main():gmm-align-compiled.cc:127) 20030005_695
LOG (gmm-align-compiled[5.5.907~1-cbed4]:main():gmm-align-compiled.cc:127) 20030005_696
WARNING (gmm-align-compiled[5.5.907~1-cbed4]:AlignUtteranceWrapper():decoder-wrappers.cc:617) Retrying utterance 20030005_696 with beam 40
LOG (gmm-align-compiled[5.5.907~1-cbed4]:main():gmm-align-compiled.cc:127) 20030005_697
LOG (gmm-align-compiled[5.5.907~1-cbed4]:main():gmm-align-compiled.cc:127) 20030005_698
LOG (gmm-align-compiled[5.5.907~1-cbed4]:main():gmm-align-compiled.cc:127) 20030005_699
LOG (gmm-align-compiled[5.5.907~1-cbed4]:main():gmm-align-compiled.cc:127) 20030005_700
LOG (gmm-align-compiled[5.5.907~1-cbed4]:main():gmm-align-compiled.cc:127) 20030005_701
LOG (gmm-align-compiled[5.5.907~1-cbed4]:main():gmm-align-compiled.cc:127) 20030005_702
LOG (gmm-align-compiled[5.5.907~1-cbed4]:main():gmm-align-compiled.cc:127) 20030005_703
LOG (gmm-align-compiled[5.5.907~1-cbed4]:main():gmm-align-compiled.cc:127) 20030005_704
LOG (gmm-align-compiled[5.5.907~1-cbed4]:main():gmm-align-compiled.cc:127) 20030005_705
LOG (apply-cmvn[5.5.907~1-cbed4]:main():apply-cmvn.cc:162) Applied cepstral mean normalization to 708 utterances, errors on 0
LOG (gmm-align-compiled[5.5.907~1-cbed4]:main():gmm-align-compiled.cc:127) 20030005_706
LOG (gmm-align-compiled[5.5.907~1-cbed4]:main():gmm-align-compiled.cc:127) 20030005_707
WARNING (gmm-align-compiled[5.5.907~1-cbed4]:AlignUtteranceWrapper():decoder-wrappers.cc:617) Retrying utterance 20030005_707 with beam 40
LOG (gmm-align-compiled[5.5.907~1-cbed4]:main():gmm-align-compiled.cc:127) 20030005_708
LOG (gmm-align-compiled[5.5.907~1-cbed4]:main():gmm-align-compiled.cc:135) Overall log-likelihood per frame is -98.722 over 721229 frames.
LOG (gmm-align-compiled[5.5.907~1-cbed4]:main():gmm-align-compiled.cc:137) Retried 154 out of 708 utterances.
LOG (gmm-align-compiled[5.5.907~1-cbed4]:main():gmm-align-compiled.cc:139) Done 707, errors on 1
# Accounting: time=193 threads=1
# Ended (code 0) at Thu Apr 22 16:00:53 PKT 2021, elapsed time 193 seconds
