# lattice-scale --inv-acoustic-scale=8 "ark:gunzip -c exp/tri4/decode.si/lat.*.gz|" ark:- | lattice-add-penalty --word-ins-penalty=0.5 ark:- ark:- | lattice-best-path --word-symbol-table=exp/tri4/graph/words.txt ark:- ark,t:- | utils/int2sym.pl -f 2- exp/tri4/graph/words.txt | cat > exp/tri4/decode.si/scoring_kaldi/penalty_0.5/8.txt 
# Started at Thu Apr 22 12:19:30 PKT 2021
#
lattice-best-path --word-symbol-table=exp/tri4/graph/words.txt ark:- ark,t:- 
lattice-scale --inv-acoustic-scale=8 'ark:gunzip -c exp/tri4/decode.si/lat.*.gz|' ark:- 
lattice-add-penalty --word-ins-penalty=0.5 ark:- ark:- 
LOG (lattice-best-path[5.5.907~1-cbed4]:main():lattice-best-path.cc:99) For utterance 20030004_601, best cost 136.568 + 5576.63 = 5713.2 over 804 frames.
20030004_601 دیوبندی یگانگت اونچی کے بعد کی کے شنید ریلیف بلی ضرورت براوو کلیئر کیں 
LOG (lattice-best-path[5.5.907~1-cbed4]:main():lattice-best-path.cc:99) For utterance 20030004_602, best cost 154.777 + 7076.6 = 7231.37 over 1000 frames.
20030004_602 بلاخوف ڈیویلپر تھیٹر تھیری گلوبل شیرخوار بچیاں کے ہوزری جھلی شرکت سے آرزوئیں ہیں 
LOG (lattice-best-path[5.5.907~1-cbed4]:main():lattice-best-path.cc:99) For utterance 20030004_603, best cost 130.315 + 5364 = 5494.32 over 782 frames.
20030004_603 شعار چنگل اور تیزی بڑا سے ٹریلر پر کارکردگی بےقصور پر کلچر کیا 
LOG (lattice-best-path[5.5.907~1-cbed4]:main():lattice-best-path.cc:99) For utterance 20030004_604, best cost 85.584 + 4374.11 = 4459.7 over 638 frames.
20030004_604 صدیاں لیبارٹری طریقہ پرسوز چرانے سے اپنے گئی 
LOG (lattice-best-path[5.5.907~1-cbed4]:main():lattice-best-path.cc:99) For utterance 20030004_605, best cost 90.5336 + 3491.04 = 3581.57 over 506 frames.
20030004_605 چونچلے شوربہ جلدی پیشنگوئی کی طرح دھڑلے طالب 
LOG (lattice-best-path[5.5.907~1-cbed4]:main():lattice-best-path.cc:99) For utterance 20030004_606, best cost 97.8046 + 3862.4 = 3960.21 over 554 frames.
20030004_606 کے لیے تمام پروگریسیو تذلیل کے تعوذ کی بڑی گزیر تھا 
LOG (lattice-best-path[5.5.907~1-cbed4]:main():lattice-best-path.cc:99) For utterance 20030004_607, best cost 87.9239 + 2937.77 = 3025.69 over 428 frames.
20030004_607 تحصیل کی اور کی زوال بجھی نامور نہیں جیب 
LOG (lattice-best-path[5.5.907~1-cbed4]:main():lattice-best-path.cc:99) For utterance 20030004_608, best cost 86.9953 + 4043.48 = 4130.48 over 578 frames.
20030004_608 پرتعیش کیلئے لوگو خوشگوار جڑی دلجوئی کو کیں 
LOG (lattice-best-path[5.5.907~1-cbed4]:main():lattice-best-path.cc:99) For utterance 20030004_609, best cost 123.894 + 5251.83 = 5375.73 over 746 frames.
20030004_609 گلیشئر لولی لالچی کے سوئے کلیئر کی چکے سوغات سیاسی یاب 
LOG (lattice-best-path[5.5.907~1-cbed4]:main():lattice-best-path.cc:99) For utterance 20030004_610, best cost 110.94 + 4983.99 = 5094.93 over 740 frames.
20030004_610 بااثر ایک شیرخوار پیچیدہ ملیریا نیچے کی چلچلاتی یہ صاحب 
LOG (lattice-best-path[5.5.907~1-cbed4]:main():lattice-best-path.cc:99) For utterance 20030004_611, best cost 115.749 + 4674.44 = 4790.19 over 699 frames.
20030004_611 حسینی افسوس تھیلی سے کے بغور برابر کی بھول جس چمچے 
LOG (lattice-best-path[5.5.907~1-cbed4]:main():lattice-best-path.cc:99) For utterance 20030004_612, best cost 116.665 + 5051.44 = 5168.11 over 740 frames.
20030004_612 تبدیلی افزائش سے ادارے چڑیا شفاعت درخور کی لہریں چراغاں ہیں 
LOG (lattice-best-path[5.5.907~1-cbed4]:main():lattice-best-path.cc:99) For utterance 20030004_613, best cost 78.8732 + 3630.87 = 3709.75 over 534 frames.
20030004_613 قیامت فولاد بو ذوالجلال تشبیہ انقلاب 
LOG (lattice-best-path[5.5.907~1-cbed4]:main():lattice-best-path.cc:99) For utterance 20030004_614, best cost 101.889 + 3815.26 = 3917.15 over 547 frames.
20030004_614 بلبل فیشن کے رعیت کے ساتھ سوجن بغیر سمجھو بازیاب 
LOG (lattice-best-path[5.5.907~1-cbed4]:main():lattice-best-path.cc:99) For utterance 20030004_615, best cost 142.376 + 6428.56 = 6570.94 over 941 frames.
20030004_615 پراٹھا شہزادی بیجوں موئسچرائزنگ سومرو سکتے بھولیں جوبلی حالانکہ دلجوئی کوآرڈینیٹر ہیں 
LOG (lattice-best-path[5.5.907~1-cbed4]:main():lattice-best-path.cc:99) For utterance 20030004_616, best cost 146.449 + 6031.77 = 6178.22 over 890 frames.
20030004_616 ترجمان اور میڈیسن اور نیلوفر روضہ سے تحصیلدار تصدق کی ماخذ قہقہے تیار کی ہیں 
LOG (lattice-best-path[5.5.907~1-cbed4]:main():lattice-best-path.cc:99) For utterance 20030004_617, best cost 91.0953 + 3795.07 = 3886.16 over 569 frames.
20030004_617 کھبے کارپوریشن کے بدچلنی روے کارخیر سیاسی لگا 
LOG (lattice-best-path[5.5.907~1-cbed4]:main():lattice-best-path.cc:99) For utterance 20030004_618, best cost 124.91 + 5319.85 = 5444.76 over 792 frames.
20030004_618 خانگی کبڈی سے روشناس کوچوں والے اقتصادی کرنے کے بعد اجازت پرچیاں ہیں 
LOG (lattice-best-path[5.5.907~1-cbed4]:main():lattice-best-path.cc:99) For utterance 20030004_619, best cost 80.4615 + 3486.73 = 3567.19 over 524 frames.
20030004_619 تیزی تشبیہ فارم گاڑیاں دلجوئی ٹیچر ہیں 
LOG (lattice-best-path[5.5.907~1-cbed4]:main():lattice-best-path.cc:99) For utterance 20030004_620, best cost 126.366 + 4677.2 = 4803.56 over 688 frames.
20030004_620 جیلانی پَلوں کی ہولوں اور مصروفیات اور کے منور پرجوش واں کی کیا ہیں 
LOG (lattice-best-path[5.5.907~1-cbed4]:main():lattice-best-path.cc:99) For utterance 20030004_621, best cost 126.785 + 5318.58 = 5445.36 over 757 frames.
20030004_621 گوجر کے ساتھ چھہتر زوجیت بغیر کی زیور سوچا کی آواز کی پہلے تھیں 
LOG (lattice-best-path[5.5.907~1-cbed4]:main():lattice-best-path.cc:99) For utterance 20030004_622, best cost 93.9818 + 4350.41 = 4444.39 over 634 frames.
20030004_622 کو چیتھڑے میں کا اور دیکھئے بلغم ازسرنو ریزروز ہیں 
LOG (lattice-best-path[5.5.907~1-cbed4]:main():lattice-best-path.cc:99) For utterance 20030004_623, best cost 83.8336 + 3389.94 = 3473.77 over 510 frames.
20030004_623 بینگن پیروکاروں بالاخر سوئٹرز کاربن شاہین کیا 
LOG (lattice-best-path[5.5.907~1-cbed4]:main():lattice-best-path.cc:99) For utterance 20030004_624, best cost 115.89 + 5365.08 = 5480.97 over 768 frames.
20030004_624 بزدل سونے جیسی غوروخوض اور اثرورسوخ کی بخشے کیا بشمول تھا 
LOG (lattice-best-path[5.5.907~1-cbed4]:main():lattice-best-path.cc:99) For utterance 20030004_625, best cost 96.1926 + 4710.46 = 4806.66 over 717 frames.
20030004_625 غیرضروری یہ کی تحقیق کرنے پروگریسیو کرکے واقع ہو گیا 
LOG (lattice-best-path[5.5.907~1-cbed4]:main():lattice-best-path.cc:99) For utterance 20030004_626, best cost 77.3142 + 3110.5 = 3187.82 over 463 frames.
20030004_626 کیا بجھی کولسری کیا دودھیل کا سمجھدار 
LOG (lattice-best-path[5.5.907~1-cbed4]:main():lattice-best-path.cc:99) For utterance 20030004_627, best cost 90.8015 + 4166.7 = 4257.5 over 610 frames.
20030004_627 خوراک غیرت ییلو کیا میسر غوروخوض دیکھا کیا 
LOG (lattice-best-path[5.5.907~1-cbed4]:main():lattice-best-path.cc:99) For utterance 20030004_628, best cost 115.078 + 4679.72 = 4794.8 over 710 frames.
20030004_628 قدرتی کرنے والے کے بیٹھ کے ٹریلر نے خلجی دھجیاں مدفون تھیں 
LOG (lattice-best-path[5.5.907~1-cbed4]:main():lattice-best-path.cc:99) For utterance 20030004_629, best cost 122.666 + 5033.25 = 5155.92 over 773 frames.
20030004_629 شیڈ کے کے دشوار گیر آخری کے بغیر زور کلیدی معاوضوں بیچارے ہیں 
LOG (lattice-best-path[5.5.907~1-cbed4]:main():lattice-best-path.cc:99) For utterance 20030004_630, best cost 119.334 + 4375.9 = 4495.23 over 661 frames.
20030004_630 کیونکہ ذہنی شے شعار یا خریدے چرانے کلچر ضیغم بغیر کیا 
LOG (lattice-best-path[5.5.907~1-cbed4]:main():lattice-best-path.cc:99) For utterance 20030004_631, best cost 144.666 + 5799.46 = 5944.12 over 905 frames.
20030004_631 سیل سیکھ کو لینڈ اور بیٹھی وفاقی فیڈریشن بھیجے گزیر سے موڑ چاہیے کریں 
LOG (lattice-best-path[5.5.907~1-cbed4]:main():lattice-best-path.cc:99) For utterance 20030004_632, best cost 126.154 + 5693.98 = 5820.13 over 874 frames.
20030004_632 عزیز سے کرنے کا کے لیے کے گچھے چوروں اور کیا مجموعہ کروموسوم کی سویٹر 
LOG (lattice-best-path[5.5.907~1-cbed4]:main():lattice-best-path.cc:99) For utterance 20030004_633, best cost 116.936 + 5534.68 = 5651.62 over 822 frames.
20030004_633 پریذیڈنٹ کروانے کرنے کے لیے بلڈنگ اور فیصد کی توسیع سرہندی سکیپ 
LOG (lattice-best-path[5.5.907~1-cbed4]:main():lattice-best-path.cc:99) For utterance 20030004_634, best cost 89.5154 + 4440.57 = 4530.08 over 680 frames.
20030004_634 پریشان سے شہر کے سامنے کی بودلہ تہتر کے کرتے ہیں 
LOG (lattice-best-path[5.5.907~1-cbed4]:main():lattice-best-path.cc:99) For utterance 20030004_635, best cost 117.567 + 4506.41 = 4623.97 over 684 frames.
20030004_635 فاجر فوجیوں کی گراموفون بیٹھی گولڑوی مدت عدلیہ سے سوراخ کریں 
LOG (lattice-best-path[5.5.907~1-cbed4]:main():lattice-best-path.cc:99) For utterance 20030004_636, best cost 106.167 + 4383.42 = 4489.59 over 677 frames.
20030004_636 تمام اور خوشحالی کی چوڑیاں شاہ مریضوں جاتا تو مغفور 
LOG (lattice-best-path[5.5.907~1-cbed4]:main():lattice-best-path.cc:99) For utterance 20030004_637, best cost 90.916 + 4215.69 = 4306.6 over 652 frames.
20030004_637 بخاری سماوی بدچلنی یاں کی کی برعظیم بیرونی 
LOG (lattice-best-path[5.5.907~1-cbed4]:main():lattice-best-path.cc:99) For utterance 20030004_638, best cost 106.422 + 4898.1 = 5004.52 over 709 frames.
20030004_638 پانچوں کرکے کی شیروانی پرسوز اور سیکورٹی کیوڑہ سے چیچن 
LOG (lattice-best-path[5.5.907~1-cbed4]:main():lattice-best-path.cc:99) For utterance 20030004_639, best cost 120.814 + 5109.37 = 5230.18 over 768 frames.
20030004_639 پیٹھ پر برطرفی کرکے سے تجویز تصفیے طاغوتی گلدستہ سے ڈبو سکتیں 
LOG (lattice-best-path[5.5.907~1-cbed4]:main():lattice-best-path.cc:99) For utterance 20030004_640, best cost 125.978 + 5159.46 = 5285.43 over 768 frames.
20030004_640 چونتیس یگانگت بیٹھی کیا کیسی بائیس کی اور سے شواہد چوری ہو سکتا ہے 
LOG (lattice-best-path[5.5.907~1-cbed4]:main():lattice-best-path.cc:99) For utterance 20030004_641, best cost 83.0153 + 3930.77 = 4013.79 over 601 frames.
20030004_641 اور کارپوریشن فوقیت جذبات سے داغدار ویسے ہی ہیں 
LOG (lattice-best-path[5.5.907~1-cbed4]:main():lattice-best-path.cc:99) For utterance 20030004_642, best cost 95.3971 + 3874.33 = 3969.73 over 588 frames.
20030004_642 پرائیویٹ کی لہجے سیدھے گردش سے دوسری خواری تھیں 
LOG (lattice-best-path[5.5.907~1-cbed4]:main():lattice-best-path.cc:99) For utterance 20030004_643, best cost 99.8805 + 4190.55 = 4290.43 over 626 frames.
20030004_643 کفار سرگرمیوں مخرج عصیاں اور بولے کا سزائیں کے کریں 
LOG (lattice-best-path[5.5.907~1-cbed4]:main():lattice-best-path.cc:99) For utterance 20030004_644, best cost 115.968 + 5052.3 = 5168.27 over 753 frames.
20030004_644 پچیں اگرچہ میں کو ڈرائینگ وزراء باورچی کیسی بار سے کرتا ہے 
LOG (lattice-best-path[5.5.907~1-cbed4]:main():lattice-best-path.cc:99) For utterance 20030004_645, best cost 89.5184 + 4621.47 = 4710.99 over 687 frames.
20030004_645 ڈیڈ گردیزی نوزل تذبذب سرگرمیوں کاشف کی ہیں 
LOG (lattice-best-path[5.5.907~1-cbed4]:main():lattice-best-path.cc:99) For utterance 20030004_646, best cost 104.017 + 4445.74 = 4549.75 over 664 frames.
20030004_646 ثریا خودسوزی اور جڑی کے بعد کیا اور نگرانی بڑھائے باغیچہ ہیں 
LOG (lattice-best-path[5.5.907~1-cbed4]:main():lattice-best-path.cc:99) For utterance 20030004_647, best cost 64.5731 + 2932.61 = 2997.19 over 439 frames.
20030004_647 بوسن کے ٹرانزیکشن میچور گردوغبار ہیں 
LOG (lattice-best-path[5.5.907~1-cbed4]:main():lattice-best-path.cc:99) For utterance 20030004_648, best cost 79.0377 + 3513.53 = 3592.57 over 531 frames.
20030004_648 نے دودھیا پچاس تناول کے کے لیے پراٹھا ہیں 
LOG (lattice-best-path[5.5.907~1-cbed4]:main():lattice-best-path.cc:99) For utterance 20030004_649, best cost 78.474 + 3867.22 = 3945.7 over 582 frames.
20030004_649 اور اور کرنے سکتے بیٹھی لگاتا آمدنی کریں 
LOG (lattice-best-path[5.5.907~1-cbed4]:main():lattice-best-path.cc:99) For utterance 20030004_650, best cost 104.248 + 4676.67 = 4780.92 over 690 frames.
20030004_650 درجے پالیسی یہ اور زمین کی الہیات کے باعث کر کے ساتھ ہیں 
LOG (lattice-best-path[5.5.907~1-cbed4]:main():lattice-best-path.cc:99) For utterance 20030004_651, best cost 96.0129 + 4433.35 = 4529.36 over 679 frames.
20030004_651 اور رپورٹ بیچوں سیکورٹی باندھنے ہونے سے گیسو کی تھیں 
LOG (lattice-best-path[5.5.907~1-cbed4]:main():lattice-best-path.cc:99) For utterance 20030004_652, best cost 116.142 + 5230.46 = 5346.6 over 801 frames.
20030004_652 پرویا کیجیے دھاندلی اور کی اور کے اور عمیق انگوٹھی صورت اونچی 
LOG (lattice-best-path[5.5.907~1-cbed4]:main():lattice-best-path.cc:99) For utterance 20030004_653, best cost 87.9988 + 4638.66 = 4726.66 over 694 frames.
20030004_653 ہینگر دیسی سینٹر سے کی جیلانی کر کوسوں ہیں 
LOG (lattice-best-path[5.5.907~1-cbed4]:main():lattice-best-path.cc:99) For utterance 20030004_654, best cost 118.173 + 4696.09 = 4814.26 over 694 frames.
20030004_654 کینیڈین دیش توسیع ایشیائی جونیجو رینجرز کے اور سے لیبارٹری صبحیں 
LOG (lattice-best-path[5.5.907~1-cbed4]:main():lattice-best-path.cc:99) For utterance 20030004_655, best cost 83.9859 + 3244.42 = 3328.41 over 493 frames.
20030004_655 کیا مشیت چلیں کو معیت بدچلنی کریش ہیں 
LOG (lattice-best-path[5.5.907~1-cbed4]:main():lattice-best-path.cc:99) For utterance 20030004_656, best cost 101.281 + 4900.75 = 5002.03 over 744 frames.
20030004_656 بیساکھی تیروں پر کسی بیگج حوصلہ جوار بیس کریں 
LOG (lattice-best-path[5.5.907~1-cbed4]:main():lattice-best-path.cc:99) For utterance 20030004_657, best cost 80.9881 + 3595.82 = 3676.81 over 545 frames.
20030004_657 خاوند پھنسے کے کے فرخندہ کی طرح سمفنی ہیں 
LOG (lattice-best-path[5.5.907~1-cbed4]:main():lattice-best-path.cc:99) For utterance 20030004_658, best cost 81.7861 + 3443.61 = 3525.4 over 505 frames.
20030004_658 ہیڈکوارٹر میراں ہونے سے بیس کے بعد سے گزارنے 
LOG (lattice-best-path[5.5.907~1-cbed4]:main():lattice-best-path.cc:99) For utterance 20030004_659, best cost 110.668 + 5309.95 = 5420.62 over 796 frames.
20030004_659 پٹھے اور کھینچیں اور پوشیدہ پیغام غوروخوض کے بعد بویا حسیں 
LOG (lattice-best-path[5.5.907~1-cbed4]:main():lattice-best-path.cc:99) For utterance 20030004_660, best cost 60.2681 + 2785.88 = 2846.15 over 406 frames.
20030004_660 سویرا کے بغاوت اسلامی بیزار ہیں 
LOG (lattice-best-path[5.5.907~1-cbed4]:main():lattice-best-path.cc:99) For utterance 20030004_661, best cost 58.7147 + 3430.77 = 3489.48 over 513 frames.
20030004_661 تصفیے کے چقندر کا باخبر ہیں 
LOG (lattice-best-path[5.5.907~1-cbed4]:main():lattice-best-path.cc:99) For utterance 20030004_662, best cost 80.9715 + 3736.41 = 3817.38 over 549 frames.
20030004_662 پیکج اور کی چھاؤنیاں سے تجزیہ کی تشبیہ گئی 
LOG (lattice-best-path[5.5.907~1-cbed4]:main():lattice-best-path.cc:99) For utterance 20030004_663, best cost 116.186 + 4390.2 = 4506.39 over 658 frames.
20030004_663 کی ڈالنے جہاں جانے موقعوں کیا صارفین قبیلے کی دبیز اور ہوئیں 
LOG (lattice-best-path[5.5.907~1-cbed4]:main():lattice-best-path.cc:99) For utterance 20030004_664, best cost 117.442 + 5017.12 = 5134.56 over 744 frames.
20030004_664 پراسیس فیاضی تیاگ اور یہ غزوہ کلیجی گروں کے کھڑے ہو گئیں 
LOG (lattice-best-path[5.5.907~1-cbed4]:main():lattice-best-path.cc:99) For utterance 20030004_665, best cost 71.4938 + 3944.34 = 4015.84 over 587 frames.
20030004_665 فیصلے غصہ ریسرچ کی کو کچوکے ہوا 
LOG (lattice-best-path[5.5.907~1-cbed4]:main():lattice-best-path.cc:99) For utterance 20030004_666, best cost 85.4203 + 3284.96 = 3370.38 over 480 frames.
20030004_666 گذر ہوے اگرچہ لگاتا کثرت ایسے منیب 
LOG (lattice-best-path[5.5.907~1-cbed4]:main():lattice-best-path.cc:99) For utterance 20030004_667, best cost 55.0711 + 3715.73 = 3770.8 over 558 frames.
20030004_667 ٹھیکیدار سے چنگیزی ویڈیوز میں 
LOG (lattice-best-path[5.5.907~1-cbed4]:main():lattice-best-path.cc:99) For utterance 20030004_668, best cost 119.392 + 5074.35 = 5193.74 over 777 frames.
20030004_668 ساری ڈوریں کے کلیجی پرنیا لیجنڈ پرچھائیاں کی یہ سے جانے کیا 
LOG (lattice-best-path[5.5.907~1-cbed4]:main():lattice-best-path.cc:99) For utterance 20030004_669, best cost 78.9909 + 3534.34 = 3613.33 over 543 frames.
20030004_669 اور غزلوں پر ویڈیوز کے لیے زیڈ فوبیا ہیں 
LOG (lattice-best-path[5.5.907~1-cbed4]:main():lattice-best-path.cc:99) For utterance 20030004_670, best cost 72.5157 + 3382.84 = 3455.36 over 512 frames.
20030004_670 پڑوسی کارپوریشن ہے کہ سربراہ خوگر کریں 
LOG (lattice-best-path[5.5.907~1-cbed4]:main():lattice-best-path.cc:99) For utterance 20030004_671, best cost 137.834 + 5700.76 = 5838.6 over 872 frames.
20030004_671 قریشی سے پہلے سوسائٹی گڑیا نے بازوؤں فورس کو کی صفوں چوری بلوچی جاؤ 
LOG (lattice-best-path[5.5.907~1-cbed4]:main():lattice-best-path.cc:99) For utterance 20030004_672, best cost 100.272 + 4375.04 = 4475.31 over 652 frames.
20030004_672 کی کرنے کے شو سزائیں دوران بسر بوسن وزیرداخلہ ہیں 
LOG (lattice-best-path[5.5.907~1-cbed4]:main():lattice-best-path.cc:99) For utterance 20030004_673, best cost 81.2497 + 3503.36 = 3584.61 over 536 frames.
20030004_673 پڑھائی کے جانا پنگھوڑے چوزے نظریے بڑھائیں 
LOG (lattice-best-path[5.5.907~1-cbed4]:main():lattice-best-path.cc:99) For utterance 20030004_674, best cost 102.302 + 4515.52 = 4617.82 over 656 frames.
20030004_674 مصوروں میں پڑتا تجربہ مدغم بعد میں پھنسے کی کوشش کی 
LOG (lattice-best-path[5.5.907~1-cbed4]:main():lattice-best-path.cc:99) For utterance 20030004_675, best cost 76.5049 + 3319.19 = 3395.69 over 501 frames.
20030004_675 خاصے دریچے پر سوچیے تعاقب کرواؤ کریں 
LOG (lattice-best-path[5.5.907~1-cbed4]:main():lattice-best-path.cc:99) For utterance 20030004_676, best cost 111.526 + 4352.87 = 4464.4 over 617 frames.
20030004_676 تبدیلی کچھی سے سکتی درخور ایک زوال کیلئے زلزلے غیریقینی 
LOG (lattice-best-path[5.5.907~1-cbed4]:main():lattice-best-path.cc:99) For utterance 20030004_677, best cost 105.827 + 5295.62 = 5401.45 over 794 frames.
20030004_677 انسانیت لیبارٹری گیدڑ بعدازاں موضوع دیوبندی ہونے سے قبل کیا 
LOG (lattice-best-path[5.5.907~1-cbed4]:main():lattice-best-path.cc:99) For utterance 20030004_678, best cost 138.114 + 5723.87 = 5861.99 over 870 frames.
20030004_678 سے اپنے ساغر کی تھیٹر اوزار والوں سے چرانے کے لیے پروجیکٹ ایکسیئن شیشے کریں 
LOG (lattice-best-path[5.5.907~1-cbed4]:main():lattice-best-path.cc:99) For utterance 20030004_679, best cost 70.8207 + 3364.84 = 3435.66 over 496 frames.
20030004_679 تھوڑی اور کے تحقیقات سے گردیزی سوچیے 
LOG (lattice-best-path[5.5.907~1-cbed4]:main():lattice-best-path.cc:99) For utterance 20030004_680, best cost 107.446 + 4962.5 = 5069.94 over 764 frames.
20030004_680 چوری قدوقامت ایمبولینس ہو کر لائے اور فارسی میں کے علاوہ جاتا ہے 
LOG (lattice-best-path[5.5.907~1-cbed4]:main():lattice-best-path.cc:99) For utterance 20030004_681, best cost 109.173 + 4495.24 = 4604.41 over 688 frames.
20030004_681 بنا تشنج دیش پھونک اعتبار عزیزواقارب پیچیدہ پر سوئے ہیں 
LOG (lattice-best-path[5.5.907~1-cbed4]:main():lattice-best-path.cc:99) For utterance 20030004_682, best cost 103.199 + 4324.9 = 4428.1 over 656 frames.
20030004_682 بے کوچوان لیتی روغن کیلئے تاجدار وزیر دوبارہ رقیب 
LOG (lattice-best-path[5.5.907~1-cbed4]:main():lattice-best-path.cc:99) For utterance 20030004_683, best cost 92.8781 + 3935.59 = 4028.47 over 605 frames.
20030004_683 کے لیے سینما کی درآمدات کہانی بھنڈی کے سے دلفریب 
LOG (lattice-best-path[5.5.907~1-cbed4]:main():lattice-best-path.cc:99) For utterance 20030004_684, best cost 110.388 + 4739.6 = 4849.99 over 758 frames.
20030004_684 میری خوگر اور پینسٹھ کی چیونگم ڈیلروں کیا لیے گلدستہ ہیں 
LOG (lattice-best-path[5.5.907~1-cbed4]:main():lattice-best-path.cc:99) For utterance 20030004_685, best cost 89.6652 + 3235.09 = 3324.76 over 489 frames.
20030004_685 جو تنوع سے نیچے بخشے سے کا مسئلہ بندوق 
LOG (lattice-best-path[5.5.907~1-cbed4]:main():lattice-best-path.cc:99) For utterance 20030004_686, best cost 106.934 + 3669.15 = 3776.09 over 543 frames.
20030004_686 سے اپنے کے سدباب پیشن سویاں ریلیکس کشف مفاہمت چھوئیں 
LOG (lattice-best-path[5.5.907~1-cbed4]:main():lattice-best-path.cc:99) For utterance 20030004_687, best cost 131.652 + 5283.24 = 5414.89 over 796 frames.
20030004_687 چولہے سے برسوں سے خان کے تولید دوم پراسیس کی باہر کو کبوتر کریں 
LOG (lattice-best-path[5.5.907~1-cbed4]:main():lattice-best-path.cc:99) For utterance 20030004_688, best cost 149.747 + 5516.52 = 5666.26 over 831 frames.
20030004_688 ٹھیکیدار کی تبدیلی تجارت سنچری یاں گزارنے اور دیسی کے میراں کے پر کے باغیچہ ہیں 
LOG (lattice-best-path[5.5.907~1-cbed4]:main():lattice-best-path.cc:99) For utterance 20030004_689, best cost 123.903 + 4336.73 = 4460.63 over 645 frames.
20030004_689 مجرم کو بڑے کے ذخیرہ کیا جنگجویانہ ہے اور سوزوکی سے کچیلے کلچر ہیں 
LOG (lattice-best-path[5.5.907~1-cbed4]:main():lattice-best-path.cc:99) For utterance 20030004_690, best cost 72.724 + 3069.97 = 3142.69 over 467 frames.
20030004_690 کی پھلیاں پرتعیش تولیے کوچوان کی کرتے ہیں 
LOG (lattice-best-path[5.5.907~1-cbed4]:main():lattice-best-path.cc:99) For utterance 20030004_691, best cost 121.854 + 5191.02 = 5312.88 over 808 frames.
20030004_691 کی سیل جڑی یرغمال جوڑیاں اور بحیثیت مثال تلمیحات میں پھنسی ہیں 
LOG (lattice-best-path[5.5.907~1-cbed4]:main():lattice-best-path.cc:99) For utterance 20030004_692, best cost 87.0652 + 4314.36 = 4401.43 over 657 frames.
20030004_692 بالکل ظاہر کا کے حسینی گزارنے ادائیگی کرتے ہیں 
LOG (lattice-best-path[5.5.907~1-cbed4]:main():lattice-best-path.cc:99) For utterance 20030004_693, best cost 100.454 + 4314.49 = 4414.95 over 673 frames.
20030004_693 میڈیکل کی چوڑیاں سے کا کے مقدار بھولنا غدار محبوب 
LOG (lattice-best-path[5.5.907~1-cbed4]:main():lattice-best-path.cc:99) For utterance 20030004_694, best cost 94.2921 + 4150.91 = 4245.2 over 604 frames.
20030004_694 دلبرداشتہ قسم اخروٹ درجے موروثی چاقو چقندر ہیں 
LOG (lattice-best-path[5.5.907~1-cbed4]:main():lattice-best-path.cc:99) For utterance 20030004_695, best cost 113.584 + 4032.52 = 4146.1 over 606 frames.
20030004_695 کوئی جانے کیجیے جانے کو گیارہویں لکھی جنگوں پانی لینگویج ہیں 
LOG (lattice-best-path[5.5.907~1-cbed4]:main():lattice-best-path.cc:99) For utterance 20030004_696, best cost 88.0694 + 4190.35 = 4278.42 over 617 frames.
20030004_696 کے شیمپو سے کیا ریزروز کلثوم کی ڈائیگرام کیا گیا 
LOG (lattice-best-path[5.5.907~1-cbed4]:main():lattice-best-path.cc:99) For utterance 20030004_697, best cost 69.2524 + 3286.42 = 3355.67 over 492 frames.
20030004_697 براوو سے سینٹر بیسن کے لیے گراموفون 
LOG (lattice-best-path[5.5.907~1-cbed4]:main():lattice-best-path.cc:99) For utterance 20030004_698, best cost 75.5641 + 3100.67 = 3176.23 over 474 frames.
20030004_698 نامزد آلودگی سے شکار براؤزر تجزیہ ہیں 
LOG (lattice-best-path[5.5.907~1-cbed4]:main():lattice-best-path.cc:99) For utterance 20030004_699, best cost 118.154 + 3937.74 = 4055.89 over 596 frames.
20030004_699 نجات کے کی جمخانہ کی جڑی بنائیں کی ہذیانی غیرملکی کا مخصوص ہیں 
LOG (lattice-best-path[5.5.907~1-cbed4]:main():lattice-best-path.cc:99) For utterance 20030004_700, best cost 109.096 + 3566.3 = 3675.39 over 540 frames.
20030004_700 بوجھ درخور کی کی میں تغافل کی سوجھی چھہتر بسوں صفوں 
LOG (lattice-best-path[5.5.907~1-cbed4]:main():lattice-best-path.cc:99) For utterance 20030004_701, best cost 115.652 + 4086.58 = 4202.23 over 617 frames.
20030004_701 مظلام کا ملاؤں وزیر کی گنہگار کی ضلع کر مزدوروں بازیچہ ہیں 
LOG (lattice-best-path[5.5.907~1-cbed4]:main():lattice-best-path.cc:99) For utterance 20030004_702, best cost 106.089 + 3250.62 = 3356.71 over 513 frames.
20030004_702 ڈیڈ فیصلہ پاؤڈر کی لومڑی بڑے تشدد نادر بخشے ہیں 
LOG (lattice-best-path[5.5.907~1-cbed4]:main():lattice-best-path.cc:99) For utterance 20030004_703, best cost 80.8324 + 3202.3 = 3283.13 over 504 frames.
20030004_703 ڈیتھ جیسے دریچے پر پڑدادا مضروب پر ہیں 
LOG (lattice-best-path[5.5.907~1-cbed4]:main():lattice-best-path.cc:99) For utterance 20030004_704, best cost 100.025 + 4874.43 = 4974.46 over 762 frames.
20030004_704 چغتائی سیکشن بھائی نازاں کیونکہ چلچلاتی برابر سے ہیں 
LOG (lattice-best-path[5.5.907~1-cbed4]:main():lattice-best-path.cc:99) For utterance 20030004_705, best cost 97.4347 + 3818.36 = 3915.8 over 586 frames.
20030004_705 بھاوج چاول نائیٹروجنی موذی جارحیت ٹھاٹھیں زمرے دیں 
LOG (lattice-best-path[5.5.907~1-cbed4]:main():lattice-best-path.cc:99) For utterance 20030004_706, best cost 71.6086 + 2826.26 = 2897.87 over 434 frames.
20030004_706 بے سفید استفادے کی جماعت نیسچن ہیں 
LOG (lattice-best-path[5.5.907~1-cbed4]:main():lattice-best-path.cc:99) For utterance 20030004_707, best cost 77.4471 + 2977.45 = 3054.9 over 479 frames.
20030004_707 ماضی قم راہداری بڑی بلا میں نہ کریں 
LOG (lattice-best-path[5.5.907~1-cbed4]:main():lattice-best-path.cc:99) For utterance 20030004_708, best cost 111.369 + 4142.43 = 4253.8 over 653 frames.
20030004_708 میں چمچے سے پہلے بڑے مجھے بچہ سیکورٹی کو مشق سمجھائیں 
LOG (lattice-best-path[5.5.907~1-cbed4]:main():lattice-best-path.cc:99) For utterance 20030005_601, best cost 157.426 + 9598.74 = 9756.17 over 1496 frames.
20030005_601 مترادف باورچی کردار ڈکٹیشن میں بدچلنی کلیرنگ میں طرح کیونکہ دعاؤں کو گوگل نہیں 
LOG (lattice-best-path[5.5.907~1-cbed4]:main():lattice-best-path.cc:99) For utterance 20030005_602, best cost 230.482 + 13126.3 = 13356.8 over 2091 frames.
20030005_602 قندیل والوں کے ریمبو کے داخلوں اور کیلئے برقرار بھیڑوں بن تفتیشی باولنگ کی مجاہد کو پنجرے کر میں کی شیلٹر سے کالجوں ہیں 
LOG (lattice-best-path[5.5.907~1-cbed4]:main():lattice-best-path.cc:99) For utterance 20030005_603, best cost 174.997 + 9998.5 = 10173.5 over 1534 frames.
20030005_603 شخص فولڈر اور غزلیں کے باعث کے راہبر اٹھاؤ کلیدی ڈیبیٹ کیسوں کر تمغوں کلچر کیا ہیں 
LOG (lattice-best-path[5.5.907~1-cbed4]:main():lattice-best-path.cc:99) For utterance 20030005_604, best cost 154.18 + 10100.3 = 10254.5 over 1617 frames.
20030005_604 سندھی میں رہائشی کے گاؤں کی دراوڑی کوتاہی پیش کو پراچہ ہیڈ کے کے زیورات رہیں 
LOG (lattice-best-path[5.5.907~1-cbed4]:main():lattice-best-path.cc:99) For utterance 20030005_605, best cost 122.909 + 5012.52 = 5135.43 over 734 frames.
20030005_605 سوزش کو باریش اندھیرے شیل میں گونگے ریکارڈ داخل اب دیتا ہے 
LOG (lattice-best-path[5.5.907~1-cbed4]:main():lattice-best-path.cc:99) For utterance 20030005_606, best cost 143.458 + 6921.34 = 7064.8 over 1080 frames.
20030005_606 گونگے تمام رنگوں بلڈوزروں کی سے کی پنجروں کے تغافل جوبلی بڑی میں فضل ہیں 
LOG (lattice-best-path[5.5.907~1-cbed4]:main():lattice-best-path.cc:99) For utterance 20030005_607, best cost 97.9727 + 4887.82 = 4985.79 over 747 frames.
20030005_607 کر سرویئر کی کفار کی زدہ بنگالی باغبانی جا ہیں 
LOG (lattice-best-path[5.5.907~1-cbed4]:main():lattice-best-path.cc:99) For utterance 20030005_608, best cost 157.25 + 7130.09 = 7287.34 over 1112 frames.
20030005_608 کب کینیڈین گوگل مولا بو خورشید کا باادب چوم جائیں کی اور جناب جوبلی ہیں 
LOG (lattice-best-path[5.5.907~1-cbed4]:main():lattice-best-path.cc:99) For utterance 20030005_609, best cost 159.799 + 9303.86 = 9463.66 over 1464 frames.
20030005_609 تشنج میں دواؤں محترمہ شیلڈیں کس تو میں نہیں اور فیصلوں کے شوربہ توصیف یاب کیا 
LOG (lattice-best-path[5.5.907~1-cbed4]:main():lattice-best-path.cc:99) For utterance 20030005_610, best cost 139.87 + 8010.03 = 8149.9 over 1188 frames.
20030005_610 نوحہ سرکاری تشہیر کا کلوننگ گھمن بڑھانے عشر کی طرف سے اور پچاس ہیں 
LOG (lattice-best-path[5.5.907~1-cbed4]:main():lattice-best-path.cc:99) For utterance 20030005_611, best cost 167.827 + 8962.39 = 9130.22 over 1425 frames.
20030005_611 خودسر تہیں بنیں دھینگا سوئس کرنے سیدھے ڈبو بھرتا قرار کی گونگے کے ساتھ چلے ہیں 
LOG (lattice-best-path[5.5.907~1-cbed4]:main():lattice-best-path.cc:99) For utterance 20030005_612, best cost 158.043 + 8208.3 = 8366.35 over 1246 frames.
20030005_612 تبدیلیاں ڈیلروں افزائش سیرگاہ بوڑھا باجرہ شیفرڈ کو خوبصورت کی لینگویج گیگا خوان ہیں 
LOG (lattice-best-path[5.5.907~1-cbed4]:main():lattice-best-path.cc:99) For utterance 20030005_613, best cost 96.524 + 5627.62 = 5724.14 over 836 frames.
20030005_613 پر تجارت بروز اور چہل بورڈ شیلڈیں گلدستہ کیا 
LOG (lattice-best-path[5.5.907~1-cbed4]:main():lattice-best-path.cc:99) For utterance 20030005_614, best cost 104.888 + 6090.52 = 6195.41 over 932 frames.
20030005_614 بروز فیشن کے پہاڑوں کے ساتھ سزا کے بغیر سندھیوں کر آیا 
LOG (lattice-best-path[5.5.907~1-cbed4]:main():lattice-best-path.cc:99) For utterance 20030005_615, best cost 167.319 + 11150.3 = 11317.6 over 1726 frames.
20030005_615 داغدار شہزادی ایڈیشنل اور موئسچرائزنگ ڈبو بلڈوزر کرتے ہوئے جھولے خانگی دلجوئی نے اور بڑھا ہیں 
LOG (lattice-best-path[5.5.907~1-cbed4]:main():lattice-best-path.cc:99) For utterance 20030005_616, best cost 193.785 + 9983.91 = 10177.7 over 1496 frames.
20030005_616 تاجر آرزوئیں اور میں سونگ اور فشنگ کو فوجی گزشتہ پر کیسی جاسوسی کی میں اور فریب داخل کھا کر کیا 
LOG (lattice-best-path[5.5.907~1-cbed4]:main():lattice-best-path.cc:99) For utterance 20030005_617, best cost 137.456 + 7676.29 = 7813.75 over 1182 frames.
20030005_617 کنیئرڈ کارپوریشن کے گوشوں میں کیوں بولوں ہودہ دیکھا کر فقدان سے لگا ہے 
LOG (lattice-best-path[5.5.907~1-cbed4]:main():lattice-best-path.cc:99) For utterance 20030005_618, best cost 164.598 + 7297.28 = 7461.87 over 1099 frames.
20030005_618 خانگی بڑی سے ہوش یانگ چھاؤں والے کا کھڑے ظاہر میں کی ننگے بات کالجز کیا گیا 
LOG (lattice-best-path[5.5.907~1-cbed4]:main():lattice-best-path.cc:99) For utterance 20030005_619, best cost 107.637 + 5514.58 = 5622.22 over 868 frames.
20030005_619 تجزیے بشیر اپنی مراعات بیان کرنے میں کی جوبلی دیگر ہیں 
LOG (lattice-best-path[5.5.907~1-cbed4]:main():lattice-best-path.cc:99) For utterance 20030005_620, best cost 171.986 + 10731.1 = 10903.1 over 1764 frames.
20030005_620 شیعہ میں فلموں کے بھگوڑوں کو بوڑھوں کے سوراخ اور کے موقعوں اور اور زور شاخوں کی کامیاب کیں 
LOG (lattice-best-path[5.5.907~1-cbed4]:main():lattice-best-path.cc:99) For utterance 20030005_621, best cost 157.665 + 8647.13 = 8804.79 over 1336 frames.
20030005_621 مجلس حاشیے میں اور کر چین گہماگہمی میگزین بوگس اور جنگی بعض میں میں پھیل کی 
LOG (lattice-best-path[5.5.907~1-cbed4]:main():lattice-best-path.cc:99) For utterance 20030005_622, best cost 156.134 + 9414.51 = 9570.65 over 1476 frames.
20030005_622 چوروں کی کر میں میں باولنگ ٹھگ کی بہتری کیلئے دہشت مرضی بھیڑوں اور کرنے سے بدلیں 
LOG (lattice-best-path[5.5.907~1-cbed4]:main():lattice-best-path.cc:99) For utterance 20030005_623, best cost 116.415 + 7402.2 = 7518.61 over 1188 frames.
20030005_623 کی ٹریڈنگ ہینگر اور معاف آشوب موذی کا مہنگائی بشاش گیا 
LOG (lattice-best-path[5.5.907~1-cbed4]:main():lattice-best-path.cc:99) For utterance 20030005_624, best cost 192.263 + 9241.59 = 9433.85 over 1412 frames.
20030005_624 گھسے گینگز صفوں میں کولسری نہیں اور فوج شوخ فورس والا سود حدود کے ڈیپریشن لہریں بدشگونی تھا 
LOG (lattice-best-path[5.5.907~1-cbed4]:main():lattice-best-path.cc:99) For utterance 20030005_625, best cost 151.115 + 8191.47 = 8342.59 over 1252 frames.
20030005_625 بھڑوں پر نذر کیا بیباک کی گگلی لے کر بیوروکریسی غریب کے اور کیا فوبیا ہیں 
LOG (lattice-best-path[5.5.907~1-cbed4]:main():lattice-best-path.cc:99) For utterance 20030005_626, best cost 115.563 + 5123.12 = 5238.68 over 817 frames.
20030005_626 کلیرنگ بدظن بولوں ملی حالات بھول بے کی لاشوں نجات 
LOG (lattice-best-path[5.5.907~1-cbed4]:main():lattice-best-path.cc:99) For utterance 20030005_627, best cost 129.16 + 6954.6 = 7083.76 over 1073 frames.
20030005_627 سیرگاہ غیر طلب کینگرو اقربا میں سے بوڑھوں کے کوسوں میں درخواست گیا 
LOG (lattice-best-path[5.5.907~1-cbed4]:main():lattice-best-path.cc:99) For utterance 20030005_628, best cost 121.533 + 7435.34 = 7556.88 over 1182 frames.
20030005_628 تھیوری کرنے والے گہرے ٹریبیونل بے سنگباری کے ہوشیاری وفود کیں 
LOG (lattice-best-path[5.5.907~1-cbed4]:main():lattice-best-path.cc:99) For utterance 20030005_629, best cost 176.006 + 9612.12 = 9788.12 over 1476 frames.
20030005_629 شیڈ گیلری کے گوشوں والوں کے کو خواہ میں لیفٹیننٹ خضوع برطانوی میں منشیوں کاغذات بھیجی کا ہیں 
LOG (lattice-best-path[5.5.907~1-cbed4]:main():lattice-best-path.cc:99) For utterance 20030005_630, best cost 172.726 + 9339.8 = 9512.53 over 1457 frames.
20030005_630 کی ماخذ اور میں ماشے ہیں کے خوشگوار میں ٹھاکر بل سے والے کھلیں سنگھ سروں بیدار کیا 
LOG (lattice-best-path[5.5.907~1-cbed4]:main():lattice-best-path.cc:99) For utterance 20030005_631, best cost 208.518 + 12272.4 = 12480.9 over 1912 frames.
20030005_631 سیلز چیز بولنگ گودام بعینہ میں جوق فولاد کر کے فاروق ٹھوس بیچیں قوس میں سے بورڈر چلے دیکھا ہیں 
LOG (lattice-best-path[5.5.907~1-cbed4]:main():lattice-best-path.cc:99) For utterance 20030005_632, best cost 198.993 + 11078.4 = 11277.4 over 1758 frames.
20030005_632 حزن سیکھا میں کاروبار کی پنجروں چوروں کوڑیاں باب جواب کر کھجوریں اور کمزور میں چھوڑ ایڈریس راہبر ہیں 
LOG (lattice-best-path[5.5.907~1-cbed4]:main():lattice-best-path.cc:99) For utterance 20030005_633, best cost 212.017 + 11475.4 = 11687.4 over 1873 frames.
20030005_633 پرفارمنس کے گنگا میں تدریس کے لیے میں نیلگوں تھنوں ڈھے ہیں اور فی شعلوں کی نوزلوں اس کی چھوڑنے کیلئے کیجیے ہیں 
LOG (lattice-best-path[5.5.907~1-cbed4]:main():lattice-best-path.cc:99) For utterance 20030005_634, best cost 104.261 + 6270.04 = 6374.3 over 952 frames.
20030005_634 گلیشئیر جشن کے سپاہیوں بیورو اور کی یا کی برقرار ہیں 
LOG (lattice-best-path[5.5.907~1-cbed4]:main():lattice-best-path.cc:99) For utterance 20030005_635, best cost 162.447 + 8469.21 = 8631.66 over 1336 frames.
20030005_635 خاص مینگل پوچھیں کی لوحوں فولاد ممبر ہیں اور لنگر فرمائیں سعید بھینس واقعہ ہیں 
LOG (lattice-best-path[5.5.907~1-cbed4]:main():lattice-best-path.cc:99) For utterance 20030005_636, best cost 127.656 + 8537.95 = 8665.61 over 1361 frames.
20030005_636 کو اور خشوع ندرت کی جوبلی کہکشاؤں مسز ہو جاتا تو کو صوبوں 
LOG (lattice-best-path[5.5.907~1-cbed4]:main():lattice-best-path.cc:99) For utterance 20030005_637, best cost 154.082 + 9188.71 = 9342.79 over 1457 frames.
20030005_637 تنخواہ دھوپ میں تصورات میں کی کوش کرنے دھینگا مشتی کی عرصے میں گھوم اور بیرونی ہیں 
LOG (lattice-best-path[5.5.907~1-cbed4]:main():lattice-best-path.cc:99) For utterance 20030005_638, best cost 160.378 + 11409.5 = 11569.8 over 1828 frames.
20030005_638 کاجو گوجر کی شیڈول گرہیں سے اپنے شور اور تھوڑی کو کھڑے کے گناہ سے بچاؤ پوچھیں 
LOG (lattice-best-path[5.5.907~1-cbed4]:main():lattice-best-path.cc:99) For utterance 20030005_639, best cost 171.2 + 9484.88 = 9656.08 over 1432 frames.
20030005_639 کلیجی کے دفتر کی بلکہ دل سے کر چیز کر سے کے باوجود چیز سربراہ سزائیں گوشے ہیں 
LOG (lattice-best-path[5.5.907~1-cbed4]:main():lattice-best-path.cc:99) For utterance 20030005_640, best cost 158.884 + 8680.1 = 8838.98 over 1348 frames.
20030005_640 چوزوں کینگرو برابر کی معیاری نظریے کی سمیت کونسل میں کے شالا کا پنچولی خوفزدہ ہیں 
LOG (lattice-best-path[5.5.907~1-cbed4]:main():lattice-best-path.cc:99) For utterance 20030005_641, best cost 140.893 + 6991.29 = 7132.18 over 1054 frames.
20030005_641 اور اور چہرے شروع فوجوں کی پاک شہباز کی برخلاف کر بینک سے بہ ہیں 
LOG (lattice-best-path[5.5.907~1-cbed4]:main():lattice-best-path.cc:99) For utterance 20030005_642, best cost 125.63 + 6817.16 = 6942.79 over 1041 frames.
20030005_642 حریفوں کیفے میچ کیسی کے کو بخشیں بھینسیں نفوذ کے نواب دیں 
LOG (lattice-best-path[5.5.907~1-cbed4]:main():lattice-best-path.cc:99) For utterance 20030005_643, best cost 176.658 + 8529.29 = 8705.95 over 1310 frames.
20030005_643 تحفہ غالب سے محفل بڑھائیں ہیرو خوف پنجروں سے بہائیں اور بودلہ سے ظاہر بہ بام ہیں 
LOG (lattice-best-path[5.5.907~1-cbed4]:main():lattice-best-path.cc:99) For utterance 20030005_644, best cost 159.467 + 10070.5 = 10229.9 over 1611 frames.
20030005_644 پنچھی حکومت چیئرمین گونگے دوڑائیں اور بااللہ بخشی کیسی کر سے خانگی بردار کے ہیں 
LOG (lattice-best-path[5.5.907~1-cbed4]:main():lattice-best-path.cc:99) For utterance 20030005_645, best cost 147.337 + 6712.87 = 6860.21 over 1022 frames.
20030005_645 کے پاؤڈر کے جیون گذر کے ساڑھے بوجوہ مسخرے کرنے میں کی فوج شمار کرتے ہیں 
LOG (lattice-best-path[5.5.907~1-cbed4]:main():lattice-best-path.cc:99) For utterance 20030005_646, best cost 137.493 + 7493.34 = 7630.83 over 1156 frames.
20030005_646 سوری ناخواندگی چوزے میں اور چنگل میں جمخانہ اور بھیڑیا میں بڑھائیں باندھیں کریں 
LOG (lattice-best-path[5.5.907~1-cbed4]:main():lattice-best-path.cc:99) For utterance 20030005_647, best cost 108.915 + 6623.58 = 6732.49 over 1067 frames.
20030005_647 بااثر کے خانقاہوں زیورات گوگل چوروں کر بوڑھوں اور کا ہیں 
LOG (lattice-best-path[5.5.907~1-cbed4]:main():lattice-best-path.cc:99) For utterance 20030005_648, best cost 104.345 + 6196.4 = 6300.74 over 990 frames.
20030005_648 میلے میں دودھیا چاشنی تمغہ خرچ اور کے لیے پڑھوا تھا 
LOG (lattice-best-path[5.5.907~1-cbed4]:main():lattice-best-path.cc:99) For utterance 20030005_649, best cost 111.2 + 6582.54 = 6693.74 over 1041 frames.
20030005_649 پُلوں کو کمیونسٹ کر کے بحیرہ چوہوں کا فیڈر لاڈلے ہیں 
LOG (lattice-best-path[5.5.907~1-cbed4]:main():lattice-best-path.cc:99) For utterance 20030005_650, best cost 135.328 + 8576.5 = 8711.83 over 1355 frames.
20030005_650 پنجرے باولنگ کی سینئر اور سوال کمینگی وزیرداخلہ کے رہائش کر قضا ہیں 
LOG (lattice-best-path[5.5.907~1-cbed4]:main():lattice-best-path.cc:99) For utterance 20030005_651, best cost 126.075 + 6926.89 = 7052.96 over 1131 frames.
20030005_651 توڑیں کی بیرونی کوچوں کی کھوہ کی گرہیں گھورنے سے پہلے سعودی کیں 
LOG (lattice-best-path[5.5.907~1-cbed4]:main():lattice-best-path.cc:99) For utterance 20030005_652, best cost 157.897 + 9347.42 = 9505.31 over 1502 frames.
20030005_652 پر ینگ کیجیے میں کا نیرنگ بولروں کیلئے اور پیروکاروں نیرنگ گھور کے صوبوں پر پوچھیں 
LOG (lattice-best-path[5.5.907~1-cbed4]:main():lattice-best-path.cc:99) For utterance 20030005_653, best cost 142.429 + 7478.08 = 7620.51 over 1176 frames.
20030005_653 تلور بخاری لیڈز کا سے مضروب باؤلر قبضے لکھی ڈیجیٹل کر کو زبوں 
LOG (lattice-best-path[5.5.907~1-cbed4]:main():lattice-best-path.cc:99) For utterance 20030005_654, best cost 138.606 + 8961.38 = 9099.99 over 1361 frames.
20030005_654 کرکے اور دیش ہوسٹس کی بشیر عاشور کونسلر کی اور صرف کینیڈین انستھیزیا ہیں 
LOG (lattice-best-path[5.5.907~1-cbed4]:main():lattice-best-path.cc:99) For utterance 20030005_655, best cost 108.617 + 6462.04 = 6570.66 over 1022 frames.
20030005_655 بنگلے بخشیں کی بدچلنی کو تبدیل زور بچائیں تابش ہیں 
LOG (lattice-best-path[5.5.907~1-cbed4]:main():lattice-best-path.cc:99) For utterance 20030005_656, best cost 161.265 + 10480 = 10641.3 over 1668 frames.
20030005_656 گوگل سے سبزی پروجیکٹ انداز لڑیں ہینگر بچائیں اور شوروم اور چاہوں گرہیں قضا ہیں 
LOG (lattice-best-path[5.5.907~1-cbed4]:main():lattice-best-path.cc:99) For utterance 20030005_657, best cost 142.293 + 6939.03 = 7081.32 over 1099 frames.
20030005_657 کا بولنگ کافی دب گذر ہیں کے کر زوردار کی حاضری گھونگٹ فرمائیں ہیں 
LOG (lattice-best-path[5.5.907~1-cbed4]:main():lattice-best-path.cc:99) For utterance 20030005_658, best cost 96.3425 + 6281.47 = 6377.81 over 1003 frames.
20030005_658 بلند ڈوب کامیاب بگٹی زیردست کے بعد سے گزارنے 
LOG (lattice-best-path[5.5.907~1-cbed4]:main():lattice-best-path.cc:99) For utterance 20030005_659, best cost 136.553 + 8267.69 = 8404.24 over 1291 frames.
20030005_659 پھرتی خوگر چلیں بھوجپوری کا تمغوں روزوں کروا بولیں کیا پیشرو ہیں 
LOG (lattice-best-path[5.5.907~1-cbed4]:main():lattice-best-path.cc:99) For utterance 20030005_660, best cost 86.1517 + 4964.31 = 5050.46 over 779 frames.
20030005_660 اور بڑھاوں کے بغیر کیا غزوہ میں نہیں بعدازاں ہیں 
LOG (lattice-best-path[5.5.907~1-cbed4]:main():lattice-best-path.cc:99) For utterance 20030005_661, best cost 105.287 + 7791.54 = 7896.83 over 1252 frames.
20030005_661 کو ضعف گھلیں کے لیے گوشوں کامیاب کا داغدار دوا ہیں 
LOG (lattice-best-path[5.5.907~1-cbed4]:main():lattice-best-path.cc:99) For utterance 20030005_662, best cost 132.32 + 6780.7 = 6913.02 over 1067 frames.
20030005_662 تخریب شاخوں کی پرچیاں چلیں کوسوں خوفوں بھی دلنشیں گوندھیں بہ ہیں 
LOG (lattice-best-path[5.5.907~1-cbed4]:main():lattice-best-path.cc:99) For utterance 20030005_663, best cost 164.783 + 8651.03 = 8815.82 over 1336 frames.
20030005_663 کی ڈوریں چراغاں چار کو اور بندوق چوڑیاں پر ساخت کی ہوئیں جھینگے کی تنقیص دھوپ نہیں 
LOG (lattice-best-path[5.5.907~1-cbed4]:main():lattice-best-path.cc:99) For utterance 20030005_664, best cost 153.91 + 8644.22 = 8798.13 over 1316 frames.
20030005_664 پر آسیہ لیبر بازوؤں میں تناول نے کا موضوعات کو کیلئے سے کے رخوں کے کھڑے ہو گیا 
LOG (lattice-best-path[5.5.907~1-cbed4]:main():lattice-best-path.cc:99) For utterance 20030005_665, best cost 115.524 + 5099.98 = 5215.5 over 779 frames.
20030005_665 فیضان خسارے لوگوں اور میں سے سیلرز جنگوں آغاز پر فراواں ہیں 
LOG (lattice-best-path[5.5.907~1-cbed4]:main():lattice-best-path.cc:99) For utterance 20030005_666, best cost 117.621 + 6831.12 = 6948.75 over 1073 frames.
20030005_666 بونس جیگوار اور ذوالجلال مطبوعہ خانقاہوں تصورات خیر سے بولے 
LOG (lattice-best-path[5.5.907~1-cbed4]:main():lattice-best-path.cc:99) For utterance 20030005_667, best cost 124.674 + 8241.88 = 8366.55 over 1323 frames.
20030005_667 کی بل کے گاڑھا سے چنگیزی بھول سے کی گنگولی گز سنگباری ہیں 
LOG (lattice-best-path[5.5.907~1-cbed4]:main():lattice-best-path.cc:99) For utterance 20030005_668, best cost 161.663 + 9657.91 = 9819.58 over 1489 frames.
20030005_668 سعودی زور کی کے پڑے نصف کو بحیرہ رینجرز کا کر سوراخ پگڑیاں کی سرنجیں لگا 
LOG (lattice-best-path[5.5.907~1-cbed4]:main():lattice-best-path.cc:99) For utterance 20030005_669, best cost 111.996 + 7105.19 = 7217.18 over 1112 frames.
20030005_669 غوروخوض انگیخت ماؤف اور بورڈ میں ویڈیوز کر کیلئے ضروریات 
LOG (lattice-best-path[5.5.907~1-cbed4]:main():lattice-best-path.cc:99) For utterance 20030005_670, best cost 96.8455 + 6536.05 = 6632.9 over 1035 frames.
20030005_670 کو زیر خواہش راہگیر صاحب بوئنگ ڈاکوؤں کا کرو 
LOG (lattice-best-path[5.5.907~1-cbed4]:main():lattice-best-path.cc:99) For utterance 20030005_671, best cost 173.909 + 8875.9 = 9049.81 over 1368 frames.
20030005_671 بشیر زلزلے ساری گاڑیاں میں کا صوفی عورت سموئے کے سوزوکی گنگولی میں بولوں اور شیرے جاؤں 
LOG (lattice-best-path[5.5.907~1-cbed4]:main():lattice-best-path.cc:99) For utterance 20030005_672, best cost 128.461 + 7732.41 = 7860.88 over 1163 frames.
20030005_672 پنگھوڑے ایشوز چلائی یہ کو فورم خاوند بدصورت کوسوں وزیرداخلہ ہیں 
LOG (lattice-best-path[5.5.907~1-cbed4]:main():lattice-best-path.cc:99) For utterance 20030005_673, best cost 111.53 + 6506.33 = 6617.86 over 1048 frames.
20030005_673 کلراٹھی کی چھاؤں بالاخر میں کی چوزے نزلے غیرت پڑھائی ہیں 
LOG (lattice-best-path[5.5.907~1-cbed4]:main():lattice-best-path.cc:99) For utterance 20030005_674, best cost 159.746 + 9791.24 = 9950.99 over 1604 frames.
20030005_674 نقشوں میں پُلوں میں کر کا پراچہ بیدار کر پوجا پھیلیں ٹھوس نیوز میں کی کوشش کی 
LOG (lattice-best-path[5.5.907~1-cbed4]:main():lattice-best-path.cc:99) For utterance 20030005_675, best cost 105.369 + 8133.35 = 8238.72 over 1297 frames.
20030005_675 تاجر بوڑھی کے لیے پر سوچے بولوں خوفوں کا اور کرتا ہے 
LOG (lattice-best-path[5.5.907~1-cbed4]:main():lattice-best-path.cc:99) For utterance 20030005_676, best cost 134.421 + 8290.08 = 8424.5 over 1278 frames.
20030005_676 پونے جعلسازی سرہندی جاوید جو آپ میں کمینگی شریف جھگڑے پرکھے ہیں 
LOG (lattice-best-path[5.5.907~1-cbed4]:main():lattice-best-path.cc:99) For utterance 20030005_677, best cost 140.036 + 9027.83 = 9167.87 over 1380 frames.
20030005_677 انسانیت انگوٹھی بولنگ بغیر بعدازاں اور سعودی ہوئیں کرائیں کی طرف سے دریافت 
LOG (lattice-best-path[5.5.907~1-cbed4]:main():lattice-best-path.cc:99) For utterance 20030005_678, best cost 236.926 + 12637.5 = 12874.4 over 2052 frames.
20030005_678 صرف بحثوں آپ کو کلیدی فیض پڑا عرف بس ماؤزے شیئرنگ میں کے لیے پڑھو جانب فی منیب سے نشر کے ہیں شیڈ کیں 
LOG (lattice-best-path[5.5.907~1-cbed4]:main():lattice-best-path.cc:99) For utterance 20030005_679, best cost 94.664 + 6140.5 = 6235.17 over 958 frames.
20030005_679 خواری اور بہتری چلچلاتی کولسری تیزی سے شیریں 
LOG (lattice-best-path[5.5.907~1-cbed4]:main():lattice-best-path.cc:99) For utterance 20030005_680, best cost 143.337 + 8197.52 = 8340.86 over 1316 frames.
20030005_680 کلومیٹر چوڑیاں پہنچائیں ہوے کلیرنگ پھولدار پراٹھا برس میں میں تھوڑا کا رکھتا ہے 
LOG (lattice-best-path[5.5.907~1-cbed4]:main():lattice-best-path.cc:99) For utterance 20030005_681, best cost 159.046 + 10062.7 = 10221.7 over 1611 frames.
20030005_681 پڑتا خوشیوں بیچیں شیر کو گیراج کر باعث تھوڑی دونوں اور بخشی کا پرچھائیاں ہیں 
LOG (lattice-best-path[5.5.907~1-cbed4]:main():lattice-best-path.cc:99) For utterance 20030005_682, best cost 182.949 + 10542.9 = 10725.9 over 1656 frames.
20030005_682 بھیگی فوجوں شعاع میں کی امور کر پنجرے کا معاشیات چچا کرائیں اور زلفیں کے گوجر موعود کیے 
LOG (lattice-best-path[5.5.907~1-cbed4]:main():lattice-best-path.cc:99) For utterance 20030005_683, best cost 125.629 + 8664.75 = 8790.38 over 1355 frames.
20030005_683 پر سے موقف کی جبڑوں کر پیغمبر نہیں بلدیاتی کی میں گیسیں نہ کریں 
LOG (lattice-best-path[5.5.907~1-cbed4]:main():lattice-best-path.cc:99) For utterance 20030005_684, best cost 124.513 + 7754.75 = 7879.26 over 1208 frames.
20030005_684 مریضوں لومڑی خوفوں طرزفکر کے کی ڈوب میں پوٹھوہاری کر درخت اور 
LOG (lattice-best-path[5.5.907~1-cbed4]:main():lattice-best-path.cc:99) For utterance 20030005_685, best cost 106.022 + 5688 = 5794.02 over 881 frames.
20030005_685 کوچوں فروزاں کی گھروں شیر بخشے سے غزلوں بندوق ہیں 
LOG (lattice-best-path[5.5.907~1-cbed4]:main():lattice-best-path.cc:99) For utterance 20030005_686, best cost 142.583 + 7134.44 = 7277.02 over 1067 frames.
20030005_686 صوفی بینگن میں سرخی ایئر گوگل فشار صلاحیتیں مزیدار شو شروع شو 
LOG (lattice-best-path[5.5.907~1-cbed4]:main():lattice-best-path.cc:99) For utterance 20030005_687, best cost 187.946 + 10691.1 = 10879 over 1656 frames.
20030005_687 سوئس کے بااصول سے حالانکہ کھولے ہیں بو بھولیں قضا سے سے کی ابواب کر کوچوں قوت زود اور ہیں 
LOG (lattice-best-path[5.5.907~1-cbed4]:main():lattice-best-path.cc:99) For utterance 20030005_688, best cost 187.815 + 11222.5 = 11410.3 over 1796 frames.
20030005_688 خلیل فلیچر گردیزی بارش پرسش یاب مزارعوں اور دیش کی کی بیجوں میں قانونگو کر فریب کالجوں 
LOG (lattice-best-path[5.5.907~1-cbed4]:main():lattice-best-path.cc:99) For utterance 20030005_689, best cost 159.897 + 9117.12 = 9277.01 over 1496 frames.
20030005_689 بھومی گوبر درس تحقیقات کیا جونیجو بارے اور افسوس کو فصلیں پرچم پر چار ہیں 
LOG (lattice-best-path[5.5.907~1-cbed4]:main():lattice-best-path.cc:99) For utterance 20030005_690, best cost 97.9221 + 6348.72 = 6446.64 over 881 frames.
20030005_690 کی منشیانہ کا ایس کے شعلوں ایمبولینس چوائس میں جاتا ہے 
LOG (lattice-best-path[5.5.907~1-cbed4]:main():lattice-best-path.cc:99) For utterance 20030005_691, best cost 147.159 + 10111.7 = 10258.8 over 1368 frames.
20030005_691 کی سے دلجوئی لہذا جیسے اور آفس اولاد سیلز سازوسامان سالہاسال ایسا سے اس 
LOG (lattice-best-path[5.5.907~1-cbed4]:main():lattice-best-path.cc:99) For utterance 20030005_692, best cost 105.766 + 9084.32 = 9190.08 over 1220 frames.
20030005_692 سکورز اوصاف پراسیس گیسو سالہاسال سے زیست خاص احساس 
LOG (lattice-best-path[5.5.907~1-cbed4]:main():lattice-best-path.cc:99) For utterance 20030005_693, best cost 103.006 + 6847 = 6950.01 over 939 frames.
20030005_693 سیاح سے جوئیہ سیرگاہ اضافہ کیا سازوسامان لیڈز اس 
LOG (lattice-best-path[5.5.907~1-cbed4]:main():lattice-best-path.cc:99) For utterance 20030005_694, best cost 129.686 + 9011.98 = 9141.66 over 1208 frames.
20030005_694 سمجھدار شعاع سیکشن شاخ اثاثوں سے جیسے اور سے کی سوا اور چوائس 
LOG (lattice-best-path[5.5.907~1-cbed4]:main():lattice-best-path.cc:99) For utterance 20030005_695, best cost 134.55 + 8126.54 = 8261.09 over 1105 frames.
20030005_695 سوری کی جرنیل کیجیے جائیں سوچا اور ایڈجسٹ کی شجر اور مینوئل اجلاس 
LOG (lattice-best-path[5.5.907~1-cbed4]:main():lattice-best-path.cc:99) For utterance 20030005_696, best cost 145.986 + 8215.33 = 8361.32 over 1131 frames.
20030005_696 تشخص اور سے ایڈجسٹ کیسز ایس کوسموس شعوری سانسوں سیلز آہستہ سیاح اس 
LOG (lattice-best-path[5.5.907~1-cbed4]:main():lattice-best-path.cc:99) For utterance 20030005_697, best cost 95.2512 + 5693.75 = 5789 over 772 frames.
20030005_697 کو اور سے سبزیوں مستعد زدہ ایسا کا اور سیاسی 
LOG (lattice-best-path[5.5.907~1-cbed4]:main():lattice-best-path.cc:99) For utterance 20030005_698, best cost 97.9968 + 8367.58 = 8465.58 over 1124 frames.
20030005_698 سزا سزا سٹوڈیوز ایشز کا سوری سزا لباس 
LOG (lattice-best-path[5.5.907~1-cbed4]:main():lattice-best-path.cc:99) For utterance 20030005_699, best cost 140.018 + 9981.5 = 10121.5 over 1342 frames.
20030005_699 سیلز کے سیلز اوصاف خاص کی چالیس احساس کے ساتھ حیثیت کی اثاثوں جوس 
LOG (lattice-best-path[5.5.907~1-cbed4]:main():lattice-best-path.cc:99) For utterance 20030005_700, best cost 138.191 + 10717.6 = 10855.8 over 1419 frames.
20030005_700 ہوش کوسموس کی اس تذلیل سے سوراخ اس کی سوجھی سچل اثاثوں ثلث 
LOG (lattice-best-path[5.5.907~1-cbed4]:main():lattice-best-path.cc:99) For utterance 20030005_701, best cost 154.556 + 12553.8 = 12708.3 over 1681 frames.
20030005_701 خضوع زدہ موسم اونس توضیح استفہامیہ سیاسی سسٹم وائرس حوض سازوسامان اداس 
LOG (lattice-best-path[5.5.907~1-cbed4]:main():lattice-best-path.cc:99) For utterance 20030005_702, best cost 144.205 + 8667.61 = 8811.81 over 1150 frames.
20030005_702 سڑنے فیصلہ سود اس کی موذی سے سہارے سوئس شاہ زوردار ثلث نشست 
LOG (lattice-best-path[5.5.907~1-cbed4]:main():lattice-best-path.cc:99) For utterance 20030005_703, best cost 96.2432 + 6977.02 = 7073.27 over 952 frames.
20030005_703 سالہاسال صیہونی چیز کیسز اور سودا اژدھا خاص 
LOG (lattice-best-path[5.5.907~1-cbed4]:main():lattice-best-path.cc:99) For utterance 20030005_704, best cost 137.369 + 10345.4 = 10482.8 over 1355 frames.
20030005_704 چوکھٹ حادثے شخص اور سیاح ساز گیسیں سے داخل آہستہ سیروسیاحت اس 
LOG (lattice-best-path[5.5.907~1-cbed4]:main():lattice-best-path.cc:99) For utterance 20030005_705, best cost 99.221 + 6951.94 = 7051.16 over 958 frames.
20030005_705 سالہاسال جیز مسحور ایسا سالہاسال حصوں سے ایمبولینس 
LOG (lattice-best-path[5.5.907~1-cbed4]:main():lattice-best-path.cc:99) For utterance 20030005_706, best cost 112.37 + 8234.82 = 8347.19 over 1086 frames.
20030005_706 سیلرز سموسے ثمر زیست کے ساتھ ایشز گیسو حاصل جوس 
LOG (lattice-best-path[5.5.907~1-cbed4]:main():lattice-best-path.cc:99) For utterance 20030005_707, best cost 117.356 + 6577.33 = 6694.69 over 888 frames.
20030005_707 سازباز سے سوواں سوا ہیڈ سوختہ ایڈریس ضلع سیاح ایس 
LOG (lattice-best-path[5.5.907~1-cbed4]:main():lattice-best-path.cc:99) For utterance 20030005_708, best cost 142.156 + 7323.47 = 7465.62 over 1009 frames.
20030005_708 سچل شیل سے ایڈریس زور اینگلو صیہونی شستہ سے جاگیرداروں مشعر سے گیس 
LOG (lattice-best-path[5.5.907~1-cbed4]:main():lattice-best-path.cc:99) For utterance 20030010_601, best cost 150.869 + 7502.14 = 7653.01 over 985 frames.
20030010_601 بااثر پہنچ کی کردار کی شلجم جیلانی گئی خودسر امور کے تعاقب کو گوگل کیں 
LOG (lattice-best-path[5.5.907~1-cbed4]:main():lattice-best-path.cc:99) For utterance 20030010_602, best cost 200.873 + 9127.37 = 9328.24 over 1203 frames.
20030010_602 گروتھ کانجی کرنے خاطر پرچیز ابو بھگوئیں پڑھائی چلو بدظن شعائر جھٹکے باریش کر نیچی ششدر ساز ہے 
LOG (lattice-best-path[5.5.907~1-cbed4]:main():lattice-best-path.cc:99) For utterance 20030010_603, best cost 134.641 + 6396.57 = 6531.21 over 833 frames.
20030010_603 شعار شدہ نزلے جوئیہ استفادے عمل کو کارکردگی کیسوں برطانوی چاول کیا 
LOG (lattice-best-path[5.5.907~1-cbed4]:main():lattice-best-path.cc:99) For utterance 20030010_604, best cost 145.625 + 6622.03 = 6767.65 over 856 frames.
20030010_604 سلسلے ڈائیگرام گیدڑ برطرفی کو باعث کو آپ چاہئے کے کس کی تخیّل رعیت 
LOG (lattice-best-path[5.5.907~1-cbed4]:main():lattice-best-path.cc:99) For utterance 20030010_605, best cost 84.7715 + 3887.58 = 3972.35 over 513 frames.
20030010_605 سوچا شلجم ڈکٹیشن آلودگی کر داخل دیتا ہے 
LOG (lattice-best-path[5.5.907~1-cbed4]:main():lattice-best-path.cc:99) For utterance 20030010_606, best cost 96.2776 + 4672.14 = 4768.42 over 608 frames.
20030010_606 پیچیدگیوں داخل رخصت سے تشدد آفس کی تجزیہ تھے 
LOG (lattice-best-path[5.5.907~1-cbed4]:main():lattice-best-path.cc:99) For utterance 20030010_607, best cost 77.9582 + 3188.18 = 3266.13 over 420 frames.
20030010_607 پسند ریسکیو پرچیز عوام گیگا منیجر ہے 
LOG (lattice-best-path[5.5.907~1-cbed4]:main():lattice-best-path.cc:99) For utterance 20030010_608, best cost 101.608 + 4485.7 = 4587.3 over 582 frames.
20030010_608 کو پنگھوڑے دولخت کو خوشخبری چمچہ نیچی سوجن کو کی 
LOG (lattice-best-path[5.5.907~1-cbed4]:main():lattice-best-path.cc:99) For utterance 20030010_609, best cost 130.305 + 5584.84 = 5715.14 over 736 frames.
20030010_609 تشنج تلمیحات بگڑ ماچھی ڈسکوری دریافت کی جھگی جو درخواست کیا کیا 
LOG (lattice-best-path[5.5.907~1-cbed4]:main():lattice-best-path.cc:99) For utterance 20030010_610, best cost 116.8 + 5800.42 = 5917.22 over 803 frames.
20030010_610 ہوا سیکشن یزدانی دودھیا ملنے کا نیچے جیسے بجٹ ایسا ہے 
LOG (lattice-best-path[5.5.907~1-cbed4]:main():lattice-best-path.cc:99) For utterance 20030010_611, best cost 118.793 + 6513.9 = 6632.69 over 868 frames.
20030010_611 قسم نے بینگن خواستگار میوزک جرگہ اور جرگہ کی دوشیزہ اچھی 
LOG (lattice-best-path[5.5.907~1-cbed4]:main():lattice-best-path.cc:99) For utterance 20030010_612, best cost 136.31 + 6643.4 = 6779.71 over 921 frames.
20030010_612 تبدیلیاں کی ورزش سمجھ آمدورفت جرگہ چاہے فروخت کو بچی رانجھا خمار دیں 
LOG (lattice-best-path[5.5.907~1-cbed4]:main():lattice-best-path.cc:99) For utterance 20030010_613, best cost 68.0839 + 3508.71 = 3576.8 over 452 frames.
20030010_613 تنولی باخبر ساجد گلیشئیر کے جاتا ہے 
LOG (lattice-best-path[5.5.907~1-cbed4]:main():lattice-best-path.cc:99) For utterance 20030010_614, best cost 102.072 + 4418.76 = 4520.83 over 578 frames.
20030010_614 دلجوئی فیڈریشن کے تعین کے ساتھ سمجھی بغیر سمجھو پرچیاں 
LOG (lattice-best-path[5.5.907~1-cbed4]:main():lattice-best-path.cc:99) For utterance 20030010_615, best cost 150.576 + 7309.04 = 7459.61 over 960 frames.
20030010_615 ٹھگ آتشزدگی نیسچن موئسچرائزنگ پرسوز پرتھوی جونیئر دھاندلی کی دلجوئی میں کو ہینگر آیا 
LOG (lattice-best-path[5.5.907~1-cbed4]:main():lattice-best-path.cc:99) For utterance 20030010_616, best cost 178.498 + 7379.75 = 7558.24 over 989 frames.
20030010_616 کا جرنیل درود میں سترھویں شگفتہ لوث عاشق تنقیص ایگلز آمدورفت کی مخالفت آہستہ تیاگ سیاحت 
LOG (lattice-best-path[5.5.907~1-cbed4]:main():lattice-best-path.cc:99) For utterance 20030010_617, best cost 99.0015 + 5019.12 = 5118.13 over 669 frames.
20030010_617 کا میراتھن سوجن بدچلنی کی سویٹر کی طرف پچاسویں لگا 
LOG (lattice-best-path[5.5.907~1-cbed4]:main():lattice-best-path.cc:99) For utterance 20030010_618, best cost 128.993 + 6151 = 6279.99 over 824 frames.
20030010_618 پالمر تابش سمجھا سمجھو والا خسارے میں تعمیر کے بعد اس کیا کیا ہیں 
LOG (lattice-best-path[5.5.907~1-cbed4]:main():lattice-best-path.cc:99) For utterance 20030010_619, best cost 87.6374 + 3777.21 = 3864.85 over 519 frames.
20030010_619 کسی کی چشتی آمدنی آمدنی پنجابی کی جا ہیں 
LOG (lattice-best-path[5.5.907~1-cbed4]:main():lattice-best-path.cc:99) For utterance 20030010_620, best cost 142.909 + 6412.04 = 6554.94 over 820 frames.
20030010_620 چیل ملنے تندہی بوڑھوں منظم جوئیہ کی محبوبہ خضوع آشوب کی کیا منجھی 
LOG (lattice-best-path[5.5.907~1-cbed4]:main():lattice-best-path.cc:99) For utterance 20030010_621, best cost 157.639 + 7593.25 = 7750.89 over 1024 frames.
20030010_621 میں گوجر ایڈریس خاصی منتظر چین کے والدین بھنڈی سے گلدستہ جڑی نماز نکل کی 
LOG (lattice-best-path[5.5.907~1-cbed4]:main():lattice-best-path.cc:99) For utterance 20030010_622, best cost 102.211 + 6051.77 = 6153.99 over 764 frames.
20030010_622 کوچ دارومدار دیکھتے تجربہ رسیدہ دیکھ پالیسی گزیر 
LOG (lattice-best-path[5.5.907~1-cbed4]:main():lattice-best-path.cc:99) For utterance 20030010_623, best cost 92.1003 + 4853.8 = 4945.9 over 664 frames.
20030010_623 بدچلنی درسگاہوں منافعے سوئس داڑھی جنریشن نے کیا 
LOG (lattice-best-path[5.5.907~1-cbed4]:main():lattice-best-path.cc:99) For utterance 20030010_624, best cost 123.095 + 5827.2 = 5950.29 over 790 frames.
20030010_624 ہنوز تسلسل سے درخواست کو رزاق حدود کے گلشن کے میں بدشگونی تھا 
LOG (lattice-best-path[5.5.907~1-cbed4]:main():lattice-best-path.cc:99) For utterance 20030010_625, best cost 109.9 + 4945.07 = 5054.97 over 665 frames.
20030010_625 جیلانی سزا انٹیلیجینس سیاسی گدے گردیزی پرچم واقعے کو گیا 
LOG (lattice-best-path[5.5.907~1-cbed4]:main():lattice-best-path.cc:99) For utterance 20030010_626, best cost 77.0395 + 3371.18 = 3448.22 over 465 frames.
20030010_626 کلیرنگ گزرے گڑیا دھجیاں نسخہ سمجھا 
LOG (lattice-best-path[5.5.907~1-cbed4]:main():lattice-best-path.cc:99) For utterance 20030010_627, best cost 108.046 + 5163.56 = 5271.61 over 712 frames.
20030010_627 سینٹر والدین انگوٹھے ہرادھنیا سے بڑھانے تو فون انعقاد کیا 
LOG (lattice-best-path[5.5.907~1-cbed4]:main():lattice-best-path.cc:99) For utterance 20030010_628, best cost 104.702 + 5111.58 = 5216.28 over 709 frames.
20030010_628 گوہر سرگرمیوں لگانے کیا دریچے چیلنجز کنسورشیم وفود کی 
LOG (lattice-best-path[5.5.907~1-cbed4]:main():lattice-best-path.cc:99) For utterance 20030010_629, best cost 144.742 + 6291.55 = 6436.29 over 876 frames.
20030010_629 چھیل کے کے کو شعاع کیا فراخدلی فیڈر تنازع روضے موجودہ پسند کے چھڑیاں 
LOG (lattice-best-path[5.5.907~1-cbed4]:main():lattice-best-path.cc:99) For utterance 20030010_630, best cost 95.7823 + 4898.63 = 4994.41 over 668 frames.
20030010_630 تعین گزشتہ میراتھن بیچارے کلچر ضیغم دیگر کیا 
LOG (lattice-best-path[5.5.907~1-cbed4]:main():lattice-best-path.cc:99) For utterance 20030010_631, best cost 152.568 + 7196.35 = 7348.91 over 964 frames.
20030010_631 سیاسی فوراً مدافعت بیڈروم میں تحفتا دیش پر خاصی چلغوزے سے سے معطل چائلڈ ہے 
LOG (lattice-best-path[5.5.907~1-cbed4]:main():lattice-best-path.cc:99) For utterance 20030010_632, best cost 172.695 + 9024.62 = 9197.31 over 1219 frames.
20030010_632 تیزی زیادہ ندا کے بوریت کی اچک چوری یہودی چادر کاجو اور سوئیوں چھوڑیں بغیر دیکھوں 
LOG (lattice-best-path[5.5.907~1-cbed4]:main():lattice-best-path.cc:99) For utterance 20030010_633, best cost 160.101 + 7401.68 = 7561.78 over 1056 frames.
20030010_633 پسند عملا بگاڑنے تقویت کی کی کیا اور فیصد کی قوس کسی سوئنگ کے بھیگی چہرے 
LOG (lattice-best-path[5.5.907~1-cbed4]:main():lattice-best-path.cc:99) For utterance 20030010_634, best cost 102.212 + 5072.54 = 5174.75 over 708 frames.
20030010_634 گلیشئر جشن کے سامنے ڈوڈیاں تھی برتن گینگسٹر کیا ہیں 
LOG (lattice-best-path[5.5.907~1-cbed4]:main():lattice-best-path.cc:99) For utterance 20030010_635, best cost 110.83 + 5306.11 = 5416.94 over 722 frames.
20030010_635 پاسبان ازخود سیڑھیاں باولنگ بیچے پگڑی مرتب یا سیاست کریں 
LOG (lattice-best-path[5.5.907~1-cbed4]:main():lattice-best-path.cc:99) For utterance 20030010_636, best cost 116.874 + 4839.32 = 4956.19 over 677 frames.
20030010_636 گومگو خشوع نجی جوئیہ چمڑے سے جو جاتا تو میں تفاوت 
LOG (lattice-best-path[5.5.907~1-cbed4]:main():lattice-best-path.cc:99) For utterance 20030010_637, best cost 106.613 + 5066.86 = 5173.48 over 703 frames.
20030010_637 دکھاوے صاحب آماجگاہ رنجیدہ موڈ کیجیے گیسیں ادھیڑ ہوئیں 
LOG (lattice-best-path[5.5.907~1-cbed4]:main():lattice-best-path.cc:99) For utterance 20030010_638, best cost 157.437 + 8289.32 = 8446.76 over 1134 frames.
20030010_638 طرف توجہ گوجر کی شیلٹر گائنی پورے سوئچ اور اٹھی کو کھچی سیاست جلسے ہیں 
LOG (lattice-best-path[5.5.907~1-cbed4]:main():lattice-best-path.cc:99) For utterance 20030010_639, best cost 149.1 + 7270.22 = 7419.32 over 1011 frames.
20030010_639 پھیرتے دولخت تقسیم دھوپ سے جیسے تشخیص کر سدباب بچی گوہر تسلسل دو سکتیں 
LOG (lattice-best-path[5.5.907~1-cbed4]:main():lattice-best-path.cc:99) For utterance 20030010_640, best cost 122.919 + 5931.69 = 6054.61 over 822 frames.
20030010_640 چاہئے باورچی داڑھی ضخیم دیسی کونسل کی شماریات بخوبی پوشیدہ ہیں 
LOG (lattice-best-path[5.5.907~1-cbed4]:main():lattice-best-path.cc:99) For utterance 20030010_641, best cost 96.6936 + 5172.32 = 5269.01 over 712 frames.
20030010_641 کوارڈینیٹر ایشوز کرکے تابش بازیچہ غریب اینگزائٹی تھیں 
LOG (lattice-best-path[5.5.907~1-cbed4]:main():lattice-best-path.cc:99) For utterance 20030010_642, best cost 100.374 + 4515.76 = 4616.13 over 638 frames.
20030010_642 خفگی سیفٹی ماچس کیجیے گردش تنفس دیوار تو کی 
LOG (lattice-best-path[5.5.907~1-cbed4]:main():lattice-best-path.cc:99) For utterance 20030010_643, best cost 105.475 + 4750.59 = 4856.06 over 664 frames.
20030010_643 دراوڑی ذخائر پڑھئے مخرج سنایا دو گیراج سے زندگی نہیں 
LOG (lattice-best-path[5.5.907~1-cbed4]:main():lattice-best-path.cc:99) For utterance 20030010_644, best cost 133.664 + 6411.45 = 6545.12 over 908 frames.
20030010_644 ترچھی اگرچہ بن بھگو دعائیہ زیورات کھچڑی کیسی برڈ سے میں پر بات کی 
LOG (lattice-best-path[5.5.907~1-cbed4]:main():lattice-best-path.cc:99) For utterance 20030010_645, best cost 136.071 + 5583.47 = 5719.55 over 768 frames.
20030010_645 کی جرنیل پرچیز مینگل ضعف کے صاحب قصور مظہر تک میں کی افزائش سکتیں 
LOG (lattice-best-path[5.5.907~1-cbed4]:main():lattice-best-path.cc:99) For utterance 20030010_646, best cost 112.008 + 5243.15 = 5355.15 over 734 frames.
20030010_646 ذریعہ غزلیات چبھنے کے بعد تبدیلیاں میں گارلینڈ داخلوں گائنی گئی 
LOG (lattice-best-path[5.5.907~1-cbed4]:main():lattice-best-path.cc:99) For utterance 20030010_647, best cost 70.4812 + 3739.95 = 3810.43 over 517 frames.
20030010_647 بااثر تنازعے بلبل جو گردوغبار کریں 
LOG (lattice-best-path[5.5.907~1-cbed4]:main():lattice-best-path.cc:99) For utterance 20030010_648, best cost 97.0116 + 4139.58 = 4236.6 over 573 frames.
20030010_648 خلیے گوجر چاچو تنخواہ خرچ کر کیا پڑھوا تھا 
LOG (lattice-best-path[5.5.907~1-cbed4]:main():lattice-best-path.cc:99) For utterance 20030010_649, best cost 78.4868 + 3592.15 = 3670.63 over 478 frames.
20030010_649 تو خدانخواستہ ٹریفک کر باتھو آمدنی لگائیں 
LOG (lattice-best-path[5.5.907~1-cbed4]:main():lattice-best-path.cc:99) For utterance 20030010_650, best cost 128.261 + 6377.33 = 6505.6 over 870 frames.
20030010_650 ہجے کا دیسی بآسانی یا کی کے تاخیر دعائیہ کے باعث تک ظاہر ہیں 
LOG (lattice-best-path[5.5.907~1-cbed4]:main():lattice-best-path.cc:99) For utterance 20030010_651, best cost 113.482 + 4939.85 = 5053.34 over 699 frames.
20030010_651 کولیسٹرول مرچنٹ کی قدرتی ادغام کے تو میں سے پہلے سعودی چیف 
LOG (lattice-best-path[5.5.907~1-cbed4]:main():lattice-best-path.cc:99) For utterance 20030010_652, best cost 126.785 + 5465.57 = 5592.35 over 777 frames.
20030010_652 پیتھالوجی جچتا مدعیان کی پر کروانے وجدان بوم کے سندھو پہنچ لیں 
LOG (lattice-best-path[5.5.907~1-cbed4]:main():lattice-best-path.cc:99) For utterance 20030010_653, best cost 94.7116 + 4572.24 = 4666.95 over 638 frames.
20030010_653 پروگرام اس کسی جمگھٹا عزیز ڈیجیٹل کر قصوروار 
LOG (lattice-best-path[5.5.907~1-cbed4]:main():lattice-best-path.cc:99) For utterance 20030010_654, best cost 109.383 + 5892.4 = 6001.78 over 838 frames.
20030010_654 طبیعت اشخاص کی اشعار چندھیا رفعت لوث کمینگی میں سکتیں 
LOG (lattice-best-path[5.5.907~1-cbed4]:main():lattice-best-path.cc:99) For utterance 20030010_655, best cost 78.2376 + 3358.31 = 3436.54 over 465 frames.
20030010_655 غلام بخشی چنیوٹی ڈیتھ بجھائی دیش ہے 
LOG (lattice-best-path[5.5.907~1-cbed4]:main():lattice-best-path.cc:99) For utterance 20030010_656, best cost 116.671 + 6467.41 = 6584.08 over 918 frames.
20030010_656 بیضے کے ٹریڈنگ تزئین لینڈ بچایا سمجھدار میں بھینٹ کس کریں 
LOG (lattice-best-path[5.5.907~1-cbed4]:main():lattice-best-path.cc:99) For utterance 20030010_657, best cost 69.1824 + 3923.19 = 3992.37 over 540 frames.
20030010_657 آمدورفت طرزعمل جیسے سرفراز حافظے ہیں 
LOG (lattice-best-path[5.5.907~1-cbed4]:main():lattice-best-path.cc:99) For utterance 20030010_658, best cost 77.9379 + 4133.92 = 4211.85 over 591 frames.
20030010_658 پر نظرثانی تنظیم بیس کی بااثر زبوں 
LOG (lattice-best-path[5.5.907~1-cbed4]:main():lattice-best-path.cc:99) For utterance 20030010_659, best cost 131.894 + 5690.68 = 5822.57 over 779 frames.
20030010_659 بھیجی کو جھنڈے جید گھوڑے تبسم دولت خاص کے بعد بوریت کے سوویں 
LOG (lattice-best-path[5.5.907~1-cbed4]:main():lattice-best-path.cc:99) For utterance 20030010_660, best cost 55.0318 + 3497.18 = 3552.21 over 482 frames.
20030010_660 کو ایڈورٹائزنگ گداز کامیڈی اجزا 
LOG (lattice-best-path[5.5.907~1-cbed4]:main():lattice-best-path.cc:99) For utterance 20030010_661, best cost 74.5254 + 4253.83 = 4328.35 over 578 frames.
20030010_661 پھسل کینیڈین ایشو درآمدات پر بڑھائیں 
LOG (lattice-best-path[5.5.907~1-cbed4]:main():lattice-best-path.cc:99) For utterance 20030010_662, best cost 87.342 + 4267.38 = 4354.72 over 575 frames.
20030010_662 کر چیلنجوں دھجیاں کا جیسے بسیار کے تصفیے گے 
LOG (lattice-best-path[5.5.907~1-cbed4]:main():lattice-best-path.cc:99) For utterance 20030010_663, best cost 86.3197 + 5021.43 = 5107.75 over 656 frames.
20030010_663 کی اچانک ابڑو اچھل ساجد کے کی تجویز کو ہوئے 
LOG (lattice-best-path[5.5.907~1-cbed4]:main():lattice-best-path.cc:99) For utterance 20030010_664, best cost 129.614 + 5905.33 = 6034.95 over 790 frames.
20030010_664 پراسیس کے ڈیزرٹ مٹھائیاں خریدے تنازع وقعت کی چیک ایڈووکیٹ کے کو گے 
LOG (lattice-best-path[5.5.907~1-cbed4]:main():lattice-best-path.cc:99) For utterance 20030010_665, best cost 77.2869 + 4194.18 = 4271.46 over 569 frames.
20030010_665 قیصر خسارے سے جیسی کر کا سفیدے اور 
LOG (lattice-best-path[5.5.907~1-cbed4]:main():lattice-best-path.cc:99) For utterance 20030010_666, best cost 93.8987 + 3777.76 = 3871.66 over 505 frames.
20030010_666 دوسروں قیصر چیلنج باخبر درسگاہ خیر سندھو دیئے 
LOG (lattice-best-path[5.5.907~1-cbed4]:main():lattice-best-path.cc:99) For utterance 20030010_667, best cost 93.5857 + 5178.79 = 5272.37 over 731 frames.
20030010_667 کے لیے کے باعث سے چند چلغوزے کی مجیب بوسن ہوئے 
LOG (lattice-best-path[5.5.907~1-cbed4]:main():lattice-best-path.cc:99) For utterance 20030010_668, best cost 114.996 + 5396.54 = 5511.53 over 739 frames.
20030010_668 چارجز اور ڈیجیٹل ایلوویرا لیجنڈ پٹھے چھائیاں نااہلیت سے جانبدار 
LOG (lattice-best-path[5.5.907~1-cbed4]:main():lattice-best-path.cc:99) For utterance 20030010_669, best cost 108.15 + 4208.24 = 4316.39 over 557 frames.
20030010_669 فورس اعظم نوزل دوڑنے ضد کے لیے ڈیزرٹ رونے جنگجویانہ 
LOG (lattice-best-path[5.5.907~1-cbed4]:main():lattice-best-path.cc:99) For utterance 20030010_670, best cost 89.4805 + 4874.2 = 4963.68 over 653 frames.
20030010_670 پروسیسر آسیہ شیل کے ضرورت درخور کے کر کرو 
LOG (lattice-best-path[5.5.907~1-cbed4]:main():lattice-best-path.cc:99) For utterance 20030010_671, best cost 130.634 + 5353.79 = 5484.42 over 712 frames.
20030010_671 خوشی سے پہلے سوسائٹی گڑیا میں کا اثرورسوخ کو تصدق چوری میں گوشے جاؤ 
LOG (lattice-best-path[5.5.907~1-cbed4]:main():lattice-best-path.cc:99) For utterance 20030010_672, best cost 109.202 + 4394.45 = 4503.65 over 626 frames.
20030010_672 کی جمیعت ایشوز جنگوں فقدان بسر پاس اگرچہ تبدیلیاں ہے 
LOG (lattice-best-path[5.5.907~1-cbed4]:main():lattice-best-path.cc:99) For utterance 20030010_673, best cost 93.8228 + 4349.06 = 4442.88 over 621 frames.
20030010_673 پڑھائی چچا مواد جوڑیں جو سنگھاسن طرفین پٹھان 
LOG (lattice-best-path[5.5.907~1-cbed4]:main():lattice-best-path.cc:99) For utterance 20030010_674, best cost 98.622 + 5539.3 = 5637.92 over 777 frames.
20030010_674 تشنج دارومدار پچھتر درآمدات کیونکہ حسینی کی کوشش کی 
LOG (lattice-best-path[5.5.907~1-cbed4]:main():lattice-best-path.cc:99) For utterance 20030010_675, best cost 100.753 + 4956.71 = 5057.46 over 686 frames.
20030010_675 تاجر بوڑھی کیلئے پر سوچے تغافل تعاقب گاؤ اڑائیں 
LOG (lattice-best-path[5.5.907~1-cbed4]:main():lattice-best-path.cc:99) For utterance 20030010_676, best cost 112.031 + 4328.41 = 4440.45 over 587 frames.
20030010_676 تقسیم ایشز سے چمن کیچڑ زوال میں رنجش جھگڑے پر تھی 
LOG (lattice-best-path[5.5.907~1-cbed4]:main():lattice-best-path.cc:99) For utterance 20030010_677, best cost 141.614 + 5638.61 = 5780.23 over 788 frames.
20030010_677 گزارنے سیاسی بجھی بوئے مدھم بعدازاں موسم دھونی پروگرام ڈیجیٹل برسراقتدار کیا 
LOG (lattice-best-path[5.5.907~1-cbed4]:main():lattice-best-path.cc:99) For utterance 20030010_678, best cost 156.93 + 8243.41 = 8400.34 over 1203 frames.
20030010_678 سرفہرست آرتھوپیڈک کے پاس زوال زچ اڑانے کے لیے خالد کچیلے جیسے مشعر کے چھ کریں 
LOG (lattice-best-path[5.5.907~1-cbed4]:main():lattice-best-path.cc:99) For utterance 20030010_679, best cost 64.0295 + 3005.7 = 3069.73 over 411 frames.
20030010_679 کھویا کے کی تحصیلدار سکتے زچگی 
LOG (lattice-best-path[5.5.907~1-cbed4]:main():lattice-best-path.cc:99) For utterance 20030010_680, best cost 96.5218 + 4920.91 = 5017.43 over 662 frames.
20030010_680 چوری بدصورت انفلوئنزا درخور تو پراسسنگ میں کیا جاتا ہے 
LOG (lattice-best-path[5.5.907~1-cbed4]:main():lattice-best-path.cc:99) For utterance 20030010_681, best cost 104.326 + 5417.54 = 5521.86 over 755 frames.
20030010_681 تشنج ایشو خواستگار رسولی گلوبل ترچھی دعاگو سوراخ 
LOG (lattice-best-path[5.5.907~1-cbed4]:main():lattice-best-path.cc:99) For utterance 20030010_682, best cost 121.536 + 5717.01 = 5838.54 over 794 frames.
20030010_682 دیباچہ کی گروتھ پنجرے تناسب چادر باعث کے جا معلوم چیزیں 
LOG (lattice-best-path[5.5.907~1-cbed4]:main():lattice-best-path.cc:99) For utterance 20030010_683, best cost 97.6609 + 4833.64 = 4931.3 over 669 frames.
20030010_683 کی سماجی چڑھاؤ پتھل میں میں بھیجی کے کی سمیت کریں 
LOG (lattice-best-path[5.5.907~1-cbed4]:main():lattice-best-path.cc:99) For utterance 20030010_684, best cost 94.4827 + 4653.11 = 4747.59 over 673 frames.
20030010_684 مے ٹیلیفون واضح کے جھوم رویہ کی طرح پٹھان 
LOG (lattice-best-path[5.5.907~1-cbed4]:main():lattice-best-path.cc:99) For utterance 20030010_685, best cost 82.4622 + 3717.29 = 3799.75 over 522 frames.
20030010_685 جذبات توسیع بچے بخشے سرفراز لنگر دو 
LOG (lattice-best-path[5.5.907~1-cbed4]:main():lattice-best-path.cc:99) For utterance 20030010_686, best cost 111.254 + 4805.67 = 4916.92 over 671 frames.
20030010_686 سفیدے ضخیم کی کوشش سبب معیاری مسز خشوع شاخ بچّو 
LOG (lattice-best-path[5.5.907~1-cbed4]:main():lattice-best-path.cc:99) For utterance 20030010_687, best cost 137.376 + 6488.79 = 6626.17 over 885 frames.
20030010_687 ساغر سبب سیروسیاحت پنگھوڑے کب چار درخواست سیکھا کر درجوں مجذوب گئی 
LOG (lattice-best-path[5.5.907~1-cbed4]:main():lattice-best-path.cc:99) For utterance 20030010_688, best cost 161.584 + 7599.35 = 7760.93 over 1064 frames.
20030010_688 تجرد کی چادر بچہ قاسم جھریاں مزارعوں اور دی چیخنے مقام کے تراجم داخل جان 
LOG (lattice-best-path[5.5.907~1-cbed4]:main():lattice-best-path.cc:99) For utterance 20030010_689, best cost 124.942 + 4613.62 = 4738.56 over 625 frames.
20030010_689 دوچند کی اجازت زیادہ جنگجوؤں اور بنایا اثاثوں فصلیں بجٹ ترچھا ہے 
LOG (lattice-best-path[5.5.907~1-cbed4]:main():lattice-best-path.cc:99) For utterance 20030010_690, best cost 62.9273 + 2916.79 = 2979.72 over 384 frames.
20030010_690 کلچر تعمیر شعلوں ترجمانی جاتا ہے 
LOG (lattice-best-path[5.5.907~1-cbed4]:main():lattice-best-path.cc:99) For utterance 20030010_691, best cost 117.5 + 5146.35 = 5263.85 over 712 frames.
20030010_691 چیزیں جوڑے کیا فاجر دنیاوی سے قضا تمغوں بلاخوف میں ٹھونس دیئے 
LOG (lattice-best-path[5.5.907~1-cbed4]:main():lattice-best-path.cc:99) For utterance 20030010_692, best cost 113.324 + 5091.24 = 5204.57 over 703 frames.
20030010_692 تخلص تھانیدار ٹیڑھے سندھو جھنڈے اٹھائیس کے بُدھی خاطر بڑھاوں 
LOG (lattice-best-path[5.5.907~1-cbed4]:main():lattice-best-path.cc:99) For utterance 20030010_693, best cost 88.4333 + 3519.1 = 3607.54 over 493 frames.
20030010_693 پیدا تجزیہ سے تجرد کا تبدیلیاں دھڑام محدود 
LOG (lattice-best-path[5.5.907~1-cbed4]:main():lattice-best-path.cc:99) For utterance 20030010_694, best cost 124.735 + 6166.14 = 6290.87 over 853 frames.
20030010_694 تہتر چوائس اشفاق خاص آقاؤں جلسے عارضی تعاقب چقندر بنائیں 
LOG (lattice-best-path[5.5.907~1-cbed4]:main():lattice-best-path.cc:99) For utterance 20030010_695, best cost 109.553 + 4234.72 = 4344.27 over 596 frames.
20030010_695 خلجی چارجز جانے پنجروں پر چیچک کمپنی میں گھوم جان 
LOG (lattice-best-path[5.5.907~1-cbed4]:main():lattice-best-path.cc:99) For utterance 20030010_696, best cost 107.182 + 4260.05 = 4367.23 over 612 frames.
20030010_696 تشخص ایجنسیز سے فضول مصور بنانے کیلئے افسران کیا جائیداد 
LOG (lattice-best-path[5.5.907~1-cbed4]:main():lattice-best-path.cc:99) For utterance 20030010_697, best cost 58.475 + 3265.24 = 3323.72 over 465 frames.
20030010_697 پراسسنگ بغیر زندگی لگاتا ہو گا 
LOG (lattice-best-path[5.5.907~1-cbed4]:main():lattice-best-path.cc:99) For utterance 20030010_698, best cost 82.962 + 3284.67 = 3367.63 over 474 frames.
20030010_698 بعدازاں دبیز شگاف بروز تاجر زنگ لگا 
LOG (lattice-best-path[5.5.907~1-cbed4]:main():lattice-best-path.cc:99) For utterance 20030010_699, best cost 95.4144 + 4230.48 = 4325.9 over 587 frames.
20030010_699 تجویز وفاقی چڑیل پرخچے چیلنجز میں جماعت سوچوں 
LOG (lattice-best-path[5.5.907~1-cbed4]:main():lattice-best-path.cc:99) For utterance 20030010_700, best cost 96.6373 + 4177.72 = 4274.35 over 561 frames.
20030010_700 کو ساتھیوں کی کر سینئر تغافل جھڑپ کر خصوصا کو 
LOG (lattice-best-path[5.5.907~1-cbed4]:main():lattice-best-path.cc:99) For utterance 20030010_701, best cost 137.5 + 5680.5 = 5818 over 808 frames.
20030010_701 ہیں مضمون سامان وظیفہ مدد چیزیں جواب انداز غدودوں گذر جھریاں ہیں 
LOG (lattice-best-path[5.5.907~1-cbed4]:main():lattice-best-path.cc:99) For utterance 20030010_702, best cost 111.747 + 4344.36 = 4456.11 over 608 frames.
20030010_702 کیفے صفوں بچی دھوپ میں کھڑے خوشہ اعظم نادر بشمول 
LOG (lattice-best-path[5.5.907~1-cbed4]:main():lattice-best-path.cc:99) For utterance 20030010_703, best cost 79.9956 + 4583.25 = 4663.25 over 647 frames.
20030010_703 پیدائش سے تربیتی چینی کے گردوغبار ضرورت ہے 
LOG (lattice-best-path[5.5.907~1-cbed4]:main():lattice-best-path.cc:99) For utterance 20030010_704, best cost 111.331 + 5432.42 = 5543.75 over 766 frames.
20030010_704 چارجز ایشز متاثرین اس سرنجیں کی جذبات کی چراغاں پراسیس 
LOG (lattice-best-path[5.5.907~1-cbed4]:main():lattice-best-path.cc:99) For utterance 20030010_705, best cost 104.825 + 4176.35 = 4281.17 over 578 frames.
20030010_705 بااثر تھیٹر مٹھل لیس کی چادر لاگت کا خصوصا کریں 
LOG (lattice-best-path[5.5.907~1-cbed4]:main():lattice-best-path.cc:99) For utterance 20030010_706, best cost 82.3299 + 4480.23 = 4562.56 over 627 frames.
20030010_706 پرچیز کیفے سے تاجر گندم آٹھ مرچوں 
LOG (lattice-best-path[5.5.907~1-cbed4]:main():lattice-best-path.cc:99) For utterance 20030010_707, best cost 64.5216 + 3236.67 = 3301.19 over 449 frames.
20030010_707 بعض گنہگار گھریلو بلگرامی نہ کریں 
LOG (lattice-best-path[5.5.907~1-cbed4]:main():lattice-best-path.cc:99) For utterance 20030010_708, best cost 95.6554 + 3963.87 = 4059.52 over 548 frames.
20030010_708 چمچے میں سٹرلنگ مجیب اشخاص جدید خاموش سمجھائیں 
LOG (lattice-best-path[5.5.907~1-cbed4]:main():lattice-best-path.cc:99) For utterance 20030013_601, best cost 99.7526 + 6008.5 = 6108.25 over 952 frames.
20030013_601 واقعتاً توصیف کے کالجوں میں سیمینار ڈیویلپر توقع کریں 
LOG (lattice-best-path[5.5.907~1-cbed4]:main():lattice-best-path.cc:99) For utterance 20030013_602, best cost 173.59 + 7760.26 = 7933.85 over 1201 frames.
20030013_602 پروا رینگتے محور پر کے مرغابیوں خورشید پانچ انتہاؤں پر میں جھنڈے میں کی سیر تجزیہ آرزوئیں ہے 
LOG (lattice-best-path[5.5.907~1-cbed4]:main():lattice-best-path.cc:99) For utterance 20030013_603, best cost 125.682 + 5627.13 = 5752.81 over 875 frames.
20030013_603 چاچو کرنے کی ٹرانسفر کیا منوا برطرفی میں بےقصور پروگراموں تصور ہے 
LOG (lattice-best-path[5.5.907~1-cbed4]:main():lattice-best-path.cc:99) For utterance 20030013_604, best cost 133.033 + 5830.27 = 5963.31 over 920 frames.
20030013_604 سوجھی معیاری داؤد کی برابر پڑی پٹھان سے پہچان کے بوسن افسردہ ہیں 
LOG (lattice-best-path[5.5.907~1-cbed4]:main():lattice-best-path.cc:99) For utterance 20030013_605, best cost 83.8968 + 3854.92 = 3938.82 over 606 frames.
20030013_605 سوزش سوگوار چوزے پیشنگوئی کی طرح تخلص ہیں 
LOG (lattice-best-path[5.5.907~1-cbed4]:main():lattice-best-path.cc:99) For utterance 20030013_606, best cost 111.538 + 4117.67 = 4229.21 over 638 frames.
20030013_606 کچوکے کے نامور سیاح صدیوں دیتا فورس کی بڑی بزدل ہیں 
LOG (lattice-best-path[5.5.907~1-cbed4]:main():lattice-best-path.cc:99) For utterance 20030013_607, best cost 59.1891 + 2881.3 = 2940.49 over 440 frames.
20030013_607 تسلسل فتحیاب آمدنی اندھادھند ہیں 
LOG (lattice-best-path[5.5.907~1-cbed4]:main():lattice-best-path.cc:99) For utterance 20030013_608, best cost 96.7609 + 4954.41 = 5051.17 over 798 frames.
20030013_608 قدآدم کے ماؤف قفس پردھان چمچہ میں دوچند ہوئیں 
LOG (lattice-best-path[5.5.907~1-cbed4]:main():lattice-best-path.cc:99) For utterance 20030013_609, best cost 87.6372 + 4237.05 = 4324.68 over 651 frames.
20030013_609 گلیشئیر والیم افسردہ لفظوں گردوغبار تحصیلدار سے 
LOG (lattice-best-path[5.5.907~1-cbed4]:main():lattice-best-path.cc:99) For utterance 20030013_610, best cost 112.626 + 5113.9 = 5226.53 over 792 frames.
20030013_610 خواص ایجنسیوں تحصیلوں کی پرنیا پچز طرفین حریت ایسا ہیں 
LOG (lattice-best-path[5.5.907~1-cbed4]:main():lattice-best-path.cc:99) For utterance 20030013_611, best cost 62.9199 + 3738.01 = 3800.93 over 580 frames.
20030013_611 سرنجیں وافر ایڈورٹائزنگ کے ساتھ لیں 
LOG (lattice-best-path[5.5.907~1-cbed4]:main():lattice-best-path.cc:99) For utterance 20030013_612, best cost 106.777 + 5201.1 = 5307.87 over 804 frames.
20030013_612 تلخیوں کیوں سے سیراب ورلڈکپ سفر غفور پر شاخوں ہے 
LOG (lattice-best-path[5.5.907~1-cbed4]:main():lattice-best-path.cc:99) For utterance 20030013_613, best cost 52.3059 + 2731.89 = 2784.2 over 414 frames.
20030013_613 خبر ماخوذ کے وزیرداخلہ ہیں 
LOG (lattice-best-path[5.5.907~1-cbed4]:main():lattice-best-path.cc:99) For utterance 20030013_614, best cost 79.6203 + 3419.36 = 3498.98 over 523 frames.
20030013_614 طفیل انفارمیشن فرینڈ اضافہ ورژن طبیعت 
LOG (lattice-best-path[5.5.907~1-cbed4]:main():lattice-best-path.cc:99) For utterance 20030013_615, best cost 149.011 + 6762.13 = 6911.14 over 1105 frames.
20030013_615 خیرخواہ سیاح میں دریچوں سندھو بلڈوزر کے میں جمخانہ مفید ڈیوڑھی میں ہوا ایوان ہیں 
LOG (lattice-best-path[5.5.907~1-cbed4]:main():lattice-best-path.cc:99) For utterance 20030013_616, best cost 154.198 + 6237.29 = 6391.49 over 977 frames.
20030013_616 کا چئرمین اور میں جمخانہ میں زنخوں فروزاں وصف گردیزی تبسم دیوار برتن پائیدار کیا 
LOG (lattice-best-path[5.5.907~1-cbed4]:main():lattice-best-path.cc:99) For utterance 20030013_617, best cost 91.5324 + 4032.25 = 4123.78 over 632 frames.
20030013_617 خام ایڈورٹائزنگ کے وفود میں جلوس قدآدم تاثرات 
LOG (lattice-best-path[5.5.907~1-cbed4]:main():lattice-best-path.cc:99) For utterance 20030013_618, best cost 106.739 + 4749.99 = 4856.73 over 734 frames.
20030013_618 خادم فلسفے ہاتھوں سنایا خسارے محنت کے بعد بستر کی ہے 
LOG (lattice-best-path[5.5.907~1-cbed4]:main():lattice-best-path.cc:99) For utterance 20030013_619, best cost 77.0356 + 2855.94 = 2932.98 over 440 frames.
20030013_619 فیاضی غزلیات متغیر میں نظریے کی جید 
LOG (lattice-best-path[5.5.907~1-cbed4]:main():lattice-best-path.cc:99) For utterance 20030013_620, best cost 128.451 + 5621.35 = 5749.8 over 900 frames.
20030013_620 سے جیون میں بھنوؤں سویاں تبدیلیاں وباؤں پرجوش خانگی دھیان مدفون 
LOG (lattice-best-path[5.5.907~1-cbed4]:main():lattice-best-path.cc:99) For utterance 20030013_621, best cost 114.725 + 4921.2 = 5035.93 over 779 frames.
20030013_621 گوجر ڈزاسٹر منتظر کیفے معاون سے نصف پچاسویں بینک کی 
LOG (lattice-best-path[5.5.907~1-cbed4]:main():lattice-best-path.cc:99) For utterance 20030013_622, best cost 108.228 + 4197.65 = 4305.88 over 657 frames.
20030013_622 پوچھی لڑیں مینگل گردش دلفریب طرزعمل جانبدار میں سے وجود 
LOG (lattice-best-path[5.5.907~1-cbed4]:main():lattice-best-path.cc:99) For utterance 20030013_623, best cost 67.1888 + 3542.15 = 3609.34 over 574 frames.
20030013_623 کینیڈین بڑھاوا فرسودہ سامان رانجھا گیا 
LOG (lattice-best-path[5.5.907~1-cbed4]:main():lattice-best-path.cc:99) For utterance 20030013_624, best cost 130.418 + 5439.37 = 5569.78 over 811 frames.
20030013_624 حفاظ سے ٹیلیفون میڈیسن افواج وفاؤں صوبوں پرہجوم پر سندھیوں وجود تھا 
LOG (lattice-best-path[5.5.907~1-cbed4]:main():lattice-best-path.cc:99) For utterance 20030013_625, best cost 97.2622 + 4783.61 = 4880.88 over 696 frames.
20030013_625 خوشیوں ایگزیکٹو کی حاجی گدے طبیعت ماتھے فوبیا 
LOG (lattice-best-path[5.5.907~1-cbed4]:main():lattice-best-path.cc:99) For utterance 20030013_626, best cost 55.7808 + 2800.49 = 2856.27 over 420 frames.
20030013_626 غیرضروری حیران جنگجویانہ تھانہ 
LOG (lattice-best-path[5.5.907~1-cbed4]:main():lattice-best-path.cc:99) For utterance 20030013_627, best cost 116.613 + 5721.31 = 5837.92 over 926 frames.
20030013_627 خیرخواہ حیران ہیں کیا والدین پاسبان میں تیروں کے کو خانقاہوں 
LOG (lattice-best-path[5.5.907~1-cbed4]:main():lattice-best-path.cc:99) For utterance 20030013_628, best cost 80.0161 + 4307.08 = 4387.09 over 644 frames.
20030013_628 ترجیحات میں پارلیمنٹرین انہونی پرچھائیاں وفود کی 
LOG (lattice-best-path[5.5.907~1-cbed4]:main():lattice-best-path.cc:99) For utterance 20030013_629, best cost 112.265 + 5848.38 = 5960.65 over 894 frames.
20030013_629 چیل جیوئش والوں کے خوفوں میں کی آواز کمینگی متحدہ تیزگام 
LOG (lattice-best-path[5.5.907~1-cbed4]:main():lattice-best-path.cc:99) For utterance 20030013_630, best cost 87.8194 + 4107.18 = 4195 over 606 frames.
20030013_630 تیاگ ایشز انار بسیار چوزے سے تعمیر ہیں 
LOG (lattice-best-path[5.5.907~1-cbed4]:main():lattice-best-path.cc:99) For utterance 20030013_631, best cost 119.943 + 5683.25 = 5803.19 over 843 frames.
20030013_631 خاصی عزیزواقارب میں اخبار کے ہیں پر اپنے طوفاں زوردار سالگرہ ہیں 
LOG (lattice-best-path[5.5.907~1-cbed4]:main():lattice-best-path.cc:99) For utterance 20030013_632, best cost 148.634 + 6507.9 = 6656.53 over 1009 frames.
20030013_632 قاضی سیکھیں کاندھلوی یقین جھنجھوڑ بلین بھجوا پر کھجوریں اور صاحب جھولے باادب 
LOG (lattice-best-path[5.5.907~1-cbed4]:main():lattice-best-path.cc:99) For utterance 20030013_633, best cost 117.904 + 6085.47 = 6203.38 over 913 frames.
20030013_633 پیہم کے بعد میں فلسطینی ٹیکنالوجیز رنجیدہ سے سیسے چون انستھیزیا ہیں 
LOG (lattice-best-path[5.5.907~1-cbed4]:main():lattice-best-path.cc:99) For utterance 20030013_634, best cost 71.6677 + 3289.24 = 3360.91 over 497 frames.
20030013_634 خول جنریشن انسان کلومیٹر برقرار ہیں 
LOG (lattice-best-path[5.5.907~1-cbed4]:main():lattice-best-path.cc:99) For utterance 20030013_635, best cost 87.359 + 4870.62 = 4957.98 over 734 frames.
20030013_635 خاطر کوششیں ناکام غیریقینی مدد میں سے سوغات ہیں 
LOG (lattice-best-path[5.5.907~1-cbed4]:main():lattice-best-path.cc:99) For utterance 20030013_636, best cost 85.1139 + 4339.09 = 4424.21 over 657 frames.
20030013_636 خصوصا کی جھگی پرچیاں میں سے نوجوان ڈاکوؤں 
LOG (lattice-best-path[5.5.907~1-cbed4]:main():lattice-best-path.cc:99) For utterance 20030013_637, best cost 100.005 + 4459.19 = 4559.19 over 696 frames.
20030013_637 خسارے شاہنواز پریوں طیب کی پھیرتے بیماری پر ہوئیں 
LOG (lattice-best-path[5.5.907~1-cbed4]:main():lattice-best-path.cc:99) For utterance 20030013_638, best cost 131.512 + 4843.2 = 4974.71 over 760 frames.
20030013_638 قانونگو چیریٹی شیرٹن میں پورے جھولوں کوٹھڑی گوہ جھجک اعتراف ایجنسیوں 
LOG (lattice-best-path[5.5.907~1-cbed4]:main():lattice-best-path.cc:99) For utterance 20030013_639, best cost 136.168 + 5555.9 = 5692.06 over 868 frames.
20030013_639 پھیرتے پتھر میں کرکے دن سے تجویز تفرقہ ہوتی مدرسہ فیسیں تو سکتیں 
LOG (lattice-best-path[5.5.907~1-cbed4]:main():lattice-best-path.cc:99) For utterance 20030013_640, best cost 119.033 + 5081.13 = 5200.16 over 760 frames.
20030013_640 تبدیلیاں گھنگریالے سکتی ننھی سنگھاسن کے شعاع ندرت فجور کی روزگار 
LOG (lattice-best-path[5.5.907~1-cbed4]:main():lattice-best-path.cc:99) For utterance 20030013_641, best cost 76.7054 + 3162.58 = 3239.29 over 465 frames.
20030013_641 اور ایلیمنٹری جھوٹ سیاسی وظیفہ تنظیم دیں 
LOG (lattice-best-path[5.5.907~1-cbed4]:main():lattice-best-path.cc:99) For utterance 20030013_642, best cost 77.0332 + 3859.08 = 3936.12 over 574 frames.
20030013_642 صفوں زیردست زیردست بوگس کی پہلوان کی 
LOG (lattice-best-path[5.5.907~1-cbed4]:main():lattice-best-path.cc:99) For utterance 20030013_643, best cost 101.65 + 4776.98 = 4878.63 over 734 frames.
20030013_643 خوفزدہ کے کریں اور قدآدم سمجھائیں اور بویا سزائیں کی کریں 
LOG (lattice-best-path[5.5.907~1-cbed4]:main():lattice-best-path.cc:99) For utterance 20030013_644, best cost 92.4818 + 4777.94 = 4870.42 over 683 frames.
20030013_644 تجزیے کسے کبوتر اور زیردست جذبات انٹر پر ہے 
LOG (lattice-best-path[5.5.907~1-cbed4]:main():lattice-best-path.cc:99) For utterance 20030013_645, best cost 62.1175 + 3960.2 = 4022.32 over 580 frames.
20030013_645 زیرقیادت اثرورسوخ کرنے کے پاس کرتے ہیں 
LOG (lattice-best-path[5.5.907~1-cbed4]:main():lattice-best-path.cc:99) For utterance 20030013_646, best cost 89.187 + 3944.76 = 4033.94 over 587 frames.
20030013_646 ساری ماخوذ کچوکے لگاتا اوپر میں غرارے لگانے کریں 
LOG (lattice-best-path[5.5.907~1-cbed4]:main():lattice-best-path.cc:99) For utterance 20030013_647, best cost 52.5406 + 3114.16 = 3166.7 over 452 frames.
20030013_647 سرفراز بھومی چوکھٹ سکتا ہے 
LOG (lattice-best-path[5.5.907~1-cbed4]:main():lattice-best-path.cc:99) For utterance 20030013_648, best cost 63.1273 + 2990.3 = 3053.43 over 440 frames.
20030013_648 کے زودحس اس تسلسل کے درآمدات 
LOG (lattice-best-path[5.5.907~1-cbed4]:main():lattice-best-path.cc:99) For utterance 20030013_649, best cost 84.313 + 3968.71 = 4053.02 over 600 frames.
20030013_649 کو خوفوں کے لذت ایگزیکٹو طرفین میں رعیت 
LOG (lattice-best-path[5.5.907~1-cbed4]:main():lattice-best-path.cc:99) For utterance 20030013_650, best cost 96.5889 + 4523.51 = 4620.1 over 670 frames.
20030013_650 ترجیحات انستھیزیا گزارنے بلدیاتی یگانگت ٹرانسفر کی بغیر 
LOG (lattice-best-path[5.5.907~1-cbed4]:main():lattice-best-path.cc:99) For utterance 20030013_651, best cost 84.6571 + 3587.31 = 3671.97 over 548 frames.
20030013_651 تعلقوں کے لیے چوتھی پوشیدہ پنگھوڑے گیسو کی کی 
LOG (lattice-best-path[5.5.907~1-cbed4]:main():lattice-best-path.cc:99) For utterance 20030013_652, best cost 102.021 + 4763.08 = 4865.1 over 696 frames.
20030013_652 پیتھالوجی سے گردیزی غلیل کرکے لڑیں پروفیسر بھگت اور سے 
LOG (lattice-best-path[5.5.907~1-cbed4]:main():lattice-best-path.cc:99) For utterance 20030013_653, best cost 86.8798 + 3995.48 = 4082.36 over 600 frames.
20030013_653 روزبروز طرزفکر قرضے تیزی بستر تو سوویت 
LOG (lattice-best-path[5.5.907~1-cbed4]:main():lattice-best-path.cc:99) For utterance 20030013_654, best cost 101.48 + 4968.09 = 5069.57 over 734 frames.
20030013_654 کرفیو زرخیز سے سکواڈرن سے کی لوث کلومیٹر لیزر گے 
LOG (lattice-best-path[5.5.907~1-cbed4]:main():lattice-best-path.cc:99) For utterance 20030013_655, best cost 67.8234 + 4030.72 = 4098.54 over 600 frames.
20030013_655 کانگرس کیسز اور پر گزارنے پراسیس 
LOG (lattice-best-path[5.5.907~1-cbed4]:main():lattice-best-path.cc:99) For utterance 20030013_656, best cost 87.2717 + 5002.31 = 5089.58 over 734 frames.
20030013_656 پرچیز کیلئے تجزیے مرکزی تجزیہ مزارعوں پرسش 
LOG (lattice-best-path[5.5.907~1-cbed4]:main():lattice-best-path.cc:99) For utterance 20030013_657, best cost 66.5976 + 3590.94 = 3657.54 over 542 frames.
20030013_657 تصورات زنجیر کے کردار کلاسز کریں 
LOG (lattice-best-path[5.5.907~1-cbed4]:main():lattice-best-path.cc:99) For utterance 20030013_658, best cost 73.5007 + 3753.33 = 3826.83 over 561 frames.
20030013_658 کروفر ریاض جلوس کی بااصول آلود 
LOG (lattice-best-path[5.5.907~1-cbed4]:main():lattice-best-path.cc:99) For utterance 20030013_659, best cost 97.8172 + 4223.1 = 4320.92 over 619 frames.
20030013_659 پر کی تو تجزیہ فوری بطخوں استغفار توضیح دسویں 
LOG (lattice-best-path[5.5.907~1-cbed4]:main():lattice-best-path.cc:99) For utterance 20030013_660, best cost 47.2945 + 2619.65 = 2666.95 over 401 frames.
20030013_660 پروڈکٹیو منتظر اننگز ہیں 
LOG (lattice-best-path[5.5.907~1-cbed4]:main():lattice-best-path.cc:99) For utterance 20030013_661, best cost 47.8294 + 2723.19 = 2771.02 over 427 frames.
20030013_661 کرنے کیلئے جوار کردار کریں 
LOG (lattice-best-path[5.5.907~1-cbed4]:main():lattice-best-path.cc:99) For utterance 20030013_662, best cost 65.2393 + 3470.41 = 3535.65 over 529 frames.
20030013_662 پر جوڑیاں نے سیروسیاحت کی غزلیات کریں 
LOG (lattice-best-path[5.5.907~1-cbed4]:main():lattice-best-path.cc:99) For utterance 20030013_663, best cost 90.4526 + 4842.49 = 4932.94 over 753 frames.
20030013_663 تجوریاں اچانک پروفیسر طیب اندھیرے کی دبیز بھوجپوری 
LOG (lattice-best-path[5.5.907~1-cbed4]:main():lattice-best-path.cc:99) For utterance 20030013_664, best cost 102.869 + 4566.04 = 4668.91 over 715 frames.
20030013_664 فلیش سینٹر ایتھرنیٹ ریان گھوڑے پروگریسیو کر فقروں گئے 
LOG (lattice-best-path[5.5.907~1-cbed4]:main():lattice-best-path.cc:99) For utterance 20030013_665, best cost 49.8166 + 3167.79 = 3217.6 over 484 frames.
20030013_665 فیضان ایجنسیز طفیل تو 
LOG (lattice-best-path[5.5.907~1-cbed4]:main():lattice-best-path.cc:99) For utterance 20030013_666, best cost 63.8124 + 3514.19 = 3578.01 over 529 frames.
20030013_666 کولیسٹرول سے البتہ واقفیت غیرضروری ہے 
LOG (lattice-best-path[5.5.907~1-cbed4]:main():lattice-best-path.cc:99) For utterance 20030013_667, best cost 69.9789 + 3398 = 3467.98 over 504 frames.
20030013_667 کی جلدازجلد روضے کی بجھی گذر ہوئی 
LOG (lattice-best-path[5.5.907~1-cbed4]:main():lattice-best-path.cc:99) For utterance 20030013_668, best cost 92.5967 + 4937.12 = 5029.72 over 747 frames.
20030013_668 ساری توصیف کے توجہ پاسبان اور کیسز آنگن 
LOG (lattice-best-path[5.5.907~1-cbed4]:main():lattice-best-path.cc:99) For utterance 20030013_669, best cost 87.7141 + 3786.16 = 3873.88 over 548 frames.
20030013_669 اوزار زنخوں فرعون کے گذر کے ضرورت عندیہ 
LOG (lattice-best-path[5.5.907~1-cbed4]:main():lattice-best-path.cc:99) For utterance 20030013_670, best cost 71.5857 + 3662.31 = 3733.89 over 574 frames.
20030013_670 روزگار کا سے سفیدے ضرورت گوبر کرو 
LOG (lattice-best-path[5.5.907~1-cbed4]:main():lattice-best-path.cc:99) For utterance 20030013_671, best cost 117.266 + 5210.2 = 5327.47 over 772 frames.
20030013_671 اسجد ایسا سانولے ایڈریس اور سوری کے جستجو ڈیلروں اور تحصیلوں 
LOG (lattice-best-path[5.5.907~1-cbed4]:main():lattice-best-path.cc:99) For utterance 20030013_672, best cost 77.2113 + 4373.32 = 4450.53 over 632 frames.
20030013_672 ڈویژن صداقت کاروبار سیاست انظباتی لیا ہے 
LOG (lattice-best-path[5.5.907~1-cbed4]:main():lattice-best-path.cc:99) For utterance 20030013_673, best cost 71.3095 + 3717.3 = 3788.61 over 555 frames.
20030013_673 پڑھائی کے ساتھ کیا کی وجہ سے سفیدے کرتا ہے 
LOG (lattice-best-path[5.5.907~1-cbed4]:main():lattice-best-path.cc:99) For utterance 20030013_674, best cost 97.6763 + 5401.91 = 5499.59 over 772 frames.
20030013_674 بھجوائیں پروجیکٹ برابر صداقت قوانین حسینی کی کوشش کی 
LOG (lattice-best-path[5.5.907~1-cbed4]:main():lattice-best-path.cc:99) For utterance 20030013_675, best cost 84.9473 + 3462.53 = 3547.48 over 529 frames.
20030013_675 پراجیکٹ دھجیاں پر سوچ شگفتہ فنگس دوڑائیں 
LOG (lattice-best-path[5.5.907~1-cbed4]:main():lattice-best-path.cc:99) For utterance 20030013_676, best cost 94.1457 + 3882.67 = 3976.82 over 568 frames.
20030013_676 پتھریاں ایشز حیثیت کی جیگوار سانحوں بستر پر بات کی 
LOG (lattice-best-path[5.5.907~1-cbed4]:main():lattice-best-path.cc:99) For utterance 20030013_677, best cost 128.465 + 5945.7 = 6074.17 over 926 frames.
20030013_677 انسان ایکویٹی بھی ہولناک اداکاراؤں سوئی دوبھر کانجی حیرت کے پیدا 
LOG (lattice-best-path[5.5.907~1-cbed4]:main():lattice-best-path.cc:99) For utterance 20030013_678, best cost 130.134 + 6556.16 = 6686.29 over 971 frames.
20030013_678 سے بیسن اور کے بغیر پائیدار سزائیں کے لیے کارپوریشن فلیش سمجھتے جید کریں 
LOG (lattice-best-path[5.5.907~1-cbed4]:main():lattice-best-path.cc:99) For utterance 20030013_679, best cost 65.2449 + 2990.84 = 3056.08 over 446 frames.
20030013_679 کوڑیاں ایری بسیار زیدی زچگی 
LOG (lattice-best-path[5.5.907~1-cbed4]:main():lattice-best-path.cc:99) For utterance 20030013_680, best cost 95.0191 + 4422.13 = 4517.15 over 683 frames.
20030013_680 تجرد انتہاؤں گردوغبار پرفارمنس میں میں دواؤں کا سکتا ہے 
LOG (lattice-best-path[5.5.907~1-cbed4]:main():lattice-best-path.cc:99) For utterance 20030013_681, best cost 79.5192 + 3872.59 = 3952.11 over 587 frames.
20030013_681 بدہضمی جھونپڑی جعفری گوبر پیچیدہ بزرگ 
LOG (lattice-best-path[5.5.907~1-cbed4]:main():lattice-best-path.cc:99) For utterance 20030013_682, best cost 103.577 + 4897.69 = 5001.27 over 753 frames.
20030013_682 کی کچھوا ریسکیو پر پیدا ظاہر کرتی کے چور مرغوب ہے 
LOG (lattice-best-path[5.5.907~1-cbed4]:main():lattice-best-path.cc:99) For utterance 20030013_683, best cost 99.4162 + 4435.51 = 4534.93 over 657 frames.
20030013_683 کے سے نتیجے رخصت کے ترمذی بھارتی کے کے سے میں کریں 
LOG (lattice-best-path[5.5.907~1-cbed4]:main():lattice-best-path.cc:99) For utterance 20030013_684, best cost 80.833 + 3814.28 = 3895.11 over 593 frames.
20030013_684 پر دیوار استعفے جونیجو کینیڈین پر پَلوں 
LOG (lattice-best-path[5.5.907~1-cbed4]:main():lattice-best-path.cc:99) For utterance 20030013_685, best cost 68.1029 + 2973.29 = 3041.4 over 446 frames.
20030013_685 کو فردوس ایگلز کلاسز سپاسنامہ کرو 
LOG (lattice-best-path[5.5.907~1-cbed4]:main():lattice-best-path.cc:99) For utterance 20030013_686, best cost 128.839 + 5142.43 = 5271.26 over 772 frames.
20030013_686 صبر ایک کے سیلز کے لیے بشیر زیور معیاری میں فیس پرجوش اپروچ کو 
LOG (lattice-best-path[5.5.907~1-cbed4]:main():lattice-best-path.cc:99) For utterance 20030013_687, best cost 116.539 + 4801.71 = 4918.25 over 721 frames.
20030013_687 سکولز سیلرز روضہ دیوی بودلہ بلا سے سیکھا پر بوجوہ کریں 
LOG (lattice-best-path[5.5.907~1-cbed4]:main():lattice-best-path.cc:99) For utterance 20030013_688, best cost 114.311 + 5422 = 5536.31 over 836 frames.
20030013_688 پر بیچارے وزارت سے ضرورت کے سے گراؤنڈ کے پر دیتا ریڈیو 
LOG (lattice-best-path[5.5.907~1-cbed4]:main():lattice-best-path.cc:99) For utterance 20030013_689, best cost 111.663 + 4910.89 = 5022.55 over 753 frames.
20030013_689 وجود طرزعمل پیروکاروں کو اور بغیر پروفیسر بسیں گوجر طرفین 
LOG (lattice-best-path[5.5.907~1-cbed4]:main():lattice-best-path.cc:99) For utterance 20030013_690, best cost 65.7524 + 2744.91 = 2810.66 over 414 frames.
20030013_690 کھلکھلا پہنے چھوٹے کوچوان زیورات 
LOG (lattice-best-path[5.5.907~1-cbed4]:main():lattice-best-path.cc:99) For utterance 20030013_691, best cost 96.8079 + 3779.44 = 3876.25 over 606 frames.
20030013_691 کیجیے لیا بجے پرتعیش روزگار دبائے مرغوب طیب 
LOG (lattice-best-path[5.5.907~1-cbed4]:main():lattice-best-path.cc:99) For utterance 20030013_692, best cost 89.5359 + 4706.07 = 4795.6 over 721 frames.
20030013_692 طنزومزاح انعقاد کے میں سیروسیاحت ٹری کے لیے تاجروں 
LOG (lattice-best-path[5.5.907~1-cbed4]:main():lattice-best-path.cc:99) For utterance 20030013_693, best cost 66.6096 + 3198.09 = 3264.7 over 491 frames.
20030013_693 پر کیلئے زیرقیادت ترقیات الیون کو 
LOG (lattice-best-path[5.5.907~1-cbed4]:main():lattice-best-path.cc:99) For utterance 20030013_694, best cost 99.3211 + 4216.8 = 4316.12 over 664 frames.
20030013_694 توجہ بخشش کا تساہل جیسے پرسش نیچا ہوشربا ہیں 
LOG (lattice-best-path[5.5.907~1-cbed4]:main():lattice-best-path.cc:99) For utterance 20030013_695, best cost 80.2254 + 3600.47 = 3680.7 over 568 frames.
20030013_695 خوشی جانے تجزیہ نمودار روغن جداگانہ ہیں 
LOG (lattice-best-path[5.5.907~1-cbed4]:main():lattice-best-path.cc:99) For utterance 20030013_696, best cost 80.8596 + 3743.97 = 3824.83 over 593 frames.
20030013_696 کے چھاپہ سے کامیاب مخصوص مرغبانی کتابچے ہیں 
LOG (lattice-best-path[5.5.907~1-cbed4]:main():lattice-best-path.cc:99) For utterance 20030013_697, best cost 65.3898 + 3194.11 = 3259.5 over 497 frames.
20030013_697 طوفان سے سیکھنے ڈیزائنروں وباؤں گا 
LOG (lattice-best-path[5.5.907~1-cbed4]:main():lattice-best-path.cc:99) For utterance 20030013_698, best cost 72.5327 + 4459.05 = 4531.58 over 721 frames.
20030013_698 باغیانہ دوغلی کے چھپوائیں باعث والدین 
LOG (lattice-best-path[5.5.907~1-cbed4]:main():lattice-best-path.cc:99) For utterance 20030013_699, best cost 80.7394 + 3949.34 = 4030.08 over 625 frames.
20030013_699 تجزیوں مفاد جھلی برتن غیردانشمندانہ سوچوں 
LOG (lattice-best-path[5.5.907~1-cbed4]:main():lattice-best-path.cc:99) For utterance 20030013_700, best cost 86.3477 + 3831.51 = 3917.85 over 587 frames.
20030013_700 پوچھ افزودگی میں تغافل کی جوڈیشل تنفس کرتے ہیں 
LOG (lattice-best-path[5.5.907~1-cbed4]:main():lattice-best-path.cc:99) For utterance 20030013_701, best cost 96.9724 + 4627.83 = 4724.81 over 728 frames.
20030013_701 مضمون وومن پرسکون اناسیواں تمام صحبتوں پسند آیا 
LOG (lattice-best-path[5.5.907~1-cbed4]:main():lattice-best-path.cc:99) For utterance 20030013_702, best cost 103.913 + 4290.52 = 4394.43 over 683 frames.
20030013_702 خیر فیصلہ پر بات کی دھوپ میں ہے تحفہ دنیاوی بافتوں 
LOG (lattice-best-path[5.5.907~1-cbed4]:main():lattice-best-path.cc:99) For utterance 20030013_703, best cost 74.4219 + 3111.07 = 3185.5 over 465 frames.
20030013_703 تنازعے سے توجیہ جھینگے کی خدانخواستہ کرتا ہے 
LOG (lattice-best-path[5.5.907~1-cbed4]:main():lattice-best-path.cc:99) For utterance 20030013_704, best cost 89.9302 + 4243.11 = 4333.04 over 676 frames.
20030013_704 چغتائی سے متنازعہ انگیخت انظباتی درآمدات پراسیس ہیں 
LOG (lattice-best-path[5.5.907~1-cbed4]:main():lattice-best-path.cc:99) For utterance 20030013_705, best cost 66.363 + 3177.34 = 3243.7 over 491 frames.
20030013_705 کا چراغاں تلمیحات پڑدادا حفاظت کریں 
LOG (lattice-best-path[5.5.907~1-cbed4]:main():lattice-best-path.cc:99) For utterance 20030013_706, best cost 65.3034 + 2421.42 = 2486.72 over 363 frames.
20030013_706 اوصاف ریلیکس یا فیصد مجذوب ہیں 
LOG (lattice-best-path[5.5.907~1-cbed4]:main():lattice-best-path.cc:99) For utterance 20030013_707, best cost 53.1119 + 2899.87 = 2952.98 over 452 frames.
20030013_707 باجوہ جالندھری منگوا نہ کریں 
LOG (lattice-scale[5.5.907~1-cbed4]:main():lattice-scale.cc:107) Done 432 lattices.
LOG (lattice-add-penalty[5.5.907~1-cbed4]:main():lattice-add-penalty.cc:62) Done adding word insertion penalty to 432 lattices.
LOG (lattice-best-path[5.5.907~1-cbed4]:main():lattice-best-path.cc:99) For utterance 20030013_708, best cost 79.203 + 3984.69 = 4063.89 over 606 frames.
20030013_708 مصنف غیرملکی کچھ حاضری کا پر مسلمان 
LOG (lattice-best-path[5.5.907~1-cbed4]:main():lattice-best-path.cc:124) Overall cost per frame is 6.86879 = 0.135308 [graph] + 6.73349 [acoustic] over 354849 frames.
LOG (lattice-best-path[5.5.907~1-cbed4]:main():lattice-best-path.cc:128) Done 432 lattices, failed for 0
# Accounting: time=50 threads=1
# Ended (code 0) at Thu Apr 22 12:20:20 PKT 2021, elapsed time 50 seconds
