# lattice-scale --inv-acoustic-scale=8 "ark:gunzip -c exp/tri1/decode/lat.*.gz|" ark:- | lattice-add-penalty --word-ins-penalty=1.0 ark:- ark:- | lattice-best-path --word-symbol-table=exp/tri1/graph/words.txt ark:- ark,t:- | utils/int2sym.pl -f 2- exp/tri1/graph/words.txt | cat > exp/tri1/decode/scoring_kaldi/penalty_1.0/8.txt 
# Started at Wed Apr 21 07:18:30 PKT 2021
#
lattice-best-path --word-symbol-table=exp/tri1/graph/words.txt ark:- ark,t:- 
lattice-scale --inv-acoustic-scale=8 'ark:gunzip -c exp/tri1/decode/lat.*.gz|' ark:- 
lattice-add-penalty --word-ins-penalty=1.0 ark:- ark:- 
LOG (lattice-best-path[5.5.907~1-cbed4]:main():lattice-best-path.cc:99) For utterance 20030010_601, best cost 272.375 + 12273.5 = 12545.8 over 985 frames.
20030010_601 نو بچّی وقف کا کانجی کے بھابی کی مشن میں بھری نامی بولے ایری ادھار امرود کے پڑ آؤٹ کو قبول کر میلہ گی 
LOG (lattice-best-path[5.5.907~1-cbed4]:main():lattice-best-path.cc:99) For utterance 20030010_602, best cost 310.377 + 15188.5 = 15498.8 over 1203 frames.
20030010_602 گروں ذخائر چیل کے نئی خود کے لڑکھڑا کی راہو گھوڑے آڑ حائل کے لو ڈانس خوشی چمچہ کے ھابھہ اولین کرنے کی شرکت سے اعظم ہے 
LOG (lattice-best-path[5.5.907~1-cbed4]:main():lattice-best-path.cc:99) For utterance 20030010_603, best cost 229.599 + 10566.8 = 10796.4 over 833 frames.
20030010_603 ششدر اور نزلے کے گہرا سیر اگر عمل پر اٹھا تو تبدیلی نے ڈچ گیسو پر کر ان شوہر کیا 
LOG (lattice-best-path[5.5.907~1-cbed4]:main():lattice-best-path.cc:99) For utterance 20030010_604, best cost 255.327 + 10726.6 = 10981.9 over 856 frames.
20030010_604 ستھرے نے نہ علی کے گاؤن کی گرلز برج بُدھی تو کہا ای سوغات چاہے کئے گیس گنا خلیے اُٹھانے 
LOG (lattice-best-path[5.5.907~1-cbed4]:main():lattice-best-path.cc:99) For utterance 20030010_605, best cost 148.583 + 6477.13 = 6625.71 over 513 frames.
20030010_605 سول جیل شوہر انجمن کے پیش عمل گولڈ دیں کر داخل دیتا ہے 
LOG (lattice-best-path[5.5.907~1-cbed4]:main():lattice-best-path.cc:99) For utterance 20030010_606, best cost 183.525 + 7639.89 = 7823.42 over 608 frames.
20030010_606 نئے دی دیں جماعت میں بلوچ خود سے ارشد دوجے کہا فیس کی درس عجلت ہے 
LOG (lattice-best-path[5.5.907~1-cbed4]:main():lattice-best-path.cc:99) For utterance 20030010_607, best cost 131.617 + 5194.93 = 5326.54 over 420 frames.
20030010_607 تک سرویئر کی عفت کی سب عام بھنڈی نہ بنائی جائے 
LOG (lattice-best-path[5.5.907~1-cbed4]:main():lattice-best-path.cc:99) For utterance 20030010_608, best cost 197.739 + 7310.99 = 7508.73 over 582 frames.
20030010_608 سود دیں کے گود ایک ملک کو کوش کر ڈام جو میں جانب کی اجرا دو حوض گی 
LOG (lattice-best-path[5.5.907~1-cbed4]:main():lattice-best-path.cc:99) For utterance 20030010_609, best cost 216.703 + 9196.71 = 9413.42 over 736 frames.
20030010_609 پریشر میں محور اُمید بار مگر مچھلی چست و لینے گاڑی اٹھی سینٹر جوق کا کسی یا کیا 
LOG (lattice-best-path[5.5.907~1-cbed4]:main():lattice-best-path.cc:99) For utterance 20030010_610, best cost 196.735 + 9774.08 = 9970.81 over 803 frames.
20030010_610 موثر ایری لیڈر شیل یا کر جنوبی عمل میران میجر کی طرح سے بجٹ ایسا ہے 
LOG (lattice-best-path[5.5.907~1-cbed4]:main():lattice-best-path.cc:99) For utterance 20030010_611, best cost 230.987 + 10649.2 = 10880.2 over 868 frames.
20030010_611 کھسک بلین ڈیم گا فورس چئرمین زچ ادب آؤ کو گرل گہرا ہر کی گوجری اس آج شیرے 
LOG (lattice-best-path[5.5.907~1-cbed4]:main():lattice-best-path.cc:99) For utterance 20030010_612, best cost 245.319 + 11067 = 11312.3 over 921 frames.
20030010_612 تبدیلی اٹھی لو حصص سن عدل حال بھورا کی جگہ شب کا تو راہو وقت کی لینگویج کا اغوا حلف ہیں 
LOG (lattice-best-path[5.5.907~1-cbed4]:main():lattice-best-path.cc:99) For utterance 20030010_613, best cost 136.528 + 5698.87 = 5835.4 over 452 frames.
20030010_613 کر کو لا حق برعکس اور جدول کو راستے یاں زدہ کہا 
LOG (lattice-best-path[5.5.907~1-cbed4]:main():lattice-best-path.cc:99) For utterance 20030010_614, best cost 174.22 + 7178.89 = 7353.11 over 578 frames.
20030010_614 گڈ دودھ قے نے شیشے ان کے کرائی یوم کے ساتھ سمجھی بغیر سمجھو طرح کیا 
LOG (lattice-best-path[5.5.907~1-cbed4]:main():lattice-best-path.cc:99) For utterance 20030010_615, best cost 279.857 + 11961.3 = 12241.1 over 960 frames.
20030010_615 ہدایت کرا شہزادی نے نئی جو مشعر اثر کو بورڈ اوس کچرے ہول جوگی خان رانجھن چیک تجوریاں یہ پرہیز بڑھائے آ 
LOG (lattice-best-path[5.5.907~1-cbed4]:main():lattice-best-path.cc:99) For utterance 20030010_616, best cost 282.204 + 12300.2 = 12582.4 over 989 frames.
20030010_616 دور جب رہ گولڈ پونچھنے سترھویں جیل گوہ فروخت ثلث کر کے سی گا تذبذب کی موثر کا حلف کر تیاگ جی آف 
LOG (lattice-best-path[5.5.907~1-cbed4]:main():lattice-best-path.cc:99) For utterance 20030010_617, best cost 182.603 + 8248 = 8430.6 over 669 frames.
20030010_617 کمرے تک رسول کے گڈ چھور میں کیوں کو ہمیں تدریس پر وعدہ وصف نے لگا 
LOG (lattice-best-path[5.5.907~1-cbed4]:main():lattice-best-path.cc:99) For utterance 20030010_618, best cost 214.722 + 10272.1 = 10486.8 over 824 frames.
20030010_618 بم کے کمرے سے روشناس منشور والی اب ہر سویرے ان نیورو کے بعد طرح صرف گیارہ کیا ہے 
LOG (lattice-best-path[5.5.907~1-cbed4]:main():lattice-best-path.cc:99) For utterance 20030010_619, best cost 144.605 + 6245.8 = 6390.41 over 519 frames.
20030010_619 تصحیح بھی تشبیہ بھاگ مدعیان کرنے کر جوق میری نتیجے اور ہے 
LOG (lattice-best-path[5.5.907~1-cbed4]:main():lattice-best-path.cc:99) For utterance 20030010_620, best cost 255.498 + 10337.6 = 10593.1 over 820 frames.
20030010_620 چیڑھ مری پریوں کے گول لوگو رول میں سموئے عرف کی یہ مگ کوڑھ اوپر پور زور شور کی کی یا ریان کی 
LOG (lattice-best-path[5.5.907~1-cbed4]:main():lattice-best-path.cc:99) For utterance 20030010_621, best cost 237.752 + 12803.3 = 13041.1 over 1024 frames.
20030010_621 میں معجل عدل کئی سوا شیرے اور کر سوجن کے مآب بہن میں سے ونڈوز اور چاہیے مؤثر تحریک کی 
LOG (lattice-best-path[5.5.907~1-cbed4]:main():lattice-best-path.cc:99) For utterance 20030010_622, best cost 202.084 + 10011.2 = 10213.3 over 764 frames.
20030010_622 کوٹھی در میں ممبر گدے دیکھ کر انٹیلجنس عمر رسیدہ ڈیرے عالمی سیر بدل 
LOG (lattice-best-path[5.5.907~1-cbed4]:main():lattice-best-path.cc:99) For utterance 20030010_623, best cost 160.946 + 8153.12 = 8314.06 over 664 frames.
20030010_623 دم کر ڈیم کر دعاؤں بنا پر سول برس طویل پریشان ایک گیا 
LOG (lattice-best-path[5.5.907~1-cbed4]:main():lattice-best-path.cc:99) For utterance 20030010_624, best cost 238.718 + 9739.49 = 9978.21 over 790 frames.
20030010_624 معاف بسر کے نسخہ میں بلی سیلرز فورس کوڑھ اس اور رفو دو حدود گینگز فیشن کلیم احمد شیڈول تھا 
LOG (lattice-best-path[5.5.907~1-cbed4]:main():lattice-best-path.cc:99) For utterance 20030010_625, best cost 197.832 + 8237.4 = 8435.23 over 665 frames.
20030010_625 میراں ایگلز آ اگر پیئں جیٹ جادوگر دل دیکھ کر ڈگری سیڈ درجے مواد کے کھو گیا 
LOG (lattice-best-path[5.5.907~1-cbed4]:main():lattice-best-path.cc:99) For utterance 20030010_626, best cost 113.989 + 5797.8 = 5911.78 over 465 frames.
20030010_626 میں بجیں کو ملیریا دودھ کی خوار سن جایا 
LOG (lattice-best-path[5.5.907~1-cbed4]:main():lattice-best-path.cc:99) For utterance 20030010_627, best cost 199.404 + 8641.89 = 8841.29 over 712 frames.
20030010_627 سیرگاہ تیروں عمر ٹرین اڑوں بورڈ کی علم عیاں اسے بروز فردوس کو میری گھاگرا گیا 
LOG (lattice-best-path[5.5.907~1-cbed4]:main():lattice-best-path.cc:99) For utterance 20030010_628, best cost 199.188 + 8730.18 = 8929.37 over 709 frames.
20030010_628 لڑھک کی در ملے بڑھانے کے لیے بیک شیو سندھیوں عملا میں پُلوں کے ہوش عمل قوت کی 
LOG (lattice-best-path[5.5.907~1-cbed4]:main():lattice-best-path.cc:99) For utterance 20030010_629, best cost 232.218 + 10724.2 = 10956.4 over 876 frames.
20030010_629 شیلٹر کے گوشوں والا کے آف بوقت کمرے سعید اب روغن نیز نے مرحوم کا قضہ گے ایچ کر آیا 
LOG (lattice-best-path[5.5.907~1-cbed4]:main():lattice-best-path.cc:99) For utterance 20030010_630, best cost 194.995 + 8167.71 = 8362.71 over 668 frames.
20030010_630 تعین فیز ان میں نشر کے اژدھام اگر درجے ماتھے کر چھانٹ سے خام دیکھ کھڑے گیا 
LOG (lattice-best-path[5.5.907~1-cbed4]:main():lattice-best-path.cc:99) For utterance 20030010_631, best cost 264.424 + 11955.8 = 12220.2 over 964 frames.
20030010_631 سیمی رولز چیف کو رنز ڈاٹ ہے بیک نے وقف اگر کے بیوروکریٹس فیچر پولیس میں اسے موڑ کر چھولے دیکھ آئے 
LOG (lattice-best-path[5.5.907~1-cbed4]:main():lattice-best-path.cc:99) For utterance 20030010_632, best cost 289.446 + 15102.3 = 15391.8 over 1219 frames.
20030010_632 گزری سعید آنے کہا کی روے یہ چیڑھ حجت چھور اور بھیڑیا دکھوں بھجوا کر فجور اور سوری کوئی بغیر اے ڈیڈ تھو 
LOG (lattice-best-path[5.5.907~1-cbed4]:main():lattice-best-path.cc:99) For utterance 20030010_633, best cost 250.312 + 12726.5 = 12976.8 over 1056 frames.
20030010_633 رزق بینگن دنگ فگار میرے تخیّل کیلئے عمیق کھینچیں اور ریسورس کی کو اس جیم سوئنگ جھیل کلیدی جھیل 
LOG (lattice-best-path[5.5.907~1-cbed4]:main():lattice-best-path.cc:99) For utterance 20030010_634, best cost 189.644 + 8676.51 = 8866.16 over 708 frames.
20030010_634 کو ٹیوشن ویجز فیشن زیست افغان کیلئے رو تلمیحات کی نہ کر بیلٹ کر کے لائیں 
LOG (lattice-best-path[5.5.907~1-cbed4]:main():lattice-best-path.cc:99) For utterance 20030010_635, best cost 212.513 + 8925.9 = 9138.41 over 722 frames.
20030010_635 پاس میں ورک گوجر کی نام باؤلر میں بیٹھ یہ اور اب ایہام بدہضمی یا ذریعے تسلسل آ کریں 
LOG (lattice-best-path[5.5.907~1-cbed4]:main():lattice-best-path.cc:99) For utterance 20030010_636, best cost 187.407 + 8299.57 = 8486.98 over 677 frames.
20030010_636 کم آ ڈور خشوع عورت کی جوڑے انجام ہونے سے اس اجاگر دوم کا پور ہوا 
LOG (lattice-best-path[5.5.907~1-cbed4]:main():lattice-best-path.cc:99) For utterance 20030010_637, best cost 182.207 + 8577.71 = 8759.92 over 703 frames.
20030010_637 ڈیل خان کے اژدھام اعظم پہنچ کا رنگین یا موسیقی ہیڈ عرصے موڈم بھیڑوں ہوئے 
LOG (lattice-best-path[5.5.907~1-cbed4]:main():lattice-best-path.cc:99) For utterance 20030010_638, best cost 222.923 + 13815.9 = 14038.8 over 1134 frames.
20030010_638 تک کنٹرول بجے کی شیڈ اور بوئنگ اُمید ہوے سوئچ اور کوٹھی کو فیری کی کے ہلاک سے جھجھک 
LOG (lattice-best-path[5.5.907~1-cbed4]:main():lattice-best-path.cc:99) For utterance 20030010_639, best cost 263.707 + 12151.6 = 12415.3 over 1011 frames.
20030010_639 فیس کے جو تک کی دکھ کے ڈیرے سے تشخیص کر سچ کے نہ بچّی دو ہر تک سن سے در بورڈ سچ لیں 
LOG (lattice-best-path[5.5.907~1-cbed4]:main():lattice-best-path.cc:99) For utterance 20030010_640, best cost 215.434 + 9889.5 = 10104.9 over 822 frames.
20030010_640 جوق کی میران پر بیٹھی گیارہویں سبزی میں بیضوی کونسل کی ایشو والا کا کچھ چوری گھوسٹ بقایا 
LOG (lattice-best-path[5.5.907~1-cbed4]:main():lattice-best-path.cc:99) For utterance 20030010_641, best cost 178.933 + 8727.6 = 8906.54 over 712 frames.
20030010_641 کو گوہر میں چودھری ژنگ گودام کی آتشیں بعض سیڈ اجرا کر بھینسیں گے گی 
LOG (lattice-best-path[5.5.907~1-cbed4]:main():lattice-best-path.cc:99) For utterance 20030010_642, best cost 165.347 + 7677.95 = 7843.3 over 638 frames.
20030010_642 حلف کو کی فیس کی میں ایڈجسٹ سیکھیں تو گشت سے نفوذ کی کھلواڑ اٹھی 
LOG (lattice-best-path[5.5.907~1-cbed4]:main():lattice-best-path.cc:99) For utterance 20030010_643, best cost 202.243 + 8062.48 = 8264.72 over 664 frames.
20030010_643 تساہل سن افضل بدلیں مرغا فقر جلسے نہ ہائے اور دوغلی عذاب سزا انٹر دھینگا لیں 
LOG (lattice-best-path[5.5.907~1-cbed4]:main():lattice-best-path.cc:99) For utterance 20030010_644, best cost 252.616 + 11016 = 11268.6 over 908 frames.
20030010_644 پچیں نیلم کر چھیڑ میں میں ڈور کو روئیں اور سے ابرار بچھڑ ای کے سیمی پر <oov> ڈیم سبب <oov> پھیریں 
LOG (lattice-best-path[5.5.907~1-cbed4]:main():lattice-best-path.cc:99) For utterance 20030010_645, best cost 210.679 + 9317.76 = 9528.44 over 768 frames.
20030010_645 وی دل بیگج گیس میں دو ضعف کے سائبان بل سوچ مظفر کر پونے چیف آشنا کئے ہے 
LOG (lattice-best-path[5.5.907~1-cbed4]:main():lattice-best-path.cc:99) For utterance 20030010_646, best cost 198.069 + 8845.46 = 9043.53 over 734 frames.
20030010_646 ساحل احسن جوس میں اور چبھنے کے بار الاؤنس بحیرہ آنے در آڑے ڈالوں ڈالنے آئی 
LOG (lattice-best-path[5.5.907~1-cbed4]:main():lattice-best-path.cc:99) For utterance 20030010_647, best cost 131.475 + 6274.02 = 6405.49 over 517 frames.
20030010_647 واقعے کر کے تنازعے گولڈ مجروح اوڑھ کر دور راہبر آئی 
LOG (lattice-best-path[5.5.907~1-cbed4]:main():lattice-best-path.cc:99) For utterance 20030010_648, best cost 142.421 + 7022.34 = 7164.76 over 573 frames.
20030010_648 میلے میں دو یہ اچھال پنہاں رخصت جلد کیلئے کروا تھا 
LOG (lattice-best-path[5.5.907~1-cbed4]:main():lattice-best-path.cc:99) For utterance 20030010_649, best cost 157.678 + 5974.86 = 6132.54 over 478 frames.
20030010_649 کو فروغ کے امراض کر کے بیعت میں کے بعد کو کام کا نڈر لگائی لے 
LOG (lattice-best-path[5.5.907~1-cbed4]:main():lattice-best-path.cc:99) For utterance 20030010_650, best cost 217.904 + 10775.1 = 10993 over 870 frames.
20030010_650 ہجویہ وم کی سیڈ عورت اور ساحل میت تھیم کئے نقوی آخری یا کرائے اس کر غذاؤں ہے 
LOG (lattice-best-path[5.5.907~1-cbed4]:main():lattice-best-path.cc:99) For utterance 20030010_651, best cost 189.931 + 8362.89 = 8552.82 over 699 frames.
20030010_651 کوئلے کو گیلری میچ جوگی کھوہ کر ای دغا نوے افورڈ نے سے پہلے سول بیٹھی 
LOG (lattice-best-path[5.5.907~1-cbed4]:main():lattice-best-path.cc:99) For utterance 20030010_652, best cost 215.046 + 9351.84 = 9566.89 over 777 frames.
20030010_652 بیلٹ اولی ایم کی جھلک ہم گئی اور دیگر کے دوران نے میں کرا گود کے سلور تک پہنچ رہیں 
LOG (lattice-best-path[5.5.907~1-cbed4]:main():lattice-best-path.cc:99) For utterance 20030010_653, best cost 172.324 + 7739.7 = 7912.02 over 638 frames.
20030010_653 لوگ بردار ویسٹ کسی ظلم گھر کر زیست کے ہجے گھائل تک لوث ہوا 
LOG (lattice-best-path[5.5.907~1-cbed4]:main():lattice-best-path.cc:99) For utterance 20030010_654, best cost 202.639 + 9999.06 = 10201.7 over 838 frames.
20030010_654 کھدر اور ڈیسک ہاؤس سے اس چیک کشف یا چونکہ اور ان سکتے رولز کے معدے میں ستھرے 
LOG (lattice-best-path[5.5.907~1-cbed4]:main():lattice-best-path.cc:99) For utterance 20030010_655, best cost 111.625 + 5634.41 = 5746.04 over 465 frames.
20030010_655 نام برج کے چھائی یوروپیئن لیس بچھانے کریش ہے 
LOG (lattice-best-path[5.5.907~1-cbed4]:main():lattice-best-path.cc:99) For utterance 20030010_656, best cost 232.867 + 11107.3 = 11340.2 over 918 frames.
20030010_656 بے اثر سنچری قید اور بیگم اگر زیر ای ڈیم بجائے اور سوئی مجھ جہاد رم نوید ویوز کریں 
LOG (lattice-best-path[5.5.907~1-cbed4]:main():lattice-best-path.cc:99) For utterance 20030010_657, best cost 122.613 + 6563.5 = 6686.11 over 540 frames.
20030010_657 آمدورفت کر ذہن کے قیصر کردار کی ہر سے مصنف لیں 
LOG (lattice-best-path[5.5.907~1-cbed4]:main():lattice-best-path.cc:99) For utterance 20030010_658, best cost 140.626 + 7046.81 = 7187.43 over 591 frames.
20030010_658 رول گود کر لیبر روئی بیس چیڑھ بات سے روضہ روئیں 
LOG (lattice-best-path[5.5.907~1-cbed4]:main():lattice-best-path.cc:99) For utterance 20030010_659, best cost 212.41 + 9477.28 = 9689.69 over 779 frames.
20030010_659 میں کی کوچ ترویج جھائیاں کوڑھ اے کا تو سومرو فروغ فورس کے بعد بوئنگ یا پھر سوئے 
LOG (lattice-best-path[5.5.907~1-cbed4]:main():lattice-best-path.cc:99) For utterance 20030010_660, best cost 118.893 + 5850.34 = 5969.23 over 482 frames.
20030010_660 بوئے دوران کے بیک عرس ضلع میں نہیں دوسرا آ 
LOG (lattice-best-path[5.5.907~1-cbed4]:main():lattice-best-path.cc:99) For utterance 20030010_661, best cost 141.016 + 7080.27 = 7221.29 over 578 frames.
20030010_661 قیصر پھیرنے کیلئے بچھڑ پیغمبر کر داغ خوار ارب دبائے 
LOG (lattice-best-path[5.5.907~1-cbed4]:main():lattice-best-path.cc:99) For utterance 20030010_662, best cost 175.4 + 7055.25 = 7230.65 over 575 frames.
20030010_662 کر چیلنجوں کو کی آڑ اب یا چلے تو صیاد روڈ کی تشبیہ ہے ڈچ گریڈ 
LOG (lattice-best-path[5.5.907~1-cbed4]:main():lattice-best-path.cc:99) For utterance 20030010_663, best cost 206.84 + 8183.36 = 8390.2 over 656 frames.
20030010_663 پیر آڑے جا وجہ ہے مگر بہبود سے اثر چیل تو دیں لیچی تدریس بو بوم کوئی 
LOG (lattice-best-path[5.5.907~1-cbed4]:main():lattice-best-path.cc:99) For utterance 20030010_664, best cost 210.744 + 9828.74 = 10039.5 over 790 frames.
20030010_664 پر آسیہ کے بڑے اعظم میں ٹوائلٹ تھوڑی لے کر رسول ہوا تو ترچھی کے رولز دیں کھڑے کو گئے 
LOG (lattice-best-path[5.5.907~1-cbed4]:main():lattice-best-path.cc:99) For utterance 20030010_665, best cost 133.219 + 6920.33 = 7053.55 over 569 frames.
20030010_665 فیصلے خسارے اور ای سے سے گرج چینی طور پر بغیر ہوا 
LOG (lattice-best-path[5.5.907~1-cbed4]:main():lattice-best-path.cc:99) For utterance 20030010_666, best cost 162.256 + 6228.41 = 6390.66 over 505 frames.
20030010_666 بوم سے ہوے اب برج علم پر آ کا کر تک سب سے سے بھول یہ 
LOG (lattice-best-path[5.5.907~1-cbed4]:main():lattice-best-path.cc:99) For utterance 20030010_667, best cost 151.521 + 8623.58 = 8775.11 over 731 frames.
20030010_667 بجلی دھیرے کے ڈار سے چمچے بو سے کی مجرم ڈور سن ہوئے 
LOG (lattice-best-path[5.5.907~1-cbed4]:main():lattice-best-path.cc:99) For utterance 20030010_668, best cost 207.673 + 9116.61 = 9324.29 over 739 frames.
20030010_668 سروں جیز لولی کے پڑے رونے والے چند کا پچھلے اب یا نہ حریت سے جال میڈیا 
LOG (lattice-best-path[5.5.907~1-cbed4]:main():lattice-best-path.cc:99) For utterance 20030010_669, best cost 155.747 + 6919.21 = 7074.96 over 557 frames.
20030010_669 فورسڈ اعظم نوزل بولنے یوں سیر تیری یہ ریسرچ کروڑ بہن کیا 
LOG (lattice-best-path[5.5.907~1-cbed4]:main():lattice-best-path.cc:99) For utterance 20030010_670, best cost 144.858 + 8085.84 = 8230.7 over 653 frames.
20030010_670 روز ایک آخری اشجار ایک قسم ڈوگر کب چھوڑیں کا کرو 
LOG (lattice-best-path[5.5.907~1-cbed4]:main():lattice-best-path.cc:99) For utterance 20030010_671, best cost 218.913 + 8757.49 = 8976.4 over 712 frames.
20030010_671 خوشی سے ریلی اس روزہ کی بویا نے کہا سروں فورسڈ افورڈ کس افسوس چھولے میں دو اور جھیل جاؤ 
LOG (lattice-best-path[5.5.907~1-cbed4]:main():lattice-best-path.cc:99) For utterance 20030010_672, best cost 165.263 + 7403.32 = 7568.59 over 626 frames.
20030010_672 انٹر میں ٹشو چلائی دو خلق عام ورک سربراہ اور سے درجے کا بودلہ ہے 
LOG (lattice-best-path[5.5.907~1-cbed4]:main():lattice-best-path.cc:99) For utterance 20030010_673, best cost 147.683 + 7388.49 = 7536.18 over 621 frames.
20030010_673 کرائی کے جنگوں واقع ہوے جوق جی نظر کے ڈیل کر کرائے 
LOG (lattice-best-path[5.5.907~1-cbed4]:main():lattice-best-path.cc:99) For utterance 20030010_674, best cost 181.962 + 9228.95 = 9410.91 over 777 frames.
20030010_674 مشورہ پر عمر برڈ کا پر چدھڑ کر ہم بار تھیم ٹھونس نے کی کوشش جی 
LOG (lattice-best-path[5.5.907~1-cbed4]:main():lattice-best-path.cc:99) For utterance 20030010_675, best cost 147.199 + 8303.14 = 8450.33 over 686 frames.
20030010_675 بجے ڈیوڑھی کے رویے پر سوچے کرتا خود کر اب ڈور اڑائیں 
LOG (lattice-best-path[5.5.907~1-cbed4]:main():lattice-best-path.cc:99) For utterance 20030010_676, best cost 163.133 + 7206.36 = 7369.5 over 587 frames.
20030010_676 اپنے رہائشی سعید کمیٹی جڑ روئی زوال نے عام گشت جبری برعکس گئی 
LOG (lattice-best-path[5.5.907~1-cbed4]:main():lattice-best-path.cc:99) For utterance 20030010_677, best cost 228.977 + 9427.43 = 9656.41 over 788 frames.
20030010_677 مرزا میں کیا کی دوغلی بولے مگر بعدازاں موصول بوڑھی رو گرداں نیچی ہیڈ ورک سے دب بہن گیا 
LOG (lattice-best-path[5.5.907~1-cbed4]:main():lattice-best-path.cc:99) For utterance 20030010_678, best cost 244.526 + 13981.4 = 14226 over 1203 frames.
20030010_678 سنٹر لیس بہت ریلی کے تاثر والوں صرف چھوڑ آنے کے لیے غائب سوچ جلو بیک سے مشعر کے شعر کریں 
LOG (lattice-best-path[5.5.907~1-cbed4]:main():lattice-best-path.cc:99) For utterance 20030010_679, best cost 124.394 + 5044.99 = 5169.39 over 411 frames.
20030010_679 تھوڑی یورپی ایری بچی لگائے تو سعید تیزی سے اجڑی 
LOG (lattice-best-path[5.5.907~1-cbed4]:main():lattice-best-path.cc:99) For utterance 20030010_680, best cost 212.249 + 8019.03 = 8231.28 over 662 frames.
20030010_680 چوری درج اڑا پہلو کے ہوے ایئر ڈیتھ و دوست رائگاں اٹھارہ برس نے نے ہے دوا جاتا ہے 
LOG (lattice-best-path[5.5.907~1-cbed4]:main():lattice-best-path.cc:99) For utterance 20030010_681, best cost 257.529 + 9053.23 = 9310.76 over 755 frames.
20030010_681 گا ویجی شیم چیف کو میں کو حد کی دغا رسولی تم بولو بلڈ ڈچ ای <oov> دھار پر سوئی آ آ 
LOG (lattice-best-path[5.5.907~1-cbed4]:main():lattice-best-path.cc:99) For utterance 20030010_682, best cost 207.148 + 9408 = 9615.14 over 794 frames.
20030010_682 حبیب وجوہات کیوں لوٹ برس اجڑے قناعت میں جا کر بو اس کے جو ہر معلوم دھیرے 
LOG (lattice-best-path[5.5.907~1-cbed4]:main():lattice-best-path.cc:99) For utterance 20030010_683, best cost 179.856 + 7992.05 = 8171.91 over 669 frames.
20030010_683 ریڈ سے ہاؤس کی جو روزگار ایل مٹیں میری حدیث کیچ ای سے نکل گئی 
LOG (lattice-best-path[5.5.907~1-cbed4]:main():lattice-best-path.cc:99) For utterance 20030010_684, best cost 176.657 + 8019.68 = 8196.34 over 673 frames.
20030010_684 میں در اسٹورز وائرس ایک کے جو میں میل و گیارہ ریلیف تیاگ تک اب 
LOG (lattice-best-path[5.5.907~1-cbed4]:main():lattice-best-path.cc:99) For utterance 20030010_685, best cost 135.449 + 6240.06 = 6375.51 over 522 frames.
20030010_685 جو فلڈ لوث ریگن کئے بخشیں سے کہا سے لنگر جو 
LOG (lattice-best-path[5.5.907~1-cbed4]:main():lattice-best-path.cc:99) For utterance 20030010_686, best cost 182.09 + 8138.13 = 8320.21 over 671 frames.
20030010_686 چھٹی گینگز کے ضخیم بھی پیشرو سے بویا دی میں ضد کر شو شاہ پوچھ و 
LOG (lattice-best-path[5.5.907~1-cbed4]:main():lattice-best-path.cc:99) For utterance 20030010_687, best cost 244.176 + 10827.4 = 11071.6 over 885 frames.
20030010_687 سب حصے بدظن نوچ سے آنکھ سے گھول ای تم جب آدھا سے چیک مارچ کر توجہ نواب زور کرائی 
LOG (lattice-best-path[5.5.907~1-cbed4]:main():lattice-best-path.cc:99) For utterance 20030010_688, best cost 291.495 + 12664.7 = 12956.2 over 1064 frames.
20030010_688 کر کی گھور کی چادر بیج میں جا کسے انجری یاں اور مزارعوں اور اور ڈچ ای کے بھی مین ایہام موو کے کرا پھر داخل جاؤ 
LOG (lattice-best-path[5.5.907~1-cbed4]:main():lattice-best-path.cc:99) For utterance 20030010_689, best cost 216.507 + 7672.36 = 7888.87 over 625 frames.
20030010_689 گوجر کم بیج اثر خیرہ کیا جان اور جو ہول بنائیں اور سوئس و فصلیں فجر کچھ ہائے 
LOG (lattice-best-path[5.5.907~1-cbed4]:main():lattice-best-path.cc:99) For utterance 20030010_690, best cost 136.237 + 4786.75 = 4922.99 over 384 frames.
20030010_690 ای گلشن انور حائل کے شور ایئر کچھوا نہیں جاتا حق 
LOG (lattice-best-path[5.5.907~1-cbed4]:main():lattice-best-path.cc:99) For utterance 20030010_691, best cost 182.298 + 8747.91 = 8930.21 over 712 frames.
20030010_691 چیزیں کی دلجوئی کیلئے اپنا امجد گویا اور حصے بظاہر معین آٹھ میئر ٹھونس دیئے 
LOG (lattice-best-path[5.5.907~1-cbed4]:main():lattice-best-path.cc:99) For utterance 20030010_692, best cost 184.118 + 8472.61 = 8656.73 over 703 frames.
20030010_692 بخود نے ساتویں کہا کے میں سے بوسن دھڑے حد گاڑی کے بُدھی کھا قید بلبل 
LOG (lattice-best-path[5.5.907~1-cbed4]:main():lattice-best-path.cc:99) For utterance 20030010_693, best cost 159.264 + 5973.01 = 6132.28 over 493 frames.
20030010_693 مل ایڈہاک کے جوئیہ سے کہا کے وڈ کر پر گنا کر آئے مدح دو 
LOG (lattice-best-path[5.5.907~1-cbed4]:main():lattice-best-path.cc:99) For utterance 20030010_694, best cost 235.981 + 10252.3 = 10488.3 over 853 frames.
20030010_694 کر ان کا چھوڑ آ شخص سایہ کر صاف کوچ جلد جیل اور ای سیکھی جا کو جوق بند بنائیں 
LOG (lattice-best-path[5.5.907~1-cbed4]:main():lattice-best-path.cc:99) For utterance 20030010_695, best cost 174.048 + 7105.43 = 7279.48 over 596 frames.
20030010_695 کھچی جانا ٹیچر جانے کو کیا رو اگر چھین چنگ تو پانی میں گھول جاؤں 
LOG (lattice-best-path[5.5.907~1-cbed4]:main():lattice-best-path.cc:99) For utterance 20030010_696, best cost 164.73 + 7371.59 = 7536.32 over 612 frames.
20030010_696 قے شواہد کے ویزے کو مس سوئی مسوڑوں کے بنانے کیلئے غلام کیا جائے گا 
LOG (lattice-best-path[5.5.907~1-cbed4]:main():lattice-best-path.cc:99) For utterance 20030010_697, best cost 111.452 + 5580.5 = 5691.96 over 465 frames.
20030010_697 قدوقامت سے سوویت اگر میزائل کرنے کر کام ہو گا 
LOG (lattice-best-path[5.5.907~1-cbed4]:main():lattice-best-path.cc:99) For utterance 20030010_698, best cost 138.646 + 5590.08 = 5728.72 over 474 frames.
20030010_698 برابر امداد دور بھیم سے شکار اخبار لوث کا جائزہ لینے لگا 
LOG (lattice-best-path[5.5.907~1-cbed4]:main():lattice-best-path.cc:99) For utterance 20030010_699, best cost 196.882 + 7147.93 = 7344.81 over 587 frames.
20030010_699 راجے اسجد فیوچر اوقات کی چھری میں بدل کی ایریا نے ڈیڑھ عمر چیک عمل سوچ جو 
LOG (lattice-best-path[5.5.907~1-cbed4]:main():lattice-best-path.cc:99) For utterance 20030010_700, best cost 169.52 + 6865.11 = 7034.63 over 561 frames.
20030010_700 گول سب ہم کی تک میمن تغافل کی سوجن چھڑا کر ڈور سوکھ سے رکھو 
LOG (lattice-best-path[5.5.907~1-cbed4]:main():lattice-best-path.cc:99) For utterance 20030010_701, best cost 226.928 + 9739.2 = 9966.13 over 808 frames.
20030010_701 منظور ماں مان بولو کو بدل کی دور اپنا چیزیں پروا کریں معاذ اس غدودوں کو سمجھا آیا 
LOG (lattice-best-path[5.5.907~1-cbed4]:main():lattice-best-path.cc:99) For utterance 20030010_702, best cost 175.049 + 7324.89 = 7499.94 over 608 frames.
20030010_702 کیفے اسلم قوت کی روٹھ میئر کرے ایک کو اور شاہ زور نادر باب جو 
LOG (lattice-best-path[5.5.907~1-cbed4]:main():lattice-best-path.cc:99) For utterance 20030010_703, best cost 161.601 + 7672.43 = 7834.03 over 647 frames.
20030010_703 پیٹھ سائیڈ سے تولید ای جیم کے فقروں کا ہو بار ظاہر اجرا ہے 
LOG (lattice-best-path[5.5.907~1-cbed4]:main():lattice-best-path.cc:99) For utterance 20030010_704, best cost 193.317 + 9110.11 = 9303.43 over 766 frames.
20030010_704 جوق کئی میسر شل مدعی نہ اس ظاہر یوم چیک انظباتی پھیلا عقاب پراسیس ہے 
LOG (lattice-scale[5.5.907~1-cbed4]:main():lattice-scale.cc:107) Done 108 lattices.
LOG (lattice-best-path[5.5.907~1-cbed4]:main():lattice-best-path.cc:99) For utterance 20030010_705, best cost 172.833 + 6984.4 = 7157.24 over 578 frames.
20030010_705 با وجہ خیز بن مدح اور لیس سجاتے لاگت آٹھ حصوں سے بڑھ گئی 
LOG (lattice-best-path[5.5.907~1-cbed4]:main():lattice-best-path.cc:99) For utterance 20030010_706, best cost 158.652 + 7649.45 = 7808.1 over 627 frames.
20030010_706 بجے سلفیٹ خیز کے آنکھیں ڈوب شیڈ عمر <oov> وگ جو 
LOG (lattice-add-penalty[5.5.907~1-cbed4]:main():lattice-add-penalty.cc:62) Done adding word insertion penalty to 108 lattices.
LOG (lattice-best-path[5.5.907~1-cbed4]:main():lattice-best-path.cc:99) For utterance 20030010_707, best cost 137.203 + 5437.21 = 5574.41 over 449 frames.
20030010_707 ماضی کا وعدہ رہے تو آگے بڑی روہی گول عموماً نہ کریں 
LOG (lattice-best-path[5.5.907~1-cbed4]:main():lattice-best-path.cc:99) For utterance 20030010_708, best cost 171.559 + 6611.77 = 6783.33 over 548 frames.
20030010_708 جان چھیلنے سے تلے برڈ دینے معجل کو جگہ رسیدہ طریقہ اور مشق سمجھا 
LOG (lattice-best-path[5.5.907~1-cbed4]:main():lattice-best-path.cc:124) Overall cost per frame is 12.4783 = 0.271223 [graph] + 12.2071 [acoustic] over 76636 frames.
LOG (lattice-best-path[5.5.907~1-cbed4]:main():lattice-best-path.cc:128) Done 108 lattices, failed for 0
# Accounting: time=1 threads=1
# Ended (code 0) at Wed Apr 21 07:18:31 PKT 2021, elapsed time 1 seconds
