# lattice-scale --inv-acoustic-scale=12 "ark:gunzip -c exp/tri1/decode/lat.*.gz|" ark:- | lattice-add-penalty --word-ins-penalty=1.0 ark:- ark:- | lattice-best-path --word-symbol-table=exp/tri1/graph/words.txt ark:- ark,t:- | utils/int2sym.pl -f 2- exp/tri1/graph/words.txt | cat > exp/tri1/decode/scoring_kaldi/penalty_1.0/12.txt 
# Started at Wed Apr 21 07:18:31 PKT 2021
#
lattice-best-path --word-symbol-table=exp/tri1/graph/words.txt ark:- ark,t:- 
lattice-scale --inv-acoustic-scale=12 'ark:gunzip -c exp/tri1/decode/lat.*.gz|' ark:- 
lattice-add-penalty --word-ins-penalty=1.0 ark:- ark:- 
LOG (lattice-best-path[5.5.907~1-cbed4]:main():lattice-best-path.cc:99) For utterance 20030010_601, best cost 247.792 + 8203.86 = 8451.65 over 985 frames.
20030010_601 نمک زراعت کا کانجی کے بھابی کیلئے ظلم انجری نامی بولے ایری ادھار امرود کے پڑ آؤٹ کو قبول کمینگی 
LOG (lattice-best-path[5.5.907~1-cbed4]:main():lattice-best-path.cc:99) For utterance 20030010_602, best cost 300.68 + 10134.4 = 10435.1 over 1203 frames.
20030010_602 گروں ذخائر چیل کے نئی خود کے لڑکھڑا کی راہو گھوڑے بدحالی کے لو ڈانس خوشی چمچہ کے ھابھہ اولین کرنے کی شرکت سے اعظم ہے 
LOG (lattice-best-path[5.5.907~1-cbed4]:main():lattice-best-path.cc:99) For utterance 20030010_603, best cost 206.467 + 7063.01 = 7269.48 over 833 frames.
20030010_603 ششدر اور نزلے کے گہرا صبروتحمل پر اٹھا تو تبدیلی مہندی بسوں پر کر ان شوہر کیا 
LOG (lattice-best-path[5.5.907~1-cbed4]:main():lattice-best-path.cc:99) For utterance 20030010_604, best cost 233.62 + 7168.44 = 7402.06 over 856 frames.
20030010_604 ستھرے نے نہ علی کے گاؤن کی گرلز اور پڑی تو کہا ای سوچا ہے کہ گیس گنا خلیے اُٹھانے 
LOG (lattice-best-path[5.5.907~1-cbed4]:main():lattice-best-path.cc:99) For utterance 20030010_605, best cost 128.714 + 4333.16 = 4461.88 over 513 frames.
20030010_605 سوزش اوور انجمن کے پیشن مدعو دیں کر داخل دیتا ہے 
LOG (lattice-best-path[5.5.907~1-cbed4]:main():lattice-best-path.cc:99) For utterance 20030010_606, best cost 166.331 + 5106.42 = 5272.75 over 608 frames.
20030010_606 ندوی دیں جماعت میں بلوچ خود سے تشدد کی طرح آفس کی درس عجلت ہے 
LOG (lattice-best-path[5.5.907~1-cbed4]:main():lattice-best-path.cc:99) For utterance 20030010_607, best cost 131.617 + 3463.28 = 3594.9 over 420 frames.
20030010_607 تک سرویئر کی عفت کی سب عام بھنڈی نہ بنائی جائے 
LOG (lattice-best-path[5.5.907~1-cbed4]:main():lattice-best-path.cc:99) For utterance 20030010_608, best cost 161.183 + 4904.7 = 5065.88 over 582 frames.
20030010_608 کو کر کے گود ایک ملک کو کوش قدم چوہوں جانے کی اجاگر ہو گی 
LOG (lattice-best-path[5.5.907~1-cbed4]:main():lattice-best-path.cc:99) For utterance 20030010_609, best cost 216.703 + 6131.14 = 6347.85 over 736 frames.
20030010_609 پریشر میں محور اُمید بار مگر مچھلی چست و لینے گاڑی اٹھی سینٹر جوق کا کسی یا کیا 
LOG (lattice-best-path[5.5.907~1-cbed4]:main():lattice-best-path.cc:99) For utterance 20030010_610, best cost 196.735 + 6516.05 = 6712.79 over 803 frames.
20030010_610 موثر ایری لیڈر شیل یا کر جنوبی عمل میران میجر کی طرح سے بجٹ ایسا ہے 
LOG (lattice-best-path[5.5.907~1-cbed4]:main():lattice-best-path.cc:99) For utterance 20030010_611, best cost 220.159 + 7107.09 = 7327.25 over 868 frames.
20030010_611 کھسک بلین ڈیم گا فورس چئرمین زچ ادب آؤ کو گڑگڑا ہر کی گوجری اس آج شیرے 
LOG (lattice-best-path[5.5.907~1-cbed4]:main():lattice-best-path.cc:99) For utterance 20030010_612, best cost 215.093 + 7399.94 = 7615.03 over 921 frames.
20030010_612 تبدیلی اٹھی لو حصص سیلرز حال بھورا کی جگہ شوکت جوق روور کی لینگویج برعکس مہم ہیں 
LOG (lattice-best-path[5.5.907~1-cbed4]:main():lattice-best-path.cc:99) For utterance 20030010_613, best cost 133.913 + 3801.61 = 3935.52 over 452 frames.
20030010_613 کر کو لا حق برعکس اور جدول کو راستے یا زدہ کہا 
LOG (lattice-best-path[5.5.907~1-cbed4]:main():lattice-best-path.cc:99) For utterance 20030010_614, best cost 136.67 + 4813.5 = 4950.17 over 578 frames.
20030010_614 بدروح سینڈوچ ایشو کے کیمپ کے ساتھ سمجھی بغیر سمجھو طرح کیا 
LOG (lattice-best-path[5.5.907~1-cbed4]:main():lattice-best-path.cc:99) For utterance 20030010_615, best cost 264.036 + 7988.33 = 8252.36 over 960 frames.
20030010_615 ہدایت کرا شہزادی ریلیف جو مشعر اثر کو بروز کچرے ہول جوگی خان رانجھن چیک تجوریاں یہ پرہیز بڑھائے آ 
LOG (lattice-best-path[5.5.907~1-cbed4]:main():lattice-best-path.cc:99) For utterance 20030010_616, best cost 249.452 + 8226.27 = 8475.72 over 989 frames.
20030010_616 کچیلے گولڈ پونچھنے صغری ورژن کو فروخت ثلث کر کے سی گا تذبذب کی موثر کر اہلکار تیاگ جی آپ 
LOG (lattice-best-path[5.5.907~1-cbed4]:main():lattice-best-path.cc:99) For utterance 20030010_617, best cost 176.57 + 5503.7 = 5680.27 over 669 frames.
20030010_617 کمرے تک رسول کے گڈ چھور میں کیوں کو ہمیں تدریس پر وعدہ فصلیں لگا 
LOG (lattice-best-path[5.5.907~1-cbed4]:main():lattice-best-path.cc:99) For utterance 20030010_618, best cost 184.817 + 6873.01 = 7057.83 over 824 frames.
20030010_618 بم کے کمرے سے روشناس منشور والی آکر سویرے ان نیورو کے بعد تجزیہ کیا ہے 
LOG (lattice-best-path[5.5.907~1-cbed4]:main():lattice-best-path.cc:99) For utterance 20030010_619, best cost 144.605 + 4163.87 = 4308.47 over 519 frames.
20030010_619 تصحیح بھی تشبیہ بھاگ مدعیان کرنے کر جوق میری نتیجے اور ہے 
LOG (lattice-best-path[5.5.907~1-cbed4]:main():lattice-best-path.cc:99) For utterance 20030010_620, best cost 235.208 + 6908.99 = 7144.2 over 820 frames.
20030010_620 قیمت نے پریوں کے ہولوں زور میں سموئے عرف کی کے مگ کوڑھ اوپر پور زور شور کی کی یا ریان کی 
LOG (lattice-best-path[5.5.907~1-cbed4]:main():lattice-best-path.cc:99) For utterance 20030010_621, best cost 227.254 + 8545.23 = 8772.48 over 1024 frames.
20030010_621 میں معجل عدل کئی سوا شیرے اور کر سوجن کے ماہرین میں سے ونڈوز اور چاہیے مؤثر تحریک کی 
LOG (lattice-best-path[5.5.907~1-cbed4]:main():lattice-best-path.cc:99) For utterance 20030010_622, best cost 191.594 + 6681.78 = 6873.37 over 764 frames.
20030010_622 کوٹھی در میں ممبر گدے دیکھ کر انٹیلجنس عمر رسیدہ ڈیرے عالمی سکورز 
LOG (lattice-best-path[5.5.907~1-cbed4]:main():lattice-best-path.cc:99) For utterance 20030010_623, best cost 142.986 + 5449.14 = 5592.13 over 664 frames.
20030010_623 گینگسٹر بینک ادب منافعے سول برس طویل پریشان ایک گیا 
LOG (lattice-best-path[5.5.907~1-cbed4]:main():lattice-best-path.cc:99) For utterance 20030010_624, best cost 224.185 + 6505.19 = 6729.37 over 790 frames.
20030010_624 معاف بسر کے نسخہ میں بلی سیلرز فورس فورس اور رفو دو حدود کی انجکشن کلیم احمد شیڈول تھا 
LOG (lattice-best-path[5.5.907~1-cbed4]:main():lattice-best-path.cc:99) For utterance 20030010_625, best cost 178.472 + 5510.02 = 5688.49 over 665 frames.
20030010_625 میراں ایگلز ساگر ٹیچر جادوگر دل دیکھ کر ڈگری سیڈ درجے مواد کے کھو گیا 
LOG (lattice-best-path[5.5.907~1-cbed4]:main():lattice-best-path.cc:99) For utterance 20030010_626, best cost 109.49 + 3869.6 = 3979.09 over 465 frames.
20030010_626 میں بجیں کو ملیریا دم کی خوار سن جایا 
LOG (lattice-best-path[5.5.907~1-cbed4]:main():lattice-best-path.cc:99) For utterance 20030010_627, best cost 193.47 + 5765.92 = 5959.39 over 712 frames.
20030010_627 سیرگاہ تیروں عمر ٹرین اور بورڈ کی علم عیاں اسے بروز فردوس کو میری گھاگرا گیا 
LOG (lattice-best-path[5.5.907~1-cbed4]:main():lattice-best-path.cc:99) For utterance 20030010_628, best cost 184.934 + 5832.46 = 6017.4 over 709 frames.
20030010_628 لڑھک کی طرف ملے بنانے کیلئے بیک شعر چڑیل ان میں پُلوں کے ہوش عمل قوت کی 
LOG (lattice-best-path[5.5.907~1-cbed4]:main():lattice-best-path.cc:99) For utterance 20030010_629, best cost 220.779 + 7158.79 = 7379.57 over 876 frames.
20030010_629 شیلٹر کے گوشوں والا کے آف بوقت کمرے سعید اب روغن نیز نے مرحوم کا قضہ بیج کر آیا 
LOG (lattice-best-path[5.5.907~1-cbed4]:main():lattice-best-path.cc:99) For utterance 20030010_630, best cost 173.797 + 5460.76 = 5634.56 over 668 frames.
20030010_630 تعین فیسیں میں نشر کے اژدھام اگر درجے ماتھے کر چھانٹ سے خام بگڑ گیا 
LOG (lattice-best-path[5.5.907~1-cbed4]:main():lattice-best-path.cc:99) For utterance 20030010_631, best cost 241.676 + 7989.82 = 8231.5 over 964 frames.
20030010_631 سینئر چیف کو رنز ڈاٹ ہے بیک نے وقف اگر کے بیوروکریٹس فیچر پولیس میں سے موڑ کر چھولے دکھائی 
LOG (lattice-best-path[5.5.907~1-cbed4]:main():lattice-best-path.cc:99) For utterance 20030010_632, best cost 271.018 + 10084.7 = 10355.7 over 1219 frames.
20030010_632 گزری سعید آنے کہا کی روضے چیڑھ حجت چھور اور بھیڑیا دکھوں بھجوا کر فجور اور سوری کوئی بدلے ڈیڈ تھو 
LOG (lattice-best-path[5.5.907~1-cbed4]:main():lattice-best-path.cc:99) For utterance 20030010_633, best cost 239.376 + 8494.58 = 8733.95 over 1056 frames.
20030010_633 رزق بینگن گم بگاڑنے تخیّل کیلئے عمیق کھینچیں اور ریسورس کی کو اس جیم سوئنگ جھیل کلیدی جھیل 
LOG (lattice-best-path[5.5.907~1-cbed4]:main():lattice-best-path.cc:99) For utterance 20030010_634, best cost 189.644 + 5784.34 = 5973.99 over 708 frames.
20030010_634 کو ٹیوشن ویجز فیشن زیست افغان کیلئے رو تلمیحات کی نہ کر بیلٹ کر کے لائیں 
LOG (lattice-best-path[5.5.907~1-cbed4]:main():lattice-best-path.cc:99) For utterance 20030010_635, best cost 188.71 + 5970.66 = 6159.37 over 722 frames.
20030010_635 پاس ویلوٹ گوجر کی نام باؤلر میں بیچنے اور ایام بدہضمی یا ذریعے تسلسل آ کریں 
LOG (lattice-best-path[5.5.907~1-cbed4]:main():lattice-best-path.cc:99) For utterance 20030010_636, best cost 174.693 + 5542.75 = 5717.45 over 677 frames.
20030010_636 کمرے دوست حصول اس کی جوڑے انجام ہونے سے اس اجاگر دوم کا پور ہوا 
LOG (lattice-best-path[5.5.907~1-cbed4]:main():lattice-best-path.cc:99) For utterance 20030010_637, best cost 175.548 + 5723.49 = 5899.03 over 703 frames.
20030010_637 کے خان کے اژدھام اعظم پہنچ کا رنگین یا موسیقی ہیڈ اسے موڈم بھیڑوں ہوئے 
LOG (lattice-best-path[5.5.907~1-cbed4]:main():lattice-best-path.cc:99) For utterance 20030010_638, best cost 219.539 + 9213.07 = 9432.61 over 1134 frames.
20030010_638 پر کنٹرول ہجر کی شیڈ اور بوئنگ اُمید ہوے سوئچ اور کوٹھی کو فیری کی کے ہلاک سے جھجھک 
LOG (lattice-best-path[5.5.907~1-cbed4]:main():lattice-best-path.cc:99) For utterance 20030010_639, best cost 239.56 + 8119.24 = 8358.8 over 1011 frames.
20030010_639 فیس کے جو تک کی دکھ کے ڈیرے سے تشخیص کر سکتے نہ بچّی گوہر تک سن سے دور بورڈ سمجھیں 
LOG (lattice-best-path[5.5.907~1-cbed4]:main():lattice-best-path.cc:99) For utterance 20030010_640, best cost 207.352 + 6600.86 = 6808.21 over 822 frames.
20030010_640 جوق کی میران پر بیٹھی گیارہویں سبزی میں بیضوی کونسل ٹشو والا کا کو چوری گھوسٹ بقایا 
LOG (lattice-best-path[5.5.907~1-cbed4]:main():lattice-best-path.cc:99) For utterance 20030010_641, best cost 173.287 + 5823.08 = 5996.37 over 712 frames.
20030010_641 کو گوہر میں چودھری ژنگ گودام کی آتشیں بعض سیڈ اجرا کر بھینسیں کی گی 
LOG (lattice-best-path[5.5.907~1-cbed4]:main():lattice-best-path.cc:99) For utterance 20030010_642, best cost 152.528 + 5130.17 = 5282.7 over 638 frames.
20030010_642 حصوں کی فیس کی میں جیسی کے کر گشت سے نفوذ کی کھلواڑ اٹھی 
LOG (lattice-best-path[5.5.907~1-cbed4]:main():lattice-best-path.cc:99) For utterance 20030010_643, best cost 185.493 + 5386.46 = 5571.95 over 664 frames.
20030010_643 تساہل سے نخوت بدلیں مرغا فقر جلسے نہ ہائے اور دوغلی عذاب سزائیں تحصیلدار لیں 
LOG (lattice-best-path[5.5.907~1-cbed4]:main():lattice-best-path.cc:99) For utterance 20030010_644, best cost 234.567 + 7359.43 = 7594 over 908 frames.
20030010_644 پچیں نیلم کر چھیڑ میں میں ڈور کو روئیں اور زیورات بچھڑ ای کے سینٹر <oov> ڈیم سبب <oov> کریں 
LOG (lattice-best-path[5.5.907~1-cbed4]:main():lattice-best-path.cc:99) For utterance 20030010_645, best cost 193.88 + 6225.98 = 6419.86 over 768 frames.
20030010_645 لیڈر بیگج گیس میں دو ضعف کے سائبان بل سوچ مظفر کر نے چیف آشنا اپنے ہے 
LOG (lattice-best-path[5.5.907~1-cbed4]:main():lattice-best-path.cc:99) For utterance 20030010_646, best cost 190.854 + 5903.45 = 6094.3 over 734 frames.
20030010_646 ساحل احسن جوس میں اور چبھنے کے بعد الاؤنس بحیرہ آنے در آڑے ڈالوں ڈالنے آئی 
LOG (lattice-best-path[5.5.907~1-cbed4]:main():lattice-best-path.cc:99) For utterance 20030010_647, best cost 131.475 + 4182.68 = 4314.15 over 517 frames.
20030010_647 واقعے کر کے تنازعے گولڈ مجروح اوڑھ کر دور راہبر آئی 
LOG (lattice-best-path[5.5.907~1-cbed4]:main():lattice-best-path.cc:99) For utterance 20030010_648, best cost 135.928 + 4686.87 = 4822.8 over 573 frames.
20030010_648 میلے میں دولت حال پنہاں رخصت جلد کیلئے کروا تھا 
LOG (lattice-best-path[5.5.907~1-cbed4]:main():lattice-best-path.cc:99) For utterance 20030010_649, best cost 138.256 + 3998.85 = 4137.11 over 478 frames.
20030010_649 کو ڈوگر امراض کر کے بیعت میں کے بعد کوچوان کرنے گلے کرے 
LOG (lattice-best-path[5.5.907~1-cbed4]:main():lattice-best-path.cc:99) For utterance 20030010_650, best cost 193.823 + 7202.78 = 7396.6 over 870 frames.
20030010_650 ہجویہ وم کی صورت اور ساحل میت تھیم کے نقوی تہیہ کرائے اس کر غذاؤں ہے 
LOG (lattice-best-path[5.5.907~1-cbed4]:main():lattice-best-path.cc:99) For utterance 20030010_651, best cost 183.453 + 5579.68 = 5763.13 over 699 frames.
20030010_651 کوئلے کو گیلری میچ جوگی کھوہ کڑوی دغا نوے افورڈ نے سے پہلے سول بیٹھی 
LOG (lattice-best-path[5.5.907~1-cbed4]:main():lattice-best-path.cc:99) For utterance 20030010_652, best cost 190.109 + 6254.36 = 6444.47 over 777 frames.
20030010_652 بیلٹ اورنگ کی جھلک ہمجولیوں دیگر کے دوران نے میں کرا گود کے سلور تک پہنچ رہیں 
LOG (lattice-best-path[5.5.907~1-cbed4]:main():lattice-best-path.cc:99) For utterance 20030010_653, best cost 166.943 + 5164.04 = 5330.98 over 638 frames.
20030010_653 لوگ بردار ویسٹ کسی ظلم ڈگر زیست کے ہجے گھائل تک لوث ہوا 
LOG (lattice-best-path[5.5.907~1-cbed4]:main():lattice-best-path.cc:99) For utterance 20030010_654, best cost 192.291 + 6674.96 = 6867.25 over 838 frames.
20030010_654 کھدر ڈیسک ہاؤس اس چیک کشف یا چونکہ اور ان سکتے رولز کے معدے میں ستھرے 
LOG (lattice-best-path[5.5.907~1-cbed4]:main():lattice-best-path.cc:99) For utterance 20030010_655, best cost 111.625 + 3756.27 = 3867.9 over 465 frames.
20030010_655 نام برج کے چھائی یوروپیئن لیس بچھانے کریش ہے 
LOG (lattice-best-path[5.5.907~1-cbed4]:main():lattice-best-path.cc:99) For utterance 20030010_656, best cost 186.779 + 7443.04 = 7629.82 over 918 frames.
20030010_656 بے اثر سنچری کرو بیگم گردیزی ڈیم بجائے اور سوئی مجاہد رم وعید کریں 
LOG (lattice-best-path[5.5.907~1-cbed4]:main():lattice-best-path.cc:99) For utterance 20030010_657, best cost 115.755 + 4380.56 = 4496.31 over 540 frames.
20030010_657 آمدورفت کر ذہن کے قیصر کردار کی ہر سے مصنف 
LOG (lattice-best-path[5.5.907~1-cbed4]:main():lattice-best-path.cc:99) For utterance 20030010_658, best cost 130.887 + 4706.71 = 4837.6 over 591 frames.
20030010_658 رول گود کر لیبر روئی بیس چیڑھ بات سیلرز کرو 
LOG (lattice-best-path[5.5.907~1-cbed4]:main():lattice-best-path.cc:99) For utterance 20030010_659, best cost 192.965 + 6332.67 = 6525.64 over 779 frames.
20030010_659 میں کی کوچ ترویج جھائیاں کو لیتا تکلف اور اور فورس کے بعد بوئنگ یا پھر سوئے 
LOG (lattice-best-path[5.5.907~1-cbed4]:main():lattice-best-path.cc:99) For utterance 20030010_660, best cost 109.175 + 3908.84 = 4018.02 over 482 frames.
20030010_660 بوئے دوران کے بیک عرس ضلع میں نہیں دوسرا 
LOG (lattice-best-path[5.5.907~1-cbed4]:main():lattice-best-path.cc:99) For utterance 20030010_661, best cost 124.402 + 4732.38 = 4856.79 over 578 frames.
20030010_661 قیصر کرنے کیلئے بچھڑ پیغمبر کر ڈاکوؤں ارب دبائے 
LOG (lattice-best-path[5.5.907~1-cbed4]:main():lattice-best-path.cc:99) For utterance 20030010_662, best cost 147.74 + 4725.79 = 4873.53 over 575 frames.
20030010_662 کر چیلنجوں کو کی اب یا چلے تو صیاد اٹھی تشبیہ ہے بکھرے 
LOG (lattice-best-path[5.5.907~1-cbed4]:main():lattice-best-path.cc:99) For utterance 20030010_663, best cost 183.129 + 5475.53 = 5658.66 over 656 frames.
20030010_663 پیر آڑے جدول چاہے مگر انگوٹھے اثر چیل تو دیں لیچی تدریس وقوعہ کوئی 
LOG (lattice-best-path[5.5.907~1-cbed4]:main():lattice-best-path.cc:99) For utterance 20030010_664, best cost 183.515 + 6572.61 = 6756.12 over 790 frames.
20030010_664 پر آسیہ کے بڑے اعظم میں ٹوائلٹ کوارڈینیٹر رسول ہوا تو ترچھی کیونکہ کھڑے کو گئے 
LOG (lattice-best-path[5.5.907~1-cbed4]:main():lattice-best-path.cc:99) For utterance 20030010_665, best cost 129.221 + 4616.79 = 4746.02 over 569 frames.
20030010_665 فیصلے خسارے علوی سے سے گرج چینی طور پر بغیر ہوا 
LOG (lattice-best-path[5.5.907~1-cbed4]:main():lattice-best-path.cc:99) For utterance 20030010_666, best cost 137.18 + 4173.52 = 4310.7 over 505 frames.
20030010_666 دوجے ہوے اگرچہ علم کرا کا کر تک سب سے سندھو یہ 
LOG (lattice-best-path[5.5.907~1-cbed4]:main():lattice-best-path.cc:99) For utterance 20030010_667, best cost 146.516 + 5753.59 = 5900.11 over 731 frames.
20030010_667 بجلی دھیرے کے ڈار سے چمچے بوسن کی مجرم ڈور سن ہوئے 
LOG (lattice-best-path[5.5.907~1-cbed4]:main():lattice-best-path.cc:99) For utterance 20030010_668, best cost 194.918 + 6087.17 = 6282.09 over 739 frames.
20030010_668 صاحب لولی کے پڑے رونے والے چند کا پچھلے اب یا نہ حریت سے جال میڈیا 
LOG (lattice-best-path[5.5.907~1-cbed4]:main():lattice-best-path.cc:99) For utterance 20030010_669, best cost 136.635 + 4628.77 = 4765.41 over 557 frames.
20030010_669 فورسڈ اعظم نوزل بولنے یوں سرہندی ریسرچ کروڑ بہن کیا 
LOG (lattice-best-path[5.5.907~1-cbed4]:main():lattice-best-path.cc:99) For utterance 20030010_670, best cost 144.858 + 5390.56 = 5535.42 over 653 frames.
20030010_670 روز ایک آخری اشجار ایک قسم ڈوگر کب چھوڑیں کا کرو 
LOG (lattice-best-path[5.5.907~1-cbed4]:main():lattice-best-path.cc:99) For utterance 20030010_671, best cost 195.106 + 5857.66 = 6052.76 over 712 frames.
20030010_671 خوشی سے پہلے سوسائٹی بویا نے کہا سروں فورسڈ افورڈ کے سقوط چھولے میں دو اور جھیل جاؤ 
LOG (lattice-best-path[5.5.907~1-cbed4]:main():lattice-best-path.cc:99) For utterance 20030010_672, best cost 155.205 + 4942.5 = 5097.71 over 626 frames.
20030010_672 انٹر میں ٹشو چلائی دو فقدان ورک سربراہ اور سے درجے کا بودلہ ہے 
LOG (lattice-best-path[5.5.907~1-cbed4]:main():lattice-best-path.cc:99) For utterance 20030010_673, best cost 147.683 + 4925.66 = 5073.35 over 621 frames.
20030010_673 کرائی کے جنگوں واقع ہوے جوق جی نظر کے ڈیل کر کرائے 
LOG (lattice-best-path[5.5.907~1-cbed4]:main():lattice-best-path.cc:99) For utterance 20030010_674, best cost 175.227 + 6157.45 = 6332.68 over 777 frames.
20030010_674 مشورہ پر عمر برڈ کا پر چدھڑ کر ہم بار تھیم ٹھونس نے کی کوشش کی 
LOG (lattice-best-path[5.5.907~1-cbed4]:main():lattice-best-path.cc:99) For utterance 20030010_675, best cost 137.34 + 5542.66 = 5680 over 686 frames.
20030010_675 بجے ڈیوڑھی کے رویے پر سوچے کرتا خود کر ڈور اڑائیں 
LOG (lattice-best-path[5.5.907~1-cbed4]:main():lattice-best-path.cc:99) For utterance 20030010_676, best cost 141.768 + 4820.13 = 4961.9 over 587 frames.
20030010_676 اپنے رہائشی سعید کمیٹی جسٹس زوال نے رنجش جبری برعکس گئی 
LOG (lattice-best-path[5.5.907~1-cbed4]:main():lattice-best-path.cc:99) For utterance 20030010_677, best cost 218.383 + 6293.6 = 6511.98 over 788 frames.
20030010_677 مرزا میں کیا کی دوغلی بولے مگر بعدازاں موصول بوڑھی رو گرداں نیچی حیرت سے دب بہن گیا 
LOG (lattice-best-path[5.5.907~1-cbed4]:main():lattice-best-path.cc:99) For utterance 20030010_678, best cost 218.566 + 9343.29 = 9561.86 over 1203 frames.
20030010_678 سمفنی سقوط ریلی کے تاثر والوں سے چھوڑ آنے کے لیے غائب گوجر بیک سے مشعر کے شعر کریں 
LOG (lattice-best-path[5.5.907~1-cbed4]:main():lattice-best-path.cc:99) For utterance 20030010_679, best cost 118.765 + 3367.89 = 3486.65 over 411 frames.
20030010_679 تھوڑے اور فیری بچی لگائے تو سعید تیزی سے اجڑی 
LOG (lattice-best-path[5.5.907~1-cbed4]:main():lattice-best-path.cc:99) For utterance 20030010_680, best cost 203.97 + 5351.68 = 5555.65 over 662 frames.
20030010_680 چوری درج اڑا پہلو کے ہول ڈیتھ و دوست رائگاں اٹھارہ برس نے نے ہے دوا جاتا ہے 
LOG (lattice-best-path[5.5.907~1-cbed4]:main():lattice-best-path.cc:99) For utterance 20030010_681, best cost 204.977 + 6075.63 = 6280.6 over 755 frames.
20030010_681 گدھا چیچن چیف کو کو بقیہ رسولی تم گلوبل ڈچ ای <oov> دھار پر سوئی آ 
LOG (lattice-best-path[5.5.907~1-cbed4]:main():lattice-best-path.cc:99) For utterance 20030010_682, best cost 199.037 + 6278.42 = 6477.46 over 794 frames.
20030010_682 حبیب وجوہات کیوں لوٹ برس اجڑے قناعت میں جا کر برس کے جو ہر معلوم دھیرے 
LOG (lattice-best-path[5.5.907~1-cbed4]:main():lattice-best-path.cc:99) For utterance 20030010_683, best cost 172.511 + 5334.9 = 5507.41 over 669 frames.
20030010_683 ریڈ سے ہاؤس کی جو روزگار تیرے میری حدیث کیچ ای سے نکل گئی 
LOG (lattice-best-path[5.5.907~1-cbed4]:main():lattice-best-path.cc:99) For utterance 20030010_684, best cost 166.172 + 5356.02 = 5522.19 over 673 frames.
20030010_684 میں درخور وائرس ایک کے جو میں میل و گیارہ ریلیف تیاگ تک اب 
LOG (lattice-best-path[5.5.907~1-cbed4]:main():lattice-best-path.cc:99) For utterance 20030010_685, best cost 130.069 + 4163.83 = 4293.9 over 522 frames.
20030010_685 جو فلڈ لوث ایونٹ سے بخشیں سے کہا سے لنگر جو 
LOG (lattice-best-path[5.5.907~1-cbed4]:main():lattice-best-path.cc:99) For utterance 20030010_686, best cost 170.609 + 5435.25 = 5605.86 over 671 frames.
20030010_686 سسٹم کیونکہ ضخیم بھی پیشرو سے بویا دی مسز کر شو شاہ پوچھ و 
LOG (lattice-best-path[5.5.907~1-cbed4]:main():lattice-best-path.cc:99) For utterance 20030010_687, best cost 228.468 + 7229.51 = 7457.98 over 885 frames.
20030010_687 سب حصے بدظن نوچ سے آنکھیں بولیں تم جب آدھا سے چیک مارچ کر توجہ نواب زور کرائی 
LOG (lattice-best-path[5.5.907~1-cbed4]:main():lattice-best-path.cc:99) For utterance 20030010_688, best cost 260.84 + 8468.41 = 8729.25 over 1064 frames.
20030010_688 کر کی پر کی چادر بیج چچا کسے انجری یانگ مزارعوں اور اور ڈچ ای کے بھی مین ایہام کے کرا کے داخل جاؤ 
LOG (lattice-best-path[5.5.907~1-cbed4]:main():lattice-best-path.cc:99) For utterance 20030010_689, best cost 216.507 + 5114.91 = 5331.41 over 625 frames.
20030010_689 گوجر کم بیج اثر خیرہ کیا جان اور جو ہول بنائیں اور سوئس و فصلیں فجر کچھ ہائے 
LOG (lattice-best-path[5.5.907~1-cbed4]:main():lattice-best-path.cc:99) For utterance 20030010_690, best cost 114.644 + 3207.53 = 3322.18 over 384 frames.
20030010_690 ای گلشن انور حائل کے شور کچھوا نہیں جاتا 
LOG (lattice-best-path[5.5.907~1-cbed4]:main():lattice-best-path.cc:99) For utterance 20030010_691, best cost 165.963 + 5844.03 = 6010 over 712 frames.
20030010_691 چیزیں کی دلجوئی کیلئے امجد گویا اور حصے بظاہر معین آٹھ میں ٹھونس دیئے 
LOG (lattice-best-path[5.5.907~1-cbed4]:main():lattice-best-path.cc:99) For utterance 20030010_692, best cost 184.118 + 5648.41 = 5832.52 over 703 frames.
20030010_692 بخود نے ساتویں کہا کے میں سے بوسن دھڑے حد گاڑی کے بُدھی کھا قید بلبل 
LOG (lattice-best-path[5.5.907~1-cbed4]:main():lattice-best-path.cc:99) For utterance 20030010_693, best cost 136.578 + 3999.95 = 4136.53 over 493 frames.
20030010_693 میں بیٹھک کے جوئیہ سے کہا کے وقعت دوگنا کرائی مدح دو 
LOG (lattice-best-path[5.5.907~1-cbed4]:main():lattice-best-path.cc:99) For utterance 20030010_694, best cost 211.57 + 6856.81 = 7068.38 over 853 frames.
20030010_694 کر کا چھوڑ عاشق سایہ کر صاف کوچ جلد جیب اور کی سیکھی جا کو جوق بن بنائیں 
LOG (lattice-best-path[5.5.907~1-cbed4]:main():lattice-best-path.cc:99) For utterance 20030010_695, best cost 174.048 + 4736.95 = 4911 over 596 frames.
20030010_695 کھچی جانا ٹیچر جانے کو کیا رو اگر چھین چنگ تو پانی میں گھول جاؤں 
LOG (lattice-best-path[5.5.907~1-cbed4]:main():lattice-best-path.cc:99) For utterance 20030010_696, best cost 153.995 + 4922.52 = 5076.52 over 612 frames.
20030010_696 قے شواہد کے ویزے کو مسخرے مسوڑوں کے بنانے کیلئے غلام کیا جائے گا 
LOG (lattice-best-path[5.5.907~1-cbed4]:main():lattice-best-path.cc:99) For utterance 20030010_697, best cost 111.452 + 3720.34 = 3831.79 over 465 frames.
20030010_697 قدوقامت سے سوویت اگر میزائل کرنے کر کام ہو گا 
LOG (lattice-best-path[5.5.907~1-cbed4]:main():lattice-best-path.cc:99) For utterance 20030010_698, best cost 138.646 + 3726.72 = 3865.36 over 474 frames.
20030010_698 برابر امداد دور بھیم سے شکار اخبار لوث کا جائزہ لینے لگا 
LOG (lattice-best-path[5.5.907~1-cbed4]:main():lattice-best-path.cc:99) For utterance 20030010_699, best cost 196.882 + 4765.29 = 4962.17 over 587 frames.
20030010_699 راجے اسجد فیوچر اوقات کی چھری میں بدل کی ایریا نے ڈیڑھ عمر چیک عمل سوچ جو 
LOG (lattice-best-path[5.5.907~1-cbed4]:main():lattice-best-path.cc:99) For utterance 20030010_700, best cost 147.844 + 4596.1 = 4743.94 over 561 frames.
20030010_700 گستاخی کی تک میمن تغافل کی سوجن چھڑا کر ڈور سوکھ سے رکھو 
LOG (lattice-best-path[5.5.907~1-cbed4]:main():lattice-best-path.cc:99) For utterance 20030010_701, best cost 226.928 + 6492.8 = 6719.73 over 808 frames.
20030010_701 منظور ماں مان بولو کو بدل کی دور اپنا چیزیں پروا کریں معاذ اس غدودوں کو سمجھا آیا 
LOG (lattice-best-path[5.5.907~1-cbed4]:main():lattice-best-path.cc:99) For utterance 20030010_702, best cost 171.391 + 4885.78 = 5057.17 over 608 frames.
20030010_702 کیفے اسلم قوت کی دودھ نے کرے ایک کو اور شاہ زور نادر باب جو 
LOG (lattice-best-path[5.5.907~1-cbed4]:main():lattice-best-path.cc:99) For utterance 20030010_703, best cost 161.601 + 5114.95 = 5276.55 over 647 frames.
20030010_703 پیٹھ سائیڈ سے تولید ای جیم کے فقروں کا ہو بار ظاہر اجرا ہے 
LOG (lattice-best-path[5.5.907~1-cbed4]:main():lattice-best-path.cc:99) For utterance 20030010_704, best cost 179.451 + 6086.52 = 6265.97 over 766 frames.
20030010_704 جوق کئی میسر شل مدعیان اس ظاہر یوم کے انظباتی پھیلا عقاب پراسیس ہے 
LOG (lattice-scale[5.5.907~1-cbed4]:main():lattice-scale.cc:107) Done 108 lattices.
LOG (lattice-best-path[5.5.907~1-cbed4]:main():lattice-best-path.cc:99) For utterance 20030010_705, best cost 143.8 + 4682.32 = 4826.12 over 578 frames.
20030010_705 باوجود لیبر مدھر لیس سجاتے لاگت آٹھ حصوں سے بڑھ گئے 
LOG (lattice-best-path[5.5.907~1-cbed4]:main():lattice-best-path.cc:99) For utterance 20030010_706, best cost 132.816 + 5122.03 = 5254.85 over 627 frames.
20030010_706 بجے سویٹر ریسکیو آنکھیں دکھنے چمچ لومڑی جو 
LOG (lattice-add-penalty[5.5.907~1-cbed4]:main():lattice-add-penalty.cc:62) Done adding word insertion penalty to 108 lattices.
LOG (lattice-best-path[5.5.907~1-cbed4]:main():lattice-best-path.cc:99) For utterance 20030010_707, best cost 127.544 + 3633.44 = 3760.98 over 449 frames.
20030010_707 ماضی کا وعدہ رہے تو لیبر آئیوڈین گول عموماً نہ کریں 
LOG (lattice-best-path[5.5.907~1-cbed4]:main():lattice-best-path.cc:99) For utterance 20030010_708, best cost 167.667 + 4411.13 = 4578.8 over 548 frames.
20030010_708 جان چھیلنے سے تلے بڑے نے معجل کو جگہ رسیدہ طریقہ اور مشق سمجھا 
LOG (lattice-best-path[5.5.907~1-cbed4]:main():lattice-best-path.cc:124) Overall cost per frame is 8.40564 = 0.251719 [graph] + 8.15392 [acoustic] over 76636 frames.
LOG (lattice-best-path[5.5.907~1-cbed4]:main():lattice-best-path.cc:128) Done 108 lattices, failed for 0
# Accounting: time=1 threads=1
# Ended (code 0) at Wed Apr 21 07:18:32 PKT 2021, elapsed time 1 seconds
