# lattice-scale --inv-acoustic-scale=10 "ark:gunzip -c exp/sgmm2_4_mmi_b0.1/decode_it3/lat.*.gz|" ark:- | lattice-add-penalty --word-ins-penalty=1.0 ark:- ark:- | lattice-best-path --word-symbol-table=data/lang_test/words.txt ark:- ark,t:- | utils/int2sym.pl -f 2- data/lang_test/words.txt | cat > exp/sgmm2_4_mmi_b0.1/decode_it3/scoring_kaldi/penalty_1.0/10.txt 
# Started at Wed Apr 21 08:36:02 PKT 2021
#
lattice-best-path --word-symbol-table=data/lang_test/words.txt ark:- ark,t:- 
lattice-scale --inv-acoustic-scale=10 'ark:gunzip -c exp/sgmm2_4_mmi_b0.1/decode_it3/lat.*.gz|' ark:- 
lattice-add-penalty --word-ins-penalty=1.0 ark:- ark:- 
LOG (lattice-best-path[5.5.907~1-cbed4]:main():lattice-best-path.cc:99) For utterance 20030010_601, best cost 279.348 + 6147.79 = 6427.14 over 985 frames.
20030010_601 نو بدلو کا تم کی کے ڈھابے کے نیشن میں دھڑے لولی کلی لے ابھر انگوٹھی کے کرا آؤٹ تھو غدودوں کر نیلم گی 
LOG (lattice-best-path[5.5.907~1-cbed4]:main():lattice-best-path.cc:99) For utterance 20030010_602, best cost 303.681 + 7497.5 = 7801.18 over 1203 frames.
20030010_602 گروں باورچی کے نرخوں اور کیلئے پرخچے ہوئیں ہوے پڑھائی کے لو بانسری شیرے آلود جا کے بھال اور میں شاہ کرنے کی شرکت سے آرزوئیں ہے 
LOG (lattice-best-path[5.5.907~1-cbed4]:main():lattice-best-path.cc:99) For utterance 20030010_603, best cost 247.077 + 5200.11 = 5447.19 over 833 frames.
20030010_603 شاہ مشن کر اور نزلے کی بڑا سے لگے عمل پر اٹھا کر تبدیلی دیکھ حصوں پر کرا میں چھابڑی کی آ 
LOG (lattice-best-path[5.5.907~1-cbed4]:main():lattice-best-path.cc:99) For utterance 20030010_604, best cost 243.302 + 5465.5 = 5708.8 over 856 frames.
20030010_604 صبحیں نے نہ علی کے گاؤں کی گڑھ کر پڑی تو کہا فیس طوفان چاہے کے کس کے نہ خلیے اٹھائے ہیں 
LOG (lattice-best-path[5.5.907~1-cbed4]:main():lattice-best-path.cc:99) For utterance 20030010_605, best cost 152.061 + 3085.16 = 3237.22 over 513 frames.
20030010_605 سول جا شوہر جون کے پیشن میں دھول پیر کر داخل دیتا ہے 
LOG (lattice-best-path[5.5.907~1-cbed4]:main():lattice-best-path.cc:99) For utterance 20030010_606, best cost 180.795 + 3787.41 = 3968.21 over 608 frames.
20030010_606 مری کے دماغی دلوں غلط سے پنشنر دم کے کا حافظ کی بڑی فضل رتھ ہے 
LOG (lattice-best-path[5.5.907~1-cbed4]:main():lattice-best-path.cc:99) For utterance 20030010_607, best cost 145.523 + 2453.73 = 2599.25 over 420 frames.
20030010_607 آگ سرویئر کی مثبت کی زنگ بانگ گھن دیے نہ نئی جائے 
LOG (lattice-best-path[5.5.907~1-cbed4]:main():lattice-best-path.cc:99) For utterance 20030010_608, best cost 187.113 + 3535.58 = 3722.7 over 582 frames.
20030010_608 کو میں کے بورڈر نو رخ کو بش کر ڈام چوم جانے کی یوم جن تو ہو گئی 
LOG (lattice-best-path[5.5.907~1-cbed4]:main():lattice-best-path.cc:99) For utterance 20030010_609, best cost 232.522 + 4366.42 = 4598.94 over 736 frames.
20030010_609 ٹریژری مہم عید ورک مگر مارچ نرگس تولیے نکالیں رضوی سونگ کے جور کا تصفیے اور جی ہے 
LOG (lattice-best-path[5.5.907~1-cbed4]:main():lattice-best-path.cc:99) For utterance 20030010_610, best cost 200.286 + 4636.85 = 4837.14 over 803 frames.
20030010_610 ماہ سے ریلی تشریف یا کریو بھی عمل دیر آدمی جلد کی طرف سے مجیب ایسا ہے 
LOG (lattice-best-path[5.5.907~1-cbed4]:main():lattice-best-path.cc:99) For utterance 20030010_611, best cost 220.209 + 5256.02 = 5476.23 over 868 frames.
20030010_611 کھو سے پہنے بحیرہ فاریسٹ ان میں سے کے دواؤں و کو دیگر آ ہر کی گچھے ساجد گے 
LOG (lattice-best-path[5.5.907~1-cbed4]:main():lattice-best-path.cc:99) For utterance 20030010_612, best cost 246.829 + 5411.59 = 5658.42 over 921 frames.
20030010_612 تبدیلی کے لفظ لشکر نگران بھورا فی جھڑک شاہ عفو کا تو فوم وقت کی لینگویج کا عفو آ ہم ہیں 
LOG (lattice-best-path[5.5.907~1-cbed4]:main():lattice-best-path.cc:99) For utterance 20030010_613, best cost 145.433 + 2917.68 = 3063.12 over 452 frames.
20030010_613 کا علم کو اور لاکھا بوگس اور چہل کو رشید یانگ زدہ کہا 
LOG (lattice-best-path[5.5.907~1-cbed4]:main():lattice-best-path.cc:99) For utterance 20030010_614, best cost 156.958 + 3492.71 = 3649.67 over 578 frames.
20030010_614 محدود قے نے شیشے کے کرائی و کے ساتھ سمجھیں بغیر سمجھو تک کیا 
LOG (lattice-best-path[5.5.907~1-cbed4]:main():lattice-best-path.cc:99) For utterance 20030010_615, best cost 266.596 + 5874.55 = 6141.14 over 960 frames.
20030010_615 ہدایت کا شہزادی نے نیچا مشعر آ عزت کو بروز کرتے ہوئے چوری خان آن کی کی طرح جوڑیں نے پورا ہیڈ بقایا 
LOG (lattice-best-path[5.5.907~1-cbed4]:main():lattice-best-path.cc:99) For utterance 20030010_616, best cost 270.725 + 5942.49 = 6213.21 over 989 frames.
20030010_616 تراجم کے بلبل نے سرخ ہر ورژن کو فروخت سزا شاہ کر کیسی کا تصورات جیم اور صرف کا تھل کا رخ گیارہ کیا 
LOG (lattice-best-path[5.5.907~1-cbed4]:main():lattice-best-path.cc:99) For utterance 20030010_617, best cost 186.193 + 4050.05 = 4236.24 over 669 frames.
20030010_617 کا میں پر بڑے سوکھی گلشن میں کیوں کو ہم پیدا دیکھ کر کردار پاس میں لگا 
LOG (lattice-best-path[5.5.907~1-cbed4]:main():lattice-best-path.cc:99) For utterance 20030010_618, best cost 239.672 + 5035.03 = 5274.7 over 824 frames.
20030010_618 کام دل کا میں سے بش ناظم اچھل والے اب کر سابق نے ان نیو کے بعد طرف سخت یا کیا ہے 
LOG (lattice-best-path[5.5.907~1-cbed4]:main():lattice-best-path.cc:99) For utterance 20030010_619, best cost 123.519 + 2956.18 = 3079.7 over 519 frames.
20030010_619 پریذیڈنٹ تشبیہ بھاگ مدعیان کرنے کا جوڈیشری نتیجے اور ہے 
LOG (lattice-best-path[5.5.907~1-cbed4]:main():lattice-best-path.cc:99) For utterance 20030010_620, best cost 218.129 + 5155.99 = 5374.12 over 820 frames.
20030010_620 چیل ماں نے تھنوں کی بولوں کو گروں میں سموئے اور کی لیے مفہوم پر پرسوز شوروم کی کی گاڑیاں کی 
LOG (lattice-best-path[5.5.907~1-cbed4]:main():lattice-best-path.cc:99) For utterance 20030010_621, best cost 249.746 + 6531.16 = 6780.91 over 1024 frames.
20030010_621 کن معجل بیس حاشیے میں عرف کر زور جنگلوں کے مان بہن میں سے مرض اور چھابڑی نماز میں میں تحریک کی 
LOG (lattice-best-path[5.5.907~1-cbed4]:main():lattice-best-path.cc:99) For utterance 20030010_622, best cost 189.333 + 5281.31 = 5470.64 over 764 frames.
20030010_622 کو کی طرح میں مرلہ گدے دیکھ کر ایک درجے عمر رسیدہ بیڑے عالمی سے گزرے 
LOG (lattice-best-path[5.5.907~1-cbed4]:main():lattice-best-path.cc:99) For utterance 20030010_623, best cost 158.899 + 4073.29 = 4232.19 over 664 frames.
20030010_623 بالکل جان کا داغ منافعے سونگ برس کا میں دانش آن لے گیا 
LOG (lattice-best-path[5.5.907~1-cbed4]:main():lattice-best-path.cc:99) For utterance 20030010_624, best cost 233.017 + 4811.54 = 5044.56 over 790 frames.
20030010_624 مفلس ایئر کے نوش کو میں دیے سیلرز خواص کوڑھ سالہ خون خود عود کے پرچم کے لیے محور شعبوں تھا 
LOG (lattice-best-path[5.5.907~1-cbed4]:main():lattice-best-path.cc:99) For utterance 20030010_625, best cost 180.414 + 3999.68 = 4180.09 over 665 frames.
20030010_625 نیلم ریگن سالگرہ فیچر جاتی قدرے لے کر ڈگری سیدھے کے معاف کے کھو گیا 
LOG (lattice-best-path[5.5.907~1-cbed4]:main():lattice-best-path.cc:99) For utterance 20030010_626, best cost 111.496 + 2903.08 = 3014.57 over 465 frames.
20030010_626 میں بوجھ نے کو ملیریا دن کی مرغا اور سمجھا 
LOG (lattice-best-path[5.5.907~1-cbed4]:main():lattice-best-path.cc:99) For utterance 20030010_627, best cost 190.922 + 4119.62 = 4310.54 over 712 frames.
20030010_627 فکر غیر عمل کے نور دور کے علم یاں اسے بلوں کے تو فوم میں لکھا گیا 
LOG (lattice-best-path[5.5.907~1-cbed4]:main():lattice-best-path.cc:99) For utterance 20030010_628, best cost 196.226 + 4194.73 = 4390.96 over 709 frames.
20030010_628 لوہا کی طرح میں لگانے کے لیے بیچلر ٹریبیونل میں سنو مون کی خوشیوں مغز کود پیئں 
LOG (lattice-best-path[5.5.907~1-cbed4]:main():lattice-best-path.cc:99) For utterance 20030010_629, best cost 216.594 + 5304.32 = 5520.91 over 876 frames.
20030010_629 چھیل کریں کے گوشوں اور کیا عوام خوار میں سعید عفو دوغلی سے مردوں کا گیسیں دیکھ کر آیا 
LOG (lattice-best-path[5.5.907~1-cbed4]:main():lattice-best-path.cc:99) For utterance 20030010_630, best cost 191.199 + 3896.09 = 4087.29 over 668 frames.
20030010_630 تعین قسم نے نشر کے اشجار نے عام کر بیچے ماڑی تو چھم سے خان دکھائی گیا 
LOG (lattice-best-path[5.5.907~1-cbed4]:main():lattice-best-path.cc:99) For utterance 20030010_631, best cost 255.089 + 5887.22 = 6142.31 over 964 frames.
20030010_631 سیریز چیف کو رتھ ڈاٹ ہے بیٹھی نئے کفار کر کے تلور کا فیچر تو پیسنے سے موعود ترچھا لیے دکھایا 
LOG (lattice-best-path[5.5.907~1-cbed4]:main():lattice-best-path.cc:99) For utterance 20030010_632, best cost 258.791 + 7799.51 = 8058.3 over 1219 frames.
20030010_632 کسی سے ندا نے کہا کے بوریت کی حجت چھوڑ اور اور بھیڑیا دکھ بھجوا کر کھجوریں اور سوئی چھولے بغیر بیٹھک 
LOG (lattice-best-path[5.5.907~1-cbed4]:main():lattice-best-path.cc:99) For utterance 20030010_633, best cost 254.243 + 6049.11 = 6303.36 over 1056 frames.
20030010_633 پرچم دن کے بگاڑنے کا غیور کیلئے نے پھیرتے اور فیصد کی کو اونس پیش سے انسولین کے فیری دی چیل ہے 
LOG (lattice-best-path[5.5.907~1-cbed4]:main():lattice-best-path.cc:99) For utterance 20030010_634, best cost 198.67 + 4296.15 = 4494.82 over 708 frames.
20030010_634 کوئلے شلجم ٹیوشن جیز کہانی کے لیے روغن نے آٹھ کے نہ کر فرینڈ کر کے لائیں 
LOG (lattice-best-path[5.5.907~1-cbed4]:main():lattice-best-path.cc:99) For utterance 20030010_635, best cost 207.657 + 4264.01 = 4471.67 over 722 frames.
20030010_635 پاس میں دل کو جھینگے اعلان فارغ میں بیچلر اور عدل مملکت اپنے اثر یہ سے سویرا کریں 
LOG (lattice-best-path[5.5.907~1-cbed4]:main():lattice-best-path.cc:99) For utterance 20030010_636, best cost 198.899 + 3832.05 = 4030.95 over 677 frames.
20030010_636 کا ماہ ڈور خشوع نعمت کے جوبلی اور شامل نے سعید سوچا کا تو ہم کا سود ہوا 
LOG (lattice-best-path[5.5.907~1-cbed4]:main():lattice-best-path.cc:99) For utterance 20030010_637, best cost 180.341 + 4165.66 = 4346 over 703 frames.
20030010_637 ایقان کے اجتماعی میں پہنچ کلونجی لا موڈ کی کی ہیڈ عرصے بورڈ ادھیڑ ہوئے 
LOG (lattice-best-path[5.5.907~1-cbed4]:main():lattice-best-path.cc:99) For utterance 20030010_638, best cost 241.585 + 6840.78 = 7082.36 over 1134 frames.
20030010_638 کب کام جو حجت کی شیلٹر بوائے میں کو میں صورت اور کوٹھی کو کلیجی کے خلاف سے جلد شیل 
LOG (lattice-best-path[5.5.907~1-cbed4]:main():lattice-best-path.cc:99) For utterance 20030010_639, best cost 259.92 + 5641.75 = 5901.67 over 1011 frames.
20030010_639 ہیئر کے دکھ کر کی دکھ سے دیر سے ترچھی اس کر سے کے نہ گڈ چیز و اور تک سامان سے ڈبو صفیں 
LOG (lattice-best-path[5.5.907~1-cbed4]:main():lattice-best-path.cc:99) For utterance 20030010_640, best cost 229.603 + 4603.78 = 4833.39 over 822 frames.
20030010_640 جوق کے میں آن پر بیٹھی جعلی سبزی میں بھی سے کونسل کے شو والا کا کر چوری کھول جرگہ آیا 
LOG (lattice-best-path[5.5.907~1-cbed4]:main():lattice-best-path.cc:99) For utterance 20030010_641, best cost 194.113 + 4167.64 = 4361.75 over 712 frames.
20030010_641 کو کو ہر میرٹ اور بھری شب اودھم کی اب آتشیں بعض عید کچلا کر بھینسیں دی 
LOG (lattice-best-path[5.5.907~1-cbed4]:main():lattice-best-path.cc:99) For utterance 20030010_642, best cost 158.051 + 3590.85 = 3748.9 over 638 frames.
20030010_642 حصوں کی فرض کے میچ اسی کے تو دانش سے نفوذ کی کھلواڑ کوٹھی 
LOG (lattice-best-path[5.5.907~1-cbed4]:main():lattice-best-path.cc:99) For utterance 20030010_643, best cost 217.446 + 3793.35 = 4010.8 over 664 frames.
20030010_643 تفاوت اثر نخوت بڑی موقف افواج عرصے نہ ہائے اور دوغلی ایئر آگ سے زاید رحیم داڑھی 
LOG (lattice-best-path[5.5.907~1-cbed4]:main():lattice-best-path.cc:99) For utterance 20030010_644, best cost 235.807 + 5076.43 = 5312.24 over 908 frames.
20030010_644 پچیں لینے ترچھی میں دیں دوم کو روے اور زیورات پہ چھری کے سیمی پر سٹیڈیم تعداد پھیریں 
LOG (lattice-best-path[5.5.907~1-cbed4]:main():lattice-best-path.cc:99) For utterance 20030010_645, best cost 228.874 + 4322.34 = 4551.21 over 768 frames.
20030010_645 وی تم ڈیبیٹ کے اس میں دو زور کے سائیڈ بس و روضہ خیر کر نے کے ایفا آشنا میں ہیں 
LOG (lattice-best-path[5.5.907~1-cbed4]:main():lattice-best-path.cc:99) For utterance 20030010_646, best cost 219.779 + 4171.13 = 4390.91 over 734 frames.
20030010_646 سامنے نہ خون جوس میں اور چبھنے کے بعد لاؤ بے اے رنگ نے در ان ڈالر ڈالنے آئی 
LOG (lattice-best-path[5.5.907~1-cbed4]:main():lattice-best-path.cc:99) For utterance 20030010_647, best cost 132.028 + 2938.28 = 3070.31 over 517 frames.
20030010_647 بعد سے کر کے غنا سے گروپ میچور کر دوران پر آئے 
LOG (lattice-best-path[5.5.907~1-cbed4]:main():lattice-best-path.cc:99) For utterance 20030010_648, best cost 147.962 + 3501.01 = 3648.97 over 573 frames.
20030010_648 حویلی میں درود یا چھائی تمغہ خفت جل کیلئے کروا تھا 
LOG (lattice-best-path[5.5.907~1-cbed4]:main():lattice-best-path.cc:99) For utterance 20030010_649, best cost 139.353 + 2940.83 = 3080.19 over 478 frames.
20030010_649 کفر کو کر نرسیں کے ڈیتھ نے کے بعد عوام کا نڈر لگائے 
LOG (lattice-best-path[5.5.907~1-cbed4]:main():lattice-best-path.cc:99) For utterance 20030010_650, best cost 229.352 + 5186.99 = 5416.35 over 870 frames.
20030010_650 کھجلی کا میں کی سینئر تو سال میں عورت اننگز کے نہ سوری آف لیا کی رعایت کا کی کی ظاہر 
LOG (lattice-best-path[5.5.907~1-cbed4]:main():lattice-best-path.cc:99) For utterance 20030010_651, best cost 181.514 + 3966.9 = 4148.42 over 699 frames.
20030010_651 کوئلے کو بلی مہجور کی کھو کریم گا اندھیرے اور کڑھنے سے پہلے حصوں بھیجی 
LOG (lattice-best-path[5.5.907~1-cbed4]:main():lattice-best-path.cc:99) For utterance 20030010_652, best cost 189.976 + 4312.87 = 4502.84 over 777 frames.
20030010_652 پر ٹری کیجیے تھام بلی کر کے دوران میں میں کا گود کے سندھو تک پہنچوں ہیں 
LOG (lattice-best-path[5.5.907~1-cbed4]:main():lattice-best-path.cc:99) For utterance 20030010_653, best cost 178.865 + 3633.38 = 3812.24 over 638 frames.
20030010_653 لوگ ابرار برس کا سی ظلم دھل کر زیر کے ہجے ڈھائی تک لوث ہوا 
LOG (lattice-best-path[5.5.907~1-cbed4]:main():lattice-best-path.cc:99) For utterance 20030010_654, best cost 194.717 + 4749.78 = 4944.5 over 838 frames.
20030010_654 کڑوی درج ہاؤس سے اس کی آشیانہ چون کے اور ان سے کے گول سے معدے میں ستھرے 
LOG (lattice-best-path[5.5.907~1-cbed4]:main():lattice-best-path.cc:99) For utterance 20030010_655, best cost 122.48 + 2734.04 = 2856.52 over 465 frames.
20030010_655 نام بخشے چھائی و ڈھیلے اس بچھانے کر پیش ہے 
LOG (lattice-best-path[5.5.907~1-cbed4]:main():lattice-best-path.cc:99) For utterance 20030010_656, best cost 228.741 + 5312.71 = 5541.45 over 918 frames.
20030010_656 بے اثر زنجیر قرار بیگم کر زیر ای ہیئر بجائے اور سوری مچا ہائے رم بے گیس کریں 
LOG (lattice-best-path[5.5.907~1-cbed4]:main():lattice-best-path.cc:99) For utterance 20030010_657, best cost 125.664 + 3434.34 = 3560.01 over 540 frames.
20030010_657 آمدورفت کرنے ذہن کے قیصر ٹریفک ہر سے مفلس ہیں 
LOG (lattice-best-path[5.5.907~1-cbed4]:main():lattice-best-path.cc:99) For utterance 20030010_658, best cost 132.439 + 3405.69 = 3538.13 over 591 frames.
20030010_658 ریگن بزرگ کا نے بنوری بے اس کی بادشاہ سے مزارعوں 
LOG (lattice-best-path[5.5.907~1-cbed4]:main():lattice-best-path.cc:99) For utterance 20030010_659, best cost 193.448 + 4662.44 = 4855.89 over 779 frames.
20030010_659 میں کے کو کے بجھائی اور کوئی کا تو غم غور اور سوئس کے بعد بوئے یا پھیر سوئے 
LOG (lattice-best-path[5.5.907~1-cbed4]:main():lattice-best-path.cc:99) For utterance 20030010_660, best cost 134.44 + 2913.69 = 3048.13 over 482 frames.
20030010_660 کوئی براں ان کے بو کرا وزراء میں نہیں گھس ناغہ 
LOG (lattice-best-path[5.5.907~1-cbed4]:main():lattice-best-path.cc:99) For utterance 20030010_661, best cost 134.863 + 3527.56 = 3662.43 over 578 frames.
20030010_661 کر صفیں نے کے لیے بچھڑوں پر عمل کر داغدار کر دبائے 
LOG (lattice-best-path[5.5.907~1-cbed4]:main():lattice-best-path.cc:99) For utterance 20030010_662, best cost 168.566 + 3405.88 = 3574.45 over 575 frames.
20030010_662 کر فن جور کو کے ارکان کیا چلے تو سے یا رو کے تشبیہ ہے دیئے 
LOG (lattice-best-path[5.5.907~1-cbed4]:main():lattice-best-path.cc:99) For utterance 20030010_663, best cost 195.644 + 4075.87 = 4271.51 over 656 frames.
20030010_663 پیر اونے جانا چاہے مگر درود شعر سال کی تو کے لیے کی تنقیص بو تھو ہوئے 
LOG (lattice-best-path[5.5.907~1-cbed4]:main():lattice-best-path.cc:99) For utterance 20030010_664, best cost 238.3 + 4949.68 = 5187.98 over 790 frames.
20030010_664 کلاں سیاحت کے بڑے ارزاں میں قائم نہ تھوڑی لیکن از زور پورا تو کے لیچی کے روپے کھڑے کو گئے 
LOG (lattice-best-path[5.5.907~1-cbed4]:main():lattice-best-path.cc:99) For utterance 20030010_665, best cost 145.852 + 3387.75 = 3533.6 over 569 frames.
20030010_665 فیض میں خواہ سرکاری سے سے کرشنگ نے تو اور کس بغیر ہوا 
LOG (lattice-best-path[5.5.907~1-cbed4]:main():lattice-best-path.cc:99) For utterance 20030010_666, best cost 156.545 + 3201.98 = 3358.53 over 505 frames.
20030010_666 بوم سے ہوے اگرچہ علم پر اب کا کر کا سرخ جیسے بھول یہ 
LOG (lattice-best-path[5.5.907~1-cbed4]:main():lattice-best-path.cc:99) For utterance 20030010_667, best cost 157.046 + 4122.56 = 4279.6 over 731 frames.
20030010_667 تبدیلی پی دل کے بار سے چونکہ بو سے کی گوجری بوسن ہوئے 
LOG (lattice-best-path[5.5.907~1-cbed4]:main():lattice-best-path.cc:99) For utterance 20030010_668, best cost 203.787 + 4475.62 = 4679.4 over 739 frames.
20030010_668 سرنجیں سترھویں دل کے پڑے رونے والے چند کا پچھلے عدلیہ نہ رعیت سے جاوید لا 
LOG (lattice-best-path[5.5.907~1-cbed4]:main():lattice-best-path.cc:99) For utterance 20030010_669, best cost 145.272 + 3555.54 = 3700.82 over 557 frames.
20030010_669 کوڈ کا سے نوزل بولنے میوزک کیلئے ریزرو لولی کی جی یا 
LOG (lattice-best-path[5.5.907~1-cbed4]:main():lattice-best-path.cc:99) For utterance 20030010_670, best cost 133.154 + 4143.78 = 4276.94 over 653 frames.
20030010_670 کرو سے کافی اشرف یہ کے سربراہ کو کوٹھے کا کرو 
LOG (lattice-best-path[5.5.907~1-cbed4]:main():lattice-best-path.cc:99) For utterance 20030010_671, best cost 202.459 + 4209.64 = 4412.09 over 712 frames.
20030010_671 خوشی سے پہلے سوسائٹی گڑیا نے کہا فرعون وصف افورڈ کے سکولز چھولے میں دو اور جیل جاؤ 
LOG (lattice-best-path[5.5.907~1-cbed4]:main():lattice-best-path.cc:99) For utterance 20030010_672, best cost 167.349 + 3383.53 = 3550.88 over 626 frames.
20030010_672 انٹر معدے ایشوز چرانے تو فقدان بل سربراہ اور سے درجے کا پہلا ہے 
LOG (lattice-best-path[5.5.907~1-cbed4]:main():lattice-best-path.cc:99) For utterance 20030010_673, best cost 162.898 + 3378.83 = 3541.73 over 621 frames.
20030010_673 کرائی کے جان گرما کے ہوے جو ضلع سن کے ڈیل پھل کرائے 
LOG (lattice-best-path[5.5.907~1-cbed4]:main():lattice-best-path.cc:99) For utterance 20030010_674, best cost 178.873 + 4483.54 = 4662.41 over 777 frames.
20030010_674 مشورہ پَلوں ممبر کا پرچم گھر کر ہم بار کی مس میں کی کوشش کی 
LOG (lattice-best-path[5.5.907~1-cbed4]:main():lattice-best-path.cc:99) For utterance 20030010_675, best cost 167.597 + 3903.07 = 4070.67 over 686 frames.
20030010_675 آڑ جہد اولی کے رویے پر سوچے تو کا فون کام با اور اڑائیں 
LOG (lattice-best-path[5.5.907~1-cbed4]:main():lattice-best-path.cc:99) For utterance 20030010_676, best cost 173.893 + 3493.77 = 3667.66 over 587 frames.
20030010_676 اپنے رہائش ریسرچ کرنے ٹیچر اثر زوال ینگ دیش جھگڑے پر رقص دے 
LOG (lattice-best-path[5.5.907~1-cbed4]:main():lattice-best-path.cc:99) For utterance 20030010_677, best cost 242.797 + 4331.5 = 4574.29 over 788 frames.
20030010_677 مثال نے جی یا کے گگلی بوئنگ مگر بعدازاں کو سدھو کی رو گرداں نیچی حیرت سے درد دہلوی یا 
LOG (lattice-best-path[5.5.907~1-cbed4]:main():lattice-best-path.cc:99) For utterance 20030010_678, best cost 263.503 + 6838.92 = 7102.42 over 1203 frames.
20030010_678 سے سروس کا کو تلے سے کا اور زوال اثر چرانے کے لیے کھا افیکٹ رول چند بیک سے مشرف کے شعر کریں 
LOG (lattice-best-path[5.5.907~1-cbed4]:main():lattice-best-path.cc:99) For utterance 20030010_679, best cost 127.065 + 2397.47 = 2524.53 over 411 frames.
20030010_679 تھوڑی اور قریب بچّی لگائے تو صحت تیزی سے اجڑی 
LOG (lattice-best-path[5.5.907~1-cbed4]:main():lattice-best-path.cc:99) For utterance 20030010_680, best cost 195.966 + 3853.35 = 4049.32 over 662 frames.
20030010_680 چوری کا جونا پہلو کے ہوے بیٹھک تو لیب اٹھارہ برس نے میں کرا وجہ تک ہے 
LOG (lattice-best-path[5.5.907~1-cbed4]:main():lattice-best-path.cc:99) For utterance 20030010_681, best cost 200.401 + 4236.91 = 4437.31 over 755 frames.
20030010_681 بدل کی شنید جی شعبوں کب کی دوررس ہوئی تو بولو پر ترچھی ڈار پر صوفیہ 
LOG (lattice-best-path[5.5.907~1-cbed4]:main():lattice-best-path.cc:99) For utterance 20030010_682, best cost 195.299 + 4382.73 = 4578.02 over 794 frames.
20030010_682 دی وجوہات کی لوٹ برج اجڑے کا ناچنے جا کر برس کے دو غور معلوم کیے 
LOG (lattice-best-path[5.5.907~1-cbed4]:main():lattice-best-path.cc:99) For utterance 20030010_683, best cost 179.721 + 3864.26 = 4043.98 over 669 frames.
20030010_683 ریلیف سے ماؤنٹ کی چوروں تک اینڈ ایم منگنی جلدی سکتے کی سے نکل گئی 
LOG (lattice-best-path[5.5.907~1-cbed4]:main():lattice-best-path.cc:99) For utterance 20030010_684, best cost 164.745 + 3708.59 = 3873.34 over 673 frames.
20030010_684 میں بری سوراخ وائرس ایک کے چیونگم یوریا اور ریلیف درخت تک آنکھ 
LOG (lattice-best-path[5.5.907~1-cbed4]:main():lattice-best-path.cc:99) For utterance 20030010_685, best cost 147.908 + 2904.61 = 3052.52 over 522 frames.
20030010_685 جو پر عفو روز جیون شعر بخشے اثر کہا سے لنگر دو 
LOG (lattice-best-path[5.5.907~1-cbed4]:main():lattice-best-path.cc:99) For utterance 20030010_686, best cost 186.735 + 3772.49 = 3959.22 over 671 frames.
20030010_686 سے پر کمپیرنگ کے سرخی دی پریشر سے دنیا دی میں سے کا شو شاہ پوچھ و 
LOG (lattice-best-path[5.5.907~1-cbed4]:main():lattice-best-path.cc:99) For utterance 20030010_687, best cost 237.571 + 5232.88 = 5470.45 over 885 frames.
20030010_687 صاف نے سے بدسلوکی سے عام جنگ گھلیں تو جب کا کرا سے چیڑھ خمار کر توجہ موہوم افسوس کرائی 
LOG (lattice-best-path[5.5.907~1-cbed4]:main():lattice-best-path.cc:99) For utterance 20030010_688, best cost 270.333 + 5968.89 = 6239.22 over 1064 frames.
20030010_688 کھل کی پر کی چادر بیچ کچرا کسے انجری اور مزارعوں اور دیکھی کے دی خلیے نے ایہام میں کے کلراٹھی داخل جاؤ 
LOG (lattice-best-path[5.5.907~1-cbed4]:main():lattice-best-path.cc:99) For utterance 20030010_689, best cost 204.722 + 3723.95 = 3928.67 over 625 frames.
20030010_689 بوجوہ تو بھیجے اثر کی راجیہ جان جو ہول بنائیں اور سوئس اور فصلیں فجر کچھ آئے 
LOG (lattice-best-path[5.5.907~1-cbed4]:main():lattice-best-path.cc:99) For utterance 20030010_690, best cost 98.1869 + 2355.36 = 2453.55 over 384 frames.
20030010_690 کے گلشن عبدالحئی کے شعلوں کچھوا نہیں جاتا 
LOG (lattice-best-path[5.5.907~1-cbed4]:main():lattice-best-path.cc:99) For utterance 20030010_691, best cost 194.84 + 4116.31 = 4311.15 over 712 frames.
20030010_691 کیسی کی دلجوئی کیلئے اپنا جید گویا اور حصے کس آکر بوئے نارتھ میں ٹھونس دیئے 
LOG (lattice-best-path[5.5.907~1-cbed4]:main():lattice-best-path.cc:99) For utterance 20030010_692, best cost 198.197 + 3921.08 = 4119.28 over 703 frames.
20030010_692 بخود بسا نے کہا کے ویسے دوسرا بڑے حد گاڑی کے بری کھا تیری دل بانگ 
LOG (lattice-best-path[5.5.907~1-cbed4]:main():lattice-best-path.cc:99) For utterance 20030010_693, best cost 145.515 + 2735.88 = 2881.4 over 493 frames.
20030010_693 میں نے الحاق کے جو یا سے کہا کے بقایا کر دینا کرائی مدعو 
LOG (lattice-best-path[5.5.907~1-cbed4]:main():lattice-best-path.cc:99) For utterance 20030010_694, best cost 218.256 + 4839.98 = 5058.24 over 853 frames.
20030010_694 کر ان کا چھوڑ آ ششدر آیا کر ساخت کو جج اے اور ایسی کی چاقو چنگل بنائیں 
LOG (lattice-best-path[5.5.907~1-cbed4]:main():lattice-best-path.cc:99) For utterance 20030010_695, best cost 165.708 + 3271.96 = 3437.67 over 596 frames.
20030010_695 کرکے جانب چیچن جانے کو تعلق اگرچہ جنگ تو پانی میں گھول جنگ 
LOG (lattice-best-path[5.5.907~1-cbed4]:main():lattice-best-path.cc:99) For utterance 20030010_696, best cost 170.533 + 3330.83 = 3501.37 over 612 frames.
20030010_696 ارشد ساز کر کے میں سے کو مسخرے مسوڑوں کے بنانے کیلئے افسران کیا جائے گا 
LOG (lattice-best-path[5.5.907~1-cbed4]:main():lattice-best-path.cc:99) For utterance 20030010_697, best cost 136.939 + 2552.71 = 2689.65 over 465 frames.
20030010_697 بیورو کار سے سرویئر تلخ کر ڈیزائنروں کرنے کا کام ہو گا 
LOG (lattice-best-path[5.5.907~1-cbed4]:main():lattice-best-path.cc:99) For utterance 20030010_698, best cost 134.489 + 2527.28 = 2661.77 over 474 frames.
20030010_698 باران ذاد علوی سے شکار اخبار روزگار جائزہ لینے لگا 
LOG (lattice-best-path[5.5.907~1-cbed4]:main():lattice-best-path.cc:99) For utterance 20030010_699, best cost 190.358 + 3263.25 = 3453.61 over 587 frames.
20030010_699 نجات کرفیو ضعف کار کی چھری میں بردار کے قید جانے دیوی مجید کا مقصود جو 
LOG (lattice-best-path[5.5.907~1-cbed4]:main():lattice-best-path.cc:99) For utterance 20030010_700, best cost 175.767 + 3249.9 = 3425.66 over 561 frames.
20030010_700 گوشہ تھو کی طرف لیے میں تغافل کی سوجھی چھڑا کر وڈ سود سیٹھ ہو 
LOG (lattice-best-path[5.5.907~1-cbed4]:main():lattice-best-path.cc:99) For utterance 20030010_701, best cost 235.515 + 4627.51 = 4863.02 over 808 frames.
20030010_701 مظلام مان بولو غوغا زنجیر ڈام اپنا چیز زیور واحد طرحی بعض از گوبر تمغوں سن جایا 
LOG (lattice-best-path[5.5.907~1-cbed4]:main():lattice-best-path.cc:99) For utterance 20030010_702, best cost 170.866 + 3436.41 = 3607.27 over 608 frames.
20030010_702 غیر فیصلے ابو بدھ کی روٹھ نے کر ایک کو شاہ زور نادر بخشیں 
LOG (lattice-best-path[5.5.907~1-cbed4]:main():lattice-best-path.cc:99) For utterance 20030010_703, best cost 162.604 + 3545.31 = 3707.91 over 647 frames.
20030010_703 پیٹھ فائر سے تولید ای چینی کے پھیر پروگراموں بعض ظاہر اٹھا ہے 
LOG (lattice-scale[5.5.907~1-cbed4]:main():lattice-scale.cc:107) Done 108 lattices.
LOG (lattice-best-path[5.5.907~1-cbed4]:main():lattice-best-path.cc:99) For utterance 20030010_704, best cost 187.748 + 4201.94 = 4389.69 over 766 frames.
20030010_704 جوق لیلی سے شل متغیر نہ از ذاد یاں کے انظباتی پر لاؤ کا پراسیس ہے 
LOG (lattice-best-path[5.5.907~1-cbed4]:main():lattice-best-path.cc:99) For utterance 20030010_705, best cost 173.156 + 3307.23 = 3480.39 over 578 frames.
20030010_705 باورچی آخری بن اور کڑوے اس کے جاتا لاگت آٹھ پھنس و سے بڑھ گئے 
LOG (lattice-best-path[5.5.907~1-cbed4]:main():lattice-best-path.cc:99) For utterance 20030010_706, best cost 147.849 + 3694.18 = 3842.03 over 627 frames.
20030010_706 بجے اصغر فیض فیس کے کانجی دکھ اعتماد لومڑی جوق 
LOG (lattice-add-penalty[5.5.907~1-cbed4]:main():lattice-add-penalty.cc:62) Done adding word insertion penalty to 108 lattices.
LOG (lattice-best-path[5.5.907~1-cbed4]:main():lattice-best-path.cc:99) For utterance 20030010_707, best cost 131.925 + 2604.03 = 2735.96 over 449 frames.
20030010_707 ماضی گنگا رہے تو راجے بڑی دھونی گناہوں میں نہ کریں 
LOG (lattice-best-path[5.5.907~1-cbed4]:main():lattice-best-path.cc:99) For utterance 20030010_708, best cost 177.844 + 3090.19 = 3268.04 over 548 frames.
20030010_708 جان جھرنے سے پہلے برڈ لینے مجھے کچھ آڑ رسیدہ طریقہ اور مشق سمجھا ہے 
LOG (lattice-best-path[5.5.907~1-cbed4]:main():lattice-best-path.cc:124) Overall cost per frame is 6.15589 = 0.268788 [graph] + 5.88711 [acoustic] over 76636 frames.
LOG (lattice-best-path[5.5.907~1-cbed4]:main():lattice-best-path.cc:128) Done 108 lattices, failed for 0
# Accounting: time=0 threads=1
# Ended (code 0) at Wed Apr 21 08:36:02 PKT 2021, elapsed time 0 seconds
