# ali-to-post "ark:gunzip -c exp/tri2/ali.3.gz|" ark:- | weight-silence-post 0.0 1:2:3:4:5:6:7:8:9:10 exp/tri2/6.mdl ark:- ark:- | gmm-acc-mllt --rand-prune=4.0 exp/tri2/6.mdl "ark,s,cs:apply-cmvn  --utt2spk=ark:data/train/split4/3/utt2spk scp:data/train/split4/3/cmvn.scp scp:data/train/split4/3/feats.scp ark:- | splice-feats  ark:- ark:- | transform-feats exp/tri2/4.mat ark:- ark:- |" ark:- exp/tri2/6.3.macc 
# Started at Thu Apr 22 08:54:23 PKT 2021
#
ali-to-post 'ark:gunzip -c exp/tri2/ali.3.gz|' ark:- 
weight-silence-post 0.0 1:2:3:4:5:6:7:8:9:10 exp/tri2/6.mdl ark:- ark:- 
gmm-acc-mllt --rand-prune=4.0 exp/tri2/6.mdl 'ark,s,cs:apply-cmvn  --utt2spk=ark:data/train/split4/3/utt2spk scp:data/train/split4/3/cmvn.scp scp:data/train/split4/3/feats.scp ark:- | splice-feats  ark:- ark:- | transform-feats exp/tri2/4.mat ark:- ark:- |' ark:- exp/tri2/6.3.macc 
splice-feats ark:- ark:- 
apply-cmvn --utt2spk=ark:data/train/split4/3/utt2spk scp:data/train/split4/3/cmvn.scp scp:data/train/split4/3/feats.scp ark:- 
transform-feats exp/tri2/4.mat ark:- ark:- 
LOG (gmm-acc-mllt[5.5.907~1-cbed4]:main():gmm-acc-mllt.cc:108) Average like for this file is -53.3609 over 830 frames.
LOG (gmm-acc-mllt[5.5.907~1-cbed4]:main():gmm-acc-mllt.cc:108) Average like for this file is -53.3158 over 696 frames.
LOG (gmm-acc-mllt[5.5.907~1-cbed4]:main():gmm-acc-mllt.cc:108) Average like for this file is -56.1899 over 698 frames.
LOG (gmm-acc-mllt[5.5.907~1-cbed4]:main():gmm-acc-mllt.cc:108) Average like for this file is -59.1417 over 806 frames.
LOG (gmm-acc-mllt[5.5.907~1-cbed4]:main():gmm-acc-mllt.cc:108) Average like for this file is -56.3652 over 605 frames.
LOG (gmm-acc-mllt[5.5.907~1-cbed4]:main():gmm-acc-mllt.cc:108) Average like for this file is -55.6821 over 650 frames.
LOG (gmm-acc-mllt[5.5.907~1-cbed4]:main():gmm-acc-mllt.cc:108) Average like for this file is -55.7004 over 707 frames.
LOG (gmm-acc-mllt[5.5.907~1-cbed4]:main():gmm-acc-mllt.cc:108) Average like for this file is -53.6598 over 709 frames.
LOG (gmm-acc-mllt[5.5.907~1-cbed4]:main():gmm-acc-mllt.cc:108) Average like for this file is -54.8916 over 642 frames.
LOG (gmm-acc-mllt[5.5.907~1-cbed4]:main():gmm-acc-mllt.cc:108) Average like for this file is -54.0046 over 631 frames.
LOG (gmm-acc-mllt[5.5.907~1-cbed4]:main():gmm-acc-mllt.cc:114) Avg like per frame so far is -55.2513
LOG (gmm-acc-mllt[5.5.907~1-cbed4]:main():gmm-acc-mllt.cc:108) Average like for this file is -55.3294 over 676 frames.
LOG (gmm-acc-mllt[5.5.907~1-cbed4]:main():gmm-acc-mllt.cc:108) Average like for this file is -56.088 over 853 frames.
LOG (gmm-acc-mllt[5.5.907~1-cbed4]:main():gmm-acc-mllt.cc:108) Average like for this file is -56.161 over 698 frames.
LOG (gmm-acc-mllt[5.5.907~1-cbed4]:main():gmm-acc-mllt.cc:108) Average like for this file is -56.0658 over 771 frames.
LOG (gmm-acc-mllt[5.5.907~1-cbed4]:main():gmm-acc-mllt.cc:108) Average like for this file is -53.8956 over 640 frames.
LOG (gmm-acc-mllt[5.5.907~1-cbed4]:main():gmm-acc-mllt.cc:108) Average like for this file is -53.2383 over 725 frames.
LOG (gmm-acc-mllt[5.5.907~1-cbed4]:main():gmm-acc-mllt.cc:108) Average like for this file is -54.8012 over 602 frames.
LOG (gmm-acc-mllt[5.5.907~1-cbed4]:main():gmm-acc-mllt.cc:108) Average like for this file is -55.848 over 675 frames.
LOG (gmm-acc-mllt[5.5.907~1-cbed4]:main():gmm-acc-mllt.cc:108) Average like for this file is -57.7311 over 428 frames.
LOG (gmm-acc-mllt[5.5.907~1-cbed4]:main():gmm-acc-mllt.cc:108) Average like for this file is -54.4314 over 425 frames.
LOG (gmm-acc-mllt[5.5.907~1-cbed4]:main():gmm-acc-mllt.cc:114) Avg like per frame so far is -55.2919
LOG (gmm-acc-mllt[5.5.907~1-cbed4]:main():gmm-acc-mllt.cc:108) Average like for this file is -58.3063 over 520 frames.
LOG (gmm-acc-mllt[5.5.907~1-cbed4]:main():gmm-acc-mllt.cc:108) Average like for this file is -53.2601 over 463 frames.
LOG (gmm-acc-mllt[5.5.907~1-cbed4]:main():gmm-acc-mllt.cc:108) Average like for this file is -54.5821 over 543 frames.
LOG (gmm-acc-mllt[5.5.907~1-cbed4]:main():gmm-acc-mllt.cc:108) Average like for this file is -54.4445 over 527 frames.
LOG (gmm-acc-mllt[5.5.907~1-cbed4]:main():gmm-acc-mllt.cc:108) Average like for this file is -56.6281 over 663 frames.
LOG (gmm-acc-mllt[5.5.907~1-cbed4]:main():gmm-acc-mllt.cc:108) Average like for this file is -54.5717 over 480 frames.
LOG (gmm-acc-mllt[5.5.907~1-cbed4]:main():gmm-acc-mllt.cc:108) Average like for this file is -55.027 over 474 frames.
LOG (gmm-acc-mllt[5.5.907~1-cbed4]:main():gmm-acc-mllt.cc:108) Average like for this file is -55.2444 over 526 frames.
LOG (gmm-acc-mllt[5.5.907~1-cbed4]:main():gmm-acc-mllt.cc:108) Average like for this file is -54.3782 over 407 frames.
LOG (gmm-acc-mllt[5.5.907~1-cbed4]:main():gmm-acc-mllt.cc:108) Average like for this file is -54.4469 over 509 frames.
LOG (gmm-acc-mllt[5.5.907~1-cbed4]:main():gmm-acc-mllt.cc:114) Avg like per frame so far is -55.2587
LOG (gmm-acc-mllt[5.5.907~1-cbed4]:main():gmm-acc-mllt.cc:108) Average like for this file is -55.9017 over 570 frames.
LOG (gmm-acc-mllt[5.5.907~1-cbed4]:main():gmm-acc-mllt.cc:108) Average like for this file is -55.7706 over 562 frames.
LOG (gmm-acc-mllt[5.5.907~1-cbed4]:main():gmm-acc-mllt.cc:108) Average like for this file is -54.7467 over 557 frames.
LOG (gmm-acc-mllt[5.5.907~1-cbed4]:main():gmm-acc-mllt.cc:108) Average like for this file is -53.1114 over 527 frames.
LOG (gmm-acc-mllt[5.5.907~1-cbed4]:main():gmm-acc-mllt.cc:108) Average like for this file is -52.8149 over 477 frames.
LOG (gmm-acc-mllt[5.5.907~1-cbed4]:main():gmm-acc-mllt.cc:108) Average like for this file is -53.9149 over 486 frames.
LOG (gmm-acc-mllt[5.5.907~1-cbed4]:main():gmm-acc-mllt.cc:108) Average like for this file is -54.5888 over 645 frames.
LOG (gmm-acc-mllt[5.5.907~1-cbed4]:main():gmm-acc-mllt.cc:108) Average like for this file is -56.8662 over 536 frames.
LOG (gmm-acc-mllt[5.5.907~1-cbed4]:main():gmm-acc-mllt.cc:108) Average like for this file is -57.2449 over 474 frames.
LOG (gmm-acc-mllt[5.5.907~1-cbed4]:main():gmm-acc-mllt.cc:108) Average like for this file is -56.1313 over 530 frames.
LOG (gmm-acc-mllt[5.5.907~1-cbed4]:main():gmm-acc-mllt.cc:114) Avg like per frame so far is -55.2274
LOG (gmm-acc-mllt[5.5.907~1-cbed4]:main():gmm-acc-mllt.cc:108) Average like for this file is -57.927 over 455 frames.
LOG (gmm-acc-mllt[5.5.907~1-cbed4]:main():gmm-acc-mllt.cc:108) Average like for this file is -57.3617 over 528 frames.
LOG (gmm-acc-mllt[5.5.907~1-cbed4]:main():gmm-acc-mllt.cc:108) Average like for this file is -58.6626 over 496 frames.
LOG (gmm-acc-mllt[5.5.907~1-cbed4]:main():gmm-acc-mllt.cc:108) Average like for this file is -56.8362 over 350 frames.
LOG (gmm-acc-mllt[5.5.907~1-cbed4]:main():gmm-acc-mllt.cc:108) Average like for this file is -57.8289 over 466 frames.
LOG (gmm-acc-mllt[5.5.907~1-cbed4]:main():gmm-acc-mllt.cc:108) Average like for this file is -58.3521 over 490 frames.
LOG (gmm-acc-mllt[5.5.907~1-cbed4]:main():gmm-acc-mllt.cc:108) Average like for this file is -59.2455 over 478 frames.
LOG (gmm-acc-mllt[5.5.907~1-cbed4]:main():gmm-acc-mllt.cc:108) Average like for this file is -59.04 over 428 frames.
LOG (gmm-acc-mllt[5.5.907~1-cbed4]:main():gmm-acc-mllt.cc:108) Average like for this file is -58.5719 over 379 frames.
LOG (gmm-acc-mllt[5.5.907~1-cbed4]:main():gmm-acc-mllt.cc:108) Average like for this file is -57.9202 over 446 frames.
LOG (gmm-acc-mllt[5.5.907~1-cbed4]:main():gmm-acc-mllt.cc:114) Avg like per frame so far is -55.6978
LOG (gmm-acc-mllt[5.5.907~1-cbed4]:main():gmm-acc-mllt.cc:108) Average like for this file is -57.1182 over 382 frames.
LOG (gmm-acc-mllt[5.5.907~1-cbed4]:main():gmm-acc-mllt.cc:108) Average like for this file is -57.9995 over 602 frames.
LOG (gmm-acc-mllt[5.5.907~1-cbed4]:main():gmm-acc-mllt.cc:108) Average like for this file is -58.6939 over 362 frames.
LOG (gmm-acc-mllt[5.5.907~1-cbed4]:main():gmm-acc-mllt.cc:108) Average like for this file is -58.2859 over 356 frames.
LOG (gmm-acc-mllt[5.5.907~1-cbed4]:main():gmm-acc-mllt.cc:108) Average like for this file is -57.0458 over 474 frames.
LOG (gmm-acc-mllt[5.5.907~1-cbed4]:main():gmm-acc-mllt.cc:108) Average like for this file is -56.3603 over 493 frames.
LOG (gmm-acc-mllt[5.5.907~1-cbed4]:main():gmm-acc-mllt.cc:108) Average like for this file is -62.3035 over 512 frames.
LOG (gmm-acc-mllt[5.5.907~1-cbed4]:main():gmm-acc-mllt.cc:108) Average like for this file is -60.0024 over 426 frames.
LOG (gmm-acc-mllt[5.5.907~1-cbed4]:main():gmm-acc-mllt.cc:108) Average like for this file is -61.2729 over 362 frames.
LOG (gmm-acc-mllt[5.5.907~1-cbed4]:main():gmm-acc-mllt.cc:108) Average like for this file is -63.2076 over 533 frames.
LOG (gmm-acc-mllt[5.5.907~1-cbed4]:main():gmm-acc-mllt.cc:114) Avg like per frame so far is -56.1874
LOG (gmm-acc-mllt[5.5.907~1-cbed4]:main():gmm-acc-mllt.cc:108) Average like for this file is -61.1329 over 472 frames.
LOG (gmm-acc-mllt[5.5.907~1-cbed4]:main():gmm-acc-mllt.cc:108) Average like for this file is -57.0907 over 860 frames.
LOG (gmm-acc-mllt[5.5.907~1-cbed4]:main():gmm-acc-mllt.cc:108) Average like for this file is -58.8217 over 419 frames.
LOG (gmm-acc-mllt[5.5.907~1-cbed4]:main():gmm-acc-mllt.cc:108) Average like for this file is -59.6683 over 403 frames.
LOG (gmm-acc-mllt[5.5.907~1-cbed4]:main():gmm-acc-mllt.cc:108) Average like for this file is -57.9475 over 603 frames.
LOG (gmm-acc-mllt[5.5.907~1-cbed4]:main():gmm-acc-mllt.cc:108) Average like for this file is -56.9212 over 656 frames.
LOG (gmm-acc-mllt[5.5.907~1-cbed4]:main():gmm-acc-mllt.cc:108) Average like for this file is -58.6014 over 472 frames.
LOG (gmm-acc-mllt[5.5.907~1-cbed4]:main():gmm-acc-mllt.cc:108) Average like for this file is -55.2389 over 530 frames.
LOG (gmm-acc-mllt[5.5.907~1-cbed4]:main():gmm-acc-mllt.cc:108) Average like for this file is -57.3505 over 353 frames.
LOG (gmm-acc-mllt[5.5.907~1-cbed4]:main():gmm-acc-mllt.cc:108) Average like for this file is -58.1356 over 410 frames.
LOG (gmm-acc-mllt[5.5.907~1-cbed4]:main():gmm-acc-mllt.cc:114) Avg like per frame so far is -56.4235
LOG (gmm-acc-mllt[5.5.907~1-cbed4]:main():gmm-acc-mllt.cc:108) Average like for this file is -56.826 over 468 frames.
LOG (gmm-acc-mllt[5.5.907~1-cbed4]:main():gmm-acc-mllt.cc:108) Average like for this file is -56.2278 over 641 frames.
LOG (gmm-acc-mllt[5.5.907~1-cbed4]:main():gmm-acc-mllt.cc:108) Average like for this file is -57.2678 over 705 frames.
LOG (gmm-acc-mllt[5.5.907~1-cbed4]:main():gmm-acc-mllt.cc:108) Average like for this file is -58.1224 over 613 frames.
LOG (gmm-acc-mllt[5.5.907~1-cbed4]:main():gmm-acc-mllt.cc:108) Average like for this file is -56.4749 over 744 frames.
LOG (gmm-acc-mllt[5.5.907~1-cbed4]:main():gmm-acc-mllt.cc:108) Average like for this file is -56.9987 over 802 frames.
LOG (gmm-acc-mllt[5.5.907~1-cbed4]:main():gmm-acc-mllt.cc:108) Average like for this file is -57.9851 over 748 frames.
LOG (gmm-acc-mllt[5.5.907~1-cbed4]:main():gmm-acc-mllt.cc:108) Average like for this file is -57.5153 over 528 frames.
LOG (gmm-acc-mllt[5.5.907~1-cbed4]:main():gmm-acc-mllt.cc:108) Average like for this file is -57.5845 over 601 frames.
LOG (gmm-acc-mllt[5.5.907~1-cbed4]:main():gmm-acc-mllt.cc:108) Average like for this file is -57.8793 over 525 frames.
LOG (gmm-acc-mllt[5.5.907~1-cbed4]:main():gmm-acc-mllt.cc:114) Avg like per frame so far is -56.545
LOG (gmm-acc-mllt[5.5.907~1-cbed4]:main():gmm-acc-mllt.cc:108) Average like for this file is -58.3875 over 533 frames.
LOG (gmm-acc-mllt[5.5.907~1-cbed4]:main():gmm-acc-mllt.cc:108) Average like for this file is -59.7233 over 563 frames.
LOG (gmm-acc-mllt[5.5.907~1-cbed4]:main():gmm-acc-mllt.cc:108) Average like for this file is -60.5295 over 356 frames.
LOG (gmm-acc-mllt[5.5.907~1-cbed4]:main():gmm-acc-mllt.cc:108) Average like for this file is -58.2879 over 410 frames.
LOG (gmm-acc-mllt[5.5.907~1-cbed4]:main():gmm-acc-mllt.cc:108) Average like for this file is -57.6996 over 681 frames.
LOG (gmm-acc-mllt[5.5.907~1-cbed4]:main():gmm-acc-mllt.cc:108) Average like for this file is -68.0099 over 594 frames.
LOG (gmm-acc-mllt[5.5.907~1-cbed4]:main():gmm-acc-mllt.cc:108) Average like for this file is -59.0555 over 502 frames.
LOG (gmm-acc-mllt[5.5.907~1-cbed4]:main():gmm-acc-mllt.cc:108) Average like for this file is -58.581 over 611 frames.
LOG (gmm-acc-mllt[5.5.907~1-cbed4]:main():gmm-acc-mllt.cc:108) Average like for this file is -57.6748 over 753 frames.
LOG (gmm-acc-mllt[5.5.907~1-cbed4]:main():gmm-acc-mllt.cc:108) Average like for this file is -59.253 over 597 frames.
LOG (gmm-acc-mllt[5.5.907~1-cbed4]:main():gmm-acc-mllt.cc:114) Avg like per frame so far is -56.8936
LOG (gmm-acc-mllt[5.5.907~1-cbed4]:main():gmm-acc-mllt.cc:108) Average like for this file is -53.4478 over 566 frames.
LOG (gmm-acc-mllt[5.5.907~1-cbed4]:main():gmm-acc-mllt.cc:108) Average like for this file is -52.9939 over 530 frames.
LOG (gmm-acc-mllt[5.5.907~1-cbed4]:main():gmm-acc-mllt.cc:108) Average like for this file is -52.972 over 615 frames.
LOG (gmm-acc-mllt[5.5.907~1-cbed4]:main():gmm-acc-mllt.cc:108) Average like for this file is -54.23 over 594 frames.
LOG (gmm-acc-mllt[5.5.907~1-cbed4]:main():gmm-acc-mllt.cc:108) Average like for this file is -52.7513 over 844 frames.
LOG (gmm-acc-mllt[5.5.907~1-cbed4]:main():gmm-acc-mllt.cc:108) Average like for this file is -51.3537 over 802 frames.
LOG (gmm-acc-mllt[5.5.907~1-cbed4]:main():gmm-acc-mllt.cc:108) Average like for this file is -51.997 over 553 frames.
LOG (gmm-acc-mllt[5.5.907~1-cbed4]:main():gmm-acc-mllt.cc:108) Average like for this file is -53.2187 over 791 frames.
LOG (gmm-acc-mllt[5.5.907~1-cbed4]:main():gmm-acc-mllt.cc:108) Average like for this file is -53.3843 over 684 frames.
LOG (gmm-acc-mllt[5.5.907~1-cbed4]:main():gmm-acc-mllt.cc:108) Average like for this file is -52.5489 over 522 frames.
LOG (gmm-acc-mllt[5.5.907~1-cbed4]:main():gmm-acc-mllt.cc:114) Avg like per frame so far is -56.4303
LOG (gmm-acc-mllt[5.5.907~1-cbed4]:main():gmm-acc-mllt.cc:108) Average like for this file is -53.1815 over 525 frames.
LOG (gmm-acc-mllt[5.5.907~1-cbed4]:main():gmm-acc-mllt.cc:108) Average like for this file is -55.5855 over 378 frames.
LOG (gmm-acc-mllt[5.5.907~1-cbed4]:main():gmm-acc-mllt.cc:108) Average like for this file is -53.4887 over 590 frames.
LOG (gmm-acc-mllt[5.5.907~1-cbed4]:main():gmm-acc-mllt.cc:108) Average like for this file is -54.6931 over 477 frames.
LOG (gmm-acc-mllt[5.5.907~1-cbed4]:main():gmm-acc-mllt.cc:108) Average like for this file is -53.9616 over 623 frames.
LOG (gmm-acc-mllt[5.5.907~1-cbed4]:main():gmm-acc-mllt.cc:108) Average like for this file is -53.2953 over 700 frames.
LOG (gmm-acc-mllt[5.5.907~1-cbed4]:main():gmm-acc-mllt.cc:108) Average like for this file is -53.2072 over 334 frames.
LOG (gmm-acc-mllt[5.5.907~1-cbed4]:main():gmm-acc-mllt.cc:108) Average like for this file is -55.4908 over 698 frames.
LOG (gmm-acc-mllt[5.5.907~1-cbed4]:main():gmm-acc-mllt.cc:108) Average like for this file is -55.0592 over 589 frames.
LOG (gmm-acc-mllt[5.5.907~1-cbed4]:main():gmm-acc-mllt.cc:108) Average like for this file is -52.6279 over 610 frames.
LOG (gmm-acc-mllt[5.5.907~1-cbed4]:main():gmm-acc-mllt.cc:114) Avg like per frame so far is -56.2181
LOG (gmm-acc-mllt[5.5.907~1-cbed4]:main():gmm-acc-mllt.cc:108) Average like for this file is -52.5418 over 508 frames.
LOG (gmm-acc-mllt[5.5.907~1-cbed4]:main():gmm-acc-mllt.cc:108) Average like for this file is -52.684 over 401 frames.
LOG (gmm-acc-mllt[5.5.907~1-cbed4]:main():gmm-acc-mllt.cc:108) Average like for this file is -51.8752 over 323 frames.
LOG (gmm-acc-mllt[5.5.907~1-cbed4]:main():gmm-acc-mllt.cc:108) Average like for this file is -53.5313 over 461 frames.
LOG (gmm-acc-mllt[5.5.907~1-cbed4]:main():gmm-acc-mllt.cc:108) Average like for this file is -52.2449 over 598 frames.
LOG (gmm-acc-mllt[5.5.907~1-cbed4]:main():gmm-acc-mllt.cc:108) Average like for this file is -52.9748 over 373 frames.
LOG (gmm-acc-mllt[5.5.907~1-cbed4]:main():gmm-acc-mllt.cc:108) Average like for this file is -52.5289 over 601 frames.
LOG (gmm-acc-mllt[5.5.907~1-cbed4]:main():gmm-acc-mllt.cc:108) Average like for this file is -53.8437 over 577 frames.
LOG (gmm-acc-mllt[5.5.907~1-cbed4]:main():gmm-acc-mllt.cc:108) Average like for this file is -54.1114 over 537 frames.
LOG (gmm-acc-mllt[5.5.907~1-cbed4]:main():gmm-acc-mllt.cc:108) Average like for this file is -56.2237 over 732 frames.
LOG (gmm-acc-mllt[5.5.907~1-cbed4]:main():gmm-acc-mllt.cc:114) Avg like per frame so far is -56.0066
LOG (gmm-acc-mllt[5.5.907~1-cbed4]:main():gmm-acc-mllt.cc:108) Average like for this file is -53.1372 over 347 frames.
LOG (gmm-acc-mllt[5.5.907~1-cbed4]:main():gmm-acc-mllt.cc:108) Average like for this file is -53.2664 over 596 frames.
LOG (gmm-acc-mllt[5.5.907~1-cbed4]:main():gmm-acc-mllt.cc:108) Average like for this file is -53.8143 over 511 frames.
LOG (gmm-acc-mllt[5.5.907~1-cbed4]:main():gmm-acc-mllt.cc:108) Average like for this file is -53.754 over 658 frames.
LOG (gmm-acc-mllt[5.5.907~1-cbed4]:main():gmm-acc-mllt.cc:108) Average like for this file is -53.4617 over 620 frames.
LOG (gmm-acc-mllt[5.5.907~1-cbed4]:main():gmm-acc-mllt.cc:108) Average like for this file is -54.5691 over 550 frames.
LOG (gmm-acc-mllt[5.5.907~1-cbed4]:main():gmm-acc-mllt.cc:108) Average like for this file is -52.4241 over 422 frames.
LOG (gmm-acc-mllt[5.5.907~1-cbed4]:main():gmm-acc-mllt.cc:108) Average like for this file is -61.6784 over 636 frames.
LOG (gmm-acc-mllt[5.5.907~1-cbed4]:main():gmm-acc-mllt.cc:108) Average like for this file is -52.8644 over 490 frames.
LOG (gmm-acc-mllt[5.5.907~1-cbed4]:main():gmm-acc-mllt.cc:108) Average like for this file is -54.6793 over 412 frames.
LOG (gmm-acc-mllt[5.5.907~1-cbed4]:main():gmm-acc-mllt.cc:114) Avg like per frame so far is -55.9019
LOG (gmm-acc-mllt[5.5.907~1-cbed4]:main():gmm-acc-mllt.cc:108) Average like for this file is -54.2226 over 467 frames.
LOG (gmm-acc-mllt[5.5.907~1-cbed4]:main():gmm-acc-mllt.cc:108) Average like for this file is -53.8503 over 406 frames.
LOG (gmm-acc-mllt[5.5.907~1-cbed4]:main():gmm-acc-mllt.cc:108) Average like for this file is -53.2253 over 551 frames.
LOG (gmm-acc-mllt[5.5.907~1-cbed4]:main():gmm-acc-mllt.cc:108) Average like for this file is -56.917 over 466 frames.
LOG (gmm-acc-mllt[5.5.907~1-cbed4]:main():gmm-acc-mllt.cc:108) Average like for this file is -55.7224 over 551 frames.
LOG (gmm-acc-mllt[5.5.907~1-cbed4]:main():gmm-acc-mllt.cc:108) Average like for this file is -56.1371 over 515 frames.
LOG (gmm-acc-mllt[5.5.907~1-cbed4]:main():gmm-acc-mllt.cc:108) Average like for this file is -56.2813 over 610 frames.
LOG (gmm-acc-mllt[5.5.907~1-cbed4]:main():gmm-acc-mllt.cc:108) Average like for this file is -54.4361 over 555 frames.
LOG (gmm-acc-mllt[5.5.907~1-cbed4]:main():gmm-acc-mllt.cc:108) Average like for this file is -55.0778 over 755 frames.
LOG (gmm-acc-mllt[5.5.907~1-cbed4]:main():gmm-acc-mllt.cc:108) Average like for this file is -52.7285 over 530 frames.
LOG (gmm-acc-mllt[5.5.907~1-cbed4]:main():gmm-acc-mllt.cc:114) Avg like per frame so far is -55.8315
LOG (gmm-acc-mllt[5.5.907~1-cbed4]:main():gmm-acc-mllt.cc:108) Average like for this file is -57.6346 over 411 frames.
LOG (gmm-acc-mllt[5.5.907~1-cbed4]:main():gmm-acc-mllt.cc:108) Average like for this file is -53.8776 over 413 frames.
LOG (gmm-acc-mllt[5.5.907~1-cbed4]:main():gmm-acc-mllt.cc:108) Average like for this file is -52.3816 over 586 frames.
LOG (gmm-acc-mllt[5.5.907~1-cbed4]:main():gmm-acc-mllt.cc:108) Average like for this file is -53.2193 over 661 frames.
LOG (gmm-acc-mllt[5.5.907~1-cbed4]:main():gmm-acc-mllt.cc:108) Average like for this file is -53.5586 over 619 frames.
LOG (gmm-acc-mllt[5.5.907~1-cbed4]:main():gmm-acc-mllt.cc:108) Average like for this file is -55.1435 over 603 frames.
LOG (gmm-acc-mllt[5.5.907~1-cbed4]:main():gmm-acc-mllt.cc:108) Average like for this file is -53.4222 over 609 frames.
LOG (gmm-acc-mllt[5.5.907~1-cbed4]:main():gmm-acc-mllt.cc:108) Average like for this file is -55.2892 over 702 frames.
LOG (gmm-acc-mllt[5.5.907~1-cbed4]:main():gmm-acc-mllt.cc:108) Average like for this file is -56.1366 over 483 frames.
LOG (gmm-acc-mllt[5.5.907~1-cbed4]:main():gmm-acc-mllt.cc:108) Average like for this file is -57.1993 over 805 frames.
LOG (gmm-acc-mllt[5.5.907~1-cbed4]:main():gmm-acc-mllt.cc:114) Avg like per frame so far is -55.7571
LOG (gmm-acc-mllt[5.5.907~1-cbed4]:main():gmm-acc-mllt.cc:108) Average like for this file is -54.4618 over 691 frames.
LOG (gmm-acc-mllt[5.5.907~1-cbed4]:main():gmm-acc-mllt.cc:108) Average like for this file is -53.9377 over 612 frames.
LOG (gmm-acc-mllt[5.5.907~1-cbed4]:main():gmm-acc-mllt.cc:108) Average like for this file is -55.1351 over 515 frames.
LOG (gmm-acc-mllt[5.5.907~1-cbed4]:main():gmm-acc-mllt.cc:108) Average like for this file is -54.2628 over 734 frames.
LOG (gmm-acc-mllt[5.5.907~1-cbed4]:main():gmm-acc-mllt.cc:108) Average like for this file is -55.8452 over 691 frames.
LOG (gmm-acc-mllt[5.5.907~1-cbed4]:main():gmm-acc-mllt.cc:108) Average like for this file is -56.0502 over 567 frames.
LOG (gmm-acc-mllt[5.5.907~1-cbed4]:main():gmm-acc-mllt.cc:108) Average like for this file is -55.2502 over 562 frames.
LOG (gmm-acc-mllt[5.5.907~1-cbed4]:main():gmm-acc-mllt.cc:108) Average like for this file is -55.367 over 535 frames.
LOG (gmm-acc-mllt[5.5.907~1-cbed4]:main():gmm-acc-mllt.cc:108) Average like for this file is -54.986 over 543 frames.
LOG (gmm-acc-mllt[5.5.907~1-cbed4]:main():gmm-acc-mllt.cc:108) Average like for this file is -54.248 over 440 frames.
LOG (gmm-acc-mllt[5.5.907~1-cbed4]:main():gmm-acc-mllt.cc:114) Avg like per frame so far is -55.7038
LOG (gmm-acc-mllt[5.5.907~1-cbed4]:main():gmm-acc-mllt.cc:108) Average like for this file is -53.1452 over 547 frames.
LOG (gmm-acc-mllt[5.5.907~1-cbed4]:main():gmm-acc-mllt.cc:108) Average like for this file is -51.1053 over 432 frames.
LOG (gmm-acc-mllt[5.5.907~1-cbed4]:main():gmm-acc-mllt.cc:108) Average like for this file is -52.664 over 640 frames.
LOG (gmm-acc-mllt[5.5.907~1-cbed4]:main():gmm-acc-mllt.cc:108) Average like for this file is -54.8652 over 624 frames.
LOG (gmm-acc-mllt[5.5.907~1-cbed4]:main():gmm-acc-mllt.cc:108) Average like for this file is -54.6179 over 762 frames.
LOG (gmm-acc-mllt[5.5.907~1-cbed4]:main():gmm-acc-mllt.cc:108) Average like for this file is -56.7472 over 614 frames.
LOG (gmm-acc-mllt[5.5.907~1-cbed4]:main():gmm-acc-mllt.cc:108) Average like for this file is -58.671 over 643 frames.
LOG (gmm-acc-mllt[5.5.907~1-cbed4]:main():gmm-acc-mllt.cc:108) Average like for this file is -56.1786 over 656 frames.
LOG (gmm-acc-mllt[5.5.907~1-cbed4]:main():gmm-acc-mllt.cc:108) Average like for this file is -55.2701 over 733 frames.
LOG (gmm-acc-mllt[5.5.907~1-cbed4]:main():gmm-acc-mllt.cc:108) Average like for this file is -56.5447 over 677 frames.
LOG (gmm-acc-mllt[5.5.907~1-cbed4]:main():gmm-acc-mllt.cc:114) Avg like per frame so far is -55.6666
LOG (gmm-acc-mllt[5.5.907~1-cbed4]:main():gmm-acc-mllt.cc:108) Average like for this file is -55.2638 over 626 frames.
LOG (gmm-acc-mllt[5.5.907~1-cbed4]:main():gmm-acc-mllt.cc:108) Average like for this file is -54.1009 over 766 frames.
LOG (gmm-acc-mllt[5.5.907~1-cbed4]:main():gmm-acc-mllt.cc:108) Average like for this file is -54.1129 over 650 frames.
LOG (gmm-acc-mllt[5.5.907~1-cbed4]:main():gmm-acc-mllt.cc:108) Average like for this file is -54.0031 over 663 frames.
LOG (gmm-acc-mllt[5.5.907~1-cbed4]:main():gmm-acc-mllt.cc:108) Average like for this file is -53.0964 over 558 frames.
LOG (gmm-acc-mllt[5.5.907~1-cbed4]:main():gmm-acc-mllt.cc:108) Average like for this file is -52.0813 over 634 frames.
LOG (gmm-acc-mllt[5.5.907~1-cbed4]:main():gmm-acc-mllt.cc:108) Average like for this file is -56.4217 over 677 frames.
LOG (gmm-acc-mllt[5.5.907~1-cbed4]:main():gmm-acc-mllt.cc:108) Average like for this file is -57.0419 over 732 frames.
LOG (gmm-acc-mllt[5.5.907~1-cbed4]:main():gmm-acc-mllt.cc:108) Average like for this file is -55.5387 over 602 frames.
LOG (gmm-acc-mllt[5.5.907~1-cbed4]:main():gmm-acc-mllt.cc:108) Average like for this file is -54.4257 over 715 frames.
LOG (gmm-acc-mllt[5.5.907~1-cbed4]:main():gmm-acc-mllt.cc:114) Avg like per frame so far is -55.6012
LOG (gmm-acc-mllt[5.5.907~1-cbed4]:main():gmm-acc-mllt.cc:108) Average like for this file is -53.9088 over 651 frames.
LOG (gmm-acc-mllt[5.5.907~1-cbed4]:main():gmm-acc-mllt.cc:108) Average like for this file is -55.9404 over 817 frames.
LOG (gmm-acc-mllt[5.5.907~1-cbed4]:main():gmm-acc-mllt.cc:108) Average like for this file is -55.5797 over 577 frames.
LOG (gmm-acc-mllt[5.5.907~1-cbed4]:main():gmm-acc-mllt.cc:108) Average like for this file is -54.7301 over 605 frames.
LOG (gmm-acc-mllt[5.5.907~1-cbed4]:main():gmm-acc-mllt.cc:108) Average like for this file is -54.6477 over 691 frames.
LOG (gmm-acc-mllt[5.5.907~1-cbed4]:main():gmm-acc-mllt.cc:108) Average like for this file is -54.0848 over 698 frames.
LOG (gmm-acc-mllt[5.5.907~1-cbed4]:main():gmm-acc-mllt.cc:108) Average like for this file is -55.6077 over 589 frames.
LOG (gmm-acc-mllt[5.5.907~1-cbed4]:main():gmm-acc-mllt.cc:108) Average like for this file is -57.3224 over 696 frames.
LOG (gmm-acc-mllt[5.5.907~1-cbed4]:main():gmm-acc-mllt.cc:108) Average like for this file is -56.9006 over 428 frames.
LOG (gmm-acc-mllt[5.5.907~1-cbed4]:main():gmm-acc-mllt.cc:108) Average like for this file is -51.9495 over 776 frames.
LOG (gmm-acc-mllt[5.5.907~1-cbed4]:main():gmm-acc-mllt.cc:114) Avg like per frame so far is -55.5631
LOG (gmm-acc-mllt[5.5.907~1-cbed4]:main():gmm-acc-mllt.cc:108) Average like for this file is -52.2031 over 567 frames.
LOG (gmm-acc-mllt[5.5.907~1-cbed4]:main():gmm-acc-mllt.cc:108) Average like for this file is -53.7243 over 640 frames.
LOG (gmm-acc-mllt[5.5.907~1-cbed4]:main():gmm-acc-mllt.cc:108) Average like for this file is -55.3533 over 628 frames.
LOG (gmm-acc-mllt[5.5.907~1-cbed4]:main():gmm-acc-mllt.cc:108) Average like for this file is -55.0677 over 804 frames.
LOG (gmm-acc-mllt[5.5.907~1-cbed4]:main():gmm-acc-mllt.cc:108) Average like for this file is -54.1485 over 548 frames.
LOG (gmm-acc-mllt[5.5.907~1-cbed4]:main():gmm-acc-mllt.cc:108) Average like for this file is -54.5218 over 665 frames.
LOG (gmm-acc-mllt[5.5.907~1-cbed4]:main():gmm-acc-mllt.cc:108) Average like for this file is -52.4862 over 669 frames.
LOG (gmm-acc-mllt[5.5.907~1-cbed4]:main():gmm-acc-mllt.cc:108) Average like for this file is -55.0053 over 858 frames.
LOG (gmm-acc-mllt[5.5.907~1-cbed4]:main():gmm-acc-mllt.cc:108) Average like for this file is -53.1199 over 704 frames.
LOG (gmm-acc-mllt[5.5.907~1-cbed4]:main():gmm-acc-mllt.cc:108) Average like for this file is -52.6847 over 866 frames.
LOG (gmm-acc-mllt[5.5.907~1-cbed4]:main():gmm-acc-mllt.cc:114) Avg like per frame so far is -55.4612
LOG (gmm-acc-mllt[5.5.907~1-cbed4]:main():gmm-acc-mllt.cc:108) Average like for this file is -55.2729 over 673 frames.
LOG (gmm-acc-mllt[5.5.907~1-cbed4]:main():gmm-acc-mllt.cc:108) Average like for this file is -51.7506 over 773 frames.
LOG (gmm-acc-mllt[5.5.907~1-cbed4]:main():gmm-acc-mllt.cc:108) Average like for this file is -55.6941 over 471 frames.
LOG (gmm-acc-mllt[5.5.907~1-cbed4]:main():gmm-acc-mllt.cc:108) Average like for this file is -55.4995 over 610 frames.
LOG (gmm-acc-mllt[5.5.907~1-cbed4]:main():gmm-acc-mllt.cc:108) Average like for this file is -55.1031 over 811 frames.
LOG (gmm-acc-mllt[5.5.907~1-cbed4]:main():gmm-acc-mllt.cc:108) Average like for this file is -55.3818 over 653 frames.
LOG (gmm-acc-mllt[5.5.907~1-cbed4]:main():gmm-acc-mllt.cc:108) Average like for this file is -54.6893 over 563 frames.
LOG (gmm-acc-mllt[5.5.907~1-cbed4]:main():gmm-acc-mllt.cc:108) Average like for this file is -56.1304 over 550 frames.
LOG (gmm-acc-mllt[5.5.907~1-cbed4]:main():gmm-acc-mllt.cc:108) Average like for this file is -54.5095 over 703 frames.
LOG (gmm-acc-mllt[5.5.907~1-cbed4]:main():gmm-acc-mllt.cc:108) Average like for this file is -54.006 over 376 frames.
LOG (gmm-acc-mllt[5.5.907~1-cbed4]:main():gmm-acc-mllt.cc:114) Avg like per frame so far is -55.4245
LOG (gmm-acc-mllt[5.5.907~1-cbed4]:main():gmm-acc-mllt.cc:108) Average like for this file is -53.6445 over 547 frames.
LOG (gmm-acc-mllt[5.5.907~1-cbed4]:main():gmm-acc-mllt.cc:108) Average like for this file is -56.9048 over 504 frames.
LOG (gmm-acc-mllt[5.5.907~1-cbed4]:main():gmm-acc-mllt.cc:108) Average like for this file is -55.3952 over 517 frames.
LOG (gmm-acc-mllt[5.5.907~1-cbed4]:main():gmm-acc-mllt.cc:108) Average like for this file is -54.1843 over 538 frames.
LOG (gmm-acc-mllt[5.5.907~1-cbed4]:main():gmm-acc-mllt.cc:108) Average like for this file is -54.5855 over 510 frames.
LOG (gmm-acc-mllt[5.5.907~1-cbed4]:main():gmm-acc-mllt.cc:108) Average like for this file is -55.3613 over 743 frames.
LOG (gmm-acc-mllt[5.5.907~1-cbed4]:main():gmm-acc-mllt.cc:108) Average like for this file is -54.4164 over 571 frames.
LOG (gmm-acc-mllt[5.5.907~1-cbed4]:main():gmm-acc-mllt.cc:108) Average like for this file is -54.4591 over 657 frames.
LOG (gmm-acc-mllt[5.5.907~1-cbed4]:main():gmm-acc-mllt.cc:108) Average like for this file is -53.6054 over 690 frames.
LOG (gmm-acc-mllt[5.5.907~1-cbed4]:main():gmm-acc-mllt.cc:108) Average like for this file is -55.1028 over 656 frames.
LOG (gmm-acc-mllt[5.5.907~1-cbed4]:main():gmm-acc-mllt.cc:114) Avg like per frame so far is -55.3929
LOG (gmm-acc-mllt[5.5.907~1-cbed4]:main():gmm-acc-mllt.cc:108) Average like for this file is -58.7691 over 638 frames.
LOG (gmm-acc-mllt[5.5.907~1-cbed4]:main():gmm-acc-mllt.cc:108) Average like for this file is -54.4375 over 383 frames.
LOG (gmm-acc-mllt[5.5.907~1-cbed4]:main():gmm-acc-mllt.cc:108) Average like for this file is -54.874 over 588 frames.
LOG (gmm-acc-mllt[5.5.907~1-cbed4]:main():gmm-acc-mllt.cc:108) Average like for this file is -54.9543 over 655 frames.
LOG (gmm-acc-mllt[5.5.907~1-cbed4]:main():gmm-acc-mllt.cc:108) Average like for this file is -54.5037 over 711 frames.
LOG (gmm-acc-mllt[5.5.907~1-cbed4]:main():gmm-acc-mllt.cc:108) Average like for this file is -56.3799 over 592 frames.
LOG (gmm-acc-mllt[5.5.907~1-cbed4]:main():gmm-acc-mllt.cc:108) Average like for this file is -54.9098 over 768 frames.
LOG (gmm-acc-mllt[5.5.907~1-cbed4]:main():gmm-acc-mllt.cc:108) Average like for this file is -56.6222 over 566 frames.
LOG (gmm-acc-mllt[5.5.907~1-cbed4]:main():gmm-acc-mllt.cc:108) Average like for this file is -57.4381 over 503 frames.
LOG (gmm-acc-mllt[5.5.907~1-cbed4]:main():gmm-acc-mllt.cc:108) Average like for this file is -56.3739 over 587 frames.
LOG (gmm-acc-mllt[5.5.907~1-cbed4]:main():gmm-acc-mllt.cc:114) Avg like per frame so far is -55.4158
LOG (gmm-acc-mllt[5.5.907~1-cbed4]:main():gmm-acc-mllt.cc:108) Average like for this file is -56.4377 over 615 frames.
LOG (gmm-acc-mllt[5.5.907~1-cbed4]:main():gmm-acc-mllt.cc:108) Average like for this file is -55.7187 over 673 frames.
LOG (gmm-acc-mllt[5.5.907~1-cbed4]:main():gmm-acc-mllt.cc:108) Average like for this file is -57.0851 over 648 frames.
LOG (gmm-acc-mllt[5.5.907~1-cbed4]:main():gmm-acc-mllt.cc:108) Average like for this file is -57.7223 over 647 frames.
LOG (gmm-acc-mllt[5.5.907~1-cbed4]:main():gmm-acc-mllt.cc:108) Average like for this file is -52.4642 over 764 frames.
LOG (gmm-acc-mllt[5.5.907~1-cbed4]:main():gmm-acc-mllt.cc:108) Average like for this file is -55.0185 over 621 frames.
LOG (gmm-acc-mllt[5.5.907~1-cbed4]:main():gmm-acc-mllt.cc:108) Average like for this file is -56.6671 over 648 frames.
LOG (gmm-acc-mllt[5.5.907~1-cbed4]:main():gmm-acc-mllt.cc:108) Average like for this file is -55.2452 over 550 frames.
LOG (gmm-acc-mllt[5.5.907~1-cbed4]:main():gmm-acc-mllt.cc:108) Average like for this file is -57.0946 over 667 frames.
LOG (gmm-acc-mllt[5.5.907~1-cbed4]:main():gmm-acc-mllt.cc:108) Average like for this file is -52.3811 over 567 frames.
LOG (gmm-acc-mllt[5.5.907~1-cbed4]:main():gmm-acc-mllt.cc:114) Avg like per frame so far is -55.423
LOG (gmm-acc-mllt[5.5.907~1-cbed4]:main():gmm-acc-mllt.cc:108) Average like for this file is -52.3604 over 434 frames.
LOG (gmm-acc-mllt[5.5.907~1-cbed4]:main():gmm-acc-mllt.cc:108) Average like for this file is -54.7376 over 728 frames.
LOG (gmm-acc-mllt[5.5.907~1-cbed4]:main():gmm-acc-mllt.cc:108) Average like for this file is -52.3518 over 676 frames.
LOG (gmm-acc-mllt[5.5.907~1-cbed4]:main():gmm-acc-mllt.cc:108) Average like for this file is -55.3647 over 451 frames.
LOG (gmm-acc-mllt[5.5.907~1-cbed4]:main():gmm-acc-mllt.cc:108) Average like for this file is -52.7871 over 728 frames.
LOG (gmm-acc-mllt[5.5.907~1-cbed4]:main():gmm-acc-mllt.cc:108) Average like for this file is -52.1892 over 595 frames.
LOG (gmm-acc-mllt[5.5.907~1-cbed4]:main():gmm-acc-mllt.cc:108) Average like for this file is -53.7288 over 632 frames.
LOG (gmm-acc-mllt[5.5.907~1-cbed4]:main():gmm-acc-mllt.cc:108) Average like for this file is -52.08 over 700 frames.
LOG (gmm-acc-mllt[5.5.907~1-cbed4]:main():gmm-acc-mllt.cc:108) Average like for this file is -51.4109 over 454 frames.
LOG (gmm-acc-mllt[5.5.907~1-cbed4]:main():gmm-acc-mllt.cc:108) Average like for this file is -50.7566 over 677 frames.
LOG (gmm-acc-mllt[5.5.907~1-cbed4]:main():gmm-acc-mllt.cc:114) Avg like per frame so far is -55.3128
LOG (gmm-acc-mllt[5.5.907~1-cbed4]:main():gmm-acc-mllt.cc:108) Average like for this file is -51.95 over 658 frames.
LOG (gmm-acc-mllt[5.5.907~1-cbed4]:main():gmm-acc-mllt.cc:108) Average like for this file is -51.6 over 667 frames.
LOG (gmm-acc-mllt[5.5.907~1-cbed4]:main():gmm-acc-mllt.cc:108) Average like for this file is -53.5671 over 525 frames.
LOG (gmm-acc-mllt[5.5.907~1-cbed4]:main():gmm-acc-mllt.cc:108) Average like for this file is -54.8035 over 653 frames.
LOG (gmm-acc-mllt[5.5.907~1-cbed4]:main():gmm-acc-mllt.cc:108) Average like for this file is -52.9384 over 594 frames.
LOG (gmm-acc-mllt[5.5.907~1-cbed4]:main():gmm-acc-mllt.cc:108) Average like for this file is -53.5257 over 535 frames.
LOG (gmm-acc-mllt[5.5.907~1-cbed4]:main():gmm-acc-mllt.cc:108) Average like for this file is -54.0422 over 658 frames.
LOG (gmm-acc-mllt[5.5.907~1-cbed4]:main():gmm-acc-mllt.cc:108) Average like for this file is -52.8313 over 596 frames.
LOG (gmm-acc-mllt[5.5.907~1-cbed4]:main():gmm-acc-mllt.cc:108) Average like for this file is -53.2733 over 695 frames.
LOG (gmm-acc-mllt[5.5.907~1-cbed4]:main():gmm-acc-mllt.cc:108) Average like for this file is -51.0205 over 660 frames.
LOG (gmm-acc-mllt[5.5.907~1-cbed4]:main():gmm-acc-mllt.cc:114) Avg like per frame so far is -55.2156
LOG (gmm-acc-mllt[5.5.907~1-cbed4]:main():gmm-acc-mllt.cc:108) Average like for this file is -51.4322 over 662 frames.
LOG (gmm-acc-mllt[5.5.907~1-cbed4]:main():gmm-acc-mllt.cc:108) Average like for this file is -53.4153 over 747 frames.
LOG (gmm-acc-mllt[5.5.907~1-cbed4]:main():gmm-acc-mllt.cc:108) Average like for this file is -52.2507 over 532 frames.
LOG (gmm-acc-mllt[5.5.907~1-cbed4]:main():gmm-acc-mllt.cc:108) Average like for this file is -51.1803 over 936 frames.
LOG (gmm-acc-mllt[5.5.907~1-cbed4]:main():gmm-acc-mllt.cc:108) Average like for this file is -52.5429 over 855 frames.
LOG (gmm-acc-mllt[5.5.907~1-cbed4]:main():gmm-acc-mllt.cc:108) Average like for this file is -52.908 over 737 frames.
LOG (gmm-acc-mllt[5.5.907~1-cbed4]:main():gmm-acc-mllt.cc:108) Average like for this file is -53.8989 over 532 frames.
LOG (gmm-acc-mllt[5.5.907~1-cbed4]:main():gmm-acc-mllt.cc:108) Average like for this file is -54.02 over 622 frames.
LOG (gmm-acc-mllt[5.5.907~1-cbed4]:main():gmm-acc-mllt.cc:108) Average like for this file is -53.0901 over 686 frames.
LOG (gmm-acc-mllt[5.5.907~1-cbed4]:main():gmm-acc-mllt.cc:108) Average like for this file is -52.6453 over 595 frames.
LOG (gmm-acc-mllt[5.5.907~1-cbed4]:main():gmm-acc-mllt.cc:114) Avg like per frame so far is -55.1054
LOG (gmm-acc-mllt[5.5.907~1-cbed4]:main():gmm-acc-mllt.cc:108) Average like for this file is -51.083 over 608 frames.
LOG (gmm-acc-mllt[5.5.907~1-cbed4]:main():gmm-acc-mllt.cc:108) Average like for this file is -55.4698 over 675 frames.
LOG (gmm-acc-mllt[5.5.907~1-cbed4]:main():gmm-acc-mllt.cc:108) Average like for this file is -52.1149 over 602 frames.
LOG (gmm-acc-mllt[5.5.907~1-cbed4]:main():gmm-acc-mllt.cc:108) Average like for this file is -52.8143 over 552 frames.
LOG (gmm-acc-mllt[5.5.907~1-cbed4]:main():gmm-acc-mllt.cc:108) Average like for this file is -53.1253 over 601 frames.
LOG (gmm-acc-mllt[5.5.907~1-cbed4]:main():gmm-acc-mllt.cc:108) Average like for this file is -52.843 over 663 frames.
LOG (gmm-acc-mllt[5.5.907~1-cbed4]:main():gmm-acc-mllt.cc:108) Average like for this file is -54.5843 over 700 frames.
LOG (gmm-acc-mllt[5.5.907~1-cbed4]:main():gmm-acc-mllt.cc:108) Average like for this file is -54.662 over 862 frames.
LOG (gmm-acc-mllt[5.5.907~1-cbed4]:main():gmm-acc-mllt.cc:108) Average like for this file is -54.1009 over 566 frames.
LOG (gmm-acc-mllt[5.5.907~1-cbed4]:main():gmm-acc-mllt.cc:108) Average like for this file is -52.8113 over 839 frames.
LOG (gmm-acc-mllt[5.5.907~1-cbed4]:main():gmm-acc-mllt.cc:114) Avg like per frame so far is -55.0381
LOG (gmm-acc-mllt[5.5.907~1-cbed4]:main():gmm-acc-mllt.cc:108) Average like for this file is -53.9557 over 639 frames.
LOG (gmm-acc-mllt[5.5.907~1-cbed4]:main():gmm-acc-mllt.cc:108) Average like for this file is -53.0689 over 661 frames.
LOG (gmm-acc-mllt[5.5.907~1-cbed4]:main():gmm-acc-mllt.cc:108) Average like for this file is -53.6113 over 737 frames.
LOG (gmm-acc-mllt[5.5.907~1-cbed4]:main():gmm-acc-mllt.cc:108) Average like for this file is -53.5786 over 601 frames.
LOG (gmm-acc-mllt[5.5.907~1-cbed4]:main():gmm-acc-mllt.cc:108) Average like for this file is -54.8899 over 752 frames.
LOG (gmm-acc-mllt[5.5.907~1-cbed4]:main():gmm-acc-mllt.cc:108) Average like for this file is -54.6685 over 653 frames.
LOG (gmm-acc-mllt[5.5.907~1-cbed4]:main():gmm-acc-mllt.cc:108) Average like for this file is -54.5341 over 717 frames.
LOG (gmm-acc-mllt[5.5.907~1-cbed4]:main():gmm-acc-mllt.cc:108) Average like for this file is -55.6782 over 525 frames.
LOG (gmm-acc-mllt[5.5.907~1-cbed4]:main():gmm-acc-mllt.cc:108) Average like for this file is -54.0452 over 625 frames.
LOG (gmm-acc-mllt[5.5.907~1-cbed4]:main():gmm-acc-mllt.cc:108) Average like for this file is -53.4361 over 713 frames.
LOG (gmm-acc-mllt[5.5.907~1-cbed4]:main():gmm-acc-mllt.cc:114) Avg like per frame so far is -55.0031
LOG (gmm-acc-mllt[5.5.907~1-cbed4]:main():gmm-acc-mllt.cc:108) Average like for this file is -54.4631 over 596 frames.
LOG (gmm-acc-mllt[5.5.907~1-cbed4]:main():gmm-acc-mllt.cc:108) Average like for this file is -56.9204 over 624 frames.
LOG (gmm-acc-mllt[5.5.907~1-cbed4]:main():gmm-acc-mllt.cc:108) Average like for this file is -55.9021 over 577 frames.
LOG (gmm-acc-mllt[5.5.907~1-cbed4]:main():gmm-acc-mllt.cc:108) Average like for this file is -55.4611 over 645 frames.
LOG (gmm-acc-mllt[5.5.907~1-cbed4]:main():gmm-acc-mllt.cc:108) Average like for this file is -55.0918 over 537 frames.
LOG (gmm-acc-mllt[5.5.907~1-cbed4]:main():gmm-acc-mllt.cc:108) Average like for this file is -55.14 over 562 frames.
LOG (gmm-acc-mllt[5.5.907~1-cbed4]:main():gmm-acc-mllt.cc:108) Average like for this file is -55.1844 over 644 frames.
LOG (gmm-acc-mllt[5.5.907~1-cbed4]:main():gmm-acc-mllt.cc:108) Average like for this file is -56.5838 over 582 frames.
LOG (gmm-acc-mllt[5.5.907~1-cbed4]:main():gmm-acc-mllt.cc:108) Average like for this file is -56.5224 over 688 frames.
LOG (gmm-acc-mllt[5.5.907~1-cbed4]:main():gmm-acc-mllt.cc:108) Average like for this file is -53.6233 over 885 frames.
LOG (gmm-acc-mllt[5.5.907~1-cbed4]:main():gmm-acc-mllt.cc:114) Avg like per frame so far is -55.018
LOG (gmm-acc-mllt[5.5.907~1-cbed4]:main():gmm-acc-mllt.cc:108) Average like for this file is -56.6718 over 514 frames.
LOG (gmm-acc-mllt[5.5.907~1-cbed4]:main():gmm-acc-mllt.cc:108) Average like for this file is -54.7305 over 596 frames.
LOG (gmm-acc-mllt[5.5.907~1-cbed4]:main():gmm-acc-mllt.cc:108) Average like for this file is -54.1145 over 565 frames.
LOG (gmm-acc-mllt[5.5.907~1-cbed4]:main():gmm-acc-mllt.cc:108) Average like for this file is -57.1272 over 813 frames.
LOG (gmm-acc-mllt[5.5.907~1-cbed4]:main():gmm-acc-mllt.cc:108) Average like for this file is -56.875 over 939 frames.
LOG (gmm-acc-mllt[5.5.907~1-cbed4]:main():gmm-acc-mllt.cc:108) Average like for this file is -54.3878 over 636 frames.
LOG (gmm-acc-mllt[5.5.907~1-cbed4]:main():gmm-acc-mllt.cc:108) Average like for this file is -54.7789 over 740 frames.
LOG (gmm-acc-mllt[5.5.907~1-cbed4]:main():gmm-acc-mllt.cc:108) Average like for this file is -54.9609 over 729 frames.
LOG (gmm-acc-mllt[5.5.907~1-cbed4]:main():gmm-acc-mllt.cc:108) Average like for this file is -54.6839 over 585 frames.
LOG (gmm-acc-mllt[5.5.907~1-cbed4]:main():gmm-acc-mllt.cc:108) Average like for this file is -53.1194 over 592 frames.
LOG (gmm-acc-mllt[5.5.907~1-cbed4]:main():gmm-acc-mllt.cc:114) Avg like per frame so far is -55.0271
LOG (gmm-acc-mllt[5.5.907~1-cbed4]:main():gmm-acc-mllt.cc:108) Average like for this file is -54.1682 over 721 frames.
LOG (gmm-acc-mllt[5.5.907~1-cbed4]:main():gmm-acc-mllt.cc:108) Average like for this file is -54.201 over 617 frames.
LOG (gmm-acc-mllt[5.5.907~1-cbed4]:main():gmm-acc-mllt.cc:108) Average like for this file is -55.4571 over 611 frames.
LOG (gmm-acc-mllt[5.5.907~1-cbed4]:main():gmm-acc-mllt.cc:108) Average like for this file is -55.026 over 640 frames.
LOG (gmm-acc-mllt[5.5.907~1-cbed4]:main():gmm-acc-mllt.cc:108) Average like for this file is -53.3549 over 548 frames.
LOG (gmm-acc-mllt[5.5.907~1-cbed4]:main():gmm-acc-mllt.cc:108) Average like for this file is -52.9802 over 680 frames.
LOG (gmm-acc-mllt[5.5.907~1-cbed4]:main():gmm-acc-mllt.cc:108) Average like for this file is -53.3946 over 740 frames.
LOG (gmm-acc-mllt[5.5.907~1-cbed4]:main():gmm-acc-mllt.cc:108) Average like for this file is -54.0648 over 657 frames.
LOG (gmm-acc-mllt[5.5.907~1-cbed4]:main():gmm-acc-mllt.cc:108) Average like for this file is -50.8411 over 664 frames.
LOG (gmm-acc-mllt[5.5.907~1-cbed4]:main():gmm-acc-mllt.cc:108) Average like for this file is -53.0767 over 648 frames.
LOG (gmm-acc-mllt[5.5.907~1-cbed4]:main():gmm-acc-mllt.cc:114) Avg like per frame so far is -54.9801
LOG (gmm-acc-mllt[5.5.907~1-cbed4]:main():gmm-acc-mllt.cc:108) Average like for this file is -54.7123 over 572 frames.
LOG (gmm-acc-mllt[5.5.907~1-cbed4]:main():gmm-acc-mllt.cc:108) Average like for this file is -54.2418 over 586 frames.
LOG (gmm-acc-mllt[5.5.907~1-cbed4]:main():gmm-acc-mllt.cc:108) Average like for this file is -55.3548 over 734 frames.
LOG (gmm-acc-mllt[5.5.907~1-cbed4]:main():gmm-acc-mllt.cc:108) Average like for this file is -57.3205 over 569 frames.
LOG (gmm-acc-mllt[5.5.907~1-cbed4]:main():gmm-acc-mllt.cc:108) Average like for this file is -54.188 over 531 frames.
LOG (gmm-acc-mllt[5.5.907~1-cbed4]:main():gmm-acc-mllt.cc:108) Average like for this file is -55.45 over 778 frames.
LOG (gmm-acc-mllt[5.5.907~1-cbed4]:main():gmm-acc-mllt.cc:108) Average like for this file is -58.0638 over 541 frames.
LOG (gmm-acc-mllt[5.5.907~1-cbed4]:main():gmm-acc-mllt.cc:108) Average like for this file is -55.2297 over 601 frames.
LOG (gmm-acc-mllt[5.5.907~1-cbed4]:main():gmm-acc-mllt.cc:108) Average like for this file is -56.8426 over 758 frames.
LOG (gmm-acc-mllt[5.5.907~1-cbed4]:main():gmm-acc-mllt.cc:108) Average like for this file is -57.4712 over 1045 frames.
LOG (gmm-acc-mllt[5.5.907~1-cbed4]:main():gmm-acc-mllt.cc:114) Avg like per frame so far is -55.0142
LOG (gmm-acc-mllt[5.5.907~1-cbed4]:main():gmm-acc-mllt.cc:108) Average like for this file is -58.6859 over 839 frames.
LOG (gmm-acc-mllt[5.5.907~1-cbed4]:main():gmm-acc-mllt.cc:108) Average like for this file is -57.2842 over 756 frames.
LOG (gmm-acc-mllt[5.5.907~1-cbed4]:main():gmm-acc-mllt.cc:108) Average like for this file is -64.2625 over 841 frames.
LOG (gmm-acc-mllt[5.5.907~1-cbed4]:main():gmm-acc-mllt.cc:108) Average like for this file is -58.3406 over 940 frames.
LOG (gmm-acc-mllt[5.5.907~1-cbed4]:main():gmm-acc-mllt.cc:108) Average like for this file is -59.0003 over 639 frames.
LOG (gmm-acc-mllt[5.5.907~1-cbed4]:main():gmm-acc-mllt.cc:108) Average like for this file is -60.9704 over 613 frames.
LOG (gmm-acc-mllt[5.5.907~1-cbed4]:main():gmm-acc-mllt.cc:108) Average like for this file is -60.6324 over 760 frames.
LOG (gmm-acc-mllt[5.5.907~1-cbed4]:main():gmm-acc-mllt.cc:108) Average like for this file is -56.3729 over 910 frames.
LOG (gmm-acc-mllt[5.5.907~1-cbed4]:main():gmm-acc-mllt.cc:108) Average like for this file is -57.4934 over 532 frames.
LOG (gmm-acc-mllt[5.5.907~1-cbed4]:main():gmm-acc-mllt.cc:108) Average like for this file is -59.3431 over 582 frames.
LOG (gmm-acc-mllt[5.5.907~1-cbed4]:main():gmm-acc-mllt.cc:114) Avg like per frame so far is -55.1652
LOG (gmm-acc-mllt[5.5.907~1-cbed4]:main():gmm-acc-mllt.cc:108) Average like for this file is -57.4168 over 668 frames.
LOG (gmm-acc-mllt[5.5.907~1-cbed4]:main():gmm-acc-mllt.cc:108) Average like for this file is -55.8155 over 962 frames.
LOG (gmm-acc-mllt[5.5.907~1-cbed4]:main():gmm-acc-mllt.cc:108) Average like for this file is -55.7785 over 547 frames.
LOG (gmm-acc-mllt[5.5.907~1-cbed4]:main():gmm-acc-mllt.cc:108) Average like for this file is -60.0068 over 1178 frames.
LOG (gmm-acc-mllt[5.5.907~1-cbed4]:main():gmm-acc-mllt.cc:108) Average like for this file is -56.4097 over 617 frames.
LOG (gmm-acc-mllt[5.5.907~1-cbed4]:main():gmm-acc-mllt.cc:108) Average like for this file is -56.8256 over 437 frames.
LOG (gmm-acc-mllt[5.5.907~1-cbed4]:main():gmm-acc-mllt.cc:108) Average like for this file is -59.4195 over 213 frames.
LOG (gmm-acc-mllt[5.5.907~1-cbed4]:main():gmm-acc-mllt.cc:108) Average like for this file is -58.7212 over 402 frames.
LOG (gmm-acc-mllt[5.5.907~1-cbed4]:main():gmm-acc-mllt.cc:108) Average like for this file is -58.0394 over 594 frames.
LOG (gmm-acc-mllt[5.5.907~1-cbed4]:main():gmm-acc-mllt.cc:108) Average like for this file is -57.5338 over 382 frames.
LOG (gmm-acc-mllt[5.5.907~1-cbed4]:main():gmm-acc-mllt.cc:114) Avg like per frame so far is -55.2339
LOG (gmm-acc-mllt[5.5.907~1-cbed4]:main():gmm-acc-mllt.cc:108) Average like for this file is -61.7733 over 333 frames.
LOG (gmm-acc-mllt[5.5.907~1-cbed4]:main():gmm-acc-mllt.cc:108) Average like for this file is -58.9592 over 320 frames.
LOG (gmm-acc-mllt[5.5.907~1-cbed4]:main():gmm-acc-mllt.cc:108) Average like for this file is -57.8882 over 367 frames.
LOG (gmm-acc-mllt[5.5.907~1-cbed4]:main():gmm-acc-mllt.cc:108) Average like for this file is -60.8887 over 424 frames.
LOG (gmm-acc-mllt[5.5.907~1-cbed4]:main():gmm-acc-mllt.cc:108) Average like for this file is -57.1936 over 271 frames.
LOG (gmm-acc-mllt[5.5.907~1-cbed4]:main():gmm-acc-mllt.cc:108) Average like for this file is -63.3003 over 391 frames.
LOG (gmm-acc-mllt[5.5.907~1-cbed4]:main():gmm-acc-mllt.cc:108) Average like for this file is -63.4045 over 283 frames.
LOG (gmm-acc-mllt[5.5.907~1-cbed4]:main():gmm-acc-mllt.cc:108) Average like for this file is -61.0241 over 507 frames.
LOG (gmm-acc-mllt[5.5.907~1-cbed4]:main():gmm-acc-mllt.cc:108) Average like for this file is -63.0833 over 386 frames.
LOG (gmm-acc-mllt[5.5.907~1-cbed4]:main():gmm-acc-mllt.cc:108) Average like for this file is -61.4518 over 471 frames.
LOG (gmm-acc-mllt[5.5.907~1-cbed4]:main():gmm-acc-mllt.cc:114) Avg like per frame so far is -55.3338
LOG (gmm-acc-mllt[5.5.907~1-cbed4]:main():gmm-acc-mllt.cc:108) Average like for this file is -63.1629 over 312 frames.
LOG (gmm-acc-mllt[5.5.907~1-cbed4]:main():gmm-acc-mllt.cc:108) Average like for this file is -62.8769 over 372 frames.
LOG (gmm-acc-mllt[5.5.907~1-cbed4]:main():gmm-acc-mllt.cc:108) Average like for this file is -63.3756 over 413 frames.
LOG (gmm-acc-mllt[5.5.907~1-cbed4]:main():gmm-acc-mllt.cc:108) Average like for this file is -62.2359 over 484 frames.
LOG (gmm-acc-mllt[5.5.907~1-cbed4]:main():gmm-acc-mllt.cc:108) Average like for this file is -61.6771 over 602 frames.
LOG (gmm-acc-mllt[5.5.907~1-cbed4]:main():gmm-acc-mllt.cc:108) Average like for this file is -61.9629 over 417 frames.
LOG (gmm-acc-mllt[5.5.907~1-cbed4]:main():gmm-acc-mllt.cc:108) Average like for this file is -65.7921 over 459 frames.
LOG (gmm-acc-mllt[5.5.907~1-cbed4]:main():gmm-acc-mllt.cc:108) Average like for this file is -63.2509 over 346 frames.
LOG (gmm-acc-mllt[5.5.907~1-cbed4]:main():gmm-acc-mllt.cc:108) Average like for this file is -61.6505 over 601 frames.
LOG (gmm-acc-mllt[5.5.907~1-cbed4]:main():gmm-acc-mllt.cc:108) Average like for this file is -61.6071 over 523 frames.
LOG (gmm-acc-mllt[5.5.907~1-cbed4]:main():gmm-acc-mllt.cc:114) Avg like per frame so far is -55.4835
LOG (gmm-acc-mllt[5.5.907~1-cbed4]:main():gmm-acc-mllt.cc:108) Average like for this file is -62.8111 over 439 frames.
LOG (gmm-acc-mllt[5.5.907~1-cbed4]:main():gmm-acc-mllt.cc:108) Average like for this file is -64.3342 over 448 frames.
LOG (gmm-acc-mllt[5.5.907~1-cbed4]:main():gmm-acc-mllt.cc:108) Average like for this file is -61.6944 over 603 frames.
LOG (gmm-acc-mllt[5.5.907~1-cbed4]:main():gmm-acc-mllt.cc:108) Average like for this file is -64.9365 over 531 frames.
LOG (gmm-acc-mllt[5.5.907~1-cbed4]:main():gmm-acc-mllt.cc:108) Average like for this file is -62.9477 over 565 frames.
LOG (gmm-acc-mllt[5.5.907~1-cbed4]:main():gmm-acc-mllt.cc:108) Average like for this file is -66.8376 over 517 frames.
LOG (gmm-acc-mllt[5.5.907~1-cbed4]:main():gmm-acc-mllt.cc:108) Average like for this file is -65.8865 over 828 frames.
LOG (gmm-acc-mllt[5.5.907~1-cbed4]:main():gmm-acc-mllt.cc:108) Average like for this file is -64.0381 over 949 frames.
LOG (gmm-acc-mllt[5.5.907~1-cbed4]:main():gmm-acc-mllt.cc:108) Average like for this file is -63.3324 over 767 frames.
LOG (gmm-acc-mllt[5.5.907~1-cbed4]:main():gmm-acc-mllt.cc:108) Average like for this file is -63.0748 over 1135 frames.
LOG (gmm-acc-mllt[5.5.907~1-cbed4]:main():gmm-acc-mllt.cc:114) Avg like per frame so far is -55.7354
LOG (gmm-acc-mllt[5.5.907~1-cbed4]:main():gmm-acc-mllt.cc:108) Average like for this file is -61.7454 over 366 frames.
LOG (gmm-acc-mllt[5.5.907~1-cbed4]:main():gmm-acc-mllt.cc:108) Average like for this file is -61.3495 over 639 frames.
LOG (gmm-acc-mllt[5.5.907~1-cbed4]:main():gmm-acc-mllt.cc:108) Average like for this file is -59.6435 over 507 frames.
LOG (gmm-acc-mllt[5.5.907~1-cbed4]:main():gmm-acc-mllt.cc:108) Average like for this file is -60.1453 over 639 frames.
LOG (gmm-acc-mllt[5.5.907~1-cbed4]:main():gmm-acc-mllt.cc:108) Average like for this file is -60.2866 over 760 frames.
LOG (gmm-acc-mllt[5.5.907~1-cbed4]:main():gmm-acc-mllt.cc:108) Average like for this file is -59.7257 over 649 frames.
LOG (gmm-acc-mllt[5.5.907~1-cbed4]:main():gmm-acc-mllt.cc:108) Average like for this file is -60.7708 over 405 frames.
LOG (gmm-acc-mllt[5.5.907~1-cbed4]:main():gmm-acc-mllt.cc:108) Average like for this file is -59.6493 over 368 frames.
LOG (gmm-acc-mllt[5.5.907~1-cbed4]:main():gmm-acc-mllt.cc:108) Average like for this file is -61.1855 over 497 frames.
LOG (gmm-acc-mllt[5.5.907~1-cbed4]:main():gmm-acc-mllt.cc:108) Average like for this file is -51.646 over 479 frames.
LOG (gmm-acc-mllt[5.5.907~1-cbed4]:main():gmm-acc-mllt.cc:114) Avg like per frame so far is -55.8249
LOG (gmm-acc-mllt[5.5.907~1-cbed4]:main():gmm-acc-mllt.cc:108) Average like for this file is -54.8402 over 387 frames.
LOG (gmm-acc-mllt[5.5.907~1-cbed4]:main():gmm-acc-mllt.cc:108) Average like for this file is -56.108 over 242 frames.
LOG (gmm-acc-mllt[5.5.907~1-cbed4]:main():gmm-acc-mllt.cc:108) Average like for this file is -54.8167 over 377 frames.
LOG (gmm-acc-mllt[5.5.907~1-cbed4]:main():gmm-acc-mllt.cc:108) Average like for this file is -54.9895 over 500 frames.
LOG (gmm-acc-mllt[5.5.907~1-cbed4]:main():gmm-acc-mllt.cc:108) Average like for this file is -57.1951 over 327 frames.
LOG (gmm-acc-mllt[5.5.907~1-cbed4]:main():gmm-acc-mllt.cc:108) Average like for this file is -54.1292 over 606 frames.
LOG (gmm-acc-mllt[5.5.907~1-cbed4]:main():gmm-acc-mllt.cc:108) Average like for this file is -55.2396 over 476 frames.
LOG (gmm-acc-mllt[5.5.907~1-cbed4]:main():gmm-acc-mllt.cc:108) Average like for this file is -52.4911 over 625 frames.
LOG (gmm-acc-mllt[5.5.907~1-cbed4]:main():gmm-acc-mllt.cc:108) Average like for this file is -53.343 over 631 frames.
LOG (gmm-acc-mllt[5.5.907~1-cbed4]:main():gmm-acc-mllt.cc:108) Average like for this file is -53.919 over 735 frames.
LOG (gmm-acc-mllt[5.5.907~1-cbed4]:main():gmm-acc-mllt.cc:114) Avg like per frame so far is -55.7954
LOG (gmm-acc-mllt[5.5.907~1-cbed4]:main():gmm-acc-mllt.cc:108) Average like for this file is -54.6486 over 465 frames.
LOG (gmm-acc-mllt[5.5.907~1-cbed4]:main():gmm-acc-mllt.cc:108) Average like for this file is -54.0802 over 560 frames.
LOG (gmm-acc-mllt[5.5.907~1-cbed4]:main():gmm-acc-mllt.cc:108) Average like for this file is -54.1225 over 637 frames.
LOG (gmm-acc-mllt[5.5.907~1-cbed4]:main():gmm-acc-mllt.cc:108) Average like for this file is -53.4161 over 669 frames.
LOG (gmm-acc-mllt[5.5.907~1-cbed4]:main():gmm-acc-mllt.cc:108) Average like for this file is -53.2016 over 687 frames.
LOG (gmm-acc-mllt[5.5.907~1-cbed4]:main():gmm-acc-mllt.cc:108) Average like for this file is -54.0705 over 610 frames.
LOG (gmm-acc-mllt[5.5.907~1-cbed4]:main():gmm-acc-mllt.cc:108) Average like for this file is -53.7374 over 450 frames.
LOG (gmm-acc-mllt[5.5.907~1-cbed4]:main():gmm-acc-mllt.cc:108) Average like for this file is -56.6579 over 476 frames.
LOG (gmm-acc-mllt[5.5.907~1-cbed4]:main():gmm-acc-mllt.cc:108) Average like for this file is -64.254 over 366 frames.
LOG (gmm-acc-mllt[5.5.907~1-cbed4]:main():gmm-acc-mllt.cc:108) Average like for this file is -52.1606 over 517 frames.
LOG (gmm-acc-mllt[5.5.907~1-cbed4]:main():gmm-acc-mllt.cc:114) Avg like per frame so far is -55.7696
LOG (gmm-acc-mllt[5.5.907~1-cbed4]:main():gmm-acc-mllt.cc:108) Average like for this file is -59.6861 over 373 frames.
LOG (gmm-acc-mllt[5.5.907~1-cbed4]:main():gmm-acc-mllt.cc:108) Average like for this file is -55.7476 over 608 frames.
LOG (gmm-acc-mllt[5.5.907~1-cbed4]:main():gmm-acc-mllt.cc:108) Average like for this file is -54.6748 over 448 frames.
LOG (gmm-acc-mllt[5.5.907~1-cbed4]:main():gmm-acc-mllt.cc:108) Average like for this file is -58.7255 over 702 frames.
LOG (gmm-acc-mllt[5.5.907~1-cbed4]:main():gmm-acc-mllt.cc:108) Average like for this file is -57.4094 over 698 frames.
LOG (gmm-acc-mllt[5.5.907~1-cbed4]:main():gmm-acc-mllt.cc:108) Average like for this file is -57.6602 over 699 frames.
LOG (gmm-acc-mllt[5.5.907~1-cbed4]:main():gmm-acc-mllt.cc:108) Average like for this file is -56.1272 over 604 frames.
LOG (gmm-acc-mllt[5.5.907~1-cbed4]:main():gmm-acc-mllt.cc:108) Average like for this file is -57.4773 over 468 frames.
LOG (gmm-acc-mllt[5.5.907~1-cbed4]:main():gmm-acc-mllt.cc:108) Average like for this file is -56.7394 over 1004 frames.
LOG (gmm-acc-mllt[5.5.907~1-cbed4]:main():gmm-acc-mllt.cc:108) Average like for this file is -54.799 over 650 frames.
LOG (gmm-acc-mllt[5.5.907~1-cbed4]:main():gmm-acc-mllt.cc:114) Avg like per frame so far is -55.797
LOG (gmm-acc-mllt[5.5.907~1-cbed4]:main():gmm-acc-mllt.cc:108) Average like for this file is -54.9293 over 518 frames.
LOG (gmm-acc-mllt[5.5.907~1-cbed4]:main():gmm-acc-mllt.cc:108) Average like for this file is -55.3315 over 733 frames.
LOG (gmm-acc-mllt[5.5.907~1-cbed4]:main():gmm-acc-mllt.cc:108) Average like for this file is -54.6272 over 616 frames.
LOG (gmm-acc-mllt[5.5.907~1-cbed4]:main():gmm-acc-mllt.cc:108) Average like for this file is -55.0212 over 790 frames.
LOG (gmm-acc-mllt[5.5.907~1-cbed4]:main():gmm-acc-mllt.cc:108) Average like for this file is -56.3669 over 688 frames.
LOG (gmm-acc-mllt[5.5.907~1-cbed4]:main():gmm-acc-mllt.cc:108) Average like for this file is -56.9391 over 668 frames.
LOG (gmm-acc-mllt[5.5.907~1-cbed4]:main():gmm-acc-mllt.cc:108) Average like for this file is -59.1502 over 390 frames.
LOG (gmm-acc-mllt[5.5.907~1-cbed4]:main():gmm-acc-mllt.cc:108) Average like for this file is -56.6514 over 561 frames.
LOG (gmm-acc-mllt[5.5.907~1-cbed4]:main():gmm-acc-mllt.cc:108) Average like for this file is -57.0456 over 677 frames.
LOG (gmm-acc-mllt[5.5.907~1-cbed4]:main():gmm-acc-mllt.cc:108) Average like for this file is -57.5724 over 355 frames.
LOG (gmm-acc-mllt[5.5.907~1-cbed4]:main():gmm-acc-mllt.cc:114) Avg like per frame so far is -55.806
LOG (gmm-acc-mllt[5.5.907~1-cbed4]:main():gmm-acc-mllt.cc:108) Average like for this file is -56.6251 over 637 frames.
LOG (gmm-acc-mllt[5.5.907~1-cbed4]:main():gmm-acc-mllt.cc:108) Average like for this file is -56.3018 over 545 frames.
LOG (gmm-acc-mllt[5.5.907~1-cbed4]:main():gmm-acc-mllt.cc:108) Average like for this file is -54.2508 over 790 frames.
LOG (gmm-acc-mllt[5.5.907~1-cbed4]:main():gmm-acc-mllt.cc:108) Average like for this file is -55.479 over 564 frames.
LOG (gmm-acc-mllt[5.5.907~1-cbed4]:main():gmm-acc-mllt.cc:108) Average like for this file is -58.4846 over 539 frames.
LOG (gmm-acc-mllt[5.5.907~1-cbed4]:main():gmm-acc-mllt.cc:108) Average like for this file is -55.288 over 706 frames.
LOG (gmm-acc-mllt[5.5.907~1-cbed4]:main():gmm-acc-mllt.cc:108) Average like for this file is -57.034 over 941 frames.
LOG (gmm-acc-mllt[5.5.907~1-cbed4]:main():gmm-acc-mllt.cc:108) Average like for this file is -56.281 over 664 frames.
LOG (gmm-acc-mllt[5.5.907~1-cbed4]:main():gmm-acc-mllt.cc:108) Average like for this file is -56.1059 over 618 frames.
LOG (gmm-acc-mllt[5.5.907~1-cbed4]:main():gmm-acc-mllt.cc:108) Average like for this file is -67.8277 over 525 frames.
LOG (gmm-acc-mllt[5.5.907~1-cbed4]:main():gmm-acc-mllt.cc:114) Avg like per frame so far is -55.8381
LOG (gmm-acc-mllt[5.5.907~1-cbed4]:main():gmm-acc-mllt.cc:108) Average like for this file is -72.4559 over 601 frames.
LOG (gmm-acc-mllt[5.5.907~1-cbed4]:main():gmm-acc-mllt.cc:108) Average like for this file is -72.2567 over 524 frames.
LOG (gmm-acc-mllt[5.5.907~1-cbed4]:main():gmm-acc-mllt.cc:108) Average like for this file is -75.3485 over 476 frames.
LOG (gmm-acc-mllt[5.5.907~1-cbed4]:main():gmm-acc-mllt.cc:108) Average like for this file is -73.4793 over 491 frames.
LOG (gmm-acc-mllt[5.5.907~1-cbed4]:main():gmm-acc-mllt.cc:108) Average like for this file is -74.6186 over 436 frames.
LOG (gmm-acc-mllt[5.5.907~1-cbed4]:main():gmm-acc-mllt.cc:108) Average like for this file is -71.382 over 406 frames.
LOG (gmm-acc-mllt[5.5.907~1-cbed4]:main():gmm-acc-mllt.cc:108) Average like for this file is -73.0565 over 390 frames.
LOG (gmm-acc-mllt[5.5.907~1-cbed4]:main():gmm-acc-mllt.cc:108) Average like for this file is -72.1216 over 482 frames.
LOG (gmm-acc-mllt[5.5.907~1-cbed4]:main():gmm-acc-mllt.cc:108) Average like for this file is -72.8141 over 359 frames.
LOG (gmm-acc-mllt[5.5.907~1-cbed4]:main():gmm-acc-mllt.cc:108) Average like for this file is -73.8074 over 465 frames.
LOG (gmm-acc-mllt[5.5.907~1-cbed4]:main():gmm-acc-mllt.cc:114) Avg like per frame so far is -56.138
LOG (gmm-acc-mllt[5.5.907~1-cbed4]:main():gmm-acc-mllt.cc:108) Average like for this file is -72.1589 over 422 frames.
LOG (gmm-acc-mllt[5.5.907~1-cbed4]:main():gmm-acc-mllt.cc:108) Average like for this file is -75.2404 over 463 frames.
LOG (gmm-acc-mllt[5.5.907~1-cbed4]:main():gmm-acc-mllt.cc:108) Average like for this file is -74.4079 over 474 frames.
LOG (gmm-acc-mllt[5.5.907~1-cbed4]:main():gmm-acc-mllt.cc:108) Average like for this file is -74.1674 over 631 frames.
LOG (gmm-acc-mllt[5.5.907~1-cbed4]:main():gmm-acc-mllt.cc:108) Average like for this file is -55.2893 over 607 frames.
LOG (gmm-acc-mllt[5.5.907~1-cbed4]:main():gmm-acc-mllt.cc:108) Average like for this file is -56.1967 over 621 frames.
LOG (gmm-acc-mllt[5.5.907~1-cbed4]:main():gmm-acc-mllt.cc:108) Average like for this file is -55.5697 over 442 frames.
LOG (gmm-acc-mllt[5.5.907~1-cbed4]:main():gmm-acc-mllt.cc:108) Average like for this file is -55.6389 over 433 frames.
LOG (gmm-acc-mllt[5.5.907~1-cbed4]:main():gmm-acc-mllt.cc:108) Average like for this file is -56.0448 over 417 frames.
LOG (gmm-acc-mllt[5.5.907~1-cbed4]:main():gmm-acc-mllt.cc:108) Average like for this file is -54.6479 over 491 frames.
LOG (gmm-acc-mllt[5.5.907~1-cbed4]:main():gmm-acc-mllt.cc:114) Avg like per frame so far is -56.2627
LOG (gmm-acc-mllt[5.5.907~1-cbed4]:main():gmm-acc-mllt.cc:108) Average like for this file is -59.2862 over 279 frames.
LOG (gmm-acc-mllt[5.5.907~1-cbed4]:main():gmm-acc-mllt.cc:108) Average like for this file is -56.3607 over 447 frames.
LOG (gmm-acc-mllt[5.5.907~1-cbed4]:main():gmm-acc-mllt.cc:108) Average like for this file is -58.1426 over 552 frames.
LOG (gmm-acc-mllt[5.5.907~1-cbed4]:main():gmm-acc-mllt.cc:108) Average like for this file is -59.8363 over 439 frames.
LOG (gmm-acc-mllt[5.5.907~1-cbed4]:main():gmm-acc-mllt.cc:108) Average like for this file is -58.3109 over 558 frames.
LOG (gmm-acc-mllt[5.5.907~1-cbed4]:main():gmm-acc-mllt.cc:108) Average like for this file is -61.1684 over 490 frames.
LOG (gmm-acc-mllt[5.5.907~1-cbed4]:main():gmm-acc-mllt.cc:108) Average like for this file is -57.4806 over 407 frames.
LOG (gmm-acc-mllt[5.5.907~1-cbed4]:main():gmm-acc-mllt.cc:108) Average like for this file is -61.0993 over 434 frames.
LOG (gmm-acc-mllt[5.5.907~1-cbed4]:main():gmm-acc-mllt.cc:108) Average like for this file is -58.1766 over 342 frames.
LOG (gmm-acc-mllt[5.5.907~1-cbed4]:main():gmm-acc-mllt.cc:108) Average like for this file is -56.9532 over 525 frames.
LOG (gmm-acc-mllt[5.5.907~1-cbed4]:main():gmm-acc-mllt.cc:114) Avg like per frame so far is -56.3013
LOG (gmm-acc-mllt[5.5.907~1-cbed4]:main():gmm-acc-mllt.cc:108) Average like for this file is -56.6343 over 465 frames.
LOG (gmm-acc-mllt[5.5.907~1-cbed4]:main():gmm-acc-mllt.cc:108) Average like for this file is -59.8083 over 491 frames.
LOG (gmm-acc-mllt[5.5.907~1-cbed4]:main():gmm-acc-mllt.cc:108) Average like for this file is -56.5648 over 711 frames.
LOG (gmm-acc-mllt[5.5.907~1-cbed4]:main():gmm-acc-mllt.cc:108) Average like for this file is -57.9849 over 621 frames.
LOG (gmm-acc-mllt[5.5.907~1-cbed4]:main():gmm-acc-mllt.cc:108) Average like for this file is -60.4937 over 478 frames.
LOG (gmm-acc-mllt[5.5.907~1-cbed4]:main():gmm-acc-mllt.cc:108) Average like for this file is -56.2283 over 634 frames.
LOG (gmm-acc-mllt[5.5.907~1-cbed4]:main():gmm-acc-mllt.cc:108) Average like for this file is -57.8578 over 502 frames.
LOG (gmm-acc-mllt[5.5.907~1-cbed4]:main():gmm-acc-mllt.cc:108) Average like for this file is -56.3244 over 712 frames.
LOG (gmm-acc-mllt[5.5.907~1-cbed4]:main():gmm-acc-mllt.cc:108) Average like for this file is -60.6613 over 314 frames.
LOG (gmm-acc-mllt[5.5.907~1-cbed4]:main():gmm-acc-mllt.cc:108) Average like for this file is -59.0453 over 701 frames.
LOG (gmm-acc-mllt[5.5.907~1-cbed4]:main():gmm-acc-mllt.cc:114) Avg like per frame so far is -56.3337
LOG (gmm-acc-mllt[5.5.907~1-cbed4]:main():gmm-acc-mllt.cc:108) Average like for this file is -60.2586 over 363 frames.
LOG (gmm-acc-mllt[5.5.907~1-cbed4]:main():gmm-acc-mllt.cc:108) Average like for this file is -59.2873 over 441 frames.
LOG (gmm-acc-mllt[5.5.907~1-cbed4]:main():gmm-acc-mllt.cc:108) Average like for this file is -58.0964 over 473 frames.
LOG (gmm-acc-mllt[5.5.907~1-cbed4]:main():gmm-acc-mllt.cc:108) Average like for this file is -59.1809 over 755 frames.
LOG (gmm-acc-mllt[5.5.907~1-cbed4]:main():gmm-acc-mllt.cc:108) Average like for this file is -57.8607 over 756 frames.
LOG (gmm-acc-mllt[5.5.907~1-cbed4]:main():gmm-acc-mllt.cc:108) Average like for this file is -58.5267 over 538 frames.
LOG (gmm-acc-mllt[5.5.907~1-cbed4]:main():gmm-acc-mllt.cc:108) Average like for this file is -58.9227 over 524 frames.
LOG (gmm-acc-mllt[5.5.907~1-cbed4]:main():gmm-acc-mllt.cc:108) Average like for this file is -57.4791 over 534 frames.
LOG (gmm-acc-mllt[5.5.907~1-cbed4]:main():gmm-acc-mllt.cc:108) Average like for this file is -57.6719 over 726 frames.
LOG (gmm-acc-mllt[5.5.907~1-cbed4]:main():gmm-acc-mllt.cc:108) Average like for this file is -53.5996 over 478 frames.
LOG (gmm-acc-mllt[5.5.907~1-cbed4]:main():gmm-acc-mllt.cc:114) Avg like per frame so far is -56.3674
LOG (gmm-acc-mllt[5.5.907~1-cbed4]:main():gmm-acc-mllt.cc:108) Average like for this file is -56.1678 over 530 frames.
LOG (gmm-acc-mllt[5.5.907~1-cbed4]:main():gmm-acc-mllt.cc:108) Average like for this file is -56.028 over 677 frames.
LOG (gmm-acc-mllt[5.5.907~1-cbed4]:main():gmm-acc-mllt.cc:108) Average like for this file is -56.9824 over 724 frames.
LOG (gmm-acc-mllt[5.5.907~1-cbed4]:main():gmm-acc-mllt.cc:108) Average like for this file is -55.9514 over 533 frames.
LOG (gmm-acc-mllt[5.5.907~1-cbed4]:main():gmm-acc-mllt.cc:108) Average like for this file is -54.446 over 519 frames.
LOG (gmm-acc-mllt[5.5.907~1-cbed4]:main():gmm-acc-mllt.cc:108) Average like for this file is -54.1149 over 522 frames.
LOG (gmm-acc-mllt[5.5.907~1-cbed4]:main():gmm-acc-mllt.cc:108) Average like for this file is -55.6228 over 803 frames.
LOG (gmm-acc-mllt[5.5.907~1-cbed4]:main():gmm-acc-mllt.cc:108) Average like for this file is -55.3526 over 443 frames.
LOG (gmm-acc-mllt[5.5.907~1-cbed4]:main():gmm-acc-mllt.cc:108) Average like for this file is -55.3697 over 500 frames.
LOG (gmm-acc-mllt[5.5.907~1-cbed4]:main():gmm-acc-mllt.cc:108) Average like for this file is -54.2359 over 647 frames.
LOG (gmm-acc-mllt[5.5.907~1-cbed4]:main():gmm-acc-mllt.cc:114) Avg like per frame so far is -56.3496
LOG (gmm-acc-mllt[5.5.907~1-cbed4]:main():gmm-acc-mllt.cc:108) Average like for this file is -54.9756 over 518 frames.
LOG (gmm-acc-mllt[5.5.907~1-cbed4]:main():gmm-acc-mllt.cc:108) Average like for this file is -55.0072 over 645 frames.
LOG (gmm-acc-mllt[5.5.907~1-cbed4]:main():gmm-acc-mllt.cc:108) Average like for this file is -56.1859 over 486 frames.
LOG (gmm-acc-mllt[5.5.907~1-cbed4]:main():gmm-acc-mllt.cc:108) Average like for this file is -53.7198 over 454 frames.
LOG (gmm-acc-mllt[5.5.907~1-cbed4]:main():gmm-acc-mllt.cc:108) Average like for this file is -56.0951 over 445 frames.
LOG (gmm-acc-mllt[5.5.907~1-cbed4]:main():gmm-acc-mllt.cc:108) Average like for this file is -54.6938 over 541 frames.
LOG (gmm-acc-mllt[5.5.907~1-cbed4]:main():gmm-acc-mllt.cc:108) Average like for this file is -58.3668 over 454 frames.
LOG (gmm-acc-mllt[5.5.907~1-cbed4]:main():gmm-acc-mllt.cc:108) Average like for this file is -57.8108 over 331 frames.
LOG (gmm-acc-mllt[5.5.907~1-cbed4]:main():gmm-acc-mllt.cc:108) Average like for this file is -54.4542 over 475 frames.
LOG (gmm-acc-mllt[5.5.907~1-cbed4]:main():gmm-acc-mllt.cc:108) Average like for this file is -56.1185 over 593 frames.
LOG (gmm-acc-mllt[5.5.907~1-cbed4]:main():gmm-acc-mllt.cc:114) Avg like per frame so far is -56.3379
LOG (gmm-acc-mllt[5.5.907~1-cbed4]:main():gmm-acc-mllt.cc:108) Average like for this file is -54.7489 over 639 frames.
LOG (gmm-acc-mllt[5.5.907~1-cbed4]:main():gmm-acc-mllt.cc:108) Average like for this file is -56.1595 over 452 frames.
LOG (gmm-acc-mllt[5.5.907~1-cbed4]:main():gmm-acc-mllt.cc:108) Average like for this file is -54.1335 over 566 frames.
LOG (gmm-acc-mllt[5.5.907~1-cbed4]:main():gmm-acc-mllt.cc:108) Average like for this file is -56.5198 over 451 frames.
LOG (gmm-acc-mllt[5.5.907~1-cbed4]:main():gmm-acc-mllt.cc:108) Average like for this file is -55.3648 over 489 frames.
LOG (gmm-acc-mllt[5.5.907~1-cbed4]:main():gmm-acc-mllt.cc:108) Average like for this file is -56.9219 over 660 frames.
LOG (gmm-acc-mllt[5.5.907~1-cbed4]:main():gmm-acc-mllt.cc:108) Average like for this file is -56.3337 over 554 frames.
LOG (gmm-acc-mllt[5.5.907~1-cbed4]:main():gmm-acc-mllt.cc:108) Average like for this file is -54.8527 over 516 frames.
LOG (gmm-acc-mllt[5.5.907~1-cbed4]:main():gmm-acc-mllt.cc:108) Average like for this file is -55.3664 over 324 frames.
LOG (gmm-acc-mllt[5.5.907~1-cbed4]:main():gmm-acc-mllt.cc:108) Average like for this file is -69.4477 over 588 frames.
LOG (gmm-acc-mllt[5.5.907~1-cbed4]:main():gmm-acc-mllt.cc:114) Avg like per frame so far is -56.352
LOG (gmm-acc-mllt[5.5.907~1-cbed4]:main():gmm-acc-mllt.cc:108) Average like for this file is -71.1775 over 334 frames.
LOG (gmm-acc-mllt[5.5.907~1-cbed4]:main():gmm-acc-mllt.cc:108) Average like for this file is -68.8607 over 520 frames.
LOG (gmm-acc-mllt[5.5.907~1-cbed4]:main():gmm-acc-mllt.cc:108) Average like for this file is -71.3197 over 410 frames.
LOG (gmm-acc-mllt[5.5.907~1-cbed4]:main():gmm-acc-mllt.cc:108) Average like for this file is -69.2051 over 330 frames.
LOG (ali-to-post[5.5.907~1-cbed4]:main():ali-to-post.cc:73) Converted 539 alignments.
LOG (gmm-acc-mllt[5.5.907~1-cbed4]:main():gmm-acc-mllt.cc:108) Average like for this file is -70.75 over 394 frames.
LOG (gmm-acc-mllt[5.5.907~1-cbed4]:main():gmm-acc-mllt.cc:108) Average like for this file is -69.6905 over 419 frames.
LOG (gmm-acc-mllt[5.5.907~1-cbed4]:main():gmm-acc-mllt.cc:108) Average like for this file is -73.8746 over 445 frames.
LOG (gmm-acc-mllt[5.5.907~1-cbed4]:main():gmm-acc-mllt.cc:108) Average like for this file is -74.8109 over 364 frames.
LOG (gmm-acc-mllt[5.5.907~1-cbed4]:main():gmm-acc-mllt.cc:108) Average like for this file is -73.0949 over 438 frames.
LOG (gmm-acc-mllt[5.5.907~1-cbed4]:main():gmm-acc-mllt.cc:108) Average like for this file is -70.3411 over 569 frames.
LOG (gmm-acc-mllt[5.5.907~1-cbed4]:main():gmm-acc-mllt.cc:114) Avg like per frame so far is -56.5562
LOG (gmm-acc-mllt[5.5.907~1-cbed4]:main():gmm-acc-mllt.cc:108) Average like for this file is -73.7404 over 448 frames.
LOG (gmm-acc-mllt[5.5.907~1-cbed4]:main():gmm-acc-mllt.cc:108) Average like for this file is -68.3272 over 481 frames.
LOG (weight-silence-post[5.5.907~1-cbed4]:main():weight-silence-post.cc:95) Done 539 posteriors.
LOG (gmm-acc-mllt[5.5.907~1-cbed4]:main():gmm-acc-mllt.cc:108) Average like for this file is -67.0681 over 605 frames.
LOG (gmm-acc-mllt[5.5.907~1-cbed4]:main():gmm-acc-mllt.cc:108) Average like for this file is -68.878 over 411 frames.
LOG (gmm-acc-mllt[5.5.907~1-cbed4]:main():gmm-acc-mllt.cc:108) Average like for this file is -70.2223 over 400 frames.
LOG (apply-cmvn[5.5.907~1-cbed4]:main():apply-cmvn.cc:162) Applied cepstral mean normalization to 539 utterances, errors on 0
LOG (gmm-acc-mllt[5.5.907~1-cbed4]:main():gmm-acc-mllt.cc:108) Average like for this file is -68.2126 over 504 frames.
LOG (gmm-acc-mllt[5.5.907~1-cbed4]:main():gmm-acc-mllt.cc:108) Average like for this file is -71.2521 over 569 frames.
LOG (gmm-acc-mllt[5.5.907~1-cbed4]:main():gmm-acc-mllt.cc:108) Average like for this file is -71.525 over 426 frames.
LOG (transform-feats[5.5.907~1-cbed4]:main():transform-feats.cc:158) Overall average [pseudo-]logdet is -79.8842 over 404685 frames.
LOG (transform-feats[5.5.907~1-cbed4]:main():transform-feats.cc:161) Applied transform to 539 utterances; 0 had errors.
LOG (gmm-acc-mllt[5.5.907~1-cbed4]:main():gmm-acc-mllt.cc:108) Average like for this file is -66.8371 over 683 frames.
LOG (gmm-acc-mllt[5.5.907~1-cbed4]:main():gmm-acc-mllt.cc:119) Done 539 files, 0 with no posteriors, 0 with other errors.
LOG (gmm-acc-mllt[5.5.907~1-cbed4]:main():gmm-acc-mllt.cc:123) Overall avg like per frame (Gaussian only) = -56.7415 over 312473 frames.
LOG (gmm-acc-mllt[5.5.907~1-cbed4]:main():gmm-acc-mllt.cc:127) Written accs.
# Accounting: time=5 threads=1
# Ended (code 0) at Thu Apr 22 08:54:28 PKT 2021, elapsed time 5 seconds
