# gmm-est --power=0.2 --write-occs=exp/tri4a/22.occs --mix-up=32840 exp/tri4a/21.mdl "gmm-sum-accs - exp/tri4a/21.*.acc |" exp/tri4a/22.mdl 
# Started at Thu Apr 22 14:44:29 PKT 2021
#
gmm-est --power=0.2 --write-occs=exp/tri4a/22.occs --mix-up=32840 exp/tri4a/21.mdl 'gmm-sum-accs - exp/tri4a/21.*.acc |' exp/tri4a/22.mdl 
gmm-sum-accs - exp/tri4a/21.1.acc exp/tri4a/21.2.acc exp/tri4a/21.3.acc 
LOG (gmm-sum-accs[5.5.907~1-cbed4]:main():gmm-sum-accs.cc:63) Summed 3 stats, total count 1.65798e+06, avg like/frame -46.7256
LOG (gmm-sum-accs[5.5.907~1-cbed4]:main():gmm-sum-accs.cc:66) Total count of stats is 1.65798e+06
LOG (gmm-sum-accs[5.5.907~1-cbed4]:main():gmm-sum-accs.cc:67) Written stats to -
LOG (gmm-est[5.5.907~1-cbed4]:MleUpdate():transition-model.cc:528) TransitionModel::Update, objf change is 0 per frame over 1.65798e+06 frames. 
LOG (gmm-est[5.5.907~1-cbed4]:MleUpdate():transition-model.cc:531) 123 probabilities floored, 7092 out of 12641 transition-states skipped due to insuffient data (it is normal to have some skipped.)
LOG (gmm-est[5.5.907~1-cbed4]:main():gmm-est.cc:102) Transition model update: Overall 0 log-like improvement per frame over 1.65798e+06 frames.
WARNING (gmm-est[5.5.907~1-cbed4]:MleDiagGmmUpdate():mle-diag-gmm.cc:365) Gaussian has too little data but not removing it because it is the last Gaussian: i = 0, occ = 0, weight = 1
WARNING (gmm-est[5.5.907~1-cbed4]:MleDiagGmmUpdate():mle-diag-gmm.cc:359) Too little data - removing Gaussian (weight 0.053763, occupation count 10.000000, vector size 40)
WARNING (gmm-est[5.5.907~1-cbed4]:MleDiagGmmUpdate():mle-diag-gmm.cc:365) Gaussian has too little data but not removing it because it is the last Gaussian: i = 0, occ = 1, weight = 1
WARNING (gmm-est[5.5.907~1-cbed4]:MleDiagGmmUpdate():mle-diag-gmm.cc:359) Too little data - removing Gaussian (weight 0.055249, occupation count 9.999999, vector size 40)
WARNING (gmm-est[5.5.907~1-cbed4]:MleDiagGmmUpdate():mle-diag-gmm.cc:359) Too little data - removing Gaussian (weight 0.044418, occupation count 9.061289, vector size 40)
WARNING (gmm-est[5.5.907~1-cbed4]:MleDiagGmmUpdate():mle-diag-gmm.cc:359) Too little data - removing Gaussian (weight 0.062039, occupation count 9.988306, vector size 40)
WARNING (gmm-est[5.5.907~1-cbed4]:MleDiagGmmUpdate():mle-diag-gmm.cc:359) Too little data - removing Gaussian (weight 0.045532, occupation count 9.698221, vector size 40)
WARNING (gmm-est[5.5.907~1-cbed4]:MleDiagGmmUpdate():mle-diag-gmm.cc:359) Too little data - removing Gaussian (weight 0.036258, occupation count 7.577917, vector size 40)
WARNING (gmm-est[5.5.907~1-cbed4]:MleDiagGmmUpdate():mle-diag-gmm.cc:359) Too little data - removing Gaussian (weight 0.072885, occupation count 9.183523, vector size 40)
LOG (gmm-est[5.5.907~1-cbed4]:MleAmDiagGmmUpdate():mle-am-diag-gmm.cc:225) 0 variance elements floored in 0 Gaussians, out of 31421
LOG (gmm-est[5.5.907~1-cbed4]:MleAmDiagGmmUpdate():mle-am-diag-gmm.cc:229) Removed 7 Gaussians due to counts < --min-gaussian-occupancy=10 and --remove-low-count-gaussians=true
LOG (gmm-est[5.5.907~1-cbed4]:main():gmm-est.cc:113) GMM update: Overall 0.0859908 objective function improvement per frame over 1.65798e+06 frames
LOG (gmm-est[5.5.907~1-cbed4]:main():gmm-est.cc:116) GMM update: Overall avg like per frame = -46.7256 over 1.65798e+06 frames.
LOG (gmm-est[5.5.907~1-cbed4]:SplitByCount():am-diag-gmm.cc:116) Split 3184 states with target = 32840, power = 0.2, perturb_factor = 0.01 and min_count = 20, split #Gauss from 31421 to 32860
LOG (gmm-est[5.5.907~1-cbed4]:main():gmm-est.cc:146) Written model to exp/tri4a/22.mdl
# Accounting: time=0 threads=1
# Ended (code 0) at Thu Apr 22 14:44:29 PKT 2021, elapsed time 0 seconds
