# lattice-scale --inv-acoustic-scale=14 "ark:gunzip -c exp/tri1/decode/lat.*.gz|" ark:- | lattice-add-penalty --word-ins-penalty=0.5 ark:- ark:- | lattice-best-path --word-symbol-table=exp/tri1/graph/words.txt ark:- ark,t:- | utils/int2sym.pl -f 2- exp/tri1/graph/words.txt | cat > exp/tri1/decode/scoring_kaldi/penalty_0.5/14.txt 
# Started at Wed Apr 21 06:49:45 PKT 2021
#
lattice-best-path --word-symbol-table=exp/tri1/graph/words.txt ark:- ark,t:- 
lattice-scale --inv-acoustic-scale=14 'ark:gunzip -c exp/tri1/decode/lat.*.gz|' ark:- 
lattice-add-penalty --word-ins-penalty=0.5 ark:- ark:- 
LOG (lattice-best-path[5.5.907~1-cbed4]:main():lattice-best-path.cc:99) For utterance 20030013_601, best cost 210.062 + 5703.19 = 5913.25 over 952 frames.
20030013_601 تو بچیاں کا فوجی کے کارخیر شو میں تھیلی گنگولی کو لیلی خودسر انگوٹھے پڑھو کو قبول کرنے ہے 
LOG (lattice-best-path[5.5.907~1-cbed4]:main():lattice-best-path.cc:99) For utterance 20030013_602, best cost 272.228 + 7288.77 = 7560.99 over 1201 frames.
20030013_602 دلوں رفو آئیوڈین کے انار اور کھلے پر رکھے ہوے لڑائی کی لو قریشی آلود کے کے تو گرہیں کرنے کی شرکت سے آرزوئیں ہے 
LOG (lattice-best-path[5.5.907~1-cbed4]:main():lattice-best-path.cc:99) For utterance 20030013_603, best cost 214.539 + 5330.61 = 5545.15 over 875 frames.
20030013_603 شمسی ابھر اور نزلے کی گداز کے رہتے عمل پر بڈھا قدرتی نے بےقصور پر کر رم میں چاول دیئے 
LOG (lattice-best-path[5.5.907~1-cbed4]:main():lattice-best-path.cc:99) For utterance 20030013_604, best cost 200.628 + 5427.33 = 5627.96 over 920 frames.
20030013_604 ستھرے نے نائب لیچی داؤ گیدڑ پر پڑی تو کہا سے دوچار ہے کہ گھس کن آخری اٹھائے 
LOG (lattice-best-path[5.5.907~1-cbed4]:main():lattice-best-path.cc:99) For utterance 20030013_605, best cost 135.108 + 3599.11 = 3734.22 over 606 frames.
20030013_605 سول کر شبہ ہجوں کیفے شیر میں رول کر داخل دیتا 
LOG (lattice-best-path[5.5.907~1-cbed4]:main():lattice-best-path.cc:99) For utterance 20030013_606, best cost 168.547 + 3847.91 = 4016.46 over 638 frames.
20030013_606 نسرین کے دماغی میں بلوں ورک سے کی اس منڈیوں کے کا کو اس کی بڑی عزیز ہے 
LOG (lattice-best-path[5.5.907~1-cbed4]:main():lattice-best-path.cc:99) For utterance 20030013_607, best cost 109.856 + 2675.08 = 2784.94 over 440 frames.
20030013_607 افضل کے کی منفعت کی دبایا گھمبیر ناغہ نہیں سے ہے 
LOG (lattice-best-path[5.5.907~1-cbed4]:main():lattice-best-path.cc:99) For utterance 20030013_608, best cost 165.806 + 4610.11 = 4775.92 over 798 frames.
20030013_608 کو کے کے بو ڈیم اور کو خرچ کا ڈام چست جانے کیونکہ ان تو ہو گی 
LOG (lattice-best-path[5.5.907~1-cbed4]:main():lattice-best-path.cc:99) For utterance 20030013_609, best cost 188.451 + 3918.84 = 4107.29 over 651 frames.
20030013_609 فلیش ان میں محلوں مقدار مگر مشق نقرس اور نکالیں اور کی ستھرے زور کا تصحیح یا کیا 
LOG (lattice-best-path[5.5.907~1-cbed4]:main():lattice-best-path.cc:99) For utterance 20030013_610, best cost 162.948 + 4784.05 = 4947 over 792 frames.
20030013_610 موثر ایجنسیوں کا افیون کی وومن بَلّا نیچے کی طرف سے وعدے یا تساہل ہے 
LOG (lattice-best-path[5.5.907~1-cbed4]:main():lattice-best-path.cc:99) For utterance 20030013_611, best cost 150.265 + 3519.53 = 3669.79 over 580 frames.
20030013_611 گذر پہنے بلاخوف کر نیگیٹو دواؤں کو پر بردار کی ہوم کے ساتھ کھلے 
LOG (lattice-best-path[5.5.907~1-cbed4]:main():lattice-best-path.cc:99) For utterance 20030013_612, best cost 173.943 + 4926.27 = 5100.21 over 804 frames.
20030013_612 تبدیلیاں ڈیلیوری جس سے نکالیں بیورو ہجرت سفر کو قوت کی بیوی چَھپ کو ہے 
LOG (lattice-best-path[5.5.907~1-cbed4]:main():lattice-best-path.cc:99) For utterance 20030013_613, best cost 91.6231 + 2531.72 = 2623.35 over 414 frames.
20030013_613 خیام پر ڈاکوؤں ستھرے کولسری علیحدہ کہا 
LOG (lattice-best-path[5.5.907~1-cbed4]:main():lattice-best-path.cc:99) For utterance 20030013_614, best cost 125.08 + 3224.62 = 3349.7 over 523 frames.
20030013_614 حدود پھیلیں میں ریچھوں کے گائیوں کے ساتھ کمرے بغیر سن کر دیا 
LOG (lattice-best-path[5.5.907~1-cbed4]:main():lattice-best-path.cc:99) For utterance 20030013_615, best cost 247.383 + 6489.17 = 6736.56 over 1105 frames.
20030013_615 ہدایت کا شہزادی میں بلی چھم اونس اجازت گوبر لوث کرتے ہوئے جوگی خان مان کی ڈیلیوری میں گوبر ہیڈ بڑھائے 
LOG (lattice-best-path[5.5.907~1-cbed4]:main():lattice-best-path.cc:99) For utterance 20030013_616, best cost 237.736 + 5905.67 = 6143.4 over 977 frames.
20030013_616 تاجور فارورڈ نے سدھ فون اور وزن کو فاروق عرضداشت کر کیسی زدہ سب و کی مؤخر کا حلف اشجار کیا 
LOG (lattice-best-path[5.5.907~1-cbed4]:main():lattice-best-path.cc:99) For utterance 20030013_617, best cost 172.581 + 3765.11 = 3937.69 over 632 frames.
20030013_617 کمرے پر پڑے سوکھ سے خود چوم میں کھیلوں کو عابد اسے کر پیدا اس میں لگا 
LOG (lattice-best-path[5.5.907~1-cbed4]:main():lattice-best-path.cc:99) For utterance 20030013_618, best cost 182.571 + 4476.38 = 4658.95 over 734 frames.
20030013_618 کاربن کمرے سے روشنی آسمان کی والے آکر ساگر نے ہمجولیوں کے بعد اس کی صیاد کیا ہے 
LOG (lattice-best-path[5.5.907~1-cbed4]:main():lattice-best-path.cc:99) For utterance 20030013_619, best cost 93.3757 + 2690.39 = 2783.76 over 440 frames.
20030013_619 زہریلی ترجیحات مدغم کرنے کا جوڈیشری جا ہے 
LOG (lattice-best-path[5.5.907~1-cbed4]:main():lattice-best-path.cc:99) For utterance 20030013_620, best cost 204.978 + 5339.55 = 5544.52 over 900 frames.
20030013_620 جیون اداروں کے بولوں کو کروں میں سموئے اور اور دھیرے مغفور و پر پرجوش گاؤں کی تیار یقین 
LOG (lattice-best-path[5.5.907~1-cbed4]:main():lattice-best-path.cc:99) For utterance 20030013_621, best cost 179.449 + 4690.94 = 4870.39 over 779 frames.
20030013_621 اجاگر گئی چاشنی نے اور کر سوجن گہماگہمی دن مفلس اچاٹ نواز نے میں ڈیل کی 
LOG (lattice-best-path[5.5.907~1-cbed4]:main():lattice-best-path.cc:99) For utterance 20030013_622, best cost 180.414 + 3960.01 = 4140.43 over 657 frames.
20030013_622 کوچے ریوڑ میں میں ڈار ٹریفک کرے کر جان ہما رسیدہ بھیجیں فارورڈ میں سے گزری 
LOG (lattice-best-path[5.5.907~1-cbed4]:main():lattice-best-path.cc:99) For utterance 20030013_623, best cost 127.542 + 3423.41 = 3550.95 over 574 frames.
20030013_623 بینک راجن کر دب منافعوں سوگوار سامعین ہمیشہ بے گیا 
LOG (lattice-best-path[5.5.907~1-cbed4]:main():lattice-best-path.cc:99) For utterance 20030013_624, best cost 190.965 + 5107.21 = 5298.17 over 811 frames.
20030013_624 مفاد سیر کے مدفون میں کے لیے سے حفاظ اور اخبار رفو وجود انجکشن کیلئے مخبری شوروم تھا 
LOG (lattice-best-path[5.5.907~1-cbed4]:main():lattice-best-path.cc:99) For utterance 20030013_625, best cost 174.541 + 4363.28 = 4537.82 over 696 frames.
20030013_625 نیو لیکن ضائع بلکہ کے کی حاجی قدرے لے کر ڈگری زیور کے مواد کے کو گیا 
LOG (lattice-best-path[5.5.907~1-cbed4]:main():lattice-best-path.cc:99) For utterance 20030013_626, best cost 113.254 + 2626 = 2739.25 over 420 frames.
20030013_626 وم کوش میں کو مولوی عیادت مندری الحاج سمجھا 
LOG (lattice-best-path[5.5.907~1-cbed4]:main():lattice-best-path.cc:99) For utterance 20030013_627, best cost 177.683 + 5543.47 = 5721.15 over 926 frames.
20030013_627 چھلکا خیر ہمارے کے نامور کے حال نامی سے والوں کے دو کو میں میں باران گیا 
LOG (lattice-best-path[5.5.907~1-cbed4]:main():lattice-best-path.cc:99) For utterance 20030013_628, best cost 171.74 + 3906.3 = 4078.04 over 644 frames.
20030013_628 لو مجید اپنے لگانے کیلئے بیٹھی ٹرین نہیں میں کو لومڑی خوشی یاں مغفور دی 
LOG (lattice-best-path[5.5.907~1-cbed4]:main():lattice-best-path.cc:99) For utterance 20030013_629, best cost 197.709 + 5382.4 = 5580.11 over 894 frames.
20030013_629 کے کیریو ہوش والوں کے آؤ خول نے فی علاوہ بروز انیق نے مردوں کا ہے کا بھیج کر آیا 
LOG (lattice-best-path[5.5.907~1-cbed4]:main():lattice-best-path.cc:99) For utterance 20030013_630, best cost 159.078 + 3829.63 = 3988.71 over 606 frames.
20030013_630 ایام ضلع نے نجی بسیار میں آکر بیچے مارشل چھین سے خان کے کر لائے 
LOG (lattice-best-path[5.5.907~1-cbed4]:main():lattice-best-path.cc:99) For utterance 20030013_631, best cost 188.452 + 5292.85 = 5481.3 over 843 frames.
20030013_631 سیاسی سکواڈرن ڈار ہیڈ نے وقف اگرچہ فلڈ رکھنے کے کوسموس امور کر جھالر ادارے 
LOG (lattice-best-path[5.5.907~1-cbed4]:main():lattice-best-path.cc:99) For utterance 20030013_632, best cost 224.261 + 6059.98 = 6284.24 over 1009 frames.
20030013_632 اس نیچی جانے کہا کے روہی کے کی حجت چوروں اور بیڑیاں میں بھجوا کر پرجوش اور رسوائی جوے بغیر ہوئے 
LOG (lattice-best-path[5.5.907~1-cbed4]:main():lattice-best-path.cc:99) For utterance 20030013_633, best cost 211.998 + 5609.35 = 5821.35 over 913 frames.
20030013_633 قیصر نام کے بردار میں تخیّل کیلئے نیلگوں بھینسیں اور فیچر کی سارز ایکسیئن سخت سوئمنگ کے لیے کیجیے 
LOG (lattice-best-path[5.5.907~1-cbed4]:main():lattice-best-path.cc:99) For utterance 20030013_634, best cost 129.56 + 3057.7 = 3187.26 over 497 frames.
20030013_634 کو نیشن اریگیشن وجدان کیلئے روغن یقین آکر بن کر کر لائے 
LOG (lattice-best-path[5.5.907~1-cbed4]:main():lattice-best-path.cc:99) For utterance 20030013_635, best cost 205.051 + 4543.73 = 4748.78 over 734 frames.
20030013_635 خاص مٹھل کو قندیل عام آؤٹ میں بیٹھ نے اور تعلیم عمل طرف نے یاں سے کیسز فولاد کریں 
LOG (lattice-best-path[5.5.907~1-cbed4]:main():lattice-best-path.cc:99) For utterance 20030013_636, best cost 152.209 + 3996.17 = 4148.38 over 657 frames.
20030013_636 قم اور خشوع ان کی جوڈیشری خدشہ ہونے سے وجہ کا تو اور افورڈ ہوا 
LOG (lattice-best-path[5.5.907~1-cbed4]:main():lattice-best-path.cc:99) For utterance 20030013_637, best cost 167.889 + 4228.88 = 4396.77 over 696 frames.
20030013_637 اس خواہش جماعت میں غوث کر رم نیلم ہوتی کی ٹریلر سے ماڈل کھیل ہوئی 
LOG (lattice-best-path[5.5.907~1-cbed4]:main():lattice-best-path.cc:99) For utterance 20030013_638, best cost 171.663 + 4561.98 = 4733.65 over 760 frames.
20030013_638 گانٹھوں گوجر کی شیڈول اور میں انہیں صورت اور کوٹھڑی کو ترچھی کے علاقے جج دیں 
LOG (lattice-best-path[5.5.907~1-cbed4]:main():lattice-best-path.cc:99) For utterance 20030013_639, best cost 190.041 + 5234.35 = 5424.39 over 868 frames.
20030013_639 کر کے دفتر میں تو کے دل سے تجویز قیصر دینا بقیہ اور کر سارز سیکھیں ڈبو چکھیں 
LOG (lattice-best-path[5.5.907~1-cbed4]:main():lattice-best-path.cc:99) For utterance 20030013_640, best cost 187.295 + 4734.04 = 4921.33 over 760 frames.
20030013_640 کا کے نیو نظر بیٹھی کیا ریسرچ کی نے پیسنے کونسل کے شعاع لگاتا چوری کوچ لایا 
LOG (lattice-best-path[5.5.907~1-cbed4]:main():lattice-best-path.cc:99) For utterance 20030013_641, best cost 131.752 + 2973.98 = 3105.73 over 465 frames.
20030013_641 کو حوض ایلیمنٹری شروع کو کی آتی کا تھیسس ٹھاکر ونگ صدیقی 
LOG (lattice-best-path[5.5.907~1-cbed4]:main():lattice-best-path.cc:99) For utterance 20030013_642, best cost 132.732 + 3648.14 = 3780.87 over 574 frames.
20030013_642 کر فوم کے کر کی میں جیسی کے سزا سے نفوذ کی راہو کی 
LOG (lattice-best-path[5.5.907~1-cbed4]:main():lattice-best-path.cc:99) For utterance 20030013_643, best cost 148.116 + 4637.49 = 4785.61 over 734 frames.
20030013_643 خوفزدہ دلفریب و الحاج اعظم بہائیں اور کو گیراج سے ضائع کلیرنس ہے 
LOG (lattice-best-path[5.5.907~1-cbed4]:main():lattice-best-path.cc:99) For utterance 20030013_644, best cost 171.623 + 4421.48 = 4593.1 over 683 frames.
20030013_644 ہجے لیدر سے درخور پرویا اور سے رغبت شعری کیسی انٹرفیس کھلیں ڈگر کے گے 
LOG (lattice-best-path[5.5.907~1-cbed4]:main():lattice-best-path.cc:99) For utterance 20030013_645, best cost 160.843 + 3715.43 = 3876.28 over 580 frames.
20030013_645 میئر اور گریڈ کھیلتے دولت ایثار گروتھ و صدر کرنے کی کا آشنا تیرے ہے 
LOG (lattice-best-path[5.5.907~1-cbed4]:main():lattice-best-path.cc:99) For utterance 20030013_646, best cost 136.85 + 3813.73 = 3950.58 over 587 frames.
20030013_646 سالگرہ کو دوسرا چبھنے کے بعد داؤد اعلان میں برابر سانولے آئی 
LOG (lattice-best-path[5.5.907~1-cbed4]:main():lattice-best-path.cc:99) For utterance 20030013_647, best cost 108.741 + 2921.01 = 3029.75 over 452 frames.
20030013_647 منظر گرفتار عزیز ہونے چھور کر و کرائی 
LOG (lattice-best-path[5.5.907~1-cbed4]:main():lattice-best-path.cc:99) For utterance 20030013_648, best cost 108.324 + 2829.18 = 2937.5 over 440 frames.
20030013_648 میلے میں دودھیا جارج تلاش فجر کے لیے کرا تھا 
LOG (lattice-best-path[5.5.907~1-cbed4]:main():lattice-best-path.cc:99) For utterance 20030013_649, best cost 133.048 + 3804.51 = 3937.56 over 600 frames.
20030013_649 حقوق کو کے بسر کے بیلٹ میں کے بعد تعالی کر ٹریلر آئیے 
LOG (lattice-best-path[5.5.907~1-cbed4]:main():lattice-best-path.cc:99) For utterance 20030013_650, best cost 154.647 + 4296.07 = 4450.72 over 670 frames.
20030013_650 خدشے اعزاز انستھیزیا دس آدمی ذوالجناح کیا قرار گیراج تجویز لذت 
LOG (lattice-best-path[5.5.907~1-cbed4]:main():lattice-best-path.cc:99) For utterance 20030013_651, best cost 125.808 + 3451.12 = 3576.92 over 548 frames.
20030013_651 اور حویلی مرچوں کی دھوبی کر کے بنے سے پھیلیں صوفی کی 
LOG (lattice-best-path[5.5.907~1-cbed4]:main():lattice-best-path.cc:99) For utterance 20030013_652, best cost 170.244 + 4421.38 = 4591.62 over 696 frames.
20030013_652 ایفروایشین کیجیے لیدر کئی اور لکھو ٹرین اور لگے کا کوڈ کے سگھڑ تک اوچھے 
LOG (lattice-best-path[5.5.907~1-cbed4]:main():lattice-best-path.cc:99) For utterance 20030013_653, best cost 125.482 + 3776.36 = 3901.84 over 600 frames.
20030013_653 وغیرہ ڈسکوری تندہی کر زیر کے ٹریجڈی عزت روز ہوا 
LOG (lattice-best-path[5.5.907~1-cbed4]:main():lattice-best-path.cc:99) For utterance 20030013_654, best cost 168.932 + 4652.78 = 4821.71 over 734 frames.
20030013_654 کر دیے اور فیشن جیسی اسجد جوے اور ان سے سیو اور کے نے کر میں ستھرے 
LOG (lattice-best-path[5.5.907~1-cbed4]:main():lattice-best-path.cc:99) For utterance 20030013_655, best cost 113.088 + 3787.81 = 3900.9 over 600 frames.
20030013_655 نام بقیہ چھائی و ٹریلر اور جانے کر بیشتر 
LOG (lattice-best-path[5.5.907~1-cbed4]:main():lattice-best-path.cc:99) For utterance 20030013_656, best cost 158.966 + 4640.7 = 4799.67 over 734 frames.
20030013_656 بیضے سے زیر بلند عارضی ہیڈ بظاہر اور سوئے مرجھا لگے کس کریں 
LOG (lattice-best-path[5.5.907~1-cbed4]:main():lattice-best-path.cc:99) For utterance 20030013_657, best cost 117.655 + 3352.66 = 3470.31 over 542 frames.
20030013_657 ساگر افضل ذہن کی کیفے کردار کے اسے معطل نہیں 
LOG (lattice-best-path[5.5.907~1-cbed4]:main():lattice-best-path.cc:99) For utterance 20030013_658, best cost 116.648 + 3560.23 = 3676.87 over 561 frames.
20030013_658 ریزرو اور کا میں پر کی ہوئی بھیس کی بسر ہزارویں 
LOG (lattice-best-path[5.5.907~1-cbed4]:main():lattice-best-path.cc:99) For utterance 20030013_659, best cost 164.909 + 3983.88 = 4148.79 over 619 frames.
20030013_659 میلسوی گود کر سزائیں اور گوڈی ذادہ خون غوروخوض فگار کوئلے کر سوئے 
LOG (lattice-best-path[5.5.907~1-cbed4]:main():lattice-best-path.cc:99) For utterance 20030013_660, best cost 71.2307 + 2488.4 = 2559.63 over 401 frames.
20030013_660 کبوتر کے بوگس لومیرج دوسرا 
LOG (lattice-best-path[5.5.907~1-cbed4]:main():lattice-best-path.cc:99) For utterance 20030013_661, best cost 105.091 + 2614.15 = 2719.24 over 427 frames.
20030013_661 اگر لینے کیلئے ٹشو برابر کر کہا کر کروائیں 
LOG (lattice-best-path[5.5.907~1-cbed4]:main():lattice-best-path.cc:99) For utterance 20030013_662, best cost 118.729 + 3300.29 = 3419.02 over 529 frames.
20030013_662 کا ڈیل جوگی عدلیہ چلے دس تجارت کے تجزیہ کرے 
LOG (lattice-best-path[5.5.907~1-cbed4]:main():lattice-best-path.cc:99) For utterance 20030013_663, best cost 150.16 + 4660.61 = 4810.77 over 753 frames.
20030013_663 کی رونے جہاں چار متوفی ابصار کی کھیلتے کی کر ریلیز وقوف ہوئی 
LOG (lattice-best-path[5.5.907~1-cbed4]:main():lattice-best-path.cc:99) For utterance 20030013_664, best cost 183.297 + 4437.43 = 4620.73 over 715 frames.
20030013_664 والا سیاح ہے کہ پر ریاض چلنے دائیں ندوی لے کر زود متحرک سے کر بگڑ ہو گئی 
LOG (lattice-best-path[5.5.907~1-cbed4]:main():lattice-best-path.cc:99) For utterance 20030013_665, best cost 102.83 + 3042.07 = 3144.9 over 484 frames.
20030013_665 حیثیت ازالہ ریلیز تیرے سیریز ایگلز بغیر ہوا 
LOG (lattice-best-path[5.5.907~1-cbed4]:main():lattice-best-path.cc:99) For utterance 20030013_666, best cost 137.244 + 3347.01 = 3484.25 over 529 frames.
20030013_666 درجے ہوے آغوش سے لنگر ہم کا وعدہ ضلع خیر ضروری گے 
LOG (lattice-best-path[5.5.907~1-cbed4]:main():lattice-best-path.cc:99) For utterance 20030013_667, best cost 106.742 + 3239.27 = 3346.01 over 504 frames.
20030013_667 ڈیلیوری گیدڑ سیکشن کے روضے کی کوٹھی بسر ہوئی 
LOG (lattice-best-path[5.5.907~1-cbed4]:main():lattice-best-path.cc:99) For utterance 20030013_668, best cost 168.885 + 4798.77 = 4967.66 over 747 frames.
20030013_668 سانولے روہی کے بڑے معرض چونکا پیش لارا گیارہ فیاض سے جاوید لگا 
LOG (lattice-best-path[5.5.907~1-cbed4]:main():lattice-best-path.cc:99) For utterance 20030013_669, best cost 137.438 + 3549.9 = 3687.34 over 548 frames.
20030013_669 عرف سزا لو فلم فورس نیگیٹو گذر کیلئے لیزر بورڈر دیا 
LOG (lattice-best-path[5.5.907~1-cbed4]:main():lattice-best-path.cc:99) For utterance 20030013_670, best cost 129.471 + 3520.43 = 3649.9 over 574 frames.
20030013_670 روضے کا آخری اشرف ہے قیصر توقع بوڑھوں کر کا لو 
LOG (lattice-best-path[5.5.907~1-cbed4]:main():lattice-best-path.cc:99) For utterance 20030013_671, best cost 182.068 + 4999.38 = 5181.45 over 772 frames.
20030013_671 اس عزت استحصالی گڑیا نکال ذوق فورس بقول کے سقوط جوبلی مدہوش اور دیا جاؤ 
LOG (lattice-best-path[5.5.907~1-cbed4]:main():lattice-best-path.cc:99) For utterance 20030013_672, best cost 125.896 + 4096.33 = 4222.23 over 632 frames.
20030013_672 انٹیلیجینس نظر ہمسفر کاربن سربراہ خوفزدہ ضلع کھلکھلا ہے 
LOG (lattice-best-path[5.5.907~1-cbed4]:main():lattice-best-path.cc:99) For utterance 20030013_673, best cost 109.87 + 3511.11 = 3620.98 over 555 frames.
20030013_673 کرائی کے چاہتے وجود کی نظر کریش پر فعال 
LOG (lattice-best-path[5.5.907~1-cbed4]:main():lattice-best-path.cc:99) For utterance 20030013_674, best cost 161.223 + 5005.94 = 5167.16 over 772 frames.
20030013_674 نقشوں نے پُلوں نہر بھڑک آکر ساگر کر خواتین اوس نے کی کوشش کی 
LOG (lattice-best-path[5.5.907~1-cbed4]:main():lattice-best-path.cc:99) For utterance 20030013_675, best cost 130.1 + 3350.16 = 3480.26 over 529 frames.
20030013_675 پراجیکٹ بنوری کے رویے پر پوچھیں رکھتا فون کرواؤ خوار 
LOG (lattice-best-path[5.5.907~1-cbed4]:main():lattice-best-path.cc:99) For utterance 20030013_676, best cost 133.921 + 3670.14 = 3804.06 over 568 frames.
20030013_676 اپنے رہائشی سیرگاہ نتھی سکول کارخانے روش جڑیں بارونق دی 
LOG (lattice-best-path[5.5.907~1-cbed4]:main():lattice-best-path.cc:99) For utterance 20030013_677, best cost 196.436 + 5813.2 = 6009.64 over 926 frames.
20030013_677 مثال نے ایکویٹی کو کی بولنگ مگر بالغان رخوں گوڈی گوگل گالف کی ہے بلکہ فیڈرل رہا 
LOG (lattice-best-path[5.5.907~1-cbed4]:main():lattice-best-path.cc:99) For utterance 20030013_678, best cost 204.253 + 6192.76 = 6397.01 over 971 frames.
20030013_678 شیرٹن اسہال اور تھیلی کر براؤزر والوں سَیل چرانے کے لیے کر اوجھل خلل سے مشق بیشتر کریں 
LOG (lattice-best-path[5.5.907~1-cbed4]:main():lattice-best-path.cc:99) For utterance 20030013_679, best cost 101.858 + 2836.07 = 2937.93 over 446 frames.
20030013_679 فوری اور لیڈی کر چیلہ رضا ہتھیلی سنچری 
LOG (lattice-best-path[5.5.907~1-cbed4]:main():lattice-best-path.cc:99) For utterance 20030013_680, best cost 170.835 + 4287.27 = 4458.11 over 683 frames.
20030013_680 چوتھی اور تھوڑا گدے ہوے بلڈوزروں ظاہر کا والا برعکس میں میں گھیراؤ خواہ سکتا ہے 
LOG (lattice-best-path[5.5.907~1-cbed4]:main():lattice-best-path.cc:99) For utterance 20030013_681, best cost 161.362 + 3729.63 = 3890.99 over 587 frames.
20030013_681 زدہ سچ رنجش خوگر کی کا رسولی گود اور پر کھچی دھار برس گویا 
LOG (lattice-best-path[5.5.907~1-cbed4]:main():lattice-best-path.cc:99) For utterance 20030013_682, best cost 164.613 + 4695.4 = 4860.01 over 753 frames.
20030013_682 دی اور چولہے کی ہو کر ریگن آ سزا کر بوئے ایک چھور معلوم کیے 
LOG (lattice-best-path[5.5.907~1-cbed4]:main():lattice-best-path.cc:99) For utterance 20030013_683, best cost 135.512 + 4183.6 = 4319.11 over 657 frames.
20030013_683 زیراستعمال ہجر شوکت اینٹھن نیچی پتھری کے حصے نکل گئی 
LOG (lattice-best-path[5.5.907~1-cbed4]:main():lattice-best-path.cc:99) For utterance 20030013_684, best cost 142.866 + 3619.74 = 3762.61 over 593 frames.
20030013_684 میں السی بھول خواری جیٹ کے جیو میں منظور کیریئر غلط ارکان 
LOG (lattice-best-path[5.5.907~1-cbed4]:main():lattice-best-path.cc:99) For utterance 20030013_685, best cost 121.505 + 2767.08 = 2888.59 over 446 frames.
20030013_685 جو خلل دوست جیون چیلہ شیو سیرگاہ سے لنگا دو 
LOG (lattice-best-path[5.5.907~1-cbed4]:main():lattice-best-path.cc:99) For utterance 20030013_686, best cost 173.08 + 4825.66 = 4998.74 over 772 frames.
20030013_686 سوئچ ٹرین کے صرف ایل وی بیشتر سے بلدیاتی میں بھیج کر جوش رفو شوق 
LOG (lattice-best-path[5.5.907~1-cbed4]:main():lattice-best-path.cc:99) For utterance 20030013_687, best cost 193.129 + 4606.46 = 4799.59 over 721 frames.
20030013_687 شوخ سوئس کے بدروح ذاد ایک اولی تو کا گھاگرا سے چیک مارچ کر توجہ منظور کرائی 
LOG (lattice-best-path[5.5.907~1-cbed4]:main():lattice-best-path.cc:99) For utterance 20030013_688, best cost 189.588 + 5211.96 = 5401.55 over 836 frames.
20030013_688 کلی بلکہ چادر بیلچہ کر سے زیور وعدے کی کے دے میں نامور کے پر کرے کا بھیجا 
LOG (lattice-best-path[5.5.907~1-cbed4]:main():lattice-best-path.cc:99) For utterance 20030013_689, best cost 185.663 + 4678.24 = 4863.9 over 753 frames.
20030013_689 وجود اگرچہ ذخیرہ کیا جان اور جو کھول بنائیں اور قوس اور کسے اچھل کر چائے 
LOG (lattice-best-path[5.5.907~1-cbed4]:main():lattice-best-path.cc:99) For utterance 20030013_690, best cost 90.7045 + 2599.98 = 2690.68 over 414 frames.
20030013_690 کھیلتے اداکارائیں کے شبہے کچھوا نہیں جاتی 
LOG (lattice-best-path[5.5.907~1-cbed4]:main():lattice-best-path.cc:99) For utterance 20030013_691, best cost 143.266 + 3664.03 = 3807.3 over 606 frames.
20030013_691 کیسی دلجوئی کیلئے اگرچہ کر گویا اور بیلدار کر مائنڈڈ ملحوظ دیئے 
LOG (lattice-best-path[5.5.907~1-cbed4]:main():lattice-best-path.cc:99) For utterance 20030013_692, best cost 161.395 + 4426.18 = 4587.58 over 721 frames.
20030013_692 مدفون ایثار نے کہا کے میں سے دوچار ہے عفت پڑی کے رہی حادثے لہو 
LOG (lattice-best-path[5.5.907~1-cbed4]:main():lattice-best-path.cc:99) For utterance 20030013_693, best cost 117.77 + 3016.86 = 3134.63 over 491 frames.
20030013_693 میں نے ہر کے تحصیلدار کے بقایا کر گنا کرائی مدعو 
LOG (lattice-best-path[5.5.907~1-cbed4]:main():lattice-best-path.cc:99) For utterance 20030013_694, best cost 156.714 + 3979.52 = 4136.24 over 664 frames.
20030013_694 کر انداز تھوڑا شل شفاعت عرصہ گوجر سے اور سے کی چاقو چوہان بنایا 
LOG (lattice-best-path[5.5.907~1-cbed4]:main():lattice-best-path.cc:99) For utterance 20030013_695, best cost 139.804 + 3414.79 = 3554.6 over 568 frames.
20030013_695 کوئی جانے خدشے جانے گداز مؤخر کے جاؤں تو پانی میں بھول جاؤ 
LOG (lattice-best-path[5.5.907~1-cbed4]:main():lattice-best-path.cc:99) For utterance 20030013_696, best cost 136.423 + 3548.67 = 3685.09 over 593 frames.
20030013_696 کے شیعہ حاصل کیا میں سے کو موصول مسوڑوں کے بنانے کیلئے باران کیا گیا 
LOG (lattice-best-path[5.5.907~1-cbed4]:main():lattice-best-path.cc:99) For utterance 20030013_697, best cost 130.441 + 3006.64 = 3137.08 over 497 frames.
20030013_697 بلوں اور کھاؤ سلسلے لینتھ اندھے غذائی کرنے کا عام اوکھا 
LOG (lattice-best-path[5.5.907~1-cbed4]:main():lattice-best-path.cc:99) For utterance 20030013_698, best cost 128.742 + 4239.91 = 4368.65 over 721 frames.
20030013_698 باران ذاد دوسری انکشاف آ باعث کام جائزہ لینڈ گیا 
LOG (lattice-best-path[5.5.907~1-cbed4]:main():lattice-best-path.cc:99) For utterance 20030013_699, best cost 168.282 + 3716.78 = 3885.06 over 625 frames.
20030013_699 نجات رفیوجی اوس کار کی جھلی میں بظاہر کے ہذیانی دیے اور مزید احمد سوچوں 
LOG (lattice-best-path[5.5.907~1-cbed4]:main():lattice-best-path.cc:99) For utterance 20030013_700, best cost 138.846 + 3595.07 = 3733.91 over 587 frames.
20030013_700 ہوش اور خون کی تخلیق میں تغافل کی سوجھی جھڑک کر منسوخ زور 
LOG (lattice-best-path[5.5.907~1-cbed4]:main():lattice-best-path.cc:99) For utterance 20030013_701, best cost 189.597 + 4327.62 = 4517.22 over 728 frames.
20030013_701 مضمون گاؤن مان گومگو بدل کی چوم اثنا سیسے کنواں کر ماچس صحبتوں کو سمتھ آیا 
LOG (lattice-best-path[5.5.907~1-cbed4]:main():lattice-best-path.cc:99) For utterance 20030013_702, best cost 163.877 + 4047.31 = 4211.19 over 683 frames.
20030013_702 غیر فیصلہ اور گوبر کی دودھ میں ہر ایک کو کاجو نادر باغ شو 
LOG (lattice-best-path[5.5.907~1-cbed4]:main():lattice-best-path.cc:99) For utterance 20030013_703, best cost 123.659 + 2815.97 = 2939.63 over 465 frames.
20030013_703 پہلا ضائع سے تولید کی چھین کے فقروں کاروبار ظاہر کرتا ہے 
LOG (lattice-best-path[5.5.907~1-cbed4]:main():lattice-best-path.cc:99) For utterance 20030013_704, best cost 135.452 + 3951.8 = 4087.26 over 676 frames.
20030013_704 چودہ سیمی سیکشن مزارعین عذاب میں کے انظباتی پیروکار پراسیس ہے 
LOG (lattice-scale[5.5.907~1-cbed4]:main():lattice-scale.cc:107) Done 108 lattices.
LOG (lattice-best-path[5.5.907~1-cbed4]:main():lattice-best-path.cc:99) For utterance 20030013_705, best cost 127.03 + 2953.76 = 3080.79 over 491 frames.
20030013_705 باورچی عذاب قناعت ضروری سجاد پر لاگت کانفرنسوں سے باڑھ گئی 
LOG (lattice-add-penalty[5.5.907~1-cbed4]:main():lattice-add-penalty.cc:62) Done adding word insertion penalty to 108 lattices.
LOG (lattice-best-path[5.5.907~1-cbed4]:main():lattice-best-path.cc:99) For utterance 20030013_706, best cost 93.6772 + 2264.6 = 2358.27 over 363 frames.
20030013_706 ابو سفید اویسی آفریدی کی اقدامات مرچوں 
LOG (lattice-best-path[5.5.907~1-cbed4]:main():lattice-best-path.cc:99) For utterance 20030013_707, best cost 114.78 + 2687.64 = 2802.42 over 452 frames.
20030013_707 ماضی کو بلا ہے ثاقب بڑی دھیمی گناہوں میں نہ کریں 
LOG (lattice-best-path[5.5.907~1-cbed4]:main():lattice-best-path.cc:99) For utterance 20030013_708, best cost 161.604 + 3699.46 = 3861.06 over 606 frames.
20030013_708 مشعر نے سے پہلے برڈ میں نے ملی کچھ کھا رسیدہ خلیفہ اور مشق سمجھا ہے 
LOG (lattice-best-path[5.5.907~1-cbed4]:main():lattice-best-path.cc:124) Overall cost per frame is 6.40584 = 0.233924 [graph] + 6.17192 [acoustic] over 71279 frames.
LOG (lattice-best-path[5.5.907~1-cbed4]:main():lattice-best-path.cc:128) Done 108 lattices, failed for 0
# Accounting: time=2 threads=1
# Ended (code 0) at Wed Apr 21 06:49:47 PKT 2021, elapsed time 2 seconds
