# lattice-scale --inv-acoustic-scale=8 "ark:gunzip -c exp/tri1/decode/lat.*.gz|" ark:- | lattice-add-penalty --word-ins-penalty=0.5 ark:- ark:- | lattice-best-path --word-symbol-table=exp/tri1/graph/words.txt ark:- ark,t:- | utils/int2sym.pl -f 2- exp/tri1/graph/words.txt | cat > exp/tri1/decode/scoring_kaldi/penalty_0.5/8.txt 
# Started at Wed Apr 21 06:49:44 PKT 2021
#
lattice-scale --inv-acoustic-scale=8 'ark:gunzip -c exp/tri1/decode/lat.*.gz|' ark:- 
lattice-best-path --word-symbol-table=exp/tri1/graph/words.txt ark:- ark,t:- 
lattice-add-penalty --word-ins-penalty=0.5 ark:- ark:- 
LOG (lattice-best-path[5.5.907~1-cbed4]:main():lattice-best-path.cc:99) For utterance 20030013_601, best cost 252.621 + 9915.33 = 10167.9 over 952 frames.
20030013_601 رو بچیاں کر فوجی کے طالب ڈیرے شو میں تھیلی لنگر ای کو لیلی خودسر امور کا پڑا و کو قبول کرنے گئے 
LOG (lattice-best-path[5.5.907~1-cbed4]:main():lattice-best-path.cc:99) For utterance 20030013_602, best cost 301.754 + 12716.3 = 13018 over 1201 frames.
20030013_602 دلوں باب کو آئیوڈین کے انار اور کھلے پر رکھے ہوے آڑ آئی کی لو بخشی آلود کے کے گاؤ پر انٹر نے کی شیو تک سے آرزوئیں ہے 
LOG (lattice-best-path[5.5.907~1-cbed4]:main():lattice-best-path.cc:99) For utterance 20030013_603, best cost 257.258 + 9270.34 = 9527.6 over 875 frames.
20030013_603 شمسی ابھر اور نزلے کی کی بڑا اس کے رہتے عمل پر بڈھا وعدہ دیتی نے ڈے کوسوں پر کر رم بھجوا ورک لیے 
LOG (lattice-best-path[5.5.907~1-cbed4]:main():lattice-best-path.cc:99) For utterance 20030013_604, best cost 220.393 + 9470.58 = 9690.97 over 920 frames.
20030013_604 سوجھی مین آئے لیچی داؤ مون گیدڑ پر پڑی تو کہا سے طور چاہے کے گھس کن آخری اٹھائے 
LOG (lattice-best-path[5.5.907~1-cbed4]:main():lattice-best-path.cc:99) For utterance 20030013_605, best cost 165.304 + 6261.19 = 6426.5 over 606 frames.
20030013_605 سول کر شو کو آئے جون کیفے شیر مین رول لوٹ کر داخل دیتا 
LOG (lattice-best-path[5.5.907~1-cbed4]:main():lattice-best-path.cc:99) For utterance 20030013_606, best cost 183.145 + 6713.8 = 6896.94 over 638 frames.
20030013_606 نہ دین کے دماغی میں بلوں ورک سے کی اثنا کیوں کے داغ کو اس کی بڑی عزیز ہے 
LOG (lattice-best-path[5.5.907~1-cbed4]:main():lattice-best-path.cc:99) For utterance 20030013_607, best cost 124.879 + 4660.77 = 4785.65 over 440 frames.
20030013_607 اب سرحد کی منفعت کی دب عام گھمبیر ناغہ نہیں سے ہے 
LOG (lattice-best-path[5.5.907~1-cbed4]:main():lattice-best-path.cc:99) For utterance 20030013_608, best cost 171.376 + 8062.12 = 8233.5 over 798 frames.
20030013_608 کو کے کے بو ڈیم اور کو خرچ کا ڈام چست جانے کی الجھے ان تو ہو گی 
LOG (lattice-best-path[5.5.907~1-cbed4]:main():lattice-best-path.cc:99) For utterance 20030013_609, best cost 202.437 + 6837.28 = 7039.71 over 651 frames.
20030013_609 فلیش ان میں محلوں میت بار مگر مشق نقرس اور نکال حفیظ تو کے چھور کا تصحیح یا کیا 
LOG (lattice-best-path[5.5.907~1-cbed4]:main():lattice-best-path.cc:99) For utterance 20030013_610, best cost 171.728 + 8360.68 = 8532.41 over 792 frames.
20030013_610 موثر اہل ایجنسیوں کا افیون کی وومن بَلّا نیچے کی طرف سے وعدے یا تساہل ہے 
LOG (lattice-best-path[5.5.907~1-cbed4]:main():lattice-best-path.cc:99) For utterance 20030013_611, best cost 165.852 + 6133.8 = 6299.65 over 580 frames.
20030013_611 گذر پہنے دھینگا خوف کر نے کے کے دواؤں کو پر بردار کی ہوم کے ساتھ کھلے 
LOG (lattice-best-path[5.5.907~1-cbed4]:main():lattice-best-path.cc:99) For utterance 20030013_612, best cost 187.879 + 8600.93 = 8788.8 over 804 frames.
20030013_612 تبدیلی اور کی لغو جس سے نکالیں بیورو ہجرت سفر روئیں قوت کی بیوی چَھپ کو ہے 
LOG (lattice-best-path[5.5.907~1-cbed4]:main():lattice-best-path.cc:99) For utterance 20030013_613, best cost 114.082 + 4398.05 = 4512.14 over 414 frames.
20030013_613 خیام پر آپ ٹھونس اور جیل خروش سینئر پیدا کہا 
LOG (lattice-best-path[5.5.907~1-cbed4]:main():lattice-best-path.cc:99) For utterance 20030013_614, best cost 135.498 + 5628.96 = 5764.46 over 523 frames.
20030013_614 حدود پھیلیں میں ریچھوں کے گائیوں کے ساتھ کمرے بغیر سلور کر لیا 
LOG (lattice-best-path[5.5.907~1-cbed4]:main():lattice-best-path.cc:99) For utterance 20030013_615, best cost 258.896 + 11339.1 = 11598 over 1105 frames.
20030013_615 ہدایت کا شہزادی میں بلی چھم اونس اجازت کو بل لوث کرتے ہوئے جوگی خان مان کی ڈیلیوری میں گوبر ہیڈ بڑھ آیا 
LOG (lattice-best-path[5.5.907~1-cbed4]:main():lattice-best-path.cc:99) For utterance 20030013_616, best cost 272.695 + 10283 = 10555.7 over 977 frames.
20030013_616 توجہ عمر ہو وارڈ فٹ نے سدھ فون اور وزن کو فاروق عرضداشت کر کیسی زدہ سب و کی مواد پر کا حلف اشجار کیا 
LOG (lattice-best-path[5.5.907~1-cbed4]:main():lattice-best-path.cc:99) For utterance 20030013_617, best cost 172.581 + 6588.94 = 6761.52 over 632 frames.
20030013_617 کمرے پر پڑے سوکھ سے خود چوم میں کھیلوں کو عابد اسے کر پیدا اس میں لگا 
LOG (lattice-best-path[5.5.907~1-cbed4]:main():lattice-best-path.cc:99) For utterance 20030013_618, best cost 206.013 + 7803.7 = 8009.71 over 734 frames.
20030013_618 فارم ٹینک کمرے سے روشنی آسمان شو والے آکر ساگر نے ہم یا کے بعد اس کی صیاد کیا ہے 
LOG (lattice-best-path[5.5.907~1-cbed4]:main():lattice-best-path.cc:99) For utterance 20030013_619, best cost 140.858 + 4640.05 = 4780.9 over 440 frames.
20030013_619 قے فیری تشبیہ آپ مژدہ بیان کرنے کا جور عید نتیجے یا ہے 
LOG (lattice-best-path[5.5.907~1-cbed4]:main():lattice-best-path.cc:99) For utterance 20030013_620, best cost 241.456 + 9296.35 = 9537.8 over 900 frames.
20030013_620 جیم ان ایف پَلوں کے بولوں کو کروں میں سموئے یا اور دھیرے مغفور و پر پور زور چھاؤں کی تیار یاں کی 
LOG (lattice-best-path[5.5.907~1-cbed4]:main():lattice-best-path.cc:99) For utterance 20030013_621, best cost 205.574 + 8171.13 = 8376.71 over 779 frames.
20030013_621 معجل عدل گئی چاشنی نے اور کر سوجن گہماگہمی دن موڑ بھیس اور چاقو نواز نے میں ڈیل کی 
LOG (lattice-best-path[5.5.907~1-cbed4]:main():lattice-best-path.cc:99) For utterance 20030013_622, best cost 187.698 + 6918.32 = 7106.02 over 657 frames.
20030013_622 کوچے ریوڑ میں میں ڈار گدے دیکھ کر لیدر جان ہما رسیدہ بھیجیں فارورڈ میں سے گزری 
LOG (lattice-best-path[5.5.907~1-cbed4]:main():lattice-best-path.cc:99) For utterance 20030013_623, best cost 127.542 + 5990.97 = 6118.51 over 574 frames.
20030013_623 بینک راجن کر دب منافعوں سوگوار سامعین ہمیشہ بے گیا 
LOG (lattice-best-path[5.5.907~1-cbed4]:main():lattice-best-path.cc:99) For utterance 20030013_624, best cost 221.586 + 8895.39 = 9116.98 over 811 frames.
20030013_624 مفاد سیر کے نوش کو میں کے کیسی نہ خواص کو رکھوا رفو کود کود انجکشن کیلئے مخبری شوروم کا 
LOG (lattice-best-path[5.5.907~1-cbed4]:main():lattice-best-path.cc:99) For utterance 20030013_625, best cost 187.579 + 7620.37 = 7807.95 over 696 frames.
20030013_625 ہوئی روہی دن ضائع ورلڈ کے کے کی حاجی قدرے لے کر ڈگری زیور کے مواد کے کو گیا 
LOG (lattice-best-path[5.5.907~1-cbed4]:main():lattice-best-path.cc:99) For utterance 20030013_626, best cost 113.254 + 4595.5 = 4708.75 over 420 frames.
20030013_626 وم کوش میں کو مولوی عیادت مندری الحاج سمجھا 
LOG (lattice-best-path[5.5.907~1-cbed4]:main():lattice-best-path.cc:99) For utterance 20030013_627, best cost 233.981 + 9620.76 = 9854.74 over 926 frames.
20030013_627 چھلکا خیر اور عام آئے کے نام قوت کے حال نامی فعل بانو کے دو خاں مین نصف آ رم گیا 
LOG (lattice-best-path[5.5.907~1-cbed4]:main():lattice-best-path.cc:99) For utterance 20030013_628, best cost 176.499 + 6831.16 = 7007.66 over 644 frames.
20030013_628 لو مجید اپنے لگانے کیلئے بیٹھی ٹرین نہیں میں کھولو انگلی خوشی یاں مغفور دی 
LOG (lattice-best-path[5.5.907~1-cbed4]:main():lattice-best-path.cc:99) For utterance 20030013_629, best cost 213.059 + 9399.74 = 9612.8 over 894 frames.
20030013_629 چھیل ریڑھی بش والوں کے آؤ خول نے فی کی لقب بروز انیق نے مردوں کا ہے کا بھیج کر آیا 
LOG (lattice-best-path[5.5.907~1-cbed4]:main():lattice-best-path.cc:99) For utterance 20030013_630, best cost 174.883 + 6681.92 = 6856.8 over 606 frames.
20030013_630 ایام ضلع نے نجی بسیار میں آن کر بیچے مارچ تو چھین سے خان کے کر لایا 
LOG (lattice-best-path[5.5.907~1-cbed4]:main():lattice-best-path.cc:99) For utterance 20030013_631, best cost 208.657 + 9234.08 = 9442.73 over 843 frames.
20030013_631 سیریز چیف سکواڈرن ڈار ہیڈ اپنے وقف اگرچہ فلڈ رکھنے کے کوسموس سے امور خرچ والے دیکھا ہے 
LOG (lattice-best-path[5.5.907~1-cbed4]:main():lattice-best-path.cc:99) For utterance 20030013_632, best cost 258.799 + 10555.7 = 10814.5 over 1009 frames.
20030013_632 اس ہی سی جانے کہا کے روہی کے کی حجت چھوڑ لو اور بیڑیاں دل بھجوا کر کر جوس اور رسوائی جوے بغیر مرہون 
LOG (lattice-best-path[5.5.907~1-cbed4]:main():lattice-best-path.cc:99) For utterance 20030013_633, best cost 220.782 + 9803.69 = 10024.5 over 913 frames.
20030013_633 قیصر نام کے بردار میں تخیّل کیلئے نیلم ٹینک کے اور فیچر کی کار سے ایکسیئن سخت سوئمنگ کے لیے کیجیے 
LOG (lattice-best-path[5.5.907~1-cbed4]:main():lattice-best-path.cc:99) For utterance 20030013_634, best cost 158.716 + 5314.82 = 5473.54 over 497 frames.
20030013_634 کو نیشن ایڈڈ فیشن جست آن کیلئے روغن میت کی نہ کر بن کر کر لائے 
LOG (lattice-best-path[5.5.907~1-cbed4]:main():lattice-best-path.cc:99) For utterance 20030013_635, best cost 214.185 + 7938.78 = 8152.97 over 734 frames.
20030013_635 خاص میں ڈیل کوچ قندیل عام آؤٹ میں بیٹھ نے اور تعلیم عمل طرف نے یاں سے کیسز فولاد کریں 
LOG (lattice-best-path[5.5.907~1-cbed4]:main():lattice-best-path.cc:99) For utterance 20030013_636, best cost 178.538 + 6953 = 7131.53 over 657 frames.
20030013_636 قم اور اور خشوع ان کی جو بری خدشہ ہونے سے رو جگہ تو ہم کا پور ہوا 
LOG (lattice-best-path[5.5.907~1-cbed4]:main():lattice-best-path.cc:99) For utterance 20030013_637, best cost 193.668 + 7368.83 = 7562.5 over 696 frames.
20030013_637 اس خان کے شے مارچ میں غوث کر رم نیلم و دی کی ایل عرصے ماڈل کھیل ہوئی 
LOG (lattice-best-path[5.5.907~1-cbed4]:main():lattice-best-path.cc:99) For utterance 20030013_638, best cost 196.456 + 7949.34 = 8145.79 over 760 frames.
20030013_638 گانٹھوں گوجر کی شیل اور روئیں میں انہیں صورت اور کوڈ وی کو کھڑے کی کے علاقے جج دیں 
LOG (lattice-best-path[5.5.907~1-cbed4]:main():lattice-best-path.cc:99) For utterance 20030013_639, best cost 236.645 + 9090.88 = 9327.53 over 868 frames.
20030013_639 تھر قید اختر میں تو کے دل سے تجویز قیصر کے نام گود کی ہو اور کر سارز سے لیں دب و چکھیں 
LOG (lattice-best-path[5.5.907~1-cbed4]:main():lattice-best-path.cc:99) For utterance 20030013_640, best cost 215.782 + 8246.88 = 8462.66 over 760 frames.
20030013_640 کا کے نیو ان پر بیٹھی کیا ریسرچ کی نے بھی سی کونسل کے شعاع لگا پر چوری کوچ لغو آیا 
LOG (lattice-best-path[5.5.907~1-cbed4]:main():lattice-best-path.cc:99) For utterance 20030013_641, best cost 153.956 + 5180.32 = 5334.28 over 465 frames.
20030013_641 کو ہوزری میں ڈار بھری شروع کو کی آتی کا کی جست آکر لائن صدیقی 
LOG (lattice-best-path[5.5.907~1-cbed4]:main():lattice-best-path.cc:99) For utterance 20030013_642, best cost 144.633 + 6370.05 = 6514.68 over 574 frames.
20030013_642 کر فوم کے کر کی مسز سیکھ ایس افضل سے نفوذ کی راہو کی 
LOG (lattice-best-path[5.5.907~1-cbed4]:main():lattice-best-path.cc:99) For utterance 20030013_643, best cost 179.034 + 8065.71 = 8244.75 over 734 frames.
20030013_643 کھاؤ احسن عدل بارے و خفت احسن بہائیں اور اوور آپ سے ضائع کلیرنس ہے 
LOG (lattice-best-path[5.5.907~1-cbed4]:main():lattice-best-path.cc:99) For utterance 20030013_644, best cost 207.277 + 7692.76 = 7900.04 over 683 frames.
20030013_644 ہجے لیدر چھ ٹینک رول پر ہوے اور دیکھ رغبت شعری کے سیل پر کس کھلیں ڈگر کھیلے 
LOG (lattice-best-path[5.5.907~1-cbed4]:main():lattice-best-path.cc:99) For utterance 20030013_645, best cost 174.567 + 6488.18 = 6662.75 over 580 frames.
20030013_645 میئر و ڈیل زیڈ کھیلتے دولت ایثار گروتھ و صدر کرنے کی کا آشنا تیرے ہے 
LOG (lattice-best-path[5.5.907~1-cbed4]:main():lattice-best-path.cc:99) For utterance 20030013_646, best cost 153.043 + 6649.99 = 6803.04 over 587 frames.
20030013_646 سابق نہ کو چوزے اور چبھنے کے بعد داؤد دیر اور میں برابر سانولے آئی 
LOG (lattice-best-path[5.5.907~1-cbed4]:main():lattice-best-path.cc:99) For utterance 20030013_647, best cost 108.741 + 5111.76 = 5220.51 over 452 frames.
20030013_647 منظر گرفتار عزیز ہونے چھور کر و کرائی 
LOG (lattice-best-path[5.5.907~1-cbed4]:main():lattice-best-path.cc:99) For utterance 20030013_648, best cost 108.324 + 4951.06 = 5059.38 over 440 frames.
20030013_648 میلے میں دودھیا جارج تلاش فجر کے لیے کرا تھا 
LOG (lattice-best-path[5.5.907~1-cbed4]:main():lattice-best-path.cc:99) For utterance 20030013_649, best cost 151.482 + 6630.71 = 6782.2 over 600 frames.
20030013_649 و کو کو ایک بسر کے بیلٹ میں کے بعد کا بام کر بڑے لگائی لیے 
LOG (lattice-best-path[5.5.907~1-cbed4]:main():lattice-best-path.cc:99) For utterance 20030013_650, best cost 165.794 + 7502.33 = 7668.12 over 670 frames.
20030013_650 خدشے اعزاز کیونکہ زیادہ سال میئر ذوالجناح عدلیہ قرار گیراج تجویز لذت 
LOG (lattice-best-path[5.5.907~1-cbed4]:main():lattice-best-path.cc:99) For utterance 20030013_651, best cost 131.732 + 6033.52 = 6165.25 over 548 frames.
20030013_651 خرید حویلی مرچوں کی دھوبی کر کے بنے سے پھیلیں صوفی کی 
LOG (lattice-best-path[5.5.907~1-cbed4]:main():lattice-best-path.cc:99) For utterance 20030013_652, best cost 204.761 + 7691.11 = 7895.87 over 696 frames.
20030013_652 خیر اولی ایئر کیجیے لینتھ اور کئی اور لکھو ٹرین اور لگے کا کوڈ کے سود کود تک اوچھے 
LOG (lattice-best-path[5.5.907~1-cbed4]:main():lattice-best-path.cc:99) For utterance 20030013_653, best cost 172.181 + 6543.29 = 6715.47 over 600 frames.
20030013_653 لو اگر آڑ فیز کسی تلخ حلف کر جیل کے ٹریجڈی گئی تلخ روز ہوا 
LOG (lattice-best-path[5.5.907~1-cbed4]:main():lattice-best-path.cc:99) For utterance 20030013_654, best cost 198.623 + 8101.4 = 8300.02 over 734 frames.
20030013_654 کر دیے اور قے شعور سے سی اسجد جوے اور ان سے سیو اور سی فیری نے کر میں ستھرے 
LOG (lattice-best-path[5.5.907~1-cbed4]:main():lattice-best-path.cc:99) For utterance 20030013_655, best cost 123.337 + 6616.06 = 6739.4 over 600 frames.
20030013_655 نام بقیہ چھائی پور دل ایئر اور جانے کر بیشتر 
LOG (lattice-best-path[5.5.907~1-cbed4]:main():lattice-best-path.cc:99) For utterance 20030013_656, best cost 187.517 + 8084.93 = 8272.44 over 734 frames.
20030013_656 بھیج اس تجزیے رہ گئے انداز تیری ہیڈ بظاہر اور سوئے عمل شاعر اندھے کس کریں 
LOG (lattice-best-path[5.5.907~1-cbed4]:main():lattice-best-path.cc:99) For utterance 20030013_657, best cost 133.164 + 5847.49 = 5980.65 over 542 frames.
20030013_657 کھا دھل افضل چین کی کیفے کردار کی حد سے معطل نہیں 
LOG (lattice-best-path[5.5.907~1-cbed4]:main():lattice-best-path.cc:99) For utterance 20030013_658, best cost 136.85 + 6202.74 = 6339.59 over 561 frames.
20030013_658 گیدڑ وڈ کا میں گرلز کی ہوئی بھیس کی گا سیر ہزارویں 
LOG (lattice-best-path[5.5.907~1-cbed4]:main():lattice-best-path.cc:99) For utterance 20030013_659, best cost 185.104 + 6942.58 = 7127.68 over 619 frames.
20030013_659 میلسوی گود کر غذائی غور کوڑھ عید آتا خون غوروخوض فگار دھوئے یہ گرلز ہوئے 
LOG (lattice-best-path[5.5.907~1-cbed4]:main():lattice-best-path.cc:99) For utterance 20030013_660, best cost 95.0556 + 4322.46 = 4417.52 over 401 frames.
20030013_660 غفور حلف زیب اوکھا چئرمین نہیں دوسرا 
LOG (lattice-best-path[5.5.907~1-cbed4]:main():lattice-best-path.cc:99) For utterance 20030013_661, best cost 118.91 + 4556.16 = 4675.07 over 427 frames.
20030013_661 کا لفظ لینے کے لیے ٹشو پر حامل کر رہا کر کروائیں 
LOG (lattice-best-path[5.5.907~1-cbed4]:main():lattice-best-path.cc:99) For utterance 20030013_662, best cost 126.943 + 5762.98 = 5889.92 over 529 frames.
20030013_662 کا ڈیل جوگی ان لیا چلے دس تجارت کے تجزیہ کرے 
LOG (lattice-best-path[5.5.907~1-cbed4]:main():lattice-best-path.cc:99) For utterance 20030013_663, best cost 178.744 + 8117.22 = 8295.96 over 753 frames.
20030013_663 پی رونے جہاں چار نقاب انگوٹھی ابصار کی و کھیلتے کی در ریلیز وقوف ہوئی 
LOG (lattice-best-path[5.5.907~1-cbed4]:main():lattice-best-path.cc:99) For utterance 20030013_664, best cost 211.27 + 7726.27 = 7937.54 over 715 frames.
20030013_664 کلاں سیاح ہے کہ پر ریاض چلنے دائیں نرغے کوئلے کر زود گوہر السی فرعون کے کڑوے و گئے 
LOG (lattice-best-path[5.5.907~1-cbed4]:main():lattice-best-path.cc:99) For utterance 20030013_665, best cost 117.58 + 5299.58 = 5417.16 over 484 frames.
20030013_665 فیصلے خیر سالہ ریلیز تیرے سیریز افواج بغیر ہوا 
LOG (lattice-best-path[5.5.907~1-cbed4]:main():lattice-best-path.cc:99) For utterance 20030013_666, best cost 161.445 + 5828.03 = 5989.48 over 529 frames.
20030013_666 دو ہجر ہوے آؤ ہول سے لنگر ہم کا وعدہ ضلع خیل سے بولنے گے 
LOG (lattice-best-path[5.5.907~1-cbed4]:main():lattice-best-path.cc:99) For utterance 20030013_667, best cost 123.07 + 5644.33 = 5767.4 over 504 frames.
20030013_667 اے کی کی گیدڑ سیکشن بے روضے کی گڈ کی بسر ہوئی 
LOG (lattice-best-path[5.5.907~1-cbed4]:main():lattice-best-path.cc:99) For utterance 20030013_668, best cost 201.269 + 8352.14 = 8553.41 over 747 frames.
20030013_668 سانولے روہی گدھ کے بڑے میں بنے ورچوئل کا پیش لارا گیا انار فیاض سے جاوید لخت 
LOG (lattice-best-path[5.5.907~1-cbed4]:main():lattice-best-path.cc:99) For utterance 20030013_669, best cost 149.592 + 6194.09 = 6343.68 over 548 frames.
20030013_669 عرف سزا لو فلم فورس نیگیٹو گذر کیلئے لیزر رو ڈیل دیا 
LOG (lattice-best-path[5.5.907~1-cbed4]:main():lattice-best-path.cc:99) For utterance 20030013_670, best cost 143.134 + 6140.83 = 6283.96 over 574 frames.
20030013_670 رو سے کا آخری اشرف رہتے کے سروں نہ کو بوڑھوں کر کا لو 
LOG (lattice-best-path[5.5.907~1-cbed4]:main():lattice-best-path.cc:99) For utterance 20030013_671, best cost 197.115 + 8729.84 = 8926.96 over 772 frames.
20030013_671 اس عزت ریلی استحصالی گڑیا نکال ذوق فورس بقول کے سقوط جور کی مدہوش اور دیا جاؤ 
LOG (lattice-best-path[5.5.907~1-cbed4]:main():lattice-best-path.cc:99) For utterance 20030013_672, best cost 159.297 + 7130.07 = 7289.37 over 632 frames.
20030013_672 انٹر مڈل اس نظر حلف پر کاربن سربراہ موضع درس علاقے ضلع ہے 
LOG (lattice-best-path[5.5.907~1-cbed4]:main():lattice-best-path.cc:99) For utterance 20030013_673, best cost 138.72 + 6102.73 = 6241.45 over 555 frames.
20030013_673 کرائی کے چار گنا وعدے پولیو دین اثر کریش پر فعال ہے 
LOG (lattice-best-path[5.5.907~1-cbed4]:main():lattice-best-path.cc:99) For utterance 20030013_674, best cost 176.685 + 8736.78 = 8913.46 over 772 frames.
20030013_674 نقشوں نے پُلوں نہر بھڑک آپ عرصہ دھاڑ کر ان والی اوس نے کی کوشش کی 
LOG (lattice-best-path[5.5.907~1-cbed4]:main():lattice-best-path.cc:99) For utterance 20030013_675, best cost 154.889 + 5835.3 = 5990.19 over 529 frames.
20030013_675 آئے جیٹ بنوری کے رویے فرض کوچ انتھک تھا فون کرواؤ خوار 
LOG (lattice-best-path[5.5.907~1-cbed4]:main():lattice-best-path.cc:99) For utterance 20030013_676, best cost 156.28 + 6389.36 = 6545.64 over 568 frames.
20030013_676 اپنے رہائشی سے اعزہ نتھی جا کوئی زوال نے روش جن ارکان آتی 
LOG (lattice-best-path[5.5.907~1-cbed4]:main():lattice-best-path.cc:99) For utterance 20030013_677, best cost 222.082 + 10139.8 = 10361.9 over 926 frames.
20030013_677 نے سال نے ایکویٹی کو کی بولنگ مکھن بالغان رخوں گوہ عید گوگل گالف کی ایوارڈ تھیٹر ایل رہا 
LOG (lattice-best-path[5.5.907~1-cbed4]:main():lattice-best-path.cc:99) For utterance 20030013_678, best cost 217.702 + 10822.4 = 11040.1 over 971 frames.
20030013_678 شیرٹن اسہال اور تھیلی ایئر براؤزر والوں سَیل چرانے کے لیے کر اوجھل خلل سے مشق پیش ہیئر کریں 
LOG (lattice-best-path[5.5.907~1-cbed4]:main():lattice-best-path.cc:99) For utterance 20030013_679, best cost 111.418 + 4950.86 = 5062.28 over 446 frames.
20030013_679 فوری اور لیڈی کر چیلہ رضا حیرت تیری سنچری 
LOG (lattice-best-path[5.5.907~1-cbed4]:main():lattice-best-path.cc:99) For utterance 20030013_680, best cost 181.586 + 7489.37 = 7670.96 over 683 frames.
20030013_680 چوتھی اور تھوڑا گئیں تہتر تو تو ظاہر لگا والا برعکس میں میں گھیراؤ خواہ سکتا ہے 
LOG (lattice-best-path[5.5.907~1-cbed4]:main():lattice-best-path.cc:99) For utterance 20030013_681, best cost 166.322 + 6518.82 = 6685.14 over 587 frames.
20030013_681 زدہ سچ رنجش خوگر کی دھار رسولی گود اور پر کھچی دھار برس گویا 
LOG (lattice-best-path[5.5.907~1-cbed4]:main():lattice-best-path.cc:99) For utterance 20030013_682, best cost 193.52 + 8172.29 = 8365.81 over 753 frames.
20030013_682 دی اور چولہے کھیر زود کر گیجٹ ایل انار سزا کر بوئے فیتھ چھور معلوم کیے 
LOG (lattice-best-path[5.5.907~1-cbed4]:main():lattice-best-path.cc:99) For utterance 20030013_683, best cost 164.194 + 7281.78 = 7445.97 over 657 frames.
20030013_683 دھیرے سے ماہ ہجر شوکت اہل ٹرین نے سی پتھری کے کے سے نکل گئی 
LOG (lattice-best-path[5.5.907~1-cbed4]:main():lattice-best-path.cc:99) For utterance 20030013_684, best cost 152.966 + 6322.86 = 6475.82 over 593 frames.
20030013_684 میں اگر کی بھول خواری ایسڈ کے جیو میں منظور کیریئر کلاں تک عام 
LOG (lattice-best-path[5.5.907~1-cbed4]:main():lattice-best-path.cc:99) For utterance 20030013_685, best cost 122.727 + 4840.76 = 4963.49 over 446 frames.
20030013_685 جوش خلل دوست جیون چیلہ شیو سیرگاہ سے لنگا دو 
LOG (lattice-best-path[5.5.907~1-cbed4]:main():lattice-best-path.cc:99) For utterance 20030013_686, best cost 196.869 + 8411.54 = 8608.41 over 772 frames.
20030013_686 سوئچ ٹرین کے صرف فعل بھی بیشتر سے دنیا دی محض بھیج کر جوش اب پوچھ و 
LOG (lattice-best-path[5.5.907~1-cbed4]:main():lattice-best-path.cc:99) For utterance 20030013_687, best cost 209.583 + 8040.03 = 8249.61 over 721 frames.
20030013_687 شوخ سوئس کے بدروح ذاد دیکھ اولی جوق اب بغور راستے چیک مارچ کر توجہ منظور کر آئی 
LOG (lattice-best-path[5.5.907~1-cbed4]:main():lattice-best-path.cc:99) For utterance 20030013_688, best cost 222.737 + 9069.91 = 9292.65 over 836 frames.
20030013_688 قل کی بلکہ چادر بھیج بچار کر سے زیور رو دے کی کے دے میں نامور کے پر کرے کا آگے جاؤں 
LOG (lattice-best-path[5.5.907~1-cbed4]:main():lattice-best-path.cc:99) For utterance 20030013_689, best cost 195.471 + 8172.8 = 8368.27 over 753 frames.
20030013_689 وجود اگرچہ عزت خیرہ کیا جان اور جو کھول بنائیں اور قوس اور کسے اچھل کر چائے 
LOG (lattice-best-path[5.5.907~1-cbed4]:main():lattice-best-path.cc:99) For utterance 20030013_690, best cost 97.1632 + 4539.72 = 4636.88 over 414 frames.
20030013_690 کے کوچے اداکارائیں کے شبہے کچھوا نہیں جاتا 
LOG (lattice-best-path[5.5.907~1-cbed4]:main():lattice-best-path.cc:99) For utterance 20030013_691, best cost 153.548 + 6396.75 = 6550.3 over 606 frames.
20030013_691 کیسی دلجوئی کیلئے اگرچہ کر گویا اور زیڈ ہزار کر مائنڈڈ ملحوظ دیئے 
LOG (lattice-best-path[5.5.907~1-cbed4]:main():lattice-best-path.cc:99) For utterance 20030013_692, best cost 166.611 + 7737.98 = 7904.59 over 721 frames.
20030013_692 مدفون ایثار نے کہا کے میں سے دوچار ہے عفت پڑی کے رہی کا تیرے لہو 
LOG (lattice-best-path[5.5.907~1-cbed4]:main():lattice-best-path.cc:99) For utterance 20030013_693, best cost 142.932 + 5244.28 = 5387.21 over 491 frames.
20030013_693 میں نے ہر کے جوے اسے کار کے بقایا کر گنا کر آئیں مدعو 
LOG (lattice-best-path[5.5.907~1-cbed4]:main():lattice-best-path.cc:99) For utterance 20030013_694, best cost 177.291 + 6939.3 = 7116.59 over 664 frames.
20030013_694 کر رم کا چوم اوڑھا شل شفاعت عرصہ گوجر سے اور سے کی چاقو چوہان بنائیں 
LOG (lattice-best-path[5.5.907~1-cbed4]:main():lattice-best-path.cc:99) For utterance 20030013_695, best cost 162.452 + 5949.89 = 6112.34 over 568 frames.
20030013_695 کوئی جانے خدشے جانے زود کے آنسوؤں اگر کے جاؤں تو پانی میں گھول گراؤنڈ 
LOG (lattice-best-path[5.5.907~1-cbed4]:main():lattice-best-path.cc:99) For utterance 20030013_696, best cost 145.202 + 6200.02 = 6345.22 over 593 frames.
20030013_696 خلجی الفاظ شیڈ کیا میں سے کو موصول مسوڑوں کے بنانے کیلئے باران کیا گیا 
LOG (lattice-best-path[5.5.907~1-cbed4]:main():lattice-best-path.cc:99) For utterance 20030013_697, best cost 137.027 + 5251.55 = 5388.58 over 497 frames.
20030013_697 بولوں اور کا عود سلسلے لینتھ اندھے ڈیزائنروں کرنے کا عام اوکھا 
LOG (lattice-best-path[5.5.907~1-cbed4]:main():lattice-best-path.cc:99) For utterance 20030013_698, best cost 141.448 + 7406.68 = 7548.13 over 721 frames.
20030013_698 باران ذاد تھو دین دیش اقوام بائیس کام جائزہ لینڈ گیا 
LOG (lattice-best-path[5.5.907~1-cbed4]:main():lattice-best-path.cc:99) For utterance 20030013_699, best cost 175.696 + 6496.84 = 6672.54 over 625 frames.
20030013_699 نجات رفیوجی اوس کار کی جھلی میں بظاہر کے ہذیانی دیے اور مزید احمد سوچ و 
LOG (lattice-best-path[5.5.907~1-cbed4]:main():lattice-best-path.cc:99) For utterance 20030013_700, best cost 152.842 + 6272.32 = 6425.16 over 587 frames.
20030013_700 ہوش اور خون کی تخلیق میں تغافل کی سوجھی جھڑک کر ہو سوکھ زور تھا 
LOG (lattice-best-path[5.5.907~1-cbed4]:main():lattice-best-path.cc:99) For utterance 20030013_701, best cost 199.419 + 7560.83 = 7760.25 over 728 frames.
20030013_701 مضمون گاؤن مان بھومی کو بدل کی چوم اثنا سیسے کھول باقر ماچس صحبتوں کو سمتھ آیا 
LOG (lattice-best-path[5.5.907~1-cbed4]:main():lattice-best-path.cc:99) For utterance 20030013_702, best cost 170.772 + 7071.11 = 7241.88 over 683 frames.
20030013_702 غیر فیصلہ اور گوبر کی دودھ میں ہر ایک کو لاکھوں نہ دل باغ شو 
LOG (lattice-best-path[5.5.907~1-cbed4]:main():lattice-best-path.cc:99) For utterance 20030013_703, best cost 140.474 + 4908.53 = 5049 over 465 frames.
20030013_703 پہلا ضائع سے تولید کی چھین کے فقروں کا ہو بار ظاہر ہوتا ہے 
LOG (lattice-best-path[5.5.907~1-cbed4]:main():lattice-best-path.cc:99) For utterance 20030013_704, best cost 154.062 + 6891.73 = 7045.79 over 676 frames.
20030013_704 چودہ کی نیز سیکشن مزارعین عذاب نیم کے انظباتی کا عذاب کا پراسیس ہے 
LOG (lattice-best-path[5.5.907~1-cbed4]:main():lattice-best-path.cc:99) For utterance 20030013_705, best cost 137.179 + 5156.9 = 5294.07 over 491 frames.
20030013_705 باہر جگہ بنائی قوی کے ذاد پر لاگت کانفرنسوں سے باڑھ گئی 
LOG (lattice-scale[5.5.907~1-cbed4]:main():lattice-scale.cc:107) Done 108 lattices.
LOG (lattice-best-path[5.5.907~1-cbed4]:main():lattice-best-path.cc:99) For utterance 20030013_706, best cost 111.927 + 3936.13 = 4048.05 over 363 frames.
20030013_706 باغ اوس فقیر اویسی آفریدی گندم آدمی چون 
LOG (lattice-best-path[5.5.907~1-cbed4]:main():lattice-best-path.cc:99) For utterance 20030013_707, best cost 122.245 + 4694.56 = 4816.8 over 452 frames.
20030013_707 ماضی کو بلا رہ ثاقب بڑی دھیمی کو نو میں نہ کریں 
LOG (lattice-best-path[5.5.907~1-cbed4]:main():lattice-best-path.cc:99) For utterance 20030013_708, best cost 162.352 + 6473.14 = 6635.49 over 606 frames.
20030013_708 مشعر نے سے پہلے برڈ میں نے ملی کچھ خواہ رسیدہ خلیفہ اور مشق سمجھا ہے 
LOG (lattice-add-penalty[5.5.907~1-cbed4]:main():lattice-add-penalty.cc:62) Done adding word insertion penalty to 108 lattices.
LOG (lattice-best-path[5.5.907~1-cbed4]:main():lattice-best-path.cc:124) Overall cost per frame is 11.0244 = 0.262469 [graph] + 10.7619 [acoustic] over 71279 frames.
LOG (lattice-best-path[5.5.907~1-cbed4]:main():lattice-best-path.cc:128) Done 108 lattices, failed for 0
# Accounting: time=1 threads=1
# Ended (code 0) at Wed Apr 21 06:49:45 PKT 2021, elapsed time 1 seconds
