# lattice-scale --inv-acoustic-scale=16 "ark:gunzip -c exp/tri1/decode/lat.*.gz|" ark:- | lattice-add-penalty --word-ins-penalty=0.5 ark:- ark:- | lattice-best-path --word-symbol-table=exp/tri1/graph/words.txt ark:- ark,t:- | utils/int2sym.pl -f 2- exp/tri1/graph/words.txt | cat > exp/tri1/decode/scoring_kaldi/penalty_0.5/16.txt 
# Started at Wed Apr 21 06:49:47 PKT 2021
#
lattice-best-path --word-symbol-table=exp/tri1/graph/words.txt ark:- ark,t:- 
lattice-add-penalty --word-ins-penalty=0.5 ark:- ark:- 
lattice-scale --inv-acoustic-scale=16 'ark:gunzip -c exp/tri1/decode/lat.*.gz|' ark:- 
LOG (lattice-best-path[5.5.907~1-cbed4]:main():lattice-best-path.cc:99) For utterance 20030013_601, best cost 210.062 + 4990.29 = 5200.35 over 952 frames.
20030013_601 تو بچیاں کا فوجی کے کارخیر شو میں تھیلی گنگولی کو لیلی خودسر انگوٹھے پڑھو کو قبول کرنے ہے 
LOG (lattice-best-path[5.5.907~1-cbed4]:main():lattice-best-path.cc:99) For utterance 20030013_602, best cost 254.656 + 6393.61 = 6648.26 over 1201 frames.
20030013_602 دلوں رفو آئیوڈین کے انار اور کیلئے پر کے ہوے لڑائی کی لو قریشی آلود کے کے تو گرہیں کرنے کی شرکت سے اور ہے 
LOG (lattice-best-path[5.5.907~1-cbed4]:main():lattice-best-path.cc:99) For utterance 20030013_603, best cost 214.539 + 4664.29 = 4878.83 over 875 frames.
20030013_603 شمسی ابھر اور نزلے کی گداز کے رہتے عمل پر بڈھا قدرتی نے بےقصور پر کر رم میں چاول دیئے 
LOG (lattice-best-path[5.5.907~1-cbed4]:main():lattice-best-path.cc:99) For utterance 20030013_604, best cost 181.787 + 4765.91 = 4947.69 over 920 frames.
20030013_604 ستھرے نے نائب لیچی داؤ گیدڑ پر پڑی تو کہا سے دوچار ہے کہ بوسن آخرالزمان 
LOG (lattice-best-path[5.5.907~1-cbed4]:main():lattice-best-path.cc:99) For utterance 20030013_605, best cost 135.108 + 3149.22 = 3284.33 over 606 frames.
20030013_605 سول کر شبہ ہجوں کیفے شیر میں رول کر داخل دیتا 
LOG (lattice-best-path[5.5.907~1-cbed4]:main():lattice-best-path.cc:99) For utterance 20030013_606, best cost 165.545 + 3369.75 = 3535.3 over 638 frames.
20030013_606 نسرین کے دماغی میں بلوں ورک سے کی اس منڈیوں کے کا کو اس کی بڑی وزیر 
LOG (lattice-best-path[5.5.907~1-cbed4]:main():lattice-best-path.cc:99) For utterance 20030013_607, best cost 109.856 + 2340.69 = 2450.55 over 440 frames.
20030013_607 افضل کے کی منفعت کی دبایا گھمبیر ناغہ نہیں سے ہے 
LOG (lattice-best-path[5.5.907~1-cbed4]:main():lattice-best-path.cc:99) For utterance 20030013_608, best cost 162.098 + 4037.5 = 4199.6 over 798 frames.
20030013_608 کو کے کے بو ڈیم اور کو خرچ کا ڈام چست جانے کی اوجھل تو ہو گی 
LOG (lattice-best-path[5.5.907~1-cbed4]:main():lattice-best-path.cc:99) For utterance 20030013_609, best cost 170.363 + 3445.76 = 3616.13 over 651 frames.
20030013_609 فلیش ان میں محلوں مقدار مگر مجلس اور نکالیں اور کی ستھرے زور کا تصویر کیا 
LOG (lattice-best-path[5.5.907~1-cbed4]:main():lattice-best-path.cc:99) For utterance 20030013_610, best cost 155.544 + 4192.58 = 4348.13 over 792 frames.
20030013_610 موثر ایجنسیوں کا افیون کی وومن بَلّا نیچے کی طرف سے بقیہ تساہل ہے 
LOG (lattice-best-path[5.5.907~1-cbed4]:main():lattice-best-path.cc:99) For utterance 20030013_611, best cost 150.265 + 3079.58 = 3229.85 over 580 frames.
20030013_611 گذر پہنے بلاخوف کر نیگیٹو دواؤں کو پر بردار کی ہوم کے ساتھ کھلے 
LOG (lattice-best-path[5.5.907~1-cbed4]:main():lattice-best-path.cc:99) For utterance 20030013_612, best cost 163.6 + 4320.02 = 4483.62 over 804 frames.
20030013_612 تبدیلیاں ڈیلیوری جس سے نکالیں بیورو ہجرت سخت فرخی وزیر انکشاف کو ہے 
LOG (lattice-best-path[5.5.907~1-cbed4]:main():lattice-best-path.cc:99) For utterance 20030013_613, best cost 91.6231 + 2215.26 = 2306.88 over 414 frames.
20030013_613 خیام پر ڈاکوؤں ستھرے کولسری علیحدہ کہا 
LOG (lattice-best-path[5.5.907~1-cbed4]:main():lattice-best-path.cc:99) For utterance 20030013_614, best cost 121.941 + 2824.38 = 2946.32 over 523 frames.
20030013_614 حدود پھیلیں میں ریچھوں کے کر کے ساتھ کمرے بغیر سن کر دیا 
LOG (lattice-best-path[5.5.907~1-cbed4]:main():lattice-best-path.cc:99) For utterance 20030013_615, best cost 226.094 + 5697.34 = 5923.43 over 1105 frames.
20030013_615 ہدایت کا شہزادی نے فلیچر مصر اگر کو ونڈوز کرتے ہوئے جوگی عنوان کی ڈیلیوری میں گوبر ہیڈ بڑھائے 
LOG (lattice-best-path[5.5.907~1-cbed4]:main():lattice-best-path.cc:99) For utterance 20030013_616, best cost 209.76 + 5193.46 = 5403.22 over 977 frames.
20030013_616 تاجور فارورڈ نے زلفوں نامور جن کو فاروق عرضداشت کر کیسی زدہ صفحوں کی معطل پتھر کیا 
LOG (lattice-best-path[5.5.907~1-cbed4]:main():lattice-best-path.cc:99) For utterance 20030013_617, best cost 162.49 + 3304.5 = 3466.99 over 632 frames.
20030013_617 کا میں پر پڑے سوکھ کے کوچوں میں کھیلوں کو عابد اسے کر پیدا اس میں لگا 
LOG (lattice-best-path[5.5.907~1-cbed4]:main():lattice-best-path.cc:99) For utterance 20030013_618, best cost 182.571 + 3916.83 = 4099.4 over 734 frames.
20030013_618 کاربن کمرے سے روشنی آسمان کی والے آکر ساگر نے ہمجولیوں کے بعد اس کی صیاد کیا ہے 
LOG (lattice-best-path[5.5.907~1-cbed4]:main():lattice-best-path.cc:99) For utterance 20030013_619, best cost 89.8637 + 2357.39 = 2447.25 over 440 frames.
20030013_619 زہریلی ترجیحات مدغم کرنے کا جوڈیشری جائے 
LOG (lattice-best-path[5.5.907~1-cbed4]:main():lattice-best-path.cc:99) For utterance 20030013_620, best cost 204.978 + 4672.1 = 4877.08 over 900 frames.
20030013_620 جیون اداروں کے بولوں کو کروں میں سموئے اور اور دھیرے مغفور و پر پرجوش گاؤں کی تیار یقین 
LOG (lattice-best-path[5.5.907~1-cbed4]:main():lattice-best-path.cc:99) For utterance 20030013_621, best cost 179.449 + 4104.57 = 4284.02 over 779 frames.
20030013_621 اجاگر گئی چاشنی نے اور کر سوجن گہماگہمی دن مفلس اچاٹ نواز نے میں ڈیل کی 
LOG (lattice-best-path[5.5.907~1-cbed4]:main():lattice-best-path.cc:99) For utterance 20030013_622, best cost 174.947 + 3470.1 = 3645.04 over 657 frames.
20030013_622 کوچے ریوڑ میں میں ڈار کا دیوہیکل کر جان ہما رسیدہ بھیجنے فارورڈ میں سے گزری 
LOG (lattice-best-path[5.5.907~1-cbed4]:main():lattice-best-path.cc:99) For utterance 20030013_623, best cost 127.542 + 2995.48 = 3123.03 over 574 frames.
20030013_623 بینک راجن کر دب منافعوں سوگوار سامعین ہمیشہ بے گیا 
LOG (lattice-best-path[5.5.907~1-cbed4]:main():lattice-best-path.cc:99) For utterance 20030013_624, best cost 190.965 + 4468.81 = 4659.77 over 811 frames.
20030013_624 مفاد سیر کے مدفون میں کے لیے سے حفاظ اور اخبار رفو وجود انجکشن کیلئے مخبری شوروم تھا 
LOG (lattice-best-path[5.5.907~1-cbed4]:main():lattice-best-path.cc:99) For utterance 20030013_625, best cost 164.521 + 3827.4 = 3991.92 over 696 frames.
20030013_625 نیو لیکن سروے کے کی حاجی قدرے لے کر ڈگری زیور کے مواد کے کو گیا 
LOG (lattice-best-path[5.5.907~1-cbed4]:main():lattice-best-path.cc:99) For utterance 20030013_626, best cost 113.254 + 2297.75 = 2411 over 420 frames.
20030013_626 وم کوش میں کو مولوی عیادت مندری الحاج سمجھا 
LOG (lattice-best-path[5.5.907~1-cbed4]:main():lattice-best-path.cc:99) For utterance 20030013_627, best cost 174.51 + 4853.45 = 5027.96 over 926 frames.
20030013_627 چھلکا خیر ہمارے کے نامور کے حال نامی سے والوں کے کو کو میں میں باران گیا 
LOG (lattice-best-path[5.5.907~1-cbed4]:main():lattice-best-path.cc:99) For utterance 20030013_628, best cost 171.74 + 3418.02 = 3589.76 over 644 frames.
20030013_628 لو مجید اپنے لگانے کیلئے بیٹھی ٹرین نہیں میں کو لومڑی خوشی یاں مغفور دی 
LOG (lattice-best-path[5.5.907~1-cbed4]:main():lattice-best-path.cc:99) For utterance 20030013_629, best cost 188.668 + 4717.88 = 4906.55 over 894 frames.
20030013_629 کے کیریو ہوش والوں کے آؤ خول میں کے علاوہ بروز انیق نے مردوں کا ہے کا بھیج کر آیا 
LOG (lattice-best-path[5.5.907~1-cbed4]:main():lattice-best-path.cc:99) For utterance 20030013_630, best cost 159.078 + 3350.93 = 3510 over 606 frames.
20030013_630 ایام ضلع نے نجی بسیار میں آکر بیچے مارشل چھین سے خان کے کر لائے 
LOG (lattice-best-path[5.5.907~1-cbed4]:main():lattice-best-path.cc:99) For utterance 20030013_631, best cost 182.457 + 4637.04 = 4819.5 over 843 frames.
20030013_631 سیاسی سکواڈرن ڈار ہیڈ میں اور اگرچہ فلڈ رکھنے کے کوسموس امور کر جھالر ادارے 
LOG (lattice-best-path[5.5.907~1-cbed4]:main():lattice-best-path.cc:99) For utterance 20030013_632, best cost 219.522 + 5306.8 = 5526.32 over 1009 frames.
20030013_632 اس نیچی جانے کہا کے رویا کی حجت چوروں اور بیڑیاں میں بھجوا کر پرجوش اور رسوائی جوے بغیر ہوئے 
LOG (lattice-best-path[5.5.907~1-cbed4]:main():lattice-best-path.cc:99) For utterance 20030013_633, best cost 211.998 + 4908.19 = 5120.18 over 913 frames.
20030013_633 قیصر نام کے بردار میں تخیّل کیلئے نیلگوں بھینسیں اور فیچر کی سارز ایکسیئن سخت سوئمنگ کے لیے کیجیے 
LOG (lattice-best-path[5.5.907~1-cbed4]:main():lattice-best-path.cc:99) For utterance 20030013_634, best cost 129.56 + 2675.49 = 2805.05 over 497 frames.
20030013_634 کو نیشن اریگیشن وجدان کیلئے روغن یقین آکر بن کر کر لائے 
LOG (lattice-best-path[5.5.907~1-cbed4]:main():lattice-best-path.cc:99) For utterance 20030013_635, best cost 199.569 + 3981.25 = 4180.82 over 734 frames.
20030013_635 خاص مٹھل کو قندیل عام آؤٹ میں بیضے اور تعلیم عمل طرف نے یاں سے کیسز فولاد کریں 
LOG (lattice-best-path[5.5.907~1-cbed4]:main():lattice-best-path.cc:99) For utterance 20030013_636, best cost 152.209 + 3496.65 = 3648.86 over 657 frames.
20030013_636 قم اور خشوع ان کی جوڈیشری خدشہ ہونے سے وجہ کا تو اور افورڈ ہوا 
LOG (lattice-best-path[5.5.907~1-cbed4]:main():lattice-best-path.cc:99) For utterance 20030013_637, best cost 162.788 + 3704.94 = 3867.73 over 696 frames.
20030013_637 اس خواہش جماعت میں غوث کر کا نیلم ہوتی کی ٹریلر سے ماڈل کھیل ہوئی 
LOG (lattice-best-path[5.5.907~1-cbed4]:main():lattice-best-path.cc:99) For utterance 20030013_638, best cost 166.649 + 3996.2 = 4162.85 over 760 frames.
20030013_638 گانٹھوں گوجر کی شیڈول اور میں انہیں صورت اور کوٹھڑی کو ترچھی کے علاقے درجے 
LOG (lattice-best-path[5.5.907~1-cbed4]:main():lattice-best-path.cc:99) For utterance 20030013_639, best cost 181.609 + 4587.95 = 4769.56 over 868 frames.
20030013_639 کیفے دفتر میں تو کے دل سے تجویز قیصر دینا بقیہ اور کر سارز سے ڈبو چکھیں 
LOG (lattice-best-path[5.5.907~1-cbed4]:main():lattice-best-path.cc:99) For utterance 20030013_640, best cost 187.295 + 4142.28 = 4329.58 over 760 frames.
20030013_640 کا کے نیو نظر بیٹھی کیا ریسرچ کی نے پیسنے کونسل کے شعاع لگاتا چوری کوچ لایا 
LOG (lattice-best-path[5.5.907~1-cbed4]:main():lattice-best-path.cc:99) For utterance 20030013_641, best cost 131.752 + 2602.23 = 2733.98 over 465 frames.
20030013_641 کو حوض ایلیمنٹری شروع کو کی آتی کا تھیسس ٹھاکر ونگ صدیقی 
LOG (lattice-best-path[5.5.907~1-cbed4]:main():lattice-best-path.cc:99) For utterance 20030013_642, best cost 127.436 + 3197.06 = 3324.49 over 574 frames.
20030013_642 پرفارم کے کر کی میں جیسی کے سزا سے نفوذ کی راہو کی 
LOG (lattice-best-path[5.5.907~1-cbed4]:main():lattice-best-path.cc:99) For utterance 20030013_643, best cost 139.661 + 4066.05 = 4205.71 over 734 frames.
20030013_643 خوفزدہ دلفریب و الحاج اعظم بہائیں اور فولاد سے ضائع کلیرنس 
LOG (lattice-best-path[5.5.907~1-cbed4]:main():lattice-best-path.cc:99) For utterance 20030013_644, best cost 170.205 + 3870.14 = 4040.34 over 683 frames.
20030013_644 ہجے لیدر سے درخور پرویا اور سے رغبت شعری کیسی انٹرفیس پیشن کا بلکہ گے 
LOG (lattice-best-path[5.5.907~1-cbed4]:main():lattice-best-path.cc:99) For utterance 20030013_645, best cost 132.145 + 3277.37 = 3409.52 over 580 frames.
20030013_645 پروڈکٹیو کھیلتے دولت ایثار گروتھ مظفر کرنے کی کا آشنا کریں 
LOG (lattice-best-path[5.5.907~1-cbed4]:main():lattice-best-path.cc:99) For utterance 20030013_646, best cost 136.85 + 3337.02 = 3473.87 over 587 frames.
20030013_646 سالگرہ کو دوسرا چبھنے کے بعد داؤد اعلان میں برابر سانولے آئی 
LOG (lattice-best-path[5.5.907~1-cbed4]:main():lattice-best-path.cc:99) For utterance 20030013_647, best cost 108.741 + 2555.88 = 2664.62 over 452 frames.
20030013_647 منظر گرفتار عزیز ہونے چھور کر و کرائی 
LOG (lattice-best-path[5.5.907~1-cbed4]:main():lattice-best-path.cc:99) For utterance 20030013_648, best cost 108.324 + 2475.53 = 2583.85 over 440 frames.
20030013_648 میلے میں دودھیا جارج تلاش فجر کے لیے کرا تھا 
LOG (lattice-best-path[5.5.907~1-cbed4]:main():lattice-best-path.cc:99) For utterance 20030013_649, best cost 133.048 + 3328.95 = 3461.99 over 600 frames.
20030013_649 حقوق کو کے بسر کے بیلٹ میں کے بعد تعالی کر ٹریلر آئیے 
LOG (lattice-best-path[5.5.907~1-cbed4]:main():lattice-best-path.cc:99) For utterance 20030013_650, best cost 154.647 + 3759.06 = 3913.71 over 670 frames.
20030013_650 خدشے اعزاز انستھیزیا دس آدمی ذوالجناح کیا قرار گیراج تجویز لذت 
LOG (lattice-best-path[5.5.907~1-cbed4]:main():lattice-best-path.cc:99) For utterance 20030013_651, best cost 116.542 + 3028.51 = 3145.05 over 548 frames.
20030013_651 اور حویلی مرچوں کی دھوبی کر کے ہونے سے پہلے صوفی کی 
LOG (lattice-best-path[5.5.907~1-cbed4]:main():lattice-best-path.cc:99) For utterance 20030013_652, best cost 160.134 + 3878.21 = 4038.34 over 696 frames.
20030013_652 ایفروایشین کیجیے لیدر کئی اور لکھو قیلولہ میں کا کوڈ کے سگھڑ تک اوچھے 
LOG (lattice-best-path[5.5.907~1-cbed4]:main():lattice-best-path.cc:99) For utterance 20030013_653, best cost 117.137 + 3312.28 = 3429.42 over 600 frames.
20030013_653 وغیرہ ڈسکوری تندہی قرضے کے طریقہ عزت روز ہوا 
LOG (lattice-best-path[5.5.907~1-cbed4]:main():lattice-best-path.cc:99) For utterance 20030013_654, best cost 157.72 + 4081.31 = 4239.03 over 734 frames.
20030013_654 کڑوی اور فیشن جیسی اسجد جوے اور سے سیو اور کے نے کر میں ستھرے 
LOG (lattice-best-path[5.5.907~1-cbed4]:main():lattice-best-path.cc:99) For utterance 20030013_655, best cost 110.71 + 3316.61 = 3427.32 over 600 frames.
20030013_655 نہ بقیہ چھائی و ٹریلر اور جانے کر بیشتر 
LOG (lattice-best-path[5.5.907~1-cbed4]:main():lattice-best-path.cc:99) For utterance 20030013_656, best cost 150.555 + 4068.08 = 4218.63 over 734 frames.
20030013_656 بیضے سے زیر بلند طرزفکر بظاہر اور سوئے مرجھا لگے کس کریں 
LOG (lattice-best-path[5.5.907~1-cbed4]:main():lattice-best-path.cc:99) For utterance 20030013_657, best cost 117.655 + 2933.57 = 3051.23 over 542 frames.
20030013_657 ساگر افضل ذہن کی کیفے کردار کے اسے معطل نہیں 
LOG (lattice-best-path[5.5.907~1-cbed4]:main():lattice-best-path.cc:99) For utterance 20030013_658, best cost 111.744 + 3119.89 = 3231.64 over 561 frames.
20030013_658 ریزرو اور کا میں پر ہوئی بھیس کی بسر ہزارویں 
LOG (lattice-best-path[5.5.907~1-cbed4]:main():lattice-best-path.cc:99) For utterance 20030013_659, best cost 161.285 + 3489.14 = 3650.43 over 619 frames.
20030013_659 میلسوی گود کر سزائیں اور گوڈی ذادہ خون غوروخوض فگار کوئی گرلز ہوئے 
LOG (lattice-best-path[5.5.907~1-cbed4]:main():lattice-best-path.cc:99) For utterance 20030013_660, best cost 71.2307 + 2177.35 = 2248.58 over 401 frames.
20030013_660 کبوتر کے بوگس لومیرج دوسرا 
LOG (lattice-best-path[5.5.907~1-cbed4]:main():lattice-best-path.cc:99) For utterance 20030013_661, best cost 98.3499 + 2293.83 = 2392.18 over 427 frames.
20030013_661 علاقے نے کیلئے ٹشو برابر کر تارڑ کروائیں 
LOG (lattice-best-path[5.5.907~1-cbed4]:main():lattice-best-path.cc:99) For utterance 20030013_662, best cost 112.843 + 2893.08 = 3005.92 over 529 frames.
20030013_662 کریں جوگی عدلیہ چلے دس تجارت کے تجزیہ کرے 
LOG (lattice-best-path[5.5.907~1-cbed4]:main():lattice-best-path.cc:99) For utterance 20030013_663, best cost 135.695 + 4091.08 = 4226.77 over 753 frames.
20030013_663 سیورج آہستہ متوفی ابصار کی کھیلتے کی کر ریلیز وقوف ہوئی 
LOG (lattice-best-path[5.5.907~1-cbed4]:main():lattice-best-path.cc:99) For utterance 20030013_664, best cost 183.297 + 3882.75 = 4066.05 over 715 frames.
20030013_664 والا سیاح ہے کہ پر ریاض چلنے دائیں ندوی لے کر زود متحرک سے کر بگڑ ہو گئی 
LOG (lattice-best-path[5.5.907~1-cbed4]:main():lattice-best-path.cc:99) For utterance 20030013_665, best cost 102.83 + 2661.81 = 2764.64 over 484 frames.
20030013_665 حیثیت ازالہ ریلیز تیرے سیریز ایگلز بغیر ہوا 
LOG (lattice-best-path[5.5.907~1-cbed4]:main():lattice-best-path.cc:99) For utterance 20030013_666, best cost 133.155 + 2932.4 = 3065.55 over 529 frames.
20030013_666 درجے ہوے آغوش سیلرز درہم کا وعدہ ضلع خیر ضروری گے 
LOG (lattice-best-path[5.5.907~1-cbed4]:main():lattice-best-path.cc:99) For utterance 20030013_667, best cost 106.742 + 2834.36 = 2941.1 over 504 frames.
20030013_667 ڈیلیوری گیدڑ سیکشن کے روضے کی کوٹھی بسر ہوئی 
LOG (lattice-best-path[5.5.907~1-cbed4]:main():lattice-best-path.cc:99) For utterance 20030013_668, best cost 162.17 + 4204.92 = 4367.09 over 747 frames.
20030013_668 سانولے روہی کے بڑے معرض چونکا پیش لارا گیارہ فیاض سے جائیداد 
LOG (lattice-best-path[5.5.907~1-cbed4]:main():lattice-best-path.cc:99) For utterance 20030013_669, best cost 118.311 + 3123.62 = 3241.93 over 548 frames.
20030013_669 عرف سزا انوکھے گوڈی فیوچر کیلئے لیزر بورڈر دیا 
LOG (lattice-best-path[5.5.907~1-cbed4]:main():lattice-best-path.cc:99) For utterance 20030013_670, best cost 120.921 + 3088.28 = 3209.2 over 574 frames.
20030013_670 روضے کا آخری اشرف ہے قیصر توقع بوڑھوں کر کرو 
LOG (lattice-best-path[5.5.907~1-cbed4]:main():lattice-best-path.cc:99) For utterance 20030013_671, best cost 182.068 + 4374.46 = 4556.52 over 772 frames.
20030013_671 اس عزت استحصالی گڑیا نکال ذوق فورس بقول کے سقوط جوبلی مدہوش اور دیا جاؤ 
LOG (lattice-best-path[5.5.907~1-cbed4]:main():lattice-best-path.cc:99) For utterance 20030013_672, best cost 125.896 + 3584.29 = 3710.19 over 632 frames.
20030013_672 انٹیلیجینس نظر ہمسفر کاربن سربراہ خوفزدہ ضلع کھلکھلا ہے 
LOG (lattice-best-path[5.5.907~1-cbed4]:main():lattice-best-path.cc:99) For utterance 20030013_673, best cost 109.87 + 3072.22 = 3182.09 over 555 frames.
20030013_673 کرائی کے چاہتے وجود کی نظر کریش پر فعال 
LOG (lattice-best-path[5.5.907~1-cbed4]:main():lattice-best-path.cc:99) For utterance 20030013_674, best cost 151.192 + 4389.2 = 4540.39 over 772 frames.
20030013_674 نقشوں نے پُلوں نہر بغور ساگر کر خواتین اوس نے کی کوشش کی 
LOG (lattice-best-path[5.5.907~1-cbed4]:main():lattice-best-path.cc:99) For utterance 20030013_675, best cost 128.566 + 2932.75 = 3061.31 over 529 frames.
20030013_675 پراجیکٹ بنوری کے رویے پر پوچھیں تک سفر لگاؤ خوار 
LOG (lattice-best-path[5.5.907~1-cbed4]:main():lattice-best-path.cc:99) For utterance 20030013_676, best cost 126.527 + 3218.11 = 3344.64 over 568 frames.
20030013_676 اپنے رہائشی سیرگاہ نتھی سکول کارخانے بحثتا ارکان آتی 
LOG (lattice-best-path[5.5.907~1-cbed4]:main():lattice-best-path.cc:99) For utterance 20030013_677, best cost 196.436 + 5086.55 = 5282.99 over 926 frames.
20030013_677 مثال نے ایکویٹی کو کی بولنگ مگر بالغان رخوں گوڈی گوگل گالف کی ہے بلکہ فیڈرل رہا 
LOG (lattice-best-path[5.5.907~1-cbed4]:main():lattice-best-path.cc:99) For utterance 20030013_678, best cost 204.253 + 5418.66 = 5622.92 over 971 frames.
20030013_678 شیرٹن اسہال اور تھیلی کر براؤزر والوں سَیل چرانے کے لیے کر اوجھل خلل سے مشق بیشتر کریں 
LOG (lattice-best-path[5.5.907~1-cbed4]:main():lattice-best-path.cc:99) For utterance 20030013_679, best cost 101.858 + 2481.56 = 2583.42 over 446 frames.
20030013_679 فوری اور لیڈی کر چیلہ رضا ہتھیلی سنچری 
LOG (lattice-best-path[5.5.907~1-cbed4]:main():lattice-best-path.cc:99) For utterance 20030013_680, best cost 152.918 + 3768.14 = 3921.06 over 683 frames.
20030013_680 چوتھی اور بڑھاپے تہتر قصوروار کا والا برعکس میں میں گھیراؤ خواہ سکتا ہے 
LOG (lattice-best-path[5.5.907~1-cbed4]:main():lattice-best-path.cc:99) For utterance 20030013_681, best cost 161.362 + 3263.42 = 3424.79 over 587 frames.
20030013_681 زدہ سچ رنجش خوگر کی کا رسولی گود اور پر کھچی دھار برس گویا 
LOG (lattice-best-path[5.5.907~1-cbed4]:main():lattice-best-path.cc:99) For utterance 20030013_682, best cost 164.613 + 4108.48 = 4273.09 over 753 frames.
20030013_682 دی اور چولہے کی ہو کر ریگن آ سزا کر بوئے ایک چھور معلوم کیے 
LOG (lattice-best-path[5.5.907~1-cbed4]:main():lattice-best-path.cc:99) For utterance 20030013_683, best cost 124.803 + 3670.26 = 3795.06 over 657 frames.
20030013_683 زیراستعمال ہجر شوکت ایجنسیز پتھری کے حصے نکل گئی 
LOG (lattice-best-path[5.5.907~1-cbed4]:main():lattice-best-path.cc:99) For utterance 20030013_684, best cost 122.61 + 3185.72 = 3308.33 over 593 frames.
20030013_684 میں السی بھول خواری ایگزیکٹو میں منظور کیریئر کر اکرم 
LOG (lattice-best-path[5.5.907~1-cbed4]:main():lattice-best-path.cc:99) For utterance 20030013_685, best cost 121.505 + 2421.2 = 2542.7 over 446 frames.
20030013_685 جو خلل دوست جیون چیلہ شیو سیرگاہ سے لنگا دو 
LOG (lattice-best-path[5.5.907~1-cbed4]:main():lattice-best-path.cc:99) For utterance 20030013_686, best cost 173.08 + 4222.45 = 4395.53 over 772 frames.
20030013_686 سوئچ ٹرین کے صرف ایل وی بیشتر سے بلدیاتی میں بھیج کر جوش رفو شوق 
LOG (lattice-best-path[5.5.907~1-cbed4]:main():lattice-best-path.cc:99) For utterance 20030013_687, best cost 193.129 + 4030.65 = 4223.78 over 721 frames.
20030013_687 شوخ سوئس کے بدروح ذاد ایک اولی تو کا گھاگرا سے چیک مارچ کر توجہ منظور کرائی 
LOG (lattice-best-path[5.5.907~1-cbed4]:main():lattice-best-path.cc:99) For utterance 20030013_688, best cost 185.22 + 4564.77 = 4749.99 over 836 frames.
20030013_688 کلی بلکہ چادر بیلچہ کر سے زیور وعدے کی کے دے میں نامور کے پرکھے کا بھیجا 
LOG (lattice-best-path[5.5.907~1-cbed4]:main():lattice-best-path.cc:99) For utterance 20030013_689, best cost 177.781 + 4101.15 = 4278.93 over 753 frames.
20030013_689 وجود اگرچہ ذخیرہ کیا جان اور جو کھول بنا پرسوز اور کسے اچھل کر چائے 
LOG (lattice-best-path[5.5.907~1-cbed4]:main():lattice-best-path.cc:99) For utterance 20030013_690, best cost 90.7045 + 2274.98 = 2365.69 over 414 frames.
20030013_690 کھیلتے اداکارائیں کے شبہے کچھوا نہیں جاتی 
LOG (lattice-best-path[5.5.907~1-cbed4]:main():lattice-best-path.cc:99) For utterance 20030013_691, best cost 143.266 + 3206.03 = 3349.29 over 606 frames.
20030013_691 کیسی دلجوئی کیلئے اگرچہ کر گویا اور بیلدار کر مائنڈڈ ملحوظ دیئے 
LOG (lattice-best-path[5.5.907~1-cbed4]:main():lattice-best-path.cc:99) For utterance 20030013_692, best cost 161.395 + 3872.91 = 4034.31 over 721 frames.
20030013_692 مدفون ایثار نے کہا کے میں سے دوچار ہے عفت پڑی کے رہی حادثے لہو 
LOG (lattice-best-path[5.5.907~1-cbed4]:main():lattice-best-path.cc:99) For utterance 20030013_693, best cost 117.77 + 2639.75 = 2757.52 over 491 frames.
20030013_693 میں نے ہر کے تحصیلدار کے بقایا کر گنا کرائی مدعو 
LOG (lattice-best-path[5.5.907~1-cbed4]:main():lattice-best-path.cc:99) For utterance 20030013_694, best cost 156.714 + 3482.08 = 3638.8 over 664 frames.
20030013_694 کر انداز تھوڑا شل شفاعت عرصہ گوجر سے اور سے کی چاقو چوہان بنایا 
LOG (lattice-best-path[5.5.907~1-cbed4]:main():lattice-best-path.cc:99) For utterance 20030013_695, best cost 139.804 + 2987.94 = 3127.75 over 568 frames.
20030013_695 کوئی جانے خدشے جانے گداز مؤخر کے جاؤں تو پانی میں بھول جاؤ 
LOG (lattice-best-path[5.5.907~1-cbed4]:main():lattice-best-path.cc:99) For utterance 20030013_696, best cost 136.423 + 3105.08 = 3241.51 over 593 frames.
20030013_696 کے شیعہ حاصل کیا میں سے کو موصول مسوڑوں کے بنانے کیلئے باران کیا گیا 
LOG (lattice-best-path[5.5.907~1-cbed4]:main():lattice-best-path.cc:99) For utterance 20030013_697, best cost 121.04 + 2639.53 = 2760.57 over 497 frames.
20030013_697 بلوں اور کھاؤ سلسلے لینتھ اندھے غذائی کرنے کا آماجگاہ 
LOG (lattice-best-path[5.5.907~1-cbed4]:main():lattice-best-path.cc:99) For utterance 20030013_698, best cost 118.249 + 3720.28 = 3838.53 over 721 frames.
20030013_698 باران جادوگر انکشاف آ باعث کام جائزہ لینڈ گیا 
LOG (lattice-best-path[5.5.907~1-cbed4]:main():lattice-best-path.cc:99) For utterance 20030013_699, best cost 157.798 + 3262.35 = 3420.14 over 625 frames.
20030013_699 نجات رفیوجی استاد کی جھلی میں بظاہر کے ہذیانی دیے اور مزید احمد سوچوں 
LOG (lattice-best-path[5.5.907~1-cbed4]:main():lattice-best-path.cc:99) For utterance 20030013_700, best cost 138.846 + 3145.68 = 3284.53 over 587 frames.
20030013_700 ہوش اور خون کی تخلیق میں تغافل کی سوجھی جھڑک کر منسوخ زور 
LOG (lattice-best-path[5.5.907~1-cbed4]:main():lattice-best-path.cc:99) For utterance 20030013_701, best cost 189.597 + 3786.67 = 3976.27 over 728 frames.
20030013_701 مضمون گاؤن مان گومگو بدل کی چوم اثنا سیسے کنواں کر ماچس صحبتوں کو سمتھ آیا 
LOG (lattice-best-path[5.5.907~1-cbed4]:main():lattice-best-path.cc:99) For utterance 20030013_702, best cost 153.02 + 3551.56 = 3704.58 over 683 frames.
20030013_702 غیر فیصلہ اور گوبر کی دھوپ میں کرے کو کاجو نادر باغ شو 
LOG (lattice-best-path[5.5.907~1-cbed4]:main():lattice-best-path.cc:99) For utterance 20030013_703, best cost 123.659 + 2463.98 = 2587.64 over 465 frames.
20030013_703 پہلا ضائع سے تولید کی چھین کے فقروں کاروبار ظاہر کرتا ہے 
LOG (lattice-best-path[5.5.907~1-cbed4]:main():lattice-best-path.cc:99) For utterance 20030013_704, best cost 129.276 + 3463.96 = 3593.24 over 676 frames.
20030013_704 چودہ کی امیگریشن مزارعین عذاب میں کے انظباتی پیروکار پراسیس ہے 
LOG (lattice-best-path[5.5.907~1-cbed4]:main():lattice-best-path.cc:99) For utterance 20030013_705, best cost 127.03 + 2584.54 = 2711.57 over 491 frames.
20030013_705 باورچی عذاب قناعت ضروری سجاد پر لاگت کانفرنسوں سے باڑھ گئی 
LOG (lattice-scale[5.5.907~1-cbed4]:main():lattice-scale.cc:107) Done 108 lattices.
LOG (lattice-best-path[5.5.907~1-cbed4]:main():lattice-best-path.cc:99) For utterance 20030013_706, best cost 89.2794 + 1985.61 = 2074.89 over 363 frames.
20030013_706 ابو سفید اویسی آفریدی اقدامات مرچوں 
LOG (lattice-add-penalty[5.5.907~1-cbed4]:main():lattice-add-penalty.cc:62) Done adding word insertion penalty to 108 lattices.
LOG (lattice-best-path[5.5.907~1-cbed4]:main():lattice-best-path.cc:99) For utterance 20030013_707, best cost 114.78 + 2351.69 = 2466.47 over 452 frames.
20030013_707 ماضی کو بلا ہے ثاقب بڑی دھیمی گناہوں میں نہ کریں 
LOG (lattice-best-path[5.5.907~1-cbed4]:main():lattice-best-path.cc:99) For utterance 20030013_708, best cost 161.604 + 3237.03 = 3398.63 over 606 frames.
20030013_708 مشعر نے سے پہلے برڈ میں نے ملی کچھ کھا رسیدہ خلیفہ اور مشق سمجھا ہے 
LOG (lattice-best-path[5.5.907~1-cbed4]:main():lattice-best-path.cc:124) Overall cost per frame is 5.63384 = 0.226811 [graph] + 5.40703 [acoustic] over 71279 frames.
LOG (lattice-best-path[5.5.907~1-cbed4]:main():lattice-best-path.cc:128) Done 108 lattices, failed for 0
# Accounting: time=1 threads=1
# Ended (code 0) at Wed Apr 21 06:49:48 PKT 2021, elapsed time 1 seconds
