# lattice-scale --inv-acoustic-scale=8 "ark:gunzip -c exp/tri3/decode.si/lat.*.gz|" ark:- | lattice-add-penalty --word-ins-penalty=0.5 ark:- ark:- | lattice-best-path --word-symbol-table=exp/tri3/graph/words.txt ark:- ark,t:- | utils/int2sym.pl -f 2- exp/tri3/graph/words.txt | cat > exp/tri3/decode.si/scoring_kaldi/penalty_0.5/8.txt 
# Started at Wed Apr 21 06:58:53 PKT 2021
#
lattice-scale --inv-acoustic-scale=8 'ark:gunzip -c exp/tri3/decode.si/lat.*.gz|' ark:- 
lattice-best-path --word-symbol-table=exp/tri3/graph/words.txt ark:- ark,t:- 
lattice-add-penalty --word-ins-penalty=0.5 ark:- ark:- 
LOG (lattice-best-path[5.5.907~1-cbed4]:main():lattice-best-path.cc:99) For utterance 20030013_601, best cost 247.196 + 5907.69 = 6154.89 over 952 frames.
20030013_601 موقع صیاد تک کو چیک کے قاری ڈیرے شو میں قریب لنگر کی کو لیلی خودسر وولر پڑھوا اور کو قبول کرنے گے 
LOG (lattice-best-path[5.5.907~1-cbed4]:main():lattice-best-path.cc:99) For utterance 20030013_602, best cost 321.263 + 7600.93 = 7922.2 over 1201 frames.
20030013_602 دلوں وبائی روڈ ایندھن انار اور کھلے پر رکھ کے ہوے آڑ آئی کی لوک بلوچی آلود شے کے گاؤ کریں <oov> کرنے کی سیب تک سے آرزوئیں ہے 
LOG (lattice-best-path[5.5.907~1-cbed4]:main():lattice-best-path.cc:99) For utterance 20030013_603, best cost 239.887 + 5550.8 = 5790.69 over 875 frames.
20030013_603 چھم چڑوں بلوں اور نزلے کی گھاس کے رکھتے عمل پر اٹھا مدد لیتی میں بے کوسوں پر کا رم نے چاول کیا 
LOG (lattice-best-path[5.5.907~1-cbed4]:main():lattice-best-path.cc:99) For utterance 20030013_604, best cost 224.069 + 5586.19 = 5810.26 over 920 frames.
20030013_604 سوجھی میں نہ علی کی داؤ ہوم کی گڑھ پر پڑی تو کام سے تو اور چلیں کے گھس دن آخری اٹھائے 
LOG (lattice-best-path[5.5.907~1-cbed4]:main():lattice-best-path.cc:99) For utterance 20030013_605, best cost 159.51 + 3699.28 = 3858.79 over 606 frames.
20030013_605 سول در شو بحث جون کے پیش ایڈز میں گھول دل کر تخریب دیتا 
LOG (lattice-best-path[5.5.907~1-cbed4]:main():lattice-best-path.cc:99) For utterance 20030013_606, best cost 183.083 + 4103.14 = 4286.22 over 638 frames.
20030013_606 میں دین کے دماغی میں بلوں ورک سے لیا اس نظروں کے توقع سخت کی بڑی فضل گیا 
LOG (lattice-best-path[5.5.907~1-cbed4]:main():lattice-best-path.cc:99) For utterance 20030013_607, best cost 128.224 + 2772.35 = 2900.57 over 440 frames.
20030013_607 اختر یا کی ہول کا کی سب عام گھمبیر نہ بنائی سے ہے 
LOG (lattice-best-path[5.5.907~1-cbed4]:main():lattice-best-path.cc:99) For utterance 20030013_608, best cost 159.673 + 4682.54 = 4842.22 over 798 frames.
20030013_608 کو کے کے بورڈ کے مرغی کو خرچ کر ڈام جوق جانے کی اودھم تو ہو گی 
LOG (lattice-best-path[5.5.907~1-cbed4]:main():lattice-best-path.cc:99) For utterance 20030013_609, best cost 189.846 + 4090.24 = 4280.08 over 651 frames.
20030013_609 فلیش ان میں محلوں مقدار مگر مس نقرس اور نکالیں اور کی ستھرے چور کا تصحیح یا کیا 
LOG (lattice-best-path[5.5.907~1-cbed4]:main():lattice-best-path.cc:99) For utterance 20030013_610, best cost 191.396 + 4993.85 = 5185.24 over 792 frames.
20030013_610 موثر اہل ایجنسیوں کا اپنے جیولری گھمن بے ڈھا نیچے کی طلب سے بو دیا تساہل ہے 
LOG (lattice-best-path[5.5.907~1-cbed4]:main():lattice-best-path.cc:99) For utterance 20030013_611, best cost 166.034 + 3716.48 = 3882.52 over 580 frames.
20030013_611 گذر پہنے دھینگا کو پر نے کے کے دواؤں کو پر بردار کی گھوم کے ساتھ کھیلے 
LOG (lattice-best-path[5.5.907~1-cbed4]:main():lattice-best-path.cc:99) For utterance 20030013_612, best cost 185.345 + 5320.18 = 5505.53 over 804 frames.
20030013_612 تبدیلی و کی لغو سے شخصے نکالیں دلہن جیو سفر قصور کی دہلوی چَھپ کو ہے 
LOG (lattice-best-path[5.5.907~1-cbed4]:main():lattice-best-path.cc:99) For utterance 20030013_613, best cost 122.299 + 2691.51 = 2813.8 over 414 frames.
20030013_613 قدم کو لاکھ ٹھونس اور جیٹ خروش دی نے بیدار کہا 
LOG (lattice-best-path[5.5.907~1-cbed4]:main():lattice-best-path.cc:99) For utterance 20030013_614, best cost 151.338 + 3457.74 = 3609.08 over 523 frames.
20030013_614 وقوف لینتھ میں کی شب کے کرائی اٹھے ساعت کمرے بغیر سنگل کر کیا 
LOG (lattice-best-path[5.5.907~1-cbed4]:main():lattice-best-path.cc:99) For utterance 20030013_615, best cost 255.213 + 6745.64 = 7000.85 over 1105 frames.
20030013_615 تجارت کا شہزادی نے گلیشئر مصر افضل کو بلوچ کرتے ہوئے جوبلی خان مان کیونکہ جیوری دیں میں ہے گوبر لیڈز بڑھائے 
LOG (lattice-best-path[5.5.907~1-cbed4]:main():lattice-best-path.cc:99) For utterance 20030013_616, best cost 268.786 + 6234.81 = 6503.6 over 977 frames.
20030013_616 توجہ لہو آڑ آٹھ نے سدھ کو نامور جن کو فروخت جارج کر کیسی تک دس ابو کی مواد پر کا حلف کا اقرار کیا 
LOG (lattice-best-path[5.5.907~1-cbed4]:main():lattice-best-path.cc:99) For utterance 20030013_617, best cost 163.912 + 3905.45 = 4069.36 over 632 frames.
20030013_617 کمرے پر پڑے سوکھ کے ہجوم میں کھیلوں کو عابد تجزیے کر پیدا حسن لگا 
LOG (lattice-best-path[5.5.907~1-cbed4]:main():lattice-best-path.cc:99) For utterance 20030013_618, best cost 210.752 + 4753.96 = 4964.71 over 734 frames.
20030013_618 خان ٹینک کمرے سے روشنی آسمان سوگوار لے آپ پڑ ساغر نے ہم یا کے بعد ڈیسک صیاد لیا ہے 
LOG (lattice-best-path[5.5.907~1-cbed4]:main():lattice-best-path.cc:99) For utterance 20030013_619, best cost 130.961 + 2825.26 = 2956.22 over 440 frames.
20030013_619 ٹریژری تشبیہ آپ مژدہ بیان کرنے کا جور عید میں کی جا ہے 
LOG (lattice-best-path[5.5.907~1-cbed4]:main():lattice-best-path.cc:99) For utterance 20030013_620, best cost 232.019 + 5573.62 = 5805.64 over 900 frames.
20030013_620 چینی ملنے پَلوں کے بولوں کو بلوں میں سموئے آ اور دھیرے مغفور و پر حضور شب کی تیار یاں تھیم 
LOG (lattice-best-path[5.5.907~1-cbed4]:main():lattice-best-path.cc:99) For utterance 20030013_621, best cost 209.408 + 4946.35 = 5155.76 over 779 frames.
20030013_621 معجل از ریسرچ میں نے اور کر سوجن کے مانگ لینڈ میں دیں مغیث اور جاتی نواز نے میں بیلٹ کی 
LOG (lattice-best-path[5.5.907~1-cbed4]:main():lattice-best-path.cc:99) For utterance 20030013_622, best cost 196.996 + 4196.47 = 4393.47 over 657 frames.
20030013_622 اونچی ورلڈ میں مین کا اور کا دیتے کرے درج زنگ ہما رسیدہ بھیڑیے فارورڈ میں سے گزری 
LOG (lattice-best-path[5.5.907~1-cbed4]:main():lattice-best-path.cc:99) For utterance 20030013_623, best cost 153.58 + 3531.58 = 3685.16 over 574 frames.
20030013_623 بے انٹر گینز ورلڈ وقت منافعوں سود برس کا مہنگائی نے شاہ لے گیا 
LOG (lattice-best-path[5.5.907~1-cbed4]:main():lattice-best-path.cc:99) For utterance 20030013_624, best cost 238.806 + 5560.49 = 5799.3 over 811 frames.
20030013_624 مفلس سیر کے نوش فوم میں کے کیسی رفو اس کو رکھوا رفو عود عود دن کے چین کے لیے گگلی شون تھا 
LOG (lattice-best-path[5.5.907~1-cbed4]:main():lattice-best-path.cc:99) For utterance 20030013_625, best cost 192.071 + 4951.94 = 5144.01 over 696 frames.
20030013_625 نیو لیکن ضائع ورک بھیڑیے کی کار کی کا دے لے کر بکھری دیگر کے مواد کے تھو گیا 
LOG (lattice-best-path[5.5.907~1-cbed4]:main():lattice-best-path.cc:99) For utterance 20030013_626, best cost 129.929 + 2977.35 = 3107.28 over 420 frames.
20030013_626 ڈیم بش نے کھو مغلیہ یادیں تم کی یا رباب سمجھا 
LOG (lattice-best-path[5.5.907~1-cbed4]:main():lattice-best-path.cc:99) For utterance 20030013_627, best cost 196.213 + 5978.01 = 6174.22 over 926 frames.
20030013_627 چھلکا خیر علم آئے کے نامور کے عالمی یہ زیر پڑھوں کے طوفان مین نے باران گیا 
LOG (lattice-best-path[5.5.907~1-cbed4]:main():lattice-best-path.cc:99) For utterance 20030013_628, best cost 184.551 + 4259.41 = 4443.96 over 644 frames.
20030013_628 بھگت کی تک ملنے بنانے کیلئے بیلٹ میں ٹریبیونل میں کو لوں کی خوشی یاں مسخ عود تھیں 
LOG (lattice-best-path[5.5.907~1-cbed4]:main():lattice-best-path.cc:99) For utterance 20030013_629, best cost 212.719 + 5687.78 = 5900.5 over 894 frames.
20030013_629 شیرے ٹیوب بش والوں کے آؤ کو اور میں فیڈر آبرو اوس انیق نے مغلوں کا ہے جا بھیج کر آیا 
LOG (lattice-best-path[5.5.907~1-cbed4]:main():lattice-best-path.cc:99) For utterance 20030013_630, best cost 171.823 + 4154.76 = 4326.58 over 606 frames.
20030013_630 قیام پہلا نے نجی بسیار میں آکر بیچے مارچ دل چینی سے قم کے کر گیا 
LOG (lattice-best-path[5.5.907~1-cbed4]:main():lattice-best-path.cc:99) For utterance 20030013_631, best cost 223.111 + 5801.15 = 6024.26 over 843 frames.
20030013_631 سرویئر سیکھ سکول ان ڈار ہیڈ نے وقف اگر تھے فلڈ رکھے کے دوست ناظم اور کر جعلی دیکھا ہے 
LOG (lattice-best-path[5.5.907~1-cbed4]:main():lattice-best-path.cc:99) For utterance 20030013_632, best cost 255.991 + 6380.15 = 6636.14 over 1009 frames.
20030013_632 تزئین سیکھا نے کہا کے روئی کے کی حجت چوم ہو اور ریڈ یاں بالکل زوال کر کھجوریں اور رسوائی جھولے بغیر بن ہوئیں 
LOG (lattice-best-path[5.5.907~1-cbed4]:main():lattice-best-path.cc:99) For utterance 20030013_633, best cost 224.664 + 6099.16 = 6323.82 over 913 frames.
20030013_633 قیصر نمو کے بحران میں تخیّل کی لیے نیلم مٹیں اور کی سوکھ کی کھال سیف سنگھ سوئنگ کے لیے کیجیے 
LOG (lattice-best-path[5.5.907~1-cbed4]:main():lattice-best-path.cc:99) For utterance 20030013_634, best cost 157.19 + 3300.77 = 3457.95 over 497 frames.
20030013_634 کھوہ نیشن نے جنریشن کس آنکھ کیلئے روغن یقین آکر بن کر کر نائب 
LOG (lattice-best-path[5.5.907~1-cbed4]:main():lattice-best-path.cc:99) For utterance 20030013_635, best cost 228.027 + 4905.06 = 5133.08 over 734 frames.
20030013_635 پاک مٹھل کوکھ چین کی اعلان کھاؤ اور میں بیٹھ نے اور ان نیم عمل تک میراں سے جج جس اولاد ہے 
LOG (lattice-best-path[5.5.907~1-cbed4]:main():lattice-best-path.cc:99) For utterance 20030013_636, best cost 167.966 + 4277.04 = 4445 over 657 frames.
20030013_636 کو موو دشمن کی جوبلی اب شب ہونے سے وجہ کا تو ہم آف عود ہوئیں 
LOG (lattice-best-path[5.5.907~1-cbed4]:main():lattice-best-path.cc:99) For utterance 20030013_637, best cost 188.208 + 4496.98 = 4685.19 over 696 frames.
20030013_637 کس خان استعمال میں پہنچ کر رم نیلم عود ای کی پھیل عرصے ماڈل بلڈ ہوئی 
LOG (lattice-best-path[5.5.907~1-cbed4]:main():lattice-best-path.cc:99) For utterance 20030013_638, best cost 205.125 + 4738.86 = 4943.99 over 760 frames.
20030013_638 کا نیو گوجر کی شیڈ روڈ روئیں میں ہونے صورت اور کوٹھڑی کو کھڑے کی کے ہلاک سے جج سے ہیں 
LOG (lattice-best-path[5.5.907~1-cbed4]:main():lattice-best-path.cc:99) For utterance 20030013_639, best cost 234.121 + 5455.48 = 5689.6 over 868 frames.
20030013_639 قحط کے دفتر میں روپے جلد سے اے ترچھی سے سکتے نام کود کی زیور تک ساز دیں دب عود صفیں 
LOG (lattice-best-path[5.5.907~1-cbed4]:main():lattice-best-path.cc:99) For utterance 20030013_640, best cost 193.416 + 5171.46 = 5364.88 over 760 frames.
20030013_640 کا کے نیو نمبر بیٹھی دیا نیچا کی نے پیسنے کونسل کے شو والا کا پنچولی کچلا آیا 
LOG (lattice-best-path[5.5.907~1-cbed4]:main():lattice-best-path.cc:99) For utterance 20030013_641, best cost 160.822 + 3303.9 = 3464.72 over 465 frames.
20030013_641 و ہو ایل نڈر بڑی شعبوں بو کیا تھی کا تھیسس ٹھاکر ونگ سے کی کی 
LOG (lattice-best-path[5.5.907~1-cbed4]:main():lattice-best-path.cc:99) For utterance 20030013_642, best cost 156.969 + 4068.74 = 4225.71 over 574 frames.
20030013_642 صفوں کے دکھی میں سے سیکھ قیصر درس سے ہے جو غوث کی اعتبار ہو کی 
LOG (lattice-best-path[5.5.907~1-cbed4]:main():lattice-best-path.cc:99) For utterance 20030013_643, best cost 184.829 + 5173.84 = 5358.67 over 734 frames.
20030013_643 تک خوف سے ندرت بڑے مخل بھجن سن نائب اور بورڈر آپ سے سائیڈ کرے لگے 
LOG (lattice-best-path[5.5.907~1-cbed4]:main():lattice-best-path.cc:99) For utterance 20030013_644, best cost 194.195 + 5055.64 = 5249.83 over 683 frames.
20030013_644 پچھلے لیے لیدر چھ کنٹرول کرے اور سے کرا بجلی کیسی میں در کس طلب بکھیر ہے 
LOG (lattice-best-path[5.5.907~1-cbed4]:main():lattice-best-path.cc:99) For utterance 20030013_645, best cost 154.252 + 4228.49 = 4382.75 over 580 frames.
20030013_645 میں دورے بڑے سے دولت ایثار گروتھ گھس اختر کرنے کی کا اشرف لے 
LOG (lattice-best-path[5.5.907~1-cbed4]:main():lattice-best-path.cc:99) For utterance 20030013_646, best cost 164.986 + 4278.67 = 4443.65 over 587 frames.
20030013_646 ساری ڈبو جوس نو جو کرنے کے بعد آؤٹ کردار میں برابر دنگ نے بھائی 
LOG (lattice-best-path[5.5.907~1-cbed4]:main():lattice-best-path.cc:99) For utterance 20030013_647, best cost 128.442 + 3311.09 = 3439.53 over 452 frames.
20030013_647 <oov> صدر احسن عارضی سکول میں چور کر بولوں کرا ہے 
LOG (lattice-best-path[5.5.907~1-cbed4]:main():lattice-best-path.cc:99) For utterance 20030013_648, best cost 114.1 + 3138.85 = 3252.95 over 440 frames.
20030013_648 میں لینے دودھیا چار اس طلب سچل کیلئے کروا تھا 
LOG (lattice-best-path[5.5.907~1-cbed4]:main():lattice-best-path.cc:99) For utterance 20030013_649, best cost 163.487 + 4262.74 = 4426.23 over 600 frames.
20030013_649 وقوف و کھیل اس کر کے بیلٹ میں کے بعد کا لال گھن ڈیڈ علاقائی کیے 
LOG (lattice-best-path[5.5.907~1-cbed4]:main():lattice-best-path.cc:99) For utterance 20030013_650, best cost 178.984 + 4805.47 = 4984.45 over 670 frames.
20030013_650 ہتھیلی داغ انستھیزیا تو ساز نے بلکہ نقوی یا حضرات کے جارج تک دیے در ہے 
LOG (lattice-best-path[5.5.907~1-cbed4]:main():lattice-best-path.cc:99) For utterance 20030013_651, best cost 157.461 + 3821.81 = 3979.27 over 548 frames.
20030013_651 غلیل کو دیر وی مرچوں کی کوکھ ایک آٹھ ایف اور نے سے پہلے صوفی کی 
LOG (lattice-best-path[5.5.907~1-cbed4]:main():lattice-best-path.cc:99) For utterance 20030013_652, best cost 207.017 + 4992.82 = 5199.84 over 696 frames.
20030013_652 فیڈرل ایئر کی چیل احسن گئی کی اور لے کرتے نو لا میں کا پور کے سدھو تک کوچ جہد 
LOG (lattice-best-path[5.5.907~1-cbed4]:main():lattice-best-path.cc:99) For utterance 20030013_653, best cost 171.324 + 4193.34 = 4364.66 over 600 frames.
20030013_653 لو اب قرار تیز کسی سن کر کر زیر کے کے ذریعے دے تک روز کو اور 
LOG (lattice-best-path[5.5.907~1-cbed4]:main():lattice-best-path.cc:99) For utterance 20030013_654, best cost 184.808 + 5215.84 = 5400.65 over 734 frames.
20030013_654 کرفیو ڈے شعور سے سی اسجد جوے اور اونس سے کھیل اسی تیرے کا میں ستھرے ہے 
LOG (lattice-best-path[5.5.907~1-cbed4]:main():lattice-best-path.cc:99) For utterance 20030013_655, best cost 126.185 + 4255.79 = 4381.97 over 600 frames.
20030013_655 لا میں بقیہ چلائی کوٹھے ایئر بو جانے کر بیشتر 
LOG (lattice-best-path[5.5.907~1-cbed4]:main():lattice-best-path.cc:99) For utterance 20030013_656, best cost 197.618 + 5259.6 = 5457.22 over 734 frames.
20030013_656 بے سے سچ یہ رہ گئے دس تیزی اینڈ بجائے طور سوئے مرجھا رنگ دیکھ اس کریں 
LOG (lattice-best-path[5.5.907~1-cbed4]:main():lattice-best-path.cc:99) For utterance 20030013_657, best cost 137.379 + 3721.79 = 3859.17 over 542 frames.
20030013_657 ہم بھول افضل ذہن کی کیفے کر داغ کے عرصے موثر رہی 
LOG (lattice-best-path[5.5.907~1-cbed4]:main():lattice-best-path.cc:99) For utterance 20030013_658, best cost 140.147 + 3980.25 = 4120.4 over 561 frames.
20030013_658 ریزرو اور کم نے برج لولی بھیس کی بعد سے ہو راہبر 
LOG (lattice-best-path[5.5.907~1-cbed4]:main():lattice-best-path.cc:99) For utterance 20030013_659, best cost 184.528 + 4529.61 = 4714.14 over 619 frames.
20030013_659 مسخ ایک سود قرضے چائلڈ اور کوٹھڑی کا تیقن غوروخوض کے بھاگ بوئنگ یہ در سوئے 
LOG (lattice-best-path[5.5.907~1-cbed4]:main():lattice-best-path.cc:99) For utterance 20030013_660, best cost 101.129 + 2728.59 = 2829.72 over 401 frames.
20030013_660 اور دوران کے بو فرض لا میں ویلیو صرف 
LOG (lattice-best-path[5.5.907~1-cbed4]:main():lattice-best-path.cc:99) For utterance 20030013_661, best cost 119.121 + 2796.79 = 2915.91 over 427 frames.
20030013_661 طلب لینے کیلئے بے شبہ ثمر کر کہا درد دبائے 
LOG (lattice-best-path[5.5.907~1-cbed4]:main():lattice-best-path.cc:99) For utterance 20030013_662, best cost 147.689 + 3651.53 = 3799.22 over 529 frames.
20030013_662 کر ٹرین جو ہو دیا لیا چلیں تو سے جا رکھیے تجزیہ بڑے 
LOG (lattice-best-path[5.5.907~1-cbed4]:main():lattice-best-path.cc:99) For utterance 20030013_663, best cost 183.402 + 4971.84 = 5155.25 over 753 frames.
20030013_663 پی رونے جائے چار مرتب انگوٹھے عرصہ لکھ کی اٹھے دیکھی طرحی کس حقوق ہوئی 
LOG (lattice-best-path[5.5.907~1-cbed4]:main():lattice-best-path.cc:99) For utterance 20030013_664, best cost 234.314 + 4887.6 = 5121.92 over 715 frames.
20030013_664 کلاں سیاح لے کے بڑے اعظم میں دائیں لال بھورے لے کر میں گول کو اور دریغ چیک ایئر اور کے پڑے اور گئے 
LOG (lattice-best-path[5.5.907~1-cbed4]:main():lattice-best-path.cc:99) For utterance 20030013_665, best cost 124.491 + 3364.22 = 3488.71 over 484 frames.
20030013_665 فیصلے پہ سال عرصے سے گریڈ شنید اس بکھیر کو ہے 
LOG (lattice-best-path[5.5.907~1-cbed4]:main():lattice-best-path.cc:99) For utterance 20030013_666, best cost 171.568 + 3792.76 = 3964.32 over 529 frames.
20030013_666 گرج ابو ایئر آؤ گول سے رم کر حق کا غصب سے رکھ خیر سکول دیئے 
LOG (lattice-best-path[5.5.907~1-cbed4]:main():lattice-best-path.cc:99) For utterance 20030013_667, best cost 131.55 + 3557.3 = 3688.85 over 504 frames.
20030013_667 اے کی کی رسیدہ عرصے چل دیوی سے کی بورڈ کی بسر ہوئی 
LOG (lattice-best-path[5.5.907~1-cbed4]:main():lattice-best-path.cc:99) For utterance 20030013_668, best cost 212.826 + 5398.21 = 5611.04 over 747 frames.
20030013_668 سانولے کرو اور ریلیکس کے پلیئر ڈے میں ابھرے والا چونکا زچ لاکھا گیا تیار سے جال طلب 
LOG (lattice-best-path[5.5.907~1-cbed4]:main():lattice-best-path.cc:99) For utterance 20030013_669, best cost 150.675 + 4164.22 = 4314.9 over 548 frames.
20030013_669 قوت خزانہ رؤف فعل کوٹھڑی جوس در کیلئے لیزر کر بورڈ قید کیا 
LOG (lattice-best-path[5.5.907~1-cbed4]:main():lattice-best-path.cc:99) For utterance 20030013_670, best cost 148.382 + 3823.61 = 3972 over 574 frames.
20030013_670 روز سے کا آخری آشرم رہتے کے سرکا عنوان کو بوڑھوں بھرتا لو 
LOG (lattice-best-path[5.5.907~1-cbed4]:main():lattice-best-path.cc:99) For utterance 20030013_671, best cost 215.769 + 5738.58 = 5954.35 over 772 frames.
20030013_671 اور چیچک ملے سوسائٹی گھوڑے نے کہا ذوق اور اس بغور کے سقوط چوڑی نائب کوکھ اور تھی یہ دیا 
LOG (lattice-best-path[5.5.907~1-cbed4]:main():lattice-best-path.cc:99) For utterance 20030013_672, best cost 149.456 + 4719.49 = 4868.95 over 632 frames.
20030013_672 انٹر مڈل جھوم چلائی دفتر کاربن سربراہ اوصاف درجے کا بَلّا ہے 
LOG (lattice-best-path[5.5.907~1-cbed4]:main():lattice-best-path.cc:99) For utterance 20030013_673, best cost 134.516 + 3946.46 = 4080.98 over 555 frames.
20030013_673 پڑھائی کے چار قناعت ایونیو دن اصل کر رہ اور کا اے 
LOG (lattice-best-path[5.5.907~1-cbed4]:main():lattice-best-path.cc:99) For utterance 20030013_674, best cost 179.674 + 5810.16 = 5989.84 over 772 frames.
20030013_674 نقشوں نے پُلوں نائب باڑھ کا پراچہ لاڈ کر اور وارڈ دیے اونس نے کی کوشش کی 
LOG (lattice-best-path[5.5.907~1-cbed4]:main():lattice-best-path.cc:99) For utterance 20030013_675, best cost 149.7 + 3738.16 = 3887.86 over 529 frames.
20030013_675 آئے جہد بنوری کے رویے فرض پوچھیں تک داؤ فون کرواؤ اٹھائے 
LOG (lattice-best-path[5.5.907~1-cbed4]:main():lattice-best-path.cc:99) For utterance 20030013_676, best cost 151.099 + 4138.57 = 4289.67 over 568 frames.
20030013_676 اپنے رہائشی سیلز کا نتھی چاقو عذاب آنے فہرست میں بڑے قناعت دیئے 
LOG (lattice-best-path[5.5.907~1-cbed4]:main():lattice-best-path.cc:99) For utterance 20030013_677, best cost 226.784 + 6484.95 = 6711.74 over 926 frames.
20030013_677 نے سال میں کوئی یا کی کوٹھڑی بولنے کر پہنچ میں گم ہو صغیر روور تحویل کی ایل رکھے دہلوی کر آیا 
LOG (lattice-best-path[5.5.907~1-cbed4]:main():lattice-best-path.cc:99) For utterance 20030013_678, best cost 224.051 + 7007.25 = 7231.3 over 971 frames.
20030013_678 سنگھ گینز کم کو اور پہلی خیر راؤ زوال اثر چرانے کیلئے ہر کو جلد کہف سمجھتے شیر کریں 
LOG (lattice-best-path[5.5.907~1-cbed4]:main():lattice-best-path.cc:99) For utterance 20030013_679, best cost 116.904 + 3167.51 = 3284.42 over 446 frames.
20030013_679 غور یوں ریڑھی کر چیلہ کر سہیلی تھیلی زچگی 
LOG (lattice-best-path[5.5.907~1-cbed4]:main():lattice-best-path.cc:99) For utterance 20030013_680, best cost 196.461 + 4755.36 = 4951.82 over 683 frames.
20030013_680 جور ایگلز اڑا بہن زیور ازخود اور لائے اخبار آ برس میں ایک نڈر آؤ خواہ جاتا ہے 
LOG (lattice-best-path[5.5.907~1-cbed4]:main():lattice-best-path.cc:99) For utterance 20030013_681, best cost 176.313 + 4091.83 = 4268.14 over 587 frames.
20030013_681 زدہ جج سمجھی شو کر کی تارڑ سوئی کھوہ دونوں پر بیچے کار برس اور گیا 
LOG (lattice-best-path[5.5.907~1-cbed4]:main():lattice-best-path.cc:99) For utterance 20030013_682, best cost 205.657 + 5170.29 = 5375.94 over 753 frames.
20030013_682 گی دور شعاع دیکھیے دودھ کر ایسڈ اعلان آ سنگسار کر کو اس اے جور معلوم کیے 
LOG (lattice-best-path[5.5.907~1-cbed4]:main():lattice-best-path.cc:99) For utterance 20030013_683, best cost 175.959 + 4780.86 = 4956.82 over 657 frames.
20030013_683 کئے سے مگ کلچر تو تک ایل ٹرین نے سیکھ کرتی کے تیز سے نے کرے 
LOG (lattice-best-path[5.5.907~1-cbed4]:main():lattice-best-path.cc:99) For utterance 20030013_684, best cost 173.08 + 3814.02 = 3987.1 over 593 frames.
20030013_684 نے ویب کی بھول خواہ رہی ضد کے کی و میں مرغوب یا جلد طلب کر عام 
LOG (lattice-best-path[5.5.907~1-cbed4]:main():lattice-best-path.cc:99) For utterance 20030013_685, best cost 140.629 + 2996.02 = 3136.65 over 446 frames.
20030013_685 جو خلل بو سی بن شیر بخشے و سے کا سے لنگر و 
LOG (lattice-best-path[5.5.907~1-cbed4]:main():lattice-best-path.cc:99) For utterance 20030013_686, best cost 180.962 + 5342.53 = 5523.49 over 772 frames.
20030013_686 سول رینگتے کے صبر خیلوی وی پریشر سے بلدیاتی میں کھچ کر جوش رفو جوگی 
LOG (lattice-best-path[5.5.907~1-cbed4]:main():lattice-best-path.cc:99) For utterance 20030013_687, best cost 199.834 + 5149 = 5348.83 over 721 frames.
20030013_687 سوکھ کو اس کے بدسلوکی سے آدھے فوجی رباب بغور راسخ چیز مآب کر توجہ منظور کرائی 
LOG (lattice-best-path[5.5.907~1-cbed4]:main():lattice-best-path.cc:99) For utterance 20030013_688, best cost 213.622 + 5705.5 = 5919.12 over 836 frames.
20030013_688 پر کی بلکہ چادر بیگج آکر سے جلو گروہ دیکھی کے دیکھ میں نگران وہ کے پرکھے قہوے جاؤ ہے 
LOG (lattice-best-path[5.5.907~1-cbed4]:main():lattice-best-path.cc:99) For utterance 20030013_689, best cost 214.162 + 5104.38 = 5318.55 over 753 frames.
20030013_689 بو جو دو برج اجزا کی لا کیا جان اور جو گول بنائی اور قوس اور بسیں اچھل کر جائے 
LOG (lattice-best-path[5.5.907~1-cbed4]:main():lattice-best-path.cc:99) For utterance 20030013_690, best cost 117.168 + 2831.46 = 2948.62 over 414 frames.
20030013_690 پہ کو کے اداکارائیں کے شو دے کچھ کو نہیں اجازت 
LOG (lattice-best-path[5.5.907~1-cbed4]:main():lattice-best-path.cc:99) For utterance 20030013_691, best cost 159.734 + 3911.94 = 4071.67 over 606 frames.
20030013_691 کیسی دلجوئی کیلئے اگرچہ کر گویا اور جلووں ذاد کر معائنہ ایلویٹ ٹھونس دیئے 
LOG (lattice-best-path[5.5.907~1-cbed4]:main():lattice-best-path.cc:99) For utterance 20030013_692, best cost 172.378 + 4874.07 = 5046.45 over 721 frames.
20030013_692 بدشگونی سال نے کہا کے میں سے غصہ گہرے کر بڑی کے ٹری آ تیرے لہو 
LOG (lattice-best-path[5.5.907~1-cbed4]:main():lattice-best-path.cc:99) For utterance 20030013_693, best cost 138.305 + 3210.64 = 3348.95 over 491 frames.
20030013_693 میں نے حد کے جوے اسے کہا کے بقایا پر گنا کر لائے مدعو 
LOG (lattice-best-path[5.5.907~1-cbed4]:main():lattice-best-path.cc:99) For utterance 20030013_694, best cost 167.56 + 4166.77 = 4334.33 over 664 frames.
20030013_694 تمغہ چھوڑ آنکھ شل شفاعت کر ساتھ کو تجزیے اور اسے کی چاقو چوہان بنایا 
LOG (lattice-best-path[5.5.907~1-cbed4]:main():lattice-best-path.cc:99) For utterance 20030013_695, best cost 170.773 + 3547.49 = 3718.26 over 568 frames.
20030013_695 گزری کی جانے کھچی جانے زود کیا بھون اگر کے جاؤں تو پانی میں بھول جان 
LOG (lattice-best-path[5.5.907~1-cbed4]:main():lattice-best-path.cc:99) For utterance 20030013_696, best cost 157.782 + 3737.27 = 3895.06 over 593 frames.
20030013_696 فیشن خاص فیتھ کیا میں سے کو مس میں مسوڑوں کے بنانے کیلئے پر عام کیا گیا 
LOG (lattice-best-path[5.5.907~1-cbed4]:main():lattice-best-path.cc:99) For utterance 20030013_697, best cost 136.926 + 3184.75 = 3321.67 over 497 frames.
20030013_697 بولو اور کا عود سے سیل ایندھن لیڈی جائیں کرنے کا پرفارم ہو گا 
LOG (lattice-best-path[5.5.907~1-cbed4]:main():lattice-best-path.cc:99) For utterance 20030013_698, best cost 162.984 + 4319.99 = 4482.97 over 721 frames.
20030013_698 بار بم ذاد عود تین کے شب باغ باعث کام جائزہ لینے لغو 
LOG (lattice-best-path[5.5.907~1-cbed4]:main():lattice-best-path.cc:99) For utterance 20030013_699, best cost 192.668 + 3968.07 = 4160.74 over 625 frames.
20030013_699 میں جسٹس قیود اوس کار کی جھلی میں بتایا کے اہل یا نے بے اور مری کا مخصوص جوق 
LOG (lattice-best-path[5.5.907~1-cbed4]:main():lattice-best-path.cc:99) For utterance 20030013_700, best cost 146.42 + 3922.66 = 4069.08 over 587 frames.
20030013_700 ہوش اور عود کی تبلیغ میں تغافل کی سوجھی جھڑک ابو سوکھ زور 
LOG (lattice-scale[5.5.907~1-cbed4]:main():lattice-scale.cc:107) Done 108 lattices.
LOG (lattice-best-path[5.5.907~1-cbed4]:main():lattice-best-path.cc:99) For utterance 20030013_701, best cost 204.18 + 4583.36 = 4787.54 over 728 frames.
20030013_701 مضمون باؤلر مان بھولو کو بدل کی تو مس نجی سے کھول کھا کر ماچس قوت تو بوسن آیا 
LOG (lattice-best-path[5.5.907~1-cbed4]:main():lattice-best-path.cc:99) For utterance 20030013_702, best cost 184.519 + 4257.92 = 4442.44 over 683 frames.
20030013_702 گھائل فیصلہ آپ حقوق بات کی کود میں ہر ایک کھوہ کا گناہ دل لوک شوخ 
LOG (lattice-best-path[5.5.907~1-cbed4]:main():lattice-best-path.cc:99) For utterance 20030013_703, best cost 145.135 + 2944.75 = 3089.89 over 465 frames.
20030013_703 پہلا چائلڈ سے دور بھی کی چھین کے دیکھ مقابلوں بار ظاہر ہوتا ہے 
LOG (lattice-best-path[5.5.907~1-cbed4]:main():lattice-best-path.cc:99) For utterance 20030013_704, best cost 145.643 + 4106.2 = 4251.85 over 676 frames.
20030013_704 چودہ دھیمی فیشن مزارعین عذاب لیں کے انظباتی کا لاکھا پراسیس ہے 
LOG (lattice-add-penalty[5.5.907~1-cbed4]:main():lattice-add-penalty.cc:62) Done adding word insertion penalty to 108 lattices.
LOG (lattice-best-path[5.5.907~1-cbed4]:main():lattice-best-path.cc:99) For utterance 20030013_705, best cost 155.588 + 3096.47 = 3252.05 over 491 frames.
20030013_705 باغ آج اگلا بن مان ترویج سے ذاد پر لاگت کانفرنسوں سے بڑھ گئی 
LOG (lattice-best-path[5.5.907~1-cbed4]:main():lattice-best-path.cc:99) For utterance 20030013_706, best cost 109.816 + 2519.19 = 2629.01 over 363 frames.
20030013_706 ابو سفید اویسی یا کے دیکھیں تو مدون مرچوں 
LOG (lattice-best-path[5.5.907~1-cbed4]:main():lattice-best-path.cc:99) For utterance 20030013_707, best cost 128.618 + 2827.67 = 2956.29 over 452 frames.
20030013_707 ماضی کو بلا ہیلتھ آدھے بڑی یوں نیز ملاؤں میں نہ کریں 
LOG (lattice-best-path[5.5.907~1-cbed4]:main():lattice-best-path.cc:99) For utterance 20030013_708, best cost 169.519 + 4059 = 4228.52 over 606 frames.
20030013_708 مشعر نے سے پہلے برڈ میں نے مری کچھ خواہ رسیدہ تحریک کا اور مشق سمجھا ہے 
LOG (lattice-best-path[5.5.907~1-cbed4]:main():lattice-best-path.cc:124) Overall cost per frame is 6.96791 = 0.26821 [graph] + 6.6997 [acoustic] over 71279 frames.
LOG (lattice-best-path[5.5.907~1-cbed4]:main():lattice-best-path.cc:128) Done 108 lattices, failed for 0
# Accounting: time=1 threads=1
# Ended (code 0) at Wed Apr 21 06:58:54 PKT 2021, elapsed time 1 seconds
