# lattice-scale --inv-acoustic-scale=15 "ark:gunzip -c exp/tri3/decode.si/lat.*.gz|" ark:- | lattice-add-penalty --word-ins-penalty=0.5 ark:- ark:- | lattice-best-path --word-symbol-table=exp/tri3/graph/words.txt ark:- ark,t:- | utils/int2sym.pl -f 2- exp/tri3/graph/words.txt | cat > exp/tri3/decode.si/scoring_kaldi/penalty_0.5/15.txt 
# Started at Wed Apr 21 06:58:55 PKT 2021
#
lattice-add-penalty --word-ins-penalty=0.5 ark:- ark:- 
lattice-scale --inv-acoustic-scale=15 'ark:gunzip -c exp/tri3/decode.si/lat.*.gz|' ark:- 
lattice-best-path --word-symbol-table=exp/tri3/graph/words.txt ark:- ark,t:- 
LOG (lattice-best-path[5.5.907~1-cbed4]:main():lattice-best-path.cc:99) For utterance 20030013_601, best cost 232.519 + 3164.67 = 3397.19 over 952 frames.
20030013_601 موقع صیاد تک پہنچ کی کے قاری ڈیرے شو میں دہلوی گنگولی کو لیلی خودسر وولر پڑھو کو قبول کرنے گے 
LOG (lattice-best-path[5.5.907~1-cbed4]:main():lattice-best-path.cc:99) For utterance 20030013_602, best cost 266.42 + 4097.07 = 4363.49 over 1201 frames.
20030013_602 دلوں وبائی روڈ ایندھن کر اور کھلے پر کے ہوے اڑایا کی لوک بلوچی آلود سے کے گاؤ کلیرنگ کرنے کی شرکت سے آرزوئیں 
LOG (lattice-best-path[5.5.907~1-cbed4]:main():lattice-best-path.cc:99) For utterance 20030013_603, best cost 229.065 + 2967.31 = 3196.38 over 875 frames.
20030013_603 چھم سگھڑ اور نزلے کی گھاس کے رکھتے عمل پر اٹھا مدد لیتی میں بے کوسوں پر کا رم نے چاول کیا 
LOG (lattice-best-path[5.5.907~1-cbed4]:main():lattice-best-path.cc:99) For utterance 20030013_604, best cost 213.008 + 2986.16 = 3199.17 over 920 frames.
20030013_604 سوجھی میں نہ علی کی دواؤں کی گڑھ پر پڑی تو کام سے طور چلیں کے گھس دن آخری اٹھائے 
LOG (lattice-best-path[5.5.907~1-cbed4]:main():lattice-best-path.cc:99) For utterance 20030013_605, best cost 138.924 + 1989.43 = 2128.36 over 606 frames.
20030013_605 سول در شو پر جون کے کے شیڈ میں بلبل کر تخلص گیا 
LOG (lattice-best-path[5.5.907~1-cbed4]:main():lattice-best-path.cc:99) For utterance 20030013_606, best cost 173.196 + 2197.26 = 2370.46 over 638 frames.
20030013_606 نسرین کے دماغی میں بلوں ورک سے لیا اس نظروں کے تعاقب سخت کی بڑی فضل ہے 
LOG (lattice-best-path[5.5.907~1-cbed4]:main():lattice-best-path.cc:99) For utterance 20030013_607, best cost 112.254 + 1493.04 = 1605.29 over 440 frames.
20030013_607 اختر یا کی ہول کا کی زوال گھمبیر نہ منیجر ہے 
LOG (lattice-best-path[5.5.907~1-cbed4]:main():lattice-best-path.cc:99) For utterance 20030013_608, best cost 159.673 + 2497.36 = 2657.03 over 798 frames.
20030013_608 کو کے کے بورڈ کے مرغی کو خرچ کر ڈام جوق جانے کی اودھم تو ہو گی 
LOG (lattice-best-path[5.5.907~1-cbed4]:main():lattice-best-path.cc:99) For utterance 20030013_609, best cost 181.928 + 2187.14 = 2369.07 over 651 frames.
20030013_609 فلیش ان میں محلوں مقدار مگر مس نقرس اور نکالیں اور کی ستھرے چور کا تصویر کیا 
LOG (lattice-best-path[5.5.907~1-cbed4]:main():lattice-best-path.cc:99) For utterance 20030013_610, best cost 170.318 + 2680.25 = 2850.57 over 792 frames.
20030013_610 موثر ایجنسیوں کا افیون کی گھمن بَلّا نیچے کی طلب سے بو دیا تساہل ہے 
LOG (lattice-best-path[5.5.907~1-cbed4]:main():lattice-best-path.cc:99) For utterance 20030013_611, best cost 161.093 + 1985.28 = 2146.38 over 580 frames.
20030013_611 گذر پہنے دھینگا کو پر نے کے کے دواؤں کو پر کلراٹھی گھوم کے ساتھ کھیلے 
LOG (lattice-best-path[5.5.907~1-cbed4]:main():lattice-best-path.cc:99) For utterance 20030013_612, best cost 185.024 + 2837.61 = 3022.63 over 804 frames.
20030013_612 تبدیلی و کی لغو سے شخصے نکالیں دلہن جیو سفر قصور کی بھنڈی چَھپ کو ہے 
LOG (lattice-best-path[5.5.907~1-cbed4]:main():lattice-best-path.cc:99) For utterance 20030013_613, best cost 101.964 + 1449.04 = 1551 over 414 frames.
20030013_613 علم بلا کوسوں جیل قل کی نے پیدا کہا 
LOG (lattice-best-path[5.5.907~1-cbed4]:main():lattice-best-path.cc:99) For utterance 20030013_614, best cost 129.208 + 1859.85 = 1989.06 over 523 frames.
20030013_614 وقوف لینڈ میں کی چکے ڈرائینگ کے ساتھ حملے بغیر سنگل کر دیا 
LOG (lattice-best-path[5.5.907~1-cbed4]:main():lattice-best-path.cc:99) For utterance 20030013_615, best cost 232.835 + 3613.02 = 3845.86 over 1105 frames.
20030013_615 تجارت کا شہزادی نے گلیشئر مصر افضل کو بلوچ کرتے ہوئے جوبلی خان مان کیونکہ جیوری میں گوبر لیڈز بنایا 
LOG (lattice-best-path[5.5.907~1-cbed4]:main():lattice-best-path.cc:99) For utterance 20030013_616, best cost 237.879 + 3347.53 = 3585.41 over 977 frames.
20030013_616 توجہ میں وارڈ پڑنے سدھ کو نامور جن کو فروزاں اس کر کیسی زدہ ثلث کی مواد پر پنکھا اقرار کیا 
LOG (lattice-best-path[5.5.907~1-cbed4]:main():lattice-best-path.cc:99) For utterance 20030013_617, best cost 158.372 + 2085.99 = 2244.36 over 632 frames.
20030013_617 کمرے پر پڑے سوکھ کے ہجوم میں کھیلوں کو عابد اسے کر پیدا حسن لگا 
LOG (lattice-best-path[5.5.907~1-cbed4]:main():lattice-best-path.cc:99) For utterance 20030013_618, best cost 170.668 + 2567.25 = 2737.92 over 734 frames.
20030013_618 باولنگ کمرے سے روشنی آسمان سوگوار لیاقت ساغر نے حملوں کے بعد اس صیاد لیا ہے 
LOG (lattice-best-path[5.5.907~1-cbed4]:main():lattice-best-path.cc:99) For utterance 20030013_619, best cost 130.961 + 1506.81 = 1637.77 over 440 frames.
20030013_619 ٹریژری تشبیہ آپ مژدہ بیان کرنے کا جور عید میں کی جا ہے 
LOG (lattice-best-path[5.5.907~1-cbed4]:main():lattice-best-path.cc:99) For utterance 20030013_620, best cost 221.284 + 2980.01 = 3201.3 over 900 frames.
20030013_620 چینی ملنے پَلوں کے بولوں کو بلوں میں سموئے آ اور دھیرے مغفور و پر حضور شب کی تیار یقین 
LOG (lattice-best-path[5.5.907~1-cbed4]:main():lattice-best-path.cc:99) For utterance 20030013_621, best cost 181.163 + 2660.79 = 2841.95 over 779 frames.
20030013_621 اجاگر ریسرچ میں نے اور کر سوجن کے معاون میں سینڈوچ اور جاتی نواز نے میں بیلٹ کی 
LOG (lattice-best-path[5.5.907~1-cbed4]:main():lattice-best-path.cc:99) For utterance 20030013_622, best cost 165.783 + 2260.23 = 2426.01 over 657 frames.
20030013_622 اونچی ورلڈ میں ممبر کا دیتے کرے طرزعمل رسیدہ بھیڑیے فارورڈ میں سے گزری 
LOG (lattice-best-path[5.5.907~1-cbed4]:main():lattice-best-path.cc:99) For utterance 20030013_623, best cost 146.867 + 1889.81 = 2036.68 over 574 frames.
20030013_623 بن کر گینز ورلڈ وقت منافعوں سود برس کا مینگل میں شاہ لے گیا 
LOG (lattice-best-path[5.5.907~1-cbed4]:main():lattice-best-path.cc:99) For utterance 20030013_624, best cost 210.745 + 2989.71 = 3200.45 over 811 frames.
20030013_624 مفلس سیر کے نوش کو نے کے استغراق اور صورت کا رفو حدود دن کے چین کے لیے گگلی شون تھا 
LOG (lattice-best-path[5.5.907~1-cbed4]:main():lattice-best-path.cc:99) For utterance 20030013_625, best cost 172.611 + 2653.82 = 2826.43 over 696 frames.
20030013_625 نیو لیکن ضائع بلکہ کے کی بھاری قدرے لے کر بکھری دیگر کے مواد کے کو گیا 
LOG (lattice-best-path[5.5.907~1-cbed4]:main():lattice-best-path.cc:99) For utterance 20030013_626, best cost 114.246 + 1600.56 = 1714.81 over 420 frames.
20030013_626 ڈیم بش میں کو مرغی ہرادھنیا کی یا رباب سمجھا 
LOG (lattice-best-path[5.5.907~1-cbed4]:main():lattice-best-path.cc:99) For utterance 20030013_627, best cost 175.926 + 3202.41 = 3378.33 over 926 frames.
20030013_627 چھلکا خیرہ معلوم کے نامور کے عالمی زیر پڑھوں کے طوفان مین باران گیا 
LOG (lattice-best-path[5.5.907~1-cbed4]:main():lattice-best-path.cc:99) For utterance 20030013_628, best cost 174.832 + 2280.03 = 2454.86 over 644 frames.
20030013_628 بھگت کی تک ملنے بنانے کیلئے بیٹھی ٹریبیونل میں کروں کی خوشی یاں مسخ عود تھیں 
LOG (lattice-best-path[5.5.907~1-cbed4]:main():lattice-best-path.cc:99) For utterance 20030013_629, best cost 201.176 + 3042.49 = 3243.67 over 894 frames.
20030013_629 شیرے کی بش والوں کے آؤ کو اور میں فیڈر اور روز انیق نے مغلوں کا ہے جا بھیج کر آیا 
LOG (lattice-best-path[5.5.907~1-cbed4]:main():lattice-best-path.cc:99) For utterance 20030013_630, best cost 161.042 + 2223.42 = 2384.46 over 606 frames.
20030013_630 قیام پہلا نے نجی بسیار میں آکر بیچے مارچ سے چینی سے سنبھلی کر گیا 
LOG (lattice-best-path[5.5.907~1-cbed4]:main():lattice-best-path.cc:99) For utterance 20030013_631, best cost 214.907 + 3099.87 = 3314.78 over 843 frames.
20030013_631 سرویئر سیکھ سکول ان ڈار ہیڈ نے وقف کا کرتے فلڈ رکھنے کے دوست ناظم اور کر جعلی دیکھا ہے 
LOG (lattice-best-path[5.5.907~1-cbed4]:main():lattice-best-path.cc:99) For utterance 20030013_632, best cost 241.222 + 3416.05 = 3657.27 over 1009 frames.
20030013_632 تزئین سیکھا نے کہا کے روئی کے کی حجت چوم ہو اور ریڑھی بے بھجوا کر کھجوریں اور رسوائی جھولے بغیر بن ہوئی 
LOG (lattice-best-path[5.5.907~1-cbed4]:main():lattice-best-path.cc:99) For utterance 20030013_633, best cost 200.98 + 3269.85 = 3470.83 over 913 frames.
20030013_633 ایتھرنیٹ کے بحران میں تخیّل کیلئے نیلوفر کے اور کی سوکھ کی کھال سیف سنگھ سوئنگ کے لیے کیجیے 
LOG (lattice-best-path[5.5.907~1-cbed4]:main():lattice-best-path.cc:99) For utterance 20030013_634, best cost 128.313 + 1780.97 = 1909.28 over 497 frames.
20030013_634 کو نیشن نے جنریشن کے ساتھ کیلئے روغن یقیناً پر بن کر کر لائے 
LOG (lattice-best-path[5.5.907~1-cbed4]:main():lattice-best-path.cc:99) For utterance 20030013_635, best cost 185.258 + 2649.17 = 2834.42 over 734 frames.
20030013_635 پاک مٹھل پوچھیں کی لاکھا اور میں بیٹھ نے اور علی مملکت میراں سے کے جس اولاد ہے 
LOG (lattice-best-path[5.5.907~1-cbed4]:main():lattice-best-path.cc:99) For utterance 20030013_636, best cost 147.853 + 2295.62 = 2443.48 over 657 frames.
20030013_636 کو موو دشمن کی جوبلی ارشد ہونے سے وجہ کا تو ہم کا قوت 
LOG (lattice-best-path[5.5.907~1-cbed4]:main():lattice-best-path.cc:99) For utterance 20030013_637, best cost 167.102 + 2414.9 = 2582 over 696 frames.
20030013_637 اس خان استعمال میں پہنچ کر رم نیلم ہوتی کی کیریئر سے ماڈل بلڈ ہوئی 
LOG (lattice-best-path[5.5.907~1-cbed4]:main():lattice-best-path.cc:99) For utterance 20030013_638, best cost 190.289 + 2537.5 = 2727.79 over 760 frames.
20030013_638 کا نیو گوجر کی شیڈول ڈرائینگ میں ہونے صورت اور کوٹھڑی کو کھڑے کی کے ہلاک سے جلسے ہیں 
LOG (lattice-best-path[5.5.907~1-cbed4]:main():lattice-best-path.cc:99) For utterance 20030013_639, best cost 220.703 + 2920.99 = 3141.69 over 868 frames.
20030013_639 قحط کے دفتر میں روپے جلد سے تجویز کر سکتے نام کود کی زیور تک ساز دیں دب و صفیں 
LOG (lattice-best-path[5.5.907~1-cbed4]:main():lattice-best-path.cc:99) For utterance 20030013_640, best cost 185.818 + 2763.62 = 2949.44 over 760 frames.
20030013_640 جھمکے نیلم کر بیٹھی دیا نیچا کی نے پیسنے کونسل ٹشو والا کا پنچولی کچلا آیا 
LOG (lattice-best-path[5.5.907~1-cbed4]:main():lattice-best-path.cc:99) For utterance 20030013_641, best cost 121.672 + 1794.18 = 1915.85 over 465 frames.
20030013_641 کو کو ایلیمنٹری شعبوں گجراتی کا تھیسس ٹھاکر ونگ سے کی کی 
LOG (lattice-best-path[5.5.907~1-cbed4]:main():lattice-best-path.cc:99) For utterance 20030013_642, best cost 131.515 + 2189.67 = 2321.18 over 574 frames.
20030013_642 صفوں کے دکھی میں سے سیسے صدر صحت ٹھوس کی راہو کی 
LOG (lattice-best-path[5.5.907~1-cbed4]:main():lattice-best-path.cc:99) For utterance 20030013_643, best cost 161.403 + 2777.76 = 2939.16 over 734 frames.
20030013_643 خوف سے ندرت بڑے ماؤف بریتھلائزر سنائی اور بورڈر آپ سے سائیڈ کرے لگے 
LOG (lattice-best-path[5.5.907~1-cbed4]:main():lattice-best-path.cc:99) For utterance 20030013_644, best cost 180.29 + 2704.35 = 2884.64 over 683 frames.
20030013_644 پچھلے لیدر چھ کنٹرول کرے اور سے کرا بجلی کے سیل کر کس طلب بکھیر ہے 
LOG (lattice-best-path[5.5.907~1-cbed4]:main():lattice-best-path.cc:99) For utterance 20030013_645, best cost 154.252 + 2255.2 = 2409.45 over 580 frames.
20030013_645 میں دورے بڑے سے دولت ایثار گروتھ گھس اختر کرنے کی کا اشرف لے 
LOG (lattice-best-path[5.5.907~1-cbed4]:main():lattice-best-path.cc:99) For utterance 20030013_646, best cost 150.792 + 2293.49 = 2444.28 over 587 frames.
20030013_646 ساری ڈبو جوس وجود کرنے کے بعد آؤٹ کردار میں برابر علم نے آئی 
LOG (lattice-best-path[5.5.907~1-cbed4]:main():lattice-best-path.cc:99) For utterance 20030013_647, best cost 121.495 + 1770.73 = 1892.23 over 452 frames.
20030013_647 <oov> صدر احسن عارضی گھورنے چور کر بولوں کرائی 
LOG (lattice-best-path[5.5.907~1-cbed4]:main():lattice-best-path.cc:99) For utterance 20030013_648, best cost 107.105 + 1678.48 = 1785.58 over 440 frames.
20030013_648 میں لینے دودھیا جارج طلب سچل کیلئے کروا تھا 
LOG (lattice-best-path[5.5.907~1-cbed4]:main():lattice-best-path.cc:99) For utterance 20030013_649, best cost 149.532 + 2282.43 = 2431.96 over 600 frames.
20030013_649 وقوف و قے بستر کے بیک میں کے بعد کا لنگر ڈیڈ علاقائی کیے 
LOG (lattice-best-path[5.5.907~1-cbed4]:main():lattice-best-path.cc:99) For utterance 20030013_650, best cost 149.413 + 2585.16 = 2734.57 over 670 frames.
20030013_650 ہتھیلی داغ انستھیزیا تو سانولے پنکھے نفسیاتی یا علاج تک ریزرو ہے 
LOG (lattice-best-path[5.5.907~1-cbed4]:main():lattice-best-path.cc:99) For utterance 20030013_651, best cost 125.795 + 2061.42 = 2187.21 over 548 frames.
20030013_651 اور کو تیری مرچوں کی کو کے اکٹھی بولنے سے پہلے صوفی کی 
LOG (lattice-best-path[5.5.907~1-cbed4]:main():lattice-best-path.cc:99) For utterance 20030013_652, best cost 191.354 + 2673.17 = 2864.53 over 696 frames.
20030013_652 فیڈرل ایئر کیجیے لیدر گئی کوئلے کرتے نو لا میں کا پور کے سدھو تک کوچ سے ہے 
LOG (lattice-best-path[5.5.907~1-cbed4]:main():lattice-best-path.cc:99) For utterance 20030013_653, best cost 157.928 + 2247.7 = 2405.62 over 600 frames.
20030013_653 لو اب قرار تیز کسی سن کر کر سے کے ذریعے دے تک روز کو ہے 
LOG (lattice-best-path[5.5.907~1-cbed4]:main():lattice-best-path.cc:99) For utterance 20030013_654, best cost 167.735 + 2797.13 = 2964.86 over 734 frames.
20030013_654 کرفیو ڈے شعور سے سی اسجد جوے اور ان سیفٹی اسی الیکڑانکس و تھے 
LOG (lattice-best-path[5.5.907~1-cbed4]:main():lattice-best-path.cc:99) For utterance 20030013_655, best cost 121.23 + 2273.06 = 2394.3 over 600 frames.
20030013_655 رم بقیہ چلائی کوٹھے ایئر بو جانے کر بیشتر 
LOG (lattice-best-path[5.5.907~1-cbed4]:main():lattice-best-path.cc:99) For utterance 20030013_656, best cost 166.666 + 2827.86 = 2994.53 over 734 frames.
20030013_656 بے سے سے چل گئے کسے کی اینڈ بجائے پر سوئے مظہر انگیخت اس کریں 
LOG (lattice-best-path[5.5.907~1-cbed4]:main():lattice-best-path.cc:99) For utterance 20030013_657, best cost 122.96 + 1996.46 = 2119.42 over 542 frames.
20030013_657 ابو لقب ذہن کی کیفے کر کا کے عرصے موثر رہی 
LOG (lattice-best-path[5.5.907~1-cbed4]:main():lattice-best-path.cc:99) For utterance 20030013_658, best cost 117.972 + 2141.8 = 2259.77 over 561 frames.
20030013_658 ریزرو اور کمرے پر لولی بھیس کی بااثر ادھار 
LOG (lattice-best-path[5.5.907~1-cbed4]:main():lattice-best-path.cc:99) For utterance 20030013_659, best cost 154.442 + 2437.08 = 2591.52 over 619 frames.
20030013_659 مجید سود کر سچائی اور کوٹھڑی کا تیقن غوروخوض کے بعد کھویا کر سوئے 
LOG (lattice-best-path[5.5.907~1-cbed4]:main():lattice-best-path.cc:99) For utterance 20030013_660, best cost 90.36 + 1465.27 = 1555.63 over 401 frames.
20030013_660 اور دوران کے رخصت لا میں ویلیو صرف 
LOG (lattice-best-path[5.5.907~1-cbed4]:main():lattice-best-path.cc:99) For utterance 20030013_661, best cost 110.95 + 1498.16 = 1609.11 over 427 frames.
20030013_661 طلب لینے کیلئے بے شبہ ثمر کر ٹھاکر دبائے 
LOG (lattice-best-path[5.5.907~1-cbed4]:main():lattice-best-path.cc:99) For utterance 20030013_662, best cost 123.321 + 1964.08 = 2087.4 over 529 frames.
20030013_662 کر ٹرین جوگی عدلیہ چلیں کسی جارج کی تجزیہ کرے 
LOG (lattice-best-path[5.5.907~1-cbed4]:main():lattice-best-path.cc:99) For utterance 20030013_663, best cost 162.887 + 2667.88 = 2830.76 over 753 frames.
20030013_663 پی رونے جائزہ مرتب انگوٹھے عرصہ کی اٹھے دیکھی طرحی کس وقوف ہوئی 
LOG (lattice-best-path[5.5.907~1-cbed4]:main():lattice-best-path.cc:99) For utterance 20030013_664, best cost 196.053 + 2635.15 = 2831.2 over 715 frames.
20030013_664 کرا زیادہ کے بڑے اعظم میں دائیں لال کوئلے کر محلول کو اور خلجی کر اور کے دریغ گئے 
LOG (lattice-best-path[5.5.907~1-cbed4]:main():lattice-best-path.cc:99) For utterance 20030013_665, best cost 118.913 + 1798.09 = 1917 over 484 frames.
20030013_665 فیصلے قیصر لال سے سے گریڈ شنید اس بکھیر کو ہے 
LOG (lattice-best-path[5.5.907~1-cbed4]:main():lattice-best-path.cc:99) For utterance 20030013_666, best cost 143.782 + 2039.05 = 2182.83 over 529 frames.
20030013_666 دس احوال سے رم کر حق کا غصب سے رکھ خیر سکول دیئے 
LOG (lattice-best-path[5.5.907~1-cbed4]:main():lattice-best-path.cc:99) For utterance 20030013_667, best cost 125.341 + 1902.14 = 2027.48 over 504 frames.
20030013_667 اے کی کی رسیدہ عرصے سینٹر روضے کی بورڈ کی بسر ہوئی 
LOG (lattice-best-path[5.5.907~1-cbed4]:main():lattice-best-path.cc:99) For utterance 20030013_668, best cost 175.997 + 2906 = 3082 over 747 frames.
20030013_668 سانولے کلی کے تلے میں غلط چونکا زچ لاکھا گیا تیار سے جال طلب 
LOG (lattice-best-path[5.5.907~1-cbed4]:main():lattice-best-path.cc:99) For utterance 20030013_669, best cost 134.757 + 2234.29 = 2369.04 over 548 frames.
20030013_669 قوت خزانہ رؤف فعل کوٹھڑی فیوچر کیلئے لیزر سلور قید کیا 
LOG (lattice-best-path[5.5.907~1-cbed4]:main():lattice-best-path.cc:99) For utterance 20030013_670, best cost 126.604 + 2056.91 = 2183.51 over 574 frames.
20030013_670 روضے کا آخری آشرم رہتے کے سربراہ کو بوڑھوں کا تعلق 
LOG (lattice-best-path[5.5.907~1-cbed4]:main():lattice-best-path.cc:99) For utterance 20030013_671, best cost 193.899 + 3075.68 = 3269.58 over 772 frames.
20030013_671 اور چیچک ملے سوسائٹی گھوڑے نے کہا ذوق خاص بغور کے سقوط جونیئر کوکھ اور دیے دیا 
LOG (lattice-best-path[5.5.907~1-cbed4]:main():lattice-best-path.cc:99) For utterance 20030013_672, best cost 148.153 + 2518.01 = 2666.16 over 632 frames.
20030013_672 انٹر مڈل جھوم چلائی دفتر کاربن سربراہ اوصاف درج علاقے لایا 
LOG (lattice-best-path[5.5.907~1-cbed4]:main():lattice-best-path.cc:99) For utterance 20030013_673, best cost 123.494 + 2115.22 = 2238.72 over 555 frames.
20030013_673 پڑھائی کے چار قناعت ایونیو کی نظر جہد اور کا اے 
LOG (lattice-best-path[5.5.907~1-cbed4]:main():lattice-best-path.cc:99) For utterance 20030013_674, best cost 174.286 + 3103.35 = 3277.63 over 772 frames.
20030013_674 نقشوں نے پُلوں نائب باڑھ کا پراچہ لاڈ کر اور والی میں اونس نے کی کوشش کی 
LOG (lattice-best-path[5.5.907~1-cbed4]:main():lattice-best-path.cc:99) For utterance 20030013_675, best cost 148.524 + 1994.55 = 2143.07 over 529 frames.
20030013_675 آئے جہد بنوری کے رویے فرض پوچھیں تک آؤ فون کرواؤ اٹھائے 
LOG (lattice-best-path[5.5.907~1-cbed4]:main():lattice-best-path.cc:99) For utterance 20030013_676, best cost 137.566 + 2219.55 = 2357.12 over 568 frames.
20030013_676 اپنے رہائشی سیلز کا نتھی چاقو علاوہ نرگس لڑیں بنا دیئے 
LOG (lattice-best-path[5.5.907~1-cbed4]:main():lattice-best-path.cc:99) For utterance 20030013_677, best cost 201.016 + 3479.98 = 3680.99 over 926 frames.
20030013_677 مثال میں کوئی یا کی کوٹھڑی بولنے کر پہنچ صغیر روور تحویل کی ایئر رکھے دہلوی کر آیا 
LOG (lattice-best-path[5.5.907~1-cbed4]:main():lattice-best-path.cc:99) For utterance 20030013_678, best cost 199.414 + 3756.92 = 3956.33 over 971 frames.
20030013_678 سندھی نے سکول ڈیلی خیر راؤ زوال اثر چرانے کیلئے اور گوجر خلل سمجھتے شیر کریں 
LOG (lattice-best-path[5.5.907~1-cbed4]:main():lattice-best-path.cc:99) For utterance 20030013_679, best cost 98.044 + 1701.57 = 1799.61 over 446 frames.
20030013_679 کوٹھڑی علوی کر چیلہ کچہری تھیلی زچگی 
LOG (lattice-best-path[5.5.907~1-cbed4]:main():lattice-best-path.cc:99) For utterance 20030013_680, best cost 164.905 + 2561.79 = 2726.69 over 683 frames.
20030013_680 چولہے اڑا بہن زیور ازخود اور لائے اخبار آ برس نیگیٹو آغا جاتا ہے 
LOG (lattice-best-path[5.5.907~1-cbed4]:main():lattice-best-path.cc:99) For utterance 20030013_681, best cost 171.488 + 2186.38 = 2357.87 over 587 frames.
20030013_681 زدہ جج سمجھی شو کر کی تارڑ سوئی کو دونوں پر بیچے کار برس اور گیا 
LOG (lattice-best-path[5.5.907~1-cbed4]:main():lattice-best-path.cc:99) For utterance 20030013_682, best cost 193.998 + 2766.88 = 2960.88 over 753 frames.
20030013_682 گیدڑ شعاع دیکھیے دودھ کر ایسڈ اعلان آ سنگسار کر بوائے اے جور معلوم کیے 
LOG (lattice-best-path[5.5.907~1-cbed4]:main():lattice-best-path.cc:99) For utterance 20030013_683, best cost 146.506 + 2573.07 = 2719.58 over 657 frames.
20030013_683 دیے سے مجلس درجوں تک اینٹھن نے سیکھ کرتی کے ایسڈ نے کرے 
LOG (lattice-best-path[5.5.907~1-cbed4]:main():lattice-best-path.cc:99) For utterance 20030013_684, best cost 141.853 + 2055.94 = 2197.79 over 593 frames.
20030013_684 نے غریب بھول خارجہ کے کی و میں مرغوب یا جلد رکھتا گاؤں 
LOG (lattice-best-path[5.5.907~1-cbed4]:main():lattice-best-path.cc:99) For utterance 20030013_685, best cost 122.404 + 1614.42 = 1736.82 over 446 frames.
20030013_685 جو خلل گوجری بن جرگہ شیو سے کا سے لنگر و 
LOG (lattice-best-path[5.5.907~1-cbed4]:main():lattice-best-path.cc:99) For utterance 20030013_686, best cost 180.962 + 2849.35 = 3030.31 over 772 frames.
20030013_686 سول رینگتے کے صبر خیلوی وی پریشر سے بلدیاتی میں کھچ کر جوش رفو جوگی 
LOG (lattice-best-path[5.5.907~1-cbed4]:main():lattice-best-path.cc:99) For utterance 20030013_687, best cost 199.834 + 2746.13 = 2945.97 over 721 frames.
20030013_687 سوکھ کو اس کے بدسلوکی سے آدھے فوجی رباب بغور راسخ چیز مآب کر توجہ منظور کرائی 
LOG (lattice-best-path[5.5.907~1-cbed4]:main():lattice-best-path.cc:99) For utterance 20030013_688, best cost 202.806 + 3051.05 = 3253.85 over 836 frames.
20030013_688 پر کی بلکہ چادر بیگج آکر سرنجیں گروہ دیکھی کے دیکھ میں نگران وہ کے پرکھے قہوے جاؤ 
LOG (lattice-best-path[5.5.907~1-cbed4]:main():lattice-best-path.cc:99) For utterance 20030013_689, best cost 181.943 + 2742.9 = 2924.85 over 753 frames.
20030013_689 گو چوزوں برسراقتدار کیا جان اور جو گول بنائی اور قوس اور بسیں اچھل کر جائے 
LOG (lattice-best-path[5.5.907~1-cbed4]:main():lattice-best-path.cc:99) For utterance 20030013_690, best cost 100.44 + 1523.01 = 1623.45 over 414 frames.
20030013_690 بھگو کے اداکارائیں کے شبہے کچھ کو نہیں جاتی 
LOG (lattice-best-path[5.5.907~1-cbed4]:main():lattice-best-path.cc:99) For utterance 20030013_691, best cost 146.307 + 2097.31 = 2243.62 over 606 frames.
20030013_691 کیسی دلجوئی کیلئے اگرچہ کر گویا اور جلد آکر معائنہ پٹھو دیئے 
LOG (lattice-best-path[5.5.907~1-cbed4]:main():lattice-best-path.cc:99) For utterance 20030013_692, best cost 159.808 + 2607.24 = 2767.04 over 721 frames.
20030013_692 بدشگونی سامنے کہا کے میں سے غصہ گہرے کر بڑی کے ٹری کرتے لہو 
LOG (lattice-best-path[5.5.907~1-cbed4]:main():lattice-best-path.cc:99) For utterance 20030013_693, best cost 114.66 + 1732.71 = 1847.37 over 491 frames.
20030013_693 میں نگہت کے تحصیلدار کے بقایا پر گنا کر لائے مدعو 
LOG (lattice-best-path[5.5.907~1-cbed4]:main():lattice-best-path.cc:99) For utterance 20030013_694, best cost 162.322 + 2225.86 = 2388.18 over 664 frames.
20030013_694 تمغہ چھوڑ آپ شل شفاعت عرصہ کو درجے اور اسے کی چاقو چوہان بنایا 
LOG (lattice-best-path[5.5.907~1-cbed4]:main():lattice-best-path.cc:99) For utterance 20030013_695, best cost 151.478 + 1905.9 = 2057.38 over 568 frames.
20030013_695 گزری جانے کھچی جانے دودھیا بھون اگر کے جاؤں تو پانی میں بھول جاؤ 
LOG (lattice-best-path[5.5.907~1-cbed4]:main():lattice-best-path.cc:99) For utterance 20030013_696, best cost 147.185 + 2002.39 = 2149.57 over 593 frames.
20030013_696 فیشن خاصے کیا میں سے کو مس میں مسوڑوں کے بنانے کیلئے پر عام کیا گیا 
LOG (lattice-best-path[5.5.907~1-cbed4]:main():lattice-best-path.cc:99) For utterance 20030013_697, best cost 136.926 + 1698.53 = 1835.46 over 497 frames.
20030013_697 بولو اور کا عود سے سیل ایندھن لیڈی جائیں کرنے کا پرفارم ہو گا 
LOG (lattice-best-path[5.5.907~1-cbed4]:main():lattice-best-path.cc:99) For utterance 20030013_698, best cost 143.168 + 2320.37 = 2463.54 over 721 frames.
20030013_698 بار بم ذاد عود انکشاف باغ باعث کام جائزہ لینے گا 
LOG (lattice-best-path[5.5.907~1-cbed4]:main():lattice-best-path.cc:99) For utterance 20030013_699, best cost 165.858 + 2135.6 = 2301.46 over 625 frames.
20030013_699 میں جسٹس قیود روزگار کی چھڑیاں بتایا قید جانے کے اور ملی کا مخصوص جوق 
LOG (lattice-best-path[5.5.907~1-cbed4]:main():lattice-best-path.cc:99) For utterance 20030013_700, best cost 146.42 + 2092.09 = 2238.51 over 587 frames.
20030013_700 ہوش اور عود کی تبلیغ میں تغافل کی سوجھی جھڑک ابو سوکھ زور 
LOG (lattice-scale[5.5.907~1-cbed4]:main():lattice-scale.cc:107) Done 108 lattices.
LOG (lattice-best-path[5.5.907~1-cbed4]:main():lattice-best-path.cc:99) For utterance 20030013_701, best cost 204.18 + 2444.46 = 2648.64 over 728 frames.
20030013_701 مضمون باؤلر مان بھولو کو بدل کی تو مس نجی سے کھول کھا کر ماچس قوت تو بوسن آیا 
LOG (lattice-best-path[5.5.907~1-cbed4]:main():lattice-best-path.cc:99) For utterance 20030013_702, best cost 161.035 + 2287.11 = 2448.15 over 683 frames.
20030013_702 گھائل فیصلہ کو قوت کی کود میں ہفتے کو کا گناہ دل لوک شوخ 
LOG (lattice-best-path[5.5.907~1-cbed4]:main():lattice-best-path.cc:99) For utterance 20030013_703, best cost 141.665 + 1572.68 = 1714.35 over 465 frames.
20030013_703 پہلا چائلڈ سے دور کی کی چھین کے دیکھ مقابلوں بار ظاہر ہوتا ہے 
LOG (lattice-best-path[5.5.907~1-cbed4]:main():lattice-best-path.cc:99) For utterance 20030013_704, best cost 134.639 + 2198.13 = 2332.77 over 676 frames.
20030013_704 چودہ دھیمی فیشن متنازعہ دیں کے انظباتی کا لاکھا پراسیس ہے 
LOG (lattice-add-penalty[5.5.907~1-cbed4]:main():lattice-add-penalty.cc:62) Done adding word insertion penalty to 108 lattices.
LOG (lattice-best-path[5.5.907~1-cbed4]:main():lattice-best-path.cc:99) For utterance 20030013_705, best cost 125.857 + 1669.07 = 1794.93 over 491 frames.
20030013_705 باغ ازالہ بنائی تربیتی جاتا لاگت کانفرنسوں سے بڑھ گئی 
LOG (lattice-best-path[5.5.907~1-cbed4]:main():lattice-best-path.cc:99) For utterance 20030013_706, best cost 109.72 + 1343.65 = 1453.37 over 363 frames.
20030013_706 ابو سفید اویسی یا کی دیکھیں تو مدون مرچوں 
LOG (lattice-best-path[5.5.907~1-cbed4]:main():lattice-best-path.cc:99) For utterance 20030013_707, best cost 106.956 + 1520.65 = 1627.61 over 452 frames.
20030013_707 ماضی کو بلا ہے ثاقب انیق ملاؤں میں نہ کریں 
LOG (lattice-best-path[5.5.907~1-cbed4]:main():lattice-best-path.cc:99) For utterance 20030013_708, best cost 162.72 + 2170.52 = 2333.24 over 606 frames.
20030013_708 مشعر نے سے پہلے برڈ میں نے مری کچھ خواہ رسیدہ تحریک کا مشق سمجھا ہے 
LOG (lattice-best-path[5.5.907~1-cbed4]:main():lattice-best-path.cc:124) Overall cost per frame is 3.83516 = 0.242826 [graph] + 3.59234 [acoustic] over 71279 frames.
LOG (lattice-best-path[5.5.907~1-cbed4]:main():lattice-best-path.cc:128) Done 108 lattices, failed for 0
# Accounting: time=0 threads=1
# Ended (code 0) at Wed Apr 21 06:58:55 PKT 2021, elapsed time 0 seconds
