# lattice-scale --inv-acoustic-scale=17 "ark:gunzip -c exp/tri3/decode.si/lat.*.gz|" ark:- | lattice-add-penalty --word-ins-penalty=0.5 ark:- ark:- | lattice-best-path --word-symbol-table=exp/tri3/graph/words.txt ark:- ark,t:- | utils/int2sym.pl -f 2- exp/tri3/graph/words.txt | cat > exp/tri3/decode.si/scoring_kaldi/penalty_0.5/17.txt 
# Started at Wed Apr 21 06:58:55 PKT 2021
#
lattice-scale --inv-acoustic-scale=17 'ark:gunzip -c exp/tri3/decode.si/lat.*.gz|' ark:- 
lattice-add-penalty --word-ins-penalty=0.5 ark:- ark:- 
lattice-best-path --word-symbol-table=exp/tri3/graph/words.txt ark:- ark,t:- 
LOG (lattice-best-path[5.5.907~1-cbed4]:main():lattice-best-path.cc:99) For utterance 20030013_601, best cost 232.519 + 2792.36 = 3024.87 over 952 frames.
20030013_601 موقع صیاد تک پہنچ کی کے قاری ڈیرے شو میں دہلوی گنگولی کو لیلی خودسر وولر پڑھو کو قبول کرنے گے 
LOG (lattice-best-path[5.5.907~1-cbed4]:main():lattice-best-path.cc:99) For utterance 20030013_602, best cost 266.42 + 3615.06 = 3881.48 over 1201 frames.
20030013_602 دلوں وبائی روڈ ایندھن کر اور کھلے پر کے ہوے اڑایا کی لوک بلوچی آلود سے کے گاؤ کلیرنگ کرنے کی شرکت سے آرزوئیں 
LOG (lattice-best-path[5.5.907~1-cbed4]:main():lattice-best-path.cc:99) For utterance 20030013_603, best cost 229.065 + 2618.22 = 2847.28 over 875 frames.
20030013_603 چھم سگھڑ اور نزلے کی گھاس کے رکھتے عمل پر اٹھا مدد لیتی میں بے کوسوں پر کا رم نے چاول کیا 
LOG (lattice-best-path[5.5.907~1-cbed4]:main():lattice-best-path.cc:99) For utterance 20030013_604, best cost 203.47 + 2644.11 = 2847.58 over 920 frames.
20030013_604 سوجھی میں نہ علی کی دواؤں کی گڑھ پر پڑی تو کام سے طور چلیں کے حسینی آخری اٹھائے 
LOG (lattice-best-path[5.5.907~1-cbed4]:main():lattice-best-path.cc:99) For utterance 20030013_605, best cost 128.757 + 1764.63 = 1893.38 over 606 frames.
20030013_605 سول کر شبہ چون کے کے شیڈ میں بلبل کر تخلص گیا 
LOG (lattice-best-path[5.5.907~1-cbed4]:main():lattice-best-path.cc:99) For utterance 20030013_606, best cost 173.196 + 1938.76 = 2111.96 over 638 frames.
20030013_606 نسرین کے دماغی میں بلوں ورک سے لیا اس نظروں کے تعاقب سخت کی بڑی فضل ہے 
LOG (lattice-best-path[5.5.907~1-cbed4]:main():lattice-best-path.cc:99) For utterance 20030013_607, best cost 112.254 + 1317.39 = 1429.64 over 440 frames.
20030013_607 اختر یا کی ہول کا کی زوال گھمبیر نہ منیجر ہے 
LOG (lattice-best-path[5.5.907~1-cbed4]:main():lattice-best-path.cc:99) For utterance 20030013_608, best cost 159.673 + 2203.55 = 2363.22 over 798 frames.
20030013_608 کو کے کے بورڈ کے مرغی کو خرچ کر ڈام جوق جانے کی اودھم تو ہو گی 
LOG (lattice-best-path[5.5.907~1-cbed4]:main():lattice-best-path.cc:99) For utterance 20030013_609, best cost 171.275 + 1939.48 = 2110.76 over 651 frames.
20030013_609 فلیش ان میں محلوں مقدار مگر مجلس اور نکالیں اور کی ستھرے چور کا تصویر کیا 
LOG (lattice-best-path[5.5.907~1-cbed4]:main():lattice-best-path.cc:99) For utterance 20030013_610, best cost 170.318 + 2364.93 = 2535.25 over 792 frames.
20030013_610 موثر ایجنسیوں کا افیون کی گھمن بَلّا نیچے کی طلب سے بو دیا تساہل ہے 
LOG (lattice-best-path[5.5.907~1-cbed4]:main():lattice-best-path.cc:99) For utterance 20030013_611, best cost 161.093 + 1751.72 = 1912.81 over 580 frames.
20030013_611 گذر پہنے دھینگا کو پر نے کے کے دواؤں کو پر کلراٹھی گھوم کے ساتھ کھیلے 
LOG (lattice-best-path[5.5.907~1-cbed4]:main():lattice-best-path.cc:99) For utterance 20030013_612, best cost 185.024 + 2503.77 = 2688.8 over 804 frames.
20030013_612 تبدیلی و کی لغو سے شخصے نکالیں دلہن جیو سفر قصور کی بھنڈی چَھپ کو ہے 
LOG (lattice-best-path[5.5.907~1-cbed4]:main():lattice-best-path.cc:99) For utterance 20030013_613, best cost 101.964 + 1278.56 = 1380.53 over 414 frames.
20030013_613 علم بلا کوسوں جیل قل کی نے پیدا کہا 
LOG (lattice-best-path[5.5.907~1-cbed4]:main():lattice-best-path.cc:99) For utterance 20030013_614, best cost 129.208 + 1641.04 = 1770.25 over 523 frames.
20030013_614 وقوف لینڈ میں کی چکے ڈرائینگ کے ساتھ حملے بغیر سنگل کر دیا 
LOG (lattice-best-path[5.5.907~1-cbed4]:main():lattice-best-path.cc:99) For utterance 20030013_615, best cost 232.835 + 3187.96 = 3420.79 over 1105 frames.
20030013_615 تجارت کا شہزادی نے گلیشئر مصر افضل کو بلوچ کرتے ہوئے جوبلی خان مان کیونکہ جیوری میں گوبر لیڈز بنایا 
LOG (lattice-best-path[5.5.907~1-cbed4]:main():lattice-best-path.cc:99) For utterance 20030013_616, best cost 232.45 + 2958.95 = 3191.4 over 977 frames.
20030013_616 توجہ میں وارڈ پڑنے سدھو نامور جن کو فروزاں اس کر کیسی زدہ ثلث کی مواد پر پنکھا اقرار کیا 
LOG (lattice-best-path[5.5.907~1-cbed4]:main():lattice-best-path.cc:99) For utterance 20030013_617, best cost 154.017 + 1844.87 = 1998.89 over 632 frames.
20030013_617 کا محور پڑے سوکھ کے ہجوم میں کھیلوں کو عابد اسے کر پیدا حسن لگا 
LOG (lattice-best-path[5.5.907~1-cbed4]:main():lattice-best-path.cc:99) For utterance 20030013_618, best cost 170.668 + 2265.22 = 2435.89 over 734 frames.
20030013_618 باولنگ کمرے سے روشنی آسمان سوگوار لیاقت ساغر نے حملوں کے بعد اس صیاد لیا ہے 
LOG (lattice-best-path[5.5.907~1-cbed4]:main():lattice-best-path.cc:99) For utterance 20030013_619, best cost 110.285 + 1348.89 = 1459.18 over 440 frames.
20030013_619 ٹریجڈی تشبیہ آپ متغیر کرنے کا شعوری لیتی جا ہے 
LOG (lattice-best-path[5.5.907~1-cbed4]:main():lattice-best-path.cc:99) For utterance 20030013_620, best cost 217.533 + 2633.12 = 2850.65 over 900 frames.
20030013_620 چینی ملنے پَلوں کے بولوں کو بلوں میں سموئے اور اور دھیرے مغفور و پر حضور شب کی تیار یقین 
LOG (lattice-best-path[5.5.907~1-cbed4]:main():lattice-best-path.cc:99) For utterance 20030013_621, best cost 181.163 + 2347.76 = 2528.92 over 779 frames.
20030013_621 اجاگر ریسرچ میں نے اور کر سوجن کے معاون میں سینڈوچ اور جاتی نواز نے میں بیلٹ کی 
LOG (lattice-best-path[5.5.907~1-cbed4]:main():lattice-best-path.cc:99) For utterance 20030013_622, best cost 165.207 + 1994.89 = 2160.1 over 657 frames.
20030013_622 اونچی برڈ میں ممبر کا دیتے کرے طرزعمل رسیدہ بھیڑیے فارورڈ میں سے گزری 
LOG (lattice-best-path[5.5.907~1-cbed4]:main():lattice-best-path.cc:99) For utterance 20030013_623, best cost 142.633 + 1671.55 = 1814.18 over 574 frames.
20030013_623 ٹرین کلیم کروا منافعوں سود برس کا مینگل میں شاہ لے گیا 
LOG (lattice-best-path[5.5.907~1-cbed4]:main():lattice-best-path.cc:99) For utterance 20030013_624, best cost 205.283 + 2642.87 = 2848.15 over 811 frames.
20030013_624 مفلس سیر کے نوش کو نے کے استغراق اور صورت کا رفو حدود کیونکہ چین کیلئے گگلی شون تھا 
LOG (lattice-best-path[5.5.907~1-cbed4]:main():lattice-best-path.cc:99) For utterance 20030013_625, best cost 168.94 + 2345.11 = 2514.05 over 696 frames.
20030013_625 نیو لیکن صفر بھیڑیے کی بھاری قدرے لے کر بکھری دیگر کے مواد کے کو گیا 
LOG (lattice-best-path[5.5.907~1-cbed4]:main():lattice-best-path.cc:99) For utterance 20030013_626, best cost 113.525 + 1412.92 = 1526.44 over 420 frames.
20030013_626 لائن بش میں کو مرغی ہرادھنیا کی یا رباب سمجھا 
LOG (lattice-best-path[5.5.907~1-cbed4]:main():lattice-best-path.cc:99) For utterance 20030013_627, best cost 175.926 + 2825.65 = 3001.58 over 926 frames.
20030013_627 چھلکا خیرہ معلوم کے نامور کے عالمی زیر پڑھوں کے طوفان مین باران گیا 
LOG (lattice-best-path[5.5.907~1-cbed4]:main():lattice-best-path.cc:99) For utterance 20030013_628, best cost 174.832 + 2011.79 = 2186.63 over 644 frames.
20030013_628 بھگت کی تک ملنے بنانے کیلئے بیٹھی ٹریبیونل میں کروں کی خوشی یاں مسخ عود تھیں 
LOG (lattice-best-path[5.5.907~1-cbed4]:main():lattice-best-path.cc:99) For utterance 20030013_629, best cost 194.419 + 2691 = 2885.42 over 894 frames.
20030013_629 شیرے کی بش والوں کے آؤ کو اور میں فیڈر اور روز انیق نے مغلوں کا حیراں بھیج کر آیا 
LOG (lattice-best-path[5.5.907~1-cbed4]:main():lattice-best-path.cc:99) For utterance 20030013_630, best cost 161.042 + 1961.84 = 2122.88 over 606 frames.
20030013_630 قیام پہلا نے نجی بسیار میں آکر بیچے مارچ سے چینی سے سنبھلی کر گیا 
LOG (lattice-best-path[5.5.907~1-cbed4]:main():lattice-best-path.cc:99) For utterance 20030013_631, best cost 208.982 + 2740.56 = 2949.54 over 843 frames.
20030013_631 سرویئر سیکھ سکول ان ڈار ہیڈ نے اور کا کرتے فلڈ رکھنے کے دوست ناظم اور کر جعلی دیکھا ہے 
LOG (lattice-best-path[5.5.907~1-cbed4]:main():lattice-best-path.cc:99) For utterance 20030013_632, best cost 233.639 + 3021.4 = 3255.04 over 1009 frames.
20030013_632 تزئین سیکھا نے کہا کے روئی کے کی حجت چوروں اور ریڑھی بے بھجوا کر کھجوریں اور رسوائی جھولے بغیر بن ہوئی 
LOG (lattice-best-path[5.5.907~1-cbed4]:main():lattice-best-path.cc:99) For utterance 20030013_633, best cost 200.98 + 2885.16 = 3086.14 over 913 frames.
20030013_633 ایتھرنیٹ کے بحران میں تخیّل کیلئے نیلوفر کے اور کی سوکھ کی کھال سیف سنگھ سوئنگ کے لیے کیجیے 
LOG (lattice-best-path[5.5.907~1-cbed4]:main():lattice-best-path.cc:99) For utterance 20030013_634, best cost 127.55 + 1572.17 = 1699.72 over 497 frames.
20030013_634 کو نیشن نے جنریشن کے ساتھ کیلئے روغن یقیناً طرفین کر کر لائے 
LOG (lattice-best-path[5.5.907~1-cbed4]:main():lattice-best-path.cc:99) For utterance 20030013_635, best cost 185.258 + 2337.5 = 2522.76 over 734 frames.
20030013_635 پاک مٹھل پوچھیں کی لاکھا اور میں بیٹھ نے اور علی مملکت میراں سے کے جس اولاد ہے 
LOG (lattice-best-path[5.5.907~1-cbed4]:main():lattice-best-path.cc:99) For utterance 20030013_636, best cost 147.853 + 2025.55 = 2173.4 over 657 frames.
20030013_636 کو موو دشمن کی جوبلی ارشد ہونے سے وجہ کا تو ہم کا قوت 
LOG (lattice-best-path[5.5.907~1-cbed4]:main():lattice-best-path.cc:99) For utterance 20030013_637, best cost 157.637 + 2140.19 = 2297.83 over 696 frames.
20030013_637 اس خان استعمال میں پہنچ کر رم نیلم ہوتی کی کیریئر سے ماڈل ہوئی 
LOG (lattice-best-path[5.5.907~1-cbed4]:main():lattice-best-path.cc:99) For utterance 20030013_638, best cost 190.289 + 2238.97 = 2429.26 over 760 frames.
20030013_638 کا نیو گوجر کی شیڈول ڈرائینگ میں ہونے صورت اور کوٹھڑی کو کھڑے کی کے ہلاک سے جلسے ہیں 
LOG (lattice-best-path[5.5.907~1-cbed4]:main():lattice-best-path.cc:99) For utterance 20030013_639, best cost 220.703 + 2577.34 = 2798.05 over 868 frames.
20030013_639 قحط کے دفتر میں روپے جلد سے تجویز کر سکتے نام کود کی زیور تک ساز دیں دب و صفیں 
LOG (lattice-best-path[5.5.907~1-cbed4]:main():lattice-best-path.cc:99) For utterance 20030013_640, best cost 185.818 + 2438.49 = 2624.31 over 760 frames.
20030013_640 جھمکے نیلم کر بیٹھی دیا نیچا کی نے پیسنے کونسل ٹشو والا کا پنچولی کچلا آیا 
LOG (lattice-best-path[5.5.907~1-cbed4]:main():lattice-best-path.cc:99) For utterance 20030013_641, best cost 116.231 + 1588.4 = 1704.63 over 465 frames.
20030013_641 کو کو ایلیمنٹری شعبوں گجراتی کالجز ٹھاکر ونگ سے کی کی 
LOG (lattice-best-path[5.5.907~1-cbed4]:main():lattice-best-path.cc:99) For utterance 20030013_642, best cost 131.515 + 1932.06 = 2063.57 over 574 frames.
20030013_642 صفوں کے دکھی میں سے سیسے صدر صحت ٹھوس کی راہو کی 
LOG (lattice-best-path[5.5.907~1-cbed4]:main():lattice-best-path.cc:99) For utterance 20030013_643, best cost 161.403 + 2450.96 = 2612.37 over 734 frames.
20030013_643 خوف سے ندرت بڑے ماؤف بریتھلائزر سنائی اور بورڈر آپ سے سائیڈ کرے لگے 
LOG (lattice-best-path[5.5.907~1-cbed4]:main():lattice-best-path.cc:99) For utterance 20030013_644, best cost 175.581 + 2390.39 = 2565.97 over 683 frames.
20030013_644 پچھلے لیدر چھ کنٹرول کرے اور زیورات بجلی کے سیل کر کس طلب بکھیر ہے 
LOG (lattice-best-path[5.5.907~1-cbed4]:main():lattice-best-path.cc:99) For utterance 20030013_645, best cost 149.942 + 1993.71 = 2143.65 over 580 frames.
20030013_645 میں دورے بڑے سے دولت ایثار گروتھ کھسک کر کرنے کی کا اشرف لے 
LOG (lattice-best-path[5.5.907~1-cbed4]:main():lattice-best-path.cc:99) For utterance 20030013_646, best cost 150.792 + 2023.67 = 2174.46 over 587 frames.
20030013_646 ساری ڈبو جوس وجود کرنے کے بعد آؤٹ کردار میں برابر علم نے آئی 
LOG (lattice-best-path[5.5.907~1-cbed4]:main():lattice-best-path.cc:99) For utterance 20030013_647, best cost 112.524 + 1571.01 = 1683.53 over 452 frames.
20030013_647 مقصد احسن عارضی گھورنے چور کر بولوں کرائی 
LOG (lattice-best-path[5.5.907~1-cbed4]:main():lattice-best-path.cc:99) For utterance 20030013_648, best cost 107.105 + 1481.01 = 1588.12 over 440 frames.
20030013_648 میں لینے دودھیا جارج طلب سچل کیلئے کروا تھا 
LOG (lattice-best-path[5.5.907~1-cbed4]:main():lattice-best-path.cc:99) For utterance 20030013_649, best cost 149.532 + 2013.91 = 2163.44 over 600 frames.
20030013_649 وقوف و قے بستر کے بیک میں کے بعد کا لنگر ڈیڈ علاقائی کیے 
LOG (lattice-best-path[5.5.907~1-cbed4]:main():lattice-best-path.cc:99) For utterance 20030013_650, best cost 149.413 + 2281.02 = 2430.43 over 670 frames.
20030013_650 ہتھیلی داغ انستھیزیا تو سانولے پنکھے نفسیاتی یا علاج تک ریزرو ہے 
LOG (lattice-best-path[5.5.907~1-cbed4]:main():lattice-best-path.cc:99) For utterance 20030013_651, best cost 125.795 + 1818.9 = 1944.69 over 548 frames.
20030013_651 اور کو تیری مرچوں کی کو کے اکٹھی بولنے سے پہلے صوفی کی 
LOG (lattice-best-path[5.5.907~1-cbed4]:main():lattice-best-path.cc:99) For utterance 20030013_652, best cost 181.884 + 2367.83 = 2549.71 over 696 frames.
20030013_652 فیڈرل ایئر کیجیے لیدر گئی کوئلے کرتے رضا میں کا پور کے سدھو تک کوچ سے ہے 
LOG (lattice-best-path[5.5.907~1-cbed4]:main():lattice-best-path.cc:99) For utterance 20030013_653, best cost 149.685 + 1991.37 = 2141.06 over 600 frames.
20030013_653 رباب قرار تیز کسی سن کر کر سے کے ذریعے دے تک روز کو ہے 
LOG (lattice-best-path[5.5.907~1-cbed4]:main():lattice-best-path.cc:99) For utterance 20030013_654, best cost 159.654 + 2475.5 = 2635.16 over 734 frames.
20030013_654 کرفیو ڈے شعور سے سی اسجد جوے عرصے کی اسی الیکڑانکس و تھے 
LOG (lattice-best-path[5.5.907~1-cbed4]:main():lattice-best-path.cc:99) For utterance 20030013_655, best cost 121.23 + 2005.65 = 2126.88 over 600 frames.
20030013_655 رم بقیہ چلائی کوٹھے ایئر بو جانے کر بیشتر 
LOG (lattice-best-path[5.5.907~1-cbed4]:main():lattice-best-path.cc:99) For utterance 20030013_656, best cost 166.666 + 2495.17 = 2661.84 over 734 frames.
20030013_656 بے سے سے چل گئے کسے کی اینڈ بجائے پر سوئے مظہر انگیخت اس کریں 
LOG (lattice-best-path[5.5.907~1-cbed4]:main():lattice-best-path.cc:99) For utterance 20030013_657, best cost 119.078 + 1765.45 = 1884.53 over 542 frames.
20030013_657 ابو لقب ذہن کی کیفے کر کا کے عرصے موثر گئے 
LOG (lattice-best-path[5.5.907~1-cbed4]:main():lattice-best-path.cc:99) For utterance 20030013_658, best cost 117.972 + 1889.82 = 2007.8 over 561 frames.
20030013_658 ریزرو اور کمرے پر لولی بھیس کی بااثر ادھار 
LOG (lattice-best-path[5.5.907~1-cbed4]:main():lattice-best-path.cc:99) For utterance 20030013_659, best cost 154.442 + 2150.36 = 2304.81 over 619 frames.
20030013_659 مجید سود کر سچائی اور کوٹھڑی کا تیقن غوروخوض کے بعد کھویا کر سوئے 
LOG (lattice-best-path[5.5.907~1-cbed4]:main():lattice-best-path.cc:99) For utterance 20030013_660, best cost 85.8042 + 1297.14 = 1382.95 over 401 frames.
20030013_660 اور دوران کے رخصت لگیں ویلیو صرف 
LOG (lattice-best-path[5.5.907~1-cbed4]:main():lattice-best-path.cc:99) For utterance 20030013_661, best cost 101.446 + 1330.72 = 1432.16 over 427 frames.
20030013_661 طلب لینے کیلئے بیچ برابر کر ٹھاکر دبائے 
LOG (lattice-best-path[5.5.907~1-cbed4]:main():lattice-best-path.cc:99) For utterance 20030013_662, best cost 119.484 + 1736.69 = 1856.17 over 529 frames.
20030013_662 کر ٹرین جوگی عدلیہ چلیں تحصیلدار رکھیے تجزیہ کرے 
LOG (lattice-best-path[5.5.907~1-cbed4]:main():lattice-best-path.cc:99) For utterance 20030013_663, best cost 157.269 + 2359.52 = 2516.79 over 753 frames.
20030013_663 کی رونے جائزہ مرتب انگوٹھے عرصہ کی اٹھے دیکھی طرحی کس وقوف ہوئی 
LOG (lattice-best-path[5.5.907~1-cbed4]:main():lattice-best-path.cc:99) For utterance 20030013_664, best cost 186.05 + 2334.66 = 2520.71 over 715 frames.
20030013_664 کرا زیادہ کے بڑے اعظم میں دائیں لال کوئلے کر ظہور خلجی کر اور کے دریغ گئے 
LOG (lattice-best-path[5.5.907~1-cbed4]:main():lattice-best-path.cc:99) For utterance 20030013_665, best cost 118.913 + 1586.55 = 1705.46 over 484 frames.
20030013_665 فیصلے قیصر لال سے سے گریڈ شنید اس بکھیر کو ہے 
LOG (lattice-best-path[5.5.907~1-cbed4]:main():lattice-best-path.cc:99) For utterance 20030013_666, best cost 140.973 + 1801.74 = 1942.72 over 529 frames.
20030013_666 دس احوال سے رم کروا کھگہ تک سے رکھ خیر سکول دیئے 
LOG (lattice-best-path[5.5.907~1-cbed4]:main():lattice-best-path.cc:99) For utterance 20030013_667, best cost 125.341 + 1678.36 = 1803.7 over 504 frames.
20030013_667 اے کی کی رسیدہ عرصے سینٹر روضے کی بورڈ کی بسر ہوئی 
LOG (lattice-best-path[5.5.907~1-cbed4]:main():lattice-best-path.cc:99) For utterance 20030013_668, best cost 175.997 + 2564.12 = 2740.11 over 747 frames.
20030013_668 سانولے کلی کے تلے میں غلط چونکا زچ لاکھا گیا تیار سے جال طلب 
LOG (lattice-best-path[5.5.907~1-cbed4]:main():lattice-best-path.cc:99) For utterance 20030013_669, best cost 134.757 + 1971.43 = 2106.19 over 548 frames.
20030013_669 قوت خزانہ رؤف فعل کوٹھڑی فیوچر کیلئے لیزر سلور قید کیا 
LOG (lattice-best-path[5.5.907~1-cbed4]:main():lattice-best-path.cc:99) For utterance 20030013_670, best cost 126.604 + 1814.92 = 1941.52 over 574 frames.
20030013_670 روضے کا آخری آشرم رہتے کے سربراہ کو بوڑھوں کا تعلق 
LOG (lattice-best-path[5.5.907~1-cbed4]:main():lattice-best-path.cc:99) For utterance 20030013_671, best cost 187.689 + 2719.48 = 2907.17 over 772 frames.
20030013_671 عجلت پہلے سوسائٹی گھوڑے نے کہا ذوق خاص بغور کے سقوط جونیئر کوکھ اور دیے دیا 
LOG (lattice-best-path[5.5.907~1-cbed4]:main():lattice-best-path.cc:99) For utterance 20030013_672, best cost 148.153 + 2221.77 = 2369.93 over 632 frames.
20030013_672 انٹر مڈل جھوم چلائی دفتر کاربن سربراہ اوصاف درج علاقے لایا 
LOG (lattice-best-path[5.5.907~1-cbed4]:main():lattice-best-path.cc:99) For utterance 20030013_673, best cost 123.494 + 1866.37 = 1989.87 over 555 frames.
20030013_673 پڑھائی کے چار قناعت ایونیو کی نظر جہد اور کا اے 
LOG (lattice-best-path[5.5.907~1-cbed4]:main():lattice-best-path.cc:99) For utterance 20030013_674, best cost 174.286 + 2738.25 = 2912.53 over 772 frames.
20030013_674 نقشوں نے پُلوں نائب باڑھ کا پراچہ لاڈ کر اور والی میں اونس نے کی کوشش کی 
LOG (lattice-best-path[5.5.907~1-cbed4]:main():lattice-best-path.cc:99) For utterance 20030013_675, best cost 139.255 + 1768.77 = 1908.02 over 529 frames.
20030013_675 آئے جہد بنوری کے رویے فرض پوچھیں تک داخل کرواؤ اٹھائے 
LOG (lattice-best-path[5.5.907~1-cbed4]:main():lattice-best-path.cc:99) For utterance 20030013_676, best cost 137.566 + 1958.43 = 2095.99 over 568 frames.
20030013_676 اپنے رہائشی سیلز کا نتھی چاقو علاوہ نرگس لڑیں بنا دیئے 
LOG (lattice-best-path[5.5.907~1-cbed4]:main():lattice-best-path.cc:99) For utterance 20030013_677, best cost 201.016 + 3070.57 = 3271.59 over 926 frames.
20030013_677 مثال میں کوئی یا کی کوٹھڑی بولنے کر پہنچ صغیر روور تحویل کی ایئر رکھے دہلوی کر آیا 
LOG (lattice-best-path[5.5.907~1-cbed4]:main():lattice-best-path.cc:99) For utterance 20030013_678, best cost 199.414 + 3314.93 = 3514.34 over 971 frames.
20030013_678 سندھی نے سکول ڈیلی خیر راؤ زوال اثر چرانے کیلئے اور گوجر خلل سمجھتے شیر کریں 
LOG (lattice-best-path[5.5.907~1-cbed4]:main():lattice-best-path.cc:99) For utterance 20030013_679, best cost 98.044 + 1501.38 = 1599.43 over 446 frames.
20030013_679 کوٹھڑی علوی کر چیلہ کچہری تھیلی زچگی 
LOG (lattice-best-path[5.5.907~1-cbed4]:main():lattice-best-path.cc:99) For utterance 20030013_680, best cost 164.905 + 2260.4 = 2425.31 over 683 frames.
20030013_680 چولہے اڑا بہن زیور ازخود اور لائے اخبار آ برس نیگیٹو آغا جاتا ہے 
LOG (lattice-best-path[5.5.907~1-cbed4]:main():lattice-best-path.cc:99) For utterance 20030013_681, best cost 163.398 + 1937.06 = 2100.45 over 587 frames.
20030013_681 زدہ جج سمجھی شوہر کی تارڑ سوئی گود اور پر بیچے کار برس اور گیا 
LOG (lattice-best-path[5.5.907~1-cbed4]:main():lattice-best-path.cc:99) For utterance 20030013_682, best cost 184.332 + 2450.77 = 2635.1 over 753 frames.
20030013_682 گیدڑ شعاع دیکھیے دودھ کر ایسڈ انار سنگسار کر بوائے اے جور معلوم کیے 
LOG (lattice-best-path[5.5.907~1-cbed4]:main():lattice-best-path.cc:99) For utterance 20030013_683, best cost 146.506 + 2270.36 = 2416.86 over 657 frames.
20030013_683 دیے سے مجلس درجوں تک اینٹھن نے سیکھ کرتی کے ایسڈ نے کرے 
LOG (lattice-best-path[5.5.907~1-cbed4]:main():lattice-best-path.cc:99) For utterance 20030013_684, best cost 140.949 + 1814.93 = 1955.88 over 593 frames.
20030013_684 میں غریب بھول خارجہ کے کی و میں مرغوب یا جلد رکھتا گاؤں 
LOG (lattice-best-path[5.5.907~1-cbed4]:main():lattice-best-path.cc:99) For utterance 20030013_685, best cost 122.404 + 1424.49 = 1546.89 over 446 frames.
20030013_685 جو خلل گوجری بن جرگہ شیو سے کا سے لنگر و 
LOG (lattice-best-path[5.5.907~1-cbed4]:main():lattice-best-path.cc:99) For utterance 20030013_686, best cost 170.323 + 2524.41 = 2694.73 over 772 frames.
20030013_686 سروے کے صبر خیلوی وی پریشر سے بلدیاتی میں کھچ کر جوش رفو جوگی 
LOG (lattice-best-path[5.5.907~1-cbed4]:main():lattice-best-path.cc:99) For utterance 20030013_687, best cost 199.834 + 2423.06 = 2622.89 over 721 frames.
20030013_687 سوکھ کو اس کے بدسلوکی سے آدھے فوجی رباب بغور راسخ چیز مآب کر توجہ منظور کرائی 
LOG (lattice-best-path[5.5.907~1-cbed4]:main():lattice-best-path.cc:99) For utterance 20030013_688, best cost 202.806 + 2692.1 = 2894.91 over 836 frames.
20030013_688 پر کی بلکہ چادر بیگج آکر سرنجیں گروہ دیکھی کے دیکھ میں نگران وہ کے پرکھے قہوے جاؤ 
LOG (lattice-best-path[5.5.907~1-cbed4]:main():lattice-best-path.cc:99) For utterance 20030013_689, best cost 181.943 + 2420.21 = 2602.15 over 753 frames.
20030013_689 گو چوزوں برسراقتدار کیا جان اور جو گول بنائی اور قوس اور بسیں اچھل کر جائے 
LOG (lattice-best-path[5.5.907~1-cbed4]:main():lattice-best-path.cc:99) For utterance 20030013_690, best cost 100.44 + 1343.83 = 1444.27 over 414 frames.
20030013_690 بھگو کے اداکارائیں کے شبہے کچھ کو نہیں جاتی 
LOG (lattice-best-path[5.5.907~1-cbed4]:main():lattice-best-path.cc:99) For utterance 20030013_691, best cost 146.307 + 1850.57 = 1996.87 over 606 frames.
20030013_691 کیسی دلجوئی کیلئے اگرچہ کر گویا اور جلد آکر معائنہ پٹھو دیئے 
LOG (lattice-best-path[5.5.907~1-cbed4]:main():lattice-best-path.cc:99) For utterance 20030013_692, best cost 159.808 + 2300.5 = 2460.31 over 721 frames.
20030013_692 بدشگونی سامنے کہا کے میں سے غصہ گہرے کر بڑی کے ٹری کرتے لہو 
LOG (lattice-best-path[5.5.907~1-cbed4]:main():lattice-best-path.cc:99) For utterance 20030013_693, best cost 109.21 + 1534.05 = 1643.26 over 491 frames.
20030013_693 میں نگہت کے تحصیلدار کے بریتھلائزر گنا کر لائے مدعو 
LOG (lattice-best-path[5.5.907~1-cbed4]:main():lattice-best-path.cc:99) For utterance 20030013_694, best cost 158.156 + 1968.1 = 2126.25 over 664 frames.
20030013_694 تمغہ چھوڑ آپ شل شفاعت عرصہ کو درجے اور سے کی چاقو چوہان بنایا 
LOG (lattice-best-path[5.5.907~1-cbed4]:main():lattice-best-path.cc:99) For utterance 20030013_695, best cost 141.376 + 1691.16 = 1832.54 over 568 frames.
20030013_695 گزری جانے کھچی جانے زود جادوگر کے جاؤں تو پانی میں بھول جاؤ 
LOG (lattice-best-path[5.5.907~1-cbed4]:main():lattice-best-path.cc:99) For utterance 20030013_696, best cost 147.185 + 1766.81 = 1914 over 593 frames.
20030013_696 فیشن خاصے کیا میں سے کو مس میں مسوڑوں کے بنانے کیلئے پر عام کیا گیا 
LOG (lattice-best-path[5.5.907~1-cbed4]:main():lattice-best-path.cc:99) For utterance 20030013_697, best cost 136.926 + 1498.7 = 1635.63 over 497 frames.
20030013_697 بولو اور کا عود سے سیل ایندھن لیڈی جائیں کرنے کا پرفارم ہو گا 
LOG (lattice-best-path[5.5.907~1-cbed4]:main():lattice-best-path.cc:99) For utterance 20030013_698, best cost 143.168 + 2047.39 = 2190.55 over 721 frames.
20030013_698 بار بم ذاد عود انکشاف باغ باعث کام جائزہ لینے گا 
LOG (lattice-best-path[5.5.907~1-cbed4]:main():lattice-best-path.cc:99) For utterance 20030013_699, best cost 165.858 + 1884.36 = 2050.21 over 625 frames.
20030013_699 میں جسٹس قیود روزگار کی چھڑیاں بتایا قید جانے کے اور ملی کا مخصوص جوق 
LOG (lattice-best-path[5.5.907~1-cbed4]:main():lattice-best-path.cc:99) For utterance 20030013_700, best cost 146.42 + 1845.96 = 1992.38 over 587 frames.
20030013_700 ہوش اور عود کی تبلیغ میں تغافل کی سوجھی جھڑک ابو سوکھ زور 
LOG (lattice-scale[5.5.907~1-cbed4]:main():lattice-scale.cc:107) Done 108 lattices.
LOG (lattice-best-path[5.5.907~1-cbed4]:main():lattice-best-path.cc:99) For utterance 20030013_701, best cost 204.18 + 2156.88 = 2361.06 over 728 frames.
20030013_701 مضمون باؤلر مان بھولو کو بدل کی تو مس نجی سے کھول کھا کر ماچس قوت تو بوسن آیا 
LOG (lattice-best-path[5.5.907~1-cbed4]:main():lattice-best-path.cc:99) For utterance 20030013_702, best cost 161.035 + 2018.04 = 2179.08 over 683 frames.
20030013_702 گھائل فیصلہ کو قوت کی کود میں ہفتے کو کا گناہ دل لوک شوخ 
LOG (lattice-best-path[5.5.907~1-cbed4]:main():lattice-best-path.cc:99) For utterance 20030013_703, best cost 141.665 + 1387.66 = 1529.33 over 465 frames.
20030013_703 پہلا چائلڈ سے دور کی کی چھین کے دیکھ مقابلوں بار ظاہر ہوتا ہے 
LOG (lattice-best-path[5.5.907~1-cbed4]:main():lattice-best-path.cc:99) For utterance 20030013_704, best cost 134.639 + 1939.52 = 2074.16 over 676 frames.
20030013_704 چودہ دھیمی فیشن متنازعہ دیں کے انظباتی کا لاکھا پراسیس ہے 
LOG (lattice-add-penalty[5.5.907~1-cbed4]:main():lattice-add-penalty.cc:62) Done adding word insertion penalty to 108 lattices.
LOG (lattice-best-path[5.5.907~1-cbed4]:main():lattice-best-path.cc:99) For utterance 20030013_705, best cost 125.857 + 1472.71 = 1598.57 over 491 frames.
20030013_705 باغ ازالہ بنائی تربیتی جاتا لاگت کانفرنسوں سے بڑھ گئی 
LOG (lattice-best-path[5.5.907~1-cbed4]:main():lattice-best-path.cc:99) For utterance 20030013_706, best cost 101.495 + 1192.89 = 1294.38 over 363 frames.
20030013_706 ابو صوفی بحیثیت کے دیکھیں تو مدون مرچوں 
LOG (lattice-best-path[5.5.907~1-cbed4]:main():lattice-best-path.cc:99) For utterance 20030013_707, best cost 106.956 + 1341.75 = 1448.71 over 452 frames.
20030013_707 ماضی کو بلا ہے ثاقب انیق ملاؤں میں نہ کریں 
LOG (lattice-best-path[5.5.907~1-cbed4]:main():lattice-best-path.cc:99) For utterance 20030013_708, best cost 162.72 + 1915.16 = 2077.88 over 606 frames.
20030013_708 مشعر نے سے پہلے برڈ میں نے مری کچھ خواہ رسیدہ تحریک کا مشق سمجھا ہے 
LOG (lattice-best-path[5.5.907~1-cbed4]:main():lattice-best-path.cc:124) Overall cost per frame is 3.41233 = 0.239011 [graph] + 3.17332 [acoustic] over 71279 frames.
LOG (lattice-best-path[5.5.907~1-cbed4]:main():lattice-best-path.cc:128) Done 108 lattices, failed for 0
# Accounting: time=0 threads=1
# Ended (code 0) at Wed Apr 21 06:58:55 PKT 2021, elapsed time 0 seconds
