# lattice-scale --inv-acoustic-scale=11 "ark:gunzip -c exp/tri3/decode.si/lat.*.gz|" ark:- | lattice-add-penalty --word-ins-penalty=0.5 ark:- ark:- | lattice-best-path --word-symbol-table=exp/tri3/graph/words.txt ark:- ark,t:- | utils/int2sym.pl -f 2- exp/tri3/graph/words.txt | cat > exp/tri3/decode.si/scoring_kaldi/penalty_0.5/11.txt 
# Started at Wed Apr 21 06:58:54 PKT 2021
#
lattice-scale --inv-acoustic-scale=11 'ark:gunzip -c exp/tri3/decode.si/lat.*.gz|' ark:- 
lattice-add-penalty --word-ins-penalty=0.5 ark:- ark:- 
lattice-best-path --word-symbol-table=exp/tri3/graph/words.txt ark:- ark,t:- 
LOG (lattice-best-path[5.5.907~1-cbed4]:main():lattice-best-path.cc:99) For utterance 20030013_601, best cost 247.196 + 4296.5 = 4543.7 over 952 frames.
20030013_601 موقع صیاد تک کو چیک کے قاری ڈیرے شو میں قریب لنگر کی کو لیلی خودسر وولر پڑھوا اور کو قبول کرنے گے 
LOG (lattice-best-path[5.5.907~1-cbed4]:main():lattice-best-path.cc:99) For utterance 20030013_602, best cost 299.173 + 5549.49 = 5848.67 over 1201 frames.
20030013_602 دلوں وبائی روڈ ایندھن انار اور کھلے پر کے ہوے آڑ آئی کی لوک بلوچی آلود شے کے گاؤ کلیرنگ کرنے کی سیب تک سے آرزوئیں ہے 
LOG (lattice-best-path[5.5.907~1-cbed4]:main():lattice-best-path.cc:99) For utterance 20030013_603, best cost 229.065 + 4046.34 = 4275.4 over 875 frames.
20030013_603 چھم سگھڑ اور نزلے کی گھاس کے رکھتے عمل پر اٹھا مدد لیتی میں بے کوسوں پر کا رم نے چاول کیا 
LOG (lattice-best-path[5.5.907~1-cbed4]:main():lattice-best-path.cc:99) For utterance 20030013_604, best cost 214.044 + 4070.73 = 4284.77 over 920 frames.
20030013_604 سوجھی میں نہ علی کی دواؤں کی گڑھ پر پڑی تو کام سے تو اور چلیں کے گھس دن آخری اٹھائے 
LOG (lattice-best-path[5.5.907~1-cbed4]:main():lattice-best-path.cc:99) For utterance 20030013_605, best cost 150.788 + 2698.76 = 2849.55 over 606 frames.
20030013_605 سول در شو بحث جون کے پیش ایڈز میں بلبل کر تخریب دیتا 
LOG (lattice-best-path[5.5.907~1-cbed4]:main():lattice-best-path.cc:99) For utterance 20030013_606, best cost 183.083 + 2984.1 = 3167.18 over 638 frames.
20030013_606 میں دین کے دماغی میں بلوں ورک سے لیا اس نظروں کے توقع سخت کی بڑی فضل گیا 
LOG (lattice-best-path[5.5.907~1-cbed4]:main():lattice-best-path.cc:99) For utterance 20030013_607, best cost 128.224 + 2016.25 = 2144.48 over 440 frames.
20030013_607 اختر یا کی ہول کا کی سب عام گھمبیر نہ بنائی سے ہے 
LOG (lattice-best-path[5.5.907~1-cbed4]:main():lattice-best-path.cc:99) For utterance 20030013_608, best cost 159.673 + 3405.49 = 3565.16 over 798 frames.
20030013_608 کو کے کے بورڈ کے مرغی کو خرچ کر ڈام جوق جانے کی اودھم تو ہو گی 
LOG (lattice-best-path[5.5.907~1-cbed4]:main():lattice-best-path.cc:99) For utterance 20030013_609, best cost 181.928 + 2982.46 = 3164.39 over 651 frames.
20030013_609 فلیش ان میں محلوں مقدار مگر مس نقرس اور نکالیں اور کی ستھرے چور کا تصویر کیا 
LOG (lattice-best-path[5.5.907~1-cbed4]:main():lattice-best-path.cc:99) For utterance 20030013_610, best cost 183.545 + 3638.28 = 3821.83 over 792 frames.
20030013_610 موثر اہل ایجنسیوں کا اپنے جیولری گھمن بَلّا نیچے کی طلب سے بو دیا تساہل ہے 
LOG (lattice-best-path[5.5.907~1-cbed4]:main():lattice-best-path.cc:99) For utterance 20030013_611, best cost 161.093 + 2707.21 = 2868.3 over 580 frames.
20030013_611 گذر پہنے دھینگا کو پر نے کے کے دواؤں کو پر کلراٹھی گھوم کے ساتھ کھیلے 
LOG (lattice-best-path[5.5.907~1-cbed4]:main():lattice-best-path.cc:99) For utterance 20030013_612, best cost 185.024 + 3869.47 = 4054.49 over 804 frames.
20030013_612 تبدیلی و کی لغو سے شخصے نکالیں دلہن جیو سفر قصور کی بھنڈی چَھپ کو ہے 
LOG (lattice-best-path[5.5.907~1-cbed4]:main():lattice-best-path.cc:99) For utterance 20030013_613, best cost 105.359 + 1972.43 = 2077.79 over 414 frames.
20030013_613 قدم بلا کوسوں جیل قل کی نے بیدار کہا 
LOG (lattice-best-path[5.5.907~1-cbed4]:main():lattice-best-path.cc:99) For utterance 20030013_614, best cost 134.199 + 2530.01 = 2664.21 over 523 frames.
20030013_614 وقوف لینتھ میں کی چکے ڈرائینگ کے ساتھ حملے بغیر سنگل کر کیا 
LOG (lattice-best-path[5.5.907~1-cbed4]:main():lattice-best-path.cc:99) For utterance 20030013_615, best cost 237.242 + 4921.28 = 5158.52 over 1105 frames.
20030013_615 تجارت کا شہزادی نے گلیشئر مصر افضل کو بلوچ کرتے ہوئے جوبلی خان مان کیونکہ جیوری میں گوبر لیڈز بڑھائے 
LOG (lattice-best-path[5.5.907~1-cbed4]:main():lattice-best-path.cc:99) For utterance 20030013_616, best cost 255.921 + 4544.71 = 4800.63 over 977 frames.
20030013_616 توجہ میں وارڈ آٹھ نے سدھ کو نامور جن کو فروخت جارج کر کیسی زدہ ثلث کی مواد پر کا حلف کا اقرار کیا 
LOG (lattice-best-path[5.5.907~1-cbed4]:main():lattice-best-path.cc:99) For utterance 20030013_617, best cost 158.372 + 2844.53 = 3002.9 over 632 frames.
20030013_617 کمرے پر پڑے سوکھ کے ہجوم میں کھیلوں کو عابد اسے کر پیدا حسن لگا 
LOG (lattice-best-path[5.5.907~1-cbed4]:main():lattice-best-path.cc:99) For utterance 20030013_618, best cost 195.026 + 3472.78 = 3667.8 over 734 frames.
20030013_618 باولنگ کمرے سے روشنی آسمان سوگوار لے آپ پڑ ساغر نے ہم یا کے بعد اس صیاد لیا ہے 
LOG (lattice-best-path[5.5.907~1-cbed4]:main():lattice-best-path.cc:99) For utterance 20030013_619, best cost 130.961 + 2054.74 = 2185.7 over 440 frames.
20030013_619 ٹریژری تشبیہ آپ مژدہ بیان کرنے کا جور عید میں کی جا ہے 
LOG (lattice-best-path[5.5.907~1-cbed4]:main():lattice-best-path.cc:99) For utterance 20030013_620, best cost 221.284 + 4063.65 = 4284.94 over 900 frames.
20030013_620 چینی ملنے پَلوں کے بولوں کو بلوں میں سموئے آ اور دھیرے مغفور و پر حضور شب کی تیار یقین 
LOG (lattice-best-path[5.5.907~1-cbed4]:main():lattice-best-path.cc:99) For utterance 20030013_621, best cost 198.576 + 3606.91 = 3805.49 over 779 frames.
20030013_621 معجل اس ریسرچ میں نے اور کر سوجن کے معاون میں دیں مغیث اور جاتی نواز نے میں بیلٹ کی 
LOG (lattice-best-path[5.5.907~1-cbed4]:main():lattice-best-path.cc:99) For utterance 20030013_622, best cost 186.782 + 3059.94 = 3246.72 over 657 frames.
20030013_622 اونچی ورلڈ میں ممبر کا دیتے کرے درج زنگ ہما رسیدہ بھیڑیے فارورڈ میں سے گزری 
LOG (lattice-best-path[5.5.907~1-cbed4]:main():lattice-best-path.cc:99) For utterance 20030013_623, best cost 153.58 + 2568.42 = 2722 over 574 frames.
20030013_623 بے انٹر گینز ورلڈ وقت منافعوں سود برس کا مہنگائی نے شاہ لے گیا 
LOG (lattice-best-path[5.5.907~1-cbed4]:main():lattice-best-path.cc:99) For utterance 20030013_624, best cost 234.87 + 4047.72 = 4282.59 over 811 frames.
20030013_624 مفلس سیر کے نوش کو نے کے کیسی رفو اس کو رکھوا رفو عود عود دن کے چین کے لیے گگلی شون تھا 
LOG (lattice-best-path[5.5.907~1-cbed4]:main():lattice-best-path.cc:99) For utterance 20030013_625, best cost 179.397 + 3611.67 = 3791.07 over 696 frames.
20030013_625 نیو لیکن ضائع ورک بھیڑیے کی بھاری قدرے لے کر بکھری دیگر کے مواد کے کو گیا 
LOG (lattice-best-path[5.5.907~1-cbed4]:main():lattice-best-path.cc:99) For utterance 20030013_626, best cost 124.146 + 2170.66 = 2294.81 over 420 frames.
20030013_626 ڈیم بش میں کو مغلیہ یادیں تم کی یا رباب سمجھا 
LOG (lattice-best-path[5.5.907~1-cbed4]:main():lattice-best-path.cc:99) For utterance 20030013_627, best cost 181.753 + 4360.85 = 4542.6 over 926 frames.
20030013_627 چھلکا خیرہ معلوم کے نامور کے عالمی زیر پڑھوں کے طوفان مین نے باران گیا 
LOG (lattice-best-path[5.5.907~1-cbed4]:main():lattice-best-path.cc:99) For utterance 20030013_628, best cost 184.551 + 3097.75 = 3282.3 over 644 frames.
20030013_628 بھگت کی تک ملنے بنانے کیلئے بیلٹ میں ٹریبیونل میں کو لوں کی خوشی یاں مسخ عود تھیں 
LOG (lattice-best-path[5.5.907~1-cbed4]:main():lattice-best-path.cc:99) For utterance 20030013_629, best cost 212.719 + 4136.57 = 4349.29 over 894 frames.
20030013_629 شیرے ٹیوب بش والوں کے آؤ کو اور میں فیڈر آبرو اوس انیق نے مغلوں کا ہے جا بھیج کر آیا 
LOG (lattice-best-path[5.5.907~1-cbed4]:main():lattice-best-path.cc:99) For utterance 20030013_630, best cost 167.441 + 3025.04 = 3192.48 over 606 frames.
20030013_630 قیام پہلا نے نجی بسیار میں آکر بیچے مارچ سے چینی سے قم کے کر گیا 
LOG (lattice-best-path[5.5.907~1-cbed4]:main():lattice-best-path.cc:99) For utterance 20030013_631, best cost 214.907 + 4227.1 = 4442 over 843 frames.
20030013_631 سرویئر سیکھ سکول ان ڈار ہیڈ نے وقف کا کرتے فلڈ رکھنے کے دوست ناظم اور کر جعلی دیکھا ہے 
LOG (lattice-best-path[5.5.907~1-cbed4]:main():lattice-best-path.cc:99) For utterance 20030013_632, best cost 255.991 + 4640.11 = 4896.1 over 1009 frames.
20030013_632 تزئین سیکھا نے کہا کے روئی کے کی حجت چوم ہو اور ریڈ یاں بالکل زوال کر کھجوریں اور رسوائی جھولے بغیر بن ہوئیں 
LOG (lattice-best-path[5.5.907~1-cbed4]:main():lattice-best-path.cc:99) For utterance 20030013_633, best cost 208.641 + 4449.55 = 4658.19 over 913 frames.
20030013_633 ایتھرنیٹ کے بحران میں تخیّل کے لیے نیلم مٹیں اور کی سوکھ کی کھال سیف سنگھ سوئنگ کے لیے کیجیے 
LOG (lattice-best-path[5.5.907~1-cbed4]:main():lattice-best-path.cc:99) For utterance 20030013_634, best cost 139.729 + 2414.59 = 2554.32 over 497 frames.
20030013_634 کو نیشن نے جنریشن کس آنکھ کیلئے روغن یقیناً پر بن کر کر لائے 
LOG (lattice-best-path[5.5.907~1-cbed4]:main():lattice-best-path.cc:99) For utterance 20030013_635, best cost 208.797 + 3584.06 = 3792.86 over 734 frames.
20030013_635 پاک مٹھل پوچھیں کی اعلان پاؤڈر بیٹھ نے اور ان نیم عمل تک میراں سے جج جس اولاد ہے 
LOG (lattice-best-path[5.5.907~1-cbed4]:main():lattice-best-path.cc:99) For utterance 20030013_636, best cost 158.704 + 3117.69 = 3276.39 over 657 frames.
20030013_636 کو موو دشمن کی جوبلی ارشد ہونے سے وجہ کا تو ہم آف عود ہوئیں 
LOG (lattice-best-path[5.5.907~1-cbed4]:main():lattice-best-path.cc:99) For utterance 20030013_637, best cost 184.192 + 3274.01 = 3458.21 over 696 frames.
20030013_637 اس خان استعمال میں پہنچ کر رم نیلم عود ای کی پھیل عرصے ماڈل بلڈ ہوئی 
LOG (lattice-best-path[5.5.907~1-cbed4]:main():lattice-best-path.cc:99) For utterance 20030013_638, best cost 194.866 + 3455.46 = 3650.33 over 760 frames.
20030013_638 کا نیو گوجر کی شیڈول ڈرائینگ میں ہونے صورت اور کوٹھڑی کو کھڑے کی کے ہلاک سے جج سے ہیں 
LOG (lattice-best-path[5.5.907~1-cbed4]:main():lattice-best-path.cc:99) For utterance 20030013_639, best cost 231.675 + 3969.74 = 4201.41 over 868 frames.
20030013_639 قحط کے دفتر میں روپے جلد سے اے تجویز کر سکتے نام کود کی زیور تک ساز دیں دب و صفیں 
LOG (lattice-best-path[5.5.907~1-cbed4]:main():lattice-best-path.cc:99) For utterance 20030013_640, best cost 185.818 + 3768.57 = 3954.39 over 760 frames.
20030013_640 جھمکے نیلم کر بیٹھی دیا نیچا کی نے پیسنے کونسل ٹشو والا کا پنچولی کچلا آیا 
LOG (lattice-best-path[5.5.907~1-cbed4]:main():lattice-best-path.cc:99) For utterance 20030013_641, best cost 144.123 + 2417.43 = 2561.55 over 465 frames.
20030013_641 و ہو ایل نڈر بڑی شعبوں گجراتی کا تھیسس ٹھاکر ونگ سے کی کی 
LOG (lattice-best-path[5.5.907~1-cbed4]:main():lattice-best-path.cc:99) For utterance 20030013_642, best cost 149.781 + 2965.29 = 3115.07 over 574 frames.
20030013_642 صفوں کے دکھی میں سے سیکھ قیصر درس سے ہے جو غوث کی راہو کی 
LOG (lattice-best-path[5.5.907~1-cbed4]:main():lattice-best-path.cc:99) For utterance 20030013_643, best cost 171.605 + 3774.09 = 3945.7 over 734 frames.
20030013_643 خوف سے ندرت بڑے مخل کر کمسن نائب اور بورڈر آپ سے سائیڈ کرے لگے 
LOG (lattice-best-path[5.5.907~1-cbed4]:main():lattice-best-path.cc:99) For utterance 20030013_644, best cost 180.29 + 3687.75 = 3868.04 over 683 frames.
20030013_644 پچھلے لیدر چھ کنٹرول کرے اور سے کرا بجلی کے سیل کر کس طلب بکھیر ہے 
LOG (lattice-best-path[5.5.907~1-cbed4]:main():lattice-best-path.cc:99) For utterance 20030013_645, best cost 154.252 + 3075.27 = 3229.52 over 580 frames.
20030013_645 میں دورے بڑے سے دولت ایثار گروتھ گھس اختر کرنے کی کا اشرف لے 
LOG (lattice-best-path[5.5.907~1-cbed4]:main():lattice-best-path.cc:99) For utterance 20030013_646, best cost 159.435 + 3116.68 = 3276.11 over 587 frames.
20030013_646 ساری ڈبو جوس نو جو کرنے کے بعد آؤٹ کردار میں برابر علم نے آئی 
LOG (lattice-best-path[5.5.907~1-cbed4]:main():lattice-best-path.cc:99) For utterance 20030013_647, best cost 121.495 + 2414.64 = 2536.13 over 452 frames.
20030013_647 <oov> صدر احسن عارضی گھورنے چور کر بولوں کرائی 
LOG (lattice-best-path[5.5.907~1-cbed4]:main():lattice-best-path.cc:99) For utterance 20030013_648, best cost 107.105 + 2288.84 = 2395.94 over 440 frames.
20030013_648 میں لینے دودھیا جارج طلب سچل کیلئے کروا تھا 
LOG (lattice-best-path[5.5.907~1-cbed4]:main():lattice-best-path.cc:99) For utterance 20030013_649, best cost 153.192 + 3107.9 = 3261.09 over 600 frames.
20030013_649 وقوف و کھیل اس کر کے بیک میں کے بعد کا لنگر ڈیڈ علاقائی کیے 
LOG (lattice-best-path[5.5.907~1-cbed4]:main():lattice-best-path.cc:99) For utterance 20030013_650, best cost 172.108 + 3499.97 = 3672.07 over 670 frames.
20030013_650 ہتھیلی داغ انستھیزیا تو ساز نے بلکہ نقوی یا حضرات کے جارج تدریس در ہے 
LOG (lattice-best-path[5.5.907~1-cbed4]:main():lattice-best-path.cc:99) For utterance 20030013_651, best cost 143.322 + 2790.97 = 2934.3 over 548 frames.
20030013_651 غلیل کو تیری مرچوں کی کوکھ ایک آٹھ ایف ہونے سے پہلے صوفی کی 
LOG (lattice-best-path[5.5.907~1-cbed4]:main():lattice-best-path.cc:99) For utterance 20030013_652, best cost 191.354 + 3645.23 = 3836.59 over 696 frames.
20030013_652 فیڈرل ایئر کیجیے لیدر گئی کوئلے کرتے نو لا میں کا پور کے سدھو تک کوچ سے ہے 
LOG (lattice-best-path[5.5.907~1-cbed4]:main():lattice-best-path.cc:99) For utterance 20030013_653, best cost 166.633 + 3054.29 = 3220.93 over 600 frames.
20030013_653 لو اب قرار تیز کسی سن کر کر سے سے کے ذریعے دے تک روز کو اور 
LOG (lattice-best-path[5.5.907~1-cbed4]:main():lattice-best-path.cc:99) For utterance 20030013_654, best cost 182.043 + 3795.66 = 3977.71 over 734 frames.
20030013_654 کرفیو ڈے شعور سے سی اسجد جوے اور اونس ایک کی اسی تیرے کا میں ستھرے ہے 
LOG (lattice-best-path[5.5.907~1-cbed4]:main():lattice-best-path.cc:99) For utterance 20030013_655, best cost 121.23 + 3099.63 = 3220.86 over 600 frames.
20030013_655 رم بقیہ چلائی کوٹھے ایئر بو جانے کر بیشتر 
LOG (lattice-best-path[5.5.907~1-cbed4]:main():lattice-best-path.cc:99) For utterance 20030013_656, best cost 176.652 + 3844.82 = 4021.47 over 734 frames.
20030013_656 بے سے سے چل گلے کسے کی اینڈ بجائے پر سوئے مرجھا رنگ دیکھ اس کریں 
LOG (lattice-best-path[5.5.907~1-cbed4]:main():lattice-best-path.cc:99) For utterance 20030013_657, best cost 128.023 + 2715.73 = 2843.75 over 542 frames.
20030013_657 ابو لقب ذہن کی کیفے کر داغ کے عرصے موثر رہی 
LOG (lattice-best-path[5.5.907~1-cbed4]:main():lattice-best-path.cc:99) For utterance 20030013_658, best cost 140.147 + 2894.73 = 3034.88 over 561 frames.
20030013_658 ریزرو اور کم نے برج لولی بھیس کی بعد سے ہو راہبر 
LOG (lattice-best-path[5.5.907~1-cbed4]:main():lattice-best-path.cc:99) For utterance 20030013_659, best cost 166.689 + 3309.58 = 3476.27 over 619 frames.
20030013_659 مسخ ایک سود قرضے چائلڈ اور کوٹھڑی کا تیقن غوروخوض کے بعد کھویا کر سوئے 
LOG (lattice-best-path[5.5.907~1-cbed4]:main():lattice-best-path.cc:99) For utterance 20030013_660, best cost 101.129 + 1984.43 = 2085.56 over 401 frames.
20030013_660 اور دوران کے بو فرض لا میں ویلیو صرف 
LOG (lattice-best-path[5.5.907~1-cbed4]:main():lattice-best-path.cc:99) For utterance 20030013_661, best cost 119.121 + 2034.03 = 2153.15 over 427 frames.
20030013_661 طلب لینے کیلئے بے شبہ ثمر کر کہا درد دبائے 
LOG (lattice-best-path[5.5.907~1-cbed4]:main():lattice-best-path.cc:99) For utterance 20030013_662, best cost 127.243 + 2673.57 = 2800.81 over 529 frames.
20030013_662 کر ٹرین جوگی عدلیہ چلیں کسی جا رکھیے تجزیہ کرے 
LOG (lattice-best-path[5.5.907~1-cbed4]:main():lattice-best-path.cc:99) For utterance 20030013_663, best cost 174.314 + 3623.67 = 3797.98 over 753 frames.
20030013_663 پی رونے جائزہ مرتب انگوٹھے عرصہ لکھ کی اٹھے دیکھی طرحی کس حقوق ہوئی 
LOG (lattice-best-path[5.5.907~1-cbed4]:main():lattice-best-path.cc:99) For utterance 20030013_664, best cost 215.752 + 3569.33 = 3785.08 over 715 frames.
20030013_664 کلاں سیاح لے کے بڑے اعظم میں دائیں لال بھورے لے کر محلول کو اور خلجی کر اور کے پڑے اور گئے 
LOG (lattice-best-path[5.5.907~1-cbed4]:main():lattice-best-path.cc:99) For utterance 20030013_665, best cost 118.913 + 2451.94 = 2570.85 over 484 frames.
20030013_665 فیصلے قیصر لال سے سے گریڈ شنید اس بکھیر کو ہے 
LOG (lattice-best-path[5.5.907~1-cbed4]:main():lattice-best-path.cc:99) For utterance 20030013_666, best cost 143.782 + 2780.53 = 2924.31 over 529 frames.
20030013_666 دس احوال سے رم کر حق کا غصب سے رکھ خیر سکول دیئے 
LOG (lattice-best-path[5.5.907~1-cbed4]:main():lattice-best-path.cc:99) For utterance 20030013_667, best cost 131.55 + 2587.13 = 2718.68 over 504 frames.
20030013_667 اے کی کی رسیدہ عرصے چل دیوی سے کی بورڈ کی بسر ہوئی 
LOG (lattice-best-path[5.5.907~1-cbed4]:main():lattice-best-path.cc:99) For utterance 20030013_668, best cost 188.658 + 3946.67 = 4135.32 over 747 frames.
20030013_668 سانولے کرو ریلیکس کے تلے میں غلط چونکا زچ لاکھا گیا تیار سے جال طلب 
LOG (lattice-best-path[5.5.907~1-cbed4]:main():lattice-best-path.cc:99) For utterance 20030013_669, best cost 144.879 + 3033.12 = 3178 over 548 frames.
20030013_669 قوت خزانہ رؤف فعل کوٹھڑی جوس در کیلئے لیزر سلور قید کیا 
LOG (lattice-best-path[5.5.907~1-cbed4]:main():lattice-best-path.cc:99) For utterance 20030013_670, best cost 138.237 + 2789.69 = 2927.93 over 574 frames.
20030013_670 روضے کا آخری آشرم رہتے کے سرکا ابھرا کو بوڑھوں کا تعلق 
LOG (lattice-best-path[5.5.907~1-cbed4]:main():lattice-best-path.cc:99) For utterance 20030013_671, best cost 199.919 + 4187.82 = 4387.74 over 772 frames.
20030013_671 اور چیچک ملے سوسائٹی گھوڑے نے کہا ذوق اور اس بغور کے سقوط چوڑی میں کوکھ اور دیے دیا 
LOG (lattice-best-path[5.5.907~1-cbed4]:main():lattice-best-path.cc:99) For utterance 20030013_672, best cost 148.153 + 3433.65 = 3581.8 over 632 frames.
20030013_672 انٹر مڈل جھوم چلائی دفتر کاربن سربراہ اوصاف درج علاقے لایا 
LOG (lattice-best-path[5.5.907~1-cbed4]:main():lattice-best-path.cc:99) For utterance 20030013_673, best cost 134.516 + 2870.15 = 3004.67 over 555 frames.
20030013_673 پڑھائی کے چار قناعت ایونیو دن اصل کر رہ اور کا اے 
LOG (lattice-best-path[5.5.907~1-cbed4]:main():lattice-best-path.cc:99) For utterance 20030013_674, best cost 179.674 + 4225.57 = 4405.25 over 772 frames.
20030013_674 نقشوں نے پُلوں نائب باڑھ کا پراچہ لاڈ کر اور وارڈ دیے اونس نے کی کوشش کی 
LOG (lattice-best-path[5.5.907~1-cbed4]:main():lattice-best-path.cc:99) For utterance 20030013_675, best cost 148.524 + 2719.84 = 2868.36 over 529 frames.
20030013_675 آئے جہد بنوری کے رویے فرض پوچھیں تک آؤ فون کرواؤ اٹھائے 
LOG (lattice-best-path[5.5.907~1-cbed4]:main():lattice-best-path.cc:99) For utterance 20030013_676, best cost 151.099 + 3009.87 = 3160.97 over 568 frames.
20030013_676 اپنے رہائشی سیلز کا نتھی چاقو عذاب آنے فہرست میں بڑے قناعت دیئے 
LOG (lattice-best-path[5.5.907~1-cbed4]:main():lattice-best-path.cc:99) For utterance 20030013_677, best cost 221.087 + 4721.29 = 4942.37 over 926 frames.
20030013_677 مثال میں کوئی یا کی کوٹھڑی بولنے کر پہنچ میں گم ہو صغیر روور تحویل کی ایل رکھے دہلوی کر آیا 
LOG (lattice-best-path[5.5.907~1-cbed4]:main():lattice-best-path.cc:99) For utterance 20030013_678, best cost 223.344 + 5096.7 = 5320.04 over 971 frames.
20030013_678 چین گینز کم کو اور پہلی خیر راؤ زوال اثر چرانے کیلئے ہر کو جلد کہف سمجھتے شیر کریں 
LOG (lattice-best-path[5.5.907~1-cbed4]:main():lattice-best-path.cc:99) For utterance 20030013_679, best cost 98.044 + 2320.32 = 2418.36 over 446 frames.
20030013_679 کوٹھڑی علوی کر چیلہ کچہری تھیلی زچگی 
LOG (lattice-best-path[5.5.907~1-cbed4]:main():lattice-best-path.cc:99) For utterance 20030013_680, best cost 187.617 + 3465.73 = 3653.34 over 683 frames.
20030013_680 جور ایگلز اڑا بہن زیور ازخود اور لائے اخبار آ برس میں ایک نڈر آغا جاتا ہے 
LOG (lattice-best-path[5.5.907~1-cbed4]:main():lattice-best-path.cc:99) For utterance 20030013_681, best cost 176.313 + 2975.88 = 3152.19 over 587 frames.
20030013_681 زدہ جج سمجھی شو کر کی تارڑ سوئی کھوہ دونوں پر بیچے کار برس اور گیا 
LOG (lattice-best-path[5.5.907~1-cbed4]:main():lattice-best-path.cc:99) For utterance 20030013_682, best cost 202.697 + 3763 = 3965.7 over 753 frames.
20030013_682 گی دور شعاع دیکھیے دودھ کر ایسڈ اعلان آ سنگسار کر بوائے اے جور معلوم کیے 
LOG (lattice-best-path[5.5.907~1-cbed4]:main():lattice-best-path.cc:99) For utterance 20030013_683, best cost 163.963 + 3487.73 = 3651.7 over 657 frames.
20030013_683 دیے سے مگ کلچر تو تک اینٹھن نے سیکھ کرتی کے تیز سے نے کرے 
LOG (lattice-best-path[5.5.907~1-cbed4]:main():lattice-best-path.cc:99) For utterance 20030013_684, best cost 148.708 + 2795.78 = 2944.48 over 593 frames.
20030013_684 نے غریب بھول خارجہ کے کی و میں مرغوب یا جلد طلب کر عام 
LOG (lattice-best-path[5.5.907~1-cbed4]:main():lattice-best-path.cc:99) For utterance 20030013_685, best cost 140.629 + 2178.92 = 2319.55 over 446 frames.
20030013_685 جو خلل بو سی بن شیر بخشے و سے کا سے لنگر و 
LOG (lattice-best-path[5.5.907~1-cbed4]:main():lattice-best-path.cc:99) For utterance 20030013_686, best cost 180.962 + 3885.48 = 4066.44 over 772 frames.
20030013_686 سول رینگتے کے صبر خیلوی وی پریشر سے بلدیاتی میں کھچ کر جوش رفو جوگی 
LOG (lattice-best-path[5.5.907~1-cbed4]:main():lattice-best-path.cc:99) For utterance 20030013_687, best cost 199.834 + 3744.73 = 3944.56 over 721 frames.
20030013_687 سوکھ کو اس کے بدسلوکی سے آدھے فوجی رباب بغور راسخ چیز مآب کر توجہ منظور کرائی 
LOG (lattice-best-path[5.5.907~1-cbed4]:main():lattice-best-path.cc:99) For utterance 20030013_688, best cost 207.759 + 4154.77 = 4362.53 over 836 frames.
20030013_688 پر کی بلکہ چادر بیگج آکر سے جلو گروہ دیکھی کے دیکھ میں نگران وہ کے پرکھے قہوے جاؤ 
LOG (lattice-best-path[5.5.907~1-cbed4]:main():lattice-best-path.cc:99) For utterance 20030013_689, best cost 181.943 + 3740.32 = 3922.26 over 753 frames.
20030013_689 گو چوزوں برسراقتدار کیا جان اور جو گول بنائی اور قوس اور بسیں اچھل کر جائے 
LOG (lattice-best-path[5.5.907~1-cbed4]:main():lattice-best-path.cc:99) For utterance 20030013_690, best cost 108.248 + 2068.1 = 2176.35 over 414 frames.
20030013_690 پہ کو کے اداکارائیں کے چھولے کچھ کو نہیں اجازت 
LOG (lattice-best-path[5.5.907~1-cbed4]:main():lattice-best-path.cc:99) For utterance 20030013_691, best cost 159.734 + 2845.05 = 3004.78 over 606 frames.
20030013_691 کیسی دلجوئی کیلئے اگرچہ کر گویا اور جلووں ذاد کر معائنہ ایلویٹ ٹھونس دیئے 
LOG (lattice-best-path[5.5.907~1-cbed4]:main():lattice-best-path.cc:99) For utterance 20030013_692, best cost 159.808 + 3555.32 = 3715.13 over 721 frames.
20030013_692 بدشگونی سامنے کہا کے میں سے غصہ گہرے کر بڑی کے ٹری کرتے لہو 
LOG (lattice-best-path[5.5.907~1-cbed4]:main():lattice-best-path.cc:99) For utterance 20030013_693, best cost 138.305 + 2335.01 = 2473.32 over 491 frames.
20030013_693 میں نے حد کے جوے اسے کہا کے بقایا پر گنا کر لائے مدعو 
LOG (lattice-best-path[5.5.907~1-cbed4]:main():lattice-best-path.cc:99) For utterance 20030013_694, best cost 162.322 + 3035.26 = 3197.58 over 664 frames.
20030013_694 تمغہ چھوڑ آپ شل شفاعت عرصہ کو درجے اور اسے کی چاقو چوہان بنایا 
LOG (lattice-best-path[5.5.907~1-cbed4]:main():lattice-best-path.cc:99) For utterance 20030013_695, best cost 158.778 + 2590.84 = 2749.62 over 568 frames.
20030013_695 گزری جانے کھچی جانے زود کیا بھون اگر کے جاؤں تو پانی میں بھول جاؤ 
LOG (lattice-best-path[5.5.907~1-cbed4]:main():lattice-best-path.cc:99) For utterance 20030013_696, best cost 157.782 + 2718.02 = 2875.8 over 593 frames.
20030013_696 فیشن خاص فیتھ کیا میں سے کو مس میں مسوڑوں کے بنانے کیلئے پر عام کیا گیا 
LOG (lattice-best-path[5.5.907~1-cbed4]:main():lattice-best-path.cc:99) For utterance 20030013_697, best cost 136.926 + 2316.18 = 2453.11 over 497 frames.
20030013_697 بولو اور کا عود سے سیل ایندھن لیڈی جائیں کرنے کا پرفارم ہو گا 
LOG (lattice-best-path[5.5.907~1-cbed4]:main():lattice-best-path.cc:99) For utterance 20030013_698, best cost 156.748 + 3146.85 = 3303.6 over 721 frames.
20030013_698 بار بم ذاد عود تین کے شب باغ باعث کام جائزہ لینے گا 
LOG (lattice-best-path[5.5.907~1-cbed4]:main():lattice-best-path.cc:99) For utterance 20030013_699, best cost 179.877 + 2898 = 3077.88 over 625 frames.
20030013_699 میں جسٹس قیود اوس کار کی چھڑیاں بتایا قید جانے بے اور مری کا مخصوص جوق 
LOG (lattice-best-path[5.5.907~1-cbed4]:main():lattice-best-path.cc:99) For utterance 20030013_700, best cost 146.42 + 2852.85 = 2999.27 over 587 frames.
20030013_700 ہوش اور عود کی تبلیغ میں تغافل کی سوجھی جھڑک ابو سوکھ زور 
LOG (lattice-best-path[5.5.907~1-cbed4]:main():lattice-best-path.cc:99) For utterance 20030013_701, best cost 204.18 + 3333.35 = 3537.53 over 728 frames.
20030013_701 مضمون باؤلر مان بھولو کو بدل کی تو مس نجی سے کھول کھا کر ماچس قوت تو بوسن آیا 
LOG (lattice-best-path[5.5.907~1-cbed4]:main():lattice-best-path.cc:99) For utterance 20030013_702, best cost 172.582 + 3105.59 = 3278.17 over 683 frames.
20030013_702 گھائل فیصلہ آپ حقوق بات کی کود میں ہفتے کو کا گناہ دل لوک شوخ 
LOG (lattice-best-path[5.5.907~1-cbed4]:main():lattice-best-path.cc:99) For utterance 20030013_703, best cost 141.665 + 2144.57 = 2286.23 over 465 frames.
20030013_703 پہلا چائلڈ سے دور کی کی چھین کے دیکھ مقابلوں بار ظاہر ہوتا ہے 
LOG (lattice-best-path[5.5.907~1-cbed4]:main():lattice-best-path.cc:99) For utterance 20030013_704, best cost 140.22 + 2990.31 = 3130.53 over 676 frames.
20030013_704 چودہ دھیمی فیشن مزارعین عذاب میں کے LOG (lattice-scale[5.5.907~1-cbed4]:main():lattice-scale.cc:107) Done 108 lattices.
انظباتی کا لاکھا پراسیس ہے 
LOG (lattice-add-penalty[5.5.907~1-cbed4]:main():lattice-add-penalty.cc:62) Done adding word insertion penalty to 108 lattices.
LOG (lattice-best-path[5.5.907~1-cbed4]:main():lattice-best-path.cc:99) For utterance 20030013_705, best cost 125.857 + 2276.01 = 2401.87 over 491 frames.
20030013_705 باغ ازالہ بنائی تربیتی جاتا لاگت کانفرنسوں سے بڑھ گئی 
LOG (lattice-best-path[5.5.907~1-cbed4]:main():lattice-best-path.cc:99) For utterance 20030013_706, best cost 109.816 + 1832.14 = 1941.95 over 363 frames.
20030013_706 ابو سفید اویسی یا کے دیکھیں تو مدون مرچوں 
LOG (lattice-best-path[5.5.907~1-cbed4]:main():lattice-best-path.cc:99) For utterance 20030013_707, best cost 106.956 + 2073.62 = 2180.58 over 452 frames.
20030013_707 ماضی کو بلا ہے ثاقب انیق ملاؤں میں نہ کریں 
LOG (lattice-best-path[5.5.907~1-cbed4]:main():lattice-best-path.cc:99) For utterance 20030013_708, best cost 169.519 + 2952 = 3121.52 over 606 frames.
20030013_708 مشعر نے سے پہلے برڈ میں نے مری کچھ خواہ رسیدہ تحریک کا اور مشق سمجھا ہے 
LOG (lattice-best-path[5.5.907~1-cbed4]:main():lattice-best-path.cc:124) Overall cost per frame is 5.13906 = 0.255782 [graph] + 4.88327 [acoustic] over 71279 frames.
LOG (lattice-best-path[5.5.907~1-cbed4]:main():lattice-best-path.cc:128) Done 108 lattices, failed for 0
# Accounting: time=1 threads=1
# Ended (code 0) at Wed Apr 21 06:58:55 PKT 2021, elapsed time 1 seconds
