# lattice-scale --inv-acoustic-scale=12 "ark:gunzip -c exp/sgmm2_4_mmi_b0.1/decode_it1/lat.*.gz|" ark:- | lattice-add-penalty --word-ins-penalty=0.0 ark:- ark:- | lattice-best-path --word-symbol-table=data/lang_test/words.txt ark:- ark,t:- | utils/int2sym.pl -f 2- data/lang_test/words.txt | cat > exp/sgmm2_4_mmi_b0.1/decode_it1/scoring_kaldi/penalty_0.0/12.txt 
# Started at Wed Apr 21 05:45:11 PKT 2021
#
lattice-best-path --word-symbol-table=data/lang_test/words.txt ark:- ark,t:- 
lattice-scale --inv-acoustic-scale=12 'ark:gunzip -c exp/sgmm2_4_mmi_b0.1/decode_it1/lat.*.gz|' ark:- 
lattice-add-penalty --word-ins-penalty=0.0 ark:- ark:- 
LOG (lattice-best-path[5.5.907~1-cbed4]:main():lattice-best-path.cc:99) For utterance 20030004_601, best cost 240.026 + 3351.44 = 3591.46 over 804 frames.
20030004_601 نو بُدھی یہاں تک اونچی کے دماغی کے لیے شو میں دھڑے لنگر ای لیلی اگر امور کے پڑا گو بھول کر نیلم گی 
LOG (lattice-best-path[5.5.907~1-cbed4]:main():lattice-best-path.cc:99) For utterance 20030004_602, best cost 293.23 + 4270.45 = 4563.68 over 1000 frames.
20030004_602 درجوں با کو آئیوڈین کے نرخوں اور کھیلے پر رکھے ہوے آ پڑھائی کے لو بن نقشے آلود جا کے با و پریوں جب کرنے کی شرکت سے آرزوئیں ہے 
LOG (lattice-best-path[5.5.907~1-cbed4]:main():lattice-best-path.cc:99) For utterance 20030004_603, best cost 193.327 + 3252.78 = 3446.1 over 782 frames.
20030004_603 شمسی شوہر اور نزلے کی بڑا سے گدے عمل پر اٹھا تو تبدیلی بےقصور پر کرنے جھاگ کر کیا 
LOG (lattice-best-path[5.5.907~1-cbed4]:main():lattice-best-path.cc:99) For utterance 20030004_604, best cost 228.321 + 2756.8 = 2985.12 over 638 frames.
20030004_604 سدھ ای نے نا اہل ای کے داغ وہ کی کر ورلڈ پڑی تو کا اس کو اچھال ایل کے روز کے نقش ریوڑ کھائیں 
LOG (lattice-best-path[5.5.907~1-cbed4]:main():lattice-best-path.cc:99) For utterance 20030004_605, best cost 139.921 + 2035.55 = 2175.47 over 506 frames.
20030004_605 سول جل شوربہ جھمکے پیش اے میں گولڈ پیر کر داخل دیتا ہے 
LOG (lattice-best-path[5.5.907~1-cbed4]:main():lattice-best-path.cc:99) For utterance 20030004_606, best cost 187.342 + 2334.38 = 2521.72 over 554 frames.
20030004_606 ندوی میں کے بم آپ میں فلو بدھ سے کی اس نبی و کے تعوذ کی بڑی فیض ای لخت ہے 
LOG (lattice-best-path[5.5.907~1-cbed4]:main():lattice-best-path.cc:99) For utterance 20030004_607, best cost 125.547 + 1764.84 = 1890.38 over 428 frames.
20030004_607 اب سے دیے کی اور عفت کی زود باندھ گھمبیر نہ بنائی جائے 
LOG (lattice-best-path[5.5.907~1-cbed4]:main():lattice-best-path.cc:99) For utterance 20030004_608, best cost 162.428 + 2469.78 = 2632.21 over 578 frames.
20030004_608 کو پہ کے وڈ بے مرغی کو خرچ پر ڈام جوق جانے کی الجھ ان تو ہو گی 
LOG (lattice-best-path[5.5.907~1-cbed4]:main():lattice-best-path.cc:99) For utterance 20030004_609, best cost 215.846 + 3125.83 = 3341.68 over 746 frames.
20030004_609 علاج شل میں مغلوں اُمید بار مگر مچھلی اس کو لے نکالیں اور فی سوکھ کے جوڑیں اوقات تصفیے یا کیا 
LOG (lattice-best-path[5.5.907~1-cbed4]:main():lattice-best-path.cc:99) For utterance 20030004_610, best cost 194.289 + 3066.94 = 3261.23 over 740 frames.
20030004_610 مماثل اہل لیتے شیریں کا ایئر بے کی چمن بے ریان ای چڑھ کی طرف سے بدھ دیے کے ساتھ ہے 
LOG (lattice-best-path[5.5.907~1-cbed4]:main():lattice-best-path.cc:99) For utterance 20030004_611, best cost 196.107 + 2812.75 = 3008.85 over 699 frames.
20030004_611 گھسے پہنے بھیم کا فورس چڑ نے سے کے دب آؤ کو گڑگڑا حد کی کو اونچی کے ساتھ چھ لے 
LOG (lattice-best-path[5.5.907~1-cbed4]:main():lattice-best-path.cc:99) For utterance 20030004_612, best cost 208.793 + 3189.26 = 3398.05 over 740 frames.
20030004_612 تبدیلی و کی لگا زچ سے میں ڈھال بھورا دے جبڑا شفیق کو توقع قوت کی لینگویج کا خاں حامل ہے 
LOG (lattice-best-path[5.5.907~1-cbed4]:main():lattice-best-path.cc:99) For utterance 20030004_613, best cost 127.647 + 2231.05 = 2358.7 over 534 frames.
20030004_613 کلیم کو لا حق بوگس اور جدول کو ریشمی نے البتہ کہا 
LOG (lattice-best-path[5.5.907~1-cbed4]:main():lattice-best-path.cc:99) For utterance 20030004_614, best cost 145.846 + 2258.14 = 2403.98 over 547 frames.
20030004_614 گدھوں فیشن نے شے شو کے کرائی و کے ساتھ سمجھیں بغیر سمجھو تھا کیا 
LOG (lattice-best-path[5.5.907~1-cbed4]:main():lattice-best-path.cc:99) For utterance 20030004_615, best cost 235.718 + 3993.26 = 4228.98 over 941 frames.
20030004_615 ہدایت کا شہزادی نے علی جور موئسچرائزنگ سکول بلڈ اوس کرتے ہوئے جونہی خان دانش کی تجوریاں گوبر ہیڈ بڑھ آیا 
LOG (lattice-best-path[5.5.907~1-cbed4]:main():lattice-best-path.cc:99) For utterance 20030004_616, best cost 250.038 + 3793.03 = 4043.07 over 890 frames.
20030004_616 تاجر غیب وارڈ میڈیسن خان پور بلین کو فروغ مزاج کر کیسی دب تصدق کی ماہ فٹ کا بل کا ایف تیار کیا 
LOG (lattice-best-path[5.5.907~1-cbed4]:main():lattice-best-path.cc:99) For utterance 20030004_617, best cost 181.416 + 2333.75 = 2515.16 over 569 frames.
20030004_617 کم بے پر پڑے سوکھ کے کچھ و میں کی لونگ کو بھول لیتا دیکھ کر فقدان گھسنے لگا 
LOG (lattice-best-path[5.5.907~1-cbed4]:main():lattice-best-path.cc:99) For utterance 20030004_618, best cost 199.829 + 3367.55 = 3567.38 over 792 frames.
20030004_618 فاؤنڈیشن کمرے جس سے روشناس موعود شو والے اکھنڈ ساغر نے کر نیو کے بعد ویجز کے تیار کیا ہے 
LOG (lattice-best-path[5.5.907~1-cbed4]:main():lattice-best-path.cc:99) For utterance 20030004_619, best cost 129.575 + 2135.42 = 2265 over 524 frames.
20030004_619 تہذیب ای تشبیہ خادم مطالبے آن کرنے کا جبری نتھی جا ہے 
LOG (lattice-best-path[5.5.907~1-cbed4]:main():lattice-best-path.cc:99) For utterance 20030004_620, best cost 232.7 + 2978.48 = 3211.18 over 688 frames.
20030004_620 چیل میں نے پَلوں کی بولوں کو گڑھ ہو میں سموئے یا اور کی ڈیمو بوڑھوں پر کو اور زور شو آؤٹ کی تیار عریاں کیں 
LOG (lattice-best-path[5.5.907~1-cbed4]:main():lattice-best-path.cc:99) For utterance 20030004_621, best cost 212.471 + 3423.99 = 3636.46 over 757 frames.
20030004_621 معجل حد رنز حاشیے نے اور کر سوجن کے ماہ بینک ویزے نوبل سدھ اور چاہیے نواز نے میں پہلے کی 
LOG (lattice-best-path[5.5.907~1-cbed4]:main():lattice-best-path.cc:99) For utterance 20030004_622, best cost 183.208 + 2703.25 = 2886.46 over 634 frames.
20030004_622 کو چیک گڑھ میں میں ندا اور قدرے کرے درج ان عمر رسیدہ بھیڑیے کو عالمی سے گزری 
LOG (lattice-best-path[5.5.907~1-cbed4]:main():lattice-best-path.cc:99) For utterance 20030004_623, best cost 140.528 + 2089.71 = 2230.24 over 510 frames.
20030004_623 بن ڈیل ہینگر لوک منافعے اس و برس کا محور کا نشانہ لے گیا 
LOG (lattice-best-path[5.5.907~1-cbed4]:main():lattice-best-path.cc:99) For utterance 20030004_624, best cost 214.304 + 3303.28 = 3517.59 over 768 frames.
20030004_624 ماؤف اثر کے نعوذ کو میں گیس چینی اور فوج فوریکس والا فورم حدود کے انجکشن کیلئے مبہم ارشد بھول تھا 
LOG (lattice-best-path[5.5.907~1-cbed4]:main():lattice-best-path.cc:99) For utterance 20030004_625, best cost 171.861 + 2826.79 = 2998.65 over 717 frames.
20030004_625 نے روور ڈیل ساگر میڈیا کی آدمی قدرے دیکھ کر بنگلے زیور کے موو واقعے کو گیا 
LOG (lattice-best-path[5.5.907~1-cbed4]:main():lattice-best-path.cc:99) For utterance 20030004_626, best cost 116.868 + 1940.28 = 2057.15 over 463 frames.
20030004_626 لینڈ پہنچنے کو ملی کیا تک دھول کھیر باڑھ سمجھا 
LOG (lattice-best-path[5.5.907~1-cbed4]:main():lattice-best-path.cc:99) For utterance 20030004_627, best cost 175.336 + 2530.67 = 2706.01 over 610 frames.
20030004_627 فروغ کا خیر رول عمل کے نخوت کے اعلان یہ سے بھڑوں کو تو فوم میں لکھا رہ گیا 
LOG (lattice-best-path[5.5.907~1-cbed4]:main():lattice-best-path.cc:99) For utterance 20030004_628, best cost 200.216 + 2868.17 = 3068.38 over 710 frames.
20030004_628 لو بدھ کی تک میلے بھال نے کے لیے بیٹھ ریڈ ٹریبیونل میں فن اور کی خوشی یاں ماؤف کود تھیں 
LOG (lattice-best-path[5.5.907~1-cbed4]:main():lattice-best-path.cc:99) For utterance 20030004_629, best cost 219.688 + 3193.44 = 3413.13 over 773 frames.
20030004_629 شیلڈیں ٹریفک کے کوش والا کے وافر میں فیڈر اب گز روور منیب نے مردوں کا ہے سب بھیج کروا یا 
LOG (lattice-best-path[5.5.907~1-cbed4]:main():lattice-best-path.cc:99) For utterance 20030004_630, best cost 180.293 + 2707.93 = 2888.22 over 661 frames.
20030004_630 کئی ان قیصر نے نے شے کے اشجار میں آکر بیچے ماہ لے اچھال سے خام بکھرے گیا 
LOG (lattice-best-path[5.5.907~1-cbed4]:main():lattice-best-path.cc:99) For utterance 20030004_631, best cost 240.423 + 3568.86 = 3809.28 over 905 frames.
20030004_631 سیریز چیف کو لینڈ و برڈ نے وقف آگ کے لیے فعل اور خرچ بھیجے تو قوس نے کو سے موڑ کر چھایا لے دکھائی 
LOG (lattice-best-path[5.5.907~1-cbed4]:main():lattice-best-path.cc:99) For utterance 20030004_632, best cost 224.385 + 3446.71 = 3671.09 over 874 frames.
20030004_632 حسین سعید آنے کہا کے روئی یقین گوجر چھوڑ غوں اور بیڑیاں بھجوا کر فجور اور رسولی چھوئیں بغیر بیٹھ 
LOG (lattice-best-path[5.5.907~1-cbed4]:main():lattice-best-path.cc:99) For utterance 20030004_633, best cost 233.002 + 3524.5 = 3757.5 over 822 frames.
20030004_633 ریڈ فرینڈ ان کے بگاڑنے تخیّل کے لیے منیب فن پہ اور فی سوں کی کو والرس ایک سیسے بولنگ کیلئے دی جی گے 
LOG (lattice-best-path[5.5.907~1-cbed4]:main():lattice-best-path.cc:99) For utterance 20030004_634, best cost 191.377 + 2716.89 = 2908.26 over 680 frames.
20030004_634 کوئلے شجر جس چلیں شنید کی اس خان کے لیے میں روغن نیم یاں کے نکل فرینڈ کر کے لائیں 
LOG (lattice-best-path[5.5.907~1-cbed4]:main():lattice-best-path.cc:99) For utterance 20030004_635, best cost 196.087 + 2961.5 = 3157.59 over 684 frames.
20030004_635 فاریسٹ مڈل کو چنگ کی الاؤنس فارم میں بیٹھی اور اگلے ممکن تک میں یاں سیل سے سدھ آپ کریں 
LOG (lattice-best-path[5.5.907~1-cbed4]:main():lattice-best-path.cc:99) For utterance 20030004_636, best cost 177.959 + 2718.04 = 2896 over 677 frames.
20030004_636 کو مدعو اور خشوع نقش کی جوبلی اب شاہ ہونے سے زود جا کا تو ہم کا افورڈ ہوا 
LOG (lattice-best-path[5.5.907~1-cbed4]:main():lattice-best-path.cc:99) For utterance 20030004_637, best cost 170.322 + 2571.36 = 2741.68 over 652 frames.
20030004_637 اقوام کے اس تم آدمی پہنچ کا جنگی لا ہوتی کی حد عرصے موڈ بھیڑوں ہوئی 
LOG (lattice-best-path[5.5.907~1-cbed4]:main():lattice-best-path.cc:99) For utterance 20030004_638, best cost 200.297 + 3026.05 = 3226.34 over 709 frames.
20030004_638 کام جو گوجر کی شیڈ اور ڈرائینگ میں کوئی صورت چھور کوٹھڑی کو کر کی کے بلا آف سے جج جیم 
LOG (lattice-best-path[5.5.907~1-cbed4]:main():lattice-best-path.cc:99) For utterance 20030004_639, best cost 205.231 + 3065.91 = 3271.15 over 768 frames.
20030004_639 ٹریفک کے دفتر کی دکھ اے جلسے تجویز کر صغیر نہ خود کی زور ہر تک ساز سے بہت سکتیں 
LOG (lattice-best-path[5.5.907~1-cbed4]:main():lattice-best-path.cc:99) For utterance 20030004_640, best cost 208.5 + 3171.25 = 3379.74 over 768 frames.
20030004_640 چور کے نے یوم پر بیٹھی گیارہویں صفیں یہ نے پیسنے کونسل کے شاہ والا کا کا چوری کوچ لگا آیا 
LOG (lattice-best-path[5.5.907~1-cbed4]:main():lattice-best-path.cc:99) For utterance 20030004_641, best cost 150.706 + 2511.8 = 2662.5 over 601 frames.
20030004_641 کو کو پالمر اور بڑی شگوفے کو کی آتشیں بعد سے کھلکھلا کر بھینس سے کی دیں 
LOG (lattice-best-path[5.5.907~1-cbed4]:main():lattice-best-path.cc:99) For utterance 20030004_642, best cost 163.07 + 2339.43 = 2502.5 over 588 frames.
20030004_642 ہر فوم کی فٹ فی میچ اس سیکھیں تو درس اسے نفوذ کی ہوا رو کی 
LOG (lattice-best-path[5.5.907~1-cbed4]:main():lattice-best-path.cc:99) For utterance 20030004_643, best cost 192.353 + 2620.46 = 2812.81 over 626 frames.
20030004_643 تفاوت سے نہ فائر پڑنے موقف آف ہجر سے نہ ہائے اور دوغلی لاکھ سے زاید طرحی ڈال ہے 
LOG (lattice-best-path[5.5.907~1-cbed4]:main():lattice-best-path.cc:99) For utterance 20030004_644, best cost 199.631 + 3289.12 = 3488.76 over 753 frames.
20030004_644 ڈچ کے لیے میں ترچھی ایک میں ڈور روئیں اور ذاد برابر چھری کے سینما پر سکتے ندا پاک پھیریں 
LOG (lattice-best-path[5.5.907~1-cbed4]:main():lattice-best-path.cc:99) For utterance 20030004_645, best cost 172.48 + 2828.95 = 3001.43 over 687 frames.
20030004_645 نڈر ویلوٹ کے اس میں دو صرف کے سائیڈ پر زور مس کر کرنے کی فاجر کھلیں ہیں 
LOG (lattice-best-path[5.5.907~1-cbed4]:main():lattice-best-path.cc:99) For utterance 20030004_646, best cost 149.211 + 2791.29 = 2940.5 over 664 frames.
20030004_646 سعودی ناول جوس نے اور چبھنے کے بعد لاؤ براں نے بڑھائے ڈالنے آئی 
LOG (lattice-best-path[5.5.907~1-cbed4]:main():lattice-best-path.cc:99) For utterance 20030004_647, best cost 147.717 + 1892.35 = 2040.06 over 439 frames.
20030004_647 بو آج نادر کے تھانہ ظہیر بھون دھونی چور کر دو رو پر آئے 
LOG (lattice-best-path[5.5.907~1-cbed4]:main():lattice-best-path.cc:99) For utterance 20030004_648, best cost 120.332 + 2175.26 = 2295.59 over 531 frames.
20030004_648 میلے میں دودھیا چار سکتے نوحہ خرچ ایئر کیلئے کروا تھا 
LOG (lattice-best-path[5.5.907~1-cbed4]:main():lattice-best-path.cc:99) For utterance 20030004_649, best cost 142.374 + 2442.74 = 2585.11 over 582 frames.
20030004_649 کو کو کو کن مین صرف کے بیٹھ نے کے بعد کا بام کا لیڈر لگائے 
LOG (lattice-best-path[5.5.907~1-cbed4]:main():lattice-best-path.cc:99) For utterance 20030004_650, best cost 180.017 + 2922.74 = 3102.76 over 690 frames.
20030004_650 ہجو میری تعلیم کی سی غیرت اور سال میں یقین کی نبوی اہلیہ کے ادائیگی تک اعزہ ہے 
LOG (lattice-best-path[5.5.907~1-cbed4]:main():lattice-best-path.cc:99) For utterance 20030004_651, best cost 157.832 + 2720.1 = 2877.93 over 679 frames.
20030004_651 کوئی ایل خوف بلڈنگ میں چونگی کھوکھلے ایقان کے اور نے سے پہلے سونگ پی تھی 
LOG (lattice-best-path[5.5.907~1-cbed4]:main():lattice-best-path.cc:99) For utterance 20030004_652, best cost 218.841 + 3130.33 = 3349.17 over 801 frames.
20030004_652 ہیڈ رول ینگ کی چھیلنے تھام گئی اور ملی کوڈ کے نو لا میں کا گوٹھوں کے سدھو اور تک پہنچ ای 
LOG (lattice-best-path[5.5.907~1-cbed4]:main():lattice-best-path.cc:99) For utterance 20030004_653, best cost 184.259 + 2822.24 = 3006.5 over 694 frames.
20030004_653 لو ایئر برابر ڈیل سے کسی سن ٹھل قرضے لکھی ہجر عید لائی تک روز ہوا 
LOG (lattice-best-path[5.5.907~1-cbed4]:main():lattice-best-path.cc:99) For utterance 20030004_654, best cost 175.878 + 2923.58 = 3099.46 over 694 frames.
20030004_654 کرنے اور دیش ہاؤس اس کی ایشیائی جونہی اور انسٹھویں اور اس کے نوید عام عید سدھ رہیں 
LOG (lattice-best-path[5.5.907~1-cbed4]:main():lattice-best-path.cc:99) For utterance 20030004_655, best cost 133.48 + 1978.77 = 2112.25 over 493 frames.
20030004_655 نام بخشش کی یہ چھائی گوڈی لیب بو جانے کا عشرت ایں 
LOG (lattice-best-path[5.5.907~1-cbed4]:main():lattice-best-path.cc:99) For utterance 20030004_656, best cost 182.644 + 2995.52 = 3178.17 over 744 frames.
20030004_656 بے ایل سے سمجھی ایئر و ہینگر کا زیر ایونٹ بچائیں اور سنو جوار بھید حبس کریں 
LOG (lattice-best-path[5.5.907~1-cbed4]:main():lattice-best-path.cc:99) For utterance 20030004_657, best cost 143.127 + 2172.05 = 2315.18 over 545 frames.
20030004_657 خام پر آف پھنسے ان کے ایک ایف پر کردار کی حد سے موخر نہیں 
LOG (lattice-best-path[5.5.907~1-cbed4]:main():lattice-best-path.cc:99) For utterance 20030004_658, best cost 130.793 + 2304.71 = 2435.5 over 505 frames.
20030004_658 لینڈ ورلڈ کا میں با لوہے عفو ایئر سچ کے بعد سے گزارنے 
LOG (lattice-best-path[5.5.907~1-cbed4]:main():lattice-best-path.cc:99) For utterance 20030004_659, best cost 196.101 + 3159.3 = 3355.4 over 796 frames.
20030004_659 مٹیں کود کر بجھائی اور کوڑھ ای کا تک خام پور و قوس کے بعد بوم نیا کر سوویں 
LOG (lattice-best-path[5.5.907~1-cbed4]:main():lattice-best-path.cc:99) For utterance 20030004_660, best cost 99.1771 + 1779.53 = 1878.7 over 406 frames.
20030004_660 ہوئے پردھان کے بقایا قے ضلع میں نہیں حوصلہ 
LOG (lattice-best-path[5.5.907~1-cbed4]:main():lattice-best-path.cc:99) For utterance 20030004_661, best cost 118.92 + 2057.25 = 2176.17 over 513 frames.
20030004_661 کا صرف لینے کے لیے بیچوں پر حامل کا داغدار راغب دبائے 
LOG (lattice-best-path[5.5.907~1-cbed4]:main():lattice-best-path.cc:99) For utterance 20030004_662, best cost 159.78 + 2271.64 = 2431.42 over 549 frames.
20030004_662 کر ٹرین چون کو کی آنکھ یاں جھلی تو سے یا رو کی تشبیہ ہی بھی کریں 
LOG (lattice-best-path[5.5.907~1-cbed4]:main():lattice-best-path.cc:99) For utterance 20030004_663, best cost 201.672 + 2709.5 = 2911.17 over 658 frames.
20030004_663 پی رونے جہاں چاہے مگ کا گا انگوٹھے یاں عرصہ تھیں تو کی معدے کی طرحی صوبوں قوت گی 
LOG (lattice-best-path[5.5.907~1-cbed4]:main():lattice-best-path.cc:99) For utterance 20030004_664, best cost 227.085 + 3048.84 = 3275.93 over 744 frames.
20030004_664 فراواں صیاد اے کے بارے اعظم میں تعین آدھ گورے لے کا نہ زور ہوا تو ایئر جی کے روپے کھڑے ہو گئے 
LOG (lattice-best-path[5.5.907~1-cbed4]:main():lattice-best-path.cc:99) For utterance 20030004_665, best cost 136.179 + 2456.98 = 2593.16 over 587 frames.
20030004_665 فیصلے خسارے رابعہ سے سے بھرٹ چینی تو خواہ آج مخیر ہوا 
LOG (lattice-best-path[5.5.907~1-cbed4]:main():lattice-best-path.cc:99) For utterance 20030004_666, best cost 148.276 + 2025.04 = 2173.31 over 480 frames.
20030004_666 بوم سے ہوے اگرچہ علم پر آ کا کا طرف ضلع خیر سے بھولیں یہ 
LOG (lattice-best-path[5.5.907~1-cbed4]:main():lattice-best-path.cc:99) For utterance 20030004_667, best cost 122.036 + 2264.83 = 2386.87 over 558 frames.
20030004_667 پہلی دیے کے دھاڑ سے جہتیں کو سے کے گگلی بھون سنبھلی 
LOG (lattice-best-path[5.5.907~1-cbed4]:main():lattice-best-path.cc:99) For utterance 20030004_668, best cost 218.724 + 3161.73 = 3380.45 over 777 frames.
20030004_668 سامنے فلو اور پیر کے پر لڑیں میں خوگر نے والا چند کا پچھلے یا آ بیعانہ بلین سے جال نکل لا 
LOG (lattice-best-path[5.5.907~1-cbed4]:main():lattice-best-path.cc:99) For utterance 20030004_669, best cost 158.249 + 2149.54 = 2307.79 over 543 frames.
20030004_669 وارڈ خاص ان و فلڈ بورڈ نے میوزک سے لیے جیز زیڈ روڈ نہیں کیا 
LOG (lattice-best-path[5.5.907~1-cbed4]:main():lattice-best-path.cc:99) For utterance 20030004_670, best cost 149.781 + 2088.22 = 2238 over 512 frames.
20030004_670 رو سے کا آخری یہ شاہ ہائے کس اڈوں کا خود کوڑھ وہ کا تعلق 
LOG (lattice-best-path[5.5.907~1-cbed4]:main():lattice-best-path.cc:99) For utterance 20030004_671, best cost 211.643 + 3405.84 = 3617.48 over 872 frames.
20030004_671 غیر شے سے پہلے سوسائٹی گڑیا نے کہا سوں اور اس بقول کے سکول چھور لیے نے دو اور جی یہ جاؤ 
LOG (lattice-best-path[5.5.907~1-cbed4]:main():lattice-best-path.cc:99) For utterance 20030004_672, best cost 181.982 + 2667.53 = 2849.51 over 652 frames.
20030004_672 انٹر میری ایڈز شو سے لائیں تو فاروق آن بل صرف پر اوس اگرچہ کا پہلا ہے 
LOG (lattice-best-path[5.5.907~1-cbed4]:main():lattice-best-path.cc:99) For utterance 20030004_673, best cost 134.101 + 2121.3 = 2255.4 over 536 frames.
20030004_673 قرار کی کے ایچ آنگن وعدے ہوے چوزے نظر کے بے پر بڑھائے 
LOG (lattice-best-path[5.5.907~1-cbed4]:main():lattice-best-path.cc:99) For utterance 20030004_674, best cost 182.787 + 2902.98 = 3085.76 over 656 frames.
20030004_674 نشر نے پَلوں میں پر ایسا خرچ آگ آنکھ کر ہم بار ہے یوں ٹھونس نے کی کوشش کی 
LOG (lattice-best-path[5.5.907~1-cbed4]:main():lattice-best-path.cc:99) For utterance 20030004_675, best cost 121.439 + 2010.49 = 2131.93 over 501 frames.
20030004_675 عارضی بھربھری کے روپے پر سوچے تو تعاون کا وہاب اور آئے 
LOG (lattice-best-path[5.5.907~1-cbed4]:main():lattice-best-path.cc:99) For utterance 20030004_676, best cost 167.322 + 2715.8 = 2883.12 over 617 frames.
20030004_676 اپنے رہائش کی سے اس کا نتیجے کا کھولے زوال نے عملا گشت جھگڑے پر رکھ گی 
LOG (lattice-best-path[5.5.907~1-cbed4]:main():lattice-best-path.cc:99) For utterance 20030004_677, best cost 197.382 + 3208.44 = 3405.83 over 794 frames.
20030004_677 نے سامنے کی یا کی گگلی ہوئی مگر بعدازاں قوس ابو ہیرو گرداں نیم کو محویت سے بدل گیا 
LOG (lattice-best-path[5.5.907~1-cbed4]:main():lattice-best-path.cc:99) For utterance 20030004_678, best cost 209.627 + 3686.99 = 3896.62 over 870 frames.
20030004_678 سن آفس ماہ پر ڈیلی فیڈرل جڑ والوں سے چرانے کے لیے حروں جن فلیش سے مشق کے شعر کریں 
LOG (lattice-best-path[5.5.907~1-cbed4]:main():lattice-best-path.cc:99) For utterance 20030004_679, best cost 124.424 + 2085.65 = 2210.08 over 496 frames.
20030004_679 تھوڑی اور تیری پر چیڑھ لگا یا تو سفر تیزی سے الجھی 
LOG (lattice-best-path[5.5.907~1-cbed4]:main():lattice-best-path.cc:99) For utterance 20030004_680, best cost 206.83 + 3110.28 = 3317.11 over 764 frames.
20030004_680 چوری کا جوڑے آپ اہل دے ہوے بیٹھ و تو لائی وقف آ راہبر رقص نے میں دل علاوہ جاتا ہے 
LOG (lattice-best-path[5.5.907~1-cbed4]:main():lattice-best-path.cc:99) For utterance 20030004_681, best cost 204.761 + 2833.09 = 3037.85 over 688 frames.
20030004_681 گدھا چل شون جیب شے کو کے ہر کی ڈھا رسولی تو ہولوں مون پر بجھی دھار پر سوئے آ 
LOG (lattice-best-path[5.5.907~1-cbed4]:main():lattice-best-path.cc:99) For utterance 20030004_682, best cost 185.689 + 2604.16 = 2789.85 over 656 frames.
20030004_682 بے ایفکٹ اور چوالیس یہ کی لوٹ پر بے جڑیں کا ناچنے اجاگر باعث کے جو ہر معلوم کیے 
LOG (lattice-best-path[5.5.907~1-cbed4]:main():lattice-best-path.cc:99) For utterance 20030004_683, best cost 154.629 + 2486.34 = 2640.97 over 605 frames.
20030004_683 ریڈ سے ماہ عود کی جبڑوں تک اینٹھن نے نیچی ریلیف کے لیے سے نکل گئی 
LOG (lattice-best-path[5.5.907~1-cbed4]:main():lattice-best-path.cc:99) For utterance 20030004_684, best cost 186.854 + 2915.26 = 3102.11 over 758 frames.
20030004_684 نمبر وی فورم کو آتی آدھ سیٹھ کے قیود میں میں لوں یا رحیل طلب تک عام 
LOG (lattice-best-path[5.5.907~1-cbed4]:main():lattice-best-path.cc:99) For utterance 20030004_685, best cost 141.595 + 1983.19 = 2124.78 over 489 frames.
20030004_685 جو فعال ابو سے بیچے بخشیں کو سے کہا سے لا مون بدھ ہو 
LOG (lattice-best-path[5.5.907~1-cbed4]:main():lattice-best-path.cc:99) For utterance 20030004_686, best cost 181.81 + 2277.53 = 2459.34 over 543 frames.
20030004_686 صرف تبدیل کے صرف فعل بیک پیش عرصے بن یادیں میں سچ کا شو شاہ پوچھ و 
LOG (lattice-best-path[5.5.907~1-cbed4]:main():lattice-best-path.cc:99) For utterance 20030004_687, best cost 202.757 + 3283.51 = 3486.26 over 796 frames.
20030004_687 سوچ کوئی اس کے بدسلوکی سے آنکھیں کھولنے تو حق ابھرا سے چیف مان کر تو جا مہجور کر گئے 
LOG (lattice-best-path[5.5.907~1-cbed4]:main():lattice-best-path.cc:99) For utterance 20030004_688, best cost 234.28 + 3338.33 = 3572.61 over 831 frames.
20030004_688 قل کی بلکہ چادر بھیج بچہ کر سنچری یاں گزارنے اور بیچ کی کے بے ایک میں نے حامد ہوں کے پراٹھا داغ بھیجا 
LOG (lattice-best-path[5.5.907~1-cbed4]:main():lattice-best-path.cc:99) For utterance 20030004_689, best cost 204.953 + 2584.28 = 2789.23 over 645 frames.
20030004_689 بو جو تو بڑے جیز ذخیرہ کیا جا نو جو گول بنائی اور سوئس و فصلیں کو چل کر چھائی 
LOG (lattice-best-path[5.5.907~1-cbed4]:main():lattice-best-path.cc:99) For utterance 20030004_690, best cost 134.956 + 1705.97 = 1840.93 over 467 frames.
20030004_690 یہ گھن یاں نہ پڑھائی کے شو لے کو چھور آن نہیں جاتا 
LOG (lattice-best-path[5.5.907~1-cbed4]:main():lattice-best-path.cc:99) For utterance 20030004_691, best cost 186.004 + 3069.23 = 3255.23 over 808 frames.
20030004_691 کی سی کے دلجوئی کیلئے اپنا جیگوار دھوئے یا اور پر ہنسیں ٹھونس آکر معین آدمی ٹھونس دیئے 
LOG (lattice-best-path[5.5.907~1-cbed4]:main():lattice-best-path.cc:99) For utterance 20030004_692, best cost 191.237 + 2548.9 = 2740.13 over 657 frames.
20030004_692 بدھ خون ایثار نے کہا کے مے مس سے حوصلہ بدلے حد گاڑی کے بن ہی کھاد کے دل ہے 
LOG (lattice-best-path[5.5.907~1-cbed4]:main():lattice-best-path.cc:99) For utterance 20030004_693, best cost 137.914 + 2554.79 = 2692.71 over 673 frames.
20030004_693 میں نے حق کے جوئیہ سے کہا کے وہ کا پر بنا کر لائے مدعو 
LOG (lattice-best-path[5.5.907~1-cbed4]:main():lattice-best-path.cc:99) For utterance 20030004_694, best cost 186.234 + 2586.12 = 2772.36 over 604 frames.
20030004_694 طرفین کاجو لاشیں شفاعت کر صاحب کو جج جی اور اسے ہی چاقو جو بند بن آئے 
LOG (lattice-best-path[5.5.907~1-cbed4]:main():lattice-best-path.cc:99) For utterance 20030004_695, best cost 167.052 + 2459.86 = 2626.91 over 606 frames.
20030004_695 کوئی کے جانب کھچی جانے کو کیا رو موقع اگر کی جاؤں تو پانی میں گھول جا ہے 
LOG (lattice-best-path[5.5.907~1-cbed4]:main():lattice-best-path.cc:99) For utterance 20030004_696, best cost 189.721 + 2497.72 = 2687.44 over 617 frames.
20030004_696 کے ایل شیم فورس ریڈ کے آ میں سے کو بس ملیں مسوڑوں کے بنانے کیلئے فراواں عام کیا جائے گا 
LOG (lattice-best-path[5.5.907~1-cbed4]:main():lattice-best-path.cc:99) For utterance 20030004_697, best cost 131.815 + 2017.97 = 2149.78 over 492 frames.
20030004_697 بل اور کا عود سے سَیل لینتھ دم کے ڈیزائنروں کرنے کا کام ہو گا 
LOG (lattice-best-path[5.5.907~1-cbed4]:main():lattice-best-path.cc:99) For utterance 20030004_698, best cost 137.915 + 1886.65 = 2024.56 over 474 frames.
20030004_698 بار واں مان ذادہ دور بھینسیں شفاعت باعث کا جائزہ لینے لگا 
LOG (lattice-best-path[5.5.907~1-cbed4]:main():lattice-best-path.cc:99) For utterance 20030004_699, best cost 196.717 + 2385.97 = 2582.69 over 596 frames.
20030004_699 نجات کے فیوچر آف کار کیچڑ ای میں بتایا یہ کے اہل یا نیم ریوڑ مہندی کا مقصود چوم 
LOG (lattice-best-path[5.5.907~1-cbed4]:main():lattice-best-path.cc:99) For utterance 20030004_700, best cost 156.147 + 2132.94 = 2289.08 over 540 frames.
20030004_700 گوشے اور فوم کی تک خلیل میں تغافل کی سوجھی جھڑک کر بس سوکھ سے افق 
LOG (lattice-best-path[5.5.907~1-cbed4]:main():lattice-best-path.cc:99) For utterance 20030004_701, best cost 202.324 + 2509.47 = 2711.8 over 617 frames.
20030004_701 مضمون با عنوان ہو نوگو گذر کی تو ماتھا جی سے کے الحاق کر حوض اس ہوے تو کو سمجھا آیا 
LOG (lattice-best-path[5.5.907~1-cbed4]:main():lattice-best-path.cc:99) For utterance 20030004_702, best cost 137.121 + 1902.06 = 2039.18 over 513 frames.
20030004_702 غیر فیصلہ آ قوت کی روڈ میں بارے کو شاہ دو نادر بخشے 
LOG (lattice-best-path[5.5.907~1-cbed4]:main():lattice-best-path.cc:99) For utterance 20030004_703, best cost 145.958 + 1886.26 = 2032.22 over 504 frames.
20030004_703 حیرت حائل سے تولید ای چھین کے کے پڑھوں کا وہ بار ظاہر ہوتا ہے 
LOG (lattice-best-path[5.5.907~1-cbed4]:main():lattice-best-path.cc:99) For utterance 20030004_704, best cost 180.838 + 2902.55 = 3083.39 over 762 frames.
20030004_704 جو تھائی ونگ سے شنید موعود آئین آزاد یوں کے ایک انظباتی کے لاؤ کا پراسیس ہے 
LOG (lattice-best-path[5.5.907~1-cbed4]:main():lattice-best-path.cc:99) For utterance 20030004_705, best cost 170.11 + 2260.48 = 2430.59 over 586 frames.
20030004_705 با وجہ گگن ماہ ایک روہی و سے چادر لاگت آٹھ پھنس و سے بڑھ گئی 
LOG (lattice-scale[5.5.907~1-cbed4]:main():lattice-scale.cc:107) Done 108 lattices.
LOG (lattice-best-path[5.5.907~1-cbed4]:main():lattice-best-path.cc:99) For utterance 20030004_706, best cost 108.316 + 1657 = 1765.32 over 434 frames.
20030004_706 بل سفید گیس کے آنکھیں دکھی تو مدد میں چوم 
LOG (lattice-best-path[5.5.907~1-cbed4]:main():lattice-best-path.cc:99) For utterance 20030004_707, best cost 140.829 + 1751.54 = 1892.37 over 479 frames.
20030004_707 ماضی کو بلا یا ہے تو آگے بری یوں میں گناہوں میں نہ پڑی 
LOG (lattice-add-penalty[5.5.907~1-cbed4]:main():lattice-add-penalty.cc:62) Done adding word insertion penalty to 108 lattices.
LOG (lattice-best-path[5.5.907~1-cbed4]:main():lattice-best-path.cc:99) For utterance 20030004_708, best cost 169.752 + 2457.95 = 2627.7 over 653 frames.
20030004_708 جنگ جھرنے سے پہلے پڑھے نے مجھے کچھ خارجہ سی پتھری کا اور مشق سمجھا اے 
LOG (lattice-best-path[5.5.907~1-cbed4]:main():lattice-best-path.cc:124) Overall cost per frame is 4.36955 = 0.272869 [graph] + 4.09668 [acoustic] over 70132 frames.
LOG (lattice-best-path[5.5.907~1-cbed4]:main():lattice-best-path.cc:128) Done 108 lattices, failed for 0
# Accounting: time=0 threads=1
# Ended (code 0) at Wed Apr 21 05:45:11 PKT 2021, elapsed time 0 seconds
