# lattice-scale --inv-acoustic-scale=10 "ark:gunzip -c exp/sgmm2_4/decode/lat.*.gz|" ark:- | lattice-add-penalty --word-ins-penalty=0.5 ark:- ark:- | lattice-best-path --word-symbol-table=exp/sgmm2_4/graph/words.txt ark:- ark,t:- | utils/int2sym.pl -f 2- exp/sgmm2_4/graph/words.txt | cat > exp/sgmm2_4/decode/scoring_kaldi/penalty_0.5/10.txt 
# Started at Wed Apr 21 05:15:49 PKT 2021
#
lattice-best-path --word-symbol-table=exp/sgmm2_4/graph/words.txt ark:- ark,t:- 
lattice-scale --inv-acoustic-scale=10 'ark:gunzip -c exp/sgmm2_4/decode/lat.*.gz|' ark:- 
lattice-add-penalty --word-ins-penalty=0.5 ark:- ark:- 
LOG (lattice-best-path[5.5.907~1-cbed4]:main():lattice-best-path.cc:99) For utterance 20030004_601, best cost 257.754 + 4014.43 = 4272.18 over 804 frames.
20030004_601 نو بُدھی یہاں تک اونچی کے دماغی کے لیے شو میں دھڑے لنگر ای کو لیلی اگر امور کے پڑا گو بھول کر نیلم گی 
LOG (lattice-best-path[5.5.907~1-cbed4]:main():lattice-best-path.cc:99) For utterance 20030004_602, best cost 308.23 + 5122.58 = 5430.81 over 1000 frames.
20030004_602 درجوں با کو آئیوڈین کے نرخوں اور کھیلے پر رکھے ہوے آ پڑھائی کے لو بن نقشے آلود جا کے با و پریوں جب کرنے کی شرکت سے آرزوئیں ہے 
LOG (lattice-best-path[5.5.907~1-cbed4]:main():lattice-best-path.cc:99) For utterance 20030004_603, best cost 209.229 + 3896.64 = 4105.87 over 782 frames.
20030004_603 شمسی شوہر اور نزلے کی بڑا سے کی گدے مل پر اٹھا تو تبدیلی بےقصور پر کرنے جھاگ کر کیا 
LOG (lattice-best-path[5.5.907~1-cbed4]:main():lattice-best-path.cc:99) For utterance 20030004_604, best cost 240.821 + 3308.28 = 3549.1 over 638 frames.
20030004_604 سدھ ای نے نا اہل ای کے داغ وہ کی کر ورلڈ پڑی تو کا اس کو اچھال ایل کے روز کے نقش ریوڑ کھائیں 
LOG (lattice-best-path[5.5.907~1-cbed4]:main():lattice-best-path.cc:99) For utterance 20030004_605, best cost 146.421 + 2441.94 = 2588.36 over 506 frames.
20030004_605 سول جل شوربہ جھمکے پیش اے میں گولڈ پیر کر داخل دیتا ہے 
LOG (lattice-best-path[5.5.907~1-cbed4]:main():lattice-best-path.cc:99) For utterance 20030004_606, best cost 208.33 + 2788.58 = 2996.91 over 554 frames.
20030004_606 ندوی میں کے بم آپ میں فلو بدھ سے کی اس نبی و کے طرح غوث کی بڑی فیض ای لخت ہے 
LOG (lattice-best-path[5.5.907~1-cbed4]:main():lattice-best-path.cc:99) For utterance 20030004_607, best cost 132.047 + 2117.15 = 2249.19 over 428 frames.
20030004_607 اب سے دیے کی اور عفت کی زود باندھ گھمبیر نہ بنائی جائے 
LOG (lattice-best-path[5.5.907~1-cbed4]:main():lattice-best-path.cc:99) For utterance 20030004_608, best cost 171.428 + 2962.83 = 3134.25 over 578 frames.
20030004_608 کو پہ کے وڈ بے مرغی کو خرچ پر ڈام جوق جانے کی الجھ ان تو ہو گی 
LOG (lattice-best-path[5.5.907~1-cbed4]:main():lattice-best-path.cc:99) For utterance 20030004_609, best cost 226.346 + 3750.62 = 3976.96 over 746 frames.
20030004_609 علاج شل میں مغلوں اُمید بار مگر مچھلی اس کو لے نکالیں اور فی سوکھ کے جوڑیں اوقات تصفیے یا کیا 
LOG (lattice-best-path[5.5.907~1-cbed4]:main():lattice-best-path.cc:99) For utterance 20030004_610, best cost 215.523 + 3669.05 = 3884.57 over 740 frames.
20030004_610 معاذ صرف اہل لیتے شیریں کا ایئر بے کی چمن بے ریان ای چڑھ کی طرف سے بدھ دیے کے ساتھ ہے 
LOG (lattice-best-path[5.5.907~1-cbed4]:main():lattice-best-path.cc:99) For utterance 20030004_611, best cost 217.446 + 3361.56 = 3579 over 699 frames.
20030004_611 گھسے پہنے بھیم کا آف اوس چڑ نے سے کے دب آؤ کو گڑگڑا حد کی کو اونچی کے ساتھ چھ لے 
LOG (lattice-best-path[5.5.907~1-cbed4]:main():lattice-best-path.cc:99) For utterance 20030004_612, best cost 220.072 + 3825.22 = 4045.29 over 740 frames.
20030004_612 تبدیلی و کی لخت زچ سے میں ڈھال بھورا دے جبڑا شفیق کو توقع قوت کی لینگویج کا خاں حامل ہے 
LOG (lattice-best-path[5.5.907~1-cbed4]:main():lattice-best-path.cc:99) For utterance 20030004_613, best cost 133.647 + 2677.04 = 2810.69 over 534 frames.
20030004_613 کلیم کو لا حق بوگس اور جدول کو ریشمی نے البتہ کہا 
LOG (lattice-best-path[5.5.907~1-cbed4]:main():lattice-best-path.cc:99) For utterance 20030004_614, best cost 153.346 + 2708.91 = 2862.25 over 547 frames.
20030004_614 گدھوں فیشن نے شے شو کے کرائی و کے ساتھ سمجھیں بغیر سمجھو تھا کیا 
LOG (lattice-best-path[5.5.907~1-cbed4]:main():lattice-best-path.cc:99) For utterance 20030004_615, best cost 246.218 + 4790.83 = 5037.05 over 941 frames.
20030004_615 ہدایت کا شہزادی نے علی جور موئسچرائزنگ سکول بلڈ اوس کرتے ہوئے جونہی خان دانش کی تجوریاں گوبر ہیڈ بڑھ آیا 
LOG (lattice-best-path[5.5.907~1-cbed4]:main():lattice-best-path.cc:99) For utterance 20030004_616, best cost 261.538 + 4550.7 = 4812.24 over 890 frames.
20030004_616 تاجر غیب وارڈ میڈیسن خان پور بلین کو فروغ مزاج کر کیسی دب تصدق کی ماہ فٹ کا بل کا ایف تیار کیا 
LOG (lattice-best-path[5.5.907~1-cbed4]:main():lattice-best-path.cc:99) For utterance 20030004_617, best cost 190.916 + 2799.76 = 2990.68 over 569 frames.
20030004_617 کم بے پر پڑے سوکھ کے کچھ و میں کی لونگ کو بھول لیتا دیکھ کر فقدان گھسنے لگا 
LOG (lattice-best-path[5.5.907~1-cbed4]:main():lattice-best-path.cc:99) For utterance 20030004_618, best cost 212.461 + 4037.02 = 4249.48 over 792 frames.
20030004_618 فاؤنڈیشن کمرے جس سے روشناس موعود شو والے اکھنڈ ساغر نے کرنے یوں کے بعد ویجز کے تیار کیا ہے 
LOG (lattice-best-path[5.5.907~1-cbed4]:main():lattice-best-path.cc:99) For utterance 20030004_619, best cost 135.575 + 2561.92 = 2697.49 over 524 frames.
20030004_619 تہذیب ای تشبیہ خادم مطالبے آن کرنے کا جبری نتھی جا ہے 
LOG (lattice-best-path[5.5.907~1-cbed4]:main():lattice-best-path.cc:99) For utterance 20030004_620, best cost 245.728 + 3572.78 = 3818.51 over 688 frames.
20030004_620 چیل ملنے پَلوں کی بولوں کو گڑھ ہو میں سموئے یا اور کی ڈیمو بوڑھوں پر کو اور زور شو آؤٹ کی تیار عریاں کیں 
LOG (lattice-best-path[5.5.907~1-cbed4]:main():lattice-best-path.cc:99) For utterance 20030004_621, best cost 222.97 + 4107.75 = 4330.72 over 757 frames.
20030004_621 معجل حد رنز حاشیے نے اور کر سوجن کے ماہ بینک ویزے نوبل سدھ اور چاہیے نواز نے میں پہلے کی 
LOG (lattice-best-path[5.5.907~1-cbed4]:main():lattice-best-path.cc:99) For utterance 20030004_622, best cost 192.208 + 3243.32 = 3435.52 over 634 frames.
20030004_622 کو چیک گڑھ میں میں ندا اور قدرے کرے درج ان عمر رسیدہ بھیڑیے کو عالمی سے گزری 
LOG (lattice-best-path[5.5.907~1-cbed4]:main():lattice-best-path.cc:99) For utterance 20030004_623, best cost 147.528 + 2507.13 = 2654.66 over 510 frames.
20030004_623 بن ڈیل ہینگر لوک منافعے اس و برس کا محور کا نشانہ لے گیا 
LOG (lattice-best-path[5.5.907~1-cbed4]:main():lattice-best-path.cc:99) For utterance 20030004_624, best cost 224.804 + 3961.69 = 4186.49 over 768 frames.
20030004_624 ماؤف اثر کے نعوذ کو میں گیس چینی اور فوج فوریکس والا فورم حدود کے انجکشن کیلئے مبہم ارشد بھول تھا 
LOG (lattice-best-path[5.5.907~1-cbed4]:main():lattice-best-path.cc:99) For utterance 20030004_625, best cost 186.237 + 3385.9 = 3572.14 over 717 frames.
20030004_625 نے روور ڈیل ساگر میڈیا کی آدمی قدرے دیکھ کر بنگلے سی پر کے موو واقعے کو گیا 
LOG (lattice-best-path[5.5.907~1-cbed4]:main():lattice-best-path.cc:99) For utterance 20030004_626, best cost 121.868 + 2328.06 = 2449.93 over 463 frames.
20030004_626 لینڈ پہنچنے کو ملی کیا تک دھول کھیر باڑھ سمجھا 
LOG (lattice-best-path[5.5.907~1-cbed4]:main():lattice-best-path.cc:99) For utterance 20030004_627, best cost 184.836 + 3035.97 = 3220.81 over 610 frames.
20030004_627 فروغ کا خیر رول عمل کے نخوت کے اعلان یہ سے بھڑوں کو تو فوم میں لکھا رہ گیا 
LOG (lattice-best-path[5.5.907~1-cbed4]:main():lattice-best-path.cc:99) For utterance 20030004_628, best cost 210.716 + 3441.14 = 3651.86 over 710 frames.
20030004_628 لو بدھ کی تک میلے بھال نے کے لیے بیٹھ ریڈ ٹریبیونل میں فن اور کی خوشی یاں ماؤف کود تھیں 
LOG (lattice-best-path[5.5.907~1-cbed4]:main():lattice-best-path.cc:99) For utterance 20030004_629, best cost 231.377 + 3829.12 = 4060.5 over 773 frames.
20030004_629 شیلڈیں ٹریفک کے کوش والا کے وافر میں فیڈر اب گز روور منیب نے مردوں کا ہے سگے ایچ کروا یا 
LOG (lattice-best-path[5.5.907~1-cbed4]:main():lattice-best-path.cc:99) For utterance 20030004_630, best cost 189.293 + 3249.35 = 3438.64 over 661 frames.
20030004_630 کئی ان قیصر نے نے شے کے اشجار میں آکر بیچے ماہ لے اچھال سے خام بکھرے گیا 
LOG (lattice-best-path[5.5.907~1-cbed4]:main():lattice-best-path.cc:99) For utterance 20030004_631, best cost 260.048 + 4274.82 = 4534.86 over 905 frames.
20030004_631 سیدھے اس چیف کو لینڈ و برڈ نے وقف آگ کے لیے فعل اور خرچ بھیجے تو قوس نے کو سے موڑ کر چھایا لے دکھائی 
LOG (lattice-best-path[5.5.907~1-cbed4]:main():lattice-best-path.cc:99) For utterance 20030004_632, best cost 234.041 + 4136.1 = 4370.15 over 874 frames.
20030004_632 حسیں سعید آنے کہا کے روئی یقین گوجر چھوڑ غوں اور بیڑیاں بھجوا کر فجور اور رسولی چھوئیں بغیر بیٹھ 
LOG (lattice-best-path[5.5.907~1-cbed4]:main():lattice-best-path.cc:99) For utterance 20030004_633, best cost 245.002 + 4225.84 = 4470.84 over 822 frames.
20030004_633 ریڈ فرینڈ ان کے بگاڑنے تخیّل کے لیے منیب فن پہ اور فی سوں کی کو والرس ایک سیسے بولنگ کیلئے دی جی گے 
LOG (lattice-best-path[5.5.907~1-cbed4]:main():lattice-best-path.cc:99) For utterance 20030004_634, best cost 201.377 + 3260.17 = 3461.55 over 680 frames.
20030004_634 کوئلے شجر جس چلیں شنید کی اس خان کے لیے میں روغن نیم یاں کے نکل فرینڈ کر کے لائیں 
LOG (lattice-best-path[5.5.907~1-cbed4]:main():lattice-best-path.cc:99) For utterance 20030004_635, best cost 206.087 + 3553.81 = 3759.89 over 684 frames.
20030004_635 فاریسٹ مڈل کو چنگ کی الاؤنس فارم میں بیٹھی اور اگلے ممکن تک میں یاں سیل سے سدھ آپ کریں 
LOG (lattice-best-path[5.5.907~1-cbed4]:main():lattice-best-path.cc:99) For utterance 20030004_636, best cost 197.14 + 3250.82 = 3447.96 over 677 frames.
20030004_636 کو مدعو اور خشوع نقش کی جوبلی اب شاہ ہونے سے زود جا کا تو ہم کا آف عود ہوا 
LOG (lattice-best-path[5.5.907~1-cbed4]:main():lattice-best-path.cc:99) For utterance 20030004_637, best cost 178.322 + 3085.22 = 3263.54 over 652 frames.
20030004_637 اقوام کے اس تم آدمی پہنچ کا جنگی لا ہوتی کی حد عرصے موڈ بھیڑوں ہوئی 
LOG (lattice-best-path[5.5.907~1-cbed4]:main():lattice-best-path.cc:99) For utterance 20030004_638, best cost 210.797 + 3630.29 = 3841.08 over 709 frames.
20030004_638 کام جو گوجر کی شیڈ اور ڈرائینگ میں کوئی صورت چھور کوٹھڑی کو کر کی کے بلا آف سے جج جیم 
LOG (lattice-best-path[5.5.907~1-cbed4]:main():lattice-best-path.cc:99) For utterance 20030004_639, best cost 215.231 + 3678.86 = 3894.09 over 768 frames.
20030004_639 ٹریفک کے دفتر کی دکھ اے جلسے تجویز کر صغیر نہ خود کی زور ہر تک ساز سے بہت سکتیں 
LOG (lattice-best-path[5.5.907~1-cbed4]:main():lattice-best-path.cc:99) For utterance 20030004_640, best cost 219 + 3804.9 = 4023.9 over 768 frames.
20030004_640 چور کے نے یوم پر بیٹھی گیارہویں صفیں یہ نے پیسنے کونسل کے شاہ والا کا کا چوری کوچ لگا آیا 
LOG (lattice-best-path[5.5.907~1-cbed4]:main():lattice-best-path.cc:99) For utterance 20030004_641, best cost 159.206 + 3013.64 = 3172.85 over 601 frames.
20030004_641 کو کو پالمر اور بڑی شگوفے کو کی آتشیں بعد سے کھلکھلا کر بھینس سے کی دیں 
LOG (lattice-best-path[5.5.907~1-cbed4]:main():lattice-best-path.cc:99) For utterance 20030004_642, best cost 171.07 + 2806.39 = 2977.46 over 588 frames.
20030004_642 ہر فوم کی فٹ فی میچ اس سیکھیں تو درس اسے نفوذ کی ہوا رو کی 
LOG (lattice-best-path[5.5.907~1-cbed4]:main():lattice-best-path.cc:99) For utterance 20030004_643, best cost 210.56 + 3134.95 = 3345.51 over 626 frames.
20030004_643 تفاوت سے نہ فائر پڑنے موقف آف پنج عرصے نہ ہائے اور دوغلی لاکھ سے زاید طرحی ڈال لیں 
LOG (lattice-best-path[5.5.907~1-cbed4]:main():lattice-best-path.cc:99) For utterance 20030004_644, best cost 221.186 + 3934 = 4155.19 over 753 frames.
20030004_644 ڈچ کے علی میں ترچھی ایک میں ڈور پر روئیں اور ذاد برابر چھری کے سینما پر سکتے ندا پاک پھیریں 
LOG (lattice-best-path[5.5.907~1-cbed4]:main():lattice-best-path.cc:99) For utterance 20030004_645, best cost 182.581 + 3392.77 = 3575.35 over 687 frames.
20030004_645 نڈر ویلوٹ کے اس میں دو سب کے سائیڈ پر زور مس کر کرنے کی فاجر کھلیں ہیں 
LOG (lattice-best-path[5.5.907~1-cbed4]:main():lattice-best-path.cc:99) For utterance 20030004_646, best cost 164.357 + 3340.11 = 3504.47 over 664 frames.
20030004_646 سعودی نہ خون جوس نے اور چبھنے کے بعد لاؤ براں نے بڑھائے ڈالنے آئی 
LOG (lattice-best-path[5.5.907~1-cbed4]:main():lattice-best-path.cc:99) For utterance 20030004_647, best cost 154.717 + 2270.06 = 2424.77 over 439 frames.
20030004_647 بو آج نادر کے تھانہ ظہیر بھون دھونی چور کر دو رو پر آئے 
LOG (lattice-best-path[5.5.907~1-cbed4]:main():lattice-best-path.cc:99) For utterance 20030004_648, best cost 134.631 + 2599.99 = 2734.62 over 531 frames.
20030004_648 میلے میں دودھ دیا چار سکتے نوحہ خرچ ایئر کیلئے کروا تھا 
LOG (lattice-best-path[5.5.907~1-cbed4]:main():lattice-best-path.cc:99) For utterance 20030004_649, best cost 150.374 + 2930.47 = 3080.85 over 582 frames.
20030004_649 کو کو کو کن مین صرف کے بیٹھ نے کے بعد کا بام کا لیڈر لگائے 
LOG (lattice-best-path[5.5.907~1-cbed4]:main():lattice-best-path.cc:99) For utterance 20030004_650, best cost 189.017 + 3506.04 = 3695.06 over 690 frames.
20030004_650 ہجو میری تعلیم کی سی غیرت اور سال میں یقین کی نبوی اہلیہ کے ادائیگی تک اعزہ ہے 
LOG (lattice-best-path[5.5.907~1-cbed4]:main():lattice-best-path.cc:99) For utterance 20030004_651, best cost 165.832 + 3263.53 = 3429.36 over 679 frames.
20030004_651 کوئی ایل خوف بلڈنگ میں چونگی کھوکھلے ایقان کے اور نے سے پہلے سونگ پی تھی 
LOG (lattice-best-path[5.5.907~1-cbed4]:main():lattice-best-path.cc:99) For utterance 20030004_652, best cost 229.841 + 3756.11 = 3985.95 over 801 frames.
20030004_652 ہیڈ رول ینگ کی چھیلنے تھام گئی اور ملی کوڈ کے نو لا میں کا گوٹھوں کے سدھو اور تک پہنچ ای 
LOG (lattice-best-path[5.5.907~1-cbed4]:main():lattice-best-path.cc:99) For utterance 20030004_653, best cost 192.259 + 3386.55 = 3578.8 over 694 frames.
20030004_653 لو ایئر برابر ڈیل سے کسی سن ٹھل قرضے لکھی ہجر عید لائی تک روز ہوا 
LOG (lattice-best-path[5.5.907~1-cbed4]:main():lattice-best-path.cc:99) For utterance 20030004_654, best cost 188.893 + 3503.37 = 3692.27 over 694 frames.
20030004_654 کرنے اور دیش ہاؤس از کی ایشیائی جونہی اور انسٹھویں اور اس کے نوید عام عید سدھ رہیں 
LOG (lattice-best-path[5.5.907~1-cbed4]:main():lattice-best-path.cc:99) For utterance 20030004_655, best cost 139.48 + 2374.17 = 2513.65 over 493 frames.
20030004_655 نام بخشش کی یہ چھائی گوڈی لیب بو جانے کا عشرت ایں 
LOG (lattice-best-path[5.5.907~1-cbed4]:main():lattice-best-path.cc:99) For utterance 20030004_656, best cost 211.004 + 3572.97 = 3783.98 over 744 frames.
20030004_656 بے ایل سے سچ ای ایئر و ہینگر کا زیر ایونٹ بچائیں اور سنو جہاد رم بھید حبس کریں 
LOG (lattice-best-path[5.5.907~1-cbed4]:main():lattice-best-path.cc:99) For utterance 20030004_657, best cost 155.141 + 2600.23 = 2755.38 over 545 frames.
20030004_657 خام غور آف پھنسے ان کے ایک ایف پر کردار کی حد سے موخر نہیں 
LOG (lattice-best-path[5.5.907~1-cbed4]:main():lattice-best-path.cc:99) For utterance 20030004_658, best cost 137.981 + 2764.41 = 2902.39 over 505 frames.
20030004_658 لینڈ ورلڈ کا میں با لوہے عفو ایئر سکھی بعد سے گزارنے 
LOG (lattice-best-path[5.5.907~1-cbed4]:main():lattice-best-path.cc:99) For utterance 20030004_659, best cost 210.346 + 3786.09 = 3996.43 over 796 frames.
20030004_659 مٹیں کود کر میں چھائی اور کوڑھ ای کا تک خام پور و قوس کے بعد بوم نیا کر سوویں 
LOG (lattice-best-path[5.5.907~1-cbed4]:main():lattice-best-path.cc:99) For utterance 20030004_660, best cost 103.677 + 2135.33 = 2239.01 over 406 frames.
20030004_660 ہوئے پردھان کے بقایا قے ضلع میں نہیں حوصلہ 
LOG (lattice-best-path[5.5.907~1-cbed4]:main():lattice-best-path.cc:99) For utterance 20030004_661, best cost 124.92 + 2468.84 = 2593.76 over 513 frames.
20030004_661 کا صرف لینے کے لیے بیچوں پر حامل کا داغدار راغب دبائے 
LOG (lattice-best-path[5.5.907~1-cbed4]:main():lattice-best-path.cc:99) For utterance 20030004_662, best cost 182.956 + 2708.18 = 2891.14 over 549 frames.
20030004_662 کر ٹرین چون کو کی آن کی یاں جھلی تو سے یا رو کی تشبیہ ہی بیک اڑیں 
LOG (lattice-best-path[5.5.907~1-cbed4]:main():lattice-best-path.cc:99) For utterance 20030004_663, best cost 211.172 + 3250.41 = 3461.58 over 658 frames.
20030004_663 پی رونے جہاں چاہے مگ کا گا انگوٹھے یاں عرصہ تھیں تو کی معدے کی طرحی صوبوں قوت گی 
LOG (lattice-best-path[5.5.907~1-cbed4]:main():lattice-best-path.cc:99) For utterance 20030004_664, best cost 238.585 + 3657.93 = 3896.52 over 744 frames.
20030004_664 فراواں صیاد اے کے بارے اعظم میں تعین آدھ گورے لے کا نہ زور ہوا تو ایئر جی کے روپے کھڑے ہو گئے 
LOG (lattice-best-path[5.5.907~1-cbed4]:main():lattice-best-path.cc:99) For utterance 20030004_665, best cost 142.179 + 2947.85 = 3090.03 over 587 frames.
20030004_665 فیصلے خسارے رابعہ سے سے بھرٹ چینی تو خواہ آج مخیر ہوا 
LOG (lattice-best-path[5.5.907~1-cbed4]:main():lattice-best-path.cc:99) For utterance 20030004_666, best cost 155.776 + 2429.64 = 2585.41 over 480 frames.
20030004_666 بوم سے ہوے اگرچہ علم پر آ کا کا طرف ضلع خیر سے بھولیں یہ 
LOG (lattice-best-path[5.5.907~1-cbed4]:main():lattice-best-path.cc:99) For utterance 20030004_667, best cost 141.047 + 2702.39 = 2843.44 over 558 frames.
20030004_667 پہلی دیے کے دھاڑ سے چند بے بو سے کے گگلی بھون سنبھلی 
LOG (lattice-best-path[5.5.907~1-cbed4]:main():lattice-best-path.cc:99) For utterance 20030004_668, best cost 229.724 + 3793.16 = 4022.88 over 777 frames.
20030004_668 سامنے فلو اور پیر کے پر لڑیں میں خوگر نے والا چند کا پچھلے یا آ بیعانہ بلین سے جال نکل لا 
LOG (lattice-best-path[5.5.907~1-cbed4]:main():lattice-best-path.cc:99) For utterance 20030004_669, best cost 165.749 + 2579.43 = 2745.18 over 543 frames.
20030004_669 وارڈ خاص ان و فلڈ بورڈ نے میوزک سے لیے جیز زیڈ روڈ نہیں کیا 
LOG (lattice-best-path[5.5.907~1-cbed4]:main():lattice-best-path.cc:99) For utterance 20030004_670, best cost 158.861 + 2503.56 = 2662.42 over 512 frames.
20030004_670 رو سے کا آخری یہ شاہ ہائے کس اڈوں کا خوف کوڑھ وہ کا تعلق 
LOG (lattice-best-path[5.5.907~1-cbed4]:main():lattice-best-path.cc:99) For utterance 20030004_671, best cost 233.719 + 4074.38 = 4308.1 over 872 frames.
20030004_671 غیر شے سے پہلے سوسائٹی گڑیا نے کہا سوں اور اس بقول کے صفوں عود چھور لیے نے دو اور جی یہ جاؤ 
LOG (lattice-best-path[5.5.907~1-cbed4]:main():lattice-best-path.cc:99) For utterance 20030004_672, best cost 199.554 + 3190.29 = 3389.85 over 652 frames.
20030004_672 انٹر میری ایڈز شو سے لائیں تو فاروق آن بل صرف پر اوس اب درجے کا پہلا ہے 
LOG (lattice-best-path[5.5.907~1-cbed4]:main():lattice-best-path.cc:99) For utterance 20030004_673, best cost 154.812 + 2529.27 = 2684.09 over 536 frames.
20030004_673 قرار کی کے ایچ آنگن وعدے ہوے چوزے نظر کے بے پھٹ پڑا اے 
LOG (lattice-best-path[5.5.907~1-cbed4]:main():lattice-best-path.cc:99) For utterance 20030004_674, best cost 192.287 + 3483.29 = 3675.58 over 656 frames.
20030004_674 نشر نے پَلوں میں پر ایسا خرچ آگ آنکھ کر ہم بار ہے یوں ٹھونس نے کی کوشش کی 
LOG (lattice-best-path[5.5.907~1-cbed4]:main():lattice-best-path.cc:99) For utterance 20030004_675, best cost 127.785 + 2411.84 = 2539.62 over 501 frames.
20030004_675 عارضی بھربھری کے روپے پر سوچیے تو تعاون کا وہاب اور آئے 
LOG (lattice-best-path[5.5.907~1-cbed4]:main():lattice-best-path.cc:99) For utterance 20030004_676, best cost 175.822 + 3258.53 = 3434.35 over 617 frames.
20030004_676 اپنے رہائش کی سے اس کا نتیجے کا کھولے زوال نے عملا گشت جھگڑے پر رکھ گی 
LOG (lattice-best-path[5.5.907~1-cbed4]:main():lattice-best-path.cc:99) For utterance 20030004_677, best cost 206.882 + 3850.02 = 4056.9 over 794 frames.
20030004_677 نے سامنے کی یا کی گگلی ہوئی مگر بعدازاں قوس ابو ہیرو گرداں نیم کو محویت سے بدل گیا 
LOG (lattice-best-path[5.5.907~1-cbed4]:main():lattice-best-path.cc:99) For utterance 20030004_678, best cost 227.109 + 4415 = 4642.11 over 870 frames.
20030004_678 سن آفس ماہ پر ڈیلی فیڈرل جڑ والوں سے چرانے کیلئے ہیڈ رو جن فلیش سے مشق کے شعر کریں 
LOG (lattice-best-path[5.5.907~1-cbed4]:main():lattice-best-path.cc:99) For utterance 20030004_679, best cost 131.74 + 2500.19 = 2631.93 over 496 frames.
20030004_679 تھوڑی اور ریڑھی پر چیڑھ لگا یا تو سفر تیزی سے الجھی 
LOG (lattice-best-path[5.5.907~1-cbed4]:main():lattice-best-path.cc:99) For utterance 20030004_680, best cost 217.33 + 3731.57 = 3948.9 over 764 frames.
20030004_680 چوری کا جوڑے آپ اہل دے ہوے بیٹھ و تو لائی وقف آ راہبر رقص نے میں دل علاوہ جاتا ہے 
LOG (lattice-best-path[5.5.907~1-cbed4]:main():lattice-best-path.cc:99) For utterance 20030004_681, best cost 214.761 + 3399.33 = 3614.09 over 688 frames.
20030004_681 گدھا چل شون جیب شے کو کے ہر کی ڈھا رسولی تو ہولوں مون پر بجھی دھار پر سوئے آ 
LOG (lattice-best-path[5.5.907~1-cbed4]:main():lattice-best-path.cc:99) For utterance 20030004_682, best cost 195.189 + 3124.47 = 3319.65 over 656 frames.
20030004_682 بے ایفکٹ اور چوالیس یہ کی لوٹ پر بے جڑیں کا ناچنے اجاگر باعث کے جو ہر معلوم کیے 
LOG (lattice-best-path[5.5.907~1-cbed4]:main():lattice-best-path.cc:99) For utterance 20030004_683, best cost 162.629 + 2982.78 = 3145.41 over 605 frames.
20030004_683 ریڈ سے ماہ عود کی جبڑوں تک اینٹھن نے نیچی ریلیف کے لیے سے نکل گئی 
LOG (lattice-best-path[5.5.907~1-cbed4]:main():lattice-best-path.cc:99) For utterance 20030004_684, best cost 195.354 + 3498.34 = 3693.69 over 758 frames.
20030004_684 نمبر وی فورم کو آتی آدھ سیٹھ کے قیود میں میں لوں یا رحیل طلب تک عام 
LOG (lattice-best-path[5.5.907~1-cbed4]:main():lattice-best-path.cc:99) For utterance 20030004_685, best cost 154.977 + 2372.55 = 2527.53 over 489 frames.
20030004_685 جو فعال اب ہو سے بیچے بخشیں کو سے کہا سے لا مون بدھ ہو 
LOG (lattice-best-path[5.5.907~1-cbed4]:main():lattice-best-path.cc:99) For utterance 20030004_686, best cost 196.09 + 2725.23 = 2921.32 over 543 frames.
20030004_686 صرف تبدیل کے صرف فعل بیک پیش عرصے دنیا دی مے سچ کا شو شاہ پوچھ و 
LOG (lattice-best-path[5.5.907~1-cbed4]:main():lattice-best-path.cc:99) For utterance 20030004_687, best cost 212.757 + 3939.23 = 4151.99 over 796 frames.
20030004_687 سوچ کوئی اس کے بدسلوکی سے آنکھیں کھولنے تو حق ابھرا سے چیف مان کر تو جا مہجور کر گئے 
LOG (lattice-best-path[5.5.907~1-cbed4]:main():lattice-best-path.cc:99) For utterance 20030004_688, best cost 251.283 + 4000.65 = 4251.94 over 831 frames.
20030004_688 قل کی بلکہ چادر بھیج خرچ آکر سنچری یاں گزارنے اور بیچ کی کے بے ایک میں نے حامد ہوں کے پراٹھا داغ بھیجا 
LOG (lattice-best-path[5.5.907~1-cbed4]:main():lattice-best-path.cc:99) For utterance 20030004_689, best cost 223.045 + 3091.9 = 3314.95 over 645 frames.
20030004_689 بو جو تو بڑے جیز ذخیرہ کیا جا نو جو گول بن آئے اور سوئس و فصلیں کو چل کر چھائی 
LOG (lattice-best-path[5.5.907~1-cbed4]:main():lattice-best-path.cc:99) For utterance 20030004_690, best cost 141.456 + 2046.76 = 2188.22 over 467 frames.
20030004_690 یہ گھن یاں نہ پڑھائی کے شو لے کو چھور آن نہیں جاتا 
LOG (lattice-best-path[5.5.907~1-cbed4]:main():lattice-best-path.cc:99) For utterance 20030004_691, best cost 195.004 + 3681.6 = 3876.61 over 808 frames.
20030004_691 کی سی کے دلجوئی کیلئے اپنا جیگوار دھوئے یا اور پر ہنسیں ٹھونس آکر معین آدمی ٹھونس دیئے 
LOG (lattice-best-path[5.5.907~1-cbed4]:main():lattice-best-path.cc:99) For utterance 20030004_692, best cost 211.363 + 3047.33 = 3258.69 over 657 frames.
20030004_692 بدھ خون ایثار نے کہا کے مے مس سے بو ساگر اے حد گاڑی کے بن ہی کھاد کے دل ہے 
LOG (lattice-best-path[5.5.907~1-cbed4]:main():lattice-best-path.cc:99) For utterance 20030004_693, best cost 145.414 + 3066.16 = 3211.57 over 673 frames.
20030004_693 میں نے حق کے جوئیہ سے کہا کے وہ کا پر بنا کر لائے مدعو 
LOG (lattice-best-path[5.5.907~1-cbed4]:main():lattice-best-path.cc:99) For utterance 20030004_694, best cost 194.734 + 3102.49 = 3297.23 over 604 frames.
20030004_694 طرفین کاجو لاشیں شفاعت کر صاحب کو جج جی اور اسے ہی چاقو جو بند بن آئے 
LOG (lattice-best-path[5.5.907~1-cbed4]:main():lattice-best-path.cc:99) For utterance 20030004_695, best cost 176.052 + 2950.94 = 3126.99 over 606 frames.
20030004_695 کوئی کے جانب کھچی جانے کو کیا رو موقع اگر کی جاؤں تو پانی میں گھول جا ہے 
LOG (lattice-scale[5.5.907~1-cbed4]:main():lattice-scale.cc:107) Done 108 lattices.
LOG (lattice-best-path[5.5.907~1-cbed4]:main():lattice-best-path.cc:99) For utterance 20030004_696, best cost 200.221 + 2996.18 = 3196.4 over 617 frames.
20030004_696 کے ایل شیم فورس ریڈ کے آ میں سے کو بس ملیں مسوڑوں کے بنانے کیلئے فراواں عام کیا جائے گا 
LOG (lattice-best-path[5.5.907~1-cbed4]:main():lattice-best-path.cc:99) For utterance 20030004_697, best cost 139.315 + 2421.69 = 2561.01 over 492 frames.
20030004_697 بل اور کا عود سے سَیل لینتھ دم کے ڈیزائنروں کرنے کا کام ہو گا 
LOG (lattice-best-path[5.5.907~1-cbed4]:main():lattice-best-path.cc:99) For utterance 20030004_698, best cost 143.915 + 2263.83 = 2407.74 over 474 frames.
20030004_698 بار واں مان ذادہ دور بھینسیں شفاعت باعث کا جائزہ لینے لگا 
LOG (lattice-best-path[5.5.907~1-cbed4]:main():lattice-best-path.cc:99) For utterance 20030004_699, best cost 206.217 + 2862.66 = 3068.88 over 596 frames.
20030004_699 نجات کے فیوچر آف کار کیچڑ ای میں بتایا یہ کے اہل یا نیم ریوڑ مہندی کا مقصود چوم 
LOG (lattice-best-path[5.5.907~1-cbed4]:main():lattice-best-path.cc:99) For utterance 20030004_700, best cost 164.147 + 2558.56 = 2722.7 over 540 frames.
20030004_700 گوشے اور فوم کی تک خلیل میں تغافل کی سوجھی جھڑک کر بس سوکھ سے افق 
LOG (lattice-best-path[5.5.907~1-cbed4]:main():lattice-best-path.cc:99) For utterance 20030004_701, best cost 225.523 + 2996.9 = 3222.42 over 617 frames.
20030004_701 مضمون با عنوان بو نوگو گذر کی تو ماتھا جی سے کے بل باغ کر حوض اس ہوے تو کو سمجھا آیا 
LOG (lattice-best-path[5.5.907~1-cbed4]:main():lattice-best-path.cc:99) For utterance 20030004_702, best cost 143.621 + 2281.87 = 2425.5 over 513 frames.
20030004_702 غیر فیصلہ آ قوت کی روڈ میں بارے کو شاہ دو نادر بخشے 
LOG (lattice-add-penalty[5.5.907~1-cbed4]:main():lattice-add-penalty.cc:62) Done adding word insertion penalty to 108 lattices.
LOG (lattice-best-path[5.5.907~1-cbed4]:main():lattice-best-path.cc:99) For utterance 20030004_703, best cost 153.458 + 2263.08 = 2416.54 over 504 frames.
20030004_703 حیرت حائل سے تولید ای چھین کے کے پڑھوں کا وہ بار ظاہر ہوتا ہے 
LOG (lattice-best-path[5.5.907~1-cbed4]:main():lattice-best-path.cc:99) For utterance 20030004_704, best cost 189.338 + 3482.82 = 3672.16 over 762 frames.
20030004_704 جو تھائی ونگ سے شنید موعود آئین آزاد یوں کے ایک انظباتی کے لاؤ کا پراسیس ہے 
LOG (lattice-best-path[5.5.907~1-cbed4]:main():lattice-best-path.cc:99) For utterance 20030004_705, best cost 178.11 + 2712.4 = 2890.51 over 586 frames.
20030004_705 با وجہ گگن ماہ ایک روہی و سے چادر لاگت آٹھ پھنس و سے بڑھ گئی 
LOG (lattice-best-path[5.5.907~1-cbed4]:main():lattice-best-path.cc:99) For utterance 20030004_706, best cost 119.292 + 1981.89 = 2101.19 over 434 frames.
20030004_706 بل سفید گیس کے آنکھیں دکھی تو مدد میت چوم 
LOG (lattice-best-path[5.5.907~1-cbed4]:main():lattice-best-path.cc:99) For utterance 20030004_707, best cost 147.829 + 2101.76 = 2249.58 over 479 frames.
20030004_707 ماضی کو بلا یا ہے تو آگے بری یوں میں گناہوں میں نہ پڑی 
LOG (lattice-best-path[5.5.907~1-cbed4]:main():lattice-best-path.cc:99) For utterance 20030004_708, best cost 177.752 + 2949.23 = 3126.98 over 653 frames.
20030004_708 جنگ جھرنے سے پہلے پڑھے نے مجھے کچھ خارجہ سی پتھری کا اور مشق سمجھا اے 
LOG (lattice-best-path[5.5.907~1-cbed4]:main():lattice-best-path.cc:124) Overall cost per frame is 5.20117 = 0.290323 [graph] + 4.91085 [acoustic] over 70132 frames.
LOG (lattice-best-path[5.5.907~1-cbed4]:main():lattice-best-path.cc:128) Done 108 lattices, failed for 0
# Accounting: time=0 threads=1
# Ended (code 0) at Wed Apr 21 05:15:49 PKT 2021, elapsed time 0 seconds
