# lattice-scale --inv-acoustic-scale=14 "ark:gunzip -c exp/tri4/decode/lat.*.gz|" ark:- | lattice-add-penalty --word-ins-penalty=1.0 ark:- ark:- | lattice-best-path --word-symbol-table=exp/tri4/graph/words.txt ark:- ark,t:- | utils/int2sym.pl -f 2- exp/tri4/graph/words.txt | cat > exp/tri4/decode/scoring_kaldi/penalty_1.0/14.txt 
# Started at Thu Apr 22 14:02:38 PKT 2021
#
lattice-scale --inv-acoustic-scale=14 'ark:gunzip -c exp/tri4/decode/lat.*.gz|' ark:- 
lattice-add-penalty --word-ins-penalty=1.0 ark:- ark:- 
lattice-best-path --word-symbol-table=exp/tri4/graph/words.txt ark:- ark,t:- 
LOG (lattice-best-path[5.5.907~1-cbed4]:main():lattice-best-path.cc:99) For utterance 20030004_601, best cost 100.433 + 3120.49 = 3220.93 over 804 frames.
20030004_601 حریت رنجیدہ کی شنید ریلیف کی ضرورت براوو کریں 
LOG (lattice-best-path[5.5.907~1-cbed4]:main():lattice-best-path.cc:99) For utterance 20030004_602, best cost 123.841 + 3973.04 = 4096.89 over 1000 frames.
20030004_602 بروکلی لائبریری تھیوری گلوبل شیرخوار چار تنولی جوڈیشری اثاثوں 
LOG (lattice-best-path[5.5.907~1-cbed4]:main():lattice-best-path.cc:99) For utterance 20030004_603, best cost 97.7642 + 3018.57 = 3116.33 over 782 frames.
20030004_603 شمشاد برعظیم متاثرین اور کارکردگی قصوروار کلچر کی 
LOG (lattice-best-path[5.5.907~1-cbed4]:main():lattice-best-path.cc:99) For utterance 20030004_604, best cost 67.6246 + 2480.16 = 2547.78 over 638 frames.
20030004_604 جیلانی دراوڑی غصب چنگیزی دیکھیں 
LOG (lattice-best-path[5.5.907~1-cbed4]:main():lattice-best-path.cc:99) For utterance 20030004_605, best cost 56.913 + 1968.21 = 2025.12 over 506 frames.
20030004_605 چونچلے شون پیشنگوئی کرتا ہے 
LOG (lattice-best-path[5.5.907~1-cbed4]:main():lattice-best-path.cc:99) For utterance 20030004_606, best cost 82.5997 + 2161.6 = 2244.2 over 554 frames.
20030004_606 گرویدہ موروثی تذلیل توضیح بڑی گزیر تھا 
LOG (lattice-best-path[5.5.907~1-cbed4]:main():lattice-best-path.cc:99) For utterance 20030004_607, best cost 54.5542 + 1655.5 = 1710.06 over 428 frames.
20030004_607 تسخیر کی زرقاوی معالج ہیں 
LOG (lattice-best-path[5.5.907~1-cbed4]:main():lattice-best-path.cc:99) For utterance 20030004_608, best cost 66.6096 + 2282.08 = 2348.69 over 578 frames.
20030004_608 سپرنٹنڈنٹ ڈیوڈ گلگشت ایمرجنسی دلجوئی 
LOG (lattice-best-path[5.5.907~1-cbed4]:main():lattice-best-path.cc:99) For utterance 20030004_609, best cost 96.3414 + 2931 = 3027.34 over 746 frames.
20030004_609 کے شمولیت باورچی رسولی بائیولوجیکل سوغات صیاد کیا 
LOG (lattice-best-path[5.5.907~1-cbed4]:main():lattice-best-path.cc:99) For utterance 20030004_610, best cost 87.5908 + 2790.78 = 2878.37 over 740 frames.
20030004_610 پراسیس شیرخوار ٹیلیویژن ایرانی چلچلاتی کے ساتھ ہیں 
LOG (lattice-best-path[5.5.907~1-cbed4]:main():lattice-best-path.cc:99) For utterance 20030004_611, best cost 76.2159 + 2653.41 = 2729.62 over 699 frames.
20030004_611 حسینی افسوس پالیسی کے دوران کی وجہ سے 
LOG (lattice-best-path[5.5.907~1-cbed4]:main():lattice-best-path.cc:99) For utterance 20030004_612, best cost 99.0874 + 2847.58 = 2946.66 over 740 frames.
20030004_612 تبدیلی میرزا شہاب معالجہ شیفرڈ اور کلیرنگ چراغاں ہیں 
LOG (lattice-best-path[5.5.907~1-cbed4]:main():lattice-best-path.cc:99) For utterance 20030004_613, best cost 65.2111 + 2030 = 2095.21 over 534 frames.
20030004_613 پرنم فولاد کو ذوالجلال شیرخوار 
LOG (lattice-best-path[5.5.907~1-cbed4]:main():lattice-best-path.cc:99) For utterance 20030004_614, best cost 76.8756 + 2181.24 = 2258.11 over 547 frames.
20030004_614 بندوق ٹیکنیشنز دستاویزات سوجنے بزرگوار کیا 
LOG (lattice-best-path[5.5.907~1-cbed4]:main():lattice-best-path.cc:99) For utterance 20030004_615, best cost 125.443 + 3606.86 = 3732.3 over 941 frames.
20030004_615 پراٹھا شہزادی چمچہ سومرو سترھویں جنوبی کاؤنٹی دلجوئی تو علیحدہ ہیں 
LOG (lattice-best-path[5.5.907~1-cbed4]:main():lattice-best-path.cc:99) For utterance 20030004_616, best cost 125.258 + 3380.74 = 3506 over 890 frames.
20030004_616 تاجور اور میڈیسن اور نیلوفر روضہ سے توضیحات ذوالجناح خدانخواستہ کی ہیں 
LOG (lattice-best-path[5.5.907~1-cbed4]:main():lattice-best-path.cc:99) For utterance 20030004_617, best cost 91.702 + 2126.73 = 2218.44 over 569 frames.
20030004_617 کھبے کانفرنسوں کے بدچلنی روے کارخیر شناسی ہیں 
LOG (lattice-best-path[5.5.907~1-cbed4]:main():lattice-best-path.cc:99) For utterance 20030004_618, best cost 101.895 + 3027.87 = 3129.77 over 792 frames.
20030004_618 خانگی کرکے سے روشناس کوچوں اقتصادی انظباتی جاتی ہیں 
LOG (lattice-best-path[5.5.907~1-cbed4]:main():lattice-best-path.cc:99) For utterance 20030004_619, best cost 71.2752 + 1965.2 = 2036.48 over 524 frames.
20030004_619 تیزی شیرخوار مدعیان دلجوئی جا ہیں 
LOG (lattice-best-path[5.5.907~1-cbed4]:main():lattice-best-path.cc:99) For utterance 20030004_620, best cost 90.5127 + 2681.02 = 2771.53 over 688 frames.
20030004_620 چھیانوے اور مصروفیات اور دیوبند پرجوش لاہوریات کیں 
LOG (lattice-best-path[5.5.907~1-cbed4]:main():lattice-best-path.cc:99) For utterance 20030004_621, best cost 95.3836 + 3009.24 = 3104.62 over 757 frames.
20030004_621 جلسہ سوئٹرز جکھرانی زیور سوچا کی وزیر دیکھیں 
LOG (lattice-best-path[5.5.907~1-cbed4]:main():lattice-best-path.cc:99) For utterance 20030004_622, best cost 72.474 + 2438.38 = 2510.85 over 634 frames.
20030004_622 اور چڑچڑا اور ٹھیکیدار ازسرنو لیزنگ 
LOG (lattice-best-path[5.5.907~1-cbed4]:main():lattice-best-path.cc:99) For utterance 20030004_623, best cost 47.2461 + 1926.34 = 1973.59 over 510 frames.
20030004_623 پیروکار خصوصا انشائیہ 
LOG (lattice-best-path[5.5.907~1-cbed4]:main():lattice-best-path.cc:99) For utterance 20030004_624, best cost 112.64 + 2988.16 = 3100.8 over 768 frames.
20030004_624 حفاظ کلثوم ایجنسی غوروخوض اور اثرورسوخ کی پیچیدگیوں بشمول تھا 
LOG (lattice-best-path[5.5.907~1-cbed4]:main():lattice-best-path.cc:99) For utterance 20030004_625, best cost 79.8166 + 2595.35 = 2675.16 over 717 frames.
20030004_625 نظریے استفادے کیلئے پریذیڈنٹ کے واقعے ہو گیا 
LOG (lattice-best-path[5.5.907~1-cbed4]:main():lattice-best-path.cc:99) For utterance 20030004_626, best cost 66.5818 + 1739.89 = 1806.48 over 463 frames.
20030004_626 کیا بجھی لاہوریات زنجیر بازیچہ 
LOG (lattice-best-path[5.5.907~1-cbed4]:main():lattice-best-path.cc:99) For utterance 20030004_627, best cost 54.3871 + 2329.57 = 2383.96 over 610 frames.
20030004_627 ٹرانسپیرنسی کیموتھراپی سپردخاک کیا 
LOG (lattice-best-path[5.5.907~1-cbed4]:main():lattice-best-path.cc:99) For utterance 20030004_628, best cost 92.1206 + 2632.29 = 2724.41 over 710 frames.
20030004_628 کرتی کرنے والے کینیڈین رفیوجی ہوشیاری وفود تھیں 
LOG (lattice-best-path[5.5.907~1-cbed4]:main():lattice-best-path.cc:99) For utterance 20030004_629, best cost 80.8333 + 2843.33 = 2924.16 over 773 frames.
20030004_629 شیرے نوشاد گہماگہمی کے تنازع پرائیوٹائزیشن 
LOG (lattice-best-path[5.5.907~1-cbed4]:main():lattice-best-path.cc:99) For utterance 20030004_630, best cost 83.8592 + 2454.66 = 2538.52 over 661 frames.
20030004_630 کیونکہ سے شاندار بیچارے پرچم سیراب کر دیا 
LOG (lattice-best-path[5.5.907~1-cbed4]:main():lattice-best-path.cc:99) For utterance 20030004_631, best cost 111.778 + 3236.71 = 3348.48 over 905 frames.
20030004_631 سیاسی اور نو بیٹھی وفاقی چڑچڑے چلغوزے سے مچانے کریں 
LOG (lattice-best-path[5.5.907~1-cbed4]:main():lattice-best-path.cc:99) For utterance 20030004_632, best cost 109.887 + 3156.02 = 3265.91 over 874 frames.
20030004_632 وزیرداخلہ کے ایکویٹی بچّو کوڑیاں بھجوا اور کولسری سویٹر 
LOG (lattice-best-path[5.5.907~1-cbed4]:main():lattice-best-path.cc:99) For utterance 20030004_633, best cost 95.7789 + 3080.18 = 3175.96 over 822 frames.
20030004_633 غیرقانونی گھنیری جہتیں اور فیصد کی توسیع سندھی سے 
LOG (lattice-best-path[5.5.907~1-cbed4]:main():lattice-best-path.cc:99) For utterance 20030004_634, best cost 78.0817 + 2477.41 = 2555.49 over 680 frames.
20030004_634 پریشان ٹیکسیشن بیساکھی بھولنا کیلئے کرتے ہیں 
LOG (lattice-best-path[5.5.907~1-cbed4]:main():lattice-best-path.cc:99) For utterance 20030004_635, best cost 79.9515 + 2543.84 = 2623.79 over 684 frames.
20030004_635 حاصل نوچندی گراموفون ریسٹورنٹ اپنے عزیزواقارب 
LOG (lattice-best-path[5.5.907~1-cbed4]:main():lattice-best-path.cc:99) For utterance 20030004_636, best cost 78.3098 + 2457.68 = 2535.99 over 677 frames.
20030004_636 پروفیشنل جونیئر شادی سوچا تو بخوبی 
LOG (lattice-best-path[5.5.907~1-cbed4]:main():lattice-best-path.cc:99) For utterance 20030004_637, best cost 79.9465 + 2356.07 = 2436.01 over 652 frames.
20030004_637 خوان بیساکھی بدچلنی طاغوتی طرزعمل ہوئیں 
LOG (lattice-best-path[5.5.907~1-cbed4]:main():lattice-best-path.cc:99) For utterance 20030004_638, best cost 97.4816 + 2770.83 = 2868.32 over 709 frames.
20030004_638 پانچوں گجراتی شیرٹن بےقصور سوری کوارڈینیٹر آکسیجن 
LOG (lattice-best-path[5.5.907~1-cbed4]:main():lattice-best-path.cc:99) For utterance 20030004_639, best cost 106.068 + 2877.23 = 2983.3 over 768 frames.
20030004_639 کیفے برطرفی کرکے سے چیزیں طاغوتی گلدستہ سے پڑوسی 
LOG (lattice-best-path[5.5.907~1-cbed4]:main():lattice-best-path.cc:99) For utterance 20030004_640, best cost 104.262 + 2933.39 = 3037.65 over 768 frames.
20030004_640 چھاؤں کیا بیٹھی یادیں سیسے گذشتہ پنچولی حوصلہ 
LOG (lattice-best-path[5.5.907~1-cbed4]:main():lattice-best-path.cc:99) For utterance 20030004_641, best cost 76.7847 + 2194.1 = 2270.88 over 601 frames.
20030004_641 اور اور باریش فوقیت شناسی کا پروگریسیو 
LOG (lattice-best-path[5.5.907~1-cbed4]:main():lattice-best-path.cc:99) For utterance 20030004_642, best cost 81.9701 + 2183.66 = 2265.63 over 588 frames.
20030004_642 پہنچتے اویسی کے گردش سے خصوصی اور کیں 
LOG (lattice-best-path[5.5.907~1-cbed4]:main():lattice-best-path.cc:99) For utterance 20030004_643, best cost 70.4603 + 2362.64 = 2433.1 over 626 frames.
20030004_643 تحفہ ازسرنو تجزیہ اور آزادی کریں 
LOG (lattice-best-path[5.5.907~1-cbed4]:main():lattice-best-path.cc:99) For utterance 20030004_644, best cost 102.978 + 2834.14 = 2937.12 over 753 frames.
20030004_644 کے چھہتر شعروادب وزراء مویشی کیسی بار سپاہیوں 
LOG (lattice-best-path[5.5.907~1-cbed4]:main():lattice-best-path.cc:99) For utterance 20030004_645, best cost 82.1269 + 2592.96 = 2675.09 over 687 frames.
20030004_645 ہرگز نیوز تذبذب سرکاری کاشف کی ہیں 
LOG (lattice-best-path[5.5.907~1-cbed4]:main():lattice-best-path.cc:99) For utterance 20030004_646, best cost 95.1774 + 2500.14 = 2595.32 over 664 frames.
20030004_646 سایہ خودسوزی اور جاگیرداروں گھیراؤ نگرانی بڑھائے قادیانی 
LOG (lattice-best-path[5.5.907~1-cbed4]:main():lattice-best-path.cc:99) For utterance 20030004_647, best cost 61.2653 + 1648.56 = 1709.83 over 439 frames.
20030004_647 موسم برعظیم جونیجو گردوغبار ہیں 
LOG (lattice-best-path[5.5.907~1-cbed4]:main():lattice-best-path.cc:99) For utterance 20030004_648, best cost 74.5518 + 1949.5 = 2024.05 over 531 frames.
20030004_648 نے دودھیا پچاس صداقت چیریٹی رہا تھا 
LOG (lattice-best-path[5.5.907~1-cbed4]:main():lattice-best-path.cc:99) For utterance 20030004_649, best cost 63.9838 + 2179.89 = 2243.88 over 582 frames.
20030004_649 پونے سبجیکٹ بینات آمدنی کریں 
LOG (lattice-best-path[5.5.907~1-cbed4]:main():lattice-best-path.cc:99) For utterance 20030004_650, best cost 75.6486 + 2605.07 = 2680.71 over 690 frames.
20030004_650 ترجیح پالیسی ہوزری نفسیاتی دستاویزات ہیں 
LOG (lattice-best-path[5.5.907~1-cbed4]:main():lattice-best-path.cc:99) For utterance 20030004_651, best cost 81.8861 + 2462.7 = 2544.59 over 679 frames.
20030004_651 اور اور بیچوں سیکورٹی باندھنے موئسچرائزنگ کی کی 
LOG (lattice-best-path[5.5.907~1-cbed4]:main():lattice-best-path.cc:99) For utterance 20030004_652, best cost 113.462 + 2880.38 = 2993.84 over 801 frames.
20030004_652 پرویا کیجیے دھاندلی اور کی اور بنولہ میں طاغوتی زود پوچھیں 
LOG (lattice-best-path[5.5.907~1-cbed4]:main():lattice-best-path.cc:99) For utterance 20030004_653, best cost 69.9794 + 2553.17 = 2623.15 over 694 frames.
20030004_653 پروگریسیو سینٹر سے ڈیجیٹل کوسوں ہیں 
LOG (lattice-best-path[5.5.907~1-cbed4]:main():lattice-best-path.cc:99) For utterance 20030004_654, best cost 105.901 + 2588.94 = 2694.84 over 694 frames.
20030004_654 کینیڈین پیشرو ذیشان چھولے اور اسٹورز سینیٹ اپنی صبحیں 
LOG (lattice-best-path[5.5.907~1-cbed4]:main():lattice-best-path.cc:99) For utterance 20030004_655, best cost 73.4092 + 1784.95 = 1858.36 over 493 frames.
20030004_655 خاموشی ایشیائی بوریت بجھائی باریش ہیں 
LOG (lattice-best-path[5.5.907~1-cbed4]:main():lattice-best-path.cc:99) For utterance 20030004_656, best cost 67.7027 + 2699.7 = 2767.4 over 744 frames.
20030004_656 بیساکھی پروگریسیو ہو سمجھانے سے ہیں 
LOG (lattice-best-path[5.5.907~1-cbed4]:main():lattice-best-path.cc:99) For utterance 20030004_657, best cost 53.3314 + 1996.43 = 2049.77 over 545 frames.
20030004_657 کا طرزفکر لادینیت سمفنی 
LOG (lattice-best-path[5.5.907~1-cbed4]:main():lattice-best-path.cc:99) For utterance 20030004_658, best cost 67.0381 + 1966.73 = 2033.77 over 505 frames.
20030004_658 غیر کامیاب ہونے سے سنگھاسن گزارنے 
LOG (lattice-best-path[5.5.907~1-cbed4]:main():lattice-best-path.cc:99) For utterance 20030004_659, best cost 102.9 + 2958.19 = 3061.09 over 796 frames.
20030004_659 وڈیو پہنچائیں اور پوشیدہ تغافل توضیحات شمولیت بسائیں 
LOG (lattice-best-path[5.5.907~1-cbed4]:main():lattice-best-path.cc:99) For utterance 20030004_660, best cost 54.0486 + 1545.08 = 1599.13 over 406 frames.
20030004_660 سویرا کے معاوضہ میرزا ہیں 
LOG (lattice-best-path[5.5.907~1-cbed4]:main():lattice-best-path.cc:99) For utterance 20030004_661, best cost 51.5462 + 1894.91 = 1946.46 over 513 frames.
20030004_661 قضہ فیڈریشنز کا باخبر ہیں 
LOG (lattice-best-path[5.5.907~1-cbed4]:main():lattice-best-path.cc:99) For utterance 20030004_662, best cost 68.1367 + 2114.88 = 2183.01 over 549 frames.
20030004_662 گرمجوشی راجیہ سے سیاسی تشبیہ کریں 
LOG (lattice-best-path[5.5.907~1-cbed4]:main():lattice-best-path.cc:99) For utterance 20030004_663, best cost 91.865 + 2467.96 = 2559.83 over 658 frames.
20030004_663 کے خارجہ ازسرنو کیا ساتھیوں ڈیجیٹل میسر ہوئیں 
LOG (lattice-best-path[5.5.907~1-cbed4]:main():lattice-best-path.cc:99) For utterance 20030004_664, best cost 90.5734 + 2805.26 = 2895.83 over 744 frames.
20030004_664 پراسیس فیاضی چھیانوے بازوؤں کلیجی پروگریسیو کریں 
LOG (lattice-best-path[5.5.907~1-cbed4]:main():lattice-best-path.cc:99) For utterance 20030004_665, best cost 63.6452 + 2212.53 = 2276.17 over 587 frames.
20030004_665 خاص احساس قریشی سوختہ شوکیسوں 
LOG (lattice-best-path[5.5.907~1-cbed4]:main():lattice-best-path.cc:99) For utterance 20030004_666, best cost 54.6836 + 1869.71 = 1924.39 over 480 frames.
20030004_666 بزرگ تجربات سالہاسال ہوئیں 
LOG (lattice-best-path[5.5.907~1-cbed4]:main():lattice-best-path.cc:99) For utterance 20030004_667, best cost 66.9854 + 2043.54 = 2110.52 over 558 frames.
20030004_667 کے لیے آکسیجن ڈیمو سے ویڈیوز میں 
LOG (lattice-best-path[5.5.907~1-cbed4]:main():lattice-best-path.cc:99) For utterance 20030004_668, best cost 100.014 + 2844.61 = 2944.62 over 777 frames.
20030004_668 ساتھیو بیچیں کریں اور لیجنڈ پرچھائیاں کے سے جانے کیا 
LOG (lattice-best-path[5.5.907~1-cbed4]:main():lattice-best-path.cc:99) For utterance 20030004_669, best cost 62.1697 + 1977.5 = 2039.67 over 543 frames.
20030004_669 اور غزلوں پر ویزے مضروب کیا 
LOG (lattice-best-path[5.5.907~1-cbed4]:main():lattice-best-path.cc:99) For utterance 20030004_670, best cost 63.6263 + 1876.32 = 1939.95 over 512 frames.
20030004_670 وزراء ہمیشہ میں ایک ازسرنو بتاؤں 
LOG (lattice-best-path[5.5.907~1-cbed4]:main():lattice-best-path.cc:99) For utterance 20030004_671, best cost 115.781 + 3171.38 = 3287.16 over 872 frames.
20030004_671 قریشی سے سوسائٹی گھنگریالے بازوؤں اور سعودی سوزوکی بلوچی جاؤ 
LOG (lattice-best-path[5.5.907~1-cbed4]:main():lattice-best-path.cc:99) For utterance 20030004_672, best cost 65.2769 + 2481.6 = 2546.88 over 652 frames.
20030004_672 فیڈریشنز ایوان بسر وزیرداخلہ ہیں 
LOG (lattice-best-path[5.5.907~1-cbed4]:main():lattice-best-path.cc:99) For utterance 20030004_673, best cost 73.075 + 1945.28 = 2018.36 over 536 frames.
20030004_673 پڑھائی جانا پنگھوڑے چوزے نظریے کریں 
LOG (lattice-best-path[5.5.907~1-cbed4]:main():lattice-best-path.cc:99) For utterance 20030004_674, best cost 76.642 + 2569.56 = 2646.2 over 656 frames.
20030004_674 مصوروں میں برساتا فرمائیں قدسی خوشی 
LOG (lattice-best-path[5.5.907~1-cbed4]:main():lattice-best-path.cc:99) For utterance 20030004_675, best cost 55.9182 + 1850.81 = 1906.73 over 501 frames.
20030004_675 فائربریگیڈ بلاسوچے تعاقب اور ہیں 
LOG (lattice-best-path[5.5.907~1-cbed4]:main():lattice-best-path.cc:99) For utterance 20030004_676, best cost 78.5296 + 2438.03 = 2516.56 over 617 frames.
20030004_676 دیباچے سے سکتی تنولی سہارے منتظر تھیں 
LOG (lattice-best-path[5.5.907~1-cbed4]:main():lattice-best-path.cc:99) For utterance 20030004_677, best cost 97.976 + 2936.36 = 3034.34 over 794 frames.
20030004_677 انسانیت کی بیوی بعدازاں موضوع دیوبندی ہونے سے پہلے 
LOG (lattice-best-path[5.5.907~1-cbed4]:main():lattice-best-path.cc:99) For utterance 20030004_678, best cost 108.682 + 3278.32 = 3387 over 870 frames.
20030004_678 سروس کارخیر آسرا سے چرانے پروجیکٹ ایکسیئن شیشے کریں 
LOG (lattice-best-path[5.5.907~1-cbed4]:main():lattice-best-path.cc:99) For utterance 20030004_679, best cost 67.6607 + 1891.49 = 1959.15 over 496 frames.
20030004_679 چوڑی اور کے ترجیحات سمجھتے سوچیے 
LOG (lattice-best-path[5.5.907~1-cbed4]:main():lattice-best-path.cc:99) For utterance 20030004_680, best cost 85.8164 + 2834.81 = 2920.63 over 764 frames.
20030004_680 چوڑی تنخواہ ہیروئن پروگریسیو پائیریسی پروگراموں 
LOG (lattice-best-path[5.5.907~1-cbed4]:main():lattice-best-path.cc:99) For utterance 20030004_681, best cost 90.5635 + 2559.7 = 2650.26 over 688 frames.
20030004_681 ملائیشن شیشے کو ٹھیکیدار سیکورٹی شیعہ تصور 
LOG (lattice-best-path[5.5.907~1-cbed4]:main():lattice-best-path.cc:99) For utterance 20030004_682, best cost 82.8868 + 2421.28 = 2504.17 over 656 frames.
20030004_682 بیہوش والے کی جھونپڑی جلسہ جلوسوں چنانچہ 
LOG (lattice-best-path[5.5.907~1-cbed4]:main():lattice-best-path.cc:99) For utterance 20030004_683, best cost 76.568 + 2211.58 = 2288.14 over 605 frames.
20030004_683 کی انظباتی درآمدات کہانی زندگی کیسی کریں 
LOG (lattice-best-path[5.5.907~1-cbed4]:main():lattice-best-path.cc:99) For utterance 20030004_684, best cost 103.531 + 2643.75 = 2747.28 over 758 frames.
20030004_684 میری خوگر اور پینسٹھ کے چیلنجوں کیا لیے گلدستہ ہیں 
LOG (lattice-best-path[5.5.907~1-cbed4]:main():lattice-best-path.cc:99) For utterance 20030004_685, best cost 82.2006 + 1811.17 = 1893.37 over 489 frames.
20030004_685 جو فلو سے نیچے بخشے سپاسنامہ بدروح 
LOG (lattice-best-path[5.5.907~1-cbed4]:main():lattice-best-path.cc:99) For utterance 20030004_686, best cost 94.2834 + 2070.26 = 2164.54 over 543 frames.
20030004_686 صدیقی سدباب پیشن سویاں ریلیکس اشفاق کوچوں 
LOG (lattice-best-path[5.5.907~1-cbed4]:main():lattice-best-path.cc:99) For utterance 20030004_687, best cost 114.811 + 2959.51 = 3074.33 over 796 frames.
20030004_687 چولہے صبغت سیروسیاحت دیوی اور پڑا سیکھا پر پرسکون کریں 
LOG (lattice-best-path[5.5.907~1-cbed4]:main():lattice-best-path.cc:99) For utterance 20030004_688, best cost 113.396 + 3114.08 = 3227.48 over 831 frames.
20030004_688 وزیرخارجہ کنسورشیم گزارنے اور نیچی کے میران کرکے باغیچہ ہیں 
LOG (lattice-best-path[5.5.907~1-cbed4]:main():lattice-best-path.cc:99) For utterance 20030004_689, best cost 92.7678 + 2476.62 = 2569.39 over 645 frames.
20030004_689 مجوزہ دیباچہ جنگجویانہ ہے اور سوزوکی سے کتابچہ ہیں 
LOG (lattice-best-path[5.5.907~1-cbed4]:main():lattice-best-path.cc:99) For utterance 20030004_690, best cost 65.2999 + 1708.11 = 1773.41 over 467 frames.
20030004_690 کی پھلیاں پڑھائی شوکیسوں چوالیس ہیں 
LOG (lattice-best-path[5.5.907~1-cbed4]:main():lattice-best-path.cc:99) For utterance 20030004_691, best cost 98.0165 + 2878.18 = 2976.2 over 808 frames.
20030004_691 کسی انجنیئر مالیخولیا اور دستاویزات تلمیحات مدفون نصیب 
LOG (lattice-best-path[5.5.907~1-cbed4]:main():lattice-best-path.cc:99) For utterance 20030004_692, best cost 75.3844 + 2429.55 = 2504.94 over 657 frames.
20030004_692 گزارنے کا ریسکیو سانولے ادائیگی کرتے ہیں 
LOG (lattice-best-path[5.5.907~1-cbed4]:main():lattice-best-path.cc:99) For utterance 20030004_693, best cost 97.4181 + 2412.63 = 2510.05 over 673 frames.
20030004_693 میڈیکل کے چوڑیاں سے کا کے باہر باخبر مدعو ہیں 
LOG (lattice-best-path[5.5.907~1-cbed4]:main():lattice-best-path.cc:99) For utterance 20030004_694, best cost 81.6013 + 2352.38 = 2433.98 over 604 frames.
20030004_694 دلبرداشتہ تساہل درجے اور بازیچہ کوچوان ہیں 
LOG (lattice-best-path[5.5.907~1-cbed4]:main():lattice-best-path.cc:99) For utterance 20030004_695, best cost 96.9175 + 2269.54 = 2366.46 over 606 frames.
20030004_695 بیچارے کیجیے جانے کو کیا باورچی سنگباری لینگویج ہیں 
LOG (lattice-best-path[5.5.907~1-cbed4]:main():lattice-best-path.cc:99) For utterance 20030004_696, best cost 81.0374 + 2356.68 = 2437.72 over 617 frames.
20030004_696 تشخص کیا ریزروز منصوبے ڈائیگرام کیا ہیں 
LOG (lattice-best-path[5.5.907~1-cbed4]:main():lattice-best-path.cc:99) For utterance 20030004_697, best cost 63.3783 + 1857.02 = 1920.4 over 492 frames.
20030004_697 بغور سے سینٹر بیسن گراموفون 
LOG (lattice-best-path[5.5.907~1-cbed4]:main():lattice-best-path.cc:99) For utterance 20030004_698, best cost 61.4699 + 1749.05 = 1810.52 over 474 frames.
20030004_698 نامزد جوڈیشل کاروبار زلزلے ہیں 
LOG (lattice-best-path[5.5.907~1-cbed4]:main():lattice-best-path.cc:99) For utterance 20030004_699, best cost 80.8018 + 2240.25 = 2321.06 over 596 frames.
20030004_699 لیجنڈری چغتائی جڑی کہانی چاہیے بلاسوچے ہیں 
LOG (lattice-best-path[5.5.907~1-cbed4]:main():lattice-best-path.cc:99) For utterance 20030004_700, best cost 86.4612 + 2057.81 = 2144.27 over 540 frames.
20030004_700 دوچند کو کی کی میں تغافل جھنجھلاہٹ خصوصا ہیں 
LOG (lattice-best-path[5.5.907~1-cbed4]:main():lattice-best-path.cc:99) For utterance 20030004_701, best cost 88.6641 + 2355.88 = 2444.55 over 617 frames.
20030004_701 مظلام آوازیں غنودگی ذوالجلال مزدوروں بازیچہ ہیں 
LOG (lattice-best-path[5.5.907~1-cbed4]:main():lattice-best-path.cc:99) For utterance 20030004_702, best cost 73.2335 + 1875.71 = 1948.94 over 513 frames.
20030004_702 گیس راہبر دیوبندی پریشر مدہوش ہیں 
LOG (lattice-best-path[5.5.907~1-cbed4]:main():lattice-best-path.cc:99) For utterance 20030004_703, best cost 60.3178 + 1820.23 = 1880.54 over 504 frames.
20030004_703 ڈیتھ ٹریژری ڈرامہ ضرورت ہیں 
LOG (lattice-best-path[5.5.907~1-cbed4]:main():lattice-best-path.cc:99) For utterance 20030004_704, best cost 88.7375 + 2763.57 = 2852.31 over 762 frames.
20030004_704 چغتائی سیکشن متنازعہ کیونکہ انظباتی دیوداس ہیں 
LOG (lattice-best-path[5.5.907~1-cbed4]:main():lattice-best-path.cc:99) For utterance 20030004_705, best cost 77.2339 + 2193.41 = 2270.65 over 586 frames.
20030004_705 بھونچال بنائیں ویزے جبڑا دستاویزی نہیں 
LOG (lattice-best-path[5.5.907~1-cbed4]:main():lattice-best-path.cc:99) For utterance 20030004_706, best cost 51.6636 + 1624.02 = 1675.68 over 434 frames.
20030004_706 بیساکھی استفادے کی دریچوں 
LOG (lattice-best-path[5.5.907~1-cbed4]:main():lattice-best-path.cc:99) For utterance 20030004_707, best cost 50.1647 + 1710.59 = 1760.76 over 479 frames.
20030004_707 اناسیواں راہداری بنانا ہیں 
LOG (lattice-best-path[5.5.907~1-cbed4]:main():lattice-best-path.cc:99) For utterance 20030004_708, best cost 75.3609 + 2387.71 = 2463.07 over 653 frames.
20030004_708 چمچے سرنجیں بچہ سیکورٹی بھاوج ہیں 
LOG (lattice-best-path[5.5.907~1-cbed4]:main():lattice-best-path.cc:99) For utterance 20030005_601, best cost 153.178 + 5452.14 = 5605.32 over 1496 frames.
20030005_601 پرنیا توجیہ انفارمیشن میں بلین منیب کلیرنگ برڈ کیونکہ پَلوں پاؤڈر لیں 
LOG (lattice-best-path[5.5.907~1-cbed4]:main():lattice-best-path.cc:99) For utterance 20030005_602, best cost 206.539 + 7496.31 = 7702.85 over 2091 frames.
20030005_602 پندرہ کے لاریب کے داخلوں اور تحریروں بن تفتیشی والوں کے مجاہد کو پنجرے کرنے کے شیلٹر سے کالجوں ہیں 
LOG (lattice-best-path[5.5.907~1-cbed4]:main():lattice-best-path.cc:99) For utterance 20030005_603, best cost 160.031 + 5691.49 = 5851.52 over 1534 frames.
20030005_603 شخص خوشخبری اور غزلیں کے باعث کیلئے کاروبار پیروکاروں تبدیلی بےقصور برتن بیچارے ہیں 
LOG (lattice-best-path[5.5.907~1-cbed4]:main():lattice-best-path.cc:99) For utterance 20030005_604, best cost 131.012 + 5774.83 = 5905.84 over 1617 frames.
20030005_604 صدیقین حاشیے تدابیر عزیزواقارب پیش کو پہنچائیں کے قزلباش گرہیں تھا 
LOG (lattice-best-path[5.5.907~1-cbed4]:main():lattice-best-path.cc:99) For utterance 20030005_605, best cost 91.5136 + 2870.56 = 2962.07 over 734 frames.
20030005_605 چور شمار جنریشن میں کوریوگرافر اب دیتا ہے 
LOG (lattice-best-path[5.5.907~1-cbed4]:main():lattice-best-path.cc:99) For utterance 20030005_606, best cost 134.753 + 3922.09 = 4056.84 over 1080 frames.
20030005_606 پر جھینگے قانونگو اب سے کی بلوں کے تغافل زندگی بڑی بازیچہ ہیں 
LOG (lattice-best-path[5.5.907~1-cbed4]:main():lattice-best-path.cc:99) For utterance 20030005_607, best cost 97.1119 + 2770.13 = 2867.24 over 747 frames.
20030005_607 تحصیلدار کی کفار کی زدہ باؤنڈری باب لینگویج ہیں 
LOG (lattice-best-path[5.5.907~1-cbed4]:main():lattice-best-path.cc:99) For utterance 20030005_608, best cost 120.576 + 4049.54 = 4170.12 over 1112 frames.
20030005_608 کرکے کنٹرول بو خورشید کاربن کوچہ میں کی گلشن بولیں 
LOG (lattice-best-path[5.5.907~1-cbed4]:main():lattice-best-path.cc:99) For utterance 20030005_609, best cost 157.268 + 5298.64 = 5455.91 over 1464 frames.
20030005_609 گلیشئیر معاندانہ دلنشیں میں کے ساتھ توڑیں بیداری اور فیصلوں کے شوربہ توصیف یاب کیا 
LOG (lattice-best-path[5.5.907~1-cbed4]:main():lattice-best-path.cc:99) For utterance 20030005_610, best cost 138.196 + 4642.02 = 4780.22 over 1188 frames.
20030005_610 مواصلات پیدائش کر کا کینیڈین کھلنڈرا نیشن کی طرح سے رپورتاژ خاص ہیں 
LOG (lattice-best-path[5.5.907~1-cbed4]:main():lattice-best-path.cc:99) For utterance 20030005_611, best cost 137.149 + 5116.54 = 5253.68 over 1425 frames.
20030005_611 حسینی باب فورس کرنے سیدھے ڈبوئیں برابر کی گونگے کے ساتھ چلیں 
LOG (lattice-best-path[5.5.907~1-cbed4]:main():lattice-best-path.cc:99) For utterance 20030005_612, best cost 128.952 + 4696.98 = 4825.93 over 1246 frames.
20030005_612 تبدیلیاں کی افزائش سیراب معالجہ شفاعت بھوجپوری کی رنجیدہ خوان ہیں 
LOG (lattice-best-path[5.5.907~1-cbed4]:main():lattice-best-path.cc:99) For utterance 20030005_613, best cost 109.436 + 3180.82 = 3290.26 over 836 frames.
20030005_613 پر تجارت بزدل اور چہل بورڈ شیلڈیں گلدستہ کیا ہیں 
LOG (lattice-best-path[5.5.907~1-cbed4]:main():lattice-best-path.cc:99) For utterance 20030005_614, best cost 102.862 + 3470.49 = 3573.35 over 932 frames.
20030005_614 بروز ٹیکنیشنز کے گاؤں کے ساتھ سزا کے بغیر زندگی کیا 
LOG (lattice-best-path[5.5.907~1-cbed4]:main():lattice-best-path.cc:99) For utterance 20030005_615, best cost 147.178 + 6388.88 = 6536.06 over 1726 frames.
20030005_615 عرضداشت اضافے نیچی اور موئسچرائزنگ روزبروز پر ایلویٹ جکھرانی دلجوئی میں پڑا 
LOG (lattice-best-path[5.5.907~1-cbed4]:main():lattice-best-path.cc:99) For utterance 20030005_616, best cost 162.781 + 5785.21 = 5947.99 over 1496 frames.
20030005_616 تاجور اور اہلسنت اور پیشنگوئی سوچیے گزشتہ پر کیسی جاسوسی کی وفاؤں کا دلبرداشتہ کیا 
LOG (lattice-best-path[5.5.907~1-cbed4]:main():lattice-best-path.cc:99) For utterance 20030005_617, best cost 133.177 + 4359.02 = 4492.2 over 1182 frames.
20030005_617 کنیئرڈ کارپوریشن کے بیچوں میں کیوں نوآبادیاتی دیکھا کر فقدان سے لگا ہے 
LOG (lattice-best-path[5.5.907~1-cbed4]:main():lattice-best-path.cc:99) For utterance 20030005_618, best cost 142.724 + 4204.63 = 4347.35 over 1099 frames.
20030005_618 خان کے بدلے سے ہوشیاری کوچوں والے تک ہزارویں کیونکہ کا پرچیز کامیاب 
LOG (lattice-best-path[5.5.907~1-cbed4]:main():lattice-best-path.cc:99) For utterance 20030005_619, best cost 105.103 + 3151.2 = 3256.3 over 868 frames.
20030005_619 تزئین بشیر آباواجداد بیان بنیں کی چونگی دیگر ہیں 
LOG (lattice-best-path[5.5.907~1-cbed4]:main():lattice-best-path.cc:99) For utterance 20030005_620, best cost 156.02 + 6079.6 = 6235.62 over 1764 frames.
20030005_620 چینی ہندوؤں کے بولروں بوڑھوں پیشگوئیاں اور کلومیٹر اور زور شاخوں کی کامیاب کیں 
LOG (lattice-best-path[5.5.907~1-cbed4]:main():lattice-best-path.cc:99) For utterance 20030005_621, best cost 154.602 + 4959.87 = 5114.47 over 1336 frames.
20030005_621 مجلس حاشیے میں اور چین چیئرمین تہذیب منتظر اور جاری بازو میں میں پر کی 
LOG (lattice-best-path[5.5.907~1-cbed4]:main():lattice-best-path.cc:99) For utterance 20030005_622, best cost 139.37 + 5319.15 = 5458.52 over 1476 frames.
20030005_622 چونچلے کرنے میں باؤنڈری بیدار کے نشر مرضی بھیڑوں کرنے سے بدلیں 
LOG (lattice-best-path[5.5.907~1-cbed4]:main():lattice-best-path.cc:99) For utterance 20030005_623, best cost 118.858 + 4256.87 = 4375.73 over 1188 frames.
20030005_623 گارلینڈ ہینگر چھاؤں معاف آشوب موجب کا رہنماؤں بشاش کیا 
LOG (lattice-best-path[5.5.907~1-cbed4]:main():lattice-best-path.cc:99) For utterance 20030005_624, best cost 183.199 + 5298.63 = 5481.83 over 1412 frames.
20030005_624 گھسے نرخوں میں کولسری بورڈر فوج شوخ اور سنوارا صورت حدود کے کنونشن یہودی بدشگونی تھا 
LOG (lattice-best-path[5.5.907~1-cbed4]:main():lattice-best-path.cc:99) For utterance 20030005_625, best cost 124.876 + 4684.07 = 4808.94 over 1252 frames.
20030005_625 گرویدہ نذر کیا بیماری کوارڈینیٹر بیوروکریسی مربعے اور ایک فوبیا ہے 
LOG (lattice-best-path[5.5.907~1-cbed4]:main():lattice-best-path.cc:99) For utterance 20030005_626, best cost 97.0036 + 2921.34 = 3018.35 over 817 frames.
20030005_626 کلیرنگ بجیں بوئنگ تلمیحات بھون بقیہ شجاعت 
LOG (lattice-best-path[5.5.907~1-cbed4]:main():lattice-best-path.cc:99) For utterance 20030005_627, best cost 121.5 + 3963.2 = 4084.69 over 1073 frames.
20030005_627 سیرگاہ ارب کے ڈھنڈورا میں سے بوڑھوں کے کوسوں میں درخواست کیا 
LOG (lattice-best-path[5.5.907~1-cbed4]:main():lattice-best-path.cc:99) For utterance 20030005_628, best cost 117.989 + 4257.68 = 4375.67 over 1182 frames.
20030005_628 کوآرڈینیٹر ننانوے گہرے ٹریبیونل بے چنگیزی ہوشیاری وفود ہیں 
LOG (lattice-best-path[5.5.907~1-cbed4]:main():lattice-best-path.cc:99) For utterance 20030005_629, best cost 168.532 + 5460.24 = 5628.78 over 1476 frames.
20030005_629 شیڈ کے کے بش والوں کے کو خان کے لیفٹیننٹ تعوذ اور تنظیم منشیوں کاغذات کی کا ہیں 
LOG (lattice-best-path[5.5.907~1-cbed4]:main():lattice-best-path.cc:99) For utterance 20030005_630, best cost 147.411 + 5323.62 = 5471.03 over 1457 frames.
20030005_630 چوم ہزارویں بخشیں کے لشکر تھانیدار بلاسوچے وائرل چنگ سروں بیدار کیا 
LOG (lattice-best-path[5.5.907~1-cbed4]:main():lattice-best-path.cc:99) For utterance 20030005_631, best cost 193.316 + 6980.26 = 7173.57 over 1912 frames.
20030005_631 سیلرز چیز توہین باب بھینسیں دور فائربریگیڈ صوبوں ٹھوس بیچیں توسیع پیشکشیں بورڈر چائلڈ ہیں 
LOG (lattice-best-path[5.5.907~1-cbed4]:main():lattice-best-path.cc:99) For utterance 20030005_632, best cost 193.072 + 6272.06 = 6465.14 over 1758 frames.
20030005_632 قضیے تحصیلدار میں کاروبار کلچر چوروں اور یاب بوبی جواب پر کھجوریں اور دسویں چبھنے برابر ہیں 
LOG (lattice-best-path[5.5.907~1-cbed4]:main():lattice-best-path.cc:99) For utterance 20030005_633, best cost 165.363 + 6517.08 = 6682.45 over 1873 frames.
20030005_633 جنم کے بعد میں تجویز کے طیب کھینچیں اور پیشکشوں کی توضیحات سندھی چورنگی کلیجی ہیں 
LOG (lattice-best-path[5.5.907~1-cbed4]:main():lattice-best-path.cc:99) For utterance 20030005_634, best cost 91.3016 + 3591.15 = 3682.45 over 952 frames.
20030005_634 گلیشئیر جشن کتابچے یوروپیئن آتی مرتبہ ہیں 
LOG (lattice-best-path[5.5.907~1-cbed4]:main():lattice-best-path.cc:99) For utterance 20030005_635, best cost 140.573 + 4860.7 = 5001.27 over 1336 frames.
20030005_635 خاص فرینڈلی پوچھیں کیوں فولاد بعینہ اور لنگر فرمائیں سے بیزار ہیں 
LOG (lattice-best-path[5.5.907~1-cbed4]:main():lattice-best-path.cc:99) For utterance 20030005_636, best cost 121.549 + 4817.23 = 4938.78 over 1361 frames.
20030005_636 کو خشوع ندرت کی جوبلی بادشاہ مسز ہو جاتا کو گفتگو 
LOG (lattice-best-path[5.5.907~1-cbed4]:main():lattice-best-path.cc:99) For utterance 20030005_637, best cost 138.744 + 5231.47 = 5370.21 over 1457 frames.
20030005_637 خواتین میں کے ساتھ میں کی خوشگوار میواتی مجیب کی نرسیں مربعے حبیب 
LOG (lattice-best-path[5.5.907~1-cbed4]:main():lattice-best-path.cc:99) For utterance 20030005_638, best cost 142.77 + 6434.76 = 6577.53 over 1828 frames.
20030005_638 پانچواں منیجر کی شعروادب میں سے میچور اور تھوڑی کوٹھڑی کے کا سے بچاؤ پوچھیں 
LOG (lattice-best-path[5.5.907~1-cbed4]:main():lattice-best-path.cc:99) For utterance 20030005_639, best cost 176.875 + 5437.96 = 5614.83 over 1432 frames.
20030005_639 خلیفہ کے دفتر کی بلکہ تبدیلی سے ترجیح زوردار سکیپ داؤدی زبردست سموسے بش سے ہیں 
LOG (lattice-best-path[5.5.907~1-cbed4]:main():lattice-best-path.cc:99) For utterance 20030005_640, best cost 150.582 + 4909.25 = 5059.83 over 1348 frames.
20030005_640 چوری گوبر کیا نیز کی سمیت اسلوب کے شماریات کا پنچولی بخود چاہتے 
LOG (lattice-best-path[5.5.907~1-cbed4]:main():lattice-best-path.cc:99) For utterance 20030005_641, best cost 114.555 + 4048.75 = 4163.3 over 1054 frames.
20030005_641 اور اور اریگیشن کوسوں کے بعد شناسی برساتا لاریب سے بے ہیں 
LOG (lattice-best-path[5.5.907~1-cbed4]:main():lattice-best-path.cc:99) For utterance 20030005_642, best cost 124.448 + 3946.09 = 4070.53 over 1041 frames.
20030005_642 ہجوں کشف کی میچ سکیپ اوباش ہنسیں نفوذ کے پوائنٹ کی 
LOG (lattice-best-path[5.5.907~1-cbed4]:main():lattice-best-path.cc:99) For utterance 20030005_643, best cost 141.697 + 4969.02 = 5110.72 over 1310 frames.
20030005_643 خالد سنگھاسن رہیں بلاخوف تجربہ سے بہائیں اور بویا سزائیں دیباچے ہیں 
LOG (lattice-best-path[5.5.907~1-cbed4]:main():lattice-best-path.cc:99) For utterance 20030005_644, best cost 150.417 + 5782.78 = 5933.2 over 1611 frames.
20030005_644 پنچھی حکومت شعروادب دوڑائیں اور بڑھاپے بشیر کیسی بغیر فن بردار کے ہیں 
LOG (lattice-best-path[5.5.907~1-cbed4]:main():lattice-best-path.cc:99) For utterance 20030005_645, best cost 115.203 + 3910.91 = 4026.11 over 1022 frames.
20030005_645 کینیڈین پرچیز منتظر کے صاحب بوجوہ مسخرے کی فشار ہیں 
LOG (lattice-best-path[5.5.907~1-cbed4]:main():lattice-best-path.cc:99) For utterance 20030005_646, best cost 130.269 + 4238.89 = 4369.16 over 1156 frames.
20030005_646 سوری ناخواندگی چوزے مورچے میں جمخانہ اور بڑھاپے میں بڑھائیں باندھیں ہیں 
LOG (lattice-best-path[5.5.907~1-cbed4]:main():lattice-best-path.cc:99) For utterance 20030005_647, best cost 98.7965 + 3712.86 = 3811.65 over 1067 frames.
20030005_647 بااثر میں کرنا زراعت بھول چور بوڑھوں کرتا ہے 
LOG (lattice-best-path[5.5.907~1-cbed4]:main():lattice-best-path.cc:99) For utterance 20030005_648, best cost 94.8597 + 3504.6 = 3599.46 over 990 frames.
20030005_648 پر میں دودھیا چاشنی کامیاب خودسر کیلئے پراٹھا 
LOG (lattice-best-path[5.5.907~1-cbed4]:main():lattice-best-path.cc:99) For utterance 20030005_649, best cost 98.7232 + 3742.64 = 3841.36 over 1041 frames.
20030005_649 تو گینگسٹر کے بحیرہ پونے کا فیڈر تلے ہیں 
LOG (lattice-best-path[5.5.907~1-cbed4]:main():lattice-best-path.cc:99) For utterance 20030005_650, best cost 134.396 + 4867.54 = 5001.94 over 1355 frames.
20030005_650 فوجیں بانگ کی سیر اور سنبھال کمینگی وزیرداخلہ کے رہائشی پر قضہ ہیں 
LOG (lattice-best-path[5.5.907~1-cbed4]:main():lattice-best-path.cc:99) For utterance 20030005_651, best cost 124.299 + 3930.84 = 4055.14 over 1131 frames.
20030005_651 پونے کی بیرونی کوچوں کی کو کی گھنٹے ہونے سے پہلے چونگی کیں 
LOG (lattice-best-path[5.5.907~1-cbed4]:main():lattice-best-path.cc:99) For utterance 20030005_652, best cost 139.189 + 5325.41 = 5464.59 over 1502 frames.
20030005_652 پر سرنجیں کا میں اور کیلئے پوائنٹ کیموتھراپی نیرنگ پور کے ضرورت پوچھیں 
LOG (lattice-best-path[5.5.907~1-cbed4]:main():lattice-best-path.cc:99) For utterance 20030005_653, best cost 119.439 + 4215.6 = 4335.04 over 1176 frames.
20030005_653 تجربہ رینجرز قاسم زبردست ضلعی بجلی برابر خضوع ہیں 
LOG (lattice-best-path[5.5.907~1-cbed4]:main():lattice-best-path.cc:99) For utterance 20030005_654, best cost 137.709 + 5093.01 = 5230.72 over 1361 frames.
20030005_654 کرکے پرتعیش کو سیلز کے گلیشئیر چیڑھ سیروسیاحت کی بحیثیت کینیڈین سبزیوں ہیں 
LOG (lattice-best-path[5.5.907~1-cbed4]:main():lattice-best-path.cc:99) For utterance 20030005_655, best cost 107.527 + 3663.03 = 3770.56 over 1022 frames.
20030005_655 کر اوباش کی بچائیں اور تبدیلی لیزر بچائیں تابش ہیں 
LOG (lattice-best-path[5.5.907~1-cbed4]:main():lattice-best-path.cc:99) For utterance 20030005_656, best cost 126.534 + 5901.43 = 6027.96 over 1668 frames.
20030005_656 دلسوزی پروسیسنگ بدمزگی ہینگر بچائیں اور شون بھونچال بدہضمی ہیں 
LOG (lattice-best-path[5.5.907~1-cbed4]:main():lattice-best-path.cc:99) For utterance 20030005_657, best cost 110.865 + 3945.47 = 4056.34 over 1099 frames.
20030005_657 کا محبوبہ سبب ذہنی کے تاثرات کی بااثر منفرد ہیں 
LOG (lattice-best-path[5.5.907~1-cbed4]:main():lattice-best-path.cc:99) For utterance 20030005_658, best cost 93.6559 + 3517.46 = 3611.12 over 1003 frames.
20030005_658 مندوبین کامیاب اٹھی سیلرز کے بعد سے گزارنے ہیں 
LOG (lattice-best-path[5.5.907~1-cbed4]:main():lattice-best-path.cc:99) For utterance 20030005_659, best cost 133.454 + 4707.47 = 4840.93 over 1291 frames.
20030005_659 کرتی خوگر بچائیں بھوجپوری کا تمغوں غوروخوض براوو میں بارش اور ہیں 
LOG (lattice-best-path[5.5.907~1-cbed4]:main():lattice-best-path.cc:99) For utterance 20030005_660, best cost 75.375 + 2825.35 = 2900.73 over 779 frames.
20030005_660 اور خان کے بغیر کیا ہزارویں بسا ہیں 
LOG (lattice-best-path[5.5.907~1-cbed4]:main():lattice-best-path.cc:99) For utterance 20030005_661, best cost 100.704 + 4353.92 = 4454.62 over 1252 frames.
20030005_661 تیزرفتار میں کیلئے بشمول کامیاب کا داغ مرتبہ ہیں 
LOG (lattice-best-path[5.5.907~1-cbed4]:main():lattice-best-path.cc:99) For utterance 20030005_662, best cost 112.937 + 3855.22 = 3968.16 over 1067 frames.
20030005_662 تخریب شرحوں کی پرچیاں چلیں درسگاہوں کی دلنشیں ڈیبیٹ ہیں 
LOG (lattice-best-path[5.5.907~1-cbed4]:main():lattice-best-path.cc:99) For utterance 20030005_663, best cost 117.523 + 4887.62 = 5005.15 over 1336 frames.
20030005_663 کی ڈوریں جرگہ چاہے گمشدہ برساتا کی بخوبی تنقیص ہوتی ہیں 
LOG (lattice-best-path[5.5.907~1-cbed4]:main():lattice-best-path.cc:99) For utterance 20030005_664, best cost 136.376 + 4941.53 = 5077.91 over 1316 frames.
20030005_664 خسارے براؤزر میں تناسب لیتا موضوعات کو پر سے گروں کے رپورٹ ہیں 
LOG (lattice-best-path[5.5.907~1-cbed4]:main():lattice-best-path.cc:99) For utterance 20030005_665, best cost 76.0977 + 2941.87 = 3017.97 over 779 frames.
20030005_665 فیضان ہزارویں ریسرچ ریورس خیرخواہ ہیں 
LOG (lattice-best-path[5.5.907~1-cbed4]:main():lattice-best-path.cc:99) For utterance 20030005_666, best cost 104.268 + 3869.64 = 3973.91 over 1073 frames.
20030005_666 بروز ایمبولینس اور بدچلنی باہر تساہل گیسیں بولے 
LOG (lattice-best-path[5.5.907~1-cbed4]:main():lattice-best-path.cc:99) For utterance 20030005_667, best cost 120.187 + 4597.78 = 4717.96 over 1323 frames.
20030005_667 کی بے کردار سے چنگیزی بھول سے کی مجیب گز سنگباری 
LOG (lattice-best-path[5.5.907~1-cbed4]:main():lattice-best-path.cc:99) For utterance 20030005_668, best cost 150.011 + 5480.48 = 5630.49 over 1489 frames.
20030005_668 سعودی ضروریات کے پر انگیخت گھنگریالے بچار کا تحصیلدار پگڑیاں کی سرنجیں لگا 
LOG (lattice-best-path[5.5.907~1-cbed4]:main():lattice-best-path.cc:99) For utterance 20030005_669, best cost 101.188 + 4043.99 = 4145.18 over 1112 frames.
20030005_669 غوروخوض اپنے منفعت بورڈ میں بلڈوزر کیلئے غیرضروری ہے 
LOG (lattice-best-path[5.5.907~1-cbed4]:main():lattice-best-path.cc:99) For utterance 20030005_670, best cost 95.8451 + 3731.77 = 3827.62 over 1035 frames.
20030005_670 قضیے خواہش راہگیر صاحب دوبارہ بھگوڑوں تعاقب 
LOG (lattice-best-path[5.5.907~1-cbed4]:main():lattice-best-path.cc:99) For utterance 20030005_671, best cost 140.51 + 5067.09 = 5207.6 over 1368 frames.
20030005_671 پچھتر ساری گاڑیاں میں کا شوکت ضرورت کے ضعف پنچولی میں کو پوشیدہ ہیں 
LOG (lattice-best-path[5.5.907~1-cbed4]:main():lattice-best-path.cc:99) For utterance 20030005_672, best cost 116.726 + 4445.56 = 4562.29 over 1163 frames.
20030005_672 پنجرے ایشوز جانے کو فقدان ادھیڑ تصورات پرسکون وزیرداخلہ ہیں 
LOG (lattice-best-path[5.5.907~1-cbed4]:main():lattice-best-path.cc:99) For utterance 20030005_673, best cost 100.276 + 3684.46 = 3784.73 over 1048 frames.
20030005_673 کلراٹھی کی بیچوں بالاخر میں دوجے غزلیات پڑھائی ہیں 
LOG (lattice-best-path[5.5.907~1-cbed4]:main():lattice-best-path.cc:99) For utterance 20030005_674, best cost 147.614 + 5590.23 = 5737.84 over 1604 frames.
20030005_674 دانشو کے پُلوں میں پر کا پر جانبدار درآمدات ٹیبلو کو سمجھائیں کی کوشش کی 
LOG (lattice-best-path[5.5.907~1-cbed4]:main():lattice-best-path.cc:99) For utterance 20030005_675, best cost 107.077 + 4604.84 = 4711.92 over 1297 frames.
20030005_675 تاجر بولیں کے لیے پر سوچے کو خوفوں قانونگو کرتا ہے 
LOG (lattice-best-path[5.5.907~1-cbed4]:main():lattice-best-path.cc:99) For utterance 20030005_676, best cost 128.542 + 4755.33 = 4883.88 over 1278 frames.
20030005_676 پرنیا اژدھا سے سرہندی جاوید جو آپ میں پنشنر گرفتار دیئے 
LOG (lattice-best-path[5.5.907~1-cbed4]:main():lattice-best-path.cc:99) For utterance 20030005_677, best cost 142.007 + 5128.29 = 5270.3 over 1380 frames.
20030005_677 انسانیت مجیب گنہگار بعدازاں اور شعوری گوگل کرائیں کی طرف سے پھلیاں ہیں 
LOG (lattice-best-path[5.5.907~1-cbed4]:main():lattice-best-path.cc:99) For utterance 20030005_678, best cost 196.745 + 7140.09 = 7336.84 over 2052 frames.
20030005_678 صرف بحثوں کو کلیدی فیض بڑھاوا زودحس واضح شیئرنگ میں کے پرہجوم بریفنگ سے مشعر کے بخشے کیں 
LOG (lattice-best-path[5.5.907~1-cbed4]:main():lattice-best-path.cc:99) For utterance 20030005_679, best cost 93.1274 + 3480.53 = 3573.66 over 958 frames.
20030005_679 خواری اور بیدار چلچلاتی کولسری سیسے نشیب 
LOG (lattice-best-path[5.5.907~1-cbed4]:main():lattice-best-path.cc:99) For utterance 20030005_680, best cost 139.829 + 4664.84 = 4804.67 over 1316 frames.
20030005_680 چوری کا چوڑیاں پہنے ہوے کلیرنگ کو لاریب پرفارمنس میں خواستگار جاتا ہے 
LOG (lattice-best-path[5.5.907~1-cbed4]:main():lattice-best-path.cc:99) For utterance 20030005_681, best cost 128.361 + 5748.66 = 5877.02 over 1611 frames.
20030005_681 تراشوں بیچیں شیمپو گیراج کر تنگدستی گوبر پیچیدہ پرچھائیاں ہیں 
LOG (lattice-best-path[5.5.907~1-cbed4]:main():lattice-best-path.cc:99) For utterance 20030005_682, best cost 150.713 + 6054.22 = 6204.94 over 1656 frames.
20030005_682 بجنوری بچھونا میں کی کی سلور کا نتیجے کا چچا چلغوزے کے گوجر پہنچ گیا 
LOG (lattice-best-path[5.5.907~1-cbed4]:main():lattice-best-path.cc:99) For utterance 20030005_683, best cost 114.037 + 4933.57 = 5047.6 over 1355 frames.
20030005_683 پر سموسے کی جبڑوں کر تقریباً نہیں بلدیاتی کے سنگباری 
LOG (lattice-best-path[5.5.907~1-cbed4]:main():lattice-best-path.cc:99) For utterance 20030005_684, best cost 114.68 + 4391.67 = 4506.35 over 1208 frames.
20030005_684 کاندھلوی جونیئر خوان ڈیزرٹ کے کیوں میں قومیائے زبردست کو 
LOG (lattice-best-path[5.5.907~1-cbed4]:main():lattice-best-path.cc:99) For utterance 20030005_685, best cost 98.679 + 3247.37 = 3346.05 over 881 frames.
20030005_685 کوچوں فروزاں کی ایڈونچر بخشے سے رقاصاؤں بخوبی 
LOG (lattice-best-path[5.5.907~1-cbed4]:main():lattice-best-path.cc:99) For utterance 20030005_686, best cost 125.217 + 4108.23 = 4233.45 over 1067 frames.
20030005_686 سوچنے بنیں سرخ کے بغیر فشار سے گھنگریالے مزیدار شروع شور 
LOG (lattice-best-path[5.5.907~1-cbed4]:main():lattice-best-path.cc:99) For utterance 20030005_687, best cost 172.427 + 6058.57 = 6231 over 1656 frames.
20030005_687 سوئس کے برسوں سے ڈھانچے گھلیں قبول قضا سے سے کی ہیڈکوارٹر کوچوں نواب جوجوبا ہے 
LOG (lattice-best-path[5.5.907~1-cbed4]:main():lattice-best-path.cc:99) For utterance 20030005_688, best cost 176.921 + 6414.59 = 6591.51 over 1796 frames.
20030005_688 کھلکھلا نیچا گردیزی دیباچہ پرسش یاب مزارعوں پرتعیش کی کیجیے میں بانگ کریں کالجوں 
LOG (lattice-best-path[5.5.907~1-cbed4]:main():lattice-best-path.cc:99) For utterance 20030005_689, best cost 140.317 + 5194.6 = 5334.92 over 1496 frames.
20030005_689 بھوجپوری باادب دستاویزات کیا گھناؤنے گردوغبار اور سوچوں فصلیں کلچر چار ہیں 
LOG (lattice-best-path[5.5.907~1-cbed4]:main():lattice-best-path.cc:99) For utterance 20030005_690, best cost 88.0116 + 3395.52 = 3483.54 over 881 frames.
20030005_690 چلچلاتی کرائیں کے شعلوں ونڈوز چوالیس جاتا ہے 
LOG (lattice-best-path[5.5.907~1-cbed4]:main():lattice-best-path.cc:99) For utterance 20030005_691, best cost 134.439 + 5284.26 = 5418.7 over 1368 frames.
20030005_691 کسی تجوریاں جلدازجلد روزہ اویئرنس چیسٹ اوصاف ستانویں غافل توصیف 
LOG (lattice-best-path[5.5.907~1-cbed4]:main():lattice-best-path.cc:99) For utterance 20030005_692, best cost 117.329 + 4788.65 = 4905.97 over 1220 frames.
20030005_692 خضوع مصالحہ کیفے سیلز گزارنے خفگی سے سیکھا کہف 
LOG (lattice-best-path[5.5.907~1-cbed4]:main():lattice-best-path.cc:99) For utterance 20030005_693, best cost 92.6888 + 3597.75 = 3690.44 over 939 frames.
20030005_693 حیرت کے جوئیہ سے کا کتابچہ تفنن نااہلیت 
LOG (lattice-best-path[5.5.907~1-cbed4]:main():lattice-best-path.cc:99) For utterance 20030005_694, best cost 123.442 + 4804.06 = 4927.5 over 1208 frames.
20030005_694 کراؤں تاثرات شفاعت خزانہ فورس کچہری حسینی جوجوبا بحث 
LOG (lattice-best-path[5.5.907~1-cbed4]:main():lattice-best-path.cc:99) For utterance 20030005_695, best cost 107.307 + 4304.73 = 4412.03 over 1105 frames.
20030005_695 فوری کی جانے چالیس اوکاڑوی تشویش دورانیے وجہ سے 
LOG (lattice-best-path[5.5.907~1-cbed4]:main():lattice-best-path.cc:99) For utterance 20030005_696, best cost 134.259 + 4461.37 = 4595.63 over 1131 frames.
20030005_696 تشخص اور سیلز کے سامنے سے ہوسٹس چوبیس مخصوص کے بنانے کیلئے فاجر کیا 
LOG (lattice-best-path[5.5.907~1-cbed4]:main():lattice-best-path.cc:99) For utterance 20030005_697, best cost 72.406 + 3107.22 = 3179.62 over 772 frames.
20030005_697 گوٹھوں سیاسی دستاویزات اڑائیں کا ہو گیا 
LOG (lattice-best-path[5.5.907~1-cbed4]:main():lattice-best-path.cc:99) For utterance 20030005_698, best cost 99.2994 + 4350.66 = 4449.96 over 1124 frames.
20030005_698 سپاہیوں خزانہ سٹوڈیوز اشخاص تنولی سزا خلاف 
LOG (lattice-best-path[5.5.907~1-cbed4]:main():lattice-best-path.cc:99) For utterance 20030005_699, best cost 118.595 + 5256.43 = 5375.02 over 1342 frames.
20030005_699 فجر کے مصروفیات کی شریفین سنوارا استفادے سے رسیدہ سوچوں 
LOG (lattice-best-path[5.5.907~1-cbed4]:main():lattice-best-path.cc:99) For utterance 20030005_700, best cost 137.552 + 5553.76 = 5691.31 over 1419 frames.
20030005_700 فروش اور فنگس کی تبدیلی فیس ماخذ نیسچن تنفس کھوسٹ خوف 
LOG (lattice-best-path[5.5.907~1-cbed4]:main():lattice-best-path.cc:99) For utterance 20030005_701, best cost 130.895 + 6569.64 = 6700.54 over 1681 frames.
20030005_701 فرسودہ محافظوں ہوزری تفاوت کی سے فوائد تفویض خودرو سیسموگراف 
LOG (lattice-best-path[5.5.907~1-cbed4]:main():lattice-best-path.cc:99) For utterance 20030005_702, best cost 113.465 + 4604.16 = 4717.62 over 1150 frames.
20030005_702 فیصلہ خوبصورت چلغوزے سہارے ضوفشاں زوردار ضعیف تشریف 
LOG (lattice-best-path[5.5.907~1-cbed4]:main():lattice-best-path.cc:99) For utterance 20030005_703, best cost 85.445 + 3711.84 = 3797.28 over 952 frames.
20030005_703 فلسفے تفتیشی کے بلاخوف کاروبار افزائش کرتا ہے 
LOG (lattice-best-path[5.5.907~1-cbed4]:main():lattice-best-path.cc:99) For utterance 20030005_704, best cost 126.914 + 5358.49 = 5485.4 over 1355 frames.
20030005_704 چوکھٹ انسولیشن فوقیت رساؤ کے فرسودہ کے رافعہ فاریسٹ کہف 
LOG (lattice-best-path[5.5.907~1-cbed4]:main():lattice-best-path.cc:99) For utterance 20030005_705, best cost 83.3799 + 3731.01 = 3814.39 over 958 frames.
20030005_705 دیباچہ ضیغم دستاویزات اخبارنویسوں سے تھریپیس 
LOG (lattice-best-path[5.5.907~1-cbed4]:main():lattice-best-path.cc:99) For utterance 20030005_706, best cost 90.5268 + 4296.81 = 4387.34 over 1086 frames.
20030005_706 سکورز حفیظ وظیفہ کے ساتھ کی زیرغور آفس 
LOG (lattice-best-path[5.5.907~1-cbed4]:main():lattice-best-path.cc:99) For utterance 20030005_707, best cost 101.333 + 3496.59 = 3597.92 over 888 frames.
20030005_707 تنازعے تو فلالین تو پانے ٹریجڈی بناؤں بحث 
LOG (lattice-best-path[5.5.907~1-cbed4]:main():lattice-best-path.cc:99) For utterance 20030005_708, best cost 115.248 + 3953.93 = 4069.18 over 1009 frames.
20030005_708 چمچے جیسے گیسو مینوفیکچرز شستہ زندگی کا اور شخص کہف 
LOG (lattice-best-path[5.5.907~1-cbed4]:main():lattice-best-path.cc:99) For utterance 20030010_601, best cost 121.202 + 3965.12 = 4086.32 over 985 frames.
20030010_601 گاجر کلونجی ڈائیلوشن جیلانی پولیو خودسر قبول کے تعاقب ہو گئی 
LOG (lattice-best-path[5.5.907~1-cbed4]:main():lattice-best-path.cc:99) For utterance 20030010_602, best cost 158.609 + 4841.1 = 4999.71 over 1203 frames.
20030010_602 رہائشی کرنے زوجیت بطخوں بھورے ادائیگیوں بخشے لچک لاہوری شنید ششدر ساز ہے 
LOG (lattice-best-path[5.5.907~1-cbed4]:main():lattice-best-path.cc:99) For utterance 20030010_603, best cost 99.5037 + 3401.18 = 3500.68 over 833 frames.
20030010_603 شمشاد ٹرانزسٹر نافذالعمل کو کارکردگی سوگوار پنجابی کیا 
LOG (lattice-best-path[5.5.907~1-cbed4]:main():lattice-best-path.cc:99) For utterance 20030010_604, best cost 109.464 + 3532.89 = 3642.35 over 856 frames.
20030010_604 چلچلاتی بائیولوجیکل برطرفی چوائس کو سچائی کیسی لہولہان ہیں 
LOG (lattice-best-path[5.5.907~1-cbed4]:main():lattice-best-path.cc:99) For utterance 20030010_605, best cost 66.6652 + 2064.24 = 2130.9 over 513 frames.
20030010_605 سوزش اور ایجوکیشن ایڈووکیٹ سردخانے ہے 
LOG (lattice-best-path[5.5.907~1-cbed4]:main():lattice-best-path.cc:99) For utterance 20030010_606, best cost 80.5827 + 2449.41 = 2529.99 over 608 frames.
20030010_606 وزیرداخلہ وقعت سے چھلکا خاصی پریذیڈنٹ ہیں 
LOG (lattice-best-path[5.5.907~1-cbed4]:main():lattice-best-path.cc:99) For utterance 20030010_607, best cost 53.4534 + 1659.01 = 1712.47 over 420 frames.
20030010_607 پر سیاسی ترجمانی منیجر ہے 
LOG (lattice-best-path[5.5.907~1-cbed4]:main():lattice-best-path.cc:99) For utterance 20030010_608, best cost 81.9172 + 2334.36 = 2416.28 over 582 frames.
20030010_608 کو کیونکہ کو خوشخبری سمجھانے جدوجہد ہو گی 
LOG (lattice-best-path[5.5.907~1-cbed4]:main():lattice-best-path.cc:99) For utterance 20030010_609, best cost 96.9925 + 2931.31 = 3028.3 over 736 frames.
20030010_609 فیشن مطالبہ نشست اور ہدایت جھونکے جغرافیائی کیا 
LOG (lattice-best-path[5.5.907~1-cbed4]:main():lattice-best-path.cc:99) For utterance 20030010_610, best cost 91.1563 + 3086.37 = 3177.52 over 803 frames.
20030010_610 خواص ایشیائی کامیاب ڈیجیٹل سے بجٹ ایسا ہے 
LOG (lattice-best-path[5.5.907~1-cbed4]:main():lattice-best-path.cc:99) For utterance 20030010_611, best cost 99.137 + 3445.72 = 3544.85 over 868 frames.
20030010_611 حسینی بینگن حسینی زیرغور ہچکچاہٹ کی کوشش حاشیے 
LOG (lattice-best-path[5.5.907~1-cbed4]:main():lattice-best-path.cc:99) For utterance 20030010_612, best cost 112.349 + 3528.2 = 3640.55 over 921 frames.
20030010_612 تبدیلی ورزش سیلرز آباواجداد شاخ گردوغبار کی انکشاف ہوا ہیں 
LOG (lattice-best-path[5.5.907~1-cbed4]:main():lattice-best-path.cc:99) For utterance 20030010_613, best cost 61.1299 + 1864.2 = 1925.33 over 452 frames.
20030010_613 کر اولاد زوجیت مشیت رہا 
LOG (lattice-best-path[5.5.907~1-cbed4]:main():lattice-best-path.cc:99) For utterance 20030010_614, best cost 93.658 + 2313.82 = 2407.48 over 578 frames.
20030010_614 وقوف فیشن کلیرنگ کے ساتھ سمجھیں بغیر سمجھدار کیا 
LOG (lattice-best-path[5.5.907~1-cbed4]:main():lattice-best-path.cc:99) For utterance 20030010_615, best cost 114.54 + 3862.13 = 3976.67 over 960 frames.
20030010_615 کر آتشزدگی چمچ ریزروز کاندھلوی جونیئر دھاندلی کی کھجوریں اور ہے 
LOG (lattice-best-path[5.5.907~1-cbed4]:main():lattice-best-path.cc:99) For utterance 20030010_616, best cost 141.197 + 3886.4 = 4027.6 over 989 frames.
20030010_616 پہنچتے گولڑوی سلسلے شگفتہ گزشتہ کیسی بدظن تفہیم اور فرخندہ کا کیا 
LOG (lattice-best-path[5.5.907~1-cbed4]:main():lattice-best-path.cc:99) For utterance 20030010_617, best cost 70.06 + 2679.57 = 2749.63 over 669 frames.
20030010_617 تمسخر سے بچنے ڈیویلپر پچاسویں لگا 
LOG (lattice-best-path[5.5.907~1-cbed4]:main():lattice-best-path.cc:99) For utterance 20030010_618, best cost 97.9624 + 3285.82 = 3383.78 over 824 frames.
20030010_618 تھانیدار سمجھا سمجھانے خسارے جانبدار استفسار کیا ہیں 
LOG (lattice-best-path[5.5.907~1-cbed4]:main():lattice-best-path.cc:99) For utterance 20030010_619, best cost 73.3776 + 1988.04 = 2061.41 over 519 frames.
20030010_619 گھسیٹ اشجار مدعیان پنجابی نتیجے ہیں 
LOG (lattice-best-path[5.5.907~1-cbed4]:main():lattice-best-path.cc:99) For utterance 20030010_620, best cost 117.359 + 3365 = 3482.36 over 820 frames.
20030010_620 چھیلنے تکلم ضروریات کیوں گوبر حوض گوشوں کیا لیچی 
LOG (lattice-best-path[5.5.907~1-cbed4]:main():lattice-best-path.cc:99) For utterance 20030010_621, best cost 128.35 + 4137.95 = 4266.3 over 1024 frames.
20030010_621 میں مجوزہ تشبیہ منتظر چین گہماگہمی بھیجے دوردراز اور چھیاسیویں کے کی 
LOG (lattice-best-path[5.5.907~1-cbed4]:main():lattice-best-path.cc:99) For utterance 20030010_622, best cost 100.626 + 3243.81 = 3344.44 over 764 frames.
20030010_622 کو چیئرمین اندھیرے کے تجربہ رسیدہ کے پالیسی جاگزیں 
LOG (lattice-best-path[5.5.907~1-cbed4]:main():lattice-best-path.cc:99) For utterance 20030010_623, best cost 84.9482 + 2622.61 = 2707.55 over 664 frames.
20030010_623 بیچلر کر دارلخلافہ سوئس تھانیدار نشاندہی کیا 
LOG (lattice-best-path[5.5.907~1-cbed4]:main():lattice-best-path.cc:99) For utterance 20030010_624, best cost 107.189 + 3092.99 = 3200.18 over 790 frames.
20030010_624 گھس تسلسل سے درخواست اوصاف مجھے پیشگوئیاں میں مشروبات 
LOG (lattice-best-path[5.5.907~1-cbed4]:main():lattice-best-path.cc:99) For utterance 20030010_625, best cost 84.7625 + 2643.32 = 2728.08 over 665 frames.
20030010_625 کی درستگی چلچلاتی گدے گردیزی کچوکے ہو گیا 
LOG (lattice-best-path[5.5.907~1-cbed4]:main():lattice-best-path.cc:99) For utterance 20030010_626, best cost 63.6979 + 1819.47 = 1883.17 over 465 frames.
20030010_626 پرخچے گٹھلیاں دودھ شیرخوار سمجھا 
LOG (lattice-best-path[5.5.907~1-cbed4]:main():lattice-best-path.cc:99) For utterance 20030010_627, best cost 89.063 + 2762.24 = 2851.3 over 712 frames.
20030010_627 تھیٹر والدین انگوٹھے ہرادھنیا سیسموگراف اومیگا گیا 
LOG (lattice-best-path[5.5.907~1-cbed4]:main():lattice-best-path.cc:99) For utterance 20030010_628, best cost 79.8217 + 2697.79 = 2777.61 over 709 frames.
20030010_628 گجراتی بنانے کیلئے سے چلنے خودکشیوں اور کی 
LOG (lattice-best-path[5.5.907~1-cbed4]:main():lattice-best-path.cc:99) For utterance 20030010_629, best cost 120.502 + 3414.16 = 3534.67 over 876 frames.
20030010_629 شیرے کے گوشوں آسیہ فراخدلی فیڈر صوفی بیوپار حصص ٹیچر 
LOG (lattice-best-path[5.5.907~1-cbed4]:main():lattice-best-path.cc:99) For utterance 20030010_630, best cost 78.0491 + 2668.45 = 2746.5 over 668 frames.
20030010_630 قزلباش اشارہ پریشاں لٹریچر جہانگیر کیا 
LOG (lattice-best-path[5.5.907~1-cbed4]:main():lattice-best-path.cc:99) For utterance 20030010_631, best cost 132.675 + 3868.93 = 4001.61 over 964 frames.
20030010_631 سیاسی اور بات کے دیکھنے اور کے خیرخواہ سے چلغوزے سے موقر چائلڈ ہے 
LOG (lattice-best-path[5.5.907~1-cbed4]:main():lattice-best-path.cc:99) For utterance 20030010_632, best cost 116.513 + 4974.28 = 5090.8 over 1219 frames.
20030010_632 زیادہ لادینیت کی ورچوئل بھجوا کر سوسائٹی چھوڑیں بغیر دیکھیں 
LOG (lattice-best-path[5.5.907~1-cbed4]:main():lattice-best-path.cc:99) For utterance 20030010_633, best cost 128.445 + 3962.02 = 4090.47 over 1056 frames.
20030010_633 دلفریب بنانے کیلئے کی کی کے اور غذاؤں کی قوس سے سوئنگ کے نیچے 
LOG (lattice-best-path[5.5.907~1-cbed4]:main():lattice-best-path.cc:99) For utterance 20030010_634, best cost 81.2752 + 2760.43 = 2841.7 over 708 frames.
20030010_634 خویش رنجش استفادے ضروریات زیادہ کے کرتے ہیں 
LOG (lattice-best-path[5.5.907~1-cbed4]:main():lattice-best-path.cc:99) For utterance 20030010_635, best cost 91.9751 + 2817.24 = 2909.21 over 722 frames.
20030010_635 حاصل کو جیلانی اور میں بیچے پارلیمنٹرین سے سکتیں 
LOG (lattice-best-path[5.5.907~1-cbed4]:main():lattice-best-path.cc:99) For utterance 20030010_636, best cost 85.5854 + 2609.82 = 2695.41 over 677 frames.
20030010_636 پروفیشنل چندھیا چمڑے سے سوچا تو تفاوت 
LOG (lattice-best-path[5.5.907~1-cbed4]:main():lattice-best-path.cc:99) For utterance 20030010_637, best cost 76.1442 + 2734.99 = 2811.13 over 703 frames.
20030010_637 کتابچہ بروکلی نمو کیجیے سے کرتے ہوئے 
LOG (lattice-best-path[5.5.907~1-cbed4]:main():lattice-best-path.cc:99) For utterance 20030010_638, best cost 126.731 + 4539.98 = 4666.71 over 1134 frames.
20030010_638 پر پہنچتے شیروانی پورے سوئچ اور اور کی اور کھچی کلاسز بچیں 
LOG (lattice-best-path[5.5.907~1-cbed4]:main():lattice-best-path.cc:99) For utterance 20030010_639, best cost 111.052 + 3906.04 = 4017.09 over 1011 frames.
20030010_639 کے کے برطرفی کے کے سے تشخیص ٹیکنالوجیز اور پراسسنگ دوست ہیں 
LOG (lattice-best-path[5.5.907~1-cbed4]:main():lattice-best-path.cc:99) For utterance 20030010_640, best cost 118.645 + 3161.95 = 3280.59 over 822 frames.
20030010_640 تاخیر اور جیلانی ضخیم دیسی کونسل کی شعاع بخوبی ہو جاتا ہے 
LOG (lattice-best-path[5.5.907~1-cbed4]:main():lattice-best-path.cc:99) For utterance 20030010_641, best cost 72.9265 + 2800.99 = 2873.91 over 712 frames.
20030010_641 کوارڈینیٹر شمولیت خواہش بازیچہ گردیزی 
LOG (lattice-best-path[5.5.907~1-cbed4]:main():lattice-best-path.cc:99) For utterance 20030010_642, best cost 73.4875 + 2454.82 = 2528.31 over 638 frames.
20030010_642 حفاظت ترمذی کے تشخص کی اور ہو گی 
LOG (lattice-best-path[5.5.907~1-cbed4]:main():lattice-best-path.cc:99) For utterance 20030010_643, best cost 89.6974 + 2542.88 = 2632.58 over 664 frames.
20030010_643 دستاویزات کبڈی مخرج سنایا بویا زندگی نہیں 
LOG (lattice-best-path[5.5.907~1-cbed4]:main():lattice-best-path.cc:99) For utterance 20030010_644, best cost 110.625 + 3450.59 = 3561.21 over 908 frames.
20030010_644 تشہیر چیئرمین بھوجپوری نوزائیدہ کھچڑی کیسی پر سے پر بات کی 
LOG (lattice-best-path[5.5.907~1-cbed4]:main():lattice-best-path.cc:99) For utterance 20030010_645, best cost 107.478 + 2957.23 = 3064.71 over 768 frames.
20030010_645 ٹیچر سیلزمین کچوکے صاحب طنزومزاح کتابیں کی خواہش سکتیں 
LOG (lattice-best-path[5.5.907~1-cbed4]:main():lattice-best-path.cc:99) For utterance 20030010_646, best cost 85.8389 + 2784 = 2869.84 over 734 frames.
20030010_646 چھاؤنیاں غزلیات سدباب کیا میں جانبدار گھنیری 
LOG (lattice-best-path[5.5.907~1-cbed4]:main():lattice-best-path.cc:99) For utterance 20030010_647, best cost 68.8376 + 1982.34 = 2051.17 over 517 frames.
20030010_647 حاصل تنازعے بلبل کو گردوغبار کریں 
LOG (lattice-best-path[5.5.907~1-cbed4]:main():lattice-best-path.cc:99) For utterance 20030010_648, best cost 68.4871 + 2232.17 = 2300.66 over 573 frames.
20030010_648 فعلن پچاس بالاخر چیریٹی رہا تھا 
LOG (lattice-best-path[5.5.907~1-cbed4]:main():lattice-best-path.cc:99) For utterance 20030010_649, best cost 57.1577 + 1907.12 = 1964.27 over 478 frames.
20030010_649 اور ایگزیکٹو علاقوں کرنے لگا ہے 
LOG (lattice-best-path[5.5.907~1-cbed4]:main():lattice-best-path.cc:99) For utterance 20030010_650, best cost 111.319 + 3374.39 = 3485.71 over 870 frames.
20030010_650 تجزیے گردیزی بآسانی یا کی کے رفیق دعائیہ کیلئے سکتا ہے 
LOG (lattice-best-path[5.5.907~1-cbed4]:main():lattice-best-path.cc:99) For utterance 20030010_651, best cost 88.4867 + 2647.03 = 2735.51 over 699 frames.
20030010_651 اور ایمرجنسی قدرتی تدابیر بھونڈی سے کیسوں کی کی 
LOG (lattice-best-path[5.5.907~1-cbed4]:main():lattice-best-path.cc:99) For utterance 20030010_652, best cost 94.1899 + 2918.21 = 3012.4 over 777 frames.
20030010_652 پیتھالوجی قادیانی ترجمانی میں کا بوگس کبوتر پوچھیں 
LOG (lattice-best-path[5.5.907~1-cbed4]:main():lattice-best-path.cc:99) For utterance 20030010_653, best cost 73.2796 + 2433.6 = 2506.88 over 638 frames.
20030010_653 پرفارمنس آکسیجن گردیزی چھہتر قصوروار 
LOG (lattice-best-path[5.5.907~1-cbed4]:main():lattice-best-path.cc:99) For utterance 20030010_654, best cost 91.7719 + 3173.4 = 3265.17 over 838 frames.
20030010_654 کنیئرڈ اشخاص کی اشفاق چنیوٹی سے سموسے میسر ہے 
LOG (lattice-best-path[5.5.907~1-cbed4]:main():lattice-best-path.cc:99) For utterance 20030010_655, best cost 62.7898 + 1769.85 = 1832.64 over 465 frames.
20030010_655 تلاش کی شمولیت بجھائی پیش ہے 
LOG (lattice-best-path[5.5.907~1-cbed4]:main():lattice-best-path.cc:99) For utterance 20030010_656, best cost 94.2308 + 3455.75 = 3549.98 over 918 frames.
20030010_656 بیضے ترمذی ہندوستانی ہوزری مچانے بھی کس کریں 
LOG (lattice-best-path[5.5.907~1-cbed4]:main():lattice-best-path.cc:99) For utterance 20030010_657, best cost 49.0184 + 2156.71 = 2205.73 over 540 frames.
20030010_657 کاروبار طرزفکر ڈیزرٹ ہیں 
LOG (lattice-best-path[5.5.907~1-cbed4]:main():lattice-best-path.cc:99) For utterance 20030010_658, best cost 58.3244 + 2226.82 = 2285.14 over 591 frames.
20030010_658 اُٹھانے جلوس کے بعد سزا ہے 
LOG (lattice-best-path[5.5.907~1-cbed4]:main():lattice-best-path.cc:99) For utterance 20030010_659, best cost 104.638 + 2974.2 = 3078.84 over 779 frames.
20030010_659 دیکھو فلیچر کوئی بطخوں اور خوفزدہ بوریت کے سوویں 
LOG (lattice-best-path[5.5.907~1-cbed4]:main():lattice-best-path.cc:99) For utterance 20030010_660, best cost 39.656 + 1881.75 = 1921.41 over 482 frames.
20030010_660 اور واجب دستاویزات 
LOG (lattice-best-path[5.5.907~1-cbed4]:main():lattice-best-path.cc:99) For utterance 20030010_661, best cost 53.4801 + 2271.88 = 2325.36 over 578 frames.
20030010_661 پریشان برقرار پر بنائیں 
LOG (lattice-best-path[5.5.907~1-cbed4]:main():lattice-best-path.cc:99) For utterance 20030010_662, best cost 59.2619 + 2249.43 = 2308.69 over 575 frames.
20030010_662 تجوریاں کالجز ایڈووکیٹ چھیلنے 
LOG (lattice-best-path[5.5.907~1-cbed4]:main():lattice-best-path.cc:99) For utterance 20030010_663, best cost 79.1733 + 2617.18 = 2696.35 over 656 frames.
20030010_663 فلیچر جگہوں جعلسازی کلیجی تجویز اور ہے 
LOG (lattice-best-path[5.5.907~1-cbed4]:main():lattice-best-path.cc:99) For utterance 20030010_664, best cost 89.6607 + 3145.51 = 3235.17 over 790 frames.
20030010_664 پراسیس ڈیزرٹ تنزلی بزرگوار پیچیدگیوں نیگیٹو ہے 
LOG (lattice-best-path[5.5.907~1-cbed4]:main():lattice-best-path.cc:99) For utterance 20030010_665, best cost 63.5951 + 2221.62 = 2285.22 over 569 frames.
20030010_665 فیض دستاویزی رشید اور ازسرنو 
LOG (lattice-best-path[5.5.907~1-cbed4]:main():lattice-best-path.cc:99) For utterance 20030010_666, best cost 58.5359 + 2022.33 = 2080.87 over 505 frames.
20030010_666 کو سویٹر صداقت سفیدے گے 
LOG (lattice-best-path[5.5.907~1-cbed4]:main():lattice-best-path.cc:99) For utterance 20030010_667, best cost 77.3978 + 2743.95 = 2821.34 over 731 frames.
20030010_667 کے کے ٹیکسیشن چلغوزے چنیوٹی بوسن ہوئے 
LOG (lattice-best-path[5.5.907~1-cbed4]:main():lattice-best-path.cc:99) For utterance 20030010_668, best cost 84.8557 + 2872.35 = 2957.2 over 739 frames.
20030010_668 ساجد عہدیداروں مینجمنٹ پرچھائیاں حصے جانبدار 
LOG (lattice-best-path[5.5.907~1-cbed4]:main():lattice-best-path.cc:99) For utterance 20030010_669, best cost 65.401 + 2209.39 = 2274.79 over 557 frames.
20030010_669 اور خریدوفروخت میوزک کی غیرضروری کیا 
LOG (lattice-best-path[5.5.907~1-cbed4]:main():lattice-best-path.cc:99) For utterance 20030010_670, best cost 62.4326 + 2597.42 = 2659.85 over 653 frames.
20030010_670 پرائیوٹائزیشن ایک ضرورت اور کے کرو 
LOG (lattice-best-path[5.5.907~1-cbed4]:main():lattice-best-path.cc:99) For utterance 20030010_671, best cost 118.983 + 2831.29 = 2950.27 over 712 frames.
20030010_671 خوشی سے سوسائٹی بولنے کا اثرورسوخ پرسکون چوری میں گوشے جاؤ 
LOG (lattice-best-path[5.5.907~1-cbed4]:main():lattice-best-path.cc:99) For utterance 20030010_672, best cost 91.5756 + 2363.79 = 2455.37 over 626 frames.
20030010_672 کی کمیشن جنگوں فقدان بااثر ٹوفل برسراقتدار ہے 
LOG (lattice-best-path[5.5.907~1-cbed4]:main():lattice-best-path.cc:99) For utterance 20030010_673, best cost 65.1963 + 2329.25 = 2394.44 over 621 frames.
20030010_673 پڑھائی ساتویں جو سنگھاسن کے پر ہے 
LOG (lattice-best-path[5.5.907~1-cbed4]:main():lattice-best-path.cc:99) For utterance 20030010_674, best cost 79.1749 + 2979.49 = 3058.66 over 777 frames.
20030010_674 تصورات پرچم کاروبار کی حسینی کی کوشش کریں 
LOG (lattice-best-path[5.5.907~1-cbed4]:main():lattice-best-path.cc:99) For utterance 20030010_675, best cost 86.8307 + 2607.33 = 2694.16 over 686 frames.
20030010_675 تاجروں کی کیلئے بلاسوچے کرتا ہوتا گاؤ ہیں 
LOG (lattice-best-path[5.5.907~1-cbed4]:main():lattice-best-path.cc:99) For utterance 20030010_676, best cost 86.0833 + 2277.96 = 2364.04 over 587 frames.
20030010_676 کی ایشز چیچن کیچڑ روزانہ بچھڑ پر کی 
LOG (lattice-best-path[5.5.907~1-cbed4]:main():lattice-best-path.cc:99) For utterance 20030010_677, best cost 106.585 + 2976.93 = 3083.51 over 788 frames.
20030010_677 انسانیت کی مفید وومن بعدازاں مذہبی دورانیے بخدمت کیا 
LOG (lattice-best-path[5.5.907~1-cbed4]:main():lattice-best-path.cc:99) For utterance 20030010_678, best cost 136.991 + 4539.22 = 4676.22 over 1203 frames.
20030010_678 سروس اور کے کے پاس خوارزمی کے کھائیں کچیلے جیسے مشعر کے شیڈ کریں 
LOG (lattice-best-path[5.5.907~1-cbed4]:main():lattice-best-path.cc:99) For utterance 20030010_679, best cost 57.6675 + 1594.24 = 1651.91 over 411 frames.
20030010_679 قومیائے تحصیلدار ایگزیکٹو زچگی 
LOG (lattice-best-path[5.5.907~1-cbed4]:main():lattice-best-path.cc:99) For utterance 20030010_680, best cost 94.0611 + 2548.06 = 2642.13 over 662 frames.
20030010_680 تیسر کنگڈم اور بلاخوف پرفارمنس میں فراواں جاتا ہے 
LOG (lattice-best-path[5.5.907~1-cbed4]:main():lattice-best-path.cc:99) For utterance 20030010_681, best cost 98.0457 + 2873.7 = 2971.74 over 755 frames.
20030010_681 تشنج ایشو اور تنزلی گوبر بچھے گا تاثرات 
LOG (lattice-best-path[5.5.907~1-cbed4]:main():lattice-best-path.cc:99) For utterance 20030010_682, best cost 85.9817 + 2995.43 = 3081.41 over 794 frames.
20030010_682 کی گجراتی متوجہ پراچہ فردوس کے چنانچہ 
LOG (lattice-best-path[5.5.907~1-cbed4]:main():lattice-best-path.cc:99) For utterance 20030010_683, best cost 87.0784 + 2537.8 = 2624.88 over 669 frames.
20030010_683 بیساکھی چودہ کھینچیں پر کی کے کی سے میں کریں 
LOG (lattice-best-path[5.5.907~1-cbed4]:main():lattice-best-path.cc:99) For utterance 20030010_684, best cost 72.9546 + 2458.62 = 2531.58 over 673 frames.
20030010_684 ٹیلیفون فاریسٹ استفہامیہ کی طرح تعاقب 
LOG (lattice-best-path[5.5.907~1-cbed4]:main():lattice-best-path.cc:99) For utterance 20030010_685, best cost 64.3286 + 2004.25 = 2068.58 over 522 frames.
20030010_685 دستاویزی بچے نشست بازیاب رکھو 
LOG (lattice-best-path[5.5.907~1-cbed4]:main():lattice-best-path.cc:99) For utterance 20030010_686, best cost 81.8638 + 2578.34 = 2660.21 over 671 frames.
20030010_686 سفیدے ضخیم شلجم آرڈیننس خوشہ پوچھوں 
LOG (lattice-best-path[5.5.907~1-cbed4]:main():lattice-best-path.cc:99) For utterance 20030010_687, best cost 126.057 + 3460.29 = 3586.35 over 885 frames.
20030010_687 ساغر سنگل سوسائٹی کوارڈینیٹر کر درخواست سیکھا پر فوجوں وجود کریں 
LOG (lattice-best-path[5.5.907~1-cbed4]:main():lattice-best-path.cc:99) For utterance 20030010_688, best cost 127.329 + 4059.76 = 4187.09 over 1064 frames.
20030010_688 ہچکچاہٹ بچار سنچری انجام اور کی چیخیں خان کے پٹاخے باغیچہ ہیں 
LOG (lattice-best-path[5.5.907~1-cbed4]:main():lattice-best-path.cc:99) For utterance 20030010_689, best cost 92.4205 + 2472.65 = 2565.07 over 625 frames.
20030010_689 بھجن اجازت یزدانی اور بلاخوف وظیفہ چچا ہیں 
LOG (lattice-best-path[5.5.907~1-cbed4]:main():lattice-best-path.cc:99) For utterance 20030010_690, best cost 48.8267 + 1536.64 = 1585.47 over 384 frames.
20030010_690 کی تسلسل ترجمانی جاتا ہے 
LOG (lattice-best-path[5.5.907~1-cbed4]:main():lattice-best-path.cc:99) For utterance 20030010_691, best cost 95.1758 + 2691.93 = 2787.11 over 712 frames.
20030010_691 چیچک کیا فاجر دنیاوی سے بظاہر بینات میں پھنسے 
LOG (lattice-best-path[5.5.907~1-cbed4]:main():lattice-best-path.cc:99) For utterance 20030010_692, best cost 96.5327 + 2696.74 = 2793.27 over 703 frames.
20030010_692 برخلاف جائیداد میں سمجھانے سرکاری کبڈی خاطر بڑھاوں 
LOG (lattice-best-path[5.5.907~1-cbed4]:main():lattice-best-path.cc:99) For utterance 20030010_693, best cost 70.2379 + 1851.3 = 1921.54 over 493 frames.
20030010_693 پیکج سیاست آرتھوپیڈک اداکارائیں مدعو 
LOG (lattice-best-path[5.5.907~1-cbed4]:main():lattice-best-path.cc:99) For utterance 20030010_694, best cost 97.1943 + 3264.25 = 3361.44 over 853 frames.
20030010_694 کچھوا ششدر تساہل ایجنسیز تعاقب چنگل بنائیں 
LOG (lattice-best-path[5.5.907~1-cbed4]:main():lattice-best-path.cc:99) For utterance 20030010_695, best cost 76.1025 + 2258.26 = 2334.36 over 596 frames.
20030010_695 ہچکچاہٹ جانے موقعوں پر چیچک اخبارنویسوں 
LOG (lattice-best-path[5.5.907~1-cbed4]:main():lattice-best-path.cc:99) For utterance 20030010_696, best cost 90.2349 + 2279.59 = 2369.83 over 612 frames.
20030010_696 تجربہ سے کے ریزروز کروموسوم کتابیں کتابچے استحقاق 
LOG (lattice-best-path[5.5.907~1-cbed4]:main():lattice-best-path.cc:99) For utterance 20030010_697, best cost 43.9179 + 1749.9 = 1793.82 over 465 frames.
20030010_697 برسراقتدار نظرثانی کراؤں گا 
LOG (lattice-best-path[5.5.907~1-cbed4]:main():lattice-best-path.cc:99) For utterance 20030010_698, best cost 80.0442 + 1717.71 = 1797.76 over 474 frames.
20030010_698 بعدازاں دبیز شگاف بروز تاجر زمینداروں 
LOG (lattice-best-path[5.5.907~1-cbed4]:main():lattice-best-path.cc:99) For utterance 20030010_699, best cost 88.6775 + 2228.76 = 2317.43 over 587 frames.
20030010_699 تجزیوں صفحہ کیچڑ میں دریچے ٹریبیونل جستجو 
LOG (lattice-best-path[5.5.907~1-cbed4]:main():lattice-best-path.cc:99) For utterance 20030010_700, best cost 82.5162 + 2192.28 = 2274.79 over 561 frames.
20030010_700 کو شاخوں کی وزیرداخلہ جھڑپ اور خصوصا کو 
LOG (lattice-best-path[5.5.907~1-cbed4]:main():lattice-best-path.cc:99) For utterance 20030010_701, best cost 110.81 + 2964.86 = 3075.67 over 808 frames.
20030010_701 سازوسامان وظیفہ مدد چیزیں تھیوا ہیں بازو بروز آیا 
LOG (lattice-best-path[5.5.907~1-cbed4]:main():lattice-best-path.cc:99) For utterance 20030010_702, best cost 98.4447 + 2293.03 = 2391.48 over 608 frames.
20030010_702 کیفے سقوط اچیومنٹ میں کرے خوشہ زوردار باشعور 
LOG (lattice-best-path[5.5.907~1-cbed4]:main():lattice-best-path.cc:99) For utterance 20030010_703, best cost 79.9812 + 2417.16 = 2497.14 over 647 frames.
20030010_703 کیا جیسے کلیدی کی کے گردوغبار ضرورت ہے 
LOG (lattice-best-path[5.5.907~1-cbed4]:main():lattice-best-path.cc:99) For utterance 20030010_704, best cost 88.8326 + 2906.44 = 2995.27 over 766 frames.
20030010_704 چاہیے سیسموگراف جھمکے انظباتی چراغاں پاس ہیں 
LOG (lattice-best-path[5.5.907~1-cbed4]:main():lattice-best-path.cc:99) For utterance 20030010_705, best cost 71.3991 + 2218.67 = 2290.07 over 578 frames.
20030010_705 باخبر انٹرفیس تجارت کا خصوصا کریں 
LOG (lattice-best-path[5.5.907~1-cbed4]:main():lattice-best-path.cc:99) For utterance 20030010_706, best cost 71.7806 + 2419.8 = 2491.58 over 627 frames.
20030010_706 پرچیز ڈیف استفادے بخدمت میں جاؤ 
LOG (lattice-best-path[5.5.907~1-cbed4]:main():lattice-best-path.cc:99) For utterance 20030010_707, best cost 51.2344 + 1699.73 = 1750.96 over 449 frames.
20030010_707 بازو پیتھالوجی معاملات کریں 
LOG (lattice-best-path[5.5.907~1-cbed4]:main():lattice-best-path.cc:99) For utterance 20030010_708, best cost 80.6324 + 2104.88 = 2185.51 over 548 frames.
20030010_708 چمچے نظر مجوزہ زندگی خاموش سمجھائیں 
LOG (lattice-best-path[5.5.907~1-cbed4]:main():lattice-best-path.cc:99) For utterance 20030013_601, best cost 97.5965 + 3582.38 = 3679.97 over 952 frames.
20030013_601 واقعتاً توصیف کے کالجوں میں کی پرائیویسی گروپ اور 
LOG (lattice-best-path[5.5.907~1-cbed4]:main():lattice-best-path.cc:99) For utterance 20030013_602, best cost 143.691 + 4581.07 = 4724.76 over 1201 frames.
20030013_602 تلور کوآرڈینیٹر اور کے پرخچے اڑانے کی اور خورشید پانچ زیرغور ٹریجڈی جلدازجلد 
LOG (lattice-best-path[5.5.907~1-cbed4]:main():lattice-best-path.cc:99) For utterance 20030013_603, best cost 112.484 + 3343.56 = 3456.04 over 875 frames.
20030013_603 چمچے منڈھے کی حاصل پہلوان دہلوی میں بےقصور تصور ہے 
LOG (lattice-best-path[5.5.907~1-cbed4]:main():lattice-best-path.cc:99) For utterance 20030013_604, best cost 92.1002 + 3472.62 = 3564.72 over 920 frames.
20030013_604 طغیانی داؤ کی بھربھری عقاب سبجیکٹ مظفر 
LOG (lattice-best-path[5.5.907~1-cbed4]:main():lattice-best-path.cc:99) For utterance 20030013_605, best cost 66.0534 + 2265.77 = 2331.83 over 606 frames.
20030013_605 سوزش اور چنگیزی شعروادب تخریب 
LOG (lattice-best-path[5.5.907~1-cbed4]:main():lattice-best-path.cc:99) For utterance 20030013_606, best cost 82.0368 + 2469.82 = 2551.85 over 638 frames.
20030013_606 نتیجے نامور سے زندگی تنفس کی بلبل 
LOG (lattice-best-path[5.5.907~1-cbed4]:main():lattice-best-path.cc:99) For utterance 20030013_607, best cost 57.7415 + 1698.11 = 1755.85 over 440 frames.
20030013_607 تسلسل فتحیاب آمدنی باندھیں 
LOG (lattice-best-path[5.5.907~1-cbed4]:main():lattice-best-path.cc:99) For utterance 20030013_608, best cost 84.2739 + 2928.31 = 3012.58 over 798 frames.
20030013_608 کھبے ماؤف ضوفشاں کاربن چغتائی دیوبند ہوئی 
LOG (lattice-best-path[5.5.907~1-cbed4]:main():lattice-best-path.cc:99) For utterance 20030013_609, best cost 75.4923 + 2528.29 = 2603.78 over 651 frames.
20030013_609 تصورات اکیسویں اخبارنویسوں گردوغبار فزیوتھراپسٹ 
LOG (lattice-best-path[5.5.907~1-cbed4]:main():lattice-best-path.cc:99) For utterance 20030013_610, best cost 105.164 + 2994.59 = 3099.75 over 792 frames.
20030013_610 خاصے سپاہیوں کی تمناؤں پچیں طرفین حریت ایسا ہیں 
LOG (lattice-best-path[5.5.907~1-cbed4]:main():lattice-best-path.cc:99) For utterance 20030013_611, best cost 60.3492 + 2168.87 = 2229.22 over 580 frames.
20030013_611 صفیں موقف میواتی مزاج ہے 
LOG (lattice-best-path[5.5.907~1-cbed4]:main():lattice-best-path.cc:99) For utterance 20030013_612, best cost 73.0326 + 3011.81 = 3084.84 over 804 frames.
20030013_612 تبدیلیاں سے سے کاروبار خواتین شاخوں 
LOG (lattice-best-path[5.5.907~1-cbed4]:main():lattice-best-path.cc:99) For utterance 20030013_613, best cost 41.8609 + 1560.95 = 1602.81 over 414 frames.
20030013_613 خانقاہوں ازدواجی رکھا 
LOG (lattice-best-path[5.5.907~1-cbed4]:main():lattice-best-path.cc:99) For utterance 20030013_614, best cost 69.7944 + 1965.84 = 2035.64 over 523 frames.
20030013_614 طفیل انفارمیشن کے خارجہ فرسودہ کیا 
LOG (lattice-best-path[5.5.907~1-cbed4]:main():lattice-best-path.cc:99) For utterance 20030013_615, best cost 127.008 + 3983.57 = 4110.57 over 1105 frames.
20030013_615 خلاف آسٹریلوی سسرال کو بلڈوزر کے میں جمخانہ سیکورٹی میں وغیرہ ہے 
LOG (lattice-best-path[5.5.907~1-cbed4]:main():lattice-best-path.cc:99) For utterance 20030013_616, best cost 115.353 + 3670.04 = 3785.39 over 977 frames.
20030013_616 تاجور گورنینس گھنگھور فروزاں سے چنگیزی اسمبلی واپڈا پیدا کیا 
LOG (lattice-best-path[5.5.907~1-cbed4]:main():lattice-best-path.cc:99) For utterance 20030013_617, best cost 63.1074 + 2365.84 = 2428.95 over 632 frames.
20030013_617 خمار پیچیدگیوں بالواسطہ دلبرداشتہ 
LOG (lattice-best-path[5.5.907~1-cbed4]:main():lattice-best-path.cc:99) For utterance 20030013_618, best cost 95.0183 + 2804.53 = 2899.55 over 734 frames.
20030013_618 خادم فلسفے ہاتھوں شماریات انفارمیشن مترادف کیا گیا 
LOG (lattice-best-path[5.5.907~1-cbed4]:main():lattice-best-path.cc:99) For utterance 20030013_619, best cost 52.3409 + 1654.32 = 1706.66 over 440 frames.
20030013_619 خریدے کیا بغیر نظریے 
LOG (lattice-best-path[5.5.907~1-cbed4]:main():lattice-best-path.cc:99) For utterance 20030013_620, best cost 91.2596 + 3329.56 = 3420.82 over 900 frames.
20030013_620 کی میں جلوسوں تبدیلیاں بیوپار بجھائی گیارہویں کی 
LOG (lattice-best-path[5.5.907~1-cbed4]:main():lattice-best-path.cc:99) For utterance 20030013_621, best cost 86.7048 + 2900.85 = 2987.55 over 779 frames.
20030013_621 گوجر ڈزاسٹر سفیدی گورنینس پچاسویں بیٹھی 
LOG (lattice-best-path[5.5.907~1-cbed4]:main():lattice-best-path.cc:99) For utterance 20030013_622, best cost 84.6895 + 2435.94 = 2520.63 over 657 frames.
20030013_622 گزیر میں برسراقتدار سمجھدار بیوپار میں سیونگ 
LOG (lattice-best-path[5.5.907~1-cbed4]:main():lattice-best-path.cc:99) For utterance 20030013_623, best cost 62.7965 + 2101.41 = 2164.2 over 574 frames.
20030013_623 کے بغیر بڑھاوا قصوروار سمجھا گیا 
LOG (lattice-best-path[5.5.907~1-cbed4]:main():lattice-best-path.cc:99) For utterance 20030013_624, best cost 101.848 + 3225.29 = 3327.14 over 811 frames.
20030013_624 فلسفے سوویں کی سرفراز اوصاف غدودوں ٹریجڈی وجوہات 
LOG (lattice-best-path[5.5.907~1-cbed4]:main():lattice-best-path.cc:99) For utterance 20030013_625, best cost 73.4364 + 2792.89 = 2866.32 over 696 frames.
20030013_625 ٹریژری جیلانی گدے طبیعت مالیخولیا 
LOG (lattice-best-path[5.5.907~1-cbed4]:main():lattice-best-path.cc:99) For utterance 20030013_626, best cost 45.0932 + 1653.81 = 1698.9 over 420 frames.
20030013_626 غیرضروری حادثاتی آزمائیں 
LOG (lattice-best-path[5.5.907~1-cbed4]:main():lattice-best-path.cc:99) For utterance 20030013_627, best cost 88.9292 + 3372.84 = 3461.77 over 926 frames.
20030013_627 فگار یادیں کیونکہ باندھیں تیروں کے طوفان تھا 
LOG (lattice-best-path[5.5.907~1-cbed4]:main():lattice-best-path.cc:99) For utterance 20030013_628, best cost 82.4801 + 2483.52 = 2566 over 644 frames.
20030013_628 مصیبت میں پارلیمنٹرین انہونی بچیاں وفود کی 
LOG (lattice-best-path[5.5.907~1-cbed4]:main():lattice-best-path.cc:99) For utterance 20030013_629, best cost 87.5362 + 3466.18 = 3553.72 over 894 frames.
20030013_629 سے وفاؤں کے اور میں کی آبدوزیں مطالبہ کے ساتھ 
LOG (lattice-best-path[5.5.907~1-cbed4]:main():lattice-best-path.cc:99) For utterance 20030013_630, best cost 68.1203 + 2438.32 = 2506.45 over 606 frames.
20030013_630 ترمذی زیراستعمال چیزیں سے چنگل 
LOG (lattice-best-path[5.5.907~1-cbed4]:main():lattice-best-path.cc:99) For utterance 20030013_631, best cost 85.7519 + 3343.52 = 3429.27 over 843 frames.
20030013_631 سے عزیزواقارب بیوپار کے کرنے تقاضوں برسراقتدار 
LOG (lattice-best-path[5.5.907~1-cbed4]:main():lattice-best-path.cc:99) For utterance 20030013_632, best cost 145.438 + 3815.84 = 3961.28 over 1009 frames.
20030013_632 تفتیشی صحافیوں یقین جھنجھوڑ بعینہ بھجوا پر کھجوریں اور بسائیں چوزے باادب 
LOG (lattice-best-path[5.5.907~1-cbed4]:main():lattice-best-path.cc:99) For utterance 20030013_633, best cost 98.73 + 3582.67 = 3681.4 over 913 frames.
20030013_633 دہندگان فلسطینی دیہاتیوں کے پاس کیسز چون انستھیزیا 
LOG (lattice-best-path[5.5.907~1-cbed4]:main():lattice-best-path.cc:99) For utterance 20030013_634, best cost 70.0457 + 1922.79 = 1992.84 over 497 frames.
20030013_634 خویش سیکشن انسان کلومیٹر پہلوان 
LOG (lattice-best-path[5.5.907~1-cbed4]:main():lattice-best-path.cc:99) For utterance 20030013_635, best cost 84.8101 + 2868.05 = 2952.86 over 734 frames.
20030013_635 باہر پوشیدہ بوسنیائی مدد میں سے سوغات ہیں 
LOG (lattice-best-path[5.5.907~1-cbed4]:main():lattice-best-path.cc:99) For utterance 20030013_636, best cost 83.3555 + 2502.01 = 2585.36 over 657 frames.
20030013_636 خوشنودی جھگی پرچیاں میں سے وسعتوں ڈاکوؤں 
LOG (lattice-best-path[5.5.907~1-cbed4]:main():lattice-best-path.cc:99) For utterance 20030013_637, best cost 86.1177 + 2616.32 = 2702.43 over 696 frames.
20030013_637 خارجہ مستغنی ناامیدی کی پھیرتے بڑھاپے ہوئیں 
LOG (lattice-best-path[5.5.907~1-cbed4]:main():lattice-best-path.cc:99) For utterance 20030013_638, best cost 102.126 + 2830.9 = 2933.02 over 760 frames.
20030013_638 کانووکیشن کی شیرٹن میں قصوروار بھگوئیں کے کے پاس ایجنسی 
LOG (lattice-best-path[5.5.907~1-cbed4]:main():lattice-best-path.cc:99) For utterance 20030013_639, best cost 95.3589 + 3291.9 = 3387.26 over 868 frames.
20030013_639 ہسپانوی کے کی سے تجویز احترام کی وجہ سے دوست ہیں 
LOG (lattice-best-path[5.5.907~1-cbed4]:main():lattice-best-path.cc:99) For utterance 20030013_640, best cost 97.9092 + 3100.77 = 3198.68 over 760 frames.
20030013_640 تبدیلیاں درمیان ظریفی ہوزری شاندار پنچولی خواستگار 
LOG (lattice-best-path[5.5.907~1-cbed4]:main():lattice-best-path.cc:99) For utterance 20030013_641, best cost 70.9135 + 1894.53 = 1965.44 over 465 frames.
20030013_641 کولیسٹرول ایشو کا کی وجہ تنظیم گا 
LOG (lattice-best-path[5.5.907~1-cbed4]:main():lattice-best-path.cc:99) For utterance 20030013_642, best cost 81.1835 + 2288.87 = 2370.05 over 574 frames.
20030013_642 پر فوقیت استغفار سے بوگس کی پہلوان کی 
LOG (lattice-best-path[5.5.907~1-cbed4]:main():lattice-best-path.cc:99) For utterance 20030013_643, best cost 72.8463 + 2886.34 = 2959.19 over 734 frames.
20030013_643 توضیحات کے بغیر متوفیہ اور حادثاتی کریں 
LOG (lattice-best-path[5.5.907~1-cbed4]:main():lattice-best-path.cc:99) For utterance 20030013_644, best cost 82.5609 + 2817.08 = 2899.64 over 683 frames.
20030013_644 کیجیے تصورات اور زندگی کیسی بلکہ دغا ہے 
LOG (lattice-best-path[5.5.907~1-cbed4]:main():lattice-best-path.cc:99) For utterance 20030013_645, best cost 63.43 + 2384.14 = 2447.57 over 580 frames.
20030013_645 زیرقیادت اثرورسوخ کرنے کے پاس دیکھیں 
LOG (lattice-best-path[5.5.907~1-cbed4]:main():lattice-best-path.cc:99) For utterance 20030013_646, best cost 87.1675 + 2360.86 = 2448.03 over 587 frames.
20030013_646 ساڑھے بعدازاں جوئیہ داؤد پھیرنے کارخانے گئی 
LOG (lattice-best-path[5.5.907~1-cbed4]:main():lattice-best-path.cc:99) For utterance 20030013_647, best cost 59.3168 + 1881.21 = 1940.53 over 452 frames.
20030013_647 سرفراز بھومی چوکھٹ سودا ہے 
LOG (lattice-best-path[5.5.907~1-cbed4]:main():lattice-best-path.cc:99) For utterance 20030013_648, best cost 40.8838 + 1773.82 = 1814.71 over 440 frames.
20030013_648 بیلچہ سے تجربات 
LOG (lattice-best-path[5.5.907~1-cbed4]:main():lattice-best-path.cc:99) For utterance 20030013_649, best cost 64.9597 + 2375.88 = 2440.84 over 600 frames.
20030013_649 خوفوں کے مذاکرات باادب کرائے 
LOG (lattice-best-path[5.5.907~1-cbed4]:main():lattice-best-path.cc:99) For utterance 20030013_650, best cost 78.7888 + 2705.89 = 2784.68 over 670 frames.
20030013_650 تحصیلدار عندیہ طرزعمل ترقیات ٹرانسفر کیا 
LOG (lattice-best-path[5.5.907~1-cbed4]:main():lattice-best-path.cc:99) For utterance 20030013_651, best cost 67.2815 + 2162.52 = 2229.8 over 548 frames.
20030013_651 اور انفارمیشن کی توضیحات ایمبولینس ہوتی ہے 
LOG (lattice-best-path[5.5.907~1-cbed4]:main():lattice-best-path.cc:99) For utterance 20030013_652, best cost 94.0657 + 2851.53 = 2945.6 over 696 frames.
20030013_652 ایکویٹی سے دریغ کرکے لڑیں کچوکے سقوط اور سے 
LOG (lattice-best-path[5.5.907~1-cbed4]:main():lattice-best-path.cc:99) For utterance 20030013_653, best cost 61.645 + 2385.87 = 2447.52 over 600 frames.
20030013_653 طرزفکر کرنے کے سے پرخلوص اور 
LOG (lattice-best-path[5.5.907~1-cbed4]:main():lattice-best-path.cc:99) For utterance 20030013_654, best cost 92.9123 + 2992.67 = 3085.58 over 734 frames.
20030013_654 پر فیڈریشنز سیاست چلغوزے کی لوث کے لٹریچر ہے 
LOG (lattice-best-path[5.5.907~1-cbed4]:main():lattice-best-path.cc:99) For utterance 20030013_655, best cost 60.7301 + 2457.8 = 2518.53 over 600 frames.
20030013_655 پراسسنگ اور پر گزارنے پریشر 
LOG (lattice-best-path[5.5.907~1-cbed4]:main():lattice-best-path.cc:99) For utterance 20030013_656, best cost 68.2849 + 3009.24 = 3077.53 over 734 frames.
20030013_656 کے زوجیت وزیرداخلہ زلزلے پرسش 
LOG (lattice-best-path[5.5.907~1-cbed4]:main():lattice-best-path.cc:99) For utterance 20030013_657, best cost 62.5768 + 2154.69 = 2217.27 over 542 frames.
20030013_657 تصورات زیدی پیدا تیسر کریں 
LOG (lattice-best-path[5.5.907~1-cbed4]:main():lattice-best-path.cc:99) For utterance 20030013_658, best cost 62.1546 + 2234.37 = 2296.53 over 561 frames.
20030013_658 کلومیٹر کیا تھیسس کی تاثرات 
LOG (lattice-best-path[5.5.907~1-cbed4]:main():lattice-best-path.cc:99) For utterance 20030013_659, best cost 88.4506 + 2470.78 = 2559.23 over 619 frames.
20030013_659 کے سیکھو تجزیہ توضیحات حوصلہ تولیے دسویں 
LOG (lattice-best-path[5.5.907~1-cbed4]:main():lattice-best-path.cc:99) For utterance 20030013_660, best cost 34.3488 + 1570.6 = 1604.95 over 401 frames.
20030013_660 پروڈکٹیو دستاویزات 
LOG (lattice-best-path[5.5.907~1-cbed4]:main():lattice-best-path.cc:99) For utterance 20030013_661, best cost 39.8986 + 1624.94 = 1664.84 over 427 frames.
20030013_661 پریشر برقرار کریں 
LOG (lattice-best-path[5.5.907~1-cbed4]:main():lattice-best-path.cc:99) For utterance 20030013_662, best cost 50.8782 + 2098.5 = 2149.38 over 529 frames.
20030013_662 تجوریاں سیروسیاحت زیرقیادت ہے 
LOG (lattice-best-path[5.5.907~1-cbed4]:main():lattice-best-path.cc:99) For utterance 20030013_663, best cost 82.5099 + 2883.69 = 2966.2 over 753 frames.
20030013_663 تجوریاں سیروسیاحت ساتھیوں کرکے کی ترویج ہوئے 
LOG (lattice-best-path[5.5.907~1-cbed4]:main():lattice-best-path.cc:99) For utterance 20030013_664, best cost 82.1044 + 2747.94 = 2830.04 over 715 frames.
20030013_664 فرائض ایتھرنیٹ پائیدار کولیسٹرول اور کولیسٹرول ہے 
LOG (lattice-best-path[5.5.907~1-cbed4]:main():lattice-best-path.cc:99) For utterance 20030013_665, best cost 46.4957 + 1893.66 = 1940.16 over 484 frames.
20030013_665 فیضان پائیریسی خریدوفروخت 
LOG (lattice-best-path[5.5.907~1-cbed4]:main():lattice-best-path.cc:99) For utterance 20030013_666, best cost 61.9532 + 2115.59 = 2177.54 over 529 frames.
20030013_666 کولیسٹرول جمگھٹا تجزیہ غیرضروری ہے 
LOG (lattice-best-path[5.5.907~1-cbed4]:main():lattice-best-path.cc:99) For utterance 20030013_667, best cost 57.3807 + 2047.53 = 2104.91 over 504 frames.
20030013_667 دیباچے چلغوزے کی موجزن ہوئی 
LOG (lattice-best-path[5.5.907~1-cbed4]:main():lattice-best-path.cc:99) For utterance 20030013_668, best cost 90.4151 + 2977.21 = 3067.63 over 747 frames.
20030013_668 ساری تولید کے توجہ پرچھائیاں پر سزائیں کریں 
LOG (lattice-best-path[5.5.907~1-cbed4]:main():lattice-best-path.cc:99) For utterance 20030013_669, best cost 65.8779 + 2259.66 = 2325.54 over 548 frames.
20030013_669 اوزار کروفر موردالزام کے سیروسیاحت 
LOG (lattice-best-path[5.5.907~1-cbed4]:main():lattice-best-path.cc:99) For utterance 20030013_670, best cost 69.9813 + 2210.55 = 2280.53 over 574 frames.
20030013_670 گذشتہ فلیچر کے سروں گوبر کرو 
LOG (lattice-best-path[5.5.907~1-cbed4]:main():lattice-best-path.cc:99) For utterance 20030013_671, best cost 94.5338 + 3152.84 = 3247.37 over 772 frames.
20030013_671 پراسیس اوزار دوردراز اونس اور کو جونیئر اور کیا 
LOG (lattice-best-path[5.5.907~1-cbed4]:main():lattice-best-path.cc:99) For utterance 20030013_672, best cost 57.9031 + 2638.98 = 2696.88 over 632 frames.
20030013_672 دریچوں سرفراز فروزاں بنا دیا 
LOG (lattice-best-path[5.5.907~1-cbed4]:main():lattice-best-path.cc:99) For utterance 20030013_673, best cost 62.0551 + 2193.64 = 2255.69 over 555 frames.
20030013_673 تعریفیں چاہتے بائیولوجیکل سفیدے کرتا ہے 
LOG (lattice-best-path[5.5.907~1-cbed4]:main():lattice-best-path.cc:99) For utterance 20030013_674, best cost 90.7207 + 3263.27 = 3353.99 over 772 frames.
20030013_674 کھجوریں پروجیکٹ برساتا قوانین حسینی کی کوشش کی 
LOG (lattice-best-path[5.5.907~1-cbed4]:main():lattice-best-path.cc:99) For utterance 20030013_675, best cost 74.5186 + 2065.93 = 2140.45 over 529 frames.
20030013_675 اور کے بوریت پر سوچے تغافل دوڑائیں 
LOG (lattice-best-path[5.5.907~1-cbed4]:main():lattice-best-path.cc:99) For utterance 20030013_676, best cost 71.852 + 2304.04 = 2375.9 over 568 frames.
20030013_676 پرنیا شیفرڈ جدول خواہش پر بات کی 
LOG (lattice-best-path[5.5.907~1-cbed4]:main():lattice-best-path.cc:99) For utterance 20030013_677, best cost 109.743 + 3555.19 = 3664.93 over 926 frames.
20030013_677 انسان ایکویٹی کی وفاؤں سوئی گوگل کانجی ایڈونچر پیدا 
LOG (lattice-best-path[5.5.907~1-cbed4]:main():lattice-best-path.cc:99) For utterance 20030013_678, best cost 110.897 + 3928.43 = 4039.33 over 971 frames.
20030013_678 چیلنجز اور تھیٹر کاغذات انسانیت پروڈکٹیو سمجھتے جید کریں 
LOG (lattice-best-path[5.5.907~1-cbed4]:main():lattice-best-path.cc:99) For utterance 20030013_679, best cost 56.8372 + 1785.34 = 1842.18 over 446 frames.
20030013_679 قومیائے تحصیلدار زیدی زچگی 
LOG (lattice-best-path[5.5.907~1-cbed4]:main():lattice-best-path.cc:99) For utterance 20030013_680, best cost 81.4745 + 2659.03 = 2740.51 over 683 frames.
20030013_680 چقندر گردوغبار تغافل سے میں پیروکار جاتا ہے 
LOG (lattice-best-path[5.5.907~1-cbed4]:main():lattice-best-path.cc:99) For utterance 20030013_681, best cost 71.999 + 2315.18 = 2387.18 over 587 frames.
20030013_681 بدہضمی جھونپڑی عزیزواقارب پیچیدہ بزرگ 
LOG (lattice-best-path[5.5.907~1-cbed4]:main():lattice-best-path.cc:99) For utterance 20030013_682, best cost 91.814 + 2923.93 = 3015.74 over 753 frames.
20030013_682 کی اور چولہے اوپر کیا ظاہر اور کے چوہوں ہے 
LOG (lattice-best-path[5.5.907~1-cbed4]:main():lattice-best-path.cc:99) For utterance 20030013_683, best cost 95.6766 + 2651.35 = 2747.03 over 657 frames.
20030013_683 کے سوا تجربات کے کے نے سیکورٹی کی کے سے کرے 
LOG (lattice-best-path[5.5.907~1-cbed4]:main():lattice-best-path.cc:99) For utterance 20030013_684, best cost 59.8652 + 2305.25 = 2365.11 over 593 frames.
20030013_684 ٹیلیفون وائرلیس ریونیو کیا بتاؤں 
LOG (lattice-best-path[5.5.907~1-cbed4]:main():lattice-best-path.cc:99) For utterance 20030013_685, best cost 54.0545 + 1777.33 = 1831.39 over 446 frames.
20030013_685 اپوزیشن جلدازجلد سپاسنامہ کرو 
LOG (lattice-best-path[5.5.907~1-cbed4]:main():lattice-best-path.cc:99) For utterance 20030013_686, best cost 105.995 + 3109.55 = 3215.54 over 772 frames.
20030013_686 چلے کے سکتے اریگیشن سویاں ریلیکس پرجوش اپروچ اور 
LOG (lattice-best-path[5.5.907~1-cbed4]:main():lattice-best-path.cc:99) For utterance 20030013_687, best cost 106.452 + 2868.47 = 2974.92 over 721 frames.
20030013_687 چاقو سیلرز گزارنے توجیہ بوگس بلا سے شیرخوار جھونپڑی 
LOG (lattice-best-path[5.5.907~1-cbed4]:main():lattice-best-path.cc:99) For utterance 20030013_688, best cost 75.2951 + 3302.48 = 3377.78 over 836 frames.
20030013_688 وزیرخارجہ بیوروکریسی سے بچاؤ کے کرتا ہے اور 
LOG (lattice-best-path[5.5.907~1-cbed4]:main():lattice-best-path.cc:99) For utterance 20030013_689, best cost 95.4643 + 2969.24 = 3064.7 over 753 frames.
20030013_689 موجودہ ویلفئر تعارف کو اور اور سے پچھتر چار 
LOG (lattice-best-path[5.5.907~1-cbed4]:main():lattice-best-path.cc:99) For utterance 20030013_690, best cost 50.2624 + 1652.16 = 1702.42 over 414 frames.
20030013_690 کھلکھلا پریشر دشوار کیا 
LOG (lattice-best-path[5.5.907~1-cbed4]:main():lattice-best-path.cc:99) For utterance 20030013_691, best cost 75.7142 + 2242.64 = 2318.35 over 606 frames.
20030013_691 چیل کیا درجے برسراقتدار وڈیروں دیئے 
LOG (lattice-best-path[5.5.907~1-cbed4]:main():lattice-best-path.cc:99) For utterance 20030013_692, best cost 89.2141 + 2798.71 = 2887.93 over 721 frames.
20030013_692 تفویض تھانیدار کے سیروسیاحت پنکھڑی کے حقیقت گیا 
LOG (lattice-best-path[5.5.907~1-cbed4]:main():lattice-best-path.cc:99) For utterance 20030013_693, best cost 54.8139 + 1886.38 = 1941.19 over 491 frames.
20030013_693 پھیرتے وزیرداخلہ دارلخلافہ کو 
LOG (lattice-best-path[5.5.907~1-cbed4]:main():lattice-best-path.cc:99) For utterance 20030013_694, best cost 79.8824 + 2561.03 = 2640.92 over 664 frames.
20030013_694 توجہ بادشاہ تساہل سے بازیچہ ہوشربا ہے 
LOG (lattice-best-path[5.5.907~1-cbed4]:main():lattice-best-path.cc:99) For utterance 20030013_695, best cost 66.232 + 2166.06 = 2232.29 over 568 frames.
20030013_695 خلیفہ میں پرچیاں متوفی جداگانہ 
LOG (lattice-best-path[5.5.907~1-cbed4]:main():lattice-best-path.cc:99) For utterance 20030013_696, best cost 79.1898 + 2261.66 = 2340.85 over 593 frames.
20030013_696 کے چھاپہ صدیاں بالخصوص مرغبانی کتابچے ہے 
LOG (lattice-best-path[5.5.907~1-cbed4]:main():lattice-best-path.cc:99) For utterance 20030013_697, best cost 62.9106 + 1902.3 = 1965.21 over 497 frames.
20030013_697 پھولدار سے سیکھنے جانبدار کاروبار 
LOG (lattice-best-path[5.5.907~1-cbed4]:main():lattice-best-path.cc:99) For utterance 20030013_698, best cost 67.6851 + 2674.36 = 2742.05 over 721 frames.
20030013_698 قرارداد جوڈیشل کا باعث کا جناب 
LOG (lattice-best-path[5.5.907~1-cbed4]:main():lattice-best-path.cc:99) For utterance 20030013_699, best cost 82.9316 + 2368.26 = 2451.19 over 625 frames.
20030013_699 تجزیوں مفاد ٹیچنگ والدین مودبانہ سوچوں 
LOG (lattice-best-path[5.5.907~1-cbed4]:main():lattice-best-path.cc:99) For utterance 20030013_700, best cost 93.0695 + 2325.62 = 2418.69 over 587 frames.
20030013_700 روزافزوں کی تدفین تغافل کی سوجھی شیرٹن سوزوکی 
LOG (lattice-best-path[5.5.907~1-cbed4]:main():lattice-best-path.cc:99) For utterance 20030013_701, best cost 74.7001 + 2828.13 = 2902.83 over 728 frames.
20030013_701 ترجمان پرسکون اناسیواں تمسخر خوفزدہ 
LOG (lattice-best-path[5.5.907~1-cbed4]:main():lattice-best-path.cc:99) For utterance 20030013_702, best cost 98.4582 + 2616.63 = 2715.09 over 683 frames.
20030013_702 کر فیصلہ خوفزدہ کی دھوپ میں بھارتی کوچوان گجراتی باشندوں 
LOG (lattice-best-path[5.5.907~1-cbed4]:main():lattice-best-path.cc:99) For utterance 20030013_703, best cost 60.8019 + 1855.32 = 1916.13 over 465 frames.
20030013_703 پراسسنگ پالیسی کی خدانخواستہ کرتا ہے 
LOG (lattice-best-path[5.5.907~1-cbed4]:main():lattice-best-path.cc:99) For utterance 20030013_704, best cost 87.5001 + 2572.21 = 2659.71 over 676 frames.
20030013_704 چغتائی فیشن متنازعہ رنجیدہ دیباچہ پراسیس ہیں 
LOG (lattice-best-path[5.5.907~1-cbed4]:main():lattice-best-path.cc:99) For utterance 20030013_705, best cost 58.6657 + 1931.12 = 1989.78 over 491 frames.
20030013_705 باغیانہ تلمیحات پراٹھا ہوزری 
LOG (lattice-best-path[5.5.907~1-cbed4]:main():lattice-best-path.cc:99) For utterance 20030013_706, best cost 49.3071 + 1456.69 = 1506 over 363 frames.
20030013_706 مصحفی نفسیاتی پہنچوں ہیں 
LOG (lattice-best-path[5.5.907~1-cbed4]:main():lattice-best-path.cc:99) For utterance 20030013_707, best cost 43.0092 + 1749.56 = 1792.57 over 452 frames.
20030013_707 مطلوبہ استحصالی جنگجویانہ ہے 
LOG (lattice-scale[5.5.907~1-cbed4]:main():lattice-scale.cc:107) Done 432 lattices.
LOG (lattice-add-penalty[5.5.907~1-cbed4]:main():lattice-add-penalty.cc:62) Done adding word insertion penalty to 432 lattices.
LOG (lattice-best-path[5.5.907~1-cbed4]:main():lattice-best-path.cc:99) For utterance 20030013_708, best cost 70.2963 + 2419.34 = 2489.64 over 606 frames.
20030013_708 مصنف غیرملکی کچھ بازیچہ گمشدہ 
LOG (lattice-best-path[5.5.907~1-cbed4]:main():lattice-best-path.cc:124) Overall cost per frame is 3.89741 = 0.11417 [graph] + 3.78324 [acoustic] over 354849 frames.
LOG (lattice-best-path[5.5.907~1-cbed4]:main():lattice-best-path.cc:128) Done 432 lattices, failed for 0
# Accounting: time=54 threads=1
# Ended (code 0) at Thu Apr 22 14:03:32 PKT 2021, elapsed time 54 seconds
