# ali-to-post "ark:gunzip -c exp/tri3a/ali.3.gz|" ark:- | weight-silence-post 0.0 1:2:3:4:5:6:7:8:9:10 exp/tri3a/4.mdl ark:- ark:- | gmm-acc-mllt --rand-prune=4.0 exp/tri3a/4.mdl "ark,s,cs:apply-cmvn  --utt2spk=ark:data/train/split3/3/utt2spk scp:data/train/split3/3/cmvn.scp scp:data/train/split3/3/feats.scp ark:- | splice-feats  ark:- ark:- | transform-feats exp/tri3a/2.mat ark:- ark:- |" ark:- exp/tri3a/4.3.macc 
# Started at Thu Apr 22 13:43:04 PKT 2021
#
ali-to-post 'ark:gunzip -c exp/tri3a/ali.3.gz|' ark:- 
gmm-acc-mllt --rand-prune=4.0 exp/tri3a/4.mdl 'ark,s,cs:apply-cmvn  --utt2spk=ark:data/train/split3/3/utt2spk scp:data/train/split3/3/cmvn.scp scp:data/train/split3/3/feats.scp ark:- | splice-feats  ark:- ark:- | transform-feats exp/tri3a/2.mat ark:- ark:- |' ark:- exp/tri3a/4.3.macc 
weight-silence-post 0.0 1:2:3:4:5:6:7:8:9:10 exp/tri3a/4.mdl ark:- ark:- 
transform-feats exp/tri3a/2.mat ark:- ark:- 
apply-cmvn --utt2spk=ark:data/train/split3/3/utt2spk scp:data/train/split3/3/cmvn.scp scp:data/train/split3/3/feats.scp ark:- 
splice-feats ark:- ark:- 
LOG (gmm-acc-mllt[5.5.907~1-cbed4]:main():gmm-acc-mllt.cc:108) Average like for this file is -50.9765 over 885 frames.
LOG (gmm-acc-mllt[5.5.907~1-cbed4]:main():gmm-acc-mllt.cc:108) Average like for this file is -51.0369 over 739 frames.
LOG (gmm-acc-mllt[5.5.907~1-cbed4]:main():gmm-acc-mllt.cc:108) Average like for this file is -54.3008 over 715 frames.
LOG (gmm-acc-mllt[5.5.907~1-cbed4]:main():gmm-acc-mllt.cc:108) Average like for this file is -54.0266 over 913 frames.
LOG (gmm-acc-mllt[5.5.907~1-cbed4]:main():gmm-acc-mllt.cc:108) Average like for this file is -53.5984 over 634 frames.
LOG (gmm-acc-mllt[5.5.907~1-cbed4]:main():gmm-acc-mllt.cc:108) Average like for this file is -54.2603 over 652 frames.
LOG (gmm-acc-mllt[5.5.907~1-cbed4]:main():gmm-acc-mllt.cc:108) Average like for this file is -53.0552 over 720 frames.
LOG (gmm-acc-mllt[5.5.907~1-cbed4]:main():gmm-acc-mllt.cc:108) Average like for this file is -51.7487 over 711 frames.
LOG (gmm-acc-mllt[5.5.907~1-cbed4]:main():gmm-acc-mllt.cc:108) Average like for this file is -52.0226 over 687 frames.
LOG (gmm-acc-mllt[5.5.907~1-cbed4]:main():gmm-acc-mllt.cc:108) Average like for this file is -51.3954 over 689 frames.
LOG (gmm-acc-mllt[5.5.907~1-cbed4]:main():gmm-acc-mllt.cc:114) Avg like per frame so far is -52.6188
LOG (gmm-acc-mllt[5.5.907~1-cbed4]:main():gmm-acc-mllt.cc:108) Average like for this file is -52.449 over 692 frames.
LOG (gmm-acc-mllt[5.5.907~1-cbed4]:main():gmm-acc-mllt.cc:108) Average like for this file is -51.1127 over 937 frames.
LOG (gmm-acc-mllt[5.5.907~1-cbed4]:main():gmm-acc-mllt.cc:108) Average like for this file is -51.4133 over 824 frames.
LOG (gmm-acc-mllt[5.5.907~1-cbed4]:main():gmm-acc-mllt.cc:108) Average like for this file is -53.1748 over 794 frames.
LOG (gmm-acc-mllt[5.5.907~1-cbed4]:main():gmm-acc-mllt.cc:108) Average like for this file is -51.2612 over 661 frames.
LOG (gmm-acc-mllt[5.5.907~1-cbed4]:main():gmm-acc-mllt.cc:108) Average like for this file is -50.4278 over 741 frames.
LOG (gmm-acc-mllt[5.5.907~1-cbed4]:main():gmm-acc-mllt.cc:108) Average like for this file is -52.1176 over 636 frames.
LOG (gmm-acc-mllt[5.5.907~1-cbed4]:main():gmm-acc-mllt.cc:108) Average like for this file is -54.2601 over 684 frames.
LOG (gmm-acc-mllt[5.5.907~1-cbed4]:main():gmm-acc-mllt.cc:108) Average like for this file is -55.4808 over 432 frames.
LOG (gmm-acc-mllt[5.5.907~1-cbed4]:main():gmm-acc-mllt.cc:108) Average like for this file is -51.7546 over 434 frames.
LOG (gmm-acc-mllt[5.5.907~1-cbed4]:main():gmm-acc-mllt.cc:114) Avg like per frame so far is -52.4117
LOG (gmm-acc-mllt[5.5.907~1-cbed4]:main():gmm-acc-mllt.cc:108) Average like for this file is -57.601 over 549 frames.
LOG (gmm-acc-mllt[5.5.907~1-cbed4]:main():gmm-acc-mllt.cc:108) Average like for this file is -50.1083 over 465 frames.
LOG (gmm-acc-mllt[5.5.907~1-cbed4]:main():gmm-acc-mllt.cc:108) Average like for this file is -48.2799 over 663 frames.
LOG (gmm-acc-mllt[5.5.907~1-cbed4]:main():gmm-acc-mllt.cc:108) Average like for this file is -50.5165 over 540 frames.
LOG (gmm-acc-mllt[5.5.907~1-cbed4]:main():gmm-acc-mllt.cc:108) Average like for this file is -53.7659 over 665 frames.
LOG (gmm-acc-mllt[5.5.907~1-cbed4]:main():gmm-acc-mllt.cc:108) Average like for this file is -51.377 over 493 frames.
LOG (gmm-acc-mllt[5.5.907~1-cbed4]:main():gmm-acc-mllt.cc:108) Average like for this file is -52.3376 over 483 frames.
LOG (gmm-acc-mllt[5.5.907~1-cbed4]:main():gmm-acc-mllt.cc:108) Average like for this file is -52.1686 over 554 frames.
LOG (gmm-acc-mllt[5.5.907~1-cbed4]:main():gmm-acc-mllt.cc:108) Average like for this file is -51.1378 over 410 frames.
LOG (gmm-acc-mllt[5.5.907~1-cbed4]:main():gmm-acc-mllt.cc:108) Average like for this file is -50.7903 over 532 frames.
LOG (gmm-acc-mllt[5.5.907~1-cbed4]:main():gmm-acc-mllt.cc:114) Avg like per frame so far is -52.2505
LOG (gmm-acc-mllt[5.5.907~1-cbed4]:main():gmm-acc-mllt.cc:108) Average like for this file is -50.6446 over 638 frames.
LOG (gmm-acc-mllt[5.5.907~1-cbed4]:main():gmm-acc-mllt.cc:108) Average like for this file is -52.9626 over 588 frames.
LOG (gmm-acc-mllt[5.5.907~1-cbed4]:main():gmm-acc-mllt.cc:108) Average like for this file is -50.9838 over 582 frames.
LOG (gmm-acc-mllt[5.5.907~1-cbed4]:main():gmm-acc-mllt.cc:108) Average like for this file is -50.4274 over 557 frames.
LOG (gmm-acc-mllt[5.5.907~1-cbed4]:main():gmm-acc-mllt.cc:108) Average like for this file is -50.5815 over 502 frames.
LOG (gmm-acc-mllt[5.5.907~1-cbed4]:main():gmm-acc-mllt.cc:108) Average like for this file is -51.8058 over 524 frames.
LOG (gmm-acc-mllt[5.5.907~1-cbed4]:main():gmm-acc-mllt.cc:108) Average like for this file is -51.0524 over 664 frames.
LOG (gmm-acc-mllt[5.5.907~1-cbed4]:main():gmm-acc-mllt.cc:108) Average like for this file is -54.6517 over 542 frames.
LOG (gmm-acc-mllt[5.5.907~1-cbed4]:main():gmm-acc-mllt.cc:108) Average like for this file is -54.8451 over 483 frames.
LOG (gmm-acc-mllt[5.5.907~1-cbed4]:main():gmm-acc-mllt.cc:108) Average like for this file is -48.7222 over 665 frames.
LOG (gmm-acc-mllt[5.5.907~1-cbed4]:main():gmm-acc-mllt.cc:114) Avg like per frame so far is -52.0916
LOG (gmm-acc-mllt[5.5.907~1-cbed4]:main():gmm-acc-mllt.cc:108) Average like for this file is -57.1953 over 465 frames.
LOG (gmm-acc-mllt[5.5.907~1-cbed4]:main():gmm-acc-mllt.cc:108) Average like for this file is -55.7201 over 537 frames.
LOG (gmm-acc-mllt[5.5.907~1-cbed4]:main():gmm-acc-mllt.cc:108) Average like for this file is -53.0795 over 575 frames.
LOG (gmm-acc-mllt[5.5.907~1-cbed4]:main():gmm-acc-mllt.cc:108) Average like for this file is -56.1553 over 358 frames.
LOG (gmm-acc-mllt[5.5.907~1-cbed4]:main():gmm-acc-mllt.cc:108) Average like for this file is -54.6323 over 540 frames.
LOG (gmm-acc-mllt[5.5.907~1-cbed4]:main():gmm-acc-mllt.cc:108) Average like for this file is -56.1667 over 517 frames.
LOG (gmm-acc-mllt[5.5.907~1-cbed4]:main():gmm-acc-mllt.cc:108) Average like for this file is -56.6348 over 494 frames.
LOG (gmm-acc-mllt[5.5.907~1-cbed4]:main():gmm-acc-mllt.cc:108) Average like for this file is -56.7564 over 437 frames.
LOG (gmm-acc-mllt[5.5.907~1-cbed4]:main():gmm-acc-mllt.cc:108) Average like for this file is -56.7441 over 383 frames.
LOG (gmm-acc-mllt[5.5.907~1-cbed4]:main():gmm-acc-mllt.cc:108) Average like for this file is -56.7333 over 449 frames.
LOG (gmm-acc-mllt[5.5.907~1-cbed4]:main():gmm-acc-mllt.cc:114) Avg like per frame so far is -52.69
LOG (gmm-acc-mllt[5.5.907~1-cbed4]:main():gmm-acc-mllt.cc:108) Average like for this file is -54.9532 over 393 frames.
LOG (gmm-acc-mllt[5.5.907~1-cbed4]:main():gmm-acc-mllt.cc:108) Average like for this file is -56.6515 over 613 frames.
LOG (gmm-acc-mllt[5.5.907~1-cbed4]:main():gmm-acc-mllt.cc:108) Average like for this file is -55.7708 over 375 frames.
LOG (gmm-acc-mllt[5.5.907~1-cbed4]:main():gmm-acc-mllt.cc:108) Average like for this file is -55.5606 over 359 frames.
LOG (gmm-acc-mllt[5.5.907~1-cbed4]:main():gmm-acc-mllt.cc:108) Average like for this file is -53.8314 over 485 frames.
LOG (gmm-acc-mllt[5.5.907~1-cbed4]:main():gmm-acc-mllt.cc:108) Average like for this file is -54.6693 over 509 frames.
LOG (gmm-acc-mllt[5.5.907~1-cbed4]:main():gmm-acc-mllt.cc:108) Average like for this file is -61.4049 over 520 frames.
LOG (gmm-acc-mllt[5.5.907~1-cbed4]:main():gmm-acc-mllt.cc:108) Average like for this file is -58.5102 over 440 frames.
LOG (gmm-acc-mllt[5.5.907~1-cbed4]:main():gmm-acc-mllt.cc:108) Average like for this file is -59.0327 over 363 frames.
LOG (gmm-acc-mllt[5.5.907~1-cbed4]:main():gmm-acc-mllt.cc:108) Average like for this file is -63.3059 over 537 frames.
LOG (gmm-acc-mllt[5.5.907~1-cbed4]:main():gmm-acc-mllt.cc:114) Avg like per frame so far is -53.3299
LOG (gmm-acc-mllt[5.5.907~1-cbed4]:main():gmm-acc-mllt.cc:108) Average like for this file is -59.5571 over 488 frames.
LOG (gmm-acc-mllt[5.5.907~1-cbed4]:main():gmm-acc-mllt.cc:108) Average like for this file is -55.2235 over 873 frames.
LOG (gmm-acc-mllt[5.5.907~1-cbed4]:main():gmm-acc-mllt.cc:108) Average like for this file is -57.6697 over 423 frames.
LOG (gmm-acc-mllt[5.5.907~1-cbed4]:main():gmm-acc-mllt.cc:108) Average like for this file is -57.6613 over 411 frames.
LOG (gmm-acc-mllt[5.5.907~1-cbed4]:main():gmm-acc-mllt.cc:108) Average like for this file is -52.572 over 722 frames.
LOG (gmm-acc-mllt[5.5.907~1-cbed4]:main():gmm-acc-mllt.cc:108) Average like for this file is -54.2634 over 695 frames.
LOG (gmm-acc-mllt[5.5.907~1-cbed4]:main():gmm-acc-mllt.cc:108) Average like for this file is -55.8817 over 475 frames.
LOG (gmm-acc-mllt[5.5.907~1-cbed4]:main():gmm-acc-mllt.cc:108) Average like for this file is -49.1241 over 636 frames.
LOG (gmm-acc-mllt[5.5.907~1-cbed4]:main():gmm-acc-mllt.cc:108) Average like for this file is -55.5541 over 367 frames.
LOG (gmm-acc-mllt[5.5.907~1-cbed4]:main():gmm-acc-mllt.cc:108) Average like for this file is -54.6867 over 413 frames.
LOG (gmm-acc-mllt[5.5.907~1-cbed4]:main():gmm-acc-mllt.cc:114) Avg like per frame so far is -53.5373
LOG (gmm-acc-mllt[5.5.907~1-cbed4]:main():gmm-acc-mllt.cc:108) Average like for this file is -53.971 over 478 frames.
LOG (gmm-acc-mllt[5.5.907~1-cbed4]:main():gmm-acc-mllt.cc:108) Average like for this file is -53.5072 over 661 frames.
LOG (gmm-acc-mllt[5.5.907~1-cbed4]:main():gmm-acc-mllt.cc:108) Average like for this file is -54.6416 over 708 frames.
LOG (gmm-acc-mllt[5.5.907~1-cbed4]:main():gmm-acc-mllt.cc:108) Average like for this file is -56.5025 over 609 frames.
LOG (gmm-acc-mllt[5.5.907~1-cbed4]:main():gmm-acc-mllt.cc:108) Average like for this file is -54.129 over 755 frames.
LOG (gmm-acc-mllt[5.5.907~1-cbed4]:main():gmm-acc-mllt.cc:108) Average like for this file is -54.6327 over 817 frames.
LOG (gmm-acc-mllt[5.5.907~1-cbed4]:main():gmm-acc-mllt.cc:108) Average like for this file is -55.0383 over 768 frames.
LOG (gmm-acc-mllt[5.5.907~1-cbed4]:main():gmm-acc-mllt.cc:108) Average like for this file is -55.332 over 532 frames.
LOG (gmm-acc-mllt[5.5.907~1-cbed4]:main():gmm-acc-mllt.cc:108) Average like for this file is -55.2497 over 630 frames.
LOG (gmm-acc-mllt[5.5.907~1-cbed4]:main():gmm-acc-mllt.cc:108) Average like for this file is -55.4543 over 534 frames.
LOG (gmm-acc-mllt[5.5.907~1-cbed4]:main():gmm-acc-mllt.cc:114) Avg like per frame so far is -53.7159
LOG (gmm-acc-mllt[5.5.907~1-cbed4]:main():gmm-acc-mllt.cc:108) Average like for this file is -56.333 over 543 frames.
LOG (gmm-acc-mllt[5.5.907~1-cbed4]:main():gmm-acc-mllt.cc:108) Average like for this file is -56.7337 over 564 frames.
LOG (gmm-acc-mllt[5.5.907~1-cbed4]:main():gmm-acc-mllt.cc:108) Average like for this file is -57.3179 over 380 frames.
LOG (gmm-acc-mllt[5.5.907~1-cbed4]:main():gmm-acc-mllt.cc:108) Average like for this file is -56.1241 over 418 frames.
LOG (gmm-acc-mllt[5.5.907~1-cbed4]:main():gmm-acc-mllt.cc:108) Average like for this file is -56.2299 over 697 frames.
LOG (gmm-acc-mllt[5.5.907~1-cbed4]:main():gmm-acc-mllt.cc:108) Average like for this file is -64.6291 over 638 frames.
LOG (gmm-acc-mllt[5.5.907~1-cbed4]:main():gmm-acc-mllt.cc:108) Average like for this file is -57.1608 over 505 frames.
LOG (gmm-acc-mllt[5.5.907~1-cbed4]:main():gmm-acc-mllt.cc:108) Average like for this file is -57.3976 over 616 frames.
LOG (gmm-acc-mllt[5.5.907~1-cbed4]:main():gmm-acc-mllt.cc:108) Average like for this file is -55.3226 over 759 frames.
LOG (gmm-acc-mllt[5.5.907~1-cbed4]:main():gmm-acc-mllt.cc:108) Average like for this file is -57.2323 over 605 frames.
LOG (gmm-acc-mllt[5.5.907~1-cbed4]:main():gmm-acc-mllt.cc:114) Avg like per frame so far is -54.1279
LOG (gmm-acc-mllt[5.5.907~1-cbed4]:main():gmm-acc-mllt.cc:108) Average like for this file is -50.6044 over 618 frames.
LOG (gmm-acc-mllt[5.5.907~1-cbed4]:main():gmm-acc-mllt.cc:108) Average like for this file is -50.8115 over 550 frames.
LOG (gmm-acc-mllt[5.5.907~1-cbed4]:main():gmm-acc-mllt.cc:108) Average like for this file is -47.5303 over 755 frames.
LOG (gmm-acc-mllt[5.5.907~1-cbed4]:main():gmm-acc-mllt.cc:108) Average like for this file is -51.5372 over 638 frames.
LOG (gmm-acc-mllt[5.5.907~1-cbed4]:main():gmm-acc-mllt.cc:108) Average like for this file is -50.5487 over 877 frames.
LOG (gmm-acc-mllt[5.5.907~1-cbed4]:main():gmm-acc-mllt.cc:108) Average like for this file is -49.6868 over 862 frames.
LOG (gmm-acc-mllt[5.5.907~1-cbed4]:main():gmm-acc-mllt.cc:108) Average like for this file is -49.4041 over 578 frames.
LOG (gmm-acc-mllt[5.5.907~1-cbed4]:main():gmm-acc-mllt.cc:108) Average like for this file is -51.3685 over 828 frames.
LOG (gmm-acc-mllt[5.5.907~1-cbed4]:main():gmm-acc-mllt.cc:108) Average like for this file is -50.8374 over 688 frames.
LOG (gmm-acc-mllt[5.5.907~1-cbed4]:main():gmm-acc-mllt.cc:108) Average like for this file is -51.1537 over 550 frames.
LOG (gmm-acc-mllt[5.5.907~1-cbed4]:main():gmm-acc-mllt.cc:114) Avg like per frame so far is -53.6807
LOG (gmm-acc-mllt[5.5.907~1-cbed4]:main():gmm-acc-mllt.cc:108) Average like for this file is -50.373 over 537 frames.
LOG (gmm-acc-mllt[5.5.907~1-cbed4]:main():gmm-acc-mllt.cc:108) Average like for this file is -52.0503 over 415 frames.
LOG (gmm-acc-mllt[5.5.907~1-cbed4]:main():gmm-acc-mllt.cc:108) Average like for this file is -50.6771 over 630 frames.
LOG (gmm-acc-mllt[5.5.907~1-cbed4]:main():gmm-acc-mllt.cc:108) Average like for this file is -48.213 over 577 frames.
LOG (gmm-acc-mllt[5.5.907~1-cbed4]:main():gmm-acc-mllt.cc:108) Average like for this file is -52.0188 over 649 frames.
LOG (gmm-acc-mllt[5.5.907~1-cbed4]:main():gmm-acc-mllt.cc:108) Average like for this file is -50.8863 over 745 frames.
LOG (gmm-acc-mllt[5.5.907~1-cbed4]:main():gmm-acc-mllt.cc:108) Average like for this file is -51.0935 over 337 frames.
LOG (gmm-acc-mllt[5.5.907~1-cbed4]:main():gmm-acc-mllt.cc:108) Average like for this file is -53.1422 over 712 frames.
LOG (gmm-acc-mllt[5.5.907~1-cbed4]:main():gmm-acc-mllt.cc:108) Average like for this file is -52.767 over 609 frames.
LOG (gmm-acc-mllt[5.5.907~1-cbed4]:main():gmm-acc-mllt.cc:108) Average like for this file is -48.3695 over 721 frames.
LOG (gmm-acc-mllt[5.5.907~1-cbed4]:main():gmm-acc-mllt.cc:114) Avg like per frame so far is -53.4308
LOG (gmm-acc-mllt[5.5.907~1-cbed4]:main():gmm-acc-mllt.cc:108) Average like for this file is -50.5323 over 530 frames.
LOG (gmm-acc-mllt[5.5.907~1-cbed4]:main():gmm-acc-mllt.cc:108) Average like for this file is -46.8231 over 484 frames.
LOG (gmm-acc-mllt[5.5.907~1-cbed4]:main():gmm-acc-mllt.cc:108) Average like for this file is -48.6105 over 330 frames.
LOG (gmm-acc-mllt[5.5.907~1-cbed4]:main():gmm-acc-mllt.cc:108) Average like for this file is -51.6606 over 471 frames.
LOG (gmm-acc-mllt[5.5.907~1-cbed4]:main():gmm-acc-mllt.cc:108) Average like for this file is -51.2825 over 623 frames.
LOG (gmm-acc-mllt[5.5.907~1-cbed4]:main():gmm-acc-mllt.cc:108) Average like for this file is -50.0255 over 403 frames.
LOG (gmm-acc-mllt[5.5.907~1-cbed4]:main():gmm-acc-mllt.cc:108) Average like for this file is -50.3593 over 620 frames.
LOG (gmm-acc-mllt[5.5.907~1-cbed4]:main():gmm-acc-mllt.cc:108) Average like for this file is -51.2118 over 587 frames.
LOG (gmm-acc-mllt[5.5.907~1-cbed4]:main():gmm-acc-mllt.cc:108) Average like for this file is -52.0894 over 552 frames.
LOG (gmm-acc-mllt[5.5.907~1-cbed4]:main():gmm-acc-mllt.cc:108) Average like for this file is -52.9829 over 845 frames.
LOG (gmm-acc-mllt[5.5.907~1-cbed4]:main():gmm-acc-mllt.cc:114) Avg like per frame so far is -53.2299
LOG (gmm-acc-mllt[5.5.907~1-cbed4]:main():gmm-acc-mllt.cc:108) Average like for this file is -50.1008 over 364 frames.
LOG (gmm-acc-mllt[5.5.907~1-cbed4]:main():gmm-acc-mllt.cc:108) Average like for this file is -51.1014 over 607 frames.
LOG (gmm-acc-mllt[5.5.907~1-cbed4]:main():gmm-acc-mllt.cc:108) Average like for this file is -51.4385 over 528 frames.
LOG (gmm-acc-mllt[5.5.907~1-cbed4]:main():gmm-acc-mllt.cc:108) Average like for this file is -51.8121 over 639 frames.
LOG (gmm-acc-mllt[5.5.907~1-cbed4]:main():gmm-acc-mllt.cc:108) Average like for this file is -51.4188 over 705 frames.
LOG (gmm-acc-mllt[5.5.907~1-cbed4]:main():gmm-acc-mllt.cc:108) Average like for this file is -52.3683 over 573 frames.
LOG (gmm-acc-mllt[5.5.907~1-cbed4]:main():gmm-acc-mllt.cc:108) Average like for this file is -50.2304 over 436 frames.
LOG (gmm-acc-mllt[5.5.907~1-cbed4]:main():gmm-acc-mllt.cc:108) Average like for this file is -61.3422 over 618 frames.
LOG (gmm-acc-mllt[5.5.907~1-cbed4]:main():gmm-acc-mllt.cc:108) Average like for this file is -49.8692 over 511 frames.
LOG (gmm-acc-mllt[5.5.907~1-cbed4]:main():gmm-acc-mllt.cc:108) Average like for this file is -52.3359 over 419 frames.
LOG (gmm-acc-mllt[5.5.907~1-cbed4]:main():gmm-acc-mllt.cc:114) Avg like per frame so far is -53.1715
LOG (gmm-acc-mllt[5.5.907~1-cbed4]:main():gmm-acc-mllt.cc:108) Average like for this file is -48.1021 over 583 frames.
LOG (gmm-acc-mllt[5.5.907~1-cbed4]:main():gmm-acc-mllt.cc:108) Average like for this file is -51.4396 over 418 frames.
LOG (gmm-acc-mllt[5.5.907~1-cbed4]:main():gmm-acc-mllt.cc:108) Average like for this file is -51.5735 over 568 frames.
LOG (gmm-acc-mllt[5.5.907~1-cbed4]:main():gmm-acc-mllt.cc:108) Average like for this file is -56.4499 over 477 frames.
LOG (gmm-acc-mllt[5.5.907~1-cbed4]:main():gmm-acc-mllt.cc:108) Average like for this file is -52.8915 over 550 frames.
LOG (gmm-acc-mllt[5.5.907~1-cbed4]:main():gmm-acc-mllt.cc:108) Average like for this file is -53.749 over 557 frames.
LOG (gmm-acc-mllt[5.5.907~1-cbed4]:main():gmm-acc-mllt.cc:108) Average like for this file is -51.1243 over 746 frames.
LOG (gmm-acc-mllt[5.5.907~1-cbed4]:main():gmm-acc-mllt.cc:108) Average like for this file is -50.2397 over 661 frames.
LOG (gmm-acc-mllt[5.5.907~1-cbed4]:main():gmm-acc-mllt.cc:108) Average like for this file is -49.9359 over 898 frames.
LOG (gmm-acc-mllt[5.5.907~1-cbed4]:main():gmm-acc-mllt.cc:108) Average like for this file is -48.8867 over 597 frames.
LOG (gmm-acc-mllt[5.5.907~1-cbed4]:main():gmm-acc-mllt.cc:114) Avg like per frame so far is -53.028
LOG (gmm-acc-mllt[5.5.907~1-cbed4]:main():gmm-acc-mllt.cc:108) Average like for this file is -50.7245 over 524 frames.
LOG (gmm-acc-mllt[5.5.907~1-cbed4]:main():gmm-acc-mllt.cc:108) Average like for this file is -51.1942 over 446 frames.
LOG (gmm-acc-mllt[5.5.907~1-cbed4]:main():gmm-acc-mllt.cc:108) Average like for this file is -49.9745 over 632 frames.
LOG (gmm-acc-mllt[5.5.907~1-cbed4]:main():gmm-acc-mllt.cc:108) Average like for this file is -51.5869 over 688 frames.
LOG (gmm-acc-mllt[5.5.907~1-cbed4]:main():gmm-acc-mllt.cc:108) Average like for this file is -51.5653 over 658 frames.
LOG (gmm-acc-mllt[5.5.907~1-cbed4]:main():gmm-acc-mllt.cc:108) Average like for this file is -53.3886 over 632 frames.
LOG (gmm-acc-mllt[5.5.907~1-cbed4]:main():gmm-acc-mllt.cc:108) Average like for this file is -50.7194 over 653 frames.
LOG (gmm-acc-mllt[5.5.907~1-cbed4]:main():gmm-acc-mllt.cc:108) Average like for this file is -53.1245 over 741 frames.
LOG (gmm-acc-mllt[5.5.907~1-cbed4]:main():gmm-acc-mllt.cc:108) Average like for this file is -53.9211 over 508 frames.
LOG (gmm-acc-mllt[5.5.907~1-cbed4]:main():gmm-acc-mllt.cc:108) Average like for this file is -55.0296 over 814 frames.
LOG (gmm-acc-mllt[5.5.907~1-cbed4]:main():gmm-acc-mllt.cc:114) Avg like per frame so far is -52.9711
LOG (gmm-acc-mllt[5.5.907~1-cbed4]:main():gmm-acc-mllt.cc:108) Average like for this file is -49.0876 over 812 frames.
LOG (gmm-acc-mllt[5.5.907~1-cbed4]:main():gmm-acc-mllt.cc:108) Average like for this file is -51.6614 over 624 frames.
LOG (gmm-acc-mllt[5.5.907~1-cbed4]:main():gmm-acc-mllt.cc:108) Average like for this file is -52.4406 over 528 frames.
LOG (gmm-acc-mllt[5.5.907~1-cbed4]:main():gmm-acc-mllt.cc:108) Average like for this file is -52.0457 over 762 frames.
LOG (gmm-acc-mllt[5.5.907~1-cbed4]:main():gmm-acc-mllt.cc:108) Average like for this file is -53.4582 over 712 frames.
LOG (gmm-acc-mllt[5.5.907~1-cbed4]:main():gmm-acc-mllt.cc:108) Average like for this file is -54.4841 over 578 frames.
LOG (gmm-acc-mllt[5.5.907~1-cbed4]:main():gmm-acc-mllt.cc:108) Average like for this file is -52.2576 over 590 frames.
LOG (gmm-acc-mllt[5.5.907~1-cbed4]:main():gmm-acc-mllt.cc:108) Average like for this file is -52.058 over 579 frames.
LOG (gmm-acc-mllt[5.5.907~1-cbed4]:main():gmm-acc-mllt.cc:108) Average like for this file is -53.394 over 555 frames.
LOG (gmm-acc-mllt[5.5.907~1-cbed4]:main():gmm-acc-mllt.cc:108) Average like for this file is -52.3308 over 473 frames.
LOG (gmm-acc-mllt[5.5.907~1-cbed4]:main():gmm-acc-mllt.cc:114) Avg like per frame so far is -52.9209
LOG (gmm-acc-mllt[5.5.907~1-cbed4]:main():gmm-acc-mllt.cc:108) Average like for this file is -51.1704 over 588 frames.
LOG (gmm-acc-mllt[5.5.907~1-cbed4]:main():gmm-acc-mllt.cc:108) Average like for this file is -46.6215 over 501 frames.
LOG (gmm-acc-mllt[5.5.907~1-cbed4]:main():gmm-acc-mllt.cc:108) Average like for this file is -48.9317 over 752 frames.
LOG (gmm-acc-mllt[5.5.907~1-cbed4]:main():gmm-acc-mllt.cc:108) Average like for this file is -53.2351 over 640 frames.
LOG (gmm-acc-mllt[5.5.907~1-cbed4]:main():gmm-acc-mllt.cc:108) Average like for this file is -52.5026 over 786 frames.
LOG (gmm-acc-mllt[5.5.907~1-cbed4]:main():gmm-acc-mllt.cc:108) Average like for this file is -54.4746 over 656 frames.
LOG (gmm-acc-mllt[5.5.907~1-cbed4]:main():gmm-acc-mllt.cc:108) Average like for this file is -56.1573 over 654 frames.
LOG (gmm-acc-mllt[5.5.907~1-cbed4]:main():gmm-acc-mllt.cc:108) Average like for this file is -53.4781 over 660 frames.
LOG (gmm-acc-mllt[5.5.907~1-cbed4]:main():gmm-acc-mllt.cc:108) Average like for this file is -52.3333 over 762 frames.
LOG (gmm-acc-mllt[5.5.907~1-cbed4]:main():gmm-acc-mllt.cc:108) Average like for this file is -54.4263 over 697 frames.
LOG (gmm-acc-mllt[5.5.907~1-cbed4]:main():gmm-acc-mllt.cc:114) Avg like per frame so far is -52.8892
LOG (gmm-acc-mllt[5.5.907~1-cbed4]:main():gmm-acc-mllt.cc:108) Average like for this file is -53.562 over 638 frames.
LOG (gmm-acc-mllt[5.5.907~1-cbed4]:main():gmm-acc-mllt.cc:108) Average like for this file is -52.4305 over 811 frames.
LOG (gmm-acc-mllt[5.5.907~1-cbed4]:main():gmm-acc-mllt.cc:108) Average like for this file is -52.8195 over 666 frames.
LOG (gmm-acc-mllt[5.5.907~1-cbed4]:main():gmm-acc-mllt.cc:108) Average like for this file is -51.0266 over 694 frames.
LOG (gmm-acc-mllt[5.5.907~1-cbed4]:main():gmm-acc-mllt.cc:108) Average like for this file is -49.9491 over 572 frames.
LOG (gmm-acc-mllt[5.5.907~1-cbed4]:main():gmm-acc-mllt.cc:108) Average like for this file is -49.7143 over 684 frames.
LOG (gmm-acc-mllt[5.5.907~1-cbed4]:main():gmm-acc-mllt.cc:108) Average like for this file is -52.8257 over 794 frames.
LOG (gmm-acc-mllt[5.5.907~1-cbed4]:main():gmm-acc-mllt.cc:108) Average like for this file is -55.1193 over 756 frames.
LOG (gmm-acc-mllt[5.5.907~1-cbed4]:main():gmm-acc-mllt.cc:108) Average like for this file is -53.5454 over 646 frames.
LOG (gmm-acc-mllt[5.5.907~1-cbed4]:main():gmm-acc-mllt.cc:108) Average like for this file is -52.2564 over 736 frames.
LOG (gmm-acc-mllt[5.5.907~1-cbed4]:main():gmm-acc-mllt.cc:114) Avg like per frame so far is -52.8565
LOG (gmm-acc-mllt[5.5.907~1-cbed4]:main():gmm-acc-mllt.cc:108) Average like for this file is -51.6561 over 681 frames.
LOG (gmm-acc-mllt[5.5.907~1-cbed4]:main():gmm-acc-mllt.cc:108) Average like for this file is -53.5393 over 890 frames.
LOG (gmm-acc-mllt[5.5.907~1-cbed4]:main():gmm-acc-mllt.cc:108) Average like for this file is -52.364 over 609 frames.
LOG (gmm-acc-mllt[5.5.907~1-cbed4]:main():gmm-acc-mllt.cc:108) Average like for this file is -52.5642 over 677 frames.
LOG (gmm-acc-mllt[5.5.907~1-cbed4]:main():gmm-acc-mllt.cc:108) Average like for this file is -52.9611 over 724 frames.
LOG (gmm-acc-mllt[5.5.907~1-cbed4]:main():gmm-acc-mllt.cc:108) Average like for this file is -51.7031 over 743 frames.
LOG (gmm-acc-mllt[5.5.907~1-cbed4]:main():gmm-acc-mllt.cc:108) Average like for this file is -52.7793 over 620 frames.
LOG (gmm-acc-mllt[5.5.907~1-cbed4]:main():gmm-acc-mllt.cc:108) Average like for this file is -55.0868 over 732 frames.
LOG (gmm-acc-mllt[5.5.907~1-cbed4]:main():gmm-acc-mllt.cc:108) Average like for this file is -54.6951 over 451 frames.
LOG (gmm-acc-mllt[5.5.907~1-cbed4]:main():gmm-acc-mllt.cc:108) Average like for this file is -48.2458 over 851 frames.
LOG (gmm-acc-mllt[5.5.907~1-cbed4]:main():gmm-acc-mllt.cc:114) Avg like per frame so far is -52.8305
LOG (gmm-acc-mllt[5.5.907~1-cbed4]:main():gmm-acc-mllt.cc:108) Average like for this file is -48.6458 over 650 frames.
LOG (gmm-acc-mllt[5.5.907~1-cbed4]:main():gmm-acc-mllt.cc:108) Average like for this file is -51.7497 over 664 frames.
LOG (gmm-acc-mllt[5.5.907~1-cbed4]:main():gmm-acc-mllt.cc:108) Average like for this file is -53.7996 over 689 frames.
LOG (gmm-acc-mllt[5.5.907~1-cbed4]:main():gmm-acc-mllt.cc:108) Average like for this file is -53.0401 over 841 frames.
LOG (gmm-acc-mllt[5.5.907~1-cbed4]:main():gmm-acc-mllt.cc:108) Average like for this file is -53.3419 over 581 frames.
LOG (gmm-acc-mllt[5.5.907~1-cbed4]:main():gmm-acc-mllt.cc:108) Average like for this file is -53.3082 over 715 frames.
LOG (gmm-acc-mllt[5.5.907~1-cbed4]:main():gmm-acc-mllt.cc:108) Average like for this file is -50.0248 over 718 frames.
LOG (gmm-acc-mllt[5.5.907~1-cbed4]:main():gmm-acc-mllt.cc:108) Average like for this file is -53.2507 over 900 frames.
LOG (gmm-acc-mllt[5.5.907~1-cbed4]:main():gmm-acc-mllt.cc:108) Average like for this file is -51.483 over 737 frames.
LOG (gmm-acc-mllt[5.5.907~1-cbed4]:main():gmm-acc-mllt.cc:108) Average like for this file is -50.2334 over 904 frames.
LOG (gmm-acc-mllt[5.5.907~1-cbed4]:main():gmm-acc-mllt.cc:114) Avg like per frame so far is -52.774
LOG (gmm-acc-mllt[5.5.907~1-cbed4]:main():gmm-acc-mllt.cc:108) Average like for this file is -54.4535 over 693 frames.
LOG (gmm-acc-mllt[5.5.907~1-cbed4]:main():gmm-acc-mllt.cc:108) Average like for this file is -49.853 over 815 frames.
LOG (gmm-acc-mllt[5.5.907~1-cbed4]:main():gmm-acc-mllt.cc:108) Average like for this file is -53.4798 over 510 frames.
LOG (gmm-acc-mllt[5.5.907~1-cbed4]:main():gmm-acc-mllt.cc:108) Average like for this file is -52.951 over 632 frames.
LOG (gmm-acc-mllt[5.5.907~1-cbed4]:main():gmm-acc-mllt.cc:108) Average like for this file is -53.7475 over 832 frames.
LOG (gmm-acc-mllt[5.5.907~1-cbed4]:main():gmm-acc-mllt.cc:108) Average like for this file is -53.4034 over 677 frames.
LOG (gmm-acc-mllt[5.5.907~1-cbed4]:main():gmm-acc-mllt.cc:108) Average like for this file is -52.2345 over 596 frames.
LOG (gmm-acc-mllt[5.5.907~1-cbed4]:main():gmm-acc-mllt.cc:108) Average like for this file is -53.1641 over 568 frames.
LOG (gmm-acc-mllt[5.5.907~1-cbed4]:main():gmm-acc-mllt.cc:108) Average like for this file is -52.4608 over 724 frames.
LOG (gmm-acc-mllt[5.5.907~1-cbed4]:main():gmm-acc-mllt.cc:108) Average like for this file is -51.0309 over 383 frames.
LOG (gmm-acc-mllt[5.5.907~1-cbed4]:main():gmm-acc-mllt.cc:114) Avg like per frame so far is -52.7701
LOG (gmm-acc-mllt[5.5.907~1-cbed4]:main():gmm-acc-mllt.cc:108) Average like for this file is -51.5388 over 598 frames.
LOG (gmm-acc-mllt[5.5.907~1-cbed4]:main():gmm-acc-mllt.cc:108) Average like for this file is -54.2795 over 502 frames.
LOG (gmm-acc-mllt[5.5.907~1-cbed4]:main():gmm-acc-mllt.cc:108) Average like for this file is -53.2021 over 541 frames.
LOG (gmm-acc-mllt[5.5.907~1-cbed4]:main():gmm-acc-mllt.cc:108) Average like for this file is -52.3449 over 580 frames.
LOG (gmm-acc-mllt[5.5.907~1-cbed4]:main():gmm-acc-mllt.cc:108) Average like for this file is -52.0004 over 520 frames.
LOG (gmm-acc-mllt[5.5.907~1-cbed4]:main():gmm-acc-mllt.cc:108) Average like for this file is -53.3509 over 758 frames.
LOG (gmm-acc-mllt[5.5.907~1-cbed4]:main():gmm-acc-mllt.cc:108) Average like for this file is -53.1841 over 568 frames.
LOG (gmm-acc-mllt[5.5.907~1-cbed4]:main():gmm-acc-mllt.cc:108) Average like for this file is -52.1895 over 671 frames.
LOG (gmm-acc-mllt[5.5.907~1-cbed4]:main():gmm-acc-mllt.cc:108) Average like for this file is -51.566 over 761 frames.
LOG (gmm-acc-mllt[5.5.907~1-cbed4]:main():gmm-acc-mllt.cc:108) Average like for this file is -53.3999 over 659 frames.
LOG (gmm-acc-mllt[5.5.907~1-cbed4]:main():gmm-acc-mllt.cc:114) Avg like per frame so far is -52.7656
LOG (gmm-acc-mllt[5.5.907~1-cbed4]:main():gmm-acc-mllt.cc:108) Average like for this file is -54.2203 over 785 frames.
LOG (gmm-acc-mllt[5.5.907~1-cbed4]:main():gmm-acc-mllt.cc:108) Average like for this file is -52.3968 over 413 frames.
LOG (gmm-acc-mllt[5.5.907~1-cbed4]:main():gmm-acc-mllt.cc:108) Average like for this file is -52.6989 over 615 frames.
LOG (gmm-acc-mllt[5.5.907~1-cbed4]:main():gmm-acc-mllt.cc:108) Average like for this file is -53.0096 over 683 frames.
LOG (gmm-acc-mllt[5.5.907~1-cbed4]:main():gmm-acc-mllt.cc:108) Average like for this file is -52.0781 over 734 frames.
LOG (gmm-acc-mllt[5.5.907~1-cbed4]:main():gmm-acc-mllt.cc:108) Average like for this file is -54.3404 over 610 frames.
LOG (gmm-acc-mllt[5.5.907~1-cbed4]:main():gmm-acc-mllt.cc:108) Average like for this file is -51.5268 over 904 frames.
LOG (gmm-acc-mllt[5.5.907~1-cbed4]:main():gmm-acc-mllt.cc:108) Average like for this file is -54.4568 over 598 frames.
LOG (gmm-acc-mllt[5.5.907~1-cbed4]:main():gmm-acc-mllt.cc:108) Average like for this file is -55.7202 over 538 frames.
LOG (gmm-acc-mllt[5.5.907~1-cbed4]:main():gmm-acc-mllt.cc:108) Average like for this file is -54.707 over 609 frames.
LOG (gmm-acc-mllt[5.5.907~1-cbed4]:main():gmm-acc-mllt.cc:114) Avg like per frame so far is -52.7955
LOG (gmm-acc-mllt[5.5.907~1-cbed4]:main():gmm-acc-mllt.cc:108) Average like for this file is -55.2828 over 629 frames.
LOG (gmm-acc-mllt[5.5.907~1-cbed4]:main():gmm-acc-mllt.cc:108) Average like for this file is -53.4222 over 693 frames.
LOG (gmm-acc-mllt[5.5.907~1-cbed4]:main():gmm-acc-mllt.cc:108) Average like for this file is -55.0262 over 672 frames.
LOG (gmm-acc-mllt[5.5.907~1-cbed4]:main():gmm-acc-mllt.cc:108) Average like for this file is -55.7842 over 719 frames.
LOG (gmm-acc-mllt[5.5.907~1-cbed4]:main():gmm-acc-mllt.cc:108) Average like for this file is -49.2051 over 866 frames.
LOG (gmm-acc-mllt[5.5.907~1-cbed4]:main():gmm-acc-mllt.cc:108) Average like for this file is -48.8887 over 762 frames.
LOG (gmm-acc-mllt[5.5.907~1-cbed4]:main():gmm-acc-mllt.cc:108) Average like for this file is -53.9701 over 672 frames.
LOG (gmm-acc-mllt[5.5.907~1-cbed4]:main():gmm-acc-mllt.cc:108) Average like for this file is -52.8592 over 587 frames.
LOG (gmm-acc-mllt[5.5.907~1-cbed4]:main():gmm-acc-mllt.cc:108) Average like for this file is -54.681 over 688 frames.
LOG (gmm-acc-mllt[5.5.907~1-cbed4]:main():gmm-acc-mllt.cc:108) Average like for this file is -50.3372 over 599 frames.
LOG (gmm-acc-mllt[5.5.907~1-cbed4]:main():gmm-acc-mllt.cc:114) Avg like per frame so far is -52.7969
LOG (gmm-acc-mllt[5.5.907~1-cbed4]:main():gmm-acc-mllt.cc:108) Average like for this file is -47.3695 over 508 frames.
LOG (gmm-acc-mllt[5.5.907~1-cbed4]:main():gmm-acc-mllt.cc:108) Average like for this file is -52.3925 over 788 frames.
LOG (gmm-acc-mllt[5.5.907~1-cbed4]:main():gmm-acc-mllt.cc:108) Average like for this file is -50.0585 over 748 frames.
LOG (gmm-acc-mllt[5.5.907~1-cbed4]:main():gmm-acc-mllt.cc:108) Average like for this file is -54.0264 over 459 frames.
LOG (gmm-acc-mllt[5.5.907~1-cbed4]:main():gmm-acc-mllt.cc:108) Average like for this file is -51.323 over 771 frames.
LOG (gmm-acc-mllt[5.5.907~1-cbed4]:main():gmm-acc-mllt.cc:108) Average like for this file is -49.3367 over 646 frames.
LOG (gmm-acc-mllt[5.5.907~1-cbed4]:main():gmm-acc-mllt.cc:108) Average like for this file is -46.0737 over 816 frames.
LOG (gmm-acc-mllt[5.5.907~1-cbed4]:main():gmm-acc-mllt.cc:108) Average like for this file is -50.5814 over 723 frames.
LOG (gmm-acc-mllt[5.5.907~1-cbed4]:main():gmm-acc-mllt.cc:108) Average like for this file is -49.451 over 465 frames.
LOG (gmm-acc-mllt[5.5.907~1-cbed4]:main():gmm-acc-mllt.cc:108) Average like for this file is -48.854 over 694 frames.
LOG (gmm-acc-mllt[5.5.907~1-cbed4]:main():gmm-acc-mllt.cc:114) Avg like per frame so far is -52.6726
LOG (gmm-acc-mllt[5.5.907~1-cbed4]:main():gmm-acc-mllt.cc:108) Average like for this file is -49.7364 over 699 frames.
LOG (gmm-acc-mllt[5.5.907~1-cbed4]:main():gmm-acc-mllt.cc:108) Average like for this file is -49.4588 over 752 frames.
LOG (gmm-acc-mllt[5.5.907~1-cbed4]:main():gmm-acc-mllt.cc:108) Average like for this file is -51.6539 over 553 frames.
LOG (gmm-acc-mllt[5.5.907~1-cbed4]:main():gmm-acc-mllt.cc:108) Average like for this file is -49.0527 over 796 frames.
LOG (gmm-acc-mllt[5.5.907~1-cbed4]:main():gmm-acc-mllt.cc:108) Average like for this file is -50.2496 over 641 frames.
LOG (gmm-acc-mllt[5.5.907~1-cbed4]:main():gmm-acc-mllt.cc:108) Average like for this file is -50.7152 over 542 frames.
LOG (gmm-acc-mllt[5.5.907~1-cbed4]:main():gmm-acc-mllt.cc:108) Average like for this file is -47.1715 over 767 frames.
LOG (gmm-acc-mllt[5.5.907~1-cbed4]:main():gmm-acc-mllt.cc:108) Average like for this file is -51.2106 over 619 frames.
LOG (gmm-acc-mllt[5.5.907~1-cbed4]:main():gmm-acc-mllt.cc:108) Average like for this file is -50.9387 over 723 frames.
LOG (gmm-acc-mllt[5.5.907~1-cbed4]:main():gmm-acc-mllt.cc:108) Average like for this file is -48.7286 over 705 frames.
LOG (gmm-acc-mllt[5.5.907~1-cbed4]:main():gmm-acc-mllt.cc:114) Avg like per frame so far is -52.5511
LOG (gmm-acc-mllt[5.5.907~1-cbed4]:main():gmm-acc-mllt.cc:108) Average like for this file is -49.0039 over 706 frames.
LOG (gmm-acc-mllt[5.5.907~1-cbed4]:main():gmm-acc-mllt.cc:108) Average like for this file is -51.0615 over 819 frames.
LOG (gmm-acc-mllt[5.5.907~1-cbed4]:main():gmm-acc-mllt.cc:108) Average like for this file is -50.4126 over 545 frames.
LOG (gmm-acc-mllt[5.5.907~1-cbed4]:main():gmm-acc-mllt.cc:108) Average like for this file is -48.9674 over 981 frames.
LOG (gmm-acc-mllt[5.5.907~1-cbed4]:main():gmm-acc-mllt.cc:108) Average like for this file is -50.6128 over 890 frames.
LOG (gmm-acc-mllt[5.5.907~1-cbed4]:main():gmm-acc-mllt.cc:108) Average like for this file is -50.8702 over 774 frames.
LOG (gmm-acc-mllt[5.5.907~1-cbed4]:main():gmm-acc-mllt.cc:108) Average like for this file is -51.2241 over 546 frames.
LOG (gmm-acc-mllt[5.5.907~1-cbed4]:main():gmm-acc-mllt.cc:108) Average like for this file is -51.057 over 640 frames.
LOG (gmm-acc-mllt[5.5.907~1-cbed4]:main():gmm-acc-mllt.cc:108) Average like for this file is -50.3627 over 731 frames.
LOG (gmm-acc-mllt[5.5.907~1-cbed4]:main():gmm-acc-mllt.cc:108) Average like for this file is -50.2457 over 626 frames.
LOG (gmm-acc-mllt[5.5.907~1-cbed4]:main():gmm-acc-mllt.cc:114) Avg like per frame so far is -52.4557
LOG (gmm-acc-mllt[5.5.907~1-cbed4]:main():gmm-acc-mllt.cc:108) Average like for this file is -48.8369 over 700 frames.
LOG (gmm-acc-mllt[5.5.907~1-cbed4]:main():gmm-acc-mllt.cc:108) Average like for this file is -53.6711 over 702 frames.
LOG (gmm-acc-mllt[5.5.907~1-cbed4]:main():gmm-acc-mllt.cc:108) Average like for this file is -50.2955 over 632 frames.
LOG (gmm-acc-mllt[5.5.907~1-cbed4]:main():gmm-acc-mllt.cc:108) Average like for this file is -50.3462 over 569 frames.
LOG (gmm-acc-mllt[5.5.907~1-cbed4]:main():gmm-acc-mllt.cc:108) Average like for this file is -50.4159 over 642 frames.
LOG (gmm-acc-mllt[5.5.907~1-cbed4]:main():gmm-acc-mllt.cc:108) Average like for this file is -49.9542 over 718 frames.
LOG (gmm-acc-mllt[5.5.907~1-cbed4]:main():gmm-acc-mllt.cc:108) Average like for this file is -52.4222 over 733 frames.
LOG (gmm-acc-mllt[5.5.907~1-cbed4]:main():gmm-acc-mllt.cc:108) Average like for this file is -51.9788 over 893 frames.
LOG (gmm-acc-mllt[5.5.907~1-cbed4]:main():gmm-acc-mllt.cc:108) Average like for this file is -50.6923 over 572 frames.
LOG (gmm-acc-mllt[5.5.907~1-cbed4]:main():gmm-acc-mllt.cc:108) Average like for this file is -50.3572 over 893 frames.
LOG (gmm-acc-mllt[5.5.907~1-cbed4]:main():gmm-acc-mllt.cc:114) Avg like per frame so far is -52.3951
LOG (gmm-acc-mllt[5.5.907~1-cbed4]:main():gmm-acc-mllt.cc:108) Average like for this file is -51.8517 over 659 frames.
LOG (gmm-acc-mllt[5.5.907~1-cbed4]:main():gmm-acc-mllt.cc:108) Average like for this file is -51.0168 over 720 frames.
LOG (gmm-acc-mllt[5.5.907~1-cbed4]:main():gmm-acc-mllt.cc:108) Average like for this file is -51.47 over 769 frames.
LOG (gmm-acc-mllt[5.5.907~1-cbed4]:main():gmm-acc-mllt.cc:108) Average like for this file is -51.5328 over 609 frames.
LOG (gmm-acc-mllt[5.5.907~1-cbed4]:main():gmm-acc-mllt.cc:108) Average like for this file is -49.0115 over 863 frames.
LOG (gmm-acc-mllt[5.5.907~1-cbed4]:main():gmm-acc-mllt.cc:108) Average like for this file is -52.1873 over 681 frames.
LOG (gmm-acc-mllt[5.5.907~1-cbed4]:main():gmm-acc-mllt.cc:108) Average like for this file is -52.2662 over 731 frames.
LOG (gmm-acc-mllt[5.5.907~1-cbed4]:main():gmm-acc-mllt.cc:108) Average like for this file is -53.8972 over 537 frames.
LOG (gmm-acc-mllt[5.5.907~1-cbed4]:main():gmm-acc-mllt.cc:108) Average like for this file is -51.434 over 640 frames.
LOG (gmm-acc-mllt[5.5.907~1-cbed4]:main():gmm-acc-mllt.cc:108) Average like for this file is -51.537 over 796 frames.
LOG (gmm-acc-mllt[5.5.907~1-cbed4]:main():gmm-acc-mllt.cc:114) Avg like per frame so far is -52.3611
LOG (gmm-acc-mllt[5.5.907~1-cbed4]:main():gmm-acc-mllt.cc:108) Average like for this file is -51.6616 over 686 frames.
LOG (gmm-acc-mllt[5.5.907~1-cbed4]:main():gmm-acc-mllt.cc:108) Average like for this file is -53.4485 over 648 frames.
LOG (gmm-acc-mllt[5.5.907~1-cbed4]:main():gmm-acc-mllt.cc:108) Average like for this file is -54.1028 over 590 frames.
LOG (gmm-acc-mllt[5.5.907~1-cbed4]:main():gmm-acc-mllt.cc:108) Average like for this file is -52.6327 over 671 frames.
LOG (gmm-acc-mllt[5.5.907~1-cbed4]:main():gmm-acc-mllt.cc:108) Average like for this file is -49.7015 over 666 frames.
LOG (gmm-acc-mllt[5.5.907~1-cbed4]:main():gmm-acc-mllt.cc:108) Average like for this file is -52.9974 over 589 frames.
LOG (gmm-acc-mllt[5.5.907~1-cbed4]:main():gmm-acc-mllt.cc:108) Average like for this file is -52.6833 over 683 frames.
LOG (gmm-acc-mllt[5.5.907~1-cbed4]:main():gmm-acc-mllt.cc:108) Average like for this file is -53.9986 over 609 frames.
LOG (gmm-acc-mllt[5.5.907~1-cbed4]:main():gmm-acc-mllt.cc:108) Average like for this file is -54.163 over 723 frames.
LOG (gmm-acc-mllt[5.5.907~1-cbed4]:main():gmm-acc-mllt.cc:108) Average like for this file is -52.2879 over 898 frames.
LOG (gmm-acc-mllt[5.5.907~1-cbed4]:main():gmm-acc-mllt.cc:114) Avg like per frame so far is -52.3743
LOG (gmm-acc-mllt[5.5.907~1-cbed4]:main():gmm-acc-mllt.cc:108) Average like for this file is -53.8979 over 557 frames.
LOG (gmm-acc-mllt[5.5.907~1-cbed4]:main():gmm-acc-mllt.cc:108) Average like for this file is -52.6978 over 613 frames.
LOG (gmm-acc-mllt[5.5.907~1-cbed4]:main():gmm-acc-mllt.cc:108) Average like for this file is -51.8186 over 590 frames.
LOG (gmm-acc-mllt[5.5.907~1-cbed4]:main():gmm-acc-mllt.cc:108) Average like for this file is -54.0695 over 914 frames.
LOG (gmm-acc-mllt[5.5.907~1-cbed4]:main():gmm-acc-mllt.cc:108) Average like for this file is -55.1033 over 988 frames.
LOG (gmm-acc-mllt[5.5.907~1-cbed4]:main():gmm-acc-mllt.cc:108) Average like for this file is -52.8574 over 675 frames.
LOG (gmm-acc-mllt[5.5.907~1-cbed4]:main():gmm-acc-mllt.cc:108) Average like for this file is -52.5041 over 810 frames.
LOG (gmm-acc-mllt[5.5.907~1-cbed4]:main():gmm-acc-mllt.cc:108) Average like for this file is -52.5183 over 792 frames.
LOG (gmm-acc-mllt[5.5.907~1-cbed4]:main():gmm-acc-mllt.cc:108) Average like for this file is -52.782 over 610 frames.
LOG (gmm-acc-mllt[5.5.907~1-cbed4]:main():gmm-acc-mllt.cc:108) Average like for this file is -50.9799 over 609 frames.
LOG (gmm-acc-mllt[5.5.907~1-cbed4]:main():gmm-acc-mllt.cc:114) Avg like per frame so far is -52.3991
LOG (gmm-acc-mllt[5.5.907~1-cbed4]:main():gmm-acc-mllt.cc:108) Average like for this file is -50.3508 over 804 frames.
LOG (gmm-acc-mllt[5.5.907~1-cbed4]:main():gmm-acc-mllt.cc:108) Average like for this file is -53.2959 over 641 frames.
LOG (gmm-acc-mllt[5.5.907~1-cbed4]:main():gmm-acc-mllt.cc:108) Average like for this file is -52.2078 over 640 frames.
LOG (gmm-acc-mllt[5.5.907~1-cbed4]:main():gmm-acc-mllt.cc:108) Average like for this file is -52.6549 over 655 frames.
LOG (gmm-acc-mllt[5.5.907~1-cbed4]:main():gmm-acc-mllt.cc:108) Average like for this file is -51.0889 over 610 frames.
LOG (gmm-acc-mllt[5.5.907~1-cbed4]:main():gmm-acc-mllt.cc:108) Average like for this file is -50.7062 over 713 frames.
LOG (gmm-acc-mllt[5.5.907~1-cbed4]:main():gmm-acc-mllt.cc:108) Average like for this file is -51.7364 over 761 frames.
LOG (gmm-acc-mllt[5.5.907~1-cbed4]:main():gmm-acc-mllt.cc:108) Average like for this file is -51.7394 over 682 frames.
LOG (gmm-acc-mllt[5.5.907~1-cbed4]:main():gmm-acc-mllt.cc:108) Average like for this file is -49.6058 over 690 frames.
LOG (gmm-acc-mllt[5.5.907~1-cbed4]:main():gmm-acc-mllt.cc:108) Average like for this file is -50.1952 over 654 frames.
LOG (gmm-acc-mllt[5.5.907~1-cbed4]:main():gmm-acc-mllt.cc:114) Avg like per frame so far is -52.3631
LOG (gmm-acc-mllt[5.5.907~1-cbed4]:main():gmm-acc-mllt.cc:108) Average like for this file is -52.7499 over 593 frames.
LOG (gmm-acc-mllt[5.5.907~1-cbed4]:main():gmm-acc-mllt.cc:108) Average like for this file is -52.4624 over 603 frames.
LOG (gmm-acc-mllt[5.5.907~1-cbed4]:main():gmm-acc-mllt.cc:108) Average like for this file is -53.2645 over 754 frames.
LOG (gmm-acc-mllt[5.5.907~1-cbed4]:main():gmm-acc-mllt.cc:108) Average like for this file is -54.5835 over 560 frames.
LOG (gmm-acc-mllt[5.5.907~1-cbed4]:main():gmm-acc-mllt.cc:108) Average like for this file is -51.7778 over 553 frames.
LOG (gmm-acc-mllt[5.5.907~1-cbed4]:main():gmm-acc-mllt.cc:108) Average like for this file is -53.6336 over 796 frames.
LOG (gmm-acc-mllt[5.5.907~1-cbed4]:main():gmm-acc-mllt.cc:108) Average like for this file is -55.0428 over 578 frames.
LOG (gmm-acc-mllt[5.5.907~1-cbed4]:main():gmm-acc-mllt.cc:108) Average like for this file is -52.6579 over 614 frames.
LOG (gmm-acc-mllt[5.5.907~1-cbed4]:main():gmm-acc-mllt.cc:108) Average like for this file is -54.4369 over 775 frames.
LOG (gmm-acc-mllt[5.5.907~1-cbed4]:main():gmm-acc-mllt.cc:108) Average like for this file is -55.3375 over 1067 frames.
LOG (gmm-acc-mllt[5.5.907~1-cbed4]:main():gmm-acc-mllt.cc:114) Avg like per frame so far is -52.4077
LOG (gmm-acc-mllt[5.5.907~1-cbed4]:main():gmm-acc-mllt.cc:108) Average like for this file is -55.5924 over 901 frames.
LOG (gmm-acc-mllt[5.5.907~1-cbed4]:main():gmm-acc-mllt.cc:108) Average like for this file is -54.5235 over 808 frames.
LOG (gmm-acc-mllt[5.5.907~1-cbed4]:main():gmm-acc-mllt.cc:108) Average like for this file is -61.8986 over 880 frames.
LOG (gmm-acc-mllt[5.5.907~1-cbed4]:main():gmm-acc-mllt.cc:108) Average like for this file is -56.8015 over 980 frames.
LOG (gmm-acc-mllt[5.5.907~1-cbed4]:main():gmm-acc-mllt.cc:108) Average like for this file is -57.4059 over 661 frames.
LOG (gmm-acc-mllt[5.5.907~1-cbed4]:main():gmm-acc-mllt.cc:108) Average like for this file is -59.8569 over 622 frames.
LOG (gmm-acc-mllt[5.5.907~1-cbed4]:main():gmm-acc-mllt.cc:108) Average like for this file is -59.263 over 762 frames.
LOG (gmm-acc-mllt[5.5.907~1-cbed4]:main():gmm-acc-mllt.cc:108) Average like for this file is -54.6841 over 964 frames.
LOG (gmm-acc-mllt[5.5.907~1-cbed4]:main():gmm-acc-mllt.cc:108) Average like for this file is -55.0458 over 544 frames.
LOG (gmm-acc-mllt[5.5.907~1-cbed4]:main():gmm-acc-mllt.cc:108) Average like for this file is -56.6285 over 578 frames.
LOG (gmm-acc-mllt[5.5.907~1-cbed4]:main():gmm-acc-mllt.cc:114) Avg like per frame so far is -52.5744
LOG (gmm-acc-mllt[5.5.907~1-cbed4]:main():gmm-acc-mllt.cc:108) Average like for this file is -54.9079 over 681 frames.
LOG (gmm-acc-mllt[5.5.907~1-cbed4]:main():gmm-acc-mllt.cc:108) Average like for this file is -54.0856 over 957 frames.
LOG (gmm-acc-mllt[5.5.907~1-cbed4]:main():gmm-acc-mllt.cc:108) Average like for this file is -54.2633 over 565 frames.
LOG (gmm-acc-mllt[5.5.907~1-cbed4]:main():gmm-acc-mllt.cc:108) Average like for this file is -57.3265 over 1295 frames.
LOG (gmm-acc-mllt[5.5.907~1-cbed4]:main():gmm-acc-mllt.cc:108) Average like for this file is -52.0999 over 716 frames.
LOG (gmm-acc-mllt[5.5.907~1-cbed4]:main():gmm-acc-mllt.cc:108) Average like for this file is -54.5697 over 446 frames.
LOG (gmm-acc-mllt[5.5.907~1-cbed4]:main():gmm-acc-mllt.cc:108) Average like for this file is -57.2486 over 216 frames.
LOG (gmm-acc-mllt[5.5.907~1-cbed4]:main():gmm-acc-mllt.cc:108) Average like for this file is -57.4886 over 408 frames.
LOG (gmm-acc-mllt[5.5.907~1-cbed4]:main():gmm-acc-mllt.cc:108) Average like for this file is -56.3032 over 608 frames.
LOG (gmm-acc-mllt[5.5.907~1-cbed4]:main():gmm-acc-mllt.cc:108) Average like for this file is -55.8027 over 393 frames.
LOG (gmm-acc-mllt[5.5.907~1-cbed4]:main():gmm-acc-mllt.cc:114) Avg like per frame so far is -52.651
LOG (gmm-acc-mllt[5.5.907~1-cbed4]:main():gmm-acc-mllt.cc:108) Average like for this file is -60.0015 over 337 frames.
LOG (gmm-acc-mllt[5.5.907~1-cbed4]:main():gmm-acc-mllt.cc:108) Average like for this file is -57.8754 over 321 frames.
LOG (gmm-acc-mllt[5.5.907~1-cbed4]:main():gmm-acc-mllt.cc:108) Average like for this file is -55.7807 over 366 frames.
LOG (gmm-acc-mllt[5.5.907~1-cbed4]:main():gmm-acc-mllt.cc:108) Average like for this file is -57.0101 over 438 frames.
LOG (gmm-acc-mllt[5.5.907~1-cbed4]:main():gmm-acc-mllt.cc:108) Average like for this file is -53.6756 over 320 frames.
LOG (gmm-acc-mllt[5.5.907~1-cbed4]:main():gmm-acc-mllt.cc:108) Average like for this file is -61.2274 over 409 frames.
LOG (gmm-acc-mllt[5.5.907~1-cbed4]:main():gmm-acc-mllt.cc:108) Average like for this file is -61.1174 over 287 frames.
LOG (gmm-acc-mllt[5.5.907~1-cbed4]:main():gmm-acc-mllt.cc:108) Average like for this file is -56.925 over 513 frames.
LOG (gmm-acc-mllt[5.5.907~1-cbed4]:main():gmm-acc-mllt.cc:108) Average like for this file is -60.9104 over 390 frames.
LOG (gmm-acc-mllt[5.5.907~1-cbed4]:main():gmm-acc-mllt.cc:108) Average like for this file is -58.9268 over 475 frames.
LOG (gmm-acc-mllt[5.5.907~1-cbed4]:main():gmm-acc-mllt.cc:114) Avg like per frame so far is -52.7466
LOG (gmm-acc-mllt[5.5.907~1-cbed4]:main():gmm-acc-mllt.cc:108) Average like for this file is -59.4386 over 321 frames.
LOG (gmm-acc-mllt[5.5.907~1-cbed4]:main():gmm-acc-mllt.cc:108) Average like for this file is -61.0105 over 386 frames.
LOG (gmm-acc-mllt[5.5.907~1-cbed4]:main():gmm-acc-mllt.cc:108) Average like for this file is -61.3997 over 411 frames.
LOG (gmm-acc-mllt[5.5.907~1-cbed4]:main():gmm-acc-mllt.cc:108) Average like for this file is -61.3892 over 486 frames.
LOG (gmm-acc-mllt[5.5.907~1-cbed4]:main():gmm-acc-mllt.cc:108) Average like for this file is -59.0206 over 611 frames.
LOG (gmm-acc-mllt[5.5.907~1-cbed4]:main():gmm-acc-mllt.cc:108) Average like for this file is -61.1754 over 394 frames.
LOG (gmm-acc-mllt[5.5.907~1-cbed4]:main():gmm-acc-mllt.cc:108) Average like for this file is -63.8433 over 467 frames.
LOG (gmm-acc-mllt[5.5.907~1-cbed4]:main():gmm-acc-mllt.cc:108) Average like for this file is -61.3059 over 353 frames.
LOG (gmm-acc-mllt[5.5.907~1-cbed4]:main():gmm-acc-mllt.cc:108) Average like for this file is -59.5682 over 612 frames.
LOG (gmm-acc-mllt[5.5.907~1-cbed4]:main():gmm-acc-mllt.cc:108) Average like for this file is -58.6307 over 527 frames.
LOG (gmm-acc-mllt[5.5.907~1-cbed4]:main():gmm-acc-mllt.cc:114) Avg like per frame so far is -52.8996
LOG (gmm-acc-mllt[5.5.907~1-cbed4]:main():gmm-acc-mllt.cc:108) Average like for this file is -61.6666 over 442 frames.
LOG (gmm-acc-mllt[5.5.907~1-cbed4]:main():gmm-acc-mllt.cc:108) Average like for this file is -62.6481 over 464 frames.
LOG (gmm-acc-mllt[5.5.907~1-cbed4]:main():gmm-acc-mllt.cc:108) Average like for this file is -59.5772 over 616 frames.
LOG (gmm-acc-mllt[5.5.907~1-cbed4]:main():gmm-acc-mllt.cc:108) Average like for this file is -64.8659 over 537 frames.
LOG (gmm-acc-mllt[5.5.907~1-cbed4]:main():gmm-acc-mllt.cc:108) Average like for this file is -61.2993 over 571 frames.
LOG (gmm-acc-mllt[5.5.907~1-cbed4]:main():gmm-acc-mllt.cc:108) Average like for this file is -65.3099 over 559 frames.
LOG (gmm-acc-mllt[5.5.907~1-cbed4]:main():gmm-acc-mllt.cc:108) Average like for this file is -64.7297 over 837 frames.
LOG (gmm-acc-mllt[5.5.907~1-cbed4]:main():gmm-acc-mllt.cc:108) Average like for this file is -63.3305 over 980 frames.
LOG (gmm-acc-mllt[5.5.907~1-cbed4]:main():gmm-acc-mllt.cc:108) Average like for this file is -61.9808 over 771 frames.
LOG (gmm-acc-mllt[5.5.907~1-cbed4]:main():gmm-acc-mllt.cc:108) Average like for this file is -61.2399 over 1167 frames.
LOG (gmm-acc-mllt[5.5.907~1-cbed4]:main():gmm-acc-mllt.cc:114) Avg like per frame so far is -53.1805
LOG (gmm-acc-mllt[5.5.907~1-cbed4]:main():gmm-acc-mllt.cc:108) Average like for this file is -59.6128 over 371 frames.
LOG (gmm-acc-mllt[5.5.907~1-cbed4]:main():gmm-acc-mllt.cc:108) Average like for this file is -59.4078 over 646 frames.
LOG (gmm-acc-mllt[5.5.907~1-cbed4]:main():gmm-acc-mllt.cc:108) Average like for this file is -57.0787 over 519 frames.
LOG (gmm-acc-mllt[5.5.907~1-cbed4]:main():gmm-acc-mllt.cc:108) Average like for this file is -58.4512 over 640 frames.
LOG (gmm-acc-mllt[5.5.907~1-cbed4]:main():gmm-acc-mllt.cc:108) Average like for this file is -57.4179 over 800 frames.
LOG (gmm-acc-mllt[5.5.907~1-cbed4]:main():gmm-acc-mllt.cc:108) Average like for this file is -57.3157 over 669 frames.
LOG (gmm-acc-mllt[5.5.907~1-cbed4]:main():gmm-acc-mllt.cc:108) Average like for this file is -59.2007 over 412 frames.
LOG (gmm-acc-mllt[5.5.907~1-cbed4]:main():gmm-acc-mllt.cc:108) Average like for this file is -54.59 over 420 frames.
LOG (gmm-acc-mllt[5.5.907~1-cbed4]:main():gmm-acc-mllt.cc:108) Average like for this file is -58.9701 over 513 frames.
LOG (gmm-acc-mllt[5.5.907~1-cbed4]:main():gmm-acc-mllt.cc:108) Average like for this file is -47.6455 over 568 frames.
LOG (gmm-acc-mllt[5.5.907~1-cbed4]:main():gmm-acc-mllt.cc:114) Avg like per frame so far is -53.2653
LOG (gmm-acc-mllt[5.5.907~1-cbed4]:main():gmm-acc-mllt.cc:108) Average like for this file is -53.2909 over 393 frames.
LOG (gmm-acc-mllt[5.5.907~1-cbed4]:main():gmm-acc-mllt.cc:108) Average like for this file is -53.7029 over 244 frames.
LOG (gmm-acc-mllt[5.5.907~1-cbed4]:main():gmm-acc-mllt.cc:108) Average like for this file is -52.4713 over 379 frames.
LOG (gmm-acc-mllt[5.5.907~1-cbed4]:main():gmm-acc-mllt.cc:108) Average like for this file is -52.8533 over 501 frames.
LOG (gmm-acc-mllt[5.5.907~1-cbed4]:main():gmm-acc-mllt.cc:108) Average like for this file is -55.3572 over 329 frames.
LOG (gmm-acc-mllt[5.5.907~1-cbed4]:main():gmm-acc-mllt.cc:108) Average like for this file is -50.0209 over 669 frames.
LOG (gmm-acc-mllt[5.5.907~1-cbed4]:main():gmm-acc-mllt.cc:108) Average like for this file is -53.0826 over 483 frames.
LOG (gmm-acc-mllt[5.5.907~1-cbed4]:main():gmm-acc-mllt.cc:108) Average like for this file is -49.9199 over 660 frames.
LOG (gmm-acc-mllt[5.5.907~1-cbed4]:main():gmm-acc-mllt.cc:108) Average like for this file is -51.0721 over 648 frames.
LOG (gmm-acc-mllt[5.5.907~1-cbed4]:main():gmm-acc-mllt.cc:108) Average like for this file is -52.5351 over 763 frames.
LOG (gmm-acc-mllt[5.5.907~1-cbed4]:main():gmm-acc-mllt.cc:114) Avg like per frame so far is -53.2408
LOG (gmm-acc-mllt[5.5.907~1-cbed4]:main():gmm-acc-mllt.cc:108) Average like for this file is -52.4547 over 467 frames.
LOG (gmm-acc-mllt[5.5.907~1-cbed4]:main():gmm-acc-mllt.cc:108) Average like for this file is -51.3471 over 606 frames.
LOG (gmm-acc-mllt[5.5.907~1-cbed4]:main():gmm-acc-mllt.cc:108) Average like for this file is -51.4026 over 644 frames.
LOG (gmm-acc-mllt[5.5.907~1-cbed4]:main():gmm-acc-mllt.cc:108) Average like for this file is -50.4962 over 697 frames.
LOG (gmm-acc-mllt[5.5.907~1-cbed4]:main():gmm-acc-mllt.cc:108) Average like for this file is -51.1477 over 726 frames.
LOG (gmm-acc-mllt[5.5.907~1-cbed4]:main():gmm-acc-mllt.cc:108) Average like for this file is -51.8874 over 631 frames.
LOG (gmm-acc-mllt[5.5.907~1-cbed4]:main():gmm-acc-mllt.cc:108) Average like for this file is -51.5207 over 451 frames.
LOG (gmm-acc-mllt[5.5.907~1-cbed4]:main():gmm-acc-mllt.cc:108) Average like for this file is -54.4565 over 479 frames.
LOG (gmm-acc-mllt[5.5.907~1-cbed4]:main():gmm-acc-mllt.cc:108) Average like for this file is -64.6902 over 380 frames.
LOG (gmm-acc-mllt[5.5.907~1-cbed4]:main():gmm-acc-mllt.cc:108) Average like for this file is -49.1669 over 551 frames.
LOG (gmm-acc-mllt[5.5.907~1-cbed4]:main():gmm-acc-mllt.cc:114) Avg like per frame so far is -53.221
LOG (gmm-acc-mllt[5.5.907~1-cbed4]:main():gmm-acc-mllt.cc:108) Average like for this file is -58.6357 over 391 frames.
LOG (gmm-acc-mllt[5.5.907~1-cbed4]:main():gmm-acc-mllt.cc:108) Average like for this file is -53.7735 over 623 frames.
LOG (gmm-acc-mllt[5.5.907~1-cbed4]:main():gmm-acc-mllt.cc:108) Average like for this file is -53.2656 over 466 frames.
LOG (gmm-acc-mllt[5.5.907~1-cbed4]:main():gmm-acc-mllt.cc:108) Average like for this file is -55.4728 over 740 frames.
LOG (gmm-acc-mllt[5.5.907~1-cbed4]:main():gmm-acc-mllt.cc:108) Average like for this file is -55.0224 over 716 frames.
LOG (gmm-acc-mllt[5.5.907~1-cbed4]:main():gmm-acc-mllt.cc:108) Average like for this file is -56.1907 over 718 frames.
LOG (gmm-acc-mllt[5.5.907~1-cbed4]:main():gmm-acc-mllt.cc:108) Average like for this file is -53.3362 over 637 frames.
LOG (gmm-acc-mllt[5.5.907~1-cbed4]:main():gmm-acc-mllt.cc:108) Average like for this file is -54.715 over 477 frames.
LOG (gmm-acc-mllt[5.5.907~1-cbed4]:main():gmm-acc-mllt.cc:108) Average like for this file is -54.2285 over 1049 frames.
LOG (gmm-acc-mllt[5.5.907~1-cbed4]:main():gmm-acc-mllt.cc:108) Average like for this file is -52.4315 over 671 frames.
LOG (gmm-acc-mllt[5.5.907~1-cbed4]:main():gmm-acc-mllt.cc:114) Avg like per frame so far is -53.2548
LOG (gmm-acc-mllt[5.5.907~1-cbed4]:main():gmm-acc-mllt.cc:108) Average like for this file is -53.583 over 521 frames.
LOG (gmm-acc-mllt[5.5.907~1-cbed4]:main():gmm-acc-mllt.cc:108) Average like for this file is -54.0688 over 738 frames.
LOG (gmm-acc-mllt[5.5.907~1-cbed4]:main():gmm-acc-mllt.cc:108) Average like for this file is -52.5944 over 659 frames.
LOG (gmm-acc-mllt[5.5.907~1-cbed4]:main():gmm-acc-mllt.cc:108) Average like for this file is -53.7253 over 818 frames.
LOG (gmm-acc-mllt[5.5.907~1-cbed4]:main():gmm-acc-mllt.cc:108) Average like for this file is -53.7113 over 712 frames.
LOG (gmm-acc-mllt[5.5.907~1-cbed4]:main():gmm-acc-mllt.cc:108) Average like for this file is -55.0985 over 690 frames.
LOG (gmm-acc-mllt[5.5.907~1-cbed4]:main():gmm-acc-mllt.cc:108) Average like for this file is -57.6035 over 415 frames.
LOG (gmm-acc-mllt[5.5.907~1-cbed4]:main():gmm-acc-mllt.cc:108) Average like for this file is -54.9261 over 576 frames.
LOG (gmm-acc-mllt[5.5.907~1-cbed4]:main():gmm-acc-mllt.cc:108) Average like for this file is -54.6927 over 693 frames.
LOG (gmm-acc-mllt[5.5.907~1-cbed4]:main():gmm-acc-mllt.cc:108) Average like for this file is -55.5097 over 355 frames.
LOG (gmm-acc-mllt[5.5.907~1-cbed4]:main():gmm-acc-mllt.cc:114) Avg like per frame so far is -53.2803
LOG (gmm-acc-mllt[5.5.907~1-cbed4]:main():gmm-acc-mllt.cc:108) Average like for this file is -55.1116 over 654 frames.
LOG (gmm-acc-mllt[5.5.907~1-cbed4]:main():gmm-acc-mllt.cc:108) Average like for this file is -55.1223 over 571 frames.
LOG (gmm-acc-mllt[5.5.907~1-cbed4]:main():gmm-acc-mllt.cc:108) Average like for this file is -53.228 over 822 frames.
LOG (gmm-acc-mllt[5.5.907~1-cbed4]:main():gmm-acc-mllt.cc:108) Average like for this file is -53.3301 over 587 frames.
LOG (gmm-acc-mllt[5.5.907~1-cbed4]:main():gmm-acc-mllt.cc:108) Average like for this file is -57.7149 over 579 frames.
LOG (gmm-acc-mllt[5.5.907~1-cbed4]:main():gmm-acc-mllt.cc:108) Average like for this file is -53.1985 over 751 frames.
LOG (gmm-acc-mllt[5.5.907~1-cbed4]:main():gmm-acc-mllt.cc:108) Average like for this file is -54.9976 over 976 frames.
LOG (gmm-acc-mllt[5.5.907~1-cbed4]:main():gmm-acc-mllt.cc:108) Average like for this file is -54.4325 over 691 frames.
LOG (gmm-acc-mllt[5.5.907~1-cbed4]:main():gmm-acc-mllt.cc:108) Average like for this file is -53.5968 over 646 frames.
LOG (gmm-acc-mllt[5.5.907~1-cbed4]:main():gmm-acc-mllt.cc:108) Average like for this file is -62.4041 over 539 frames.
LOG (gmm-acc-mllt[5.5.907~1-cbed4]:main():gmm-acc-mllt.cc:114) Avg like per frame so far is -53.325
LOG (gmm-acc-mllt[5.5.907~1-cbed4]:main():gmm-acc-mllt.cc:108) Average like for this file is -66.929 over 606 frames.
LOG (gmm-acc-mllt[5.5.907~1-cbed4]:main():gmm-acc-mllt.cc:108) Average like for this file is -67.6453 over 524 frames.
LOG (gmm-acc-mllt[5.5.907~1-cbed4]:main():gmm-acc-mllt.cc:108) Average like for this file is -70.5375 over 492 frames.
LOG (gmm-acc-mllt[5.5.907~1-cbed4]:main():gmm-acc-mllt.cc:108) Average like for this file is -68.968 over 504 frames.
LOG (gmm-acc-mllt[5.5.907~1-cbed4]:main():gmm-acc-mllt.cc:108) Average like for this file is -69.0667 over 443 frames.
LOG (gmm-acc-mllt[5.5.907~1-cbed4]:main():gmm-acc-mllt.cc:108) Average like for this file is -64.2343 over 434 frames.
LOG (gmm-acc-mllt[5.5.907~1-cbed4]:main():gmm-acc-mllt.cc:108) Average like for this file is -66.602 over 397 frames.
LOG (gmm-acc-mllt[5.5.907~1-cbed4]:main():gmm-acc-mllt.cc:108) Average like for this file is -65.5385 over 484 frames.
LOG (gmm-acc-mllt[5.5.907~1-cbed4]:main():gmm-acc-mllt.cc:108) Average like for this file is -70.2805 over 360 frames.
LOG (gmm-acc-mllt[5.5.907~1-cbed4]:main():gmm-acc-mllt.cc:108) Average like for this file is -68.178 over 470 frames.
LOG (gmm-acc-mllt[5.5.907~1-cbed4]:main():gmm-acc-mllt.cc:114) Avg like per frame so far is -53.5674
LOG (gmm-acc-mllt[5.5.907~1-cbed4]:main():gmm-acc-mllt.cc:108) Average like for this file is -66.7566 over 427 frames.
LOG (gmm-acc-mllt[5.5.907~1-cbed4]:main():gmm-acc-mllt.cc:108) Average like for this file is -69.4525 over 471 frames.
LOG (gmm-acc-mllt[5.5.907~1-cbed4]:main():gmm-acc-mllt.cc:108) Average like for this file is -68.7648 over 476 frames.
LOG (gmm-acc-mllt[5.5.907~1-cbed4]:main():gmm-acc-mllt.cc:108) Average like for this file is -69.8072 over 646 frames.
LOG (gmm-acc-mllt[5.5.907~1-cbed4]:main():gmm-acc-mllt.cc:108) Average like for this file is -54.2603 over 615 frames.
LOG (gmm-acc-mllt[5.5.907~1-cbed4]:main():gmm-acc-mllt.cc:108) Average like for this file is -53.8823 over 635 frames.
LOG (gmm-acc-mllt[5.5.907~1-cbed4]:main():gmm-acc-mllt.cc:108) Average like for this file is -53.0391 over 478 frames.
LOG (gmm-acc-mllt[5.5.907~1-cbed4]:main():gmm-acc-mllt.cc:108) Average like for this file is -54.036 over 449 frames.
LOG (gmm-acc-mllt[5.5.907~1-cbed4]:main():gmm-acc-mllt.cc:108) Average like for this file is -54.0663 over 419 frames.
LOG (gmm-acc-mllt[5.5.907~1-cbed4]:main():gmm-acc-mllt.cc:108) Average like for this file is -53.7917 over 505 frames.
LOG (gmm-acc-mllt[5.5.907~1-cbed4]:main():gmm-acc-mllt.cc:114) Avg like per frame so far is -53.6784
LOG (gmm-acc-mllt[5.5.907~1-cbed4]:main():gmm-acc-mllt.cc:108) Average like for this file is -56.9705 over 285 frames.
LOG (gmm-acc-mllt[5.5.907~1-cbed4]:main():gmm-acc-mllt.cc:108) Average like for this file is -54.0028 over 452 frames.
LOG (gmm-acc-mllt[5.5.907~1-cbed4]:main():gmm-acc-mllt.cc:108) Average like for this file is -54.8883 over 599 frames.
LOG (gmm-acc-mllt[5.5.907~1-cbed4]:main():gmm-acc-mllt.cc:108) Average like for this file is -57.505 over 469 frames.
LOG (gmm-acc-mllt[5.5.907~1-cbed4]:main():gmm-acc-mllt.cc:108) Average like for this file is -56.9224 over 563 frames.
LOG (gmm-acc-mllt[5.5.907~1-cbed4]:main():gmm-acc-mllt.cc:108) Average like for this file is -58.7654 over 489 frames.
LOG (gmm-acc-mllt[5.5.907~1-cbed4]:main():gmm-acc-mllt.cc:108) Average like for this file is -55.2295 over 413 frames.
LOG (gmm-acc-mllt[5.5.907~1-cbed4]:main():gmm-acc-mllt.cc:108) Average like for this file is -59.2703 over 446 frames.
LOG (gmm-acc-mllt[5.5.907~1-cbed4]:main():gmm-acc-mllt.cc:108) Average like for this file is -56.0153 over 345 frames.
LOG (gmm-acc-mllt[5.5.907~1-cbed4]:main():gmm-acc-mllt.cc:108) Average like for this file is -55.0656 over 531 frames.
LOG (gmm-acc-mllt[5.5.907~1-cbed4]:main():gmm-acc-mllt.cc:114) Avg like per frame so far is -53.7217
LOG (gmm-acc-mllt[5.5.907~1-cbed4]:main():gmm-acc-mllt.cc:108) Average like for this file is -52.9193 over 490 frames.
LOG (gmm-acc-mllt[5.5.907~1-cbed4]:main():gmm-acc-mllt.cc:108) Average like for this file is -58.7721 over 501 frames.
LOG (gmm-acc-mllt[5.5.907~1-cbed4]:main():gmm-acc-mllt.cc:108) Average like for this file is -55.3382 over 730 frames.
LOG (gmm-acc-mllt[5.5.907~1-cbed4]:main():gmm-acc-mllt.cc:108) Average like for this file is -56.5039 over 685 frames.
LOG (gmm-acc-mllt[5.5.907~1-cbed4]:main():gmm-acc-mllt.cc:108) Average like for this file is -56.8931 over 469 frames.
LOG (gmm-acc-mllt[5.5.907~1-cbed4]:main():gmm-acc-mllt.cc:108) Average like for this file is -54.0466 over 641 frames.
LOG (gmm-acc-mllt[5.5.907~1-cbed4]:main():gmm-acc-mllt.cc:108) Average like for this file is -54.5658 over 572 frames.
LOG (gmm-acc-mllt[5.5.907~1-cbed4]:main():gmm-acc-mllt.cc:108) Average like for this file is -54.1023 over 737 frames.
LOG (gmm-acc-mllt[5.5.907~1-cbed4]:main():gmm-acc-mllt.cc:108) Average like for this file is -58.8027 over 321 frames.
LOG (gmm-acc-mllt[5.5.907~1-cbed4]:main():gmm-acc-mllt.cc:108) Average like for this file is -57.3349 over 721 frames.
LOG (gmm-acc-mllt[5.5.907~1-cbed4]:main():gmm-acc-mllt.cc:114) Avg like per frame so far is -53.7619
LOG (gmm-acc-mllt[5.5.907~1-cbed4]:main():gmm-acc-mllt.cc:108) Average like for this file is -58.9615 over 375 frames.
LOG (gmm-acc-mllt[5.5.907~1-cbed4]:main():gmm-acc-mllt.cc:108) Average like for this file is -55.5104 over 465 frames.
LOG (gmm-acc-mllt[5.5.907~1-cbed4]:main():gmm-acc-mllt.cc:108) Average like for this file is -55.7234 over 498 frames.
LOG (gmm-acc-mllt[5.5.907~1-cbed4]:main():gmm-acc-mllt.cc:108) Average like for this file is -57.0976 over 766 frames.
LOG (gmm-acc-mllt[5.5.907~1-cbed4]:main():gmm-acc-mllt.cc:108) Average like for this file is -56.022 over 760 frames.
LOG (gmm-acc-mllt[5.5.907~1-cbed4]:main():gmm-acc-mllt.cc:108) Average like for this file is -56.9488 over 571 frames.
LOG (gmm-acc-mllt[5.5.907~1-cbed4]:main():gmm-acc-mllt.cc:108) Average like for this file is -57.2227 over 546 frames.
LOG (gmm-acc-mllt[5.5.907~1-cbed4]:main():gmm-acc-mllt.cc:108) Average like for this file is -55.9055 over 579 frames.
LOG (gmm-acc-mllt[5.5.907~1-cbed4]:main():gmm-acc-mllt.cc:108) Average like for this file is -56.5042 over 746 frames.
LOG (gmm-acc-mllt[5.5.907~1-cbed4]:main():gmm-acc-mllt.cc:108) Average like for this file is -51.4833 over 490 frames.
LOG (gmm-acc-mllt[5.5.907~1-cbed4]:main():gmm-acc-mllt.cc:114) Avg like per frame so far is -53.8079
LOG (gmm-acc-mllt[5.5.907~1-cbed4]:main():gmm-acc-mllt.cc:108) Average like for this file is -53.196 over 544 frames.
LOG (gmm-acc-mllt[5.5.907~1-cbed4]:main():gmm-acc-mllt.cc:108) Average like for this file is -54.654 over 739 frames.
LOG (gmm-acc-mllt[5.5.907~1-cbed4]:main():gmm-acc-mllt.cc:108) Average like for this file is -55.0576 over 739 frames.
LOG (gmm-acc-mllt[5.5.907~1-cbed4]:main():gmm-acc-mllt.cc:108) Average like for this file is -53.5527 over 558 frames.
LOG (gmm-acc-mllt[5.5.907~1-cbed4]:main():gmm-acc-mllt.cc:108) Average like for this file is -52.8909 over 541 frames.
LOG (gmm-acc-mllt[5.5.907~1-cbed4]:main():gmm-acc-mllt.cc:108) Average like for this file is -50.8914 over 531 frames.
LOG (gmm-acc-mllt[5.5.907~1-cbed4]:main():gmm-acc-mllt.cc:108) Average like for this file is -53.257 over 856 frames.
LOG (gmm-acc-mllt[5.5.907~1-cbed4]:main():gmm-acc-mllt.cc:108) Average like for this file is -53.587 over 436 frames.
LOG (gmm-acc-mllt[5.5.907~1-cbed4]:main():gmm-acc-mllt.cc:108) Average like for this file is -53.5546 over 517 frames.
LOG (gmm-acc-mllt[5.5.907~1-cbed4]:main():gmm-acc-mllt.cc:108) Average like for this file is -51.8706 over 589 frames.
LOG (gmm-acc-mllt[5.5.907~1-cbed4]:main():gmm-acc-mllt.cc:114) Avg like per frame so far is -53.7988
LOG (gmm-acc-mllt[5.5.907~1-cbed4]:main():gmm-acc-mllt.cc:108) Average like for this file is -52.1621 over 523 frames.
LOG (gmm-acc-mllt[5.5.907~1-cbed4]:main():gmm-acc-mllt.cc:108) Average like for this file is -53.7092 over 657 frames.
LOG (gmm-acc-mllt[5.5.907~1-cbed4]:main():gmm-acc-mllt.cc:108) Average like for this file is -53.6951 over 489 frames.
LOG (gmm-acc-mllt[5.5.907~1-cbed4]:main():gmm-acc-mllt.cc:108) Average like for this file is -51.0876 over 459 frames.
LOG (gmm-acc-mllt[5.5.907~1-cbed4]:main():gmm-acc-mllt.cc:108) Average like for this file is -54.1132 over 447 frames.
LOG (gmm-acc-mllt[5.5.907~1-cbed4]:main():gmm-acc-mllt.cc:108) Average like for this file is -52.0981 over 540 frames.
LOG (gmm-acc-mllt[5.5.907~1-cbed4]:main():gmm-acc-mllt.cc:108) Average like for this file is -56.3957 over 468 frames.
LOG (gmm-acc-mllt[5.5.907~1-cbed4]:main():gmm-acc-mllt.cc:108) Average like for this file is -57.3859 over 341 frames.
LOG (gmm-acc-mllt[5.5.907~1-cbed4]:main():gmm-acc-mllt.cc:108) Average like for this file is -52.0559 over 498 frames.
LOG (gmm-acc-mllt[5.5.907~1-cbed4]:main():gmm-acc-mllt.cc:108) Average like for this file is -53.5536 over 544 frames.
LOG (gmm-acc-mllt[5.5.907~1-cbed4]:main():gmm-acc-mllt.cc:114) Avg like per frame so far is -53.7938
LOG (gmm-acc-mllt[5.5.907~1-cbed4]:main():gmm-acc-mllt.cc:108) Average like for this file is -52.7991 over 677 frames.
LOG (gmm-acc-mllt[5.5.907~1-cbed4]:main():gmm-acc-mllt.cc:108) Average like for this file is -54.0333 over 474 frames.
LOG (gmm-acc-mllt[5.5.907~1-cbed4]:main():gmm-acc-mllt.cc:108) Average like for this file is -51.0749 over 604 frames.
LOG (gmm-acc-mllt[5.5.907~1-cbed4]:main():gmm-acc-mllt.cc:108) Average like for this file is -55.8741 over 463 frames.
LOG (gmm-acc-mllt[5.5.907~1-cbed4]:main():gmm-acc-mllt.cc:108) Average like for this file is -53.1896 over 495 frames.
LOG (gmm-acc-mllt[5.5.907~1-cbed4]:main():gmm-acc-mllt.cc:108) Average like for this file is -56.3922 over 667 frames.
LOG (gmm-acc-mllt[5.5.907~1-cbed4]:main():gmm-acc-mllt.cc:108) Average like for this file is -55.4883 over 567 frames.
LOG (gmm-acc-mllt[5.5.907~1-cbed4]:main():gmm-acc-mllt.cc:108) Average like for this file is -53.6388 over 525 frames.
LOG (gmm-acc-mllt[5.5.907~1-cbed4]:main():gmm-acc-mllt.cc:108) Average like for this file is -54.2205 over 330 frames.
LOG (gmm-acc-mllt[5.5.907~1-cbed4]:main():gmm-acc-mllt.cc:108) Average like for this file is -64.9063 over 594 frames.
LOG (gmm-acc-mllt[5.5.907~1-cbed4]:main():gmm-acc-mllt.cc:114) Avg like per frame so far is -53.8184
LOG (gmm-acc-mllt[5.5.907~1-cbed4]:main():gmm-acc-mllt.cc:108) Average like for this file is -64.6397 over 348 frames.
LOG (gmm-acc-mllt[5.5.907~1-cbed4]:main():gmm-acc-mllt.cc:108) Average like for this file is -64.911 over 529 frames.
LOG (gmm-acc-mllt[5.5.907~1-cbed4]:main():gmm-acc-mllt.cc:108) Average like for this file is -66.7618 over 408 frames.
LOG (gmm-acc-mllt[5.5.907~1-cbed4]:main():gmm-acc-mllt.cc:108) Average like for this file is -63.7193 over 329 frames.
LOG (gmm-acc-mllt[5.5.907~1-cbed4]:main():gmm-acc-mllt.cc:108) Average like for this file is -65.7548 over 407 frames.
LOG (gmm-acc-mllt[5.5.907~1-cbed4]:main():gmm-acc-mllt.cc:108) Average like for this file is -64.5707 over 438 frames.
LOG (gmm-acc-mllt[5.5.907~1-cbed4]:main():gmm-acc-mllt.cc:108) Average like for this file is -68.9768 over 455 frames.
LOG (gmm-acc-mllt[5.5.907~1-cbed4]:main():gmm-acc-mllt.cc:108) Average like for this file is -69.7952 over 387 frames.
LOG (gmm-acc-mllt[5.5.907~1-cbed4]:main():gmm-acc-mllt.cc:108) Average like for this file is -68.081 over 447 frames.
LOG (gmm-acc-mllt[5.5.907~1-cbed4]:main():gmm-acc-mllt.cc:108) Average like for this file is -65.6058 over 578 frames.
LOG (gmm-acc-mllt[5.5.907~1-cbed4]:main():gmm-acc-mllt.cc:114) Avg like per frame so far is -53.9856
LOG (gmm-acc-mllt[5.5.907~1-cbed4]:main():gmm-acc-mllt.cc:108) Average like for this file is -68.2286 over 448 frames.
LOG (gmm-acc-mllt[5.5.907~1-cbed4]:main():gmm-acc-mllt.cc:108) Average like for this file is -61.9589 over 488 frames.
LOG (gmm-acc-mllt[5.5.907~1-cbed4]:main():gmm-acc-mllt.cc:108) Average like for this file is -61.7087 over 660 frames.
LOG (gmm-acc-mllt[5.5.907~1-cbed4]:main():gmm-acc-mllt.cc:108) Average like for this file is -63.706 over 425 frames.
LOG (gmm-acc-mllt[5.5.907~1-cbed4]:main():gmm-acc-mllt.cc:108) Average like for this file is -64.7128 over 412 frames.
LOG (gmm-acc-mllt[5.5.907~1-cbed4]:main():gmm-acc-mllt.cc:108) Average like for this file is -63.7453 over 536 frames.
LOG (gmm-acc-mllt[5.5.907~1-cbed4]:main():gmm-acc-mllt.cc:108) Average like for this file is -66.4509 over 590 frames.
LOG (gmm-acc-mllt[5.5.907~1-cbed4]:main():gmm-acc-mllt.cc:108) Average like for this file is -66.6829 over 433 frames.
LOG (gmm-acc-mllt[5.5.907~1-cbed4]:main():gmm-acc-mllt.cc:108) Average like for this file is -62.0586 over 718 frames.
LOG (gmm-acc-mllt[5.5.907~1-cbed4]:main():gmm-acc-mllt.cc:108) Average like for this file is -70.2581 over 753 frames.
LOG (gmm-acc-mllt[5.5.907~1-cbed4]:main():gmm-acc-mllt.cc:114) Avg like per frame so far is -54.1684
LOG (gmm-acc-mllt[5.5.907~1-cbed4]:main():gmm-acc-mllt.cc:108) Average like for this file is -68.7055 over 894 frames.
LOG (gmm-acc-mllt[5.5.907~1-cbed4]:main():gmm-acc-mllt.cc:108) Average like for this file is -66.0131 over 688 frames.
LOG (gmm-acc-mllt[5.5.907~1-cbed4]:main():gmm-acc-mllt.cc:108) Average like for this file is -67.5635 over 677 frames.
LOG (gmm-acc-mllt[5.5.907~1-cbed4]:main():gmm-acc-mllt.cc:108) Average like for this file is -66.8736 over 419 frames.
LOG (gmm-acc-mllt[5.5.907~1-cbed4]:main():gmm-acc-mllt.cc:108) Average like for this file is -70.6416 over 489 frames.
LOG (gmm-acc-mllt[5.5.907~1-cbed4]:main():gmm-acc-mllt.cc:108) Average like for this file is -67.2653 over 341 frames.
LOG (gmm-acc-mllt[5.5.907~1-cbed4]:main():gmm-acc-mllt.cc:108) Average like for this file is -69.045 over 480 frames.
LOG (gmm-acc-mllt[5.5.907~1-cbed4]:main():gmm-acc-mllt.cc:108) Average like for this file is -68.0086 over 575 frames.
LOG (gmm-acc-mllt[5.5.907~1-cbed4]:main():gmm-acc-mllt.cc:108) Average like for this file is -63.9305 over 624 frames.
LOG (gmm-acc-mllt[5.5.907~1-cbed4]:main():gmm-acc-mllt.cc:108) Average like for this file is -67.8328 over 637 frames.
LOG (gmm-acc-mllt[5.5.907~1-cbed4]:main():gmm-acc-mllt.cc:114) Avg like per frame so far is -54.4016
LOG (gmm-acc-mllt[5.5.907~1-cbed4]:main():gmm-acc-mllt.cc:108) Average like for this file is -65.8099 over 665 frames.
LOG (gmm-acc-mllt[5.5.907~1-cbed4]:main():gmm-acc-mllt.cc:108) Average like for this file is -66.3792 over 395 frames.
LOG (gmm-acc-mllt[5.5.907~1-cbed4]:main():gmm-acc-mllt.cc:108) Average like for this file is -66.9452 over 460 frames.
LOG (gmm-acc-mllt[5.5.907~1-cbed4]:main():gmm-acc-mllt.cc:108) Average like for this file is -67.6792 over 713 frames.
LOG (gmm-acc-mllt[5.5.907~1-cbed4]:main():gmm-acc-mllt.cc:108) Average like for this file is -65.6753 over 868 frames.
LOG (gmm-acc-mllt[5.5.907~1-cbed4]:main():gmm-acc-mllt.cc:108) Average like for this file is -67.8804 over 488 frames.
LOG (gmm-acc-mllt[5.5.907~1-cbed4]:main():gmm-acc-mllt.cc:108) Average like for this file is -67.5972 over 649 frames.
LOG (gmm-acc-mllt[5.5.907~1-cbed4]:main():gmm-acc-mllt.cc:108) Average like for this file is -65.1491 over 411 frames.
LOG (gmm-acc-mllt[5.5.907~1-cbed4]:main():gmm-acc-mllt.cc:108) Average like for this file is -68.6085 over 675 frames.
LOG (gmm-acc-mllt[5.5.907~1-cbed4]:main():gmm-acc-mllt.cc:108) Average like for this file is -64.9698 over 702 frames.
LOG (gmm-acc-mllt[5.5.907~1-cbed4]:main():gmm-acc-mllt.cc:114) Avg like per frame so far is -54.6188
LOG (gmm-acc-mllt[5.5.907~1-cbed4]:main():gmm-acc-mllt.cc:108) Average like for this file is -70.2513 over 553 frames.
LOG (gmm-acc-mllt[5.5.907~1-cbed4]:main():gmm-acc-mllt.cc:108) Average like for this file is -64.599 over 483 frames.
LOG (gmm-acc-mllt[5.5.907~1-cbed4]:main():gmm-acc-mllt.cc:108) Average like for this file is -63.4936 over 667 frames.
LOG (gmm-acc-mllt[5.5.907~1-cbed4]:main():gmm-acc-mllt.cc:108) Average like for this file is -65.8388 over 530 frames.
LOG (gmm-acc-mllt[5.5.907~1-cbed4]:main():gmm-acc-mllt.cc:108) Average like for this file is -65.7614 over 333 frames.
LOG (gmm-acc-mllt[5.5.907~1-cbed4]:main():gmm-acc-mllt.cc:108) Average like for this file is -61.1454 over 566 frames.
LOG (gmm-acc-mllt[5.5.907~1-cbed4]:main():gmm-acc-mllt.cc:108) Average like for this file is -62.2507 over 565 frames.
LOG (gmm-acc-mllt[5.5.907~1-cbed4]:main():gmm-acc-mllt.cc:108) Average like for this file is -61.4247 over 643 frames.
LOG (gmm-acc-mllt[5.5.907~1-cbed4]:main():gmm-acc-mllt.cc:108) Average like for this file is -63.2661 over 514 frames.
LOG (gmm-acc-mllt[5.5.907~1-cbed4]:main():gmm-acc-mllt.cc:108) Average like for this file is -63.0381 over 775 frames.
LOG (gmm-acc-mllt[5.5.907~1-cbed4]:main():gmm-acc-mllt.cc:114) Avg like per frame so far is -54.7703
LOG (gmm-acc-mllt[5.5.907~1-cbed4]:main():gmm-acc-mllt.cc:108) Average like for this file is -65.4556 over 819 frames.
LOG (gmm-acc-mllt[5.5.907~1-cbed4]:main():gmm-acc-mllt.cc:108) Average like for this file is -61.6677 over 778 frames.
LOG (gmm-acc-mllt[5.5.907~1-cbed4]:main():gmm-acc-mllt.cc:108) Average like for this file is -63.5106 over 503 frames.
LOG (gmm-acc-mllt[5.5.907~1-cbed4]:main():gmm-acc-mllt.cc:108) Average like for this file is -63.371 over 549 frames.
LOG (gmm-acc-mllt[5.5.907~1-cbed4]:main():gmm-acc-mllt.cc:108) Average like for this file is -61.0077 over 528 frames.
LOG (gmm-acc-mllt[5.5.907~1-cbed4]:main():gmm-acc-mllt.cc:108) Average like for this file is -64.8658 over 507 frames.
LOG (gmm-acc-mllt[5.5.907~1-cbed4]:main():gmm-acc-mllt.cc:108) Average like for this file is -69.1124 over 631 frames.
LOG (gmm-acc-mllt[5.5.907~1-cbed4]:main():gmm-acc-mllt.cc:108) Average like for this file is -62.8965 over 768 frames.
LOG (gmm-acc-mllt[5.5.907~1-cbed4]:main():gmm-acc-mllt.cc:108) Average like for this file is -61.9398 over 665 frames.
LOG (gmm-acc-mllt[5.5.907~1-cbed4]:main():gmm-acc-mllt.cc:108) Average like for this file is -64.8488 over 482 frames.
LOG (gmm-acc-mllt[5.5.907~1-cbed4]:main():gmm-acc-mllt.cc:114) Avg like per frame so far is -54.9309
LOG (gmm-acc-mllt[5.5.907~1-cbed4]:main():gmm-acc-mllt.cc:108) Average like for this file is -63.1262 over 427 frames.
LOG (gmm-acc-mllt[5.5.907~1-cbed4]:main():gmm-acc-mllt.cc:108) Average like for this file is -60.762 over 547 frames.
LOG (gmm-acc-mllt[5.5.907~1-cbed4]:main():gmm-acc-mllt.cc:108) Average like for this file is -63.3786 over 619 frames.
LOG (gmm-acc-mllt[5.5.907~1-cbed4]:main():gmm-acc-mllt.cc:108) Average like for this file is -64.8916 over 592 frames.
LOG (gmm-acc-mllt[5.5.907~1-cbed4]:main():gmm-acc-mllt.cc:108) Average like for this file is -60.7107 over 495 frames.
LOG (gmm-acc-mllt[5.5.907~1-cbed4]:main():gmm-acc-mllt.cc:108) Average like for this file is -62.6194 over 389 frames.
LOG (gmm-acc-mllt[5.5.907~1-cbed4]:main():gmm-acc-mllt.cc:108) Average like for this file is -62.4228 over 409 frames.
LOG (gmm-acc-mllt[5.5.907~1-cbed4]:main():gmm-acc-mllt.cc:108) Average like for this file is -66.6364 over 390 frames.
LOG (gmm-acc-mllt[5.5.907~1-cbed4]:main():gmm-acc-mllt.cc:108) Average like for this file is -66.3791 over 639 frames.
LOG (gmm-acc-mllt[5.5.907~1-cbed4]:main():gmm-acc-mllt.cc:108) Average like for this file is -62.6862 over 538 frames.
LOG (gmm-acc-mllt[5.5.907~1-cbed4]:main():gmm-acc-mllt.cc:114) Avg like per frame so far is -55.0507
LOG (gmm-acc-mllt[5.5.907~1-cbed4]:main():gmm-acc-mllt.cc:108) Average like for this file is -62.7967 over 525 frames.
LOG (gmm-acc-mllt[5.5.907~1-cbed4]:main():gmm-acc-mllt.cc:108) Average like for this file is -62.5779 over 494 frames.
LOG (gmm-acc-mllt[5.5.907~1-cbed4]:main():gmm-acc-mllt.cc:108) Average like for this file is -66.5263 over 577 frames.
LOG (gmm-acc-mllt[5.5.907~1-cbed4]:main():gmm-acc-mllt.cc:108) Average like for this file is -64.0052 over 360 frames.
LOG (gmm-acc-mllt[5.5.907~1-cbed4]:main():gmm-acc-mllt.cc:108) Average like for this file is -65.1359 over 604 frames.
LOG (gmm-acc-mllt[5.5.907~1-cbed4]:main():gmm-acc-mllt.cc:108) Average like for this file is -66.5014 over 385 frames.
LOG (gmm-acc-mllt[5.5.907~1-cbed4]:main():gmm-acc-mllt.cc:108) Average like for this file is -65.4755 over 367 frames.
LOG (gmm-acc-mllt[5.5.907~1-cbed4]:main():gmm-acc-mllt.cc:108) Average like for this file is -67.6129 over 536 frames.
LOG (gmm-acc-mllt[5.5.907~1-cbed4]:main():gmm-acc-mllt.cc:108) Average like for this file is -65.632 over 293 frames.
LOG (gmm-acc-mllt[5.5.907~1-cbed4]:main():gmm-acc-mllt.cc:108) Average like for this file is -68.4053 over 353 frames.
LOG (gmm-acc-mllt[5.5.907~1-cbed4]:main():gmm-acc-mllt.cc:114) Avg like per frame so far is -55.1792
LOG (gmm-acc-mllt[5.5.907~1-cbed4]:main():gmm-acc-mllt.cc:108) Average like for this file is -69.1194 over 417 frames.
LOG (gmm-acc-mllt[5.5.907~1-cbed4]:main():gmm-acc-mllt.cc:108) Average like for this file is -68.9287 over 510 frames.
LOG (gmm-acc-mllt[5.5.907~1-cbed4]:main():gmm-acc-mllt.cc:108) Average like for this file is -67.3717 over 610 frames.
LOG (gmm-acc-mllt[5.5.907~1-cbed4]:main():gmm-acc-mllt.cc:108) Average like for this file is -66.8818 over 398 frames.
LOG (gmm-acc-mllt[5.5.907~1-cbed4]:main():gmm-acc-mllt.cc:108) Average like for this file is -66.6666 over 386 frames.
LOG (gmm-acc-mllt[5.5.907~1-cbed4]:main():gmm-acc-mllt.cc:108) Average like for this file is -65.0912 over 477 frames.
LOG (gmm-acc-mllt[5.5.907~1-cbed4]:main():gmm-acc-mllt.cc:108) Average like for this file is -65.0877 over 580 frames.
LOG (gmm-acc-mllt[5.5.907~1-cbed4]:main():gmm-acc-mllt.cc:108) Average like for this file is -66.1517 over 449 frames.
LOG (gmm-acc-mllt[5.5.907~1-cbed4]:main():gmm-acc-mllt.cc:108) Average like for this file is -69.6799 over 408 frames.
LOG (gmm-acc-mllt[5.5.907~1-cbed4]:main():gmm-acc-mllt.cc:108) Average like for this file is -63.9949 over 614 frames.
LOG (gmm-acc-mllt[5.5.907~1-cbed4]:main():gmm-acc-mllt.cc:114) Avg like per frame so far is -55.3322
LOG (gmm-acc-mllt[5.5.907~1-cbed4]:main():gmm-acc-mllt.cc:108) Average like for this file is -62.2606 over 491 frames.
LOG (gmm-acc-mllt[5.5.907~1-cbed4]:main():gmm-acc-mllt.cc:108) Average like for this file is -63.409 over 384 frames.
LOG (gmm-acc-mllt[5.5.907~1-cbed4]:main():gmm-acc-mllt.cc:108) Average like for this file is -65.8053 over 523 frames.
LOG (gmm-acc-mllt[5.5.907~1-cbed4]:main():gmm-acc-mllt.cc:108) Average like for this file is -65.536 over 460 frames.
LOG (gmm-acc-mllt[5.5.907~1-cbed4]:main():gmm-acc-mllt.cc:108) Average like for this file is -66.5927 over 457 frames.
LOG (gmm-acc-mllt[5.5.907~1-cbed4]:main():gmm-acc-mllt.cc:108) Average like for this file is -61.7655 over 627 frames.
LOG (gmm-acc-mllt[5.5.907~1-cbed4]:main():gmm-acc-mllt.cc:108) Average like for this file is -61.7115 over 772 frames.
LOG (gmm-acc-mllt[5.5.907~1-cbed4]:main():gmm-acc-mllt.cc:108) Average like for this file is -63.3798 over 334 frames.
LOG (gmm-acc-mllt[5.5.907~1-cbed4]:main():gmm-acc-mllt.cc:108) Average like for this file is -64.3477 over 559 frames.
LOG (gmm-acc-mllt[5.5.907~1-cbed4]:main():gmm-acc-mllt.cc:108) Average like for this file is -63.6169 over 552 frames.
LOG (gmm-acc-mllt[5.5.907~1-cbed4]:main():gmm-acc-mllt.cc:114) Avg like per frame so far is -55.4481
LOG (gmm-acc-mllt[5.5.907~1-cbed4]:main():gmm-acc-mllt.cc:108) Average like for this file is -64.3671 over 610 frames.
LOG (gmm-acc-mllt[5.5.907~1-cbed4]:main():gmm-acc-mllt.cc:108) Average like for this file is -63.7045 over 514 frames.
LOG (gmm-acc-mllt[5.5.907~1-cbed4]:main():gmm-acc-mllt.cc:108) Average like for this file is -63.8569 over 451 frames.
LOG (gmm-acc-mllt[5.5.907~1-cbed4]:main():gmm-acc-mllt.cc:108) Average like for this file is -65.3163 over 347 frames.
LOG (gmm-acc-mllt[5.5.907~1-cbed4]:main():gmm-acc-mllt.cc:108) Average like for this file is -65.4767 over 460 frames.
LOG (gmm-acc-mllt[5.5.907~1-cbed4]:main():gmm-acc-mllt.cc:108) Average like for this file is -64.2605 over 648 frames.
LOG (gmm-acc-mllt[5.5.907~1-cbed4]:main():gmm-acc-mllt.cc:108) Average like for this file is -62.4558 over 799 frames.
LOG (gmm-acc-mllt[5.5.907~1-cbed4]:main():gmm-acc-mllt.cc:108) Average like for this file is -63.7081 over 510 frames.
LOG (gmm-acc-mllt[5.5.907~1-cbed4]:main():gmm-acc-mllt.cc:108) Average like for this file is -67.0361 over 338 frames.
LOG (gmm-acc-mllt[5.5.907~1-cbed4]:main():gmm-acc-mllt.cc:108) Average like for this file is -66.222 over 546 frames.
LOG (gmm-acc-mllt[5.5.907~1-cbed4]:main():gmm-acc-mllt.cc:114) Avg like per frame so far is -55.5724
LOG (gmm-acc-mllt[5.5.907~1-cbed4]:main():gmm-acc-mllt.cc:108) Average like for this file is -63.562 over 580 frames.
LOG (ali-to-post[5.5.907~1-cbed4]:main():ali-to-post.cc:73) Converted 647 alignments.
LOG (gmm-acc-mllt[5.5.907~1-cbed4]:main():gmm-acc-mllt.cc:108) Average like for this file is -63.4975 over 379 frames.
LOG (gmm-acc-mllt[5.5.907~1-cbed4]:main():gmm-acc-mllt.cc:108) Average like for this file is -64.9235 over 607 frames.
LOG (gmm-acc-mllt[5.5.907~1-cbed4]:main():gmm-acc-mllt.cc:108) Average like for this file is -63.9148 over 450 frames.
LOG (gmm-acc-mllt[5.5.907~1-cbed4]:main():gmm-acc-mllt.cc:108) Average like for this file is -60.4213 over 505 frames.
LOG (gmm-acc-mllt[5.5.907~1-cbed4]:main():gmm-acc-mllt.cc:108) Average like for this file is -61.0438 over 360 frames.
LOG (gmm-acc-mllt[5.5.907~1-cbed4]:main():gmm-acc-mllt.cc:108) Average like for this file is -59.7633 over 423 frames.
LOG (gmm-acc-mllt[5.5.907~1-cbed4]:main():gmm-acc-mllt.cc:108) Average like for this file is -62.4927 over 507 frames.
LOG (gmm-acc-mllt[5.5.907~1-cbed4]:main():gmm-acc-mllt.cc:108) Average like for this file is -66.7081 over 446 frames.
LOG (weight-silence-post[5.5.907~1-cbed4]:main():weight-silence-post.cc:95) Done 647 posteriors.
LOG (gmm-acc-mllt[5.5.907~1-cbed4]:main():gmm-acc-mllt.cc:108) Average like for this file is -62.2869 over 650 frames.
LOG (gmm-acc-mllt[5.5.907~1-cbed4]:main():gmm-acc-mllt.cc:114) Avg like per frame so far is -55.6669
LOG (gmm-acc-mllt[5.5.907~1-cbed4]:main():gmm-acc-mllt.cc:108) Average like for this file is -64.8831 over 463 frames.
LOG (gmm-acc-mllt[5.5.907~1-cbed4]:main():gmm-acc-mllt.cc:108) Average like for this file is -64.8954 over 438 frames.
LOG (apply-cmvn[5.5.907~1-cbed4]:main():apply-cmvn.cc:162) Applied cepstral mean normalization to 647 utterances, errors on 0
LOG (gmm-acc-mllt[5.5.907~1-cbed4]:main():gmm-acc-mllt.cc:108) Average like for this file is -64.0188 over 547 frames.
LOG (gmm-acc-mllt[5.5.907~1-cbed4]:main():gmm-acc-mllt.cc:108) Average like for this file is -66.5113 over 447 frames.
LOG (gmm-acc-mllt[5.5.907~1-cbed4]:main():gmm-acc-mllt.cc:108) Average like for this file is -66.0335 over 394 frames.
LOG (gmm-acc-mllt[5.5.907~1-cbed4]:main():gmm-acc-mllt.cc:108) Average like for this file is -62.3666 over 352 frames.
LOG (transform-feats[5.5.907~1-cbed4]:main():transform-feats.cc:158) Overall average [pseudo-]logdet is -87.643 over 481321 frames.
LOG (transform-feats[5.5.907~1-cbed4]:main():transform-feats.cc:161) Applied transform to 647 utterances; 0 had errors.
LOG (gmm-acc-mllt[5.5.907~1-cbed4]:main():gmm-acc-mllt.cc:108) Average like for this file is -63.4289 over 476 frames.
LOG (gmm-acc-mllt[5.5.907~1-cbed4]:main():gmm-acc-mllt.cc:119) Done 647 files, 0 with no posteriors, 0 with other errors.
LOG (gmm-acc-mllt[5.5.907~1-cbed4]:main():gmm-acc-mllt.cc:123) Overall avg like per frame (Gaussian only) = -55.7393 over 384950 frames.
LOG (gmm-acc-mllt[5.5.907~1-cbed4]:main():gmm-acc-mllt.cc:127) Written accs.
# Accounting: time=8 threads=1
# Ended (code 0) at Thu Apr 22 13:43:12 PKT 2021, elapsed time 8 seconds
