# lattice-scale --inv-acoustic-scale=8 "ark:gunzip -c exp/tri4/decode/lat.*.gz|" ark:- | lattice-add-penalty --word-ins-penalty=0.5 ark:- ark:- | lattice-best-path --word-symbol-table=exp/tri4/graph/words.txt ark:- ark,t:- | utils/int2sym.pl -f 2- exp/tri4/graph/words.txt | cat > exp/tri4/decode/scoring_kaldi/penalty_0.5/8.txt 
# Started at Wed Apr 21 11:00:44 PKT 2021
#
lattice-add-penalty --word-ins-penalty=0.5 ark:- ark:- 
lattice-scale --inv-acoustic-scale=8 'ark:gunzip -c exp/tri4/decode/lat.*.gz|' ark:- 
lattice-best-path --word-symbol-table=exp/tri4/graph/words.txt ark:- ark,t:- 
LOG (lattice-best-path[5.5.907~1-cbed4]:main():lattice-best-path.cc:99) For utterance 20030010_601, best cost 290.747 + 7118.53 = 7409.28 over 985 frames.
20030010_601 نو بجیں نہ تک فون جی کے بھدی کے لیے شل میں بھری لومڑی مولا ہی اب گوگل امرود کے پر آؤٹ قبول قندیل ان کی 
LOG (lattice-best-path[5.5.907~1-cbed4]:main():lattice-best-path.cc:99) For utterance 20030010_602, best cost 325.751 + 8652.13 = 8977.88 over 1203 frames.
20030010_602 گروں دغا ایئر جیل کے نرخوں اور ٹریلر پرخچے ہوے ہوے اب پڑ ہائے کے لو بن سے شیعہ گوجر کے گھاؤ اور دین ششدر نے کی شرکت سے آغاز ہے 
LOG (lattice-best-path[5.5.907~1-cbed4]:main():lattice-best-path.cc:99) For utterance 20030010_603, best cost 227.447 + 6029.83 = 6257.27 over 833 frames.
20030010_603 شاہ شور کر اور نزلے کے بلا سے گدے عمل پر اٹھا تو تبدیلی بےقصور پر فرینڈلی جھاگ بھر کی آ 
LOG (lattice-best-path[5.5.907~1-cbed4]:main():lattice-best-path.cc:99) For utterance 20030010_604, best cost 246.231 + 6244.02 = 6490.25 over 856 frames.
20030010_604 صبحیں نے نہ ہیوی کے داؤد کی گڑھ کر پڑی تو کا ہائے اس سوغات چاہے کے کس کے نہ خلیے اٹھا آیئں 
LOG (lattice-best-path[5.5.907~1-cbed4]:main():lattice-best-path.cc:99) For utterance 20030010_605, best cost 143.661 + 3586.09 = 3729.75 over 513 frames.
20030010_605 سول جل شوہر جون کے پیشن میں دھل پیٹھ کر داخل دیتا ہے 
LOG (lattice-best-path[5.5.907~1-cbed4]:main():lattice-best-path.cc:99) For utterance 20030010_606, best cost 204.938 + 4401.67 = 4606.6 over 608 frames.
20030010_606 نئے دی کے دماغی دل و خرچ سے پنشنر ہم کے تمغہ فرض کی بڑی سے سی لینتھ ہے 
LOG (lattice-best-path[5.5.907~1-cbed4]:main():lattice-best-path.cc:99) For utterance 20030010_607, best cost 125.984 + 2994.64 = 3120.62 over 420 frames.
20030010_607 وقف سرحد کیوں فٹ کی سوواں مہندی نہ بڑھئی جائے 
LOG (lattice-best-path[5.5.907~1-cbed4]:main():lattice-best-path.cc:99) For utterance 20030010_608, best cost 174.691 + 4171.05 = 4345.74 over 582 frames.
20030010_608 سوکھ کے کے بورڈ ایئر ماؤف کو ہوش کر ڈام چوہوں جانے کی اچھل دو ہو گی 
LOG (lattice-best-path[5.5.907~1-cbed4]:main():lattice-best-path.cc:99) For utterance 20030010_609, best cost 233.573 + 5166.04 = 5399.62 over 736 frames.
20030010_609 پرچم نے محرر میت بار مگر مارچ نے گز دورے نکال یا فی سول کے جوق کا تصفیے اٹھی یا 
LOG (lattice-best-path[5.5.907~1-cbed4]:main():lattice-best-path.cc:99) For utterance 20030010_610, best cost 204.728 + 5434.65 = 5639.37 over 803 frames.
20030010_610 موثر ایلویٹ عشر لیا کریو بھی عام ان دیر اب نیچے کی طرف سے مجلے تھینکس آ ہے 
LOG (lattice-best-path[5.5.907~1-cbed4]:main():lattice-best-path.cc:99) For utterance 20030010_611, best cost 222.5 + 6095.71 = 6318.21 over 868 frames.
20030010_611 کسے تحریر دم کرا فورس جڑ میں سے کے دواؤں کو گیر کرا ہر کی گول جھٹکے ساز شیرے 
LOG (lattice-best-path[5.5.907~1-cbed4]:main():lattice-best-path.cc:99) For utterance 20030010_612, best cost 231.962 + 6186.99 = 6418.95 over 921 frames.
20030010_612 تبدیل یا کی لا اسے شعر نقصان پورا کی اجرا شخص کا تو قوت کی لینگویج کا عفو آ غاں ان ہے 
LOG (lattice-best-path[5.5.907~1-cbed4]:main():lattice-best-path.cc:99) For utterance 20030010_613, best cost 151.188 + 3379.85 = 3531.04 over 452 frames.
20030010_613 کن ان کو اور لا حق بولوں سکورز چہل کو راشد یا زدہ کہا 
LOG (lattice-best-path[5.5.907~1-cbed4]:main():lattice-best-path.cc:99) For utterance 20030010_614, best cost 167.251 + 4058.68 = 4225.93 over 578 frames.
20030010_614 رجوع فرینڈ میں عشرے شل کے کرائے لوں کے ساتھ سمجھیں بغیر سمجھو ترقی یا 
LOG (lattice-best-path[5.5.907~1-cbed4]:main():lattice-best-path.cc:99) For utterance 20030010_615, best cost 282.957 + 6809.3 = 7092.26 over 960 frames.
20030010_615 کردار کا شہزادی نے نئی جمعہ شعائر سے کو بورڈ روز کر کے ہوئی چوری خان آن کے جی کھجوریں نے کوئلے ہیڈ بن حائل یا 
LOG (lattice-best-path[5.5.907~1-cbed4]:main():lattice-best-path.cc:99) For utterance 20030010_616, best cost 281.872 + 6977.16 = 7259.03 over 989 frames.
20030010_616 طور جلد سے وارڈ کوڑھ نے صغری وے شل کو فروغ سال شخص کر کیسی گا تصور کی موثر کا کھل کر صیاد جی عفو 
LOG (lattice-best-path[5.5.907~1-cbed4]:main():lattice-best-path.cc:99) For utterance 20030010_617, best cost 189.377 + 4649.67 = 4839.05 over 669 frames.
20030010_617 تم میں تک بڑے سوکھ کے گڈ جھنڈے کیوں کو غم پیدا دیکھ کر وعدہ اس میں لگا 
LOG (lattice-best-path[5.5.907~1-cbed4]:main():lattice-best-path.cc:99) For utterance 20030010_618, best cost 220.498 + 5872.98 = 6093.48 over 824 frames.
20030010_618 پاؤڈر کا میں سے بش نہ سنو چھور والے اختر ساحل نے انہی یوم کے بعد اس اس قرار کی یا ہے 
LOG (lattice-best-path[5.5.907~1-cbed4]:main():lattice-best-path.cc:99) For utterance 20030010_619, best cost 135.138 + 3434.21 = 3569.35 over 519 frames.
20030010_619 تصحیح دی تشبیہ حد مدعیان کرنے کا جور بھری نتیجے اور ہے 
LOG (lattice-best-path[5.5.907~1-cbed4]:main():lattice-best-path.cc:99) For utterance 20030010_620, best cost 222.823 + 5922.27 = 6145.09 over 820 frames.
20030010_620 چیک ماہ میں پَلوں کے ہولوں کو بلوں میں سموئے اور کی یہ موہوم پر قل زور شعلوں کی تیار یاں کی 
LOG (lattice-best-path[5.5.907~1-cbed4]:main():lattice-best-path.cc:99) For utterance 20030010_621, best cost 255.779 + 7255.74 = 7511.52 over 1024 frames.
20030010_621 ان معجل حد لیس حاشیے لیا روٹھ کر زور جھیل کے معاون میں سے موڈ اس اور چار وی نماز میں میں تحریر کی 
LOG (lattice-best-path[5.5.907~1-cbed4]:main():lattice-best-path.cc:99) For utterance 20030010_622, best cost 240.704 + 5879.2 = 6119.9 over 764 frames.
20030010_622 کو جی گاڑھا میں مینگل قدرے ریڈ کے اے در جلد مرض سی تعاون گیر عید عالمی سیب بسیں 
LOG (lattice-best-path[5.5.907~1-cbed4]:main():lattice-best-path.cc:99) For utterance 20030010_623, best cost 163.493 + 4616.8 = 4780.3 over 664 frames.
20030010_623 بالکل دن کا دو آپ منافعے اس اوور اس ترویج دانش آن نے گیا 
LOG (lattice-best-path[5.5.907~1-cbed4]:main():lattice-best-path.cc:99) For utterance 20030010_624, best cost 211.181 + 5569.26 = 5780.44 over 790 frames.
20030010_624 ماؤف اثر کے نسخہ میں دیے سے نو اثاثوں غزوہ رفو حدود کے انٹر شل کیلئے محور شیڈول تھا 
LOG (lattice-best-path[5.5.907~1-cbed4]:main():lattice-best-path.cc:99) For utterance 20030010_625, best cost 194.436 + 4625.54 = 4819.98 over 665 frames.
20030010_625 میرٹھی جلسہ اگر کی جڑ کی آگے گدے دیکھ کر ڈگری سی بھر کے معاف کے کھو گیا 
LOG (lattice-best-path[5.5.907~1-cbed4]:main():lattice-best-path.cc:99) For utterance 20030010_626, best cost 113.095 + 3322.73 = 3435.82 over 465 frames.
20030010_626 میں بجھی دے کو ملیریا دل کی یا خوار سمجھا 
LOG (lattice-best-path[5.5.907~1-cbed4]:main():lattice-best-path.cc:99) For utterance 20030010_627, best cost 190.319 + 4805.9 = 4996.22 over 712 frames.
20030010_627 سے فخر اور عمر کے نو بورڈ کے علم یا اسے بلوں کے تو فوم میں نکھرا رہ گیا 
LOG (lattice-best-path[5.5.907~1-cbed4]:main():lattice-best-path.cc:99) For utterance 20030010_628, best cost 169.787 + 4910.96 = 5080.75 over 709 frames.
20030010_628 روات کی ترمیم نے بنانے کیلئے بیچلر جھریوں لینے پُلوں کی خوشیوں مغز کود تھی 
LOG (lattice-best-path[5.5.907~1-cbed4]:main():lattice-best-path.cc:99) For utterance 20030010_629, best cost 252.946 + 6087.91 = 6340.86 over 876 frames.
20030010_629 شیرے ٹینک کے گوشوں واحد کے اب کروا خیر میں فرینڈ اس روغن لیس نے وہ رخوں کا اب ڈیزرٹ دیش کر آیا 
LOG (lattice-best-path[5.5.907~1-cbed4]:main():lattice-best-path.cc:99) For utterance 20030010_630, best cost 190.315 + 4563.21 = 4753.52 over 668 frames.
20030010_630 تعین حصے میں نشر کے اژدھا اور نے عام کر بیچے ماڑی تو چھانٹ سے خام بکھرے گیا 
LOG (lattice-best-path[5.5.907~1-cbed4]:main():lattice-best-path.cc:99) For utterance 20030010_631, best cost 258.183 + 6835.14 = 7093.33 over 964 frames.
20030010_631 سیمی اس چیف کو ان ڈاٹ ہے بیگ میں نے وفاؤں کر کے پَلوں اداس کلیجی تو حصے اسے موڑ کر جھالر دکھائی 
LOG (lattice-best-path[5.5.907~1-cbed4]:main():lattice-best-path.cc:99) For utterance 20030010_632, best cost 289.789 + 8640.87 = 8930.66 over 1219 frames.
20030010_632 تیزی سعید آ لکھ کا حال کے حریت چیل حجت چھوڑ و اور ڈیڑھ یا دکھ بیجوں آ کر کھجوریں اور سوری چھوئیں بغیر ڈیڈ تھو 
LOG (lattice-best-path[5.5.907~1-cbed4]:main():lattice-best-path.cc:99) For utterance 20030010_633, best cost 265.647 + 7027.72 = 7293.36 over 1056 frames.
20030010_633 اس کنگڈم کے نے بیدار میں تخیّل کے لیے نیم پھیرتے اور فی سوچ کی کو اس از جی انسولین کے بلی یہ دی جھیل 
LOG (lattice-best-path[5.5.907~1-cbed4]:main():lattice-best-path.cc:99) For utterance 20030010_634, best cost 181.237 + 4935.51 = 5116.75 over 708 frames.
20030010_634 کو نیشن رنجش فشنگ کیسوں خام کیلئے رو کنیئرڈ کی نہ کر فرینڈ کر کے لائیں 
LOG (lattice-best-path[5.5.907~1-cbed4]:main():lattice-best-path.cc:99) For utterance 20030010_635, best cost 210.059 + 4933.25 = 5143.31 over 722 frames.
20030010_635 پاس میں برڈ کو چیل کی یانگ فارورڈ میں بچھے اور اب لنگر دفن یا ذریعے سے سول آ کریں 
LOG (lattice-best-path[5.5.907~1-cbed4]:main():lattice-best-path.cc:99) For utterance 20030010_636, best cost 197.464 + 4497.23 = 4694.69 over 677 frames.
20030010_636 کا ماہ دو اور خشوع عورت کی جوبلی آف شاہ ہونے سیر سوچا کا تو ہم کا فوم ہوا 
LOG (lattice-best-path[5.5.907~1-cbed4]:main():lattice-best-path.cc:99) For utterance 20030010_637, best cost 168.219 + 4835.03 = 5003.25 over 703 frames.
20030010_637 ان خان کے جمعہ تک پہنچ کا رنگین انگوٹھی کی ہیڈ عرصے ملک گیر ہوئے 
LOG (lattice-best-path[5.5.907~1-cbed4]:main():lattice-best-path.cc:99) For utterance 20030010_638, best cost 232.636 + 7838.31 = 8070.95 over 1134 frames.
20030010_638 کب کانجی حجت کی شیلٹر کوئی میں ایک ہوے صورت جب اور کوٹھی کو کھچی کے بلا سے جج یہ 
LOG (lattice-best-path[5.5.907~1-cbed4]:main():lattice-best-path.cc:99) For utterance 20030010_639, best cost 251.822 + 6566.13 = 6817.95 over 1011 frames.
20030010_639 ہیئر کے دکھ طرف کی دکھ سے ڈیرے سے تشخیص کر سچ کے نہ بورڈ چیز گوہر تک سن سے ڈبو صفیں 
LOG (lattice-best-path[5.5.907~1-cbed4]:main():lattice-best-path.cc:99) For utterance 20030010_640, best cost 228.056 + 5445.12 = 5673.18 over 822 frames.
20030010_640 جا کے نیو ان پر بیٹھی جعلی سبزی نے بھی سی قونصلیٹ کے شو والا کا کچھ چوری کھوہ جرگہ آیا 
LOG (lattice-best-path[5.5.907~1-cbed4]:main():lattice-best-path.cc:99) For utterance 20030010_641, best cost 171.977 + 4810.87 = 4982.85 over 712 frames.
20030010_641 کوچوں ہیڈ میں ٹری شروع غم کی آتی شہباز عید کچرا کر بھینسیں دی گی 
LOG (lattice-best-path[5.5.907~1-cbed4]:main():lattice-best-path.cc:99) For utterance 20030010_642, best cost 166.451 + 4161.53 = 4327.98 over 638 frames.
20030010_642 قرضوں کی فیس کے میچ اے سی کے تو دانش سے نفوذ کی کھلواڑ اٹھی 
LOG (lattice-best-path[5.5.907~1-cbed4]:main():lattice-best-path.cc:99) For utterance 20030010_643, best cost 206.747 + 4464.26 = 4671 over 664 frames.
20030010_643 تغافل سے نہ فن پڑھئے محافظوں کلچر سے نہ ہائے اور دوغلی ایئر آگ سے ضائع در کی داڑھی 
LOG (lattice-best-path[5.5.907~1-cbed4]:main():lattice-best-path.cc:99) For utterance 20030010_644, best cost 219.875 + 5953.2 = 6173.08 over 908 frames.
20030010_644 ڈچ کے لیے تو چھیڑ میں نے ڈوریں کو روے اور زیورات پی چھری کے سیل پر سٹیڈیم دبایا پھیریں 
LOG (lattice-best-path[5.5.907~1-cbed4]:main():lattice-best-path.cc:99) For utterance 20030010_645, best cost 207.74 + 5088.24 = 5295.98 over 768 frames.
20030010_645 میں کے دے برج کے اس میں در ضعف کے صاحب بس زور مظفر کر نے چیف آشنا تلے ہے 
LOG (lattice-best-path[5.5.907~1-cbed4]:main():lattice-best-path.cc:99) For utterance 20030010_646, best cost 204.309 + 4911.49 = 5115.8 over 734 frames.
20030010_646 سعودی نہ فن جوس میں اور چبھنے کے بعد لاؤ دیر آ نے اگر آڑے داؤد ڈالنے آئی 
LOG (lattice-best-path[5.5.907~1-cbed4]:main():lattice-best-path.cc:99) For utterance 20030010_647, best cost 140.547 + 3435.23 = 3575.78 over 517 frames.
20030010_647 بات سے کر کے غنا اسے گروپ میچور کر دور رم پر آئے 
LOG (lattice-best-path[5.5.907~1-cbed4]:main():lattice-best-path.cc:99) For utterance 20030010_648, best cost 140.265 + 4079.88 = 4220.14 over 573 frames.
20030010_648 میلے میں دودھیا چَھپ شب پندرہ خرچ ایچ کیلئے پڑھوا تھا 
LOG (lattice-best-path[5.5.907~1-cbed4]:main():lattice-best-path.cc:99) For utterance 20030010_649, best cost 157.106 + 3437.9 = 3595.01 over 478 frames.
20030010_649 کو تھو کو پندرہ سے کے بیٹھ نے کے بات کو ہم کا نڈر لگائی یہ 
LOG (lattice-best-path[5.5.907~1-cbed4]:main():lattice-best-path.cc:99) For utterance 20030010_650, best cost 219.525 + 6021.51 = 6241.04 over 870 frames.
20030010_650 انجری تک ونگ کی سی رتھ اور سال نے آف تیز کے نہ فی ترقیات چل آئیز تجویز آ ہے 
LOG (lattice-best-path[5.5.907~1-cbed4]:main():lattice-best-path.cc:99) For utterance 20030010_651, best cost 169.299 + 4664.59 = 4833.89 over 699 frames.
20030010_651 کوئی فون بل میں مرچوں کی کو کلی گدے افورڈ میں سے پہلے صبح بھی تھی 
LOG (lattice-best-path[5.5.907~1-cbed4]:main():lattice-best-path.cc:99) For utterance 20030010_652, best cost 207.001 + 5073.82 = 5280.82 over 777 frames.
20030010_652 پر ٹوفل کیجیے تنگ گئے انہی برڈ کے بلا میں میں تک بورڈ کے سن دودھ کا توجیہ دیں 
LOG (lattice-best-path[5.5.907~1-cbed4]:main():lattice-best-path.cc:99) For utterance 20030010_653, best cost 172.532 + 4248.73 = 4421.26 over 638 frames.
20030010_653 پَلوں بردار برس کا سی سن گالف کر ضد کے ہجے گھر تک لوث ہوا 
LOG (lattice-best-path[5.5.907~1-cbed4]:main():lattice-best-path.cc:99) For utterance 20030010_654, best cost 205.577 + 5496.93 = 5702.51 over 838 frames.
20030010_654 کر دیں ڈچ ہاؤس سے اس کی عشرے آف چوزے اور ان سکتے رولز کے معدے میں سدھ گئے 
LOG (lattice-best-path[5.5.907~1-cbed4]:main():lattice-best-path.cc:99) For utterance 20030010_655, best cost 114.282 + 3160.36 = 3274.64 over 465 frames.
20030010_655 نام بخشے چھائی و بورڈ ریلیکس بچھانے کریش ہے 
LOG (lattice-best-path[5.5.907~1-cbed4]:main():lattice-best-path.cc:99) For utterance 20030010_656, best cost 231.493 + 6150.44 = 6381.94 over 918 frames.
20030010_656 بے اسے سچ جیب دراوڑی گرل کا زیر ای ہیڈ بجائے اب اور سوئی مچا قارئین گدھ کس کرے 
LOG (lattice-best-path[5.5.907~1-cbed4]:main():lattice-best-path.cc:99) For utterance 20030010_657, best cost 119.959 + 3848.76 = 3968.72 over 540 frames.
20030010_657 آمدورفت کن زیر کے قیصر ٹریفک حد سے حسن نہیں 
LOG (lattice-best-path[5.5.907~1-cbed4]:main():lattice-best-path.cc:99) For utterance 20030010_658, best cost 132.637 + 3883.12 = 4015.76 over 591 frames.
20030010_658 نیرنگ افورڈ کا نے بنوری بے اس کے باغ سے وزراء روے 
LOG (lattice-best-path[5.5.907~1-cbed4]:main():lattice-best-path.cc:99) For utterance 20030010_659, best cost 190.095 + 5377.41 = 5567.51 over 779 frames.
20030010_659 میں کی گود ترویج شائع اور گورے کا تو سندھو فروغ سوئس کے با بویا پھر سوئے 
LOG (lattice-best-path[5.5.907~1-cbed4]:main():lattice-best-path.cc:99) For utterance 20030010_660, best cost 105.724 + 3272.39 = 3378.12 over 482 frames.
20030010_660 کوئی بحران کے بو کا وزراء نے نحیف حوصلہ 
LOG (lattice-best-path[5.5.907~1-cbed4]:main():lattice-best-path.cc:99) For utterance 20030010_661, best cost 135.08 + 4019.81 = 4154.89 over 578 frames.
20030010_661 کر صرف لینے کیلئے بچھڑ پر عمل کر داغ ہر پر دبائے 
LOG (lattice-best-path[5.5.907~1-cbed4]:main():lattice-best-path.cc:99) For utterance 20030010_662, best cost 161.351 + 3991.15 = 4152.5 over 575 frames.
20030010_662 پرچم جوکھوں کی ارکان دل چلیں تو سی یا رو کے تشبیہ کے ڈگری گئے 
LOG (lattice-best-path[5.5.907~1-cbed4]:main():lattice-best-path.cc:99) For utterance 20030010_663, best cost 190.723 + 4730.9 = 4921.62 over 656 frames.
20030010_663 پی گا نے جل چاہے مگر روٹھ یا سال کی تو دے دے کی تدریس وقوف کوئلے 
LOG (lattice-best-path[5.5.907~1-cbed4]:main():lattice-best-path.cc:99) For utterance 20030010_664, best cost 211.203 + 5676.57 = 5887.77 over 790 frames.
20030010_664 پر لا سیاحت کے بری یا افضل میں تیار ذریعے کر منظور ہوا تو ترچھی کے روپے کھڑے کو گئے 
LOG (lattice-best-path[5.5.907~1-cbed4]:main():lattice-best-path.cc:99) For utterance 20030010_665, best cost 129.454 + 3928.44 = 4057.9 over 569 frames.
20030010_665 فیصلے خسارے حاوی سے سے ترچھی میت اور درج بغیر ہوا 
LOG (lattice-best-path[5.5.907~1-cbed4]:main():lattice-best-path.cc:99) For utterance 20030010_666, best cost 148.455 + 3653.33 = 3801.78 over 505 frames.
20030010_666 دودھ اسے ہوے اگر چل ان پر آکر کر درج زرخیز سے بوئے 
LOG (lattice-best-path[5.5.907~1-cbed4]:main():lattice-best-path.cc:99) For utterance 20030010_667, best cost 173.036 + 4767.28 = 4940.31 over 731 frames.
20030010_667 بجلی ٹرین کے اے ڈار سے چنگ گے بو سے کی گوجری عید بوسن ہوئے 
LOG (lattice-best-path[5.5.907~1-cbed4]:main():lattice-best-path.cc:99) For utterance 20030010_668, best cost 197.207 + 5183.99 = 5381.19 over 739 frames.
20030010_668 ساجد زور بل کے پر ریڈیو میں والے جھلک کا ٹشو آگ یا نہ رعیت سے جاوید لا 
LOG (lattice-best-path[5.5.907~1-cbed4]:main():lattice-best-path.cc:99) For utterance 20030010_669, best cost 146.56 + 4066.52 = 4213.08 over 557 frames.
20030010_669 کوڈ کا اعظم نوزلوں گود میں لو صرف کیلئے قیصر کروڑ نہیں کیا 
LOG (lattice-best-path[5.5.907~1-cbed4]:main():lattice-best-path.cc:99) For utterance 20030010_670, best cost 139.072 + 4702.57 = 4841.65 over 653 frames.
20030010_670 روز سے کا آخری عشرے ہیچ اثر دودھیا کو تھوڑے کا کرو 
LOG (lattice-best-path[5.5.907~1-cbed4]:main():lattice-best-path.cc:99) For utterance 20030010_671, best cost 189.602 + 4913.82 = 5103.42 over 712 frames.
20030010_671 خوشی سے پہلے سوسائٹی گڑیا نگاور سروں وصف افورڈ کے سکولز چھولے میں دو اور جھیل جاؤ 
LOG (lattice-best-path[5.5.907~1-cbed4]:main():lattice-best-path.cc:99) For utterance 20030010_672, best cost 155.082 + 4025.02 = 4180.11 over 626 frames.
20030010_672 انٹر میں کے شور چلائی تو فقدان بل سربراہ اور سے درجے کا پہلا ہے 
LOG (lattice-best-path[5.5.907~1-cbed4]:main():lattice-best-path.cc:99) For utterance 20030010_673, best cost 149.337 + 3915.23 = 4064.56 over 621 frames.
20030010_673 کرائی کے جان دن واقعہ ہوے جو سی نظر کے بیلٹ کر کرائے 
LOG (lattice-best-path[5.5.907~1-cbed4]:main():lattice-best-path.cc:99) For utterance 20030010_674, best cost 170.451 + 5166.31 = 5336.76 over 777 frames.
20030010_674 مشورہ فلو ممبر کا پر چار کھدر ہم بارے ونگ مصدق کی کوشش کی 
LOG (lattice-best-path[5.5.907~1-cbed4]:main():lattice-best-path.cc:99) For utterance 20030010_675, best cost 150.484 + 4547.77 = 4698.25 over 686 frames.
20030010_675 آڑ جلد روہی کے رویے پر سوچے تو تغافل کب وباؤں اڑائیں 
LOG (lattice-best-path[5.5.907~1-cbed4]:main():lattice-best-path.cc:99) For utterance 20030010_676, best cost 174.346 + 4112.12 = 4286.47 over 587 frames.
20030010_676 پتھری رہ عشرے سے ایچ کمیٹی جا تاثر والے ان گشت جھگڑے پر رقص گی 
LOG (lattice-best-path[5.5.907~1-cbed4]:main():lattice-best-path.cc:99) For utterance 20030010_677, best cost 222.196 + 5147.86 = 5370.06 over 788 frames.
20030010_677 مرزا میں کیا کی گزری بوئے مگر بعدازاں کو سدھو کی رو گرداں آنے کی ہیڈ وقت سے درد بہن گیا 
LOG (lattice-best-path[5.5.907~1-cbed4]:main():lattice-best-path.cc:99) For utterance 20030010_678, best cost 255.03 + 7811.52 = 8066.55 over 1203 frames.
20030010_678 سنٹر نصف آ کو تلے سے تاثر والوں سے چھڑا آنے کے لیے غائب ٹوہ جن بیک سے میں مشعر کے شعر کریں 
LOG (lattice-best-path[5.5.907~1-cbed4]:main():lattice-best-path.cc:99) For utterance 20030010_679, best cost 123.221 + 2826.44 = 2949.66 over 411 frames.
20030010_679 تھوڑی اور ایری پر چیل لگائے تو صحت دیسی سے اجڑے 
LOG (lattice-best-path[5.5.907~1-cbed4]:main():lattice-best-path.cc:99) For utterance 20030010_680, best cost 221.109 + 4543.37 = 4764.48 over 662 frames.
20030010_680 چوڑی درجوں اڑا پہلو کے ہوے ان بیٹھ کو تو و کرائی دکھا رہ برس نے میں تھر آ اور جاتا ہے 
LOG (lattice-best-path[5.5.907~1-cbed4]:main():lattice-best-path.cc:99) For utterance 20030010_681, best cost 212.256 + 4996.49 = 5208.75 over 755 frames.
20030010_681 وعدہ کی شل کیچ کو کو بات کی دور از ہوئی تو گلوبل ڈے چھیڑ آڑ پر سول یا 
LOG (lattice-best-path[5.5.907~1-cbed4]:main():lattice-best-path.cc:99) For utterance 20030010_682, best cost 197.571 + 5155.13 = 5352.7 over 794 frames.
20030010_682 نبی فوجوں آغا کی گروتھ پر ہجر ایقان ناچنے جا کروا لیس کے جو حروں معلوم کیے 
LOG (lattice-best-path[5.5.907~1-cbed4]:main():lattice-best-path.cc:99) For utterance 20030010_683, best cost 165.643 + 4497.26 = 4662.9 over 669 frames.
20030010_683 پیش سے ماؤنٹ کی چوروں تک اینڈ ایم لینے حدیث کیے کس سے نکل گئے 
LOG (lattice-best-path[5.5.907~1-cbed4]:main():lattice-best-path.cc:99) For utterance 20030010_684, best cost 167.439 + 4327.87 = 4495.31 over 673 frames.
20030010_684 میں در کی فورس فوریکس سیٹھ کے چوم عمل یوریا وعید لخت تعاقب عام 
LOG (lattice-best-path[5.5.907~1-cbed4]:main():lattice-best-path.cc:99) For utterance 20030010_685, best cost 118.88 + 3414.65 = 3533.53 over 522 frames.
20030010_685 جو فروخت گزری بچے بخشیں سے کہا سے لنگر جو 
LOG (lattice-best-path[5.5.907~1-cbed4]:main():lattice-best-path.cc:99) For utterance 20030010_686, best cost 189.779 + 4410.98 = 4600.75 over 671 frames.
20030010_686 سوئس فن جیل کے صغیر دی فی شعر سے دنیا دی میں سے ٹشو شاہ پوچھ و 
LOG (lattice-best-path[5.5.907~1-cbed4]:main():lattice-best-path.cc:99) For utterance 20030010_687, best cost 234.244 + 6097.73 = 6331.97 over 885 frames.
20030010_687 صاف کھڑے سے بدظن و سے عام جن کھولے تم جب پر پراسیس شیخ معاف کر توجہ مقصود کرائی 
LOG (lattice-best-path[5.5.907~1-cbed4]:main():lattice-best-path.cc:99) For utterance 20030010_688, best cost 282.129 + 6942.03 = 7224.16 over 1064 frames.
20030010_688 کھل کی قل کی چادر ڈچ کے جا کر سے انجری یاں مزارعوں میں عورت دیکھی کے دی خلیے نے حامل گئے کرا کے داخل جاؤں 
LOG (lattice-best-path[5.5.907~1-cbed4]:main():lattice-best-path.cc:99) For utterance 20030010_689, best cost 214.281 + 4365.1 = 4579.38 over 625 frames.
20030010_689 بوجوہ کب گیر جلسہ کی رنز جا جان جو ہول بنائیں اور سوئس و فصلیں کو چل کچھ آئے 
LOG (lattice-best-path[5.5.907~1-cbed4]:main():lattice-best-path.cc:99) For utterance 20030010_690, best cost 115.224 + 2777.22 = 2892.44 over 384 frames.
20030010_690 کے کچھ شب بنائیں کے شعلوں کچھ اوور نحیف جاتا 
LOG (lattice-best-path[5.5.907~1-cbed4]:main():lattice-best-path.cc:99) For utterance 20030010_691, best cost 184.735 + 4797.31 = 4982.05 over 712 frames.
20030010_691 کسی کی دل جوے کیلئے اپنا جدول اور حصے قضہ تعلق معین نارتھ میں ٹھونس دیئے 
LOG (lattice-best-path[5.5.907~1-cbed4]:main():lattice-best-path.cc:99) For utterance 20030010_692, best cost 189.126 + 4717.7 = 4906.83 over 703 frames.
20030010_692 بخود ایسا نے کہا کے میں اسے دوسرا بڑے حد گاڑی کے بری کھاد دے دل بانگ 
LOG (lattice-best-path[5.5.907~1-cbed4]:main():lattice-best-path.cc:99) For utterance 20030010_693, best cost 134.902 + 3310.17 = 3445.07 over 493 frames.
20030010_693 میں نے حق کے جا سے کہا کے بقایا کا گنا کرائی مدح دو 
LOG (lattice-best-path[5.5.907~1-cbed4]:main():lattice-best-path.cc:99) For utterance 20030010_694, best cost 234.096 + 5667.54 = 5901.63 over 853 frames.
20030010_694 پر ان کا چھوڑ آ ششدر آ یا تھر صاف کو جج اے اور اس سی کی جا کو جوق برڈ بنائیں 
LOG (lattice-best-path[5.5.907~1-cbed4]:main():lattice-best-path.cc:99) For utterance 20030010_695, best cost 173.842 + 3874.49 = 4048.33 over 596 frames.
20030010_695 کوئی کے جانا کھچی جانے کو جا روٹھ اگر چھین جاؤں تو پانی میں گھول جاؤں 
LOG (lattice-best-path[5.5.907~1-cbed4]:main():lattice-best-path.cc:99) For utterance 20030010_696, best cost 164.832 + 3959.18 = 4124.01 over 612 frames.
20030010_696 کلچر خاص کر کے ویزے کو مس سوئی مسوڑوں کے بنانے کیلئے افسران کیا جائے گا 
LOG (lattice-best-path[5.5.907~1-cbed4]:main():lattice-best-path.cc:99) For utterance 20030010_697, best cost 126.848 + 2995.88 = 3122.73 over 465 frames.
20030010_697 بلوں اور کار سے سے بلین ڈگر ڈیزائنروں کرنے کا کام ہو گا 
LOG (lattice-best-path[5.5.907~1-cbed4]:main():lattice-best-path.cc:99) For utterance 20030010_698, best cost 134.677 + 3007.02 = 3141.69 over 474 frames.
20030010_698 با تم ذاد علوی سے شگاف بارے روزگار جائزہ لینے لگا 
LOG (lattice-best-path[5.5.907~1-cbed4]:main():lattice-best-path.cc:99) For utterance 20030010_699, best cost 182.193 + 3951.57 = 4133.76 over 587 frames.
LOG (lattice-scale[5.5.907~1-cbed4]:main():lattice-scale.cc:107) Done 108 lattices.
20030010_699 نجات کے فیوچر افراد کی چھری میں وعدہ آئے کی قید جانے دیر کرتی کا مگ سوچوں 
LOG (lattice-best-path[5.5.907~1-cbed4]:main():lattice-best-path.cc:99) For utterance 20030010_700, best cost 163.274 + 3863.6 = 4026.87 over 561 frames.
20030010_700 کوسوں تھو کی تذلیل میں تو غافل کی سوجھی چھڑا کر وصف سوکھ سدھ تھو 
LOG (lattice-best-path[5.5.907~1-cbed4]:main():lattice-best-path.cc:99) For utterance 20030010_701, best cost 217.246 + 5306.98 = 5524.23 over 808 frames.
20030010_701 معاذ معمہ مان بولوں کو وزن کی ڈرامہ تنقیص سے گروہ حروں معاذ اس کو گدھوں کو سمجھا آیا 
LOG (lattice-best-path[5.5.907~1-cbed4]:main():lattice-best-path.cc:99) For utterance 20030010_702, best cost 160.015 + 4028.95 = 4188.96 over 608 frames.
20030010_702 قے فیصلہ قوت کی روٹھ نے کا ایک کو اور شاہ زور نادر بخشے و 
LOG (lattice-best-path[5.5.907~1-cbed4]:main():lattice-best-path.cc:99) For utterance 20030010_703, best cost 166.788 + 4125.13 = 4291.92 over 647 frames.
20030010_703 پیکج آئے سے تولید عید جیم کے پھر گھروں کا ہو با ظاہر اوکھا ہے 
LOG (lattice-best-path[5.5.907~1-cbed4]:main():lattice-best-path.cc:99) For utterance 20030010_704, best cost 177.973 + 4951.54 = 5129.51 over 766 frames.
LOG (lattice-add-penalty[5.5.907~1-cbed4]:main():lattice-add-penalty.cc:62) Done adding word insertion penalty to 108 lattices.
20030010_704 جا ٹری سے شل متغیر رنز ذاد عیاں کی انظباتی پھر لاؤ کا پراسیس ہے 
LOG (lattice-best-path[5.5.907~1-cbed4]:main():lattice-best-path.cc:99) For utterance 20030010_705, best cost 166.145 + 3920.11 = 4086.25 over 578 frames.
20030010_705 با وجہ فیورٹ اور وے اس ڈے جا کر لاگت آٹھ حصوں سے بڑھ گئے 
LOG (lattice-best-path[5.5.907~1-cbed4]:main():lattice-best-path.cc:99) For utterance 20030010_706, best cost 142.778 + 4302.88 = 4445.66 over 627 frames.
20030010_706 بجے صفیں اس فیز جی ارکان کی دکھ اعتماد اُمید جو 
LOG (lattice-best-path[5.5.907~1-cbed4]:main():lattice-best-path.cc:99) For utterance 20030010_707, best cost 128.148 + 2990.04 = 3118.19 over 449 frames.
20030010_707 ماضی گڈ بھورا رہے تو آگے بڑی لومڑی گناہوں میں نہ کریں 
LOG (lattice-best-path[5.5.907~1-cbed4]:main():lattice-best-path.cc:99) For utterance 20030010_708, best cost 185.312 + 3666.06 = 3851.37 over 548 frames.
20030010_708 جان جھرنے سے پہلے برڈ لینے معجل کو شب آڑ اسی تدریس کا اور مشق سمجھا آئے 
LOG (lattice-best-path[5.5.907~1-cbed4]:main():lattice-best-path.cc:124) Overall cost per frame is 7.10467 = 0.266259 [graph] + 6.83841 [acoustic] over 76636 frames.
LOG (lattice-best-path[5.5.907~1-cbed4]:main():lattice-best-path.cc:128) Done 108 lattices, failed for 0
# Accounting: time=2 threads=1
# Ended (code 0) at Wed Apr 21 11:00:46 PKT 2021, elapsed time 2 seconds
