# gmm-est --power=0.2 --remove-low-count-gaussians=false exp/tri3/35.mdl "gmm-sum-accs - exp/tri3/35.*.acc|" exp/tri3/35.alimdl 
# Started at Wed Apr 21 06:57:53 PKT 2021
#
gmm-est --power=0.2 --remove-low-count-gaussians=false exp/tri3/35.mdl 'gmm-sum-accs - exp/tri3/35.*.acc|' exp/tri3/35.alimdl 
gmm-sum-accs - exp/tri3/35.1.acc 
LOG (gmm-sum-accs[5.5.907~1-cbed4]:main():gmm-sum-accs.cc:63) Summed 1 stats, total count 404834, avg like/frame -47.409
LOG (gmm-sum-accs[5.5.907~1-cbed4]:main():gmm-sum-accs.cc:66) Total count of stats is 404834
LOG (gmm-sum-accs[5.5.907~1-cbed4]:main():gmm-sum-accs.cc:67) Written stats to -
LOG (gmm-est[5.5.907~1-cbed4]:MleUpdate():transition-model.cc:528) TransitionModel::Update, objf change is 0 per frame over 404834 frames. 
LOG (gmm-est[5.5.907~1-cbed4]:MleUpdate():transition-model.cc:531) 228 probabilities floored, 3181 out of 5983 transition-states skipped due to insuffient data (it is normal to have some skipped.)
LOG (gmm-est[5.5.907~1-cbed4]:main():gmm-est.cc:102) Transition model update: Overall 0 log-like improvement per frame over 404834 frames.
WARNING (gmm-est[5.5.907~1-cbed4]:MleDiagGmmUpdate():mle-diag-gmm.cc:365) Gaussian has too little data but not removing it because remove-low-count-gaussians == false: g = 0, occ = 0, weight = 1
WARNING (gmm-est[5.5.907~1-cbed4]:MleDiagGmmUpdate():mle-diag-gmm.cc:365) Gaussian has too little data but not removing it because remove-low-count-gaussians == false: g = 0, occ = 7, weight = 1
WARNING (gmm-est[5.5.907~1-cbed4]:MleDiagGmmUpdate():mle-diag-gmm.cc:365) Gaussian has too little data but not removing it because remove-low-count-gaussians == false: g = 0, occ = 7, weight = 1
WARNING (gmm-est[5.5.907~1-cbed4]:MleDiagGmmUpdate():mle-diag-gmm.cc:365) Gaussian has too little data but not removing it because remove-low-count-gaussians == false: g = 0, occ = 9, weight = 1
WARNING (gmm-est[5.5.907~1-cbed4]:MleDiagGmmUpdate():mle-diag-gmm.cc:365) Gaussian has too little data but not removing it because remove-low-count-gaussians == false: g = 0, occ = 6, weight = 1
WARNING (gmm-est[5.5.907~1-cbed4]:MleDiagGmmUpdate():mle-diag-gmm.cc:365) Gaussian has too little data but not removing it because remove-low-count-gaussians == false: g = 0, occ = 8, weight = 1
LOG (gmm-est[5.5.907~1-cbed4]:MleAmDiagGmmUpdate():mle-am-diag-gmm.cc:225) 0 variance elements floored in 0 Gaussians, out of 10030
LOG (gmm-est[5.5.907~1-cbed4]:main():gmm-est.cc:113) GMM update: Overall 0.72358 objective function improvement per frame over 404834 frames
LOG (gmm-est[5.5.907~1-cbed4]:main():gmm-est.cc:116) GMM update: Overall avg like per frame = -47.409 over 404834 frames.
LOG (gmm-est[5.5.907~1-cbed4]:main():gmm-est.cc:146) Written model to exp/tri3/35.alimdl
# Accounting: time=0 threads=1
# Ended (code 0) at Wed Apr 21 06:57:53 PKT 2021, elapsed time 0 seconds
