# lattice-scale --inv-acoustic-scale=7 "ark:gunzip -c exp/sgmm2_4_mmi_b0.1/decode_it4/lat.*.gz|" ark:- | lattice-add-penalty --word-ins-penalty=1.0 ark:- ark:- | lattice-best-path --word-symbol-table=data/lang_test/words.txt ark:- ark,t:- | utils/int2sym.pl -f 2- data/lang_test/words.txt | cat > exp/sgmm2_4_mmi_b0.1/decode_it4/scoring_kaldi/penalty_1.0/7.txt 
# Started at Wed Apr 21 08:21:58 PKT 2021
#
lattice-best-path --word-symbol-table=data/lang_test/words.txt ark:- ark,t:- 
lattice-scale --inv-acoustic-scale=7 'ark:gunzip -c exp/sgmm2_4_mmi_b0.1/decode_it4/lat.*.gz|' ark:- 
lattice-add-penalty --word-ins-penalty=1.0 ark:- ark:- 
LOG (lattice-best-path[5.5.907~1-cbed4]:main():lattice-best-path.cc:99) For utterance 20030013_601, best cost 269.459 + 6560.32 = 6829.78 over 952 frames.
20030013_601 مثبت صیاد تک کو چیک کے طالب گہرے شو مین قریب لنگر کی گڈریے ادھار انگوٹھا پڑ عام کو قبول کرنے گئی 
LOG (lattice-best-path[5.5.907~1-cbed4]:main():lattice-best-path.cc:99) For utterance 20030013_602, best cost 303.855 + 8460.73 = 8764.59 over 1201 frames.
20030013_602 دلوں وبائی اور بھیم کے نارتھ اور کھلے پر کے ہوے کرائی کی لو بلوچی آلود چھ کے گاؤ کھلیں کرنے کی شیڈ تک سے آرزوئیں ہے 
LOG (lattice-best-path[5.5.907~1-cbed4]:main():lattice-best-path.cc:99) For utterance 20030013_603, best cost 266.31 + 6187.78 = 6454.09 over 875 frames.
20030013_603 شے ہم شیو گھر اور نزلے کی بڑا سے رکھتے عمل پر اُٹھایا کھدر دیتی میں بیعت بسوں پر کا رم نیچا اور کیا 
LOG (lattice-best-path[5.5.907~1-cbed4]:main():lattice-best-path.cc:99) For utterance 20030013_604, best cost 254.28 + 6146.6 = 6400.88 over 920 frames.
20030013_604 سدھ ای نے نہ ای کی کی داؤ مون کی گڑھ پر پڑی تو کہا سے طور جا ہے کہ گھس کے نخوت اٹھا ہے 
LOG (lattice-best-path[5.5.907~1-cbed4]:main():lattice-best-path.cc:99) For utterance 20030013_605, best cost 169.206 + 4187.9 = 4357.1 over 606 frames.
20030013_605 سول در شبہ اے جون کے پیش ایڈز میں گھول بیلٹ کر تخلص گیا 
LOG (lattice-best-path[5.5.907~1-cbed4]:main():lattice-best-path.cc:99) For utterance 20030013_606, best cost 192.82 + 4566.11 = 4758.93 over 638 frames.
20030013_606 میں دین کے دماغی میں بلوں ورک سے کی اس میں کیوں کے تغافل سخت کی بڑی عزیز ہے 
LOG (lattice-best-path[5.5.907~1-cbed4]:main():lattice-best-path.cc:99) For utterance 20030013_607, best cost 141.037 + 3150.37 = 3291.4 over 440 frames.
20030013_607 افضل بیعت کی ہول کا کی سب عام گھمبیر برابر نہیں سے ہے 
LOG (lattice-best-path[5.5.907~1-cbed4]:main():lattice-best-path.cc:99) For utterance 20030013_608, best cost 188.391 + 5099.71 = 5288.1 over 798 frames.
20030013_608 کو کئے کے بورڈ یہ مرغی کوکھ فروش کر ڈام چُھپ جانے کی اودھم تو ہو گی 
LOG (lattice-best-path[5.5.907~1-cbed4]:main():lattice-best-path.cc:99) For utterance 20030013_609, best cost 222.903 + 4570.81 = 4793.71 over 651 frames.
20030013_609 فلیش ان میں موو علم اعتبار مگر مس نقرس اڑیں نکالیں اور فی ستھرے چھوڑ کا تصحیح یا کیا 
LOG (lattice-best-path[5.5.907~1-cbed4]:main():lattice-best-path.cc:99) For utterance 20030013_610, best cost 201.866 + 5589.54 = 5791.4 over 792 frames.
20030013_610 موثر پہلے فشنگ کا علی جیولری کم ان دینا نیچے کی طرف سے مرغیاں گیس سامان ہے 
LOG (lattice-best-path[5.5.907~1-cbed4]:main():lattice-best-path.cc:99) For utterance 20030013_611, best cost 178.812 + 4153.91 = 4332.72 over 580 frames.
20030013_611 خودسر پہنے تھنک اور پر نے کے کے دب آؤ کو پر کلراٹھی گھوم کے ساتھ کھلے 
LOG (lattice-best-path[5.5.907~1-cbed4]:main():lattice-best-path.cc:99) For utterance 20030013_612, best cost 208.86 + 5832.47 = 6041.33 over 804 frames.
20030013_612 تبدیلی و کی لغو سے شخصے نے ڈال بولو ہجرت سفر تو قوت کی بے انکشاف روات ہے 
LOG (lattice-best-path[5.5.907~1-cbed4]:main():lattice-best-path.cc:99) For utterance 20030013_613, best cost 131.677 + 3012.01 = 3143.69 over 414 frames.
20030013_613 کا رنگ بلا آ کوسوں جیل برش دی نل پیدا کا 
LOG (lattice-best-path[5.5.907~1-cbed4]:main():lattice-best-path.cc:99) For utterance 20030013_614, best cost 156.759 + 3848.5 = 4005.26 over 523 frames.
20030013_614 رخ طفیل نے شیشے اور کے کرائے اور کے ساتھ حملے بغیر سمتھ عدلیہ 
LOG (lattice-best-path[5.5.907~1-cbed4]:main():lattice-best-path.cc:99) For utterance 20030013_615, best cost 276.081 + 7361.92 = 7638 over 1105 frames.
20030013_615 ہدایت کا شہزادی نے فلیچر مصر اثر کو بلڈ روز کرتے گونگے جوبلی خان آن کی کی جیوری میں گوبر ہیڈ بڑھ آیا 
LOG (lattice-best-path[5.5.907~1-cbed4]:main():lattice-best-path.cc:99) For utterance 20030013_616, best cost 280.681 + 6918.92 = 7199.6 over 977 frames.
20030013_616 توجہ لہو آڑ فٹ میں صفوں نبوی جن کو فروزاں اس کر کیسی زدہ سب عود کی معاف پتہ حلف آ اقرار کیا 
LOG (lattice-best-path[5.5.907~1-cbed4]:main():lattice-best-path.cc:99) For utterance 20030013_617, best cost 179.162 + 4261.34 = 4440.51 over 632 frames.
20030013_617 کا میں پر پڑے ستھرے خود جھوم نے کیوں کو عابد اسے کر پھیکا ہنسیں لگا 
LOG (lattice-best-path[5.5.907~1-cbed4]:main():lattice-best-path.cc:99) For utterance 20030013_618, best cost 234.215 + 5326.48 = 5560.7 over 734 frames.
20030013_618 کھاؤ ٹھنکا بڑی سے رو اشرف مرچوں والے آپ پڑ ساغر نے ٹھل میراں کے بعد لیس کے تیار کیا ہے 
LOG (lattice-best-path[5.5.907~1-cbed4]:main():lattice-best-path.cc:99) For utterance 20030013_619, best cost 120.279 + 3213.83 = 3334.11 over 440 frames.
20030013_619 زہریلی تلخی آپ مدعیان کرنے کا سوری دیتی جا ہے 
LOG (lattice-best-path[5.5.907~1-cbed4]:main():lattice-best-path.cc:99) For utterance 20030013_620, best cost 254.389 + 6137.17 = 6391.56 over 900 frames.
20030013_620 جی ملنے پَلوں کے بولوں کو بلوں میں سموئے یا اور دھیرے مگ بوڑھوں پر پرجوش راؤ کی تیار یاں قیود 
LOG (lattice-best-path[5.5.907~1-cbed4]:main():lattice-best-path.cc:99) For utterance 20030013_621, best cost 232.775 + 5425.44 = 5658.22 over 779 frames.
20030013_621 معجل از گئی سچ میں نے اور کر سوچ ان کے معاون میں انضمام بیس اور جاتی نواز نے میں پھیل کی 
LOG (lattice-best-path[5.5.907~1-cbed4]:main():lattice-best-path.cc:99) For utterance 20030013_622, best cost 230.224 + 4587.15 = 4817.38 over 657 frames.
20030013_622 پوچھی بڑی نے میں اینڈ اور کا دیتے کرے درج ان ہما رسیدہ بیڑے بار لال میں سے دوجے نیم 
LOG (lattice-best-path[5.5.907~1-cbed4]:main():lattice-best-path.cc:99) For utterance 20030013_623, best cost 167.991 + 3942.17 = 4110.16 over 574 frames.
20030013_623 بے انٹر ایم کر درخت منافعوں آنسو برس کا مینگل نے شاہ لیے گیا 
LOG (lattice-best-path[5.5.907~1-cbed4]:main():lattice-best-path.cc:99) For utterance 20030013_624, best cost 260.352 + 5966.97 = 6227.32 over 811 frames.
20030013_624 ماؤف اثر کے نوش فوم نے کے لیے سبب خاص کو رکھوا لفظ کود عود عود تین کے چنگ کیلئے مغیث شوروم تھا 
LOG (lattice-best-path[5.5.907~1-cbed4]:main():lattice-best-path.cc:99) For utterance 20030013_625, best cost 188.539 + 5419.46 = 5608 over 696 frames.
20030013_625 نیو ایندھن ساغر بھیڑیے کی کھال کی کا تیرے کر بکھری سی بلکہ مواد کے کو گیا 
LOG (lattice-best-path[5.5.907~1-cbed4]:main():lattice-best-path.cc:99) For utterance 20030013_626, best cost 126.228 + 3292.28 = 3418.51 over 420 frames.
20030013_626 ڈیم بش نے کو مغلیہ اعادہ تم کی ابواب سمجھا 
LOG (lattice-best-path[5.5.907~1-cbed4]:main():lattice-best-path.cc:99) For utterance 20030013_627, best cost 231.701 + 6429.99 = 6661.69 over 926 frames.
20030013_627 چھلکا خیر غلام آئی کے منگوا کے حال آن یاں زیڈ پڑھو کے طوفاں مین میں کھا رکھ گیا 
LOG (lattice-best-path[5.5.907~1-cbed4]:main():lattice-best-path.cc:99) For utterance 20030013_628, best cost 189.219 + 4577.31 = 4766.53 over 644 frames.
20030013_628 بھگت کی تک نے بنانے کیلئے بیٹھی ٹریبیونل میں فون انگلی خوشی یاں مسخ کود تھیں 
LOG (lattice-best-path[5.5.907~1-cbed4]:main():lattice-best-path.cc:99) For utterance 20030013_629, best cost 239.001 + 6258.38 = 6497.38 over 894 frames.
20030013_629 چھیل بھیڑیے بش کا رنگ کے آؤ کو اور میں فی دل اب بروز انیق نے مردوں کا ہے جا بھیج کر آیا 
LOG (lattice-best-path[5.5.907~1-cbed4]:main():lattice-best-path.cc:99) For utterance 20030013_630, best cost 176.856 + 4666.99 = 4843.84 over 606 frames.
20030013_630 قیام بھلا نے نجی بسیار میں آکر بیچے مارچ تو چھین سے انگلی کر گیا 
LOG (lattice-best-path[5.5.907~1-cbed4]:main():lattice-best-path.cc:99) For utterance 20030013_631, best cost 228.52 + 6403.43 = 6631.95 over 843 frames.
20030013_631 سے یہ سیکھ باؤلر نارتھ ہیڈ میں وقف کا کر دے فلڈ رکھنے کے تو سے موسم اور کر جھالر دکھایا 
LOG (lattice-best-path[5.5.907~1-cbed4]:main():lattice-best-path.cc:99) For utterance 20030013_632, best cost 258.886 + 6925.67 = 7184.55 over 1009 frames.
20030013_632 السی سی جا نے کہا کے رول یہ کی حجت چوروں اور بیڑیاں بیگ بھجوا کر کھجوریں اور رسوائی جھولے بغیر بن 
LOG (lattice-best-path[5.5.907~1-cbed4]:main():lattice-best-path.cc:99) For utterance 20030013_633, best cost 244.802 + 6553.35 = 6798.15 over 913 frames.
20030013_633 میں کر ننگے بم بار میں طویل کی لیے نیلم گھنٹے اور فی سکھی کار ضد سندھی سوئمنگ کے لیے کیجیے 
LOG (lattice-best-path[5.5.907~1-cbed4]:main():lattice-best-path.cc:99) For utterance 20030013_634, best cost 159.348 + 3702.2 = 3861.54 over 497 frames.
20030013_634 کھولے شل نے جنریشن کس آنکھ کیلئے روحانی کی نہ کر بن کر کر لائے 
LOG (lattice-best-path[5.5.907~1-cbed4]:main():lattice-best-path.cc:99) For utterance 20030013_635, best cost 235.708 + 5389.34 = 5625.04 over 734 frames.
20030013_635 پاس میں ٹریلر کو قندیل عام کھاؤ عود میں بیٹھ میں اور علی معمر تھر میراں سے کے سے سول آ کریں 
LOG (lattice-best-path[5.5.907~1-cbed4]:main():lattice-best-path.cc:99) For utterance 20030013_636, best cost 187.185 + 4703.92 = 4891.1 over 657 frames.
20030013_636 قم اور بروز دشمن کی جو بلی آنکھ شاہ ہونے سے گوجر کا تو ہم کا قوت 
LOG (lattice-best-path[5.5.907~1-cbed4]:main():lattice-best-path.cc:99) For utterance 20030013_637, best cost 200.621 + 4975.38 = 5176 over 696 frames.
20030013_637 بھی خان کے شیم آنکھ میں پہنچ کر رمزی لمحوں دی کی قید عرصے ماڈل گریڈ ہوئی 
LOG (lattice-best-path[5.5.907~1-cbed4]:main():lattice-best-path.cc:99) For utterance 20030013_638, best cost 223.795 + 5186.07 = 5409.87 over 760 frames.
20030013_638 کا ان لوگو جل کی شیڈ روڈ رحم میں کھونے صورت اور کوٹھڑی کو ٹیڑھے کی کے بالاخر جج لیں 
LOG (lattice-best-path[5.5.907~1-cbed4]:main():lattice-best-path.cc:99) For utterance 20030013_639, best cost 242.206 + 6029.09 = 6271.3 over 868 frames.
20030013_639 ہیلتھ کے دفتر میں تو کے جلد سے ترچھی صرف کرکے نام خود کی وارڈ کر سارز سے دیں دب و چکھیں 
LOG (lattice-best-path[5.5.907~1-cbed4]:main():lattice-best-path.cc:99) For utterance 20030013_640, best cost 222.602 + 6082.77 = 6305.38 over 760 frames.
20030013_640 سمتھ کے نیو منظر بیٹھی کیا میثاق کی نے پیسنے کونسل کے شو والا کا کر چوری کوچ لگا آیا 
LOG (lattice-best-path[5.5.907~1-cbed4]:main():lattice-best-path.cc:99) For utterance 20030013_641, best cost 159.395 + 3904.09 = 4063.49 over 465 frames.
20030013_641 حقوق پھیلنے دور گگلی شعبوں کو کے آتی کالجز کھا کر مین سے کی کی 
LOG (lattice-best-path[5.5.907~1-cbed4]:main():lattice-best-path.cc:99) For utterance 20030013_642, best cost 168.188 + 4459.38 = 4627.56 over 574 frames.
20030013_642 ہر کو کے گدھی میں جس سیسے صدر سیف بو ٹھوس کی پیداوار ہوتی 
LOG (lattice-best-path[5.5.907~1-cbed4]:main():lattice-best-path.cc:99) For utterance 20030013_643, best cost 220.09 + 5689.56 = 5909.65 over 734 frames.
20030013_643 اب قوس بنا قل پڑ میں مخل فائر کمسن آئے اور تو وولر آپ سے ضائع کرے ڈال ہیں 
LOG (lattice-best-path[5.5.907~1-cbed4]:main():lattice-best-path.cc:99) For utterance 20030013_644, best cost 228.266 + 5451.72 = 5679.99 over 683 frames.
20030013_644 کے شعری لیدر چھ گریڈ گول پر روئیں اور سے کرا بچے کی کیسی دکھ کر کس کلیم دغا تیرے 
LOG (lattice-best-path[5.5.907~1-cbed4]:main():lattice-best-path.cc:99) For utterance 20030013_645, best cost 182.825 + 4617.06 = 4799.88 over 580 frames.
20030013_645 میں دورے بیٹھ ایک قید روزہ کے سائبان روزوں سخت کر کرنے کی کا آشنا کھلے 
LOG (lattice-best-path[5.5.907~1-cbed4]:main():lattice-best-path.cc:99) For utterance 20030013_646, best cost 192.332 + 4722.33 = 4914.66 over 587 frames.
20030013_646 ساغر گا کو جوس نو جو بنے کے بعد لغو بے رواں میں برابر الزام یہ آئی 
LOG (lattice-best-path[5.5.907~1-cbed4]:main():lattice-best-path.cc:99) For utterance 20030013_647, best cost 141.879 + 3821.79 = 3963.67 over 452 frames.
20030013_647 موثر کر ایس انداز ایک بوم نے چھوڑ کر دور کرا ہے 
LOG (lattice-best-path[5.5.907~1-cbed4]:main():lattice-best-path.cc:99) For utterance 20030013_648, best cost 118.504 + 3471.84 = 3590.35 over 440 frames.
20030013_648 میلے میں دودھیا جارج تعالی سچل کے لیے پڑھوا تھا 
LOG (lattice-best-path[5.5.907~1-cbed4]:main():lattice-best-path.cc:99) For utterance 20030013_649, best cost 173.853 + 4756.04 = 4929.89 over 600 frames.
20030013_649 کوکھ ہو کو کے گز کر کے بیٹھ نے کے بعد کا وارڈ کر گہرے لگائی کیے 
LOG (lattice-best-path[5.5.907~1-cbed4]:main():lattice-best-path.cc:99) For utterance 20030013_650, best cost 180.205 + 5202.08 = 5382.28 over 670 frames.
20030013_650 کچرے ایک لابنگ کے زیادہ ساز نیا کرکے نہ کیا ادویات گیراج تدریس گیا ہے 
LOG (lattice-best-path[5.5.907~1-cbed4]:main():lattice-best-path.cc:99) For utterance 20030013_651, best cost 148.276 + 4214.35 = 4362.63 over 548 frames.
20030013_651 غلیل کو تیری میں چوتھی کو کے ایک ٹھاٹھیں اٹھنے سے پہلے صوفی تھی 
LOG (lattice-best-path[5.5.907~1-cbed4]:main():lattice-best-path.cc:99) For utterance 20030013_652, best cost 222.026 + 5369.35 = 5591.38 over 696 frames.
20030013_652 فیڈرل ایئر کی چیزیں تھر گئی اور لے کرکے نو لا میں کا پور کے سود پور تک کوچ اے 
LOG (lattice-best-path[5.5.907~1-cbed4]:main():lattice-best-path.cc:99) For utterance 20030013_653, best cost 168.339 + 4611.38 = 4779.72 over 600 frames.
20030013_653 لو کرا ڈیسک تجزیے تلے تلے قرضے کے کے تھری گے تک روز ہوا 
LOG (lattice-best-path[5.5.907~1-cbed4]:main():lattice-best-path.cc:99) For utterance 20030013_654, best cost 213.438 + 5682.05 = 5895.49 over 734 frames.
20030013_654 کر فی اور دے شاہ اوس السی اسجد جوے اور ان سے کے و رولز کے میں تھر میں ستھرے 
LOG (lattice-best-path[5.5.907~1-cbed4]:main():lattice-best-path.cc:99) For utterance 20030013_655, best cost 134.088 + 4934.43 = 5068.52 over 600 frames.
20030013_655 نہ عام بقیہ چھائی کوٹھے در بو جانے کریش ہے 
LOG (lattice-best-path[5.5.907~1-cbed4]:main():lattice-best-path.cc:99) For utterance 20030013_656, best cost 204.535 + 5947.11 = 6151.65 over 734 frames.
20030013_656 بے سے سچ یہ رغبت بینک اسے کی حیرت بظاہر اور سوئے مچا رنگ دیکھ کس کریں 
LOG (lattice-best-path[5.5.907~1-cbed4]:main():lattice-best-path.cc:99) For utterance 20030013_657, best cost 149.175 + 4186.61 = 4335.78 over 542 frames.
20030013_657 حد بلا کر ذہن کی کے کر کردار کیے حد سے مصر رہی 
LOG (lattice-best-path[5.5.907~1-cbed4]:main():lattice-best-path.cc:99) For utterance 20030013_658, best cost 143.393 + 4611.8 = 4755.2 over 561 frames.
20030013_658 لیجنڈ وڈ کا میرا ہے کی ہوئی بیس کی بعد سے وولر 
LOG (lattice-best-path[5.5.907~1-cbed4]:main():lattice-best-path.cc:99) For utterance 20030013_659, best cost 195.277 + 5097.91 = 5293.19 over 619 frames.
20030013_659 مل کے گود کر بچائیں اور تھوڑی کا کا فوم ہولوں غوث کے بعد ہوے لیے پر سوئے 
LOG (lattice-best-path[5.5.907~1-cbed4]:main():lattice-best-path.cc:99) For utterance 20030013_660, best cost 96.1599 + 3116.38 = 3212.54 over 401 frames.
20030013_660 اب بحران کے گداز لگیں ویلیو صرف 
LOG (lattice-best-path[5.5.907~1-cbed4]:main():lattice-best-path.cc:99) For utterance 20030013_661, best cost 123.36 + 3146.94 = 3270.3 over 427 frames.
20030013_661 طلب لینے کیلئے بے شبہ عمل کر کہا کر کروائیں 
LOG (lattice-best-path[5.5.907~1-cbed4]:main():lattice-best-path.cc:99) For utterance 20030013_662, best cost 152.248 + 4021.31 = 4173.55 over 529 frames.
20030013_662 کر ڈیم جو ہو قیام دیے چلے تو سے یا رکھی تجزیہ بکھرے 
LOG (lattice-best-path[5.5.907~1-cbed4]:main():lattice-best-path.cc:99) For utterance 20030013_663, best cost 186.309 + 5572.92 = 5759.23 over 753 frames.
20030013_663 کی رونے کہا چار میں خبروں ہو کے اور سال کی اگلے دیکھی طرحی سے وقوف ہوئی 
LOG (lattice-best-path[5.5.907~1-cbed4]:main():lattice-best-path.cc:99) For utterance 20030013_664, best cost 242.36 + 5390.31 = 5632.67 over 715 frames.
20030013_664 فعال اسے یا لے کے پر ریاض اب میں تھائی نبوی لے کر زور رپورٹ گریڈ سے کر اور پہ کھڑے ہو گے 
LOG (lattice-best-path[5.5.907~1-cbed4]:main():lattice-best-path.cc:99) For utterance 20030013_665, best cost 156.328 + 3744.99 = 3901.32 over 484 frames.
20030013_665 فرائض میرے سالہ ویزے دے گریڈ شعری تو فرض رخ کر گو 
LOG (lattice-best-path[5.5.907~1-cbed4]:main():lattice-best-path.cc:99) For utterance 20030013_666, best cost 173.836 + 4153.03 = 4326.86 over 529 frames.
20030013_666 دو میں سے ہوے اور گھول سے رضا رکھاؤ کھگہ تک سے رکھ خیر سکول یہ 
LOG (lattice-best-path[5.5.907~1-cbed4]:main():lattice-best-path.cc:99) For utterance 20030013_667, best cost 132.244 + 4021.73 = 4153.98 over 504 frames.
20030013_667 تیری بے کی طرف سے سے میں کے بھول سے کی کوٹھی بسر ہوئی 
LOG (lattice-best-path[5.5.907~1-cbed4]:main():lattice-best-path.cc:99) For utterance 20030013_668, best cost 239.165 + 6063.27 = 6302.44 over 747 frames.
20030013_668 سانولے کرو لیے کے تھل اڈے میں ابھرے رضا جور کا پیش لا قاضی جانا دیا چل جاؤ اعتراف 
LOG (lattice-best-path[5.5.907~1-cbed4]:main():lattice-best-path.cc:99) For utterance 20030013_669, best cost 160.699 + 4636.34 = 4797.04 over 548 frames.
20030013_669 بورڈ خسارے نو فعل کوڈ میں اس گذر کے لیے ریزرو ڈبو ٹینک دیا 
LOG (lattice-best-path[5.5.907~1-cbed4]:main():lattice-best-path.cc:99) For utterance 20030013_670, best cost 154.49 + 4243.59 = 4398.08 over 574 frames.
20030013_670 روضے کا آخری اشرف رہتے قیصر کنواں کو کوڑھ و بھرتا لو 
LOG (lattice-best-path[5.5.907~1-cbed4]:main():lattice-best-path.cc:99) For utterance 20030013_671, best cost 215.347 + 6342.31 = 6557.65 over 772 frames.
20030013_671 اچھی سے پہلے سوسائٹی گڑیا نے کا ذوق فورس کو کھول کیسوں کوچوں اولی نجات و اور تھی ہے 
LOG (lattice-best-path[5.5.907~1-cbed4]:main():lattice-best-path.cc:99) For utterance 20030013_672, best cost 172.466 + 5271.48 = 5443.95 over 632 frames.
20030013_672 انٹر میری چھین مسئلہ دفتر کام والو سربراہ و صدر زدہ پہلا ہے 
LOG (lattice-best-path[5.5.907~1-cbed4]:main():lattice-best-path.cc:99) For utterance 20030013_673, best cost 157.384 + 4353.15 = 4510.53 over 555 frames.
20030013_673 پڑھائی کے جھاگ دن آتی ہوے جو دی نذر کیا پہلی پر دبائے 
LOG (lattice-best-path[5.5.907~1-cbed4]:main():lattice-best-path.cc:99) For utterance 20030013_674, best cost 184.79 + 6485.56 = 6670.35 over 772 frames.
20030013_674 نقشوں نے پَلوں میں بھڑک آپ عرصہ لاڈ کر قم وارڈ کی اوس نے کی کوشش کی 
LOG (lattice-best-path[5.5.907~1-cbed4]:main():lattice-best-path.cc:99) For utterance 20030013_675, best cost 164.296 + 4201.15 = 4365.44 over 529 frames.
20030013_675 اور جہد دور اولی کے رویہ کا سوچنے پتہ آ فن کا غوغا اٹھائے 
LOG (lattice-best-path[5.5.907~1-cbed4]:main():lattice-best-path.cc:99) For utterance 20030013_676, best cost 177.557 + 4697.77 = 4875.32 over 568 frames.
20030013_676 اپنی کے آئی کی سیلز تھنک کی جا کوئی زوال میں انگلش میں بڑے پر رکھی 
LOG (lattice-best-path[5.5.907~1-cbed4]:main():lattice-best-path.cc:99) For utterance 20030013_677, best cost 239.972 + 7060.67 = 7300.64 over 926 frames.
20030013_677 مثال میں کوئی لیا کی کوٹھی گول میں کر خاں بنگلہ موصول ہو وی گروپ برطانوی کی حیرت فیتھ اہل گیا 
LOG (lattice-best-path[5.5.907~1-cbed4]:main():lattice-best-path.cc:99) For utterance 20030013_678, best cost 246.452 + 7600.67 = 7847.12 over 971 frames.
20030013_678 چین دینے سب کو اور ڈیلی خیر براؤزر والوں سے چھڑ آنے کیلئے ہیڈ کو جلد فلیش سے مشق عشرت کریں 
LOG (lattice-best-path[5.5.907~1-cbed4]:main():lattice-best-path.cc:99) For utterance 20030013_679, best cost 125.693 + 3524.86 = 3650.55 over 446 frames.
20030013_679 کوڑھ لو لیڈی پر چیل آ تو صحت تیری سنچری 
LOG (lattice-best-path[5.5.907~1-cbed4]:main():lattice-best-path.cc:99) For utterance 20030013_680, best cost 217.995 + 5303.55 = 5521.55 over 683 frames.
20030013_680 <oov> جوگی اوج اوڑھا گینگز صبغت پٹھوں طور لائے اخبار آ برعکس میں میں ٹھگ اوقات سکتا ہے 
LOG (lattice-best-path[5.5.907~1-cbed4]:main():lattice-best-path.cc:99) For utterance 20030013_681, best cost 178.446 + 4463.96 = 4642.4 over 587 frames.
20030013_681 گدھا جج چھم جیوئش کو کر کی تھا رسولی کھول اور پر پیچیدہ اور برسوں گیا 
LOG (lattice-best-path[5.5.907~1-cbed4]:main():lattice-best-path.cc:99) For utterance 20030013_682, best cost 209.908 + 5680.96 = 5890.87 over 753 frames.
20030013_682 وی اور شو والے کی بھوت کر ہجر ریگن آ سنگسار کر بوئے بھیج شوہر معلوم کیے 
LOG (lattice-best-path[5.5.907~1-cbed4]:main():lattice-best-path.cc:99) For utterance 20030013_683, best cost 182.695 + 5378.44 = 5561.13 over 657 frames.
20030013_683 کئے سے بغور ٹیچر تو تک ٹینک پھیرنے سی پھرتی کے کے اس سے نے کر گئی 
LOG (lattice-best-path[5.5.907~1-cbed4]:main():lattice-best-path.cc:99) For utterance 20030013_684, best cost 167.511 + 4274.52 = 4442.03 over 593 frames.
20030013_684 میں ویب بھی بھول خواری سیٹھ کے کیوں میں بھگو یہ پیر بلا کراؤں 
LOG (lattice-best-path[5.5.907~1-cbed4]:main():lattice-best-path.cc:99) For utterance 20030013_685, best cost 135.407 + 3359.74 = 3495.15 over 446 frames.
20030013_685 جو خلل گوجری بن شیر بخشے اور سے قحط سے لنگا دو 
LOG (lattice-best-path[5.5.907~1-cbed4]:main():lattice-best-path.cc:99) For utterance 20030013_686, best cost 221.11 + 5858.14 = 6079.25 over 772 frames.
20030013_686 صرف پھینک کے ایک سب خیلوی وی پیش عرصے دنیا دی میں کھچ کر جوش رکھ پوچھ و 
LOG (lattice-best-path[5.5.907~1-cbed4]:main():lattice-best-path.cc:99) For utterance 20030013_687, best cost 223.064 + 5754.12 = 5977.19 over 721 frames.
20030013_687 شوق کوئی سے بدسلوکی سے آدھے گوجری دو قبل اگر آ سے چیف مآب کر توجہ منظور کرائی 
LOG (lattice-best-path[5.5.907~1-cbed4]:main():lattice-best-path.cc:99) For utterance 20030013_688, best cost 256.302 + 6198.42 = 6454.72 over 836 frames.
20030013_688 بھری کی بلکہ چادر بل بچار کسے جب اوزار اور دیکھی کے دیکھ میں وہاب ہوم کے قرار دیتا اور اے جاؤں 
LOG (lattice-best-path[5.5.907~1-cbed4]:main():lattice-best-path.cc:99) For utterance 20030013_689, best cost 236.891 + 5641.69 = 5878.58 over 753 frames.
20030013_689 وجود اور درج اجزا کی رتھ کیا جان و جو کھول بنائیں بسوں سب فصلیں کو جل کر خواہ اے 
LOG (lattice-best-path[5.5.907~1-cbed4]:main():lattice-best-path.cc:99) For utterance 20030013_690, best cost 121.084 + 3250.78 = 3371.86 over 414 frames.
20030013_690 بھگو کے اداکارائیں کے شور بے کچھ ہوے نہیں جاتی 
LOG (lattice-best-path[5.5.907~1-cbed4]:main():lattice-best-path.cc:99) For utterance 20030013_691, best cost 174.291 + 4432.05 = 4606.34 over 606 frames.
20030013_691 کیجیے دلجوئی کے لیے اگرچہ کر دھوئے اور رینجرز ازالہ کر معائنہ پھٹ گھس دیئے 
LOG (lattice-best-path[5.5.907~1-cbed4]:main():lattice-best-path.cc:99) For utterance 20030013_692, best cost 190.848 + 5431.6 = 5622.45 over 721 frames.
20030013_692 بطخوں نظام نے کہا کے میں سے بو صاحب ہے لے کر قریب کے رہی کا تیرے گاؤں 
LOG (lattice-best-path[5.5.907~1-cbed4]:main():lattice-best-path.cc:99) For utterance 20030013_693, best cost 150.474 + 3515.97 = 3666.44 over 491 frames.
20030013_693 مے میں حد کے جوئیہ سے کہا کے بقایا پر گنا کر لائے مدعو 
LOG (lattice-best-path[5.5.907~1-cbed4]:main():lattice-best-path.cc:99) For utterance 20030013_694, best cost 209.503 + 4777.78 = 4987.28 over 664 frames.
20030013_694 کر رم کا چھوڑ آ شعر اشفاق عرصہ کو جج ایک پرسش چیک شاخ فوجوں بند بنائیں 
LOG (lattice-best-path[5.5.907~1-cbed4]:main():lattice-best-path.cc:99) For utterance 20030013_695, best cost 178.916 + 4059.54 = 4238.46 over 568 frames.
20030013_695 گزری کی جانے کسے جانے کود کیا گونگے اگر کے چنگ تو پانی میں گھول گیا 
LOG (lattice-best-path[5.5.907~1-cbed4]:main():lattice-best-path.cc:99) For utterance 20030013_696, best cost 179.195 + 4260.99 = 4440.18 over 593 frames.
20030013_696 کے شیعہ پاس سے کیا میں سے کو مس معین مسوڑوں کے بنانے کیلئے پر عام کیا جائے 
LOG (lattice-best-path[5.5.907~1-cbed4]:main():lattice-best-path.cc:99) For utterance 20030013_697, best cost 150.796 + 3705.16 = 3855.95 over 497 frames.
20030013_697 بولو اور کا عود سے سیڑھیاں کن لیڈی جان کرنے کا عام اٹھوا 
LOG (lattice-best-path[5.5.907~1-cbed4]:main():lattice-best-path.cc:99) For utterance 20030013_698, best cost 169.513 + 5018.27 = 5187.78 over 721 frames.
20030013_698 بار بم ذاد عود بھی انکشاف آپ باعث کن جائزہ لینے لغو ہے 
LOG (lattice-best-path[5.5.907~1-cbed4]:main():lattice-best-path.cc:99) For utterance 20030013_699, best cost 194.349 + 4428.9 = 4623.25 over 625 frames.
20030013_699 میں جسٹس ویڈیوز کار کی جھلی نے بدحالی دہلوی جانے لیے اور میں دی کا مسخ سوچوں 
LOG (lattice-best-path[5.5.907~1-cbed4]:main():lattice-best-path.cc:99) For utterance 20030013_700, best cost 164.621 + 4363.84 = 4528.47 over 587 frames.
20030013_700 گوشوں اور سوکھی تبلیغ میں تغافل کی سوجھی جھلک کر بو سوکھ سے اٹھیں 
LOG (lattice-best-path[5.5.907~1-cbed4]:main():lattice-best-path.cc:99) For utterance 20030013_701, best cost 222.641 + 5097.65 = 5320.29 over 728 frames.
20030013_701 مضمون بہو مان بھومی کو بدل کی تم اپنا چیز سے قل باقر مان سے صحبتوں کو سمتھ آیا 
LOG (lattice-best-path[5.5.907~1-cbed4]:main():lattice-best-path.cc:99) For utterance 20030013_702, best cost 197.366 + 4860.05 = 5057.42 over 683 frames.
20030013_702 غیر فیصلہ اب اور قوت کی کود میں ہر ایک قوس فعال گناہ دل بخشے و 
LOG (lattice-best-path[5.5.907~1-cbed4]:main():lattice-best-path.cc:99) For utterance 20030013_703, best cost 154.943 + 3318.91 = 3473.85 over 465 frames.
20030013_703 پہلا ضائع سے تولید کی چھین کے فقروں کا غوں بار ظاہر ہوتا ہے 
LOG (lattice-scale[5.5.907~1-cbed4]:main():lattice-scale.cc:107) Done 108 lattices.
LOG (lattice-best-path[5.5.907~1-cbed4]:main():lattice-best-path.cc:99) For utterance 20030013_704, best cost 157.872 + 4679.74 = 4837.61 over 676 frames.
20030013_704 چودہ کی نیز فیشن مزارعین عذاب کیونکہ انظباتی پہلا کہا پراسیس ہے 
LOG (lattice-best-path[5.5.907~1-cbed4]:main():lattice-best-path.cc:99) For utterance 20030013_705, best cost 167.505 + 3610.42 = 3777.93 over 491 frames.
20030013_705 <oov> باغ اور جگہ بن مان قوی دلشاد پر لاگت آنسو سے بڑھ گئی 
LOG (lattice-best-path[5.5.907~1-cbed4]:main():lattice-best-path.cc:99) For utterance 20030013_706, best cost 116.61 + 2896.48 = 3013.09 over 363 frames.
20030013_706 ابو سفید اویسی یا کے دیکھیں تو مدھم مرچوں 
LOG (lattice-best-path[5.5.907~1-cbed4]:main():lattice-best-path.cc:99) For utterance 20030013_707, best cost 142.201 + 3278.55 = 3420.75 over 452 frames.
LOG (lattice-add-penalty[5.5.907~1-cbed4]:main():lattice-add-penalty.cc:62) Done adding word insertion penalty to 108 lattices.
20030013_707 ماضی کو بلا ہے ثاقب بڑی کی نیز ملاؤں مین آپ رہے 
LOG (lattice-best-path[5.5.907~1-cbed4]:main():lattice-best-path.cc:99) For utterance 20030013_708, best cost 191.093 + 4664.29 = 4855.38 over 606 frames.
20030013_708 مشعر نے سے پہلے برڈ لینے مجیب بش خان رسیدہ تیری کیا از مشق سمجھا ہے 
LOG (lattice-best-path[5.5.907~1-cbed4]:main():lattice-best-path.cc:124) Overall cost per frame is 7.73936 = 0.288809 [graph] + 7.45055 [acoustic] over 71279 frames.
LOG (lattice-best-path[5.5.907~1-cbed4]:main():lattice-best-path.cc:128) Done 108 lattices, failed for 0
# Accounting: time=1 threads=1
# Ended (code 0) at Wed Apr 21 08:21:59 PKT 2021, elapsed time 1 seconds
