# lattice-scale --inv-acoustic-scale=16 "ark:gunzip -c exp/tri2/decode/lat.*.gz|" ark:- | lattice-add-penalty --word-ins-penalty=0.0 ark:- ark:- | lattice-best-path --word-symbol-table=exp/tri2/graph/words.txt ark:- ark,t:- | utils/int2sym.pl -f 2- exp/tri2/graph/words.txt | cat > exp/tri2/decode/scoring_kaldi/penalty_0.0/16.txt 
# Started at Thu Apr 22 09:54:41 PKT 2021
#
lattice-best-path --word-symbol-table=exp/tri2/graph/words.txt ark:- ark,t:- 
lattice-add-penalty --word-ins-penalty=0.0 ark:- ark:- 
lattice-scale --inv-acoustic-scale=16 'ark:gunzip -c exp/tri2/decode/lat.*.gz|' ark:- 
LOG (lattice-best-path[5.5.907~1-cbed4]:main():lattice-best-path.cc:99) For utterance 20030004_601, best cost 80.8118 + 2787 = 2867.81 over 804 frames.
20030004_601 لیاقت رنجیدہ کی شنید ریلیف کی بیوروکریسی ہیں 
LOG (lattice-best-path[5.5.907~1-cbed4]:main():lattice-best-path.cc:99) For utterance 20030004_602, best cost 103.601 + 3547.72 = 3651.32 over 1000 frames.
20030004_602 بروکلی لائبریری کیلئے بائیولوجیکل چاہتے بروکلی جوڈیشل پچاسویں 
LOG (lattice-best-path[5.5.907~1-cbed4]:main():lattice-best-path.cc:99) For utterance 20030004_603, best cost 72.8834 + 2698.98 = 2771.86 over 782 frames.
20030004_603 شمشاد گردیزی برسراقتدار کی وزیرخارجہ کر دیا 
LOG (lattice-best-path[5.5.907~1-cbed4]:main():lattice-best-path.cc:99) For utterance 20030004_604, best cost 63.8873 + 2178.4 = 2242.28 over 638 frames.
20030004_604 جیلانی دراوڑی اور سوچا کے سے دیکھیں 
LOG (lattice-best-path[5.5.907~1-cbed4]:main():lattice-best-path.cc:99) For utterance 20030004_605, best cost 56.9034 + 1746.82 = 1803.73 over 506 frames.
20030004_605 سوزش اوورلوڈنگ پیشنگوئی کی کرتا ہے 
LOG (lattice-best-path[5.5.907~1-cbed4]:main():lattice-best-path.cc:99) For utterance 20030004_606, best cost 75.0687 + 1924.1 = 1999.17 over 554 frames.
20030004_606 کے لیے ٹرانسپیرنسی تذلیل دستاویزی بڑی گزیر تھا 
LOG (lattice-best-path[5.5.907~1-cbed4]:main():lattice-best-path.cc:99) For utterance 20030004_607, best cost 49.2925 + 1472.86 = 1522.15 over 428 frames.
20030004_607 تحصیلدار کی لبالب روئیداد درج ہے 
LOG (lattice-best-path[5.5.907~1-cbed4]:main():lattice-best-path.cc:99) For utterance 20030004_608, best cost 50.7951 + 2022.38 = 2073.18 over 578 frames.
20030004_608 کیلئے مسترد جانے جوگی 
LOG (lattice-best-path[5.5.907~1-cbed4]:main():lattice-best-path.cc:99) For utterance 20030004_609, best cost 88.9402 + 2611.96 = 2700.9 over 746 frames.
20030004_609 کے شمولیت لالچی رسولی بائیولوجیکل تجوریاں قدسیہ کیا 
LOG (lattice-best-path[5.5.907~1-cbed4]:main():lattice-best-path.cc:99) For utterance 20030004_610, best cost 76.7204 + 2474.17 = 2550.89 over 740 frames.
20030004_610 پراسیس شیرخوار کے لیے بلگرامی چلچلاتی کے ساتھ ہیں 
LOG (lattice-best-path[5.5.907~1-cbed4]:main():lattice-best-path.cc:99) For utterance 20030004_611, best cost 62.9766 + 2356.36 = 2419.34 over 699 frames.
20030004_611 سے افسوس دریچے کے دوران کی وجہ سے 
LOG (lattice-best-path[5.5.907~1-cbed4]:main():lattice-best-path.cc:99) For utterance 20030004_612, best cost 92.9373 + 2514.64 = 2607.58 over 740 frames.
20030004_612 تبدیلی ورزش سے ڈالنے چڑھاؤ شروع توقع کے چراغاں ہیں 
LOG (lattice-best-path[5.5.907~1-cbed4]:main():lattice-best-path.cc:99) For utterance 20030004_613, best cost 63.7645 + 1798.14 = 1861.91 over 534 frames.
20030004_613 قیامت فولاد کو ذوالجلال تشبیہ کیا 
LOG (lattice-best-path[5.5.907~1-cbed4]:main():lattice-best-path.cc:99) For utterance 20030004_614, best cost 76.4863 + 1900.13 = 1976.61 over 547 frames.
20030004_614 بندوق فیشن کے کا کے ساتھ سوجن بزرگوار کیا 
LOG (lattice-best-path[5.5.907~1-cbed4]:main():lattice-best-path.cc:99) For utterance 20030004_615, best cost 120.719 + 3218.93 = 3339.65 over 941 frames.
20030004_615 کر آتشزدگی بیجوں مسز روزبروز کرتے ہوئے جوبلی حالانکہ دلجوئی کوآرڈینیٹر 
LOG (lattice-best-path[5.5.907~1-cbed4]:main():lattice-best-path.cc:99) For utterance 20030004_616, best cost 114.061 + 3026.59 = 3140.65 over 890 frames.
20030004_616 ترجمان اور میڈیسن اور خریدوفروخت ڈزاسٹر تحصیلدار تصدق گرانقدر ترجیح 
LOG (lattice-best-path[5.5.907~1-cbed4]:main():lattice-best-path.cc:99) For utterance 20030004_617, best cost 65.5363 + 1909.91 = 1975.44 over 569 frames.
20030004_617 امیگریشن دلجوئی ہوے کارخیر تحصیلدار 
LOG (lattice-best-path[5.5.907~1-cbed4]:main():lattice-best-path.cc:99) For utterance 20030004_618, best cost 91.7832 + 2673.03 = 2764.82 over 792 frames.
20030004_618 جہانگیر کی سے روشناس موجودہ اقتصادی بلدیاتی چلچلاتی ہیں 
LOG (lattice-best-path[5.5.907~1-cbed4]:main():lattice-best-path.cc:99) For utterance 20030004_619, best cost 56.1622 + 1756.2 = 1812.36 over 524 frames.
20030004_619 تیزی کے شیعہ حمایت دلجوئی کریں 
LOG (lattice-best-path[5.5.907~1-cbed4]:main():lattice-best-path.cc:99) For utterance 20030004_620, best cost 80.1652 + 2374.33 = 2454.5 over 688 frames.
20030004_620 جیومیٹری اور بسیار کے منور کوشاں کی کیا ہیں 
LOG (lattice-best-path[5.5.907~1-cbed4]:main():lattice-best-path.cc:99) For utterance 20030004_621, best cost 95.5741 + 2672.87 = 2768.44 over 757 frames.
20030004_621 مجوزہ سوئٹرز کے بغیر کی زیور سوچا کی وجہ سے پہلے تھیں 
LOG (lattice-best-path[5.5.907~1-cbed4]:main():lattice-best-path.cc:99) For utterance 20030004_622, best cost 61.7059 + 2188.73 = 2250.44 over 634 frames.
20030004_622 کو چیتھڑے میں موردالزام کے گلریز ہے 
LOG (lattice-best-path[5.5.907~1-cbed4]:main():lattice-best-path.cc:99) For utterance 20030004_623, best cost 48.7297 + 1711.52 = 1760.25 over 510 frames.
20030004_623 پیروکار سازوسامان تماشائیوں کیا 
LOG (lattice-best-path[5.5.907~1-cbed4]:main():lattice-best-path.cc:99) For utterance 20030004_624, best cost 92.0289 + 2689.7 = 2781.73 over 768 frames.
20030004_624 تسلسل ایجنسی غوروخوض اور اثرورسوخ سے بچنے کے لیے مارشل تھا 
LOG (lattice-best-path[5.5.907~1-cbed4]:main():lattice-best-path.cc:99) For utterance 20030004_625, best cost 70.8358 + 2362.54 = 2433.38 over 717 frames.
20030004_625 لیجنڈری استفادے کیلئے پریذیڈنٹ کے واقعے ہو گیا 
LOG (lattice-best-path[5.5.907~1-cbed4]:main():lattice-best-path.cc:99) For utterance 20030004_626, best cost 61.1057 + 1559.47 = 1620.57 over 463 frames.
20030004_626 ریمبو جیومیٹری کیا دودھیل بازیچہ 
LOG (lattice-best-path[5.5.907~1-cbed4]:main():lattice-best-path.cc:99) For utterance 20030004_627, best cost 65.9625 + 2096.08 = 2162.04 over 610 frames.
20030004_627 ٹرانسپیرنسی انوکھے آمیزش پروفائل کا کیا 
LOG (lattice-best-path[5.5.907~1-cbed4]:main():lattice-best-path.cc:99) For utterance 20030004_628, best cost 69.4537 + 2373.22 = 2442.67 over 710 frames.
20030004_628 کرتی کرنے والے کیلئے ریلیف پرچیاں ہو گئی 
LOG (lattice-best-path[5.5.907~1-cbed4]:main():lattice-best-path.cc:99) For utterance 20030004_629, best cost 75.8214 + 2543.01 = 2618.83 over 773 frames.
20030004_629 شیرے دشوار فراخدلی کے حضور پرائیوٹائزیشن 
LOG (lattice-best-path[5.5.907~1-cbed4]:main():lattice-best-path.cc:99) For utterance 20030004_630, best cost 68.8682 + 2208.82 = 2277.69 over 661 frames.
20030004_630 گورے ملیشیا رابطے چرانے تسلسل کر دیا 
LOG (lattice-best-path[5.5.907~1-cbed4]:main():lattice-best-path.cc:99) For utterance 20030004_631, best cost 93.4781 + 2923.61 = 3017.09 over 905 frames.
20030004_631 سیسے بولو میں وفاقی ٹریژری چلغوزے سے مچانے کریں 
LOG (lattice-best-path[5.5.907~1-cbed4]:main():lattice-best-path.cc:99) For utterance 20030004_632, best cost 89.4183 + 2870.99 = 2960.41 over 874 frames.
20030004_632 وزیرداخلہ کے لیے کے باوجود کوڑیاں مجموعہ کروموسوم کی سویٹر 
LOG (lattice-best-path[5.5.907~1-cbed4]:main():lattice-best-path.cc:99) For utterance 20030004_633, best cost 81.592 + 2777.43 = 2859.02 over 822 frames.
20030004_633 بلگرامی کرنے کے لیے اور فیصد کی توسیع سے کی سے 
LOG (lattice-best-path[5.5.907~1-cbed4]:main():lattice-best-path.cc:99) For utterance 20030004_634, best cost 71.0877 + 2212.91 = 2284 over 680 frames.
20030004_634 فلیش کنسورشیم کے ساتھ کی بودلہ کے بدلے کرتے ہیں 
LOG (lattice-best-path[5.5.907~1-cbed4]:main():lattice-best-path.cc:99) For utterance 20030004_635, best cost 73.272 + 2266.08 = 2339.35 over 684 frames.
20030004_635 خاصے فوجی گراموفون میموریل اپنے عزیزواقارب 
LOG (lattice-best-path[5.5.907~1-cbed4]:main():lattice-best-path.cc:99) For utterance 20030004_636, best cost 73.2408 + 2197.35 = 2270.59 over 677 frames.
20030004_636 پروفیشنل ایجوکیشن مریضوں جاتا کو مغفور 
LOG (lattice-best-path[5.5.907~1-cbed4]:main():lattice-best-path.cc:99) For utterance 20030004_637, best cost 55.6957 + 2120.95 = 2176.64 over 652 frames.
20030004_637 خان کے ساتھ میں بدچلنی اسمبلی 
LOG (lattice-best-path[5.5.907~1-cbed4]:main():lattice-best-path.cc:99) For utterance 20030004_638, best cost 83.3219 + 2456.06 = 2539.38 over 709 frames.
20030004_638 کچوکے کی شیروانی پرسوز اور سیکورٹی پر آکسیجن 
LOG (lattice-best-path[5.5.907~1-cbed4]:main():lattice-best-path.cc:99) For utterance 20030004_639, best cost 93.3941 + 2566.57 = 2659.96 over 768 frames.
20030004_639 کارکردگی کرکے سے تھیسس کی طاغوتی گلدستہ سے کو سکتیں 
LOG (lattice-best-path[5.5.907~1-cbed4]:main():lattice-best-path.cc:99) For utterance 20030004_640, best cost 91.1323 + 2580.88 = 2672.01 over 768 frames.
20030004_640 چوتھی یونیورسٹی سیاسی سے اور سے شواہد دلجوئی ہو سکتا ہے 
LOG (lattice-best-path[5.5.907~1-cbed4]:main():lattice-best-path.cc:99) For utterance 20030004_641, best cost 59.1041 + 1962.47 = 2021.57 over 601 frames.
20030004_641 اور کارپوریشن فوقیت وزیرداخلہ سے کی 
LOG (lattice-best-path[5.5.907~1-cbed4]:main():lattice-best-path.cc:99) For utterance 20030004_642, best cost 76.0656 + 1922.93 = 1998.99 over 588 frames.
20030004_642 قدروقیمت کی ایجنسیز کے گردش سے خصوصی اور کی 
LOG (lattice-best-path[5.5.907~1-cbed4]:main():lattice-best-path.cc:99) For utterance 20030004_643, best cost 70.5357 + 2092.95 = 2163.49 over 626 frames.
20030004_643 تاثرات کوریوگرافر ہذیانی اور بویا زندگی کریں 
LOG (lattice-best-path[5.5.907~1-cbed4]:main():lattice-best-path.cc:99) For utterance 20030004_644, best cost 91.6075 + 2526.4 = 2618.01 over 753 frames.
20030004_644 پچیں اگرچہ ڈوریں وزراء باورچی تحصیلدار سے لگا ہے 
LOG (lattice-best-path[5.5.907~1-cbed4]:main():lattice-best-path.cc:99) For utterance 20030004_645, best cost 67.6736 + 2325.18 = 2392.85 over 687 frames.
20030004_645 گردیزی نوزل تذبذب مستغنی جا سکتی ہے 
LOG (lattice-best-path[5.5.907~1-cbed4]:main():lattice-best-path.cc:99) For utterance 20030004_646, best cost 89.0793 + 2218.67 = 2307.75 over 664 frames.
20030004_646 صوفیہ خودسوزی اور کرنے کے بعد کیا اور نگرانی بڑھائے والی ہیں 
LOG (lattice-best-path[5.5.907~1-cbed4]:main():lattice-best-path.cc:99) For utterance 20030004_647, best cost 55.1205 + 1468.79 = 1523.91 over 439 frames.
20030004_647 قونصلیٹ ٹرانزیکشن جو گردوغبار ہیں 
LOG (lattice-best-path[5.5.907~1-cbed4]:main():lattice-best-path.cc:99) For utterance 20030004_648, best cost 53.3191 + 1765.79 = 1819.11 over 531 frames.
20030004_648 نے دودھیا شاخسانہ کے لیے رہا تھا 
LOG (lattice-best-path[5.5.907~1-cbed4]:main():lattice-best-path.cc:99) For utterance 20030004_649, best cost 60.6251 + 1931.96 = 1992.58 over 582 frames.
20030004_649 اور نے سلفیٹ کے بعد کو آمدنی کریں 
LOG (lattice-best-path[5.5.907~1-cbed4]:main():lattice-best-path.cc:99) For utterance 20030004_650, best cost 93.2935 + 2320.64 = 2413.93 over 690 frames.
20030004_650 درجے پالیسی لکھو زمین کی لاہوریات کے باعث انستھیزیا ہیں 
LOG (lattice-best-path[5.5.907~1-cbed4]:main():lattice-best-path.cc:99) For utterance 20030004_651, best cost 83.401 + 2202.15 = 2285.55 over 679 frames.
20030004_651 اور رپورٹ بیچوں سیکورٹی کاندھلوی سے گیسو کی کی 
LOG (lattice-best-path[5.5.907~1-cbed4]:main():lattice-best-path.cc:99) For utterance 20030004_652, best cost 99.3811 + 2596.75 = 2696.13 over 801 frames.
20030004_652 پرویا کیجیے کا میں کوئی اور کیولری کمیونٹی صورت اونچی 
LOG (lattice-best-path[5.5.907~1-cbed4]:main():lattice-best-path.cc:99) For utterance 20030004_653, best cost 73.946 + 2308.59 = 2382.54 over 694 frames.
20030004_653 کیلئے گردیزی سینٹر سے کیجیے کر روزوں 
LOG (lattice-best-path[5.5.907~1-cbed4]:main():lattice-best-path.cc:99) For utterance 20030004_654, best cost 80.3103 + 2348.31 = 2428.62 over 694 frames.
20030004_654 کیا نے شخصیت جوئیں کولیسٹرول سے لیبارٹری جائے گی 
LOG (lattice-best-path[5.5.907~1-cbed4]:main():lattice-best-path.cc:99) For utterance 20030004_655, best cost 75.9052 + 1605.51 = 1681.42 over 493 frames.
20030004_655 کیا مشیت چلیں موزونیت بدچلنی کریش ہیں 
LOG (lattice-best-path[5.5.907~1-cbed4]:main():lattice-best-path.cc:99) For utterance 20030004_656, best cost 62.2422 + 2453.9 = 2516.14 over 744 frames.
20030004_656 بیساکھی پروگریسیو دیو سمجھانے سے 
LOG (lattice-best-path[5.5.907~1-cbed4]:main():lattice-best-path.cc:99) For utterance 20030004_657, best cost 49.4427 + 1794.19 = 1843.64 over 545 frames.
20030004_657 کا طرزفکر لادینیت سمفنی 
LOG (lattice-best-path[5.5.907~1-cbed4]:main():lattice-best-path.cc:99) For utterance 20030004_658, best cost 54.8391 + 1748.21 = 1803.05 over 505 frames.
20030004_658 غیرقانونی لاہوری دیسی باآسانی 
LOG (lattice-best-path[5.5.907~1-cbed4]:main():lattice-best-path.cc:99) For utterance 20030004_659, best cost 88.6769 + 2677.66 = 2766.34 over 796 frames.
20030004_659 کر کے سلجھائیں اور ڈیویلپر کو زیورات بویا حسیں 
LOG (lattice-best-path[5.5.907~1-cbed4]:main():lattice-best-path.cc:99) For utterance 20030004_660, best cost 46.7292 + 1399.47 = 1446.2 over 406 frames.
20030004_660 سویرا کے معاوضہ میرزا 
LOG (lattice-best-path[5.5.907~1-cbed4]:main():lattice-best-path.cc:99) For utterance 20030004_661, best cost 52.1197 + 1719.81 = 1771.93 over 513 frames.
20030004_661 قضہ فیڈریشنز دارومدار باخبر ہیں 
LOG (lattice-best-path[5.5.907~1-cbed4]:main():lattice-best-path.cc:99) For utterance 20030004_662, best cost 53.4848 + 1884.37 = 1937.85 over 549 frames.
20030004_662 تجوریاں سیاسی سیاسی کشمیری 
LOG (lattice-best-path[5.5.907~1-cbed4]:main():lattice-best-path.cc:99) For utterance 20030004_663, best cost 77.925 + 2217.15 = 2295.07 over 658 frames.
20030004_663 کی منیجر ازسرنو کیا ساتھیو کی دبیز ہوئیں 
LOG (lattice-best-path[5.5.907~1-cbed4]:main():lattice-best-path.cc:99) For utterance 20030004_664, best cost 76.4711 + 2539.24 = 2615.71 over 744 frames.
20030004_664 پراسیس میڈیا گھوڑے غزوہ کلیجی کرتے ہوئے 
LOG (lattice-best-path[5.5.907~1-cbed4]:main():lattice-best-path.cc:99) For utterance 20030004_665, best cost 57.8184 + 1987.17 = 2044.99 over 587 frames.
20030004_665 قیصر ساتویں سنچری کو کچوکے ہوا 
LOG (lattice-best-path[5.5.907~1-cbed4]:main():lattice-best-path.cc:99) For utterance 20030004_666, best cost 54.5953 + 1664.86 = 1719.45 over 480 frames.
20030004_666 مزین بچیاں بعدازاں غیرضروری ہے 
LOG (lattice-best-path[5.5.907~1-cbed4]:main():lattice-best-path.cc:99) For utterance 20030004_667, best cost 52.6474 + 1861.48 = 1914.13 over 558 frames.
20030004_667 ٹھیکیدار سے چنگیزی ویڈیوز میں 
LOG (lattice-best-path[5.5.907~1-cbed4]:main():lattice-best-path.cc:99) For utterance 20030004_668, best cost 76.8696 + 2558.55 = 2635.42 over 777 frames.
20030004_668 سٹوڈیوز میں کے لیے ہومیوپیتھک پرچھائیاں کے سے جانے کیا 
LOG (lattice-best-path[5.5.907~1-cbed4]:main():lattice-best-path.cc:99) For utterance 20030004_669, best cost 55.8458 + 1777.82 = 1833.66 over 543 frames.
20030004_669 اور ازسرنو ترویج سے سے مضروب کیا 
LOG (lattice-best-path[5.5.907~1-cbed4]:main():lattice-best-path.cc:99) For utterance 20030004_670, best cost 55.0744 + 1697.78 = 1752.86 over 512 frames.
20030004_670 پڑوسی کارپوریشن ایک ازسرنو کریں 
LOG (lattice-best-path[5.5.907~1-cbed4]:main():lattice-best-path.cc:99) For utterance 20030004_671, best cost 101.492 + 2876.79 = 2978.28 over 872 frames.
20030004_671 قریشی سے پہلے سوسائٹی ملوث اور سعودی سوزوکی بلوچی جاؤ 
LOG (lattice-best-path[5.5.907~1-cbed4]:main():lattice-best-path.cc:99) For utterance 20030004_672, best cost 62.1424 + 2208.67 = 2270.81 over 652 frames.
20030004_672 کے لیے ایشوز الیکڑانکس اور وزیرداخلہ ہیں 
LOG (lattice-best-path[5.5.907~1-cbed4]:main():lattice-best-path.cc:99) For utterance 20030004_673, best cost 59.3661 + 1759.25 = 1818.62 over 536 frames.
20030004_673 باغیچہ متنوع چوزے نظریے کریں 
LOG (lattice-best-path[5.5.907~1-cbed4]:main():lattice-best-path.cc:99) For utterance 20030004_674, best cost 72.3116 + 2258.1 = 2330.41 over 656 frames.
20030004_674 مصوروں میں فرخندہ محترمہ میں پھنسے کی کوشش کریں 
LOG (lattice-best-path[5.5.907~1-cbed4]:main():lattice-best-path.cc:99) For utterance 20030004_675, best cost 48.6939 + 1657.22 = 1705.91 over 501 frames.
20030004_675 فائربریگیڈ سوچیے تعاقب اور 
LOG (lattice-best-path[5.5.907~1-cbed4]:main():lattice-best-path.cc:99) For utterance 20030004_676, best cost 72.6962 + 2189.05 = 2261.74 over 617 frames.
20030004_676 دیباچے سے سکتی چلغوزے سرفہرست چلچلاتی 
LOG (lattice-best-path[5.5.907~1-cbed4]:main():lattice-best-path.cc:99) For utterance 20030004_677, best cost 86.5238 + 2647.85 = 2734.37 over 794 frames.
20030004_677 انسانیت کی گیدڑ بعدازاں موضوع دیوبندی ہونے سے گیا 
LOG (lattice-best-path[5.5.907~1-cbed4]:main():lattice-best-path.cc:99) For utterance 20030004_678, best cost 94.3171 + 2872.9 = 2967.21 over 870 frames.
20030004_678 سروس کوآرڈینیٹر سے والوں سے جولانی پروگریسیو شیشے کریں 
LOG (lattice-best-path[5.5.907~1-cbed4]:main():lattice-best-path.cc:99) For utterance 20030004_679, best cost 62.1457 + 1674.67 = 1736.81 over 496 frames.
20030004_679 پولیو کے تحقیقات سے گردیزی سوچیے 
LOG (lattice-best-path[5.5.907~1-cbed4]:main():lattice-best-path.cc:99) For utterance 20030004_680, best cost 78.3672 + 2492.85 = 2571.22 over 764 frames.
20030004_680 چوری سکواڈرن دیول پروگریسیو فارسی کے بعد جاتا ہے 
LOG (lattice-best-path[5.5.907~1-cbed4]:main():lattice-best-path.cc:99) For utterance 20030004_681, best cost 93.2801 + 2245.87 = 2339.15 over 688 frames.
20030004_681 بنا تشنج دیش کو ٹھیکیدار عزیزواقارب پیچیدہ تاثر 
LOG (lattice-best-path[5.5.907~1-cbed4]:main():lattice-best-path.cc:99) For utterance 20030004_682, best cost 71.7931 + 2165.43 = 2237.22 over 656 frames.
20030004_682 کی کو ساتھیو کرنے کے بعد جلوس گردوغبار کی 
LOG (lattice-best-path[5.5.907~1-cbed4]:main():lattice-best-path.cc:99) For utterance 20030004_683, best cost 74.2515 + 1969.82 = 2044.07 over 605 frames.
20030004_683 زیراستعمال کی درآمدات کہانی بھنڈی کے سے کریں 
LOG (lattice-best-path[5.5.907~1-cbed4]:main():lattice-best-path.cc:99) For utterance 20030004_684, best cost 80.547 + 2381.16 = 2461.71 over 758 frames.
20030004_684 میری اور اور کے سے کی جھولوں کیا نے انتقال 
LOG (lattice-best-path[5.5.907~1-cbed4]:main():lattice-best-path.cc:99) For utterance 20030004_685, best cost 67.7583 + 1616.6 = 1684.36 over 489 frames.
20030004_685 جو سموسے نیچے بخشے سپاسنامہ دو 
LOG (lattice-best-path[5.5.907~1-cbed4]:main():lattice-best-path.cc:99) For utterance 20030004_686, best cost 65.0039 + 1854.55 = 1919.55 over 543 frames.
20030004_686 سے اپنے کے زیرانتظام یقیناً صرف بحثوں 
LOG (lattice-best-path[5.5.907~1-cbed4]:main():lattice-best-path.cc:99) For utterance 20030004_687, best cost 94.9508 + 2654.38 = 2749.34 over 796 frames.
20030004_687 چولہے سے دلسوزی ہیروئین دوم فرانسیسی باقر گومگو کریں 
LOG (lattice-best-path[5.5.907~1-cbed4]:main():lattice-best-path.cc:99) For utterance 20030004_688, best cost 108.114 + 2764.61 = 2872.73 over 831 frames.
20030004_688 وزیرخارجہ تھینکس عندیہ مزارعین گردیزی کے میراں کرکے باغیچہ ہیں 
LOG (lattice-best-path[5.5.907~1-cbed4]:main():lattice-best-path.cc:99) For utterance 20030004_689, best cost 79.2017 + 2187.1 = 2266.3 over 645 frames.
20030004_689 مجوزہ کی قدآدم جونیجو سوزوکی سے کتابچہ ہیں 
LOG (lattice-best-path[5.5.907~1-cbed4]:main():lattice-best-path.cc:99) For utterance 20030004_690, best cost 67.4623 + 1522.99 = 1590.45 over 467 frames.
20030004_690 کی پھلیاں پڑھائی چھولے کوچوان کی جاتا ہے 
LOG (lattice-best-path[5.5.907~1-cbed4]:main():lattice-best-path.cc:99) For utterance 20030004_691, best cost 95.5862 + 2582.5 = 2678.08 over 808 frames.
20030004_691 کیسی جیلانی تجوریاں اور بحیثیت مسائل میثاق ڈپلومیسی 
LOG (lattice-best-path[5.5.907~1-cbed4]:main():lattice-best-path.cc:99) For utterance 20030004_692, best cost 63.1128 + 2164.58 = 2227.69 over 657 frames.
20030004_692 بالواسطہ جیسے مزارعوں ادائیگی کرتے ہیں 
LOG (lattice-best-path[5.5.907~1-cbed4]:main():lattice-best-path.cc:99) For utterance 20030004_693, best cost 78.1837 + 2165.62 = 2243.8 over 673 frames.
20030004_693 میں کی چوڑیاں سے کا کے مقدار باخبر مدعو 
LOG (lattice-best-path[5.5.907~1-cbed4]:main():lattice-best-path.cc:99) For utterance 20030004_694, best cost 77.0972 + 2087.62 = 2164.72 over 604 frames.
20030004_694 دلبرداشتہ کے ساتھ کو درجے اور بازیچہ کوچوان ہیں 
LOG (lattice-best-path[5.5.907~1-cbed4]:main():lattice-best-path.cc:99) For utterance 20030004_695, best cost 78.9108 + 2034.63 = 2113.54 over 606 frames.
20030004_695 بیچارے کے جانے کو گیارہویں لکھی جھونپڑی درج ہے 
LOG (lattice-best-path[5.5.907~1-cbed4]:main():lattice-best-path.cc:99) For utterance 20030004_696, best cost 83.1752 + 2089.59 = 2172.76 over 617 frames.
20030004_696 کے شیمپو سے کیا ریزروز کلثوم کی ڈائیگرام کیا گیا 
LOG (lattice-best-path[5.5.907~1-cbed4]:main():lattice-best-path.cc:99) For utterance 20030004_697, best cost 53.3859 + 1650.3 = 1703.68 over 492 frames.
20030004_697 براوو سے سے بیسن گراموفون 
LOG (lattice-best-path[5.5.907~1-cbed4]:main():lattice-best-path.cc:99) For utterance 20030004_698, best cost 52.1469 + 1563.73 = 1615.88 over 474 frames.
20030004_698 نامزد ترویج شبہ بحیثیت ہیں 
LOG (lattice-best-path[5.5.907~1-cbed4]:main():lattice-best-path.cc:99) For utterance 20030004_699, best cost 64.4134 + 1993.91 = 2058.32 over 596 frames.
20030004_699 نتیجے وفاقی کے بغیر غیریقینی کنسورشیم 
LOG (lattice-best-path[5.5.907~1-cbed4]:main():lattice-best-path.cc:99) For utterance 20030004_700, best cost 56.2152 + 1808.03 = 1864.24 over 540 frames.
20030004_700 روزافزوں کی کی پاکیزگی جلدازجلد ہے 
LOG (lattice-best-path[5.5.907~1-cbed4]:main():lattice-best-path.cc:99) For utterance 20030004_701, best cost 89.4547 + 2054.61 = 2144.07 over 617 frames.
20030004_701 مظلام آوازیں کی گنہگار کی استعمال مزدوروں بازیچہ ہیں 
LOG (lattice-best-path[5.5.907~1-cbed4]:main():lattice-best-path.cc:99) For utterance 20030004_702, best cost 56.3496 + 1635.7 = 1692.05 over 513 frames.
20030004_702 ویسے ہی مکھیوں امیگریشن متنفر 
LOG (lattice-best-path[5.5.907~1-cbed4]:main():lattice-best-path.cc:99) For utterance 20030004_703, best cost 44.6516 + 1609.08 = 1653.73 over 504 frames.
20030004_703 ڈیتھ ٹریژری ہیڈکوارٹر 
LOG (lattice-best-path[5.5.907~1-cbed4]:main():lattice-best-path.cc:99) For utterance 20030004_704, best cost 78.0065 + 2427.66 = 2505.67 over 762 frames.
20030004_704 چغتائی سیکشن مٹھائیاں سرہندی کے ساتھ کی وجہ سے 
LOG (lattice-best-path[5.5.907~1-cbed4]:main():lattice-best-path.cc:99) For utterance 20030004_705, best cost 62.7587 + 1915.94 = 1978.7 over 586 frames.
20030004_705 نوجوان نائیٹروجنی سے جارحیت پاکیزگی 
LOG (lattice-best-path[5.5.907~1-cbed4]:main():lattice-best-path.cc:99) For utterance 20030004_706, best cost 51.7962 + 1410.68 = 1462.48 over 434 frames.
20030004_706 بیساکھی کے استفادے کی دریچوں 
LOG (lattice-best-path[5.5.907~1-cbed4]:main():lattice-best-path.cc:99) For utterance 20030004_707, best cost 40.8439 + 1492.56 = 1533.41 over 479 frames.
20030004_707 اناسیواں پارلیمانی نہ کریں 
LOG (lattice-best-path[5.5.907~1-cbed4]:main():lattice-best-path.cc:99) For utterance 20030004_708, best cost 76.9839 + 2067.5 = 2144.48 over 653 frames.
20030004_708 چمچے سرنجیں بچہ سیکورٹی بھاوج سمجھیں 
LOG (lattice-best-path[5.5.907~1-cbed4]:main():lattice-best-path.cc:99) For utterance 20030005_601, best cost 124.086 + 4801.07 = 4925.16 over 1496 frames.
20030005_601 مترادف پوشیدہ پیشن میں بدچلنی لینڈ خوگر کیونکہ گاؤں کو گوگل ہیں 
LOG (lattice-best-path[5.5.907~1-cbed4]:main():lattice-best-path.cc:99) For utterance 20030005_602, best cost 168.617 + 6546.7 = 6715.32 over 2091 frames.
20030005_602 بالاخر کے داخلوں اور گھروں بن تفتیشی باولنگ مجاہد اور پنجرے کرنے کے شیلٹر سے کالجوں ہیں 
LOG (lattice-best-path[5.5.907~1-cbed4]:main():lattice-best-path.cc:99) For utterance 20030005_603, best cost 143.914 + 5005.98 = 5149.89 over 1534 frames.
20030005_603 شخص فولڈر اور غزلیں کے باعث کے راہبر اٹھاؤ کلیدی بیچوں برتن تجارت کیا 
LOG (lattice-best-path[5.5.907~1-cbed4]:main():lattice-best-path.cc:99) For utterance 20030005_604, best cost 109.529 + 5007.12 = 5116.64 over 1617 frames.
20030005_604 صدیقین چاہئے تعمیر بڑی کوتاہی پیش اور چاہیے کا ذکر ہے 
LOG (lattice-best-path[5.5.907~1-cbed4]:main():lattice-best-path.cc:99) For utterance 20030005_605, best cost 79.1035 + 2524.19 = 2603.3 over 734 frames.
20030005_605 سوزش سوگوار جنریشن میں کوآرڈینیٹر صاحب دیتا 
LOG (lattice-best-path[5.5.907~1-cbed4]:main():lattice-best-path.cc:99) For utterance 20030005_606, best cost 108.099 + 3464.5 = 3572.6 over 1080 frames.
20030005_606 گونگے گانٹھوں معلومات سے کی پنجروں کے تفویض بڑی فضل ہیں 
LOG (lattice-best-path[5.5.907~1-cbed4]:main():lattice-best-path.cc:99) For utterance 20030005_607, best cost 83.4369 + 2447.89 = 2531.33 over 747 frames.
20030005_607 سرویئر کی وفاؤں کی زدہ بنگالی باغبانی جا ہیں 
LOG (lattice-best-path[5.5.907~1-cbed4]:main():lattice-best-path.cc:99) For utterance 20030005_608, best cost 114.576 + 3570.48 = 3685.06 over 1112 frames.
20030005_608 کے کبوتر مرتب کو خورشید کا برابر سمجھائیں کی سوجن بوڑھی ہیں 
LOG (lattice-best-path[5.5.907~1-cbed4]:main():lattice-best-path.cc:99) For utterance 20030005_609, best cost 127.515 + 4639.85 = 4767.36 over 1464 frames.
20030005_609 پریشان اومیگا منش کے پاس تو میں نہیں اور فیصلوں کے شوربہ توصیف کیا گیا 
LOG (lattice-best-path[5.5.907~1-cbed4]:main():lattice-best-path.cc:99) For utterance 20030005_610, best cost 128.065 + 3997.81 = 4125.87 over 1188 frames.
20030005_610 نوحہ سرکاری تشہیر کا پر ممبر بڑھانے عشر کی طرح سے اور پچاس ہیں 
LOG (lattice-best-path[5.5.907~1-cbed4]:main():lattice-best-path.cc:99) For utterance 20030005_611, best cost 131.655 + 4469.89 = 4601.55 over 1425 frames.
20030005_611 فرینڈلی ھابھہ سوئس ترمذی کے ڈبو بڑا زوردار کی گونگے کے ساتھ چلے ہیں 
LOG (lattice-best-path[5.5.907~1-cbed4]:main():lattice-best-path.cc:99) For utterance 20030005_612, best cost 120.082 + 4122.76 = 4242.84 over 1246 frames.
20030005_612 تندہی ورزش سیرگاہ بوڑھا باجرہ شیفرڈ کو خود کیلئے راجباہوں ہیں 
LOG (lattice-best-path[5.5.907~1-cbed4]:main():lattice-best-path.cc:99) For utterance 20030005_613, best cost 86.0531 + 2820.08 = 2906.13 over 836 frames.
20030005_613 پر تجارت بروز اور چہل اور شیلڈیں پلڑا کیا 
LOG (lattice-best-path[5.5.907~1-cbed4]:main():lattice-best-path.cc:99) For utterance 20030005_614, best cost 96.3773 + 3038.49 = 3134.86 over 932 frames.
20030005_614 بروز فیڈریشن کے پہاڑوں کے ساتھ سیلز کے بغیر سمجھو کر آیا 
LOG (lattice-best-path[5.5.907~1-cbed4]:main():lattice-best-path.cc:99) For utterance 20030005_615, best cost 123.236 + 5556.42 = 5679.66 over 1726 frames.
20030005_615 غیردانشمندانہ کے باریش اور موئسچرائزنگ روزبروز کرتے ہوئے جہانگیر جوڑے اور رہا ہے 
LOG (lattice-best-path[5.5.907~1-cbed4]:main():lattice-best-path.cc:99) For utterance 20030005_616, best cost 152.098 + 5005.7 = 5157.8 over 1496 frames.
20030005_616 تاجور اور میں سونگ اور پیشنگوئی فوجی قزلباش پر کیسی جاسوسی کی خوفزدہ اہلکار کر آیا 
LOG (lattice-best-path[5.5.907~1-cbed4]:main():lattice-best-path.cc:99) For utterance 20030005_617, best cost 122.983 + 3839.49 = 3962.48 over 1182 frames.
20030005_617 کنیئرڈ کارپوریشن کے گوشوں میں کے رنگوں ہودہ دیکھا کر فقدان سے لگا 
LOG (lattice-best-path[5.5.907~1-cbed4]:main():lattice-best-path.cc:99) For utterance 20030005_618, best cost 105.375 + 3675.09 = 3780.47 over 1099 frames.
20030005_618 اور کے بغیر سے لوڈشیڈنگ چھولے کا ہزارویں کی کے بعد کالجز کیا گیا 
LOG (lattice-best-path[5.5.907~1-cbed4]:main():lattice-best-path.cc:99) For utterance 20030005_619, best cost 89.633 + 2758.09 = 2847.73 over 868 frames.
20030005_619 تضحیک شیعہ حمایت بیعانہ کر میں کی شعوری دیگر ہیں 
LOG (lattice-best-path[5.5.907~1-cbed4]:main():lattice-best-path.cc:99) For utterance 20030005_620, best cost 143.572 + 5355.28 = 5498.85 over 1764 frames.
20030005_620 کی ماڈلنگ فلموں کی بھگوڑوں کو بوڑھوں کے سوراخ اور کے اور اور زور شاخوں کی طرح کیں 
LOG (lattice-best-path[5.5.907~1-cbed4]:main():lattice-best-path.cc:99) For utterance 20030005_621, best cost 135.943 + 4318.13 = 4454.07 over 1336 frames.
20030005_621 مجلس حاشیے ہو کر چین گہماگہمی میگزین بوگس اور جبری آزمائیں میں پر کی 
LOG (lattice-best-path[5.5.907~1-cbed4]:main():lattice-best-path.cc:99) For utterance 20030005_622, best cost 128.391 + 4686.53 = 4814.92 over 1476 frames.
20030005_622 سوچیے کرنے کے بعد اور کی بہتری کیلئے دہشت مرضی بھیڑوں اور کرنے سے گدڑی ہیں 
LOG (lattice-best-path[5.5.907~1-cbed4]:main():lattice-best-path.cc:99) For utterance 20030005_623, best cost 95.4541 + 3710.13 = 3805.58 over 1188 frames.
20030005_623 بلڈنگ ہینگر اور مافیا ایشوز کا کہنا مشائخ گیا 
LOG (lattice-best-path[5.5.907~1-cbed4]:main():lattice-best-path.cc:99) For utterance 20030005_624, best cost 160.259 + 4638.15 = 4798.41 over 1412 frames.
20030005_624 گھسے منافعوں میں کی نصیب اور فوج شور فورس بااصول وجود کے ڈیپریشن دہلی بدشگونی تھا 
LOG (lattice-best-path[5.5.907~1-cbed4]:main():lattice-best-path.cc:99) For utterance 20030005_625, best cost 114.216 + 4106.88 = 4221.1 over 1252 frames.
20030005_625 بریگیڈیر نذر کیا بیماری کوارڈینیٹر بدل سیورج کے اور کے ہو گیا ہے 
LOG (lattice-best-path[5.5.907~1-cbed4]:main():lattice-best-path.cc:99) For utterance 20030005_626, best cost 87.2555 + 2572.17 = 2659.42 over 817 frames.
20030005_626 کر بدظن بوم تلمیحات مندوبین کی لاشوں درج ہے 
LOG (lattice-best-path[5.5.907~1-cbed4]:main():lattice-best-path.cc:99) For utterance 20030005_627, best cost 105.481 + 3489.56 = 3595.04 over 1073 frames.
20030005_627 سیرگاہ یرغمال کے وگرنہ میں سے بوڑھوں کے کوسوں نے کہا گیا 
LOG (lattice-best-path[5.5.907~1-cbed4]:main():lattice-best-path.cc:99) For utterance 20030005_628, best cost 108.242 + 3717.95 = 3826.19 over 1182 frames.
20030005_628 تھیوری کرنے والے گہرے پر مطالبے انگیخت مشیت وفود کیں 
LOG (lattice-best-path[5.5.907~1-cbed4]:main():lattice-best-path.cc:99) For utterance 20030005_629, best cost 137.401 + 4813.27 = 4950.67 over 1476 frames.
20030005_629 شیڈ کے کے گوشہ والوں کے اوقات لیفٹیننٹ کمزور عورت میں مغلوں کاغذات کی کا ہیں 
LOG (lattice-best-path[5.5.907~1-cbed4]:main():lattice-best-path.cc:99) For utterance 20030005_630, best cost 119.536 + 4683.84 = 4803.37 over 1457 frames.
20030005_630 کی ہزارویں ماشے کی شکار میں چار بھینسیں اور کلثوم سروں میں کرتے ہیں 
LOG (lattice-best-path[5.5.907~1-cbed4]:main():lattice-best-path.cc:99) For utterance 20030005_631, best cost 165.925 + 6117.51 = 6283.44 over 1912 frames.
20030005_631 سے زیست بولنگ گودام گرہیں دوراں کر کے فاروق ٹھوس بیچیں قوس میں سیسموگراف چائلڈ ہیں 
LOG (lattice-best-path[5.5.907~1-cbed4]:main():lattice-best-path.cc:99) For utterance 20030005_632, best cost 156.861 + 5537.28 = 5694.14 over 1758 frames.
20030005_632 قرضے تحصیلدار میں کاروبار کلچر چوروں کوڑیاں بلوچوں پر کو اور مچولی چھوڑنے راہبر ہیں 
LOG (lattice-best-path[5.5.907~1-cbed4]:main():lattice-best-path.cc:99) For utterance 20030005_633, best cost 138.481 + 5731.9 = 5870.38 over 1873 frames.
20030005_633 پرفارمنس کے بعد میں تجویز کے لیے کی کھینچیں اور کوششوں کی موزوں سے چھوڑنے کے لیے ہیں 
LOG (lattice-best-path[5.5.907~1-cbed4]:main():lattice-best-path.cc:99) For utterance 20030005_634, best cost 77.8159 + 3140.62 = 3218.44 over 952 frames.
20030005_634 گلیشئیر جشن کے جہانگیر اور کیا کی رہے ہیں 
LOG (lattice-best-path[5.5.907~1-cbed4]:main():lattice-best-path.cc:99) For utterance 20030005_635, best cost 132.641 + 4234.19 = 4366.83 over 1336 frames.
20030005_635 کا سنگل پوچھیں کیوں فولاد میں کریں اور لنگر فرمائیں سعید میں سوغات ہیں 
LOG (lattice-best-path[5.5.907~1-cbed4]:main():lattice-best-path.cc:99) For utterance 20030005_636, best cost 110.706 + 4233.5 = 4344.2 over 1361 frames.
20030005_636 کو خوشہ معلومات کی جوبلی ضوفشاں مسز ہو جاتا کو کچھوؤں 
LOG (lattice-best-path[5.5.907~1-cbed4]:main():lattice-best-path.cc:99) For utterance 20030005_637, best cost 112.901 + 4592.22 = 4705.12 over 1457 frames.
20030005_637 خواری میں کے ساتھ میں کی کوشش کریں دھینگا مشتی کی نرسیں اور بے گئی 
LOG (lattice-best-path[5.5.907~1-cbed4]:main():lattice-best-path.cc:99) For utterance 20030005_638, best cost 129.093 + 5632.77 = 5761.87 over 1828 frames.
20030005_638 کاجو گوجر کی شعروادب میں سے منشور اور تھوڑی کوٹھڑی کیا سے جوش ہیں 
LOG (lattice-best-path[5.5.907~1-cbed4]:main():lattice-best-path.cc:99) For utterance 20030005_639, best cost 141.41 + 4741.94 = 4883.34 over 1432 frames.
20030005_639 کرنے کے دفتر کی کے بدلے سے تجویز کر سے کے باوجود چیز سربراہ سموسے کی کوشش کریں 
LOG (lattice-best-path[5.5.907~1-cbed4]:main():lattice-best-path.cc:99) For utterance 20030005_640, best cost 111.828 + 4343.12 = 4454.95 over 1348 frames.
20030005_640 چونگی اوپر کی گردیزی سے کونسل کے شالا کا پیچوٹری ہو جاتا ہے 
LOG (lattice-best-path[5.5.907~1-cbed4]:main():lattice-best-path.cc:99) For utterance 20030005_641, best cost 105.245 + 3518.49 = 3623.73 over 1054 frames.
20030005_641 اور اور کی شگوفے والوں کے بعد شناسی برخلاف طرفین سے بے ہیں 
LOG (lattice-best-path[5.5.907~1-cbed4]:main():lattice-best-path.cc:99) For utterance 20030005_642, best cost 106.271 + 3414.27 = 3520.54 over 1041 frames.
20030005_642 حریفوں کیفے میں ایجنسیز کے پبلشنگ میں سے نفوذ کے نواب کی 
LOG (lattice-best-path[5.5.907~1-cbed4]:main():lattice-best-path.cc:99) For utterance 20030005_643, best cost 132.749 + 4286.77 = 4419.52 over 1310 frames.
20030005_643 کفالت سے محفل بحثیں بلاخوف پنجروں سے بہائیں قبول کلاسز اور بیباک ہیں 
LOG (lattice-best-path[5.5.907~1-cbed4]:main():lattice-best-path.cc:99) For utterance 20030005_644, best cost 127.965 + 5037.97 = 5165.93 over 1611 frames.
20030005_644 کا چھہتر چیئرمین پورا قومیائے اور بوڑھا حبشی کیسی کر سے کرنے کے بعد کے ہیں 
LOG (lattice-best-path[5.5.907~1-cbed4]:main():lattice-best-path.cc:99) For utterance 20030005_645, best cost 91.4889 + 3385.95 = 3477.44 over 1022 frames.
20030005_645 پروگریسیو ونڈوز انحصار بوجوہ مسخرے کی فحش ہیں 
LOG (lattice-best-path[5.5.907~1-cbed4]:main():lattice-best-path.cc:99) For utterance 20030005_646, best cost 113.202 + 3756.38 = 3869.58 over 1156 frames.
20030005_646 سوری گرمجوشی میں اور کی میں ڈرامہ اور بااللہ میں بڑھائیں باندھیں ہیں 
LOG (lattice-best-path[5.5.907~1-cbed4]:main():lattice-best-path.cc:99) For utterance 20030005_647, best cost 88.3693 + 3287.62 = 3375.99 over 1067 frames.
20030005_647 بااثر کے کا مواصلات گوگل چور کبوتر کا ہیں 
LOG (lattice-best-path[5.5.907~1-cbed4]:main():lattice-best-path.cc:99) For utterance 20030005_648, best cost 81.6119 + 3076.97 = 3158.59 over 990 frames.
20030005_648 ملیں دودھیا چاشنی کا خودسر کے لیے پراٹھا 
LOG (lattice-best-path[5.5.907~1-cbed4]:main():lattice-best-path.cc:99) For utterance 20030005_649, best cost 90.5849 + 3289.05 = 3379.64 over 1041 frames.
20030005_649 کو کمیونسٹ کر کے برخلاف چوہوں کا پر لاڈلے ہیں 
LOG (lattice-best-path[5.5.907~1-cbed4]:main():lattice-best-path.cc:99) For utterance 20030005_650, best cost 121.701 + 4259.18 = 4380.88 over 1355 frames.
20030005_650 پنجرے بانگ کی سیر اور سنبھال کمینگی وزیرداخلہ کے رہائشی پر قضہ ہیں 
LOG (lattice-best-path[5.5.907~1-cbed4]:main():lattice-best-path.cc:99) For utterance 20030005_651, best cost 103.685 + 3448.57 = 3552.25 over 1131 frames.
20030005_651 اور کی بہتری کوچوں کی کو کی گرہیں ہونے سے پہلے سعودی کیں 
LOG (lattice-best-path[5.5.907~1-cbed4]:main():lattice-best-path.cc:99) For utterance 20030005_652, best cost 118.44 + 4665.31 = 4783.75 over 1502 frames.
20030005_652 فرانسیسی میں کا میں بولروں کیلئے اور کاروبار مرغوب اور کے سوئٹرز پوچھیں 
LOG (lattice-best-path[5.5.907~1-cbed4]:main():lattice-best-path.cc:99) For utterance 20030005_653, best cost 105.781 + 3726.17 = 3831.95 over 1176 frames.
20030005_653 برفباری مرض کا سے مضروب کر ضلعی ڈیجیٹل کر روزافزوں 
LOG (lattice-best-path[5.5.907~1-cbed4]:main():lattice-best-path.cc:99) For utterance 20030005_654, best cost 120.591 + 4453 = 4573.59 over 1361 frames.
20030005_654 کریں اور دیش ہوسٹس کی مشیت چور کونسل کی موثر کے ایجنسیز ہیں 
LOG (lattice-best-path[5.5.907~1-cbed4]:main():lattice-best-path.cc:99) For utterance 20030005_655, best cost 96.2669 + 3224.6 = 3320.87 over 1022 frames.
20030005_655 کر اوباش کی بدچلنی اور بھی لیزر بچائیں تابش ہیں 
LOG (lattice-best-path[5.5.907~1-cbed4]:main():lattice-best-path.cc:99) For utterance 20030005_656, best cost 115.164 + 5208.45 = 5323.61 over 1668 frames.
20030005_656 دلسوزی پروسیسنگ گزری تھینکس بچائیں اور شور مجاہد قضہ ہیں 
LOG (lattice-best-path[5.5.907~1-cbed4]:main():lattice-best-path.cc:99) For utterance 20030005_657, best cost 104.951 + 3469.49 = 3574.44 over 1099 frames.
20030005_657 کا محبوب افزودگی زیدی کے افسردہ کی بااثر منفرد میں ہیں 
LOG (lattice-best-path[5.5.907~1-cbed4]:main():lattice-best-path.cc:99) For utterance 20030005_658, best cost 75.9239 + 3112.77 = 3188.69 over 1003 frames.
20030005_658 گنگولی کامیاب اونی سوئٹرز کے بعد سے گزارنے 
LOG (lattice-best-path[5.5.907~1-cbed4]:main():lattice-best-path.cc:99) For utterance 20030005_659, best cost 115.329 + 4126.83 = 4242.16 over 1291 frames.
20030005_659 کرتی خوگر چلیں بھوجپوری کا تمغوں ہو کر آبدوزیں کا ترشول ہیں 
LOG (lattice-best-path[5.5.907~1-cbed4]:main():lattice-best-path.cc:99) For utterance 20030005_660, best cost 62.185 + 2488.74 = 2550.92 over 779 frames.
20030005_660 اور خان کے بعد کیا ہزارویں بعدازاں 
LOG (lattice-best-path[5.5.907~1-cbed4]:main():lattice-best-path.cc:99) For utterance 20030005_661, best cost 87.6107 + 3850.71 = 3938.32 over 1252 frames.
20030005_661 اضافے میں کے لیے بشمول کامیاب کا داغدار بنا ہیں 
LOG (lattice-best-path[5.5.907~1-cbed4]:main():lattice-best-path.cc:99) For utterance 20030005_662, best cost 97.7228 + 3381.92 = 3479.65 over 1067 frames.
20030005_662 کر نقشوں کی تجربہ چلغوزے بوبی دلنشیں گوندھیں میں ہیں 
LOG (lattice-best-path[5.5.907~1-cbed4]:main():lattice-best-path.cc:99) For utterance 20030005_663, best cost 112.096 + 4333.35 = 4445.45 over 1336 frames.
20030005_663 کی ڈوریں جھم آبشار اور مکھیاں برساتا کی ہوئیں کی تنقیص ہوتی ہیں 
LOG (lattice-best-path[5.5.907~1-cbed4]:main():lattice-best-path.cc:99) For utterance 20030005_664, best cost 132.478 + 4302.05 = 4434.53 over 1316 frames.
20030005_664 سالہاسال ایڈورٹائزنگ میں توہین فائربریگیڈ کا موضوعات کو کے سے کے رخوں کے کھڑے ہو گیا 
LOG (lattice-best-path[5.5.907~1-cbed4]:main():lattice-best-path.cc:99) For utterance 20030005_665, best cost 63.2866 + 2574.18 = 2637.46 over 779 frames.
20030005_665 تشخص اور کی سیر سنگھاسن رخساروں 
LOG (lattice-best-path[5.5.907~1-cbed4]:main():lattice-best-path.cc:99) For utterance 20030005_666, best cost 98.8311 + 3410.34 = 3509.17 over 1073 frames.
20030005_666 بونس جیگوار اور ذوالجلال اداکاراؤں تصورات کر سے بولے 
LOG (lattice-best-path[5.5.907~1-cbed4]:main():lattice-best-path.cc:99) For utterance 20030005_667, best cost 95.3607 + 4088.15 = 4183.52 over 1323 frames.
20030005_667 کی بل ٹھیکیدار سے جھینگے دوسرے کی میں کی اسمبلی 
LOG (lattice-best-path[5.5.907~1-cbed4]:main():lattice-best-path.cc:99) For utterance 20030005_668, best cost 132.027 + 4810.96 = 4942.98 over 1489 frames.
20030005_668 سعودی فوجی کے کمرے میں ٹوفل پروگرام رینجرز کا کاغذات پگڑیاں کی سلسلے گا 
LOG (lattice-best-path[5.5.907~1-cbed4]:main():lattice-best-path.cc:99) For utterance 20030005_669, best cost 95.5093 + 3538.94 = 3634.45 over 1112 frames.
20030005_669 غوروخوض کر منفعت بورڈ میں ویڈیوز کر پر ضروریات 
LOG (lattice-best-path[5.5.907~1-cbed4]:main():lattice-best-path.cc:99) For utterance 20030005_670, best cost 70.6071 + 3260.9 = 3331.5 over 1035 frames.
20030005_670 وزیرداخلہ شاہد صاحب کو ڈاکوؤں کا کرو 
LOG (lattice-best-path[5.5.907~1-cbed4]:main():lattice-best-path.cc:99) For utterance 20030005_671, best cost 126.699 + 4446.21 = 4572.9 over 1368 frames.
20030005_671 پچھتر ساری گاڑیاں میں کا سوختہ اور سموئے کے ضعف کھجوریں کو پوشیدہ ہیں 
LOG (lattice-best-path[5.5.907~1-cbed4]:main():lattice-best-path.cc:99) For utterance 20030005_672, best cost 94.1662 + 3872.26 = 3966.42 over 1163 frames.
20030005_672 امیگریشن گزارنے کو فوائد خودسر کوسوں وزیرداخلہ ہیں 
LOG (lattice-best-path[5.5.907~1-cbed4]:main():lattice-best-path.cc:99) For utterance 20030005_673, best cost 83.1996 + 3234.91 = 3318.1 over 1048 frames.
20030005_673 کلراٹھی کی کراؤں گیارہویں دوجے مصالحہ کرتا ہے 
LOG (lattice-best-path[5.5.907~1-cbed4]:main():lattice-best-path.cc:99) For utterance 20030005_674, best cost 135.604 + 4867.4 = 5003.01 over 1604 frames.
20030005_674 دانشو میں پُلوں میں پر کار پراچہ پھولدار پہنچا ٹینک کوسموس میں کی کوشش کی 
LOG (lattice-best-path[5.5.907~1-cbed4]:main():lattice-best-path.cc:99) For utterance 20030005_675, best cost 91.8859 + 4031.18 = 4123.07 over 1297 frames.
20030005_675 اور سے بوڑھی کے لیے پر سوچے کو خوفوں کا اور کرتا ہے 
LOG (lattice-best-path[5.5.907~1-cbed4]:main():lattice-best-path.cc:99) For utterance 20030005_676, best cost 107.165 + 4125.74 = 4232.9 over 1278 frames.
20030005_676 اور میں جعلسازی سامنے کی جاوید ذوق میں کمشنر جھگڑے کرتے ہیں 
LOG (lattice-best-path[5.5.907~1-cbed4]:main():lattice-best-path.cc:99) For utterance 20030005_677, best cost 116.024 + 4504.27 = 4620.3 over 1380 frames.
20030005_677 انسانیت انگوٹھی بھولنا اور بعدازاں اور سعودی کو جہانگیر سے دریافت 
LOG (lattice-best-path[5.5.907~1-cbed4]:main():lattice-best-path.cc:99) For utterance 20030005_678, best cost 172.084 + 6304.63 = 6476.72 over 2052 frames.
20030005_678 صرف بحثوں کو کلیدی فیض علاوہ فنگس ماؤزے شے میں کے لیے پروسیسنگ فارمولے سے مشعر کے شیڈ کیں 
LOG (lattice-best-path[5.5.907~1-cbed4]:main():lattice-best-path.cc:99) For utterance 20030005_679, best cost 71.0737 + 3062.11 = 3133.19 over 958 frames.
20030005_679 ہومیوپیتھی پر چلچلاتی کولسری سے رشید 
LOG (lattice-best-path[5.5.907~1-cbed4]:main():lattice-best-path.cc:99) For utterance 20030005_680, best cost 122.512 + 4089.38 = 4211.89 over 1316 frames.
20030005_680 کلومیٹر چوڑیاں پہنچنے ہوے کلیرنگ پھولدار کا باعث میں تھوڑا کا رکھتا ہے 
LOG (lattice-best-path[5.5.907~1-cbed4]:main():lattice-best-path.cc:99) For utterance 20030005_681, best cost 130.302 + 5001.94 = 5132.25 over 1611 frames.
20030005_681 تراشوں نشیب شیر کو گھیراؤ کر بااثر دھوبی بولوں اور پیچیدہ پریشاں ہیں 
LOG (lattice-best-path[5.5.907~1-cbed4]:main():lattice-best-path.cc:99) For utterance 20030005_682, best cost 135.931 + 5253.34 = 5389.28 over 1656 frames.
20030005_682 دبیز اور شعاع میں کی روٹھ کر پنجرے کا چچا کلاسز کے گوجر موعود ہے 
LOG (lattice-best-path[5.5.907~1-cbed4]:main():lattice-best-path.cc:99) For utterance 20030005_683, best cost 96.853 + 4296.06 = 4392.91 over 1355 frames.
20030005_683 پر سموسے کی جبڑوں کر کہانی لادینیت کی استعمال کریں 
LOG (lattice-best-path[5.5.907~1-cbed4]:main():lattice-best-path.cc:99) For utterance 20030005_684, best cost 96.3832 + 3857.03 = 3953.41 over 1208 frames.
20030005_684 منظور خوف ڈیزرٹ کے کی روحیں بھونچال پچھتر اور 
LOG (lattice-best-path[5.5.907~1-cbed4]:main():lattice-best-path.cc:99) For utterance 20030005_685, best cost 89.725 + 2833.38 = 2923.11 over 881 frames.
20030005_685 بچّو فردوس کی مبشر بخشے سے غزلوں گنگولی 
LOG (lattice-best-path[5.5.907~1-cbed4]:main():lattice-best-path.cc:99) For utterance 20030005_686, best cost 115.24 + 3572.86 = 3688.09 over 1067 frames.
20030005_686 سوچنے میں صرف کے بغیر فشار صلاحیتیں مسز دانشو شروع شور 
LOG (lattice-best-path[5.5.907~1-cbed4]:main():lattice-best-path.cc:99) For utterance 20030005_687, best cost 147.466 + 5332.67 = 5480.13 over 1656 frames.
20030005_687 سوئس کے بالخصوص امپائر کھولے تو سزا سے سے کی ہے اور کوچوں موعود فضول اور ہیں 
LOG (lattice-best-path[5.5.907~1-cbed4]:main():lattice-best-path.cc:99) For utterance 20030005_688, best cost 161.961 + 5592.89 = 5754.85 over 1796 frames.
20030005_688 خلق ذوالجلال گردیزی بارش کر سے شہاب مزارعوں اور دیش کی کیجیے میں قانونگو کرنے کالجوں 
LOG (lattice-best-path[5.5.907~1-cbed4]:main():lattice-best-path.cc:99) For utterance 20030005_689, best cost 121.451 + 4544.95 = 4666.4 over 1496 frames.
20030005_689 بھومی گوبر برسراقتدار کر میں دوبارہ پرسوز چوزے کلچر چار ہیں 
LOG (lattice-best-path[5.5.907~1-cbed4]:main():lattice-best-path.cc:99) For utterance 20030005_690, best cost 70.9789 + 3189.5 = 3260.48 over 881 frames.
20030005_690 کی روشناس پراسیس انشورنس موئسچرائزنگ جاتا ہے 
LOG (lattice-best-path[5.5.907~1-cbed4]:main():lattice-best-path.cc:99) For utterance 20030005_691, best cost 109.744 + 5067.65 = 5177.4 over 1368 frames.
20030005_691 ذوالجناح جیسے لوہا سوشلزم سیلز حوصلہ سایہ سے ہوسٹس 
LOG (lattice-best-path[5.5.907~1-cbed4]:main():lattice-best-path.cc:99) For utterance 20030005_692, best cost 102.507 + 4537.65 = 4640.15 over 1220 frames.
20030005_692 حصول مصالحہ جیسے سوسائٹی سالہاسال سے زیست خاص احساس 
LOG (lattice-best-path[5.5.907~1-cbed4]:main():lattice-best-path.cc:99) For utterance 20030005_693, best cost 71.3441 + 3431.31 = 3502.66 over 939 frames.
20030005_693 سیلز کے جوئیہ سہارے سالہاسال سہارے ہے 
LOG (lattice-best-path[5.5.907~1-cbed4]:main():lattice-best-path.cc:99) For utterance 20030005_694, best cost 109.358 + 4509.07 = 4618.43 over 1208 frames.
20030005_694 عرضداشت چوائس شاخ اثاثوں سے جیز اور سے ایثار اور چوائس 
LOG (lattice-best-path[5.5.907~1-cbed4]:main():lattice-best-path.cc:99) For utterance 20030005_695, best cost 100.949 + 4068.98 = 4169.93 over 1105 frames.
20030005_695 اویئرنس کی جلدازجلد جائیں سوچا حصص کمیشن چوہان ایمرجنسی 
LOG (lattice-best-path[5.5.907~1-cbed4]:main():lattice-best-path.cc:99) For utterance 20030005_696, best cost 109.396 + 4120.14 = 4229.53 over 1131 frames.
20030005_696 تشخص اور سیلز کے سامنے سے سوئس شعوری سوئس چیلنجز پراسیس 
LOG (lattice-best-path[5.5.907~1-cbed4]:main():lattice-best-path.cc:99) For utterance 20030005_697, best cost 73.5788 + 2846.7 = 2920.28 over 772 frames.
20030005_697 اور سرزمین مستعد سزائیں اداکاراؤں اجلاس 
LOG (lattice-best-path[5.5.907~1-cbed4]:main():lattice-best-path.cc:99) For utterance 20030005_698, best cost 80.9308 + 4183.65 = 4264.58 over 1124 frames.
20030005_698 کلاسز جاسوسی سے اشخاص اور موئسچرائزنگ لباس 
LOG (lattice-best-path[5.5.907~1-cbed4]:main():lattice-best-path.cc:99) For utterance 20030005_699, best cost 97.3464 + 5014.89 = 5112.24 over 1342 frames.
20030005_699 چیلنجز اور سیاسی چالیس احساس کے ساتھ حیثیت احساس 
LOG (lattice-best-path[5.5.907~1-cbed4]:main():lattice-best-path.cc:99) For utterance 20030005_700, best cost 111.956 + 5359.37 = 5471.32 over 1419 frames.
20030005_700 ہوش کوسموس چیز تذلیل سیروسیاحت سے زودحس اثاثوں حصص 
LOG (lattice-best-path[5.5.907~1-cbed4]:main():lattice-best-path.cc:99) For utterance 20030005_701, best cost 131.583 + 6263.98 = 6395.57 over 1681 frames.
20030005_701 محظوظ کوسموس توضیح سالہاسال سے سلسلے وائرس حوض سزا موسم اجلاس 
LOG (lattice-best-path[5.5.907~1-cbed4]:main():lattice-best-path.cc:99) For utterance 20030005_702, best cost 104.459 + 4345.21 = 4449.67 over 1150 frames.
20030005_702 اثاثوں اس کی محظوظ سے سہارے سوزش سازوسامان سے ریسپشنسٹ 
LOG (lattice-best-path[5.5.907~1-cbed4]:main():lattice-best-path.cc:99) For utterance 20030005_703, best cost 73.8433 + 3493.36 = 3567.2 over 952 frames.
20030005_703 سزا استحصالی چیز کے حوصلہ سازباز 
LOG (lattice-best-path[5.5.907~1-cbed4]:main():lattice-best-path.cc:99) For utterance 20030005_704, best cost 111.762 + 5168.88 = 5280.64 over 1355 frames.
20030005_704 چوزے سے شخص حیران ساز جیسے ساحل آہستہ سے حصص 
LOG (lattice-best-path[5.5.907~1-cbed4]:main():lattice-best-path.cc:99) For utterance 20030005_705, best cost 85.3338 + 3473.48 = 3558.81 over 958 frames.
20030005_705 ناجائز فیض مسحور ایسا سالہاسال حصص ایمبولینس 
LOG (lattice-best-path[5.5.907~1-cbed4]:main():lattice-best-path.cc:99) For utterance 20030005_706, best cost 86.2118 + 4120.33 = 4206.54 over 1086 frames.
20030005_706 سیلرز سموسے زیست کے ساتھ اہل صیہونی محسوس 
LOG (lattice-best-path[5.5.907~1-cbed4]:main():lattice-best-path.cc:99) For utterance 20030005_707, best cost 67.5156 + 3308.24 = 3375.76 over 888 frames.
20030005_707 سازوسامان سوچا صیہونی مواضعات ایس 
LOG (lattice-best-path[5.5.907~1-cbed4]:main():lattice-best-path.cc:99) For utterance 20030005_708, best cost 98.2223 + 3678.63 = 3776.86 over 1009 frames.
20030005_708 ہجر جیسے گیسو ایمبولینس آزادی کا اور شخص ایڈریس 
LOG (lattice-best-path[5.5.907~1-cbed4]:main():lattice-best-path.cc:99) For utterance 20030010_601, best cost 100.228 + 3801.04 = 3901.27 over 985 frames.
20030010_601 بااثر توجیہ کمیشن جیلانی کلیئر اثرورسوخ کے تعاقب ہو گئی 
LOG (lattice-best-path[5.5.907~1-cbed4]:main():lattice-best-path.cc:99) For utterance 20030010_602, best cost 150.576 + 4602.38 = 4752.95 over 1203 frames.
20030010_602 کے لالچی کرنے خاطر بدشگونی بھورے ادائیگیوں میں کنسورشیم اچک باریش کمیشن کر ساز ہے 
LOG (lattice-best-path[5.5.907~1-cbed4]:main():lattice-best-path.cc:99) For utterance 20030010_603, best cost 110.872 + 3213.74 = 3324.61 over 833 frames.
20030010_603 شمشاد کا نزلے اجلاس طرزعمل کو کارکردگی بسوں پر کمیشن کیا 
LOG (lattice-best-path[5.5.907~1-cbed4]:main():lattice-best-path.cc:99) For utterance 20030010_604, best cost 89.8482 + 3357.11 = 3446.96 over 856 frames.
20030010_604 سے ڈائیگرام کی کارکردگی کا باعث پہنچایا کے کے سلیولائیٹ 
LOG (lattice-best-path[5.5.907~1-cbed4]:main():lattice-best-path.cc:99) For utterance 20030010_605, best cost 66.5812 + 1953.79 = 2020.37 over 513 frames.
20030010_605 سلجھائیں شلجم ڈکٹیشن کوریوگرافر دیتا ہے 
LOG (lattice-best-path[5.5.907~1-cbed4]:main():lattice-best-path.cc:99) For utterance 20030010_606, best cost 60.5156 + 2362.56 = 2423.07 over 608 frames.
20030010_606 وزیرداخلہ اور سے پسماندہ خاصے عزیز تھے 
LOG (lattice-best-path[5.5.907~1-cbed4]:main():lattice-best-path.cc:99) For utterance 20030010_607, best cost 44.1902 + 1611.08 = 1655.27 over 420 frames.
20030010_607 تسلسل ترجمانی منیجنگ 
LOG (lattice-best-path[5.5.907~1-cbed4]:main():lattice-best-path.cc:99) For utterance 20030010_608, best cost 84.2472 + 2255.39 = 2339.64 over 582 frames.
20030010_608 کو پنگھوڑے گفتگو خوشخبری چمچہ میں جدوجہد ہو گی 
LOG (lattice-best-path[5.5.907~1-cbed4]:main():lattice-best-path.cc:99) For utterance 20030010_609, best cost 103.322 + 2805.23 = 2908.56 over 736 frames.
20030010_609 تشنج تلمیحات مگر ماچھی رساؤ انسانیت کی جنگجو بحیثیت کیا 
LOG (lattice-best-path[5.5.907~1-cbed4]:main():lattice-best-path.cc:99) For utterance 20030010_610, best cost 85.4076 + 2921.78 = 3007.18 over 803 frames.
20030010_610 پراسیس بدشگونی کامیاب ڈیجیٹل سے بجٹ ایسا ہے 
LOG (lattice-best-path[5.5.907~1-cbed4]:main():lattice-best-path.cc:99) For utterance 20030010_611, best cost 93.7535 + 3270.14 = 3363.9 over 868 frames.
20030010_611 صیہونی بینگن باآسانی جرگہ اور جرگہ کی کوشش حاشیے 
LOG (lattice-best-path[5.5.907~1-cbed4]:main():lattice-best-path.cc:99) For utterance 20030010_612, best cost 106.125 + 3332.47 = 3438.6 over 921 frames.
20030010_612 تبدیلیاں کی ورزش سمجھ آباواجداد چقندر خوگر جیلانی شاخسانہ ہے 
LOG (lattice-best-path[5.5.907~1-cbed4]:main():lattice-best-path.cc:99) For utterance 20030010_613, best cost 60.2647 + 1757.1 = 1817.37 over 452 frames.
20030010_613 تنولی باخبر ساجد گلیشئیر جاتا ہے 
LOG (lattice-best-path[5.5.907~1-cbed4]:main():lattice-best-path.cc:99) For utterance 20030010_614, best cost 73.9028 + 2232.65 = 2306.55 over 578 frames.
20030010_614 جو فیڈریشن کے ساتھ سمجھی بغیر سمجھدار کیا 
LOG (lattice-best-path[5.5.907~1-cbed4]:main():lattice-best-path.cc:99) For utterance 20030010_615, best cost 120.902 + 3676.32 = 3797.22 over 960 frames.
20030010_615 کر آتشزدگی نیسچن موئسچرائزنگ بلڈوزر توجہ دیوبندی کی کھجوریں کو ایڈہاک 
LOG (lattice-best-path[5.5.907~1-cbed4]:main():lattice-best-path.cc:99) For utterance 20030010_616, best cost 129.753 + 3721.86 = 3851.61 over 989 frames.
20030010_616 تاجر کے تعاقب میں سترھویں شگفتہ غصہ شکار کیسی دستاویزی متحدہ تجزیہ 
LOG (lattice-best-path[5.5.907~1-cbed4]:main():lattice-best-path.cc:99) For utterance 20030010_617, best cost 78.6365 + 2519.55 = 2598.18 over 669 frames.
20030010_617 تمسخر سے بچنے کی سویٹر کی طرف پچاسویں لگا 
LOG (lattice-best-path[5.5.907~1-cbed4]:main():lattice-best-path.cc:99) For utterance 20030010_618, best cost 90.7484 + 3114.14 = 3204.89 over 824 frames.
20030010_618 دارومدار اعزاز سمجھا خسارے مہربانیوں کے بعد اس کا کیا ہیں 
LOG (lattice-best-path[5.5.907~1-cbed4]:main():lattice-best-path.cc:99) For utterance 20030010_619, best cost 76.6389 + 1891.85 = 1968.49 over 519 frames.
20030010_619 کسی چشتی آمدنی آمدنی پنجابی مرجھا ہیں 
LOG (lattice-best-path[5.5.907~1-cbed4]:main():lattice-best-path.cc:99) For utterance 20030010_620, best cost 109.286 + 3226.94 = 3336.23 over 820 frames.
20030010_620 چیل منہدم اولولعزم جوئیہ کی محبوبہ فضول شروع کیا نجی 
LOG (lattice-best-path[5.5.907~1-cbed4]:main():lattice-best-path.cc:99) For utterance 20030010_621, best cost 106.069 + 3839.84 = 3945.91 over 1024 frames.
20030010_621 میں مجوزہ سے اور سوچے مدمقابل بھی سے گلدستہ چھیاسیویں رہی تھی 
LOG (lattice-best-path[5.5.907~1-cbed4]:main():lattice-best-path.cc:99) For utterance 20030010_622, best cost 74.9763 + 3053.21 = 3128.18 over 764 frames.
20030010_622 کو جانبدار کے کے تجربہ رسیدہ کے عارضی 
LOG (lattice-best-path[5.5.907~1-cbed4]:main():lattice-best-path.cc:99) For utterance 20030010_623, best cost 71.189 + 2460.02 = 2531.21 over 664 frames.
20030010_623 دلبرداشتہ ماخذ سوئس آکسیجن شنید کیا 
LOG (lattice-best-path[5.5.907~1-cbed4]:main():lattice-best-path.cc:99) For utterance 20030010_624, best cost 103.953 + 2914.72 = 3018.67 over 790 frames.
20030010_624 ماؤف تسلسل سے درخواست اور صرف وجود ڈیپریشن کے میں مشروبات 
LOG (lattice-best-path[5.5.907~1-cbed4]:main():lattice-best-path.cc:99) For utterance 20030010_625, best cost 82.6358 + 2507.28 = 2589.91 over 665 frames.
20030010_625 استفسار کی چلچلاتی گدے گردیزی مجموعہ کے ہو گیا 
LOG (lattice-best-path[5.5.907~1-cbed4]:main():lattice-best-path.cc:99) For utterance 20030010_626, best cost 52.4467 + 1715.13 = 1767.58 over 465 frames.
20030010_626 پیدا سیروسیاحت رنجیدہ سمجھا 
LOG (lattice-best-path[5.5.907~1-cbed4]:main():lattice-best-path.cc:99) For utterance 20030010_627, best cost 71.4235 + 2598.8 = 2670.22 over 712 frames.
20030010_627 سینٹر والدین صورتحال سیسموگراف اومیگا گیا 
LOG (lattice-best-path[5.5.907~1-cbed4]:main():lattice-best-path.cc:99) For utterance 20030010_628, best cost 79.3616 + 2569.85 = 2649.21 over 709 frames.
20030010_628 کثیرالقومی بنانے کیلئے سے چیلنجز انجکشن وفود کی 
LOG (lattice-best-path[5.5.907~1-cbed4]:main():lattice-best-path.cc:99) For utterance 20030010_629, best cost 106.431 + 3176.18 = 3282.61 over 876 frames.
20030010_629 چیچک کے گوشہ کیا فراخدلی سے گرمجوشی سے موجودہ عزت کے ساتھ 
LOG (lattice-best-path[5.5.907~1-cbed4]:main():lattice-best-path.cc:99) For utterance 20030010_630, best cost 80.9013 + 2467.18 = 2548.08 over 668 frames.
20030010_630 تعین گزشتہ میراتھن بیچارے کلچر ضیغم گیا 
LOG (lattice-best-path[5.5.907~1-cbed4]:main():lattice-best-path.cc:99) For utterance 20030010_631, best cost 127.814 + 3625.23 = 3753.04 over 964 frames.
20030010_631 سیاسی فوراً مدافعت دیکھنے تحفتا پیش اٹھاسی سے سے سے معطل چائلڈ ہے 
LOG (lattice-best-path[5.5.907~1-cbed4]:main():lattice-best-path.cc:99) For utterance 20030010_632, best cost 113.742 + 4585.45 = 4699.19 over 1219 frames.
20030010_632 فزیوتھراپسٹ کی اچک جوڑیاں تجارت کاجو موصول چھولے بغیر دیکھیں 
LOG (lattice-best-path[5.5.907~1-cbed4]:main():lattice-best-path.cc:99) For utterance 20030010_633, best cost 115.723 + 3736.68 = 3852.41 over 1056 frames.
20030010_633 بدچلنی بگاڑنے تقویت کی کی کے اور غذاؤں کی قوس سلسلے دریچے 
LOG (lattice-best-path[5.5.907~1-cbed4]:main():lattice-best-path.cc:99) For utterance 20030010_634, best cost 77.5983 + 2570.87 = 2648.47 over 708 frames.
20030010_634 کمیشن جشن کے سامنے جوڑیاں قدآدم پائیدار کیا ہیں 
LOG (lattice-best-path[5.5.907~1-cbed4]:main():lattice-best-path.cc:99) For utterance 20030010_635, best cost 78.2428 + 2678.25 = 2756.49 over 722 frames.
20030010_635 پاسبان اپوزیشن پونے سے پارلیمنٹرین سیاست کریں 
LOG (lattice-best-path[5.5.907~1-cbed4]:main():lattice-best-path.cc:99) For utterance 20030010_636, best cost 76.2476 + 2454.55 = 2530.79 over 677 frames.
20030010_636 پروفیشنل ایجوکیشن میں سے جو جدون تفاوت 
LOG (lattice-best-path[5.5.907~1-cbed4]:main():lattice-best-path.cc:99) For utterance 20030010_637, best cost 59.8089 + 2576.81 = 2636.62 over 703 frames.
20030010_637 ٹرانسفارمر بدچلنی رنجیدہ سے کرتے ہوئے 
LOG (lattice-best-path[5.5.907~1-cbed4]:main():lattice-best-path.cc:99) For utterance 20030010_638, best cost 119.959 + 4214.96 = 4334.92 over 1134 frames.
20030010_638 پر طنزومزاح کی شیروانی کو میں سوئچ اور ہوتی کو کھچی سیاست ایجنسی 
LOG (lattice-best-path[5.5.907~1-cbed4]:main():lattice-best-path.cc:99) For utterance 20030010_639, best cost 108.921 + 3669.59 = 3778.51 over 1011 frames.
20030010_639 پھیرتے دولخت تقسیم کے کے سے تشخیص ٹیکنالوجیز اور تسلسل دو سکتیں 
LOG (lattice-best-path[5.5.907~1-cbed4]:main():lattice-best-path.cc:99) For utterance 20030010_640, best cost 92.358 + 2991.04 = 3083.4 over 822 frames.
20030010_640 جاتی باورچی جعلسازی سنگھاسن کی شدہ قصور کی کوشش کریں 
LOG (lattice-best-path[5.5.907~1-cbed4]:main():lattice-best-path.cc:99) For utterance 20030010_641, best cost 76.4275 + 2613.89 = 2690.32 over 712 frames.
20030010_641 کوارڈینیٹر ایشوز کرکے آتشیں بازیچہ گردیزی 
LOG (lattice-best-path[5.5.907~1-cbed4]:main():lattice-best-path.cc:99) For utterance 20030010_642, best cost 62.8382 + 2291.67 = 2354.51 over 638 frames.
20030010_642 حفاظت کی مسجد تشخص دیوار کی 
LOG (lattice-best-path[5.5.907~1-cbed4]:main():lattice-best-path.cc:99) For utterance 20030010_643, best cost 82.095 + 2399.91 = 2482 over 664 frames.
20030010_643 دستاویزات کبڈی مخرج سنایا دودھیا سزا دی گئی 
LOG (lattice-best-path[5.5.907~1-cbed4]:main():lattice-best-path.cc:99) For utterance 20030010_644, best cost 104.945 + 3229.38 = 3334.33 over 908 frames.
20030010_644 گلیشئیر چیئرمین گومگو فیاضی کا ترچھی تحصیلدار سے میں پر بات کی 
LOG (lattice-best-path[5.5.907~1-cbed4]:main():lattice-best-path.cc:99) For utterance 20030010_645, best cost 86.9121 + 2828.33 = 2915.24 over 768 frames.
20030010_645 کی کلاسز منظور پسند طنزومزاح کے تعاقب میں کی جا سکتیں 
LOG (lattice-best-path[5.5.907~1-cbed4]:main():lattice-best-path.cc:99) For utterance 20030010_646, best cost 98.3777 + 2626.43 = 2724.81 over 734 frames.
20030010_646 چھاؤنیاں غزلیات چبھنے بازیاب بَلّا میں گارلینڈ آمدنی گئی 
LOG (lattice-best-path[5.5.907~1-cbed4]:main():lattice-best-path.cc:99) For utterance 20030010_647, best cost 59.7917 + 1877.86 = 1937.65 over 517 frames.
20030010_647 بالواسطہ تنازعے بوجوہ گردوغبار کریں 
LOG (lattice-best-path[5.5.907~1-cbed4]:main():lattice-best-path.cc:99) For utterance 20030010_648, best cost 78.449 + 2086.61 = 2165.06 over 573 frames.
20030010_648 خلیے میں کو ڈسچارج کرا خرچ عندیہ پڑدادا 
LOG (lattice-best-path[5.5.907~1-cbed4]:main():lattice-best-path.cc:99) For utterance 20030010_649, best cost 54.2241 + 1812.77 = 1866.99 over 478 frames.
20030010_649 تو خدانخواستہ تجربات چنگل گئے 
LOG (lattice-best-path[5.5.907~1-cbed4]:main():lattice-best-path.cc:99) For utterance 20030010_650, best cost 79.5698 + 3222.83 = 3302.4 over 870 frames.
20030010_650 سے گردیزی بآسانی اس کی کے وزیرداخلہ قیصر جائے 
LOG (lattice-best-path[5.5.907~1-cbed4]:main():lattice-best-path.cc:99) For utterance 20030010_651, best cost 95.6014 + 2481.64 = 2577.24 over 699 frames.
20030010_651 بلبل مچولی ہوتی دبایا تو میں سے پہلے سعودی چیف 
LOG (lattice-best-path[5.5.907~1-cbed4]:main():lattice-best-path.cc:99) For utterance 20030010_652, best cost 85.83 + 2771.07 = 2856.9 over 777 frames.
20030010_652 پتھالوجسٹ آمدنی ترجمانی میں کا بوگس کبوتر پوچھیں 
LOG (lattice-best-path[5.5.907~1-cbed4]:main():lattice-best-path.cc:99) For utterance 20030010_653, best cost 68.4513 + 2312.79 = 2381.24 over 638 frames.
20030010_653 پرفارمنس آکسیجن مرکزی چھہتر قصوروار 
LOG (lattice-best-path[5.5.907~1-cbed4]:main():lattice-best-path.cc:99) For utterance 20030010_654, best cost 103.629 + 2963.26 = 3066.89 over 838 frames.
20030010_654 طبیعت اشخاص کی اشاعت جوئیہ عزت لوث کمینگی میں سکتیں 
LOG (lattice-best-path[5.5.907~1-cbed4]:main():lattice-best-path.cc:99) For utterance 20030010_655, best cost 68.6032 + 1677.97 = 1746.57 over 465 frames.
20030010_655 تلاش کی چنیوٹی ڈیتھ بچھانے دیش ہے 
LOG (lattice-best-path[5.5.907~1-cbed4]:main():lattice-best-path.cc:99) For utterance 20030010_656, best cost 82.2921 + 3255.67 = 3337.96 over 918 frames.
20030010_656 بیضے ترمذی منیجر آخرالزمان بھی کس کریں 
LOG (lattice-best-path[5.5.907~1-cbed4]:main():lattice-best-path.cc:99) For utterance 20030010_657, best cost 55.9332 + 1996.46 = 2052.39 over 540 frames.
20030010_657 آمدورفت طرزعمل جیسے پراسسنگ ہیں 
LOG (lattice-best-path[5.5.907~1-cbed4]:main():lattice-best-path.cc:99) For utterance 20030010_658, best cost 60.5605 + 2086.33 = 2146.89 over 591 frames.
20030010_658 کمزور کرنے والے بیس کلاسز کرو 
LOG (lattice-best-path[5.5.907~1-cbed4]:main():lattice-best-path.cc:99) For utterance 20030010_659, best cost 81.7628 + 2881.35 = 2963.12 over 779 frames.
20030010_659 جدوجہد کو کی تصورات خاصے لاہوریات کے سوویں 
LOG (lattice-best-path[5.5.907~1-cbed4]:main():lattice-best-path.cc:99) For utterance 20030010_660, best cost 38.0505 + 1776.78 = 1814.83 over 482 frames.
20030010_660 کو ایڈورٹائزنگ دستاویزات 
LOG (lattice-best-path[5.5.907~1-cbed4]:main():lattice-best-path.cc:99) For utterance 20030010_661, best cost 47.2195 + 2165.67 = 2212.89 over 578 frames.
20030010_661 ٹیکسیشن درآمدات سربراہ ہیں 
LOG (lattice-best-path[5.5.907~1-cbed4]:main():lattice-best-path.cc:99) For utterance 20030010_662, best cost 61.7838 + 2156.29 = 2218.07 over 575 frames.
20030010_662 تجوریاں اکھاڑ جیسے بسیار چشتی گیا 
LOG (lattice-best-path[5.5.907~1-cbed4]:main():lattice-best-path.cc:99) For utterance 20030010_663, best cost 74.318 + 2533.43 = 2607.74 over 656 frames.
20030010_663 کی اچانک ابڑو جعلسازی کلیجی تجویز ہو گئی 
LOG (lattice-best-path[5.5.907~1-cbed4]:main():lattice-best-path.cc:99) For utterance 20030010_664, best cost 74.7399 + 3011.24 = 3085.98 over 790 frames.
20030010_664 پراسیس امرتا نافذالعمل پیچیدگیوں کے کے ہو گیا 
LOG (lattice-best-path[5.5.907~1-cbed4]:main():lattice-best-path.cc:99) For utterance 20030010_665, best cost 58.1975 + 2114.04 = 2172.24 over 569 frames.
20030010_665 قیصر خسارے سے پیچیدہ ازسرنو 
LOG (lattice-best-path[5.5.907~1-cbed4]:main():lattice-best-path.cc:99) For utterance 20030010_666, best cost 55.9452 + 1926.23 = 1982.18 over 505 frames.
20030010_666 گذر صداقت اڑسٹھ غیرضروری ہے 
LOG (lattice-best-path[5.5.907~1-cbed4]:main():lattice-best-path.cc:99) For utterance 20030010_667, best cost 80.1868 + 2618.07 = 2698.26 over 731 frames.
20030010_667 کے کے باعث چیچن چلغوزے کی مجیب بوسن گئے 
LOG (lattice-best-path[5.5.907~1-cbed4]:main():lattice-best-path.cc:99) For utterance 20030010_668, best cost 69.2121 + 2746.78 = 2816 over 739 frames.
20030010_668 سرفہرست ایڈونچر پرچھائیاں کے سے جانبدار 
LOG (lattice-best-path[5.5.907~1-cbed4]:main():lattice-best-path.cc:99) For utterance 20030010_669, best cost 57.9566 + 2150.69 = 2208.64 over 557 frames.
20030010_669 کولیسٹرول میوزک کے لیے سٹوڈیوز کیا 
LOG (lattice-best-path[5.5.907~1-cbed4]:main():lattice-best-path.cc:99) For utterance 20030010_670, best cost 59.9898 + 2481.22 = 2541.21 over 653 frames.
20030010_670 گذشتہ سے شیل ضرورت کولیسٹرول 
LOG (lattice-best-path[5.5.907~1-cbed4]:main():lattice-best-path.cc:99) For utterance 20030010_671, best cost 101.086 + 2699.79 = 2800.88 over 712 frames.
20030010_671 پچھتر سوسائٹی بوریت اثرورسوخ فوریکس پنچولی میں گوشے جاؤ 
LOG (lattice-best-path[5.5.907~1-cbed4]:main():lattice-best-path.cc:99) For utterance 20030010_672, best cost 79.3269 + 2227.63 = 2306.96 over 626 frames.
20030010_672 کمیشن جنگوں فقدان بسر پاسداری جداگانہ ہے 
LOG (lattice-best-path[5.5.907~1-cbed4]:main():lattice-best-path.cc:99) For utterance 20030010_673, best cost 71.0463 + 2195.94 = 2266.99 over 621 frames.
20030010_673 پڑھائی شالا کروائیں جو سنگھاسن کیلئے پٹھان 
LOG (lattice-best-path[5.5.907~1-cbed4]:main():lattice-best-path.cc:99) For utterance 20030010_674, best cost 87.544 + 2797.48 = 2885.02 over 777 frames.
20030010_674 تشنج دارومدار پچھتر درآمدات کی حسینی کی کوشش کی 
LOG (lattice-best-path[5.5.907~1-cbed4]:main():lattice-best-path.cc:99) For utterance 20030010_675, best cost 79.4751 + 2512.63 = 2592.11 over 686 frames.
20030010_675 کا جیوری کیلئے بلاسوچے کرتا کوتاہی باولنگ 
LOG (lattice-best-path[5.5.907~1-cbed4]:main():lattice-best-path.cc:99) For utterance 20030010_676, best cost 75.4971 + 2185.63 = 2261.13 over 587 frames.
20030010_676 کی رہائشی سے چیلنجز عوام انجکشن برطرفی 
LOG (lattice-best-path[5.5.907~1-cbed4]:main():lattice-best-path.cc:99) For utterance 20030010_677, best cost 90.9512 + 2855.89 = 2946.84 over 788 frames.
20030010_677 انسانیت کی مصیبت بعدازاں موزونیت کوارڈینیٹر سے بدل گیا 
LOG (lattice-best-path[5.5.907~1-cbed4]:main():lattice-best-path.cc:99) For utterance 20030010_678, best cost 130.22 + 4193.48 = 4323.7 over 1203 frames.
20030010_678 سرفہرست اور کے کے پاس براؤزر صلاحیت غائب کچیلے جیسے مشعر کے چھ کریں 
LOG (lattice-best-path[5.5.907~1-cbed4]:main():lattice-best-path.cc:99) For utterance 20030010_679, best cost 52.7274 + 1509.98 = 1562.71 over 411 frames.
20030010_679 ہوشیاری تحصیلدار سکتی سوشل 
LOG (lattice-best-path[5.5.907~1-cbed4]:main():lattice-best-path.cc:99) For utterance 20030010_680, best cost 81.3532 + 2471.25 = 2552.61 over 662 frames.
20030010_680 جلدازجلد انکلوژر درخور تو پرفارمنس میں کیا جاتا ہے 
LOG (lattice-best-path[5.5.907~1-cbed4]:main():lattice-best-path.cc:99) For utterance 20030010_681, best cost 89.3779 + 2733.48 = 2822.86 over 755 frames.
20030010_681 تشنج ایشو کا تنزلی گوبر ترچھی فگار تصورات 
LOG (lattice-best-path[5.5.907~1-cbed4]:main():lattice-best-path.cc:99) For utterance 20030010_682, best cost 88.8581 + 2881.06 = 2969.92 over 794 frames.
20030010_682 دیباچہ کی متوجہ تناسب چادر باعث کے چنانچہ 
LOG (lattice-best-path[5.5.907~1-cbed4]:main():lattice-best-path.cc:99) For utterance 20030010_683, best cost 70.2385 + 2440.4 = 2510.64 over 669 frames.
20030010_683 کی سماجی چقندر ہومیوپیتھی سے کی زندگی 
LOG (lattice-best-path[5.5.907~1-cbed4]:main():lattice-best-path.cc:99) For utterance 20030010_684, best cost 65.0812 + 2352.92 = 2418 over 673 frames.
20030010_684 ملفوظات سے کے جوئیہ کی طرح پٹھان 
LOG (lattice-best-path[5.5.907~1-cbed4]:main():lattice-best-path.cc:99) For utterance 20030010_685, best cost 49.7797 + 1891.66 = 1941.44 over 522 frames.
20030010_685 دستاویزی رنجش استغاثہ دو 
LOG (lattice-best-path[5.5.907~1-cbed4]:main():lattice-best-path.cc:99) For utterance 20030010_686, best cost 87.067 + 2425.3 = 2512.37 over 671 frames.
20030010_686 سفیدے ضخیم کی کوشش سماوی مسز نشرواشاعت کوچوں 
LOG (lattice-best-path[5.5.907~1-cbed4]:main():lattice-best-path.cc:99) For utterance 20030010_687, best cost 117.045 + 3269.69 = 3386.73 over 885 frames.
20030010_687 ساغر سے برسوں صادق کوارڈینیٹر چار اٹھاسی کھا کر ترجمان افزودگی 
LOG (lattice-best-path[5.5.907~1-cbed4]:main():lattice-best-path.cc:99) For utterance 20030010_688, best cost 110.14 + 3848.86 = 3959 over 1064 frames.
20030010_688 تجرد چمچہ کنسورشیم اجاڑ اور چیخنے نرخنامے کے تعاقب آکسیجن 
LOG (lattice-best-path[5.5.907~1-cbed4]:main():lattice-best-path.cc:99) For utterance 20030010_689, best cost 84.1524 + 2331.67 = 2415.82 over 625 frames.
20030010_689 دوچند اجازت یزدانی اور پراسسنگ پسند جلدازجلد 
LOG (lattice-best-path[5.5.907~1-cbed4]:main():lattice-best-path.cc:99) For utterance 20030010_690, best cost 39.5092 + 1464.67 = 1504.18 over 384 frames.
20030010_690 جنریشن ترجمانی جاتا ہے 
LOG (lattice-best-path[5.5.907~1-cbed4]:main():lattice-best-path.cc:99) For utterance 20030010_691, best cost 91.3848 + 2589.37 = 2680.75 over 712 frames.
20030010_691 چڑچڑے کیا فاجر دنیاوی سے ڈزاسٹر بینات میں ٹھونس دیئے 
LOG (lattice-best-path[5.5.907~1-cbed4]:main():lattice-best-path.cc:99) For utterance 20030010_692, best cost 84.3714 + 2577.1 = 2661.47 over 703 frames.
20030010_692 تخلص تھانیدار ٹیڑھے سمجھانے اڑتالیس زندگی دہندگان 
LOG (lattice-best-path[5.5.907~1-cbed4]:main():lattice-best-path.cc:99) For utterance 20030010_693, best cost 59.1284 + 1781.42 = 1840.54 over 493 frames.
20030010_693 میراتھن جیسے دارومدار قدآدم دو 
LOG (lattice-best-path[5.5.907~1-cbed4]:main():lattice-best-path.cc:99) For utterance 20030010_694, best cost 89.9744 + 3111.36 = 3201.33 over 853 frames.
20030010_694 توجہ گزشتہ تساہل جیسی تعاقب جمگھٹا بنائیں 
LOG (lattice-best-path[5.5.907~1-cbed4]:main():lattice-best-path.cc:99) For utterance 20030010_695, best cost 71.4699 + 2143.67 = 2215.14 over 596 frames.
20030010_695 ہچکچاہٹ جانے پنجروں پر چیچک اخبارنویسوں 
LOG (lattice-best-path[5.5.907~1-cbed4]:main():lattice-best-path.cc:99) For utterance 20030010_696, best cost 80.0418 + 2142.42 = 2222.46 over 612 frames.
20030010_696 تشخص ایجنسیز سے فضول افزودگی استفہامیہ جاتا ہے 
LOG (lattice-best-path[5.5.907~1-cbed4]:main():lattice-best-path.cc:99) For utterance 20030010_697, best cost 49.8397 + 1641.41 = 1691.25 over 465 frames.
20030010_697 پراسسنگ جلدازجلد انتقال ہو گا 
LOG (lattice-best-path[5.5.907~1-cbed4]:main():lattice-best-path.cc:99) For utterance 20030010_698, best cost 67.3342 + 1648.86 = 1716.19 over 474 frames.
20030010_698 بعدازاں دبیز شگاف بھروسہ چیچن گا 
LOG (lattice-best-path[5.5.907~1-cbed4]:main():lattice-best-path.cc:99) For utterance 20030010_699, best cost 61.3164 + 2142.09 = 2203.4 over 587 frames.
20030010_699 تجویز افواج الیکڑانکس میں جستجو 
LOG (lattice-best-path[5.5.907~1-cbed4]:main():lattice-best-path.cc:99) For utterance 20030010_700, best cost 74.3771 + 2106.22 = 2180.59 over 561 frames.
20030010_700 کو ساتھیوں کی وزیرداخلہ جھڑک کر خصوصا کو 
LOG (lattice-best-path[5.5.907~1-cbed4]:main():lattice-best-path.cc:99) For utterance 20030010_701, best cost 81.5415 + 2874.61 = 2956.15 over 808 frames.
20030010_701 مظلام آباواجداد عزیز ہیڈکوارٹر بزرگ وزراء 
LOG (lattice-best-path[5.5.907~1-cbed4]:main():lattice-best-path.cc:99) For utterance 20030010_702, best cost 79.7071 + 2206.56 = 2286.26 over 608 frames.
20030010_702 قیصر پروگریسیو میں کرے تو شاخسانہ کے بشمول 
LOG (lattice-best-path[5.5.907~1-cbed4]:main():lattice-best-path.cc:99) For utterance 20030010_703, best cost 72.7482 + 2305.86 = 2378.61 over 647 frames.
20030010_703 پیدائش سے تربیتی چینی کے گردوغبار سکتا ہے 
LOG (lattice-best-path[5.5.907~1-cbed4]:main():lattice-best-path.cc:99) For utterance 20030010_704, best cost 94.0609 + 2741.63 = 2835.69 over 766 frames.
20030010_704 چارجز شدہ ایگلز سرنجیں کی انظباتی چراغاں پراسیس 
LOG (lattice-best-path[5.5.907~1-cbed4]:main():lattice-best-path.cc:99) For utterance 20030010_705, best cost 66.1279 + 2113.49 = 2179.62 over 578 frames.
20030010_705 برسراقتدار انٹرفیس تجارت کا خصوصا کریں 
LOG (lattice-best-path[5.5.907~1-cbed4]:main():lattice-best-path.cc:99) For utterance 20030010_706, best cost 58.9731 + 2276.07 = 2335.04 over 627 frames.
20030010_706 استعفے سے ساجد اقدامات مرچوں 
LOG (lattice-best-path[5.5.907~1-cbed4]:main():lattice-best-path.cc:99) For utterance 20030010_707, best cost 40.3226 + 1634.21 = 1674.54 over 449 frames.
20030010_707 اعظم بیداری روزنامہ کریں 
LOG (lattice-best-path[5.5.907~1-cbed4]:main():lattice-best-path.cc:99) For utterance 20030010_708, best cost 76.1374 + 1998.18 = 2074.31 over 548 frames.
20030010_708 چمچے نظر گرمجوشی پاسداری خاموش سمجھانے 
LOG (lattice-best-path[5.5.907~1-cbed4]:main():lattice-best-path.cc:99) For utterance 20030013_601, best cost 75.006 + 3006.46 = 3081.46 over 952 frames.
20030013_601 واقعتاً توصیف انفارمیشن کی پرائیویسی توجہ کریں 
LOG (lattice-best-path[5.5.907~1-cbed4]:main():lattice-best-path.cc:99) For utterance 20030013_602, best cost 114.322 + 3893.72 = 4008.05 over 1201 frames.
20030013_602 برفباری کے محور پر کے مرغابیوں خورشید پالیسیوں ٹریجڈی تذبذب ہے 
LOG (lattice-best-path[5.5.907~1-cbed4]:main():lattice-best-path.cc:99) For utterance 20030013_603, best cost 85.3933 + 2822.42 = 2907.81 over 875 frames.
20030013_603 چاچو کرنے کے بعد سرفراز دہلوی میں بےقصور تصور ہے 
LOG (lattice-best-path[5.5.907~1-cbed4]:main():lattice-best-path.cc:99) For utterance 20030013_604, best cost 88.1598 + 2904.98 = 2993.14 over 920 frames.
20030013_604 سوجھی میں جاگیرداروں کی کارکردگی کا سبجیکٹ مصنف ہوا 
LOG (lattice-best-path[5.5.907~1-cbed4]:main():lattice-best-path.cc:99) For utterance 20030013_605, best cost 65.1348 + 1920.45 = 1985.59 over 606 frames.
20030013_605 سوزش ورچوئل کے پیشنگوئی کی طرح کریں 
LOG (lattice-best-path[5.5.907~1-cbed4]:main():lattice-best-path.cc:99) For utterance 20030013_606, best cost 70.8027 + 2079.03 = 2149.83 over 638 frames.
20030013_606 کچوکے نامور سے زندگی تنفس بلبل 
LOG (lattice-best-path[5.5.907~1-cbed4]:main():lattice-best-path.cc:99) For utterance 20030013_607, best cost 55.2426 + 1426.2 = 1481.45 over 440 frames.
20030013_607 تسلسل ترجیحات زمین خاوند ہیں 
LOG (lattice-best-path[5.5.907~1-cbed4]:main():lattice-best-path.cc:99) For utterance 20030013_608, best cost 67.0586 + 2483.98 = 2551.04 over 798 frames.
20030013_608 پرتھوی اور قفس پردھان سکنجبین ہوئی 
LOG (lattice-best-path[5.5.907~1-cbed4]:main():lattice-best-path.cc:99) For utterance 20030013_609, best cost 63.9877 + 2130.79 = 2194.78 over 651 frames.
20030013_609 تصورات افسران اخبارنویسوں پروفیسر سے 
LOG (lattice-best-path[5.5.907~1-cbed4]:main():lattice-best-path.cc:99) For utterance 20030013_610, best cost 76.0518 + 2552.63 = 2628.69 over 792 frames.
20030013_610 پراسسنگ طاغوتی معاندانہ طرزفکر حریت کے ساتھ ہیں 
LOG (lattice-best-path[5.5.907~1-cbed4]:main():lattice-best-path.cc:99) For utterance 20030013_611, best cost 56.08 + 1866.25 = 1922.33 over 580 frames.
20030013_611 سرنجیں وافر ایڈورٹائزنگ کے ساتھ ہے 
LOG (lattice-best-path[5.5.907~1-cbed4]:main():lattice-best-path.cc:99) For utterance 20030013_612, best cost 74.1144 + 2599.35 = 2673.46 over 804 frames.
20030013_612 تبدیلی پروسیسنگ برابر سفر اخوندزادہ اور 
LOG (lattice-best-path[5.5.907~1-cbed4]:main():lattice-best-path.cc:99) For utterance 20030013_613, best cost 38.4445 + 1373.58 = 1412.03 over 414 frames.
20030013_613 خانقاہوں ازدواجی دیتا 
LOG (lattice-best-path[5.5.907~1-cbed4]:main():lattice-best-path.cc:99) For utterance 20030013_614, best cost 61.4599 + 1709.6 = 1771.06 over 523 frames.
20030013_614 طفیل فیشن ٹیلیویژن جنریشن کر دیا 
LOG (lattice-best-path[5.5.907~1-cbed4]:main():lattice-best-path.cc:99) For utterance 20030013_615, best cost 106.367 + 3382.05 = 3488.42 over 1105 frames.
20030013_615 کے ساتھ آشیانہ ڈیزاسٹر کو بلڈوزر کے میں جمخانہ دھیمی میں کرتا ہے 
LOG (lattice-best-path[5.5.907~1-cbed4]:main():lattice-best-path.cc:99) For utterance 20030013_616, best cost 103.003 + 3126.59 = 3229.59 over 977 frames.
20030013_616 تاجور اور میں جلوسوں واگذار سے چنگیزی اسمبلی ماہوار پیدا کیا 
LOG (lattice-best-path[5.5.907~1-cbed4]:main():lattice-best-path.cc:99) For utterance 20030013_617, best cost 68.2909 + 2018.1 = 2086.39 over 632 frames.
20030013_617 ہمسفر ازدواجی عہدیداروں منتخبات کے پاس پہنچا 
LOG (lattice-best-path[5.5.907~1-cbed4]:main():lattice-best-path.cc:99) For utterance 20030013_618, best cost 72.3854 + 2386.52 = 2458.9 over 734 frames.
20030013_618 تھانیدار صفحہ خوبصورت انسانیت ٹرانسپیرنسی ہے 
LOG (lattice-best-path[5.5.907~1-cbed4]:main():lattice-best-path.cc:99) For utterance 20030013_619, best cost 35.6574 + 1443.65 = 1479.31 over 440 frames.
20030013_619 فزیوتھراپسٹ واقفیت 
LOG (lattice-best-path[5.5.907~1-cbed4]:main():lattice-best-path.cc:99) For utterance 20030013_620, best cost 81.2438 + 2813.28 = 2894.52 over 900 frames.
20030013_620 جیون جلوسوں تبدیلیاں بیوپار گوشہ بلدیاتی 
LOG (lattice-best-path[5.5.907~1-cbed4]:main():lattice-best-path.cc:99) For utterance 20030013_621, best cost 80.7712 + 2480.39 = 2561.16 over 779 frames.
20030013_621 گوجر کے ساتھ مدرسوں سے چیمپئینز گیمز پچاسویں کی 
LOG (lattice-best-path[5.5.907~1-cbed4]:main():lattice-best-path.cc:99) For utterance 20030013_622, best cost 79.1428 + 2098.22 = 2177.36 over 657 frames.
20030013_622 کو چیئرمین فائربریگیڈ فکروعمل صورتحال میں سیونگ 
LOG (lattice-best-path[5.5.907~1-cbed4]:main():lattice-best-path.cc:99) For utterance 20030013_623, best cost 45.4765 + 1767.63 = 1813.1 over 574 frames.
20030013_623 پیداوار قصوروار سمجھا گیا 
LOG (lattice-best-path[5.5.907~1-cbed4]:main():lattice-best-path.cc:99) For utterance 20030013_624, best cost 80.3923 + 2732.75 = 2813.14 over 811 frames.
20030013_624 فلسفے سوئس حفاظ اوصاف بیوروکریسی وجوہات 
LOG (lattice-best-path[5.5.907~1-cbed4]:main():lattice-best-path.cc:99) For utterance 20030013_625, best cost 60.1877 + 2407.15 = 2467.34 over 696 frames.
20030013_625 آتشزدگی کی وجہ سے بھدی نفسیاتی ہو گیا 
LOG (lattice-best-path[5.5.907~1-cbed4]:main():lattice-best-path.cc:99) For utterance 20030013_626, best cost 42.6495 + 1401.34 = 1443.98 over 420 frames.
20030013_626 غیرضروری حاجی اندھادھند 
LOG (lattice-best-path[5.5.907~1-cbed4]:main():lattice-best-path.cc:99) For utterance 20030013_627, best cost 81.7012 + 2835.45 = 2917.15 over 926 frames.
20030013_627 فلالین تہوار کے قادیانی تیروں کے طوفان تھا 
LOG (lattice-best-path[5.5.907~1-cbed4]:main():lattice-best-path.cc:99) For utterance 20030013_628, best cost 76.6086 + 2129.78 = 2206.39 over 644 frames.
20030013_628 ترجیح میں پارلیمنٹرین انہونی پرچھائیاں غفور کی 
LOG (lattice-best-path[5.5.907~1-cbed4]:main():lattice-best-path.cc:99) For utterance 20030013_629, best cost 86.9419 + 2894.51 = 2981.45 over 894 frames.
20030013_629 جیوئش والوں کے تعاقب میں کی درستگی میں متحدہ کے ساتھ 
LOG (lattice-best-path[5.5.907~1-cbed4]:main():lattice-best-path.cc:99) For utterance 20030013_630, best cost 64.4182 + 2035.08 = 2099.5 over 606 frames.
20030013_630 کیا عزیزواقارب چارجز سے سے تعمیر 
LOG (lattice-best-path[5.5.907~1-cbed4]:main():lattice-best-path.cc:99) For utterance 20030013_631, best cost 72.0708 + 2828.53 = 2900.6 over 843 frames.
20030013_631 سے عزیزواقارب پیغمبر کے پروفیسر برسراقتدار 
LOG (lattice-best-path[5.5.907~1-cbed4]:main():lattice-best-path.cc:99) For utterance 20030013_632, best cost 108.84 + 3231.75 = 3340.59 over 1009 frames.
20030013_632 تفتیشی کرنے کا ہیروئین جنگجوؤں اخوندزادہ دلجوئی اور صاحب سمجھدار ہے 
LOG (lattice-best-path[5.5.907~1-cbed4]:main():lattice-best-path.cc:99) For utterance 20030013_633, best cost 85.7552 + 3045.3 = 3131.06 over 913 frames.
20030013_633 غیردانشمندانہ فلسطینی محافظوں کے پاس مسز چنیوٹی سے 
LOG (lattice-best-path[5.5.907~1-cbed4]:main():lattice-best-path.cc:99) For utterance 20030013_634, best cost 52.2407 + 1648.34 = 1700.58 over 497 frames.
20030013_634 خوارزمی نظرثانی کلومیٹر بنایا 
LOG (lattice-best-path[5.5.907~1-cbed4]:main():lattice-best-path.cc:99) For utterance 20030013_635, best cost 68.581 + 2420.51 = 2489.09 over 734 frames.
20030013_635 تاجور پوشیدہ اور غیردانشمندانہ مؤثر ثقافت 
LOG (lattice-best-path[5.5.907~1-cbed4]:main():lattice-best-path.cc:99) For utterance 20030013_636, best cost 73.1449 + 2143.51 = 2216.66 over 657 frames.
20030013_636 اور جھنجھوڑ کی پرچیاں میں سے نوجوان ڈاکوؤں 
LOG (lattice-best-path[5.5.907~1-cbed4]:main():lattice-best-path.cc:99) For utterance 20030013_637, best cost 84.8487 + 2221.28 = 2306.12 over 696 frames.
20030013_637 فیضان شاہنواز کر نیلم کی کی پھیرتے ممکن ہوئی 
LOG (lattice-best-path[5.5.907~1-cbed4]:main():lattice-best-path.cc:99) For utterance 20030013_638, best cost 75.2078 + 2422.78 = 2497.99 over 760 frames.
20030013_638 فارورڈ فلیچر میں میلسوی کو کے کے پاس ایجنسی 
LOG (lattice-best-path[5.5.907~1-cbed4]:main():lattice-best-path.cc:99) For utterance 20030013_639, best cost 92.8328 + 2773.92 = 2866.76 over 868 frames.
20030013_639 پھیرتے کلاشنکوفیں پھنسے عزیزواقارب طاغوتی مواصلات سے دوست ہیں 
LOG (lattice-best-path[5.5.907~1-cbed4]:main():lattice-best-path.cc:99) For utterance 20030013_640, best cost 73.7857 + 2583.35 = 2657.14 over 760 frames.
20030013_640 ساتھیوں گھنگریالے سیسمک عزیزواقارب چوبیس ہزار 
LOG (lattice-best-path[5.5.907~1-cbed4]:main():lattice-best-path.cc:99) For utterance 20030013_641, best cost 50.3264 + 1597.4 = 1647.73 over 465 frames.
20030013_641 اور ایلیمنٹری سوکھا دستاویزی ہے 
LOG (lattice-best-path[5.5.907~1-cbed4]:main():lattice-best-path.cc:99) For utterance 20030013_642, best cost 59.5572 + 1952.53 = 2012.08 over 574 frames.
20030013_642 سفیدے زیردست بوگس کی طاغوتی 
LOG (lattice-best-path[5.5.907~1-cbed4]:main():lattice-best-path.cc:99) For utterance 20030013_643, best cost 65.7082 + 2421.98 = 2487.69 over 734 frames.
20030013_643 فوجیں کریں اور پرتعیش اور حادثاتی کریں 
LOG (lattice-best-path[5.5.907~1-cbed4]:main():lattice-best-path.cc:99) For utterance 20030013_644, best cost 60.6861 + 2418.85 = 2479.54 over 683 frames.
20030013_644 تجزیے تصورات پتھالوجسٹ پرتھوی بطخوں ہے 
LOG (lattice-best-path[5.5.907~1-cbed4]:main():lattice-best-path.cc:99) For utterance 20030013_645, best cost 53.0234 + 1979.7 = 2032.72 over 580 frames.
20030013_645 زیرقیادت اثرورسوخ کرنے کے پاس ہے 
LOG (lattice-best-path[5.5.907~1-cbed4]:main():lattice-best-path.cc:99) For utterance 20030013_646, best cost 67.9673 + 1975.08 = 2043.04 over 587 frames.
20030013_646 سالہاسال جستجو نعمتوں کرنے کرنے گئی 
LOG (lattice-best-path[5.5.907~1-cbed4]:main():lattice-best-path.cc:99) For utterance 20030013_647, best cost 39.1512 + 1561.71 = 1600.86 over 452 frames.
20030013_647 سرفراز وجود سکتا ہے 
LOG (lattice-best-path[5.5.907~1-cbed4]:main():lattice-best-path.cc:99) For utterance 20030013_648, best cost 32.574 + 1516.31 = 1548.88 over 440 frames.
20030013_648 کیسز تجربات 
LOG (lattice-best-path[5.5.907~1-cbed4]:main():lattice-best-path.cc:99) For utterance 20030013_649, best cost 42.3046 + 2015.82 = 2058.12 over 600 frames.
20030013_649 پروفیسر پراسسنگ گیا ہے 
LOG (lattice-best-path[5.5.907~1-cbed4]:main():lattice-best-path.cc:99) For utterance 20030013_650, best cost 61.8761 + 2291.99 = 2353.86 over 670 frames.
20030013_650 استفادے کے سامنے ترقیات ٹرانسفر کیا 
LOG (lattice-best-path[5.5.907~1-cbed4]:main():lattice-best-path.cc:99) For utterance 20030013_651, best cost 57.8772 + 1806.01 = 1863.89 over 548 frames.
20030013_651 انفارمیشن کی کو دیکھا پروگریسیو کی کی 
LOG (lattice-best-path[5.5.907~1-cbed4]:main():lattice-best-path.cc:99) For utterance 20030013_652, best cost 70.7718 + 2419.97 = 2490.74 over 696 frames.
20030013_652 پرنسپل زیرغور کیلئے پروفیسر گلدستہ سے 
LOG (lattice-best-path[5.5.907~1-cbed4]:main():lattice-best-path.cc:99) For utterance 20030013_653, best cost 55.2937 + 2024.86 = 2080.15 over 600 frames.
20030013_653 پروسیسر کرنے کے سیون سکورز اور 
LOG (lattice-best-path[5.5.907~1-cbed4]:main():lattice-best-path.cc:99) For utterance 20030013_654, best cost 69.9005 + 2520.88 = 2590.78 over 734 frames.
20030013_654 پر کی وجہ سے سکواڈرن سے جوس انٹرفیس ہے 
LOG (lattice-best-path[5.5.907~1-cbed4]:main():lattice-best-path.cc:99) For utterance 20030013_655, best cost 55.4024 + 2033.85 = 2089.25 over 600 frames.
20030013_655 پروسیسنگ اور پر گزارنے پراسیس 
LOG (lattice-best-path[5.5.907~1-cbed4]:main():lattice-best-path.cc:99) For utterance 20030013_656, best cost 62.9311 + 2538.39 = 2601.32 over 734 frames.
20030013_656 پرچیز کیلئے طرزفکر زلزلے پرسش 
LOG (lattice-best-path[5.5.907~1-cbed4]:main():lattice-best-path.cc:99) For utterance 20030013_657, best cost 45.6249 + 1819.32 = 1864.94 over 542 frames.
20030013_657 تصورات زیرقیادت سمفنی 
LOG (lattice-best-path[5.5.907~1-cbed4]:main():lattice-best-path.cc:99) For utterance 20030013_658, best cost 50.212 + 1894.8 = 1945.01 over 561 frames.
20030013_658 پروفیسر جلوس کی تصورات 
LOG (lattice-best-path[5.5.907~1-cbed4]:main():lattice-best-path.cc:99) For utterance 20030013_659, best cost 71.4282 + 2130.57 = 2202 over 619 frames.
20030013_659 کے کی کو سیروسیاحت افسوس گرمجوشی دسویں 
LOG (lattice-best-path[5.5.907~1-cbed4]:main():lattice-best-path.cc:99) For utterance 20030013_660, best cost 33.1278 + 1318.44 = 1351.57 over 401 frames.
20030013_660 پروڈکٹیو کنفیوژن 
LOG (lattice-best-path[5.5.907~1-cbed4]:main():lattice-best-path.cc:99) For utterance 20030013_661, best cost 34.9502 + 1372.33 = 1407.28 over 427 frames.
20030013_661 اپنے برسراقتدار کریں 
LOG (lattice-best-path[5.5.907~1-cbed4]:main():lattice-best-path.cc:99) For utterance 20030013_662, best cost 49.3825 + 1746.41 = 1795.79 over 529 frames.
20030013_662 تجوریاں نے سیروسیاحت کی کیا گیا 
LOG (lattice-best-path[5.5.907~1-cbed4]:main():lattice-best-path.cc:99) For utterance 20030013_663, best cost 65.6563 + 2461.03 = 2526.69 over 753 frames.
20030013_663 ڈزاسٹر پروفیسر طیب کے کی دبیز ہو گئی 
LOG (lattice-best-path[5.5.907~1-cbed4]:main():lattice-best-path.cc:99) For utterance 20030013_664, best cost 65.4277 + 2315.81 = 2381.24 over 715 frames.
20030013_664 پراسیس کینیڈین کولیسٹرول اور کولیسٹرول ہے 
LOG (lattice-best-path[5.5.907~1-cbed4]:main():lattice-best-path.cc:99) For utterance 20030013_665, best cost 42.9465 + 1595.47 = 1638.42 over 484 frames.
20030013_665 فیضان ایجنسیز بفرزون 
LOG (lattice-best-path[5.5.907~1-cbed4]:main():lattice-best-path.cc:99) For utterance 20030013_666, best cost 52.0328 + 1777.08 = 1829.11 over 529 frames.
20030013_666 کر سیروسیاحت واقفیت غیرضروری ہے 
LOG (lattice-best-path[5.5.907~1-cbed4]:main():lattice-best-path.cc:99) For utterance 20030013_667, best cost 51.0267 + 1717.58 = 1768.6 over 504 frames.
20030013_667 کی جیسے دلسوزی موجزن ہوئی 
LOG (lattice-best-path[5.5.907~1-cbed4]:main():lattice-best-path.cc:99) For utterance 20030013_668, best cost 73.1696 + 2487.25 = 2560.42 over 747 frames.
20030013_668 ساڑھے چوبیس کے توجہ بظاہر کیسز ہو گئی 
LOG (lattice-best-path[5.5.907~1-cbed4]:main():lattice-best-path.cc:99) For utterance 20030013_669, best cost 61.7208 + 1913.59 = 1975.31 over 548 frames.
20030013_669 پروسیسنگ متنوع گذر کے سیروسیاحت 
LOG (lattice-best-path[5.5.907~1-cbed4]:main():lattice-best-path.cc:99) For utterance 20030013_670, best cost 53.9053 + 1854.33 = 1908.23 over 574 frames.
20030013_670 مضائقہ سے جیسے سرویئر کرو 
LOG (lattice-best-path[5.5.907~1-cbed4]:main():lattice-best-path.cc:99) For utterance 20030013_671, best cost 78.8253 + 2643.64 = 2722.46 over 772 frames.
20030013_671 پراسیس ازسرنو رقاصاؤں خسرو سوزوکی ہو کر دیا 
LOG (lattice-best-path[5.5.907~1-cbed4]:main():lattice-best-path.cc:99) For utterance 20030013_672, best cost 53.1675 + 2209.21 = 2262.38 over 632 frames.
20030013_672 انٹیلیجینس ہو سکتا برسراقتدار کیا 
LOG (lattice-best-path[5.5.907~1-cbed4]:main():lattice-best-path.cc:99) For utterance 20030013_673, best cost 57.9552 + 1864.72 = 1922.67 over 555 frames.
20030013_673 پڑھائی کے ساتھ چھیاسیویں سفیدے کرتا ہے 
LOG (lattice-best-path[5.5.907~1-cbed4]:main():lattice-best-path.cc:99) For utterance 20030013_674, best cost 77.7205 + 2752.05 = 2829.77 over 772 frames.
20030013_674 بھجوائیں پروجیکٹ برساتا کاروائیوں حسینی کی کوشش کریں 
LOG (lattice-best-path[5.5.907~1-cbed4]:main():lattice-best-path.cc:99) For utterance 20030013_675, best cost 56.0572 + 1749.05 = 1805.11 over 529 frames.
20030013_675 کا سے پروجیکٹ سوچوں کانفرنسوں ہیں 
LOG (lattice-best-path[5.5.907~1-cbed4]:main():lattice-best-path.cc:99) For utterance 20030013_676, best cost 54.0333 + 1971.84 = 2025.87 over 568 frames.
20030013_676 کی ایشز تصورات پتھالوجسٹ پر بات کی 
LOG (lattice-best-path[5.5.907~1-cbed4]:main():lattice-best-path.cc:99) For utterance 20030013_677, best cost 95.8471 + 2991.91 = 3087.76 over 926 frames.
20030013_677 انسان ایکویٹی کی وفاؤں سوئی دوبھر کانجی پرنسپل گیا 
LOG (lattice-best-path[5.5.907~1-cbed4]:main():lattice-best-path.cc:99) For utterance 20030013_678, best cost 100.662 + 3295.08 = 3395.74 over 971 frames.
20030013_678 سسٹم اور کے بغیر پائیدار سجاتے ٹریفک سمجھتے جید کریں 
LOG (lattice-best-path[5.5.907~1-cbed4]:main():lattice-best-path.cc:99) For utterance 20030013_679, best cost 53.1147 + 1503.26 = 1556.38 over 446 frames.
20030013_679 کوڑیاں تحصیلدار زیدی زچگی 
LOG (lattice-best-path[5.5.907~1-cbed4]:main():lattice-best-path.cc:99) For utterance 20030013_680, best cost 58.8796 + 2245.72 = 2304.6 over 683 frames.
20030013_680 تجرد توقعات آوازیں میں جا سکتا ہے 
LOG (lattice-best-path[5.5.907~1-cbed4]:main():lattice-best-path.cc:99) For utterance 20030013_681, best cost 77.7589 + 1927.64 = 2005.4 over 587 frames.
20030013_681 تنزلی جھونپڑی جعفری گوبر پیچیدہ بزرگ 
LOG (lattice-best-path[5.5.907~1-cbed4]:main():lattice-best-path.cc:99) For utterance 20030013_682, best cost 57.9335 + 2495.49 = 2553.42 over 753 frames.
20030013_682 دیباچے کبوتر غیرضروری ہے جو ہے 
LOG (lattice-best-path[5.5.907~1-cbed4]:main():lattice-best-path.cc:99) For utterance 20030013_683, best cost 82.3732 + 2221.39 = 2303.77 over 657 frames.
20030013_683 کے سوا تجربات کے ترمذی کرتی کی کے سے کریں 
LOG (lattice-best-path[5.5.907~1-cbed4]:main():lattice-best-path.cc:99) For utterance 20030013_684, best cost 49.8772 + 1932.58 = 1982.45 over 593 frames.
20030013_684 ملبوسات ایگزیکٹو کے بطخوں 
LOG (lattice-best-path[5.5.907~1-cbed4]:main():lattice-best-path.cc:99) For utterance 20030013_685, best cost 49.678 + 1490.29 = 1539.97 over 446 frames.
20030013_685 اپوزیشن جلدازجلد سپاسنامہ کو 
LOG (lattice-best-path[5.5.907~1-cbed4]:main():lattice-best-path.cc:99) For utterance 20030013_686, best cost 86.0182 + 2609.05 = 2695.06 over 772 frames.
20030013_686 کرنے کے سکتے اریگیشن سویاں ریلیکس گریجویشن پوچھیں 
LOG (lattice-best-path[5.5.907~1-cbed4]:main():lattice-best-path.cc:99) For utterance 20030013_687, best cost 73.7239 + 2433.12 = 2506.84 over 721 frames.
20030013_687 چلغوزے مجوزہ دیوی بالواسطہ بوجوہ کریں 
LOG (lattice-best-path[5.5.907~1-cbed4]:main():lattice-best-path.cc:99) For utterance 20030013_688, best cost 72.911 + 2763.67 = 2836.59 over 836 frames.
20030013_688 پر بیچارے طرزفکر کے سے بچاؤ کے پیروکاروں 
LOG (lattice-best-path[5.5.907~1-cbed4]:main():lattice-best-path.cc:99) For utterance 20030013_689, best cost 77.3773 + 2487.94 = 2565.32 over 753 frames.
20030013_689 وجود برسراقتدار کو اور پچاسویں سے پچھتر کریں 
LOG (lattice-best-path[5.5.907~1-cbed4]:main():lattice-best-path.cc:99) For utterance 20030013_690, best cost 40.2084 + 1392.12 = 1432.33 over 414 frames.
20030013_690 پروگریسیو گرج سنیں گیا 
LOG (lattice-best-path[5.5.907~1-cbed4]:main():lattice-best-path.cc:99) For utterance 20030013_691, best cost 64.2841 + 1904.61 = 1968.9 over 606 frames.
20030013_691 کے زیرقیادت زیرانتظام دبائے مرغوب 
LOG (lattice-best-path[5.5.907~1-cbed4]:main():lattice-best-path.cc:99) For utterance 20030013_692, best cost 73.0073 + 2369.24 = 2442.24 over 721 frames.
20030013_692 ملفوظات میں کا کے سیروسیاحت آرٹلری کے لیے کریں 
LOG (lattice-best-path[5.5.907~1-cbed4]:main():lattice-best-path.cc:99) For utterance 20030013_693, best cost 50.6628 + 1610.1 = 1660.76 over 491 frames.
20030013_693 پھیرتے زیرقیادت دارلخلافہ کو 
LOG (lattice-best-path[5.5.907~1-cbed4]:main():lattice-best-path.cc:99) For utterance 20030013_694, best cost 68.8926 + 2133.93 = 2202.82 over 664 frames.
20030013_694 توجہ بادشاہ تساہل سے وظیفہ ہو جاتا ہے 
LOG (lattice-best-path[5.5.907~1-cbed4]:main():lattice-best-path.cc:99) For utterance 20030013_695, best cost 56.2329 + 1812.06 = 1868.29 over 568 frames.
20030013_695 کھلیں پسماندہ روغن جداگانہ 
LOG (lattice-best-path[5.5.907~1-cbed4]:main():lattice-best-path.cc:99) For utterance 20030013_696, best cost 66.3137 + 1883.86 = 1950.17 over 593 frames.
20030013_696 کے ساتھ پاسداری کوسموس مہربانیوں کتابچے ہیں 
LOG (lattice-best-path[5.5.907~1-cbed4]:main():lattice-best-path.cc:99) For utterance 20030013_697, best cost 50.6409 + 1604.54 = 1655.19 over 497 frames.
20030013_697 تو فرانسیسی کینیڈین وباؤں 
LOG (lattice-best-path[5.5.907~1-cbed4]:main():lattice-best-path.cc:99) For utterance 20030013_698, best cost 46.1874 + 2225.27 = 2271.45 over 721 frames.
20030013_698 اخبارنویسوں کا باعث والدین 
LOG (lattice-best-path[5.5.907~1-cbed4]:main():lattice-best-path.cc:99) For utterance 20030013_699, best cost 67.31 + 1980.05 = 2047.36 over 625 frames.
20030013_699 تجزیوں مفاد جیون غیردانشمندانہ سوچوں 
LOG (lattice-best-path[5.5.907~1-cbed4]:main():lattice-best-path.cc:99) For utterance 20030013_700, best cost 72.3313 + 1923.39 = 1995.72 over 587 frames.
20030013_700 گھس افزودگی میں تغافل جوڈیشل کمزور ہیں 
LOG (lattice-best-path[5.5.907~1-cbed4]:main():lattice-best-path.cc:99) For utterance 20030013_701, best cost 73.8021 + 2326.05 = 2399.85 over 728 frames.
20030013_701 مسلمان پرسکون اناسیواں تمسخر کو پسماندہ 
LOG (lattice-best-path[5.5.907~1-cbed4]:main():lattice-best-path.cc:99) For utterance 20030013_702, best cost 79.8129 + 2153.82 = 2233.63 over 683 frames.
20030013_702 کیفے اصلاحات کی دھوپ میں ہے پنجگانہ دیباچہ 
LOG (lattice-best-path[5.5.907~1-cbed4]:main():lattice-best-path.cc:99) For utterance 20030013_703, best cost 55.8612 + 1565.94 = 1621.8 over 465 frames.
20030013_703 ٹرانزسٹر جھینگے کی خدانخواستہ کرتا ہے 
LOG (lattice-best-path[5.5.907~1-cbed4]:main():lattice-best-path.cc:99) For utterance 20030013_704, best cost 74.5132 + 2134.13 = 2208.64 over 676 frames.
20030013_704 چغتائی سے متنازعہ رنجیدہ دلبرداشتہ پراسیس ہے 
LOG (lattice-best-path[5.5.907~1-cbed4]:main():lattice-best-path.cc:99) For utterance 20030013_705, best cost 49.5365 + 1595.74 = 1645.27 over 491 frames.
20030013_705 پراچہ بنا دیا ٹرانزسٹر گئی 
LOG (lattice-best-path[5.5.907~1-cbed4]:main():lattice-best-path.cc:99) For utterance 20030013_706, best cost 45.5835 + 1216.57 = 1262.15 over 363 frames.
20030013_706 مصحفی نفسیاتی پہنچاؤں ہیں 
LOG (lattice-best-path[5.5.907~1-cbed4]:main():lattice-best-path.cc:99) For utterance 20030013_707, best cost 40.609 + 1461.05 = 1501.66 over 452 frames.
20030013_707 تاثرات اطالوی مہمانان ہیں 
LOG (lattice-scale[5.5.907~1-cbed4]:main():lattice-scale.cc:107) Done 432 lattices.
LOG (lattice-add-penalty[5.5.907~1-cbed4]:main():lattice-add-penalty.cc:62) Done adding word insertion penalty to 432 lattices.
LOG (lattice-best-path[5.5.907~1-cbed4]:main():lattice-best-path.cc:99) For utterance 20030013_708, best cost 56.0712 + 2001.59 = 2057.67 over 606 frames.
20030013_708 مصنف چیلنجز بازیچہ مسلمان 
LOG (lattice-best-path[5.5.907~1-cbed4]:main():lattice-best-path.cc:124) Overall cost per frame is 3.47919 = 0.100169 [graph] + 3.37902 [acoustic] over 354849 frames.
LOG (lattice-best-path[5.5.907~1-cbed4]:main():lattice-best-path.cc:128) Done 432 lattices, failed for 0
# Accounting: time=63 threads=1
# Ended (code 0) at Thu Apr 22 09:55:44 PKT 2021, elapsed time 63 seconds
