# lattice-scale --inv-acoustic-scale=15 "ark:gunzip -c exp/tri2/decode/lat.*.gz|" ark:- | lattice-add-penalty --word-ins-penalty=0.0 ark:- ark:- | lattice-best-path --word-symbol-table=exp/tri2/graph/words.txt ark:- ark,t:- | utils/int2sym.pl -f 2- exp/tri2/graph/words.txt | cat > exp/tri2/decode/scoring_kaldi/penalty_0.0/15.txt 
# Started at Thu Apr 22 09:54:40 PKT 2021
#
lattice-add-penalty --word-ins-penalty=0.0 ark:- ark:- 
lattice-best-path --word-symbol-table=exp/tri2/graph/words.txt ark:- ark,t:- 
lattice-scale --inv-acoustic-scale=15 'ark:gunzip -c exp/tri2/decode/lat.*.gz|' ark:- 
LOG (lattice-best-path[5.5.907~1-cbed4]:main():lattice-best-path.cc:99) For utterance 20030004_601, best cost 84.8978 + 2968.61 = 3053.51 over 804 frames.
20030004_601 لیاقت رنجیدہ کی شنید ریلیف کے لیے بیوروکریسی ہیں 
LOG (lattice-best-path[5.5.907~1-cbed4]:main():lattice-best-path.cc:99) For utterance 20030004_602, best cost 103.601 + 3784.24 = 3887.84 over 1000 frames.
20030004_602 بروکلی لائبریری کیلئے بائیولوجیکل چاہتے بروکلی جوڈیشل پچاسویں 
LOG (lattice-best-path[5.5.907~1-cbed4]:main():lattice-best-path.cc:99) For utterance 20030004_603, best cost 79.2493 + 2872.31 = 2951.56 over 782 frames.
20030004_603 شمشاد گردیزی برسراقتدار کارکردگی وزیرخارجہ کر دیا 
LOG (lattice-best-path[5.5.907~1-cbed4]:main():lattice-best-path.cc:99) For utterance 20030004_604, best cost 63.8873 + 2323.62 = 2387.51 over 638 frames.
20030004_604 جیلانی دراوڑی اور سوچا کے سے دیکھیں 
LOG (lattice-best-path[5.5.907~1-cbed4]:main():lattice-best-path.cc:99) For utterance 20030004_605, best cost 56.9034 + 1863.28 = 1920.18 over 506 frames.
20030004_605 سوزش اوورلوڈنگ پیشنگوئی کی کرتا ہے 
LOG (lattice-best-path[5.5.907~1-cbed4]:main():lattice-best-path.cc:99) For utterance 20030004_606, best cost 77.6656 + 2049.68 = 2127.34 over 554 frames.
20030004_606 کے لیے داخلوں مگسی قبیلے چلغوزے بڑی گزیر تھا 
LOG (lattice-best-path[5.5.907~1-cbed4]:main():lattice-best-path.cc:99) For utterance 20030004_607, best cost 49.2925 + 1571.05 = 1620.34 over 428 frames.
20030004_607 تحصیلدار کی لبالب روئیداد درج ہے 
LOG (lattice-best-path[5.5.907~1-cbed4]:main():lattice-best-path.cc:99) For utterance 20030004_608, best cost 56.598 + 2151.24 = 2207.84 over 578 frames.
20030004_608 پر کیلئے مسترد جانے جوگی 
LOG (lattice-best-path[5.5.907~1-cbed4]:main():lattice-best-path.cc:99) For utterance 20030004_609, best cost 102.306 + 2772.27 = 2874.57 over 746 frames.
20030004_609 کے شمولیت لالچی رسولی کلیئر کی جوگی سوغات صیاد کیا 
LOG (lattice-best-path[5.5.907~1-cbed4]:main():lattice-best-path.cc:99) For utterance 20030004_610, best cost 76.7204 + 2639.12 = 2715.84 over 740 frames.
20030004_610 پراسیس شیرخوار کے لیے بلگرامی چلچلاتی کے ساتھ ہیں 
LOG (lattice-best-path[5.5.907~1-cbed4]:main():lattice-best-path.cc:99) For utterance 20030004_611, best cost 62.9766 + 2513.45 = 2576.43 over 699 frames.
20030004_611 سے افسوس دریچے کے دوران کی وجہ سے 
LOG (lattice-best-path[5.5.907~1-cbed4]:main():lattice-best-path.cc:99) For utterance 20030004_612, best cost 92.9373 + 2682.28 = 2775.22 over 740 frames.
20030004_612 تبدیلی ورزش سے ڈالنے چڑھاؤ شروع توقع کے چراغاں ہیں 
LOG (lattice-best-path[5.5.907~1-cbed4]:main():lattice-best-path.cc:99) For utterance 20030004_613, best cost 63.7645 + 1918.02 = 1981.78 over 534 frames.
20030004_613 قیامت فولاد کو ذوالجلال تشبیہ کیا 
LOG (lattice-best-path[5.5.907~1-cbed4]:main():lattice-best-path.cc:99) For utterance 20030004_614, best cost 76.4863 + 2026.8 = 2103.29 over 547 frames.
20030004_614 بندوق فیشن کے کا کے ساتھ سوجن بزرگوار کیا 
LOG (lattice-best-path[5.5.907~1-cbed4]:main():lattice-best-path.cc:99) For utterance 20030004_615, best cost 120.719 + 3433.53 = 3554.25 over 941 frames.
20030004_615 کر آتشزدگی بیجوں مسز روزبروز کرتے ہوئے جوبلی حالانکہ دلجوئی کوآرڈینیٹر 
LOG (lattice-best-path[5.5.907~1-cbed4]:main():lattice-best-path.cc:99) For utterance 20030004_616, best cost 114.061 + 3228.36 = 3342.42 over 890 frames.
20030004_616 ترجمان اور میڈیسن اور خریدوفروخت ڈزاسٹر تحصیلدار تصدق گرانقدر ترجیح 
LOG (lattice-best-path[5.5.907~1-cbed4]:main():lattice-best-path.cc:99) For utterance 20030004_617, best cost 68.1511 + 2034.54 = 2102.69 over 569 frames.
20030004_617 امیگریشن دلجوئی ایلوویرا دیکھئے تحصیلدار 
LOG (lattice-best-path[5.5.907~1-cbed4]:main():lattice-best-path.cc:99) For utterance 20030004_618, best cost 96.1285 + 2846.79 = 2942.92 over 792 frames.
20030004_618 خانگی کرکے سے روشناس موجودہ اقتصادی بلدیاتی چلچلاتی ہیں 
LOG (lattice-best-path[5.5.907~1-cbed4]:main():lattice-best-path.cc:99) For utterance 20030004_619, best cost 56.1622 + 1873.28 = 1929.44 over 524 frames.
20030004_619 تیزی کے شیعہ حمایت دلجوئی کریں 
LOG (lattice-best-path[5.5.907~1-cbed4]:main():lattice-best-path.cc:99) For utterance 20030004_620, best cost 91.0577 + 2521.47 = 2612.53 over 688 frames.
20030004_620 جیلانی کریں اور مصروفیات اور کے منور کوشاں کی کیا ہیں 
LOG (lattice-best-path[5.5.907~1-cbed4]:main():lattice-best-path.cc:99) For utterance 20030004_621, best cost 98.0038 + 2848.47 = 2946.48 over 757 frames.
20030004_621 مجوزہ سوئٹرز کے بغیر کی زیور سوچا کی آواز کی کے تھیں 
LOG (lattice-best-path[5.5.907~1-cbed4]:main():lattice-best-path.cc:99) For utterance 20030004_622, best cost 61.7059 + 2334.65 = 2396.35 over 634 frames.
20030004_622 کو چیتھڑے میں موردالزام کے گلریز ہے 
LOG (lattice-best-path[5.5.907~1-cbed4]:main():lattice-best-path.cc:99) For utterance 20030004_623, best cost 48.7297 + 1825.62 = 1874.35 over 510 frames.
20030004_623 پیروکار سازوسامان تماشائیوں کیا 
LOG (lattice-best-path[5.5.907~1-cbed4]:main():lattice-best-path.cc:99) For utterance 20030004_624, best cost 92.0289 + 2869.02 = 2961.04 over 768 frames.
20030004_624 تسلسل ایجنسی غوروخوض اور اثرورسوخ سے بچنے کے لیے مارشل تھا 
LOG (lattice-best-path[5.5.907~1-cbed4]:main():lattice-best-path.cc:99) For utterance 20030004_625, best cost 70.8358 + 2520.05 = 2590.88 over 717 frames.
20030004_625 لیجنڈری استفادے کیلئے پریذیڈنٹ کے واقعے ہو گیا 
LOG (lattice-best-path[5.5.907~1-cbed4]:main():lattice-best-path.cc:99) For utterance 20030004_626, best cost 61.1057 + 1663.43 = 1724.54 over 463 frames.
20030004_626 ریمبو جیومیٹری کیا دودھیل بازیچہ 
LOG (lattice-best-path[5.5.907~1-cbed4]:main():lattice-best-path.cc:99) For utterance 20030004_627, best cost 65.9625 + 2235.82 = 2301.78 over 610 frames.
20030004_627 ٹرانسپیرنسی انوکھے آمیزش پروفائل کا کیا 
LOG (lattice-best-path[5.5.907~1-cbed4]:main():lattice-best-path.cc:99) For utterance 20030004_628, best cost 69.4537 + 2531.43 = 2600.88 over 710 frames.
20030004_628 کرتی کرنے والے کیلئے ریلیف پرچیاں ہو گئی 
LOG (lattice-best-path[5.5.907~1-cbed4]:main():lattice-best-path.cc:99) For utterance 20030004_629, best cost 75.8214 + 2712.54 = 2788.36 over 773 frames.
20030004_629 شیرے دشوار فراخدلی کے حضور پرائیوٹائزیشن 
LOG (lattice-best-path[5.5.907~1-cbed4]:main():lattice-best-path.cc:99) For utterance 20030004_630, best cost 68.8682 + 2356.07 = 2424.94 over 661 frames.
20030004_630 گورے ملیشیا رابطے چرانے تسلسل کر دیا 
LOG (lattice-best-path[5.5.907~1-cbed4]:main():lattice-best-path.cc:99) For utterance 20030004_631, best cost 108.312 + 3102.83 = 3211.14 over 905 frames.
20030004_631 سیل سیکھو ایمبولینس نیلوفر کی ٹریژری کے توصیف سے مچانے کریں 
LOG (lattice-best-path[5.5.907~1-cbed4]:main():lattice-best-path.cc:99) For utterance 20030004_632, best cost 92.5421 + 3059.19 = 3151.73 over 874 frames.
20030004_632 وزیرداخلہ کے لیے کی وجود کوڑیاں مجموعہ کروموسوم کی سویٹر 
LOG (lattice-best-path[5.5.907~1-cbed4]:main():lattice-best-path.cc:99) For utterance 20030004_633, best cost 86.2219 + 2957.87 = 3044.09 over 822 frames.
20030004_633 بلگرامی کرنے کے لیے کے اور فیصد کی توسیع سے کی سے 
LOG (lattice-best-path[5.5.907~1-cbed4]:main():lattice-best-path.cc:99) For utterance 20030004_634, best cost 71.0877 + 2360.44 = 2431.53 over 680 frames.
20030004_634 فلیش کنسورشیم کے ساتھ کی بودلہ کے بدلے کرتے ہیں 
LOG (lattice-best-path[5.5.907~1-cbed4]:main():lattice-best-path.cc:99) For utterance 20030004_635, best cost 73.272 + 2417.15 = 2490.43 over 684 frames.
20030004_635 خاصے فوجی گراموفون میموریل اپنے عزیزواقارب 
LOG (lattice-best-path[5.5.907~1-cbed4]:main():lattice-best-path.cc:99) For utterance 20030004_636, best cost 73.2408 + 2343.84 = 2417.08 over 677 frames.
20030004_636 پروفیشنل ایجوکیشن مریضوں جاتا کو مغفور 
LOG (lattice-best-path[5.5.907~1-cbed4]:main():lattice-best-path.cc:99) For utterance 20030004_637, best cost 68.3334 + 2249.21 = 2317.54 over 652 frames.
20030004_637 بغدادی سماوی بدچلنی ناامیدی اسمبلی 
LOG (lattice-best-path[5.5.907~1-cbed4]:main():lattice-best-path.cc:99) For utterance 20030004_638, best cost 83.3219 + 2619.8 = 2703.12 over 709 frames.
20030004_638 کچوکے کی شیروانی پرسوز اور سیکورٹی پر آکسیجن 
LOG (lattice-best-path[5.5.907~1-cbed4]:main():lattice-best-path.cc:99) For utterance 20030004_639, best cost 93.3941 + 2737.67 = 2831.06 over 768 frames.
20030004_639 کارکردگی کرکے سے تھیسس کی طاغوتی گلدستہ سے کو سکتیں 
LOG (lattice-best-path[5.5.907~1-cbed4]:main():lattice-best-path.cc:99) For utterance 20030004_640, best cost 97.3851 + 2746.6 = 2843.98 over 768 frames.
20030004_640 چوتھی یونیورسٹی یادیں سیسے اور سے شواہد دلجوئی ہو سکتا ہے 
LOG (lattice-best-path[5.5.907~1-cbed4]:main():lattice-best-path.cc:99) For utterance 20030004_641, best cost 59.1041 + 2093.3 = 2152.4 over 601 frames.
20030004_641 اور کارپوریشن فوقیت وزیرداخلہ سے کی 
LOG (lattice-best-path[5.5.907~1-cbed4]:main():lattice-best-path.cc:99) For utterance 20030004_642, best cost 76.0656 + 2051.12 = 2127.19 over 588 frames.
20030004_642 قدروقیمت کی ایجنسیز کے گردش سے خصوصی اور کی 
LOG (lattice-best-path[5.5.907~1-cbed4]:main():lattice-best-path.cc:99) For utterance 20030004_643, best cost 70.5357 + 2232.48 = 2303.02 over 626 frames.
20030004_643 تاثرات کوریوگرافر ہذیانی اور بویا زندگی کریں 
LOG (lattice-best-path[5.5.907~1-cbed4]:main():lattice-best-path.cc:99) For utterance 20030004_644, best cost 91.6075 + 2694.83 = 2786.43 over 753 frames.
20030004_644 پچیں اگرچہ ڈوریں وزراء باورچی تحصیلدار سے لگا ہے 
LOG (lattice-best-path[5.5.907~1-cbed4]:main():lattice-best-path.cc:99) For utterance 20030004_645, best cost 71.7568 + 2475.95 = 2547.71 over 687 frames.
20030004_645 گردیزی نوزل تذبذب مستغنی کاشمیری ہیں 
LOG (lattice-best-path[5.5.907~1-cbed4]:main():lattice-best-path.cc:99) For utterance 20030004_646, best cost 89.0793 + 2366.58 = 2455.66 over 664 frames.
20030004_646 صوفیہ خودسوزی اور کرنے کے بعد کیا اور نگرانی بڑھائے والی ہیں 
LOG (lattice-best-path[5.5.907~1-cbed4]:main():lattice-best-path.cc:99) For utterance 20030004_647, best cost 55.1205 + 1566.71 = 1621.83 over 439 frames.
20030004_647 قونصلیٹ ٹرانزیکشن جو گردوغبار ہیں 
LOG (lattice-best-path[5.5.907~1-cbed4]:main():lattice-best-path.cc:99) For utterance 20030004_648, best cost 58.6061 + 1878.18 = 1936.78 over 531 frames.
20030004_648 نے بقیہ اشخاص تناول کے لیے رہا تھا 
LOG (lattice-best-path[5.5.907~1-cbed4]:main():lattice-best-path.cc:99) For utterance 20030004_649, best cost 66.4445 + 2054.86 = 2121.3 over 582 frames.
20030004_649 کو اور نے سلفیٹ کے بعد کو آمدنی کریں 
LOG (lattice-best-path[5.5.907~1-cbed4]:main():lattice-best-path.cc:99) For utterance 20030004_650, best cost 93.2935 + 2475.35 = 2568.64 over 690 frames.
20030004_650 درجے پالیسی لکھو زمین کی لاہوریات کے باعث انستھیزیا ہیں 
LOG (lattice-best-path[5.5.907~1-cbed4]:main():lattice-best-path.cc:99) For utterance 20030004_651, best cost 85.4681 + 2346.78 = 2432.25 over 679 frames.
20030004_651 اور رپورٹ بیچوں سیکورٹی کاندھلوی سے گیسو کی تھیں 
LOG (lattice-best-path[5.5.907~1-cbed4]:main():lattice-best-path.cc:99) For utterance 20030004_652, best cost 101.503 + 2767.69 = 2869.19 over 801 frames.
20030004_652 پرویا کیجیے کا میں اور کی اور کیولری کمیونٹی صورت اونچی 
LOG (lattice-best-path[5.5.907~1-cbed4]:main():lattice-best-path.cc:99) For utterance 20030004_653, best cost 73.946 + 2462.5 = 2536.44 over 694 frames.
20030004_653 کیلئے گردیزی سینٹر سے کیجیے کر روزوں 
LOG (lattice-best-path[5.5.907~1-cbed4]:main():lattice-best-path.cc:99) For utterance 20030004_654, best cost 80.3103 + 2504.87 = 2585.18 over 694 frames.
20030004_654 کیا نے شخصیت جوئیں کولیسٹرول سے لیبارٹری جائے گی 
LOG (lattice-best-path[5.5.907~1-cbed4]:main():lattice-best-path.cc:99) For utterance 20030004_655, best cost 75.9052 + 1712.54 = 1788.45 over 493 frames.
20030004_655 کیا مشیت چلیں موزونیت بدچلنی کریش ہیں 
LOG (lattice-best-path[5.5.907~1-cbed4]:main():lattice-best-path.cc:99) For utterance 20030004_656, best cost 72.5345 + 2606.83 = 2679.37 over 744 frames.
20030004_656 بیساکھی پروگریسیو بیگج حوصلہ چرانے سے 
LOG (lattice-best-path[5.5.907~1-cbed4]:main():lattice-best-path.cc:99) For utterance 20030004_657, best cost 49.4427 + 1913.81 = 1963.25 over 545 frames.
20030004_657 کا طرزفکر لادینیت سمفنی 
LOG (lattice-best-path[5.5.907~1-cbed4]:main():lattice-best-path.cc:99) For utterance 20030004_658, best cost 54.8391 + 1864.76 = 1919.59 over 505 frames.
20030004_658 غیرقانونی لاہوری دیسی باآسانی 
LOG (lattice-best-path[5.5.907~1-cbed4]:main():lattice-best-path.cc:99) For utterance 20030004_659, best cost 88.6769 + 2856.17 = 2944.85 over 796 frames.
20030004_659 کر کے سلجھائیں اور ڈیویلپر کو زیورات بویا حسیں 
LOG (lattice-best-path[5.5.907~1-cbed4]:main():lattice-best-path.cc:99) For utterance 20030004_660, best cost 46.7292 + 1492.77 = 1539.5 over 406 frames.
20030004_660 سویرا کے معاوضہ میرزا 
LOG (lattice-best-path[5.5.907~1-cbed4]:main():lattice-best-path.cc:99) For utterance 20030004_661, best cost 52.1197 + 1834.46 = 1886.58 over 513 frames.
20030004_661 قضہ فیڈریشنز دارومدار باخبر ہیں 
LOG (lattice-best-path[5.5.907~1-cbed4]:main():lattice-best-path.cc:99) For utterance 20030004_662, best cost 53.4848 + 2009.99 = 2063.48 over 549 frames.
20030004_662 تجوریاں سیاسی سیاسی کشمیری 
LOG (lattice-best-path[5.5.907~1-cbed4]:main():lattice-best-path.cc:99) For utterance 20030004_663, best cost 77.925 + 2364.96 = 2442.88 over 658 frames.
20030004_663 کی منیجر ازسرنو کیا ساتھیو کی دبیز ہوئیں 
LOG (lattice-best-path[5.5.907~1-cbed4]:main():lattice-best-path.cc:99) For utterance 20030004_664, best cost 76.4711 + 2708.52 = 2784.99 over 744 frames.
20030004_664 پراسیس میڈیا گھوڑے غزوہ کلیجی کرتے ہوئے 
LOG (lattice-best-path[5.5.907~1-cbed4]:main():lattice-best-path.cc:99) For utterance 20030004_665, best cost 57.8184 + 2119.65 = 2177.47 over 587 frames.
20030004_665 قیصر ساتویں سنچری کو کچوکے ہوا 
LOG (lattice-best-path[5.5.907~1-cbed4]:main():lattice-best-path.cc:99) For utterance 20030004_666, best cost 54.5953 + 1775.85 = 1830.45 over 480 frames.
20030004_666 مزین بچیاں بعدازاں غیرضروری ہے 
LOG (lattice-best-path[5.5.907~1-cbed4]:main():lattice-best-path.cc:99) For utterance 20030004_667, best cost 54.8863 + 1983.22 = 2038.11 over 558 frames.
20030004_667 کے لیے آکسیجن کے روسی انٹیلیجینس میں 
LOG (lattice-best-path[5.5.907~1-cbed4]:main():lattice-best-path.cc:99) For utterance 20030004_668, best cost 81.4367 + 2724.26 = 2805.69 over 777 frames.
20030004_668 سٹوڈیوز میں کے کے لیے ہومیوپیتھک پرچھائیاں کے سے جانے کیا 
LOG (lattice-best-path[5.5.907~1-cbed4]:main():lattice-best-path.cc:99) For utterance 20030004_669, best cost 55.8458 + 1896.34 = 1952.18 over 543 frames.
20030004_669 اور ازسرنو ترویج سے سے مضروب کیا 
LOG (lattice-best-path[5.5.907~1-cbed4]:main():lattice-best-path.cc:99) For utterance 20030004_670, best cost 61.9432 + 1803.86 = 1865.81 over 512 frames.
20030004_670 پڑوسی کارپوریشن میں کے تصورات اور کریں 
LOG (lattice-best-path[5.5.907~1-cbed4]:main():lattice-best-path.cc:99) For utterance 20030004_671, best cost 101.492 + 3068.58 = 3170.07 over 872 frames.
20030004_671 قریشی سے پہلے سوسائٹی ملوث اور سعودی سوزوکی بلوچی جاؤ 
LOG (lattice-best-path[5.5.907~1-cbed4]:main():lattice-best-path.cc:99) For utterance 20030004_672, best cost 68.5653 + 2349.19 = 2417.75 over 652 frames.
20030004_672 کے لیے ایشوز الیکڑانکس سرونٹ وزیرداخلہ ہیں 
LOG (lattice-best-path[5.5.907~1-cbed4]:main():lattice-best-path.cc:99) For utterance 20030004_673, best cost 59.3661 + 1876.53 = 1935.9 over 536 frames.
20030004_673 باغیچہ متنوع چوزے نظریے کریں 
LOG (lattice-best-path[5.5.907~1-cbed4]:main():lattice-best-path.cc:99) For utterance 20030004_674, best cost 72.3116 + 2408.64 = 2480.95 over 656 frames.
20030004_674 مصوروں میں فرخندہ محترمہ میں پھنسے کی کوشش کریں 
LOG (lattice-best-path[5.5.907~1-cbed4]:main():lattice-best-path.cc:99) For utterance 20030004_675, best cost 48.6939 + 1767.7 = 1816.39 over 501 frames.
20030004_675 فائربریگیڈ سوچیے تعاقب اور 
LOG (lattice-best-path[5.5.907~1-cbed4]:main():lattice-best-path.cc:99) For utterance 20030004_676, best cost 72.6962 + 2334.98 = 2407.68 over 617 frames.
20030004_676 دیباچے سے سکتی چلغوزے سرفہرست چلچلاتی 
LOG (lattice-best-path[5.5.907~1-cbed4]:main():lattice-best-path.cc:99) For utterance 20030004_677, best cost 86.5238 + 2824.37 = 2910.9 over 794 frames.
20030004_677 انسانیت کی گیدڑ بعدازاں موضوع دیوبندی ہونے سے گیا 
LOG (lattice-best-path[5.5.907~1-cbed4]:main():lattice-best-path.cc:99) For utterance 20030004_678, best cost 94.3171 + 3064.42 = 3158.74 over 870 frames.
20030004_678 سروس کوآرڈینیٹر سے والوں سے جولانی پروگریسیو شیشے کریں 
LOG (lattice-best-path[5.5.907~1-cbed4]:main():lattice-best-path.cc:99) For utterance 20030004_679, best cost 62.1457 + 1786.31 = 1848.46 over 496 frames.
20030004_679 پولیو کے تحقیقات سے گردیزی سوچیے 
LOG (lattice-best-path[5.5.907~1-cbed4]:main():lattice-best-path.cc:99) For utterance 20030004_680, best cost 78.3672 + 2659.04 = 2737.41 over 764 frames.
20030004_680 چوری سکواڈرن دیول پروگریسیو فارسی کے بعد جاتا ہے 
LOG (lattice-best-path[5.5.907~1-cbed4]:main():lattice-best-path.cc:99) For utterance 20030004_681, best cost 93.2801 + 2395.59 = 2488.87 over 688 frames.
20030004_681 بنا تشنج دیش کو ٹھیکیدار عزیزواقارب پیچیدہ تاثر 
LOG (lattice-best-path[5.5.907~1-cbed4]:main():lattice-best-path.cc:99) For utterance 20030004_682, best cost 71.7931 + 2309.79 = 2381.59 over 656 frames.
20030004_682 کی کو ساتھیو کرنے کے بعد جلوس گردوغبار کی 
LOG (lattice-best-path[5.5.907~1-cbed4]:main():lattice-best-path.cc:99) For utterance 20030004_683, best cost 74.2515 + 2101.14 = 2175.39 over 605 frames.
20030004_683 زیراستعمال کی درآمدات کہانی بھنڈی کے سے کریں 
LOG (lattice-best-path[5.5.907~1-cbed4]:main():lattice-best-path.cc:99) For utterance 20030004_684, best cost 87.9001 + 2532.11 = 2620.01 over 758 frames.
20030004_684 میری خوگر اور پینسٹھ کی جھولوں کیا نے انتقال 
LOG (lattice-best-path[5.5.907~1-cbed4]:main():lattice-best-path.cc:99) For utterance 20030004_685, best cost 67.7583 + 1724.38 = 1792.14 over 489 frames.
20030004_685 جو سموسے نیچے بخشے سپاسنامہ دو 
LOG (lattice-best-path[5.5.907~1-cbed4]:main():lattice-best-path.cc:99) For utterance 20030004_686, best cost 65.0039 + 1978.18 = 2043.19 over 543 frames.
20030004_686 سے اپنے کے زیرانتظام یقیناً صرف بحثوں 
LOG (lattice-best-path[5.5.907~1-cbed4]:main():lattice-best-path.cc:99) For utterance 20030004_687, best cost 100.479 + 2825.55 = 2926.03 over 796 frames.
20030004_687 جوق استعمال سیروسیاحت ہیروئین دوم فرانسیسی باقر گومگو کریں 
LOG (lattice-best-path[5.5.907~1-cbed4]:main():lattice-best-path.cc:99) For utterance 20030004_688, best cost 112.573 + 2944.22 = 3056.8 over 831 frames.
20030004_688 وزیرخارجہ تھینکس عندیہ مزارعین اور دیسی کے میراں کرکے باغیچہ ہیں 
LOG (lattice-best-path[5.5.907~1-cbed4]:main():lattice-best-path.cc:99) For utterance 20030004_689, best cost 79.2017 + 2332.91 = 2412.11 over 645 frames.
20030004_689 مجوزہ کی قدآدم جونیجو سوزوکی سے کتابچہ ہیں 
LOG (lattice-best-path[5.5.907~1-cbed4]:main():lattice-best-path.cc:99) For utterance 20030004_690, best cost 67.4623 + 1624.52 = 1691.98 over 467 frames.
20030004_690 کی پھلیاں پڑھائی چھولے کوچوان کی جاتا ہے 
LOG (lattice-best-path[5.5.907~1-cbed4]:main():lattice-best-path.cc:99) For utterance 20030004_691, best cost 95.5862 + 2754.66 = 2850.25 over 808 frames.
20030004_691 کیسی جیلانی تجوریاں اور بحیثیت مسائل میثاق ڈپلومیسی 
LOG (lattice-best-path[5.5.907~1-cbed4]:main():lattice-best-path.cc:99) For utterance 20030004_692, best cost 72.9246 + 2298.61 = 2371.54 over 657 frames.
20030004_692 بالکل نوزائیدہ جیسے مزارعوں ادائیگی کرتے ہیں 
LOG (lattice-best-path[5.5.907~1-cbed4]:main():lattice-best-path.cc:99) For utterance 20030004_693, best cost 78.1837 + 2309.99 = 2388.18 over 673 frames.
20030004_693 میں کی چوڑیاں سے کا کے مقدار باخبر مدعو 
LOG (lattice-best-path[5.5.907~1-cbed4]:main():lattice-best-path.cc:99) For utterance 20030004_694, best cost 83.9304 + 2219.95 = 2303.88 over 604 frames.
20030004_694 دلبرداشتہ قسم اخروٹ درجے اور بازیچہ کوچوان ہیں 
LOG (lattice-best-path[5.5.907~1-cbed4]:main():lattice-best-path.cc:99) For utterance 20030004_695, best cost 83.2585 + 2165.79 = 2249.04 over 606 frames.
20030004_695 بیچارے کی کے جانے کو گیارہویں لکھی جھونپڑی درج ہے 
LOG (lattice-best-path[5.5.907~1-cbed4]:main():lattice-best-path.cc:99) For utterance 20030004_696, best cost 83.1752 + 2228.89 = 2312.07 over 617 frames.
20030004_696 کے شیمپو سے کیا ریزروز کلثوم کی ڈائیگرام کیا گیا 
LOG (lattice-best-path[5.5.907~1-cbed4]:main():lattice-best-path.cc:99) For utterance 20030004_697, best cost 53.3859 + 1760.32 = 1813.7 over 492 frames.
20030004_697 براوو سے سے بیسن گراموفون 
LOG (lattice-best-path[5.5.907~1-cbed4]:main():lattice-best-path.cc:99) For utterance 20030004_698, best cost 56.5244 + 1663.34 = 1719.86 over 474 frames.
20030004_698 نامزد ترویج کاروبار زلزلے ہیں 
LOG (lattice-best-path[5.5.907~1-cbed4]:main():lattice-best-path.cc:99) For utterance 20030004_699, best cost 64.4134 + 2126.83 = 2191.25 over 596 frames.
20030004_699 نتیجے وفاقی کے بغیر غیریقینی کنسورشیم 
LOG (lattice-best-path[5.5.907~1-cbed4]:main():lattice-best-path.cc:99) For utterance 20030004_700, best cost 68.7579 + 1915.28 = 1984.04 over 540 frames.
20030004_700 روزافزوں کی کی تغافل کی سوجنے پرنسپل 
LOG (lattice-best-path[5.5.907~1-cbed4]:main():lattice-best-path.cc:99) For utterance 20030004_701, best cost 89.4547 + 2191.59 = 2281.04 over 617 frames.
20030004_701 مظلام آوازیں کی گنہگار کی استعمال مزدوروں بازیچہ ہیں 
LOG (lattice-best-path[5.5.907~1-cbed4]:main():lattice-best-path.cc:99) For utterance 20030004_702, best cost 56.3496 + 1744.75 = 1801.1 over 513 frames.
20030004_702 ویسے ہی مکھیوں امیگریشن متنفر 
LOG (lattice-best-path[5.5.907~1-cbed4]:main():lattice-best-path.cc:99) For utterance 20030004_703, best cost 47.037 + 1713.93 = 1760.97 over 504 frames.
20030004_703 ڈیتھ ٹریژری ہیڈکوارٹر ہیں 
LOG (lattice-best-path[5.5.907~1-cbed4]:main():lattice-best-path.cc:99) For utterance 20030004_704, best cost 78.0065 + 2589.51 = 2667.51 over 762 frames.
20030004_704 چغتائی سیکشن مٹھائیاں سرہندی کے ساتھ کی وجہ سے 
LOG (lattice-best-path[5.5.907~1-cbed4]:main():lattice-best-path.cc:99) For utterance 20030004_705, best cost 62.7587 + 2043.67 = 2106.43 over 586 frames.
20030004_705 نوجوان نائیٹروجنی سے جارحیت پاکیزگی 
LOG (lattice-best-path[5.5.907~1-cbed4]:main():lattice-best-path.cc:99) For utterance 20030004_706, best cost 51.7962 + 1504.73 = 1556.53 over 434 frames.
20030004_706 بیساکھی کے استفادے کی دریچوں 
LOG (lattice-best-path[5.5.907~1-cbed4]:main():lattice-best-path.cc:99) For utterance 20030004_707, best cost 40.8439 + 1592.07 = 1632.91 over 479 frames.
20030004_707 اناسیواں پارلیمانی نہ کریں 
LOG (lattice-best-path[5.5.907~1-cbed4]:main():lattice-best-path.cc:99) For utterance 20030004_708, best cost 82.5772 + 2199.5 = 2282.08 over 653 frames.
20030004_708 چمچے سے پہلے نشیب بچہ سیکورٹی بھاوج سمجھیں 
LOG (lattice-best-path[5.5.907~1-cbed4]:main():lattice-best-path.cc:99) For utterance 20030005_601, best cost 124.086 + 5121.14 = 5245.23 over 1496 frames.
20030005_601 مترادف پوشیدہ پیشن میں بدچلنی لینڈ خوگر کیونکہ گاؤں کو گوگل ہیں 
LOG (lattice-best-path[5.5.907~1-cbed4]:main():lattice-best-path.cc:99) For utterance 20030005_602, best cost 169.495 + 6982.26 = 7151.75 over 2091 frames.
20030005_602 بالاخر کے داخلوں اور گھروں بن تفتیشی باولنگ مجاہد کو پنجرے کرنے کے شیلٹر سے کالجوں ہیں 
LOG (lattice-best-path[5.5.907~1-cbed4]:main():lattice-best-path.cc:99) For utterance 20030005_603, best cost 143.914 + 5339.71 = 5483.63 over 1534 frames.
20030005_603 شخص فولڈر اور غزلیں کے باعث کے راہبر اٹھاؤ کلیدی بیچوں برتن تجارت کیا 
LOG (lattice-best-path[5.5.907~1-cbed4]:main():lattice-best-path.cc:99) For utterance 20030005_604, best cost 117.66 + 5332.59 = 5450.25 over 1617 frames.
20030005_604 سندھی میں چاہئے تعمیر بڑی کوتاہی پیش اور چاہیے کے کا ذکر ہے 
LOG (lattice-best-path[5.5.907~1-cbed4]:main():lattice-best-path.cc:99) For utterance 20030005_605, best cost 79.1035 + 2692.47 = 2771.58 over 734 frames.
20030005_605 سوزش سوگوار جنریشن میں کوآرڈینیٹر صاحب دیتا 
LOG (lattice-best-path[5.5.907~1-cbed4]:main():lattice-best-path.cc:99) For utterance 20030005_606, best cost 113.602 + 3689.67 = 3803.27 over 1080 frames.
20030005_606 پر جھینگے گانٹھوں معلومات سے کی پنجروں کے تفویض بڑی فضل ہیں 
LOG (lattice-best-path[5.5.907~1-cbed4]:main():lattice-best-path.cc:99) For utterance 20030005_607, best cost 83.4369 + 2611.08 = 2694.52 over 747 frames.
20030005_607 سرویئر کی وفاؤں کی زدہ بنگالی باغبانی جا ہیں 
LOG (lattice-best-path[5.5.907~1-cbed4]:main():lattice-best-path.cc:99) For utterance 20030005_608, best cost 114.576 + 3808.51 = 3923.09 over 1112 frames.
20030005_608 کے کبوتر مرتب کو خورشید کا برابر سمجھائیں کی سوجن بوڑھی ہیں 
LOG (lattice-best-path[5.5.907~1-cbed4]:main():lattice-best-path.cc:99) For utterance 20030005_609, best cost 127.515 + 4949.17 = 5076.68 over 1464 frames.
20030005_609 پریشان اومیگا منش کے پاس تو میں نہیں اور فیصلوں کے شوربہ توصیف کیا گیا 
LOG (lattice-best-path[5.5.907~1-cbed4]:main():lattice-best-path.cc:99) For utterance 20030005_610, best cost 128.065 + 4264.33 = 4392.39 over 1188 frames.
20030005_610 نوحہ سرکاری تشہیر کا پر ممبر بڑھانے عشر کی طرح سے اور پچاس ہیں 
LOG (lattice-best-path[5.5.907~1-cbed4]:main():lattice-best-path.cc:99) For utterance 20030005_611, best cost 131.655 + 4767.89 = 4899.54 over 1425 frames.
20030005_611 فرینڈلی ھابھہ سوئس ترمذی کے ڈبو بڑا زوردار کی گونگے کے ساتھ چلے ہیں 
LOG (lattice-best-path[5.5.907~1-cbed4]:main():lattice-best-path.cc:99) For utterance 20030005_612, best cost 120.082 + 4397.61 = 4517.69 over 1246 frames.
20030005_612 تندہی ورزش سیرگاہ بوڑھا باجرہ شیفرڈ کو خود کیلئے راجباہوں ہیں 
LOG (lattice-best-path[5.5.907~1-cbed4]:main():lattice-best-path.cc:99) For utterance 20030005_613, best cost 86.0531 + 3008.09 = 3094.14 over 836 frames.
20030005_613 پر تجارت بروز اور چہل اور شیلڈیں پلڑا کیا 
LOG (lattice-best-path[5.5.907~1-cbed4]:main():lattice-best-path.cc:99) For utterance 20030005_614, best cost 96.3773 + 3241.05 = 3337.43 over 932 frames.
20030005_614 بروز فیڈریشن کے پہاڑوں کے ساتھ سیلز کے بغیر سمجھو کر آیا 
LOG (lattice-best-path[5.5.907~1-cbed4]:main():lattice-best-path.cc:99) For utterance 20030005_615, best cost 123.236 + 5926.85 = 6050.09 over 1726 frames.
20030005_615 غیردانشمندانہ کے باریش اور موئسچرائزنگ روزبروز کرتے ہوئے جہانگیر جوڑے اور رہا ہے 
LOG (lattice-best-path[5.5.907~1-cbed4]:main():lattice-best-path.cc:99) For utterance 20030005_616, best cost 152.098 + 5339.41 = 5491.51 over 1496 frames.
20030005_616 تاجور اور میں سونگ اور پیشنگوئی فوجی قزلباش پر کیسی جاسوسی کی خوفزدہ اہلکار کر آیا 
LOG (lattice-best-path[5.5.907~1-cbed4]:main():lattice-best-path.cc:99) For utterance 20030005_617, best cost 122.983 + 4095.46 = 4218.44 over 1182 frames.
20030005_617 کنیئرڈ کارپوریشن کے گوشوں میں کے رنگوں ہودہ دیکھا کر فقدان سے لگا 
LOG (lattice-best-path[5.5.907~1-cbed4]:main():lattice-best-path.cc:99) For utterance 20030005_618, best cost 121.034 + 3904.1 = 4025.13 over 1099 frames.
20030005_618 اور کے بغیر سے ہوشیاری پوچھوں والے کا کر گزارنے کی کے بعد کالجز کیا گیا 
LOG (lattice-best-path[5.5.907~1-cbed4]:main():lattice-best-path.cc:99) For utterance 20030005_619, best cost 96.1575 + 2935.03 = 3031.19 over 868 frames.
20030005_619 تجزیے دوشیزہ مراعات بیعانہ کر میں کی شعوری دیگر ہیں 
LOG (lattice-best-path[5.5.907~1-cbed4]:main():lattice-best-path.cc:99) For utterance 20030005_620, best cost 143.572 + 5712.3 = 5855.87 over 1764 frames.
20030005_620 کی ماڈلنگ فلموں کی بھگوڑوں کو بوڑھوں کے سوراخ اور کے اور اور زور شاخوں کی طرح کیں 
LOG (lattice-best-path[5.5.907~1-cbed4]:main():lattice-best-path.cc:99) For utterance 20030005_621, best cost 135.943 + 4606.01 = 4741.95 over 1336 frames.
20030005_621 مجلس حاشیے ہو کر چین گہماگہمی میگزین بوگس اور جبری آزمائیں میں پر کی 
LOG (lattice-best-path[5.5.907~1-cbed4]:main():lattice-best-path.cc:99) For utterance 20030005_622, best cost 128.391 + 4998.97 = 5127.36 over 1476 frames.
20030005_622 سوچیے کرنے کے بعد اور کی بہتری کیلئے دہشت مرضی بھیڑوں اور کرنے سے گدڑی ہیں 
LOG (lattice-best-path[5.5.907~1-cbed4]:main():lattice-best-path.cc:99) For utterance 20030005_623, best cost 95.4541 + 3957.47 = 4052.93 over 1188 frames.
20030005_623 بلڈنگ ہینگر اور مافیا ایشوز کا کہنا مشائخ گیا 
LOG (lattice-best-path[5.5.907~1-cbed4]:main():lattice-best-path.cc:99) For utterance 20030005_624, best cost 160.259 + 4947.36 = 5107.62 over 1412 frames.
20030005_624 گھسے منافعوں میں کی نصیب اور فوج شور فورس بااصول وجود کے ڈیپریشن دہلی بدشگونی تھا 
LOG (lattice-best-path[5.5.907~1-cbed4]:main():lattice-best-path.cc:99) For utterance 20030005_625, best cost 124.879 + 4369.54 = 4494.42 over 1252 frames.
20030005_625 بریگیڈیر نذر کیا بیماری گگلی لے کر بدل سیورج کے اور کے ہو گیا ہے 
LOG (lattice-best-path[5.5.907~1-cbed4]:main():lattice-best-path.cc:99) For utterance 20030005_626, best cost 87.2555 + 2743.64 = 2830.9 over 817 frames.
20030005_626 کر بدظن بوم تلمیحات مندوبین کی لاشوں درج ہے 
LOG (lattice-best-path[5.5.907~1-cbed4]:main():lattice-best-path.cc:99) For utterance 20030005_627, best cost 109.817 + 3717.85 = 3827.67 over 1073 frames.
20030005_627 سیرگاہ یرغمال کے وگرنہ میں سے بوڑھوں کے کوسوں محنت کا گیا 
LOG (lattice-best-path[5.5.907~1-cbed4]:main():lattice-best-path.cc:99) For utterance 20030005_628, best cost 108.242 + 3965.81 = 4074.05 over 1182 frames.
20030005_628 تھیوری کرنے والے گہرے پر مطالبے انگیخت مشیت وفود کیں 
LOG (lattice-best-path[5.5.907~1-cbed4]:main():lattice-best-path.cc:99) For utterance 20030005_629, best cost 137.401 + 5134.16 = 5271.56 over 1476 frames.
20030005_629 شیڈ کے کے گوشہ والوں کے اوقات لیفٹیننٹ کمزور عورت میں مغلوں کاغذات کی کا ہیں 
LOG (lattice-best-path[5.5.907~1-cbed4]:main():lattice-best-path.cc:99) For utterance 20030005_630, best cost 124.362 + 4991.24 = 5115.6 over 1457 frames.
20030005_630 کی مہذب میں ماشے کی شکار میں چار بھینسیں اور کلثوم سروں میں کرتے ہیں 
LOG (lattice-best-path[5.5.907~1-cbed4]:main():lattice-best-path.cc:99) For utterance 20030005_631, best cost 165.925 + 6525.35 = 6691.27 over 1912 frames.
20030005_631 سے زیست بولنگ گودام گرہیں دوراں کر کے فاروق ٹھوس بیچیں قوس میں سیسموگراف چائلڈ ہیں 
LOG (lattice-best-path[5.5.907~1-cbed4]:main():lattice-best-path.cc:99) For utterance 20030005_632, best cost 167.314 + 5895.97 = 6063.28 over 1758 frames.
20030005_632 قرضے تحصیلدار میں کاروبار کلچر چوروں کوڑیاں باب جواب پر کو اور مچولی چھوڑنے راہبر ہیں 
LOG (lattice-best-path[5.5.907~1-cbed4]:main():lattice-best-path.cc:99) For utterance 20030005_633, best cost 141.678 + 6110.68 = 6252.36 over 1873 frames.
20030005_633 پرفارمنس کے بعد میں تجویز کے لیے کی کھینچیں اور کوششوں کی موزوں سے چھوڑنے کلیجی ہیں 
LOG (lattice-best-path[5.5.907~1-cbed4]:main():lattice-best-path.cc:99) For utterance 20030005_634, best cost 77.8159 + 3350 = 3427.81 over 952 frames.
20030005_634 گلیشئیر جشن کے جہانگیر اور کیا کی رہے ہیں 
LOG (lattice-best-path[5.5.907~1-cbed4]:main():lattice-best-path.cc:99) For utterance 20030005_635, best cost 132.641 + 4516.47 = 4649.11 over 1336 frames.
20030005_635 کا سنگل پوچھیں کیوں فولاد میں کریں اور لنگر فرمائیں سعید میں سوغات ہیں 
LOG (lattice-best-path[5.5.907~1-cbed4]:main():lattice-best-path.cc:99) For utterance 20030005_636, best cost 110.706 + 4515.73 = 4626.44 over 1361 frames.
20030005_636 کو خوشہ معلومات کی جوبلی ضوفشاں مسز ہو جاتا کو کچھوؤں 
LOG (lattice-best-path[5.5.907~1-cbed4]:main():lattice-best-path.cc:99) For utterance 20030005_637, best cost 115.799 + 4895.36 = 5011.16 over 1457 frames.
20030005_637 خواری میں کے ساتھ میں کی کوشش کریں دھینگا مشتی کی نرسیں اور بیرونی ہیں 
LOG (lattice-best-path[5.5.907~1-cbed4]:main():lattice-best-path.cc:99) For utterance 20030005_638, best cost 135.422 + 6001.78 = 6137.21 over 1828 frames.
20030005_638 کاجو گوجر کی شیڈول گرہیں سے منشور اور تھوڑی کوٹھڑی کیا سے جوش ہیں 
LOG (lattice-best-path[5.5.907~1-cbed4]:main():lattice-best-path.cc:99) For utterance 20030005_639, best cost 141.41 + 5058.06 = 5199.47 over 1432 frames.
20030005_639 کرنے کے دفتر کی کے بدلے سے تجویز کر سے کے باوجود چیز سربراہ سموسے کی کوشش کریں 
LOG (lattice-best-path[5.5.907~1-cbed4]:main():lattice-best-path.cc:99) For utterance 20030005_640, best cost 111.828 + 4632.66 = 4744.49 over 1348 frames.
20030005_640 چونگی اوپر کی گردیزی سے کونسل کے شالا کا پیچوٹری ہو جاتا ہے 
LOG (lattice-best-path[5.5.907~1-cbed4]:main():lattice-best-path.cc:99) For utterance 20030005_641, best cost 106.541 + 3751.71 = 3858.25 over 1054 frames.
20030005_641 اور فوری شگوفے والوں کے بعد شناسی برخلاف طرفین سے بے ہیں 
LOG (lattice-best-path[5.5.907~1-cbed4]:main():lattice-best-path.cc:99) For utterance 20030005_642, best cost 106.271 + 3641.89 = 3748.16 over 1041 frames.
20030005_642 حریفوں کیفے میں ایجنسیز کے پبلشنگ میں سے نفوذ کے نواب کی 
LOG (lattice-best-path[5.5.907~1-cbed4]:main():lattice-best-path.cc:99) For utterance 20030005_643, best cost 132.749 + 4572.55 = 4705.3 over 1310 frames.
20030005_643 کفالت سے محفل بحثیں بلاخوف پنجروں سے بہائیں قبول کلاسز اور بیباک ہیں 
LOG (lattice-best-path[5.5.907~1-cbed4]:main():lattice-best-path.cc:99) For utterance 20030005_644, best cost 133.918 + 5367.77 = 5501.68 over 1611 frames.
20030005_644 کا چھہتر چیئرمین پورا قومیائے اور بااللہ بخشی کیسی کر سے کرنے کے بعد کے ہیں 
LOG (lattice-best-path[5.5.907~1-cbed4]:main():lattice-best-path.cc:99) For utterance 20030005_645, best cost 96.9225 + 3606.12 = 3703.05 over 1022 frames.
20030005_645 کے کمرے سے ونڈوز انحصار بوجوہ مسخرے کی فحش ہیں 
LOG (lattice-best-path[5.5.907~1-cbed4]:main():lattice-best-path.cc:99) For utterance 20030005_646, best cost 113.202 + 4006.8 = 4120 over 1156 frames.
20030005_646 سوری گرمجوشی میں اور کی میں ڈرامہ اور بااللہ میں بڑھائیں باندھیں ہیں 
LOG (lattice-best-path[5.5.907~1-cbed4]:main():lattice-best-path.cc:99) For utterance 20030005_647, best cost 88.3693 + 3506.79 = 3595.16 over 1067 frames.
20030005_647 بااثر کے کا مواصلات گوگل چور کبوتر کا ہیں 
LOG (lattice-best-path[5.5.907~1-cbed4]:main():lattice-best-path.cc:99) For utterance 20030005_648, best cost 84.9847 + 3278.65 = 3363.64 over 990 frames.
20030005_648 ملیں دودھیا چاشنی کا خودسر کے لیے پڑھوا تھا 
LOG (lattice-best-path[5.5.907~1-cbed4]:main():lattice-best-path.cc:99) For utterance 20030005_649, best cost 95.4921 + 3503.14 = 3598.64 over 1041 frames.
20030005_649 کو کمیونسٹ کر کے برخلاف چوہوں کا ڈیجیٹل لاڈلے ہیں 
LOG (lattice-best-path[5.5.907~1-cbed4]:main():lattice-best-path.cc:99) For utterance 20030005_650, best cost 121.701 + 4543.12 = 4664.82 over 1355 frames.
20030005_650 پنجرے بانگ کی سیر اور سنبھال کمینگی وزیرداخلہ کے رہائشی پر قضہ ہیں 
LOG (lattice-best-path[5.5.907~1-cbed4]:main():lattice-best-path.cc:99) For utterance 20030005_651, best cost 103.685 + 3678.47 = 3782.16 over 1131 frames.
20030005_651 اور کی بہتری کوچوں کی کو کی گرہیں ہونے سے پہلے سعودی کیں 
LOG (lattice-best-path[5.5.907~1-cbed4]:main():lattice-best-path.cc:99) For utterance 20030005_652, best cost 118.44 + 4976.33 = 5094.77 over 1502 frames.
20030005_652 فرانسیسی میں کا میں بولروں کیلئے اور کاروبار مرغوب اور کے سوئٹرز پوچھیں 
LOG (lattice-best-path[5.5.907~1-cbed4]:main():lattice-best-path.cc:99) For utterance 20030005_653, best cost 105.781 + 3974.59 = 4080.37 over 1176 frames.
20030005_653 برفباری مرض کا سے مضروب کر ضلعی ڈیجیٹل کر روزافزوں 
LOG (lattice-best-path[5.5.907~1-cbed4]:main():lattice-best-path.cc:99) For utterance 20030005_654, best cost 126.481 + 4743.75 = 4870.23 over 1361 frames.
20030005_654 کرکے اور دیش ہوسٹس کی مشیت چور کونسل کی موثر کے ایجنسیز میں ہیں 
LOG (lattice-best-path[5.5.907~1-cbed4]:main():lattice-best-path.cc:99) For utterance 20030005_655, best cost 96.2669 + 3439.57 = 3535.84 over 1022 frames.
20030005_655 کر اوباش کی بدچلنی اور بھی لیزر بچائیں تابش ہیں 
LOG (lattice-best-path[5.5.907~1-cbed4]:main():lattice-best-path.cc:99) For utterance 20030005_656, best cost 115.164 + 5555.68 = 5670.85 over 1668 frames.
20030005_656 دلسوزی پروسیسنگ گزری تھینکس بچائیں اور شور مجاہد قضہ ہیں 
LOG (lattice-best-path[5.5.907~1-cbed4]:main():lattice-best-path.cc:99) For utterance 20030005_657, best cost 104.951 + 3700.79 = 3805.74 over 1099 frames.
20030005_657 کا محبوب افزودگی زیدی کے افسردہ کی بااثر منفرد میں ہیں 
LOG (lattice-best-path[5.5.907~1-cbed4]:main():lattice-best-path.cc:99) For utterance 20030005_658, best cost 75.9239 + 3320.29 = 3396.21 over 1003 frames.
20030005_658 گنگولی کامیاب اونی سوئٹرز کے بعد سے گزارنے 
LOG (lattice-best-path[5.5.907~1-cbed4]:main():lattice-best-path.cc:99) For utterance 20030005_659, best cost 115.329 + 4401.95 = 4517.28 over 1291 frames.
20030005_659 کرتی خوگر چلیں بھوجپوری کا تمغوں ہو کر آبدوزیں کا ترشول ہیں 
LOG (lattice-best-path[5.5.907~1-cbed4]:main():lattice-best-path.cc:99) For utterance 20030005_660, best cost 62.185 + 2654.65 = 2716.84 over 779 frames.
20030005_660 اور خان کے بعد کیا ہزارویں بعدازاں 
LOG (lattice-best-path[5.5.907~1-cbed4]:main():lattice-best-path.cc:99) For utterance 20030005_661, best cost 89.2096 + 4105.75 = 4194.96 over 1252 frames.
20030005_661 اضافے میں کے لیے بشمول کامیاب کا داغدار دوا ہیں 
LOG (lattice-best-path[5.5.907~1-cbed4]:main():lattice-best-path.cc:99) For utterance 20030005_662, best cost 102.021 + 3602.91 = 3704.93 over 1067 frames.
20030005_662 کر نقشوں کی تجربہ چلغوزے خوفوں کی دلنشیں گوندھیں میں ہیں 
LOG (lattice-best-path[5.5.907~1-cbed4]:main():lattice-best-path.cc:99) For utterance 20030005_663, best cost 130.745 + 4603.01 = 4733.75 over 1336 frames.
20030005_663 کی ڈوریں چراغاں چار موہوم کامیاب برساتا کی ہوئیں کی تنقیص وقوف کیں 
LOG (lattice-best-path[5.5.907~1-cbed4]:main():lattice-best-path.cc:99) For utterance 20030005_664, best cost 134.059 + 4587.27 = 4721.33 over 1316 frames.
20030005_664 سالہاسال ایڈورٹائزنگ میں توہین فائربریگیڈ کا موضوعات کو پر سے کے رخوں کے کھڑے ہو گیا 
LOG (lattice-best-path[5.5.907~1-cbed4]:main():lattice-best-path.cc:99) For utterance 20030005_665, best cost 63.2866 + 2745.79 = 2809.08 over 779 frames.
20030005_665 تشخص اور کی سیر سنگھاسن رخساروں 
LOG (lattice-best-path[5.5.907~1-cbed4]:main():lattice-best-path.cc:99) For utterance 20030005_666, best cost 98.8311 + 3637.69 = 3736.53 over 1073 frames.
20030005_666 بونس جیگوار اور ذوالجلال اداکاراؤں تصورات کر سے بولے 
LOG (lattice-best-path[5.5.907~1-cbed4]:main():lattice-best-path.cc:99) For utterance 20030005_667, best cost 95.7718 + 4360.27 = 4456.04 over 1323 frames.
20030005_667 کی بل ٹھیکیدار سے چنگیزی دوسرے کی میں کی اسمبلی 
LOG (lattice-best-path[5.5.907~1-cbed4]:main():lattice-best-path.cc:99) For utterance 20030005_668, best cost 134.045 + 5129.64 = 5263.68 over 1489 frames.
20030005_668 سعودی سیکورٹی کے ڈھیلے نصف بحیرہ رینجرز کا کاغذات پگڑیاں کی سلسلے گا 
LOG (lattice-best-path[5.5.907~1-cbed4]:main():lattice-best-path.cc:99) For utterance 20030005_669, best cost 95.5093 + 3774.87 = 3870.38 over 1112 frames.
20030005_669 غوروخوض کر منفعت بورڈ میں ویڈیوز کر پر ضروریات 
LOG (lattice-best-path[5.5.907~1-cbed4]:main():lattice-best-path.cc:99) For utterance 20030005_670, best cost 70.6071 + 3478.29 = 3548.9 over 1035 frames.
20030005_670 وزیرداخلہ شاہد صاحب کو ڈاکوؤں کا کرو 
LOG (lattice-best-path[5.5.907~1-cbed4]:main():lattice-best-path.cc:99) For utterance 20030005_671, best cost 126.699 + 4742.62 = 4869.32 over 1368 frames.
20030005_671 پچھتر ساری گاڑیاں میں کا سوختہ اور سموئے کے ضعف کھجوریں کو پوشیدہ ہیں 
LOG (lattice-best-path[5.5.907~1-cbed4]:main():lattice-best-path.cc:99) For utterance 20030005_672, best cost 94.1662 + 4130.41 = 4224.57 over 1163 frames.
20030005_672 امیگریشن گزارنے کو فوائد خودسر کوسوں وزیرداخلہ ہیں 
LOG (lattice-best-path[5.5.907~1-cbed4]:main():lattice-best-path.cc:99) For utterance 20030005_673, best cost 83.1996 + 3450.57 = 3533.76 over 1048 frames.
20030005_673 کلراٹھی کی کراؤں گیارہویں دوجے مصالحہ کرتا ہے 
LOG (lattice-best-path[5.5.907~1-cbed4]:main():lattice-best-path.cc:99) For utterance 20030005_674, best cost 135.996 + 5191.49 = 5327.49 over 1604 frames.
20030005_674 دانشو میں پُلوں میں کر کار پراچہ پھولدار پہنچا ٹینک کوسموس میں کی کوشش کی 
LOG (lattice-best-path[5.5.907~1-cbed4]:main():lattice-best-path.cc:99) For utterance 20030005_675, best cost 94.4224 + 4297.28 = 4391.7 over 1297 frames.
20030005_675 تاجر بوڑھی کے لیے پر سوچے کو خوفوں کا اور کرتا ہے 
LOG (lattice-best-path[5.5.907~1-cbed4]:main():lattice-best-path.cc:99) For utterance 20030005_676, best cost 107.165 + 4400.79 = 4507.95 over 1278 frames.
20030005_676 اور میں جعلسازی سامنے کی جاوید ذوق میں کمشنر جھگڑے کرتے ہیں 
LOG (lattice-best-path[5.5.907~1-cbed4]:main():lattice-best-path.cc:99) For utterance 20030005_677, best cost 116.024 + 4804.56 = 4920.58 over 1380 frames.
20030005_677 انسانیت انگوٹھی بھولنا اور بعدازاں اور سعودی کو جہانگیر سے دریافت 
LOG (lattice-best-path[5.5.907~1-cbed4]:main():lattice-best-path.cc:99) For utterance 20030005_678, best cost 182.308 + 6714.19 = 6896.5 over 2052 frames.
20030005_678 صرف بحثوں کو کلیدی فیض علاوہ فنگس ماؤزے شے میں کے لیے کر دوچند فعلن سے مشعر کے شیڈ کیں 
LOG (lattice-best-path[5.5.907~1-cbed4]:main():lattice-best-path.cc:99) For utterance 20030005_679, best cost 71.0737 + 3266.25 = 3337.33 over 958 frames.
20030005_679 ہومیوپیتھی پر چلچلاتی کولسری سے رشید 
LOG (lattice-best-path[5.5.907~1-cbed4]:main():lattice-best-path.cc:99) For utterance 20030005_680, best cost 122.512 + 4362.01 = 4484.52 over 1316 frames.
20030005_680 کلومیٹر چوڑیاں پہنچنے ہوے کلیرنگ پھولدار کا باعث میں تھوڑا کا رکھتا ہے 
LOG (lattice-best-path[5.5.907~1-cbed4]:main():lattice-best-path.cc:99) For utterance 20030005_681, best cost 130.302 + 5335.41 = 5465.71 over 1611 frames.
20030005_681 تراشوں نشیب شیر کو گھیراؤ کر بااثر دھوبی بولوں اور پیچیدہ پریشاں ہیں 
LOG (lattice-best-path[5.5.907~1-cbed4]:main():lattice-best-path.cc:99) For utterance 20030005_682, best cost 141.998 + 5597.28 = 5739.27 over 1656 frames.
20030005_682 دبیز کو شعاع میں کی روٹھ کر پنجرے کا چچا کلاسز کے گوجر موعود کے ہیں 
LOG (lattice-best-path[5.5.907~1-cbed4]:main():lattice-best-path.cc:99) For utterance 20030005_683, best cost 96.853 + 4582.46 = 4679.31 over 1355 frames.
20030005_683 پر سموسے کی جبڑوں کر کہانی لادینیت کی استعمال کریں 
LOG (lattice-best-path[5.5.907~1-cbed4]:main():lattice-best-path.cc:99) For utterance 20030005_684, best cost 96.3832 + 4114.17 = 4210.55 over 1208 frames.
20030005_684 منظور خوف ڈیزرٹ کے کی روحیں بھونچال پچھتر اور 
LOG (lattice-best-path[5.5.907~1-cbed4]:main():lattice-best-path.cc:99) For utterance 20030005_685, best cost 89.725 + 3022.28 = 3112 over 881 frames.
20030005_685 بچّو فردوس کی مبشر بخشے سے غزلوں گنگولی 
LOG (lattice-best-path[5.5.907~1-cbed4]:main():lattice-best-path.cc:99) For utterance 20030005_686, best cost 116.01 + 3810.27 = 3926.28 over 1067 frames.
20030005_686 صوفیانہ میں صرف کے بغیر فشار صلاحیتیں مسز دانشو شروع شور 
LOG (lattice-best-path[5.5.907~1-cbed4]:main():lattice-best-path.cc:99) For utterance 20030005_687, best cost 151.994 + 5683.47 = 5835.47 over 1656 frames.
20030005_687 سوئس کے بالخصوص امپائر کے کھولے تو سزا سے سے کی ہے اور کوچوں موعود فضول اور ہیں 
LOG (lattice-best-path[5.5.907~1-cbed4]:main():lattice-best-path.cc:99) For utterance 20030005_688, best cost 161.961 + 5965.75 = 6127.71 over 1796 frames.
20030005_688 خلق ذوالجلال گردیزی بارش کر سے شہاب مزارعوں اور دیش کی کیجیے میں قانونگو کرنے کالجوں 
LOG (lattice-best-path[5.5.907~1-cbed4]:main():lattice-best-path.cc:99) For utterance 20030005_689, best cost 131.145 + 4838.08 = 4969.23 over 1496 frames.
20030005_689 بھومی گوبر درس تحقیقات کر میں دوبارہ پرسوز چوزے کلچر چار ہیں 
LOG (lattice-best-path[5.5.907~1-cbed4]:main():lattice-best-path.cc:99) For utterance 20030005_690, best cost 73.7054 + 3399.37 = 3473.08 over 881 frames.
20030005_690 کی روشناس پراسیس ترشول حوصلہ سے جاتا ہے 
LOG (lattice-best-path[5.5.907~1-cbed4]:main():lattice-best-path.cc:99) For utterance 20030005_691, best cost 109.744 + 5405.49 = 5515.24 over 1368 frames.
20030005_691 ذوالجناح جیسے لوہا سوشلزم سیلز حوصلہ سایہ سے ہوسٹس 
LOG (lattice-best-path[5.5.907~1-cbed4]:main():lattice-best-path.cc:99) For utterance 20030005_692, best cost 102.507 + 4840.16 = 4942.67 over 1220 frames.
20030005_692 حصول مصالحہ جیسے سوسائٹی سالہاسال سے زیست خاص احساس 
LOG (lattice-best-path[5.5.907~1-cbed4]:main():lattice-best-path.cc:99) For utterance 20030005_693, best cost 74.5443 + 3656.8 = 3731.34 over 939 frames.
20030005_693 سیلز کے جوئیہ سے حاصل سالہاسال سہارے ہے 
LOG (lattice-best-path[5.5.907~1-cbed4]:main():lattice-best-path.cc:99) For utterance 20030005_694, best cost 113.892 + 4805.09 = 4918.98 over 1208 frames.
20030005_694 سمجھدار شعاع سے شاخ اثاثوں سے جیز اور سے ایثار اور چوائس 
LOG (lattice-best-path[5.5.907~1-cbed4]:main():lattice-best-path.cc:99) For utterance 20030005_695, best cost 100.949 + 4340.24 = 4441.19 over 1105 frames.
20030005_695 اویئرنس کی جلدازجلد جائیں سوچا حصص کمیشن چوہان ایمرجنسی 
LOG (lattice-best-path[5.5.907~1-cbed4]:main():lattice-best-path.cc:99) For utterance 20030005_696, best cost 109.396 + 4394.81 = 4504.21 over 1131 frames.
20030005_696 تشخص اور سیلز کے سامنے سے سوئس شعوری سوئس چیلنجز پراسیس 
LOG (lattice-best-path[5.5.907~1-cbed4]:main():lattice-best-path.cc:99) For utterance 20030005_697, best cost 81.2445 + 3028.64 = 3109.89 over 772 frames.
20030005_697 اور سرزمین مستعد زدہ ایسا کا اور اجلاس 
LOG (lattice-best-path[5.5.907~1-cbed4]:main():lattice-best-path.cc:99) For utterance 20030005_698, best cost 80.9308 + 4462.56 = 4543.49 over 1124 frames.
20030005_698 کلاسز جاسوسی سے اشخاص اور موئسچرائزنگ لباس 
LOG (lattice-best-path[5.5.907~1-cbed4]:main():lattice-best-path.cc:99) For utterance 20030005_699, best cost 103.354 + 5343.17 = 5446.52 over 1342 frames.
20030005_699 سیلز کے ٹیلیفون سیاسی چالیس احساس کے ساتھ حیثیت احساس 
LOG (lattice-best-path[5.5.907~1-cbed4]:main():lattice-best-path.cc:99) For utterance 20030005_700, best cost 111.956 + 5716.66 = 5828.62 over 1419 frames.
20030005_700 ہوش کوسموس چیز تذلیل سیروسیاحت سے زودحس اثاثوں حصص 
LOG (lattice-best-path[5.5.907~1-cbed4]:main():lattice-best-path.cc:99) For utterance 20030005_701, best cost 132.427 + 6680.7 = 6813.13 over 1681 frames.
20030005_701 محظوظ کوسموس ہوزری سالہاسال سے سلسلے وائرس حوض سزا موسم اجلاس 
LOG (lattice-best-path[5.5.907~1-cbed4]:main():lattice-best-path.cc:99) For utterance 20030005_702, best cost 104.459 + 4634.89 = 4739.35 over 1150 frames.
20030005_702 اثاثوں اس کی محظوظ سے سہارے سوزش سازوسامان سے ریسپشنسٹ 
LOG (lattice-best-path[5.5.907~1-cbed4]:main():lattice-best-path.cc:99) For utterance 20030005_703, best cost 73.8433 + 3726.25 = 3800.09 over 952 frames.
20030005_703 سزا استحصالی چیز کے حوصلہ سازباز 
LOG (lattice-best-path[5.5.907~1-cbed4]:main():lattice-best-path.cc:99) For utterance 20030005_704, best cost 117.632 + 5507.29 = 5624.92 over 1355 frames.
20030005_704 چوزے سے شخص حیران ساز جیسے ساحل آہستہ سے ایسا اس 
LOG (lattice-best-path[5.5.907~1-cbed4]:main():lattice-best-path.cc:99) For utterance 20030005_705, best cost 85.3338 + 3705.04 = 3790.38 over 958 frames.
20030005_705 ناجائز فیض مسحور ایسا سالہاسال حصص ایمبولینس 
LOG (lattice-best-path[5.5.907~1-cbed4]:main():lattice-best-path.cc:99) For utterance 20030005_706, best cost 86.2118 + 4395.01 = 4481.23 over 1086 frames.
20030005_706 سیلرز سموسے زیست کے ساتھ اہل صیہونی محسوس 
LOG (lattice-best-path[5.5.907~1-cbed4]:main():lattice-best-path.cc:99) For utterance 20030005_707, best cost 67.5156 + 3528.79 = 3596.31 over 888 frames.
20030005_707 سازوسامان سوچا صیہونی مواضعات ایس 
LOG (lattice-best-path[5.5.907~1-cbed4]:main():lattice-best-path.cc:99) For utterance 20030005_708, best cost 98.2223 + 3923.88 = 4022.1 over 1009 frames.
20030005_708 ہجر جیسے گیسو ایمبولینس آزادی کا اور شخص ایڈریس 
LOG (lattice-best-path[5.5.907~1-cbed4]:main():lattice-best-path.cc:99) For utterance 20030010_601, best cost 100.228 + 4054.44 = 4154.67 over 985 frames.
20030010_601 بااثر توجیہ کمیشن جیلانی کلیئر اثرورسوخ کے تعاقب ہو گئی 
LOG (lattice-best-path[5.5.907~1-cbed4]:main():lattice-best-path.cc:99) For utterance 20030010_602, best cost 150.576 + 4909.2 = 5059.78 over 1203 frames.
20030010_602 کے لالچی کرنے خاطر بدشگونی بھورے ادائیگیوں میں کنسورشیم اچک باریش کمیشن کر ساز ہے 
LOG (lattice-best-path[5.5.907~1-cbed4]:main():lattice-best-path.cc:99) For utterance 20030010_603, best cost 110.872 + 3427.99 = 3538.86 over 833 frames.
20030010_603 شمشاد کا نزلے اجلاس طرزعمل کو کارکردگی بسوں پر کمیشن کیا 
LOG (lattice-best-path[5.5.907~1-cbed4]:main():lattice-best-path.cc:99) For utterance 20030010_604, best cost 89.8482 + 3580.92 = 3670.76 over 856 frames.
20030010_604 سے ڈائیگرام کی کارکردگی کا باعث پہنچایا کے کے سلیولائیٹ 
LOG (lattice-best-path[5.5.907~1-cbed4]:main():lattice-best-path.cc:99) For utterance 20030010_605, best cost 67.7028 + 2082.92 = 2150.62 over 513 frames.
20030010_605 سلجھائیں شلجم ڈکٹیشن ایڈووکیٹ کرنے کا ہے 
LOG (lattice-best-path[5.5.907~1-cbed4]:main():lattice-best-path.cc:99) For utterance 20030010_606, best cost 66.781 + 2513.72 = 2580.5 over 608 frames.
20030010_606 وزیرداخلہ وقعت سے پسماندہ خاصے عزیز تھے 
LOG (lattice-best-path[5.5.907~1-cbed4]:main():lattice-best-path.cc:99) For utterance 20030010_607, best cost 44.1902 + 1718.49 = 1762.68 over 420 frames.
20030010_607 تسلسل ترجمانی منیجنگ 
LOG (lattice-best-path[5.5.907~1-cbed4]:main():lattice-best-path.cc:99) For utterance 20030010_608, best cost 84.2472 + 2405.75 = 2490 over 582 frames.
20030010_608 کو پنگھوڑے گفتگو خوشخبری چمچہ میں جدوجہد ہو گی 
LOG (lattice-best-path[5.5.907~1-cbed4]:main():lattice-best-path.cc:99) For utterance 20030010_609, best cost 103.322 + 2992.25 = 3095.57 over 736 frames.
20030010_609 تشنج تلمیحات مگر ماچھی رساؤ انسانیت کی جنگجو بحیثیت کیا 
LOG (lattice-best-path[5.5.907~1-cbed4]:main():lattice-best-path.cc:99) For utterance 20030010_610, best cost 89.4153 + 3112.31 = 3201.72 over 803 frames.
20030010_610 کا سیکشن یہودی کامیاب ڈیجیٹل سے بجٹ ایسا ہے 
LOG (lattice-best-path[5.5.907~1-cbed4]:main():lattice-best-path.cc:99) For utterance 20030010_611, best cost 93.7535 + 3488.15 = 3581.91 over 868 frames.
20030010_611 صیہونی بینگن باآسانی جرگہ اور جرگہ کی کوشش حاشیے 
LOG (lattice-best-path[5.5.907~1-cbed4]:main():lattice-best-path.cc:99) For utterance 20030010_612, best cost 106.125 + 3554.64 = 3660.76 over 921 frames.
20030010_612 تبدیلیاں کی ورزش سمجھ آباواجداد چقندر خوگر جیلانی شاخسانہ ہے 
LOG (lattice-best-path[5.5.907~1-cbed4]:main():lattice-best-path.cc:99) For utterance 20030010_613, best cost 60.2647 + 1874.24 = 1934.51 over 452 frames.
20030010_613 تنولی باخبر ساجد گلیشئیر جاتا ہے 
LOG (lattice-best-path[5.5.907~1-cbed4]:main():lattice-best-path.cc:99) For utterance 20030010_614, best cost 88.1183 + 2366.66 = 2454.78 over 578 frames.
20030010_614 جو فیڈریشن کے تعین کے ساتھ سمجھی بغیر سمجھدار کیا 
LOG (lattice-best-path[5.5.907~1-cbed4]:main():lattice-best-path.cc:99) For utterance 20030010_615, best cost 120.902 + 3921.41 = 4042.31 over 960 frames.
20030010_615 کر آتشزدگی نیسچن موئسچرائزنگ بلڈوزر توجہ دیوبندی کی کھجوریں کو ایڈہاک 
LOG (lattice-best-path[5.5.907~1-cbed4]:main():lattice-best-path.cc:99) For utterance 20030010_616, best cost 129.753 + 3969.98 = 4099.74 over 989 frames.
20030010_616 تاجر کے تعاقب میں سترھویں شگفتہ غصہ شکار کیسی دستاویزی متحدہ تجزیہ 
LOG (lattice-best-path[5.5.907~1-cbed4]:main():lattice-best-path.cc:99) For utterance 20030010_617, best cost 78.6365 + 2687.52 = 2766.15 over 669 frames.
20030010_617 تمسخر سے بچنے کی سویٹر کی طرف پچاسویں لگا 
LOG (lattice-best-path[5.5.907~1-cbed4]:main():lattice-best-path.cc:99) For utterance 20030010_618, best cost 105.976 + 3306.34 = 3412.31 over 824 frames.
20030010_618 دارومدار سمجھا سمجھو والا خسارے مہربانیوں کے بعد اس کا کیا ہیں 
LOG (lattice-best-path[5.5.907~1-cbed4]:main():lattice-best-path.cc:99) For utterance 20030010_619, best cost 76.6389 + 2017.98 = 2094.61 over 519 frames.
20030010_619 کسی چشتی آمدنی آمدنی پنجابی مرجھا ہیں 
LOG (lattice-best-path[5.5.907~1-cbed4]:main():lattice-best-path.cc:99) For utterance 20030010_620, best cost 109.286 + 3442.07 = 3551.36 over 820 frames.
20030010_620 چیل منہدم اولولعزم جوئیہ کی محبوبہ فضول شروع کیا نجی 
LOG (lattice-best-path[5.5.907~1-cbed4]:main():lattice-best-path.cc:99) For utterance 20030010_621, best cost 111.971 + 4089.74 = 4201.71 over 1024 frames.
20030010_621 میں مجوزہ سے اور سوچے مدمقابل بھی سے گلدستہ جہانگیر ملازمت کے کی 
LOG (lattice-best-path[5.5.907~1-cbed4]:main():lattice-best-path.cc:99) For utterance 20030010_622, best cost 87.0999 + 3244.2 = 3331.3 over 764 frames.
20030010_622 کوچ دارومدار کے کے تجربہ رسیدہ کے کالجز تھیں 
LOG (lattice-best-path[5.5.907~1-cbed4]:main():lattice-best-path.cc:99) For utterance 20030010_623, best cost 71.189 + 2624.02 = 2695.21 over 664 frames.
20030010_623 دلبرداشتہ ماخذ سوئس آکسیجن شنید کیا 
LOG (lattice-best-path[5.5.907~1-cbed4]:main():lattice-best-path.cc:99) For utterance 20030010_624, best cost 103.953 + 3109.04 = 3212.99 over 790 frames.
20030010_624 ماؤف تسلسل سے درخواست اور صرف وجود ڈیپریشن کے میں مشروبات 
LOG (lattice-best-path[5.5.907~1-cbed4]:main():lattice-best-path.cc:99) For utterance 20030010_625, best cost 82.6358 + 2674.43 = 2757.06 over 665 frames.
20030010_625 استفسار کی چلچلاتی گدے گردیزی مجموعہ کے ہو گیا 
LOG (lattice-best-path[5.5.907~1-cbed4]:main():lattice-best-path.cc:99) For utterance 20030010_626, best cost 52.7796 + 1829.13 = 1881.91 over 465 frames.
20030010_626 پیدا سیروسیاحت ترجیحات سمجھا 
LOG (lattice-best-path[5.5.907~1-cbed4]:main():lattice-best-path.cc:99) For utterance 20030010_627, best cost 71.4235 + 2772.05 = 2843.48 over 712 frames.
20030010_627 سینٹر والدین صورتحال سیسموگراف اومیگا گیا 
LOG (lattice-best-path[5.5.907~1-cbed4]:main():lattice-best-path.cc:99) For utterance 20030010_628, best cost 91.26 + 2729.11 = 2820.37 over 709 frames.
20030010_628 گوہر سرگرمیوں لگانے بچے چیلنجز انجکشن وفود کی 
LOG (lattice-best-path[5.5.907~1-cbed4]:main():lattice-best-path.cc:99) For utterance 20030010_629, best cost 107.131 + 3387.22 = 3494.35 over 876 frames.
20030010_629 چیچک کے گوشہ کیا فراخدلی سے گرمجوشی سے موجودہ پسند کے ساتھ 
LOG (lattice-best-path[5.5.907~1-cbed4]:main():lattice-best-path.cc:99) For utterance 20030010_630, best cost 80.9013 + 2631.66 = 2712.56 over 668 frames.
20030010_630 تعین گزشتہ میراتھن بیچارے کلچر ضیغم گیا 
LOG (lattice-best-path[5.5.907~1-cbed4]:main():lattice-best-path.cc:99) For utterance 20030010_631, best cost 130.095 + 3864.62 = 3994.72 over 964 frames.
20030010_631 سیاسی فوراً مدافعت دیکھنے تحفتا دیکھ کر اٹھاسی سے سے سے معطل چائلڈ ہے 
LOG (lattice-best-path[5.5.907~1-cbed4]:main():lattice-best-path.cc:99) For utterance 20030010_632, best cost 118.417 + 4886.43 = 5004.84 over 1219 frames.
20030010_632 فزیوتھراپسٹ کی اچک جوڑیاں تجارت کاجو موصول چھولے بغیر دیکھوں 
LOG (lattice-best-path[5.5.907~1-cbed4]:main():lattice-best-path.cc:99) For utterance 20030010_633, best cost 119.639 + 3981.7 = 4101.34 over 1056 frames.
20030010_633 بدچلنی بگاڑنے تقویت کی کی کے اور غذاؤں کی قوس سلسلے کے دریچے 
LOG (lattice-best-path[5.5.907~1-cbed4]:main():lattice-best-path.cc:99) For utterance 20030010_634, best cost 77.5983 + 2742.26 = 2819.86 over 708 frames.
20030010_634 کمیشن جشن کے سامنے جوڑیاں قدآدم پائیدار کیا ہیں 
LOG (lattice-best-path[5.5.907~1-cbed4]:main():lattice-best-path.cc:99) For utterance 20030010_635, best cost 84.2553 + 2850.4 = 2934.65 over 722 frames.
20030010_635 پاسبان اپوزیشن باولنگ بیچے پارلیمنٹرین سیاست کریں 
LOG (lattice-best-path[5.5.907~1-cbed4]:main():lattice-best-path.cc:99) For utterance 20030010_636, best cost 84.2632 + 2610.09 = 2694.35 over 677 frames.
20030010_636 پروفیشنل جوئیہ چمڑے سے جدوجہد خاتون تفاوت 
LOG (lattice-best-path[5.5.907~1-cbed4]:main():lattice-best-path.cc:99) For utterance 20030010_637, best cost 59.8089 + 2748.6 = 2808.41 over 703 frames.
20030010_637 ٹرانسفارمر بدچلنی رنجیدہ سے کرتے ہوئے 
LOG (lattice-best-path[5.5.907~1-cbed4]:main():lattice-best-path.cc:99) For utterance 20030010_638, best cost 124.819 + 4490.83 = 4615.65 over 1134 frames.
20030010_638 طرف طنزومزاح کی شیروانی کو میں سوئچ اور ہوتی کو کھچی سیاست ایجنسی 
LOG (lattice-best-path[5.5.907~1-cbed4]:main():lattice-best-path.cc:99) For utterance 20030010_639, best cost 108.921 + 3914.23 = 4023.15 over 1011 frames.
20030010_639 پھیرتے دولخت تقسیم کے کے سے تشخیص ٹیکنالوجیز اور تسلسل دو سکتیں 
LOG (lattice-best-path[5.5.907~1-cbed4]:main():lattice-best-path.cc:99) For utterance 20030010_640, best cost 106.865 + 3175.86 = 3282.72 over 822 frames.
20030010_640 جاتی رابطے جیلانی ضخیم کی سنگھاسن کی شدہ قصور کی کوشش کریں 
LOG (lattice-best-path[5.5.907~1-cbed4]:main():lattice-best-path.cc:99) For utterance 20030010_641, best cost 76.4275 + 2788.15 = 2864.58 over 712 frames.
20030010_641 کوارڈینیٹر ایشوز کرکے آتشیں بازیچہ گردیزی 
LOG (lattice-best-path[5.5.907~1-cbed4]:main():lattice-best-path.cc:99) For utterance 20030010_642, best cost 62.8382 + 2444.45 = 2507.28 over 638 frames.
20030010_642 حفاظت کی مسجد تشخص دیوار کی 
LOG (lattice-best-path[5.5.907~1-cbed4]:main():lattice-best-path.cc:99) For utterance 20030010_643, best cost 86.8048 + 2555.01 = 2641.82 over 664 frames.
20030010_643 دراوڑی ذخائر پڑھئے مخرج سنایا دودھیا سزا دی گئی 
LOG (lattice-best-path[5.5.907~1-cbed4]:main():lattice-best-path.cc:99) For utterance 20030010_644, best cost 108.68 + 3440.7 = 3549.38 over 908 frames.
20030010_644 گلیشئیر چیئرمین دو دعائیہ زیورات ترچھی تحصیلدار سے میں پر بات کی 
LOG (lattice-best-path[5.5.907~1-cbed4]:main():lattice-best-path.cc:99) For utterance 20030010_645, best cost 86.9121 + 3016.88 = 3103.8 over 768 frames.
20030010_645 کی کلاسز منظور پسند طنزومزاح کے تعاقب میں کی جا سکتیں 
LOG (lattice-best-path[5.5.907~1-cbed4]:main():lattice-best-path.cc:99) For utterance 20030010_646, best cost 98.3777 + 2801.53 = 2899.91 over 734 frames.
20030010_646 چھاؤنیاں غزلیات چبھنے بازیاب بَلّا میں گارلینڈ آمدنی گئی 
LOG (lattice-best-path[5.5.907~1-cbed4]:main():lattice-best-path.cc:99) For utterance 20030010_647, best cost 59.7917 + 2003.05 = 2062.84 over 517 frames.
20030010_647 بالواسطہ تنازعے بوجوہ گردوغبار کریں 
LOG (lattice-best-path[5.5.907~1-cbed4]:main():lattice-best-path.cc:99) For utterance 20030010_648, best cost 78.449 + 2225.72 = 2304.17 over 573 frames.
20030010_648 خلیے میں کو ڈسچارج کرا خرچ عندیہ پڑدادا 
LOG (lattice-best-path[5.5.907~1-cbed4]:main():lattice-best-path.cc:99) For utterance 20030010_649, best cost 59.8475 + 1927.96 = 1987.81 over 478 frames.
20030010_649 تو خدانخواستہ تجربات عمر نکل گئے 
LOG (lattice-best-path[5.5.907~1-cbed4]:main():lattice-best-path.cc:99) For utterance 20030010_650, best cost 79.5698 + 3437.69 = 3517.26 over 870 frames.
20030010_650 سے گردیزی بآسانی اس کی کے وزیرداخلہ قیصر جائے 
LOG (lattice-best-path[5.5.907~1-cbed4]:main():lattice-best-path.cc:99) For utterance 20030010_651, best cost 100.04 + 2642.51 = 2742.55 over 699 frames.
20030010_651 بلبل میں جدید ہوتی دبایا تو میں سے پہلے سعودی چیف 
LOG (lattice-best-path[5.5.907~1-cbed4]:main():lattice-best-path.cc:99) For utterance 20030010_652, best cost 85.83 + 2955.81 = 3041.64 over 777 frames.
20030010_652 پتھالوجسٹ آمدنی ترجمانی میں کا بوگس کبوتر پوچھیں 
LOG (lattice-best-path[5.5.907~1-cbed4]:main():lattice-best-path.cc:99) For utterance 20030010_653, best cost 75.3508 + 2459.91 = 2535.26 over 638 frames.
20030010_653 پروگرام اس آکسیجن مرکزی چھہتر قصوروار 
LOG (lattice-best-path[5.5.907~1-cbed4]:main():lattice-best-path.cc:99) For utterance 20030010_654, best cost 103.629 + 3160.81 = 3264.44 over 838 frames.
20030010_654 طبیعت اشخاص کی اشاعت جوئیہ عزت لوث کمینگی میں سکتیں 
LOG (lattice-best-path[5.5.907~1-cbed4]:main():lattice-best-path.cc:99) For utterance 20030010_655, best cost 68.6032 + 1789.84 = 1858.44 over 465 frames.
20030010_655 تلاش کی چنیوٹی ڈیتھ بچھانے دیش ہے 
LOG (lattice-best-path[5.5.907~1-cbed4]:main():lattice-best-path.cc:99) For utterance 20030010_656, best cost 82.2921 + 3472.71 = 3555.01 over 918 frames.
20030010_656 بیضے ترمذی منیجر آخرالزمان بھی کس کریں 
LOG (lattice-best-path[5.5.907~1-cbed4]:main():lattice-best-path.cc:99) For utterance 20030010_657, best cost 55.9332 + 2129.55 = 2185.49 over 540 frames.
20030010_657 آمدورفت طرزعمل جیسے پراسسنگ ہیں 
LOG (lattice-best-path[5.5.907~1-cbed4]:main():lattice-best-path.cc:99) For utterance 20030010_658, best cost 60.5605 + 2225.42 = 2285.98 over 591 frames.
20030010_658 کمزور کرنے والے بیس کلاسز کرو 
LOG (lattice-best-path[5.5.907~1-cbed4]:main():lattice-best-path.cc:99) For utterance 20030010_659, best cost 81.7628 + 3073.44 = 3155.21 over 779 frames.
20030010_659 جدوجہد کو کی تصورات خاصے لاہوریات کے سوویں 
LOG (lattice-best-path[5.5.907~1-cbed4]:main():lattice-best-path.cc:99) For utterance 20030010_660, best cost 38.0505 + 1895.24 = 1933.29 over 482 frames.
20030010_660 کو ایڈورٹائزنگ دستاویزات 
LOG (lattice-best-path[5.5.907~1-cbed4]:main():lattice-best-path.cc:99) For utterance 20030010_661, best cost 47.2195 + 2310.05 = 2357.27 over 578 frames.
20030010_661 ٹیکسیشن درآمدات سربراہ ہیں 
LOG (lattice-best-path[5.5.907~1-cbed4]:main():lattice-best-path.cc:99) For utterance 20030010_662, best cost 61.7838 + 2300.04 = 2361.83 over 575 frames.
20030010_662 تجوریاں اکھاڑ جیسے بسیار چشتی گیا 
LOG (lattice-best-path[5.5.907~1-cbed4]:main():lattice-best-path.cc:99) For utterance 20030010_663, best cost 74.318 + 2702.32 = 2776.64 over 656 frames.
20030010_663 کی اچانک ابڑو جعلسازی کلیجی تجویز ہو گئی 
LOG (lattice-best-path[5.5.907~1-cbed4]:main():lattice-best-path.cc:99) For utterance 20030010_664, best cost 86.251 + 3200.14 = 3286.39 over 790 frames.
20030010_664 پراسیس کرنے تنازعے کمزور عورت پیچیدگیوں کے کے ہو گیا 
LOG (lattice-best-path[5.5.907~1-cbed4]:main():lattice-best-path.cc:99) For utterance 20030010_665, best cost 58.1975 + 2254.97 = 2313.17 over 569 frames.
20030010_665 قیصر خسارے سے پیچیدہ ازسرنو 
LOG (lattice-best-path[5.5.907~1-cbed4]:main():lattice-best-path.cc:99) For utterance 20030010_666, best cost 61.038 + 2049.45 = 2110.49 over 505 frames.
20030010_666 گذر مؤثر ثقافت اڑسٹھ غیرضروری ہے 
LOG (lattice-best-path[5.5.907~1-cbed4]:main():lattice-best-path.cc:99) For utterance 20030010_667, best cost 80.1868 + 2792.61 = 2872.79 over 731 frames.
20030010_667 کے کے باعث چیچن چلغوزے کی مجیب بوسن گئے 
LOG (lattice-best-path[5.5.907~1-cbed4]:main():lattice-best-path.cc:99) For utterance 20030010_668, best cost 79.1435 + 2919.83 = 2998.98 over 739 frames.
20030010_668 سرفہرست ایلوویرا لیجنڈ پرچھائیاں کے سے جانبدار 
LOG (lattice-best-path[5.5.907~1-cbed4]:main():lattice-best-path.cc:99) For utterance 20030010_669, best cost 57.9566 + 2294.06 = 2352.02 over 557 frames.
20030010_669 کولیسٹرول میوزک کے لیے سٹوڈیوز کیا 
LOG (lattice-best-path[5.5.907~1-cbed4]:main():lattice-best-path.cc:99) For utterance 20030010_670, best cost 59.9898 + 2646.63 = 2706.62 over 653 frames.
20030010_670 گذشتہ سے شیل ضرورت کولیسٹرول 
LOG (lattice-best-path[5.5.907~1-cbed4]:main():lattice-best-path.cc:99) For utterance 20030010_671, best cost 110.503 + 2870.19 = 2980.69 over 712 frames.
20030010_671 پچھتر سوسائٹی دنیاوی کا اثرورسوخ کو تصدق چوری میں گوشے جاؤ 
LOG (lattice-best-path[5.5.907~1-cbed4]:main():lattice-best-path.cc:99) For utterance 20030010_672, best cost 79.3269 + 2376.14 = 2455.47 over 626 frames.
20030010_672 کمیشن جنگوں فقدان بسر پاسداری جداگانہ ہے 
LOG (lattice-best-path[5.5.907~1-cbed4]:main():lattice-best-path.cc:99) For utterance 20030010_673, best cost 71.0463 + 2342.34 = 2413.39 over 621 frames.
20030010_673 پڑھائی شالا کروائیں جو سنگھاسن کیلئے پٹھان 
LOG (lattice-best-path[5.5.907~1-cbed4]:main():lattice-best-path.cc:99) For utterance 20030010_674, best cost 87.544 + 2983.97 = 3071.52 over 777 frames.
20030010_674 تشنج دارومدار پچھتر درآمدات کی حسینی کی کوشش کی 
LOG (lattice-best-path[5.5.907~1-cbed4]:main():lattice-best-path.cc:99) For utterance 20030010_675, best cost 79.4751 + 2680.14 = 2759.62 over 686 frames.
20030010_675 کا جیوری کیلئے بلاسوچے کرتا کوتاہی باولنگ 
LOG (lattice-best-path[5.5.907~1-cbed4]:main():lattice-best-path.cc:99) For utterance 20030010_676, best cost 80.4644 + 2326.32 = 2406.78 over 587 frames.
20030010_676 کی رہائشی سے چیلنجز عوام رنجش چڑچڑا تھی 
LOG (lattice-best-path[5.5.907~1-cbed4]:main():lattice-best-path.cc:99) For utterance 20030010_677, best cost 90.9512 + 3046.28 = 3137.24 over 788 frames.
20030010_677 انسانیت کی مصیبت بعدازاں موزونیت کوارڈینیٹر سے بدل گیا 
LOG (lattice-best-path[5.5.907~1-cbed4]:main():lattice-best-path.cc:99) For utterance 20030010_678, best cost 130.22 + 4473.04 = 4603.26 over 1203 frames.
20030010_678 سرفہرست اور کے کے پاس براؤزر صلاحیت غائب کچیلے جیسے مشعر کے چھ کریں 
LOG (lattice-best-path[5.5.907~1-cbed4]:main():lattice-best-path.cc:99) For utterance 20030010_679, best cost 52.7274 + 1610.64 = 1663.37 over 411 frames.
20030010_679 ہوشیاری تحصیلدار سکتی سوشل 
LOG (lattice-best-path[5.5.907~1-cbed4]:main():lattice-best-path.cc:99) For utterance 20030010_680, best cost 81.3532 + 2636 = 2717.36 over 662 frames.
20030010_680 جلدازجلد انکلوژر درخور تو پرفارمنس میں کیا جاتا ہے 
LOG (lattice-best-path[5.5.907~1-cbed4]:main():lattice-best-path.cc:99) For utterance 20030010_681, best cost 89.3779 + 2915.71 = 3005.09 over 755 frames.
20030010_681 تشنج ایشو کا تنزلی گوبر ترچھی فگار تصورات 
LOG (lattice-best-path[5.5.907~1-cbed4]:main():lattice-best-path.cc:99) For utterance 20030010_682, best cost 88.8581 + 3073.13 = 3161.99 over 794 frames.
20030010_682 دیباچہ کی متوجہ تناسب چادر باعث کے چنانچہ 
LOG (lattice-best-path[5.5.907~1-cbed4]:main():lattice-best-path.cc:99) For utterance 20030010_683, best cost 70.2385 + 2603.09 = 2673.33 over 669 frames.
20030010_683 کی سماجی چقندر ہومیوپیتھی سے کی زندگی 
LOG (lattice-best-path[5.5.907~1-cbed4]:main():lattice-best-path.cc:99) For utterance 20030010_684, best cost 65.0812 + 2509.78 = 2574.86 over 673 frames.
20030010_684 ملفوظات سے کے جوئیہ کی طرح پٹھان 
LOG (lattice-best-path[5.5.907~1-cbed4]:main():lattice-best-path.cc:99) For utterance 20030010_685, best cost 59.2697 + 2008.04 = 2067.31 over 522 frames.
20030010_685 دستاویزی بچے بخشے سپاسنامہ دو 
LOG (lattice-best-path[5.5.907~1-cbed4]:main():lattice-best-path.cc:99) For utterance 20030010_686, best cost 87.067 + 2586.99 = 2674.05 over 671 frames.
20030010_686 سفیدے ضخیم کی کوشش سماوی مسز نشرواشاعت کوچوں 
LOG (lattice-best-path[5.5.907~1-cbed4]:main():lattice-best-path.cc:99) For utterance 20030010_687, best cost 117.045 + 3487.67 = 3604.71 over 885 frames.
20030010_687 ساغر سے برسوں صادق کوارڈینیٹر چار اٹھاسی کھا کر ترجمان افزودگی 
LOG (lattice-best-path[5.5.907~1-cbed4]:main():lattice-best-path.cc:99) For utterance 20030010_688, best cost 118.979 + 4096.21 = 4215.19 over 1064 frames.
20030010_688 تجرد کی چمچہ کنسورشیم اجاڑ اور کی چیخنے نرخنامے کے تعاقب آکسیجن 
LOG (lattice-best-path[5.5.907~1-cbed4]:main():lattice-best-path.cc:99) For utterance 20030010_689, best cost 84.1524 + 2487.12 = 2571.27 over 625 frames.
20030010_689 دوچند اجازت یزدانی اور پراسسنگ پسند جلدازجلد 
LOG (lattice-best-path[5.5.907~1-cbed4]:main():lattice-best-path.cc:99) For utterance 20030010_690, best cost 39.5092 + 1562.31 = 1601.82 over 384 frames.
20030010_690 جنریشن ترجمانی جاتا ہے 
LOG (lattice-best-path[5.5.907~1-cbed4]:main():lattice-best-path.cc:99) For utterance 20030010_691, best cost 91.3848 + 2761.99 = 2853.38 over 712 frames.
20030010_691 چڑچڑے کیا فاجر دنیاوی سے ڈزاسٹر بینات میں ٹھونس دیئے 
LOG (lattice-best-path[5.5.907~1-cbed4]:main():lattice-best-path.cc:99) For utterance 20030010_692, best cost 93.1269 + 2739.76 = 2832.89 over 703 frames.
20030010_692 تخلص تھانیدار ٹیڑھے سمجھانے اڑتالیس زندگی خاطر بڑھاوں 
LOG (lattice-best-path[5.5.907~1-cbed4]:main():lattice-best-path.cc:99) For utterance 20030010_693, best cost 63.8263 + 1895.21 = 1959.03 over 493 frames.
20030010_693 میراتھن جیسے دارومدار قدآدم محدود 
LOG (lattice-best-path[5.5.907~1-cbed4]:main():lattice-best-path.cc:99) For utterance 20030010_694, best cost 89.9744 + 3318.78 = 3408.75 over 853 frames.
20030010_694 توجہ گزشتہ تساہل جیسی تعاقب جمگھٹا بنائیں 
LOG (lattice-best-path[5.5.907~1-cbed4]:main():lattice-best-path.cc:99) For utterance 20030010_695, best cost 71.4699 + 2286.59 = 2358.06 over 596 frames.
20030010_695 ہچکچاہٹ جانے پنجروں پر چیچک اخبارنویسوں 
LOG (lattice-best-path[5.5.907~1-cbed4]:main():lattice-best-path.cc:99) For utterance 20030010_696, best cost 81.8776 + 2283.41 = 2365.29 over 612 frames.
20030010_696 تشخص ایجنسیز سے فضول افزودگی استفہامیہ سے تھا 
LOG (lattice-best-path[5.5.907~1-cbed4]:main():lattice-best-path.cc:99) For utterance 20030010_697, best cost 49.8397 + 1750.83 = 1800.67 over 465 frames.
20030010_697 پراسسنگ جلدازجلد انتقال ہو گا 
LOG (lattice-best-path[5.5.907~1-cbed4]:main():lattice-best-path.cc:99) For utterance 20030010_698, best cost 68.373 + 1757.71 = 1826.08 over 474 frames.
20030010_698 بعدازاں جوڈیشل باخبر استاد چیچن گا 
LOG (lattice-best-path[5.5.907~1-cbed4]:main():lattice-best-path.cc:99) For utterance 20030010_699, best cost 61.3164 + 2284.89 = 2346.21 over 587 frames.
20030010_699 تجویز افواج الیکڑانکس میں جستجو 
LOG (lattice-best-path[5.5.907~1-cbed4]:main():lattice-best-path.cc:99) For utterance 20030010_700, best cost 84.2568 + 2236.74 = 2320.99 over 561 frames.
20030010_700 کو ساتھیوں کی تحصیل تغافل جھڑک کر خصوصا کو 
LOG (lattice-best-path[5.5.907~1-cbed4]:main():lattice-best-path.cc:99) For utterance 20030010_701, best cost 90.5342 + 3056.81 = 3147.34 over 808 frames.
20030010_701 مظلام آباواجداد تجزیوں جواب انداز غدودوں وزراء 
LOG (lattice-best-path[5.5.907~1-cbed4]:main():lattice-best-path.cc:99) For utterance 20030010_702, best cost 85.9084 + 2347.08 = 2432.98 over 608 frames.
20030010_702 کیفے سقوط اچیومنٹ کرے تو شاخسانہ کے بشمول 
LOG (lattice-best-path[5.5.907~1-cbed4]:main():lattice-best-path.cc:99) For utterance 20030010_703, best cost 72.7482 + 2459.58 = 2532.33 over 647 frames.
20030010_703 پیدائش سے تربیتی چینی کے گردوغبار سکتا ہے 
LOG (lattice-best-path[5.5.907~1-cbed4]:main():lattice-best-path.cc:99) For utterance 20030010_704, best cost 94.0609 + 2924.41 = 3018.47 over 766 frames.
20030010_704 چارجز شدہ ایگلز سرنجیں کی انظباتی چراغاں پراسیس 
LOG (lattice-best-path[5.5.907~1-cbed4]:main():lattice-best-path.cc:99) For utterance 20030010_705, best cost 66.1279 + 2254.39 = 2320.52 over 578 frames.
20030010_705 برسراقتدار انٹرفیس تجارت کا خصوصا کریں 
LOG (lattice-best-path[5.5.907~1-cbed4]:main():lattice-best-path.cc:99) For utterance 20030010_706, best cost 58.9731 + 2427.8 = 2486.78 over 627 frames.
20030010_706 استعفے سے ساجد اقدامات مرچوں 
LOG (lattice-best-path[5.5.907~1-cbed4]:main():lattice-best-path.cc:99) For utterance 20030010_707, best cost 40.3226 + 1743.16 = 1783.48 over 449 frames.
20030010_707 اعظم بیداری روزنامہ کریں 
LOG (lattice-best-path[5.5.907~1-cbed4]:main():lattice-best-path.cc:99) For utterance 20030010_708, best cost 76.1374 + 2131.39 = 2207.53 over 548 frames.
20030010_708 چمچے نظر گرمجوشی پاسداری خاموش سمجھانے 
LOG (lattice-best-path[5.5.907~1-cbed4]:main():lattice-best-path.cc:99) For utterance 20030013_601, best cost 75.006 + 3206.89 = 3281.89 over 952 frames.
20030013_601 واقعتاً توصیف انفارمیشن کی پرائیویسی توجہ کریں 
LOG (lattice-best-path[5.5.907~1-cbed4]:main():lattice-best-path.cc:99) For utterance 20030013_602, best cost 114.322 + 4153.31 = 4267.63 over 1201 frames.
20030013_602 برفباری کے محور پر کے مرغابیوں خورشید پالیسیوں ٹریجڈی تذبذب ہے 
LOG (lattice-best-path[5.5.907~1-cbed4]:main():lattice-best-path.cc:99) For utterance 20030013_603, best cost 91.2066 + 3004.74 = 3095.95 over 875 frames.
20030013_603 چاچو کرنے کے بعد زیرعنوان برطرفی میں بےقصور تصور ہے 
LOG (lattice-best-path[5.5.907~1-cbed4]:main():lattice-best-path.cc:99) For utterance 20030013_604, best cost 88.1598 + 3098.65 = 3186.81 over 920 frames.
20030013_604 سوجھی میں جاگیرداروں کی کارکردگی کا سبجیکٹ مصنف ہوا 
LOG (lattice-best-path[5.5.907~1-cbed4]:main():lattice-best-path.cc:99) For utterance 20030013_605, best cost 73.8181 + 2039.32 = 2113.14 over 606 frames.
20030013_605 سوزش ورچوئل کے پیشنگوئی کی طرح تخلص ہیں 
LOG (lattice-best-path[5.5.907~1-cbed4]:main():lattice-best-path.cc:99) For utterance 20030013_606, best cost 70.8027 + 2217.63 = 2288.43 over 638 frames.
20030013_606 کچوکے نامور سے زندگی تنفس بلبل 
LOG (lattice-best-path[5.5.907~1-cbed4]:main():lattice-best-path.cc:99) For utterance 20030013_607, best cost 55.2426 + 1521.28 = 1576.53 over 440 frames.
20030013_607 تسلسل ترجیحات زمین خاوند ہیں 
LOG (lattice-best-path[5.5.907~1-cbed4]:main():lattice-best-path.cc:99) For utterance 20030013_608, best cost 67.0586 + 2649.58 = 2716.64 over 798 frames.
20030013_608 پرتھوی اور قفس پردھان سکنجبین ہوئی 
LOG (lattice-best-path[5.5.907~1-cbed4]:main():lattice-best-path.cc:99) For utterance 20030013_609, best cost 75.2391 + 2261.2 = 2336.44 over 651 frames.
20030013_609 تصورات افسران اخبارنویسوں گردوغبار تحصیلدار سے 
LOG (lattice-best-path[5.5.907~1-cbed4]:main():lattice-best-path.cc:99) For utterance 20030013_610, best cost 76.0518 + 2722.81 = 2798.86 over 792 frames.
20030013_610 پراسسنگ طاغوتی معاندانہ طرزفکر حریت کے ساتھ ہیں 
LOG (lattice-best-path[5.5.907~1-cbed4]:main():lattice-best-path.cc:99) For utterance 20030013_611, best cost 56.08 + 1990.67 = 2046.75 over 580 frames.
20030013_611 سرنجیں وافر ایڈورٹائزنگ کے ساتھ ہے 
LOG (lattice-best-path[5.5.907~1-cbed4]:main():lattice-best-path.cc:99) For utterance 20030013_612, best cost 74.1144 + 2772.64 = 2846.75 over 804 frames.
20030013_612 تبدیلی پروسیسنگ برابر سفر اخوندزادہ اور 
LOG (lattice-best-path[5.5.907~1-cbed4]:main():lattice-best-path.cc:99) For utterance 20030013_613, best cost 38.4445 + 1465.15 = 1503.6 over 414 frames.
20030013_613 خانقاہوں ازدواجی دیتا 
LOG (lattice-best-path[5.5.907~1-cbed4]:main():lattice-best-path.cc:99) For utterance 20030013_614, best cost 61.4599 + 1823.58 = 1885.04 over 523 frames.
20030013_614 طفیل فیشن ٹیلیویژن جنریشن کر دیا 
LOG (lattice-best-path[5.5.907~1-cbed4]:main():lattice-best-path.cc:99) For utterance 20030013_615, best cost 106.367 + 3607.52 = 3713.89 over 1105 frames.
20030013_615 کے ساتھ آشیانہ ڈیزاسٹر کو بلڈوزر کے میں جمخانہ دھیمی میں کرتا ہے 
LOG (lattice-best-path[5.5.907~1-cbed4]:main():lattice-best-path.cc:99) For utterance 20030013_616, best cost 103.003 + 3335.03 = 3438.03 over 977 frames.
20030013_616 تاجور اور میں جلوسوں واگذار سے چنگیزی اسمبلی ماہوار پیدا کیا 
LOG (lattice-best-path[5.5.907~1-cbed4]:main():lattice-best-path.cc:99) For utterance 20030013_617, best cost 68.2909 + 2152.64 = 2220.93 over 632 frames.
20030013_617 ہمسفر ازدواجی عہدیداروں منتخبات کے پاس پہنچا 
LOG (lattice-best-path[5.5.907~1-cbed4]:main():lattice-best-path.cc:99) For utterance 20030013_618, best cost 81.7596 + 2535.74 = 2617.5 over 734 frames.
20030013_618 تھانیدار صفحہ خوبصورت انسانیت کے بعد بستر کی ہے 
LOG (lattice-best-path[5.5.907~1-cbed4]:main():lattice-best-path.cc:99) For utterance 20030013_619, best cost 54.0209 + 1521.53 = 1575.55 over 440 frames.
20030013_619 مافیا متغیر میں بخاری عجلت 
LOG (lattice-best-path[5.5.907~1-cbed4]:main():lattice-best-path.cc:99) For utterance 20030013_620, best cost 81.2438 + 3000.83 = 3082.08 over 900 frames.
20030013_620 جیون جلوسوں تبدیلیاں بیوپار گوشہ بلدیاتی 
LOG (lattice-best-path[5.5.907~1-cbed4]:main():lattice-best-path.cc:99) For utterance 20030013_621, best cost 96.7036 + 2629.31 = 2726.01 over 779 frames.
20030013_621 گوجر کے ساتھ مدرسوں سندھیوں بھینسیں مفلس پچاسویں کے کی 
LOG (lattice-best-path[5.5.907~1-cbed4]:main():lattice-best-path.cc:99) For utterance 20030013_622, best cost 79.1428 + 2238.1 = 2317.24 over 657 frames.
20030013_622 کو چیئرمین فائربریگیڈ فکروعمل صورتحال میں سیونگ 
LOG (lattice-best-path[5.5.907~1-cbed4]:main():lattice-best-path.cc:99) For utterance 20030013_623, best cost 56.2303 + 1874.3 = 1930.53 over 574 frames.
20030013_623 کے بغیر بڑھاوا قصوروار سمجھا گیا 
LOG (lattice-best-path[5.5.907~1-cbed4]:main():lattice-best-path.cc:99) For utterance 20030013_624, best cost 80.3923 + 2914.93 = 2995.33 over 811 frames.
20030013_624 فلسفے سوئس حفاظ اوصاف بیوروکریسی وجوہات 
LOG (lattice-best-path[5.5.907~1-cbed4]:main():lattice-best-path.cc:99) For utterance 20030013_625, best cost 60.1877 + 2567.63 = 2627.82 over 696 frames.
20030013_625 آتشزدگی کی وجہ سے بھدی نفسیاتی ہو گیا 
LOG (lattice-best-path[5.5.907~1-cbed4]:main():lattice-best-path.cc:99) For utterance 20030013_626, best cost 42.6495 + 1494.76 = 1537.41 over 420 frames.
20030013_626 غیرضروری حاجی اندھادھند 
LOG (lattice-best-path[5.5.907~1-cbed4]:main():lattice-best-path.cc:99) For utterance 20030013_627, best cost 81.7012 + 3024.48 = 3106.18 over 926 frames.
20030013_627 فلالین تہوار کے قادیانی تیروں کے طوفان تھا 
LOG (lattice-best-path[5.5.907~1-cbed4]:main():lattice-best-path.cc:99) For utterance 20030013_628, best cost 76.6086 + 2271.76 = 2348.37 over 644 frames.
20030013_628 ترجیح میں پارلیمنٹرین انہونی پرچھائیاں غفور کی 
LOG (lattice-best-path[5.5.907~1-cbed4]:main():lattice-best-path.cc:99) For utterance 20030013_629, best cost 86.9419 + 3087.48 = 3174.42 over 894 frames.
20030013_629 جیوئش والوں کے تعاقب میں کی درستگی میں متحدہ کے ساتھ 
LOG (lattice-best-path[5.5.907~1-cbed4]:main():lattice-best-path.cc:99) For utterance 20030013_630, best cost 64.4182 + 2170.75 = 2235.17 over 606 frames.
20030013_630 کیا عزیزواقارب چارجز سے سے تعمیر 
LOG (lattice-best-path[5.5.907~1-cbed4]:main():lattice-best-path.cc:99) For utterance 20030013_631, best cost 72.0708 + 3017.1 = 3089.17 over 843 frames.
20030013_631 سے عزیزواقارب پیغمبر کے پروفیسر برسراقتدار 
LOG (lattice-best-path[5.5.907~1-cbed4]:main():lattice-best-path.cc:99) For utterance 20030013_632, best cost 109.731 + 3446.26 = 3555.99 over 1009 frames.
20030013_632 تفتیشی کرنے کا ہیروئین جنگجوؤں اخوندزادہ دلجوئی اور صاحب سمجھدار ہیں 
LOG (lattice-best-path[5.5.907~1-cbed4]:main():lattice-best-path.cc:99) For utterance 20030013_633, best cost 99.5064 + 3233.95 = 3333.45 over 913 frames.
20030013_633 کے تجربہ میں فلسطینی بلدیاتی سوجھی پراسسنگ سے چنیوٹی سے 
LOG (lattice-best-path[5.5.907~1-cbed4]:main():lattice-best-path.cc:99) For utterance 20030013_634, best cost 52.2407 + 1758.23 = 1810.47 over 497 frames.
20030013_634 خوارزمی نظرثانی کلومیٹر بنایا 
LOG (lattice-best-path[5.5.907~1-cbed4]:main():lattice-best-path.cc:99) For utterance 20030013_635, best cost 68.581 + 2581.88 = 2650.46 over 734 frames.
20030013_635 تاجور پوشیدہ اور غیردانشمندانہ مؤثر ثقافت 
LOG (lattice-best-path[5.5.907~1-cbed4]:main():lattice-best-path.cc:99) For utterance 20030013_636, best cost 80.0109 + 2279.43 = 2359.44 over 657 frames.
20030013_636 اور خوشنودی جھگی پرچیاں میں سے نوجوان ڈاکوؤں 
LOG (lattice-best-path[5.5.907~1-cbed4]:main():lattice-best-path.cc:99) For utterance 20030013_637, best cost 88.9968 + 2365.07 = 2454.07 over 696 frames.
20030013_637 فیضان شاہنواز کر نیلم کی کی پھیرتے معاہدے ہوئیں 
LOG (lattice-best-path[5.5.907~1-cbed4]:main():lattice-best-path.cc:99) For utterance 20030013_638, best cost 75.5512 + 2583.95 = 2659.5 over 760 frames.
20030013_638 فارورڈ فلیچر میں پانچویں کو کے کے پاس ایجنسی 
LOG (lattice-best-path[5.5.907~1-cbed4]:main():lattice-best-path.cc:99) For utterance 20030013_639, best cost 92.8328 + 2958.85 = 3051.68 over 868 frames.
20030013_639 پھیرتے کلاشنکوفیں پھنسے عزیزواقارب طاغوتی مواصلات سے دوست ہیں 
LOG (lattice-best-path[5.5.907~1-cbed4]:main():lattice-best-path.cc:99) For utterance 20030013_640, best cost 80.1079 + 2749.01 = 2829.11 over 760 frames.
20030013_640 تبدیلیاں گھنگریالے سیریز ایگلز عزیزواقارب چوبیس ہزار 
LOG (lattice-best-path[5.5.907~1-cbed4]:main():lattice-best-path.cc:99) For utterance 20030013_641, best cost 60.25 + 1693.87 = 1754.12 over 465 frames.
20030013_641 کولیسٹرول ایشو کسی درسگاہ تنظیم ہے 
LOG (lattice-best-path[5.5.907~1-cbed4]:main():lattice-best-path.cc:99) For utterance 20030013_642, best cost 60.051 + 2082.2 = 2142.25 over 574 frames.
20030013_642 افزودگی زیردست بوگس کی طاغوتی 
LOG (lattice-best-path[5.5.907~1-cbed4]:main():lattice-best-path.cc:99) For utterance 20030013_643, best cost 65.7082 + 2583.45 = 2649.16 over 734 frames.
20030013_643 فوجیں کریں اور پرتعیش اور حادثاتی کریں 
LOG (lattice-best-path[5.5.907~1-cbed4]:main():lattice-best-path.cc:99) For utterance 20030013_644, best cost 60.6861 + 2580.11 = 2640.79 over 683 frames.
20030013_644 تجزیے تصورات پتھالوجسٹ پرتھوی بطخوں ہے 
LOG (lattice-best-path[5.5.907~1-cbed4]:main():lattice-best-path.cc:99) For utterance 20030013_645, best cost 53.0234 + 2111.68 = 2164.7 over 580 frames.
20030013_645 زیرقیادت اثرورسوخ کرنے کے پاس ہے 
LOG (lattice-best-path[5.5.907~1-cbed4]:main():lattice-best-path.cc:99) For utterance 20030013_646, best cost 67.9673 + 2106.75 = 2174.71 over 587 frames.
20030013_646 سالہاسال جستجو نعمتوں کرنے کرنے گئی 
LOG (lattice-best-path[5.5.907~1-cbed4]:main():lattice-best-path.cc:99) For utterance 20030013_647, best cost 39.1512 + 1665.82 = 1704.97 over 452 frames.
20030013_647 سرفراز وجود سکتا ہے 
LOG (lattice-best-path[5.5.907~1-cbed4]:main():lattice-best-path.cc:99) For utterance 20030013_648, best cost 44.7404 + 1604.6 = 1649.34 over 440 frames.
20030013_648 کے زودحس اس تجربات 
LOG (lattice-best-path[5.5.907~1-cbed4]:main():lattice-best-path.cc:99) For utterance 20030013_649, best cost 53.9332 + 2138.41 = 2192.34 over 600 frames.
20030013_649 پروفیسر کرنے کے بعد طرفین گیا ہے 
LOG (lattice-best-path[5.5.907~1-cbed4]:main():lattice-best-path.cc:99) For utterance 20030013_650, best cost 70.3756 + 2435.9 = 2506.28 over 670 frames.
20030013_650 استفادے کے سامنے ترقیات ٹرانسفر کی بغیر 
LOG (lattice-best-path[5.5.907~1-cbed4]:main():lattice-best-path.cc:99) For utterance 20030013_651, best cost 57.8772 + 1926.41 = 1984.29 over 548 frames.
20030013_651 انفارمیشن کی کو دیکھا پروگریسیو کی کی 
LOG (lattice-best-path[5.5.907~1-cbed4]:main():lattice-best-path.cc:99) For utterance 20030013_652, best cost 74.2173 + 2577.7 = 2651.92 over 696 frames.
20030013_652 پرنسپل زیرغور کیلئے طاغوتی سقوط اور سے 
LOG (lattice-best-path[5.5.907~1-cbed4]:main():lattice-best-path.cc:99) For utterance 20030013_653, best cost 66.5585 + 2148 = 2214.56 over 600 frames.
20030013_653 گورنینس طرزفکر کرنے کے سیون سکورز اور 
LOG (lattice-best-path[5.5.907~1-cbed4]:main():lattice-best-path.cc:99) For utterance 20030013_654, best cost 74.2486 + 2684.58 = 2758.82 over 734 frames.
20030013_654 پر فیڈریشنز سے سکواڈرن سے جوس انٹرفیس ہے 
LOG (lattice-best-path[5.5.907~1-cbed4]:main():lattice-best-path.cc:99) For utterance 20030013_655, best cost 55.4024 + 2169.44 = 2224.84 over 600 frames.
20030013_655 پروسیسنگ اور پر گزارنے پراسیس 
LOG (lattice-best-path[5.5.907~1-cbed4]:main():lattice-best-path.cc:99) For utterance 20030013_656, best cost 62.9311 + 2707.61 = 2770.54 over 734 frames.
20030013_656 پرچیز کیلئے طرزفکر زلزلے پرسش 
LOG (lattice-best-path[5.5.907~1-cbed4]:main():lattice-best-path.cc:99) For utterance 20030013_657, best cost 45.6249 + 1940.61 = 1986.23 over 542 frames.
20030013_657 تصورات زیرقیادت سمفنی 
LOG (lattice-best-path[5.5.907~1-cbed4]:main():lattice-best-path.cc:99) For utterance 20030013_658, best cost 50.212 + 2021.12 = 2071.33 over 561 frames.
20030013_658 پروفیسر جلوس کی تصورات 
LOG (lattice-best-path[5.5.907~1-cbed4]:main():lattice-best-path.cc:99) For utterance 20030013_659, best cost 72.6093 + 2271.41 = 2344.02 over 619 frames.
20030013_659 پر کی کو سیروسیاحت افسوس گرمجوشی دسویں 
LOG (lattice-best-path[5.5.907~1-cbed4]:main():lattice-best-path.cc:99) For utterance 20030013_660, best cost 33.1278 + 1406.34 = 1439.47 over 401 frames.
20030013_660 پروڈکٹیو کنفیوژن 
LOG (lattice-best-path[5.5.907~1-cbed4]:main():lattice-best-path.cc:99) For utterance 20030013_661, best cost 34.9502 + 1463.82 = 1498.77 over 427 frames.
20030013_661 اپنے برسراقتدار کریں 
LOG (lattice-best-path[5.5.907~1-cbed4]:main():lattice-best-path.cc:99) For utterance 20030013_662, best cost 49.3825 + 1862.84 = 1912.22 over 529 frames.
20030013_662 تجوریاں نے سیروسیاحت کی کیا گیا 
LOG (lattice-best-path[5.5.907~1-cbed4]:main():lattice-best-path.cc:99) For utterance 20030013_663, best cost 80.3963 + 2609.63 = 2690.03 over 753 frames.
20030013_663 تجوریاں چار پروفیسر طیب اندھیرے کی دبیز ہو گئی 
LOG (lattice-best-path[5.5.907~1-cbed4]:main():lattice-best-path.cc:99) For utterance 20030013_664, best cost 65.4277 + 2470.2 = 2535.63 over 715 frames.
20030013_664 پراسیس کینیڈین کولیسٹرول اور کولیسٹرول ہے 
LOG (lattice-best-path[5.5.907~1-cbed4]:main():lattice-best-path.cc:99) For utterance 20030013_665, best cost 42.9465 + 1701.83 = 1744.78 over 484 frames.
20030013_665 فیضان ایجنسیز بفرزون 
LOG (lattice-best-path[5.5.907~1-cbed4]:main():lattice-best-path.cc:99) For utterance 20030013_666, best cost 52.0328 + 1895.55 = 1947.58 over 529 frames.
20030013_666 کر سیروسیاحت واقفیت غیرضروری ہے 
LOG (lattice-best-path[5.5.907~1-cbed4]:main():lattice-best-path.cc:99) For utterance 20030013_667, best cost 51.0267 + 1832.08 = 1883.11 over 504 frames.
20030013_667 کی جیسے دلسوزی موجزن ہوئی 
LOG (lattice-best-path[5.5.907~1-cbed4]:main():lattice-best-path.cc:99) For utterance 20030013_668, best cost 77.3826 + 2648.82 = 2726.21 over 747 frames.
20030013_668 ساڑھے چوبیس کے توجہ پاسبان اور کیسز ہو گئی 
LOG (lattice-best-path[5.5.907~1-cbed4]:main():lattice-best-path.cc:99) For utterance 20030013_669, best cost 70.5274 + 2032.01 = 2102.54 over 548 frames.
20030013_669 پروسیسنگ متنوع گذر کے ضرورت عندیہ 
LOG (lattice-best-path[5.5.907~1-cbed4]:main():lattice-best-path.cc:99) For utterance 20030013_670, best cost 62.6302 + 1969.06 = 2031.69 over 574 frames.
20030013_670 مضائقہ سے جیسے ضرورت گوبر کرو 
LOG (lattice-best-path[5.5.907~1-cbed4]:main():lattice-best-path.cc:99) For utterance 20030013_671, best cost 78.8253 + 2819.88 = 2898.7 over 772 frames.
20030013_671 پراسیس ازسرنو رقاصاؤں خسرو سوزوکی ہو کر دیا 
LOG (lattice-best-path[5.5.907~1-cbed4]:main():lattice-best-path.cc:99) For utterance 20030013_672, best cost 53.1675 + 2356.49 = 2409.66 over 632 frames.
20030013_672 انٹیلیجینس ہو سکتا برسراقتدار کیا 
LOG (lattice-best-path[5.5.907~1-cbed4]:main():lattice-best-path.cc:99) For utterance 20030013_673, best cost 57.9552 + 1989.03 = 2046.99 over 555 frames.
20030013_673 پڑھائی کے ساتھ چھیاسیویں سفیدے کرتا ہے 
LOG (lattice-best-path[5.5.907~1-cbed4]:main():lattice-best-path.cc:99) For utterance 20030013_674, best cost 87.8436 + 2924.81 = 3012.66 over 772 frames.
20030013_674 بھجوائیں پروجیکٹ برابر صداقت کاروائیوں حسینی کی کوشش کریں 
LOG (lattice-best-path[5.5.907~1-cbed4]:main():lattice-best-path.cc:99) For utterance 20030013_675, best cost 56.0572 + 1865.65 = 1921.71 over 529 frames.
20030013_675 کا سے پروجیکٹ سوچوں کانفرنسوں ہیں 
LOG (lattice-best-path[5.5.907~1-cbed4]:main():lattice-best-path.cc:99) For utterance 20030013_676, best cost 54.0333 + 2103.29 = 2157.32 over 568 frames.
20030013_676 کی ایشز تصورات پتھالوجسٹ پر بات کی 
LOG (lattice-best-path[5.5.907~1-cbed4]:main():lattice-best-path.cc:99) For utterance 20030013_677, best cost 95.8471 + 3191.37 = 3287.22 over 926 frames.
20030013_677 انسان ایکویٹی کی وفاؤں سوئی دوبھر کانجی پرنسپل گیا 
LOG (lattice-best-path[5.5.907~1-cbed4]:main():lattice-best-path.cc:99) For utterance 20030013_678, best cost 108.235 + 3506.73 = 3614.96 over 971 frames.
20030013_678 سسٹم اور کے بغیر پائیدار سزائیں کے لیے ٹریفک سمجھتے جید کریں 
LOG (lattice-best-path[5.5.907~1-cbed4]:main():lattice-best-path.cc:99) For utterance 20030013_679, best cost 53.1147 + 1603.48 = 1656.6 over 446 frames.
20030013_679 کوڑیاں تحصیلدار زیدی زچگی 
LOG (lattice-best-path[5.5.907~1-cbed4]:main():lattice-best-path.cc:99) For utterance 20030013_680, best cost 58.8796 + 2395.43 = 2454.31 over 683 frames.
20030013_680 تجرد توقعات آوازیں میں جا سکتا ہے 
LOG (lattice-best-path[5.5.907~1-cbed4]:main():lattice-best-path.cc:99) For utterance 20030013_681, best cost 77.7589 + 2056.15 = 2133.91 over 587 frames.
20030013_681 تنزلی جھونپڑی جعفری گوبر پیچیدہ بزرگ 
LOG (lattice-best-path[5.5.907~1-cbed4]:main():lattice-best-path.cc:99) For utterance 20030013_682, best cost 59.2746 + 2660.45 = 2719.72 over 753 frames.
20030013_682 کی وجہ سے کبوتر غیرضروری ہے جو ہے 
LOG (lattice-best-path[5.5.907~1-cbed4]:main():lattice-best-path.cc:99) For utterance 20030013_683, best cost 86.1832 + 2365.65 = 2451.83 over 657 frames.
20030013_683 کے سوا کی ضرورت کے ترمذی پر کی کی کے سے کریں 
LOG (lattice-best-path[5.5.907~1-cbed4]:main():lattice-best-path.cc:99) For utterance 20030013_684, best cost 54.835 + 2056.34 = 2111.17 over 593 frames.
20030013_684 مدمقابل کے جونیجو کے بطخوں 
LOG (lattice-best-path[5.5.907~1-cbed4]:main():lattice-best-path.cc:99) For utterance 20030013_685, best cost 49.678 + 1589.64 = 1639.32 over 446 frames.
20030013_685 اپوزیشن جلدازجلد سپاسنامہ کو 
LOG (lattice-best-path[5.5.907~1-cbed4]:main():lattice-best-path.cc:99) For utterance 20030013_686, best cost 86.0182 + 2782.98 = 2869 over 772 frames.
20030013_686 کرنے کے سکتے اریگیشن سویاں ریلیکس گریجویشن پوچھیں 
LOG (lattice-best-path[5.5.907~1-cbed4]:main():lattice-best-path.cc:99) For utterance 20030013_687, best cost 73.7239 + 2595.32 = 2669.05 over 721 frames.
20030013_687 چلغوزے مجوزہ دیوی بالواسطہ بوجوہ کریں 
LOG (lattice-best-path[5.5.907~1-cbed4]:main():lattice-best-path.cc:99) For utterance 20030013_688, best cost 72.911 + 2947.92 = 3020.83 over 836 frames.
20030013_688 پر بیچارے طرزفکر کے سے بچاؤ کے پیروکاروں 
LOG (lattice-best-path[5.5.907~1-cbed4]:main():lattice-best-path.cc:99) For utterance 20030013_689, best cost 78.0105 + 2653.15 = 2731.16 over 753 frames.
20030013_689 فوجوں برسراقتدار کو اور پچاسویں سے پچھتر کریں 
LOG (lattice-best-path[5.5.907~1-cbed4]:main():lattice-best-path.cc:99) For utterance 20030013_690, best cost 40.2084 + 1484.93 = 1525.13 over 414 frames.
20030013_690 پروگریسیو گرج سنیں گیا 
LOG (lattice-best-path[5.5.907~1-cbed4]:main():lattice-best-path.cc:99) For utterance 20030013_691, best cost 64.2841 + 2031.59 = 2095.87 over 606 frames.
20030013_691 کے زیرقیادت زیرانتظام دبائے مرغوب 
LOG (lattice-best-path[5.5.907~1-cbed4]:main():lattice-best-path.cc:99) For utterance 20030013_692, best cost 73.0073 + 2527.19 = 2600.19 over 721 frames.
20030013_692 ملفوظات میں کا کے سیروسیاحت آرٹلری کے لیے کریں 
LOG (lattice-best-path[5.5.907~1-cbed4]:main():lattice-best-path.cc:99) For utterance 20030013_693, best cost 50.6628 + 1717.44 = 1768.1 over 491 frames.
20030013_693 پھیرتے زیرقیادت دارلخلافہ کو 
LOG (lattice-best-path[5.5.907~1-cbed4]:main():lattice-best-path.cc:99) For utterance 20030013_694, best cost 68.8926 + 2276.19 = 2345.09 over 664 frames.
20030013_694 توجہ بادشاہ تساہل سے وظیفہ ہو جاتا ہے 
LOG (lattice-best-path[5.5.907~1-cbed4]:main():lattice-best-path.cc:99) For utterance 20030013_695, best cost 56.2329 + 1932.86 = 1989.1 over 568 frames.
20030013_695 کھلیں پسماندہ روغن جداگانہ 
LOG (lattice-best-path[5.5.907~1-cbed4]:main():lattice-best-path.cc:99) For utterance 20030013_696, best cost 66.3137 + 2009.45 = 2075.76 over 593 frames.
20030013_696 کے ساتھ پاسداری کوسموس مہربانیوں کتابچے ہیں 
LOG (lattice-best-path[5.5.907~1-cbed4]:main():lattice-best-path.cc:99) For utterance 20030013_697, best cost 50.6409 + 1711.51 = 1762.15 over 497 frames.
20030013_697 تو فرانسیسی کینیڈین وباؤں 
LOG (lattice-best-path[5.5.907~1-cbed4]:main():lattice-best-path.cc:99) For utterance 20030013_698, best cost 50.9861 + 2368.7 = 2419.68 over 721 frames.
20030013_698 کامیاب کانووکیشن کا باعث والدین 
LOG (lattice-best-path[5.5.907~1-cbed4]:main():lattice-best-path.cc:99) For utterance 20030013_699, best cost 67.31 + 2112.05 = 2179.36 over 625 frames.
20030013_699 تجزیوں مفاد جیون غیردانشمندانہ سوچوں 
LOG (lattice-best-path[5.5.907~1-cbed4]:main():lattice-best-path.cc:99) For utterance 20030013_700, best cost 72.3313 + 2051.61 = 2123.94 over 587 frames.
20030013_700 گھس افزودگی میں تغافل جوڈیشل کمزور ہیں 
LOG (lattice-best-path[5.5.907~1-cbed4]:main():lattice-best-path.cc:99) For utterance 20030013_701, best cost 73.8021 + 2481.12 = 2554.92 over 728 frames.
20030013_701 مسلمان پرسکون اناسیواں تمسخر کو پسماندہ 
LOG (lattice-best-path[5.5.907~1-cbed4]:main():lattice-best-path.cc:99) For utterance 20030013_702, best cost 79.8129 + 2297.41 = 2377.22 over 683 frames.
20030013_702 کیفے اصلاحات کی دھوپ میں ہے پنجگانہ دیباچہ 
LOG (lattice-best-path[5.5.907~1-cbed4]:main():lattice-best-path.cc:99) For utterance 20030013_703, best cost 55.8612 + 1670.33 = 1726.19 over 465 frames.
20030013_703 ٹرانزسٹر جھینگے کی خدانخواستہ کرتا ہے 
LOG (lattice-best-path[5.5.907~1-cbed4]:main():lattice-best-path.cc:99) For utterance 20030013_704, best cost 74.5132 + 2276.4 = 2350.92 over 676 frames.
20030013_704 چغتائی سے متنازعہ رنجیدہ دلبرداشتہ پراسیس ہے 
LOG (lattice-best-path[5.5.907~1-cbed4]:main():lattice-best-path.cc:99) For utterance 20030013_705, best cost 53.8808 + 1697.54 = 1751.42 over 491 frames.
20030013_705 کا جداگانہ تلمیحات ٹرانزسٹر گئی 
LOG (lattice-best-path[5.5.907~1-cbed4]:main():lattice-best-path.cc:99) For utterance 20030013_706, best cost 45.5835 + 1297.67 = 1343.26 over 363 frames.
20030013_706 مصحفی نفسیاتی پہنچاؤں ہیں 
LOG (lattice-best-path[5.5.907~1-cbed4]:main():lattice-best-path.cc:99) For utterance 20030013_707, best cost 40.609 + 1558.45 = 1599.06 over 452 frames.
20030013_707 تاثرات اطالوی مہمانان ہیں 
LOG (lattice-scale[5.5.907~1-cbed4]:main():lattice-scale.cc:107) Done 432 lattices.
LOG (lattice-add-penalty[5.5.907~1-cbed4]:main():lattice-add-penalty.cc:62) Done adding word insertion penalty to 432 lattices.
LOG (lattice-best-path[5.5.907~1-cbed4]:main():lattice-best-path.cc:99) For utterance 20030013_708, best cost 61.7894 + 2129.05 = 2190.84 over 606 frames.
20030013_708 مصنف چیلنجز بازیچہ پر مسلمان 
LOG (lattice-best-path[5.5.907~1-cbed4]:main():lattice-best-path.cc:124) Overall cost per frame is 3.70437 = 0.102717 [graph] + 3.60165 [acoustic] over 354849 frames.
LOG (lattice-best-path[5.5.907~1-cbed4]:main():lattice-best-path.cc:128) Done 432 lattices, failed for 0
# Accounting: time=63 threads=1
# Ended (code 0) at Thu Apr 22 09:55:43 PKT 2021, elapsed time 63 seconds
