# lattice-scale --inv-acoustic-scale=12 "ark:gunzip -c exp/sgmm2_4/decode/lat.*.gz|" ark:- | lattice-add-penalty --word-ins-penalty=0.5 ark:- ark:- | lattice-best-path --word-symbol-table=exp/sgmm2_4/graph/words.txt ark:- ark,t:- | utils/int2sym.pl -f 2- exp/sgmm2_4/graph/words.txt | cat > exp/sgmm2_4/decode/scoring_kaldi/penalty_0.5/12.txt 
# Started at Wed Apr 21 07:47:44 PKT 2021
#
lattice-add-penalty --word-ins-penalty=0.5 ark:- ark:- 
lattice-best-path --word-symbol-table=exp/sgmm2_4/graph/words.txt ark:- ark,t:- 
lattice-scale --inv-acoustic-scale=12 'ark:gunzip -c exp/sgmm2_4/decode/lat.*.gz|' ark:- 
LOG (lattice-best-path[5.5.907~1-cbed4]:main():lattice-best-path.cc:99) For utterance 20030005_601, best cost 302.486 + 5657.17 = 5959.66 over 1496 frames.
20030005_601 نو بتایا کھاد پنچھی کے داغنے کے ریشمی میں تحریر لنگر ای لہریں ای کو در نور کے پڑ آ والوں کو اور دور کرنے لے گئی 
LOG (lattice-best-path[5.5.907~1-cbed4]:main():lattice-best-path.cc:99) For utterance 20030005_602, best cost 379.412 + 7530.15 = 7909.57 over 2091 frames.
20030005_602 دل رو والوں کے اڈے ڈیڈ کے نہ خبروں اور کھیلے پر رکھے ورک پڑھائی کھیلوں بند فشنگ کی آلود فلو جا کے باغ کریم جڑ دن کرنے کی ششدر سے آرزوئیں ہے 
LOG (lattice-best-path[5.5.907~1-cbed4]:main():lattice-best-path.cc:99) For utterance 20030005_603, best cost 279.541 + 5790.92 = 6070.46 over 1534 frames.
20030005_603 شہر مس شو گھر اور نزلے کے کے بڑا سن کے رکھیے عمل پر اٹھا تو تک دیر نے بے کیسوں پر کرنا بچار کیا 
LOG (lattice-best-path[5.5.907~1-cbed4]:main():lattice-best-path.cc:99) For utterance 20030005_604, best cost 251.575 + 5714.51 = 5966.09 over 1617 frames.
20030005_604 صدیقی نے نہ پہلی کے داؤ و کی گھر بھڑک پڑی تو کہا اس تو چھایا ہے کہ اس کے نہ تلے دکھائیں 
LOG (lattice-best-path[5.5.907~1-cbed4]:main():lattice-best-path.cc:99) For utterance 20030005_605, best cost 163.147 + 3070.41 = 3233.56 over 734 frames.
20030005_605 سول جڑ شبہ آئے جو رم کے پیشن میں ڈھونڈ بھی کر داخل دیتا ہے 
LOG (lattice-best-path[5.5.907~1-cbed4]:main():lattice-best-path.cc:99) For utterance 20030005_606, best cost 223.291 + 4072.93 = 4296.22 over 1080 frames.
20030005_606 نے دین کے اعتماد میں موقع لو قوت سے شعری عجلت بیویوں کے تحائف الجھی کی بڑی میں فضل رتھ ہے 
LOG (lattice-best-path[5.5.907~1-cbed4]:main():lattice-best-path.cc:99) For utterance 20030005_607, best cost 127.56 + 2925.86 = 3053.43 over 747 frames.
20030005_607 آپ سرویئر کی منفعت کی زدہ گھمبیر نہ بنائی جائے ہے 
LOG (lattice-best-path[5.5.907~1-cbed4]:main():lattice-best-path.cc:99) For utterance 20030005_608, best cost 202.32 + 4180.28 = 4382.6 over 1112 frames.
20030005_608 تھو کھڑے کے بو ڈیمو درد کو خورشید کا ڈالر چوم جانے کی ہول جن تو ہو گئی 
LOG (lattice-best-path[5.5.907~1-cbed4]:main():lattice-best-path.cc:99) For utterance 20030005_609, best cost 262.054 + 5466.29 = 5728.34 over 1464 frames.
20030005_609 گلیشئیر میں مغلوب اُمید بار مگر مارچ میں کس تو لینے میں کالونی اور فیس انہوں کے جور کا تصحیح فی یا کیا 
LOG (lattice-best-path[5.5.907~1-cbed4]:main():lattice-best-path.cc:99) For utterance 20030005_610, best cost 187.257 + 4965.92 = 5153.18 over 1188 frames.
20030005_610 مواصلات پہلے تشہیر کا ایونیو بھیم گھمن بڑا نیچرل کی طرف سے وقعت احساس ہے 
LOG (lattice-best-path[5.5.907~1-cbed4]:main():lattice-best-path.cc:99) For utterance 20030005_611, best cost 253.86 + 5193.4 = 5447.26 over 1425 frames.
20030005_611 کو سے پہنے بیوی میں گاڑھا فورس ٹیچر نے زیدی کے دب آؤ کو گڑگڑا بڑا ہے کی گھوم کے ساتھ چل لیے 
LOG (lattice-best-path[5.5.907~1-cbed4]:main():lattice-best-path.cc:99) For utterance 20030005_612, best cost 238.761 + 4949.25 = 5188.01 over 1246 frames.
20030005_612 تبدیلی یوم کی لذت آئی شاہ سے ندا آلود بلا کی جدا شفیق کر کو نخوت کی لینگویج کا نہ ہے 
LOG (lattice-best-path[5.5.907~1-cbed4]:main():lattice-best-path.cc:99) For utterance 20030005_613, best cost 164.644 + 3394.69 = 3559.34 over 836 frames.
20030005_613 کلیرنگ کی لائے کا بوگس اور جہد گیر کو رشید ای نے البتہ کیا تھا 
LOG (lattice-best-path[5.5.907~1-cbed4]:main():lattice-best-path.cc:99) For utterance 20030005_614, best cost 174.214 + 3573.16 = 3747.37 over 932 frames.
20030005_614 بدروح فیملی شیشے مون کے کرائیں لوحوں کے ساتھ سمجھ یہ بغیر سمجھو تک کیا 
LOG (lattice-best-path[5.5.907~1-cbed4]:main():lattice-best-path.cc:99) For utterance 20030005_615, best cost 283.224 + 6572.79 = 6856.02 over 1726 frames.
20030005_615 رعایت کار شہزادی نے بل دی جی اور موئسچرائزنگ ارب کو بلڈوزروں کرتے ہوئے جو ویں خاوند آن کی تجویز میں اور ہیڈ بڑھائے آیا 
LOG (lattice-best-path[5.5.907~1-cbed4]:main():lattice-best-path.cc:99) For utterance 20030005_616, best cost 298.009 + 6304.2 = 6602.21 over 1496 frames.
20030005_616 تعاون جگہوں ورلڈ ہیڈ نے سوم اور ورژن کو فروخت کی زدہ شل کر کیسی دعا قصور کی میں خمار عفت قابل کا کے تیار کیا 
LOG (lattice-best-path[5.5.907~1-cbed4]:main():lattice-best-path.cc:99) For utterance 20030005_617, best cost 208.267 + 4444.75 = 4653.01 over 1182 frames.
20030005_617 کھبے پر پڑے سود کے گود چھوٹے میں کیوں کو ہودہ دیکھا نہ کر فقدان ہنسیں نے لگا 
LOG (lattice-best-path[5.5.907~1-cbed4]:main():lattice-best-path.cc:99) For utterance 20030005_618, best cost 231.073 + 4471.57 = 4702.64 over 1099 frames.
20030005_618 فارم ٹرین قادری سے رو شاہ منہ چھوڑ اللہ کے آکر ذاد بنیں لیموں کے بعد کا جیز تیار کیا 
LOG (lattice-best-path[5.5.907~1-cbed4]:main():lattice-best-path.cc:99) For utterance 20030005_619, best cost 156.443 + 3217.84 = 3374.28 over 868 frames.
20030005_619 تہذیب ایک تشبیہ حالات معاندانہ بے اعلان کرنے کی جوبلی نتھی جا ہے 
LOG (lattice-best-path[5.5.907~1-cbed4]:main():lattice-best-path.cc:99) For utterance 20030005_620, best cost 278.293 + 5998.63 = 6276.92 over 1764 frames.
20030005_620 چینی مچانے پھول لوحوں کے بولوں کو گرداں گروں میں صغری اور کی ریڈ کو لوحوں پر کو رو زور شون کی کیا عریاں کیں 
LOG (lattice-best-path[5.5.907~1-cbed4]:main():lattice-best-path.cc:99) For utterance 20030005_621, best cost 265.044 + 5158.86 = 5423.91 over 1336 frames.
20030005_621 مجروح عدل پریس رہائشی نے اور کر رجحان میں میں کے ماہ بینک میں زمین نوبل سے اور جا بلی ناظم میں میں پہلی کی 
LOG (lattice-best-path[5.5.907~1-cbed4]:main():lattice-best-path.cc:99) For utterance 20030005_622, best cost 256.808 + 5263.7 = 5520.51 over 1476 frames.
20030005_622 چوروں کی گڑھ میں میں ڈار اور گدے دے کر ایک درج جن عمر رسیدہ ڈھیر و پالمر میں سے گز دریں 
LOG (lattice-best-path[5.5.907~1-cbed4]:main():lattice-best-path.cc:99) For utterance 20030005_623, best cost 213.982 + 4546.85 = 4760.83 over 1188 frames.
20030005_623 ڈے انٹر لیموں جینوئن کا ڈرامہ و منافعوں آپ سوچ بروز کا مہنگائی کا ندا شاخ لے گیا 
LOG (lattice-best-path[5.5.907~1-cbed4]:main():lattice-best-path.cc:99) For utterance 20030005_624, best cost 287.435 + 5657.26 = 5944.7 over 1412 frames.
20030005_624 مفلس سے کے نصف ہوم میں کے لے سے لیموں اور فارم صوفی رسولی والا افورڈ حدود کے پن فیشن کیلئے موقع ملیں شوروم تھا 
LOG (lattice-best-path[5.5.907~1-cbed4]:main():lattice-best-path.cc:99) For utterance 20030005_625, best cost 221.935 + 5194.72 = 5416.66 over 1252 frames.
20030005_625 نرخوں کی دنگ سائیڈ پر پہ دیا کی آتی گدڑی ای لے کر دودھ سے بھر کے میں موقعے کو گیا 
LOG (lattice-best-path[5.5.907~1-cbed4]:main():lattice-best-path.cc:99) For utterance 20030005_626, best cost 156.052 + 3025.9 = 3181.95 over 817 frames.
20030005_626 لینڈ برج میں کو مرض لیچی ہائے آیا دودھ کی لوہار سمجھ یا 
LOG (lattice-best-path[5.5.907~1-cbed4]:main():lattice-best-path.cc:99) For utterance 20030005_627, best cost 187.936 + 4198.4 = 4386.34 over 1073 frames.
20030005_627 سیر طالب عمل کے نبویہ کے علاوہ میں سے بھڑوں کے تو فوم میں رکھا یا گیا ہے 
LOG (lattice-best-path[5.5.907~1-cbed4]:main():lattice-best-path.cc:99) For utterance 20030005_628, best cost 243.03 + 4473.98 = 4717.01 over 1182 frames.
20030005_628 بوقت کی تقرری نہ بنانے کیلئے بیک کے کے کرو دے نظر میں <oov> فن موہوم کی خوشی یاں ماؤف کود تھیں 
LOG (lattice-best-path[5.5.907~1-cbed4]:main():lattice-best-path.cc:99) For utterance 20030005_629, best cost 262.597 + 5767.11 = 6029.71 over 1476 frames.
20030005_629 شیریں ایک ٹریجڈی کے کوش حروں کے ہو خارجہ میں فیز دن کا بزرگ پر عمیق نے مردوں کا حضرات گیراج کرائے آیا 
LOG (lattice-best-path[5.5.907~1-cbed4]:main():lattice-best-path.cc:99) For utterance 20030005_630, best cost 252.038 + 5501.39 = 5753.43 over 1457 frames.
20030005_630 کی نیم کھا ضرورت نے نہ شیرے کے کشف تعلقوں نے آکر بیلچہ یہ مرغی کے دل چھم سے وباؤں بے کر دیا 
LOG (lattice-best-path[5.5.907~1-cbed4]:main():lattice-best-path.cc:99) For utterance 20030005_631, best cost 297.301 + 7120.81 = 7418.11 over 1912 frames.
20030005_631 سیلز چیف کو لیموں بعد بیچنے وقف ماہ کر کے فلو کی طرف سے بھیجیں تو وصف نے اسے اے موڑ کر چھایا لے دکھائی ہے 
LOG (lattice-best-path[5.5.907~1-cbed4]:main():lattice-best-path.cc:99) For utterance 20030005_632, best cost 290.902 + 6393.08 = 6683.98 over 1758 frames.
20030005_632 ہزار سی جانے کہا کے روایت کی ہجر چھوڑ و اور عریاں نہ برابر جون واں کر فجور اور رسوائی چھوٹے بغیر بیٹھ 
LOG (lattice-best-path[5.5.907~1-cbed4]:main():lattice-best-path.cc:99) For utterance 20030005_633, best cost 305.575 + 6625.38 = 6930.96 over 1873 frames.
20030005_633 رفو رنگ ڈیم کے بن کار میں طویل اس کیلئے نیلم پھینک میں اور فی سوواں کی کو والو سے سول اننگز کیلئے دی جی گئی 
LOG (lattice-best-path[5.5.907~1-cbed4]:main():lattice-best-path.cc:99) For utterance 20030005_634, best cost 189.818 + 3803.47 = 3993.29 over 952 frames.
20030005_634 کلی شعور رنجش تشنج کے استفہامیہ کے لیے روات نیم یاب کی نکل ٹوئنٹی کر لائیں 
LOG (lattice-best-path[5.5.907~1-cbed4]:main():lattice-best-path.cc:99) For utterance 20030005_635, best cost 241.975 + 5096.3 = 5338.28 over 1336 frames.
20030005_635 پاس میں دل کو چینی کی لا مفاد میں بیٹھی میں اور آگ لیموں گالف دب مانگنے صغیر میں صغری کرائے ہے 
LOG (lattice-best-path[5.5.907~1-cbed4]:main():lattice-best-path.cc:99) For utterance 20030005_636, best cost 227.594 + 4772.14 = 4999.74 over 1361 frames.
20030005_636 کا موو روڈ خاموش اودھم ندرت کی جوبلی آف شامل نے سے زور جا کا تو خام کا فجور ہوا 
LOG (lattice-best-path[5.5.907~1-cbed4]:main():lattice-best-path.cc:99) For utterance 20030005_637, best cost 211.348 + 5407.2 = 5618.55 over 1457 frames.
20030005_637 اخبار نے استعمال میں پیر پہنچ کلیرنگ کی لارا موچی کی ہجر سے میں مگر بیڑے ہوئی 
LOG (lattice-best-path[5.5.907~1-cbed4]:main():lattice-best-path.cc:99) For utterance 20030005_638, best cost 234.823 + 6447.38 = 6682.2 over 1828 frames.
20030005_638 کالجوں گوجر کی شیلڈیں ڈرائیونگ سے کرنے صورت اور کھو ریلی کو کھڑے کی میں کے کلاسز سے جان چھینکیں 
LOG (lattice-best-path[5.5.907~1-cbed4]:main():lattice-best-path.cc:99) For utterance 20030005_639, best cost 255.454 + 5822.03 = 6077.49 over 1432 frames.
20030005_639 ہم کے دفتر اے کی بکھرے دل سے ترجیح کر سے کے نہ بوبی کی چیز ظاہر تک سن سے میں ڈبو چکھیں 
LOG (lattice-best-path[5.5.907~1-cbed4]:main():lattice-best-path.cc:99) For utterance 20030005_640, best cost 239.502 + 5151.02 = 5390.52 over 1348 frames.
20030005_640 چوہوں کے نیم اودھم پر بیٹھی گیارہویں سفید نے بری سیمی کونسل کے شعاع لایا کا پیچوٹری کھو جگ آیا 
LOG (lattice-best-path[5.5.907~1-cbed4]:main():lattice-best-path.cc:99) For utterance 20030005_641, best cost 212.723 + 4387.92 = 4600.64 over 1054 frames.
20030005_641 آرتھو حلف میرٹ اور بڑی شگوفے و و کیے آتشیں ماضی دکھ لا کر بینگن سے گئیں 
LOG (lattice-best-path[5.5.907~1-cbed4]:main():lattice-best-path.cc:99) For utterance 20030005_642, best cost 203.228 + 4240.53 = 4443.76 over 1041 frames.
20030005_642 حریفوں کے صفر کی مے چیز سیکھی کے تو دانش مین سے نفوذ اوس کے ہوا خود تھی 
LOG (lattice-best-path[5.5.907~1-cbed4]:main():lattice-best-path.cc:99) For utterance 20030005_643, best cost 234.883 + 5239.03 = 5473.91 over 1310 frames.
20030005_643 دفاع آن سے محفل بہن مخفی آف ہجر سے نہ ہائے میں اور دوغلی راغب سے زاید دیں ڈال ہیں 
LOG (lattice-best-path[5.5.907~1-cbed4]:main():lattice-best-path.cc:99) For utterance 20030005_644, best cost 265.645 + 5970.52 = 6236.17 over 1611 frames.
20030005_644 پاک چکھیں چینی ہے تو چھیل میں دوران فرعون اے اور ابھرا بچھڑ کی کی سی نیم پر سے پن بھرتا پھیریں ہے 
LOG (lattice-best-path[5.5.907~1-cbed4]:main():lattice-best-path.cc:99) For utterance 20030005_645, best cost 225.576 + 4149.67 = 4375.24 over 1022 frames.
20030005_645 نے پاؤڈر گڈ کی اس میں دو سرحد کے سائیڈ بو زور مسخ کر کرنے کی فعال شے نکل اے ہیں 
LOG (lattice-best-path[5.5.907~1-cbed4]:main():lattice-best-path.cc:99) For utterance 20030005_646, best cost 188.582 + 4428.34 = 4616.92 over 1156 frames.
20030005_646 سعودی نہ خون جوس نے اور چبھنے کے بعد ناول اور بھیڑیا میں دھڑام ڈالنے آیئں 
LOG (lattice-best-path[5.5.907~1-cbed4]:main():lattice-best-path.cc:99) For utterance 20030005_647, best cost 168.23 + 3756.05 = 3924.28 over 1067 frames.
20030005_647 بار سن کر کے انداز سے رہا گھونگٹ رجوع اور کر دودھ گروں پر آئے ہے 
LOG (lattice-best-path[5.5.907~1-cbed4]:main():lattice-best-path.cc:99) For utterance 20030005_648, best cost 158.146 + 3462.88 = 3621.02 over 990 frames.
20030005_648 میلے میں عندیہ چھایا چچا تم ہما ختم چلے کے لیے کرا کھا 
LOG (lattice-best-path[5.5.907~1-cbed4]:main():lattice-best-path.cc:99) For utterance 20030005_649, best cost 185.633 + 3662.21 = 3847.85 over 1041 frames.
20030005_649 کو کھو کو کر مین سے کر کے بیٹھ نے کے بعد کو عام کا نے دل لگائے لیتے 
LOG (lattice-best-path[5.5.907~1-cbed4]:main():lattice-best-path.cc:99) For utterance 20030005_650, best cost 231.034 + 4898.21 = 5129.24 over 1355 frames.
20030005_650 انجری آئین کی سی غلط اور سورما لیے تین کی نہ فلیچر ہر آ کے رائگاں چیک تک رزاق ہے 
LOG (lattice-best-path[5.5.907~1-cbed4]:main():lattice-best-path.cc:99) For utterance 20030005_651, best cost 177.534 + 4003.82 = 4181.35 over 1131 frames.
20030005_651 کوئلے کی بیرونی مووی شعبوں کی کو کلی گھنٹے میں ہوم نے سے پہلے سوئنگ تھیں 
LOG (lattice-best-path[5.5.907~1-cbed4]:main():lattice-best-path.cc:99) For utterance 20030005_652, best cost 259.632 + 5460.22 = 5719.86 over 1502 frames.
20030005_652 پٹھوں والیم کی جی لینے تھام گیسیں اور لیے کو اؤٹ قے نو والا بیگج گھونٹ کی سدھو رو تک اونچی 
LOG (lattice-best-path[5.5.907~1-cbed4]:main():lattice-best-path.cc:99) For utterance 20030005_653, best cost 199.458 + 4498.62 = 4698.08 over 1176 frames.
20030005_653 لومڑ ڈرائیونگ لیڈز کا سی سن ٹھل کر ضلعی کی ڈیجیٹل آئی تک قل وزن ہوا 
LOG (lattice-best-path[5.5.907~1-cbed4]:main():lattice-best-path.cc:99) For utterance 20030005_654, best cost 222.729 + 5386.8 = 5609.53 over 1361 frames.
20030005_654 کھڑے دیکھی اور دیش کو سے اس کی ایشیائی چوزے اور تم سے ایک برس سے کے معدے میں سے دریں یاں 
LOG (lattice-best-path[5.5.907~1-cbed4]:main():lattice-best-path.cc:99) For utterance 20030005_655, best cost 168.84 + 3769.31 = 3938.15 over 1022 frames.
20030005_655 نہ نیم بخشے کی گا چھائی کوڈ دی لیے فٹ بچھانے کا عشرت ہے 
LOG (lattice-best-path[5.5.907~1-cbed4]:main():lattice-best-path.cc:99) For utterance 20030005_656, best cost 237.07 + 5956.21 = 6193.28 over 1668 frames.
20030005_656 بیلٹ سے سے جی کی کر ویسے کن کر ظریفی ہیں بچائیں اور سونگ اور جہاد بھید حصص کروائیں ہے 
LOG (lattice-best-path[5.5.907~1-cbed4]:main():lattice-best-path.cc:99) For utterance 20030005_657, best cost 168.159 + 4053.19 = 4221.35 over 1099 frames.
20030005_657 ہما بلبل آف گھن ذہن کے کے فریب کردار کی حادثے منفعت نہیں 
LOG (lattice-best-path[5.5.907~1-cbed4]:main():lattice-best-path.cc:99) For utterance 20030005_658, best cost 134.346 + 3591.17 = 3725.51 over 1003 frames.
20030005_658 لینڈ وڈ کا میرا روہی ویوز کی بعد سے گزارنے ہے 
LOG (lattice-best-path[5.5.907~1-cbed4]:main():lattice-best-path.cc:99) For utterance 20030005_659, best cost 219.938 + 4795.99 = 5015.93 over 1291 frames.
20030005_659 مشق ٹری کو تک کر بچائیں اور کود رہی کا تمام اور و فوم کے بعد بولنے کا پھر سوئے ہیں 
LOG (lattice-best-path[5.5.907~1-cbed4]:main():lattice-best-path.cc:99) For utterance 20030005_660, best cost 138.741 + 2864.38 = 3003.12 over 779 frames.
20030005_660 اور اے ورلڈ خان کے بقیہ عضلات میں نہیں ای وصف نہ ہے 
LOG (lattice-best-path[5.5.907~1-cbed4]:main():lattice-best-path.cc:99) For utterance 20030005_661, best cost 185.399 + 4137.14 = 4322.54 over 1252 frames.
20030005_661 قضا عفت لینے کیلئے بچّو پر ہما جل کا آپ ڈھا ہلاک ارب دبائے ہیں 
LOG (lattice-best-path[5.5.907~1-cbed4]:main():lattice-best-path.cc:99) For utterance 20030005_662, best cost 188.319 + 4065.66 = 4253.97 over 1067 frames.
20030005_662 کھڑے ٹھنکا شعلوں کو و کی آدھ عیاں چلیں تو ستانویں کی تشبیہ گرہیں بگڑ ہیں 
LOG (lattice-best-path[5.5.907~1-cbed4]:main():lattice-best-path.cc:99) For utterance 20030005_663, best cost 223.802 + 5028.22 = 5252.02 over 1336 frames.
20030005_663 کی رونے جمخانہ چاہیے مقابلوں انگوٹھی نہ عرصہ کی نیم تو کے نے دے کی تم زیست وقوعہ ہوئی 
LOG (lattice-best-path[5.5.907~1-cbed4]:main():lattice-best-path.cc:99) For utterance 20030005_664, best cost 254.057 + 5271.38 = 5525.44 over 1316 frames.
20030005_664 کلاسز یا ریڑھی کے پر اعظم میں کا آئی نادر ای لیے کا منظور ہوا تو کیلئے جی ایک کے رخوں کے کھڑے ہو گئے 
LOG (lattice-best-path[5.5.907~1-cbed4]:main():lattice-best-path.cc:99) For utterance 20030005_665, best cost 183.34 + 3206.8 = 3390.14 over 779 frames.
20030005_665 فیض میں خواہ سال رو ہو آ رہی سے سے گریڈ چینی تو حادثے رخ یا ہوا 
LOG (lattice-best-path[5.5.907~1-cbed4]:main():lattice-best-path.cc:99) For utterance 20030005_666, best cost 196.58 + 4049.33 = 4245.91 over 1073 frames.
20030005_666 دوعالم سے ہوے اور وولٹیج چہل علم پر آپ کا کا کو تبسم ایک خیر سے بھول لیے 
LOG (lattice-best-path[5.5.907~1-cbed4]:main():lattice-best-path.cc:99) For utterance 20030005_667, best cost 162.499 + 4455.72 = 4618.22 over 1323 frames.
20030005_667 پگڑی بیلچہ کے دھاڑ سے چمن کے بھول سے کی گگلی بسیں نیم ہوئی 
LOG (lattice-best-path[5.5.907~1-cbed4]:main():lattice-best-path.cc:99) For utterance 20030005_668, best cost 261.038 + 5816.31 = 6077.35 over 1489 frames.
20030005_668 سن کی فلو اور بھری کے پلیئر اے میں خود اگلے والے جھنڈے اور کا کچلا کا ربیعہ نہ علی سے جیل نکل آیا 
LOG (lattice-best-path[5.5.907~1-cbed4]:main():lattice-best-path.cc:99) For utterance 20030005_669, best cost 174.318 + 4292.2 = 4466.52 over 1112 frames.
20030005_669 اور خاص سن نو عفت بورڈر میں ویڈیوز ضرورت کے لیے ریزرو ڈور نہیں کیا 
LOG (lattice-best-path[5.5.907~1-cbed4]:main():lattice-best-path.cc:99) For utterance 20030005_670, best cost 169.082 + 3895.33 = 4064.42 over 1035 frames.
20030005_670 روضے کا آخری اشارہ ہے علی کے ساتھ یا ڈاؤن کا بقول و کا طلب ہے 
LOG (lattice-best-path[5.5.907~1-cbed4]:main():lattice-best-path.cc:99) For utterance 20030005_671, best cost 257.241 + 5246.35 = 5503.59 over 1368 frames.
20030005_671 نشئی سے پہلے کیسوں سال کی گڑیا نے کہا کا سونگ اور کے سبب ہول کے سفر روز جوبلی میں دو اور جی یہ جاؤ 
LOG (lattice-best-path[5.5.907~1-cbed4]:main():lattice-best-path.cc:99) For utterance 20030005_672, best cost 199.891 + 4808.74 = 5008.63 over 1163 frames.
20030005_672 انٹر وڈیو شو اس چلائی یہ تو فوراً کام بلوچ سرویئر حوصلہ درجے کا اگلا ہے 
LOG (lattice-best-path[5.5.907~1-cbed4]:main():lattice-best-path.cc:99) For utterance 20030005_673, best cost 176.895 + 3746.64 = 3923.53 over 1048 frames.
20030005_673 کھڑا کی کی چوہان گروہ کے ہوے جو زمین اصل کے بیعت پڑے کھڑا آئے ہے 
LOG (lattice-best-path[5.5.907~1-cbed4]:main():lattice-best-path.cc:99) For utterance 20030005_674, best cost 229.123 + 5697.62 = 5926.74 over 1604 frames.
20030005_674 نشانہ نے پُلوں میں بھڑک کا پر چاہوں کاؤنٹی کر ہمراہ کا ہے میں کے ٹھوس مین سنے کی کوشش کی 
LOG (lattice-best-path[5.5.907~1-cbed4]:main():lattice-best-path.cc:99) For utterance 20030005_675, best cost 211.417 + 4670.49 = 4881.91 over 1297 frames.
20030005_675 آرزوئیں ہے براوو ریڑھی کے رویے پر سونگ شے کو تمام فلم کا بار آؤ پڑھائی جیسے 
LOG (lattice-best-path[5.5.907~1-cbed4]:main():lattice-best-path.cc:99) For utterance 20030005_676, best cost 212.303 + 4936.08 = 5148.39 over 1278 frames.
20030005_676 اپنی رہائش کا سیریز کا انظباتی جہاں کھولے ذوق آرتھو نے ان کے شب جھگڑے پر رکھ دیئے 
LOG (lattice-best-path[5.5.907~1-cbed4]:main():lattice-best-path.cc:99) For utterance 20030005_677, best cost 254.659 + 5397.98 = 5652.63 over 1380 frames.
20030005_677 مثال نے کیا کی گگلی بولنے مگر بعدازاں روز فن بوبی روزوں درد پر آ نیم کی ہے رغبت سے دہلوی گیا 
LOG (lattice-best-path[5.5.907~1-cbed4]:main():lattice-best-path.cc:99) For utterance 20030005_678, best cost 310.261 + 7265.39 = 7575.65 over 2052 frames.
20030005_678 سے نمف مسلمان آ کو تھیلی کی فیبرکس اڑا ورلڈ سے والوں سے چھ گرنے کے لیے ہیڈ رو جھم فیری نے سے مشعر کے میں شیرے کیں 
LOG (lattice-best-path[5.5.907~1-cbed4]:main():lattice-best-path.cc:99) For utterance 20030005_679, best cost 165.086 + 3581.11 = 3746.19 over 958 frames.
20030005_679 اولی اور ترچھی پر چھیل لگا آیا تو سے ہر تیزی سے اچھل ای 
LOG (lattice-best-path[5.5.907~1-cbed4]:main():lattice-best-path.cc:99) For utterance 20030005_680, best cost 225.976 + 4774.34 = 5000.31 over 1316 frames.
20030005_680 چودھری کاجو اوڑھا پہنے تیرے ہوے بیٹھ خون قل لائن اٹھارہ برج سنے میں تھوڑا آئے جاتا ہے 
LOG (lattice-best-path[5.5.907~1-cbed4]:main():lattice-best-path.cc:99) For utterance 20030005_681, best cost 258.999 + 5796.73 = 6055.73 over 1611 frames.
20030005_681 جدا کھل شعور جیب شرکت کو گہرا کر ڈار اس حویلی طوفاں اور لونگ پر بیچ چھیل دھار پر سایہ 
LOG (lattice-best-path[5.5.907~1-cbed4]:main():lattice-best-path.cc:99) For utterance 20030005_682, best cost 246.371 + 6358.64 = 6605.01 over 1656 frames.
20030005_682 بریفنگ اور شو ہمارے کی لوٹ پر ہجر اے کام ناچنے جا کر باعث <oov> کے ہو جلد معلوم کی سے 
LOG (lattice-best-path[5.5.907~1-cbed4]:main():lattice-best-path.cc:99) For utterance 20030005_683, best cost 221.006 + 5152.22 = 5373.23 over 1355 frames.
20030005_683 ریڈ سے ماؤنٹ اس کی جڑواں کا کے ایم ایم نے نیچی دی ایف کیے تیز سے نکل گئی 
LOG (lattice-best-path[5.5.907~1-cbed4]:main():lattice-best-path.cc:99) For utterance 20030005_684, best cost 209.635 + 4583.41 = 4793.05 over 1208 frames.
20030005_684 میرون بھی فضول خوان آ ایچ ذکر کے کی نور میں معلوم یا رعیت لاگت تک آؤ 
LOG (lattice-best-path[5.5.907~1-cbed4]:main():lattice-best-path.cc:99) For utterance 20030005_685, best cost 157.356 + 3336.12 = 3493.48 over 881 frames.
20030005_685 جو فلڈ غوث کے بند چڑ بخشے اسے کہا سے لاؤ بدروح 
LOG (lattice-best-path[5.5.907~1-cbed4]:main():lattice-best-path.cc:99) For utterance 20030005_686, best cost 218.074 + 4459.19 = 4677.26 over 1067 frames.
20030005_686 صوفی کلیم کرنے سرخی سے والے طفیل شب سے دنیا دریں میں ایسے کا شو شب پوچھ سوچ 
LOG (lattice-best-path[5.5.907~1-cbed4]:main():lattice-best-path.cc:99) For utterance 20030005_687, best cost 264.225 + 6315.61 = 6579.84 over 1656 frames.
20030005_687 سول کو لیس کے بدسلوکی سے آنکھیں کھول لیں تعاقب بھول آزاد سے چیخیں مواد کر تو جاؤ مراد زون کرائیں 
LOG (lattice-best-path[5.5.907~1-cbed4]:main():lattice-best-path.cc:99) For utterance 20030005_688, best cost 294.032 + 6639.38 = 6933.41 over 1796 frames.
20030005_688 حال کی پھول کی چادر بھیج بعد کر سے مچھلیاں قضہ روزوں اور دیے کی کی بیچ میں نہ شاخ بوم کے پراٹھا بھید داغنے جاؤ 
LOG (lattice-best-path[5.5.907~1-cbed4]:main():lattice-best-path.cc:99) For utterance 20030005_689, best cost 237.874 + 5257.74 = 5495.62 over 1496 frames.
20030005_689 بوجھ دو برتن جس آ کی لارا کیا جنگوں نے ہوم بنائی اور سوئس و فصلیں کو چل کر چھائی ہے 
LOG (lattice-best-path[5.5.907~1-cbed4]:main():lattice-best-path.cc:99) For utterance 20030005_690, best cost 155.541 + 3741.01 = 3896.55 over 881 frames.
20030005_690 یہ گتھی جانا بڑھائیں کے شعلوں یہ گود چھوئیں اب نہیں جا سکتا ہے 
LOG (lattice-best-path[5.5.907~1-cbed4]:main():lattice-best-path.cc:99) For utterance 20030005_691, best cost 209.43 + 5783.76 = 5993.19 over 1368 frames.
20030005_691 کیسی دلجوئی کے لیے اپنا جی کر دیو جایا اور سے ٹھونس نہ کر معانی ماہ میں ٹھونس دیئے 
LOG (lattice-best-path[5.5.907~1-cbed4]:main():lattice-best-path.cc:99) For utterance 20030005_692, best cost 225.391 + 5143.12 = 5368.51 over 1220 frames.
20030005_692 بدل فون مسائل میں کہا کے میں ایں اسے بو سالہ بڑے ہاتھوں گاڑی سے دی کا تیقن نوحہ ہے 
LOG (lattice-best-path[5.5.907~1-cbed4]:main():lattice-best-path.cc:99) For utterance 20030005_693, best cost 171.439 + 3805.16 = 3976.59 over 939 frames.
20030005_693 مے میں حیرت کے جوئیہ سے کہا کے واں کیا پر مونا کرنا آئے ماں دو 
LOG (lattice-best-path[5.5.907~1-cbed4]:main():lattice-best-path.cc:99) For utterance 20030005_694, best cost 232.084 + 5404.89 = 5636.97 over 1208 frames.
20030005_694 تراجم کا چوڑیاں اب ششدر آیا کا رسیا ہے کو جج لے اور اسے تھی چاڈ کو چمن بنائیں ہے 
LOG (lattice-best-path[5.5.907~1-cbed4]:main():lattice-best-path.cc:99) For utterance 20030005_695, best cost 199.303 + 4635.66 = 4834.96 over 1105 frames.
20030005_695 کھول کی کی جانے میں کیچڑ جانے کو کیا روئیں مگر کی نیچی جاؤ تو پانی میں گول جاؤ 
LOG (lattice-best-path[5.5.907~1-cbed4]:main():lattice-best-path.cc:99) For utterance 20030005_696, best cost 213.09 + 4974.45 = 5187.54 over 1131 frames.
20030005_696 پھیل شیم خاصے ٹری کے آمیزش کے کو مصروف لیچی مسوڑوں کے بنانے کے لیے رم کیا جائے گا 
LOG (lattice-best-path[5.5.907~1-cbed4]:main():lattice-best-path.cc:99) For utterance 20030005_697, best cost 149.142 + 3428.3 = 3577.44 over 772 frames.
20030005_697 بولو کھاؤ اسے سبزیوں ان کمرے ڈیزائنروں کروانے کا کام ہو گیا ہے 
LOG (lattice-best-path[5.5.907~1-cbed4]:main():lattice-best-path.cc:99) For utterance 20030005_698, best cost 192.918 + 4867.13 = 5060.05 over 1124 frames.
20030005_698 براہمن ہو ہم مذاق دور بھیم سے شفاعت آف بام وی سے کا جائزہ لینے لگا 
LOG (lattice-best-path[5.5.907~1-cbed4]:main():lattice-best-path.cc:99) For utterance 20030005_699, best cost 233.012 + 5664.25 = 5897.26 over 1342 frames.
20030005_699 میجر کی فی روزوں افق خان کی چھری میں بردار ہے کہ آیا نے میں بے وومن پیئں کا مخصوص جو 
LOG (lattice-best-path[5.5.907~1-cbed4]:main():lattice-best-path.cc:99) For utterance 20030005_700, best cost 202.156 + 5981.87 = 6184.02 over 1419 frames.
20030005_700 گوشہ اور ٹھونس کے تک لیے لو میں تغافل کی سود دیے چڑیل کر رسول سے اٹھاؤ 
LOG (lattice-scale[5.5.907~1-cbed4]:main():lattice-scale.cc:107) Done 108 lattices.
LOG (lattice-best-path[5.5.907~1-cbed4]:main():lattice-best-path.cc:99) For utterance 20030005_701, best cost 267.827 + 7085.74 = 7353.57 over 1681 frames.
20030005_701 مضمون با عنوان اب بھنوؤں کو بزدل کی کہو مچا نہ چیز سے رہ دوا کر موضوع کو وڈیروں کو سمجھا آیا 
LOG (lattice-best-path[5.5.907~1-cbed4]:main():lattice-best-path.cc:99) For utterance 20030005_702, best cost 191.644 + 5086.87 = 5278.51 over 1150 frames.
20030005_702 غیر فیصلہ کو کو بل کی بل روٹھیں میں ہر ایک کو شاہ زور نہ ضرورت بخشیں 
LOG (lattice-best-path[5.5.907~1-cbed4]:main():lattice-best-path.cc:99) For utterance 20030005_703, best cost 188.95 + 4150.25 = 4339.2 over 952 frames.
20030005_703 پر تھر وارڈ میں تولید دی جیم کے پٹھو رو کا غوں بار ظاہر ہوتا ہے 
LOG (lattice-best-path[5.5.907~1-cbed4]:main():lattice-best-path.cc:99) For utterance 20030005_704, best cost 221.535 + 6086.16 = 6307.69 over 1355 frames.
20030005_704 چور ٹھل نے سے فیشن متغیر نہ ذادہ غوں کے انسان بات کے کا لاؤ کا پریس سے سے ہے 
LOG (lattice-add-penalty[5.5.907~1-cbed4]:main():lattice-add-penalty.cc:62) Done adding word insertion penalty to 108 lattices.
LOG (lattice-best-path[5.5.907~1-cbed4]:main():lattice-best-path.cc:99) For utterance 20030005_705, best cost 203.725 + 4155.36 = 4359.08 over 958 frames.
20030005_705 بوقت جایا کھل بہن مہر کرو عزیز تجارت پر نہ کر آٹھ ہم سوواں سے بڑے گئی 
LOG (lattice-best-path[5.5.907~1-cbed4]:main():lattice-best-path.cc:99) For utterance 20030005_706, best cost 166.642 + 4793.69 = 4960.33 over 1086 frames.
20030005_706 بجے عزت رفیعہ مرضی ہے کہ عام کے کی دیکھے گھمن میل جو 
LOG (lattice-best-path[5.5.907~1-cbed4]:main():lattice-best-path.cc:99) For utterance 20030005_707, best cost 171.089 + 3780.39 = 3951.48 over 888 frames.
20030005_707 ماضی ایک کو بن لایا ہے تو آگے بڑھائیں یونی گناہوں میں نہ پڑھے ہے 
LOG (lattice-best-path[5.5.907~1-cbed4]:main():lattice-best-path.cc:99) For utterance 20030005_708, best cost 190.576 + 4342.56 = 4533.14 over 1009 frames.
20030005_708 جانب چین نے سے پہلے بولو اے نے مجھے کوچ آیا سے جاتی کا اور مرشد سمجھائیں ہے 
LOG (lattice-best-path[5.5.907~1-cbed4]:main():lattice-best-path.cc:124) Overall cost per frame is 4.02253 = 0.172812 [graph] + 3.84972 [acoustic] over 136802 frames.
LOG (lattice-best-path[5.5.907~1-cbed4]:main():lattice-best-path.cc:128) Done 108 lattices, failed for 0
# Accounting: time=1 threads=1
# Ended (code 0) at Wed Apr 21 07:47:45 PKT 2021, elapsed time 1 seconds
