# ali-to-post "ark:gunzip -c exp/tri3a/ali.2.gz|" ark:- | weight-silence-post 0.0 1:2:3:4:5:6:7:8:9:10 exp/tri3a/4.mdl ark:- ark:- | gmm-acc-mllt --rand-prune=4.0 exp/tri3a/4.mdl "ark,s,cs:apply-cmvn  --utt2spk=ark:data/train/split3/2/utt2spk scp:data/train/split3/2/cmvn.scp scp:data/train/split3/2/feats.scp ark:- | splice-feats  ark:- ark:- | transform-feats exp/tri3a/2.mat ark:- ark:- |" ark:- exp/tri3a/4.2.macc 
# Started at Thu Apr 22 14:35:24 PKT 2021
#
ali-to-post 'ark:gunzip -c exp/tri3a/ali.2.gz|' ark:- 
weight-silence-post 0.0 1:2:3:4:5:6:7:8:9:10 exp/tri3a/4.mdl ark:- ark:- 
gmm-acc-mllt --rand-prune=4.0 exp/tri3a/4.mdl 'ark,s,cs:apply-cmvn  --utt2spk=ark:data/train/split3/2/utt2spk scp:data/train/split3/2/cmvn.scp scp:data/train/split3/2/feats.scp ark:- | splice-feats  ark:- ark:- | transform-feats exp/tri3a/2.mat ark:- ark:- |' ark:- exp/tri3a/4.2.macc 
splice-feats ark:- ark:- 
transform-feats exp/tri3a/2.mat ark:- ark:- 
apply-cmvn --utt2spk=ark:data/train/split3/2/utt2spk scp:data/train/split3/2/cmvn.scp scp:data/train/split3/2/feats.scp ark:- 
LOG (gmm-acc-mllt[5.5.907~1-cbed4]:main():gmm-acc-mllt.cc:108) Average like for this file is -64.0383 over 844 frames.
LOG (gmm-acc-mllt[5.5.907~1-cbed4]:main():gmm-acc-mllt.cc:108) Average like for this file is -66.4116 over 818 frames.
LOG (gmm-acc-mllt[5.5.907~1-cbed4]:main():gmm-acc-mllt.cc:108) Average like for this file is -66.1512 over 896 frames.
LOG (gmm-acc-mllt[5.5.907~1-cbed4]:main():gmm-acc-mllt.cc:108) Average like for this file is -64.4263 over 783 frames.
LOG (gmm-acc-mllt[5.5.907~1-cbed4]:main():gmm-acc-mllt.cc:108) Average like for this file is -68.1864 over 814 frames.
LOG (gmm-acc-mllt[5.5.907~1-cbed4]:main():gmm-acc-mllt.cc:108) Average like for this file is -64.9763 over 655 frames.
LOG (gmm-acc-mllt[5.5.907~1-cbed4]:main():gmm-acc-mllt.cc:108) Average like for this file is -66.3585 over 695 frames.
LOG (gmm-acc-mllt[5.5.907~1-cbed4]:main():gmm-acc-mllt.cc:108) Average like for this file is -65.9158 over 699 frames.
LOG (gmm-acc-mllt[5.5.907~1-cbed4]:main():gmm-acc-mllt.cc:108) Average like for this file is -62.8134 over 745 frames.
LOG (gmm-acc-mllt[5.5.907~1-cbed4]:main():gmm-acc-mllt.cc:108) Average like for this file is -66.4544 over 653 frames.
LOG (gmm-acc-mllt[5.5.907~1-cbed4]:main():gmm-acc-mllt.cc:114) Avg like per frame so far is -65.5799
LOG (gmm-acc-mllt[5.5.907~1-cbed4]:main():gmm-acc-mllt.cc:108) Average like for this file is -65.238 over 736 frames.
LOG (gmm-acc-mllt[5.5.907~1-cbed4]:main():gmm-acc-mllt.cc:108) Average like for this file is -67.2503 over 726 frames.
LOG (gmm-acc-mllt[5.5.907~1-cbed4]:main():gmm-acc-mllt.cc:108) Average like for this file is -65.9516 over 925 frames.
LOG (gmm-acc-mllt[5.5.907~1-cbed4]:main():gmm-acc-mllt.cc:108) Average like for this file is -66.6279 over 733 frames.
LOG (gmm-acc-mllt[5.5.907~1-cbed4]:main():gmm-acc-mllt.cc:108) Average like for this file is -63.2341 over 906 frames.
LOG (gmm-acc-mllt[5.5.907~1-cbed4]:main():gmm-acc-mllt.cc:108) Average like for this file is -61.1698 over 641 frames.
LOG (gmm-acc-mllt[5.5.907~1-cbed4]:main():gmm-acc-mllt.cc:108) Average like for this file is -60.1773 over 639 frames.
LOG (gmm-acc-mllt[5.5.907~1-cbed4]:main():gmm-acc-mllt.cc:108) Average like for this file is -60.8507 over 743 frames.
LOG (gmm-acc-mllt[5.5.907~1-cbed4]:main():gmm-acc-mllt.cc:108) Average like for this file is -65.4792 over 672 frames.
LOG (gmm-acc-mllt[5.5.907~1-cbed4]:main():gmm-acc-mllt.cc:108) Average like for this file is -62.3105 over 449 frames.
LOG (gmm-acc-mllt[5.5.907~1-cbed4]:main():gmm-acc-mllt.cc:114) Avg like per frame so far is -64.8095
LOG (gmm-acc-mllt[5.5.907~1-cbed4]:main():gmm-acc-mllt.cc:108) Average like for this file is -62.5853 over 398 frames.
LOG (gmm-acc-mllt[5.5.907~1-cbed4]:main():gmm-acc-mllt.cc:108) Average like for this file is -62.781 over 588 frames.
LOG (gmm-acc-mllt[5.5.907~1-cbed4]:main():gmm-acc-mllt.cc:108) Average like for this file is -63.2308 over 495 frames.
LOG (gmm-acc-mllt[5.5.907~1-cbed4]:main():gmm-acc-mllt.cc:108) Average like for this file is -57.03 over 621 frames.
LOG (gmm-acc-mllt[5.5.907~1-cbed4]:main():gmm-acc-mllt.cc:108) Average like for this file is -62.0939 over 532 frames.
LOG (gmm-acc-mllt[5.5.907~1-cbed4]:main():gmm-acc-mllt.cc:108) Average like for this file is -59.0692 over 777 frames.
LOG (gmm-acc-mllt[5.5.907~1-cbed4]:main():gmm-acc-mllt.cc:108) Average like for this file is -59.3061 over 479 frames.
LOG (gmm-acc-mllt[5.5.907~1-cbed4]:main():gmm-acc-mllt.cc:108) Average like for this file is -60.4348 over 495 frames.
LOG (gmm-acc-mllt[5.5.907~1-cbed4]:main():gmm-acc-mllt.cc:108) Average like for this file is -64.639 over 589 frames.
LOG (gmm-acc-mllt[5.5.907~1-cbed4]:main():gmm-acc-mllt.cc:108) Average like for this file is -61.0036 over 451 frames.
LOG (gmm-acc-mllt[5.5.907~1-cbed4]:main():gmm-acc-mllt.cc:114) Avg like per frame so far is -63.8086
LOG (gmm-acc-mllt[5.5.907~1-cbed4]:main():gmm-acc-mllt.cc:108) Average like for this file is -64.0792 over 607 frames.
LOG (gmm-acc-mllt[5.5.907~1-cbed4]:main():gmm-acc-mllt.cc:108) Average like for this file is -62.0632 over 614 frames.
LOG (gmm-acc-mllt[5.5.907~1-cbed4]:main():gmm-acc-mllt.cc:108) Average like for this file is -63.8398 over 685 frames.
LOG (gmm-acc-mllt[5.5.907~1-cbed4]:main():gmm-acc-mllt.cc:108) Average like for this file is -59.2585 over 547 frames.
LOG (gmm-acc-mllt[5.5.907~1-cbed4]:main():gmm-acc-mllt.cc:108) Average like for this file is -54.8345 over 611 frames.
LOG (gmm-acc-mllt[5.5.907~1-cbed4]:main():gmm-acc-mllt.cc:108) Average like for this file is -55.406 over 659 frames.
LOG (gmm-acc-mllt[5.5.907~1-cbed4]:main():gmm-acc-mllt.cc:108) Average like for this file is -69.5208 over 458 frames.
LOG (gmm-acc-mllt[5.5.907~1-cbed4]:main():gmm-acc-mllt.cc:108) Average like for this file is -56.5128 over 730 frames.
LOG (gmm-acc-mllt[5.5.907~1-cbed4]:main():gmm-acc-mllt.cc:108) Average like for this file is -57.8739 over 333 frames.
LOG (gmm-acc-mllt[5.5.907~1-cbed4]:main():gmm-acc-mllt.cc:108) Average like for this file is -58.4681 over 518 frames.
LOG (gmm-acc-mllt[5.5.907~1-cbed4]:main():gmm-acc-mllt.cc:114) Avg like per frame so far is -62.967
LOG (gmm-acc-mllt[5.5.907~1-cbed4]:main():gmm-acc-mllt.cc:108) Average like for this file is -61.2504 over 453 frames.
LOG (gmm-acc-mllt[5.5.907~1-cbed4]:main():gmm-acc-mllt.cc:108) Average like for this file is -57.7255 over 660 frames.
LOG (gmm-acc-mllt[5.5.907~1-cbed4]:main():gmm-acc-mllt.cc:108) Average like for this file is -57.0548 over 398 frames.
LOG (gmm-acc-mllt[5.5.907~1-cbed4]:main():gmm-acc-mllt.cc:108) Average like for this file is -56.5082 over 747 frames.
LOG (gmm-acc-mllt[5.5.907~1-cbed4]:main():gmm-acc-mllt.cc:108) Average like for this file is -61.1572 over 389 frames.
LOG (gmm-acc-mllt[5.5.907~1-cbed4]:main():gmm-acc-mllt.cc:108) Average like for this file is -61.5121 over 443 frames.
LOG (gmm-acc-mllt[5.5.907~1-cbed4]:main():gmm-acc-mllt.cc:108) Average like for this file is -62.6012 over 639 frames.
LOG (gmm-acc-mllt[5.5.907~1-cbed4]:main():gmm-acc-mllt.cc:108) Average like for this file is -57.7992 over 640 frames.
LOG (gmm-acc-mllt[5.5.907~1-cbed4]:main():gmm-acc-mllt.cc:108) Average like for this file is -60.5063 over 519 frames.
LOG (gmm-acc-mllt[5.5.907~1-cbed4]:main():gmm-acc-mllt.cc:108) Average like for this file is -57.428 over 653 frames.
LOG (gmm-acc-mllt[5.5.907~1-cbed4]:main():gmm-acc-mllt.cc:114) Avg like per frame so far is -62.294
LOG (gmm-acc-mllt[5.5.907~1-cbed4]:main():gmm-acc-mllt.cc:108) Average like for this file is -58.8185 over 501 frames.
LOG (gmm-acc-mllt[5.5.907~1-cbed4]:main():gmm-acc-mllt.cc:108) Average like for this file is -59.2268 over 541 frames.
LOG (gmm-acc-mllt[5.5.907~1-cbed4]:main():gmm-acc-mllt.cc:108) Average like for this file is -57.5758 over 552 frames.
LOG (gmm-acc-mllt[5.5.907~1-cbed4]:main():gmm-acc-mllt.cc:108) Average like for this file is -61.2155 over 441 frames.
LOG (gmm-acc-mllt[5.5.907~1-cbed4]:main():gmm-acc-mllt.cc:108) Average like for this file is -61.8379 over 456 frames.
LOG (gmm-acc-mllt[5.5.907~1-cbed4]:main():gmm-acc-mllt.cc:108) Average like for this file is -58.8504 over 572 frames.
LOG (gmm-acc-mllt[5.5.907~1-cbed4]:main():gmm-acc-mllt.cc:108) Average like for this file is -59.4483 over 462 frames.
LOG (gmm-acc-mllt[5.5.907~1-cbed4]:main():gmm-acc-mllt.cc:108) Average like for this file is -63.9779 over 442 frames.
LOG (gmm-acc-mllt[5.5.907~1-cbed4]:main():gmm-acc-mllt.cc:108) Average like for this file is -60.4222 over 361 frames.
LOG (gmm-acc-mllt[5.5.907~1-cbed4]:main():gmm-acc-mllt.cc:108) Average like for this file is -58.8642 over 585 frames.
LOG (gmm-acc-mllt[5.5.907~1-cbed4]:main():gmm-acc-mllt.cc:114) Avg like per frame so far is -61.9669
LOG (gmm-acc-mllt[5.5.907~1-cbed4]:main():gmm-acc-mllt.cc:108) Average like for this file is -59.0933 over 452 frames.
LOG (gmm-acc-mllt[5.5.907~1-cbed4]:main():gmm-acc-mllt.cc:108) Average like for this file is -64.3781 over 623 frames.
LOG (gmm-acc-mllt[5.5.907~1-cbed4]:main():gmm-acc-mllt.cc:108) Average like for this file is -74.3972 over 307 frames.
LOG (gmm-acc-mllt[5.5.907~1-cbed4]:main():gmm-acc-mllt.cc:108) Average like for this file is -76.2119 over 353 frames.
LOG (gmm-acc-mllt[5.5.907~1-cbed4]:main():gmm-acc-mllt.cc:108) Average like for this file is -52.1509 over 729 frames.
LOG (gmm-acc-mllt[5.5.907~1-cbed4]:main():gmm-acc-mllt.cc:108) Average like for this file is -69.1377 over 501 frames.
LOG (gmm-acc-mllt[5.5.907~1-cbed4]:main():gmm-acc-mllt.cc:108) Average like for this file is -62.8809 over 671 frames.
LOG (gmm-acc-mllt[5.5.907~1-cbed4]:main():gmm-acc-mllt.cc:108) Average like for this file is -62.4768 over 437 frames.
LOG (gmm-acc-mllt[5.5.907~1-cbed4]:main():gmm-acc-mllt.cc:108) Average like for this file is -57.492 over 457 frames.
LOG (gmm-acc-mllt[5.5.907~1-cbed4]:main():gmm-acc-mllt.cc:108) Average like for this file is -60.9247 over 641 frames.
LOG (gmm-acc-mllt[5.5.907~1-cbed4]:main():gmm-acc-mllt.cc:114) Avg like per frame so far is -62.0537
LOG (gmm-acc-mllt[5.5.907~1-cbed4]:main():gmm-acc-mllt.cc:108) Average like for this file is -62.6746 over 479 frames.
LOG (gmm-acc-mllt[5.5.907~1-cbed4]:main():gmm-acc-mllt.cc:108) Average like for this file is -64.3326 over 824 frames.
LOG (gmm-acc-mllt[5.5.907~1-cbed4]:main():gmm-acc-mllt.cc:108) Average like for this file is -66.894 over 425 frames.
LOG (gmm-acc-mllt[5.5.907~1-cbed4]:main():gmm-acc-mllt.cc:108) Average like for this file is -67.9977 over 381 frames.
LOG (gmm-acc-mllt[5.5.907~1-cbed4]:main():gmm-acc-mllt.cc:108) Average like for this file is -62.783 over 655 frames.
LOG (gmm-acc-mllt[5.5.907~1-cbed4]:main():gmm-acc-mllt.cc:108) Average like for this file is -62.8354 over 863 frames.
LOG (gmm-acc-mllt[5.5.907~1-cbed4]:main():gmm-acc-mllt.cc:108) Average like for this file is -62.2957 over 570 frames.
LOG (gmm-acc-mllt[5.5.907~1-cbed4]:main():gmm-acc-mllt.cc:108) Average like for this file is -65.3944 over 484 frames.
LOG (gmm-acc-mllt[5.5.907~1-cbed4]:main():gmm-acc-mllt.cc:108) Average like for this file is -64.0857 over 412 frames.
LOG (gmm-acc-mllt[5.5.907~1-cbed4]:main():gmm-acc-mllt.cc:108) Average like for this file is -61.7815 over 506 frames.
LOG (gmm-acc-mllt[5.5.907~1-cbed4]:main():gmm-acc-mllt.cc:114) Avg like per frame so far is -62.2678
LOG (gmm-acc-mllt[5.5.907~1-cbed4]:main():gmm-acc-mllt.cc:108) Average like for this file is -63.8053 over 434 frames.
LOG (gmm-acc-mllt[5.5.907~1-cbed4]:main():gmm-acc-mllt.cc:108) Average like for this file is -64.55 over 645 frames.
LOG (gmm-acc-mllt[5.5.907~1-cbed4]:main():gmm-acc-mllt.cc:108) Average like for this file is -63.7381 over 699 frames.
LOG (gmm-acc-mllt[5.5.907~1-cbed4]:main():gmm-acc-mllt.cc:108) Average like for this file is -62.4462 over 744 frames.
LOG (gmm-acc-mllt[5.5.907~1-cbed4]:main():gmm-acc-mllt.cc:108) Average like for this file is -65.1828 over 685 frames.
LOG (gmm-acc-mllt[5.5.907~1-cbed4]:main():gmm-acc-mllt.cc:108) Average like for this file is -63.3607 over 1017 frames.
LOG (gmm-acc-mllt[5.5.907~1-cbed4]:main():gmm-acc-mllt.cc:108) Average like for this file is -61.2963 over 886 frames.
LOG (gmm-acc-mllt[5.5.907~1-cbed4]:main():gmm-acc-mllt.cc:108) Average like for this file is -65.2189 over 573 frames.
LOG (gmm-acc-mllt[5.5.907~1-cbed4]:main():gmm-acc-mllt.cc:108) Average like for this file is -60.9062 over 716 frames.
LOG (gmm-acc-mllt[5.5.907~1-cbed4]:main():gmm-acc-mllt.cc:108) Average like for this file is -62.7457 over 605 frames.
LOG (gmm-acc-mllt[5.5.907~1-cbed4]:main():gmm-acc-mllt.cc:114) Avg like per frame so far is -62.3887
LOG (gmm-acc-mllt[5.5.907~1-cbed4]:main():gmm-acc-mllt.cc:108) Average like for this file is -61.9834 over 687 frames.
LOG (gmm-acc-mllt[5.5.907~1-cbed4]:main():gmm-acc-mllt.cc:108) Average like for this file is -61.7401 over 615 frames.
LOG (gmm-acc-mllt[5.5.907~1-cbed4]:main():gmm-acc-mllt.cc:108) Average like for this file is -65.9049 over 418 frames.
LOG (gmm-acc-mllt[5.5.907~1-cbed4]:main():gmm-acc-mllt.cc:108) Average like for this file is -60.4821 over 502 frames.
LOG (gmm-acc-mllt[5.5.907~1-cbed4]:main():gmm-acc-mllt.cc:108) Average like for this file is -62.6767 over 764 frames.
LOG (gmm-acc-mllt[5.5.907~1-cbed4]:main():gmm-acc-mllt.cc:108) Average like for this file is -66.9518 over 733 frames.
LOG (gmm-acc-mllt[5.5.907~1-cbed4]:main():gmm-acc-mllt.cc:108) Average like for this file is -62.0408 over 587 frames.
LOG (gmm-acc-mllt[5.5.907~1-cbed4]:main():gmm-acc-mllt.cc:108) Average like for this file is -59.517 over 773 frames.
LOG (gmm-acc-mllt[5.5.907~1-cbed4]:main():gmm-acc-mllt.cc:108) Average like for this file is -64.5029 over 876 frames.
LOG (gmm-acc-mllt[5.5.907~1-cbed4]:main():gmm-acc-mllt.cc:108) Average like for this file is -68.2366 over 640 frames.
LOG (gmm-acc-mllt[5.5.907~1-cbed4]:main():gmm-acc-mllt.cc:114) Avg like per frame so far is -62.4968
LOG (gmm-acc-mllt[5.5.907~1-cbed4]:main():gmm-acc-mllt.cc:108) Average like for this file is -62.0939 over 715 frames.
LOG (gmm-acc-mllt[5.5.907~1-cbed4]:main():gmm-acc-mllt.cc:108) Average like for this file is -63.3365 over 548 frames.
LOG (gmm-acc-mllt[5.5.907~1-cbed4]:main():gmm-acc-mllt.cc:108) Average like for this file is -60.5404 over 731 frames.
LOG (gmm-acc-mllt[5.5.907~1-cbed4]:main():gmm-acc-mllt.cc:108) Average like for this file is -60.2192 over 749 frames.
LOG (gmm-acc-mllt[5.5.907~1-cbed4]:main():gmm-acc-mllt.cc:108) Average like for this file is -59.1724 over 1017 frames.
LOG (gmm-acc-mllt[5.5.907~1-cbed4]:main():gmm-acc-mllt.cc:108) Average like for this file is -51.3311 over 1314 frames.
LOG (gmm-acc-mllt[5.5.907~1-cbed4]:main():gmm-acc-mllt.cc:108) Average like for this file is -57.77 over 782 frames.
LOG (gmm-acc-mllt[5.5.907~1-cbed4]:main():gmm-acc-mllt.cc:108) Average like for this file is -61.548 over 788 frames.
LOG (gmm-acc-mllt[5.5.907~1-cbed4]:main():gmm-acc-mllt.cc:108) Average like for this file is -61.1027 over 702 frames.
LOG (gmm-acc-mllt[5.5.907~1-cbed4]:main():gmm-acc-mllt.cc:108) Average like for this file is -64.4696 over 656 frames.
LOG (gmm-acc-mllt[5.5.907~1-cbed4]:main():gmm-acc-mllt.cc:114) Avg like per frame so far is -62.1313
LOG (gmm-acc-mllt[5.5.907~1-cbed4]:main():gmm-acc-mllt.cc:108) Average like for this file is -61.2898 over 563 frames.
LOG (gmm-acc-mllt[5.5.907~1-cbed4]:main():gmm-acc-mllt.cc:108) Average like for this file is -60.2827 over 441 frames.
LOG (gmm-acc-mllt[5.5.907~1-cbed4]:main():gmm-acc-mllt.cc:108) Average like for this file is -61.4084 over 511 frames.
LOG (gmm-acc-mllt[5.5.907~1-cbed4]:main():gmm-acc-mllt.cc:108) Average like for this file is -58.1273 over 651 frames.
LOG (gmm-acc-mllt[5.5.907~1-cbed4]:main():gmm-acc-mllt.cc:108) Average like for this file is -60.5926 over 610 frames.
LOG (gmm-acc-mllt[5.5.907~1-cbed4]:main():gmm-acc-mllt.cc:108) Average like for this file is -70.5919 over 813 frames.
LOG (gmm-acc-mllt[5.5.907~1-cbed4]:main():gmm-acc-mllt.cc:108) Average like for this file is -63.7094 over 371 frames.
LOG (gmm-acc-mllt[5.5.907~1-cbed4]:main():gmm-acc-mllt.cc:108) Average like for this file is -56.6325 over 952 frames.
LOG (gmm-acc-mllt[5.5.907~1-cbed4]:main():gmm-acc-mllt.cc:108) Average like for this file is -61.6134 over 763 frames.
LOG (gmm-acc-mllt[5.5.907~1-cbed4]:main():gmm-acc-mllt.cc:108) Average like for this file is -61.308 over 709 frames.
LOG (gmm-acc-mllt[5.5.907~1-cbed4]:main():gmm-acc-mllt.cc:114) Avg like per frame so far is -62.0787
LOG (gmm-acc-mllt[5.5.907~1-cbed4]:main():gmm-acc-mllt.cc:108) Average like for this file is -62.977 over 572 frames.
LOG (gmm-acc-mllt[5.5.907~1-cbed4]:main():gmm-acc-mllt.cc:108) Average like for this file is -60.4954 over 441 frames.
LOG (gmm-acc-mllt[5.5.907~1-cbed4]:main():gmm-acc-mllt.cc:108) Average like for this file is -58.3984 over 373 frames.
LOG (gmm-acc-mllt[5.5.907~1-cbed4]:main():gmm-acc-mllt.cc:108) Average like for this file is -58.0837 over 637 frames.
LOG (gmm-acc-mllt[5.5.907~1-cbed4]:main():gmm-acc-mllt.cc:108) Average like for this file is -59.4428 over 694 frames.
LOG (gmm-acc-mllt[5.5.907~1-cbed4]:main():gmm-acc-mllt.cc:108) Average like for this file is -55.8977 over 484 frames.
LOG (gmm-acc-mllt[5.5.907~1-cbed4]:main():gmm-acc-mllt.cc:108) Average like for this file is -54.6835 over 756 frames.
LOG (gmm-acc-mllt[5.5.907~1-cbed4]:main():gmm-acc-mllt.cc:108) Average like for this file is -59.3734 over 738 frames.
LOG (gmm-acc-mllt[5.5.907~1-cbed4]:main():gmm-acc-mllt.cc:108) Average like for this file is -56.9929 over 685 frames.
LOG (gmm-acc-mllt[5.5.907~1-cbed4]:main():gmm-acc-mllt.cc:108) Average like for this file is -55.9311 over 615 frames.
LOG (gmm-acc-mllt[5.5.907~1-cbed4]:main():gmm-acc-mllt.cc:114) Avg like per frame so far is -61.7858
LOG (gmm-acc-mllt[5.5.907~1-cbed4]:main():gmm-acc-mllt.cc:108) Average like for this file is -56.1221 over 911 frames.
LOG (gmm-acc-mllt[5.5.907~1-cbed4]:main():gmm-acc-mllt.cc:108) Average like for this file is -56.3637 over 416 frames.
LOG (gmm-acc-mllt[5.5.907~1-cbed4]:main():gmm-acc-mllt.cc:108) Average like for this file is -57.0224 over 585 frames.
LOG (gmm-acc-mllt[5.5.907~1-cbed4]:main():gmm-acc-mllt.cc:108) Average like for this file is -55.3434 over 816 frames.
LOG (gmm-acc-mllt[5.5.907~1-cbed4]:main():gmm-acc-mllt.cc:108) Average like for this file is -53.9095 over 790 frames.
LOG (gmm-acc-mllt[5.5.907~1-cbed4]:main():gmm-acc-mllt.cc:108) Average like for this file is -55.3186 over 906 frames.
LOG (gmm-acc-mllt[5.5.907~1-cbed4]:main():gmm-acc-mllt.cc:108) Average like for this file is -57.5179 over 797 frames.
LOG (gmm-acc-mllt[5.5.907~1-cbed4]:main():gmm-acc-mllt.cc:108) Average like for this file is -59.1003 over 690 frames.
LOG (gmm-acc-mllt[5.5.907~1-cbed4]:main():gmm-acc-mllt.cc:108) Average like for this file is -59.1162 over 887 frames.
LOG (gmm-acc-mllt[5.5.907~1-cbed4]:main():gmm-acc-mllt.cc:108) Average like for this file is -53.9256 over 689 frames.
LOG (gmm-acc-mllt[5.5.907~1-cbed4]:main():gmm-acc-mllt.cc:114) Avg like per frame so far is -61.328
LOG (gmm-acc-mllt[5.5.907~1-cbed4]:main():gmm-acc-mllt.cc:108) Average like for this file is -59.9093 over 606 frames.
LOG (gmm-acc-mllt[5.5.907~1-cbed4]:main():gmm-acc-mllt.cc:108) Average like for this file is -59.1899 over 535 frames.
LOG (gmm-acc-mllt[5.5.907~1-cbed4]:main():gmm-acc-mllt.cc:108) Average like for this file is -59.2355 over 408 frames.
LOG (gmm-acc-mllt[5.5.907~1-cbed4]:main():gmm-acc-mllt.cc:108) Average like for this file is -56.1844 over 743 frames.
LOG (gmm-acc-mllt[5.5.907~1-cbed4]:main():gmm-acc-mllt.cc:108) Average like for this file is -56.2699 over 591 frames.
LOG (gmm-acc-mllt[5.5.907~1-cbed4]:main():gmm-acc-mllt.cc:108) Average like for this file is -57.3959 over 595 frames.
LOG (gmm-acc-mllt[5.5.907~1-cbed4]:main():gmm-acc-mllt.cc:108) Average like for this file is -54.4095 over 727 frames.
LOG (gmm-acc-mllt[5.5.907~1-cbed4]:main():gmm-acc-mllt.cc:108) Average like for this file is -60.6495 over 731 frames.
LOG (gmm-acc-mllt[5.5.907~1-cbed4]:main():gmm-acc-mllt.cc:108) Average like for this file is -61.963 over 577 frames.
LOG (gmm-acc-mllt[5.5.907~1-cbed4]:main():gmm-acc-mllt.cc:108) Average like for this file is -57.8934 over 774 frames.
LOG (gmm-acc-mllt[5.5.907~1-cbed4]:main():gmm-acc-mllt.cc:114) Avg like per frame so far is -61.1192
LOG (gmm-acc-mllt[5.5.907~1-cbed4]:main():gmm-acc-mllt.cc:108) Average like for this file is -56.5411 over 766 frames.
LOG (gmm-acc-mllt[5.5.907~1-cbed4]:main():gmm-acc-mllt.cc:108) Average like for this file is -58.5714 over 511 frames.
LOG (gmm-acc-mllt[5.5.907~1-cbed4]:main():gmm-acc-mllt.cc:108) Average like for this file is -57.3147 over 503 frames.
LOG (gmm-acc-mllt[5.5.907~1-cbed4]:main():gmm-acc-mllt.cc:108) Average like for this file is -61.4349 over 669 frames.
LOG (gmm-acc-mllt[5.5.907~1-cbed4]:main():gmm-acc-mllt.cc:108) Average like for this file is -59.7011 over 799 frames.
LOG (gmm-acc-mllt[5.5.907~1-cbed4]:main():gmm-acc-mllt.cc:108) Average like for this file is -55.3481 over 908 frames.
LOG (gmm-acc-mllt[5.5.907~1-cbed4]:main():gmm-acc-mllt.cc:108) Average like for this file is -54.2513 over 805 frames.
LOG (gmm-acc-mllt[5.5.907~1-cbed4]:main():gmm-acc-mllt.cc:108) Average like for this file is -55.1147 over 787 frames.
LOG (gmm-acc-mllt[5.5.907~1-cbed4]:main():gmm-acc-mllt.cc:108) Average like for this file is -58.5232 over 1008 frames.
LOG (gmm-acc-mllt[5.5.907~1-cbed4]:main():gmm-acc-mllt.cc:108) Average like for this file is -57.7115 over 642 frames.
LOG (gmm-acc-mllt[5.5.907~1-cbed4]:main():gmm-acc-mllt.cc:114) Avg like per frame so far is -60.8461
LOG (gmm-acc-mllt[5.5.907~1-cbed4]:main():gmm-acc-mllt.cc:108) Average like for this file is -56.854 over 995 frames.
LOG (gmm-acc-mllt[5.5.907~1-cbed4]:main():gmm-acc-mllt.cc:108) Average like for this file is -57.5571 over 886 frames.
LOG (gmm-acc-mllt[5.5.907~1-cbed4]:main():gmm-acc-mllt.cc:108) Average like for this file is -56.0058 over 830 frames.
LOG (gmm-acc-mllt[5.5.907~1-cbed4]:main():gmm-acc-mllt.cc:108) Average like for this file is -58.4503 over 814 frames.
LOG (gmm-acc-mllt[5.5.907~1-cbed4]:main():gmm-acc-mllt.cc:108) Average like for this file is -57.2763 over 980 frames.
LOG (gmm-acc-mllt[5.5.907~1-cbed4]:main():gmm-acc-mllt.cc:108) Average like for this file is -56.6951 over 879 frames.
LOG (gmm-acc-mllt[5.5.907~1-cbed4]:main():gmm-acc-mllt.cc:108) Average like for this file is -55.3538 over 668 frames.
LOG (gmm-acc-mllt[5.5.907~1-cbed4]:main():gmm-acc-mllt.cc:108) Average like for this file is -54.3129 over 725 frames.
LOG (gmm-acc-mllt[5.5.907~1-cbed4]:main():gmm-acc-mllt.cc:108) Average like for this file is -56.2886 over 674 frames.
LOG (gmm-acc-mllt[5.5.907~1-cbed4]:main():gmm-acc-mllt.cc:108) Average like for this file is -52.9966 over 766 frames.
LOG (gmm-acc-mllt[5.5.907~1-cbed4]:main():gmm-acc-mllt.cc:114) Avg like per frame so far is -60.507
LOG (gmm-acc-mllt[5.5.907~1-cbed4]:main():gmm-acc-mllt.cc:108) Average like for this file is -50.3699 over 634 frames.
LOG (gmm-acc-mllt[5.5.907~1-cbed4]:main():gmm-acc-mllt.cc:108) Average like for this file is -54.7846 over 864 frames.
LOG (gmm-acc-mllt[5.5.907~1-cbed4]:main():gmm-acc-mllt.cc:108) Average like for this file is -56.6255 over 604 frames.
LOG (gmm-acc-mllt[5.5.907~1-cbed4]:main():gmm-acc-mllt.cc:108) Average like for this file is -52.8647 over 991 frames.
LOG (gmm-acc-mllt[5.5.907~1-cbed4]:main():gmm-acc-mllt.cc:108) Average like for this file is -52.5365 over 902 frames.
LOG (gmm-acc-mllt[5.5.907~1-cbed4]:main():gmm-acc-mllt.cc:108) Average like for this file is -55.21 over 916 frames.
LOG (gmm-acc-mllt[5.5.907~1-cbed4]:main():gmm-acc-mllt.cc:108) Average like for this file is -56.798 over 833 frames.
LOG (gmm-acc-mllt[5.5.907~1-cbed4]:main():gmm-acc-mllt.cc:108) Average like for this file is -55.9825 over 746 frames.
LOG (gmm-acc-mllt[5.5.907~1-cbed4]:main():gmm-acc-mllt.cc:108) Average like for this file is -51.8135 over 977 frames.
LOG (gmm-acc-mllt[5.5.907~1-cbed4]:main():gmm-acc-mllt.cc:108) Average like for this file is -54.3558 over 1040 frames.
LOG (gmm-acc-mllt[5.5.907~1-cbed4]:main():gmm-acc-mllt.cc:114) Avg like per frame so far is -60.0477
LOG (gmm-acc-mllt[5.5.907~1-cbed4]:main():gmm-acc-mllt.cc:108) Average like for this file is -56.5441 over 839 frames.
LOG (gmm-acc-mllt[5.5.907~1-cbed4]:main():gmm-acc-mllt.cc:108) Average like for this file is -54.4231 over 831 frames.
LOG (gmm-acc-mllt[5.5.907~1-cbed4]:main():gmm-acc-mllt.cc:108) Average like for this file is -54.792 over 997 frames.
LOG (gmm-acc-mllt[5.5.907~1-cbed4]:main():gmm-acc-mllt.cc:108) Average like for this file is -55.6385 over 947 frames.
LOG (gmm-acc-mllt[5.5.907~1-cbed4]:main():gmm-acc-mllt.cc:108) Average like for this file is -55.5227 over 842 frames.
LOG (gmm-acc-mllt[5.5.907~1-cbed4]:main():gmm-acc-mllt.cc:108) Average like for this file is -53.493 over 668 frames.
LOG (gmm-acc-mllt[5.5.907~1-cbed4]:main():gmm-acc-mllt.cc:108) Average like for this file is -54.4413 over 780 frames.
LOG (gmm-acc-mllt[5.5.907~1-cbed4]:main():gmm-acc-mllt.cc:108) Average like for this file is -56.3919 over 831 frames.
LOG (gmm-acc-mllt[5.5.907~1-cbed4]:main():gmm-acc-mllt.cc:108) Average like for this file is -54.2529 over 1012 frames.
LOG (gmm-acc-mllt[5.5.907~1-cbed4]:main():gmm-acc-mllt.cc:108) Average like for this file is -55.14 over 799 frames.
LOG (gmm-acc-mllt[5.5.907~1-cbed4]:main():gmm-acc-mllt.cc:114) Avg like per frame so far is -59.7153
LOG (gmm-acc-mllt[5.5.907~1-cbed4]:main():gmm-acc-mllt.cc:108) Average like for this file is -51.2849 over 1060 frames.
LOG (gmm-acc-mllt[5.5.907~1-cbed4]:main():gmm-acc-mllt.cc:108) Average like for this file is -52.3653 over 750 frames.
LOG (gmm-acc-mllt[5.5.907~1-cbed4]:main():gmm-acc-mllt.cc:108) Average like for this file is -51.3951 over 967 frames.
LOG (gmm-acc-mllt[5.5.907~1-cbed4]:main():gmm-acc-mllt.cc:108) Average like for this file is -49.4317 over 881 frames.
LOG (gmm-acc-mllt[5.5.907~1-cbed4]:main():gmm-acc-mllt.cc:108) Average like for this file is -49.8577 over 957 frames.
LOG (gmm-acc-mllt[5.5.907~1-cbed4]:main():gmm-acc-mllt.cc:108) Average like for this file is -52.2413 over 992 frames.
LOG (gmm-acc-mllt[5.5.907~1-cbed4]:main():gmm-acc-mllt.cc:108) Average like for this file is -50.8563 over 1019 frames.
LOG (gmm-acc-mllt[5.5.907~1-cbed4]:main():gmm-acc-mllt.cc:108) Average like for this file is -52.286 over 791 frames.
LOG (gmm-acc-mllt[5.5.907~1-cbed4]:main():gmm-acc-mllt.cc:108) Average like for this file is -52.4179 over 950 frames.
LOG (gmm-acc-mllt[5.5.907~1-cbed4]:main():gmm-acc-mllt.cc:108) Average like for this file is -55.0531 over 544 frames.
LOG (gmm-acc-mllt[5.5.907~1-cbed4]:main():gmm-acc-mllt.cc:114) Avg like per frame so far is -59.1822
LOG (gmm-acc-mllt[5.5.907~1-cbed4]:main():gmm-acc-mllt.cc:108) Average like for this file is -50.5034 over 1072 frames.
LOG (gmm-acc-mllt[5.5.907~1-cbed4]:main():gmm-acc-mllt.cc:108) Average like for this file is -52.6026 over 804 frames.
LOG (gmm-acc-mllt[5.5.907~1-cbed4]:main():gmm-acc-mllt.cc:108) Average like for this file is -52.0925 over 920 frames.
LOG (gmm-acc-mllt[5.5.907~1-cbed4]:main():gmm-acc-mllt.cc:108) Average like for this file is -51.5769 over 890 frames.
LOG (gmm-acc-mllt[5.5.907~1-cbed4]:main():gmm-acc-mllt.cc:108) Average like for this file is -49.1363 over 1144 frames.
LOG (gmm-acc-mllt[5.5.907~1-cbed4]:main():gmm-acc-mllt.cc:108) Average like for this file is -50.1367 over 879 frames.
LOG (gmm-acc-mllt[5.5.907~1-cbed4]:main():gmm-acc-mllt.cc:108) Average like for this file is -50.2793 over 1050 frames.
LOG (gmm-acc-mllt[5.5.907~1-cbed4]:main():gmm-acc-mllt.cc:108) Average like for this file is -51.3742 over 926 frames.
LOG (gmm-acc-mllt[5.5.907~1-cbed4]:main():gmm-acc-mllt.cc:108) Average like for this file is -51.4731 over 1117 frames.
LOG (gmm-acc-mllt[5.5.907~1-cbed4]:main():gmm-acc-mllt.cc:108) Average like for this file is -50.819 over 1160 frames.
LOG (gmm-acc-mllt[5.5.907~1-cbed4]:main():gmm-acc-mllt.cc:114) Avg like per frame so far is -58.6209
LOG (gmm-acc-mllt[5.5.907~1-cbed4]:main():gmm-acc-mllt.cc:108) Average like for this file is -50.6559 over 1158 frames.
LOG (gmm-acc-mllt[5.5.907~1-cbed4]:main():gmm-acc-mllt.cc:108) Average like for this file is -51.2224 over 780 frames.
LOG (gmm-acc-mllt[5.5.907~1-cbed4]:main():gmm-acc-mllt.cc:108) Average like for this file is -51.3375 over 1083 frames.
LOG (gmm-acc-mllt[5.5.907~1-cbed4]:main():gmm-acc-mllt.cc:108) Average like for this file is -53.9377 over 617 frames.
LOG (gmm-acc-mllt[5.5.907~1-cbed4]:main():gmm-acc-mllt.cc:108) Average like for this file is -52.1326 over 838 frames.
LOG (gmm-acc-mllt[5.5.907~1-cbed4]:main():gmm-acc-mllt.cc:108) Average like for this file is -50.8404 over 1394 frames.
LOG (gmm-acc-mllt[5.5.907~1-cbed4]:main():gmm-acc-mllt.cc:108) Average like for this file is -51.322 over 916 frames.
LOG (gmm-acc-mllt[5.5.907~1-cbed4]:main():gmm-acc-mllt.cc:108) Average like for this file is -51.557 over 750 frames.
LOG (gmm-acc-mllt[5.5.907~1-cbed4]:main():gmm-acc-mllt.cc:108) Average like for this file is -50.4619 over 824 frames.
LOG (gmm-acc-mllt[5.5.907~1-cbed4]:main():gmm-acc-mllt.cc:108) Average like for this file is -49.7107 over 899 frames.
LOG (gmm-acc-mllt[5.5.907~1-cbed4]:main():gmm-acc-mllt.cc:114) Avg like per frame so far is -58.1793
LOG (gmm-acc-mllt[5.5.907~1-cbed4]:main():gmm-acc-mllt.cc:108) Average like for this file is -51.2 over 430 frames.
LOG (gmm-acc-mllt[5.5.907~1-cbed4]:main():gmm-acc-mllt.cc:108) Average like for this file is -52.5421 over 666 frames.
LOG (gmm-acc-mllt[5.5.907~1-cbed4]:main():gmm-acc-mllt.cc:108) Average like for this file is -51.7972 over 698 frames.
LOG (gmm-acc-mllt[5.5.907~1-cbed4]:main():gmm-acc-mllt.cc:108) Average like for this file is -49.6487 over 705 frames.
LOG (gmm-acc-mllt[5.5.907~1-cbed4]:main():gmm-acc-mllt.cc:108) Average like for this file is -51.0558 over 824 frames.
LOG (gmm-acc-mllt[5.5.907~1-cbed4]:main():gmm-acc-mllt.cc:108) Average like for this file is -50.3411 over 779 frames.
LOG (gmm-acc-mllt[5.5.907~1-cbed4]:main():gmm-acc-mllt.cc:108) Average like for this file is -50.2269 over 1085 frames.
LOG (gmm-acc-mllt[5.5.907~1-cbed4]:main():gmm-acc-mllt.cc:108) Average like for this file is -51.7994 over 621 frames.
LOG (gmm-acc-mllt[5.5.907~1-cbed4]:main():gmm-acc-mllt.cc:108) Average like for this file is -53.6065 over 896 frames.
LOG (gmm-acc-mllt[5.5.907~1-cbed4]:main():gmm-acc-mllt.cc:108) Average like for this file is -51.4098 over 1014 frames.
LOG (gmm-acc-mllt[5.5.907~1-cbed4]:main():gmm-acc-mllt.cc:114) Avg like per frame so far is -57.8566
LOG (gmm-acc-mllt[5.5.907~1-cbed4]:main():gmm-acc-mllt.cc:108) Average like for this file is -49.0939 over 938 frames.
LOG (gmm-acc-mllt[5.5.907~1-cbed4]:main():gmm-acc-mllt.cc:108) Average like for this file is -51.9003 over 989 frames.
LOG (gmm-acc-mllt[5.5.907~1-cbed4]:main():gmm-acc-mllt.cc:108) Average like for this file is -51.7259 over 478 frames.
LOG (gmm-acc-mllt[5.5.907~1-cbed4]:main():gmm-acc-mllt.cc:108) Average like for this file is -50.458 over 836 frames.
LOG (gmm-acc-mllt[5.5.907~1-cbed4]:main():gmm-acc-mllt.cc:108) Average like for this file is -53.7592 over 845 frames.
LOG (gmm-acc-mllt[5.5.907~1-cbed4]:main():gmm-acc-mllt.cc:108) Average like for this file is -52.1667 over 814 frames.
LOG (gmm-acc-mllt[5.5.907~1-cbed4]:main():gmm-acc-mllt.cc:108) Average like for this file is -52.3391 over 808 frames.
LOG (gmm-acc-mllt[5.5.907~1-cbed4]:main():gmm-acc-mllt.cc:108) Average like for this file is -52.4013 over 940 frames.
LOG (gmm-acc-mllt[5.5.907~1-cbed4]:main():gmm-acc-mllt.cc:108) Average like for this file is -51.1752 over 789 frames.
LOG (gmm-acc-mllt[5.5.907~1-cbed4]:main():gmm-acc-mllt.cc:108) Average like for this file is -50.3799 over 749 frames.
LOG (gmm-acc-mllt[5.5.907~1-cbed4]:main():gmm-acc-mllt.cc:114) Avg like per frame so far is -57.5549
LOG (gmm-acc-mllt[5.5.907~1-cbed4]:main():gmm-acc-mllt.cc:108) Average like for this file is -52.4831 over 819 frames.
LOG (gmm-acc-mllt[5.5.907~1-cbed4]:main():gmm-acc-mllt.cc:108) Average like for this file is -52.9733 over 936 frames.
LOG (gmm-acc-mllt[5.5.907~1-cbed4]:main():gmm-acc-mllt.cc:108) Average like for this file is -51.3104 over 1013 frames.
LOG (gmm-acc-mllt[5.5.907~1-cbed4]:main():gmm-acc-mllt.cc:108) Average like for this file is -50.8063 over 1004 frames.
LOG (gmm-acc-mllt[5.5.907~1-cbed4]:main():gmm-acc-mllt.cc:108) Average like for this file is -52.5494 over 986 frames.
LOG (gmm-acc-mllt[5.5.907~1-cbed4]:main():gmm-acc-mllt.cc:108) Average like for this file is -52.6181 over 883 frames.
LOG (gmm-acc-mllt[5.5.907~1-cbed4]:main():gmm-acc-mllt.cc:108) Average like for this file is -51.8662 over 845 frames.
LOG (gmm-acc-mllt[5.5.907~1-cbed4]:main():gmm-acc-mllt.cc:108) Average like for this file is -50.835 over 984 frames.
LOG (gmm-acc-mllt[5.5.907~1-cbed4]:main():gmm-acc-mllt.cc:108) Average like for this file is -52.2111 over 777 frames.
LOG (gmm-acc-mllt[5.5.907~1-cbed4]:main():gmm-acc-mllt.cc:108) Average like for this file is -50.5745 over 916 frames.
LOG (gmm-acc-mllt[5.5.907~1-cbed4]:main():gmm-acc-mllt.cc:114) Avg like per frame so far is -57.2629
LOG (gmm-acc-mllt[5.5.907~1-cbed4]:main():gmm-acc-mllt.cc:108) Average like for this file is -51.9334 over 864 frames.
LOG (gmm-acc-mllt[5.5.907~1-cbed4]:main():gmm-acc-mllt.cc:108) Average like for this file is -52.9014 over 682 frames.
LOG (gmm-acc-mllt[5.5.907~1-cbed4]:main():gmm-acc-mllt.cc:108) Average like for this file is -53.6542 over 970 frames.
LOG (gmm-acc-mllt[5.5.907~1-cbed4]:main():gmm-acc-mllt.cc:108) Average like for this file is -50.591 over 929 frames.
LOG (gmm-acc-mllt[5.5.907~1-cbed4]:main():gmm-acc-mllt.cc:108) Average like for this file is -52.903 over 679 frames.
LOG (gmm-acc-mllt[5.5.907~1-cbed4]:main():gmm-acc-mllt.cc:108) Average like for this file is -52.3793 over 893 frames.
LOG (gmm-acc-mllt[5.5.907~1-cbed4]:main():gmm-acc-mllt.cc:108) Average like for this file is -53.5045 over 895 frames.
LOG (gmm-acc-mllt[5.5.907~1-cbed4]:main():gmm-acc-mllt.cc:108) Average like for this file is -48.5255 over 860 frames.
LOG (gmm-acc-mllt[5.5.907~1-cbed4]:main():gmm-acc-mllt.cc:108) Average like for this file is -51.2876 over 969 frames.
LOG (gmm-acc-mllt[5.5.907~1-cbed4]:main():gmm-acc-mllt.cc:108) Average like for this file is -51.5861 over 723 frames.
LOG (gmm-acc-mllt[5.5.907~1-cbed4]:main():gmm-acc-mllt.cc:114) Avg like per frame so far is -57.0232
LOG (gmm-acc-mllt[5.5.907~1-cbed4]:main():gmm-acc-mllt.cc:108) Average like for this file is -50.9437 over 1029 frames.
LOG (gmm-acc-mllt[5.5.907~1-cbed4]:main():gmm-acc-mllt.cc:108) Average like for this file is -50.8412 over 951 frames.
LOG (gmm-acc-mllt[5.5.907~1-cbed4]:main():gmm-acc-mllt.cc:108) Average like for this file is -50.7969 over 1173 frames.
LOG (gmm-acc-mllt[5.5.907~1-cbed4]:main():gmm-acc-mllt.cc:108) Average like for this file is -51.4959 over 747 frames.
LOG (gmm-acc-mllt[5.5.907~1-cbed4]:main():gmm-acc-mllt.cc:108) Average like for this file is -50.1181 over 892 frames.
LOG (gmm-acc-mllt[5.5.907~1-cbed4]:main():gmm-acc-mllt.cc:108) Average like for this file is -52.246 over 808 frames.
LOG (gmm-acc-mllt[5.5.907~1-cbed4]:main():gmm-acc-mllt.cc:108) Average like for this file is -50.4948 over 747 frames.
LOG (gmm-acc-mllt[5.5.907~1-cbed4]:main():gmm-acc-mllt.cc:108) Average like for this file is -51.272 over 809 frames.
LOG (gmm-acc-mllt[5.5.907~1-cbed4]:main():gmm-acc-mllt.cc:108) Average like for this file is -50.3605 over 922 frames.
LOG (gmm-acc-mllt[5.5.907~1-cbed4]:main():gmm-acc-mllt.cc:108) Average like for this file is -52.1449 over 932 frames.
LOG (gmm-acc-mllt[5.5.907~1-cbed4]:main():gmm-acc-mllt.cc:114) Avg like per frame so far is -56.7518
LOG (gmm-acc-mllt[5.5.907~1-cbed4]:main():gmm-acc-mllt.cc:108) Average like for this file is -49.777 over 912 frames.
LOG (gmm-acc-mllt[5.5.907~1-cbed4]:main():gmm-acc-mllt.cc:108) Average like for this file is -51.7423 over 938 frames.
LOG (gmm-acc-mllt[5.5.907~1-cbed4]:main():gmm-acc-mllt.cc:108) Average like for this file is -52.9497 over 925 frames.
LOG (gmm-acc-mllt[5.5.907~1-cbed4]:main():gmm-acc-mllt.cc:108) Average like for this file is -53.8758 over 754 frames.
LOG (gmm-acc-mllt[5.5.907~1-cbed4]:main():gmm-acc-mllt.cc:108) Average like for this file is -52.3585 over 1276 frames.
LOG (gmm-acc-mllt[5.5.907~1-cbed4]:main():gmm-acc-mllt.cc:108) Average like for this file is -51.75 over 1135 frames.
LOG (gmm-acc-mllt[5.5.907~1-cbed4]:main():gmm-acc-mllt.cc:108) Average like for this file is -52.4884 over 950 frames.
LOG (gmm-acc-mllt[5.5.907~1-cbed4]:main():gmm-acc-mllt.cc:108) Average like for this file is -54.2908 over 673 frames.
LOG (gmm-acc-mllt[5.5.907~1-cbed4]:main():gmm-acc-mllt.cc:108) Average like for this file is -53.8191 over 779 frames.
LOG (gmm-acc-mllt[5.5.907~1-cbed4]:main():gmm-acc-mllt.cc:108) Average like for this file is -52.6125 over 926 frames.
LOG (gmm-acc-mllt[5.5.907~1-cbed4]:main():gmm-acc-mllt.cc:114) Avg like per frame so far is -56.5598
LOG (gmm-acc-mllt[5.5.907~1-cbed4]:main():gmm-acc-mllt.cc:108) Average like for this file is -52.6515 over 930 frames.
LOG (gmm-acc-mllt[5.5.907~1-cbed4]:main():gmm-acc-mllt.cc:108) Average like for this file is -53.2595 over 832 frames.
LOG (gmm-acc-mllt[5.5.907~1-cbed4]:main():gmm-acc-mllt.cc:108) Average like for this file is -52.396 over 1043 frames.
LOG (gmm-acc-mllt[5.5.907~1-cbed4]:main():gmm-acc-mllt.cc:108) Average like for this file is -50.1073 over 945 frames.
LOG (gmm-acc-mllt[5.5.907~1-cbed4]:main():gmm-acc-mllt.cc:108) Average like for this file is -51.9082 over 689 frames.
LOG (gmm-acc-mllt[5.5.907~1-cbed4]:main():gmm-acc-mllt.cc:108) Average like for this file is -53.342 over 892 frames.
LOG (gmm-acc-mllt[5.5.907~1-cbed4]:main():gmm-acc-mllt.cc:108) Average like for this file is -54.2119 over 844 frames.
LOG (gmm-acc-mllt[5.5.907~1-cbed4]:main():gmm-acc-mllt.cc:108) Average like for this file is -52.7794 over 1007 frames.
LOG (gmm-acc-mllt[5.5.907~1-cbed4]:main():gmm-acc-mllt.cc:108) Average like for this file is -54.9035 over 1069 frames.
LOG (gmm-acc-mllt[5.5.907~1-cbed4]:main():gmm-acc-mllt.cc:108) Average like for this file is -51.0207 over 692 frames.
LOG (gmm-acc-mllt[5.5.907~1-cbed4]:main():gmm-acc-mllt.cc:114) Avg like per frame so far is -56.4014
LOG (gmm-acc-mllt[5.5.907~1-cbed4]:main():gmm-acc-mllt.cc:108) Average like for this file is -53.159 over 1169 frames.
LOG (gmm-acc-mllt[5.5.907~1-cbed4]:main():gmm-acc-mllt.cc:108) Average like for this file is -53.4926 over 1072 frames.
LOG (gmm-acc-mllt[5.5.907~1-cbed4]:main():gmm-acc-mllt.cc:108) Average like for this file is -54.7293 over 976 frames.
LOG (gmm-acc-mllt[5.5.907~1-cbed4]:main():gmm-acc-mllt.cc:108) Average like for this file is -52.1389 over 1257 frames.
LOG (gmm-acc-mllt[5.5.907~1-cbed4]:main():gmm-acc-mllt.cc:108) Average like for this file is -55.4056 over 933 frames.
LOG (gmm-acc-mllt[5.5.907~1-cbed4]:main():gmm-acc-mllt.cc:108) Average like for this file is -52.4707 over 1159 frames.
LOG (gmm-acc-mllt[5.5.907~1-cbed4]:main():gmm-acc-mllt.cc:108) Average like for this file is -54.5105 over 851 frames.
LOG (gmm-acc-mllt[5.5.907~1-cbed4]:main():gmm-acc-mllt.cc:108) Average like for this file is -53.8613 over 992 frames.
LOG (gmm-acc-mllt[5.5.907~1-cbed4]:main():gmm-acc-mllt.cc:108) Average like for this file is -54.4897 over 722 frames.
LOG (gmm-acc-mllt[5.5.907~1-cbed4]:main():gmm-acc-mllt.cc:108) Average like for this file is -52.0158 over 887 frames.
LOG (gmm-acc-mllt[5.5.907~1-cbed4]:main():gmm-acc-mllt.cc:114) Avg like per frame so far is -56.2743
LOG (gmm-acc-mllt[5.5.907~1-cbed4]:main():gmm-acc-mllt.cc:108) Average like for this file is -53.1655 over 929 frames.
LOG (gmm-acc-mllt[5.5.907~1-cbed4]:main():gmm-acc-mllt.cc:108) Average like for this file is -54.9236 over 823 frames.
LOG (gmm-acc-mllt[5.5.907~1-cbed4]:main():gmm-acc-mllt.cc:108) Average like for this file is -53.5224 over 833 frames.
LOG (gmm-acc-mllt[5.5.907~1-cbed4]:main():gmm-acc-mllt.cc:108) Average like for this file is -52.8459 over 778 frames.
LOG (gmm-acc-mllt[5.5.907~1-cbed4]:main():gmm-acc-mllt.cc:108) Average like for this file is -51.4195 over 912 frames.
LOG (gmm-acc-mllt[5.5.907~1-cbed4]:main():gmm-acc-mllt.cc:108) Average like for this file is -54.6792 over 597 frames.
LOG (gmm-acc-mllt[5.5.907~1-cbed4]:main():gmm-acc-mllt.cc:108) Average like for this file is -51.6619 over 771 frames.
LOG (gmm-acc-mllt[5.5.907~1-cbed4]:main():gmm-acc-mllt.cc:108) Average like for this file is -53.8584 over 824 frames.
LOG (gmm-acc-mllt[5.5.907~1-cbed4]:main():gmm-acc-mllt.cc:108) Average like for this file is -52.4782 over 840 frames.
LOG (gmm-acc-mllt[5.5.907~1-cbed4]:main():gmm-acc-mllt.cc:108) Average like for this file is -52.8709 over 1000 frames.
LOG (gmm-acc-mllt[5.5.907~1-cbed4]:main():gmm-acc-mllt.cc:114) Avg like per frame so far is -56.1616
LOG (gmm-acc-mllt[5.5.907~1-cbed4]:main():gmm-acc-mllt.cc:108) Average like for this file is -50.3033 over 1279 frames.
LOG (gmm-acc-mllt[5.5.907~1-cbed4]:main():gmm-acc-mllt.cc:108) Average like for this file is -53.6549 over 756 frames.
LOG (gmm-acc-mllt[5.5.907~1-cbed4]:main():gmm-acc-mllt.cc:108) Average like for this file is -52.7592 over 862 frames.
LOG (gmm-acc-mllt[5.5.907~1-cbed4]:main():gmm-acc-mllt.cc:108) Average like for this file is -51.5339 over 826 frames.
LOG (gmm-acc-mllt[5.5.907~1-cbed4]:main():gmm-acc-mllt.cc:108) Average like for this file is -55.7947 over 1004 frames.
LOG (gmm-acc-mllt[5.5.907~1-cbed4]:main():gmm-acc-mllt.cc:108) Average like for this file is -53.2552 over 1388 frames.
LOG (gmm-acc-mllt[5.5.907~1-cbed4]:main():gmm-acc-mllt.cc:108) Average like for this file is -53.4435 over 943 frames.
LOG (gmm-acc-mllt[5.5.907~1-cbed4]:main():gmm-acc-mllt.cc:108) Average like for this file is -54.6393 over 1063 frames.
LOG (gmm-acc-mllt[5.5.907~1-cbed4]:main():gmm-acc-mllt.cc:108) Average like for this file is -53.8638 over 1115 frames.
LOG (gmm-acc-mllt[5.5.907~1-cbed4]:main():gmm-acc-mllt.cc:108) Average like for this file is -52.3784 over 998 frames.
LOG (gmm-acc-mllt[5.5.907~1-cbed4]:main():gmm-acc-mllt.cc:114) Avg like per frame so far is -56.0348
LOG (gmm-acc-mllt[5.5.907~1-cbed4]:main():gmm-acc-mllt.cc:108) Average like for this file is -50.0442 over 906 frames.
LOG (gmm-acc-mllt[5.5.907~1-cbed4]:main():gmm-acc-mllt.cc:108) Average like for this file is -50.7465 over 1129 frames.
LOG (gmm-acc-mllt[5.5.907~1-cbed4]:main():gmm-acc-mllt.cc:108) Average like for this file is -52.2321 over 975 frames.
LOG (gmm-acc-mllt[5.5.907~1-cbed4]:main():gmm-acc-mllt.cc:108) Average like for this file is -51.5619 over 987 frames.
LOG (gmm-acc-mllt[5.5.907~1-cbed4]:main():gmm-acc-mllt.cc:108) Average like for this file is -50.5317 over 812 frames.
LOG (gmm-acc-mllt[5.5.907~1-cbed4]:main():gmm-acc-mllt.cc:108) Average like for this file is -51.0222 over 918 frames.
LOG (gmm-acc-mllt[5.5.907~1-cbed4]:main():gmm-acc-mllt.cc:108) Average like for this file is -51.1091 over 1064 frames.
LOG (gmm-acc-mllt[5.5.907~1-cbed4]:main():gmm-acc-mllt.cc:108) Average like for this file is -52.0246 over 1139 frames.
LOG (gmm-acc-mllt[5.5.907~1-cbed4]:main():gmm-acc-mllt.cc:108) Average like for this file is -53.2229 over 955 frames.
LOG (gmm-acc-mllt[5.5.907~1-cbed4]:main():gmm-acc-mllt.cc:108) Average like for this file is -51.3704 over 961 frames.
LOG (gmm-acc-mllt[5.5.907~1-cbed4]:main():gmm-acc-mllt.cc:114) Avg like per frame so far is -55.856
LOG (gmm-acc-mllt[5.5.907~1-cbed4]:main():gmm-acc-mllt.cc:108) Average like for this file is -51.0829 over 913 frames.
LOG (gmm-acc-mllt[5.5.907~1-cbed4]:main():gmm-acc-mllt.cc:108) Average like for this file is -53.4094 over 789 frames.
LOG (gmm-acc-mllt[5.5.907~1-cbed4]:main():gmm-acc-mllt.cc:108) Average like for this file is -53.9002 over 813 frames.
LOG (gmm-acc-mllt[5.5.907~1-cbed4]:main():gmm-acc-mllt.cc:108) Average like for this file is -52.1545 over 1125 frames.
LOG (gmm-acc-mllt[5.5.907~1-cbed4]:main():gmm-acc-mllt.cc:108) Average like for this file is -51.1352 over 814 frames.
LOG (gmm-acc-mllt[5.5.907~1-cbed4]:main():gmm-acc-mllt.cc:108) Average like for this file is -52.1989 over 701 frames.
LOG (gmm-acc-mllt[5.5.907~1-cbed4]:main():gmm-acc-mllt.cc:108) Average like for this file is -51.0534 over 1235 frames.
LOG (gmm-acc-mllt[5.5.907~1-cbed4]:main():gmm-acc-mllt.cc:108) Average like for this file is -52.2387 over 896 frames.
LOG (gmm-acc-mllt[5.5.907~1-cbed4]:main():gmm-acc-mllt.cc:108) Average like for this file is -55.2098 over 704 frames.
LOG (gmm-acc-mllt[5.5.907~1-cbed4]:main():gmm-acc-mllt.cc:108) Average like for this file is -51.7534 over 1194 frames.
LOG (gmm-acc-mllt[5.5.907~1-cbed4]:main():gmm-acc-mllt.cc:114) Avg like per frame so far is -55.7312
LOG (gmm-acc-mllt[5.5.907~1-cbed4]:main():gmm-acc-mllt.cc:108) Average like for this file is -53.331 over 1700 frames.
LOG (gmm-acc-mllt[5.5.907~1-cbed4]:main():gmm-acc-mllt.cc:108) Average like for this file is -54.0178 over 954 frames.
LOG (gmm-acc-mllt[5.5.907~1-cbed4]:main():gmm-acc-mllt.cc:108) Average like for this file is -54.1969 over 920 frames.
LOG (gmm-acc-mllt[5.5.907~1-cbed4]:main():gmm-acc-mllt.cc:108) Average like for this file is -53.1292 over 1434 frames.
LOG (gmm-acc-mllt[5.5.907~1-cbed4]:main():gmm-acc-mllt.cc:108) Average like for this file is -50.8723 over 1368 frames.
LOG (gmm-acc-mllt[5.5.907~1-cbed4]:main():gmm-acc-mllt.cc:108) Average like for this file is -52.7311 over 1030 frames.
LOG (gmm-acc-mllt[5.5.907~1-cbed4]:main():gmm-acc-mllt.cc:108) Average like for this file is -53.2071 over 996 frames.
LOG (gmm-acc-mllt[5.5.907~1-cbed4]:main():gmm-acc-mllt.cc:108) Average like for this file is -51.9988 over 1140 frames.
LOG (gmm-acc-mllt[5.5.907~1-cbed4]:main():gmm-acc-mllt.cc:108) Average like for this file is -53.1545 over 1289 frames.
LOG (gmm-acc-mllt[5.5.907~1-cbed4]:main():gmm-acc-mllt.cc:108) Average like for this file is -55.1156 over 659 frames.
LOG (gmm-acc-mllt[5.5.907~1-cbed4]:main():gmm-acc-mllt.cc:114) Avg like per frame so far is -55.6183
LOG (gmm-acc-mllt[5.5.907~1-cbed4]:main():gmm-acc-mllt.cc:108) Average like for this file is -52.8319 over 1037 frames.
LOG (gmm-acc-mllt[5.5.907~1-cbed4]:main():gmm-acc-mllt.cc:108) Average like for this file is -53.5067 over 1032 frames.
LOG (gmm-acc-mllt[5.5.907~1-cbed4]:main():gmm-acc-mllt.cc:108) Average like for this file is -52.9921 over 1394 frames.
LOG (gmm-acc-mllt[5.5.907~1-cbed4]:main():gmm-acc-mllt.cc:108) Average like for this file is -53.7636 over 630 frames.
LOG (gmm-acc-mllt[5.5.907~1-cbed4]:main():gmm-acc-mllt.cc:108) Average like for this file is -54.9776 over 1864 frames.
LOG (gmm-acc-mllt[5.5.907~1-cbed4]:main():gmm-acc-mllt.cc:108) Average like for this file is -52.8597 over 832 frames.
LOG (gmm-acc-mllt[5.5.907~1-cbed4]:main():gmm-acc-mllt.cc:108) Average like for this file is -50.912 over 687 frames.
LOG (gmm-acc-mllt[5.5.907~1-cbed4]:main():gmm-acc-mllt.cc:108) Average like for this file is -51.7129 over 496 frames.
LOG (gmm-acc-mllt[5.5.907~1-cbed4]:main():gmm-acc-mllt.cc:108) Average like for this file is -51.3674 over 618 frames.
LOG (gmm-acc-mllt[5.5.907~1-cbed4]:main():gmm-acc-mllt.cc:108) Average like for this file is -52.6109 over 782 frames.
LOG (gmm-acc-mllt[5.5.907~1-cbed4]:main():gmm-acc-mllt.cc:114) Avg like per frame so far is -55.5357
LOG (gmm-acc-mllt[5.5.907~1-cbed4]:main():gmm-acc-mllt.cc:108) Average like for this file is -54.8797 over 548 frames.
LOG (gmm-acc-mllt[5.5.907~1-cbed4]:main():gmm-acc-mllt.cc:108) Average like for this file is -54.1023 over 473 frames.
LOG (gmm-acc-mllt[5.5.907~1-cbed4]:main():gmm-acc-mllt.cc:108) Average like for this file is -53.5604 over 427 frames.
LOG (gmm-acc-mllt[5.5.907~1-cbed4]:main():gmm-acc-mllt.cc:108) Average like for this file is -53.5455 over 455 frames.
LOG (gmm-acc-mllt[5.5.907~1-cbed4]:main():gmm-acc-mllt.cc:108) Average like for this file is -51.1759 over 690 frames.
LOG (gmm-acc-mllt[5.5.907~1-cbed4]:main():gmm-acc-mllt.cc:108) Average like for this file is -51.6383 over 471 frames.
LOG (gmm-acc-mllt[5.5.907~1-cbed4]:main():gmm-acc-mllt.cc:108) Average like for this file is -52.0431 over 528 frames.
LOG (gmm-acc-mllt[5.5.907~1-cbed4]:main():gmm-acc-mllt.cc:108) Average like for this file is -54.029 over 352 frames.
LOG (gmm-acc-mllt[5.5.907~1-cbed4]:main():gmm-acc-mllt.cc:108) Average like for this file is -52.9749 over 579 frames.
LOG (gmm-acc-mllt[5.5.907~1-cbed4]:main():gmm-acc-mllt.cc:108) Average like for this file is -54.9755 over 491 frames.
LOG (gmm-acc-mllt[5.5.907~1-cbed4]:main():gmm-acc-mllt.cc:114) Avg like per frame so far is -55.4952
LOG (gmm-acc-mllt[5.5.907~1-cbed4]:main():gmm-acc-mllt.cc:108) Average like for this file is -51.5096 over 725 frames.
LOG (gmm-acc-mllt[5.5.907~1-cbed4]:main():gmm-acc-mllt.cc:108) Average like for this file is -52.8454 over 396 frames.
LOG (gmm-acc-mllt[5.5.907~1-cbed4]:main():gmm-acc-mllt.cc:108) Average like for this file is -51.096 over 617 frames.
LOG (gmm-acc-mllt[5.5.907~1-cbed4]:main():gmm-acc-mllt.cc:108) Average like for this file is -52.3999 over 492 frames.
LOG (gmm-acc-mllt[5.5.907~1-cbed4]:main():gmm-acc-mllt.cc:108) Average like for this file is -55.0694 over 627 frames.
LOG (gmm-acc-mllt[5.5.907~1-cbed4]:main():gmm-acc-mllt.cc:108) Average like for this file is -50.8839 over 770 frames.
LOG (gmm-acc-mllt[5.5.907~1-cbed4]:main():gmm-acc-mllt.cc:108) Average like for this file is -51.5675 over 496 frames.
LOG (gmm-acc-mllt[5.5.907~1-cbed4]:main():gmm-acc-mllt.cc:108) Average like for this file is -55.4049 over 668 frames.
LOG (gmm-acc-mllt[5.5.907~1-cbed4]:main():gmm-acc-mllt.cc:108) Average like for this file is -54.3883 over 384 frames.
LOG (gmm-acc-mllt[5.5.907~1-cbed4]:main():gmm-acc-mllt.cc:108) Average like for this file is -53.1001 over 839 frames.
LOG (gmm-acc-mllt[5.5.907~1-cbed4]:main():gmm-acc-mllt.cc:114) Avg like per frame so far is -55.4396
LOG (gmm-acc-mllt[5.5.907~1-cbed4]:main():gmm-acc-mllt.cc:108) Average like for this file is -50.8963 over 742 frames.
LOG (gmm-acc-mllt[5.5.907~1-cbed4]:main():gmm-acc-mllt.cc:108) Average like for this file is -51.0543 over 778 frames.
LOG (gmm-acc-mllt[5.5.907~1-cbed4]:main():gmm-acc-mllt.cc:108) Average like for this file is -54.2998 over 584 frames.
LOG (gmm-acc-mllt[5.5.907~1-cbed4]:main():gmm-acc-mllt.cc:108) Average like for this file is -52.4648 over 870 frames.
LOG (gmm-acc-mllt[5.5.907~1-cbed4]:main():gmm-acc-mllt.cc:108) Average like for this file is -52.1777 over 779 frames.
LOG (gmm-acc-mllt[5.5.907~1-cbed4]:main():gmm-acc-mllt.cc:108) Average like for this file is -52.7203 over 829 frames.
LOG (gmm-acc-mllt[5.5.907~1-cbed4]:main():gmm-acc-mllt.cc:108) Average like for this file is -50.7965 over 773 frames.
LOG (gmm-acc-mllt[5.5.907~1-cbed4]:main():gmm-acc-mllt.cc:108) Average like for this file is -54.2181 over 1030 frames.
LOG (gmm-acc-mllt[5.5.907~1-cbed4]:main():gmm-acc-mllt.cc:108) Average like for this file is -53.3262 over 1213 frames.
LOG (gmm-acc-mllt[5.5.907~1-cbed4]:main():gmm-acc-mllt.cc:108) Average like for this file is -52.7222 over 991 frames.
LOG (gmm-acc-mllt[5.5.907~1-cbed4]:main():gmm-acc-mllt.cc:114) Avg like per frame so far is -55.3577
LOG (gmm-acc-mllt[5.5.907~1-cbed4]:main():gmm-acc-mllt.cc:108) Average like for this file is -53.7402 over 1578 frames.
LOG (gmm-acc-mllt[5.5.907~1-cbed4]:main():gmm-acc-mllt.cc:108) Average like for this file is -52.486 over 583 frames.
LOG (gmm-acc-mllt[5.5.907~1-cbed4]:main():gmm-acc-mllt.cc:108) Average like for this file is -54.4024 over 871 frames.
LOG (gmm-acc-mllt[5.5.907~1-cbed4]:main():gmm-acc-mllt.cc:108) Average like for this file is -56.4908 over 639 frames.
LOG (gmm-acc-mllt[5.5.907~1-cbed4]:main():gmm-acc-mllt.cc:108) Average like for this file is -52.7412 over 1021 frames.
LOG (gmm-acc-mllt[5.5.907~1-cbed4]:main():gmm-acc-mllt.cc:108) Average like for this file is -54.3204 over 1142 frames.
LOG (gmm-acc-mllt[5.5.907~1-cbed4]:main():gmm-acc-mllt.cc:108) Average like for this file is -52.9676 over 993 frames.
LOG (gmm-acc-mllt[5.5.907~1-cbed4]:main():gmm-acc-mllt.cc:108) Average like for this file is -52.0325 over 690 frames.
LOG (gmm-acc-mllt[5.5.907~1-cbed4]:main():gmm-acc-mllt.cc:108) Average like for this file is -54.4577 over 398 frames.
LOG (gmm-acc-mllt[5.5.907~1-cbed4]:main():gmm-acc-mllt.cc:108) Average like for this file is -54.0537 over 604 frames.
LOG (gmm-acc-mllt[5.5.907~1-cbed4]:main():gmm-acc-mllt.cc:114) Avg like per frame so far is -55.313
LOG (gmm-acc-mllt[5.5.907~1-cbed4]:main():gmm-acc-mllt.cc:108) Average like for this file is -52.5012 over 762 frames.
LOG (gmm-acc-mllt[5.5.907~1-cbed4]:main():gmm-acc-mllt.cc:108) Average like for this file is -53.3541 over 575 frames.
LOG (gmm-acc-mllt[5.5.907~1-cbed4]:main():gmm-acc-mllt.cc:108) Average like for this file is -52.4034 over 398 frames.
LOG (gmm-acc-mllt[5.5.907~1-cbed4]:main():gmm-acc-mllt.cc:108) Average like for this file is -53.4271 over 618 frames.
LOG (gmm-acc-mllt[5.5.907~1-cbed4]:main():gmm-acc-mllt.cc:108) Average like for this file is -54.7978 over 691 frames.
LOG (gmm-acc-mllt[5.5.907~1-cbed4]:main():gmm-acc-mllt.cc:108) Average like for this file is -55.1336 over 429 frames.
LOG (gmm-acc-mllt[5.5.907~1-cbed4]:main():gmm-acc-mllt.cc:108) Average like for this file is -54.8447 over 824 frames.
LOG (gmm-acc-mllt[5.5.907~1-cbed4]:main():gmm-acc-mllt.cc:108) Average like for this file is -52.5312 over 835 frames.
LOG (gmm-acc-mllt[5.5.907~1-cbed4]:main():gmm-acc-mllt.cc:108) Average like for this file is -53.2156 over 959 frames.
LOG (gmm-acc-mllt[5.5.907~1-cbed4]:main():gmm-acc-mllt.cc:108) Average like for this file is -50.3274 over 1008 frames.
LOG (gmm-acc-mllt[5.5.907~1-cbed4]:main():gmm-acc-mllt.cc:114) Avg like per frame so far is -55.2638
LOG (gmm-acc-mllt[5.5.907~1-cbed4]:main():gmm-acc-mllt.cc:108) Average like for this file is -53.3869 over 1114 frames.
LOG (gmm-acc-mllt[5.5.907~1-cbed4]:main():gmm-acc-mllt.cc:108) Average like for this file is -51.1279 over 694 frames.
LOG (gmm-acc-mllt[5.5.907~1-cbed4]:main():gmm-acc-mllt.cc:108) Average like for this file is -52.5139 over 864 frames.
LOG (gmm-acc-mllt[5.5.907~1-cbed4]:main():gmm-acc-mllt.cc:108) Average like for this file is -51.4638 over 967 frames.
LOG (gmm-acc-mllt[5.5.907~1-cbed4]:main():gmm-acc-mllt.cc:108) Average like for this file is -53.2569 over 1036 frames.
LOG (gmm-acc-mllt[5.5.907~1-cbed4]:main():gmm-acc-mllt.cc:108) Average like for this file is -52.0095 over 1159 frames.
LOG (gmm-acc-mllt[5.5.907~1-cbed4]:main():gmm-acc-mllt.cc:108) Average like for this file is -53.0153 over 896 frames.
LOG (gmm-acc-mllt[5.5.907~1-cbed4]:main():gmm-acc-mllt.cc:108) Average like for this file is -52.2792 over 717 frames.
LOG (gmm-acc-mllt[5.5.907~1-cbed4]:main():gmm-acc-mllt.cc:108) Average like for this file is -53.291 over 793 frames.
LOG (gmm-acc-mllt[5.5.907~1-cbed4]:main():gmm-acc-mllt.cc:108) Average like for this file is -52.4917 over 693 frames.
LOG (gmm-acc-mllt[5.5.907~1-cbed4]:main():gmm-acc-mllt.cc:114) Avg like per frame so far is -55.1893
LOG (gmm-acc-mllt[5.5.907~1-cbed4]:main():gmm-acc-mllt.cc:108) Average like for this file is -52.0218 over 823 frames.
LOG (gmm-acc-mllt[5.5.907~1-cbed4]:main():gmm-acc-mllt.cc:108) Average like for this file is -50.7475 over 732 frames.
LOG (gmm-acc-mllt[5.5.907~1-cbed4]:main():gmm-acc-mllt.cc:108) Average like for this file is -53.2159 over 663 frames.
LOG (gmm-acc-mllt[5.5.907~1-cbed4]:main():gmm-acc-mllt.cc:108) Average like for this file is -52.9112 over 740 frames.
LOG (gmm-acc-mllt[5.5.907~1-cbed4]:main():gmm-acc-mllt.cc:108) Average like for this file is -53.0918 over 1098 frames.
LOG (gmm-acc-mllt[5.5.907~1-cbed4]:main():gmm-acc-mllt.cc:108) Average like for this file is -55.0111 over 978 frames.
LOG (gmm-acc-mllt[5.5.907~1-cbed4]:main():gmm-acc-mllt.cc:108) Average like for this file is -55.9364 over 955 frames.
LOG (gmm-acc-mllt[5.5.907~1-cbed4]:main():gmm-acc-mllt.cc:108) Average like for this file is -52.8621 over 941 frames.
LOG (gmm-acc-mllt[5.5.907~1-cbed4]:main():gmm-acc-mllt.cc:108) Average like for this file is -54.254 over 708 frames.
LOG (gmm-acc-mllt[5.5.907~1-cbed4]:main():gmm-acc-mllt.cc:108) Average like for this file is -53.1617 over 1627 frames.
LOG (gmm-acc-mllt[5.5.907~1-cbed4]:main():gmm-acc-mllt.cc:114) Avg like per frame so far is -55.1398
LOG (gmm-acc-mllt[5.5.907~1-cbed4]:main():gmm-acc-mllt.cc:108) Average like for this file is -56.9698 over 684 frames.
LOG (gmm-acc-mllt[5.5.907~1-cbed4]:main():gmm-acc-mllt.cc:108) Average like for this file is -54.8083 over 882 frames.
LOG (gmm-acc-mllt[5.5.907~1-cbed4]:main():gmm-acc-mllt.cc:108) Average like for this file is -54.5163 over 978 frames.
LOG (gmm-acc-mllt[5.5.907~1-cbed4]:main():gmm-acc-mllt.cc:108) Average like for this file is -53.6399 over 992 frames.
LOG (gmm-acc-mllt[5.5.907~1-cbed4]:main():gmm-acc-mllt.cc:108) Average like for this file is -53.2749 over 1241 frames.
LOG (gmm-acc-mllt[5.5.907~1-cbed4]:main():gmm-acc-mllt.cc:108) Average like for this file is -53.3095 over 940 frames.
LOG (gmm-acc-mllt[5.5.907~1-cbed4]:main():gmm-acc-mllt.cc:108) Average like for this file is -54.3965 over 1157 frames.
LOG (gmm-acc-mllt[5.5.907~1-cbed4]:main():gmm-acc-mllt.cc:108) Average like for this file is -53.8658 over 576 frames.
LOG (gmm-acc-mllt[5.5.907~1-cbed4]:main():gmm-acc-mllt.cc:108) Average like for this file is -52.6435 over 827 frames.
LOG (gmm-acc-mllt[5.5.907~1-cbed4]:main():gmm-acc-mllt.cc:108) Average like for this file is -51.4184 over 943 frames.
LOG (gmm-acc-mllt[5.5.907~1-cbed4]:main():gmm-acc-mllt.cc:114) Avg like per frame so far is -55.1043
LOG (gmm-acc-mllt[5.5.907~1-cbed4]:main():gmm-acc-mllt.cc:108) Average like for this file is -52.6424 over 538 frames.
LOG (gmm-acc-mllt[5.5.907~1-cbed4]:main():gmm-acc-mllt.cc:108) Average like for this file is -53.2108 over 952 frames.
LOG (gmm-acc-mllt[5.5.907~1-cbed4]:main():gmm-acc-mllt.cc:108) Average like for this file is -51.7964 over 852 frames.
LOG (gmm-acc-mllt[5.5.907~1-cbed4]:main():gmm-acc-mllt.cc:108) Average like for this file is -53.6541 over 1506 frames.
LOG (gmm-acc-mllt[5.5.907~1-cbed4]:main():gmm-acc-mllt.cc:108) Average like for this file is -54.2332 over 873 frames.
LOG (gmm-acc-mllt[5.5.907~1-cbed4]:main():gmm-acc-mllt.cc:108) Average like for this file is -51.4226 over 1065 frames.
LOG (gmm-acc-mllt[5.5.907~1-cbed4]:main():gmm-acc-mllt.cc:108) Average like for this file is -55.1817 over 803 frames.
LOG (gmm-acc-mllt[5.5.907~1-cbed4]:main():gmm-acc-mllt.cc:108) Average like for this file is -53.1123 over 1351 frames.
LOG (gmm-acc-mllt[5.5.907~1-cbed4]:main():gmm-acc-mllt.cc:108) Average like for this file is -53.6007 over 1116 frames.
LOG (gmm-acc-mllt[5.5.907~1-cbed4]:main():gmm-acc-mllt.cc:108) Average like for this file is -52.0595 over 1008 frames.
LOG (gmm-acc-mllt[5.5.907~1-cbed4]:main():gmm-acc-mllt.cc:114) Avg like per frame so far is -55.0478
LOG (gmm-acc-mllt[5.5.907~1-cbed4]:main():gmm-acc-mllt.cc:108) Average like for this file is -51.2509 over 1262 frames.
LOG (gmm-acc-mllt[5.5.907~1-cbed4]:main():gmm-acc-mllt.cc:108) Average like for this file is -52.09 over 989 frames.
LOG (gmm-acc-mllt[5.5.907~1-cbed4]:main():gmm-acc-mllt.cc:108) Average like for this file is -53.4532 over 700 frames.
LOG (gmm-acc-mllt[5.5.907~1-cbed4]:main():gmm-acc-mllt.cc:108) Average like for this file is -53.2242 over 1098 frames.
LOG (gmm-acc-mllt[5.5.907~1-cbed4]:main():gmm-acc-mllt.cc:108) Average like for this file is -56.1657 over 1439 frames.
LOG (gmm-acc-mllt[5.5.907~1-cbed4]:main():gmm-acc-mllt.cc:108) Average like for this file is -53.7567 over 722 frames.
LOG (gmm-acc-mllt[5.5.907~1-cbed4]:main():gmm-acc-mllt.cc:108) Average like for this file is -53.0721 over 948 frames.
LOG (gmm-acc-mllt[5.5.907~1-cbed4]:main():gmm-acc-mllt.cc:108) Average like for this file is -51.3106 over 1021 frames.
LOG (gmm-acc-mllt[5.5.907~1-cbed4]:main():gmm-acc-mllt.cc:108) Average like for this file is -53.8481 over 737 frames.
LOG (gmm-acc-mllt[5.5.907~1-cbed4]:main():gmm-acc-mllt.cc:108) Average like for this file is -52.1372 over 1058 frames.
LOG (gmm-acc-mllt[5.5.907~1-cbed4]:main():gmm-acc-mllt.cc:114) Avg like per frame so far is -54.9939
LOG (gmm-acc-mllt[5.5.907~1-cbed4]:main():gmm-acc-mllt.cc:108) Average like for this file is -50.6696 over 785 frames.
LOG (gmm-acc-mllt[5.5.907~1-cbed4]:main():gmm-acc-mllt.cc:108) Average like for this file is -53.7252 over 1049 frames.
LOG (gmm-acc-mllt[5.5.907~1-cbed4]:main():gmm-acc-mllt.cc:108) Average like for this file is -54.3456 over 606 frames.
LOG (gmm-acc-mllt[5.5.907~1-cbed4]:main():gmm-acc-mllt.cc:108) Average like for this file is -52.5445 over 1012 frames.
LOG (gmm-acc-mllt[5.5.907~1-cbed4]:main():gmm-acc-mllt.cc:108) Average like for this file is -52.4814 over 728 frames.
LOG (gmm-acc-mllt[5.5.907~1-cbed4]:main():gmm-acc-mllt.cc:108) Average like for this file is -51.2639 over 753 frames.
LOG (gmm-acc-mllt[5.5.907~1-cbed4]:main():gmm-acc-mllt.cc:108) Average like for this file is -50.1191 over 514 frames.
LOG (gmm-acc-mllt[5.5.907~1-cbed4]:main():gmm-acc-mllt.cc:108) Average like for this file is -49.8742 over 766 frames.
LOG (gmm-acc-mllt[5.5.907~1-cbed4]:main():gmm-acc-mllt.cc:108) Average like for this file is -53.0796 over 790 frames.
LOG (gmm-acc-mllt[5.5.907~1-cbed4]:main():gmm-acc-mllt.cc:108) Average like for this file is -51.1047 over 980 frames.
LOG (gmm-acc-mllt[5.5.907~1-cbed4]:main():gmm-acc-mllt.cc:114) Avg like per frame so far is -54.9301
LOG (gmm-acc-mllt[5.5.907~1-cbed4]:main():gmm-acc-mllt.cc:108) Average like for this file is -51.88 over 1026 frames.
LOG (gmm-acc-mllt[5.5.907~1-cbed4]:main():gmm-acc-mllt.cc:108) Average like for this file is -51.2157 over 1159 frames.
LOG (gmm-acc-mllt[5.5.907~1-cbed4]:main():gmm-acc-mllt.cc:108) Average like for this file is -54.3363 over 1198 frames.
LOG (gmm-acc-mllt[5.5.907~1-cbed4]:main():gmm-acc-mllt.cc:108) Average like for this file is -52.7083 over 789 frames.
LOG (gmm-acc-mllt[5.5.907~1-cbed4]:main():gmm-acc-mllt.cc:108) Average like for this file is -52.1769 over 741 frames.
LOG (gmm-acc-mllt[5.5.907~1-cbed4]:main():gmm-acc-mllt.cc:108) Average like for this file is -52.7166 over 1088 frames.
LOG (gmm-acc-mllt[5.5.907~1-cbed4]:main():gmm-acc-mllt.cc:108) Average like for this file is -54.2396 over 898 frames.
LOG (gmm-acc-mllt[5.5.907~1-cbed4]:main():gmm-acc-mllt.cc:108) Average like for this file is -51.9715 over 1382 frames.
LOG (gmm-acc-mllt[5.5.907~1-cbed4]:main():gmm-acc-mllt.cc:108) Average like for this file is -54.0115 over 767 frames.
LOG (gmm-acc-mllt[5.5.907~1-cbed4]:main():gmm-acc-mllt.cc:108) Average like for this file is -52.4434 over 561 frames.
LOG (gmm-acc-mllt[5.5.907~1-cbed4]:main():gmm-acc-mllt.cc:114) Avg like per frame so far is -54.8751
LOG (gmm-acc-mllt[5.5.907~1-cbed4]:main():gmm-acc-mllt.cc:108) Average like for this file is -51.9908 over 917 frames.
LOG (gmm-acc-mllt[5.5.907~1-cbed4]:main():gmm-acc-mllt.cc:108) Average like for this file is -52.4179 over 756 frames.
LOG (gmm-acc-mllt[5.5.907~1-cbed4]:main():gmm-acc-mllt.cc:108) Average like for this file is -51.866 over 642 frames.
LOG (gmm-acc-mllt[5.5.907~1-cbed4]:main():gmm-acc-mllt.cc:108) Average like for this file is -51.8964 over 493 frames.
LOG (gmm-acc-mllt[5.5.907~1-cbed4]:main():gmm-acc-mllt.cc:108) Average like for this file is -50.5924 over 979 frames.
LOG (gmm-acc-mllt[5.5.907~1-cbed4]:main():gmm-acc-mllt.cc:108) Average like for this file is -54.2773 over 761 frames.
LOG (gmm-acc-mllt[5.5.907~1-cbed4]:main():gmm-acc-mllt.cc:108) Average like for this file is -52.8914 over 839 frames.
LOG (gmm-acc-mllt[5.5.907~1-cbed4]:main():gmm-acc-mllt.cc:108) Average like for this file is -51.6432 over 741 frames.
LOG (gmm-acc-mllt[5.5.907~1-cbed4]:main():gmm-acc-mllt.cc:108) Average like for this file is -48.5163 over 1007 frames.
LOG (gmm-acc-mllt[5.5.907~1-cbed4]:main():gmm-acc-mllt.cc:108) Average like for this file is -52.0088 over 786 frames.
LOG (gmm-acc-mllt[5.5.907~1-cbed4]:main():gmm-acc-mllt.cc:114) Avg like per frame so far is -54.8109
LOG (gmm-acc-mllt[5.5.907~1-cbed4]:main():gmm-acc-mllt.cc:108) Average like for this file is -53.1906 over 814 frames.
LOG (gmm-acc-mllt[5.5.907~1-cbed4]:main():gmm-acc-mllt.cc:108) Average like for this file is -54.133 over 785 frames.
LOG (gmm-acc-mllt[5.5.907~1-cbed4]:main():gmm-acc-mllt.cc:108) Average like for this file is -50.5231 over 823 frames.
LOG (gmm-acc-mllt[5.5.907~1-cbed4]:main():gmm-acc-mllt.cc:108) Average like for this file is -53.3411 over 561 frames.
LOG (gmm-acc-mllt[5.5.907~1-cbed4]:main():gmm-acc-mllt.cc:108) Average like for this file is -52.0477 over 913 frames.
LOG (gmm-acc-mllt[5.5.907~1-cbed4]:main():gmm-acc-mllt.cc:108) Average like for this file is -52.9277 over 689 frames.
LOG (gmm-acc-mllt[5.5.907~1-cbed4]:main():gmm-acc-mllt.cc:108) Average like for this file is -54.0771 over 817 frames.
LOG (gmm-acc-mllt[5.5.907~1-cbed4]:main():gmm-acc-mllt.cc:108) Average like for this file is -53.4107 over 534 frames.
LOG (gmm-acc-mllt[5.5.907~1-cbed4]:main():gmm-acc-mllt.cc:108) Average like for this file is -52.6536 over 692 frames.
LOG (gmm-acc-mllt[5.5.907~1-cbed4]:main():gmm-acc-mllt.cc:108) Average like for this file is -51.2136 over 613 frames.
LOG (gmm-acc-mllt[5.5.907~1-cbed4]:main():gmm-acc-mllt.cc:114) Avg like per frame so far is -54.7732
LOG (gmm-acc-mllt[5.5.907~1-cbed4]:main():gmm-acc-mllt.cc:108) Average like for this file is -52.9544 over 886 frames.
LOG (gmm-acc-mllt[5.5.907~1-cbed4]:main():gmm-acc-mllt.cc:108) Average like for this file is -52.9072 over 1064 frames.
LOG (gmm-acc-mllt[5.5.907~1-cbed4]:main():gmm-acc-mllt.cc:108) Average like for this file is -51.6823 over 956 frames.
LOG (gmm-acc-mllt[5.5.907~1-cbed4]:main():gmm-acc-mllt.cc:108) Average like for this file is -50.6651 over 705 frames.
LOG (gmm-acc-mllt[5.5.907~1-cbed4]:main():gmm-acc-mllt.cc:108) Average like for this file is -51.0321 over 1136 frames.
LOG (gmm-acc-mllt[5.5.907~1-cbed4]:main():gmm-acc-mllt.cc:108) Average like for this file is -50.739 over 721 frames.
LOG (gmm-acc-mllt[5.5.907~1-cbed4]:main():gmm-acc-mllt.cc:108) Average like for this file is -51.7263 over 797 frames.
LOG (gmm-acc-mllt[5.5.907~1-cbed4]:main():gmm-acc-mllt.cc:108) Average like for this file is -50.9724 over 738 frames.
LOG (gmm-acc-mllt[5.5.907~1-cbed4]:main():gmm-acc-mllt.cc:108) Average like for this file is -51.1388 over 1024 frames.
LOG (gmm-acc-mllt[5.5.907~1-cbed4]:main():gmm-acc-mllt.cc:108) Average like for this file is -57.3275 over 424 frames.
LOG (gmm-acc-mllt[5.5.907~1-cbed4]:main():gmm-acc-mllt.cc:114) Avg like per frame so far is -54.7134
LOG (gmm-acc-mllt[5.5.907~1-cbed4]:main():gmm-acc-mllt.cc:108) Average like for this file is -50.1152 over 789 frames.
LOG (gmm-acc-mllt[5.5.907~1-cbed4]:main():gmm-acc-mllt.cc:108) Average like for this file is -50.2468 over 775 frames.
LOG (gmm-acc-mllt[5.5.907~1-cbed4]:main():gmm-acc-mllt.cc:108) Average like for this file is -50.5374 over 775 frames.
LOG (gmm-acc-mllt[5.5.907~1-cbed4]:main():gmm-acc-mllt.cc:108) Average like for this file is -53.7393 over 806 frames.
LOG (gmm-acc-mllt[5.5.907~1-cbed4]:main():gmm-acc-mllt.cc:108) Average like for this file is -50.6561 over 1210 frames.
LOG (gmm-acc-mllt[5.5.907~1-cbed4]:main():gmm-acc-mllt.cc:108) Average like for this file is -53.3355 over 951 frames.
LOG (gmm-acc-mllt[5.5.907~1-cbed4]:main():gmm-acc-mllt.cc:108) Average like for this file is -51.531 over 1006 frames.
LOG (gmm-acc-mllt[5.5.907~1-cbed4]:main():gmm-acc-mllt.cc:108) Average like for this file is -52.3808 over 807 frames.
LOG (gmm-acc-mllt[5.5.907~1-cbed4]:main():gmm-acc-mllt.cc:108) Average like for this file is -51.5228 over 796 frames.
LOG (gmm-acc-mllt[5.5.907~1-cbed4]:main():gmm-acc-mllt.cc:108) Average like for this file is -51.0045 over 905 frames.
LOG (gmm-acc-mllt[5.5.907~1-cbed4]:main():gmm-acc-mllt.cc:114) Avg like per frame so far is -54.6456
LOG (gmm-acc-mllt[5.5.907~1-cbed4]:main():gmm-acc-mllt.cc:108) Average like for this file is -53.2756 over 804 frames.
LOG (gmm-acc-mllt[5.5.907~1-cbed4]:main():gmm-acc-mllt.cc:108) Average like for this file is -52.0581 over 453 frames.
LOG (gmm-acc-mllt[5.5.907~1-cbed4]:main():gmm-acc-mllt.cc:108) Average like for this file is -50.8126 over 832 frames.
LOG (gmm-acc-mllt[5.5.907~1-cbed4]:main():gmm-acc-mllt.cc:108) Average like for this file is -50.6502 over 888 frames.
LOG (gmm-acc-mllt[5.5.907~1-cbed4]:main():gmm-acc-mllt.cc:108) Average like for this file is -51.5981 over 892 frames.
LOG (gmm-acc-mllt[5.5.907~1-cbed4]:main():gmm-acc-mllt.cc:108) Average like for this file is -52.3823 over 966 frames.
LOG (gmm-acc-mllt[5.5.907~1-cbed4]:main():gmm-acc-mllt.cc:108) Average like for this file is -50.5739 over 975 frames.
LOG (gmm-acc-mllt[5.5.907~1-cbed4]:main():gmm-acc-mllt.cc:108) Average like for this file is -52.3232 over 688 frames.
LOG (gmm-acc-mllt[5.5.907~1-cbed4]:main():gmm-acc-mllt.cc:108) Average like for this file is -53.178 over 742 frames.
LOG (gmm-acc-mllt[5.5.907~1-cbed4]:main():gmm-acc-mllt.cc:108) Average like for this file is -52.8965 over 651 frames.
LOG (gmm-acc-mllt[5.5.907~1-cbed4]:main():gmm-acc-mllt.cc:114) Avg like per frame so far is -54.5946
LOG (gmm-acc-mllt[5.5.907~1-cbed4]:main():gmm-acc-mllt.cc:108) Average like for this file is -49.9241 over 833 frames.
LOG (gmm-acc-mllt[5.5.907~1-cbed4]:main():gmm-acc-mllt.cc:108) Average like for this file is -50.5904 over 630 frames.
LOG (gmm-acc-mllt[5.5.907~1-cbed4]:main():gmm-acc-mllt.cc:108) Average like for this file is -51.6895 over 808 frames.
LOG (gmm-acc-mllt[5.5.907~1-cbed4]:main():gmm-acc-mllt.cc:108) Average like for this file is -52.2485 over 1191 frames.
LOG (gmm-acc-mllt[5.5.907~1-cbed4]:main():gmm-acc-mllt.cc:108) Average like for this file is -51.4625 over 1063 frames.
LOG (gmm-acc-mllt[5.5.907~1-cbed4]:main():gmm-acc-mllt.cc:108) Average like for this file is -53.3844 over 892 frames.
LOG (gmm-acc-mllt[5.5.907~1-cbed4]:main():gmm-acc-mllt.cc:108) Average like for this file is -52.8358 over 1051 frames.
LOG (gmm-acc-mllt[5.5.907~1-cbed4]:main():gmm-acc-mllt.cc:108) Average like for this file is -53.6966 over 798 frames.
LOG (gmm-acc-mllt[5.5.907~1-cbed4]:main():gmm-acc-mllt.cc:108) Average like for this file is -51.1892 over 1212 frames.
LOG (gmm-acc-mllt[5.5.907~1-cbed4]:main():gmm-acc-mllt.cc:108) Average like for this file is -51.4344 over 646 frames.
LOG (gmm-acc-mllt[5.5.907~1-cbed4]:main():gmm-acc-mllt.cc:114) Avg like per frame so far is -54.5377
LOG (gmm-acc-mllt[5.5.907~1-cbed4]:main():gmm-acc-mllt.cc:108) Average like for this file is -52.212 over 1253 frames.
LOG (gmm-acc-mllt[5.5.907~1-cbed4]:main():gmm-acc-mllt.cc:108) Average like for this file is -52.6232 over 748 frames.
LOG (gmm-acc-mllt[5.5.907~1-cbed4]:main():gmm-acc-mllt.cc:108) Average like for this file is -52.5457 over 792 frames.
LOG (gmm-acc-mllt[5.5.907~1-cbed4]:main():gmm-acc-mllt.cc:108) Average like for this file is -50.3631 over 891 frames.
LOG (gmm-acc-mllt[5.5.907~1-cbed4]:main():gmm-acc-mllt.cc:108) Average like for this file is -54.4963 over 1119 frames.
LOG (gmm-acc-mllt[5.5.907~1-cbed4]:main():gmm-acc-mllt.cc:108) Average like for this file is -53.1191 over 1031 frames.
LOG (gmm-acc-mllt[5.5.907~1-cbed4]:main():gmm-acc-mllt.cc:108) Average like for this file is -52.1505 over 892 frames.
LOG (gmm-acc-mllt[5.5.907~1-cbed4]:main():gmm-acc-mllt.cc:108) Average like for this file is -51.6715 over 947 frames.
LOG (gmm-acc-mllt[5.5.907~1-cbed4]:main():gmm-acc-mllt.cc:108) Average like for this file is -51.5293 over 953 frames.
LOG (gmm-acc-mllt[5.5.907~1-cbed4]:main():gmm-acc-mllt.cc:108) Average like for this file is -53.2503 over 1193 frames.
LOG (gmm-acc-mllt[5.5.907~1-cbed4]:main():gmm-acc-mllt.cc:114) Avg like per frame so far is -54.4919
LOG (gmm-acc-mllt[5.5.907~1-cbed4]:main():gmm-acc-mllt.cc:108) Average like for this file is -53.3266 over 748 frames.
LOG (gmm-acc-mllt[5.5.907~1-cbed4]:main():gmm-acc-mllt.cc:108) Average like for this file is -51.5139 over 997 frames.
LOG (gmm-acc-mllt[5.5.907~1-cbed4]:main():gmm-acc-mllt.cc:108) Average like for this file is -52.8492 over 1064 frames.
LOG (gmm-acc-mllt[5.5.907~1-cbed4]:main():gmm-acc-mllt.cc:108) Average like for this file is -53.4414 over 993 frames.
LOG (gmm-acc-mllt[5.5.907~1-cbed4]:main():gmm-acc-mllt.cc:108) Average like for this file is -51.6608 over 941 frames.
LOG (gmm-acc-mllt[5.5.907~1-cbed4]:main():gmm-acc-mllt.cc:108) Average like for this file is -51.7984 over 883 frames.
LOG (gmm-acc-mllt[5.5.907~1-cbed4]:main():gmm-acc-mllt.cc:108) Average like for this file is -50.1368 over 892 frames.
LOG (gmm-acc-mllt[5.5.907~1-cbed4]:main():gmm-acc-mllt.cc:108) Average like for this file is -51.5736 over 1367 frames.
LOG (gmm-acc-mllt[5.5.907~1-cbed4]:main():gmm-acc-mllt.cc:108) Average like for this file is -53.6756 over 707 frames.
LOG (gmm-acc-mllt[5.5.907~1-cbed4]:main():gmm-acc-mllt.cc:108) Average like for this file is -52.6016 over 790 frames.
LOG (gmm-acc-mllt[5.5.907~1-cbed4]:main():gmm-acc-mllt.cc:114) Avg like per frame so far is -54.4442
LOG (gmm-acc-mllt[5.5.907~1-cbed4]:main():gmm-acc-mllt.cc:108) Average like for this file is -52.9176 over 1038 frames.
LOG (gmm-acc-mllt[5.5.907~1-cbed4]:main():gmm-acc-mllt.cc:108) Average like for this file is -52.4953 over 775 frames.
LOG (gmm-acc-mllt[5.5.907~1-cbed4]:main():gmm-acc-mllt.cc:108) Average like for this file is -51.695 over 1008 frames.
LOG (gmm-acc-mllt[5.5.907~1-cbed4]:main():gmm-acc-mllt.cc:108) Average like for this file is -50.3913 over 876 frames.
LOG (gmm-acc-mllt[5.5.907~1-cbed4]:main():gmm-acc-mllt.cc:108) Average like for this file is -53.137 over 818 frames.
LOG (gmm-acc-mllt[5.5.907~1-cbed4]:main():gmm-acc-mllt.cc:108) Average like for this file is -57.3462 over 828 frames.
LOG (gmm-acc-mllt[5.5.907~1-cbed4]:main():gmm-acc-mllt.cc:108) Average like for this file is -57.5024 over 977 frames.
LOG (gmm-acc-mllt[5.5.907~1-cbed4]:main():gmm-acc-mllt.cc:108) Average like for this file is -56.2941 over 891 frames.
LOG (gmm-acc-mllt[5.5.907~1-cbed4]:main():gmm-acc-mllt.cc:108) Average like for this file is -56.6665 over 581 frames.
LOG (gmm-acc-mllt[5.5.907~1-cbed4]:main():gmm-acc-mllt.cc:108) Average like for this file is -54.8885 over 866 frames.
LOG (gmm-acc-mllt[5.5.907~1-cbed4]:main():gmm-acc-mllt.cc:114) Avg like per frame so far is -54.4404
LOG (gmm-acc-mllt[5.5.907~1-cbed4]:main():gmm-acc-mllt.cc:108) Average like for this file is -51.7543 over 1187 frames.
LOG (gmm-acc-mllt[5.5.907~1-cbed4]:main():gmm-acc-mllt.cc:108) Average like for this file is -52.3429 over 1301 frames.
LOG (gmm-acc-mllt[5.5.907~1-cbed4]:main():gmm-acc-mllt.cc:108) Average like for this file is -52.5824 over 808 frames.
LOG (gmm-acc-mllt[5.5.907~1-cbed4]:main():gmm-acc-mllt.cc:108) Average like for this file is -51.2926 over 967 frames.
LOG (gmm-acc-mllt[5.5.907~1-cbed4]:main():gmm-acc-mllt.cc:108) Average like for this file is -52.7295 over 861 frames.
LOG (gmm-acc-mllt[5.5.907~1-cbed4]:main():gmm-acc-mllt.cc:108) Average like for this file is -51.504 over 944 frames.
LOG (gmm-acc-mllt[5.5.907~1-cbed4]:main():gmm-acc-mllt.cc:108) Average like for this file is -51.2565 over 1208 frames.
LOG (gmm-acc-mllt[5.5.907~1-cbed4]:main():gmm-acc-mllt.cc:108) Average like for this file is -52.7429 over 953 frames.
LOG (gmm-acc-mllt[5.5.907~1-cbed4]:main():gmm-acc-mllt.cc:108) Average like for this file is -51.9086 over 889 frames.
LOG (gmm-acc-mllt[5.5.907~1-cbed4]:main():gmm-acc-mllt.cc:108) Average like for this file is -54.1137 over 506 frames.
LOG (gmm-acc-mllt[5.5.907~1-cbed4]:main():gmm-acc-mllt.cc:114) Avg like per frame so far is -54.3926
LOG (gmm-acc-mllt[5.5.907~1-cbed4]:main():gmm-acc-mllt.cc:108) Average like for this file is -51.6577 over 1082 frames.
LOG (gmm-acc-mllt[5.5.907~1-cbed4]:main():gmm-acc-mllt.cc:108) Average like for this file is -50.9247 over 610 frames.
LOG (gmm-acc-mllt[5.5.907~1-cbed4]:main():gmm-acc-mllt.cc:108) Average like for this file is -51.0166 over 801 frames.
LOG (gmm-acc-mllt[5.5.907~1-cbed4]:main():gmm-acc-mllt.cc:108) Average like for this file is -51.6553 over 777 frames.
LOG (gmm-acc-mllt[5.5.907~1-cbed4]:main():gmm-acc-mllt.cc:108) Average like for this file is -51.5154 over 570 frames.
LOG (gmm-acc-mllt[5.5.907~1-cbed4]:main():gmm-acc-mllt.cc:108) Average like for this file is -50.8558 over 755 frames.
LOG (gmm-acc-mllt[5.5.907~1-cbed4]:main():gmm-acc-mllt.cc:108) Average like for this file is -49.1211 over 883 frames.
LOG (gmm-acc-mllt[5.5.907~1-cbed4]:main():gmm-acc-mllt.cc:108) Average like for this file is -52.165 over 881 frames.
LOG (gmm-acc-mllt[5.5.907~1-cbed4]:main():gmm-acc-mllt.cc:108) Average like for this file is -53.448 over 642 frames.
LOG (gmm-acc-mllt[5.5.907~1-cbed4]:main():gmm-acc-mllt.cc:108) Average like for this file is -52.6485 over 725 frames.
LOG (gmm-acc-mllt[5.5.907~1-cbed4]:main():gmm-acc-mllt.cc:114) Avg like per frame so far is -54.3452
LOG (gmm-acc-mllt[5.5.907~1-cbed4]:main():gmm-acc-mllt.cc:108) Average like for this file is -53.605 over 972 frames.
LOG (gmm-acc-mllt[5.5.907~1-cbed4]:main():gmm-acc-mllt.cc:108) Average like for this file is -52.5664 over 713 frames.
LOG (gmm-acc-mllt[5.5.907~1-cbed4]:main():gmm-acc-mllt.cc:108) Average like for this file is -52.9421 over 740 frames.
LOG (gmm-acc-mllt[5.5.907~1-cbed4]:main():gmm-acc-mllt.cc:108) Average like for this file is -52.9783 over 996 frames.
LOG (gmm-acc-mllt[5.5.907~1-cbed4]:main():gmm-acc-mllt.cc:108) Average like for this file is -50.6749 over 845 frames.
LOG (gmm-acc-mllt[5.5.907~1-cbed4]:main():gmm-acc-mllt.cc:108) Average like for this file is -53.7121 over 660 frames.
LOG (gmm-acc-mllt[5.5.907~1-cbed4]:main():gmm-acc-mllt.cc:108) Average like for this file is -52.7934 over 826 frames.
LOG (gmm-acc-mllt[5.5.907~1-cbed4]:main():gmm-acc-mllt.cc:108) Average like for this file is -52.9208 over 1321 frames.
LOG (gmm-acc-mllt[5.5.907~1-cbed4]:main():gmm-acc-mllt.cc:108) Average like for this file is -53.4127 over 945 frames.
LOG (gmm-acc-mllt[5.5.907~1-cbed4]:main():gmm-acc-mllt.cc:108) Average like for this file is -50.4993 over 1362 frames.
LOG (gmm-acc-mllt[5.5.907~1-cbed4]:main():gmm-acc-mllt.cc:114) Avg like per frame so far is -54.3101
LOG (gmm-acc-mllt[5.5.907~1-cbed4]:main():gmm-acc-mllt.cc:108) Average like for this file is -52.2356 over 1178 frames.
LOG (gmm-acc-mllt[5.5.907~1-cbed4]:main():gmm-acc-mllt.cc:108) Average like for this file is -52.4203 over 1480 frames.
LOG (gmm-acc-mllt[5.5.907~1-cbed4]:main():gmm-acc-mllt.cc:108) Average like for this file is -50.7514 over 1269 frames.
LOG (gmm-acc-mllt[5.5.907~1-cbed4]:main():gmm-acc-mllt.cc:108) Average like for this file is -53.7903 over 949 frames.
LOG (gmm-acc-mllt[5.5.907~1-cbed4]:main():gmm-acc-mllt.cc:108) Average like for this file is -56.1135 over 625 frames.
LOG (gmm-acc-mllt[5.5.907~1-cbed4]:main():gmm-acc-mllt.cc:108) Average like for this file is -52.4713 over 862 frames.
LOG (gmm-acc-mllt[5.5.907~1-cbed4]:main():gmm-acc-mllt.cc:108) Average like for this file is -52.2763 over 626 frames.
LOG (gmm-acc-mllt[5.5.907~1-cbed4]:main():gmm-acc-mllt.cc:108) Average like for this file is -52.8829 over 812 frames.
LOG (gmm-acc-mllt[5.5.907~1-cbed4]:main():gmm-acc-mllt.cc:108) Average like for this file is -51.0217 over 1182 frames.
LOG (gmm-acc-mllt[5.5.907~1-cbed4]:main():gmm-acc-mllt.cc:108) Average like for this file is -55.0269 over 1001 frames.
LOG (gmm-acc-mllt[5.5.907~1-cbed4]:main():gmm-acc-mllt.cc:114) Avg like per frame so far is -54.2774
LOG (gmm-acc-mllt[5.5.907~1-cbed4]:main():gmm-acc-mllt.cc:108) Average like for this file is -51.1349 over 975 frames.
LOG (gmm-acc-mllt[5.5.907~1-cbed4]:main():gmm-acc-mllt.cc:108) Average like for this file is -51.5788 over 1080 frames.
LOG (gmm-acc-mllt[5.5.907~1-cbed4]:main():gmm-acc-mllt.cc:108) Average like for this file is -54.9351 over 670 frames.
LOG (gmm-acc-mllt[5.5.907~1-cbed4]:main():gmm-acc-mllt.cc:108) Average like for this file is -51.9849 over 761 frames.
LOG (gmm-acc-mllt[5.5.907~1-cbed4]:main():gmm-acc-mllt.cc:108) Average like for this file is -54.9869 over 1214 frames.
LOG (gmm-acc-mllt[5.5.907~1-cbed4]:main():gmm-acc-mllt.cc:108) Average like for this file is -55.1431 over 1202 frames.
LOG (gmm-acc-mllt[5.5.907~1-cbed4]:main():gmm-acc-mllt.cc:108) Average like for this file is -51.7072 over 913 frames.
LOG (gmm-acc-mllt[5.5.907~1-cbed4]:main():gmm-acc-mllt.cc:108) Average like for this file is -54.2244 over 925 frames.
LOG (gmm-acc-mllt[5.5.907~1-cbed4]:main():gmm-acc-mllt.cc:108) Average like for this file is -51.4708 over 679 frames.
LOG (gmm-acc-mllt[5.5.907~1-cbed4]:main():gmm-acc-mllt.cc:108) Average like for this file is -48.7887 over 1318 frames.
LOG (gmm-acc-mllt[5.5.907~1-cbed4]:main():gmm-acc-mllt.cc:114) Avg like per frame so far is -54.2442
LOG (gmm-acc-mllt[5.5.907~1-cbed4]:main():gmm-acc-mllt.cc:108) Average like for this file is -52.4733 over 1088 frames.
LOG (gmm-acc-mllt[5.5.907~1-cbed4]:main():gmm-acc-mllt.cc:108) Average like for this file is -53.0665 over 1079 frames.
LOG (gmm-acc-mllt[5.5.907~1-cbed4]:main():gmm-acc-mllt.cc:108) Average like for this file is -51.4338 over 906 frames.
LOG (gmm-acc-mllt[5.5.907~1-cbed4]:main():gmm-acc-mllt.cc:108) Average like for this file is -53.3901 over 1197 frames.
LOG (gmm-acc-mllt[5.5.907~1-cbed4]:main():gmm-acc-mllt.cc:108) Average like for this file is -53.4696 over 1004 frames.
LOG (gmm-acc-mllt[5.5.907~1-cbed4]:main():gmm-acc-mllt.cc:108) Average like for this file is -51.391 over 621 frames.
LOG (gmm-acc-mllt[5.5.907~1-cbed4]:main():gmm-acc-mllt.cc:108) Average like for this file is -51.9351 over 883 frames.
LOG (gmm-acc-mllt[5.5.907~1-cbed4]:main():gmm-acc-mllt.cc:108) Average like for this file is -50.2365 over 977 frames.
LOG (gmm-acc-mllt[5.5.907~1-cbed4]:main():gmm-acc-mllt.cc:108) Average like for this file is -53.0547 over 1147 frames.
LOG (gmm-acc-mllt[5.5.907~1-cbed4]:main():gmm-acc-mllt.cc:108) Average like for this file is -51.4994 over 1099 frames.
LOG (gmm-acc-mllt[5.5.907~1-cbed4]:main():gmm-acc-mllt.cc:114) Avg like per frame so far is -54.2063
LOG (gmm-acc-mllt[5.5.907~1-cbed4]:main():gmm-acc-mllt.cc:108) Average like for this file is -52.5306 over 1363 frames.
LOG (gmm-acc-mllt[5.5.907~1-cbed4]:main():gmm-acc-mllt.cc:108) Average like for this file is -51.1277 over 1351 frames.
LOG (gmm-acc-mllt[5.5.907~1-cbed4]:main():gmm-acc-mllt.cc:108) Average like for this file is -51.0051 over 1296 frames.
LOG (gmm-acc-mllt[5.5.907~1-cbed4]:main():gmm-acc-mllt.cc:108) Average like for this file is -55.4052 over 753 frames.
LOG (gmm-acc-mllt[5.5.907~1-cbed4]:main():gmm-acc-mllt.cc:108) Average like for this file is -51.8031 over 1049 frames.
LOG (gmm-acc-mllt[5.5.907~1-cbed4]:main():gmm-acc-mllt.cc:108) Average like for this file is -52.2219 over 936 frames.
LOG (gmm-acc-mllt[5.5.907~1-cbed4]:main():gmm-acc-mllt.cc:108) Average like for this file is -49.6052 over 964 frames.
LOG (gmm-acc-mllt[5.5.907~1-cbed4]:main():gmm-acc-mllt.cc:108) Average like for this file is -54.4918 over 1136 frames.
LOG (gmm-acc-mllt[5.5.907~1-cbed4]:main():gmm-acc-mllt.cc:108) Average like for this file is -54.5474 over 1121 frames.
LOG (gmm-acc-mllt[5.5.907~1-cbed4]:main():gmm-acc-mllt.cc:108) Average like for this file is -51.43 over 1067 frames.
LOG (gmm-acc-mllt[5.5.907~1-cbed4]:main():gmm-acc-mllt.cc:114) Avg like per frame so far is -54.1672
LOG (gmm-acc-mllt[5.5.907~1-cbed4]:main():gmm-acc-mllt.cc:108) Average like for this file is -52.4005 over 909 frames.
LOG (gmm-acc-mllt[5.5.907~1-cbed4]:main():gmm-acc-mllt.cc:108) Average like for this file is -54.3776 over 738 frames.
LOG (gmm-acc-mllt[5.5.907~1-cbed4]:main():gmm-acc-mllt.cc:108) Average like for this file is -53.4336 over 987 frames.
LOG (gmm-acc-mllt[5.5.907~1-cbed4]:main():gmm-acc-mllt.cc:108) Average like for this file is -51.6197 over 1084 frames.
LOG (gmm-acc-mllt[5.5.907~1-cbed4]:main():gmm-acc-mllt.cc:108) Average like for this file is -52.7408 over 840 frames.
LOG (gmm-acc-mllt[5.5.907~1-cbed4]:main():gmm-acc-mllt.cc:108) Average like for this file is -51.2045 over 915 frames.
LOG (gmm-acc-mllt[5.5.907~1-cbed4]:main():gmm-acc-mllt.cc:108) Average like for this file is -50.7994 over 741 frames.
LOG (gmm-acc-mllt[5.5.907~1-cbed4]:main():gmm-acc-mllt.cc:108) Average like for this file is -50.8018 over 665 frames.
LOG (gmm-acc-mllt[5.5.907~1-cbed4]:main():gmm-acc-mllt.cc:108) Average like for this file is -50.1597 over 795 frames.
LOG (gmm-acc-mllt[5.5.907~1-cbed4]:main():gmm-acc-mllt.cc:108) Average like for this file is -51.8453 over 992 frames.
LOG (gmm-acc-mllt[5.5.907~1-cbed4]:main():gmm-acc-mllt.cc:114) Avg like per frame so far is -54.1318
LOG (gmm-acc-mllt[5.5.907~1-cbed4]:main():gmm-acc-mllt.cc:108) Average like for this file is -50.2361 over 871 frames.
LOG (gmm-acc-mllt[5.5.907~1-cbed4]:main():gmm-acc-mllt.cc:108) Average like for this file is -50.5599 over 1083 frames.
LOG (gmm-acc-mllt[5.5.907~1-cbed4]:main():gmm-acc-mllt.cc:108) Average like for this file is -51.0381 over 913 frames.
LOG (gmm-acc-mllt[5.5.907~1-cbed4]:main():gmm-acc-mllt.cc:108) Average like for this file is -54.6904 over 1033 frames.
LOG (gmm-acc-mllt[5.5.907~1-cbed4]:main():gmm-acc-mllt.cc:108) Average like for this file is -51.6837 over 765 frames.
LOG (gmm-acc-mllt[5.5.907~1-cbed4]:main():gmm-acc-mllt.cc:108) Average like for this file is -52.7924 over 1015 frames.
LOG (gmm-acc-mllt[5.5.907~1-cbed4]:main():gmm-acc-mllt.cc:108) Average like for this file is -50.8302 over 807 frames.
LOG (gmm-acc-mllt[5.5.907~1-cbed4]:main():gmm-acc-mllt.cc:108) Average like for this file is -51.013 over 637 frames.
LOG (gmm-acc-mllt[5.5.907~1-cbed4]:main():gmm-acc-mllt.cc:108) Average like for this file is -51.2314 over 1034 frames.
LOG (gmm-acc-mllt[5.5.907~1-cbed4]:main():gmm-acc-mllt.cc:108) Average like for this file is -50.9918 over 583 frames.
LOG (gmm-acc-mllt[5.5.907~1-cbed4]:main():gmm-acc-mllt.cc:114) Avg like per frame so far is -54.0912
LOG (gmm-acc-mllt[5.5.907~1-cbed4]:main():gmm-acc-mllt.cc:108) Average like for this file is -51.2895 over 727 frames.
LOG (gmm-acc-mllt[5.5.907~1-cbed4]:main():gmm-acc-mllt.cc:108) Average like for this file is -54.3515 over 759 frames.
LOG (gmm-acc-mllt[5.5.907~1-cbed4]:main():gmm-acc-mllt.cc:108) Average like for this file is -53.3442 over 1002 frames.
LOG (gmm-acc-mllt[5.5.907~1-cbed4]:main():gmm-acc-mllt.cc:108) Average like for this file is -52.8076 over 1119 frames.
LOG (gmm-acc-mllt[5.5.907~1-cbed4]:main():gmm-acc-mllt.cc:108) Average like for this file is -52.844 over 628 frames.
LOG (gmm-acc-mllt[5.5.907~1-cbed4]:main():gmm-acc-mllt.cc:108) Average like for this file is -50.6642 over 861 frames.
LOG (gmm-acc-mllt[5.5.907~1-cbed4]:main():gmm-acc-mllt.cc:108) Average like for this file is -50.3592 over 880 frames.
LOG (gmm-acc-mllt[5.5.907~1-cbed4]:main():gmm-acc-mllt.cc:108) Average like for this file is -52.429 over 1177 frames.
LOG (gmm-acc-mllt[5.5.907~1-cbed4]:main():gmm-acc-mllt.cc:108) Average like for this file is -52.7522 over 874 frames.
LOG (gmm-acc-mllt[5.5.907~1-cbed4]:main():gmm-acc-mllt.cc:108) Average like for this file is -52.7488 over 709 frames.
LOG (gmm-acc-mllt[5.5.907~1-cbed4]:main():gmm-acc-mllt.cc:114) Avg like per frame so far is -54.064
LOG (gmm-acc-mllt[5.5.907~1-cbed4]:main():gmm-acc-mllt.cc:108) Average like for this file is -53.2875 over 1098 frames.
LOG (gmm-acc-mllt[5.5.907~1-cbed4]:main():gmm-acc-mllt.cc:108) Average like for this file is -53.8467 over 926 frames.
LOG (gmm-acc-mllt[5.5.907~1-cbed4]:main():gmm-acc-mllt.cc:108) Average like for this file is -52.7301 over 683 frames.
LOG (gmm-acc-mllt[5.5.907~1-cbed4]:main():gmm-acc-mllt.cc:108) Average like for this file is -49.9627 over 1041 frames.
LOG (gmm-acc-mllt[5.5.907~1-cbed4]:main():gmm-acc-mllt.cc:108) Average like for this file is -51.9733 over 899 frames.
LOG (gmm-acc-mllt[5.5.907~1-cbed4]:main():gmm-acc-mllt.cc:108) Average like for this file is -54.1238 over 893 frames.
LOG (gmm-acc-mllt[5.5.907~1-cbed4]:main():gmm-acc-mllt.cc:108) Average like for this file is -51.8099 over 1026 frames.
LOG (gmm-acc-mllt[5.5.907~1-cbed4]:main():gmm-acc-mllt.cc:108) Average like for this file is -51.9323 over 1259 frames.
LOG (gmm-acc-mllt[5.5.907~1-cbed4]:main():gmm-acc-mllt.cc:108) Average like for this file is -52.0663 over 726 frames.
LOG (gmm-acc-mllt[5.5.907~1-cbed4]:main():gmm-acc-mllt.cc:108) Average like for this file is -50.3575 over 972 frames.
LOG (gmm-acc-mllt[5.5.907~1-cbed4]:main():gmm-acc-mllt.cc:114) Avg like per frame so far is -54.032
LOG (gmm-acc-mllt[5.5.907~1-cbed4]:main():gmm-acc-mllt.cc:108) Average like for this file is -50.067 over 979 frames.
LOG (gmm-acc-mllt[5.5.907~1-cbed4]:main():gmm-acc-mllt.cc:108) Average like for this file is -52.7167 over 1168 frames.
LOG (gmm-acc-mllt[5.5.907~1-cbed4]:main():gmm-acc-mllt.cc:108) Average like for this file is -52.4361 over 933 frames.
LOG (gmm-acc-mllt[5.5.907~1-cbed4]:main():gmm-acc-mllt.cc:108) Average like for this file is -52.6448 over 897 frames.
LOG (gmm-acc-mllt[5.5.907~1-cbed4]:main():gmm-acc-mllt.cc:108) Average like for this file is -52.5957 over 682 frames.
LOG (gmm-acc-mllt[5.5.907~1-cbed4]:main():gmm-acc-mllt.cc:108) Average like for this file is -54.8544 over 942 frames.
LOG (gmm-acc-mllt[5.5.907~1-cbed4]:main():gmm-acc-mllt.cc:108) Average like for this file is -53.1395 over 1230 frames.
LOG (gmm-acc-mllt[5.5.907~1-cbed4]:main():gmm-acc-mllt.cc:108) Average like for this file is -51.3218 over 1266 frames.
LOG (gmm-acc-mllt[5.5.907~1-cbed4]:main():gmm-acc-mllt.cc:108) Average like for this file is -50.1969 over 1047 frames.
LOG (gmm-acc-mllt[5.5.907~1-cbed4]:main():gmm-acc-mllt.cc:108) Average like for this file is -55.7663 over 579 frames.
LOG (gmm-acc-mllt[5.5.907~1-cbed4]:main():gmm-acc-mllt.cc:114) Avg like per frame so far is -54.0044
LOG (gmm-acc-mllt[5.5.907~1-cbed4]:main():gmm-acc-mllt.cc:108) Average like for this file is -57.1255 over 940 frames.
LOG (gmm-acc-mllt[5.5.907~1-cbed4]:main():gmm-acc-mllt.cc:108) Average like for this file is -57.8951 over 811 frames.
LOG (gmm-acc-mllt[5.5.907~1-cbed4]:main():gmm-acc-mllt.cc:108) Average like for this file is -56.3854 over 671 frames.
LOG (gmm-acc-mllt[5.5.907~1-cbed4]:main():gmm-acc-mllt.cc:108) Average like for this file is -56.5313 over 937 frames.
LOG (gmm-acc-mllt[5.5.907~1-cbed4]:main():gmm-acc-mllt.cc:108) Average like for this file is -57.6661 over 731 frames.
LOG (gmm-acc-mllt[5.5.907~1-cbed4]:main():gmm-acc-mllt.cc:108) Average like for this file is -55.8131 over 900 frames.
LOG (gmm-acc-mllt[5.5.907~1-cbed4]:main():gmm-acc-mllt.cc:108) Average like for this file is -57.8514 over 613 frames.
LOG (gmm-acc-mllt[5.5.907~1-cbed4]:main():gmm-acc-mllt.cc:108) Average like for this file is -56.1433 over 762 frames.
LOG (gmm-acc-mllt[5.5.907~1-cbed4]:main():gmm-acc-mllt.cc:108) Average like for this file is -56.2966 over 907 frames.
LOG (ali-to-post[5.5.907~1-cbed4]:main():ali-to-post.cc:73) Converted 708 alignments.
LOG (gmm-acc-mllt[5.5.907~1-cbed4]:main():gmm-acc-mllt.cc:108) Average like for this file is -58.1052 over 843 frames.
LOG (gmm-acc-mllt[5.5.907~1-cbed4]:main():gmm-acc-mllt.cc:114) Avg like per frame so far is -54.0453
LOG (gmm-acc-mllt[5.5.907~1-cbed4]:main():gmm-acc-mllt.cc:108) Average like for this file is -56.9755 over 1147 frames.
LOG (gmm-acc-mllt[5.5.907~1-cbed4]:main():gmm-acc-mllt.cc:108) Average like for this file is -58.9803 over 774 frames.
LOG (gmm-acc-mllt[5.5.907~1-cbed4]:main():gmm-acc-mllt.cc:108) Average like for this file is -57.0305 over 751 frames.
LOG (weight-silence-post[5.5.907~1-cbed4]:main():weight-silence-post.cc:95) Done 708 posteriors.
LOG (gmm-acc-mllt[5.5.907~1-cbed4]:main():gmm-acc-mllt.cc:108) Average like for this file is -58.7443 over 977 frames.
LOG (apply-cmvn[5.5.907~1-cbed4]:main():apply-cmvn.cc:162) Applied cepstral mean normalization to 708 utterances, errors on 0
LOG (gmm-acc-mllt[5.5.907~1-cbed4]:main():gmm-acc-mllt.cc:108) Average like for this file is -56.4956 over 776 frames.
LOG (gmm-acc-mllt[5.5.907~1-cbed4]:main():gmm-acc-mllt.cc:108) Average like for this file is -59.2635 over 560 frames.
LOG (gmm-acc-mllt[5.5.907~1-cbed4]:main():gmm-acc-mllt.cc:108) Average like for this file is -56.4981 over 696 frames.
LOG (transform-feats[5.5.907~1-cbed4]:main():transform-feats.cc:158) Overall average [pseudo-]logdet is -86.7333 over 722897 frames.
LOG (transform-feats[5.5.907~1-cbed4]:main():transform-feats.cc:161) Applied transform to 708 utterances; 0 had errors.
LOG (gmm-acc-mllt[5.5.907~1-cbed4]:main():gmm-acc-mllt.cc:108) Average like for this file is -56.954 over 820 frames.
LOG (gmm-acc-mllt[5.5.907~1-cbed4]:main():gmm-acc-mllt.cc:119) Done 708 files, 0 with no posteriors, 0 with other errors.
LOG (gmm-acc-mllt[5.5.907~1-cbed4]:main():gmm-acc-mllt.cc:123) Overall avg like per frame (Gaussian only) = -54.0841 over 590023 frames.
LOG (gmm-acc-mllt[5.5.907~1-cbed4]:main():gmm-acc-mllt.cc:127) Written accs.
# Accounting: time=6 threads=1
# Ended (code 0) at Thu Apr 22 14:35:30 PKT 2021, elapsed time 6 seconds
