# ali-to-post "ark:gunzip -c exp/tri3a/ali.3.gz|" ark:- | weight-silence-post 0.0 1:2:3:4:5:6:7:8:9:10 exp/tri3a/2.mdl ark:- ark:- | gmm-acc-mllt --rand-prune=4.0 exp/tri3a/2.mdl "ark,s,cs:apply-cmvn  --utt2spk=ark:data/train/split3/3/utt2spk scp:data/train/split3/3/cmvn.scp scp:data/train/split3/3/feats.scp ark:- | splice-feats  ark:- ark:- | transform-feats exp/tri3a/0.mat ark:- ark:- |" ark:- exp/tri3a/2.3.macc 
# Started at Thu Apr 22 14:35:07 PKT 2021
#
weight-silence-post 0.0 1:2:3:4:5:6:7:8:9:10 exp/tri3a/2.mdl ark:- ark:- 
ali-to-post 'ark:gunzip -c exp/tri3a/ali.3.gz|' ark:- 
gmm-acc-mllt --rand-prune=4.0 exp/tri3a/2.mdl 'ark,s,cs:apply-cmvn  --utt2spk=ark:data/train/split3/3/utt2spk scp:data/train/split3/3/cmvn.scp scp:data/train/split3/3/feats.scp ark:- | splice-feats  ark:- ark:- | transform-feats exp/tri3a/0.mat ark:- ark:- |' ark:- exp/tri3a/2.3.macc 
apply-cmvn --utt2spk=ark:data/train/split3/3/utt2spk scp:data/train/split3/3/cmvn.scp scp:data/train/split3/3/feats.scp ark:- 
transform-feats exp/tri3a/0.mat ark:- ark:- 
splice-feats ark:- ark:- 
LOG (gmm-acc-mllt[5.5.907~1-cbed4]:main():gmm-acc-mllt.cc:108) Average like for this file is -53.458 over 577 frames.
LOG (gmm-acc-mllt[5.5.907~1-cbed4]:main():gmm-acc-mllt.cc:108) Average like for this file is -52.8141 over 673 frames.
LOG (gmm-acc-mllt[5.5.907~1-cbed4]:main():gmm-acc-mllt.cc:108) Average like for this file is -49.6938 over 675 frames.
LOG (gmm-acc-mllt[5.5.907~1-cbed4]:main():gmm-acc-mllt.cc:108) Average like for this file is -48.7402 over 669 frames.
LOG (gmm-acc-mllt[5.5.907~1-cbed4]:main():gmm-acc-mllt.cc:108) Average like for this file is -50.6343 over 741 frames.
LOG (gmm-acc-mllt[5.5.907~1-cbed4]:main():gmm-acc-mllt.cc:108) Average like for this file is -49.5145 over 589 frames.
LOG (gmm-acc-mllt[5.5.907~1-cbed4]:main():gmm-acc-mllt.cc:108) Average like for this file is -50.9696 over 562 frames.
LOG (gmm-acc-mllt[5.5.907~1-cbed4]:main():gmm-acc-mllt.cc:108) Average like for this file is -51.0253 over 677 frames.
LOG (gmm-acc-mllt[5.5.907~1-cbed4]:main():gmm-acc-mllt.cc:108) Average like for this file is -49.8004 over 661 frames.
LOG (gmm-acc-mllt[5.5.907~1-cbed4]:main():gmm-acc-mllt.cc:108) Average like for this file is -51.8457 over 563 frames.
LOG (gmm-acc-mllt[5.5.907~1-cbed4]:main():gmm-acc-mllt.cc:114) Avg like per frame so far is -50.8095
LOG (gmm-acc-mllt[5.5.907~1-cbed4]:main():gmm-acc-mllt.cc:108) Average like for this file is -50.6949 over 627 frames.
LOG (gmm-acc-mllt[5.5.907~1-cbed4]:main():gmm-acc-mllt.cc:108) Average like for this file is -50.8403 over 622 frames.
LOG (gmm-acc-mllt[5.5.907~1-cbed4]:main():gmm-acc-mllt.cc:108) Average like for this file is -51.0132 over 708 frames.
LOG (gmm-acc-mllt[5.5.907~1-cbed4]:main():gmm-acc-mllt.cc:108) Average like for this file is -52.2109 over 734 frames.
LOG (gmm-acc-mllt[5.5.907~1-cbed4]:main():gmm-acc-mllt.cc:108) Average like for this file is -50.1944 over 700 frames.
LOG (gmm-acc-mllt[5.5.907~1-cbed4]:main():gmm-acc-mllt.cc:108) Average like for this file is -49.5097 over 563 frames.
LOG (gmm-acc-mllt[5.5.907~1-cbed4]:main():gmm-acc-mllt.cc:108) Average like for this file is -50.797 over 540 frames.
LOG (gmm-acc-mllt[5.5.907~1-cbed4]:main():gmm-acc-mllt.cc:108) Average like for this file is -50.9105 over 508 frames.
LOG (gmm-acc-mllt[5.5.907~1-cbed4]:main():gmm-acc-mllt.cc:108) Average like for this file is -53.1584 over 544 frames.
LOG (gmm-acc-mllt[5.5.907~1-cbed4]:main():gmm-acc-mllt.cc:108) Average like for this file is -52.2477 over 372 frames.
LOG (gmm-acc-mllt[5.5.907~1-cbed4]:main():gmm-acc-mllt.cc:114) Avg like per frame so far is -50.957
LOG (gmm-acc-mllt[5.5.907~1-cbed4]:main():gmm-acc-mllt.cc:108) Average like for this file is -50.5055 over 407 frames.
LOG (gmm-acc-mllt[5.5.907~1-cbed4]:main():gmm-acc-mllt.cc:108) Average like for this file is -52.2628 over 544 frames.
LOG (gmm-acc-mllt[5.5.907~1-cbed4]:main():gmm-acc-mllt.cc:108) Average like for this file is -53.1362 over 426 frames.
LOG (gmm-acc-mllt[5.5.907~1-cbed4]:main():gmm-acc-mllt.cc:108) Average like for this file is -50.2061 over 494 frames.
LOG (gmm-acc-mllt[5.5.907~1-cbed4]:main():gmm-acc-mllt.cc:108) Average like for this file is -50.7024 over 527 frames.
LOG (gmm-acc-mllt[5.5.907~1-cbed4]:main():gmm-acc-mllt.cc:108) Average like for this file is -50.5722 over 598 frames.
LOG (gmm-acc-mllt[5.5.907~1-cbed4]:main():gmm-acc-mllt.cc:108) Average like for this file is -53.3834 over 466 frames.
LOG (gmm-acc-mllt[5.5.907~1-cbed4]:main():gmm-acc-mllt.cc:108) Average like for this file is -52.6909 over 469 frames.
LOG (gmm-acc-mllt[5.5.907~1-cbed4]:main():gmm-acc-mllt.cc:108) Average like for this file is -53.3037 over 512 frames.
LOG (gmm-acc-mllt[5.5.907~1-cbed4]:main():gmm-acc-mllt.cc:108) Average like for this file is -50.9241 over 403 frames.
LOG (gmm-acc-mllt[5.5.907~1-cbed4]:main():gmm-acc-mllt.cc:114) Avg like per frame so far is -51.1816
LOG (gmm-acc-mllt[5.5.907~1-cbed4]:main():gmm-acc-mllt.cc:108) Average like for this file is -51.4427 over 507 frames.
LOG (gmm-acc-mllt[5.5.907~1-cbed4]:main():gmm-acc-mllt.cc:108) Average like for this file is -54.9399 over 456 frames.
LOG (gmm-acc-mllt[5.5.907~1-cbed4]:main():gmm-acc-mllt.cc:108) Average like for this file is -53.8755 over 531 frames.
LOG (gmm-acc-mllt[5.5.907~1-cbed4]:main():gmm-acc-mllt.cc:108) Average like for this file is -53.0972 over 496 frames.
LOG (gmm-acc-mllt[5.5.907~1-cbed4]:main():gmm-acc-mllt.cc:108) Average like for this file is -55.6981 over 535 frames.
LOG (gmm-acc-mllt[5.5.907~1-cbed4]:main():gmm-acc-mllt.cc:108) Average like for this file is -52.7031 over 443 frames.
LOG (gmm-acc-mllt[5.5.907~1-cbed4]:main():gmm-acc-mllt.cc:108) Average like for this file is -53.8265 over 435 frames.
LOG (gmm-acc-mllt[5.5.907~1-cbed4]:main():gmm-acc-mllt.cc:108) Average like for this file is -51.759 over 567 frames.
LOG (gmm-acc-mllt[5.5.907~1-cbed4]:main():gmm-acc-mllt.cc:108) Average like for this file is -52.8644 over 316 frames.
LOG (gmm-acc-mllt[5.5.907~1-cbed4]:main():gmm-acc-mllt.cc:108) Average like for this file is -55.5988 over 423 frames.
LOG (gmm-acc-mllt[5.5.907~1-cbed4]:main():gmm-acc-mllt.cc:114) Avg like per frame so far is -51.6937
LOG (gmm-acc-mllt[5.5.907~1-cbed4]:main():gmm-acc-mllt.cc:108) Average like for this file is -53.4857 over 432 frames.
LOG (gmm-acc-mllt[5.5.907~1-cbed4]:main():gmm-acc-mllt.cc:108) Average like for this file is -51.7769 over 610 frames.
LOG (gmm-acc-mllt[5.5.907~1-cbed4]:main():gmm-acc-mllt.cc:108) Average like for this file is -53.172 over 375 frames.
LOG (gmm-acc-mllt[5.5.907~1-cbed4]:main():gmm-acc-mllt.cc:108) Average like for this file is -53.2161 over 567 frames.
LOG (gmm-acc-mllt[5.5.907~1-cbed4]:main():gmm-acc-mllt.cc:108) Average like for this file is -54.4301 over 327 frames.
LOG (gmm-acc-mllt[5.5.907~1-cbed4]:main():gmm-acc-mllt.cc:108) Average like for this file is -55.997 over 402 frames.
LOG (gmm-acc-mllt[5.5.907~1-cbed4]:main():gmm-acc-mllt.cc:108) Average like for this file is -52.5572 over 495 frames.
LOG (gmm-acc-mllt[5.5.907~1-cbed4]:main():gmm-acc-mllt.cc:108) Average like for this file is -54.9865 over 510 frames.
LOG (gmm-acc-mllt[5.5.907~1-cbed4]:main():gmm-acc-mllt.cc:108) Average like for this file is -53.1683 over 418 frames.
LOG (gmm-acc-mllt[5.5.907~1-cbed4]:main():gmm-acc-mllt.cc:108) Average like for this file is -54.5558 over 514 frames.
LOG (gmm-acc-mllt[5.5.907~1-cbed4]:main():gmm-acc-mllt.cc:114) Avg like per frame so far is -52.0355
LOG (gmm-acc-mllt[5.5.907~1-cbed4]:main():gmm-acc-mllt.cc:108) Average like for this file is -57.628 over 416 frames.
LOG (gmm-acc-mllt[5.5.907~1-cbed4]:main():gmm-acc-mllt.cc:108) Average like for this file is -56.5453 over 438 frames.
LOG (gmm-acc-mllt[5.5.907~1-cbed4]:main():gmm-acc-mllt.cc:108) Average like for this file is -52.542 over 508 frames.
LOG (gmm-acc-mllt[5.5.907~1-cbed4]:main():gmm-acc-mllt.cc:108) Average like for this file is -53.1731 over 358 frames.
LOG (gmm-acc-mllt[5.5.907~1-cbed4]:main():gmm-acc-mllt.cc:108) Average like for this file is -52.7615 over 424 frames.
LOG (gmm-acc-mllt[5.5.907~1-cbed4]:main():gmm-acc-mllt.cc:108) Average like for this file is -54.5734 over 490 frames.
LOG (gmm-acc-mllt[5.5.907~1-cbed4]:main():gmm-acc-mllt.cc:108) Average like for this file is -53.3813 over 436 frames.
LOG (gmm-acc-mllt[5.5.907~1-cbed4]:main():gmm-acc-mllt.cc:108) Average like for this file is -55.0265 over 432 frames.
LOG (gmm-acc-mllt[5.5.907~1-cbed4]:main():gmm-acc-mllt.cc:108) Average like for this file is -51.4875 over 370 frames.
LOG (gmm-acc-mllt[5.5.907~1-cbed4]:main():gmm-acc-mllt.cc:108) Average like for this file is -55.7386 over 375 frames.
LOG (gmm-acc-mllt[5.5.907~1-cbed4]:main():gmm-acc-mllt.cc:114) Avg like per frame so far is -52.3471
LOG (gmm-acc-mllt[5.5.907~1-cbed4]:main():gmm-acc-mllt.cc:108) Average like for this file is -54.4511 over 396 frames.
LOG (gmm-acc-mllt[5.5.907~1-cbed4]:main():gmm-acc-mllt.cc:108) Average like for this file is -52.9081 over 603 frames.
LOG (gmm-acc-mllt[5.5.907~1-cbed4]:main():gmm-acc-mllt.cc:108) Average like for this file is -50.4722 over 340 frames.
LOG (gmm-acc-mllt[5.5.907~1-cbed4]:main():gmm-acc-mllt.cc:108) Average like for this file is -51.8849 over 363 frames.
LOG (gmm-acc-mllt[5.5.907~1-cbed4]:main():gmm-acc-mllt.cc:108) Average like for this file is -51.8607 over 446 frames.
LOG (gmm-acc-mllt[5.5.907~1-cbed4]:main():gmm-acc-mllt.cc:108) Average like for this file is -56.2752 over 468 frames.
LOG (gmm-acc-mllt[5.5.907~1-cbed4]:main():gmm-acc-mllt.cc:108) Average like for this file is -54.9006 over 439 frames.
LOG (gmm-acc-mllt[5.5.907~1-cbed4]:main():gmm-acc-mllt.cc:108) Average like for this file is -53.604 over 428 frames.
LOG (gmm-acc-mllt[5.5.907~1-cbed4]:main():gmm-acc-mllt.cc:108) Average like for this file is -53.6022 over 444 frames.
LOG (gmm-acc-mllt[5.5.907~1-cbed4]:main():gmm-acc-mllt.cc:108) Average like for this file is -57.4698 over 472 frames.
LOG (gmm-acc-mllt[5.5.907~1-cbed4]:main():gmm-acc-mllt.cc:114) Avg like per frame so far is -52.5354
LOG (gmm-acc-mllt[5.5.907~1-cbed4]:main():gmm-acc-mllt.cc:108) Average like for this file is -53.9471 over 418 frames.
LOG (gmm-acc-mllt[5.5.907~1-cbed4]:main():gmm-acc-mllt.cc:108) Average like for this file is -57.1165 over 628 frames.
LOG (gmm-acc-mllt[5.5.907~1-cbed4]:main():gmm-acc-mllt.cc:108) Average like for this file is -54.1809 over 399 frames.
LOG (gmm-acc-mllt[5.5.907~1-cbed4]:main():gmm-acc-mllt.cc:108) Average like for this file is -56.0547 over 336 frames.
LOG (gmm-acc-mllt[5.5.907~1-cbed4]:main():gmm-acc-mllt.cc:108) Average like for this file is -53.2175 over 474 frames.
LOG (gmm-acc-mllt[5.5.907~1-cbed4]:main():gmm-acc-mllt.cc:108) Average like for this file is -53.2696 over 544 frames.
LOG (gmm-acc-mllt[5.5.907~1-cbed4]:main():gmm-acc-mllt.cc:108) Average like for this file is -51.678 over 421 frames.
LOG (gmm-acc-mllt[5.5.907~1-cbed4]:main():gmm-acc-mllt.cc:108) Average like for this file is -52.2837 over 439 frames.
LOG (gmm-acc-mllt[5.5.907~1-cbed4]:main():gmm-acc-mllt.cc:108) Average like for this file is -54.4127 over 318 frames.
LOG (gmm-acc-mllt[5.5.907~1-cbed4]:main():gmm-acc-mllt.cc:108) Average like for this file is -54.0968 over 424 frames.
LOG (gmm-acc-mllt[5.5.907~1-cbed4]:main():gmm-acc-mllt.cc:114) Avg like per frame so far is -52.7077
LOG (gmm-acc-mllt[5.5.907~1-cbed4]:main():gmm-acc-mllt.cc:108) Average like for this file is -54.2058 over 376 frames.
LOG (gmm-acc-mllt[5.5.907~1-cbed4]:main():gmm-acc-mllt.cc:108) Average like for this file is -54.6613 over 484 frames.
LOG (gmm-acc-mllt[5.5.907~1-cbed4]:main():gmm-acc-mllt.cc:108) Average like for this file is -53.5198 over 596 frames.
LOG (gmm-acc-mllt[5.5.907~1-cbed4]:main():gmm-acc-mllt.cc:108) Average like for this file is -55.6061 over 516 frames.
LOG (gmm-acc-mllt[5.5.907~1-cbed4]:main():gmm-acc-mllt.cc:108) Average like for this file is -53.2413 over 590 frames.
LOG (gmm-acc-mllt[5.5.907~1-cbed4]:main():gmm-acc-mllt.cc:108) Average like for this file is -53.5777 over 591 frames.
LOG (gmm-acc-mllt[5.5.907~1-cbed4]:main():gmm-acc-mllt.cc:108) Average like for this file is -53.9269 over 607 frames.
LOG (gmm-acc-mllt[5.5.907~1-cbed4]:main():gmm-acc-mllt.cc:108) Average like for this file is -54.297 over 448 frames.
LOG (gmm-acc-mllt[5.5.907~1-cbed4]:main():gmm-acc-mllt.cc:108) Average like for this file is -53.2154 over 534 frames.
LOG (gmm-acc-mllt[5.5.907~1-cbed4]:main():gmm-acc-mllt.cc:108) Average like for this file is -52.8487 over 435 frames.
LOG (gmm-acc-mllt[5.5.907~1-cbed4]:main():gmm-acc-mllt.cc:114) Avg like per frame so far is -52.8441
LOG (gmm-acc-mllt[5.5.907~1-cbed4]:main():gmm-acc-mllt.cc:108) Average like for this file is -51.9765 over 517 frames.
LOG (gmm-acc-mllt[5.5.907~1-cbed4]:main():gmm-acc-mllt.cc:108) Average like for this file is -54.0348 over 528 frames.
LOG (gmm-acc-mllt[5.5.907~1-cbed4]:main():gmm-acc-mllt.cc:108) Average like for this file is -53.7414 over 346 frames.
LOG (gmm-acc-mllt[5.5.907~1-cbed4]:main():gmm-acc-mllt.cc:108) Average like for this file is -54.9392 over 344 frames.
LOG (gmm-acc-mllt[5.5.907~1-cbed4]:main():gmm-acc-mllt.cc:108) Average like for this file is -53.1086 over 556 frames.
LOG (gmm-acc-mllt[5.5.907~1-cbed4]:main():gmm-acc-mllt.cc:108) Average like for this file is -53.0744 over 577 frames.
LOG (gmm-acc-mllt[5.5.907~1-cbed4]:main():gmm-acc-mllt.cc:108) Average like for this file is -51.0861 over 498 frames.
LOG (gmm-acc-mllt[5.5.907~1-cbed4]:main():gmm-acc-mllt.cc:108) Average like for this file is -54.3748 over 505 frames.
LOG (gmm-acc-mllt[5.5.907~1-cbed4]:main():gmm-acc-mllt.cc:108) Average like for this file is -53.5088 over 766 frames.
LOG (gmm-acc-mllt[5.5.907~1-cbed4]:main():gmm-acc-mllt.cc:108) Average like for this file is -55.7605 over 602 frames.
LOG (gmm-acc-mllt[5.5.907~1-cbed4]:main():gmm-acc-mllt.cc:114) Avg like per frame so far is -52.9173
LOG (gmm-acc-mllt[5.5.907~1-cbed4]:main():gmm-acc-mllt.cc:108) Average like for this file is -54.6485 over 645 frames.
LOG (gmm-acc-mllt[5.5.907~1-cbed4]:main():gmm-acc-mllt.cc:108) Average like for this file is -55.2558 over 556 frames.
LOG (gmm-acc-mllt[5.5.907~1-cbed4]:main():gmm-acc-mllt.cc:108) Average like for this file is -53.3526 over 675 frames.
LOG (gmm-acc-mllt[5.5.907~1-cbed4]:main():gmm-acc-mllt.cc:108) Average like for this file is -56.6838 over 507 frames.
LOG (gmm-acc-mllt[5.5.907~1-cbed4]:main():gmm-acc-mllt.cc:108) Average like for this file is -52.514 over 677 frames.
LOG (gmm-acc-mllt[5.5.907~1-cbed4]:main():gmm-acc-mllt.cc:108) Average like for this file is -54.3019 over 810 frames.
LOG (gmm-acc-mllt[5.5.907~1-cbed4]:main():gmm-acc-mllt.cc:108) Average like for this file is -53.4329 over 473 frames.
LOG (gmm-acc-mllt[5.5.907~1-cbed4]:main():gmm-acc-mllt.cc:108) Average like for this file is -52.5408 over 688 frames.
LOG (gmm-acc-mllt[5.5.907~1-cbed4]:main():gmm-acc-mllt.cc:108) Average like for this file is -52.9709 over 576 frames.
LOG (gmm-acc-mllt[5.5.907~1-cbed4]:main():gmm-acc-mllt.cc:108) Average like for this file is -53.146 over 484 frames.
LOG (gmm-acc-mllt[5.5.907~1-cbed4]:main():gmm-acc-mllt.cc:114) Avg like per frame so far is -53.0171
LOG (gmm-acc-mllt[5.5.907~1-cbed4]:main():gmm-acc-mllt.cc:108) Average like for this file is -54.2252 over 425 frames.
LOG (gmm-acc-mllt[5.5.907~1-cbed4]:main():gmm-acc-mllt.cc:108) Average like for this file is -52.4333 over 395 frames.
LOG (gmm-acc-mllt[5.5.907~1-cbed4]:main():gmm-acc-mllt.cc:108) Average like for this file is -52.4017 over 509 frames.
LOG (gmm-acc-mllt[5.5.907~1-cbed4]:main():gmm-acc-mllt.cc:108) Average like for this file is -53.14 over 427 frames.
LOG (gmm-acc-mllt[5.5.907~1-cbed4]:main():gmm-acc-mllt.cc:108) Average like for this file is -54.0078 over 526 frames.
LOG (gmm-acc-mllt[5.5.907~1-cbed4]:main():gmm-acc-mllt.cc:108) Average like for this file is -55.5637 over 606 frames.
LOG (gmm-acc-mllt[5.5.907~1-cbed4]:main():gmm-acc-mllt.cc:108) Average like for this file is -52.4279 over 328 frames.
LOG (gmm-acc-mllt[5.5.907~1-cbed4]:main():gmm-acc-mllt.cc:108) Average like for this file is -51.9679 over 612 frames.
LOG (gmm-acc-mllt[5.5.907~1-cbed4]:main():gmm-acc-mllt.cc:108) Average like for this file is -52.8628 over 581 frames.
LOG (gmm-acc-mllt[5.5.907~1-cbed4]:main():gmm-acc-mllt.cc:108) Average like for this file is -56.2707 over 533 frames.
LOG (gmm-acc-mllt[5.5.907~1-cbed4]:main():gmm-acc-mllt.cc:114) Avg like per frame so far is -53.0645
LOG (gmm-acc-mllt[5.5.907~1-cbed4]:main():gmm-acc-mllt.cc:108) Average like for this file is -52.9072 over 479 frames.
LOG (gmm-acc-mllt[5.5.907~1-cbed4]:main():gmm-acc-mllt.cc:108) Average like for this file is -55.0353 over 347 frames.
LOG (gmm-acc-mllt[5.5.907~1-cbed4]:main():gmm-acc-mllt.cc:108) Average like for this file is -55.953 over 280 frames.
LOG (gmm-acc-mllt[5.5.907~1-cbed4]:main():gmm-acc-mllt.cc:108) Average like for this file is -52.8345 over 403 frames.
LOG (gmm-acc-mllt[5.5.907~1-cbed4]:main():gmm-acc-mllt.cc:108) Average like for this file is -55.7426 over 519 frames.
LOG (gmm-acc-mllt[5.5.907~1-cbed4]:main():gmm-acc-mllt.cc:108) Average like for this file is -51.3054 over 352 frames.
LOG (gmm-acc-mllt[5.5.907~1-cbed4]:main():gmm-acc-mllt.cc:108) Average like for this file is -53.6501 over 550 frames.
LOG (gmm-acc-mllt[5.5.907~1-cbed4]:main():gmm-acc-mllt.cc:108) Average like for this file is -52.879 over 483 frames.
LOG (gmm-acc-mllt[5.5.907~1-cbed4]:main():gmm-acc-mllt.cc:108) Average like for this file is -53.2574 over 523 frames.
LOG (gmm-acc-mllt[5.5.907~1-cbed4]:main():gmm-acc-mllt.cc:108) Average like for this file is -51.3181 over 462 frames.
LOG (gmm-acc-mllt[5.5.907~1-cbed4]:main():gmm-acc-mllt.cc:114) Avg like per frame so far is -53.0893
LOG (gmm-acc-mllt[5.5.907~1-cbed4]:main():gmm-acc-mllt.cc:108) Average like for this file is -53.3228 over 730 frames.
LOG (gmm-acc-mllt[5.5.907~1-cbed4]:main():gmm-acc-mllt.cc:108) Average like for this file is -54.173 over 296 frames.
LOG (gmm-acc-mllt[5.5.907~1-cbed4]:main():gmm-acc-mllt.cc:108) Average like for this file is -53.1243 over 552 frames.
LOG (gmm-acc-mllt[5.5.907~1-cbed4]:main():gmm-acc-mllt.cc:108) Average like for this file is -53.0219 over 562 frames.
LOG (gmm-acc-mllt[5.5.907~1-cbed4]:main():gmm-acc-mllt.cc:108) Average like for this file is -55.4769 over 625 frames.
LOG (gmm-acc-mllt[5.5.907~1-cbed4]:main():gmm-acc-mllt.cc:108) Average like for this file is -62.0074 over 510 frames.
LOG (gmm-acc-mllt[5.5.907~1-cbed4]:main():gmm-acc-mllt.cc:108) Average like for this file is -54.0423 over 594 frames.
LOG (gmm-acc-mllt[5.5.907~1-cbed4]:main():gmm-acc-mllt.cc:108) Average like for this file is -54.7912 over 368 frames.
LOG (gmm-acc-mllt[5.5.907~1-cbed4]:main():gmm-acc-mllt.cc:108) Average like for this file is -54.6516 over 652 frames.
LOG (gmm-acc-mllt[5.5.907~1-cbed4]:main():gmm-acc-mllt.cc:108) Average like for this file is -53.4098 over 487 frames.
LOG (gmm-acc-mllt[5.5.907~1-cbed4]:main():gmm-acc-mllt.cc:114) Avg like per frame so far is -53.2148
LOG (gmm-acc-mllt[5.5.907~1-cbed4]:main():gmm-acc-mllt.cc:108) Average like for this file is -52.2778 over 394 frames.
LOG (gmm-acc-mllt[5.5.907~1-cbed4]:main():gmm-acc-mllt.cc:108) Average like for this file is -53.8894 over 545 frames.
LOG (gmm-acc-mllt[5.5.907~1-cbed4]:main():gmm-acc-mllt.cc:108) Average like for this file is -53.2902 over 436 frames.
LOG (gmm-acc-mllt[5.5.907~1-cbed4]:main():gmm-acc-mllt.cc:108) Average like for this file is -53.4045 over 525 frames.
LOG (gmm-acc-mllt[5.5.907~1-cbed4]:main():gmm-acc-mllt.cc:108) Average like for this file is -54.7462 over 513 frames.
LOG (gmm-acc-mllt[5.5.907~1-cbed4]:main():gmm-acc-mllt.cc:108) Average like for this file is -54.3712 over 447 frames.
LOG (gmm-acc-mllt[5.5.907~1-cbed4]:main():gmm-acc-mllt.cc:108) Average like for this file is -55.1215 over 514 frames.
LOG (gmm-acc-mllt[5.5.907~1-cbed4]:main():gmm-acc-mllt.cc:108) Average like for this file is -57.4929 over 666 frames.
LOG (gmm-acc-mllt[5.5.907~1-cbed4]:main():gmm-acc-mllt.cc:108) Average like for this file is -54.3682 over 512 frames.
LOG (gmm-acc-mllt[5.5.907~1-cbed4]:main():gmm-acc-mllt.cc:108) Average like for this file is -56.0664 over 624 frames.
LOG (gmm-acc-mllt[5.5.907~1-cbed4]:main():gmm-acc-mllt.cc:114) Avg like per frame so far is -53.3153
LOG (gmm-acc-mllt[5.5.907~1-cbed4]:main():gmm-acc-mllt.cc:108) Average like for this file is -53.9906 over 581 frames.
LOG (gmm-acc-mllt[5.5.907~1-cbed4]:main():gmm-acc-mllt.cc:108) Average like for this file is -53.2158 over 473 frames.
LOG (gmm-acc-mllt[5.5.907~1-cbed4]:main():gmm-acc-mllt.cc:108) Average like for this file is -53.6809 over 438 frames.
LOG (gmm-acc-mllt[5.5.907~1-cbed4]:main():gmm-acc-mllt.cc:108) Average like for this file is -52.6382 over 644 frames.
LOG (gmm-acc-mllt[5.5.907~1-cbed4]:main():gmm-acc-mllt.cc:108) Average like for this file is -55.2545 over 639 frames.
LOG (gmm-acc-mllt[5.5.907~1-cbed4]:main():gmm-acc-mllt.cc:108) Average like for this file is -54.3908 over 600 frames.
LOG (gmm-acc-mllt[5.5.907~1-cbed4]:main():gmm-acc-mllt.cc:108) Average like for this file is -55.1226 over 635 frames.
LOG (gmm-acc-mllt[5.5.907~1-cbed4]:main():gmm-acc-mllt.cc:108) Average like for this file is -54.707 over 636 frames.
LOG (gmm-acc-mllt[5.5.907~1-cbed4]:main():gmm-acc-mllt.cc:108) Average like for this file is -54.8511 over 684 frames.
LOG (gmm-acc-mllt[5.5.907~1-cbed4]:main():gmm-acc-mllt.cc:108) Average like for this file is -53.2411 over 513 frames.
LOG (gmm-acc-mllt[5.5.907~1-cbed4]:main():gmm-acc-mllt.cc:114) Avg like per frame so far is -53.3764
LOG (gmm-acc-mllt[5.5.907~1-cbed4]:main():gmm-acc-mllt.cc:108) Average like for this file is -54.1192 over 787 frames.
LOG (gmm-acc-mllt[5.5.907~1-cbed4]:main():gmm-acc-mllt.cc:108) Average like for this file is -54.9588 over 709 frames.
LOG (gmm-acc-mllt[5.5.907~1-cbed4]:main():gmm-acc-mllt.cc:108) Average like for this file is -55.76 over 660 frames.
LOG (gmm-acc-mllt[5.5.907~1-cbed4]:main():gmm-acc-mllt.cc:108) Average like for this file is -58.7069 over 468 frames.
LOG (gmm-acc-mllt[5.5.907~1-cbed4]:main():gmm-acc-mllt.cc:108) Average like for this file is -56.8952 over 688 frames.
LOG (gmm-acc-mllt[5.5.907~1-cbed4]:main():gmm-acc-mllt.cc:108) Average like for this file is -56.2275 over 602 frames.
LOG (gmm-acc-mllt[5.5.907~1-cbed4]:main():gmm-acc-mllt.cc:108) Average like for this file is -56.2034 over 557 frames.
LOG (gmm-acc-mllt[5.5.907~1-cbed4]:main():gmm-acc-mllt.cc:108) Average like for this file is -54.6221 over 605 frames.
LOG (gmm-acc-mllt[5.5.907~1-cbed4]:main():gmm-acc-mllt.cc:108) Average like for this file is -57.9105 over 490 frames.
LOG (gmm-acc-mllt[5.5.907~1-cbed4]:main():gmm-acc-mllt.cc:108) Average like for this file is -58.1456 over 626 frames.
LOG (gmm-acc-mllt[5.5.907~1-cbed4]:main():gmm-acc-mllt.cc:114) Avg like per frame so far is -53.5747
LOG (gmm-acc-mllt[5.5.907~1-cbed4]:main():gmm-acc-mllt.cc:108) Average like for this file is -53.8326 over 506 frames.
LOG (gmm-acc-mllt[5.5.907~1-cbed4]:main():gmm-acc-mllt.cc:108) Average like for this file is -55.2597 over 605 frames.
LOG (gmm-acc-mllt[5.5.907~1-cbed4]:main():gmm-acc-mllt.cc:108) Average like for this file is -57.1338 over 417 frames.
LOG (gmm-acc-mllt[5.5.907~1-cbed4]:main():gmm-acc-mllt.cc:108) Average like for this file is -56.8131 over 563 frames.
LOG (gmm-acc-mllt[5.5.907~1-cbed4]:main():gmm-acc-mllt.cc:108) Average like for this file is -55.4236 over 632 frames.
LOG (gmm-acc-mllt[5.5.907~1-cbed4]:main():gmm-acc-mllt.cc:108) Average like for this file is -55.169 over 677 frames.
LOG (gmm-acc-mllt[5.5.907~1-cbed4]:main():gmm-acc-mllt.cc:108) Average like for this file is -55.5015 over 637 frames.
LOG (gmm-acc-mllt[5.5.907~1-cbed4]:main():gmm-acc-mllt.cc:108) Average like for this file is -55.3804 over 597 frames.
LOG (gmm-acc-mllt[5.5.907~1-cbed4]:main():gmm-acc-mllt.cc:108) Average like for this file is -50.3331 over 590 frames.
LOG (gmm-acc-mllt[5.5.907~1-cbed4]:main():gmm-acc-mllt.cc:108) Average like for this file is -52.0747 over 688 frames.
LOG (gmm-acc-mllt[5.5.907~1-cbed4]:main():gmm-acc-mllt.cc:114) Avg like per frame so far is -53.6393
LOG (gmm-acc-mllt[5.5.907~1-cbed4]:main():gmm-acc-mllt.cc:108) Average like for this file is -55.4729 over 634 frames.
LOG (gmm-acc-mllt[5.5.907~1-cbed4]:main():gmm-acc-mllt.cc:108) Average like for this file is -55.105 over 646 frames.
LOG (gmm-acc-mllt[5.5.907~1-cbed4]:main():gmm-acc-mllt.cc:108) Average like for this file is -54.9056 over 686 frames.
LOG (gmm-acc-mllt[5.5.907~1-cbed4]:main():gmm-acc-mllt.cc:108) Average like for this file is -55.797 over 594 frames.
LOG (gmm-acc-mllt[5.5.907~1-cbed4]:main():gmm-acc-mllt.cc:108) Average like for this file is -51.6382 over 578 frames.
LOG (gmm-acc-mllt[5.5.907~1-cbed4]:main():gmm-acc-mllt.cc:108) Average like for this file is -51.7502 over 454 frames.
LOG (gmm-acc-mllt[5.5.907~1-cbed4]:main():gmm-acc-mllt.cc:108) Average like for this file is -54.4007 over 625 frames.
LOG (gmm-acc-mllt[5.5.907~1-cbed4]:main():gmm-acc-mllt.cc:108) Average like for this file is -54.4369 over 642 frames.
LOG (gmm-acc-mllt[5.5.907~1-cbed4]:main():gmm-acc-mllt.cc:108) Average like for this file is -53.3477 over 661 frames.
LOG (gmm-acc-mllt[5.5.907~1-cbed4]:main():gmm-acc-mllt.cc:108) Average like for this file is -52.8067 over 634 frames.
LOG (gmm-acc-mllt[5.5.907~1-cbed4]:main():gmm-acc-mllt.cc:114) Avg like per frame so far is -53.6644
LOG (gmm-acc-mllt[5.5.907~1-cbed4]:main():gmm-acc-mllt.cc:108) Average like for this file is -54.1288 over 628 frames.
LOG (gmm-acc-mllt[5.5.907~1-cbed4]:main():gmm-acc-mllt.cc:108) Average like for this file is -55.9041 over 562 frames.
LOG (gmm-acc-mllt[5.5.907~1-cbed4]:main():gmm-acc-mllt.cc:108) Average like for this file is -55.9451 over 679 frames.
LOG (gmm-acc-mllt[5.5.907~1-cbed4]:main():gmm-acc-mllt.cc:108) Average like for this file is -54.3827 over 588 frames.
LOG (gmm-acc-mllt[5.5.907~1-cbed4]:main():gmm-acc-mllt.cc:108) Average like for this file is -52.9933 over 595 frames.
LOG (gmm-acc-mllt[5.5.907~1-cbed4]:main():gmm-acc-mllt.cc:108) Average like for this file is -53.07 over 617 frames.
LOG (gmm-acc-mllt[5.5.907~1-cbed4]:main():gmm-acc-mllt.cc:108) Average like for this file is -54.8907 over 608 frames.
LOG (gmm-acc-mllt[5.5.907~1-cbed4]:main():gmm-acc-mllt.cc:108) Average like for this file is -52.6972 over 556 frames.
LOG (gmm-acc-mllt[5.5.907~1-cbed4]:main():gmm-acc-mllt.cc:108) Average like for this file is -58.2412 over 678 frames.
LOG (gmm-acc-mllt[5.5.907~1-cbed4]:main():gmm-acc-mllt.cc:108) Average like for this file is -56.7054 over 419 frames.
LOG (gmm-acc-mllt[5.5.907~1-cbed4]:main():gmm-acc-mllt.cc:114) Avg like per frame so far is -53.7336
LOG (gmm-acc-mllt[5.5.907~1-cbed4]:main():gmm-acc-mllt.cc:108) Average like for this file is -55.2429 over 704 frames.
LOG (gmm-acc-mllt[5.5.907~1-cbed4]:main():gmm-acc-mllt.cc:108) Average like for this file is -55.3422 over 614 frames.
LOG (gmm-acc-mllt[5.5.907~1-cbed4]:main():gmm-acc-mllt.cc:108) Average like for this file is -54.7627 over 652 frames.
LOG (gmm-acc-mllt[5.5.907~1-cbed4]:main():gmm-acc-mllt.cc:108) Average like for this file is -55.3809 over 597 frames.
LOG (gmm-acc-mllt[5.5.907~1-cbed4]:main():gmm-acc-mllt.cc:108) Average like for this file is -55.0171 over 758 frames.
LOG (gmm-acc-mllt[5.5.907~1-cbed4]:main():gmm-acc-mllt.cc:108) Average like for this file is -53.4004 over 510 frames.
LOG (gmm-acc-mllt[5.5.907~1-cbed4]:main():gmm-acc-mllt.cc:108) Average like for this file is -52.9596 over 618 frames.
LOG (gmm-acc-mllt[5.5.907~1-cbed4]:main():gmm-acc-mllt.cc:108) Average like for this file is -53.4071 over 716 frames.
LOG (gmm-acc-mllt[5.5.907~1-cbed4]:main():gmm-acc-mllt.cc:108) Average like for this file is -53.2434 over 758 frames.
LOG (gmm-acc-mllt[5.5.907~1-cbed4]:main():gmm-acc-mllt.cc:108) Average like for this file is -53.953 over 674 frames.
LOG (gmm-acc-mllt[5.5.907~1-cbed4]:main():gmm-acc-mllt.cc:114) Avg like per frame so far is -53.7654
LOG (gmm-acc-mllt[5.5.907~1-cbed4]:main():gmm-acc-mllt.cc:108) Average like for this file is -54.2638 over 687 frames.
LOG (gmm-acc-mllt[5.5.907~1-cbed4]:main():gmm-acc-mllt.cc:108) Average like for this file is -52.9597 over 591 frames.
LOG (gmm-acc-mllt[5.5.907~1-cbed4]:main():gmm-acc-mllt.cc:108) Average like for this file is -51.7496 over 732 frames.
LOG (gmm-acc-mllt[5.5.907~1-cbed4]:main():gmm-acc-mllt.cc:108) Average like for this file is -54.4548 over 461 frames.
LOG (gmm-acc-mllt[5.5.907~1-cbed4]:main():gmm-acc-mllt.cc:108) Average like for this file is -57.5355 over 527 frames.
LOG (gmm-acc-mllt[5.5.907~1-cbed4]:main():gmm-acc-mllt.cc:108) Average like for this file is -52.1822 over 615 frames.
LOG (gmm-acc-mllt[5.5.907~1-cbed4]:main():gmm-acc-mllt.cc:108) Average like for this file is -55.0151 over 521 frames.
LOG (gmm-acc-mllt[5.5.907~1-cbed4]:main():gmm-acc-mllt.cc:108) Average like for this file is -52.2169 over 521 frames.
LOG (gmm-acc-mllt[5.5.907~1-cbed4]:main():gmm-acc-mllt.cc:108) Average like for this file is -50.8291 over 507 frames.
LOG (gmm-acc-mllt[5.5.907~1-cbed4]:main():gmm-acc-mllt.cc:108) Average like for this file is -52.5992 over 555 frames.
LOG (gmm-acc-mllt[5.5.907~1-cbed4]:main():gmm-acc-mllt.cc:114) Avg like per frame so far is -53.7436
LOG (gmm-acc-mllt[5.5.907~1-cbed4]:main():gmm-acc-mllt.cc:108) Average like for this file is -51.9355 over 320 frames.
LOG (gmm-acc-mllt[5.5.907~1-cbed4]:main():gmm-acc-mllt.cc:108) Average like for this file is -53.3398 over 542 frames.
LOG (gmm-acc-mllt[5.5.907~1-cbed4]:main():gmm-acc-mllt.cc:108) Average like for this file is -51.2527 over 513 frames.
LOG (gmm-acc-mllt[5.5.907~1-cbed4]:main():gmm-acc-mllt.cc:108) Average like for this file is -52.4321 over 430 frames.
LOG (gmm-acc-mllt[5.5.907~1-cbed4]:main():gmm-acc-mllt.cc:108) Average like for this file is -51.0493 over 518 frames.
LOG (gmm-acc-mllt[5.5.907~1-cbed4]:main():gmm-acc-mllt.cc:108) Average like for this file is -53.1852 over 467 frames.
LOG (gmm-acc-mllt[5.5.907~1-cbed4]:main():gmm-acc-mllt.cc:108) Average like for this file is -53.5937 over 772 frames.
LOG (gmm-acc-mllt[5.5.907~1-cbed4]:main():gmm-acc-mllt.cc:108) Average like for this file is -52.7015 over 503 frames.
LOG (gmm-acc-mllt[5.5.907~1-cbed4]:main():gmm-acc-mllt.cc:108) Average like for this file is -53.3903 over 624 frames.
LOG (gmm-acc-mllt[5.5.907~1-cbed4]:main():gmm-acc-mllt.cc:108) Average like for this file is -59.3716 over 569 frames.
LOG (gmm-acc-mllt[5.5.907~1-cbed4]:main():gmm-acc-mllt.cc:114) Avg like per frame so far is -53.7278
LOG (gmm-acc-mllt[5.5.907~1-cbed4]:main():gmm-acc-mllt.cc:108) Average like for this file is -56.9882 over 565 frames.
LOG (gmm-acc-mllt[5.5.907~1-cbed4]:main():gmm-acc-mllt.cc:108) Average like for this file is -57.3057 over 684 frames.
LOG (gmm-acc-mllt[5.5.907~1-cbed4]:main():gmm-acc-mllt.cc:108) Average like for this file is -56.1033 over 324 frames.
LOG (gmm-acc-mllt[5.5.907~1-cbed4]:main():gmm-acc-mllt.cc:108) Average like for this file is -55.863 over 563 frames.
LOG (gmm-acc-mllt[5.5.907~1-cbed4]:main():gmm-acc-mllt.cc:108) Average like for this file is -58.4407 over 519 frames.
LOG (gmm-acc-mllt[5.5.907~1-cbed4]:main():gmm-acc-mllt.cc:108) Average like for this file is -56.3578 over 549 frames.
LOG (gmm-acc-mllt[5.5.907~1-cbed4]:main():gmm-acc-mllt.cc:108) Average like for this file is -59.9704 over 481 frames.
LOG (gmm-acc-mllt[5.5.907~1-cbed4]:main():gmm-acc-mllt.cc:108) Average like for this file is -54.3367 over 624 frames.
LOG (gmm-acc-mllt[5.5.907~1-cbed4]:main():gmm-acc-mllt.cc:108) Average like for this file is -55.1689 over 463 frames.
LOG (gmm-acc-mllt[5.5.907~1-cbed4]:main():gmm-acc-mllt.cc:108) Average like for this file is -54.4838 over 483 frames.
LOG (gmm-acc-mllt[5.5.907~1-cbed4]:main():gmm-acc-mllt.cc:114) Avg like per frame so far is -53.8409
LOG (gmm-acc-mllt[5.5.907~1-cbed4]:main():gmm-acc-mllt.cc:108) Average like for this file is -56.9616 over 516 frames.
LOG (gmm-acc-mllt[5.5.907~1-cbed4]:main():gmm-acc-mllt.cc:108) Average like for this file is -57.5566 over 619 frames.
LOG (gmm-acc-mllt[5.5.907~1-cbed4]:main():gmm-acc-mllt.cc:108) Average like for this file is -54.0141 over 558 frames.
LOG (gmm-acc-mllt[5.5.907~1-cbed4]:main():gmm-acc-mllt.cc:108) Average like for this file is -53.0016 over 595 frames.
LOG (gmm-acc-mllt[5.5.907~1-cbed4]:main():gmm-acc-mllt.cc:108) Average like for this file is -58.1916 over 591 frames.
LOG (gmm-acc-mllt[5.5.907~1-cbed4]:main():gmm-acc-mllt.cc:108) Average like for this file is -54.8386 over 573 frames.
LOG (gmm-acc-mllt[5.5.907~1-cbed4]:main():gmm-acc-mllt.cc:108) Average like for this file is -57.5041 over 591 frames.
LOG (gmm-acc-mllt[5.5.907~1-cbed4]:main():gmm-acc-mllt.cc:108) Average like for this file is -56.2555 over 556 frames.
LOG (gmm-acc-mllt[5.5.907~1-cbed4]:main():gmm-acc-mllt.cc:108) Average like for this file is -53.3287 over 450 frames.
LOG (gmm-acc-mllt[5.5.907~1-cbed4]:main():gmm-acc-mllt.cc:108) Average like for this file is -53.9532 over 442 frames.
LOG (gmm-acc-mllt[5.5.907~1-cbed4]:main():gmm-acc-mllt.cc:114) Avg like per frame so far is -53.9152
LOG (gmm-acc-mllt[5.5.907~1-cbed4]:main():gmm-acc-mllt.cc:108) Average like for this file is -53.1691 over 523 frames.
LOG (gmm-acc-mllt[5.5.907~1-cbed4]:main():gmm-acc-mllt.cc:108) Average like for this file is -53.454 over 355 frames.
LOG (gmm-acc-mllt[5.5.907~1-cbed4]:main():gmm-acc-mllt.cc:108) Average like for this file is -53.8311 over 695 frames.
LOG (gmm-acc-mllt[5.5.907~1-cbed4]:main():gmm-acc-mllt.cc:108) Average like for this file is -51.8786 over 628 frames.
LOG (gmm-acc-mllt[5.5.907~1-cbed4]:main():gmm-acc-mllt.cc:108) Average like for this file is -52.0711 over 427 frames.
LOG (gmm-acc-mllt[5.5.907~1-cbed4]:main():gmm-acc-mllt.cc:108) Average like for this file is -53.4728 over 585 frames.
LOG (gmm-acc-mllt[5.5.907~1-cbed4]:main():gmm-acc-mllt.cc:108) Average like for this file is -53.2956 over 622 frames.
LOG (gmm-acc-mllt[5.5.907~1-cbed4]:main():gmm-acc-mllt.cc:108) Average like for this file is -50.5776 over 629 frames.
LOG (gmm-acc-mllt[5.5.907~1-cbed4]:main():gmm-acc-mllt.cc:108) Average like for this file is -53.8084 over 676 frames.
LOG (gmm-acc-mllt[5.5.907~1-cbed4]:main():gmm-acc-mllt.cc:108) Average like for this file is -53.4768 over 430 frames.
LOG (gmm-acc-mllt[5.5.907~1-cbed4]:main():gmm-acc-mllt.cc:114) Avg like per frame so far is -53.8746
LOG (gmm-acc-mllt[5.5.907~1-cbed4]:main():gmm-acc-mllt.cc:108) Average like for this file is -51.962 over 549 frames.
LOG (gmm-acc-mllt[5.5.907~1-cbed4]:main():gmm-acc-mllt.cc:108) Average like for this file is -52.424 over 569 frames.
LOG (gmm-acc-mllt[5.5.907~1-cbed4]:main():gmm-acc-mllt.cc:108) Average like for this file is -55.4279 over 729 frames.
LOG (gmm-acc-mllt[5.5.907~1-cbed4]:main():gmm-acc-mllt.cc:108) Average like for this file is -55.5884 over 457 frames.
LOG (gmm-acc-mllt[5.5.907~1-cbed4]:main():gmm-acc-mllt.cc:108) Average like for this file is -54.4049 over 461 frames.
LOG (gmm-acc-mllt[5.5.907~1-cbed4]:main():gmm-acc-mllt.cc:108) Average like for this file is -58.3281 over 503 frames.
LOG (gmm-acc-mllt[5.5.907~1-cbed4]:main():gmm-acc-mllt.cc:108) Average like for this file is -54.2017 over 441 frames.
LOG (gmm-acc-mllt[5.5.907~1-cbed4]:main():gmm-acc-mllt.cc:108) Average like for this file is -52.597 over 524 frames.
LOG (gmm-acc-mllt[5.5.907~1-cbed4]:main():gmm-acc-mllt.cc:108) Average like for this file is -55.0827 over 577 frames.
LOG (gmm-acc-mllt[5.5.907~1-cbed4]:main():gmm-acc-mllt.cc:108) Average like for this file is -54.9089 over 615 frames.
LOG (gmm-acc-mllt[5.5.907~1-cbed4]:main():gmm-acc-mllt.cc:114) Avg like per frame so far is -53.8975
LOG (gmm-acc-mllt[5.5.907~1-cbed4]:main():gmm-acc-mllt.cc:108) Average like for this file is -52.2641 over 565 frames.
LOG (gmm-acc-mllt[5.5.907~1-cbed4]:main():gmm-acc-mllt.cc:108) Average like for this file is -56.7786 over 586 frames.
LOG (gmm-acc-mllt[5.5.907~1-cbed4]:main():gmm-acc-mllt.cc:108) Average like for this file is -52.167 over 616 frames.
LOG (gmm-acc-mllt[5.5.907~1-cbed4]:main():gmm-acc-mllt.cc:108) Average like for this file is -54.9874 over 403 frames.
LOG (gmm-acc-mllt[5.5.907~1-cbed4]:main():gmm-acc-mllt.cc:108) Average like for this file is -54.7197 over 626 frames.
LOG (gmm-acc-mllt[5.5.907~1-cbed4]:main():gmm-acc-mllt.cc:108) Average like for this file is -55.816 over 781 frames.
LOG (gmm-acc-mllt[5.5.907~1-cbed4]:main():gmm-acc-mllt.cc:108) Average like for this file is -55.3293 over 593 frames.
LOG (gmm-acc-mllt[5.5.907~1-cbed4]:main():gmm-acc-mllt.cc:108) Average like for this file is -56.8492 over 479 frames.
LOG (gmm-acc-mllt[5.5.907~1-cbed4]:main():gmm-acc-mllt.cc:108) Average like for this file is -54.4442 over 528 frames.
LOG (gmm-acc-mllt[5.5.907~1-cbed4]:main():gmm-acc-mllt.cc:108) Average like for this file is -54.9457 over 678 frames.
LOG (gmm-acc-mllt[5.5.907~1-cbed4]:main():gmm-acc-mllt.cc:114) Avg like per frame so far is -53.9333
LOG (gmm-acc-mllt[5.5.907~1-cbed4]:main():gmm-acc-mllt.cc:108) Average like for this file is -53.2397 over 534 frames.
LOG (gmm-acc-mllt[5.5.907~1-cbed4]:main():gmm-acc-mllt.cc:108) Average like for this file is -54.8252 over 603 frames.
LOG (gmm-acc-mllt[5.5.907~1-cbed4]:main():gmm-acc-mllt.cc:108) Average like for this file is -56.3822 over 597 frames.
LOG (gmm-acc-mllt[5.5.907~1-cbed4]:main():gmm-acc-mllt.cc:108) Average like for this file is -54.3397 over 453 frames.
LOG (gmm-acc-mllt[5.5.907~1-cbed4]:main():gmm-acc-mllt.cc:108) Average like for this file is -54.0156 over 404 frames.
LOG (gmm-acc-mllt[5.5.907~1-cbed4]:main():gmm-acc-mllt.cc:108) Average like for this file is -56.6572 over 422 frames.
LOG (gmm-acc-mllt[5.5.907~1-cbed4]:main():gmm-acc-mllt.cc:108) Average like for this file is -54.0083 over 543 frames.
LOG (gmm-acc-mllt[5.5.907~1-cbed4]:main():gmm-acc-mllt.cc:108) Average like for this file is -54.8986 over 584 frames.
LOG (gmm-acc-mllt[5.5.907~1-cbed4]:main():gmm-acc-mllt.cc:108) Average like for this file is -55.8287 over 821 frames.
LOG (gmm-acc-mllt[5.5.907~1-cbed4]:main():gmm-acc-mllt.cc:108) Average like for this file is -52.7935 over 430 frames.
LOG (gmm-acc-mllt[5.5.907~1-cbed4]:main():gmm-acc-mllt.cc:114) Avg like per frame so far is -53.9631
LOG (gmm-acc-mllt[5.5.907~1-cbed4]:main():gmm-acc-mllt.cc:108) Average like for this file is -55.9027 over 756 frames.
LOG (gmm-acc-mllt[5.5.907~1-cbed4]:main():gmm-acc-mllt.cc:108) Average like for this file is -56.5655 over 673 frames.
LOG (gmm-acc-mllt[5.5.907~1-cbed4]:main():gmm-acc-mllt.cc:108) Average like for this file is -57.6766 over 505 frames.
LOG (gmm-acc-mllt[5.5.907~1-cbed4]:main():gmm-acc-mllt.cc:108) Average like for this file is -57.3807 over 659 frames.
LOG (gmm-acc-mllt[5.5.907~1-cbed4]:main():gmm-acc-mllt.cc:108) Average like for this file is -57.8034 over 530 frames.
LOG (gmm-acc-mllt[5.5.907~1-cbed4]:main():gmm-acc-mllt.cc:108) Average like for this file is -52.8139 over 660 frames.
LOG (gmm-acc-mllt[5.5.907~1-cbed4]:main():gmm-acc-mllt.cc:108) Average like for this file is -56.4519 over 561 frames.
LOG (gmm-acc-mllt[5.5.907~1-cbed4]:main():gmm-acc-mllt.cc:108) Average like for this file is -56.3166 over 579 frames.
LOG (gmm-acc-mllt[5.5.907~1-cbed4]:main():gmm-acc-mllt.cc:108) Average like for this file is -54.3842 over 467 frames.
LOG (gmm-acc-mllt[5.5.907~1-cbed4]:main():gmm-acc-mllt.cc:108) Average like for this file is -54.4578 over 504 frames.
LOG (gmm-acc-mllt[5.5.907~1-cbed4]:main():gmm-acc-mllt.cc:114) Avg like per frame so far is -54.0359
LOG (gmm-acc-mllt[5.5.907~1-cbed4]:main():gmm-acc-mllt.cc:108) Average like for this file is -54.0628 over 631 frames.
LOG (gmm-acc-mllt[5.5.907~1-cbed4]:main():gmm-acc-mllt.cc:108) Average like for this file is -54.8832 over 562 frames.
LOG (gmm-acc-mllt[5.5.907~1-cbed4]:main():gmm-acc-mllt.cc:108) Average like for this file is -53.6346 over 517 frames.
LOG (gmm-acc-mllt[5.5.907~1-cbed4]:main():gmm-acc-mllt.cc:108) Average like for this file is -54.3988 over 467 frames.
LOG (gmm-acc-mllt[5.5.907~1-cbed4]:main():gmm-acc-mllt.cc:108) Average like for this file is -54.6576 over 571 frames.
LOG (gmm-acc-mllt[5.5.907~1-cbed4]:main():gmm-acc-mllt.cc:108) Average like for this file is -54.4897 over 416 frames.
LOG (gmm-acc-mllt[5.5.907~1-cbed4]:main():gmm-acc-mllt.cc:108) Average like for this file is -55.8768 over 497 frames.
LOG (gmm-acc-mllt[5.5.907~1-cbed4]:main():gmm-acc-mllt.cc:108) Average like for this file is -54.0779 over 543 frames.
LOG (gmm-acc-mllt[5.5.907~1-cbed4]:main():gmm-acc-mllt.cc:108) Average like for this file is -55.7772 over 526 frames.
LOG (gmm-acc-mllt[5.5.907~1-cbed4]:main():gmm-acc-mllt.cc:108) Average like for this file is -56.5653 over 581 frames.
LOG (gmm-acc-mllt[5.5.907~1-cbed4]:main():gmm-acc-mllt.cc:114) Avg like per frame so far is -54.0617
LOG (gmm-acc-mllt[5.5.907~1-cbed4]:main():gmm-acc-mllt.cc:108) Average like for this file is -50.4365 over 718 frames.
LOG (gmm-acc-mllt[5.5.907~1-cbed4]:main():gmm-acc-mllt.cc:108) Average like for this file is -54.7364 over 516 frames.
LOG (gmm-acc-mllt[5.5.907~1-cbed4]:main():gmm-acc-mllt.cc:108) Average like for this file is -53.568 over 559 frames.
LOG (gmm-acc-mllt[5.5.907~1-cbed4]:main():gmm-acc-mllt.cc:108) Average like for this file is -54.9863 over 589 frames.
LOG (gmm-acc-mllt[5.5.907~1-cbed4]:main():gmm-acc-mllt.cc:108) Average like for this file is -57.2448 over 650 frames.
LOG (gmm-acc-mllt[5.5.907~1-cbed4]:main():gmm-acc-mllt.cc:108) Average like for this file is -54.5008 over 796 frames.
LOG (gmm-acc-mllt[5.5.907~1-cbed4]:main():gmm-acc-mllt.cc:108) Average like for this file is -53.2957 over 560 frames.
LOG (gmm-acc-mllt[5.5.907~1-cbed4]:main():gmm-acc-mllt.cc:108) Average like for this file is -55.8657 over 622 frames.
LOG (gmm-acc-mllt[5.5.907~1-cbed4]:main():gmm-acc-mllt.cc:108) Average like for this file is -52.9966 over 635 frames.
LOG (gmm-acc-mllt[5.5.907~1-cbed4]:main():gmm-acc-mllt.cc:108) Average like for this file is -53.9818 over 521 frames.
LOG (gmm-acc-mllt[5.5.907~1-cbed4]:main():gmm-acc-mllt.cc:114) Avg like per frame so far is -54.064
LOG (gmm-acc-mllt[5.5.907~1-cbed4]:main():gmm-acc-mllt.cc:108) Average like for this file is -55.383 over 507 frames.
LOG (gmm-acc-mllt[5.5.907~1-cbed4]:main():gmm-acc-mllt.cc:108) Average like for this file is -53.8583 over 654 frames.
LOG (gmm-acc-mllt[5.5.907~1-cbed4]:main():gmm-acc-mllt.cc:108) Average like for this file is -56.0707 over 539 frames.
LOG (gmm-acc-mllt[5.5.907~1-cbed4]:main():gmm-acc-mllt.cc:108) Average like for this file is -54.2848 over 561 frames.
LOG (gmm-acc-mllt[5.5.907~1-cbed4]:main():gmm-acc-mllt.cc:108) Average like for this file is -55.5866 over 544 frames.
LOG (gmm-acc-mllt[5.5.907~1-cbed4]:main():gmm-acc-mllt.cc:108) Average like for this file is -55.167 over 497 frames.
LOG (gmm-acc-mllt[5.5.907~1-cbed4]:main():gmm-acc-mllt.cc:108) Average like for this file is -53.5699 over 585 frames.
LOG (gmm-acc-mllt[5.5.907~1-cbed4]:main():gmm-acc-mllt.cc:108) Average like for this file is -53.0655 over 606 frames.
LOG (gmm-acc-mllt[5.5.907~1-cbed4]:main():gmm-acc-mllt.cc:108) Average like for this file is -56.0983 over 615 frames.
LOG (gmm-acc-mllt[5.5.907~1-cbed4]:main():gmm-acc-mllt.cc:108) Average like for this file is -55.1153 over 496 frames.
LOG (gmm-acc-mllt[5.5.907~1-cbed4]:main():gmm-acc-mllt.cc:114) Avg like per frame so far is -54.0863
LOG (gmm-acc-mllt[5.5.907~1-cbed4]:main():gmm-acc-mllt.cc:108) Average like for this file is -51.1934 over 536 frames.
LOG (gmm-acc-mllt[5.5.907~1-cbed4]:main():gmm-acc-mllt.cc:108) Average like for this file is -54.7067 over 481 frames.
LOG (gmm-acc-mllt[5.5.907~1-cbed4]:main():gmm-acc-mllt.cc:108) Average like for this file is -54.8067 over 657 frames.
LOG (gmm-acc-mllt[5.5.907~1-cbed4]:main():gmm-acc-mllt.cc:108) Average like for this file is -52.8694 over 645 frames.
LOG (gmm-acc-mllt[5.5.907~1-cbed4]:main():gmm-acc-mllt.cc:108) Average like for this file is -58.3212 over 478 frames.
LOG (gmm-acc-mllt[5.5.907~1-cbed4]:main():gmm-acc-mllt.cc:108) Average like for this file is -52.8077 over 458 frames.
LOG (gmm-acc-mllt[5.5.907~1-cbed4]:main():gmm-acc-mllt.cc:108) Average like for this file is -54.084 over 800 frames.
LOG (gmm-acc-mllt[5.5.907~1-cbed4]:main():gmm-acc-mllt.cc:108) Average like for this file is -51.5982 over 504 frames.
LOG (gmm-acc-mllt[5.5.907~1-cbed4]:main():gmm-acc-mllt.cc:108) Average like for this file is -52.6553 over 540 frames.
LOG (gmm-acc-mllt[5.5.907~1-cbed4]:main():gmm-acc-mllt.cc:108) Average like for this file is -53.6641 over 691 frames.
LOG (gmm-acc-mllt[5.5.907~1-cbed4]:main():gmm-acc-mllt.cc:114) Avg like per frame so far is -54.0731
LOG (gmm-acc-mllt[5.5.907~1-cbed4]:main():gmm-acc-mllt.cc:108) Average like for this file is -55.7163 over 1097 frames.
LOG (gmm-acc-mllt[5.5.907~1-cbed4]:main():gmm-acc-mllt.cc:108) Average like for this file is -55.103 over 721 frames.
LOG (gmm-acc-mllt[5.5.907~1-cbed4]:main():gmm-acc-mllt.cc:108) Average like for this file is -56.3092 over 623 frames.
LOG (gmm-acc-mllt[5.5.907~1-cbed4]:main():gmm-acc-mllt.cc:108) Average like for this file is -54.4744 over 758 frames.
LOG (gmm-acc-mllt[5.5.907~1-cbed4]:main():gmm-acc-mllt.cc:108) Average like for this file is -53.2745 over 842 frames.
LOG (gmm-acc-mllt[5.5.907~1-cbed4]:main():gmm-acc-mllt.cc:108) Average like for this file is -54.5046 over 567 frames.
LOG (gmm-acc-mllt[5.5.907~1-cbed4]:main():gmm-acc-mllt.cc:108) Average like for this file is -57.0854 over 581 frames.
LOG (gmm-acc-mllt[5.5.907~1-cbed4]:main():gmm-acc-mllt.cc:108) Average like for this file is -56.8933 over 728 frames.
LOG (gmm-acc-mllt[5.5.907~1-cbed4]:main():gmm-acc-mllt.cc:108) Average like for this file is -57.3504 over 808 frames.
LOG (gmm-acc-mllt[5.5.907~1-cbed4]:main():gmm-acc-mllt.cc:108) Average like for this file is -56.0725 over 497 frames.
LOG (gmm-acc-mllt[5.5.907~1-cbed4]:main():gmm-acc-mllt.cc:114) Avg like per frame so far is -54.1316
LOG (gmm-acc-mllt[5.5.907~1-cbed4]:main():gmm-acc-mllt.cc:108) Average like for this file is -52.8775 over 645 frames.
LOG (gmm-acc-mllt[5.5.907~1-cbed4]:main():gmm-acc-mllt.cc:108) Average like for this file is -52.593 over 710 frames.
LOG (gmm-acc-mllt[5.5.907~1-cbed4]:main():gmm-acc-mllt.cc:108) Average like for this file is -54.6986 over 856 frames.
LOG (gmm-acc-mllt[5.5.907~1-cbed4]:main():gmm-acc-mllt.cc:108) Average like for this file is -57.6339 over 455 frames.
LOG (gmm-acc-mllt[5.5.907~1-cbed4]:main():gmm-acc-mllt.cc:108) Average like for this file is -53.0183 over 1176 frames.
LOG (gmm-acc-mllt[5.5.907~1-cbed4]:main():gmm-acc-mllt.cc:108) Average like for this file is -49.9523 over 488 frames.
LOG (gmm-acc-mllt[5.5.907~1-cbed4]:main():gmm-acc-mllt.cc:108) Average like for this file is -55.0312 over 412 frames.
LOG (gmm-acc-mllt[5.5.907~1-cbed4]:main():gmm-acc-mllt.cc:108) Average like for this file is -55.9276 over 218 frames.
LOG (gmm-acc-mllt[5.5.907~1-cbed4]:main():gmm-acc-mllt.cc:108) Average like for this file is -53.6883 over 373 frames.
LOG (gmm-acc-mllt[5.5.907~1-cbed4]:main():gmm-acc-mllt.cc:108) Average like for this file is -52.8335 over 500 frames.
LOG (gmm-acc-mllt[5.5.907~1-cbed4]:main():gmm-acc-mllt.cc:114) Avg like per frame so far is -54.1153
LOG (gmm-acc-mllt[5.5.907~1-cbed4]:main():gmm-acc-mllt.cc:108) Average like for this file is -56.2106 over 275 frames.
LOG (gmm-acc-mllt[5.5.907~1-cbed4]:main():gmm-acc-mllt.cc:108) Average like for this file is -56.7279 over 278 frames.
LOG (gmm-acc-mllt[5.5.907~1-cbed4]:main():gmm-acc-mllt.cc:108) Average like for this file is -53.5146 over 284 frames.
LOG (gmm-acc-mllt[5.5.907~1-cbed4]:main():gmm-acc-mllt.cc:108) Average like for this file is -54.914 over 277 frames.
LOG (gmm-acc-mllt[5.5.907~1-cbed4]:main():gmm-acc-mllt.cc:108) Average like for this file is -54.9904 over 378 frames.
LOG (gmm-acc-mllt[5.5.907~1-cbed4]:main():gmm-acc-mllt.cc:108) Average like for this file is -53.4518 over 295 frames.
LOG (gmm-acc-mllt[5.5.907~1-cbed4]:main():gmm-acc-mllt.cc:108) Average like for this file is -55.8576 over 371 frames.
LOG (gmm-acc-mllt[5.5.907~1-cbed4]:main():gmm-acc-mllt.cc:108) Average like for this file is -59.6304 over 228 frames.
LOG (gmm-acc-mllt[5.5.907~1-cbed4]:main():gmm-acc-mllt.cc:108) Average like for this file is -55.1793 over 433 frames.
LOG (gmm-acc-mllt[5.5.907~1-cbed4]:main():gmm-acc-mllt.cc:108) Average like for this file is -54.7169 over 372 frames.
LOG (gmm-acc-mllt[5.5.907~1-cbed4]:main():gmm-acc-mllt.cc:114) Avg like per frame so far is -54.1355
LOG (gmm-acc-mllt[5.5.907~1-cbed4]:main():gmm-acc-mllt.cc:108) Average like for this file is -54.2565 over 457 frames.
LOG (gmm-acc-mllt[5.5.907~1-cbed4]:main():gmm-acc-mllt.cc:108) Average like for this file is -54.9267 over 233 frames.
LOG (gmm-acc-mllt[5.5.907~1-cbed4]:main():gmm-acc-mllt.cc:108) Average like for this file is -56.9811 over 294 frames.
LOG (gmm-acc-mllt[5.5.907~1-cbed4]:main():gmm-acc-mllt.cc:108) Average like for this file is -56.3018 over 351 frames.
LOG (gmm-acc-mllt[5.5.907~1-cbed4]:main():gmm-acc-mllt.cc:108) Average like for this file is -59.2396 over 514 frames.
LOG (gmm-acc-mllt[5.5.907~1-cbed4]:main():gmm-acc-mllt.cc:108) Average like for this file is -54.5385 over 515 frames.
LOG (gmm-acc-mllt[5.5.907~1-cbed4]:main():gmm-acc-mllt.cc:108) Average like for this file is -56.2563 over 319 frames.
LOG (gmm-acc-mllt[5.5.907~1-cbed4]:main():gmm-acc-mllt.cc:108) Average like for this file is -54.8991 over 458 frames.
LOG (gmm-acc-mllt[5.5.907~1-cbed4]:main():gmm-acc-mllt.cc:108) Average like for this file is -54.306 over 265 frames.
LOG (gmm-acc-mllt[5.5.907~1-cbed4]:main():gmm-acc-mllt.cc:108) Average like for this file is -52.9328 over 599 frames.
LOG (gmm-acc-mllt[5.5.907~1-cbed4]:main():gmm-acc-mllt.cc:114) Avg like per frame so far is -54.16
LOG (gmm-acc-mllt[5.5.907~1-cbed4]:main():gmm-acc-mllt.cc:108) Average like for this file is -53.3928 over 500 frames.
LOG (gmm-acc-mllt[5.5.907~1-cbed4]:main():gmm-acc-mllt.cc:108) Average like for this file is -53.4543 over 375 frames.
LOG (gmm-acc-mllt[5.5.907~1-cbed4]:main():gmm-acc-mllt.cc:108) Average like for this file is -54.5197 over 458 frames.
LOG (gmm-acc-mllt[5.5.907~1-cbed4]:main():gmm-acc-mllt.cc:108) Average like for this file is -55.9265 over 552 frames.
LOG (gmm-acc-mllt[5.5.907~1-cbed4]:main():gmm-acc-mllt.cc:108) Average like for this file is -53.8202 over 595 frames.
LOG (gmm-acc-mllt[5.5.907~1-cbed4]:main():gmm-acc-mllt.cc:108) Average like for this file is -57.3898 over 587 frames.
LOG (gmm-acc-mllt[5.5.907~1-cbed4]:main():gmm-acc-mllt.cc:108) Average like for this file is -57.0569 over 411 frames.
LOG (gmm-acc-mllt[5.5.907~1-cbed4]:main():gmm-acc-mllt.cc:108) Average like for this file is -56.319 over 681 frames.
LOG (gmm-acc-mllt[5.5.907~1-cbed4]:main():gmm-acc-mllt.cc:108) Average like for this file is -56.0576 over 837 frames.
LOG (gmm-acc-mllt[5.5.907~1-cbed4]:main():gmm-acc-mllt.cc:108) Average like for this file is -56.5844 over 662 frames.
LOG (gmm-acc-mllt[5.5.907~1-cbed4]:main():gmm-acc-mllt.cc:114) Avg like per frame so far is -54.198
LOG (gmm-acc-mllt[5.5.907~1-cbed4]:main():gmm-acc-mllt.cc:108) Average like for this file is -56.2682 over 1067 frames.
LOG (gmm-acc-mllt[5.5.907~1-cbed4]:main():gmm-acc-mllt.cc:108) Average like for this file is -54.6349 over 351 frames.
LOG (gmm-acc-mllt[5.5.907~1-cbed4]:main():gmm-acc-mllt.cc:108) Average like for this file is -57.051 over 597 frames.
LOG (gmm-acc-mllt[5.5.907~1-cbed4]:main():gmm-acc-mllt.cc:108) Average like for this file is -57.6637 over 463 frames.
LOG (gmm-acc-mllt[5.5.907~1-cbed4]:main():gmm-acc-mllt.cc:108) Average like for this file is -54.2133 over 559 frames.
LOG (gmm-acc-mllt[5.5.907~1-cbed4]:main():gmm-acc-mllt.cc:108) Average like for this file is -53.848 over 662 frames.
LOG (gmm-acc-mllt[5.5.907~1-cbed4]:main():gmm-acc-mllt.cc:108) Average like for this file is -53.0751 over 558 frames.
LOG (gmm-acc-mllt[5.5.907~1-cbed4]:main():gmm-acc-mllt.cc:108) Average like for this file is -53.7431 over 385 frames.
LOG (gmm-acc-mllt[5.5.907~1-cbed4]:main():gmm-acc-mllt.cc:108) Average like for this file is -56.2999 over 280 frames.
LOG (gmm-acc-mllt[5.5.907~1-cbed4]:main():gmm-acc-mllt.cc:108) Average like for this file is -59.0777 over 431 frames.
LOG (gmm-acc-mllt[5.5.907~1-cbed4]:main():gmm-acc-mllt.cc:114) Avg like per frame so far is -54.2319
LOG (gmm-acc-mllt[5.5.907~1-cbed4]:main():gmm-acc-mllt.cc:108) Average like for this file is -53.1511 over 487 frames.
LOG (gmm-acc-mllt[5.5.907~1-cbed4]:main():gmm-acc-mllt.cc:108) Average like for this file is -57.1317 over 399 frames.
LOG (gmm-acc-mllt[5.5.907~1-cbed4]:main():gmm-acc-mllt.cc:108) Average like for this file is -55.0984 over 210 frames.
LOG (gmm-acc-mllt[5.5.907~1-cbed4]:main():gmm-acc-mllt.cc:108) Average like for this file is -56.1273 over 340 frames.
LOG (gmm-acc-mllt[5.5.907~1-cbed4]:main():gmm-acc-mllt.cc:108) Average like for this file is -54.5062 over 534 frames.
LOG (gmm-acc-mllt[5.5.907~1-cbed4]:main():gmm-acc-mllt.cc:108) Average like for this file is -59.0905 over 304 frames.
LOG (gmm-acc-mllt[5.5.907~1-cbed4]:main():gmm-acc-mllt.cc:108) Average like for this file is -56.9385 over 638 frames.
LOG (gmm-acc-mllt[5.5.907~1-cbed4]:main():gmm-acc-mllt.cc:108) Average like for this file is -56.9979 over 437 frames.
LOG (gmm-acc-mllt[5.5.907~1-cbed4]:main():gmm-acc-mllt.cc:108) Average like for this file is -54.6825 over 657 frames.
LOG (gmm-acc-mllt[5.5.907~1-cbed4]:main():gmm-acc-mllt.cc:108) Average like for this file is -55.0498 over 575 frames.
LOG (gmm-acc-mllt[5.5.907~1-cbed4]:main():gmm-acc-mllt.cc:114) Avg like per frame so far is -54.2626
LOG (gmm-acc-mllt[5.5.907~1-cbed4]:main():gmm-acc-mllt.cc:108) Average like for this file is -55.567 over 606 frames.
LOG (gmm-acc-mllt[5.5.907~1-cbed4]:main():gmm-acc-mllt.cc:108) Average like for this file is -52.5431 over 464 frames.
LOG (gmm-acc-mllt[5.5.907~1-cbed4]:main():gmm-acc-mllt.cc:108) Average like for this file is -56.0296 over 535 frames.
LOG (gmm-acc-mllt[5.5.907~1-cbed4]:main():gmm-acc-mllt.cc:108) Average like for this file is -54.2489 over 665 frames.
LOG (gmm-acc-mllt[5.5.907~1-cbed4]:main():gmm-acc-mllt.cc:108) Average like for this file is -55.1243 over 638 frames.
LOG (gmm-acc-mllt[5.5.907~1-cbed4]:main():gmm-acc-mllt.cc:108) Average like for this file is -55.8332 over 584 frames.
LOG (gmm-acc-mllt[5.5.907~1-cbed4]:main():gmm-acc-mllt.cc:108) Average like for this file is -54.2522 over 576 frames.
LOG (gmm-acc-mllt[5.5.907~1-cbed4]:main():gmm-acc-mllt.cc:108) Average like for this file is -53.7523 over 433 frames.
LOG (gmm-acc-mllt[5.5.907~1-cbed4]:main():gmm-acc-mllt.cc:108) Average like for this file is -55.7054 over 442 frames.
LOG (gmm-acc-mllt[5.5.907~1-cbed4]:main():gmm-acc-mllt.cc:108) Average like for this file is -57.0352 over 402 frames.
LOG (gmm-acc-mllt[5.5.907~1-cbed4]:main():gmm-acc-mllt.cc:114) Avg like per frame so far is -54.2799
LOG (gmm-acc-mllt[5.5.907~1-cbed4]:main():gmm-acc-mllt.cc:108) Average like for this file is -54.7136 over 462 frames.
LOG (gmm-acc-mllt[5.5.907~1-cbed4]:main():gmm-acc-mllt.cc:108) Average like for this file is -57.1581 over 427 frames.
LOG (gmm-acc-mllt[5.5.907~1-cbed4]:main():gmm-acc-mllt.cc:108) Average like for this file is -55.027 over 503 frames.
LOG (gmm-acc-mllt[5.5.907~1-cbed4]:main():gmm-acc-mllt.cc:108) Average like for this file is -57.3305 over 454 frames.
LOG (gmm-acc-mllt[5.5.907~1-cbed4]:main():gmm-acc-mllt.cc:108) Average like for this file is -57.9953 over 554 frames.
LOG (gmm-acc-mllt[5.5.907~1-cbed4]:main():gmm-acc-mllt.cc:108) Average like for this file is -56.4437 over 710 frames.
LOG (gmm-acc-mllt[5.5.907~1-cbed4]:main():gmm-acc-mllt.cc:108) Average like for this file is -57.5088 over 593 frames.
LOG (gmm-acc-mllt[5.5.907~1-cbed4]:main():gmm-acc-mllt.cc:108) Average like for this file is -58.0822 over 521 frames.
LOG (gmm-acc-mllt[5.5.907~1-cbed4]:main():gmm-acc-mllt.cc:108) Average like for this file is -57.5266 over 435 frames.
LOG (gmm-acc-mllt[5.5.907~1-cbed4]:main():gmm-acc-mllt.cc:108) Average like for this file is -58.537 over 867 frames.
LOG (gmm-acc-mllt[5.5.907~1-cbed4]:main():gmm-acc-mllt.cc:114) Avg like per frame so far is -54.3479
LOG (gmm-acc-mllt[5.5.907~1-cbed4]:main():gmm-acc-mllt.cc:108) Average like for this file is -56.0284 over 609 frames.
LOG (gmm-acc-mllt[5.5.907~1-cbed4]:main():gmm-acc-mllt.cc:108) Average like for this file is -59.8848 over 490 frames.
LOG (gmm-acc-mllt[5.5.907~1-cbed4]:main():gmm-acc-mllt.cc:108) Average like for this file is -57.299 over 612 frames.
LOG (gmm-acc-mllt[5.5.907~1-cbed4]:main():gmm-acc-mllt.cc:108) Average like for this file is -55.7381 over 613 frames.
LOG (gmm-acc-mllt[5.5.907~1-cbed4]:main():gmm-acc-mllt.cc:108) Average like for this file is -56.3981 over 719 frames.
LOG (gmm-acc-mllt[5.5.907~1-cbed4]:main():gmm-acc-mllt.cc:108) Average like for this file is -53.9198 over 469 frames.
LOG (gmm-acc-mllt[5.5.907~1-cbed4]:main():gmm-acc-mllt.cc:108) Average like for this file is -55.4891 over 586 frames.
LOG (gmm-acc-mllt[5.5.907~1-cbed4]:main():gmm-acc-mllt.cc:108) Average like for this file is -56.8006 over 381 frames.
LOG (gmm-acc-mllt[5.5.907~1-cbed4]:main():gmm-acc-mllt.cc:108) Average like for this file is -57.6102 over 519 frames.
LOG (gmm-acc-mllt[5.5.907~1-cbed4]:main():gmm-acc-mllt.cc:108) Average like for this file is -58.8742 over 544 frames.
LOG (gmm-acc-mllt[5.5.907~1-cbed4]:main():gmm-acc-mllt.cc:114) Avg like per frame so far is -54.4044
LOG (gmm-acc-mllt[5.5.907~1-cbed4]:main():gmm-acc-mllt.cc:108) Average like for this file is -56.92 over 321 frames.
LOG (gmm-acc-mllt[5.5.907~1-cbed4]:main():gmm-acc-mllt.cc:108) Average like for this file is -58.5681 over 627 frames.
LOG (gmm-acc-mllt[5.5.907~1-cbed4]:main():gmm-acc-mllt.cc:108) Average like for this file is -57.4445 over 524 frames.
LOG (gmm-acc-mllt[5.5.907~1-cbed4]:main():gmm-acc-mllt.cc:108) Average like for this file is -56.2642 over 736 frames.
LOG (gmm-acc-mllt[5.5.907~1-cbed4]:main():gmm-acc-mllt.cc:108) Average like for this file is -57.7272 over 530 frames.
LOG (gmm-acc-mllt[5.5.907~1-cbed4]:main():gmm-acc-mllt.cc:108) Average like for this file is -56.6464 over 478 frames.
LOG (gmm-acc-mllt[5.5.907~1-cbed4]:main():gmm-acc-mllt.cc:108) Average like for this file is -55.3732 over 600 frames.
LOG (gmm-acc-mllt[5.5.907~1-cbed4]:main():gmm-acc-mllt.cc:108) Average like for this file is -56.4435 over 698 frames.
LOG (gmm-acc-mllt[5.5.907~1-cbed4]:main():gmm-acc-mllt.cc:108) Average like for this file is -55.5493 over 597 frames.
LOG (gmm-acc-mllt[5.5.907~1-cbed4]:main():gmm-acc-mllt.cc:108) Average like for this file is -60.9765 over 537 frames.
LOG (gmm-acc-mllt[5.5.907~1-cbed4]:main():gmm-acc-mllt.cc:114) Avg like per frame so far is -54.4679
LOG (gmm-acc-mllt[5.5.907~1-cbed4]:main():gmm-acc-mllt.cc:108) Average like for this file is -52.2475 over 705 frames.
LOG (gmm-acc-mllt[5.5.907~1-cbed4]:main():gmm-acc-mllt.cc:108) Average like for this file is -55.4518 over 506 frames.
LOG (gmm-acc-mllt[5.5.907~1-cbed4]:main():gmm-acc-mllt.cc:108) Average like for this file is -51.7694 over 428 frames.
LOG (gmm-acc-mllt[5.5.907~1-cbed4]:main():gmm-acc-mllt.cc:108) Average like for this file is -54.1559 over 509 frames.
LOG (gmm-acc-mllt[5.5.907~1-cbed4]:main():gmm-acc-mllt.cc:108) Average like for this file is -56.2056 over 920 frames.
LOG (gmm-acc-mllt[5.5.907~1-cbed4]:main():gmm-acc-mllt.cc:108) Average like for this file is -57.5599 over 466 frames.
LOG (gmm-acc-mllt[5.5.907~1-cbed4]:main():gmm-acc-mllt.cc:108) Average like for this file is -55.8975 over 545 frames.
LOG (gmm-acc-mllt[5.5.907~1-cbed4]:main():gmm-acc-mllt.cc:108) Average like for this file is -56.6981 over 574 frames.
LOG (gmm-acc-mllt[5.5.907~1-cbed4]:main():gmm-acc-mllt.cc:108) Average like for this file is -55.8234 over 414 frames.
LOG (gmm-acc-mllt[5.5.907~1-cbed4]:main():gmm-acc-mllt.cc:108) Average like for this file is -54.8239 over 653 frames.
LOG (gmm-acc-mllt[5.5.907~1-cbed4]:main():gmm-acc-mllt.cc:114) Avg like per frame so far is -54.482
LOG (gmm-acc-mllt[5.5.907~1-cbed4]:main():gmm-acc-mllt.cc:108) Average like for this file is -53.9412 over 479 frames.
LOG (gmm-acc-mllt[5.5.907~1-cbed4]:main():gmm-acc-mllt.cc:108) Average like for this file is -51.4297 over 703 frames.
LOG (gmm-acc-mllt[5.5.907~1-cbed4]:main():gmm-acc-mllt.cc:108) Average like for this file is -54.7683 over 392 frames.
LOG (gmm-acc-mllt[5.5.907~1-cbed4]:main():gmm-acc-mllt.cc:108) Average like for this file is -56.0591 over 547 frames.
LOG (gmm-acc-mllt[5.5.907~1-cbed4]:main():gmm-acc-mllt.cc:108) Average like for this file is -56.0081 over 433 frames.
LOG (gmm-acc-mllt[5.5.907~1-cbed4]:main():gmm-acc-mllt.cc:108) Average like for this file is -55.7938 over 494 frames.
LOG (gmm-acc-mllt[5.5.907~1-cbed4]:main():gmm-acc-mllt.cc:108) Average like for this file is -55.486 over 279 frames.
LOG (gmm-acc-mllt[5.5.907~1-cbed4]:main():gmm-acc-mllt.cc:108) Average like for this file is -52.9085 over 437 frames.
LOG (gmm-acc-mllt[5.5.907~1-cbed4]:main():gmm-acc-mllt.cc:108) Average like for this file is -54.3035 over 579 frames.
LOG (gmm-acc-mllt[5.5.907~1-cbed4]:main():gmm-acc-mllt.cc:108) Average like for this file is -55.5245 over 469 frames.
LOG (gmm-acc-mllt[5.5.907~1-cbed4]:main():gmm-acc-mllt.cc:114) Avg like per frame so far is -54.4814
LOG (gmm-acc-mllt[5.5.907~1-cbed4]:main():gmm-acc-mllt.cc:108) Average like for this file is -53.446 over 584 frames.
LOG (gmm-acc-mllt[5.5.907~1-cbed4]:main():gmm-acc-mllt.cc:108) Average like for this file is -53.8627 over 557 frames.
LOG (gmm-acc-mllt[5.5.907~1-cbed4]:main():gmm-acc-mllt.cc:108) Average like for this file is -56.1768 over 649 frames.
LOG (gmm-acc-mllt[5.5.907~1-cbed4]:main():gmm-acc-mllt.cc:108) Average like for this file is -55.4821 over 455 frames.
LOG (gmm-acc-mllt[5.5.907~1-cbed4]:main():gmm-acc-mllt.cc:108) Average like for this file is -52.2404 over 403 frames.
LOG (gmm-acc-mllt[5.5.907~1-cbed4]:main():gmm-acc-mllt.cc:108) Average like for this file is -54.4127 over 672 frames.
LOG (gmm-acc-mllt[5.5.907~1-cbed4]:main():gmm-acc-mllt.cc:108) Average like for this file is -55.1517 over 698 frames.
LOG (gmm-acc-mllt[5.5.907~1-cbed4]:main():gmm-acc-mllt.cc:108) Average like for this file is -55.0391 over 784 frames.
LOG (gmm-acc-mllt[5.5.907~1-cbed4]:main():gmm-acc-mllt.cc:108) Average like for this file is -55.709 over 473 frames.
LOG (gmm-acc-mllt[5.5.907~1-cbed4]:main():gmm-acc-mllt.cc:108) Average like for this file is -57.4929 over 386 frames.
LOG (gmm-acc-mllt[5.5.907~1-cbed4]:main():gmm-acc-mllt.cc:114) Avg like per frame so far is -54.4903
LOG (gmm-acc-mllt[5.5.907~1-cbed4]:main():gmm-acc-mllt.cc:108) Average like for this file is -56.1735 over 480 frames.
LOG (gmm-acc-mllt[5.5.907~1-cbed4]:main():gmm-acc-mllt.cc:108) Average like for this file is -53.4533 over 415 frames.
LOG (gmm-acc-mllt[5.5.907~1-cbed4]:main():gmm-acc-mllt.cc:108) Average like for this file is -55.3317 over 432 frames.
LOG (gmm-acc-mllt[5.5.907~1-cbed4]:main():gmm-acc-mllt.cc:108) Average like for this file is -55.7594 over 329 frames.
LOG (gmm-acc-mllt[5.5.907~1-cbed4]:main():gmm-acc-mllt.cc:108) Average like for this file is -57.5106 over 423 frames.
LOG (gmm-acc-mllt[5.5.907~1-cbed4]:main():gmm-acc-mllt.cc:108) Average like for this file is -53.595 over 539 frames.
LOG (gmm-acc-mllt[5.5.907~1-cbed4]:main():gmm-acc-mllt.cc:108) Average like for this file is -53.4734 over 570 frames.
LOG (gmm-acc-mllt[5.5.907~1-cbed4]:main():gmm-acc-mllt.cc:108) Average like for this file is -53.4221 over 470 frames.
LOG (gmm-acc-mllt[5.5.907~1-cbed4]:main():gmm-acc-mllt.cc:108) Average like for this file is -52.2665 over 514 frames.
LOG (gmm-acc-mllt[5.5.907~1-cbed4]:main():gmm-acc-mllt.cc:108) Average like for this file is -49.5356 over 505 frames.
LOG (gmm-acc-mllt[5.5.907~1-cbed4]:main():gmm-acc-mllt.cc:114) Avg like per frame so far is -54.4798
LOG (gmm-acc-mllt[5.5.907~1-cbed4]:main():gmm-acc-mllt.cc:108) Average like for this file is -54.2355 over 447 frames.
LOG (gmm-acc-mllt[5.5.907~1-cbed4]:main():gmm-acc-mllt.cc:108) Average like for this file is -57.5055 over 434 frames.
LOG (gmm-acc-mllt[5.5.907~1-cbed4]:main():gmm-acc-mllt.cc:108) Average like for this file is -60.0743 over 479 frames.
LOG (gmm-acc-mllt[5.5.907~1-cbed4]:main():gmm-acc-mllt.cc:108) Average like for this file is -59.0018 over 324 frames.
LOG (gmm-acc-mllt[5.5.907~1-cbed4]:main():gmm-acc-mllt.cc:108) Average like for this file is -54.6296 over 403 frames.
LOG (gmm-acc-mllt[5.5.907~1-cbed4]:main():gmm-acc-mllt.cc:108) Average like for this file is -56.3943 over 401 frames.
LOG (gmm-acc-mllt[5.5.907~1-cbed4]:main():gmm-acc-mllt.cc:108) Average like for this file is -56.9266 over 429 frames.
LOG (gmm-acc-mllt[5.5.907~1-cbed4]:main():gmm-acc-mllt.cc:108) Average like for this file is -56.3888 over 335 frames.
LOG (gmm-acc-mllt[5.5.907~1-cbed4]:main():gmm-acc-mllt.cc:108) Average like for this file is -55.7835 over 392 frames.
LOG (gmm-acc-mllt[5.5.907~1-cbed4]:main():gmm-acc-mllt.cc:108) Average like for this file is -54.9861 over 327 frames.
LOG (gmm-acc-mllt[5.5.907~1-cbed4]:main():gmm-acc-mllt.cc:114) Avg like per frame so far is -54.5117
LOG (gmm-acc-mllt[5.5.907~1-cbed4]:main():gmm-acc-mllt.cc:108) Average like for this file is -53.7974 over 523 frames.
LOG (gmm-acc-mllt[5.5.907~1-cbed4]:main():gmm-acc-mllt.cc:108) Average like for this file is -52.6671 over 571 frames.
LOG (gmm-acc-mllt[5.5.907~1-cbed4]:main():gmm-acc-mllt.cc:108) Average like for this file is -52.1956 over 468 frames.
LOG (gmm-acc-mllt[5.5.907~1-cbed4]:main():gmm-acc-mllt.cc:108) Average like for this file is -52.2032 over 373 frames.
LOG (gmm-acc-mllt[5.5.907~1-cbed4]:main():gmm-acc-mllt.cc:108) Average like for this file is -55.171 over 470 frames.
LOG (gmm-acc-mllt[5.5.907~1-cbed4]:main():gmm-acc-mllt.cc:108) Average like for this file is -52.3737 over 385 frames.
LOG (gmm-acc-mllt[5.5.907~1-cbed4]:main():gmm-acc-mllt.cc:108) Average like for this file is -51.9824 over 372 frames.
LOG (gmm-acc-mllt[5.5.907~1-cbed4]:main():gmm-acc-mllt.cc:108) Average like for this file is -50.0008 over 341 frames.
LOG (gmm-acc-mllt[5.5.907~1-cbed4]:main():gmm-acc-mllt.cc:108) Average like for this file is -50.7154 over 505 frames.
LOG (gmm-acc-mllt[5.5.907~1-cbed4]:main():gmm-acc-mllt.cc:108) Average like for this file is -54.1586 over 337 frames.
LOG (gmm-acc-mllt[5.5.907~1-cbed4]:main():gmm-acc-mllt.cc:114) Avg like per frame so far is -54.4808
LOG (gmm-acc-mllt[5.5.907~1-cbed4]:main():gmm-acc-mllt.cc:108) Average like for this file is -52.5669 over 499 frames.
LOG (gmm-acc-mllt[5.5.907~1-cbed4]:main():gmm-acc-mllt.cc:108) Average like for this file is -52.0243 over 426 frames.
LOG (gmm-acc-mllt[5.5.907~1-cbed4]:main():gmm-acc-mllt.cc:108) Average like for this file is -51.4175 over 436 frames.
LOG (gmm-acc-mllt[5.5.907~1-cbed4]:main():gmm-acc-mllt.cc:108) Average like for this file is -53.9236 over 453 frames.
LOG (gmm-acc-mllt[5.5.907~1-cbed4]:main():gmm-acc-mllt.cc:108) Average like for this file is -54.4495 over 653 frames.
LOG (gmm-acc-mllt[5.5.907~1-cbed4]:main():gmm-acc-mllt.cc:108) Average like for this file is -54.3551 over 632 frames.
LOG (gmm-acc-mllt[5.5.907~1-cbed4]:main():gmm-acc-mllt.cc:108) Average like for this file is -52.8403 over 747 frames.
LOG (gmm-acc-mllt[5.5.907~1-cbed4]:main():gmm-acc-mllt.cc:108) Average like for this file is -52.4648 over 455 frames.
LOG (gmm-acc-mllt[5.5.907~1-cbed4]:main():gmm-acc-mllt.cc:108) Average like for this file is -54.5107 over 418 frames.
LOG (gmm-acc-mllt[5.5.907~1-cbed4]:main():gmm-acc-mllt.cc:108) Average like for this file is -54.8045 over 426 frames.
LOG (gmm-acc-mllt[5.5.907~1-cbed4]:main():gmm-acc-mllt.cc:114) Avg like per frame so far is -54.4604
LOG (gmm-acc-mllt[5.5.907~1-cbed4]:main():gmm-acc-mllt.cc:108) Average like for this file is -52.1972 over 495 frames.
LOG (gmm-acc-mllt[5.5.907~1-cbed4]:main():gmm-acc-mllt.cc:108) Average like for this file is -53.2735 over 262 frames.
LOG (gmm-acc-mllt[5.5.907~1-cbed4]:main():gmm-acc-mllt.cc:108) Average like for this file is -50.841 over 455 frames.
LOG (gmm-acc-mllt[5.5.907~1-cbed4]:main():gmm-acc-mllt.cc:108) Average like for this file is -50.7518 over 528 frames.
LOG (gmm-acc-mllt[5.5.907~1-cbed4]:main():gmm-acc-mllt.cc:108) Average like for this file is -50.7575 over 535 frames.
LOG (gmm-acc-mllt[5.5.907~1-cbed4]:main():gmm-acc-mllt.cc:108) Average like for this file is -53.616 over 513 frames.
LOG (gmm-acc-mllt[5.5.907~1-cbed4]:main():gmm-acc-mllt.cc:108) Average like for this file is -52.4779 over 598 frames.
LOG (gmm-acc-mllt[5.5.907~1-cbed4]:main():gmm-acc-mllt.cc:108) Average like for this file is -53.1402 over 442 frames.
LOG (gmm-acc-mllt[5.5.907~1-cbed4]:main():gmm-acc-mllt.cc:108) Average like for this file is -54.225 over 405 frames.
LOG (gmm-acc-mllt[5.5.907~1-cbed4]:main():gmm-acc-mllt.cc:108) Average like for this file is -55.719 over 348 frames.
LOG (gmm-acc-mllt[5.5.907~1-cbed4]:main():gmm-acc-mllt.cc:114) Avg like per frame so far is -54.4289
LOG (gmm-acc-mllt[5.5.907~1-cbed4]:main():gmm-acc-mllt.cc:108) Average like for this file is -56.5497 over 497 frames.
LOG (gmm-acc-mllt[5.5.907~1-cbed4]:main():gmm-acc-mllt.cc:108) Average like for this file is -51.0216 over 394 frames.
LOG (gmm-acc-mllt[5.5.907~1-cbed4]:main():gmm-acc-mllt.cc:108) Average like for this file is -55.114 over 496 frames.
LOG (gmm-acc-mllt[5.5.907~1-cbed4]:main():gmm-acc-mllt.cc:108) Average like for this file is -53.5319 over 725 frames.
LOG (gmm-acc-mllt[5.5.907~1-cbed4]:main():gmm-acc-mllt.cc:108) Average like for this file is -52.3328 over 650 frames.
LOG (gmm-acc-mllt[5.5.907~1-cbed4]:main():gmm-acc-mllt.cc:108) Average like for this file is -54.7617 over 500 frames.
LOG (gmm-acc-mllt[5.5.907~1-cbed4]:main():gmm-acc-mllt.cc:108) Average like for this file is -54.172 over 619 frames.
LOG (gmm-acc-mllt[5.5.907~1-cbed4]:main():gmm-acc-mllt.cc:108) Average like for this file is -55.3967 over 523 frames.
LOG (gmm-acc-mllt[5.5.907~1-cbed4]:main():gmm-acc-mllt.cc:108) Average like for this file is -53.9389 over 663 frames.
LOG (gmm-acc-mllt[5.5.907~1-cbed4]:main():gmm-acc-mllt.cc:108) Average like for this file is -56.3704 over 324 frames.
LOG (gmm-acc-mllt[5.5.907~1-cbed4]:main():gmm-acc-mllt.cc:114) Avg like per frame so far is -54.4249
LOG (gmm-acc-mllt[5.5.907~1-cbed4]:main():gmm-acc-mllt.cc:108) Average like for this file is -54.1928 over 638 frames.
LOG (gmm-acc-mllt[5.5.907~1-cbed4]:main():gmm-acc-mllt.cc:108) Average like for this file is -51.8343 over 463 frames.
LOG (gmm-acc-mllt[5.5.907~1-cbed4]:main():gmm-acc-mllt.cc:108) Average like for this file is -53.8183 over 426 frames.
LOG (gmm-acc-mllt[5.5.907~1-cbed4]:main():gmm-acc-mllt.cc:108) Average like for this file is -53.841 over 414 frames.
LOG (gmm-acc-mllt[5.5.907~1-cbed4]:main():gmm-acc-mllt.cc:108) Average like for this file is -56.4109 over 631 frames.
LOG (gmm-acc-mllt[5.5.907~1-cbed4]:main():gmm-acc-mllt.cc:108) Average like for this file is -55.3003 over 637 frames.
LOG (gmm-acc-mllt[5.5.907~1-cbed4]:main():gmm-acc-mllt.cc:108) Average like for this file is -54.7282 over 530 frames.
LOG (gmm-acc-mllt[5.5.907~1-cbed4]:main():gmm-acc-mllt.cc:108) Average like for this file is -54.3431 over 464 frames.
LOG (gmm-acc-mllt[5.5.907~1-cbed4]:main():gmm-acc-mllt.cc:108) Average like for this file is -53.9649 over 448 frames.
LOG (gmm-acc-mllt[5.5.907~1-cbed4]:main():gmm-acc-mllt.cc:108) Average like for this file is -55.0337 over 654 frames.
LOG (gmm-acc-mllt[5.5.907~1-cbed4]:main():gmm-acc-mllt.cc:114) Avg like per frame so far is -54.4259
LOG (gmm-acc-mllt[5.5.907~1-cbed4]:main():gmm-acc-mllt.cc:108) Average like for this file is -51.9764 over 517 frames.
LOG (gmm-acc-mllt[5.5.907~1-cbed4]:main():gmm-acc-mllt.cc:108) Average like for this file is -55.2857 over 528 frames.
LOG (gmm-acc-mllt[5.5.907~1-cbed4]:main():gmm-acc-mllt.cc:108) Average like for this file is -54.1652 over 654 frames.
LOG (gmm-acc-mllt[5.5.907~1-cbed4]:main():gmm-acc-mllt.cc:108) Average like for this file is -52.0582 over 623 frames.
LOG (gmm-acc-mllt[5.5.907~1-cbed4]:main():gmm-acc-mllt.cc:108) Average like for this file is -54.0861 over 517 frames.
LOG (gmm-acc-mllt[5.5.907~1-cbed4]:main():gmm-acc-mllt.cc:108) Average like for this file is -55.4836 over 439 frames.
LOG (gmm-acc-mllt[5.5.907~1-cbed4]:main():gmm-acc-mllt.cc:108) Average like for this file is -53.9147 over 427 frames.
LOG (gmm-acc-mllt[5.5.907~1-cbed4]:main():gmm-acc-mllt.cc:108) Average like for this file is -55.1104 over 704 frames.
LOG (gmm-acc-mllt[5.5.907~1-cbed4]:main():gmm-acc-mllt.cc:108) Average like for this file is -56.1975 over 474 frames.
LOG (gmm-acc-mllt[5.5.907~1-cbed4]:main():gmm-acc-mllt.cc:108) Average like for this file is -59.7032 over 514 frames.
LOG (gmm-acc-mllt[5.5.907~1-cbed4]:main():gmm-acc-mllt.cc:114) Avg like per frame so far is -54.4314
LOG (gmm-acc-mllt[5.5.907~1-cbed4]:main():gmm-acc-mllt.cc:108) Average like for this file is -55.5666 over 553 frames.
LOG (gmm-acc-mllt[5.5.907~1-cbed4]:main():gmm-acc-mllt.cc:108) Average like for this file is -55.5412 over 438 frames.
LOG (gmm-acc-mllt[5.5.907~1-cbed4]:main():gmm-acc-mllt.cc:108) Average like for this file is -53.698 over 611 frames.
LOG (gmm-acc-mllt[5.5.907~1-cbed4]:main():gmm-acc-mllt.cc:108) Average like for this file is -54.3751 over 416 frames.
LOG (gmm-acc-mllt[5.5.907~1-cbed4]:main():gmm-acc-mllt.cc:108) Average like for this file is -51.8422 over 467 frames.
LOG (gmm-acc-mllt[5.5.907~1-cbed4]:main():gmm-acc-mllt.cc:108) Average like for this file is -54.7207 over 424 frames.
LOG (gmm-acc-mllt[5.5.907~1-cbed4]:main():gmm-acc-mllt.cc:108) Average like for this file is -51.9743 over 533 frames.
LOG (gmm-acc-mllt[5.5.907~1-cbed4]:main():gmm-acc-mllt.cc:108) Average like for this file is -53.5281 over 484 frames.
LOG (gmm-acc-mllt[5.5.907~1-cbed4]:main():gmm-acc-mllt.cc:108) Average like for this file is -55.3102 over 321 frames.
LOG (gmm-acc-mllt[5.5.907~1-cbed4]:main():gmm-acc-mllt.cc:108) Average like for this file is -53.9594 over 483 frames.
LOG (gmm-acc-mllt[5.5.907~1-cbed4]:main():gmm-acc-mllt.cc:114) Avg like per frame so far is -54.4243
LOG (gmm-acc-mllt[5.5.907~1-cbed4]:main():gmm-acc-mllt.cc:108) Average like for this file is -52.6056 over 557 frames.
LOG (gmm-acc-mllt[5.5.907~1-cbed4]:main():gmm-acc-mllt.cc:108) Average like for this file is -52.7225 over 629 frames.
LOG (gmm-acc-mllt[5.5.907~1-cbed4]:main():gmm-acc-mllt.cc:108) Average like for this file is -54.3282 over 444 frames.
LOG (gmm-acc-mllt[5.5.907~1-cbed4]:main():gmm-acc-mllt.cc:108) Average like for this file is -53.2795 over 518 frames.
LOG (gmm-acc-mllt[5.5.907~1-cbed4]:main():gmm-acc-mllt.cc:108) Average like for this file is -53.844 over 462 frames.
LOG (gmm-acc-mllt[5.5.907~1-cbed4]:main():gmm-acc-mllt.cc:108) Average like for this file is -52.5462 over 442 frames.
LOG (gmm-acc-mllt[5.5.907~1-cbed4]:main():gmm-acc-mllt.cc:108) Average like for this file is -53.3013 over 620 frames.
LOG (gmm-acc-mllt[5.5.907~1-cbed4]:main():gmm-acc-mllt.cc:108) Average like for this file is -57.5269 over 489 frames.
LOG (gmm-acc-mllt[5.5.907~1-cbed4]:main():gmm-acc-mllt.cc:108) Average like for this file is -53.9658 over 527 frames.
LOG (gmm-acc-mllt[5.5.907~1-cbed4]:main():gmm-acc-mllt.cc:108) Average like for this file is -57.9764 over 329 frames.
LOG (gmm-acc-mllt[5.5.907~1-cbed4]:main():gmm-acc-mllt.cc:114) Avg like per frame so far is -54.4176
LOG (gmm-acc-mllt[5.5.907~1-cbed4]:main():gmm-acc-mllt.cc:108) Average like for this file is -53.7522 over 566 frames.
LOG (gmm-acc-mllt[5.5.907~1-cbed4]:main():gmm-acc-mllt.cc:108) Average like for this file is -51.9526 over 298 frames.
LOG (gmm-acc-mllt[5.5.907~1-cbed4]:main():gmm-acc-mllt.cc:108) Average like for this file is -54.3251 over 457 frames.
LOG (gmm-acc-mllt[5.5.907~1-cbed4]:main():gmm-acc-mllt.cc:108) Average like for this file is -56.7003 over 444 frames.
LOG (gmm-acc-mllt[5.5.907~1-cbed4]:main():gmm-acc-mllt.cc:108) Average like for this file is -54.2917 over 301 frames.
LOG (gmm-acc-mllt[5.5.907~1-cbed4]:main():gmm-acc-mllt.cc:108) Average like for this file is -59.804 over 333 frames.
LOG (gmm-acc-mllt[5.5.907~1-cbed4]:main():gmm-acc-mllt.cc:108) Average like for this file is -53.2382 over 395 frames.
LOG (gmm-acc-mllt[5.5.907~1-cbed4]:main():gmm-acc-mllt.cc:108) Average like for this file is -54.1338 over 445 frames.
LOG (gmm-acc-mllt[5.5.907~1-cbed4]:main():gmm-acc-mllt.cc:108) Average like for this file is -54.956 over 372 frames.
LOG (gmm-acc-mllt[5.5.907~1-cbed4]:main():gmm-acc-mllt.cc:108) Average like for this file is -58.9878 over 386 frames.
LOG (gmm-acc-mllt[5.5.907~1-cbed4]:main():gmm-acc-mllt.cc:114) Avg like per frame so far is -54.4272
LOG (gmm-acc-mllt[5.5.907~1-cbed4]:main():gmm-acc-mllt.cc:108) Average like for this file is -54.7848 over 645 frames.
LOG (gmm-acc-mllt[5.5.907~1-cbed4]:main():gmm-acc-mllt.cc:108) Average like for this file is -50.8843 over 483 frames.
LOG (gmm-acc-mllt[5.5.907~1-cbed4]:main():gmm-acc-mllt.cc:108) Average like for this file is -53.2685 over 429 frames.
LOG (gmm-acc-mllt[5.5.907~1-cbed4]:main():gmm-acc-mllt.cc:108) Average like for this file is -52.9785 over 521 frames.
LOG (gmm-acc-mllt[5.5.907~1-cbed4]:main():gmm-acc-mllt.cc:108) Average like for this file is -56.4981 over 443 frames.
LOG (gmm-acc-mllt[5.5.907~1-cbed4]:main():gmm-acc-mllt.cc:108) Average like for this file is -54.0793 over 505 frames.
LOG (gmm-acc-mllt[5.5.907~1-cbed4]:main():gmm-acc-mllt.cc:108) Average like for this file is -53.8088 over 520 frames.
LOG (gmm-acc-mllt[5.5.907~1-cbed4]:main():gmm-acc-mllt.cc:108) Average like for this file is -53.0415 over 705 frames.
LOG (gmm-acc-mllt[5.5.907~1-cbed4]:main():gmm-acc-mllt.cc:108) Average like for this file is -57.2243 over 481 frames.
LOG (gmm-acc-mllt[5.5.907~1-cbed4]:main():gmm-acc-mllt.cc:108) Average like for this file is -52.518 over 681 frames.
LOG (gmm-acc-mllt[5.5.907~1-cbed4]:main():gmm-acc-mllt.cc:114) Avg like per frame so far is -54.417
LOG (gmm-acc-mllt[5.5.907~1-cbed4]:main():gmm-acc-mllt.cc:108) Average like for this file is -53.507 over 670 frames.
LOG (gmm-acc-mllt[5.5.907~1-cbed4]:main():gmm-acc-mllt.cc:108) Average like for this file is -54.3065 over 853 frames.
LOG (gmm-acc-mllt[5.5.907~1-cbed4]:main():gmm-acc-mllt.cc:108) Average like for this file is -53.3481 over 681 frames.
LOG (gmm-acc-mllt[5.5.907~1-cbed4]:main():gmm-acc-mllt.cc:108) Average like for this file is -55.0112 over 589 frames.
LOG (gmm-acc-mllt[5.5.907~1-cbed4]:main():gmm-acc-mllt.cc:108) Average like for this file is -52.7425 over 453 frames.
LOG (gmm-acc-mllt[5.5.907~1-cbed4]:main():gmm-acc-mllt.cc:108) Average like for this file is -51.5791 over 529 frames.
LOG (gmm-acc-mllt[5.5.907~1-cbed4]:main():gmm-acc-mllt.cc:108) Average like for this file is -51.291 over 343 frames.
LOG (gmm-acc-mllt[5.5.907~1-cbed4]:main():gmm-acc-mllt.cc:108) Average like for this file is -52.967 over 457 frames.
LOG (gmm-acc-mllt[5.5.907~1-cbed4]:main():gmm-acc-mllt.cc:108) Average like for this file is -52.1257 over 492 frames.
LOG (gmm-acc-mllt[5.5.907~1-cbed4]:main():gmm-acc-mllt.cc:108) Average like for this file is -54.0313 over 575 frames.
LOG (gmm-acc-mllt[5.5.907~1-cbed4]:main():gmm-acc-mllt.cc:114) Avg like per frame so far is -54.3971
LOG (gmm-acc-mllt[5.5.907~1-cbed4]:main():gmm-acc-mllt.cc:108) Average like for this file is -52.6977 over 470 frames.
LOG (gmm-acc-mllt[5.5.907~1-cbed4]:main():gmm-acc-mllt.cc:108) Average like for this file is -54.3546 over 579 frames.
LOG (gmm-acc-mllt[5.5.907~1-cbed4]:main():gmm-acc-mllt.cc:108) Average like for this file is -53.5255 over 297 frames.
LOG (gmm-acc-mllt[5.5.907~1-cbed4]:main():gmm-acc-mllt.cc:108) Average like for this file is -53.1514 over 429 frames.
LOG (gmm-acc-mllt[5.5.907~1-cbed4]:main():gmm-acc-mllt.cc:108) Average like for this file is -50.2787 over 806 frames.
LOG (gmm-acc-mllt[5.5.907~1-cbed4]:main():gmm-acc-mllt.cc:108) Average like for this file is -53.1189 over 778 frames.
LOG (gmm-acc-mllt[5.5.907~1-cbed4]:main():gmm-acc-mllt.cc:108) Average like for this file is -51.6601 over 494 frames.
LOG (gmm-acc-mllt[5.5.907~1-cbed4]:main():gmm-acc-mllt.cc:108) Average like for this file is -52.162 over 609 frames.
LOG (gmm-acc-mllt[5.5.907~1-cbed4]:main():gmm-acc-mllt.cc:108) Average like for this file is -53.2917 over 331 frames.
LOG (gmm-acc-mllt[5.5.907~1-cbed4]:main():gmm-acc-mllt.cc:108) Average like for this file is -51.3155 over 642 frames.
LOG (gmm-acc-mllt[5.5.907~1-cbed4]:main():gmm-acc-mllt.cc:114) Avg like per frame so far is -54.3636
LOG (gmm-acc-mllt[5.5.907~1-cbed4]:main():gmm-acc-mllt.cc:108) Average like for this file is -51.285 over 644 frames.
LOG (gmm-acc-mllt[5.5.907~1-cbed4]:main():gmm-acc-mllt.cc:108) Average like for this file is -51.5321 over 565 frames.
LOG (gmm-acc-mllt[5.5.907~1-cbed4]:main():gmm-acc-mllt.cc:108) Average like for this file is -49.6237 over 423 frames.
LOG (gmm-acc-mllt[5.5.907~1-cbed4]:main():gmm-acc-mllt.cc:108) Average like for this file is -55.9699 over 652 frames.
LOG (gmm-acc-mllt[5.5.907~1-cbed4]:main():gmm-acc-mllt.cc:108) Average like for this file is -58.7337 over 529 frames.
LOG (gmm-acc-mllt[5.5.907~1-cbed4]:main():gmm-acc-mllt.cc:108) Average like for this file is -55.3428 over 335 frames.
LOG (gmm-acc-mllt[5.5.907~1-cbed4]:main():gmm-acc-mllt.cc:108) Average like for this file is -52.2 over 623 frames.
LOG (gmm-acc-mllt[5.5.907~1-cbed4]:main():gmm-acc-mllt.cc:108) Average like for this file is -54.5028 over 506 frames.
LOG (gmm-acc-mllt[5.5.907~1-cbed4]:main():gmm-acc-mllt.cc:108) Average like for this file is -54.5553 over 632 frames.
LOG (gmm-acc-mllt[5.5.907~1-cbed4]:main():gmm-acc-mllt.cc:108) Average like for this file is -57.1417 over 437 frames.
LOG (gmm-acc-mllt[5.5.907~1-cbed4]:main():gmm-acc-mllt.cc:114) Avg like per frame so far is -54.3581
LOG (gmm-acc-mllt[5.5.907~1-cbed4]:main():gmm-acc-mllt.cc:108) Average like for this file is -56.6791 over 631 frames.
LOG (gmm-acc-mllt[5.5.907~1-cbed4]:main():gmm-acc-mllt.cc:108) Average like for this file is -53.6146 over 762 frames.
LOG (gmm-acc-mllt[5.5.907~1-cbed4]:main():gmm-acc-mllt.cc:108) Average like for this file is -54.6265 over 706 frames.
LOG (gmm-acc-mllt[5.5.907~1-cbed4]:main():gmm-acc-mllt.cc:108) Average like for this file is -55.7151 over 386 frames.
LOG (gmm-acc-mllt[5.5.907~1-cbed4]:main():gmm-acc-mllt.cc:108) Average like for this file is -55.7246 over 534 frames.
LOG (gmm-acc-mllt[5.5.907~1-cbed4]:main():gmm-acc-mllt.cc:108) Average like for this file is -55.4732 over 464 frames.
LOG (gmm-acc-mllt[5.5.907~1-cbed4]:main():gmm-acc-mllt.cc:108) Average like for this file is -54.2881 over 496 frames.
LOG (gmm-acc-mllt[5.5.907~1-cbed4]:main():gmm-acc-mllt.cc:108) Average like for this file is -52.9187 over 560 frames.
LOG (gmm-acc-mllt[5.5.907~1-cbed4]:main():gmm-acc-mllt.cc:108) Average like for this file is -53.7777 over 660 frames.
LOG (gmm-acc-mllt[5.5.907~1-cbed4]:main():gmm-acc-mllt.cc:108) Average like for this file is -54.672 over 581 frames.
LOG (gmm-acc-mllt[5.5.907~1-cbed4]:main():gmm-acc-mllt.cc:114) Avg like per frame so far is -54.3635
LOG (gmm-acc-mllt[5.5.907~1-cbed4]:main():gmm-acc-mllt.cc:108) Average like for this file is -56.0663 over 380 frames.
LOG (gmm-acc-mllt[5.5.907~1-cbed4]:main():gmm-acc-mllt.cc:108) Average like for this file is -57.3811 over 438 frames.
LOG (gmm-acc-mllt[5.5.907~1-cbed4]:main():gmm-acc-mllt.cc:108) Average like for this file is -57.497 over 513 frames.
LOG (gmm-acc-mllt[5.5.907~1-cbed4]:main():gmm-acc-mllt.cc:108) Average like for this file is -59.5802 over 552 frames.
LOG (gmm-acc-mllt[5.5.907~1-cbed4]:main():gmm-acc-mllt.cc:108) Average like for this file is -58.1736 over 437 frames.
LOG (gmm-acc-mllt[5.5.907~1-cbed4]:main():gmm-acc-mllt.cc:108) Average like for this file is -56.1777 over 482 frames.
LOG (gmm-acc-mllt[5.5.907~1-cbed4]:main():gmm-acc-mllt.cc:108) Average like for this file is -57.8835 over 302 frames.
LOG (gmm-acc-mllt[5.5.907~1-cbed4]:main():gmm-acc-mllt.cc:108) Average like for this file is -57.5546 over 338 frames.
LOG (gmm-acc-mllt[5.5.907~1-cbed4]:main():gmm-acc-mllt.cc:108) Average like for this file is -57.156 over 413 frames.
LOG (gmm-acc-mllt[5.5.907~1-cbed4]:main():gmm-acc-mllt.cc:108) Average like for this file is -57.3133 over 519 frames.
LOG (gmm-acc-mllt[5.5.907~1-cbed4]:main():gmm-acc-mllt.cc:114) Avg like per frame so far is -54.4036
LOG (gmm-acc-mllt[5.5.907~1-cbed4]:main():gmm-acc-mllt.cc:108) Average like for this file is -54.9352 over 444 frames.
LOG (gmm-acc-mllt[5.5.907~1-cbed4]:main():gmm-acc-mllt.cc:108) Average like for this file is -58.2196 over 514 frames.
LOG (gmm-acc-mllt[5.5.907~1-cbed4]:main():gmm-acc-mllt.cc:108) Average like for this file is -55.4677 over 475 frames.
LOG (gmm-acc-mllt[5.5.907~1-cbed4]:main():gmm-acc-mllt.cc:108) Average like for this file is -58.6694 over 538 frames.
LOG (gmm-acc-mllt[5.5.907~1-cbed4]:main():gmm-acc-mllt.cc:108) Average like for this file is -59.339 over 354 frames.
LOG (gmm-acc-mllt[5.5.907~1-cbed4]:main():gmm-acc-mllt.cc:108) Average like for this file is -58.5393 over 518 frames.
LOG (gmm-acc-mllt[5.5.907~1-cbed4]:main():gmm-acc-mllt.cc:108) Average like for this file is -55.4155 over 400 frames.
LOG (gmm-acc-mllt[5.5.907~1-cbed4]:main():gmm-acc-mllt.cc:108) Average like for this file is -57.0277 over 392 frames.
LOG (gmm-acc-mllt[5.5.907~1-cbed4]:main():gmm-acc-mllt.cc:108) Average like for this file is -56.3467 over 543 frames.
LOG (gmm-acc-mllt[5.5.907~1-cbed4]:main():gmm-acc-mllt.cc:108) Average like for this file is -56.1345 over 251 frames.
LOG (gmm-acc-mllt[5.5.907~1-cbed4]:main():gmm-acc-mllt.cc:114) Avg like per frame so far is -54.4375
LOG (gmm-acc-mllt[5.5.907~1-cbed4]:main():gmm-acc-mllt.cc:108) Average like for this file is -54.1885 over 305 frames.
LOG (gmm-acc-mllt[5.5.907~1-cbed4]:main():gmm-acc-mllt.cc:108) Average like for this file is -56.3269 over 359 frames.
LOG (gmm-acc-mllt[5.5.907~1-cbed4]:main():gmm-acc-mllt.cc:108) Average like for this file is -55.1843 over 540 frames.
LOG (gmm-acc-mllt[5.5.907~1-cbed4]:main():gmm-acc-mllt.cc:108) Average like for this file is -53.1232 over 628 frames.
LOG (gmm-acc-mllt[5.5.907~1-cbed4]:main():gmm-acc-mllt.cc:108) Average like for this file is -54.0335 over 359 frames.
LOG (gmm-acc-mllt[5.5.907~1-cbed4]:main():gmm-acc-mllt.cc:108) Average like for this file is -55.2242 over 405 frames.
LOG (gmm-acc-mllt[5.5.907~1-cbed4]:main():gmm-acc-mllt.cc:108) Average like for this file is -57.7974 over 368 frames.
LOG (gmm-acc-mllt[5.5.907~1-cbed4]:main():gmm-acc-mllt.cc:108) Average like for this file is -56.757 over 585 frames.
LOG (gmm-acc-mllt[5.5.907~1-cbed4]:main():gmm-acc-mllt.cc:108) Average like for this file is -58.6851 over 431 frames.
LOG (gmm-acc-mllt[5.5.907~1-cbed4]:main():gmm-acc-mllt.cc:108) Average like for this file is -52.6441 over 423 frames.
LOG (gmm-acc-mllt[5.5.907~1-cbed4]:main():gmm-acc-mllt.cc:114) Avg like per frame so far is -54.4489
LOG (gmm-acc-mllt[5.5.907~1-cbed4]:main():gmm-acc-mllt.cc:108) Average like for this file is -59.9118 over 566 frames.
LOG (gmm-acc-mllt[5.5.907~1-cbed4]:main():gmm-acc-mllt.cc:108) Average like for this file is -58.3722 over 472 frames.
LOG (gmm-acc-mllt[5.5.907~1-cbed4]:main():gmm-acc-mllt.cc:108) Average like for this file is -58.2579 over 412 frames.
LOG (gmm-acc-mllt[5.5.907~1-cbed4]:main():gmm-acc-mllt.cc:108) Average like for this file is -62.5903 over 519 frames.
LOG (gmm-acc-mllt[5.5.907~1-cbed4]:main():gmm-acc-mllt.cc:108) Average like for this file is -54.4701 over 421 frames.
LOG (gmm-acc-mllt[5.5.907~1-cbed4]:main():gmm-acc-mllt.cc:108) Average like for this file is -58.1003 over 457 frames.
LOG (gmm-acc-mllt[5.5.907~1-cbed4]:main():gmm-acc-mllt.cc:108) Average like for this file is -55.7987 over 750 frames.
LOG (gmm-acc-mllt[5.5.907~1-cbed4]:main():gmm-acc-mllt.cc:108) Average like for this file is -59.3842 over 698 frames.
LOG (gmm-acc-mllt[5.5.907~1-cbed4]:main():gmm-acc-mllt.cc:108) Average like for this file is -59.5907 over 324 frames.
LOG (gmm-acc-mllt[5.5.907~1-cbed4]:main():gmm-acc-mllt.cc:108) Average like for this file is -54.4628 over 509 frames.
LOG (gmm-acc-mllt[5.5.907~1-cbed4]:main():gmm-acc-mllt.cc:114) Avg like per frame so far is -54.5007
LOG (gmm-acc-mllt[5.5.907~1-cbed4]:main():gmm-acc-mllt.cc:108) Average like for this file is -53.5491 over 485 frames.
LOG (gmm-acc-mllt[5.5.907~1-cbed4]:main():gmm-acc-mllt.cc:108) Average like for this file is -56.1077 over 544 frames.
LOG (gmm-acc-mllt[5.5.907~1-cbed4]:main():gmm-acc-mllt.cc:108) Average like for this file is -56.3018 over 479 frames.
LOG (gmm-acc-mllt[5.5.907~1-cbed4]:main():gmm-acc-mllt.cc:108) Average like for this file is -53.2494 over 400 frames.
LOG (gmm-acc-mllt[5.5.907~1-cbed4]:main():gmm-acc-mllt.cc:108) Average like for this file is -55.8228 over 324 frames.
LOG (gmm-acc-mllt[5.5.907~1-cbed4]:main():gmm-acc-mllt.cc:108) Average like for this file is -56.5384 over 545 frames.
LOG (gmm-acc-mllt[5.5.907~1-cbed4]:main():gmm-acc-mllt.cc:108) Average like for this file is -54.5884 over 629 frames.
LOG (gmm-acc-mllt[5.5.907~1-cbed4]:main():gmm-acc-mllt.cc:108) Average like for this file is -54.7978 over 629 frames.
LOG (gmm-acc-mllt[5.5.907~1-cbed4]:main():gmm-acc-mllt.cc:108) Average like for this file is -54.3783 over 543 frames.
LOG (gmm-acc-mllt[5.5.907~1-cbed4]:main():gmm-acc-mllt.cc:108) Average like for this file is -54.7279 over 274 frames.
LOG (gmm-acc-mllt[5.5.907~1-cbed4]:main():gmm-acc-mllt.cc:114) Avg like per frame so far is -54.5078
LOG (gmm-acc-mllt[5.5.907~1-cbed4]:main():gmm-acc-mllt.cc:108) Average like for this file is -52.2712 over 491 frames.
LOG (gmm-acc-mllt[5.5.907~1-cbed4]:main():gmm-acc-mllt.cc:108) Average like for this file is -54.8973 over 528 frames.
LOG (ali-to-post[5.5.907~1-cbed4]:main():ali-to-post.cc:73) Converted 708 alignments.
LOG (gmm-acc-mllt[5.5.907~1-cbed4]:main():gmm-acc-mllt.cc:108) Average like for this file is -53.5897 over 365 frames.
LOG (gmm-acc-mllt[5.5.907~1-cbed4]:main():gmm-acc-mllt.cc:108) Average like for this file is -52.6299 over 497 frames.
LOG (gmm-acc-mllt[5.5.907~1-cbed4]:main():gmm-acc-mllt.cc:108) Average like for this file is -51.7491 over 456 frames.
LOG (gmm-acc-mllt[5.5.907~1-cbed4]:main():gmm-acc-mllt.cc:108) Average like for this file is -51.6552 over 464 frames.
LOG (gmm-acc-mllt[5.5.907~1-cbed4]:main():gmm-acc-mllt.cc:108) Average like for this file is -51.6246 over 391 frames.
LOG (gmm-acc-mllt[5.5.907~1-cbed4]:main():gmm-acc-mllt.cc:108) Average like for this file is -52.6208 over 390 frames.
LOG (gmm-acc-mllt[5.5.907~1-cbed4]:main():gmm-acc-mllt.cc:108) Average like for this file is -52.2735 over 485 frames.
LOG (gmm-acc-mllt[5.5.907~1-cbed4]:main():gmm-acc-mllt.cc:108) Average like for this file is -53.5847 over 457 frames.
LOG (gmm-acc-mllt[5.5.907~1-cbed4]:main():gmm-acc-mllt.cc:114) Avg like per frame so far is -54.4857
LOG (weight-silence-post[5.5.907~1-cbed4]:main():weight-silence-post.cc:95) Done 708 posteriors.
LOG (gmm-acc-mllt[5.5.907~1-cbed4]:main():gmm-acc-mllt.cc:108) Average like for this file is -51.2732 over 606 frames.
LOG (gmm-acc-mllt[5.5.907~1-cbed4]:main():gmm-acc-mllt.cc:108) Average like for this file is -53.1885 over 470 frames.
LOG (gmm-acc-mllt[5.5.907~1-cbed4]:main():gmm-acc-mllt.cc:108) Average like for this file is -54.3255 over 390 frames.
LOG (apply-cmvn[5.5.907~1-cbed4]:main():apply-cmvn.cc:162) Applied cepstral mean normalization to 708 utterances, errors on 0
LOG (gmm-acc-mllt[5.5.907~1-cbed4]:main():gmm-acc-mllt.cc:108) Average like for this file is -53.1043 over 507 frames.
LOG (gmm-acc-mllt[5.5.907~1-cbed4]:main():gmm-acc-mllt.cc:108) Average like for this file is -53.4709 over 401 frames.
LOG (gmm-acc-mllt[5.5.907~1-cbed4]:main():gmm-acc-mllt.cc:108) Average like for this file is -54.532 over 316 frames.
LOG (gmm-acc-mllt[5.5.907~1-cbed4]:main():gmm-acc-mllt.cc:108) Average like for this file is -51.9745 over 337 frames.
LOG (transform-feats[5.5.907~1-cbed4]:main():transform-feats.cc:158) Overall average [pseudo-]logdet is -87.1334 over 476113 frames.
LOG (transform-feats[5.5.907~1-cbed4]:main():transform-feats.cc:161) Applied transform to 708 utterances; 0 had errors.
LOG (gmm-acc-mllt[5.5.907~1-cbed4]:main():gmm-acc-mllt.cc:108) Average like for this file is -54.0636 over 470 frames.
LOG (gmm-acc-mllt[5.5.907~1-cbed4]:main():gmm-acc-mllt.cc:119) Done 708 files, 0 with no posteriors, 0 with other errors.
LOG (gmm-acc-mllt[5.5.907~1-cbed4]:main():gmm-acc-mllt.cc:123) Overall avg like per frame (Gaussian only) = -54.4729 over 370791 frames.
LOG (gmm-acc-mllt[5.5.907~1-cbed4]:main():gmm-acc-mllt.cc:127) Written accs.
# Accounting: time=6 threads=1
# Ended (code 0) at Thu Apr 22 14:35:13 PKT 2021, elapsed time 6 seconds
