# gmm-est --write-occs=exp/tri3a/22.occs --mix-up=16700 --power=0.25 exp/tri3a/21.mdl "gmm-sum-accs - exp/tri3a/21.*.acc |" exp/tri3a/22.mdl 
# Started at Thu Apr 22 14:37:44 PKT 2021
#
gmm-est --write-occs=exp/tri3a/22.occs --mix-up=16700 --power=0.25 exp/tri3a/21.mdl 'gmm-sum-accs - exp/tri3a/21.*.acc |' exp/tri3a/22.mdl 
gmm-sum-accs - exp/tri3a/21.1.acc exp/tri3a/21.2.acc exp/tri3a/21.3.acc 
LOG (gmm-sum-accs[5.5.907~1-cbed4]:main():gmm-sum-accs.cc:63) Summed 3 stats, total count 1.65798e+06, avg like/frame -47.3601
LOG (gmm-sum-accs[5.5.907~1-cbed4]:main():gmm-sum-accs.cc:66) Total count of stats is 1.65798e+06
LOG (gmm-sum-accs[5.5.907~1-cbed4]:main():gmm-sum-accs.cc:67) Written stats to -
LOG (gmm-est[5.5.907~1-cbed4]:MleUpdate():transition-model.cc:528) TransitionModel::Update, objf change is 0 per frame over 1.65798e+06 frames. 
LOG (gmm-est[5.5.907~1-cbed4]:MleUpdate():transition-model.cc:531) 96 probabilities floored, 5861 out of 10703 transition-states skipped due to insuffient data (it is normal to have some skipped.)
LOG (gmm-est[5.5.907~1-cbed4]:main():gmm-est.cc:102) Transition model update: Overall 0 log-like improvement per frame over 1.65798e+06 frames.
WARNING (gmm-est[5.5.907~1-cbed4]:MleDiagGmmUpdate():mle-diag-gmm.cc:365) Gaussian has too little data but not removing it because it is the last Gaussian: i = 0, occ = 0, weight = 1
WARNING (gmm-est[5.5.907~1-cbed4]:MleDiagGmmUpdate():mle-diag-gmm.cc:359) Too little data - removing Gaussian (weight 0.108696, occupation count 9.999999, vector size 40)
LOG (gmm-est[5.5.907~1-cbed4]:MleAmDiagGmmUpdate():mle-am-diag-gmm.cc:225) 0 variance elements floored in 0 Gaussians, out of 16046
LOG (gmm-est[5.5.907~1-cbed4]:MleAmDiagGmmUpdate():mle-am-diag-gmm.cc:229) Removed 1 Gaussians due to counts < --min-gaussian-occupancy=10 and --remove-low-count-gaussians=true
LOG (gmm-est[5.5.907~1-cbed4]:main():gmm-est.cc:113) GMM update: Overall 0.0660531 objective function improvement per frame over 1.65798e+06 frames
LOG (gmm-est[5.5.907~1-cbed4]:main():gmm-est.cc:116) GMM update: Overall avg like per frame = -47.3601 over 1.65798e+06 frames.
LOG (gmm-est[5.5.907~1-cbed4]:SplitByCount():am-diag-gmm.cc:116) Split 2680 states with target = 16700, power = 0.25, perturb_factor = 0.01 and min_count = 20, split #Gauss from 16046 to 16707
LOG (gmm-est[5.5.907~1-cbed4]:main():gmm-est.cc:146) Written model to exp/tri3a/22.mdl
# Accounting: time=1 threads=1
# Ended (code 0) at Thu Apr 22 14:37:45 PKT 2021, elapsed time 1 seconds
