# lattice-scale --inv-acoustic-scale=13 "ark:gunzip -c exp/tri3/decode/lat.*.gz|" ark:- | lattice-add-penalty --word-ins-penalty=0.5 ark:- ark:- | lattice-best-path --word-symbol-table=exp/tri3/graph/words.txt ark:- ark,t:- | utils/int2sym.pl -f 2- exp/tri3/graph/words.txt | cat > exp/tri3/decode/scoring_kaldi/penalty_0.5/13.txt 
# Started at Wed Apr 21 07:05:17 PKT 2021
#
lattice-scale --inv-acoustic-scale=13 'ark:gunzip -c exp/tri3/decode/lat.*.gz|' ark:- 
lattice-add-penalty --word-ins-penalty=0.5 ark:- ark:- 
lattice-best-path --word-symbol-table=exp/tri3/graph/words.txt ark:- ark,t:- 
LOG (lattice-best-path[5.5.907~1-cbed4]:main():lattice-best-path.cc:99) For utterance 20030005_601, best cost 284.276 + 5284.52 = 5568.8 over 1496 frames.
20030005_601 محبت رہا تک اونچی کے داغ کے کے لیے شو میں دہلی لنگر ای لہجے ہو در غیور کے پڑا والوں کو حدود کرنے لے گی 
LOG (lattice-best-path[5.5.907~1-cbed4]:main():lattice-best-path.cc:99) For utterance 20030005_602, best cost 364.297 + 7016.63 = 7380.92 over 2091 frames.
20030005_602 دل گروہ کے ایڈڈ ٹینک کے نرخوں اور کھیلے پر رکھے ہوے پڑھائی کے لوٹ بن فی شعری آلود آلود جا کے براوو کریم جیٹ کرنے کی شے در سے اعظم ہے 
LOG (lattice-best-path[5.5.907~1-cbed4]:main():lattice-best-path.cc:99) For utterance 20030005_603, best cost 269.179 + 5383.71 = 5652.89 over 1534 frames.
20030005_603 شاہ مسخ شو گھر اور نزلے کے بڑا سخت کے رتھ دیے عمل پر اٹھا تو تبدیلی نے بے کیسوں پر کرا بچار کیا 
LOG (lattice-best-path[5.5.907~1-cbed4]:main():lattice-best-path.cc:99) For utterance 20030005_604, best cost 229.922 + 5312.75 = 5542.67 over 1617 frames.
20030005_604 سے دی نے نہ پہلی کے دواؤں کی کر پر پڑی تو کہا اس تو چاہے کے اس کے نہ تلے دکھائیں 
LOG (lattice-best-path[5.5.907~1-cbed4]:main():lattice-best-path.cc:99) For utterance 20030005_605, best cost 148.91 + 2830.06 = 2978.97 over 734 frames.
20030005_605 سول ترشول بھائی چورنگی کے پیشن میں دھول پیر کر داخل دیتا ہے 
LOG (lattice-best-path[5.5.907~1-cbed4]:main():lattice-best-path.cc:99) For utterance 20030005_606, best cost 216.324 + 3780.91 = 3997.23 over 1080 frames.
20030005_606 نئے دین کے دماغی میں مآب لو وعید سے یہی عجلت بیویوں کے کا حفیظ کی بڑی تزئین لخت ہے 
LOG (lattice-best-path[5.5.907~1-cbed4]:main():lattice-best-path.cc:99) For utterance 20030005_607, best cost 134.571 + 2694.69 = 2829.26 over 747 frames.
20030005_607 ثریا عید کی رفعت کی زدہ گھمبیر نہ بنائی جائے ہے 
LOG (lattice-best-path[5.5.907~1-cbed4]:main():lattice-best-path.cc:99) For utterance 20030005_608, best cost 185.469 + 3911.82 = 4097.29 over 1112 frames.
20030005_608 فقرے کے بو ڈے مرغن کو خوشبو کا ڈالر چوم جانے کی پر جن تو ہو گئی 
LOG (lattice-best-path[5.5.907~1-cbed4]:main():lattice-best-path.cc:99) For utterance 20030005_609, best cost 267.661 + 5044.06 = 5311.72 over 1464 frames.
20030005_609 اللہ شل میں مبلغ میں دوبارہ مگر منش میں کس تو لیں نے قالین اور فیس سروں کے جوڑیاں کا تصحیح فی یا کیا 
LOG (lattice-best-path[5.5.907~1-cbed4]:main():lattice-best-path.cc:99) For utterance 20030005_610, best cost 201.391 + 4558.74 = 4760.13 over 1188 frames.
20030005_610 معائنہ صرف اہل اے تشہیر کا عموماً بَلّا نے ٹیچر کی طرف سے معاون درد احساس ہے 
LOG (lattice-best-path[5.5.907~1-cbed4]:main():lattice-best-path.cc:99) For utterance 20030005_611, best cost 246.963 + 4802.48 = 5049.44 over 1425 frames.
20030005_611 کسے پہنے بلی لگا فورس کر نے سیڈ کے دب باغوں کو بڑا بڑا ہیڈ ہے کی گھوم کے ساتھ چل لیے 
LOG (lattice-best-path[5.5.907~1-cbed4]:main():lattice-best-path.cc:99) For utterance 20030005_612, best cost 245.522 + 4576.35 = 4821.87 over 1246 frames.
20030005_612 تبدیلی یوم کی لذت رعشہ سے میں ڈال پورا جدا شخص کر و عفو وقت کی لینگویج کا خواہ ہما ہے 
LOG (lattice-best-path[5.5.907~1-cbed4]:main():lattice-best-path.cc:99) For utterance 20030005_613, best cost 185.364 + 3061.41 = 3246.77 over 836 frames.
20030005_613 کلیرنگ کی لا حق بوگس اور جہاں علی کو رشید دی نے ایل وعدہ کیا حالات 
LOG (lattice-best-path[5.5.907~1-cbed4]:main():lattice-best-path.cc:99) For utterance 20030005_614, best cost 172.217 + 3336.91 = 3509.13 over 932 frames.
20030005_614 بدروح فیملی شعری شوروم کے کرائیں والوں کے ساتھ سمجھ جیب بغیر سمجھو ہوتا کیا 
LOG (lattice-best-path[5.5.907~1-cbed4]:main():lattice-best-path.cc:99) For utterance 20030005_615, best cost 276.647 + 6054.06 = 6330.71 over 1726 frames.
20030005_615 زاید قاری شہزادی نے بُدھی جی اور موئسچرائزنگ ادب کو بلڈوزر کرتے ہوئے جوبلی خالد آن کی تجوریاں کی میں ہے اور ہیڈ بڑا آیا 
LOG (lattice-best-path[5.5.907~1-cbed4]:main():lattice-best-path.cc:99) For utterance 20030005_616, best cost 323.984 + 5737.42 = 6061.4 over 1496 frames.
20030005_616 تاجر رہے وولر ہیڈ نے حصوں غم اور وی شیم کو و فروخت کی اجزا شخص کر کیسی گا قصور کی میں ہما رفعت کا ایل کا گیارہ کیا 
LOG (lattice-best-path[5.5.907~1-cbed4]:main():lattice-best-path.cc:99) For utterance 20030005_617, best cost 215.58 + 4129.26 = 4344.84 over 1182 frames.
20030005_617 کھبے پر پڑے سوکھنے گو چوہوں میں کیوں کو ہو واقعہ دکھایا کر فن دعا ان سنے لگا 
LOG (lattice-best-path[5.5.907~1-cbed4]:main():lattice-best-path.cc:99) For utterance 20030005_618, best cost 224.642 + 4142.66 = 4367.31 over 1099 frames.
20030005_618 فاروق نے مین قدرے سے رو شاہ مون چھوڑ والے اکھنڈ ساگر میں لیموں کے بعد آج از استحقاق کیا 
LOG (lattice-best-path[5.5.907~1-cbed4]:main():lattice-best-path.cc:99) For utterance 20030005_619, best cost 161.272 + 3006.25 = 3167.53 over 868 frames.
20030005_619 تہذیب کے تشبیہ حالات مدح بے آن کرنے کی جو خرید دی جا ہے 
LOG (lattice-best-path[5.5.907~1-cbed4]:main():lattice-best-path.cc:99) For utterance 20030005_620, best cost 287.81 + 5614.45 = 5902.26 over 1764 frames.
20030005_620 چینی آنے مون تھو لوگوں کے بولوں کو برڈ حروں میں سموئے یا اور کی ڈیمو کو لوگوں پر پور زور شاخوں کی کیا عیاں کیں 
LOG (lattice-best-path[5.5.907~1-cbed4]:main():lattice-best-path.cc:99) For utterance 20030005_621, best cost 259.726 + 4816.54 = 5076.26 over 1336 frames.
20030005_621 مجلے دھرا آئیز رہائشی نے اور کر رہ جینوئن کے ماہ بینک میں ذہن نو گرلز اور چار بھی ناچنے میں تحیر کی 
LOG (lattice-best-path[5.5.907~1-cbed4]:main():lattice-best-path.cc:99) For utterance 20030005_622, best cost 221.287 + 4924.34 = 5145.63 over 1476 frames.
20030005_622 چوتھی گھر میں میں ندا اور گدے دے کر ایک درج جن مرضی بھیڑوں پالمر میں سے گز دریں 
LOG (lattice-best-path[5.5.907~1-cbed4]:main():lattice-best-path.cc:99) For utterance 20030005_623, best cost 187.57 + 4162.83 = 4350.4 over 1188 frames.
20030005_623 ڈے انٹیلیجینس کا ڈرامہ منافعے آدھ سود بروز کا مہنگائی کا نما شاخ لے گیا 
LOG (lattice-best-path[5.5.907~1-cbed4]:main():lattice-best-path.cc:99) For utterance 20030005_624, best cost 266.506 + 5232.66 = 5499.17 over 1412 frames.
20030005_624 ماؤف اسے کے نصف ہوم میں کھلے سے دین اور فائر سول فورس والا سٹوڈنٹ حدود کے دن سیکشن کے لیے ممد شعبوں تھا 
LOG (lattice-best-path[5.5.907~1-cbed4]:main():lattice-best-path.cc:99) For utterance 20030005_625, best cost 214.726 + 4717.26 = 4931.99 over 1252 frames.
20030005_625 نرخوں کی ڈیم سائیڈ پر پہ دیا کی آتی کو دریچوں لے کر بنگلے دیسی ورک کے موقعے کو گیا 
LOG (lattice-best-path[5.5.907~1-cbed4]:main():lattice-best-path.cc:99) For utterance 20030005_626, best cost 150.986 + 2794.66 = 2945.65 over 817 frames.
20030005_626 لینڈ بچنے کو مرض لیچی ہائے یا دودھ کی لوہار سمجھ یا 
LOG (lattice-best-path[5.5.907~1-cbed4]:main():lattice-best-path.cc:99) For utterance 20030005_627, best cost 188.52 + 3860.45 = 4048.97 over 1073 frames.
20030005_627 سیر کا غیرت عمل کے نبویہ کے علاوہ میں سے بھڑوں کے تو صفوں میں رکھا رتھ گیا 
LOG (lattice-best-path[5.5.907~1-cbed4]:main():lattice-best-path.cc:99) For utterance 20030005_628, best cost 213.13 + 4085.13 = 4298.26 over 1182 frames.
20030005_628 بھگت کی تک نیلم با نے کیلئے بیک کے ٹریبیونل میں فلو مین کی خوشی یا ماؤف کود تھیں 
LOG (lattice-best-path[5.5.907~1-cbed4]:main():lattice-best-path.cc:99) For utterance 20030005_629, best cost 260.257 + 5277.33 = 5537.59 over 1476 frames.
20030005_629 شیڈ ٹرین کے کے کو شعاع رو کے اور و خارجہ میں فیڈر کاغذ روور حریت نے مردوں کا حضرات کے جی کرا آیا 
LOG (lattice-best-path[5.5.907~1-cbed4]:main():lattice-best-path.cc:99) For utterance 20030005_630, best cost 242.217 + 5088.64 = 5330.86 over 1457 frames.
20030005_630 کی نیم کا ضرورت میں نشر اے کے کشف عالمی آکر بل چلے ماتھے دل سن سے وباؤں بے کر کیا 
LOG (lattice-best-path[5.5.907~1-cbed4]:main():lattice-best-path.cc:99) For utterance 20030005_631, best cost 284.789 + 6640.97 = 6925.76 over 1912 frames.
20030005_631 سیلز چیز کو لیموں بات بیچنے وقف آ کر کے فلو بیچ یہ تو وصف نے اسے موڑ کر چھڑا لے دکھائی ہے 
LOG (lattice-best-path[5.5.907~1-cbed4]:main():lattice-best-path.cc:99) For utterance 20030005_632, best cost 310.447 + 5896.23 = 6206.67 over 1758 frames.
20030005_632 حاضری منہ سی داغ میں کہا کے روایت کی ہجر چھوڑ والوں اور ریڈیو یاں بلوں رجوع والوں کر کھجوریں اور رسوائی چھوٹے بغیر بیٹھ 
LOG (lattice-best-path[5.5.907~1-cbed4]:main():lattice-best-path.cc:99) For utterance 20030005_633, best cost 277.812 + 6159.63 = 6437.45 over 1873 frames.
20030005_633 ریسٹورنٹ ایم کے بن کار میں تدریس کیلئے منیر پھینک میں اور فی سوواں کی کو والرس اس سوئی کیلئے دی جی اے 
LOG (lattice-best-path[5.5.907~1-cbed4]:main():lattice-best-path.cc:99) For utterance 20030005_634, best cost 205.033 + 3482.12 = 3687.16 over 952 frames.
20030005_634 کوئلے شنید پر جج شے شنید کے استاد عام کے لیے رہا میں یا کی نکل گریڈ کر لائیں 
LOG (lattice-best-path[5.5.907~1-cbed4]:main():lattice-best-path.cc:99) For utterance 20030005_635, best cost 225.148 + 4732.82 = 4957.97 over 1336 frames.
20030005_635 خاص میں دل کو چینی کی لعاب فعال میں بیٹھ ہے اور اولین مینگل پر ماہرین سیڈ میں مسئلہ کرائے ہے 
LOG (lattice-best-path[5.5.907~1-cbed4]:main():lattice-best-path.cc:99) For utterance 20030005_636, best cost 208.359 + 4448.01 = 4656.36 over 1361 frames.
20030005_636 قم اور ڈور خشوع ندرت کی جوبلی عرف شاہ ہونے سے زور جا کا تو خام کا فوراً ہوا 
LOG (lattice-best-path[5.5.907~1-cbed4]:main():lattice-best-path.cc:99) For utterance 20030005_637, best cost 235.517 + 4963.65 = 5199.17 over 1457 frames.
20030005_637 رخوں والوں میں ایک استغراق میں تیزی پہنچ کر رنگ کی لارا غنودگی کی حد در سے میں مگر بیڑے ہوئی 
LOG (lattice-best-path[5.5.907~1-cbed4]:main():lattice-best-path.cc:99) For utterance 20030005_638, best cost 237.322 + 5983.62 = 6220.95 over 1828 frames.
20030005_638 کاجو گوجر کی شیرے ڈھونڈ ڈرائیونگ سے کرنے صورت اور کھو ای کو کر کیے کے بھلا سے جا نوچیں ہے 
LOG (lattice-best-path[5.5.907~1-cbed4]:main():lattice-best-path.cc:99) For utterance 20030005_639, best cost 263.607 + 5368.33 = 5631.94 over 1432 frames.
20030005_639 ہم نیز کے دفتر کے کی دکھ کے دل سے ترجیح نیز کر سے کے نہ بوجھ کی ظاہر تک سموسے میں بلوچ سیکھیں 
LOG (lattice-best-path[5.5.907~1-cbed4]:main():lattice-best-path.cc:99) For utterance 20030005_640, best cost 228.271 + 4775.66 = 5003.94 over 1348 frames.
20030005_640 چوہوں کیوں پر پر کی گیا رضوی سکتی نے بلی سیمی کونسل کے شو والا کا پیچوٹری کھو جھاگ آیا 
LOG (lattice-best-path[5.5.907~1-cbed4]:main():lattice-best-path.cc:99) For utterance 20030005_641, best cost 207.988 + 4013.26 = 4221.25 over 1054 frames.
20030005_641 آؤ خیل اؤٹ اور پڑی شروع فوجوں کی آتی شہباز ای دکھ لا کر ویمپ سے گھیرے ہیں 
LOG (lattice-best-path[5.5.907~1-cbed4]:main():lattice-best-path.cc:99) For utterance 20030005_642, best cost 191.674 + 3856.45 = 4048.12 over 1041 frames.
20030005_642 حریفوں کے سیفٹی مے چیز سیکھی یہ تو درج میں سے نفوذ اس کیے کو واپڈا کی 
LOG (lattice-best-path[5.5.907~1-cbed4]:main():lattice-best-path.cc:99) For utterance 20030005_643, best cost 225.848 + 4852.78 = 5078.63 over 1310 frames.
20030005_643 دفاع آلود سے محفل بہو نے مخالفوں اجرت سے نہ ہائے میں اور دوغلی راؤ سے زاید دیں ڈال ہیں 
LOG (lattice-best-path[5.5.907~1-cbed4]:main():lattice-best-path.cc:99) For utterance 20030005_644, best cost 234.132 + 5517.5 = 5751.63 over 1611 frames.
20030005_644 کا چکھیں انیق ہے تو چھیڑ میں طور پر میں عارضی بھورا بچی کی سی پر کنڑ ڈار دعا کھلیں 
LOG (lattice-best-path[5.5.907~1-cbed4]:main():lattice-best-path.cc:99) For utterance 20030005_645, best cost 203.395 + 3873.83 = 4077.23 over 1022 frames.
20030005_645 نے پاؤڈر بھرٹ کی اس میں تو سرحد کے سائیڈ دو زور مسخرے کرنے کی فائر شون تلے ہیں 
LOG (lattice-best-path[5.5.907~1-cbed4]:main():lattice-best-path.cc:99) For utterance 20030005_646, best cost 193.533 + 4088.79 = 4282.33 over 1156 frames.
20030005_646 سعودی نہ فن جوس میں اور چون کرنے کے بعد لاؤ اور بڑا میں درد آیئں ڈالنے آئی 
LOG (lattice-best-path[5.5.907~1-cbed4]:main():lattice-best-path.cc:99) For utterance 20030005_647, best cost 158.899 + 3473.41 = 3632.31 over 1067 frames.
20030005_647 وائرس نادر کے انداز سے زیر یا گود میچور کر دونوں پر آئے ہے 
LOG (lattice-best-path[5.5.907~1-cbed4]:main():lattice-best-path.cc:99) For utterance 20030005_648, best cost 123.076 + 3235.92 = 3358.99 over 990 frames.
20030005_648 میلے میں دودھیا چھایا تمغہ خودسر کیلئے کروا تھا 
LOG (lattice-best-path[5.5.907~1-cbed4]:main():lattice-best-path.cc:99) For utterance 20030005_649, best cost 171.289 + 3419.94 = 3591.22 over 1041 frames.
20030005_649 کو ٹوہ کو کن ویمنز کر کے بیٹھ نے کے بعد کو عام کا نکل لگائے دیئے 
LOG (lattice-best-path[5.5.907~1-cbed4]:main():lattice-best-path.cc:99) For utterance 20030005_650, best cost 251.673 + 4603.76 = 4855.43 over 1355 frames.
20030005_650 ہجو فیری داغ آئین کی سی رتھ اور سنبھال یہ تین کی محفل ای آیا ہیئر آ کے رہائش تک رزاق ہے 
LOG (lattice-best-path[5.5.907~1-cbed4]:main():lattice-best-path.cc:99) For utterance 20030005_651, best cost 183.145 + 3698.63 = 3881.77 over 1131 frames.
20030005_651 کوئلے کی بیرونی مون شعلوں کی کوکھ علی گھنٹے میں اور نے سے پہلے سونگ بھی تھیں 
LOG (lattice-best-path[5.5.907~1-cbed4]:main():lattice-best-path.cc:99) For utterance 20030005_652, best cost 257.831 + 5059.71 = 5317.54 over 1502 frames.
20030005_652 پروگراموں کی جی لیں تھام گیسیں اور لیے کو واحد کے نو والا مے گدھوں کوکھ کیے سدھو رو تک اونچی 
LOG (lattice-best-path[5.5.907~1-cbed4]:main():lattice-best-path.cc:99) For utterance 20030005_653, best cost 207.42 + 4152.59 = 4360.01 over 1176 frames.
20030005_653 لنگر دھرا ڈیلروں اس کا سی سن دل کر زیر لکھی نجی گھائل تک کا لوث ہوا 
LOG (lattice-best-path[5.5.907~1-cbed4]:main():lattice-best-path.cc:99) For utterance 20030005_654, best cost 212.627 + 4934.29 = 5146.91 over 1361 frames.
20030005_654 کھجلی اور دیش ہو سے اس کی ایل شیعہ چوم کے اور تم سے پر سے کے معدے میں سی دھجیاں 
LOG (lattice-best-path[5.5.907~1-cbed4]:main():lattice-best-path.cc:99) For utterance 20030005_655, best cost 155.678 + 3530.98 = 3686.66 over 1022 frames.
20030005_655 نائب بخشش کی ڈچ چھائی اور دی لے فٹ بچھانے کا عشر ہے 
LOG (lattice-best-path[5.5.907~1-cbed4]:main():lattice-best-path.cc:99) For utterance 20030005_656, best cost 253.898 + 5513.13 = 5767.03 over 1668 frames.
20030005_656 دل سے سے جی تیروں نے گم کر زیر ای ہے موڈ بچائیں اور سونگ اور چار آن بھید حفاظت کروائیں ہے 
LOG (lattice-best-path[5.5.907~1-cbed4]:main():lattice-best-path.cc:99) For utterance 20030005_657, best cost 158.419 + 3745.18 = 3903.6 over 1099 frames.
20030005_657 ہما گول آف ریگن ضیغم کے کیفے کردار کی حادثے منفرد نہیں 
LOG (lattice-best-path[5.5.907~1-cbed4]:main():lattice-best-path.cc:99) For utterance 20030005_658, best cost 145.425 + 3315.59 = 3461.01 over 1003 frames.
20030005_658 لینڈ ڈور کا میں کا روہی ویوز کی بعد سست سے گزارنے ہے 
LOG (lattice-best-path[5.5.907~1-cbed4]:main():lattice-best-path.cc:99) For utterance 20030005_659, best cost 199.08 + 4468.47 = 4667.55 over 1291 frames.
20030005_659 مرکزی کود کر بچھانے اور کوئی کا تمام ہو رو خول کے بعد بولنے یا کر سوئے ہیں 
LOG (lattice-best-path[5.5.907~1-cbed4]:main():lattice-best-path.cc:99) For utterance 20030005_660, best cost 132.827 + 2636.84 = 2769.67 over 779 frames.
20030005_660 اور لیبر خام کے بعد کیا عضلات میں نہیں ای گھس نہ ہے 
LOG (lattice-best-path[5.5.907~1-cbed4]:main():lattice-best-path.cc:99) For utterance 20030005_661, best cost 172.651 + 3891.5 = 4064.15 over 1252 frames.
20030005_661 قضا آف لینے کیلئے بدھ شعلوں پر حامل کا ڈھا ہاتھوں رکھ دبائے ہے 
LOG (lattice-best-path[5.5.907~1-cbed4]:main():lattice-best-path.cc:99) For utterance 20030005_662, best cost 188.058 + 3725.82 = 3913.88 over 1067 frames.
20030005_662 کھڑے ٹھگ شعلوں کو کی آج یاں چلیں تو سکتا گاؤں کی تشبیہ بیوی بگڑ ہیں 
LOG (lattice-best-path[5.5.907~1-cbed4]:main():lattice-best-path.cc:99) For utterance 20030005_663, best cost 216.586 + 4686.4 = 4902.99 over 1336 frames.
20030005_663 تیروں میں جہاں چاہیے متعدد انگوٹھی نہ عرصہ کا کی دھوبی دن دیے کی تم بھیس ورک کو 
LOG (lattice-best-path[5.5.907~1-cbed4]:main():lattice-best-path.cc:99) For utterance 20030005_664, best cost 242.968 + 4849.39 = 5092.36 over 1316 frames.
20030005_664 فعال آسیہ لے کے بری اعظم میں کا آئی نہ بھری لے کا موزوں ہوا تو خلجی کے رخوں کے کھڑے ہو گئے 
LOG (lattice-best-path[5.5.907~1-cbed4]:main():lattice-best-path.cc:99) For utterance 20030005_665, best cost 154.123 + 2933.14 = 3087.26 over 779 frames.
20030005_665 فیض میں خواہ سال رو والی سے سے گریڈ چینی تو آج بغیر ہوا 
LOG (lattice-best-path[5.5.907~1-cbed4]:main():lattice-best-path.cc:99) For utterance 20030005_666, best cost 192.899 + 3727.62 = 3920.51 over 1073 frames.
20030005_666 دوعالم سے ہوے اور ورک چہل عام پر آتا کا تو بس عراقی خیر سے بھول لیے 
LOG (lattice-best-path[5.5.907~1-cbed4]:main():lattice-best-path.cc:99) For utterance 20030005_667, best cost 154.229 + 4193.86 = 4348.09 over 1323 frames.
20030005_667 پگڑی بل کے دھاڑ سے چمن کے دوسرے کی گگلی بس نیم ہوئی 
LOG (lattice-best-path[5.5.907~1-cbed4]:main():lattice-best-path.cc:99) For utterance 20030005_668, best cost 257.521 + 5332.87 = 5590.39 over 1489 frames.
20030005_668 سن کی فلو اور فیری کے پلیئر اے میں ایک اگلے والے جھلک کا آ کچلا ربیعہ نہ سے جیل نکل آ ہے 
LOG (lattice-best-path[5.5.907~1-cbed4]:main():lattice-best-path.cc:99) For utterance 20030005_669, best cost 156.538 + 3960.18 = 4116.72 over 1112 frames.
20030005_669 اور رخ اعظم محفل بورڈر میں یوں گذر کے لیے ریزرو اور نہیں کیا 
LOG (lattice-best-path[5.5.907~1-cbed4]:main():lattice-best-path.cc:99) For utterance 20030005_670, best cost 149.71 + 3559.86 = 3709.57 over 1035 frames.
20030005_670 روضے کا آخری اشارہ ہے ایک کے ساتھ دنیا کو لوگوں کا تلور ہے 
LOG (lattice-best-path[5.5.907~1-cbed4]:main():lattice-best-path.cc:99) For utterance 20030005_671, best cost 254.682 + 4829.58 = 5084.26 over 1368 frames.
20030005_671 خوشی سے پہلے سوئس سال کی گڑیا نے کہا سوئس اور اس ابو کھول کے سفر جوبلی میں دو اور جی یہ جاؤ ہے 
LOG (lattice-best-path[5.5.907~1-cbed4]:main():lattice-best-path.cc:99) For utterance 20030005_672, best cost 204.583 + 4428.79 = 4633.38 over 1163 frames.
20030005_672 انٹر وڈیو ٹشو لوث چلائی یہ تو افورڈ کاؤنٹی ایگلز سرویئر حوصلہ درجے کا اگلا ہے 
LOG (lattice-best-path[5.5.907~1-cbed4]:main():lattice-best-path.cc:99) For utterance 20030005_673, best cost 171.484 + 3485.2 = 3656.68 over 1048 frames.
20030005_673 کرا کی کی چاہوں بیوہ کے پورے جو ذہن اصل کے بیعت پڑ کھڑا ہے 
LOG (lattice-best-path[5.5.907~1-cbed4]:main():lattice-best-path.cc:99) For utterance 20030005_674, best cost 223.818 + 5193.18 = 5417 over 1604 frames.
20030005_674 نقشوں میں پَلوں میں بھڑک کا پر چڑیا گانٹھوں کر ہم والا ہے نے ٹھوس مون سنے کی کوشش کی 
LOG (lattice-best-path[5.5.907~1-cbed4]:main():lattice-best-path.cc:99) For utterance 20030005_675, best cost 183.236 + 4249.78 = 4433.02 over 1297 frames.
20030005_675 عارضی سے بولو ریلی کے رویے پر سونگ چھ تو تفنن کا با آؤ پڑھائی گے 
LOG (lattice-best-path[5.5.907~1-cbed4]:main():lattice-best-path.cc:99) For utterance 20030005_676, best cost 201.169 + 4578.83 = 4780 over 1278 frames.
20030005_676 اپنی رہائش جس کا سیریز کا انظباتی جا کو اے زوال میں انگلش جھگڑے پر رکھ دیئے 
LOG (lattice-best-path[5.5.907~1-cbed4]:main():lattice-best-path.cc:99) For utterance 20030005_677, best cost 236.725 + 4951.85 = 5188.57 over 1380 frames.
20030005_677 مثال نے کیا کی گود علی بنوری مگر بعدازاں دوست صوبوں اولی رو دھل تراجم کی حیرت سے دہلی گیا 
LOG (lattice-best-path[5.5.907~1-cbed4]:main():lattice-best-path.cc:99) For utterance 20030005_678, best cost 264.303 + 6775.51 = 7039.81 over 2052 frames.
20030005_678 سے نمف مسئلہ کو تھیلی فیز پڑا ورلڈ والوں سے چھیڑنے کیلئے ہیڈ رو جن فیری سے مشعر کے شیرے کیں 
LOG (lattice-best-path[5.5.907~1-cbed4]:main():lattice-best-path.cc:99) For utterance 20030005_679, best cost 157.915 + 3269.49 = 3427.4 over 958 frames.
20030005_679 تھوڑی اور پیڑی پر چڑ لگا آیا تو سے ہر تیزی سے اچھل ای 
LOG (lattice-best-path[5.5.907~1-cbed4]:main():lattice-best-path.cc:99) For utterance 20030005_680, best cost 206.136 + 4380.03 = 4586.17 over 1316 frames.
20030005_680 چوری کاجو اوڑھا پیہم دھیرے پورے بیٹھ تو لائن اٹھارہ برس میں میں تھوڑا آئے جاتا ہے 
LOG (lattice-best-path[5.5.907~1-cbed4]:main():lattice-best-path.cc:99) For utterance 20030005_681, best cost 225.179 + 5379.29 = 5604.47 over 1611 frames.
20030005_681 گدھا رخشندہ جیب شیخ کو گہرا کر ڈانس کوئی تو ہولوں عام پر بھی چیک دھار پر سایہ 
LOG (lattice-best-path[5.5.907~1-cbed4]:main():lattice-best-path.cc:99) For utterance 20030005_682, best cost 221.678 + 5867.88 = 6089.55 over 1656 frames.
20030005_682 بے اور شعاع رہے کی لوٹ پر پنجرے کا ناقص چچا وائرس کے ہو عجلت معلوم کیے 
LOG (lattice-best-path[5.5.907~1-cbed4]:main():lattice-best-path.cc:99) For utterance 20030005_683, best cost 221.867 + 4746.59 = 4968.45 over 1355 frames.
20030005_683 ریڈ سے ماؤنٹ کی ہیجڑوں ہوتا کے ایم ایم نے انیق ریڈ دیے کیے تیز سے نہ کر گئی 
LOG (lattice-best-path[5.5.907~1-cbed4]:main():lattice-best-path.cc:99) For utterance 20030005_684, best cost 193.415 + 4214.14 = 4407.56 over 1208 frames.
20030005_684 میرون بھی فلو رخوں آ ایگزیکٹو کے کی نیم میں معلوم یا ریلی لاگت تک آؤ 
LOG (lattice-best-path[5.5.907~1-cbed4]:main():lattice-best-path.cc:99) For utterance 20030005_685, best cost 150.145 + 3118.11 = 3268.26 over 881 frames.
20030005_685 جو فلڈ غوث کی وم چڑ بخشے اسے کہا سے لاؤ بندوق 
LOG (lattice-best-path[5.5.907~1-cbed4]:main():lattice-best-path.cc:99) For utterance 20030005_686, best cost 219.397 + 4085.2 = 4304.6 over 1067 frames.
20030005_686 سوئس تلے مندری نے سرخی رتھ ویب فیشن سے بنے یادیں مے سے کا شو شاہ پوچھ کو 
LOG (lattice-best-path[5.5.907~1-cbed4]:main():lattice-best-path.cc:99) For utterance 20030005_687, best cost 245.675 + 5901.53 = 6147.2 over 1656 frames.
20030005_687 سوواں پولیس کے بدسلوکی سے آنکھیں کو لیں تو دھول ازالہ ضد سے کی خدمات کر توجہ مآب زود کروائیں 
LOG (lattice-best-path[5.5.907~1-cbed4]:main():lattice-best-path.cc:99) For utterance 20030005_688, best cost 281.441 + 6168.71 = 6450.15 over 1796 frames.
20030005_688 حلف کی کھل کی چادر بیچ بعد کر سے مچھلیاں بیزار والوں اور بھیج کی کی بھیج میں نہ حالات بوم کے پراٹھا کے داغنے جاؤ 
LOG (lattice-best-path[5.5.907~1-cbed4]:main():lattice-best-path.cc:99) For utterance 20030005_689, best cost 234.488 + 4874.73 = 5109.22 over 1496 frames.
20030005_689 بھوجپوری درد جیز ساعت کی یا کیا جنگلوں نے ہول بن آئے اور سوئس و فصلیں کو چل کر چھائی ہے 
LOG (lattice-best-path[5.5.907~1-cbed4]:main():lattice-best-path.cc:99) For utterance 20030005_690, best cost 148.796 + 3297.63 = 3446.42 over 881 frames.
20030005_690 یہ دھجیاں جانا پڑھائی میں کے شور لے گھول شعاع کا نہیں جا سکتا ہے 
LOG (lattice-best-path[5.5.907~1-cbed4]:main():lattice-best-path.cc:99) For utterance 20030005_691, best cost 211.011 + 5150.59 = 5361.6 over 1368 frames.
20030005_691 کیسی کی دلجوئی کے لیے اپنا جی کر دیو یا اور ہم سے ٹھونس نہ کاروائی ناغہ میں ٹھونس دیئے 
LOG (lattice-best-path[5.5.907~1-cbed4]:main():lattice-best-path.cc:99) For utterance 20030005_692, best cost 213.026 + 4600.72 = 4813.74 over 1220 frames.
20030005_692 بدھ کھول انحصار میں کہا کے میں کی سے بو سالہ بنگلے ہاتھوں گاڑی سے بھی کھا کے دلوں 
LOG (lattice-best-path[5.5.907~1-cbed4]:main():lattice-best-path.cc:99) For utterance 20030005_693, best cost 156.069 + 3431.28 = 3587.35 over 939 frames.
20030005_693 مے نے حق کے جوئیہ سے کہا کے وقت کیا پر گناہ کرے بدلو 
LOG (lattice-best-path[5.5.907~1-cbed4]:main():lattice-best-path.cc:99) For utterance 20030005_694, best cost 236.618 + 4798.59 = 5035.21 over 1208 frames.
20030005_694 تراجم کا چھوڑ آ ششدر آیا کا رساؤ ہائے کو و درجے اور حصے ہی چاقو جو بند بنائیں ہے 
LOG (lattice-best-path[5.5.907~1-cbed4]:main():lattice-best-path.cc:99) For utterance 20030005_695, best cost 201.465 + 4155.88 = 4357.35 over 1105 frames.
20030005_695 کھول کی کی جانب کیجیے جانے کو کیا رو میں اگر کی نوچ جاؤ تو پانی میں گول جاؤ 
LOG (lattice-best-path[5.5.907~1-cbed4]:main():lattice-best-path.cc:99) For utterance 20030005_696, best cost 199.315 + 4499.27 = 4698.59 over 1131 frames.
20030005_696 کلچر خاص سے کے اونے زیب کو مسحور ای مسوڑوں کے بنانے کیلئے راغب کیا جائے گا 
LOG (lattice-best-path[5.5.907~1-cbed4]:main():lattice-best-path.cc:99) For utterance 20030005_697, best cost 141.843 + 3078.52 = 3220.36 over 772 frames.
20030005_697 بولو لوک آؤ سے سبزیوں ان کمرے ڈیزائنروں کروانے کا کا ہو گیا 
LOG (lattice-best-path[5.5.907~1-cbed4]:main():lattice-best-path.cc:99) For utterance 20030005_698, best cost 180.349 + 4313.05 = 4493.4 over 1124 frames.
20030005_698 بار آ ہولوں ہم ذاد دور بھیم سے شفاعت باؤنڈری سے کا جائزہ لینے لگا 
LOG (lattice-best-path[5.5.907~1-cbed4]:main():lattice-best-path.cc:99) For utterance 20030005_699, best cost 223.761 + 5085.94 = 5309.7 over 1342 frames.
20030005_699 نجات کی فلو ضعف افق لارا کی چھری میں بدھا ہے کہ آیا نے میں بے ہوتی کا مقصد چوروں 
LOG (lattice-best-path[5.5.907~1-cbed4]:main():lattice-best-path.cc:99) For utterance 20030005_700, best cost 194.94 + 5352.07 = 5547.01 over 1419 frames.
20030005_700 گوشہ اور خون کی کے تک لیے میں تغافل کی سول دیے چھڑ کر رسول سے پٹھوں 
LOG (lattice-best-path[5.5.907~1-cbed4]:main():lattice-best-path.cc:99) For utterance 20030005_701, best cost 260.224 + 6317.38 = 6577.6 over 1681 frames.
20030005_701 مضمون با عنوان بلوں کو نظر کی طرح مواد نہ چیز سے اہل ہوا کر ہے ماؤزے زیست کو رو کو سمجھا آیا 
LOG (lattice-best-path[5.5.907~1-cbed4]:main():lattice-best-path.cc:99) For utterance 20030005_702, best cost 179.036 + 4529.23 = 4708.27 over 1150 frames.
20030005_702 غیر فیصلہ کو بیعت کی ضرورت میں ہر کے کو شاہ زود نہ ضد بخشیں 
LOG (lattice-best-path[5.5.907~1-cbed4]:main():lattice-best-path.cc:99) For utterance 20030005_703, best cost 155.186 + 3712.42 = 3867.61 over 952 frames.
20030005_703 پتھروں وارڈ میں کلیدی جیم کے پٹھوں کا گاؤ بعد ظاہر ہوتا ہے 
LOG (lattice-best-path[5.5.907~1-cbed4]:main():lattice-best-path.cc:99) For utterance 20030005_704, best cost 210.469 + 5353.5 = 5563.97 over 1355 frames.
20030005_704 چونکا سے شنید متغیر نہ ذادہ رخوں کے ان سست بعد ٹھیک علاوہ کا پریس لیس ہے 
LOG (lattice-best-path[5.5.907~1-cbed4]:main():lattice-best-path.cc:99) For utterance 20030005_705, best cost 175.671 + 3723.71 = 3899.39 over 958 frames.
20030005_705 با وجہ فلڈ لینڈ مرکزی اس اجازت پر لاگت آٹھ مصوروں سے بڑی گی 
LOG (lattice-best-path[5.5.907~1-cbed4]:main():lattice-best-path.cc:99) For utterance 20030005_706, best cost 141.651 + 4216.11 = 4357.77 over 1086 frames.
20030005_706 بجے زون رفیق وزیر کیے عام دیکھیں نعمت مچولی 
LOG (lattice-best-path[5.5.907~1-cbed4]:main():lattice-best-path.cc:99) For utterance 20030005_707, best cost 141.276 + 3403.96 = 3545.23 over 888 frames.
20030005_707 ماضی کو بنایا ہے تو آگے کڑوے میں یونی گناہوں میں نہ کریں 
LOG (lattice-best-path[5.5.907~1-cbed4]:main():lattice-best-path.cc:99) For utterance 20030005_708, best cost 204.024 + 3889.59 = 4093.62 over 1009 frames.
20030005_708 جانب چنگ نے سے پہلے بو روے کی میں مجھے کوچ اڑا سیڈ جاتی کا اور مشعر سمجھائیں ہے 
LOG (lattice-scale[5.5.907~1-cbed4]:main():lattice-scale.cc:107) Done 108 lattices.
LOG (lattice-add-penalty[5.5.907~1-cbed4]:main():lattice-add-penalty.cc:62) Done adding word insertion penalty to 108 lattices.
LOG (lattice-best-path[5.5.907~1-cbed4]:main():lattice-best-path.cc:124) Overall cost per frame is 3.70388 = 0.166287 [graph] + 3.53759 [acoustic] over 136802 frames.
LOG (lattice-best-path[5.5.907~1-cbed4]:main():lattice-best-path.cc:128) Done 108 lattices, failed for 0
# Accounting: time=1 threads=1
# Ended (code 0) at Wed Apr 21 07:05:18 PKT 2021, elapsed time 1 seconds
