# lattice-scale --inv-acoustic-scale=14 "ark:gunzip -c exp/tri2/decode/lat.*.gz|" ark:- | lattice-add-penalty --word-ins-penalty=0.5 ark:- ark:- | lattice-best-path --word-symbol-table=exp/tri2/graph/words.txt ark:- ark,t:- | utils/int2sym.pl -f 2- exp/tri2/graph/words.txt | cat > exp/tri2/decode/scoring_kaldi/penalty_0.5/14.txt 
# Started at Wed Apr 21 07:22:39 PKT 2021
#
lattice-scale --inv-acoustic-scale=14 'ark:gunzip -c exp/tri2/decode/lat.*.gz|' ark:- 
lattice-best-path --word-symbol-table=exp/tri2/graph/words.txt ark:- ark,t:- 
lattice-add-penalty --word-ins-penalty=0.5 ark:- ark:- 
LOG (lattice-best-path[5.5.907~1-cbed4]:main():lattice-best-path.cc:99) For utterance 20030010_601, best cost 236.545 + 4895.36 = 5131.9 over 985 frames.
20030010_601 نخوت اب کا تم کی کے داؤدی کی ثمر دن عملی کلی کھا کر امرود کے فروخت کو رجوع کرنے گی 
LOG (lattice-best-path[5.5.907~1-cbed4]:main():lattice-best-path.cc:99) For utterance 20030010_602, best cost 323.307 + 6031.28 = 6354.59 over 1203 frames.
20030010_602 گروتھ اب حائل جیل کے نے ہر کے لقب کی خون سوئچ ہائے کے لو بم سے شیعہ دوجے کے ھابھہ والی کرنے کی شرکت سے عرس ریڈ 
LOG (lattice-best-path[5.5.907~1-cbed4]:main():lattice-best-path.cc:99) For utterance 20030010_603, best cost 232.228 + 4138.44 = 4370.67 over 833 frames.
20030010_603 شل شوق اور نزلے کی درس کر اکرم بدھ اٹھا تھو تبدیلی دیکھتے سوں پر کر بیج شوہر کی یا 
LOG (lattice-best-path[5.5.907~1-cbed4]:main():lattice-best-path.cc:99) For utterance 20030010_604, best cost 235.978 + 4312.63 = 4548.6 over 856 frames.
20030010_604 ثقل اے نے نہ علی کے گاؤن کی درد عرف پڑی تو کہا کی سوغات شاہد کے تیز کے نزلے اُٹھانے دیں 
LOG (lattice-best-path[5.5.907~1-cbed4]:main():lattice-best-path.cc:99) For utterance 20030010_605, best cost 142.645 + 2522.72 = 2665.36 over 513 frames.
20030010_605 سوئچ جیل شوخ رجوع کے پیشن درد وولٹیج کر دغا دیتا ہے 
LOG (lattice-best-path[5.5.907~1-cbed4]:main():lattice-best-path.cc:99) For utterance 20030010_606, best cost 175.395 + 3023.65 = 3199.04 over 608 frames.
20030010_606 پر کی کے دماغی گروتھ وقت سیف پنجند یوں کی تنفس کی گریز عزیز درج ہے 
LOG (lattice-best-path[5.5.907~1-cbed4]:main():lattice-best-path.cc:99) For utterance 20030010_607, best cost 135.608 + 2032.56 = 2168.17 over 420 frames.
20030010_607 کچھ سرحد کی اجرت کی سوا مہندی <oov> نمبر نئی جائے 
LOG (lattice-best-path[5.5.907~1-cbed4]:main():lattice-best-path.cc:99) For utterance 20030010_608, best cost 181.082 + 2881.68 = 3062.76 over 582 frames.
20030010_608 کو کے کے گول ایف ماؤف کو کوش کر کام جوق جانے کی اجرا دودھ اونچی ہیں 
LOG (lattice-best-path[5.5.907~1-cbed4]:main():lattice-best-path.cc:99) For utterance 20030010_609, best cost 223.927 + 3667.33 = 3891.25 over 736 frames.
20030010_609 پرچم میں مہم عید بار مرغا مچھلی تھی سول اقرار رضوی سوں کے جوس کا تصحیح آ کی یا 
LOG (lattice-best-path[5.5.907~1-cbed4]:main():lattice-best-path.cc:99) For utterance 20030010_610, best cost 201.008 + 3772.49 = 3973.5 over 803 frames.
20030010_610 موثر اینڈ عید نشئی یا کا یہودی عمل میرا ہجر کی طرح زیر بجٹ قیصر آ ہے 
LOG (lattice-best-path[5.5.907~1-cbed4]:main():lattice-best-path.cc:99) For utterance 20030010_611, best cost 213.179 + 4249.72 = 4462.9 over 868 frames.
20030010_611 کسے تحریر بینگن غوث کرنے زچ کے دوبارہ کو جیل کرا ہر کی گول چھ سنچری گئی 
LOG (lattice-best-path[5.5.907~1-cbed4]:main():lattice-best-path.cc:99) For utterance 20030010_612, best cost 210.955 + 4403.24 = 4614.2 over 921 frames.
20030010_612 تم کی دل کے نسیں شے نبویہ ہجرت شخص کا تو افق وقف کی نرگس کا از واحد 
LOG (lattice-best-path[5.5.907~1-cbed4]:main():lattice-best-path.cc:99) For utterance 20030010_613, best cost 120.99 + 2336.04 = 2457.03 over 452 frames.
20030010_613 پر کو الحاق گوہ واجب قریشی کی نظر گا کہا 
LOG (lattice-best-path[5.5.907~1-cbed4]:main():lattice-best-path.cc:99) For utterance 20030010_614, best cost 158.27 + 2823.19 = 2981.46 over 578 frames.
20030010_614 رجوع کریش ایشو کے کرا یوں کے ساتھ سمجھی بغیر سمجھو طرف کی یا 
LOG (lattice-best-path[5.5.907~1-cbed4]:main():lattice-best-path.cc:99) For utterance 20030010_615, best cost 279.861 + 4788.55 = 5068.41 over 960 frames.
20030010_615 کھگہ کا شہزادی دن علی جا معجزے کو بروز کر کے ہوئی جو ہی خان نادر عید رجوع ریلیف اؤٹ ہینگر ہائے آ 
LOG (lattice-best-path[5.5.907~1-cbed4]:main():lattice-best-path.cc:99) For utterance 20030010_616, best cost 261.606 + 4868.29 = 5129.89 over 989 frames.
20030010_616 طور چلے وارڈ گروپ نے صغری مشن کو فروغ سیاح شیڈ کر کی سی گا تصور کی مثبت کا ہر کچرا کی عفو 
LOG (lattice-best-path[5.5.907~1-cbed4]:main():lattice-best-path.cc:99) For utterance 20030010_617, best cost 193.971 + 3240.6 = 3434.57 over 669 frames.
20030010_617 عمل اب کرے سوجھی گڈ چھم میں قیوم کو ہمیں درد ایک پر زدہ حاصل لگا 
LOG (lattice-best-path[5.5.907~1-cbed4]:main():lattice-best-path.cc:99) For utterance 20030010_618, best cost 236.145 + 4112.22 = 4348.37 over 824 frames.
20030010_618 قانون دن کا ویسے مژدہ اصل نقشوں وعدے اختر ساگر نئے عالمی و کے بات اصل صیاد کی یا ہے 
LOG (lattice-best-path[5.5.907~1-cbed4]:main():lattice-best-path.cc:99) For utterance 20030010_619, best cost 127.338 + 2411.86 = 2539.2 over 519 frames.
20030010_619 تصحیح کی تشبیہ ہاتھوں درمیان کرنے کا جور کی نتیجے اور ہے 
LOG (lattice-best-path[5.5.907~1-cbed4]:main():lattice-best-path.cc:99) For utterance 20030010_620, best cost 206.751 + 4174.79 = 4381.54 over 820 frames.
20030010_620 جیل اٹھارہ کے گو لوگو گروہوں میں سموئے اور کی ڈیمو گوگل قصور شعوری کی گیارہ یاں کی 
LOG (lattice-best-path[5.5.907~1-cbed4]:main():lattice-best-path.cc:99) For utterance 20030010_621, best cost 249.781 + 5166.4 = 5416.18 over 1024 frames.
20030010_621 رم معجل عدل اسہال شعور کر ذوالجناح کے ماہرین گئی سے عود درس اور چادر آسرا مٹیں کھچی <oov> 
LOG (lattice-best-path[5.5.907~1-cbed4]:main():lattice-best-path.cc:99) For utterance 20030010_622, best cost 197.209 + 4146.33 = 4343.54 over 764 frames.
20030010_622 کچھ کی پڑدادا گریڈ کا کی درجے <oov> مرض سیاح ریڈ عالمی سے حصول <oov> 
LOG (lattice-best-path[5.5.907~1-cbed4]:main():lattice-best-path.cc:99) For utterance 20030010_623, best cost 157.833 + 3271.94 = 3429.77 over 664 frames.
20030010_623 دن کے گرج کر گروہوں منافعے سوچ درس اللہ در نشاندہی گیا 
LOG (lattice-best-path[5.5.907~1-cbed4]:main():lattice-best-path.cc:99) For utterance 20030010_624, best cost 225.76 + 3825.43 = 4051.19 over 790 frames.
20030010_624 ماؤف کسے کے نسخہ میں کس سیلرز غوث کوڑھ اثر ادھورا حدود کے انٹر شل کیلئے مڈل شروع میٹھا 
LOG (lattice-best-path[5.5.907~1-cbed4]:main():lattice-best-path.cc:99) For utterance 20030010_625, best cost 172.364 + 3282.22 = 3454.58 over 665 frames.
20030010_625 بلین ساگر ٹیچر کی یا دیگر فلیچر ڈگری سی درجے مراعات کے کھو گیا 
LOG (lattice-best-path[5.5.907~1-cbed4]:main():lattice-best-path.cc:99) For utterance 20030010_626, best cost 97.5611 + 2303.56 = 2401.12 over 465 frames.
20030010_626 میں بچنے کو ملیریا دل کی اس امجد 
LOG (lattice-best-path[5.5.907~1-cbed4]:main():lattice-best-path.cc:99) For utterance 20030010_627, best cost 164.406 + 3391.59 = 3555.99 over 712 frames.
20030010_627 سے کا عمل کے نوگو عرف کے ایام یا سے بوڑھوں کے قوس اومیگا رہ گیا 
LOG (lattice-best-path[5.5.907~1-cbed4]:main():lattice-best-path.cc:99) For utterance 20030010_628, best cost 180.45 + 3391.51 = 3571.96 over 709 frames.
20030010_628 روات کی تصویریں بڑھانے کیلئے درجے قیوم نرگس ہنوز کی عشر مغز سود ٹھیک 
LOG (lattice-best-path[5.5.907~1-cbed4]:main():lattice-best-path.cc:99) For utterance 20030010_629, best cost 220.887 + 4214.63 = 4435.52 over 876 frames.
20030010_629 شرکت کے گو شواہد اب کا وافر میں ضد عرس دوغلی سے ریوڑ بوگس اعزہ کی ایچ کر آیا 
LOG (lattice-best-path[5.5.907~1-cbed4]:main():lattice-best-path.cc:99) For utterance 20030010_630, best cost 170.801 + 3224.13 = 3394.93 over 668 frames.
20030010_630 کا یہ حصے نے نقشے کے شکار میں آکر درجے ماتھے تو چھانٹ سے حامد گیا 
LOG (lattice-best-path[5.5.907~1-cbed4]:main():lattice-best-path.cc:99) For utterance 20030010_631, best cost 261.884 + 4758.68 = 5020.56 over 964 frames.
20030010_631 سی جس چیز قل ڈاٹ ہے ویڈنگ نے کھسوٹ کر کی ایچ فرعون قوس ہجوں کی سیر سے موڑ کر چھولے دکھائی 
LOG (lattice-best-path[5.5.907~1-cbed4]:main():lattice-best-path.cc:99) For utterance 20030010_632, best cost 261.513 + 6155.85 = 6417.37 over 1219 frames.
20030010_632 کسی سے ندا میں کہا کی گریز جیب حجت چھوئیں اور ٹریلر دہلوی جواب کر فجور اور سوئی چھوئیں بغیر بتاؤں 
LOG (lattice-best-path[5.5.907~1-cbed4]:main():lattice-best-path.cc:99) For utterance 20030010_633, best cost 234.955 + 4938.87 = 5173.82 over 1056 frames.
20030010_633 اس کنگڈم کے میں بگاڑنے کر غیور کے لیے نل فیم کے اور فیصد کی قوس فیسیں کی سوئنگ کے کلیدی جی 
LOG (lattice-best-path[5.5.907~1-cbed4]:main():lattice-best-path.cc:99) For utterance 20030010_634, best cost 197.442 + 3387.96 = 3585.4 over 708 frames.
20030010_634 کلی عشر جیسے شل کیسوں عام کیلئے روڈ ریاض کی نہ تک بیلٹ کر جیل آیئں 
LOG (lattice-best-path[5.5.907~1-cbed4]:main():lattice-best-path.cc:99) For utterance 20030010_635, best cost 193.345 + 3503.13 = 3696.48 over 722 frames.
20030010_635 آسرا ایگلز کو چل کی نام فوراً میں پرچیز ایام درد عدلیہ ضعیف سے سودا کریں 
LOG (lattice-best-path[5.5.907~1-cbed4]:main():lattice-best-path.cc:99) For utterance 20030010_636, best cost 172.303 + 3184.1 = 3356.4 over 677 frames.
20030010_636 کا مدعو اور خشوع رقص کی جوئیہ شمولیت سوئس اجرا کا دوم کا سوکھ ہوا 
LOG (lattice-best-path[5.5.907~1-cbed4]:main():lattice-best-path.cc:99) For utterance 20030010_637, best cost 160.018 + 3384.78 = 3544.8 over 703 frames.
20030010_637 اہم کی سماوی پہنچ کا رنگین انگوٹھی کی ہینگر سے مولا گیر ہوئی 
LOG (lattice-best-path[5.5.907~1-cbed4]:main():lattice-best-path.cc:99) For utterance 20030010_638, best cost 221.982 + 5520.35 = 5742.33 over 1134 frames.
20030010_638 کاجو حجت کی شیفرڈ وائرلیس سوئنگ صورت چَھپ اور کوٹھی کو کر کی کے حاصل جج شعر 
LOG (lattice-best-path[5.5.907~1-cbed4]:main():lattice-best-path.cc:99) For utterance 20030010_639, best cost 244.228 + 4719.86 = 4964.09 over 1011 frames.
20030010_639 ویسٹ کے جوس کر کی دودھ سے دل سے تشخیص کر سے کے نہ بوجھ چیز اوور تک سن سے درست صفیں 
LOG (lattice-best-path[5.5.907~1-cbed4]:main():lattice-best-path.cc:99) For utterance 20030010_640, best cost 210.874 + 3870.26 = 4081.13 over 822 frames.
20030010_640 جوق کے میران پر درجے جاری سبزی مہندی سیل کونسل جیوئش والا کا وجود گوجری گاڑی یا 
LOG (lattice-best-path[5.5.907~1-cbed4]:main():lattice-best-path.cc:99) For utterance 20030010_641, best cost 169.955 + 3420.95 = 3590.91 over 712 frames.
20030010_641 کروں کر میں کرے شب گودام کی آتشیں بعض عید لاکھ کر بھینسیں کی دیں 
LOG (lattice-best-path[5.5.907~1-cbed4]:main():lattice-best-path.cc:99) For utterance 20030010_642, best cost 156.98 + 2956.28 = 3113.26 over 638 frames.
20030010_642 حسن کی کس کی میچ جیسی کے تو درس سے نفوذ کی کھلواڑ اٹھی 
LOG (lattice-best-path[5.5.907~1-cbed4]:main():lattice-best-path.cc:99) For utterance 20030010_643, best cost 192.089 + 3156.1 = 3348.19 over 664 frames.
20030010_643 تحفہ گول سے نخوت بڑے مرغا فقر جیسے نہ ہائے اور دوغلی الحاق سزا دن کریں 
LOG (lattice-best-path[5.5.907~1-cbed4]:main():lattice-best-path.cc:99) For utterance 20030010_644, best cost 214.784 + 4263.23 = 4478.02 over 908 frames.
20030010_644 پچیں نیگیٹو شیرٹن دودھ روے اور زیورات بچھڑ ای کیسی پر اسے <oov> کرا ریڑھی 
LOG (lattice-best-path[5.5.907~1-cbed4]:main():lattice-best-path.cc:99) For utterance 20030010_645, best cost 185.678 + 3646.62 = 3832.3 over 768 frames.
20030010_645 مٹیں درج کس میں دل ضعف کے سائیڈ پرسوز مظفر کر نے ایفا شخص میں ہیں 
LOG (lattice-best-path[5.5.907~1-cbed4]:main():lattice-best-path.cc:99) For utterance 20030010_646, best cost 197.36 + 3479.17 = 3676.53 over 734 frames.
20030010_646 صادق رافعہ جوس نے اور چبھنے کے بعد الاؤنس دیر آنے در آڑے گالف ڈالنے آئی 
LOG (lattice-best-path[5.5.907~1-cbed4]:main():lattice-best-path.cc:99) For utterance 20030010_647, best cost 128.486 + 2412.58 = 2541.07 over 517 frames.
20030010_647 واقعے کر کی غنا اسے گول رجوع کر دوران پر آئی 
LOG (lattice-best-path[5.5.907~1-cbed4]:main():lattice-best-path.cc:99) For utterance 20030010_648, best cost 131.74 + 2812.56 = 2944.3 over 573 frames.
20030010_648 ملے میں دودھیا چھڑا پر حق فجر کیلئے کر واقعہ 
LOG (lattice-best-path[5.5.907~1-cbed4]:main():lattice-best-path.cc:99) For utterance 20030010_649, best cost 142.684 + 2343.51 = 2486.19 over 478 frames.
20030010_649 کفر اب کرنا سے کے درج میں کے بعد دوم کا مڈل لگا یہ 
LOG (lattice-best-path[5.5.907~1-cbed4]:main():lattice-best-path.cc:99) For utterance 20030010_650, best cost 208.765 + 4264.45 = 4473.21 over 870 frames.
20030010_650 انجری کا دم کی سیل عرس صادق کس کئے نقوی عدلیہ چیلہ ایچ کا کی فیصد ہے 
LOG (lattice-best-path[5.5.907~1-cbed4]:main():lattice-best-path.cc:99) For utterance 20030010_651, best cost 174.355 + 3234.45 = 3408.81 over 699 frames.
20030010_651 کوئلے کو درہم رجوع کی کو کڑوی درد پر فورم نے سے پہلے صبح بیجوں 
LOG (lattice-best-path[5.5.907~1-cbed4]:main():lattice-best-path.cc:99) For utterance 20030010_652, best cost 195.728 + 3538.11 = 3733.84 over 777 frames.
20030010_652 پر ٹوفل کی جہد آمدنی پر کے بلا مرچ میں تک گوہ کے سلور تک پہنچ ایئر 
LOG (lattice-best-path[5.5.907~1-cbed4]:main():lattice-best-path.cc:99) For utterance 20030010_653, best cost 167.769 + 2973.78 = 3141.55 over 638 frames.
20030010_653 روڈ ورلڈ وصف کا سیسے انور کر ضد کے ہجے گائیوں تک لوث ہوا 
LOG (lattice-best-path[5.5.907~1-cbed4]:main():lattice-best-path.cc:99) For utterance 20030010_654, best cost 193.043 + 3866.09 = 4059.14 over 838 frames.
20030010_654 پر کے درس ہاؤس کس عید شعور چوزے اس سکتے وصف کے مڈل بسوں دیں 
LOG (lattice-best-path[5.5.907~1-cbed4]:main():lattice-best-path.cc:99) For utterance 20030010_655, best cost 119.169 + 2196.34 = 2315.51 over 465 frames.
20030010_655 نام بخشیں چھائی اوڑھ ریلیکس بچھانے کریش کچرے 
LOG (lattice-best-path[5.5.907~1-cbed4]:main():lattice-best-path.cc:99) For utterance 20030010_656, best cost 198.555 + 4349.64 = 4548.2 over 918 frames.
20030010_656 ویسے صادق کرا میں دن گز ریڑھی حیرت بھجوا سوئنگ اجاگر عام وعید کس کریں 
LOG (lattice-best-path[5.5.907~1-cbed4]:main():lattice-best-path.cc:99) For utterance 20030010_657, best cost 140.471 + 2550.89 = 2691.36 over 540 frames.
20030010_657 حامد اور دفتر ظہیر کے قیصر کر درس کی ہر سے گذر نہیں 
LOG (lattice-best-path[5.5.907~1-cbed4]:main():lattice-best-path.cc:99) For utterance 20030010_658, best cost 153.869 + 2701.77 = 2855.64 over 591 frames.
20030010_658 فرعون گول کا ندا مینوئل حزب ای برعکس سے روضہ روئیں 
LOG (lattice-best-path[5.5.907~1-cbed4]:main():lattice-best-path.cc:99) For utterance 20030010_659, best cost 185.618 + 3740.06 = 3925.68 over 779 frames.
20030010_659 میں کی کو کے بچھڑا ایئر سوئچ کا دوسروں غوروخوض قوس کردار بویا فیس جوئیں 
LOG (lattice-best-path[5.5.907~1-cbed4]:main():lattice-best-path.cc:99) For utterance 20030010_660, best cost 109.868 + 2301.49 = 2411.35 over 482 frames.
20030010_660 کوئی گریز کے بو کا اثر نے نحیف کوسوں 
LOG (lattice-best-path[5.5.907~1-cbed4]:main():lattice-best-path.cc:99) For utterance 20030010_661, best cost 129.025 + 2760.67 = 2889.69 over 578 frames.
20030010_661 کر صفیں نے کیلئے بچھڑ پر عمل کر بغاوت کر دبائے 
LOG (lattice-best-path[5.5.907~1-cbed4]:main():lattice-best-path.cc:99) For utterance 20030010_662, best cost 154.582 + 2762.74 = 2917.33 over 575 frames.
20030010_662 کر جنگجو کو کی ارکان دل چلے تو سے آڑو کی تشبیہ گئے گریڈ 
LOG (lattice-best-path[5.5.907~1-cbed4]:main():lattice-best-path.cc:99) For utterance 20030010_663, best cost 163.744 + 3307.62 = 3471.36 over 656 frames.
20030010_663 پنجرے جائے مگر دوجے اثر کی تو دیگر کیچ تدریس حقوق کوئی 
LOG (lattice-best-path[5.5.907~1-cbed4]:main():lattice-best-path.cc:99) For utterance 20030010_664, best cost 203.68 + 3892.8 = 4096.48 over 790 frames.
20030010_664 پر اسے ہائے کے در اثر میں تنزلی نکل رسول بھوت اور کھچی فرعون کے کرے گوہ گئے 
LOG (lattice-best-path[5.5.907~1-cbed4]:main():lattice-best-path.cc:99) For utterance 20030010_665, best cost 136.57 + 2713.88 = 2850.45 over 569 frames.
20030010_665 ریسلینگ ہزار علوی سے صدر چینی طور پر سرخ ریڈ ہوا 
LOG (lattice-best-path[5.5.907~1-cbed4]:main():lattice-best-path.cc:99) For utterance 20030010_666, best cost 146.517 + 2457.32 = 2603.84 over 505 frames.
20030010_666 دوں اسے ہوے اگرچہ علم کرا کر کر دس کر حصے بھورے 
LOG (lattice-best-path[5.5.907~1-cbed4]:main():lattice-best-path.cc:99) For utterance 20030010_667, best cost 167.965 + 3359.42 = 3527.38 over 731 frames.
20030010_667 ڈگری ٹرین جیب درس سے چنگ کے گھور سے کی گو ٹھیک کوسوں ہوئے 
LOG (lattice-best-path[5.5.907~1-cbed4]:main():lattice-best-path.cc:99) For utterance 20030010_668, best cost 197.745 + 3550.01 = 3747.76 over 739 frames.
20030010_668 سوم کے سوری کے پڑے لوگ نے والے جھالر کا فیچر اغیار نہ یہ سے جارج لا 
LOG (lattice-best-path[5.5.907~1-cbed4]:main():lattice-best-path.cc:99) For utterance 20030010_669, best cost 150.186 + 2724.36 = 2874.55 over 557 frames.
20030010_669 کوچ واضح نوزل بولنگ جوس ایف کیلئے کے صرف روڈ درہم کیا 
LOG (lattice-best-path[5.5.907~1-cbed4]:main():lattice-best-path.cc:99) For utterance 20030010_670, best cost 137.052 + 3244.89 = 3381.94 over 653 frames.
20030010_670 روضے کا رافعہ شل یہ کے سروں کے اور تولیے کر کرو 
LOG (lattice-best-path[5.5.907~1-cbed4]:main():lattice-best-path.cc:99) For utterance 20030010_671, best cost 214.194 + 3459.08 = 3673.28 over 712 frames.
20030010_671 وحشی سے پریس روزہ کی گڑیا نے کہا سن غوث افورڈ کے سبز اوس چھولے میں دو اور جیب جاؤ 
LOG (lattice-best-path[5.5.907~1-cbed4]:main():lattice-best-path.cc:99) For utterance 20030010_672, best cost 172.792 + 2829.77 = 3002.57 over 626 frames.
20030010_672 ان کے معید ایشوز جہد افق کام بن سربراہ قوس سے درجے کر اگلا ہے 
LOG (lattice-best-path[5.5.907~1-cbed4]:main():lattice-best-path.cc:99) For utterance 20030010_673, best cost 146.646 + 2815.93 = 2962.58 over 621 frames.
20030010_673 کرائی کے چند واقعہ ورلڈ جوس سے نظر کے دل پر کرائے 
LOG (lattice-best-path[5.5.907~1-cbed4]:main():lattice-best-path.cc:99) For utterance 20030010_674, best cost 174.722 + 3554.44 = 3729.17 over 777 frames.
20030010_674 مشورہ کروں میں برڈ کا پرچم کر درہم بار ای مصدق کی کوشش کی 
LOG (lattice-best-path[5.5.907~1-cbed4]:main():lattice-best-path.cc:99) For utterance 20030010_675, best cost 158.995 + 3170.24 = 3329.23 over 686 frames.
20030010_675 آڑ جیب روئی کے رویے پر سوچے تو تغافل کر براوو کو راہو 
LOG (lattice-best-path[5.5.907~1-cbed4]:main():lattice-best-path.cc:99) For utterance 20030010_676, best cost 152.423 + 2868.52 = 3020.94 over 587 frames.
20030010_676 پتھری گرج کی سیر چھم نتیجے اعزہ والیم دیش جاوید برعکس تھی 
LOG (lattice-best-path[5.5.907~1-cbed4]:main():lattice-best-path.cc:99) For utterance 20030010_677, best cost 234.881 + 3536.67 = 3771.55 over 788 frames.
20030010_677 مثال نے کیا کی گوجری بولنگ مگر باڈی الزام کوسوں دوسری رکن کام عید کی حیرت سے درد دل گیا 
LOG (lattice-best-path[5.5.907~1-cbed4]:main():lattice-best-path.cc:99) For utterance 20030010_678, best cost 262.192 + 5387.89 = 5650.08 over 1203 frames.
20030010_678 سمجھا میں ظہور تلے سیر روزہ والوں سے چرانے کے لیے <oov> حائل ٹوہ جن ویسے ہی مشعر قے شعر کریں 
LOG (lattice-best-path[5.5.907~1-cbed4]:main():lattice-best-path.cc:99) For utterance 20030010_679, best cost 128.57 + 1924.24 = 2052.81 over 411 frames.
20030010_679 گورے اور علی پر چیل لگائے کسے کے تیزی سے اچھل 
LOG (lattice-best-path[5.5.907~1-cbed4]:main():lattice-best-path.cc:99) For utterance 20030010_680, best cost 190.604 + 3146.2 = 3336.8 over 662 frames.
20030010_680 کلی درجوں راقم کے ہوے اور گئے تھو دو رجوع کرا برس پریمئر کروڑ جاتا ہے 
LOG (lattice-best-path[5.5.907~1-cbed4]:main():lattice-best-path.cc:99) For utterance 20030010_681, best cost 191.186 + 3545.07 = 3736.26 over 755 frames.
20030010_681 گرج عشر ڈچ ایشوز کو اور کی دس ہوئی تو گلوبل شعر بار پر سوئے اب 
LOG (lattice-best-path[5.5.907~1-cbed4]:main():lattice-best-path.cc:99) For utterance 20030010_682, best cost 184.412 + 3640.89 = 3825.31 over 794 frames.
20030010_682 وی فجور حاجی روڈ برج اجڑے تناسب جاتا وصف جس جدا معلوم کیے 
LOG (lattice-best-path[5.5.907~1-cbed4]:main():lattice-best-path.cc:99) For utterance 20030010_683, best cost 160.58 + 3181.49 = 3342.06 over 669 frames.
20030010_683 بیج سے ماؤنٹ کی جور و تک امرود ڈگری زیر جیسے مرچ کر گئی 
LOG (lattice-best-path[5.5.907~1-cbed4]:main():lattice-best-path.cc:99) For utterance 20030010_684, best cost 179.791 + 3024.74 = 3204.53 over 673 frames.
20030010_684 نے پر کی صورت وائرس سیٹھ کے کی عمر مل اجرا ای تھر اب حامد 
LOG (lattice-best-path[5.5.907~1-cbed4]:main():lattice-best-path.cc:99) For utterance 20030010_685, best cost 130.739 + 2417.73 = 2548.47 over 522 frames.
20030010_685 جزو اور وصف ایونٹ جیل بخشیں سے کہا سے لنگر جو 
LOG (lattice-best-path[5.5.907~1-cbed4]:main():lattice-best-path.cc:99) For utterance 20030010_686, best cost 175.918 + 3151.36 = 3327.28 over 671 frames.
20030010_686 صورت کب جیل کے صغری علوی ٹشو اسے دنیاوی مسجد کر شور شغل چھور 
LOG (lattice-best-path[5.5.907~1-cbed4]:main():lattice-best-path.cc:99) For utterance 20030010_687, best cost 223.121 + 4247.27 = 4470.39 over 885 frames.
20030010_687 سب ویسے بس نقصان کے کھول ای تم جب حاصل چیف مارچ کر جمعہ مقصود کرائی 
LOG (lattice-best-path[5.5.907~1-cbed4]:main():lattice-best-path.cc:99) For utterance 20030010_688, best cost 277.566 + 4819.15 = 5096.72 over 1064 frames.
20030010_688 کر کی کر کی چادر بیج بچار کسے انجری یاں مزارعوں میں اور دیکھی کے دی <oov> میں نے حامد کس راقم داغ ہجوں 
LOG (lattice-best-path[5.5.907~1-cbed4]:main():lattice-best-path.cc:99) For utterance 20030010_689, best cost 208.085 + 2964.07 = 3172.16 over 625 frames.
20030010_689 دوجے کم گیر جیسے کی یا چادر عمل جو غور بنائیں اور ثلث و فصلیں فجور کر چھائی 
LOG (lattice-best-path[5.5.907~1-cbed4]:main():lattice-best-path.cc:99) For utterance 20030010_690, best cost 98.3421 + 1903.39 = 2001.73 over 384 frames.
20030010_690 کچھ سے عبدالحئی کے شعلوں کچھوا رہی جاتا ہے 
LOG (lattice-best-path[5.5.907~1-cbed4]:main():lattice-best-path.cc:99) For utterance 20030010_691, best cost 171.605 + 3343.56 = 3515.16 over 712 frames.
20030010_691 جیسے کی دلجوئی کے لیا ہجویہ حصے قضہ کا لوحوں بینات میں ٹھونس گیر 
LOG (lattice-best-path[5.5.907~1-cbed4]:main():lattice-best-path.cc:99) For utterance 20030010_692, best cost 169.404 + 3253.01 = 3422.41 over 703 frames.
20030010_692 بخود اثر نے کہا کے میں اسے دوسرا گھرے گاڑی کی بُدھی تہتر گراؤنڈ 
LOG (lattice-best-path[5.5.907~1-cbed4]:main():lattice-best-path.cc:99) For utterance 20030010_693, best cost 138.375 + 2272.89 = 2411.26 over 493 frames.
20030010_693 میں الحاق کے جوئیہ سے کہا کی اگائے پر دن آ کرائی مزدوروں 
LOG (lattice-best-path[5.5.907~1-cbed4]:main():lattice-best-path.cc:99) For utterance 20030010_694, best cost 241.952 + 3962.19 = 4204.14 over 853 frames.
20030010_694 کا لڑکا چھوڑ آ ششدر آیا کھال صاف کو جہد کی ارب کی سیٹھی پی جا کو جور بند بنائی 
LOG (lattice-best-path[5.5.907~1-cbed4]:main():lattice-best-path.cc:99) For utterance 20030010_695, best cost 174.784 + 2702.22 = 2877.01 over 596 frames.
20030010_695 کوئی کے جانا ٹیچر جانے کو کے عروج اگرچہ و چنگ تو پانی میں گھول جاؤں 
LOG (lattice-best-path[5.5.907~1-cbed4]:main():lattice-best-path.cc:99) For utterance 20030010_696, best cost 162.102 + 2751.25 = 2913.35 over 612 frames.
20030010_696 گیس اور غوث درد کے میسر کو مصور مسوڑوں کے بنانے کیلئے عظام کیا سیرگاہ 
LOG (lattice-best-path[5.5.907~1-cbed4]:main():lattice-best-path.cc:99) For utterance 20030010_697, best cost 134.121 + 2061.99 = 2196.11 over 465 frames.
20030010_697 بلوچ کسے سے ملین تمغوں کر ڈیزائنروں کرنے کا کام ہو کا 
LOG (lattice-best-path[5.5.907~1-cbed4]:main():lattice-best-path.cc:99) For utterance 20030010_698, best cost 136.4 + 2103.2 = 2239.6 over 474 frames.
20030010_698 بار کام جادوگر دن سے شگاف بارے استاد جائزہ لینے لگا 
LOG (lattice-best-path[5.5.907~1-cbed4]:main():lattice-best-path.cc:99) For utterance 20030010_699, best cost 195.303 + 2706.26 = 2901.57 over 587 frames.
20030010_699 رہ جیز کے قیود ضعف کار کی چھری ممبر درجے کے دورانیے دیول مجید کا مقصود جوق 
LOG (lattice-best-path[5.5.907~1-cbed4]:main():lattice-best-path.cc:99) For utterance 20030010_700, best cost 163.485 + 2669.09 = 2832.58 over 561 frames.
20030010_700 کوسوں تھو کی طرح ٹرین میں تو غافل کی سوجھی چھڑا کر مصور زور ٹوہ 
LOG (lattice-best-path[5.5.907~1-cbed4]:main():lattice-best-path.cc:99) For utterance 20030010_701, best cost 197.876 + 3736.68 = 3934.56 over 808 frames.
20030010_701 مظلام مان بولوں کو گذر کی تمام نقش ریسرچ جوار برڈ موضع صحبتوں کوسوں جایا 
LOG (lattice-best-path[5.5.907~1-cbed4]:main():lattice-best-path.cc:99) For utterance 20030010_702, best cost 157.07 + 2813.7 = 2970.77 over 608 frames.
20030010_702 کر فیصلہ قوت کی دودھ نے پر کے کو عشاق زون نادر بخشے و 
LOG (lattice-best-path[5.5.907~1-cbed4]:main():lattice-best-path.cc:99) For utterance 20030010_703, best cost 162.034 + 2937.87 = 3099.9 over 647 frames.
20030010_703 پر اٹھائیس سے تولید عید کھچی جیب فقروں کا ہو با ظاہر رقیہ ہے 
LOG (lattice-best-path[5.5.907~1-cbed4]:main():lattice-best-path.cc:99) For utterance 20030010_704, best cost 175.048 + 3497.1 = 3672.15 over 766 frames.
20030010_704 جوق ریڑھی سے شل مدعی نہ از صدیوں کی انظباتی طلب کا پراسیس ہے 
LOG (lattice-scale[5.5.907~1-cbed4]:main():lattice-scale.cc:107) Done 108 lattices.
LOG (lattice-best-path[5.5.907~1-cbed4]:main():lattice-best-path.cc:99) For utterance 20030010_705, best cost 155.072 + 2708.37 = 2863.44 over 578 frames.
20030010_705 باوجود فیورٹ و فیز جاتا لاگت اس آٹھ حصوں سے بڑی گئی 
LOG (lattice-add-penalty[5.5.907~1-cbed4]:main():lattice-add-penalty.cc:62) Done adding word insertion penalty to 108 lattices.
LOG (lattice-best-path[5.5.907~1-cbed4]:main():lattice-best-path.cc:99) For utterance 20030010_706, best cost 155.912 + 2951.89 = 3107.8 over 627 frames.
20030010_706 بجے سست ویسٹ لیس جیب کانجی دوجے تو مدح اُمید جوق 
LOG (lattice-best-path[5.5.907~1-cbed4]:main():lattice-best-path.cc:99) For utterance 20030010_707, best cost 131.584 + 2039.64 = 2171.22 over 449 frames.
20030010_707 ماضی کو بلا راہبر دورے بڑی ڈیوڑھی گناہوں میں نام کریں 
LOG (lattice-best-path[5.5.907~1-cbed4]:main():lattice-best-path.cc:99) For utterance 20030010_708, best cost 169.889 + 2527.93 = 2697.82 over 548 frames.
20030010_708 جان چھم میں سے پہلے بڑے نے معجل کو شب عارضی تدریس کا اور مشق سمجھا 
LOG (lattice-best-path[5.5.907~1-cbed4]:main():lattice-best-path.cc:124) Overall cost per frame is 5.03212 = 0.257114 [graph] + 4.775 [acoustic] over 76636 frames.
LOG (lattice-best-path[5.5.907~1-cbed4]:main():lattice-best-path.cc:128) Done 108 lattices, failed for 0
# Accounting: time=1 threads=1
# Ended (code 0) at Wed Apr 21 07:22:40 PKT 2021, elapsed time 1 seconds
