# lattice-scale --inv-acoustic-scale=15 "ark:gunzip -c exp/tri1/decode/lat.*.gz|" ark:- | lattice-add-penalty --word-ins-penalty=0.0 ark:- ark:- | lattice-best-path --word-symbol-table=exp/tri1/graph/words.txt ark:- ark,t:- | utils/int2sym.pl -f 2- exp/tri1/graph/words.txt | cat > exp/tri1/decode/scoring_kaldi/penalty_0.0/15.txt 
# Started at Wed Apr 21 07:18:25 PKT 2021
#
lattice-scale --inv-acoustic-scale=15 'ark:gunzip -c exp/tri1/decode/lat.*.gz|' ark:- 
lattice-best-path --word-symbol-table=exp/tri1/graph/words.txt ark:- ark,t:- 
lattice-add-penalty --word-ins-penalty=0.0 ark:- ark:- 
LOG (lattice-best-path[5.5.907~1-cbed4]:main():lattice-best-path.cc:99) For utterance 20030010_601, best cost 228.049 + 6562.28 = 6790.33 over 985 frames.
20030010_601 نو بخدمت کا کانجی کے بھابی کی مشن میں بھری نامی بولے ایری ادھار امرود کے پڑ آؤٹ کو قبول کمینگی 
LOG (lattice-best-path[5.5.907~1-cbed4]:main():lattice-best-path.cc:99) For utterance 20030010_602, best cost 271.511 + 8110.3 = 8381.81 over 1203 frames.
20030010_602 گروں ذخائر چیل کے نئی خود کے لڑکھڑا کی راہو ہتھوڑے بدحالی کے لو ڈانس خوشی چمچہ کے ھابھہ اولین کرنے کی شرکت سے اعظم ہے 
LOG (lattice-best-path[5.5.907~1-cbed4]:main():lattice-best-path.cc:99) For utterance 20030010_603, best cost 189.467 + 5650.41 = 5839.88 over 833 frames.
20030010_603 ششدر اور نزلے کے گہرا صبروتحمل پر اٹھا تو تبدیلی مہندی بسوں پر کر ان شوہر کیا 
LOG (lattice-best-path[5.5.907~1-cbed4]:main():lattice-best-path.cc:99) For utterance 20030010_604, best cost 213.62 + 5734.76 = 5948.38 over 856 frames.
20030010_604 ستھرے نے نہ علی کے گاؤن کی گرلز اور پڑی تو کہا ای سوچا ہے کہ گیس گنا خلیے اُٹھانے 
LOG (lattice-best-path[5.5.907~1-cbed4]:main():lattice-best-path.cc:99) For utterance 20030010_605, best cost 117.714 + 3466.53 = 3584.24 over 513 frames.
20030010_605 سوزش اوور انجمن کے پیشن مدعو دیں کر داخل دیتا ہے 
LOG (lattice-best-path[5.5.907~1-cbed4]:main():lattice-best-path.cc:99) For utterance 20030010_606, best cost 147.054 + 4089.02 = 4236.08 over 608 frames.
20030010_606 نچلی کے جماعت میں بلوچ خود سے تشدد کی طرح آفس کی درس عجلت ہے 
LOG (lattice-best-path[5.5.907~1-cbed4]:main():lattice-best-path.cc:99) For utterance 20030010_607, best cost 120.617 + 2770.63 = 2891.24 over 420 frames.
20030010_607 تک سرویئر کی عفت کی سب عام بھنڈی نہ بنائی جائے 
LOG (lattice-best-path[5.5.907~1-cbed4]:main():lattice-best-path.cc:99) For utterance 20030010_608, best cost 146.183 + 3923.76 = 4069.94 over 582 frames.
20030010_608 کو کر کے گود ایک ملک کو کوش قدم چوہوں جانے کی اجاگر ہو گی 
LOG (lattice-best-path[5.5.907~1-cbed4]:main():lattice-best-path.cc:99) For utterance 20030010_609, best cost 198.703 + 4904.91 = 5103.62 over 736 frames.
20030010_609 پریشر میں محور اُمید بار مگر مچھلی چست و لینے گاڑی اٹھی سینٹر جوق کا کسی یا کیا 
LOG (lattice-best-path[5.5.907~1-cbed4]:main():lattice-best-path.cc:99) For utterance 20030010_610, best cost 163.438 + 5228.51 = 5391.95 over 803 frames.
20030010_610 موثر ایڈڈ عشر یا کر جنوبی عمل میران میجر کی طرح سے وزیر ایسا ہے 
LOG (lattice-best-path[5.5.907~1-cbed4]:main():lattice-best-path.cc:99) For utterance 20030010_611, best cost 203.159 + 5685.67 = 5888.83 over 868 frames.
20030010_611 کھسک بلین ڈیم گا فورس چئرمین زچ ادب آؤ کو گڑگڑا ہر کی گوجری اس آج شیرے 
LOG (lattice-best-path[5.5.907~1-cbed4]:main():lattice-best-path.cc:99) For utterance 20030010_612, best cost 198.093 + 5919.95 = 6118.04 over 921 frames.
20030010_612 تبدیلی اٹھی لو حصص سیلرز حال بھورا کی جگہ شوکت جوق روور کی لینگویج برعکس مہم ہیں 
LOG (lattice-best-path[5.5.907~1-cbed4]:main():lattice-best-path.cc:99) For utterance 20030010_613, best cost 111.802 + 3051.2 = 3163 over 452 frames.
20030010_613 کر کو داخل برعکس اور جدول کو راستے یا زدہ کہا 
LOG (lattice-best-path[5.5.907~1-cbed4]:main():lattice-best-path.cc:99) For utterance 20030010_614, best cost 124.67 + 3850.8 = 3975.47 over 578 frames.
20030010_614 بدروح سینڈوچ ایشو کے کیمپ کے ساتھ سمجھی بغیر سمجھو طرح کیا 
LOG (lattice-best-path[5.5.907~1-cbed4]:main():lattice-best-path.cc:99) For utterance 20030010_615, best cost 235.217 + 6398.77 = 6633.99 over 960 frames.
20030010_615 ہدایت کا شہزادی ریلیز اور مشعر اثر کو بروز کچرے ہول جوگی خان رانجھن چیک تجوریاں یہ پرہیز بڑھائے آ 
LOG (lattice-best-path[5.5.907~1-cbed4]:main():lattice-best-path.cc:99) For utterance 20030010_616, best cost 229.452 + 6581.02 = 6810.47 over 989 frames.
20030010_616 کچیلے گولڈ پونچھنے صغری ورژن کو فروخت ثلث کر کے سی گا تذبذب کی موثر کر اہلکار تیاگ جی آپ 
LOG (lattice-best-path[5.5.907~1-cbed4]:main():lattice-best-path.cc:99) For utterance 20030010_617, best cost 161.57 + 4402.96 = 4564.53 over 669 frames.
20030010_617 کمرے تک رسول کے گڈ چھور میں کیوں کو ہمیں تدریس پر وعدہ فصلیں لگا 
LOG (lattice-best-path[5.5.907~1-cbed4]:main():lattice-best-path.cc:99) For utterance 20030010_618, best cost 168.817 + 5498.41 = 5667.23 over 824 frames.
20030010_618 بم کے کمرے سے روشناس منشور والی آکر سویرے ان نیورو کے بعد تجزیہ کیا ہے 
LOG (lattice-best-path[5.5.907~1-cbed4]:main():lattice-best-path.cc:99) For utterance 20030010_619, best cost 132.605 + 3331.1 = 3463.7 over 519 frames.
20030010_619 تصحیح بھی تشبیہ بھاگ مدعیان کرنے کر جوق میری نتیجے اور ہے 
LOG (lattice-best-path[5.5.907~1-cbed4]:main():lattice-best-path.cc:99) For utterance 20030010_620, best cost 200.87 + 5539.24 = 5740.11 over 820 frames.
20030010_620 قیمت نے پریوں کے ہولوں زور میں سموئے اور کی ییلو کوڑھ اوپر پور زور شور کی کی یا ریان کی 
LOG (lattice-best-path[5.5.907~1-cbed4]:main():lattice-best-path.cc:99) For utterance 20030010_621, best cost 189.245 + 6853 = 7042.25 over 1024 frames.
20030010_621 میں معجل تدریس حاشیے اور کر سوجن کے ماہرین میں سے ونڈوز اور چاہیے مؤثر تحریک کی 
LOG (lattice-best-path[5.5.907~1-cbed4]:main():lattice-best-path.cc:99) For utterance 20030010_622, best cost 174.242 + 5349.08 = 5523.33 over 764 frames.
20030010_622 کوٹھی کر میں ممبر گدے دیکھ کر انٹیلجنس عمر رسیدہ ڈیرے عالمی سکورز 
LOG (lattice-best-path[5.5.907~1-cbed4]:main():lattice-best-path.cc:99) For utterance 20030010_623, best cost 132.986 + 4359.31 = 4492.3 over 664 frames.
20030010_623 گینگسٹر بینک ادب منافعے سول برس طویل پریشان ایک گیا 
LOG (lattice-best-path[5.5.907~1-cbed4]:main():lattice-best-path.cc:99) For utterance 20030010_624, best cost 204.162 + 5205.16 = 5409.32 over 790 frames.
20030010_624 معاف بسر کے نسخہ میں تیسرے نو خواص فورس اور رفو دو حدود کی انجکشن کلیم احمد شیڈول تھا 
LOG (lattice-best-path[5.5.907~1-cbed4]:main():lattice-best-path.cc:99) For utterance 20030010_625, best cost 163.472 + 4408.01 = 4571.48 over 665 frames.
20030010_625 میراں ایگلز ساگر ٹیچر جادوگر دل دیکھ کر ڈگری سیڈ درجے مواد کے کھو گیا 
LOG (lattice-best-path[5.5.907~1-cbed4]:main():lattice-best-path.cc:99) For utterance 20030010_626, best cost 94.304 + 3101.5 = 3195.81 over 465 frames.
20030010_626 میں بجیں کو ملیریا دم کی خوار سمجھا گا 
LOG (lattice-best-path[5.5.907~1-cbed4]:main():lattice-best-path.cc:99) For utterance 20030010_627, best cost 166.078 + 4623.05 = 4789.12 over 712 frames.
20030010_627 سے کا تیروں عمر ٹرین اور بورڈ کی علم اسے بروز فردوس کو میری گھاگرا گیا 
LOG (lattice-best-path[5.5.907~1-cbed4]:main():lattice-best-path.cc:99) For utterance 20030010_628, best cost 156.187 + 4676.73 = 4832.92 over 709 frames.
20030010_628 لڑھک کی طرف ملے بنانے کیلئے بچے چڑیل ان میں پُلوں کے ہوش عمل قوت کی 
LOG (lattice-best-path[5.5.907~1-cbed4]:main():lattice-best-path.cc:99) For utterance 20030010_629, best cost 186.09 + 5741.62 = 5927.71 over 876 frames.
20030010_629 شیلٹر کے گوشوں والا کی آپ کا وافر میں سعید اب روغن میں نعمتوں کا قضہ بیج کر آیا 
LOG (lattice-best-path[5.5.907~1-cbed4]:main():lattice-best-path.cc:99) For utterance 20030010_630, best cost 158.797 + 4368.61 = 4527.41 over 668 frames.
20030010_630 تعین فیسیں میں نشر کے اژدھام اگر درجے ماتھے کر چھانٹ سے خام بگڑ گیا 
LOG (lattice-best-path[5.5.907~1-cbed4]:main():lattice-best-path.cc:99) For utterance 20030010_631, best cost 221.676 + 6391.86 = 6613.53 over 964 frames.
20030010_631 سینئر چیف کو رنز ڈاٹ ہے بیک نے وقف اگر کے بیوروکریٹس فیچر پولیس میں سے موڑ کر چھولے دکھائی 
LOG (lattice-best-path[5.5.907~1-cbed4]:main():lattice-best-path.cc:99) For utterance 20030010_632, best cost 242.105 + 8075.35 = 8317.46 over 1219 frames.
20030010_632 گزری سعید آنے کہا کی یہ چیڑھ حجت چھور اور بھیڑیا دکھوں بھجوا کر فجور اور سوری کوئی بدلے ڈیڈ ہوئے 
LOG (lattice-best-path[5.5.907~1-cbed4]:main():lattice-best-path.cc:99) For utterance 20030010_633, best cost 221.376 + 6795.66 = 7017.04 over 1056 frames.
20030010_633 رزق بینگن گم بگاڑنے تخیّل کیلئے عمیق کھینچیں اور ریسورس کی کو اس جیم سوئنگ جھیل کلیدی جھیل 
LOG (lattice-best-path[5.5.907~1-cbed4]:main():lattice-best-path.cc:99) For utterance 20030010_634, best cost 166.175 + 4634.63 = 4800.81 over 708 frames.
20030010_634 کو ٹیوشن فیشن زیست افغان کیلئے رو تلمیحات کی نہ کر بیلٹ کر کے لائیں 
LOG (lattice-best-path[5.5.907~1-cbed4]:main():lattice-best-path.cc:99) For utterance 20030010_635, best cost 169.049 + 4779.56 = 4948.61 over 722 frames.
20030010_635 پاس ویلوٹ گوجر کی نام باؤلر میں بیچنے اور ایام بدہضمی یا ذریعے تسلسل اور کریں 
LOG (lattice-best-path[5.5.907~1-cbed4]:main():lattice-best-path.cc:99) For utterance 20030010_636, best cost 159.693 + 4434.2 = 4593.9 over 677 frames.
20030010_636 کمرے دوست حصول اس کی جوڑے انجام ہونے سے اس اجاگر دوم کا پور ہوا 
LOG (lattice-best-path[5.5.907~1-cbed4]:main():lattice-best-path.cc:99) For utterance 20030010_637, best cost 154.922 + 4584.37 = 4739.3 over 703 frames.
20030010_637 کے خان کے زعما میں پہنچ کا رنگین یا موسیقی ہیڈ اسے موڈم بھیڑوں ہوئے 
LOG (lattice-best-path[5.5.907~1-cbed4]:main():lattice-best-path.cc:99) For utterance 20030010_638, best cost 194.125 + 7375.75 = 7569.88 over 1134 frames.
20030010_638 پر کنٹرول ہجر کی شیڈ اور بوئنگ میں ہوے سوئچ اور کوٹھی کو فیری کی کے ہلاک سے جھجھک 
LOG (lattice-best-path[5.5.907~1-cbed4]:main():lattice-best-path.cc:99) For utterance 20030010_639, best cost 209.296 + 6503.88 = 6713.18 over 1011 frames.
20030010_639 فیس کے جو تک کی دکھ کے ڈیرے سے تشخیص کر سکتے نہ بچّی گوہر تک سن سے ڈبو سمجھیں 
LOG (lattice-best-path[5.5.907~1-cbed4]:main():lattice-best-path.cc:99) For utterance 20030010_640, best cost 193.505 + 5277.37 = 5470.88 over 822 frames.
20030010_640 جوق کی میران پر بیٹھی گیارہویں سبزی میں بیضوی کونسل کی ایشو والا کا کو چوری گھوسٹ بقایا 
LOG (lattice-best-path[5.5.907~1-cbed4]:main():lattice-best-path.cc:99) For utterance 20030010_641, best cost 146.939 + 4668.48 = 4815.42 over 712 frames.
20030010_641 کو گوہر میں چمڑے شون کی آتشیں بعض سیڈ اجرا کر بھینسیں کی گی 
LOG (lattice-best-path[5.5.907~1-cbed4]:main():lattice-best-path.cc:99) For utterance 20030010_642, best cost 138.528 + 4104.14 = 4242.66 over 638 frames.
20030010_642 حصوں کی فیس کی میں جیسی کے کر گشت سے نفوذ کی کھلواڑ اٹھی 
LOG (lattice-best-path[5.5.907~1-cbed4]:main():lattice-best-path.cc:99) For utterance 20030010_643, best cost 170.493 + 4309.16 = 4479.66 over 664 frames.
20030010_643 تساہل سے نخوت بدلیں مرغا فقر جلسے نہ ہائے اور دوغلی عذاب سزائیں تحصیلدار لیں 
LOG (lattice-best-path[5.5.907~1-cbed4]:main():lattice-best-path.cc:99) For utterance 20030010_644, best cost 185.68 + 5915.98 = 6101.66 over 908 frames.
20030010_644 پچیں نیلم کر چھیڑ میں میں ڈور کو روئیں اور زیورات بجلی کے سینٹر سٹیڈیم سبب کریں 
LOG (lattice-best-path[5.5.907~1-cbed4]:main():lattice-best-path.cc:99) For utterance 20030010_645, best cost 176.88 + 4980.78 = 5157.66 over 768 frames.
20030010_645 لیڈر بیگج گیس میں دو ضعف کے سائبان بل سوچ مظفر کر نے چیف آشنا اپنے ہے 
LOG (lattice-best-path[5.5.907~1-cbed4]:main():lattice-best-path.cc:99) For utterance 20030010_646, best cost 170.594 + 4726.47 = 4897.06 over 734 frames.
20030010_646 ساحل احسن جوس میں اور چبھنے کے بعد الاؤنس بحیرہ نے در آڑے ڈالوں ڈالنے آئی 
LOG (lattice-best-path[5.5.907~1-cbed4]:main():lattice-best-path.cc:99) For utterance 20030010_647, best cost 120.475 + 3346.14 = 3466.62 over 517 frames.
20030010_647 واقعے کر کے تنازعے گولڈ مجروح اوڑھ کر دور راہبر آئی 
LOG (lattice-best-path[5.5.907~1-cbed4]:main():lattice-best-path.cc:99) For utterance 20030010_648, best cost 123.372 + 3751.86 = 3875.24 over 573 frames.
20030010_648 میلے میں داؤدی اشخاص پنہاں رخصت جلد کیلئے کروا تھا 
LOG (lattice-best-path[5.5.907~1-cbed4]:main():lattice-best-path.cc:99) For utterance 20030010_649, best cost 125.256 + 3199.08 = 3324.34 over 478 frames.
20030010_649 کو ڈوگر امراض کر کے بیعت میں کے بعد کوچوان کرنے گلے کرے 
LOG (lattice-best-path[5.5.907~1-cbed4]:main():lattice-best-path.cc:99) For utterance 20030010_650, best cost 177.823 + 5762.22 = 5940.04 over 870 frames.
20030010_650 ہجویہ وم کی صورت اور ساحل میت تھیم کے نقوی تہیہ کرائے اس کر غذاؤں ہے 
LOG (lattice-best-path[5.5.907~1-cbed4]:main():lattice-best-path.cc:99) For utterance 20030010_651, best cost 160.67 + 4470.84 = 4631.51 over 699 frames.
20030010_651 کوئلے کو گیلری میں جوگی کھوہ کڑوی دغا نوے خود نے سے پہلے سول بیٹھی 
LOG (lattice-best-path[5.5.907~1-cbed4]:main():lattice-best-path.cc:99) For utterance 20030010_652, best cost 173.109 + 5003.49 = 5176.6 over 777 frames.
20030010_652 بیلٹ اورنگ کی جھلک ہمجولیوں دیگر کے دوران نے میں کرا گود کے سلور تک پہنچ رہیں 
LOG (lattice-best-path[5.5.907~1-cbed4]:main():lattice-best-path.cc:99) For utterance 20030010_653, best cost 150.804 + 4134.07 = 4284.88 over 638 frames.
20030010_653 لوگ بردار ویسٹ کسی ظلم ڈگر زیست کے ہجے گھر کر لوث ہوا 
LOG (lattice-best-path[5.5.907~1-cbed4]:main():lattice-best-path.cc:99) For utterance 20030010_654, best cost 169.873 + 5345.98 = 5515.86 over 838 frames.
20030010_654 کھدر ڈیسک ہاؤس اس چیک کشف یا چونکہ اور انسٹھویں رولز کے معدے میں ستھرے 
LOG (lattice-best-path[5.5.907~1-cbed4]:main():lattice-best-path.cc:99) For utterance 20030010_655, best cost 102.625 + 3005.02 = 3107.64 over 465 frames.
20030010_655 نام برج کے چھائی یوروپیئن لیس بچھانے کریش ہے 
LOG (lattice-best-path[5.5.907~1-cbed4]:main():lattice-best-path.cc:99) For utterance 20030010_656, best cost 172.779 + 5954.43 = 6127.21 over 918 frames.
20030010_656 بے اثر سنچری کرو بیگم گردیزی ڈیم بجائے اور سوئی مجاہد رم وعید کریں 
LOG (lattice-best-path[5.5.907~1-cbed4]:main():lattice-best-path.cc:99) For utterance 20030010_657, best cost 105.755 + 3504.45 = 3610.2 over 540 frames.
20030010_657 آمدورفت کر ذہن کے قیصر کردار کی ہر سے مصنف 
LOG (lattice-best-path[5.5.907~1-cbed4]:main():lattice-best-path.cc:99) For utterance 20030010_658, best cost 120.887 + 3765.37 = 3886.26 over 591 frames.
20030010_658 رول گود کر لیبر روئی بیس چیڑھ بات سیلرز کرو 
LOG (lattice-best-path[5.5.907~1-cbed4]:main():lattice-best-path.cc:99) For utterance 20030010_659, best cost 153.254 + 5086.69 = 5239.95 over 779 frames.
20030010_659 میں کی کوٹھے بچھڑ کو لیتا تکلف اور اور فورس کے بعد بویا کے سوئے 
LOG (lattice-best-path[5.5.907~1-cbed4]:main():lattice-best-path.cc:99) For utterance 20030010_660, best cost 91.6115 + 3135.35 = 3226.96 over 482 frames.
20030010_660 بوئے دوران کے بو تاثر میں نہیں دوسرا 
LOG (lattice-best-path[5.5.907~1-cbed4]:main():lattice-best-path.cc:99) For utterance 20030010_661, best cost 115.402 + 3785.91 = 3901.31 over 578 frames.
20030010_661 قیصر کرنے کیلئے بچھڑ پیغمبر کر ڈاکوؤں ارب دبائے 
LOG (lattice-best-path[5.5.907~1-cbed4]:main():lattice-best-path.cc:99) For utterance 20030010_662, best cost 134.74 + 3780.63 = 3915.37 over 575 frames.
20030010_662 کر چیلنجوں کو کی اب یا چلے تو صیاد اٹھی تشبیہ ہے بکھرے 
LOG (lattice-best-path[5.5.907~1-cbed4]:main():lattice-best-path.cc:99) For utterance 20030010_663, best cost 169.129 + 4380.42 = 4549.55 over 656 frames.
20030010_663 پیر آڑے جدول چاہے مگر انگوٹھے اثر چیل تو دیں لیچی تدریس وقوعہ کوئی 
LOG (lattice-best-path[5.5.907~1-cbed4]:main():lattice-best-path.cc:99) For utterance 20030010_664, best cost 167.515 + 5258.09 = 5425.6 over 790 frames.
20030010_664 پر آسیہ کے بڑے اعظم میں ٹوائلٹ کوارڈینیٹر رسول ہوا تو ترچھی کیونکہ کھڑے کو گئے 
LOG (lattice-best-path[5.5.907~1-cbed4]:main():lattice-best-path.cc:99) For utterance 20030010_665, best cost 116.809 + 3694.7 = 3811.51 over 569 frames.
20030010_665 فیصلے تساہل وی سے سے گرج چینی طور پر بغیر ہوا 
LOG (lattice-best-path[5.5.907~1-cbed4]:main():lattice-best-path.cc:99) For utterance 20030010_666, best cost 124.26 + 3339.7 = 3463.96 over 505 frames.
20030010_666 دوجے ہوے اگرچہ علم کرا کا کا تک سب سے سندھو یہ 
LOG (lattice-best-path[5.5.907~1-cbed4]:main():lattice-best-path.cc:99) For utterance 20030010_667, best cost 122.506 + 4613.7 = 4736.21 over 731 frames.
20030010_667 بجلی دھیرے کے ڈار سے چمچے بوسن کی مجھے بوسن ہوئے 
LOG (lattice-best-path[5.5.907~1-cbed4]:main():lattice-best-path.cc:99) For utterance 20030010_668, best cost 165.481 + 4882.55 = 5048.03 over 739 frames.
20030010_668 صاحب لولی کے پڑے رونے والے چند کا پچھلے آشیانہ حریت سے جال میڈیا 
LOG (lattice-best-path[5.5.907~1-cbed4]:main():lattice-best-path.cc:99) For utterance 20030010_669, best cost 126.635 + 3703.02 = 3829.65 over 557 frames.
20030010_669 فورسڈ اعظم نوزل بولنے یوں سرہندی ریسرچ کروڑ بہن کیا 
LOG (lattice-best-path[5.5.907~1-cbed4]:main():lattice-best-path.cc:99) For utterance 20030010_670, best cost 133.858 + 4312.45 = 4446.31 over 653 frames.
20030010_670 روز ایک آخری اشجار ایک قسم ڈوگر کب چھوڑیں کا کرو 
LOG (lattice-best-path[5.5.907~1-cbed4]:main():lattice-best-path.cc:99) For utterance 20030010_671, best cost 177.106 + 4686.12 = 4863.23 over 712 frames.
20030010_671 خوشی سے پہلے سوسائٹی بویا نے کہا سروں فورسڈ افورڈ کے سقوط چھولے میں دو اور جھیل جاؤ 
LOG (lattice-best-path[5.5.907~1-cbed4]:main():lattice-best-path.cc:99) For utterance 20030010_672, best cost 138.972 + 3956.22 = 4095.2 over 626 frames.
20030010_672 انٹر میں ٹشو چلائی تو فقدان ورک سربراہ اور سے درجے کا بودلہ ہے 
LOG (lattice-best-path[5.5.907~1-cbed4]:main():lattice-best-path.cc:99) For utterance 20030010_673, best cost 129.036 + 3946.13 = 4075.17 over 621 frames.
20030010_673 کرائی کے جنگوں واقع ہوئی جوق کی نظر کے ڈیل کر پکائے 
LOG (lattice-best-path[5.5.907~1-cbed4]:main():lattice-best-path.cc:99) For utterance 20030010_674, best cost 159.227 + 4925.96 = 5085.19 over 777 frames.
20030010_674 مشورہ پر عمر برڈ کا پر چدھڑ کر ہم بار تھیم ٹھونس نے کی کوشش کی 
LOG (lattice-best-path[5.5.907~1-cbed4]:main():lattice-best-path.cc:99) For utterance 20030010_675, best cost 125.175 + 4435.28 = 4560.46 over 686 frames.
20030010_675 بجے ڈیوڑھی کے رویے پر سوچے کرتا خود کا ڈور اڑائیں 
LOG (lattice-best-path[5.5.907~1-cbed4]:main():lattice-best-path.cc:99) For utterance 20030010_676, best cost 128.022 + 3858.38 = 3986.4 over 587 frames.
20030010_676 اپنے رہائشی سعید کرنے ٹیچر زوال نے رنجش جبری برعکس گئی 
LOG (lattice-best-path[5.5.907~1-cbed4]:main():lattice-best-path.cc:99) For utterance 20030010_677, best cost 200.383 + 5034.88 = 5235.26 over 788 frames.
20030010_677 مرزا میں کیا کی دوغلی بولے مگر بعدازاں موصول بوڑھی رو گرداں نیچی حیرت سے دب بہن گیا 
LOG (lattice-best-path[5.5.907~1-cbed4]:main():lattice-best-path.cc:99) For utterance 20030010_678, best cost 199.566 + 7474.63 = 7674.2 over 1203 frames.
20030010_678 سمفنی سقوط ریلی کے تاثر والوں سے چھوڑ آنے کے لیے غائب گوجر بیک سے مشعر کے شعر کریں 
LOG (lattice-best-path[5.5.907~1-cbed4]:main():lattice-best-path.cc:99) For utterance 20030010_679, best cost 108.765 + 2694.31 = 2803.08 over 411 frames.
20030010_679 تھوڑے اور فیری بچی لگائے تو سعید تیزی سے اجڑی 
LOG (lattice-best-path[5.5.907~1-cbed4]:main():lattice-best-path.cc:99) For utterance 20030010_680, best cost 178.117 + 4288.69 = 4466.8 over 662 frames.
20030010_680 چوری درج اڑا پہلو کے ہول بیٹھ سوچوں رائگاں اٹھارہ برس نے نے ہے دوا جاتا ہے 
LOG (lattice-best-path[5.5.907~1-cbed4]:main():lattice-best-path.cc:99) For utterance 20030010_681, best cost 172.577 + 4876.59 = 5049.17 over 755 frames.
20030010_681 گدھا چیچن کیچ کو کو بقیہ رسولی تو گلوبل ڈچ ای دھار پر سوئے آ 
LOG (lattice-best-path[5.5.907~1-cbed4]:main():lattice-best-path.cc:99) For utterance 20030010_682, best cost 183.037 + 5022.73 = 5205.77 over 794 frames.
20030010_682 حبیب وجوہات کیوں لوٹ برس اجڑے قناعت میں جا کر برس کے جو ہر معلوم دھیرے 
LOG (lattice-best-path[5.5.907~1-cbed4]:main():lattice-best-path.cc:99) For utterance 20030010_683, best cost 158.758 + 4267.24 = 4425.99 over 669 frames.
20030010_683 ریڈ سے ہاؤس کی جو روزگار ایل میں میری حدیث کیچ ای سے نکل گئی 
LOG (lattice-best-path[5.5.907~1-cbed4]:main():lattice-best-path.cc:99) For utterance 20030010_684, best cost 144.303 + 4292.08 = 4436.38 over 673 frames.
20030010_684 میں درخور وائرس ایک کے جو میں میل یوریا ریلیف تیاگ تک اب 
LOG (lattice-best-path[5.5.907~1-cbed4]:main():lattice-best-path.cc:99) For utterance 20030010_685, best cost 119.069 + 3331.07 = 3450.13 over 522 frames.
20030010_685 جو فلڈ لوث ایونٹ سے بخشیں سے کہا سے لنگر جو 
LOG (lattice-best-path[5.5.907~1-cbed4]:main():lattice-best-path.cc:99) For utterance 20030010_686, best cost 156.609 + 4348.2 = 4504.81 over 671 frames.
20030010_686 سسٹم کیونکہ ضخیم بھی پیشرو سے بویا دی مسز کر شو شاہ پوچھ و 
LOG (lattice-best-path[5.5.907~1-cbed4]:main():lattice-best-path.cc:99) For utterance 20030010_687, best cost 202.526 + 5791.14 = 5993.67 over 885 frames.
20030010_687 ساتویں سے بدظن و سے آنکھیں بولیں تم جب آدھا سے چیک مارچ کر توجہ نواب زور کرائی 
LOG (lattice-best-path[5.5.907~1-cbed4]:main():lattice-best-path.cc:99) For utterance 20030010_688, best cost 218.05 + 6792.31 = 7010.36 over 1064 frames.
20030010_688 کر کی پر کی چادر بیج میں جا کسے انجنیئر مزارعوں اور اور دیکھی کے بھی مین ایہام کے کرا کے داخل جاؤ 
LOG (lattice-best-path[5.5.907~1-cbed4]:main():lattice-best-path.cc:99) For utterance 20030010_689, best cost 189.757 + 4100.05 = 4289.81 over 625 frames.
20030010_689 گوجر کم بیج اثر خیرہ کیا جان اور جو ہول بنائیں اور سوچا فصلیں فجر کچھ ہائے 
LOG (lattice-best-path[5.5.907~1-cbed4]:main():lattice-best-path.cc:99) For utterance 20030010_690, best cost 105.644 + 2566.03 = 2671.67 over 384 frames.
20030010_690 ای گلشن انور حائل کے شور کچھوا نہیں جاتا 
LOG (lattice-best-path[5.5.907~1-cbed4]:main():lattice-best-path.cc:99) For utterance 20030010_691, best cost 150.549 + 4676.55 = 4827.1 over 712 frames.
20030010_691 کے سے کی دلجوئی کیلئے امجد گویا اور حصے بظاہر معین آٹھ میں ٹھونس دیئے 
LOG (lattice-best-path[5.5.907~1-cbed4]:main():lattice-best-path.cc:99) For utterance 20030010_692, best cost 168.118 + 4518.73 = 4686.84 over 703 frames.
20030010_692 بخود نے ساتویں کہا کے میں سے بوسن دھڑے حد گاڑی کے بُدھی کھا قید بلبل 
LOG (lattice-best-path[5.5.907~1-cbed4]:main():lattice-best-path.cc:99) For utterance 20030010_693, best cost 124.578 + 3199.96 = 3324.54 over 493 frames.
20030010_693 میں بیٹھک کے جوئیہ سے کہا کے وقعت دوگنا کرائی مدح دو 
LOG (lattice-best-path[5.5.907~1-cbed4]:main():lattice-best-path.cc:99) For utterance 20030010_694, best cost 184.327 + 5493.98 = 5678.31 over 853 frames.
20030010_694 کر کا چھوڑ عاشق سایہ کر صاف کو جیٹ سے اور کی سیکھی جا کو جوق بن بنائیں 
LOG (lattice-best-path[5.5.907~1-cbed4]:main():lattice-best-path.cc:99) For utterance 20030010_695, best cost 159.048 + 3789.56 = 3948.61 over 596 frames.
20030010_695 کھچی جانا ٹیچر جانے کو کیا رو اگر چھین چنگ تو پانی میں گھول جاؤں 
LOG (lattice-best-path[5.5.907~1-cbed4]:main():lattice-best-path.cc:99) For utterance 20030010_696, best cost 135.719 + 3942.27 = 4077.99 over 612 frames.
20030010_696 کر شواہد کے ویزے کو مسخرے مسوڑوں کے بنانے کیلئے غلام کیا جائے گا 
LOG (lattice-best-path[5.5.907~1-cbed4]:main():lattice-best-path.cc:99) For utterance 20030010_697, best cost 97.8469 + 2979.85 = 3077.69 over 465 frames.
20030010_697 قدوقامت سے سوویت اگر میزائل کرنے کا کام ہو گا 
LOG (lattice-best-path[5.5.907~1-cbed4]:main():lattice-best-path.cc:99) For utterance 20030010_698, best cost 126.646 + 2981.37 = 3108.02 over 474 frames.
20030010_698 برابر امداد دور بھیم سے شکار اخبار لوث کا جائزہ لینے لگا 
LOG (lattice-best-path[5.5.907~1-cbed4]:main():lattice-best-path.cc:99) For utterance 20030010_699, best cost 169.169 + 3822.37 = 3991.54 over 587 frames.
20030010_699 راجے اسجد فیوچر اوقات کی چھری میں بدل کی ایریا نے ڈیڑھ عمر کی کا مقصود جو 
LOG (lattice-best-path[5.5.907~1-cbed4]:main():lattice-best-path.cc:99) For utterance 20030010_700, best cost 132.132 + 3679.25 = 3811.38 over 561 frames.
20030010_700 گستاخی کی طرف میمن تغافل کی سوجن چھڑا کر ڈور سوکھ سے رکھو 
LOG (lattice-best-path[5.5.907~1-cbed4]:main():lattice-best-path.cc:99) For utterance 20030010_701, best cost 198.335 + 5204.36 = 5402.7 over 808 frames.
20030010_701 منظور ماں مان بولو کو بدل کی دور اپنا چیزیں پروا کریں گذر صحبتوں کو سمجھا آیا 
LOG (lattice-best-path[5.5.907~1-cbed4]:main():lattice-best-path.cc:99) For utterance 20030010_702, best cost 155.914 + 3909.04 = 4064.96 over 608 frames.
20030010_702 کیفے اسلم قوت کی گوگل نے کرے ایک کو اور شاہ زور نادر باب جو 
LOG (lattice-best-path[5.5.907~1-cbed4]:main():lattice-best-path.cc:99) For utterance 20030010_703, best cost 147.601 + 4091.96 = 4239.56 over 647 frames.
20030010_703 پیٹھ سائیڈ سے تولید ای جیم کے فقروں کا ہو بار ظاہر اجرا ہے 
LOG (lattice-best-path[5.5.907~1-cbed4]:main():lattice-best-path.cc:99) For utterance 20030010_704, best cost 162.228 + 4871.82 = 5034.04 over 766 frames.
20030010_704 جوق کر میسر شل مدعیان اس ظاہر یوم کے انظباتی پھیلا عقاب پراسیس ہے 
LOG (lattice-best-path[5.5.907~1-cbed4]:main():lattice-best-path.cc:99) For utterance 20030010_705, best cost 132.8 + 3745.86 = 3878.66 over 578 frames.
20030010_705 باوجود لیبر مدھر لیس سجاتے لاگت آٹھ حصوں سے بڑھ گئے 
LOG (lattice-best-path[5.5.907~1-cbed4]:main():lattice-best-path.cc:99) For utterance 20030010_706, best cost 124.816 + 4097.63 = 4222.44 over 627 frames.
20030010_706 بجے سویٹر ریسکیو آنکھیں دکھنے چمچ لومڑی جو 
LOG (lattice-scale[5.5.907~1-cbed4]:main():lattice-scale.cc:107) Done 108 lattices.
LOG (lattice-best-path[5.5.907~1-cbed4]:main():lattice-best-path.cc:99) For utterance 20030010_707, best cost 98.8019 + 2922.7 = 3021.5 over 449 frames.
20030010_707 ماضی کمزور عورت اور ڈبلیو لیڈر عموماً نہ کریں 
LOG (lattice-add-penalty[5.5.907~1-cbed4]:main():lattice-add-penalty.cc:62) Done adding word insertion penalty to 108 lattices.
LOG (lattice-best-path[5.5.907~1-cbed4]:main():lattice-best-path.cc:99) For utterance 20030010_708, best cost 149.72 + 3532.48 = 3682.2 over 548 frames.
20030010_708 جمشید نے سے تلے بڑے نے معجل کو جگہ رسیدہ طریقہ اور مشق سمجھا 
LOG (lattice-best-path[5.5.907~1-cbed4]:main():lattice-best-path.cc:124) Overall cost per frame is 6.75342 = 0.225049 [graph] + 6.52837 [acoustic] over 76636 frames.
LOG (lattice-best-path[5.5.907~1-cbed4]:main():lattice-best-path.cc:128) Done 108 lattices, failed for 0
# Accounting: time=1 threads=1
# Ended (code 0) at Wed Apr 21 07:18:26 PKT 2021, elapsed time 1 seconds
