# lattice-scale --inv-acoustic-scale=17 "ark:gunzip -c exp/sgmm2_4_mmi_b0.1/decode_it4/lat.*.gz|" ark:- | lattice-add-penalty --word-ins-penalty=1.0 ark:- ark:- | lattice-best-path --word-symbol-table=data/lang_test/words.txt ark:- ark,t:- | utils/int2sym.pl -f 2- data/lang_test/words.txt | cat > exp/sgmm2_4_mmi_b0.1/decode_it4/scoring_kaldi/penalty_1.0/17.txt 
# Started at Wed Apr 21 08:36:10 PKT 2021
#
lattice-add-penalty --word-ins-penalty=1.0 ark:- ark:- 
lattice-best-path --word-symbol-table=data/lang_test/words.txt ark:- ark,t:- 
lattice-scale --inv-acoustic-scale=17 'ark:gunzip -c exp/sgmm2_4_mmi_b0.1/decode_it4/lat.*.gz|' ark:- 
LOG (lattice-best-path[5.5.907~1-cbed4]:main():lattice-best-path.cc:99) For utterance 20030010_601, best cost 259.74 + 3630.95 = 3890.69 over 985 frames.
20030010_601 نو بدلو کا تم کی کے ڈھابے کیلئے شون دھڑے لولی کلی میں ابھر انگوٹھی کے کرا حقوق بوم کر نیلم گی 
LOG (lattice-best-path[5.5.907~1-cbed4]:main():lattice-best-path.cc:99) For utterance 20030010_602, best cost 303.681 + 4410.3 = 4713.98 over 1203 frames.
20030010_602 گروں باورچی کے نرخوں اور کیلئے پرخچے ہوئیں ہوے پڑھائی کے لو بانسری شیرے آلود جا کے بھال اور میں شاہ کرنے کی شرکت سے آرزوئیں ہے 
LOG (lattice-best-path[5.5.907~1-cbed4]:main():lattice-best-path.cc:99) For utterance 20030010_603, best cost 235.541 + 3067.43 = 3302.97 over 833 frames.
20030010_603 شاہ مشن کر اور نزلے کی بڑا سے لگے عمل پر اٹھا کر تبدیلی دیکھ حصوں پر کرا میں چھابڑی کی 
LOG (lattice-best-path[5.5.907~1-cbed4]:main():lattice-best-path.cc:99) For utterance 20030010_604, best cost 236.575 + 3219.85 = 3456.43 over 856 frames.
20030010_604 صبحیں نے نہ علی کے گاؤں کی گرداں پڑی تو کہا فیس طوفان چاہے کے کس کے نہ خلیے اٹھائے ہیں 
LOG (lattice-best-path[5.5.907~1-cbed4]:main():lattice-best-path.cc:99) For utterance 20030010_605, best cost 141.847 + 1822.3 = 1964.15 over 513 frames.
20030010_605 سول جا شوہر جھمکے پیشن دھول پیر کر داخل دیتا ہے 
LOG (lattice-best-path[5.5.907~1-cbed4]:main():lattice-best-path.cc:99) For utterance 20030010_606, best cost 175.349 + 2231.67 = 2407.02 over 608 frames.
20030010_606 مری کے دماغی دلوں غلط سے پنجند اٹھے کا حافظ کی بڑی فضل رتھ ہے 
LOG (lattice-best-path[5.5.907~1-cbed4]:main():lattice-best-path.cc:99) For utterance 20030010_607, best cost 130.238 + 1454.73 = 1584.97 over 420 frames.
20030010_607 آپ سرویئر کی مثبت کی زنگ باندھ دیے نہ نئی جائے 
LOG (lattice-best-path[5.5.907~1-cbed4]:main():lattice-best-path.cc:99) For utterance 20030010_608, best cost 174.328 + 2089.17 = 2263.5 over 582 frames.
20030010_608 کو کے کے بورڈر نو رخ کو بش کر ڈام چوم جانے کی وجہ دو ہو گئی 
LOG (lattice-best-path[5.5.907~1-cbed4]:main():lattice-best-path.cc:99) For utterance 20030010_609, best cost 226.97 + 2573.06 = 2800.03 over 736 frames.
20030010_609 ٹریژری مہم عید ورک مگر مارچ نرگس تولیے نکالیں رضوی سونگ کے جور کا تصفیے جی ہے 
LOG (lattice-best-path[5.5.907~1-cbed4]:main():lattice-best-path.cc:99) For utterance 20030010_610, best cost 200.286 + 2727.56 = 2927.85 over 803 frames.
20030010_610 ماہ سے ریلی تشریف یا کریو بھی عمل دیر آدمی جلد کی طرف سے مجیب ایسا ہے 
LOG (lattice-best-path[5.5.907~1-cbed4]:main():lattice-best-path.cc:99) For utterance 20030010_611, best cost 197.37 + 3107.9 = 3305.27 over 868 frames.
20030010_611 کھوسٹ پہنے بحیرہ فاریسٹ ان میں سے کے دواؤں کو گڑگڑا ہر کی گچھے ساجد گے 
LOG (lattice-best-path[5.5.907~1-cbed4]:main():lattice-best-path.cc:99) For utterance 20030010_612, best cost 240.749 + 3188.84 = 3429.59 over 921 frames.
20030010_612 تبدیلی کے لفظ لشکر نگران بھورا فی جھڑک شاہ فٹ تو فوم وقت کی لینگویج کا عفو آ ہم ہیں 
LOG (lattice-best-path[5.5.907~1-cbed4]:main():lattice-best-path.cc:99) For utterance 20030010_613, best cost 145.433 + 1716.29 = 1861.72 over 452 frames.
20030010_613 کا علم کو اور لاکھا بوگس اور چہل کو رشید یانگ زدہ کہا 
LOG (lattice-best-path[5.5.907~1-cbed4]:main():lattice-best-path.cc:99) For utterance 20030010_614, best cost 145.279 + 2063.99 = 2209.27 over 578 frames.
20030010_614 محدود قے نے شیشے کے کرائی کے ساتھ سمجھیں بغیر سمجھو کا کیا 
LOG (lattice-best-path[5.5.907~1-cbed4]:main():lattice-best-path.cc:99) For utterance 20030010_615, best cost 262.052 + 3459.6 = 3721.65 over 960 frames.
20030010_615 ہدایت کا شہزادی نے نیچا مشعر آ عزت کو بروز کرتے ہوئے چوری خان رانجھن کی طرح جوڑیں نے پورا ہیڈ بقایا 
LOG (lattice-best-path[5.5.907~1-cbed4]:main():lattice-best-path.cc:99) For utterance 20030010_616, best cost 270.725 + 3495.62 = 3766.35 over 989 frames.
20030010_616 تراجم کے بلبل نے سرخ ہر ورژن کو فروخت سزا شاہ کر کیسی کا تصورات جیم اور صرف کا تھل کا رخ گیارہ کیا 
LOG (lattice-best-path[5.5.907~1-cbed4]:main():lattice-best-path.cc:99) For utterance 20030010_617, best cost 185.153 + 2383.12 = 2568.27 over 669 frames.
20030010_617 کا میں کا کرے سوکھی گلشن میں کیوں کو ہم پیدا دیکھ کر کردار پاس میں لگا 
LOG (lattice-best-path[5.5.907~1-cbed4]:main():lattice-best-path.cc:99) For utterance 20030010_618, best cost 236.077 + 2964.54 = 3200.62 over 824 frames.
20030010_618 کام پر کا میں سے بش ناظم اچھل والے اب کر سابق نے ان نیو کے بعد طرف سخت یا کیا ہے 
LOG (lattice-best-path[5.5.907~1-cbed4]:main():lattice-best-path.cc:99) For utterance 20030010_619, best cost 123.519 + 1738.93 = 1862.45 over 519 frames.
20030010_619 پریذیڈنٹ تشبیہ بھاگ مدعیان کرنے کا جوڈیشری نتیجے اور ہے 
LOG (lattice-best-path[5.5.907~1-cbed4]:main():lattice-best-path.cc:99) For utterance 20030010_620, best cost 213.637 + 3036.49 = 3250.13 over 820 frames.
20030010_620 چیل ماں نے تھنوں کی بولوں کو گروں میں سموئے اور کی میں مفہوم پر پرسوز شوروم کی کی گاڑیاں کی 
LOG (lattice-best-path[5.5.907~1-cbed4]:main():lattice-best-path.cc:99) For utterance 20030010_621, best cost 235.382 + 3852 = 4087.38 over 1024 frames.
20030010_621 کن معجل بیس حاشیے عرف کر ذوالجناح کے مان بہن میں سے مرض اور چھابڑی نماز میں میں تحریک کی 
LOG (lattice-best-path[5.5.907~1-cbed4]:main():lattice-best-path.cc:99) For utterance 20030010_622, best cost 189.333 + 3106.66 = 3295.99 over 764 frames.
20030010_622 کو کی طرح میں مرلہ گدے دیکھ کر ایک درجے عمر رسیدہ بیڑے عالمی سے گزرے 
LOG (lattice-best-path[5.5.907~1-cbed4]:main():lattice-best-path.cc:99) For utterance 20030010_623, best cost 158.899 + 2396.05 = 2554.95 over 664 frames.
20030010_623 بالکل جان کا داغ منافعے سونگ برس کا میں دانش آن لے گیا 
LOG (lattice-best-path[5.5.907~1-cbed4]:main():lattice-best-path.cc:99) For utterance 20030010_624, best cost 233.017 + 2830.33 = 3063.34 over 790 frames.
20030010_624 مفلس ایئر کے نوش کو میں دیے سیلرز خواص کوڑھ سالہ خون خود عود کے پرچم کے لیے محور شعبوں تھا 
LOG (lattice-best-path[5.5.907~1-cbed4]:main():lattice-best-path.cc:99) For utterance 20030010_625, best cost 174.365 + 2358.61 = 2532.98 over 665 frames.
20030010_625 نیلم ریگن سالگرہ فیچر جاتی قدرے کر ڈگری سیدھے کے معاف کے کھو گیا 
LOG (lattice-best-path[5.5.907~1-cbed4]:main():lattice-best-path.cc:99) For utterance 20030010_626, best cost 106.457 + 1711.81 = 1818.26 over 465 frames.
20030010_626 میں بوجھ نے کو ملیریا دن کی مرغا سمجھا 
LOG (lattice-best-path[5.5.907~1-cbed4]:main():lattice-best-path.cc:99) For utterance 20030010_627, best cost 183.664 + 2429.74 = 2613.4 over 712 frames.
20030010_627 فکر غیر عمل کے نور دور کے علم یا سے بلوں کے تو فوم میں لکھا گیا 
LOG (lattice-best-path[5.5.907~1-cbed4]:main():lattice-best-path.cc:99) For utterance 20030010_628, best cost 184.664 + 2475.44 = 2660.1 over 709 frames.
20030010_628 لوہا کی طرح میں لگانے کے لیے بیچلر ٹریبیونل میں فلموں کی خوشیوں مغز کود پیئں 
LOG (lattice-best-path[5.5.907~1-cbed4]:main():lattice-best-path.cc:99) For utterance 20030010_629, best cost 212.132 + 3122.95 = 3335.08 over 876 frames.
20030010_629 چھیل کر کے گوشوں اور کیا عوام خوار میں سعید عفو دوغلی سے مردوں کا گیسیں دیکھ کر آیا 
LOG (lattice-best-path[5.5.907~1-cbed4]:main():lattice-best-path.cc:99) For utterance 20030010_630, best cost 191.199 + 2291.82 = 2483.02 over 668 frames.
20030010_630 تعین قسم نے نشر کے اشجار نے عام کر بیچے ماڑی تو چھم سے خان دکھائی گیا 
LOG (lattice-best-path[5.5.907~1-cbed4]:main():lattice-best-path.cc:99) For utterance 20030010_631, best cost 246.618 + 3469.73 = 3716.35 over 964 frames.
20030010_631 سیریز چیف کو رتھ ڈاٹ ہے بیٹھی نے کفار کر کے تلور کا فیچر تو پیسنے سے موعود کر چلے دکھائی 
LOG (lattice-best-path[5.5.907~1-cbed4]:main():lattice-best-path.cc:99) For utterance 20030010_632, best cost 247.549 + 4595.76 = 4843.3 over 1219 frames.
20030010_632 کسی سجدہ نے کہا کے بوریت کی حجت چھوڑ اور بھیڑیا دکھ بھجوا کر کھجوریں اور سوئی چھولے بغیر بیٹھک 
LOG (lattice-best-path[5.5.907~1-cbed4]:main():lattice-best-path.cc:99) For utterance 20030010_633, best cost 247.482 + 3563.78 = 3811.26 over 1056 frames.
20030010_633 پرچم دن کے بگاڑنے کا غیور کیلئے نے پھیرتے اور فیصد کی کو اونس پیش سے انسولین کے لیے دی چیل ہے 
LOG (lattice-best-path[5.5.907~1-cbed4]:main():lattice-best-path.cc:99) For utterance 20030010_634, best cost 192.654 + 2532.1 = 2724.75 over 708 frames.
20030010_634 کوئلے شلجم ٹریژری اس کہانی کے لیے روغن یادیں کے نہ کر فرینڈ کر کے لائیں 
LOG (lattice-best-path[5.5.907~1-cbed4]:main():lattice-best-path.cc:99) For utterance 20030010_635, best cost 197.707 + 2516.83 = 2714.54 over 722 frames.
20030010_635 پاس میں بالکل جھینگے اعلان فارغ میں بیچلر اور عدل مملکت میراں ذریعے سے سویرا کریں 
LOG (lattice-best-path[5.5.907~1-cbed4]:main():lattice-best-path.cc:99) For utterance 20030010_636, best cost 188.081 + 2262.52 = 2450.61 over 677 frames.
20030010_636 کرنا ڈور خشوع نعمت کے چوہیا چمن ایک سعید سوچا کا تو ہم کا سود ہوا 
LOG (lattice-best-path[5.5.907~1-cbed4]:main():lattice-best-path.cc:99) For utterance 20030010_637, best cost 180.341 + 2450.38 = 2630.72 over 703 frames.
20030010_637 ایقان کے اجتماعی میں پہنچ کلونجی لا موڈ کی کی ہیڈ عرصے بورڈ ادھیڑ ہوئے 
LOG (lattice-best-path[5.5.907~1-cbed4]:main():lattice-best-path.cc:99) For utterance 20030010_638, best cost 236.572 + 4027.68 = 4264.25 over 1134 frames.
20030010_638 کب کام جو حجت کی شیلٹر بوائے میں کو میں صورت اور کوٹھی کو کلیجی کے خلاف سے جج سے 
LOG (lattice-best-path[5.5.907~1-cbed4]:main():lattice-best-path.cc:99) For utterance 20030010_639, best cost 249.756 + 3327.44 = 3577.2 over 1011 frames.
20030010_639 ہیئر کے دکھ کر کی دکھ سے دل سے ترچھی اس کر سے کے نہ گڈ چیز اور تک سامان سے ڈبو صفیں 
LOG (lattice-best-path[5.5.907~1-cbed4]:main():lattice-best-path.cc:99) For utterance 20030010_640, best cost 215.877 + 2719.8 = 2935.68 over 822 frames.
20030010_640 چوہدری میراں پر بیٹھی جعلی سبزی میں بھی سے کونسل ٹشو والا کا کر چوری کھول جرگہ آیا 
LOG (lattice-best-path[5.5.907~1-cbed4]:main():lattice-best-path.cc:99) For utterance 20030010_641, best cost 178.669 + 2463.17 = 2641.84 over 712 frames.
20030010_641 کو کو پھیلنے دور بھری شب اودھم کی آتشیں بعض عید کچلا کر بھینسیں دی 
LOG (lattice-best-path[5.5.907~1-cbed4]:main():lattice-best-path.cc:99) For utterance 20030010_642, best cost 158.051 + 2112.27 = 2270.32 over 638 frames.
20030010_642 حصوں کی فرض کے میچ اسی کے تو دانش سے نفوذ کی کھلواڑ کوٹھی 
LOG (lattice-best-path[5.5.907~1-cbed4]:main():lattice-best-path.cc:99) For utterance 20030010_643, best cost 213.255 + 2233.87 = 2447.13 over 664 frames.
20030010_643 تفاوت اثر نخوت بڑی موقف افواج عرصے نہ ہائے اور دوغلی اور آگ سے زاید رحیم داڑھی 
LOG (lattice-best-path[5.5.907~1-cbed4]:main():lattice-best-path.cc:99) For utterance 20030010_644, best cost 201.826 + 3010.9 = 3212.72 over 908 frames.
20030010_644 بیچ کے لیے ترچھی میں دو کو روے اور زیورات کے چھری کیسی پر سٹیڈیم تعداد کریں 
LOG (lattice-best-path[5.5.907~1-cbed4]:main():lattice-best-path.cc:99) For utterance 20030010_645, best cost 212.441 + 2554.61 = 2767.05 over 768 frames.
20030010_645 میں تجرد کے اس میں دو زور کے سائیڈ بس و روضہ خیر کر نے کے ایفا آشنا میں ہیں 
LOG (lattice-best-path[5.5.907~1-cbed4]:main():lattice-best-path.cc:99) For utterance 20030010_646, best cost 201.644 + 2466.19 = 2667.83 over 734 frames.
20030010_646 سامنے ناغہ جوس میں اور چبھنے کے بعد لاؤ بے اے رنگ نے در اداروں ڈالنے آئی 
LOG (lattice-best-path[5.5.907~1-cbed4]:main():lattice-best-path.cc:99) For utterance 20030010_647, best cost 127.672 + 1731.11 = 1858.79 over 517 frames.
20030010_647 واقع کر کے غنا سے گروپ میچور کر دوران پر آئے 
LOG (lattice-best-path[5.5.907~1-cbed4]:main():lattice-best-path.cc:99) For utterance 20030010_648, best cost 139.454 + 2064.84 = 2204.29 over 573 frames.
20030010_648 حویلی میں دودھیا چھائی تمغہ خفت جڑ کیلئے کروا تھا 
LOG (lattice-best-path[5.5.907~1-cbed4]:main():lattice-best-path.cc:99) For utterance 20030010_649, best cost 131.101 + 1737.34 = 1868.44 over 478 frames.
20030010_649 کفر کو کر نرسیں کے ڈیتھ نے کے بعد عوام کرنے لگائے 
LOG (lattice-best-path[5.5.907~1-cbed4]:main():lattice-best-path.cc:99) For utterance 20030010_650, best cost 225.698 + 3054.36 = 3280.06 over 870 frames.
20030010_650 کھجلی کا میں کی سینئر تو سال میں عورت اننگز کے نہ سوری آفس یا کی لائی کا کی کی ظاہر 
LOG (lattice-best-path[5.5.907~1-cbed4]:main():lattice-best-path.cc:99) For utterance 20030010_651, best cost 171.354 + 2339.78 = 2511.14 over 699 frames.
20030010_651 کوئلے کو بلی مہجور کی کھو کریم باندھیں اور کڑھنے سے پہلے حصوں بھیجی 
LOG (lattice-best-path[5.5.907~1-cbed4]:main():lattice-best-path.cc:99) For utterance 20030010_652, best cost 178.479 + 2544.57 = 2723.05 over 777 frames.
20030010_652 پر ٹری کیجیے کاندھلوی پر کے دوران میں میں کا گود کے سندھو تک پہنچوں ہیں 
LOG (lattice-best-path[5.5.907~1-cbed4]:main():lattice-best-path.cc:99) For utterance 20030010_653, best cost 172.858 + 2141.18 = 2314.04 over 638 frames.
20030010_653 لوگ ابرار برس کسی ظلم دھل کر زیر کے ہجے ڈھائی تک لوث ہوا 
LOG (lattice-best-path[5.5.907~1-cbed4]:main():lattice-best-path.cc:99) For utterance 20030010_654, best cost 179.083 + 2805.51 = 2984.6 over 838 frames.
20030010_654 کڑوی درج ہاؤسنگ اس کی آشیانہ چون کے اور انسٹھویں گول سے معدے میں ستھرے 
LOG (lattice-best-path[5.5.907~1-cbed4]:main():lattice-best-path.cc:99) For utterance 20030010_655, best cost 113.414 + 1616.31 = 1729.73 over 465 frames.
20030010_655 نام بخشے چھائی و ڈھیلے نصف بچھانے کریش ہے 
LOG (lattice-best-path[5.5.907~1-cbed4]:main():lattice-best-path.cc:99) For utterance 20030010_656, best cost 227.178 + 3126.53 = 3353.71 over 918 frames.
20030010_656 بے اثر زنجیر قے بیگم کر زیر ای ہیئر بجائے اور سوری مچا ہائے رم بے گیس کریں 
LOG (lattice-best-path[5.5.907~1-cbed4]:main():lattice-best-path.cc:99) For utterance 20030010_657, best cost 116.936 + 2026.93 = 2143.86 over 540 frames.
20030010_657 آمدورفت کا نظر کے قیصر ٹریفک حسیں مفلس ہیں 
LOG (lattice-best-path[5.5.907~1-cbed4]:main():lattice-best-path.cc:99) For utterance 20030010_658, best cost 125.985 + 2008.91 = 2134.89 over 591 frames.
20030010_658 میں بزرگ کا نے بنوری بے اس کی بادشاہ سے مزارعوں 
LOG (lattice-best-path[5.5.907~1-cbed4]:main():lattice-best-path.cc:99) For utterance 20030010_659, best cost 182.125 + 2751.65 = 2933.78 over 779 frames.
20030010_659 میں کے کو کے بجھائی اور کوئی کا تو غم اور اور سوئس کے بعد بویا پھیر سوئے 
LOG (lattice-best-path[5.5.907~1-cbed4]:main():lattice-best-path.cc:99) For utterance 20030010_660, best cost 109.275 + 1730.56 = 1839.83 over 482 frames.
20030010_660 کوئی دلہن کے بو کا وزراء میں نہیں وزراء 
LOG (lattice-best-path[5.5.907~1-cbed4]:main():lattice-best-path.cc:99) For utterance 20030010_661, best cost 134.863 + 2075.04 = 2209.9 over 578 frames.
20030010_661 کر صفیں نے کے لیے بچھڑوں پر عمل کر داغدار کر دبائے 
LOG (lattice-best-path[5.5.907~1-cbed4]:main():lattice-best-path.cc:99) For utterance 20030010_662, best cost 161.271 + 2009.94 = 2171.21 over 575 frames.
20030010_662 کر فن جور کو کے ارکان کیا چلے تو سے یا روہی تشبیہ کے دیئے 
LOG (lattice-best-path[5.5.907~1-cbed4]:main():lattice-best-path.cc:99) For utterance 20030010_663, best cost 195.644 + 2397.59 = 2593.23 over 656 frames.
20030010_663 پیر اونے جانا چاہے مگر درود شعر سال کی تو کے لیے کی تنقیص بو تھو ہوئے 
LOG (lattice-best-path[5.5.907~1-cbed4]:main():lattice-best-path.cc:99) For utterance 20030010_664, best cost 230.993 + 2918.03 = 3149.03 over 790 frames.
20030010_664 کلاں سیاحت کے بڑے ارزاں میں قائم نہ تھوڑی لیکن از زور ہوا تو ترچھی کے روپے کھڑے کو گئے 
LOG (lattice-best-path[5.5.907~1-cbed4]:main():lattice-best-path.cc:99) For utterance 20030010_665, best cost 135.61 + 2000.4 = 2136.01 over 569 frames.
20030010_665 فیض میں خواہ سرکاری سے سے کرشنگ نے طور پر بغیر ہوا 
LOG (lattice-best-path[5.5.907~1-cbed4]:main():lattice-best-path.cc:99) For utterance 20030010_666, best cost 141.842 + 1894.31 = 2036.16 over 505 frames.
20030010_666 دور سے ہوے اگرچہ لنگر اب کا کر کا سرخ جیسے بھورے 
LOG (lattice-best-path[5.5.907~1-cbed4]:main():lattice-best-path.cc:99) For utterance 20030010_667, best cost 152.172 + 2427.95 = 2580.13 over 731 frames.
20030010_667 تحریک کی ہر کے بار سے چونکہ بو سے کی گوجری بوسن ہوئے 
LOG (lattice-best-path[5.5.907~1-cbed4]:main():lattice-best-path.cc:99) For utterance 20030010_668, best cost 192.584 + 2639.46 = 2832.04 over 739 frames.
20030010_668 ساجد پولیس کے پڑے رونے والے چند کا پچھلے عدلیہ نہ رعیت سے جاوید لا 
LOG (lattice-best-path[5.5.907~1-cbed4]:main():lattice-best-path.cc:99) For utterance 20030010_669, best cost 138.656 + 2097.04 = 2235.7 over 557 frames.
20030010_669 کوڈ کا سے نظر بولنے میوزک کیلئے ریزرو لولی جی یا 
LOG (lattice-best-path[5.5.907~1-cbed4]:main():lattice-best-path.cc:99) For utterance 20030010_670, best cost 133.154 + 2437.52 = 2570.68 over 653 frames.
20030010_670 کرو سے کافی اشرف یہ کے سربراہ کو کوٹھے کا کرو 
LOG (lattice-best-path[5.5.907~1-cbed4]:main():lattice-best-path.cc:99) For utterance 20030010_671, best cost 202.459 + 2476.27 = 2678.73 over 712 frames.
20030010_671 خوشی سے پہلے سوسائٹی گڑیا نے کہا فرعون وصف افورڈ کے سکولز چھولے میں دو اور جیل جاؤ 
LOG (lattice-best-path[5.5.907~1-cbed4]:main():lattice-best-path.cc:99) For utterance 20030010_672, best cost 166.581 + 1990.96 = 2157.55 over 626 frames.
20030010_672 انٹر معدے ایشوز چرانے تو فقدان برڈ سربراہ اور سے درجے کا پہلا ہے 
LOG (lattice-best-path[5.5.907~1-cbed4]:main():lattice-best-path.cc:99) For utterance 20030010_673, best cost 153.52 + 1995.51 = 2149.03 over 621 frames.
20030010_673 کرائی کے جامعہ واقعے ہوے جو ضلع سکتے بیلٹ پھل کرائے 
LOG (lattice-best-path[5.5.907~1-cbed4]:main():lattice-best-path.cc:99) For utterance 20030010_674, best cost 175.888 + 2639.37 = 2815.26 over 777 frames.
20030010_674 مشورہ پَلوں ممبر کا پرچم کر کر ہم بار کی مس میں کی کوشش کی 
LOG (lattice-best-path[5.5.907~1-cbed4]:main():lattice-best-path.cc:99) For utterance 20030010_675, best cost 166.096 + 2297.31 = 2463.4 over 686 frames.
20030010_675 آڑ جہد اولی کے رویے پر سوچے تو کا فون تک با اور اڑائیں 
LOG (lattice-best-path[5.5.907~1-cbed4]:main():lattice-best-path.cc:99) For utterance 20030010_676, best cost 158.905 + 2066.4 = 2225.3 over 587 frames.
20030010_676 اپنے رہائشی سے جنم ٹیچر اثر زوال ینگ دیش جھگڑے پر رکھتے 
LOG (lattice-best-path[5.5.907~1-cbed4]:main():lattice-best-path.cc:99) For utterance 20030010_677, best cost 242.713 + 2548 = 2790.71 over 788 frames.
20030010_677 مثال نے جی یا کی گگلی بوئنگ مگر بعدازاں کو سدھو کی رو گرداں نیچی حیرت سے درد دہلوی یا 
LOG (lattice-best-path[5.5.907~1-cbed4]:main():lattice-best-path.cc:99) For utterance 20030010_678, best cost 241.818 + 4040.88 = 4282.69 over 1203 frames.
20030010_678 سے سروس کا کچیلے سے کا اور زوال اثر چرانے کے لیے کھا انٹر چند بیک سے مشقت شعر کریں 
LOG (lattice-best-path[5.5.907~1-cbed4]:main():lattice-best-path.cc:99) For utterance 20030010_679, best cost 116.004 + 1418.82 = 1534.83 over 411 frames.
20030010_679 تھوڑی اور قریب بچّی لگائے تو سے تیزی سوچیے 
LOG (lattice-best-path[5.5.907~1-cbed4]:main():lattice-best-path.cc:99) For utterance 20030010_680, best cost 194.872 + 2267.52 = 2462.39 over 662 frames.
20030010_680 چوری کا جونا پہلو کے ہوے بیٹھک تو لیب اٹھارہ برس میں میں کرا وجہ تک ہے 
LOG (lattice-best-path[5.5.907~1-cbed4]:main():lattice-best-path.cc:99) For utterance 20030010_681, best cost 193.643 + 2497.95 = 2691.59 over 755 frames.
20030010_681 بدل کی شل کے شوق کب کی درس ہوئی تو بولو پر ترچھی ڈار پر صوفیہ 
LOG (lattice-best-path[5.5.907~1-cbed4]:main():lattice-best-path.cc:99) For utterance 20030010_682, best cost 182.054 + 2588.82 = 2770.88 over 794 frames.
20030010_682 دی وجوہات کی لوٹ پر اجڑے کا ناچنے جا کر برس کے جوق معلوم کیے 
LOG (lattice-best-path[5.5.907~1-cbed4]:main():lattice-best-path.cc:99) For utterance 20030010_683, best cost 160.891 + 2285.88 = 2446.77 over 669 frames.
20030010_683 ریلیف سے ماؤنٹ کی چوروں تک اینٹھن منگنی وڈیو کے کی سے نکل گئے 
LOG (lattice-best-path[5.5.907~1-cbed4]:main():lattice-best-path.cc:99) For utterance 20030010_684, best cost 142.824 + 2198.92 = 2341.75 over 673 frames.
20030010_684 میں بری سوراخ وائرس ایک کے چیونگم ایلوویرا میں رکھتا کھاؤں 
LOG (lattice-best-path[5.5.907~1-cbed4]:main():lattice-best-path.cc:99) For utterance 20030010_685, best cost 134.716 + 1718.81 = 1853.52 over 522 frames.
20030010_685 جو پر عفو و سیون کے بخشیں سے کہا سے لنگر دو 
LOG (lattice-best-path[5.5.907~1-cbed4]:main():lattice-best-path.cc:99) For utterance 20030010_686, best cost 169.458 + 2231.76 = 2401.21 over 671 frames.
20030010_686 سے پر کمپیرنگ کے سرخی دی پریشر سے دنیاوی میں سے کا شو شاخوں جھوٹ 
LOG (lattice-best-path[5.5.907~1-cbed4]:main():lattice-best-path.cc:99) For utterance 20030010_687, best cost 219.193 + 3090.78 = 3309.97 over 885 frames.
20030010_687 ساغر سے بدسلوکی سے عام جنگ گھلیں تو جب کا کرا سے چیڑھ خمار کر توجہ مقصود کرائی 
LOG (lattice-best-path[5.5.907~1-cbed4]:main():lattice-best-path.cc:99) For utterance 20030010_688, best cost 260.287 + 3520.84 = 3781.12 over 1064 frames.
20030010_688 کر کی پر کی چادر بیچ کچرا کسے جھریاں مزارعوں اور دیکھی کے دی خلیے نے ایہام میں کے کلراٹھی داخل جاؤ 
LOG (lattice-best-path[5.5.907~1-cbed4]:main():lattice-best-path.cc:99) For utterance 20030010_689, best cost 199.259 + 2195.74 = 2394.99 over 625 frames.
20030010_689 دوجے تو بھیجے اثر کی راجیہ جان جوق اور بنائیں اور سوئس اور فصلیں فجر کچھ آئے 
LOG (lattice-best-path[5.5.907~1-cbed4]:main():lattice-best-path.cc:99) For utterance 20030010_690, best cost 98.1869 + 1385.51 = 1483.7 over 384 frames.
20030010_690 کے گلشن عبدالحئی کے شعلوں کچھوا نہیں جاتا 
LOG (lattice-best-path[5.5.907~1-cbed4]:main():lattice-best-path.cc:99) For utterance 20030010_691, best cost 194.84 + 2421.37 = 2616.21 over 712 frames.
20030010_691 کیسی کی دلجوئی کیلئے اپنا جید گویا اور حصے کس آکر بوئے نارتھ میں ٹھونس دیئے 
LOG (lattice-best-path[5.5.907~1-cbed4]:main():lattice-best-path.cc:99) For utterance 20030010_692, best cost 177.387 + 2320.6 = 2497.98 over 703 frames.
20030010_692 بخود بسا نے کہا کے ویسے دوسرا بڑے حد گاڑی کے بری کھا تکلم 
LOG (lattice-best-path[5.5.907~1-cbed4]:main():lattice-best-path.cc:99) For utterance 20030010_693, best cost 136.69 + 1616.92 = 1753.61 over 493 frames.
20030010_693 میں الحاق کے جو رازق کہا کے بقایا کر دینا کرائی مدعو 
LOG (lattice-best-path[5.5.907~1-cbed4]:main():lattice-best-path.cc:99) For utterance 20030010_694, best cost 207.146 + 2855.08 = 3062.23 over 853 frames.
20030010_694 کر کا چھوڑ آ ششدر آیا کر ساخت کو جج یہ اور ایسی کی چاقو چنگل بنائیں 
LOG (lattice-best-path[5.5.907~1-cbed4]:main():lattice-best-path.cc:99) For utterance 20030010_695, best cost 165.708 + 1924.65 = 2090.36 over 596 frames.
20030010_695 کرکے جانب چیچن جانے کو تعلق اگرچہ جنگ تو پانی میں گھول جنگ 
LOG (lattice-best-path[5.5.907~1-cbed4]:main():lattice-best-path.cc:99) For utterance 20030010_696, best cost 170.533 + 1959.32 = 2129.85 over 612 frames.
20030010_696 ارشد ساز کر کے میں سے کو مسخرے مسوڑوں کے بنانے کیلئے افسران کیا جائے گا 
LOG (lattice-best-path[5.5.907~1-cbed4]:main():lattice-best-path.cc:99) For utterance 20030010_697, best cost 126.146 + 1509 = 1635.15 over 465 frames.
20030010_697 برقرار سے سرویئر تلخ کر ڈیزائنروں کرنے کا کام ہو گا 
LOG (lattice-best-path[5.5.907~1-cbed4]:main():lattice-best-path.cc:99) For utterance 20030010_698, best cost 134.489 + 1486.66 = 1621.14 over 474 frames.
20030010_698 باران ذاد علوی سے شکار اخبار روزگار جائزہ لینے لگا 
LOG (lattice-scale[5.5.907~1-cbed4]:main():lattice-scale.cc:107) Done 108 lattices.
LOG (lattice-best-path[5.5.907~1-cbed4]:main():lattice-best-path.cc:99) For utterance 20030010_699, best cost 190.358 + 1919.55 = 2109.91 over 587 frames.
20030010_699 نجات کرفیو ضعف کار کی چھری میں بردار کے قید جانے دیوی مجید کا مقصود جو 
LOG (lattice-best-path[5.5.907~1-cbed4]:main():lattice-best-path.cc:99) For utterance 20030010_700, best cost 167.691 + 1919.07 = 2086.76 over 561 frames.
20030010_700 گوشہ تھو کی طرف لیے میں تغافل کی سوجھی چھڑا کر وڈ سود سدھو 
LOG (lattice-best-path[5.5.907~1-cbed4]:main():lattice-best-path.cc:99) For utterance 20030010_701, best cost 221.121 + 2734.12 = 2955.24 over 808 frames.
20030010_701 مظلام مان بولو غوغا زنجیر ڈام مردانگی زیور واحد طرحی بعض ازخود بتاؤں کو سن جایا 
LOG (lattice-best-path[5.5.907~1-cbed4]:main():lattice-best-path.cc:99) For utterance 20030010_702, best cost 158.361 + 2029.55 = 2187.92 over 608 frames.
20030010_702 غیر فیصلہ خوگر کی دودھ میں کر ایک کو شاہ زور نادر بخشیں 
LOG (lattice-best-path[5.5.907~1-cbed4]:main():lattice-best-path.cc:99) For utterance 20030010_703, best cost 157.022 + 2090.17 = 2247.19 over 647 frames.
20030010_703 پیٹھ فائر سے تولید کی چینی کے پھیر پروگراموں بعض ظاہر اٹھا ہے 
LOG (lattice-add-penalty[5.5.907~1-cbed4]:main():lattice-add-penalty.cc:62) Done adding word insertion penalty to 108 lattices.
LOG (lattice-best-path[5.5.907~1-cbed4]:main():lattice-best-path.cc:99) For utterance 20030010_704, best cost 171.961 + 2483.03 = 2654.99 over 766 frames.
20030010_704 تقرری سیکشن متغیر نہ از ذاد یاں کے انظباتی پر راؤ کا پراسیس ہے 
LOG (lattice-best-path[5.5.907~1-cbed4]:main():lattice-best-path.cc:99) For utterance 20030010_705, best cost 165.18 + 1950.64 = 2115.82 over 578 frames.
20030010_705 باورچی آخری بن اور کڑوے اس کے جاتا لاگت آٹھوں مصور سے بڑھ گئے 
LOG (lattice-best-path[5.5.907~1-cbed4]:main():lattice-best-path.cc:99) For utterance 20030010_706, best cost 146.531 + 2173.82 = 2320.35 over 627 frames.
20030010_706 بجے اصغر فیض فیس کے کانجی دکھ اعتماد لومڑی جو 
LOG (lattice-best-path[5.5.907~1-cbed4]:main():lattice-best-path.cc:99) For utterance 20030010_707, best cost 120.912 + 1538.7 = 1659.62 over 449 frames.
20030010_707 ماضی بنگالی اہلکار کے بڑی دھونی گناہوں میں نہ کریں 
LOG (lattice-best-path[5.5.907~1-cbed4]:main():lattice-best-path.cc:99) For utterance 20030010_708, best cost 170.84 + 1822.98 = 1993.82 over 548 frames.
20030010_708 جان جھرنے سے پہلے بڑے نے مجھے کچھ آڑ رسیدہ طریقہ اور مشق سمجھا 
LOG (lattice-best-path[5.5.907~1-cbed4]:main():lattice-best-path.cc:124) Overall cost per frame is 3.72899 = 0.257345 [graph] + 3.47165 [acoustic] over 76636 frames.
LOG (lattice-best-path[5.5.907~1-cbed4]:main():lattice-best-path.cc:128) Done 108 lattices, failed for 0
# Accounting: time=0 threads=1
# Ended (code 0) at Wed Apr 21 08:36:10 PKT 2021, elapsed time 0 seconds
