# lattice-scale --inv-acoustic-scale=9 "ark:gunzip -c exp/sgmm2_4/decode/lat.*.gz|" ark:- | lattice-add-penalty --word-ins-penalty=0.5 ark:- ark:- | lattice-best-path --word-symbol-table=exp/sgmm2_4/graph/words.txt ark:- ark,t:- | utils/int2sym.pl -f 2- exp/sgmm2_4/graph/words.txt | cat > exp/sgmm2_4/decode/scoring_kaldi/penalty_0.5/9.txt 
# Started at Wed Apr 21 07:50:41 PKT 2021
#
lattice-scale --inv-acoustic-scale=9 'ark:gunzip -c exp/sgmm2_4/decode/lat.*.gz|' ark:- 
lattice-best-path --word-symbol-table=exp/sgmm2_4/graph/words.txt ark:- ark,t:- 
lattice-add-penalty --word-ins-penalty=0.5 ark:- ark:- 
LOG (lattice-best-path[5.5.907~1-cbed4]:main():lattice-best-path.cc:99) For utterance 20030013_601, best cost 252.528 + 5106.52 = 5359.05 over 952 frames.
20030013_601 مثبت صیاد تک کو چیک کے طالب گہرے شو میں قریب لنگر کی گڈریے ادھار انگوٹھا پڑ عام کو قبول کرنے گئی 
LOG (lattice-best-path[5.5.907~1-cbed4]:main():lattice-best-path.cc:99) For utterance 20030013_602, best cost 288.035 + 6577.83 = 6865.87 over 1201 frames.
20030013_602 دلوں وبائی اور بھیم کے نارتھ اور کیلئے پر کے ہوے کرائی کی لو بلوچی آلود چھ کے گاؤ کھلیں کرنے کی شیڈ تک سے آرزوئیں ہے 
LOG (lattice-best-path[5.5.907~1-cbed4]:main():lattice-best-path.cc:99) For utterance 20030013_603, best cost 255.064 + 4808.62 = 5063.69 over 875 frames.
20030013_603 شے ہم شیو گھر اور نزلے کی بڑا سے رکھتے عمل پر اُٹھایا کھدر دیتی میں بیعت بسوں پر کر رم نیچا اور کیا 
LOG (lattice-best-path[5.5.907~1-cbed4]:main():lattice-best-path.cc:99) For utterance 20030013_604, best cost 231.072 + 4787.77 = 5018.85 over 920 frames.
20030013_604 سوجھی نے نہ ای کی کی داؤ مون کی گڑھ پر پڑی تو کہا سے طور جا ہے کہ گھس کے نخوت اٹھا ہے 
LOG (lattice-best-path[5.5.907~1-cbed4]:main():lattice-best-path.cc:99) For utterance 20030013_605, best cost 148.619 + 3267.18 = 3415.8 over 606 frames.
20030013_605 سول کر شبہ اے جون کے پیش ایڈز میں بلبل کر تخلص گیا 
LOG (lattice-best-path[5.5.907~1-cbed4]:main():lattice-best-path.cc:99) For utterance 20030013_606, best cost 183.32 + 3550.17 = 3733.49 over 638 frames.
20030013_606 میں دین کے دماغی میں بلوں ورک سے کی اس میں کیوں کے تغافل سخت کی بڑی عزیز ہے 
LOG (lattice-best-path[5.5.907~1-cbed4]:main():lattice-best-path.cc:99) For utterance 20030013_607, best cost 134.537 + 2447.91 = 2582.45 over 440 frames.
20030013_607 افضل بیعت کی ہول کا کی سب عام گھمبیر برابر نہیں سے ہے 
LOG (lattice-best-path[5.5.907~1-cbed4]:main():lattice-best-path.cc:99) For utterance 20030013_608, best cost 176.335 + 3967.91 = 4144.25 over 798 frames.
20030013_608 کو کئے کے بو کے مرغی کوکھ فروش کر ڈام چُھپ جانے کی اودھم تو ہو گی 
LOG (lattice-best-path[5.5.907~1-cbed4]:main():lattice-best-path.cc:99) For utterance 20030013_609, best cost 202.195 + 3563.28 = 3765.48 over 651 frames.
20030013_609 فلیش ان میں موو علم اعتبار مگر مس نقرس اور نکالیں اور کی ستھرے چھوڑ کا تصحیح یا کیا 
LOG (lattice-best-path[5.5.907~1-cbed4]:main():lattice-best-path.cc:99) For utterance 20030013_610, best cost 193.366 + 4344.38 = 4537.75 over 792 frames.
20030013_610 موثر پہلے فشنگ کا علی جیولری کم ان دینا نیچے کی طرف سے مرغیاں گیس سامان ہے 
LOG (lattice-best-path[5.5.907~1-cbed4]:main():lattice-best-path.cc:99) For utterance 20030013_611, best cost 160.997 + 3237.86 = 3398.86 over 580 frames.
20030013_611 خودسر پہنے تھنک اور پر نے کے کے وباؤں کو پر کلراٹھی گھوم کے ساتھ کھلے 
LOG (lattice-best-path[5.5.907~1-cbed4]:main():lattice-best-path.cc:99) For utterance 20030013_612, best cost 199.86 + 4533.46 = 4733.32 over 804 frames.
20030013_612 تبدیلی و کی لغو سے شخصے نے ڈال بولو ہجرت سفر تو قوت کی بے انکشاف روات ہے 
LOG (lattice-best-path[5.5.907~1-cbed4]:main():lattice-best-path.cc:99) For utterance 20030013_613, best cost 119.093 + 2348.17 = 2467.26 over 414 frames.
20030013_613 کا رنگ بااللہ کوسوں جیل برش دی نل پیدا کا 
LOG (lattice-best-path[5.5.907~1-cbed4]:main():lattice-best-path.cc:99) For utterance 20030013_614, best cost 149.759 + 2990.21 = 3139.96 over 523 frames.
20030013_614 رخ طفیل نے شیشے اور کے کرائے اور کے ساتھ حملے بغیر سمتھ عدلیہ 
LOG (lattice-best-path[5.5.907~1-cbed4]:main():lattice-best-path.cc:99) For utterance 20030013_615, best cost 245.02 + 5742.16 = 5987.18 over 1105 frames.
20030013_615 ہدایت کا شہزادی نے فلیچر مصر اثر کو بلوچ کرتے گونگے جوبلی خان آن کی کی جیوری میں گوبر ہیڈ بنایا 
LOG (lattice-best-path[5.5.907~1-cbed4]:main():lattice-best-path.cc:99) For utterance 20030013_616, best cost 263.127 + 5384.15 = 5647.27 over 977 frames.
20030013_616 توجہ لہو آڑ فٹ میں صفوں نامور جن کو فروزاں اس کر کیسی کا دس ابو کی معاف پتہ حلف اس قرار کیا 
LOG (lattice-best-path[5.5.907~1-cbed4]:main():lattice-best-path.cc:99) For utterance 20030013_617, best cost 160.764 + 3322.2 = 3482.96 over 632 frames.
20030013_617 کا میں پر پڑے ستھرے گدھوں نے کیوں کو عابد اسے کر پھیکا ہنسیں لگا 
LOG (lattice-best-path[5.5.907~1-cbed4]:main():lattice-best-path.cc:99) For utterance 20030013_618, best cost 214.467 + 4146.3 = 4360.77 over 734 frames.
20030013_618 کھاؤ ٹھنکا بڑی سے رو اشرف مرچوں والے آپ پڑ ساغر نے ٹھل میں کے بعد لیس کے کیا کیا ہے 
LOG (lattice-best-path[5.5.907~1-cbed4]:main():lattice-best-path.cc:99) For utterance 20030013_619, best cost 115.279 + 2498.03 = 2613.31 over 440 frames.
20030013_619 زہریلی تلخی آپ مدعیان کرنے کا سوری دیتی جا ہے 
LOG (lattice-best-path[5.5.907~1-cbed4]:main():lattice-best-path.cc:99) For utterance 20030013_620, best cost 243.889 + 4771.57 = 5015.46 over 900 frames.
20030013_620 جی ملنے پَلوں کے بولوں کو بلوں میں سموئے یا اور دھیرے مگ بوڑھوں پر پرجوش راؤ کی تیار یاں قیود 
LOG (lattice-best-path[5.5.907~1-cbed4]:main():lattice-best-path.cc:99) For utterance 20030013_621, best cost 221.775 + 4219.8 = 4441.58 over 779 frames.
20030013_621 معجل از گئی سچ میں نے اور کر سوچ ان کے معاون میں انضمام بیس اور جاتی نواز نے میں پھیل کی 
LOG (lattice-best-path[5.5.907~1-cbed4]:main():lattice-best-path.cc:99) For utterance 20030013_622, best cost 193.622 + 3588.79 = 3782.41 over 657 frames.
20030013_622 پوچھی برڈ میں مینگل اور کا دیتے کرے درج ان ہما رسیدہ بیڑے فارورڈ میں سے گزری 
LOG (lattice-best-path[5.5.907~1-cbed4]:main():lattice-best-path.cc:99) For utterance 20030013_623, best cost 160.991 + 3065.74 = 3226.73 over 574 frames.
20030013_623 بے انٹر ایم کر درخت منافعوں آنسو برس کا مینگل نے شاہ لیے گیا 
LOG (lattice-best-path[5.5.907~1-cbed4]:main():lattice-best-path.cc:99) For utterance 20030013_624, best cost 237.421 + 4651.24 = 4888.66 over 811 frames.
20030013_624 ماؤف اثر کے نوش فوم نے کے لیے سبب خاص کو رکھوا رفو عود عود تین کے چنگ کیلئے مغیث شوروم تھا 
LOG (lattice-best-path[5.5.907~1-cbed4]:main():lattice-best-path.cc:99) For utterance 20030013_625, best cost 180.039 + 4212.48 = 4392.52 over 696 frames.
20030013_625 نیو ایندھن ساغر بھیڑیے کی کھال کی کا تیرے کر بکھری سی بلکہ مواد کے کو گیا 
LOG (lattice-best-path[5.5.907~1-cbed4]:main():lattice-best-path.cc:99) For utterance 20030013_626, best cost 121.228 + 2559.21 = 2680.43 over 420 frames.
20030013_626 ڈیم بش نے کو مغلیہ اعادہ تم کی ابواب سمجھا 
LOG (lattice-best-path[5.5.907~1-cbed4]:main():lattice-best-path.cc:99) For utterance 20030013_627, best cost 223.454 + 4999.3 = 5222.75 over 926 frames.
20030013_627 چھلکا خیر غلام آئی کے منگوا کے حال آن یاں زیڈ پڑھو کے تحفہ مین میں کھا رکھ گیا 
LOG (lattice-best-path[5.5.907~1-cbed4]:main():lattice-best-path.cc:99) For utterance 20030013_628, best cost 181.219 + 3558.06 = 3739.28 over 644 frames.
20030013_628 بھگت کی تک نے بنانے کیلئے بیٹھی ٹریبیونل میں فون انگلی خوشی یاں مسخ کود تھیں 
LOG (lattice-best-path[5.5.907~1-cbed4]:main():lattice-best-path.cc:99) For utterance 20030013_629, best cost 218.457 + 4872.63 = 5091.08 over 894 frames.
20030013_629 چھیل بھیڑیے بش کا رنگ کے آؤ کو اور میں فیری اب بروز انیق نے مردوں کا ہے جا بھیج کر آیا 
LOG (lattice-best-path[5.5.907~1-cbed4]:main():lattice-best-path.cc:99) For utterance 20030013_630, best cost 168.324 + 3629.19 = 3797.52 over 606 frames.
20030013_630 قیام پیدا نے نجی بسیار میں آکر بیچے مارچ تو چھین سے انگلی کر گیا 
LOG (lattice-best-path[5.5.907~1-cbed4]:main():lattice-best-path.cc:99) For utterance 20030013_631, best cost 214.009 + 4981.59 = 5195.6 over 843 frames.
20030013_631 سے یہ سیکھ سکول انداز ہیڈ میں وقف کا کر دے فلڈ رکھنے کے تو سے موسم اور کر جھالر دکھایا 
LOG (lattice-best-path[5.5.907~1-cbed4]:main():lattice-best-path.cc:99) For utterance 20030013_632, best cost 247.886 + 5385.02 = 5632.91 over 1009 frames.
20030013_632 السی سی جا نے کہا کے رول یہ کی حجت چوروں اور بیڑیاں بیگ بھجوا کر کھجوریں اور رسوائی جھولے بغیر بن 
LOG (lattice-best-path[5.5.907~1-cbed4]:main():lattice-best-path.cc:99) For utterance 20030013_633, best cost 227.913 + 5097.35 = 5325.27 over 913 frames.
20030013_633 میں کر ننگے بم بار میں طویل کیلئے نیلم گھنٹے اور فی سکھی کار ضد سندھی سوئمنگ کے لیے کیجیے 
LOG (lattice-best-path[5.5.907~1-cbed4]:main():lattice-best-path.cc:99) For utterance 20030013_634, best cost 151.751 + 2877.31 = 3029.06 over 497 frames.
20030013_634 کھولے شل نے جنریشن گیس آنکھ کیلئے روحانی کی نہ کر بن کر کر لائے 
LOG (lattice-best-path[5.5.907~1-cbed4]:main():lattice-best-path.cc:99) For utterance 20030013_635, best cost 213.938 + 4199.7 = 4413.64 over 734 frames.
20030013_635 پاس میں ٹریلر کو قندیل عام کھاؤ میں بیٹھ میں اور علی معمر تک میراں سے کے سے سول آ کریں 
LOG (lattice-best-path[5.5.907~1-cbed4]:main():lattice-best-path.cc:99) For utterance 20030013_636, best cost 178.685 + 3657.34 = 3836.03 over 657 frames.
20030013_636 قم اور بروز دشمن کی جو بلی آنکھ شاہ ہونے سے گوجر کا تو ہم کا قوت 
LOG (lattice-best-path[5.5.907~1-cbed4]:main():lattice-best-path.cc:99) For utterance 20030013_637, best cost 186.845 + 3874.43 = 4061.28 over 696 frames.
20030013_637 بھی خان کے شیم آنکھ میں پہنچ کر رمزی لمحوں دی کی لیدر سے ماڈل گریڈ ہوئی 
LOG (lattice-best-path[5.5.907~1-cbed4]:main():lattice-best-path.cc:99) For utterance 20030013_638, best cost 213.795 + 4031.61 = 4245.41 over 760 frames.
20030013_638 کا ان لوگو جل کی شیڈ روڈ رحم میں کھونے صورت اور کوٹھڑی کو ٹیڑھے کی کے بالاخر جج لیں 
LOG (lattice-best-path[5.5.907~1-cbed4]:main():lattice-best-path.cc:99) For utterance 20030013_639, best cost 231.206 + 4686.43 = 4917.64 over 868 frames.
20030013_639 ہیلتھ کے دفتر میں تو کے جلد سے ترچھی صرف کرکے نام خود کی وارڈ کر سارز سے دیں دب و چکھیں 
LOG (lattice-best-path[5.5.907~1-cbed4]:main():lattice-best-path.cc:99) For utterance 20030013_640, best cost 211.872 + 4728.87 = 4940.75 over 760 frames.
20030013_640 سمتھ کے نیو منظر بیٹھی کیا میثاق کی نے پیسنے کونسل کے شو والا کا کا چوری کوچ لگا آیا 
LOG (lattice-best-path[5.5.907~1-cbed4]:main():lattice-best-path.cc:99) For utterance 20030013_641, best cost 150.832 + 3037.14 = 3187.97 over 465 frames.
20030013_641 حقوق پھیلنے دور بڑی شعبوں کو کے آتی کالجز کھا کر مین سے کی کی 
LOG (lattice-best-path[5.5.907~1-cbed4]:main():lattice-best-path.cc:99) For utterance 20030013_642, best cost 155.498 + 3472.02 = 3627.51 over 574 frames.
20030013_642 ہر کو کے گدھی میں جیسی کے صدر سیف بو ٹھوس کی پیداوار ہوتی 
LOG (lattice-best-path[5.5.907~1-cbed4]:main():lattice-best-path.cc:99) For utterance 20030013_643, best cost 207.811 + 4426.77 = 4634.58 over 734 frames.
20030013_643 اب قوس بنا قل پڑ میں مخل فائر کمسن آئے اور تو وولر آپ سے ضائع کرے ڈالنے 
LOG (lattice-best-path[5.5.907~1-cbed4]:main():lattice-best-path.cc:99) For utterance 20030013_644, best cost 200.733 + 4252.68 = 4453.41 over 683 frames.
20030013_644 کے شعری لیدر چھ جوے گول پر روئیں اور سے کرا بچے کی کیسی پر کے سے لقب تیرے 
LOG (lattice-best-path[5.5.907~1-cbed4]:main():lattice-best-path.cc:99) For utterance 20030013_645, best cost 168.893 + 3594.91 = 3763.8 over 580 frames.
20030013_645 میں دورے بیٹھ ایک کے دولت کے سائبان روزوں سخت کر کرنے کی کا آشنا کھلے 
LOG (lattice-best-path[5.5.907~1-cbed4]:main():lattice-best-path.cc:99) For utterance 20030013_646, best cost 170.871 + 3683.08 = 3853.95 over 587 frames.
20030013_646 ساغر گا کو جوس موجب نے کے بعد لغو بے رواں میں برابر الزام یہ آئی 
LOG (lattice-best-path[5.5.907~1-cbed4]:main():lattice-best-path.cc:99) For utterance 20030013_647, best cost 135.521 + 2972.37 = 3107.9 over 452 frames.
20030013_647 موثر کرے کر از ایک بوم نے چھوڑ کر دور کرا ہے 
LOG (lattice-best-path[5.5.907~1-cbed4]:main():lattice-best-path.cc:99) For utterance 20030013_648, best cost 113.504 + 2698.58 = 2812.09 over 440 frames.
20030013_648 میلے میں دودھیا جارج تعالی سچل کے لیے پڑھوا تھا 
LOG (lattice-best-path[5.5.907~1-cbed4]:main():lattice-best-path.cc:99) For utterance 20030013_649, best cost 157.183 + 3706.92 = 3864.1 over 600 frames.
20030013_649 حقوق کو کے گز کر کے بیٹھ نے کے بعد کا وارڈ کر گہرے لگائی کیے 
LOG (lattice-best-path[5.5.907~1-cbed4]:main():lattice-best-path.cc:99) For utterance 20030013_650, best cost 172.705 + 4042.73 = 4215.44 over 670 frames.
20030013_650 کچرے ایک لابنگ کے زیادہ ساز نیا کرکے نہ کیا ادویات گیراج تدریس گیا ہے 
LOG (lattice-best-path[5.5.907~1-cbed4]:main():lattice-best-path.cc:99) For utterance 20030013_651, best cost 141.276 + 3275.8 = 3417.08 over 548 frames.
20030013_651 غلیل کو تیری میں چوتھی کو کے ایک ٹھاٹھیں اٹھنے سے پہلے صوفی تھی 
LOG (lattice-best-path[5.5.907~1-cbed4]:main():lattice-best-path.cc:99) For utterance 20030013_652, best cost 201.333 + 4182.37 = 4383.7 over 696 frames.
20030013_652 فیڈرل ایئر کی چیزیں تھر گئی اور لے کرکے نو لا میں کا پور کے سقوط تک کوچ اے 
LOG (lattice-best-path[5.5.907~1-cbed4]:main():lattice-best-path.cc:99) For utterance 20030013_653, best cost 153.037 + 3592.66 = 3745.7 over 600 frames.
20030013_653 لو کرا ڈیسک تجزیے تعداد قرضے کے کے تھری گے تک روز ہوا 
LOG (lattice-best-path[5.5.907~1-cbed4]:main():lattice-best-path.cc:99) For utterance 20030013_654, best cost 184.49 + 4433.94 = 4618.43 over 734 frames.
20030013_654 کر فی اور کے اشاعت سے سی اسجد جوے اور ان سے کیلئے رولز کے میں کر میں ستھرے 
LOG (lattice-best-path[5.5.907~1-cbed4]:main():lattice-best-path.cc:99) For utterance 20030013_655, best cost 119.827 + 3844.37 = 3964.2 over 600 frames.
20030013_655 نہ عام بقیہ چھائی کوٹھے کر کو جانے کریش ہے 
LOG (lattice-best-path[5.5.907~1-cbed4]:main():lattice-best-path.cc:99) For utterance 20030013_656, best cost 195.76 + 4623.66 = 4819.42 over 734 frames.
20030013_656 بے سے سچ یہ رغبت ٹینک اسے کی حیرت بظاہر اور سوئے مچا رنگ دیکھ کس کریں 
LOG (lattice-best-path[5.5.907~1-cbed4]:main():lattice-best-path.cc:99) For utterance 20030013_657, best cost 136.178 + 3260.85 = 3397.03 over 542 frames.
20030013_657 حد بلا کر ذہن کی کے کر کردار کی حد سے مصر رہی 
LOG (lattice-best-path[5.5.907~1-cbed4]:main():lattice-best-path.cc:99) For utterance 20030013_658, best cost 133.276 + 3588.99 = 3722.27 over 561 frames.
20030013_658 لیجنڈ وڈ سامنے گالف کی ہوئی بیس کی بعد سے وولر 
LOG (lattice-best-path[5.5.907~1-cbed4]:main():lattice-best-path.cc:99) For utterance 20030013_659, best cost 186.277 + 3962.98 = 4149.26 over 619 frames.
20030013_659 مل کے گود کر بچائیں اور تھوڑی کا کا فوم ہولوں غوث کے بعد ہوے لیے پر سوئے 
LOG (lattice-best-path[5.5.907~1-cbed4]:main():lattice-best-path.cc:99) For utterance 20030013_660, best cost 92.6599 + 2422.77 = 2515.43 over 401 frames.
20030013_660 اب بحران کے گداز لگیں ویلیو صرف 
LOG (lattice-best-path[5.5.907~1-cbed4]:main():lattice-best-path.cc:99) For utterance 20030013_661, best cost 118.36 + 2445.17 = 2563.53 over 427 frames.
20030013_661 طلب لینے کیلئے بے شبہ عمل کر کہا کر کروائیں 
LOG (lattice-best-path[5.5.907~1-cbed4]:main():lattice-best-path.cc:99) For utterance 20030013_662, best cost 145.748 + 3124.09 = 3269.84 over 529 frames.
20030013_662 کر ڈیم جو ہو قیام دیے چلے تو سے یا رکھی تجزیہ بکھرے 
LOG (lattice-best-path[5.5.907~1-cbed4]:main():lattice-best-path.cc:99) For utterance 20030013_663, best cost 173.242 + 4335.97 = 4509.22 over 753 frames.
20030013_663 ہیرو نے کہا چار میں خبروں اٹھے اور سال کی اگلے دیکھی طرحی سے وقوف ہوئی 
LOG (lattice-best-path[5.5.907~1-cbed4]:main():lattice-best-path.cc:99) For utterance 20030013_664, best cost 219.498 + 4199.64 = 4419.14 over 715 frames.
20030013_664 فعال اسے یا لے کے پر ریاض اب میں تھائی نبوی لے کر زور رپورٹ گریڈ سے کر اور کے کھڑے ہو گیا 
LOG (lattice-best-path[5.5.907~1-cbed4]:main():lattice-best-path.cc:99) For utterance 20030013_665, best cost 138.904 + 2920.62 = 3059.52 over 484 frames.
20030013_665 فرائض میرے سالہ ویزے سے گریڈ شعری تو فرض فخر گو 
LOG (lattice-best-path[5.5.907~1-cbed4]:main():lattice-best-path.cc:99) For utterance 20030013_666, best cost 157.581 + 3235.54 = 3393.12 over 529 frames.
20030013_666 دونوں سے ہوے اور گھول سے رضا رکھاؤ کھگہ تک سے کا خیر سکول یہ 
LOG (lattice-best-path[5.5.907~1-cbed4]:main():lattice-best-path.cc:99) For utterance 20030013_667, best cost 120.665 + 3131.37 = 3252.03 over 504 frames.
20030013_667 تیری بے کی طرف سے سے میں کے دوجے کی کوٹھی بسر ہوئی 
LOG (lattice-best-path[5.5.907~1-cbed4]:main():lattice-best-path.cc:99) For utterance 20030013_668, best cost 197.898 + 4743.24 = 4941.14 over 747 frames.
20030013_668 سانولے کرو لیے کے تلے میں الجھ اور کا پیش لا قاضی جانا بلین سے جاؤ اعتراف 
LOG (lattice-best-path[5.5.907~1-cbed4]:main():lattice-best-path.cc:99) For utterance 20030013_669, best cost 153.699 + 3605.79 = 3759.49 over 548 frames.
20030013_669 بورڈ خسارے نو فعل کوڈ میں اس گذر کے لیے ریزرو ڈبو ٹینک دیا 
LOG (lattice-best-path[5.5.907~1-cbed4]:main():lattice-best-path.cc:99) For utterance 20030013_670, best cost 145.327 + 3301.76 = 3447.08 over 574 frames.
20030013_670 روضے کا آخری اشرف رہتے قیصر کنواں کو کوڑھ ابھر کا لو 
LOG (lattice-best-path[5.5.907~1-cbed4]:main():lattice-best-path.cc:99) For utterance 20030013_671, best cost 200.237 + 4936.9 = 5137.14 over 772 frames.
20030013_671 اچھی سے پہلے سوسائٹی گڑیا نے کا ذوق فورس کو کھول کے سقوط چوڑی نجات و اور تھی ہے 
LOG (lattice-best-path[5.5.907~1-cbed4]:main():lattice-best-path.cc:99) For utterance 20030013_672, best cost 160.728 + 4103 = 4263.73 over 632 frames.
20030013_672 انٹر میری سے مسئلہ دفتر کام والو سربراہ و صدر زدہ پہلا ہے 
LOG (lattice-best-path[5.5.907~1-cbed4]:main():lattice-best-path.cc:99) For utterance 20030013_673, best cost 150.884 + 3384.73 = 3535.62 over 555 frames.
20030013_673 پڑھائی کے جھاگ دن آتی ہوے جو دی نذر کیا پہلی پر دبائے 
LOG (lattice-best-path[5.5.907~1-cbed4]:main():lattice-best-path.cc:99) For utterance 20030013_674, best cost 176.29 + 5043.35 = 5219.64 over 772 frames.
20030013_674 نقشوں نے پَلوں میں بھڑک آپ عرصہ لاڈ کر قم وارڈ کی اوس نے کی کوشش کی 
LOG (lattice-best-path[5.5.907~1-cbed4]:main():lattice-best-path.cc:99) For utterance 20030013_675, best cost 153.067 + 3269.98 = 3423.04 over 529 frames.
20030013_675 اور جہد دور اولی کے رویہ کا سوچنے پتہ اور فن کا غوغا اٹھائے 
LOG (lattice-best-path[5.5.907~1-cbed4]:main():lattice-best-path.cc:99) For utterance 20030013_676, best cost 169.557 + 3650.73 = 3820.29 over 568 frames.
20030013_676 اپنی کے آئی کی سیلز تھنک کی جا کوئی زوال میں انگلش میں بڑے پر رکھی 
LOG (lattice-best-path[5.5.907~1-cbed4]:main():lattice-best-path.cc:99) For utterance 20030013_677, best cost 214.129 + 5502.19 = 5716.32 over 926 frames.
20030013_677 مثال میں کوئی لیا کی کوٹھی گول مکھن خوفزدہ موصول ہو گی گروپ برطانوی کی حیرت فیتھ اہل گیا 
LOG (lattice-best-path[5.5.907~1-cbed4]:main():lattice-best-path.cc:99) For utterance 20030013_678, best cost 210.848 + 5931.52 = 6142.36 over 971 frames.
20030013_678 سمفنی صفوں اور ڈیلی خیر براؤزر والوں سے چرانے کیلئے ہیڈ کو جلد فلیش سے مشق عشرت کریں 
LOG (lattice-best-path[5.5.907~1-cbed4]:main():lattice-best-path.cc:99) For utterance 20030013_679, best cost 116.422 + 2744.93 = 2861.35 over 446 frames.
20030013_679 کوٹھڑی اور لیڈی پر چیل آ تو سَیل ہتھیلی سنچری 
LOG (lattice-best-path[5.5.907~1-cbed4]:main():lattice-best-path.cc:99) For utterance 20030013_680, best cost 209.169 + 4123.02 = 4332.19 over 683 frames.
20030013_680 <oov> جوبلی اوج اوڑھا گینگز صبغت پٹھوں طور لائے اخبار آ برعکس میں میں ٹھگ اوقات سکتا ہے 
LOG (lattice-best-path[5.5.907~1-cbed4]:main():lattice-best-path.cc:99) For utterance 20030013_681, best cost 159.8 + 3480.58 = 3640.38 over 587 frames.
20030013_681 گدھا چیچن جیوئش کو کر کی تھا رسولی کھول اور پر پیچیدہ اور برسوں گیا 
LOG (lattice-best-path[5.5.907~1-cbed4]:main():lattice-best-path.cc:99) For utterance 20030013_682, best cost 200.574 + 4417.69 = 4618.26 over 753 frames.
20030013_682 وی اور شو والے کی بھوت کر ہجر ریگن آسان صاحب کر بوئے بھیج شوہر معلوم کیے 
LOG (lattice-best-path[5.5.907~1-cbed4]:main():lattice-best-path.cc:99) For utterance 20030013_683, best cost 166.526 + 4187.89 = 4354.41 over 657 frames.
20030013_683 کئے سے بغور ٹیچر تو تک ٹینک پھیرنے سی پھرتی کے کے سے نے کر گئی 
LOG (lattice-best-path[5.5.907~1-cbed4]:main():lattice-best-path.cc:99) For utterance 20030013_684, best cost 157.107 + 3326.06 = 3483.17 over 593 frames.
20030013_684 میں ویب کی بھول خواری سیٹھ کے کیوں میں بھگو یہ پیر بلا کراؤں 
LOG (lattice-best-path[5.5.907~1-cbed4]:main():lattice-best-path.cc:99) For utterance 20030013_685, best cost 129.407 + 2612.31 = 2741.72 over 446 frames.
20030013_685 جو خلل گوجری بن شیر بخشے اور سے قحط سے لنگا دو 
LOG (lattice-best-path[5.5.907~1-cbed4]:main():lattice-best-path.cc:99) For utterance 20030013_686, best cost 212.11 + 4554.73 = 4766.84 over 772 frames.
20030013_686 صرف پھینک کے ایک سب خیلوی وی پیش عرصے دنیا دی میں کھچ کر جوش رکھ پوچھ و 
LOG (lattice-best-path[5.5.907~1-cbed4]:main():lattice-best-path.cc:99) For utterance 20030013_687, best cost 214.064 + 4472.6 = 4686.67 over 721 frames.
20030013_687 شوق کوئی سے بدسلوکی سے آدھے گوجری دو قبل اگر آ سے چیف مآب کر توجہ منظور کرائی 
LOG (lattice-best-path[5.5.907~1-cbed4]:main():lattice-best-path.cc:99) For utterance 20030013_688, best cost 230.362 + 4832.05 = 5062.41 over 836 frames.
20030013_688 پر کی بلکہ چادر بل بچار پسند زیور اور دیکھی کے دیکھ میں وہاب ہوم کے قرار دیتا اور اے جاؤں 
LOG (lattice-best-path[5.5.907~1-cbed4]:main():lattice-best-path.cc:99) For utterance 20030013_689, best cost 218.098 + 4393.86 = 4611.95 over 753 frames.
20030013_689 وجود اور درج اجزا کی رتھ کیا جان و جو کھول بنائیں بسوں سب فصلیں کو جل کر چائے 
LOG (lattice-best-path[5.5.907~1-cbed4]:main():lattice-best-path.cc:99) For utterance 20030013_690, best cost 116.084 + 2527.62 = 2643.7 over 414 frames.
20030013_690 بھگو کے اداکارائیں کے شور بے کچھ ہوے نہیں جاتی 
LOG (lattice-best-path[5.5.907~1-cbed4]:main():lattice-best-path.cc:99) For utterance 20030013_691, best cost 154.883 + 3457.33 = 3612.22 over 606 frames.
20030013_691 کیجیے دلجوئی کیلئے اگرچہ کر بویا رینجرز عذاب کر معائنہ پھٹ قضیے 
LOG (lattice-best-path[5.5.907~1-cbed4]:main():lattice-best-path.cc:99) For utterance 20030013_692, best cost 171.524 + 4231.38 = 4402.91 over 721 frames.
20030013_692 بطخوں نظام نے کہا کے میں سے دوچار ہے لے کر قریب کے رہی کا تیرے گاؤں 
LOG (lattice-best-path[5.5.907~1-cbed4]:main():lattice-best-path.cc:99) For utterance 20030013_693, best cost 138.022 + 2737.75 = 2875.77 over 491 frames.
20030013_693 میں میں حد کے جوئیہ سے کہا کے بقایا پر گنا کر لائے مدعو 
LOG (lattice-best-path[5.5.907~1-cbed4]:main():lattice-best-path.cc:99) For utterance 20030013_694, best cost 203.959 + 3712.05 = 3916.01 over 664 frames.
20030013_694 کر ان کا چھوڑ آ شعر اشفاق عرصہ کو جج ایک قبل سے دیکھ شاخ فوجوں بند بنائیں 
LOG (lattice-best-path[5.5.907~1-cbed4]:main():lattice-best-path.cc:99) For utterance 20030013_695, best cost 158.934 + 3166.66 = 3325.6 over 568 frames.
20030013_695 گزری جانے کسے جانے کو کیا گونگے اگر کے چنگ تو پانی میں گھول گیا 
LOG (lattice-best-path[5.5.907~1-cbed4]:main():lattice-best-path.cc:99) For utterance 20030013_696, best cost 158.445 + 3320.45 = 3478.89 over 593 frames.
20030013_696 کے شیعہ پاس سے کیا میں سے کو مس میں مسوڑوں کے بنانے کیلئے پر عام کیا گیا 
LOG (lattice-best-path[5.5.907~1-cbed4]:main():lattice-best-path.cc:99) For utterance 20030013_697, best cost 144.296 + 2880.31 = 3024.61 over 497 frames.
20030013_697 بولو اور کا عود سے سیڑھیاں کن لیڈی جان کرنے کا عام اٹھوا 
LOG (lattice-best-path[5.5.907~1-cbed4]:main():lattice-best-path.cc:99) For utterance 20030013_698, best cost 163.013 + 3902.4 = 4065.42 over 721 frames.
20030013_698 بار بم ذاد عود بھی انکشاف آپ باعث کن جائزہ لینے لغو ہے 
LOG (lattice-best-path[5.5.907~1-cbed4]:main():lattice-best-path.cc:99) For utterance 20030013_699, best cost 181.085 + 3447.25 = 3628.33 over 625 frames.
20030013_699 میں جسٹس ویڈیوز کار کی جھلی نے بدحالی دہلوی جانے گیر میں دی کا مخصوص جو 
LOG (lattice-best-path[5.5.907~1-cbed4]:main():lattice-best-path.cc:99) For utterance 20030013_700, best cost 157.621 + 3392.93 = 3550.55 over 587 frames.
20030013_700 گوشوں اور سوکھی تبلیغ میں تغافل کی سوجھی جھلک کر بو سوکھ سے اٹھیں 
LOG (lattice-best-path[5.5.907~1-cbed4]:main():lattice-best-path.cc:99) For utterance 20030013_701, best cost 213.141 + 3963.4 = 4176.54 over 728 frames.
20030013_701 مضمون بہو مان بھومی کو بدل کی تم اپنا چیز سے قل باقر مان سے صحبتوں کو سمتھ آیا 
LOG (lattice-best-path[5.5.907~1-cbed4]:main():lattice-best-path.cc:99) For utterance 20030013_702, best cost 174.571 + 3791.54 = 3966.11 over 683 frames.
20030013_702 غیر فیصلہ اب اور قوت کی کود میں ہر ایک کھوکھلا گناہ دل بخشے و 
LOG (lattice-best-path[5.5.907~1-cbed4]:main():lattice-best-path.cc:99) For utterance 20030013_703, best cost 147.943 + 2579.09 = 2727.04 over 465 frames.
20030013_703 پہلا ضائع سے تولید کی چھین کے فقروں کا غوں بار ظاہر ہوتا ہے 
LOG (lattice-scale[5.5.907~1-cbed4]:main():lattice-scale.cc:107) Done 108 lattices.
LOG (lattice-best-path[5.5.907~1-cbed4]:main():lattice-best-path.cc:99) For utterance 20030013_704, best cost 151.872 + 3638.39 = 3790.26 over 676 frames.
20030013_704 چودہ کی نیز فیشن مزارعین عذاب کیونکہ انظباتی پہلا کہا پراسیس ہے 
LOG (lattice-best-path[5.5.907~1-cbed4]:main():lattice-best-path.cc:99) For utterance 20030013_705, best cost 160.505 + 2807.27 = 2967.78 over 491 frames.
20030013_705 <oov> باغ اور جگہ بن مان قوی دلشاد پر لاگت آنسو سے بڑھ گئی 
LOG (lattice-best-path[5.5.907~1-cbed4]:main():lattice-best-path.cc:99) For utterance 20030013_706, best cost 112.11 + 2252.57 = 2364.68 over 363 frames.
20030013_706 ابو سفید اویسی یا کے دیکھیں تو مدھم مرچوں 
LOG (lattice-best-path[5.5.907~1-cbed4]:main():lattice-best-path.cc:99) For utterance 20030013_707, best cost 136.201 + 2549.66 = 2685.87 over 452 frames.
20030013_707 ماضی کو بلا ہے ثاقب بڑی کی نیز ملاؤں مین آپ رہے 
LOG (lattice-best-path[5.5.907~1-cbed4]:main():lattice-best-path.cc:99) For utterance 20030013_708, best cost 174.368 + 3635.34 = 3809.71 over 606 frames.
20030013_708 مشعر نے سے پہلے برڈ لینے مجیب بش خان رسیدہ طریقہ اب مشق سمجھا ہے 
LOG (lattice-add-penalty[5.5.907~1-cbed4]:main():lattice-add-penalty.cc:62) Done adding word insertion penalty to 108 lattices.
LOG (lattice-best-path[5.5.907~1-cbed4]:main():lattice-best-path.cc:124) Overall cost per frame is 6.06757 = 0.268498 [graph] + 5.79907 [acoustic] over 71279 frames.
LOG (lattice-best-path[5.5.907~1-cbed4]:main():lattice-best-path.cc:128) Done 108 lattices, failed for 0
# Accounting: time=1 threads=1
# Ended (code 0) at Wed Apr 21 07:50:42 PKT 2021, elapsed time 1 seconds
