# lattice-scale --inv-acoustic-scale=15 "ark:gunzip -c exp/mono/decode/lat.*.gz|" ark:- | lattice-add-penalty --word-ins-penalty=1.0 ark:- ark:- | lattice-best-path --word-symbol-table=exp/mono/graph/words.txt ark:- ark,t:- | utils/int2sym.pl -f 2- exp/mono/graph/words.txt | cat > exp/mono/decode/scoring_kaldi/penalty_1.0/15.txt 
# Started at Wed Apr 21 07:13:46 PKT 2021
#
lattice-add-penalty --word-ins-penalty=1.0 ark:- ark:- 
lattice-best-path --word-symbol-table=exp/mono/graph/words.txt ark:- ark,t:- 
lattice-scale --inv-acoustic-scale=15 'ark:gunzip -c exp/mono/decode/lat.*.gz|' ark:- 
LOG (lattice-best-path[5.5.907~1-cbed4]:main():lattice-best-path.cc:99) For utterance 20030010_601, best cost 201.344 + 6508.07 = 6709.42 over 985 frames.
20030010_601 متعارف فوجی کردار کی کمیشن ابھری لومڑی مخبری اجرت امور کے کہو حدود کرنے نہیں 
LOG (lattice-best-path[5.5.907~1-cbed4]:main():lattice-best-path.cc:99) For utterance 20030010_602, best cost 254.108 + 8030.74 = 8284.84 over 1203 frames.
20030010_602 دیرینہ حاجی کرنے غور کیلئے تک یہودی ہوئی بدحالی کی لو ڈانس شیعہ کوچہ کے بھونڈی جھرنے کی شدہ ساز ہے 
LOG (lattice-best-path[5.5.907~1-cbed4]:main():lattice-best-path.cc:99) For utterance 20030010_603, best cost 155.103 + 5600.28 = 5755.38 over 833 frames.
20030010_603 ششدر اور نزلے کے مناسب طرزعمل پیروکاروں تبدیلی بےقصور پنجابی کیا 
LOG (lattice-best-path[5.5.907~1-cbed4]:main():lattice-best-path.cc:99) For utterance 20030010_604, best cost 185.894 + 5710.86 = 5896.75 over 856 frames.
20030010_604 سہیلی ناامیدی داؤد کی گگن پڑی کو کہا اسٹورز چاہے کی کی سے نظریے اٹھائے 
LOG (lattice-best-path[5.5.907~1-cbed4]:main():lattice-best-path.cc:99) For utterance 20030010_605, best cost 117.041 + 3429.57 = 3546.61 over 513 frames.
20030010_605 سوجن شو لیجنڈری شیم ایڈووکیٹ کر داخل دیتا ہے 
LOG (lattice-best-path[5.5.907~1-cbed4]:main():lattice-best-path.cc:99) For utterance 20030010_606, best cost 136.837 + 4062.69 = 4199.52 over 608 frames.
20030010_606 نتیجے دماغی جدوجہد سے اس ندرت حافظ کی دلسوزی رہے 
LOG (lattice-best-path[5.5.907~1-cbed4]:main():lattice-best-path.cc:99) For utterance 20030010_607, best cost 101.74 + 2759.26 = 2861 over 420 frames.
20030010_607 سبسڈی کی اوپر کی زوال رنگین آمدنی جائے 
LOG (lattice-best-path[5.5.907~1-cbed4]:main():lattice-best-path.cc:99) For utterance 20030010_608, best cost 120.726 + 3905.62 = 4026.34 over 582 frames.
20030010_608 ہوتے کیونکہ مورخہ خوشخبری جو جانے کو جنگوں ہو گئی 
LOG (lattice-best-path[5.5.907~1-cbed4]:main():lattice-best-path.cc:99) For utterance 20030010_609, best cost 167.076 + 4899.43 = 5066.51 over 736 frames.
20030010_609 پریشر معلم دیوار مخل ماچھی کی سوویں نگرانی فیصد یوگا تصویر کیا 
LOG (lattice-best-path[5.5.907~1-cbed4]:main():lattice-best-path.cc:99) For utterance 20030010_610, best cost 171.17 + 5186.5 = 5357.67 over 803 frames.
20030010_610 معاف سینیٹ شیوخ کریو ڈیمانڈ اعلان میجر کی کر اسے حجت ایسا ہے 
LOG (lattice-best-path[5.5.907~1-cbed4]:main():lattice-best-path.cc:99) For utterance 20030010_611, best cost 152.005 + 5660.88 = 5812.89 over 868 frames.
20030010_611 حسینی بینگن حسینی ذکر دوا کو دیگر ہڈی گوجری ساجد ہے 
LOG (lattice-best-path[5.5.907~1-cbed4]:main():lattice-best-path.cc:99) For utterance 20030010_612, best cost 160.193 + 5866.27 = 6026.46 over 921 frames.
20030010_612 تبدیلی کلاسز سنایا بھورا ہجران چادر تو قوت کی انجام وہاں ہیں 
LOG (lattice-best-path[5.5.907~1-cbed4]:main():lattice-best-path.cc:99) For utterance 20030010_613, best cost 95.6725 + 3040.46 = 3136.13 over 452 frames.
20030010_613 کر کو محبت زوجیت رسیدہ زدہ کہا 
LOG (lattice-best-path[5.5.907~1-cbed4]:main():lattice-best-path.cc:99) For utterance 20030010_614, best cost 124.662 + 3832.83 = 3957.49 over 578 frames.
20030010_614 مصور پھیلنے شیشے ٹیکنالوجیز آسان کے بغیر سمجھو بقیہ 
LOG (lattice-best-path[5.5.907~1-cbed4]:main():lattice-best-path.cc:99) For utterance 20030010_615, best cost 217.234 + 6309.22 = 6526.46 over 960 frames.
20030010_615 صداقت کا شہزادی نے میسر موئسچرائزنگ قانونگو کرتے ہوئے جوگی بناؤں کی کی دلجوئی ہوئی کو ہیڈ بتایا 
LOG (lattice-best-path[5.5.907~1-cbed4]:main():lattice-best-path.cc:99) For utterance 20030010_616, best cost 206.761 + 6517.42 = 6724.18 over 989 frames.
20030010_616 گاجر بورڈ چبھنے سفر پیشنگوئی سموسے عاشق کیسی بدظن کسی موسم اہلکار اخلاقی 
LOG (lattice-best-path[5.5.907~1-cbed4]:main():lattice-best-path.cc:99) For utterance 20030010_617, best cost 141.089 + 4403.37 = 4544.46 over 669 frames.
20030010_617 گڈریے سوجن اچھل مریضوں کو بریگیڈیر کر زدہ اس میں لگا 
LOG (lattice-best-path[5.5.907~1-cbed4]:main():lattice-best-path.cc:99) For utterance 20030010_618, best cost 162.564 + 5450.17 = 5612.74 over 824 frames.
20030010_618 کاندھلوی سے روشناس موجوں والے عذاب بنے منڈیوں کے بعد اس قدسیہ کیا ہے 
LOG (lattice-best-path[5.5.907~1-cbed4]:main():lattice-best-path.cc:99) For utterance 20030010_619, best cost 110.705 + 3343.51 = 3454.21 over 519 frames.
20030010_619 تزئین کی دوشیزہ مدعیان کرنے گرمجوشی کی نتیجے ہے 
LOG (lattice-best-path[5.5.907~1-cbed4]:main():lattice-best-path.cc:99) For utterance 20030010_620, best cost 185.439 + 5471.17 = 5656.61 over 820 frames.
20030010_620 کی معانی گھروں کی ہولوں کروموسوم عریاں کی ڈیمو کو اوپر پرجوش امریکی عیاں کی 
LOG (lattice-best-path[5.5.907~1-cbed4]:main():lattice-best-path.cc:99) For utterance 20030010_621, best cost 193.661 + 6748.61 = 6942.27 over 1024 frames.
20030010_621 میں معجل تدریس کاشمیری اور کر سوجن کے معاون ویزے خودرو جاری ملازمین اہل کی 
LOG (lattice-best-path[5.5.907~1-cbed4]:main():lattice-best-path.cc:99) For utterance 20030010_622, best cost 150.474 + 5268.93 = 5419.4 over 764 frames.
20030010_622 کو چئرمین امداد دینے کے جلدازجلد رسیدہ کیلئے عالمی ضروری 
LOG (lattice-best-path[5.5.907~1-cbed4]:main():lattice-best-path.cc:99) For utterance 20030010_623, best cost 119.174 + 4321.14 = 4440.32 over 664 frames.
20030010_623 بریگیڈیر کردار منافعے سوئس کرنے دانش آنے گیا 
LOG (lattice-best-path[5.5.907~1-cbed4]:main():lattice-best-path.cc:99) For utterance 20030010_624, best cost 160.107 + 5198.89 = 5358.99 over 790 frames.
20030010_624 متاثرین رخوں مجلس علاوہ سوئس باوجود حدود کنونشن کیلئے میں مشروبات 
LOG (lattice-best-path[5.5.907~1-cbed4]:main():lattice-best-path.cc:99) For utterance 20030010_625, best cost 127.357 + 4391.69 = 4519.04 over 665 frames.
20030010_625 میرزا نتیجے جادوگر کیلئے کر ڈگری سیورج مہاجر ہو گیا 
LOG (lattice-best-path[5.5.907~1-cbed4]:main():lattice-best-path.cc:99) For utterance 20030010_626, best cost 86.3563 + 3061.07 = 3147.43 over 465 frames.
20030010_626 سے بچنے کو مہیا ٹوئنٹی غصب جا 
LOG (lattice-best-path[5.5.907~1-cbed4]:main():lattice-best-path.cc:99) For utterance 20030010_627, best cost 149.998 + 4578.26 = 4728.25 over 712 frames.
20030010_627 سے کا غیرملکی نوگو کی علم یا سے بلونگڑے دعاگو میں نگاور گیا 
LOG (lattice-best-path[5.5.907~1-cbed4]:main():lattice-best-path.cc:99) For utterance 20030010_628, best cost 158.705 + 4627.98 = 4786.68 over 709 frames.
20030010_628 مولا کی کمینگی بنانے کیلئے بچے صدیوں ملنے کلونجی خوشی محظوظ کی 
LOG (lattice-best-path[5.5.907~1-cbed4]:main():lattice-best-path.cc:99) For utterance 20030010_629, best cost 170.496 + 5664.15 = 5834.65 over 876 frames.
20030010_629 شیرے کے دشوار گیر پٹاخے میں ایکسیڈنٹ دوغلی سے معاوضوں کا اضافے کر آیا 
LOG (lattice-best-path[5.5.907~1-cbed4]:main():lattice-best-path.cc:99) For utterance 20030010_630, best cost 149.74 + 4363.44 = 4513.18 over 668 frames.
20030010_630 تعین حسینی نشر کے جامعہ کبیر جماعت اچھل ضیغم بگڑ گیا 
LOG (lattice-best-path[5.5.907~1-cbed4]:main():lattice-best-path.cc:99) For utterance 20030010_631, best cost 216.263 + 6332.54 = 6548.8 over 964 frames.
20030010_631 سیریز چیف کو انداز ہے بیچنے وقف اگرچہ سیرگاہ سے کے سوئس نے سے موقر چھولے دکھائی 
LOG (lattice-best-path[5.5.907~1-cbed4]:main():lattice-best-path.cc:99) For utterance 20030010_632, best cost 231.849 + 8015.34 = 8247.19 over 1219 frames.
20030010_632 عزیز ادارے کہا کیونکہ کی حجت چھوڑ اور بیڑیاں نہیں بھجوا کر فجور اور سوئی ہوئی بغیر دیکھو 
LOG (lattice-best-path[5.5.907~1-cbed4]:main():lattice-best-path.cc:99) For utterance 20030010_633, best cost 194.601 + 6754.83 = 6949.43 over 1056 frames.
20030010_633 پسند ارکان بگاڑنے کر غیریقینی بھنڈی اور غذاؤں کی قوس کس انسولین کے لیے نتیجے 
LOG (lattice-best-path[5.5.907~1-cbed4]:main():lattice-best-path.cc:99) For utterance 20030010_634, best cost 126.972 + 4613.24 = 4740.22 over 708 frames.
20030010_634 گلیشئر ایجوکیشن اسہال کیلئے موسمیات گنہگار ورلڈکپ کیا 
LOG (lattice-best-path[5.5.907~1-cbed4]:main():lattice-best-path.cc:99) For utterance 20030010_635, best cost 157.789 + 4748.22 = 4906.01 over 722 frames.
20030010_635 پاس اینگرو جنگی علاوہ میں دیکھی اور کی مینگل کامیاب تیسر نہ کریں 
LOG (lattice-best-path[5.5.907~1-cbed4]:main():lattice-best-path.cc:99) For utterance 20030010_636, best cost 141.374 + 4403.14 = 4544.51 over 677 frames.
20030010_636 گومگو قصور کی جونیجو ہونے سے سوچا کا دونوں کا کو ہوا 
LOG (lattice-best-path[5.5.907~1-cbed4]:main():lattice-best-path.cc:99) For utterance 20030010_637, best cost 128.037 + 4563.52 = 4691.56 over 703 frames.
20030010_637 ادغام کی کماحقہ اکرم کی یہودی کی حادثے مورچے ہوئی 
LOG (lattice-best-path[5.5.907~1-cbed4]:main():lattice-best-path.cc:99) For utterance 20030010_638, best cost 169.756 + 7381.78 = 7551.53 over 1134 frames.
20030010_638 کے کاجو گجراتی شیروانی ہوئی سوئچ اور کوٹھی کو کھچی کے کلاسز درج ہے 
LOG (lattice-best-path[5.5.907~1-cbed4]:main():lattice-best-path.cc:99) For utterance 20030010_639, best cost 189.107 + 6504.77 = 6693.87 over 1011 frames.
20030010_639 کے کے کو تنقید اٹھے دے سے تجویز اثر کے نامور کی گوہر پراسسنگ بلڈوزر گے 
LOG (lattice-best-path[5.5.907~1-cbed4]:main():lattice-best-path.cc:99) For utterance 20030010_640, best cost 185.098 + 5249.27 = 5434.37 over 822 frames.
20030010_640 جاتی میراں پر بچے جاری ضخیم ایمبیسی کونسل ٹشو والا گرمجوشی کوچ بقایا 
LOG (lattice-best-path[5.5.907~1-cbed4]:main():lattice-best-path.cc:99) For utterance 20030010_641, best cost 129.117 + 4629.87 = 4758.98 over 712 frames.
20030010_641 کو ہو ایلیمنٹری شون کی بارش بازیچہ کاربن زندگی 
LOG (lattice-best-path[5.5.907~1-cbed4]:main():lattice-best-path.cc:99) For utterance 20030010_642, best cost 129.344 + 4084.36 = 4213.7 over 638 frames.
20030010_642 صفوں کی سیفٹی مرکزی کے تبسم نفوذ کی براوو کی 
LOG (lattice-best-path[5.5.907~1-cbed4]:main():lattice-best-path.cc:99) For utterance 20030010_643, best cost 157.35 + 4283.4 = 4440.75 over 664 frames.
20030010_643 تساہل سے ناول پڑھئے محافظوں اجسام رہا ہے اور دوڑنے بااثر زندگی گئے 
LOG (lattice-best-path[5.5.907~1-cbed4]:main():lattice-best-path.cc:99) For utterance 20030010_644, best cost 169.209 + 5876.08 = 6045.29 over 908 frames.
20030010_644 انجنیئر چیئرمین ڈوگر ہوئی اور زیورات انجری کیسی پر سنگھ زدہ کریں 
LOG (lattice-best-path[5.5.907~1-cbed4]:main():lattice-best-path.cc:99) For utterance 20030010_645, best cost 143.235 + 4947.25 = 5090.49 over 768 frames.
20030010_645 میڈیا بلکہ اس میں کچوکے صاحب باذوق مضائقہ میں کی پاسداری ہے 
LOG (lattice-best-path[5.5.907~1-cbed4]:main():lattice-best-path.cc:99) For utterance 20030010_646, best cost 156.983 + 4707.95 = 4864.93 over 734 frames.
20030010_646 سالگرہ فجور میں اور کرنے کے بعد لاؤ بیدار میں ڈرائینگ ڈال ڈالنے آئی 
LOG (lattice-best-path[5.5.907~1-cbed4]:main():lattice-best-path.cc:99) For utterance 20030010_647, best cost 92.165 + 3338.15 = 3430.32 over 517 frames.
20030010_647 واقفیت کے تنازعے گومگو گردوغبار آئی 
LOG (lattice-best-path[5.5.907~1-cbed4]:main():lattice-best-path.cc:99) For utterance 20030010_648, best cost 117.375 + 3712.32 = 3829.69 over 573 frames.
20030010_648 ملیں دو ڈسچارج کہا خواجہ کے لیے کروا تھا 
LOG (lattice-best-path[5.5.907~1-cbed4]:main():lattice-best-path.cc:99) For utterance 20030010_649, best cost 105.135 + 3196.05 = 3301.19 over 478 frames.
20030010_649 قدوقامت کرکے ڈیتھ اسکواڈ اقوام کنیئرڈ لگا ہے 
LOG (lattice-best-path[5.5.907~1-cbed4]:main():lattice-best-path.cc:99) For utterance 20030010_650, best cost 159.555 + 5686.18 = 5845.73 over 870 frames.
20030010_650 تجویز قادری سینئر سمیت کی کے نامی تہیہ کے باعث تجویز آ ہے 
LOG (lattice-best-path[5.5.907~1-cbed4]:main():lattice-best-path.cc:99) For utterance 20030010_651, best cost 139.44 + 4463.59 = 4603.03 over 699 frames.
20030010_651 کو ایکویٹی میں جوگی کھوہ کے لیے دکھاوے ہونے سے پہلے سعودی کیں 
LOG (lattice-best-path[5.5.907~1-cbed4]:main():lattice-best-path.cc:99) For utterance 20030010_652, best cost 147.157 + 4970.69 = 5117.85 over 777 frames.
20030010_652 پنچولی کیجیے ننگے یونیورسٹی جولانی مصداق گزرے سندھو کا پنج ہیں 
LOG (lattice-best-path[5.5.907~1-cbed4]:main():lattice-best-path.cc:99) For utterance 20030010_653, best cost 127.215 + 4124.78 = 4251.99 over 638 frames.
20030010_653 پروگرام درسگاہ عزیز مرکزی کی ڈیجیٹل کا کو سوا 
LOG (lattice-best-path[5.5.907~1-cbed4]:main():lattice-best-path.cc:99) For utterance 20030010_654, best cost 153.661 + 5324.22 = 5477.88 over 838 frames.
20030010_654 سویڈش ہوسٹس کی شیعہ جوبلی اور انسٹھویں لوث کے معدے میں سگے 
LOG (lattice-best-path[5.5.907~1-cbed4]:main():lattice-best-path.cc:99) For utterance 20030010_655, best cost 101.751 + 2986.82 = 3088.57 over 465 frames.
20030010_655 ناں بخشی چھائی کوئلے بجھائی بارش تھے 
LOG (lattice-best-path[5.5.907~1-cbed4]:main():lattice-best-path.cc:99) For utterance 20030010_656, best cost 166.47 + 5875.2 = 6041.67 over 918 frames.
20030010_656 بےعزتی کر بدروح گردیزی ہیڈ بجائے اور کوئی معجل اعظم حبیب کریں 
LOG (lattice-best-path[5.5.907~1-cbed4]:main():lattice-best-path.cc:99) For utterance 20030010_657, best cost 94.9343 + 3481.12 = 3576.06 over 540 frames.
20030010_657 آمدورفت قرضے کے ڈیزرٹ صداقت سمفنی ہے 
LOG (lattice-best-path[5.5.907~1-cbed4]:main():lattice-best-path.cc:99) For utterance 20030010_658, best cost 99.888 + 3732.67 = 3832.56 over 591 frames.
20030010_658 میں گومگو ٹھکانے بنوری بیس کی بسر کریں 
LOG (lattice-best-path[5.5.907~1-cbed4]:main():lattice-best-path.cc:99) For utterance 20030010_659, best cost 151.799 + 5041.04 = 5192.84 over 779 frames.
20030010_659 میں کی کو کے بچھانے کوئی قدوقامت اور فورس کے بعد بوریت کیسوں ہیں 
LOG (lattice-best-path[5.5.907~1-cbed4]:main():lattice-best-path.cc:99) For utterance 20030010_660, best cost 87.0551 + 3111.11 = 3198.16 over 482 frames.
20030010_660 کو ایلوویرا کبوتر اسلامی نہیں بسا 
LOG (lattice-best-path[5.5.907~1-cbed4]:main():lattice-best-path.cc:99) For utterance 20030010_661, best cost 114.005 + 3766.46 = 3880.46 over 578 frames.
20030010_661 کر سفیدے کیلئے بچھڑ بٹورتا رہا کر دبائے 
LOG (lattice-best-path[5.5.907~1-cbed4]:main():lattice-best-path.cc:99) For utterance 20030010_662, best cost 116.815 + 3779.4 = 3896.22 over 575 frames.
20030010_662 کر جوکھوں کی اڑایا چلے بسیار کی تصویریں بکھرے 
LOG (lattice-best-path[5.5.907~1-cbed4]:main():lattice-best-path.cc:99) For utterance 20030010_663, best cost 133.891 + 4341.72 = 4475.61 over 656 frames.
20030010_663 کی وجہ مچانے مقروض جعلسازی تو کیلئے کی تنقیص موضوع ہوئی 
LOG (lattice-best-path[5.5.907~1-cbed4]:main():lattice-best-path.cc:99) For utterance 20030010_664, best cost 152.091 + 5220.9 = 5372.99 over 790 frames.
20030010_664 پراسیس کے ریاض مطالعہ قضیے تنزلی کو تو کھچی کیونکہ ہتھوڑے 
LOG (lattice-best-path[5.5.907~1-cbed4]:main():lattice-best-path.cc:99) For utterance 20030010_665, best cost 102.192 + 3675.31 = 3777.5 over 569 frames.
20030010_665 فیصلے خسارے سے سے کشمیری تو استعفے ہوا 
LOG (lattice-best-path[5.5.907~1-cbed4]:main():lattice-best-path.cc:99) For utterance 20030010_666, best cost 120.948 + 3310.06 = 3431.01 over 505 frames.
20030010_666 دوررس رویا پر جنم بڑا تقدس بغیر سندھو یہ 
LOG (lattice-best-path[5.5.907~1-cbed4]:main():lattice-best-path.cc:99) For utterance 20030010_667, best cost 119.179 + 4593.08 = 4712.26 over 731 frames.
20030010_667 ڈیلیوری کے بعد سے چمچے دھو سے چنیوٹی بوسن ہوئے 
LOG (lattice-best-path[5.5.907~1-cbed4]:main():lattice-best-path.cc:99) For utterance 20030010_668, best cost 153.775 + 4835.85 = 4989.63 over 739 frames.
20030010_668 ساجد لولی کے کرنے والے جھنڈے تابش لایا رویے سے جاوید لایا 
LOG (lattice-best-path[5.5.907~1-cbed4]:main():lattice-best-path.cc:99) For utterance 20030010_669, best cost 109.384 + 3681.5 = 3790.89 over 557 frames.
20030010_669 کو غزلوں ساریو میوزک یہ عزت مورخین کیا 
LOG (lattice-best-path[5.5.907~1-cbed4]:main():lattice-best-path.cc:99) For utterance 20030010_670, best cost 105.423 + 4308.29 = 4413.72 over 653 frames.
20030010_670 سموسے تابش رہے کے ضرورت ہتھوڑے کرو 
LOG (lattice-best-path[5.5.907~1-cbed4]:main():lattice-best-path.cc:99) For utterance 20030010_671, best cost 170.462 + 4668.09 = 4838.56 over 712 frames.
20030010_671 خوشی سے پہلے سوسائٹی بویا نے کہا اثرورسوخ کو کے سکورز چھولے میں دو کے جاؤ 
LOG (lattice-best-path[5.5.907~1-cbed4]:main():lattice-best-path.cc:99) For utterance 20030010_672, best cost 152.926 + 3934.6 = 4087.53 over 626 frames.
20030010_672 کیجیے معدے ایشوز چلائی دو فقدان بسر اور سے درجے کا بَلّا ہے 
LOG (lattice-best-path[5.5.907~1-cbed4]:main():lattice-best-path.cc:99) For utterance 20030010_673, best cost 127.286 + 3925.76 = 4053.05 over 621 frames.
20030010_673 کرائی کے جامعہ کے ہوئی جو سنگھاسن کے ڈیل برقرار 
LOG (lattice-best-path[5.5.907~1-cbed4]:main():lattice-best-path.cc:99) For utterance 20030010_674, best cost 129.185 + 4929.11 = 5058.29 over 777 frames.
20030010_674 مشورہ دارومدار پرچم گردوغبار کیں خوارزمی کی کوشش کی 
LOG (lattice-best-path[5.5.907~1-cbed4]:main():lattice-best-path.cc:99) For utterance 20030010_675, best cost 139.995 + 4387.18 = 4527.18 over 686 frames.
20030010_675 ساجد روئی کے رویے پر سوچے کرتا سوختہ براوو اڑائیں 
LOG (lattice-best-path[5.5.907~1-cbed4]:main():lattice-best-path.cc:99) For utterance 20030010_676, best cost 125.267 + 3821.24 = 3946.51 over 587 frames.
20030010_676 پتھری رہائشی سسٹم نتیجے رضوان انگلش جاوید عراقی 
LOG (lattice-best-path[5.5.907~1-cbed4]:main():lattice-best-path.cc:99) For utterance 20030010_677, best cost 180.086 + 5042.81 = 5222.9 over 788 frames.
20030010_677 مزارعین یقین اسی گومگو بعدازاں موضوع بوڑھی کو ادائیگی حیرت سبب بغیر کیا 
LOG (lattice-best-path[5.5.907~1-cbed4]:main():lattice-best-path.cc:99) For utterance 20030010_678, best cost 197.45 + 7457.12 = 7654.57 over 1203 frames.
20030010_678 سے سروس بروکلی سے کا زوال اور بچھڑا نے کے لیے خالد سوچے ویسے مشعر کے کے کریں 
LOG (lattice-best-path[5.5.907~1-cbed4]:main():lattice-best-path.cc:99) For utterance 20030010_679, best cost 105.673 + 2675.89 = 2781.57 over 411 frames.
20030010_679 کوئی اور پیڑی بچی لگاتا سے کیسز اوجھڑی 
LOG (lattice-best-path[5.5.907~1-cbed4]:main():lattice-best-path.cc:99) For utterance 20030010_680, best cost 139.564 + 4291.91 = 4431.47 over 662 frames.
20030010_680 کوئی ترجمان کنٹرول بیٹھا تو کر برابر سمیت پیداوار جاتا ہے 
LOG (lattice-best-path[5.5.907~1-cbed4]:main():lattice-best-path.cc:99) For utterance 20030010_681, best cost 151.7 + 4833.06 = 4984.76 over 755 frames.
20030010_681 گرج شمسی شعلوں کو مفید آرزوئیں کو گلوبل بچی بااصول یا 
LOG (lattice-best-path[5.5.907~1-cbed4]:main():lattice-best-path.cc:99) For utterance 20030010_682, best cost 175.354 + 4994.11 = 5169.47 over 794 frames.
20030010_682 میں کی وجوہات کی لوٹ پر اجڑے تنازع اجاگر بروز کے جو ہو معلوم کیے 
LOG (lattice-best-path[5.5.907~1-cbed4]:main():lattice-best-path.cc:99) For utterance 20030010_683, best cost 133.518 + 4242.33 = 4375.85 over 669 frames.
20030010_683 کی سے موچی چوروں کارخیر ایمبیسی حدیث کے کی سینیٹ کرے 
LOG (lattice-best-path[5.5.907~1-cbed4]:main():lattice-best-path.cc:99) For utterance 20030010_684, best cost 114.98 + 4263.94 = 4378.92 over 673 frames.
20030010_684 میری سوگوار ایگزیکٹو میں میں رویا کی رکھتا کریں 
LOG (lattice-best-path[5.5.907~1-cbed4]:main():lattice-best-path.cc:99) For utterance 20030010_685, best cost 123.112 + 3318.86 = 3441.98 over 522 frames.
20030010_685 فوجوں سموسے کی پنجرے بخشے سرکا حوض لنگر کو 
LOG (lattice-best-path[5.5.907~1-cbed4]:main():lattice-best-path.cc:99) For utterance 20030010_686, best cost 137.814 + 4312.26 = 4450.07 over 671 frames.
20030010_686 خفگی کے ضخیم کی ٹشو سے دنیاوی مسز ٹشو چاقو جو 
LOG (lattice-best-path[5.5.907~1-cbed4]:main():lattice-best-path.cc:99) For utterance 20030010_687, best cost 176.632 + 5760.79 = 5937.43 over 885 frames.
20030010_687 ساٹھویں سے بدسلوکی ساجد کوئی دو کا اپنا سے چیخنے آکر درجوں موجود گئی 
LOG (lattice-best-path[5.5.907~1-cbed4]:main():lattice-best-path.cc:99) For utterance 20030010_688, best cost 194.533 + 6779.99 = 6974.52 over 1064 frames.
20030010_688 حقیقت کی چادر ہچکچاہٹ تجوریاں مزارعوں اور ڈیجیٹل ویمن ایہام کے پرخچے داخل جاؤ 
LOG (lattice-best-path[5.5.907~1-cbed4]:main():lattice-best-path.cc:99) For utterance 20030010_689, best cost 158.674 + 4102.3 = 4260.97 over 625 frames.
20030010_689 موجزن اجازت کی راجیہ جنگجو کو بنایا سوچا فصلیں گوجر ترچھا ہے 
LOG (lattice-best-path[5.5.907~1-cbed4]:main():lattice-best-path.cc:99) For utterance 20030010_690, best cost 99.3995 + 2541.84 = 2641.24 over 384 frames.
20030010_690 کی گمشدہ بہائیں ٹشو نے کچھوا نہیں جاتا ہے 
LOG (lattice-best-path[5.5.907~1-cbed4]:main():lattice-best-path.cc:99) For utterance 20030010_691, best cost 160.225 + 4618.3 = 4778.52 over 712 frames.
20030010_691 کسی کی دلجوئی کیا مجرم رویا روہی سے مذاکرات معائنہ میں ٹھونس دیئے 
LOG (lattice-best-path[5.5.907~1-cbed4]:main():lattice-best-path.cc:99) For utterance 20030010_692, best cost 140.184 + 4521.54 = 4661.73 over 703 frames.
20030010_692 بخوبی سامنے کا کے ویسے دوسرے سرکاری کے بعد سیکھا بلگرامی 
LOG (lattice-best-path[5.5.907~1-cbed4]:main():lattice-best-path.cc:99) For utterance 20030010_693, best cost 118.725 + 3187.07 = 3305.8 over 493 frames.
20030010_693 ملا کے جوئیہ سے کا مدمقابل گنا کرائے مدعو 
LOG (lattice-best-path[5.5.907~1-cbed4]:main():lattice-best-path.cc:99) For utterance 20030010_694, best cost 162.823 + 5491.93 = 5654.76 over 853 frames.
20030010_694 اہلکار کو ورزش سایہ قضہ کو درجے اویسی کی کو چنگل بنائی 
LOG (lattice-best-path[5.5.907~1-cbed4]:main():lattice-best-path.cc:99) For utterance 20030010_695, best cost 133.288 + 3821.86 = 3955.15 over 596 frames.
20030010_695 کھچی جا نتیجے جانے کو کروڑوں پرچیاں ستانویں گھول جائے 
LOG (lattice-best-path[5.5.907~1-cbed4]:main():lattice-best-path.cc:99) For utterance 20030010_696, best cost 128.781 + 3931.84 = 4060.62 over 612 frames.
20030010_696 کر شواہد کرنے سے تمسخر مصور بنانے کیلئے راجیہ جگہ 
LOG (lattice-best-path[5.5.907~1-cbed4]:main():lattice-best-path.cc:99) For utterance 20030010_697, best cost 88.4896 + 2972.41 = 3060.9 over 465 frames.
20030010_697 قدوقامت سے سوویت اخوندزادہ لگاتا ہو گیا 
LOG (lattice-best-path[5.5.907~1-cbed4]:main():lattice-best-path.cc:99) For utterance 20030010_698, best cost 110.138 + 2997.62 = 3107.75 over 474 frames.
20030010_698 برابر امداد ورزش پاسبان روزگار جائزہ لینے لگا 
LOG (lattice-best-path[5.5.907~1-cbed4]:main():lattice-best-path.cc:99) For utterance 20030010_699, best cost 160.207 + 3807.67 = 3967.87 over 587 frames.
20030010_699 نجات کرفیو سوختہ کی چھری میں بردار کے کیا ویڈیو مجید مقصود جو 
LOG (lattice-best-path[5.5.907~1-cbed4]:main():lattice-best-path.cc:99) For utterance 20030010_700, best cost 137.137 + 3675.74 = 3812.88 over 561 frames.
20030010_700 گوجر تنقید قیمت غافل کی سوجھی چھڑا کر مصور سے رکھو 
LOG (lattice-best-path[5.5.907~1-cbed4]:main():lattice-best-path.cc:99) For utterance 20030010_701, best cost 167.161 + 5145.51 = 5312.67 over 808 frames.
20030010_701 حضور منوا ملوث رنجیدہ مذہبی سے ہیڈکوارٹر ہوسٹس غدودوں گذر جایا 
LOG (lattice-best-path[5.5.907~1-cbed4]:main():lattice-best-path.cc:99) For utterance 20030010_702, best cost 131.364 + 3896.01 = 4027.38 over 608 frames.
20030010_702 کے فیصلہ قوت کی دودھ میں کرے کو شاخسانہ کے بعد شو 
LOG (lattice-best-path[5.5.907~1-cbed4]:main():lattice-best-path.cc:99) For utterance 20030010_703, best cost 117.693 + 4103.98 = 4221.67 over 647 frames.
20030010_703 کے پاس ایکویٹی کی کے ٹیبلو کاروبار ظاہر اوکھا ہے 
LOG (lattice-best-path[5.5.907~1-cbed4]:main():lattice-best-path.cc:99) For utterance 20030010_704, best cost 136.176 + 4872.14 = 5008.31 over 766 frames.
20030010_704 کانفرنس اشرف ڈائینوسارز دریاؤں کے انظباتی پھیلا کا پراسیس ہے 
LOG (lattice-best-path[5.5.907~1-cbed4]:main():lattice-best-path.cc:99) For utterance 20030010_705, best cost 132.385 + 3730.94 = 3863.33 over 578 frames.
20030010_705 بااثر قدم اڑتالیس کی جاتا لاگت آٹھ سمجھو زندگی 
LOG (lattice-best-path[5.5.907~1-cbed4]:main():lattice-best-path.cc:99) For utterance 20030010_706, best cost 116.3 + 4061.62 = 4177.92 over 627 frames.
20030010_706 معجزے کیفی سے کارکردگی اعتماد مووی جو 
LOG (lattice-scale[5.5.907~1-cbed4]:main():lattice-scale.cc:107) Done 108 lattices.
LOG (lattice-best-path[5.5.907~1-cbed4]:main():lattice-best-path.cc:99) For utterance 20030010_707, best cost 99.147 + 2898.31 = 2997.45 over 449 frames.
20030010_707 ماضی دوبارہ دیتا ریونیو بلگرامی نہ کریں 
LOG (lattice-add-penalty[5.5.907~1-cbed4]:main():lattice-add-penalty.cc:62) Done adding word insertion penalty to 108 lattices.
LOG (lattice-best-path[5.5.907~1-cbed4]:main():lattice-best-path.cc:99) For utterance 20030010_708, best cost 150.294 + 3530.77 = 3681.06 over 548 frames.
20030010_708 جان چھیڑنے زلزلے نبی نے مجوزہ رسیدہ طریقہ اور مشق سمجھانے 
LOG (lattice-best-path[5.5.907~1-cbed4]:main():lattice-best-path.cc:124) Overall cost per frame is 6.69356 = 0.202972 [graph] + 6.49059 [acoustic] over 76636 frames.
LOG (lattice-best-path[5.5.907~1-cbed4]:main():lattice-best-path.cc:128) Done 108 lattices, failed for 0
# Accounting: time=4 threads=1
# Ended (code 0) at Wed Apr 21 07:13:50 PKT 2021, elapsed time 4 seconds
