# lattice-scale --inv-acoustic-scale=14 "ark:gunzip -c exp/mono/decode/lat.*.gz|" ark:- | lattice-add-penalty --word-ins-penalty=1.0 ark:- ark:- | lattice-best-path --word-symbol-table=exp/mono/graph/words.txt ark:- ark,t:- | utils/int2sym.pl -f 2- exp/mono/graph/words.txt | cat > exp/mono/decode/scoring_kaldi/penalty_1.0/14.txt 
# Started at Wed Apr 21 07:13:43 PKT 2021
#
lattice-add-penalty --word-ins-penalty=1.0 ark:- ark:- 
lattice-best-path --word-symbol-table=exp/mono/graph/words.txt ark:- ark,t:- 
lattice-scale --inv-acoustic-scale=14 'ark:gunzip -c exp/mono/decode/lat.*.gz|' ark:- 
LOG (lattice-best-path[5.5.907~1-cbed4]:main():lattice-best-path.cc:99) For utterance 20030010_601, best cost 201.344 + 6972.94 = 7174.28 over 985 frames.
20030010_601 متعارف فوجی کردار کی کمیشن ابھری لومڑی مخبری اجرت امور کے کہو حدود کرنے نہیں 
LOG (lattice-best-path[5.5.907~1-cbed4]:main():lattice-best-path.cc:99) For utterance 20030010_602, best cost 254.108 + 8604.36 = 8858.47 over 1203 frames.
20030010_602 دیرینہ حاجی کرنے غور کیلئے تک یہودی ہوئی بدحالی کی لو ڈانس شیعہ کوچہ کے بھونڈی جھرنے کی شدہ ساز ہے 
LOG (lattice-best-path[5.5.907~1-cbed4]:main():lattice-best-path.cc:99) For utterance 20030010_603, best cost 178.251 + 5977.03 = 6155.28 over 833 frames.
20030010_603 ششدر اور نزلے کے مناسب طرزعمل پر اٹھا تو تبدیلی میں کیسوں پر پنجابی کیا 
LOG (lattice-best-path[5.5.907~1-cbed4]:main():lattice-best-path.cc:99) For utterance 20030010_604, best cost 185.894 + 6118.78 = 6304.67 over 856 frames.
20030010_604 سہیلی ناامیدی داؤد کی گگن پڑی کو کہا اسٹورز چاہے کی کی سے نظریے اٹھائے 
LOG (lattice-best-path[5.5.907~1-cbed4]:main():lattice-best-path.cc:99) For utterance 20030010_605, best cost 117.041 + 3674.54 = 3791.58 over 513 frames.
20030010_605 سوجن شو لیجنڈری شیم ایڈووکیٹ کر داخل دیتا ہے 
LOG (lattice-best-path[5.5.907~1-cbed4]:main():lattice-best-path.cc:99) For utterance 20030010_606, best cost 136.837 + 4352.88 = 4489.72 over 608 frames.
20030010_606 نتیجے دماغی جدوجہد سے اس ندرت حافظ کی دلسوزی رہے 
LOG (lattice-best-path[5.5.907~1-cbed4]:main():lattice-best-path.cc:99) For utterance 20030010_607, best cost 101.74 + 2956.35 = 3058.09 over 420 frames.
20030010_607 سبسڈی کی اوپر کی زوال رنگین آمدنی جائے 
LOG (lattice-best-path[5.5.907~1-cbed4]:main():lattice-best-path.cc:99) For utterance 20030010_608, best cost 120.726 + 4184.59 = 4305.32 over 582 frames.
20030010_608 ہوتے کیونکہ مورخہ خوشخبری جو جانے کو جنگوں ہو گئی 
LOG (lattice-best-path[5.5.907~1-cbed4]:main():lattice-best-path.cc:99) For utterance 20030010_609, best cost 167.076 + 5249.39 = 5416.47 over 736 frames.
20030010_609 پریشر معلم دیوار مخل ماچھی کی سوویں نگرانی فیصد یوگا تصویر کیا 
LOG (lattice-best-path[5.5.907~1-cbed4]:main():lattice-best-path.cc:99) For utterance 20030010_610, best cost 174.217 + 5553.87 = 5728.08 over 803 frames.
20030010_610 معاف سینیٹ شیوخ قیوم کی عمر نیرنگ نیچے کی کر اسے حجت ایسا ہے 
LOG (lattice-best-path[5.5.907~1-cbed4]:main():lattice-best-path.cc:99) For utterance 20030010_611, best cost 171.007 + 6045.94 = 6216.95 over 868 frames.
20030010_611 کھسک دینے بینگن فورس کرنے ذکر دوا کو دیگر ہڈی گوجری ساجد ہے 
LOG (lattice-best-path[5.5.907~1-cbed4]:main():lattice-best-path.cc:99) For utterance 20030010_612, best cost 170.865 + 6274.36 = 6445.22 over 921 frames.
20030010_612 تبدیلی کلاسز سنایا بھورا ہجران چادر تو قوت کی لینگویج کام وہاں ہیں 
LOG (lattice-best-path[5.5.907~1-cbed4]:main():lattice-best-path.cc:99) For utterance 20030010_613, best cost 95.6725 + 3257.63 = 3353.3 over 452 frames.
20030010_613 کر کو محبت زوجیت رسیدہ زدہ کہا 
LOG (lattice-best-path[5.5.907~1-cbed4]:main():lattice-best-path.cc:99) For utterance 20030010_614, best cost 140.142 + 4090.61 = 4230.75 over 578 frames.
20030010_614 مصور پھیلنے شیشے کے تیروں کے ساتھ زنجیر بغیر سن جدا کیا 
LOG (lattice-best-path[5.5.907~1-cbed4]:main():lattice-best-path.cc:99) For utterance 20030010_615, best cost 217.844 + 6759.26 = 6977.11 over 960 frames.
20030010_615 گداز کا شہزادی نے میسر موئسچرائزنگ قانونگو کرتے ہوئے جوگی بناؤں کی کی دلجوئی ہوئی کو ہیڈ بتایا 
LOG (lattice-best-path[5.5.907~1-cbed4]:main():lattice-best-path.cc:99) For utterance 20030010_616, best cost 212.147 + 6977.18 = 7189.33 over 989 frames.
20030010_616 گاجر بورڈ چبھنے سفر بجیں کو سموسے عاشق کیسی بدظن کسی موسم اہلکار اخلاقی 
LOG (lattice-best-path[5.5.907~1-cbed4]:main():lattice-best-path.cc:99) For utterance 20030010_617, best cost 149.377 + 4709.44 = 4858.82 over 669 frames.
20030010_617 گڈریے سوجن اچھل مکھیوں گوہر بیداری کر زدہ اس میں لگا 
LOG (lattice-best-path[5.5.907~1-cbed4]:main():lattice-best-path.cc:99) For utterance 20030010_618, best cost 162.564 + 5839.47 = 6002.04 over 824 frames.
20030010_618 کاندھلوی سے روشناس موجوں والے عذاب بنے منڈیوں کے بعد اس قدسیہ کیا ہے 
LOG (lattice-best-path[5.5.907~1-cbed4]:main():lattice-best-path.cc:99) For utterance 20030010_619, best cost 110.705 + 3582.33 = 3693.04 over 519 frames.
20030010_619 تزئین کی دوشیزہ مدعیان کرنے گرمجوشی کی نتیجے ہے 
LOG (lattice-best-path[5.5.907~1-cbed4]:main():lattice-best-path.cc:99) For utterance 20030010_620, best cost 185.439 + 5861.97 = 6047.41 over 820 frames.
20030010_620 کی معانی گھروں کی ہولوں کروموسوم عریاں کی ڈیمو کو اوپر پرجوش امریکی عیاں کی 
LOG (lattice-best-path[5.5.907~1-cbed4]:main():lattice-best-path.cc:99) For utterance 20030010_621, best cost 205.611 + 7218.19 = 7423.8 over 1024 frames.
20030010_621 میں معجل تدریس کاشمیری اور کر سوجن کے معاون ویزے خودرو جاری نماز نوید اہل کی 
LOG (lattice-best-path[5.5.907~1-cbed4]:main():lattice-best-path.cc:99) For utterance 20030010_622, best cost 150.474 + 5645.28 = 5795.75 over 764 frames.
20030010_622 کو چئرمین امداد دینے کے جلدازجلد رسیدہ کیلئے عالمی ضروری 
LOG (lattice-best-path[5.5.907~1-cbed4]:main():lattice-best-path.cc:99) For utterance 20030010_623, best cost 119.174 + 4629.8 = 4748.97 over 664 frames.
20030010_623 بریگیڈیر کردار منافعے سوئس کرنے دانش آنے گیا 
LOG (lattice-best-path[5.5.907~1-cbed4]:main():lattice-best-path.cc:99) For utterance 20030010_624, best cost 165.292 + 5564.76 = 5730.05 over 790 frames.
20030010_624 منتظر کے نرخوں مجلس علاوہ سوئس باوجود حدود کنونشن کیلئے میں مشروبات 
LOG (lattice-best-path[5.5.907~1-cbed4]:main():lattice-best-path.cc:99) For utterance 20030010_625, best cost 138.373 + 4694.2 = 4832.57 over 665 frames.
20030010_625 میرٹھی جلسہ نتیجے جادوگر کیلئے کر ڈگری سیورج مہاجر ہو گیا 
LOG (lattice-best-path[5.5.907~1-cbed4]:main():lattice-best-path.cc:99) For utterance 20030010_626, best cost 86.3563 + 3279.72 = 3366.08 over 465 frames.
20030010_626 سے بچنے کو مہیا ٹوئنٹی غصب جا 
LOG (lattice-best-path[5.5.907~1-cbed4]:main():lattice-best-path.cc:99) For utterance 20030010_627, best cost 149.998 + 4905.27 = 5055.27 over 712 frames.
20030010_627 سے کا غیرملکی نوگو کی علم یا سے بلونگڑے دعاگو میں نگاور گیا 
LOG (lattice-best-path[5.5.907~1-cbed4]:main():lattice-best-path.cc:99) For utterance 20030010_628, best cost 158.705 + 4958.55 = 5117.25 over 709 frames.
20030010_628 مولا کی کمینگی بنانے کیلئے بچے صدیوں ملنے کلونجی خوشی محظوظ کی 
LOG (lattice-best-path[5.5.907~1-cbed4]:main():lattice-best-path.cc:99) For utterance 20030010_629, best cost 176.129 + 6062.83 = 6238.96 over 876 frames.
20030010_629 شیرے کے دشوار گیر پٹاخے میں ایکسیڈنٹ دوغلی سے معاوضوں کا فیضان کے کر آیا 
LOG (lattice-best-path[5.5.907~1-cbed4]:main():lattice-best-path.cc:99) For utterance 20030010_630, best cost 149.74 + 4675.11 = 4824.85 over 668 frames.
20030010_630 تعین حسینی نشر کے جامعہ کبیر جماعت اچھل ضیغم بگڑ گیا 
LOG (lattice-best-path[5.5.907~1-cbed4]:main():lattice-best-path.cc:99) For utterance 20030010_631, best cost 217.294 + 6783.76 = 7001.05 over 964 frames.
20030010_631 سیریز چیف کو علیحدہ ہے بیچنے وقف اگرچہ سیرگاہ سے کے سوئس نے سے موقر چھولے دکھائی 
LOG (lattice-best-path[5.5.907~1-cbed4]:main():lattice-best-path.cc:99) For utterance 20030010_632, best cost 231.849 + 8587.87 = 8819.72 over 1219 frames.
20030010_632 عزیز ادارے کہا کیونکہ کی حجت چھوڑ اور بیڑیاں نہیں بھجوا کر فجور اور سوئی ہوئی بغیر دیکھو 
LOG (lattice-best-path[5.5.907~1-cbed4]:main():lattice-best-path.cc:99) For utterance 20030010_633, best cost 194.601 + 7237.32 = 7431.92 over 1056 frames.
20030010_633 پسند ارکان بگاڑنے کر غیریقینی بھنڈی اور غذاؤں کی قوس کس انسولین کے لیے نتیجے 
LOG (lattice-best-path[5.5.907~1-cbed4]:main():lattice-best-path.cc:99) For utterance 20030010_634, best cost 128.354 + 4941.29 = 5069.65 over 708 frames.
20030010_634 گلیشئر ایجوکیشن اسہال کے لیے موسمیات گنہگار ورلڈکپ کیا 
LOG (lattice-best-path[5.5.907~1-cbed4]:main():lattice-best-path.cc:99) For utterance 20030010_635, best cost 157.789 + 5087.38 = 5245.17 over 722 frames.
20030010_635 پاس اینگرو جنگی علاوہ میں دیکھی اور کی مینگل کامیاب تیسر نہ کریں 
LOG (lattice-best-path[5.5.907~1-cbed4]:main():lattice-best-path.cc:99) For utterance 20030010_636, best cost 141.374 + 4717.65 = 4859.02 over 677 frames.
20030010_636 گومگو قصور کی جونیجو ہونے سے سوچا کا دونوں کا کو ہوا 
LOG (lattice-best-path[5.5.907~1-cbed4]:main():lattice-best-path.cc:99) For utterance 20030010_637, best cost 128.037 + 4889.48 = 5017.52 over 703 frames.
20030010_637 ادغام کی کماحقہ اکرم کی یہودی کی حادثے مورچے ہوئی 
LOG (lattice-best-path[5.5.907~1-cbed4]:main():lattice-best-path.cc:99) For utterance 20030010_638, best cost 176.405 + 7902.27 = 8078.67 over 1134 frames.
20030010_638 کے کاجو ہجر کی شیروانی ہوئی سوئچ اور کوٹھی کو کھچی کے کلاسز درجے 
LOG (lattice-best-path[5.5.907~1-cbed4]:main():lattice-best-path.cc:99) For utterance 20030010_639, best cost 189.107 + 6969.39 = 7158.5 over 1011 frames.
20030010_639 کے کے کو تنقید اٹھے دے سے تجویز اثر کے نامور کی گوہر پراسسنگ بلڈوزر گے 
LOG (lattice-best-path[5.5.907~1-cbed4]:main():lattice-best-path.cc:99) For utterance 20030010_640, best cost 185.098 + 5624.22 = 5809.32 over 822 frames.
20030010_640 جاتی میراں پر بچے جاری ضخیم ایمبیسی کونسل ٹشو والا گرمجوشی کوچ بقایا 
LOG (lattice-best-path[5.5.907~1-cbed4]:main():lattice-best-path.cc:99) For utterance 20030010_641, best cost 129.117 + 4960.57 = 5089.69 over 712 frames.
20030010_641 کو ہو ایلیمنٹری شون کی بارش بازیچہ کاربن زندگی 
LOG (lattice-best-path[5.5.907~1-cbed4]:main():lattice-best-path.cc:99) For utterance 20030010_642, best cost 129.344 + 4376.1 = 4505.44 over 638 frames.
20030010_642 صفوں کی سیفٹی مرکزی کے تبسم نفوذ کی براوو کی 
LOG (lattice-best-path[5.5.907~1-cbed4]:main():lattice-best-path.cc:99) For utterance 20030010_643, best cost 157.35 + 4589.36 = 4746.71 over 664 frames.
20030010_643 تساہل سے ناول پڑھئے محافظوں اجسام رہا ہے اور دوڑنے بااثر زندگی گئے 
LOG (lattice-best-path[5.5.907~1-cbed4]:main():lattice-best-path.cc:99) For utterance 20030010_644, best cost 169.209 + 6295.8 = 6465.01 over 908 frames.
20030010_644 انجنیئر چیئرمین ڈوگر ہوئی اور زیورات انجری کیسی پر سنگھ زدہ کریں 
LOG (lattice-best-path[5.5.907~1-cbed4]:main():lattice-best-path.cc:99) For utterance 20030010_645, best cost 148.572 + 5295.08 = 5443.65 over 768 frames.
20030010_645 میڈیا بلکہ اس میں کچوکے صاحب باذوق مضائقہ میں کی آشنا میں ہیں 
LOG (lattice-best-path[5.5.907~1-cbed4]:main():lattice-best-path.cc:99) For utterance 20030010_646, best cost 156.983 + 5044.23 = 5201.21 over 734 frames.
20030010_646 سالگرہ فجور میں اور کرنے کے بعد لاؤ بیدار میں ڈرائینگ ڈال ڈالنے آئی 
LOG (lattice-best-path[5.5.907~1-cbed4]:main():lattice-best-path.cc:99) For utterance 20030010_647, best cost 96.5121 + 3571.99 = 3668.5 over 517 frames.
20030010_647 واجب کرکے تنازعے گومگو گردوغبار آئی 
LOG (lattice-best-path[5.5.907~1-cbed4]:main():lattice-best-path.cc:99) For utterance 20030010_648, best cost 117.375 + 3977.48 = 4094.86 over 573 frames.
20030010_648 ملیں دو ڈسچارج کہا خواجہ کے لیے کروا تھا 
LOG (lattice-best-path[5.5.907~1-cbed4]:main():lattice-best-path.cc:99) For utterance 20030010_649, best cost 105.135 + 3424.34 = 3529.48 over 478 frames.
20030010_649 قدوقامت کرکے ڈیتھ اسکواڈ اقوام کنیئرڈ لگا ہے 
LOG (lattice-best-path[5.5.907~1-cbed4]:main():lattice-best-path.cc:99) For utterance 20030010_650, best cost 159.555 + 6092.33 = 6251.89 over 870 frames.
20030010_650 تجویز قادری سینئر سمیت کی کے نامی تہیہ کے باعث تجویز آ ہے 
LOG (lattice-best-path[5.5.907~1-cbed4]:main():lattice-best-path.cc:99) For utterance 20030010_651, best cost 139.44 + 4782.42 = 4921.86 over 699 frames.
20030010_651 کو ایکویٹی میں جوگی کھو کے لیے دکھاوے ہونے سے پہلے سعودی کیں 
LOG (lattice-best-path[5.5.907~1-cbed4]:main():lattice-best-path.cc:99) For utterance 20030010_652, best cost 147.157 + 5325.74 = 5472.9 over 777 frames.
20030010_652 پنچولی کیجیے ننگے یونیورسٹی جولانی مصداق گزرے سندھو کا پنج ہیں 
LOG (lattice-best-path[5.5.907~1-cbed4]:main():lattice-best-path.cc:99) For utterance 20030010_653, best cost 127.215 + 4419.4 = 4546.62 over 638 frames.
20030010_653 پروگرام درسگاہ عزیز مرکزی کی ڈیجیٹل کا کو سوا 
LOG (lattice-best-path[5.5.907~1-cbed4]:main():lattice-best-path.cc:99) For utterance 20030010_654, best cost 153.661 + 5704.52 = 5858.18 over 838 frames.
20030010_654 سویڈش ہوسٹس کی شیعہ جوبلی اور انسٹھویں لوث کے معدے میں سگے 
LOG (lattice-best-path[5.5.907~1-cbed4]:main():lattice-best-path.cc:99) For utterance 20030010_655, best cost 101.751 + 3200.17 = 3301.92 over 465 frames.
20030010_655 ناں بخشی چھائی کوئلے بجھائی بارش تھے 
LOG (lattice-best-path[5.5.907~1-cbed4]:main():lattice-best-path.cc:99) For utterance 20030010_656, best cost 180.679 + 6280.38 = 6461.06 over 918 frames.
20030010_656 بے سے ذریعے کر بدروح گردیزی ہیڈ بجائے اور کوئی معجل اعظم حبیب کرے 
LOG (lattice-best-path[5.5.907~1-cbed4]:main():lattice-best-path.cc:99) For utterance 20030010_657, best cost 95.9441 + 3728.73 = 3824.68 over 540 frames.
20030010_657 آمدورفت کمسن کے ڈیزرٹ صداقت سمفنی ہے 
LOG (lattice-best-path[5.5.907~1-cbed4]:main():lattice-best-path.cc:99) For utterance 20030010_658, best cost 99.888 + 3999.29 = 4099.18 over 591 frames.
20030010_658 میں گومگو ٹھکانے بنوری بیس کی بسر کریں 
LOG (lattice-best-path[5.5.907~1-cbed4]:main():lattice-best-path.cc:99) For utterance 20030010_659, best cost 156.981 + 5395.67 = 5552.65 over 779 frames.
20030010_659 میں کی کو کے بچھانے کوئی قدوقامت اور فورس کے بعد بوریت کے سوئے 
LOG (lattice-best-path[5.5.907~1-cbed4]:main():lattice-best-path.cc:99) For utterance 20030010_660, best cost 92.0296 + 3328.05 = 3420.08 over 482 frames.
20030010_660 کو ایلوویرا کے بقایا اسلامی نہیں بسا 
LOG (lattice-best-path[5.5.907~1-cbed4]:main():lattice-best-path.cc:99) For utterance 20030010_661, best cost 114.005 + 4035.49 = 4149.49 over 578 frames.
20030010_661 کر سفیدے کیلئے بچھڑ بٹورتا رہا کر دبائے 
LOG (lattice-best-path[5.5.907~1-cbed4]:main():lattice-best-path.cc:99) For utterance 20030010_662, best cost 116.815 + 4049.36 = 4166.18 over 575 frames.
20030010_662 کر جوکھوں کی اڑایا چلے بسیار کی تصویریں بکھرے 
LOG (lattice-best-path[5.5.907~1-cbed4]:main():lattice-best-path.cc:99) For utterance 20030010_663, best cost 146.804 + 4638.59 = 4785.39 over 656 frames.
20030010_663 کی ڈوریں درج ہے مقروض سسرال کی تو کیلئے کی تنقیص موضوع ہوئی 
LOG (lattice-best-path[5.5.907~1-cbed4]:main():lattice-best-path.cc:99) For utterance 20030010_664, best cost 168.308 + 5576.93 = 5745.24 over 790 frames.
20030010_664 پر آسیہ کے کے ریاض مطالعہ قضیے تنزلی کو تو کھچی کیونکہ ٹیلیفون گے 
LOG (lattice-best-path[5.5.907~1-cbed4]:main():lattice-best-path.cc:99) For utterance 20030010_665, best cost 102.192 + 3937.83 = 4040.02 over 569 frames.
20030010_665 فیصلے خسارے سے سے کشمیری تو استعفے ہوا 
LOG (lattice-best-path[5.5.907~1-cbed4]:main():lattice-best-path.cc:99) For utterance 20030010_666, best cost 120.948 + 3546.49 = 3667.44 over 505 frames.
20030010_666 دوررس رویا پر جنم بڑا تقدس بغیر سندھو یہ 
LOG (lattice-best-path[5.5.907~1-cbed4]:main():lattice-best-path.cc:99) For utterance 20030010_667, best cost 129.532 + 4910.27 = 5039.8 over 731 frames.
20030010_667 کی ڈیلیوری کے بعد سے چمچے دھو سے کی مجیب بوسن ہوئے 
LOG (lattice-best-path[5.5.907~1-cbed4]:main():lattice-best-path.cc:99) For utterance 20030010_668, best cost 157.272 + 5177.61 = 5334.88 over 739 frames.
20030010_668 ساجد لولی کے کرنے والے جھنڈے کا اصلاحات یا رویے سے جاوید لایا 
LOG (lattice-best-path[5.5.907~1-cbed4]:main():lattice-best-path.cc:99) For utterance 20030010_669, best cost 109.384 + 3944.47 = 4053.85 over 557 frames.
20030010_669 کو غزلوں ساریو میوزک یہ عزت مورخین کیا 
LOG (lattice-best-path[5.5.907~1-cbed4]:main():lattice-best-path.cc:99) For utterance 20030010_670, best cost 105.423 + 4616.03 = 4721.45 over 653 frames.
20030010_670 سموسے تابش رہے کے ضرورت ہتھوڑے کرو 
LOG (lattice-best-path[5.5.907~1-cbed4]:main():lattice-best-path.cc:99) For utterance 20030010_671, best cost 170.462 + 5001.53 = 5171.99 over 712 frames.
20030010_671 خوشی سے پہلے سوسائٹی بویا نے کہا اثرورسوخ کو کے سکورز چھولے میں دو کے جاؤ 
LOG (lattice-best-path[5.5.907~1-cbed4]:main():lattice-best-path.cc:99) For utterance 20030010_672, best cost 152.926 + 4215.64 = 4368.57 over 626 frames.
20030010_672 کیجیے معدے ایشوز چلائی دو فقدان بسر اور سے درجے کا بَلّا ہے 
LOG (lattice-best-path[5.5.907~1-cbed4]:main():lattice-best-path.cc:99) For utterance 20030010_673, best cost 132.168 + 4201.14 = 4333.31 over 621 frames.
20030010_673 کرائی کے جانے وعدے ہوئی جو سنگھاسن کے ڈیل برقرار 
LOG (lattice-best-path[5.5.907~1-cbed4]:main():lattice-best-path.cc:99) For utterance 20030010_674, best cost 135.078 + 5275.11 = 5410.19 over 777 frames.
20030010_674 مشورہ دارومدار کا پرچم گردوغبار کیں خوارزمی کی کوشش کی 
LOG (lattice-best-path[5.5.907~1-cbed4]:main():lattice-best-path.cc:99) For utterance 20030010_675, best cost 139.995 + 4700.55 = 4840.55 over 686 frames.
20030010_675 ساجد روئی کے رویے پر سوچے کرتا سوختہ براوو اڑائیں 
LOG (lattice-best-path[5.5.907~1-cbed4]:main():lattice-best-path.cc:99) For utterance 20030010_676, best cost 125.267 + 4094.19 = 4219.45 over 587 frames.
20030010_676 پتھری رہائشی سسٹم نتیجے رضوان انگلش جاوید عراقی 
LOG (lattice-best-path[5.5.907~1-cbed4]:main():lattice-best-path.cc:99) For utterance 20030010_677, best cost 191.539 + 5390.74 = 5582.28 over 788 frames.
20030010_677 مزارعین یقین اسی بوئنگ مگر بعدازاں موضوع بوڑھی کو ادائیگی حیرت سبب بغیر کیا 
LOG (lattice-best-path[5.5.907~1-cbed4]:main():lattice-best-path.cc:99) For utterance 20030010_678, best cost 202.977 + 7984.09 = 8187.07 over 1203 frames.
20030010_678 سے سروس بہت بری سے کا زوال اور بچھڑا نے کے لیے خالد سوچے ویسے مشعر کے کے کریں 
LOG (lattice-best-path[5.5.907~1-cbed4]:main():lattice-best-path.cc:99) For utterance 20030010_679, best cost 105.673 + 2867.03 = 2972.7 over 411 frames.
20030010_679 کوئی اور پیڑی بچی لگاتا سے کیسز اوجھڑی 
LOG (lattice-best-path[5.5.907~1-cbed4]:main():lattice-best-path.cc:99) For utterance 20030010_680, best cost 142.198 + 4595.75 = 4737.95 over 662 frames.
20030010_680 کوئی ترجمان کنٹرول بیٹھا تو پروگرام اس میں میں کیا اور جاتا ہے 
LOG (lattice-best-path[5.5.907~1-cbed4]:main():lattice-best-path.cc:99) For utterance 20030010_681, best cost 162.833 + 5167.1 = 5329.93 over 755 frames.
20030010_681 گرج شمسی شعلوں کو مفید آرزوئیں کو گلوبل بچی بدھا پرسوز یا 
LOG (lattice-best-path[5.5.907~1-cbed4]:main():lattice-best-path.cc:99) For utterance 20030010_682, best cost 175.354 + 5350.83 = 5526.19 over 794 frames.
20030010_682 میں کی وجوہات کی لوٹ پر اجڑے تنازع اجاگر بروز کے جو ہو معلوم کیے 
LOG (lattice-best-path[5.5.907~1-cbed4]:main():lattice-best-path.cc:99) For utterance 20030010_683, best cost 133.518 + 4545.36 = 4678.88 over 669 frames.
20030010_683 کی سے موچی چوروں کارخیر ایمبیسی حدیث کے کی سینیٹ کرے 
LOG (lattice-best-path[5.5.907~1-cbed4]:main():lattice-best-path.cc:99) For utterance 20030010_684, best cost 114.98 + 4568.51 = 4683.49 over 673 frames.
20030010_684 میری سوگوار ایگزیکٹو میں میں رویا کی رکھتا کریں 
LOG (lattice-best-path[5.5.907~1-cbed4]:main():lattice-best-path.cc:99) For utterance 20030010_685, best cost 126.27 + 3552.65 = 3678.92 over 522 frames.
20030010_685 فوجوں سموسے کی پنجرے بخشے سرکا حوض لنگر جو 
LOG (lattice-best-path[5.5.907~1-cbed4]:main():lattice-best-path.cc:99) For utterance 20030010_686, best cost 137.814 + 4620.28 = 4758.09 over 671 frames.
20030010_686 خفگی کے ضخیم کی ٹشو سے دنیاوی مسز ٹشو چاقو جو 
LOG (lattice-best-path[5.5.907~1-cbed4]:main():lattice-best-path.cc:99) For utterance 20030010_687, best cost 176.632 + 6172.28 = 6348.91 over 885 frames.
20030010_687 ساٹھویں سے بدسلوکی ساجد کوئی دو کا اپنا سے چیخنے آکر درجوں موجود گئی 
LOG (lattice-best-path[5.5.907~1-cbed4]:main():lattice-best-path.cc:99) For utterance 20030010_688, best cost 194.533 + 7264.27 = 7458.81 over 1064 frames.
20030010_688 حقیقت کی چادر ہچکچاہٹ تجوریاں مزارعوں اور ڈیجیٹل ویمن ایہام کے پرخچے داخل جاؤ 
LOG (lattice-best-path[5.5.907~1-cbed4]:main():lattice-best-path.cc:99) For utterance 20030010_689, best cost 162.377 + 4391.49 = 4553.86 over 625 frames.
20030010_689 موجزن بھیجا ذخیرہ جا جنگجو کو بنایا سوچا فصلیں گوجر ترچھا ہے 
LOG (lattice-best-path[5.5.907~1-cbed4]:main():lattice-best-path.cc:99) For utterance 20030010_690, best cost 99.3995 + 2723.4 = 2822.8 over 384 frames.
20030010_690 کی گمشدہ بہائیں ٹشو نے کچھوا نہیں جاتا ہے 
LOG (lattice-best-path[5.5.907~1-cbed4]:main():lattice-best-path.cc:99) For utterance 20030010_691, best cost 160.225 + 4948.17 = 5108.4 over 712 frames.
20030010_691 کسی کی دلجوئی کیا مجرم رویا روہی سے مذاکرات معائنہ میں ٹھونس دیئے 
LOG (lattice-best-path[5.5.907~1-cbed4]:main():lattice-best-path.cc:99) For utterance 20030010_692, best cost 156.541 + 4827.48 = 4984.02 over 703 frames.
20030010_692 بخود نظام نے کہا کے ویسے موسم بڑے سرکاری کے بعد سیکھا بلگرامی 
LOG (lattice-best-path[5.5.907~1-cbed4]:main():lattice-best-path.cc:99) For utterance 20030010_693, best cost 118.725 + 3414.72 = 3533.45 over 493 frames.
20030010_693 ملا کے جوئیہ سے کا مدمقابل گنا کرائے مدعو 
LOG (lattice-best-path[5.5.907~1-cbed4]:main():lattice-best-path.cc:99) For utterance 20030010_694, best cost 163.791 + 5883.2 = 6046.99 over 853 frames.
20030010_694 اہلکار کو ورزش سایہ قضہ کو درجے اویسی کی چاقو چنگل بنائی 
LOG (lattice-best-path[5.5.907~1-cbed4]:main():lattice-best-path.cc:99) For utterance 20030010_695, best cost 133.288 + 4094.85 = 4228.14 over 596 frames.
20030010_695 کھچی جا نتیجے جانے کو کروڑوں پرچیاں ستانویں گھول جائے 
LOG (lattice-best-path[5.5.907~1-cbed4]:main():lattice-best-path.cc:99) For utterance 20030010_696, best cost 128.781 + 4212.68 = 4341.46 over 612 frames.
20030010_696 کر شواہد کرنے سے تمسخر مصور بنانے کیلئے راجیہ جگہ 
LOG (lattice-best-path[5.5.907~1-cbed4]:main():lattice-best-path.cc:99) For utterance 20030010_697, best cost 88.4896 + 3184.73 = 3273.22 over 465 frames.
20030010_697 قدوقامت سے سوویت اخوندزادہ لگاتا ہو گیا 
LOG (lattice-best-path[5.5.907~1-cbed4]:main():lattice-best-path.cc:99) For utterance 20030010_698, best cost 121.641 + 3199.54 = 3321.18 over 474 frames.
20030010_698 برابر امداد ویزے شب باغبانی روزگار جائزہ لینے لگا 
LOG (lattice-best-path[5.5.907~1-cbed4]:main():lattice-best-path.cc:99) For utterance 20030010_699, best cost 160.207 + 4079.64 = 4239.85 over 587 frames.
20030010_699 نجات کرفیو سوختہ کی چھری میں بردار کے کیا ویڈیو مجید مقصود جو 
LOG (lattice-best-path[5.5.907~1-cbed4]:main():lattice-best-path.cc:99) For utterance 20030010_700, best cost 146.122 + 3928.87 = 4075 over 561 frames.
20030010_700 گو سقوط کی جتنی میں تغافل کی سوجھی چھڑا کر مصور سے رکھو 
LOG (lattice-best-path[5.5.907~1-cbed4]:main():lattice-best-path.cc:99) For utterance 20030010_701, best cost 167.161 + 5513.05 = 5680.21 over 808 frames.
20030010_701 حضور منوا ملوث رنجیدہ مذہبی سے ہیڈکوارٹر ہوسٹس غدودوں گذر جایا 
LOG (lattice-best-path[5.5.907~1-cbed4]:main():lattice-best-path.cc:99) For utterance 20030010_702, best cost 131.364 + 4174.3 = 4305.66 over 608 frames.
20030010_702 کے فیصلہ قوت کی دودھ میں کرے کو شاخسانہ کے بعد شو 
LOG (lattice-best-path[5.5.907~1-cbed4]:main():lattice-best-path.cc:99) For utterance 20030010_703, best cost 117.693 + 4397.12 = 4514.81 over 647 frames.
20030010_703 کے پاس ایکویٹی کی کے ٹیبلو کاروبار ظاہر اوکھا ہے 
LOG (lattice-best-path[5.5.907~1-cbed4]:main():lattice-best-path.cc:99) For utterance 20030010_704, best cost 136.176 + 5220.15 = 5356.32 over 766 frames.
20030010_704 کانفرنس اشرف ڈائینوسارز دریاؤں کے انظباتی پھیلا کا پراسیس ہے 
LOG (lattice-best-path[5.5.907~1-cbed4]:main():lattice-best-path.cc:99) For utterance 20030010_705, best cost 132.385 + 3997.44 = 4129.83 over 578 frames.
20030010_705 بااثر قدم اڑتالیس کی جاتا لاگت آٹھ سمجھو زندگی 
LOG (lattice-best-path[5.5.907~1-cbed4]:main():lattice-best-path.cc:99) For utterance 20030010_706, best cost 116.3 + 4351.74 = 4468.04 over 627 frames.
20030010_706 معجزے کیفی سے کارکردگی اعتماد مووی جو 
LOG (lattice-best-path[5.5.907~1-cbed4]:main():lattice-best-path.cc:99) For utterance 20030010_707, best cost 99.147 + 3105.33 = 3204.47 over 449 frames.
20030010_707 ماضی دوبارہ دیتا ریونیو بلگرامی نہ کریں 
LOG (lattice-scale[5.5.907~1-cbed4]:main():lattice-scale.cc:107) Done 108 lattices.
LOG (lattice-best-path[5.5.907~1-cbed4]:main():lattice-best-path.cc:99) For utterance 20030010_708, best cost 165.337 + 3767.75 = 3933.08 over 548 frames.
20030010_708 جان چھیڑنے سے تلے نبی نے مجیب اجرا رسیدہ طریقہ اور مشق سمجھانے 
LOG (lattice-add-penalty[5.5.907~1-cbed4]:main():lattice-add-penalty.cc:62) Done adding word insertion penalty to 108 lattices.
LOG (lattice-best-path[5.5.907~1-cbed4]:main():lattice-best-path.cc:124) Overall cost per frame is 7.15705 = 0.206988 [graph] + 6.95006 [acoustic] over 76636 frames.
LOG (lattice-best-path[5.5.907~1-cbed4]:main():lattice-best-path.cc:128) Done 108 lattices, failed for 0
# Accounting: time=4 threads=1
# Ended (code 0) at Wed Apr 21 07:13:47 PKT 2021, elapsed time 4 seconds
