# lattice-scale --inv-acoustic-scale=13 "ark:gunzip -c exp/tri4/decode/lat.*.gz|" ark:- | lattice-add-penalty --word-ins-penalty=1.0 ark:- ark:- | lattice-best-path --word-symbol-table=exp/tri4/graph/words.txt ark:- ark,t:- | utils/int2sym.pl -f 2- exp/tri4/graph/words.txt | cat > exp/tri4/decode/scoring_kaldi/penalty_1.0/13.txt 
# Started at Wed Apr 21 10:57:58 PKT 2021
#
lattice-best-path --word-symbol-table=exp/tri4/graph/words.txt ark:- ark,t:- 
lattice-scale --inv-acoustic-scale=13 'ark:gunzip -c exp/tri4/decode/lat.*.gz|' ark:- 
lattice-add-penalty --word-ins-penalty=1.0 ark:- ark:- 
LOG (lattice-best-path[5.5.907~1-cbed4]:main():lattice-best-path.cc:99) For utterance 20030005_601, best cost 296.62 + 5295.4 = 5592.02 over 1496 frames.
20030005_601 نعمت رہا تک پنچھی کے داغ کے کیلئے شو میں دہلی لنگر ای لہجے ہو در امور کے پڑا مردوں کو حدود کرنے لے گی 
LOG (lattice-best-path[5.5.907~1-cbed4]:main():lattice-best-path.cc:99) For utterance 20030005_602, best cost 360.691 + 7088.5 = 7449.19 over 2091 frames.
20030005_602 دل گروہ کے ایڈڈ ڈیم کے نہ خبروں اور کھیلے پر رکھے ہوے اڑائیں دلوں بن فیشن آلود آلود جا کے براوو آئین جھنڈے کرنے کے شرکت سے اعظم ہے 
LOG (lattice-best-path[5.5.907~1-cbed4]:main():lattice-best-path.cc:99) For utterance 20030005_603, best cost 283.68 + 5421.1 = 5704.78 over 1534 frames.
20030005_603 شاہ مسخ شو گھر اور نزلے کے بڑا سخت کے رکھیے عمل پر اٹھا تو تبلیغ دیر نے بے کیسوں پر کرا اجاگر کیا 
LOG (lattice-best-path[5.5.907~1-cbed4]:main():lattice-best-path.cc:99) For utterance 20030005_604, best cost 241.075 + 5356.55 = 5597.63 over 1617 frames.
20030005_604 سے دی نے نہ پہلی کے دواؤں کی کر پر پڑی تو کہا اس تو چاہے کے اس کے نہ تلے دکھائیں 
LOG (lattice-best-path[5.5.907~1-cbed4]:main():lattice-best-path.cc:99) For utterance 20030005_605, best cost 166.618 + 2841.92 = 3008.53 over 734 frames.
20030005_605 سول در شو بھائی چودھرائن کے پیشن میں دھول بھی کر داخل دیتا ہے 
LOG (lattice-best-path[5.5.907~1-cbed4]:main():lattice-best-path.cc:99) For utterance 20030005_606, best cost 218.018 + 3816.48 = 4034.5 over 1080 frames.
20030005_606 نے دین کے دماغی میں مآب لو ختم سے یہی عجلت بیویوں کے تفویض کی بڑی تزئین لخت ہے 
LOG (lattice-best-path[5.5.907~1-cbed4]:main():lattice-best-path.cc:99) For utterance 20030005_607, best cost 141.798 + 2710.57 = 2852.36 over 747 frames.
20030005_607 تک سیریز کی رفعت کی زدہ گھمبیر نہ بنائی جائے ہے 
LOG (lattice-best-path[5.5.907~1-cbed4]:main():lattice-best-path.cc:99) For utterance 20030005_608, best cost 221.706 + 3899.86 = 4121.56 over 1112 frames.
20030005_608 تھو کھلے کے بو ڈیمو رکن کو خیر شخص کار ڈالر چوم جانے کے قل جن تو ہو گئی 
LOG (lattice-best-path[5.5.907~1-cbed4]:main():lattice-best-path.cc:99) For utterance 20030005_609, best cost 271.188 + 5107.23 = 5378.42 over 1464 frames.
20030005_609 عجلت شے میں مبلغ میں دوبارہ مگر نقش میں کس تولید میں قالین اور فیس صوبوں کے جوڑیاں کا تصحیح فی یا کیا 
LOG (lattice-best-path[5.5.907~1-cbed4]:main():lattice-best-path.cc:99) For utterance 20030005_610, best cost 231.557 + 4534.71 = 4766.26 over 1188 frames.
20030005_610 معائنہ صرف اہل اے تشریف ایئر کا بھی میں عملا بھیڑیا نے ٹیچر کی طرف سے ہوا غلط احساس ہے 
LOG (lattice-best-path[5.5.907~1-cbed4]:main():lattice-best-path.cc:99) For utterance 20030005_611, best cost 262.825 + 4836.51 = 5099.34 over 1425 frames.
20030005_611 کسے پہنے بیوی میں گاڑھا فورس کر نے سی کے دل باغوں کو بڑا بڑا ہیڈ ہے کی گھوم کے ساتھ چل لیے 
LOG (lattice-best-path[5.5.907~1-cbed4]:main():lattice-best-path.cc:99) For utterance 20030005_612, best cost 255.01 + 4621.62 = 4876.63 over 1246 frames.
20030005_612 تبدیلی یوم کی لذت رعشہ سے نے ڈال پورا جدا شخص کر کو عفو وقت کی لینگویج کا خواہ ہما ہے 
LOG (lattice-best-path[5.5.907~1-cbed4]:main():lattice-best-path.cc:99) For utterance 20030005_613, best cost 177.261 + 3085.15 = 3262.41 over 836 frames.
20030005_613 کلیرنگ کی لا حق بوگس اور جہد کو رشید دی نے ایل وعدہ کیا تھا 
LOG (lattice-best-path[5.5.907~1-cbed4]:main():lattice-best-path.cc:99) For utterance 20030005_614, best cost 178.074 + 3350.41 = 3528.49 over 932 frames.
20030005_614 بدروح فیملی شعری شعلوں کے کرائیں والوں کے ساتھ سروس جیب بغیر سمجھو تک کیا 
LOG (lattice-best-path[5.5.907~1-cbed4]:main():lattice-best-path.cc:99) For utterance 20030005_615, best cost 271.573 + 6118.09 = 6389.66 over 1726 frames.
20030005_615 زاید کار شہزادی نے بلی جی اور موئسچرائزنگ کو بلڈوزر کرتے ہوئے جوئیہ خالد آن کی تجوریاں میں ہے اور ہیڈ بڑا لایا 
LOG (lattice-best-path[5.5.907~1-cbed4]:main():lattice-best-path.cc:99) For utterance 20030005_616, best cost 315.462 + 5795.64 = 6111.1 over 1496 frames.
20030005_616 تاجر نہر ورلڈ ہیڈ میں سوم اور وی شیم کو فروغ افزائش تک کر کیسی گا قصور کی میں خمار عفت کا دل کا تیار کیا 
LOG (lattice-best-path[5.5.907~1-cbed4]:main():lattice-best-path.cc:99) For utterance 20030005_617, best cost 221.474 + 4128.98 = 4350.45 over 1182 frames.
20030005_617 کھبے پر پڑے سوکھی گو چوہوں میں کیوں کو ہو آدھا دیکھا کر فن دعا ان سنے لگا 
LOG (lattice-best-path[5.5.907~1-cbed4]:main():lattice-best-path.cc:99) For utterance 20030005_618, best cost 227.316 + 4151.98 = 4379.29 over 1099 frames.
20030005_618 قدرے سے رو شاہ مون چھوڑ والے اکھنڈ ساگر نے علی مون کے بعد آج جیز اس تیار کیا 
LOG (lattice-best-path[5.5.907~1-cbed4]:main():lattice-best-path.cc:99) For utterance 20030005_619, best cost 165.7 + 3015.02 = 3180.72 over 868 frames.
20030005_619 تہذیب بھی تشبیہ حالات مدح بیان کرنے کی جو فوری بھدی جا ہے 
LOG (lattice-best-path[5.5.907~1-cbed4]:main():lattice-best-path.cc:99) For utterance 20030005_620, best cost 287.201 + 5685.29 = 5972.49 over 1764 frames.
20030005_620 چھین آنے میں تھو لوگوں کے گو لوگوں کو برڈ حروں میں ثریا اور کی ڈیمو کو پر تو روزوں اور شاخوں کی کیا عیاں کیں 
LOG (lattice-best-path[5.5.907~1-cbed4]:main():lattice-best-path.cc:99) For utterance 20030005_621, best cost 272.103 + 4840.39 = 5112.5 over 1336 frames.
20030005_621 مجرم دوسرا ایثار رہائشی نے اور کر گرج جینوئن کے ماہ بینک میں ذہن نو گرلز اور چار بھی ناچنے میں پہلی کی 
LOG (lattice-best-path[5.5.907~1-cbed4]:main():lattice-best-path.cc:99) For utterance 20030005_622, best cost 232.537 + 4974.09 = 5206.63 over 1476 frames.
20030005_622 چوتھی گھڑیوں میں میں ڈار اور گدے دے کر ایک درج جن مرضی بھیڑوں پالمر میں سے درج دریں 
LOG (lattice-best-path[5.5.907~1-cbed4]:main():lattice-best-path.cc:99) For utterance 20030005_623, best cost 201.892 + 4154.59 = 4356.48 over 1188 frames.
20030005_623 ڈے انٹیلیجینس کا گروہ منافعوں آدھ سونگ بروز کا محروم یا نہ شالا کے لے گیا 
LOG (lattice-best-path[5.5.907~1-cbed4]:main():lattice-best-path.cc:99) For utterance 20030005_624, best cost 277.144 + 5266.83 = 5543.97 over 1412 frames.
20030005_624 مفاد سے کے نصف خون میں کھلے سے دین اور فعال سول فورس والا فولڈر حدود کے انجکشن کیلئے موہوم لیلی شوروم تھا 
LOG (lattice-best-path[5.5.907~1-cbed4]:main():lattice-best-path.cc:99) For utterance 20030005_625, best cost 216.979 + 4765.14 = 4982.11 over 1252 frames.
20030005_625 نرخوں کی ڈیم سائیڈ پر پہ دیا کی آتی گدڑی لے کر بند لیس فیڈر کے موقعے کو گیا 
LOG (lattice-best-path[5.5.907~1-cbed4]:main():lattice-best-path.cc:99) For utterance 20030005_626, best cost 146.568 + 2820.29 = 2966.86 over 817 frames.
20030005_626 لینڈ بچنے کو ملی ہائے یا دودھ کی لوہار سمجھ یا 
LOG (lattice-best-path[5.5.907~1-cbed4]:main():lattice-best-path.cc:99) For utterance 20030005_627, best cost 201.259 + 3877.56 = 4078.82 over 1073 frames.
20030005_627 سیر کا غربت عمل کے نہ بوقت کے علاوہ میں سے بھڑوں کے تو صوبوں میں پر کھاد گیا 
LOG (lattice-best-path[5.5.907~1-cbed4]:main():lattice-best-path.cc:99) For utterance 20030005_628, best cost 224.198 + 4128.09 = 4352.29 over 1182 frames.
20030005_628 بھگت کی طرح کبھی لعاب آنے کیلئے بیگ کے کاربن نل میں فلو مون کی خوشی یا مفہوم تھیں 
LOG (lattice-best-path[5.5.907~1-cbed4]:main():lattice-best-path.cc:99) For utterance 20030005_629, best cost 266.52 + 5320.19 = 5586.71 over 1476 frames.
20030005_629 شیڈ ٹیڑھے کے گوشوں والوں کے اوہام میں فیچر آبرو زور کر ہنگری اپنے مرغی کیوں کا حضرات گیر کرا آیا 
LOG (lattice-best-path[5.5.907~1-cbed4]:main():lattice-best-path.cc:99) For utterance 20030005_630, best cost 239.229 + 5159.4 = 5398.63 over 1457 frames.
20030005_630 کی فضل میں نشر اے کے کشف عالمی آکر بیلٹ چلے ماتھے تو سن سے عوام بے کر کیا 
LOG (lattice-best-path[5.5.907~1-cbed4]:main():lattice-best-path.cc:99) For utterance 20030005_631, best cost 310.107 + 6650.75 = 6960.85 over 1912 frames.
20030005_631 سیلز چیز کو لیکن داغ ڈیڈ میں وقف آپ کر کے فلو کے کا رقص بھیجے تو اس نے اسے موڑ کر اچھال لے دکھائی ہے 
LOG (lattice-best-path[5.5.907~1-cbed4]:main():lattice-best-path.cc:99) For utterance 20030005_632, best cost 291.391 + 5945.82 = 6237.21 over 1758 frames.
20030005_632 حزن مگسی گائنی کہا کے روایت کی ہجر چھوڑ والوں اور ریڈ یا بوجوہ ماہ کر کھجوریں اور رسوائی چھولے بغیر بیٹھی 
LOG (lattice-best-path[5.5.907~1-cbed4]:main():lattice-best-path.cc:99) For utterance 20030005_633, best cost 296.839 + 6188.9 = 6485.74 over 1873 frames.
20030005_633 ریسٹورنٹ ایم کے بن کار میں تدریس کیلئے منیر پھینک میں اور فی سومرو کی کو والرس اس سندھی سول ان کیلئے بھیج یہ 
LOG (lattice-best-path[5.5.907~1-cbed4]:main():lattice-best-path.cc:99) For utterance 20030005_634, best cost 208.427 + 3489.52 = 3697.95 over 952 frames.
20030005_634 کوئلے شنید درجے سیکشن کے استاد عام کے لیے رو والا میں یا کی نکل گریڈ کر لائیں 
LOG (lattice-best-path[5.5.907~1-cbed4]:main():lattice-best-path.cc:99) For utterance 20030005_635, best cost 246.959 + 4734.75 = 4981.71 over 1336 frames.
20030005_635 خاص میں ٹریلر کو چینی کی لعاب فعال میں بیٹھی نے اور اگلے مینگل تک ماہرین سیڈ میں مسئلہ کرائے ہے 
LOG (lattice-best-path[5.5.907~1-cbed4]:main():lattice-best-path.cc:99) For utterance 20030005_636, best cost 223.577 + 4471.71 = 4695.29 over 1361 frames.
20030005_636 قم اور رو اور خوشبوؤں ندرت کی جوبلی عرف شاہ ہونے سے زور جا کا تو خام کا فوراً ہوا 
LOG (lattice-best-path[5.5.907~1-cbed4]:main():lattice-best-path.cc:99) For utterance 20030005_637, best cost 232.848 + 5012.42 = 5245.27 over 1457 frames.
20030005_637 رخوں وارڈ میں استغراق میں پی پہنچ کر رنگ کی لا غنودگی کی ہجر سے میں مگر بیڑے بھری 
LOG (lattice-best-path[5.5.907~1-cbed4]:main():lattice-best-path.cc:99) For utterance 20030005_638, best cost 239.04 + 6045.13 = 6284.17 over 1828 frames.
20030005_638 کاجو گوجر کی شیرے گھوم ڈرائیونگ سے ہوے صورت اور کھو ریلی کو کڑوی کے بلا سے جان چیزیں 
LOG (lattice-best-path[5.5.907~1-cbed4]:main():lattice-best-path.cc:99) For utterance 20030005_639, best cost 266.894 + 5393.46 = 5660.35 over 1432 frames.
20030005_639 ہیوی کے دفتر اے کی دکھ اے دل سے ترجیح کر سے کے نہ بوجھ کی ظاہر تک سموسے میں ڈبو چکھیں 
LOG (lattice-best-path[5.5.907~1-cbed4]:main():lattice-best-path.cc:99) For utterance 20030005_640, best cost 251.403 + 4786.12 = 5037.52 over 1348 frames.
20030005_640 چوہوں کی نیلم پر بیٹھی گیارہویں سے فی نے بھی سن ای کونسل کے شعاع لایا کا پیچوٹری کھو جیز آیا 
LOG (lattice-best-path[5.5.907~1-cbed4]:main():lattice-best-path.cc:99) For utterance 20030005_641, best cost 203.087 + 4031.34 = 4234.42 over 1054 frames.
20030005_641 آف اور ایلویٹ اور پڑی شروع فوجوں کی آتشیں ماضی دکھ لا کر ویمپ سے گھیرے ہیں 
LOG (lattice-best-path[5.5.907~1-cbed4]:main():lattice-best-path.cc:99) For utterance 20030005_642, best cost 196.827 + 3860.47 = 4057.3 over 1041 frames.
20030005_642 حریفوں کے سیفٹی مے چیز سیکھی یہ تو درس میں سے نفوذ اس کیے ہوا کو کی 
LOG (lattice-best-path[5.5.907~1-cbed4]:main():lattice-best-path.cc:99) For utterance 20030005_643, best cost 245.457 + 4874.89 = 5120.35 over 1310 frames.
20030005_643 تحفہ آلود سے منفرد پہنے مفاد فن ہجر سے نہ ہائے نے اور دوغلی راغب سے زاید دیں ڈال لیں 
LOG (lattice-best-path[5.5.907~1-cbed4]:main():lattice-best-path.cc:99) For utterance 20030005_644, best cost 222.318 + 5587.11 = 5809.43 over 1611 frames.
20030005_644 آج کھیلیں ہے تو چھیڑ میں طور پر میں اور جبڑا مچھلی کی سیمی پر کمینگی بدھا پھیریں 
LOG (lattice-best-path[5.5.907~1-cbed4]:main():lattice-best-path.cc:99) For utterance 20030005_645, best cost 213.031 + 3875.16 = 4088.19 over 1022 frames.
20030005_645 نے پاؤڈر بھینٹ کی اس میں تو ضد کے سائیڈ دو زور مسخرے کرنے کی فعال اشد تلے ہیں 
LOG (lattice-best-path[5.5.907~1-cbed4]:main():lattice-best-path.cc:99) For utterance 20030005_646, best cost 207.205 + 4105.87 = 4313.08 over 1156 frames.
20030005_646 ساؤتھ دھینگا فن جوس میں اور چون کرنے کے بعد لاؤ اور بَلّا میں درد آیئں ڈالنے آیئں 
LOG (lattice-best-path[5.5.907~1-cbed4]:main():lattice-best-path.cc:99) For utterance 20030005_647, best cost 162.278 + 3498.59 = 3660.87 over 1067 frames.
20030005_647 بعد صدر کے انداز سویرے راولا گھونگٹ چور کر دونوں پر آئے ہے 
LOG (lattice-best-path[5.5.907~1-cbed4]:main():lattice-best-path.cc:99) For utterance 20030005_648, best cost 139.217 + 3244.43 = 3383.65 over 990 frames.
20030005_648 میلے میں دودھیا چھایا تم ہما خودسر کیلئے کروا تھا 
LOG (lattice-best-path[5.5.907~1-cbed4]:main():lattice-best-path.cc:99) For utterance 20030005_649, best cost 178.252 + 3445.25 = 3623.51 over 1041 frames.
20030005_649 پتھروں کو کن ویمنز کر کے بیٹھ نے کے بعد کو عام کا نکل لگائے لیے 
LOG (lattice-best-path[5.5.907~1-cbed4]:main():lattice-best-path.cc:99) For utterance 20030005_650, best cost 266.764 + 4619.61 = 4886.38 over 1355 frames.
20030005_650 فجر لیلی دعا آئین کی سی رتھ اور سینما لیے تین کی محفل لیے کا ہے اعادہ کے رائگاں چیک تک اعزاز ہے 
LOG (lattice-best-path[5.5.907~1-cbed4]:main():lattice-best-path.cc:99) For utterance 20030005_651, best cost 192.262 + 3737.96 = 3930.22 over 1131 frames.
20030005_651 کوئلے کی بیرونی مون شعلوں کی کوکھ علی گھنٹے میں اونے سے پہلے سونگ بھیم تھیں 
LOG (lattice-best-path[5.5.907~1-cbed4]:main():lattice-best-path.cc:99) For utterance 20030005_652, best cost 284.333 + 5083.89 = 5368.23 over 1502 frames.
20030005_652 پر روڈ گم کی جی لیں تھام گیلری اور لیے کو اؤٹ کے نو والا مے گرج گولڈ کیے سدھو رخوں تک اونچی 
LOG (lattice-best-path[5.5.907~1-cbed4]:main():lattice-best-path.cc:99) For utterance 20030005_653, best cost 223.36 + 4179.66 = 4403.02 over 1176 frames.
20030005_653 لومڑ براں آڑ بھی لیڈز کا سی سن دل کر زیر لکھی عجیب رائگاں قل وزن ہوا 
LOG (lattice-best-path[5.5.907~1-cbed4]:main():lattice-best-path.cc:99) For utterance 20030005_654, best cost 215.134 + 4971.13 = 5186.27 over 1361 frames.
20030005_654 کھجلی اور دیش کو سے اس کی کے شیعہ چوزے اور پنج سے ٹھیک پر سے کے معدے میں سے دھجیاں 
LOG (lattice-best-path[5.5.907~1-cbed4]:main():lattice-best-path.cc:99) For utterance 20030005_655, best cost 152.029 + 3573.68 = 3725.71 over 1022 frames.
20030005_655 نیرنگ بخشی کی بجھائی اور دی لے فٹ بچھانے کا عشرت ہے 
LOG (lattice-best-path[5.5.907~1-cbed4]:main():lattice-best-path.cc:99) For utterance 20030005_656, best cost 270.012 + 5533.37 = 5803.39 over 1668 frames.
20030005_656 بیلٹ سے سے جی اینگرو ویب کن کر زیر ای ہے اینڈ بچائیں اور سونگ اور چار حملوں بھید حصص کرائے ہے 
LOG (lattice-best-path[5.5.907~1-cbed4]:main():lattice-best-path.cc:99) For utterance 20030005_657, best cost 163.389 + 3765.04 = 3928.43 over 1099 frames.
20030005_657 ہما گول آف گھن ذہن کے کیفے بردار کی حادثے منفعت نہیں 
LOG (lattice-best-path[5.5.907~1-cbed4]:main():lattice-best-path.cc:99) For utterance 20030005_658, best cost 143.817 + 3337 = 3480.81 over 1003 frames.
20030005_658 لینڈ ڈھونڈ کا میں کا روہی ویوز کی بعد سے گزارنے ہے 
LOG (lattice-best-path[5.5.907~1-cbed4]:main():lattice-best-path.cc:99) For utterance 20030005_659, best cost 220.402 + 4487.52 = 4707.93 over 1291 frames.
20030005_659 مرکزی کوٹھے کر بچھانے اور پورے ای کا تمام و رو خوفوں کے بعد بولنے یا کر سونے ہیں 
LOG (lattice-best-path[5.5.907~1-cbed4]:main():lattice-best-path.cc:99) For utterance 20030005_660, best cost 144.945 + 2655.69 = 2800.63 over 779 frames.
20030005_660 اور اے پرفارم کے بل کیا عضلات میں نہیں ای گھس نہ ہے 
LOG (lattice-best-path[5.5.907~1-cbed4]:main():lattice-best-path.cc:99) For utterance 20030005_661, best cost 172.786 + 3927.21 = 4100 over 1252 frames.
20030005_661 قضا عفت لینے کیلئے بچھونا پر حامل کا داغ ہاتھوں رکھ دبائے ہے 
LOG (lattice-best-path[5.5.907~1-cbed4]:main():lattice-best-path.cc:99) For utterance 20030005_662, best cost 194.512 + 3746.21 = 3940.72 over 1067 frames.
20030005_662 کھڑے کم شوروم کو کی آدھ عیاں چلیں تو سکتا گروں کی تشبیہ گرہیں بگڑ ہیں 
LOG (lattice-best-path[5.5.907~1-cbed4]:main():lattice-best-path.cc:99) For utterance 20030005_663, best cost 257.629 + 4647.24 = 4904.87 over 1336 frames.
20030005_663 پی رونے جہاں چاہیے ماں کا عابد انگوٹھی نہ عرصہ کا کی نیم تو دن دے کی تم پولیس وفود کی 
LOG (lattice-best-path[5.5.907~1-cbed4]:main():lattice-best-path.cc:99) For utterance 20030005_664, best cost 249.107 + 4866.63 = 5115.74 over 1316 frames.
20030005_664 فضل آسیہ لے کے بری اعظم میں کا آئی نہ بھری لے کا دو زود ہوا تو کے رخوں کے کھڑے ہو گئے 
LOG (lattice-best-path[5.5.907~1-cbed4]:main():lattice-best-path.cc:99) For utterance 20030005_665, best cost 165.321 + 2960.79 = 3126.12 over 779 frames.
20030005_665 فیض میں خواہ سال رو واقعی سے سے گریڈ چینی دو آج طفیل ہوا 
LOG (lattice-best-path[5.5.907~1-cbed4]:main():lattice-best-path.cc:99) For utterance 20030005_666, best cost 185.366 + 3782.45 = 3967.81 over 1073 frames.
20030005_666 دوعالم سے ہوے اولین چہل ان پر آتا کا تبسم نہ حیرت سے بھول لیے 
LOG (lattice-best-path[5.5.907~1-cbed4]:main():lattice-best-path.cc:99) For utterance 20030005_667, best cost 152.5 + 4218.99 = 4371.49 over 1323 frames.
20030005_667 تبدیلی بیلٹ کے دھاڑ سے چنگ کے دوسرے کی گگلی بسیں ہوئی 
LOG (lattice-best-path[5.5.907~1-cbed4]:main():lattice-best-path.cc:99) For utterance 20030005_668, best cost 255.021 + 5349.08 = 5604.1 over 1489 frames.
20030005_668 سن کی فلو رفیق کے پر لڑیں میں خود اگلے والے چائلڈ کار کچلا ربیعہ نہ سے جیل نکل آ ہے 
LOG (lattice-best-path[5.5.907~1-cbed4]:main():lattice-best-path.cc:99) For utterance 20030005_669, best cost 174.735 + 3960.35 = 4135.09 over 1112 frames.
20030005_669 اور رخ اعظم محفل بورڈر میں ویڈیوز ضرورت کے لیے ریزروز لوٹ نہیں کیا ہے 
LOG (lattice-best-path[5.5.907~1-cbed4]:main():lattice-best-path.cc:99) For utterance 20030005_670, best cost 170.748 + 3595.27 = 3766.02 over 1035 frames.
20030005_670 روضے کا آخری اشارہ ہے اس ایک کے ساتھ دنیا کو ڈالوں کا طلب ہے 
LOG (lattice-best-path[5.5.907~1-cbed4]:main():lattice-best-path.cc:99) For utterance 20030005_671, best cost 248.161 + 4883.47 = 5131.63 over 1368 frames.
20030005_671 رشید سے پہلے سوسائٹی گڑیا نے کہا کا صوفی اور تصدق کھول کے سفر عرف جوبلی میں دو اور جی یہ جاؤ 
LOG (lattice-best-path[5.5.907~1-cbed4]:main():lattice-best-path.cc:99) For utterance 20030005_672, best cost 219.294 + 4450.39 = 4669.69 over 1163 frames.
20030005_672 انٹر وی گیر شو اس چلائی یہ تو افورڈ عقاب والدین سرویئر اوصاف درجے کا اگلا ہے 
LOG (lattice-best-path[5.5.907~1-cbed4]:main():lattice-best-path.cc:99) For utterance 20030005_673, best cost 187.567 + 3488.84 = 3676.41 over 1048 frames.
20030005_673 کرا کے کی شامل بیوہ کے ہوے جو زیر مسائل کے بیعت پھاڑ کھڑا آئے ہے 
LOG (lattice-best-path[5.5.907~1-cbed4]:main():lattice-best-path.cc:99) For utterance 20030005_674, best cost 224.841 + 5247.74 = 5472.58 over 1604 frames.
20030005_674 نقشوں میں پُلوں میں بھڑک کا پرچیاں گا لوٹ کر ہمراہ ہینگر ٹھوس مون سنے کی کوشش کی 
LOG (lattice-best-path[5.5.907~1-cbed4]:main():lattice-best-path.cc:99) For utterance 20030005_675, best cost 185.49 + 4294.37 = 4479.86 over 1297 frames.
20030005_675 عارضی سے بولو ریلی کے رویے پر سونگ سے تو تفنن کا باغ و پڑھائی گے 
LOG (lattice-best-path[5.5.907~1-cbed4]:main():lattice-best-path.cc:99) For utterance 20030005_676, best cost 204.583 + 4589.69 = 4794.28 over 1278 frames.
20030005_676 اپنی رہائش کا سیریز کا انظباتی جہاں کھولے اظہار میں آن کشف جھگڑے پر رکھ دیئے 
LOG (lattice-best-path[5.5.907~1-cbed4]:main():lattice-best-path.cc:99) For utterance 20030005_677, best cost 269.06 + 4972.09 = 5241.15 over 1380 frames.
20030005_677 مثال نے کیا کی گگلی بو ای مگر بعدازاں دوست سود بھول ای رو دھل کرا نیم کی حیرت سے دہلی گیا 
LOG (lattice-best-path[5.5.907~1-cbed4]:main():lattice-best-path.cc:99) For utterance 20030005_678, best cost 285.755 + 6798.38 = 7084.14 over 2052 frames.
20030005_678 سے نمف مسئلہ کو و تھیلی فیز پڑھائی ورلڈ والوں سے چھیڑنے کیلئے ہیڈ رو جن فیری سے مشعر کے شے کیں 
LOG (lattice-best-path[5.5.907~1-cbed4]:main():lattice-best-path.cc:99) For utterance 20030005_679, best cost 154.915 + 3300.6 = 3455.51 over 958 frames.
20030005_679 تھوڑی اور پیڑی پر چیلہ لایا تو سے ہر تیزی سے اچھل ای 
LOG (lattice-best-path[5.5.907~1-cbed4]:main():lattice-best-path.cc:99) For utterance 20030005_680, best cost 213.682 + 4413.06 = 4626.75 over 1316 frames.
20030005_680 چوری کا جوڑیاں پہنے دے پورے بیٹھک دو لائن اٹھارہ برس میں میں تھوڑا آئے جاتا ہے 
LOG (lattice-best-path[5.5.907~1-cbed4]:main():lattice-best-path.cc:99) For utterance 20030005_681, best cost 239.819 + 5392.53 = 5632.35 over 1611 frames.
20030005_681 گدھا خدشہ جیب شیڈ کو گہرا کر ڈار اس حویلی تو ہولوں عام پر بچی دھار پر سایہ 
LOG (lattice-best-path[5.5.907~1-cbed4]:main():lattice-best-path.cc:99) For utterance 20030005_682, best cost 241.762 + 5886.03 = 6127.79 over 1656 frames.
20030005_682 بھی ایف اور شو ہمارے کی لوٹ پر پنجرے کا ناقص چچا وائرس کے ہو عجلت معلوم کیے 
LOG (lattice-best-path[5.5.907~1-cbed4]:main():lattice-best-path.cc:99) For utterance 20030005_683, best cost 222.839 + 4762.07 = 4984.91 over 1355 frames.
20030005_683 ریلیف سے ماؤنٹ کی جبڑوں تک ایم ایم نے منگنی ریڈ دیے کے تیز سے میں نہ کر گئی 
LOG (lattice-best-path[5.5.907~1-cbed4]:main():lattice-best-path.cc:99) For utterance 20030005_684, best cost 200.186 + 4246.02 = 4446.21 over 1208 frames.
20030005_684 میرون بھی فلو لکھوا کا ایگزیکٹو کے کی یوم میں معلوم یا رعیت لاگت تک آؤ 
LOG (lattice-best-path[5.5.907~1-cbed4]:main():lattice-best-path.cc:99) For utterance 20030005_685, best cost 154.562 + 3134.89 = 3289.45 over 881 frames.
20030005_685 جو فلڈ غوث کی بن شیر بخشے اسے کہا سے لاؤ بدروح 
LOG (lattice-best-path[5.5.907~1-cbed4]:main():lattice-best-path.cc:99) For utterance 20030005_686, best cost 219.767 + 4119.82 = 4339.59 over 1067 frames.
20030005_686 صوفی کلیم گرنے سرخی ویب عرف عشرت سے بنیں یادیں مے سے کا شو شاہ پوچھ کو 
LOG (lattice-best-path[5.5.907~1-cbed4]:main():lattice-best-path.cc:99) For utterance 20030005_687, best cost 262.206 + 5913.34 = 6175.55 over 1656 frames.
20030005_687 سوئس کے بدسلوکی سے آنکھیں کو لیں تو ابو علم آزاد سے چیف ہمارا کر تو جاؤ مآب زود کروائیں 
LOG (lattice-best-path[5.5.907~1-cbed4]:main():lattice-best-path.cc:99) For utterance 20030005_688, best cost 302.732 + 6180.44 = 6483.17 over 1796 frames.
20030005_688 خلیے کھل کی چادر بیچ بعد کر سے مچھلیاں بیزار والوں اور دیکھ کی کیے بھیج میں نہ حامل ہوم کے پراٹھا یہ داغنے جاؤ 
LOG (lattice-best-path[5.5.907~1-cbed4]:main():lattice-best-path.cc:99) For utterance 20030005_689, best cost 257.765 + 4895.73 = 5153.5 over 1496 frames.
20030005_689 بوجھ تو بڑھ جیز سالہ کی یا کیا جنگلوں میں ہول بن آئیے اور سوئس و فصلیں کو چل کر چھائی ہے 
LOG (lattice-best-path[5.5.907~1-cbed4]:main():lattice-best-path.cc:99) For utterance 20030005_690, best cost 143.614 + 3337.97 = 3481.59 over 881 frames.
20030005_690 جیگوار کیا نہ پڑھائی میں کے شور لے کو چودہ نہیں جا سکتا ہے 
LOG (lattice-best-path[5.5.907~1-cbed4]:main():lattice-best-path.cc:99) For utterance 20030005_691, best cost 220.025 + 5167.2 = 5387.22 over 1368 frames.
20030005_691 کیسی کی دلجوئی کے لیے اپنا جی درد دیو یا اور ان سے ٹھونس نہ کر معمہ میں ٹھونس دیئے 
LOG (lattice-best-path[5.5.907~1-cbed4]:main():lattice-best-path.cc:99) For utterance 20030005_692, best cost 223 + 4586.25 = 4809.25 over 1220 frames.
20030005_692 بدھ افورڈ مسائل میں کہا کے میں سیسے بو سالہ بڑے ہاتھوں گاڑی سے بھی کھا کے دونوں 
LOG (lattice-best-path[5.5.907~1-cbed4]:main():lattice-best-path.cc:99) For utterance 20030005_693, best cost 151.918 + 3428.57 = 3580.49 over 939 frames.
20030005_693 مے نے حد کے جوئیہ سے کہا کے واقعہ پر بنا کرے مردوں 
LOG (lattice-best-path[5.5.907~1-cbed4]:main():lattice-best-path.cc:99) For utterance 20030005_694, best cost 229.369 + 4824.98 = 5054.35 over 1208 frames.
20030005_694 تراجم کا چھوڑ کا شیر شاخ آیا کا غصہ ہیڈ کو درجے اور اسے کی چاقو کو چمن بنائیں 
LOG (lattice-best-path[5.5.907~1-cbed4]:main():lattice-best-path.cc:99) For utterance 20030005_695, best cost 206.816 + 4168.55 = 4375.37 over 1105 frames.
20030005_695 کھول کی کی جانب کیجیے جانے کو کیا رونے اگر کی مجھ جاؤ تو پانی میں گول جاؤ 
LOG (lattice-best-path[5.5.907~1-cbed4]:main():lattice-best-path.cc:99) For utterance 20030005_696, best cost 208.683 + 4472.44 = 4681.12 over 1131 frames.
20030005_696 کلچر مفاد سے کے آمیزش اے کو مسحور ای مسوڑوں کے بنانے کیلئے فراواں کیا جائے یا 
LOG (lattice-best-path[5.5.907~1-cbed4]:main():lattice-best-path.cc:99) For utterance 20030005_697, best cost 128.633 + 3093.45 = 3222.09 over 772 frames.
20030005_697 بولو گھاؤ سے سبزیوں کمرے ڈیزائنروں کروانے کا کا ہو گیا 
LOG (lattice-best-path[5.5.907~1-cbed4]:main():lattice-best-path.cc:99) For utterance 20030005_698, best cost 200.971 + 4284.95 = 4485.92 over 1124 frames.
20030005_698 بار آ ہولوں ہم عضلات دور دین سے شریف آف باؤنڈری سے کا جائزہ لینے لگا 
LOG (lattice-best-path[5.5.907~1-cbed4]:main():lattice-best-path.cc:99) For utterance 20030005_699, best cost 224.777 + 5086.81 = 5311.59 over 1342 frames.
20030005_699 مجلس کی کی روزوں افق لارا کی چھری میں بدھا کے آیا نے میں بے ہم کی کا معید سوچوں 
LOG (lattice-best-path[5.5.907~1-cbed4]:main():lattice-best-path.cc:99) For utterance 20030005_700, best cost 189.62 + 5324.18 = 5513.8 over 1419 frames.
20030005_700 گوشہ اور فون کیے تکلم میں تغافل کی سوجھی کی چھڑ کر اسلوب سے پتھروں 
LOG (lattice-best-path[5.5.907~1-cbed4]:main():lattice-best-path.cc:99) For utterance 20030005_701, best cost 261.01 + 6298.4 = 6559.4 over 1681 frames.
LOG (lattice-scale[5.5.907~1-cbed4]:main():lattice-scale.cc:107) Done 108 lattices.
20030005_701 مضمون با عنوان بلوں کو عزت کی طرح مراد نہ چیز سے اہل دوا کر موذی زیست کو تو کو سمجھا آیا 
LOG (lattice-best-path[5.5.907~1-cbed4]:main():lattice-best-path.cc:99) For utterance 20030005_702, best cost 190.437 + 4538.49 = 4728.93 over 1150 frames.
20030005_702 ریلی فیصلہ کو بھگت کی روٹھ میں ہر کے کو شاہ زور نہ ضرورت بخشیں 
LOG (lattice-best-path[5.5.907~1-cbed4]:main():lattice-best-path.cc:99) For utterance 20030005_703, best cost 151.951 + 3722.35 = 3874.3 over 952 frames.
20030005_703 پتھروں وارڈ میں کلیدی جیم کے پتھروں کاروبار آ ظاہر ہوتا ہے 
LOG (lattice-best-path[5.5.907~1-cbed4]:main():lattice-best-path.cc:99) For utterance 20030005_704, best cost 209.841 + 5365.99 = 5575.83 over 1355 frames.
20030005_704 چور سے شب متغیر ذاد مون کے اننگز بعد کے پھل آؤ کا پریس سے اس ہے 
LOG (lattice-add-penalty[5.5.907~1-cbed4]:main():lattice-add-penalty.cc:62) Done adding word insertion penalty to 108 lattices.
LOG (lattice-best-path[5.5.907~1-cbed4]:main():lattice-best-path.cc:99) For utterance 20030005_705, best cost 197.315 + 3711.82 = 3909.13 over 958 frames.
20030005_705 باغ وجہ رو بینک مہر کڑوی لیس تجارت پر لاگت آٹھ منسوخ سے بڑی گئی 
LOG (lattice-best-path[5.5.907~1-cbed4]:main():lattice-best-path.cc:99) For utterance 20030005_706, best cost 146.812 + 4190.99 = 4337.8 over 1086 frames.
20030005_706 بجے زیڈ رفیق وزیر کے عام کے کی دیکھیں نعمت میچور 
LOG (lattice-best-path[5.5.907~1-cbed4]:main():lattice-best-path.cc:99) For utterance 20030005_707, best cost 142.787 + 3446.74 = 3589.53 over 888 frames.
20030005_707 ماضی کو بنایا ہے تو آدھے کریں یونی گناہوں میں نہ کریں 
LOG (lattice-best-path[5.5.907~1-cbed4]:main():lattice-best-path.cc:99) For utterance 20030005_708, best cost 198.592 + 3910.55 = 4109.14 over 1009 frames.
20030005_708 جانب چھ میں سے پہلے بو روے میں مجھے کوچ آیا سے جاتی کا اور مشعر سمجھائیں ہے 
LOG (lattice-best-path[5.5.907~1-cbed4]:main():lattice-best-path.cc:124) Overall cost per frame is 3.72745 = 0.172393 [graph] + 3.55505 [acoustic] over 136802 frames.
LOG (lattice-best-path[5.5.907~1-cbed4]:main():lattice-best-path.cc:128) Done 108 lattices, failed for 0
# Accounting: time=3 threads=1
# Ended (code 0) at Wed Apr 21 10:58:01 PKT 2021, elapsed time 3 seconds
