# lattice-scale --inv-acoustic-scale=8 "ark:gunzip -c exp/tri3/decode/lat.*.gz|" ark:- | lattice-add-penalty --word-ins-penalty=0.5 ark:- ark:- | lattice-best-path --word-symbol-table=exp/tri3/graph/words.txt ark:- ark,t:- | utils/int2sym.pl -f 2- exp/tri3/graph/words.txt | cat > exp/tri3/decode/scoring_kaldi/penalty_0.5/8.txt 
# Started at Thu Apr 22 11:50:28 PKT 2021
#
lattice-add-penalty --word-ins-penalty=0.5 ark:- ark:- 
lattice-scale --inv-acoustic-scale=8 'ark:gunzip -c exp/tri3/decode/lat.*.gz|' ark:- 
lattice-best-path --word-symbol-table=exp/tri3/graph/words.txt ark:- ark,t:- 
LOG (lattice-best-path[5.5.907~1-cbed4]:main():lattice-best-path.cc:99) For utterance 20030004_601, best cost 130.765 + 5399.9 = 5530.67 over 804 frames.
20030004_601 دیوبندی لاگت رنجیدہ کی شنید ریلیف بلی داؤدی پڑا اور اوپر کیں 
LOG (lattice-best-path[5.5.907~1-cbed4]:main():lattice-best-path.cc:99) For utterance 20030004_602, best cost 159.767 + 6876.86 = 7036.63 over 1000 frames.
20030004_602 گروہ کوآرڈینیٹر اور کے پر تھیوری گلوبل شیرخوار چار کے بروکلی جھلی شرکت سے آرزوئیں ہیں 
LOG (lattice-best-path[5.5.907~1-cbed4]:main():lattice-best-path.cc:99) For utterance 20030004_603, best cost 132.248 + 5232.41 = 5364.66 over 782 frames.
20030004_603 شاہ منشور اور تنزلی بلا سرعام رپورتاژ تبدیلی روزوں پر کلچر کی ہیں 
LOG (lattice-best-path[5.5.907~1-cbed4]:main():lattice-best-path.cc:99) For utterance 20030004_604, best cost 86.8457 + 4300.8 = 4387.65 over 638 frames.
20030004_604 چند جیلانی دراوڑی غصب چاہے سے اپنے ہو گئی 
LOG (lattice-best-path[5.5.907~1-cbed4]:main():lattice-best-path.cc:99) For utterance 20030004_605, best cost 80.2607 + 3399.8 = 3480.06 over 506 frames.
20030004_605 چونچلے شعاع جنگی پیشنگوئی بورڈ کی کرتا ہے 
LOG (lattice-best-path[5.5.907~1-cbed4]:main():lattice-best-path.cc:99) For utterance 20030004_606, best cost 89.2612 + 3763.06 = 3852.32 over 554 frames.
20030004_606 گرویدہ موروثی تذلیل کے کاغذ کی بڑی گزیر تھا 
LOG (lattice-best-path[5.5.907~1-cbed4]:main():lattice-best-path.cc:99) For utterance 20030004_607, best cost 80.5769 + 2850.52 = 2931.1 over 428 frames.
20030004_607 تحصیل کی اور کی زوال بھومی لاابالی جیب 
LOG (lattice-best-path[5.5.907~1-cbed4]:main():lattice-best-path.cc:99) For utterance 20030004_608, best cost 86.0333 + 3956.35 = 4042.38 over 578 frames.
20030004_608 کرکے کی مبین اور کو خوشگوار جڑی مجذوب کی 
LOG (lattice-best-path[5.5.907~1-cbed4]:main():lattice-best-path.cc:99) For utterance 20030004_609, best cost 115.153 + 5080.11 = 5195.26 over 746 frames.
20030004_609 کیا شمولیت باورچی رسولی کا ریورس کی جھگی سوغات صیاد کیا 
LOG (lattice-best-path[5.5.907~1-cbed4]:main():lattice-best-path.cc:99) For utterance 20030004_610, best cost 118.674 + 4828.01 = 4946.68 over 740 frames.
20030004_610 بااثر ایلویٹ شیرخوار ٹیلیویژن بیڑیاں نیچے کی ترچھی معیت کے ساتھ ہیں 
LOG (lattice-best-path[5.5.907~1-cbed4]:main():lattice-best-path.cc:99) For utterance 20030004_611, best cost 92.9042 + 4611.82 = 4704.72 over 699 frames.
20030004_611 حسینی محفوظ صیہونی سے کے دوران کی دوجے سچ ہے 
LOG (lattice-best-path[5.5.907~1-cbed4]:main():lattice-best-path.cc:99) For utterance 20030004_612, best cost 120.15 + 4943.33 = 5063.48 over 740 frames.
20030004_612 تنظیم کی ورزش کردار معالجہ شخص خودرو کو کی لینگویج چراغاں ہیں 
LOG (lattice-best-path[5.5.907~1-cbed4]:main():lattice-best-path.cc:99) For utterance 20030004_613, best cost 77.3333 + 3531.9 = 3609.23 over 534 frames.
20030004_613 پرنم فولاد موضوع جلد قریشی کردار 
LOG (lattice-best-path[5.5.907~1-cbed4]:main():lattice-best-path.cc:99) For utterance 20030004_614, best cost 100.781 + 3776.85 = 3877.63 over 547 frames.
20030004_614 بندوق ٹیکنیشنز کے قائم کے ساتھ سوجنے بغیر سمجھو کا کیا 
LOG (lattice-best-path[5.5.907~1-cbed4]:main():lattice-best-path.cc:99) For utterance 20030004_615, best cost 147.837 + 6265.33 = 6413.16 over 941 frames.
20030004_615 گلدستہ شہزادی ٹیچر موئسچرائزنگ سومرو سکتے بھولیں جوبلی حالانکہ دلجوئی تو علیحدہ ہیں 
LOG (lattice-best-path[5.5.907~1-cbed4]:main():lattice-best-path.cc:99) For utterance 20030004_616, best cost 162.216 + 5862.43 = 6024.65 over 890 frames.
20030004_616 تاجور اور میڈیسن خان اور نیلوفر روضہ سے دیسی بیعت صفوں کی ماخذ قہقہے کیا کی ہیں 
LOG (lattice-best-path[5.5.907~1-cbed4]:main():lattice-best-path.cc:99) For utterance 20030004_617, best cost 97.1086 + 3704.61 = 3801.71 over 569 frames.
20030004_617 کو میں کارپوریشن کے مرچوں میں کی روے کارخیر شناسی ہیں 
LOG (lattice-best-path[5.5.907~1-cbed4]:main():lattice-best-path.cc:99) For utterance 20030004_618, best cost 129.463 + 5246.09 = 5375.55 over 792 frames.
20030004_618 خانگی کبڈی سے روشناس کوچوں والے اقتصادی کرنے کے بعد تجزیے کیا کیا ہیں 
LOG (lattice-best-path[5.5.907~1-cbed4]:main():lattice-best-path.cc:99) For utterance 20030004_619, best cost 79.1686 + 3425.28 = 3504.45 over 524 frames.
20030004_619 تیزی کے شیرخوار میں کامیاب کلومیٹر جوڈیشل ہیں 
LOG (lattice-best-path[5.5.907~1-cbed4]:main():lattice-best-path.cc:99) For utterance 20030004_620, best cost 122.334 + 4632.35 = 4754.68 over 688 frames.
20030004_620 جیلانی پُلوں کے اور مصروفیات اور دیوبند پرجوش کھاؤں کی کیا لالچی ہیں 
LOG (lattice-best-path[5.5.907~1-cbed4]:main():lattice-best-path.cc:99) For utterance 20030004_621, best cost 139.916 + 5194.81 = 5334.72 over 757 frames.
20030004_621 معجل جلسہ شیو قرضوں جیٹ گہماگہمی سے بوگس اور چاہئے وزیر پہلے کیں 
LOG (lattice-best-path[5.5.907~1-cbed4]:main():lattice-best-path.cc:99) For utterance 20030004_622, best cost 96.6385 + 4222.94 = 4319.58 over 634 frames.
20030004_622 اور چیتھڑے میں کا اور دیکھئے طرزعمل ازسرنو ریزروز تھیں 
LOG (lattice-best-path[5.5.907~1-cbed4]:main():lattice-best-path.cc:99) For utterance 20030004_623, best cost 81.5005 + 3320.18 = 3401.68 over 510 frames.
20030004_623 بیلٹ اینگرو لاکھا سوگوار سامنے دانش آیا 
LOG (lattice-best-path[5.5.907~1-cbed4]:main():lattice-best-path.cc:99) For utterance 20030004_624, best cost 133.592 + 5192.65 = 5326.24 over 768 frames.
20030004_624 حفاظ کلثوم ایجنسی غوروخوض فورس غفور عروج کی کرشنگ کیوں بشمول تھا 
LOG (lattice-best-path[5.5.907~1-cbed4]:main():lattice-best-path.cc:99) For utterance 20030004_625, best cost 101.979 + 4506.55 = 4608.53 over 717 frames.
20030004_625 قیصر معیت کے بعد کی کوارڈینیٹر گردیزی کر تھیوا کے ہو گیا 
LOG (lattice-best-path[5.5.907~1-cbed4]:main():lattice-best-path.cc:99) For utterance 20030004_626, best cost 75.3998 + 3026.22 = 3101.62 over 463 frames.
20030004_626 کلیرنگ بجھی کولسری کیا تحصیلدار سمجھائیں 
LOG (lattice-best-path[5.5.907~1-cbed4]:main():lattice-best-path.cc:99) For utterance 20030004_627, best cost 78.7586 + 4034.84 = 4113.6 over 610 frames.
20030004_627 خوراک غیرت کیموتھراپی سے وقوف اومیگا کیا 
LOG (lattice-best-path[5.5.907~1-cbed4]:main():lattice-best-path.cc:99) For utterance 20030004_628, best cost 125.702 + 4554.69 = 4680.39 over 710 frames.
20030004_628 کرتی کرنے والے کے لیے بیٹھ کے چڑیل ایف خلجی خوشی یاں وفود تھیں 
LOG (lattice-best-path[5.5.907~1-cbed4]:main():lattice-best-path.cc:99) For utterance 20030004_629, best cost 125.799 + 4910.24 = 5036.04 over 773 frames.
20030004_629 شیڈ کے کے نوشاد کے واقعی کے تعوذ کو کلیدی ایڈورٹائزنگ کے چراغ ہیں 
LOG (lattice-best-path[5.5.907~1-cbed4]:main():lattice-best-path.cc:99) For utterance 20030004_630, best cost 116.223 + 4242.81 = 4359.04 over 661 frames.
20030004_630 کیونکہ زمین شے شعار لیاقت بیچے والے پرچم سیراب کر دیا 
LOG (lattice-best-path[5.5.907~1-cbed4]:main():lattice-best-path.cc:99) For utterance 20030004_631, best cost 139.864 + 5617.93 = 5757.79 over 905 frames.
20030004_631 سیل سیکھ اور لینڈ اور بیٹھی وفاقی فیڈریشن بھیجے گزیر سے مرجھا نے کریں 
LOG (lattice-best-path[5.5.907~1-cbed4]:main():lattice-best-path.cc:99) For utterance 20030004_632, best cost 137.305 + 5481.73 = 5619.04 over 874 frames.
20030004_632 تزئین سے تھانیدار کے تولیے کی بچے شعلوں کوڑیاں بھجوا پر کولسری سویٹر 
LOG (lattice-best-path[5.5.907~1-cbed4]:main():lattice-best-path.cc:99) For utterance 20030004_633, best cost 101.831 + 5372.49 = 5474.32 over 822 frames.
20030004_633 ویلڈنگ باغبانی گھنیری جہتیں اور فیصد کی توسیع سندھی سے 
LOG (lattice-best-path[5.5.907~1-cbed4]:main():lattice-best-path.cc:99) For utterance 20030004_634, best cost 101.882 + 4293.8 = 4395.68 over 680 frames.
20030004_634 پریشان جیسے شنید اسہال کی ضروریات کے لاگت لینڈ کرتے ہیں 
LOG (lattice-best-path[5.5.907~1-cbed4]:main():lattice-best-path.cc:99) For utterance 20030004_635, best cost 104.841 + 4413.72 = 4518.56 over 684 frames.
20030004_635 حاصل نوچندی گراموفون ویڈنگ اور تعلیم بتایا سے سوا کریں 
LOG (lattice-best-path[5.5.907~1-cbed4]:main():lattice-best-path.cc:99) For utterance 20030004_636, best cost 105.84 + 4255.2 = 4361.03 over 677 frames.
20030004_636 قم اور خوشحالی کی جونیئر شاہ مریضوں جاتا تو بخوبی 
LOG (lattice-best-path[5.5.907~1-cbed4]:main():lattice-best-path.cc:99) For utterance 20030004_637, best cost 102.017 + 4091.21 = 4193.23 over 652 frames.
20030004_637 خوان قسم واقعی کو بدچلنی گاؤں کی طرح اسمبلی ہوئیں 
LOG (lattice-best-path[5.5.907~1-cbed4]:main():lattice-best-path.cc:99) For utterance 20030004_638, best cost 118.668 + 4809.42 = 4928.09 over 709 frames.
20030004_638 پانچوں کے کی شیفرڈ تعمیر قصوروار ذوق سیکورٹی کیوڑہ سے چیچن 
LOG (lattice-best-path[5.5.907~1-cbed4]:main():lattice-best-path.cc:99) For utterance 20030004_639, best cost 130.684 + 4988.7 = 5119.38 over 768 frames.
20030004_639 پیٹھ پر برطرفی کرکے سے تشخیص اس کی طاغوتی زوردار صاف سے بغور سکتیں 
LOG (lattice-best-path[5.5.907~1-cbed4]:main():lattice-best-path.cc:99) For utterance 20030004_640, best cost 121.854 + 5097.22 = 5219.07 over 768 frames.
20030004_640 چھاؤں کیوں پر بیٹھی یادیں سیسے اور سے شواہد پنچولی حوصلہ ہیں 
LOG (lattice-best-path[5.5.907~1-cbed4]:main():lattice-best-path.cc:99) For utterance 20030004_641, best cost 99.5944 + 3808.54 = 3908.13 over 601 frames.
20030004_641 اور اور بڑی شعبوں فوبیا تجربہ رسیدہ پر ویسے کیں 
LOG (lattice-best-path[5.5.907~1-cbed4]:main():lattice-best-path.cc:99) For utterance 20030004_642, best cost 93.0329 + 3798.54 = 3891.58 over 588 frames.
20030004_642 پرائیویٹ کی اویسی کے گردش سے خصوصی کو آرتھو کیں 
LOG (lattice-best-path[5.5.907~1-cbed4]:main():lattice-best-path.cc:99) For utterance 20030004_643, best cost 102.939 + 4079.64 = 4182.58 over 626 frames.
20030004_643 تحفہ سرگرمیوں اور جیسے لائیں اور بولے کا سزائیں کے کریں 
LOG (lattice-best-path[5.5.907~1-cbed4]:main():lattice-best-path.cc:99) For utterance 20030004_644, best cost 121.19 + 4924.27 = 5045.46 over 753 frames.
20030004_644 پچیں نقشے میں بورڈ کرائیں وزراء مویشی کیسی بار سے بات کی 
LOG (lattice-best-path[5.5.907~1-cbed4]:main():lattice-best-path.cc:99) For utterance 20030004_645, best cost 101.923 + 4505.46 = 4607.38 over 687 frames.
20030004_645 بریگیڈیر گردیزی بزرگ کے صاحب زور مستغنی کاشف کی ہیں 
LOG (lattice-best-path[5.5.907~1-cbed4]:main():lattice-best-path.cc:99) For utterance 20030004_646, best cost 106.469 + 4353.92 = 4460.39 over 664 frames.
20030004_646 سایہ خودسوزی اور جلدی کے بعد کیا اور نگرانی بڑھائے باغیچہ تھیں 
LOG (lattice-best-path[5.5.907~1-cbed4]:main():lattice-best-path.cc:99) For utterance 20030004_647, best cost 72.7367 + 2867.26 = 2940 over 439 frames.
20030004_647 کونسلر کے قاضی باندھنے جو گردوغبار ہیں 
LOG (lattice-best-path[5.5.907~1-cbed4]:main():lattice-best-path.cc:99) For utterance 20030004_648, best cost 81.7369 + 3392.5 = 3474.24 over 531 frames.
20030004_648 نے میں دودھیا پچاس تلمیحات چیریٹی پراٹھا ہیں 
LOG (lattice-best-path[5.5.907~1-cbed4]:main():lattice-best-path.cc:99) For utterance 20030004_649, best cost 91.1741 + 3773.9 = 3865.07 over 582 frames.
20030004_649 کو اور کرنے سکتے بیٹھی ہوا تو آمدنی دلفریب 
LOG (lattice-best-path[5.5.907~1-cbed4]:main():lattice-best-path.cc:99) For utterance 20030004_650, best cost 105.278 + 4509.31 = 4614.59 over 690 frames.
20030004_650 پر جیلانی سینئر اور زمین کی عندیہ کے باعث تک بیزار ہیں 
LOG (lattice-best-path[5.5.907~1-cbed4]:main():lattice-best-path.cc:99) For utterance 20030004_651, best cost 111.113 + 4263.32 = 4374.44 over 679 frames.
20030004_651 اور رپورٹ بھنڈی میں چوتھی کو گیگا بیرونی سے گیسو کی کیں 
LOG (lattice-best-path[5.5.907~1-cbed4]:main():lattice-best-path.cc:99) For utterance 20030004_652, best cost 117.15 + 5025.17 = 5142.32 over 801 frames.
20030004_652 پرویا میں کیجیے دھاندلی اور کی اور بنولہ میں طاغوتی سقوط اونچی 
LOG (lattice-best-path[5.5.907~1-cbed4]:main():lattice-best-path.cc:99) For utterance 20030004_653, best cost 89.6429 + 4426.37 = 4516.01 over 694 frames.
20030004_653 کی خبر دیسی سینٹر سے کی جیلانی کر کوسوں ہیں 
LOG (lattice-best-path[5.5.907~1-cbed4]:main():lattice-best-path.cc:99) For utterance 20030004_654, best cost 121.309 + 4502.31 = 4623.62 over 694 frames.
20030004_654 طرحی اور دیش توسیع ایشیائی چھولے اور بےعزتی اور سینیٹ اپنی صبحیں 
LOG (lattice-best-path[5.5.907~1-cbed4]:main():lattice-best-path.cc:99) For utterance 20030004_655, best cost 86.2764 + 3102.51 = 3188.79 over 493 frames.
20030004_655 بھلا بخشی ایشیائی کو معیت بجھائی باریش ہیں 
LOG (lattice-best-path[5.5.907~1-cbed4]:main():lattice-best-path.cc:99) For utterance 20030004_656, best cost 94.6747 + 4674.02 = 4768.69 over 744 frames.
20030004_656 بیساکھی تیروں ترمذی بیگج حوصلہ نوجوان بھیس ہیں 
LOG (lattice-best-path[5.5.907~1-cbed4]:main():lattice-best-path.cc:99) For utterance 20030004_657, best cost 78.394 + 3453.48 = 3531.88 over 545 frames.
20030004_657 خاوند تنظیم کے تھیٹر لادینیت سمفنی نہیں 
LOG (lattice-best-path[5.5.907~1-cbed4]:main():lattice-best-path.cc:99) For utterance 20030004_658, best cost 81.6581 + 3411.72 = 3493.38 over 505 frames.
20030004_658 ہیڈکوارٹر میراں ہونے سے بھیس کے بعد سے گزارنے 
LOG (lattice-best-path[5.5.907~1-cbed4]:main():lattice-best-path.cc:99) For utterance 20030004_659, best cost 129.215 + 5121.68 = 5250.89 over 796 frames.
20030004_659 پٹھے اور پہنچائیں اور اور ایقان تغافل غوروخوض کے بعد بھومی یا پر سنیں 
LOG (lattice-best-path[5.5.907~1-cbed4]:main():lattice-best-path.cc:99) For utterance 20030004_660, best cost 62.7653 + 2679 = 2741.77 over 406 frames.
20030004_660 سویرا کے بڑھاپے سامعین عظام ہیں 
LOG (lattice-best-path[5.5.907~1-cbed4]:main():lattice-best-path.cc:99) For utterance 20030004_661, best cost 58.7467 + 3296.02 = 3354.76 over 513 frames.
20030004_661 تصفیے کے چقندر کا باخبر ہیں 
LOG (lattice-best-path[5.5.907~1-cbed4]:main():lattice-best-path.cc:99) For utterance 20030004_662, best cost 92.3576 + 3658.76 = 3751.12 over 549 frames.
20030004_662 پر جنگجوؤں اور کی راجیہ چالیس ایشیائیوں کی تشبیہ کریں 
LOG (lattice-best-path[5.5.907~1-cbed4]:main():lattice-best-path.cc:99) For utterance 20030004_663, best cost 114.723 + 4272.08 = 4386.81 over 658 frames.
20030004_663 کیا میں جہاں چاہے موعود کیا ساتھی قبیلے کی دبیز اور ہوئیں 
LOG (lattice-best-path[5.5.907~1-cbed4]:main():lattice-best-path.cc:99) For utterance 20030004_664, best cost 129.74 + 4843.9 = 4973.64 over 744 frames.
20030004_664 فرائض سہارے کیا زیرقیادت کوارڈینیٹر بازو واں کلیجی گروں پھیپھڑے ہو گئیں 
LOG (lattice-best-path[5.5.907~1-cbed4]:main():lattice-best-path.cc:99) For utterance 20030004_665, best cost 79.0401 + 3833.3 = 3912.34 over 587 frames.
20030004_665 فیصلے افسانے سے قریشی تو خرچ شوکیسوں 
LOG (lattice-best-path[5.5.907~1-cbed4]:main():lattice-best-path.cc:99) For utterance 20030004_666, best cost 83.1757 + 3218.6 = 3301.77 over 480 frames.
20030004_666 بھون زیور بچے لگاتا تاثرات قیصر ہوئیں 
LOG (lattice-best-path[5.5.907~1-cbed4]:main():lattice-best-path.cc:99) For utterance 20030004_667, best cost 63.4955 + 3572.89 = 3636.39 over 558 frames.
20030004_667 کے لیے آکسیجن ڈیمو سے ویڈیوز میں 
LOG (lattice-best-path[5.5.907~1-cbed4]:main():lattice-best-path.cc:99) For utterance 20030004_668, best cost 123.89 + 4937.4 = 5061.29 over 777 frames.
20030004_668 ساری ہونے کے پڑے کی کو بنیں تجربہ پرچھائیاں معیت سے جانے کیا 
LOG (lattice-best-path[5.5.907~1-cbed4]:main():lattice-best-path.cc:99) For utterance 20030004_669, best cost 78.9014 + 3421.71 = 3500.61 over 543 frames.
20030004_669 اور غزلوں پر ویڈیوز کے لیے زیڈ فوبیا ہیں 
LOG (lattice-best-path[5.5.907~1-cbed4]:main():lattice-best-path.cc:99) For utterance 20030004_670, best cost 71.6201 + 3263.61 = 3335.23 over 512 frames.
20030004_670 گذشتہ پریشان ہے کہ سڑک اور بتاؤں 
LOG (lattice-best-path[5.5.907~1-cbed4]:main():lattice-best-path.cc:99) For utterance 20030004_671, best cost 128.207 + 5515.6 = 5643.81 over 872 frames.
20030004_671 قریشی سے پہلے سوسائٹی گھنگریالے بازوؤں اور سعودی صفوں چوری بلوچی جاؤ 
LOG (lattice-best-path[5.5.907~1-cbed4]:main():lattice-best-path.cc:99) For utterance 20030004_672, best cost 117.55 + 4258.53 = 4376.08 over 652 frames.
20030004_672 کی کرنے شو سزائیں اور راہبر صبغت اوزار درجے کا پروا ہیں 
LOG (lattice-best-path[5.5.907~1-cbed4]:main():lattice-best-path.cc:99) For utterance 20030004_673, best cost 76.2069 + 3393.01 = 3469.21 over 536 frames.
20030004_673 پڑھائی جانا پنگھوڑے چوزے نظریے بڑھائیں 
LOG (lattice-best-path[5.5.907~1-cbed4]:main():lattice-best-path.cc:99) For utterance 20030004_674, best cost 108.659 + 4447.84 = 4556.5 over 656 frames.
20030004_674 نشر میں گھروں میں بڑھ ساغر چادر ماہرین قدسی خوشی 
LOG (lattice-best-path[5.5.907~1-cbed4]:main():lattice-best-path.cc:99) For utterance 20030004_675, best cost 60.7373 + 3231.44 = 3292.17 over 501 frames.
20030004_675 خاصے کے لیے بلاسوچے تعاقب اور ہیں 
LOG (lattice-best-path[5.5.907~1-cbed4]:main():lattice-best-path.cc:99) For utterance 20030004_676, best cost 118.13 + 4212.92 = 4331.04 over 617 frames.
20030004_676 تبدیلی بارش کی سے سن ٹیچر تولید سوا رینجرز تجارت دی 
LOG (lattice-best-path[5.5.907~1-cbed4]:main():lattice-best-path.cc:99) For utterance 20030004_677, best cost 112.227 + 5109.2 = 5221.43 over 794 frames.
20030004_677 انسانیت کی بیوی بغیر بعدازاں موضوع دیوبندی تولیے سے بدل گیا 
LOG (lattice-best-path[5.5.907~1-cbed4]:main():lattice-best-path.cc:99) For utterance 20030004_678, best cost 137.621 + 5685.05 = 5822.67 over 870 frames.
20030004_678 صفحے ساغر کی ٹیڑھا اوزار والوں سے چلائی کے لیے پروجیکٹ ایکسیئن شیشے کریں 
LOG (lattice-best-path[5.5.907~1-cbed4]:main():lattice-best-path.cc:99) For utterance 20030004_679, best cost 73.6876 + 3291.62 = 3365.31 over 496 frames.
20030004_679 چوڑی اور کے ترجیحات سے گردیزی سوچیے ہیں 
LOG (lattice-best-path[5.5.907~1-cbed4]:main():lattice-best-path.cc:99) For utterance 20030004_680, best cost 106.235 + 4912.78 = 5019.02 over 764 frames.
20030004_680 چوری تنخواہ ہیروئن ہو کر لائے اور فارسی میں کے علاوہ جاتا ہے 
LOG (lattice-best-path[5.5.907~1-cbed4]:main():lattice-best-path.cc:99) For utterance 20030004_681, best cost 114.481 + 4436.65 = 4551.13 over 688 frames.
20030004_681 بنا تشنج دیش کو ٹھیکیدار سیکھو رکن پیچیدہ پر سوئے ہیں 
LOG (lattice-best-path[5.5.907~1-cbed4]:main():lattice-best-path.cc:99) For utterance 20030004_682, best cost 101.771 + 4204.68 = 4306.45 over 656 frames.
20030004_682 بھی قوس والے کی جھونپڑی جلسہ جلوسوں جو بناؤں دیئے 
LOG (lattice-best-path[5.5.907~1-cbed4]:main():lattice-best-path.cc:99) For utterance 20030004_683, best cost 87.349 + 3852.28 = 3939.63 over 605 frames.
20030004_683 کی سینما کی درآمدات ٹیلیویژن کی کے سے نکل گئی 
LOG (lattice-best-path[5.5.907~1-cbed4]:main():lattice-best-path.cc:99) For utterance 20030004_684, best cost 117.468 + 4600.8 = 4718.27 over 758 frames.
20030004_684 میری خوگر اور پینسٹھ کی تھیوری نیلگوں کیا لیے طلب کارخانے 
LOG (lattice-best-path[5.5.907~1-cbed4]:main():lattice-best-path.cc:99) For utterance 20030004_685, best cost 83.2933 + 3165.89 = 3249.18 over 489 frames.
20030004_685 جو فلو سے نیچے بخشیں سے پاسبان بدروح 
LOG (lattice-best-path[5.5.907~1-cbed4]:main():lattice-best-path.cc:99) For utterance 20030004_686, best cost 95.5455 + 3612.9 = 3708.45 over 543 frames.
20030004_686 سفیدے کے سدباب پیشن سویاں ریلیکس اشفاق کوچوں 
LOG (lattice-best-path[5.5.907~1-cbed4]:main():lattice-best-path.cc:99) For utterance 20030004_687, best cost 131.725 + 5146.3 = 5278.02 over 796 frames.
20030004_687 چولہے صبغت سیروسیاحت کے کونین دوم پڑا سیکھا پر پہنچاؤں دوبھر کریں 
LOG (lattice-best-path[5.5.907~1-cbed4]:main():lattice-best-path.cc:99) For utterance 20030004_688, best cost 152.819 + 5388 = 5540.82 over 831 frames.
20030004_688 پر کی اور کی خارجہ پالیسی بچیاں گزارنے اور نیچی کے بھومی گاؤں کے پر کے بعد بیجوں ہیں 
LOG (lattice-best-path[5.5.907~1-cbed4]:main():lattice-best-path.cc:99) For utterance 20030004_689, best cost 140.596 + 4259.46 = 4400.06 over 645 frames.
20030004_689 نوجوانوں بڑے جیز عندیہ کیا جنگجو بنائیں پرسوز سوختہ سے حجت کلچر ہیں 
LOG (lattice-best-path[5.5.907~1-cbed4]:main():lattice-best-path.cc:99) For utterance 20030004_690, best cost 82.8544 + 2961.89 = 3044.74 over 467 frames.
20030004_690 کی پھلیاں پڑھائی شور نے کوچوان کی جاتا ہیں 
LOG (lattice-best-path[5.5.907~1-cbed4]:main():lattice-best-path.cc:99) For utterance 20030004_691, best cost 119.339 + 4997.05 = 5116.39 over 808 frames.
20030004_691 کسی دلجوئی کی یرغمال جوڑیاں اور بحیثیت بسا تلمیحات مدفون نصیب 
LOG (lattice-best-path[5.5.907~1-cbed4]:main():lattice-best-path.cc:99) For utterance 20030004_692, best cost 87.6398 + 4225.13 = 4312.77 over 657 frames.
20030004_692 بدروح میزائل کا کے ریسکیو سانولے ادائیگی کرتے ہیں 
LOG (lattice-best-path[5.5.907~1-cbed4]:main():lattice-best-path.cc:99) For utterance 20030004_693, best cost 103.172 + 4204.21 = 4307.39 over 673 frames.
20030004_693 میڈیکل کے چوڑیاں سے کا کے باہر بھولنا غدار مدعو ہیں 
LOG (lattice-best-path[5.5.907~1-cbed4]:main():lattice-best-path.cc:99) For utterance 20030004_694, best cost 109.858 + 4073.89 = 4183.75 over 604 frames.
20030004_694 توجہ اشفاق عرصہ خوگر درجے اور توسیع چاقو چقندر ہیں 
LOG (lattice-best-path[5.5.907~1-cbed4]:main():lattice-best-path.cc:99) For utterance 20030004_695, best cost 114.803 + 3934.46 = 4049.26 over 606 frames.
20030004_695 کوئی جانے کیجیے جانے کو کیا باورچی جنگوں پانی میں الجھا ہیں 
LOG (lattice-best-path[5.5.907~1-cbed4]:main():lattice-best-path.cc:99) For utterance 20030004_696, best cost 106.432 + 4076.53 = 4182.96 over 617 frames.
20030004_696 کے شیمپو سے کیا میں سوم ظلم جھونکے ڈائیگرام کیا رہے ہیں 
LOG (lattice-best-path[5.5.907~1-cbed4]:main():lattice-best-path.cc:99) For utterance 20030004_697, best cost 71.4143 + 3227.86 = 3299.28 over 492 frames.
20030004_697 بغور سے صیہونی ایڈز چنگیزی گراموفون 
LOG (lattice-best-path[5.5.907~1-cbed4]:main():lattice-best-path.cc:99) For utterance 20030004_698, best cost 80.8626 + 3029.82 = 3110.68 over 474 frames.
20030004_698 بام ذاد کالونی گذشتہ براؤزر زلزلے ہیں 
LOG (lattice-best-path[5.5.907~1-cbed4]:main():lattice-best-path.cc:99) For utterance 20030004_699, best cost 113.338 + 3869.5 = 3982.84 over 596 frames.
20030004_699 نجات کے کی چغتائی جڑی دبائے کی ہذیانی غیرملکی کا سوچوں ہیں 
LOG (lattice-best-path[5.5.907~1-cbed4]:main():lattice-best-path.cc:99) For utterance 20030004_700, best cost 112.089 + 3560.28 = 3672.37 over 540 frames.
20030004_700 بوجھ وفود کی کی میں تغافل کی سوجھی چھہتر بسوں سندھو ہیں 
LOG (lattice-best-path[5.5.907~1-cbed4]:main():lattice-best-path.cc:99) For utterance 20030004_701, best cost 117.397 + 4082.59 = 4199.99 over 617 frames.
20030004_701 روزنامہ منافعوں گذر کی گنہگار چیز اطلاعات کر مزدوروں بازیچہ ہیں 
LOG (lattice-best-path[5.5.907~1-cbed4]:main():lattice-best-path.cc:99) For utterance 20030004_702, best cost 105.919 + 3234.78 = 3340.7 over 513 frames.
20030004_702 ڈیڈ فیصلہ قوت کی اُمید تلے پیشاب اولاد بخشیں ہیں 
LOG (lattice-best-path[5.5.907~1-cbed4]:main():lattice-best-path.cc:99) For utterance 20030004_703, best cost 86.1424 + 3150.23 = 3236.38 over 504 frames.
20030004_703 ڈیتھ جیسے تھری ڈیجیٹل پر پڑھوا مضروب پر ہیں 
LOG (lattice-best-path[5.5.907~1-cbed4]:main():lattice-best-path.cc:99) For utterance 20030004_704, best cost 105.199 + 4796.48 = 4901.68 over 762 frames.
20030004_704 چغتائی سیکشن بھائی نازاں کیونکہ کے انظباتی گناہوں سے ہیں 
LOG (lattice-best-path[5.5.907~1-cbed4]:main():lattice-best-path.cc:99) For utterance 20030004_705, best cost 89.1487 + 3815.05 = 3904.2 over 586 frames.
20030004_705 بھونچال بنائیں کھمبیوں سے جبڑا بتایا تنظیم نہیں 
LOG (lattice-best-path[5.5.907~1-cbed4]:main():lattice-best-path.cc:99) For utterance 20030004_706, best cost 78.1942 + 2795.14 = 2873.33 over 434 frames.
20030004_706 بے سفید ایسی آنکھیں کی جماعت نیچے ہیں 
LOG (lattice-best-path[5.5.907~1-cbed4]:main():lattice-best-path.cc:99) For utterance 20030004_707, best cost 71.549 + 2957.58 = 3029.13 over 479 frames.
20030004_707 ماضی کو بااللہ قوانین بنا میں نہیں ہیں 
LOG (lattice-best-path[5.5.907~1-cbed4]:main():lattice-best-path.cc:99) For utterance 20030004_708, best cost 119.019 + 4106.4 = 4225.42 over 653 frames.
20030004_708 میں چمچے سے پہلے بڑے منجھے بچہ سیکورٹی کا اور مشق سمجھا ہیں 
LOG (lattice-best-path[5.5.907~1-cbed4]:main():lattice-best-path.cc:99) For utterance 20030005_601, best cost 175.922 + 9518.22 = 9694.14 over 1496 frames.
20030005_601 خدانخواستہ باورچی کردار ڈکٹیشن میں بلین منیب کلیرنگ بوم درد کیونکہ بڑھاوں پاؤڈر کے لیے ہیں 
LOG (lattice-best-path[5.5.907~1-cbed4]:main():lattice-best-path.cc:99) For utterance 20030005_602, best cost 236.738 + 13075.1 = 13311.9 over 2091 frames.
20030005_602 گوگل واقع لاریب کے داخلوں اور ٹریلر کر فروخت بن تفتیشی بناؤں کن چاہئے کو پنجرے بن کر میں کی شیلٹر سے باوجود ہیں 
LOG (lattice-best-path[5.5.907~1-cbed4]:main():lattice-best-path.cc:99) For utterance 20030005_603, best cost 181.282 + 9930.59 = 10111.9 over 1534 frames.
20030005_603 شخص خوشخبری اور غزلیں کے بڑھا سے کیلئے کاروبار پیروکاروں تبدیلی بکھیرنے کیسوں برتن بچار کیا ہیں 
LOG (lattice-best-path[5.5.907~1-cbed4]:main():lattice-best-path.cc:99) For utterance 20030005_604, best cost 175.992 + 10047.1 = 10223.1 over 1617 frames.
20030005_604 سندھی میں رہائشی کے گاؤں دیگر پر پڑی تو عقاب کس کو کر چاہے کے کے زیورات گرہیں تھا 
LOG (lattice-best-path[5.5.907~1-cbed4]:main():lattice-best-path.cc:99) For utterance 20030005_605, best cost 121.26 + 4975.35 = 5096.61 over 734 frames.
20030005_605 چور شوربہ انشورنس کیلئے شائیں گول بیلدار داخل اب دیتا ہے 
LOG (lattice-best-path[5.5.907~1-cbed4]:main():lattice-best-path.cc:99) For utterance 20030005_606, best cost 154.522 + 6837.26 = 6991.78 over 1080 frames.
20030005_606 پر جھینگے تمام رنگوں معلومات سے کی برج منڈیوں کے تغافل زندگی بڑی میں فضل ہیں 
LOG (lattice-best-path[5.5.907~1-cbed4]:main():lattice-best-path.cc:99) For utterance 20030005_607, best cost 92.6634 + 4847.77 = 4940.43 over 747 frames.
20030005_607 تحصیلدار کی کفار کی زدہ باؤنڈری باب لینگویج ہیں 
LOG (lattice-best-path[5.5.907~1-cbed4]:main():lattice-best-path.cc:99) For utterance 20030005_608, best cost 150.186 + 7041.39 = 7191.58 over 1112 frames.
20030005_608 کب کے کینیڈین مولا بو خورشید کا باادب چوم جائیں کی اور جناب تو گئیں 
LOG (lattice-best-path[5.5.907~1-cbed4]:main():lattice-best-path.cc:99) For utterance 20030005_609, best cost 186.901 + 9232.16 = 9419.06 over 1464 frames.
20030005_609 گلیشئیر میں معلم ادغام دلنشیں میں کس تو میں بیٹھا غریب اور فیصلوں کے چھوڑ بات انستھیزیا بقیہ ہیں 
LOG (lattice-best-path[5.5.907~1-cbed4]:main():lattice-best-path.cc:99) For utterance 20030005_610, best cost 141.424 + 8108.04 = 8249.47 over 1188 frames.
20030005_610 مواصلات اینڈ تشہیر کا پر ممبر بگاڑنے شل کی طرح سے رپورتاژ خاص ہیں 
LOG (lattice-best-path[5.5.907~1-cbed4]:main():lattice-best-path.cc:99) For utterance 20030005_611, best cost 171.239 + 8907.91 = 9079.15 over 1425 frames.
20030005_611 خودسر تہیں بنیں باب فورس کرنے سیدھے ڈبوئیں برابر اللہ کی گونگے کے ساعت چلیں 
LOG (lattice-best-path[5.5.907~1-cbed4]:main():lattice-best-path.cc:99) For utterance 20030005_612, best cost 164.168 + 8165.96 = 8330.12 over 1246 frames.
20030005_612 تبدیلیاں ڈیلروں افزائش سے مرلہ بوڑھا بن چراغ شیفرڈ ہوتا خاوند کی رنجیدہ ہودہ ہیں 
LOG (lattice-best-path[5.5.907~1-cbed4]:main():lattice-best-path.cc:99) For utterance 20030005_613, best cost 119.763 + 5551.61 = 5671.37 over 836 frames.
20030005_613 پلیئر کی جارحیت بزدل اور چہل برش کی ڈیبیٹ البتہ کیا ہیں 
LOG (lattice-best-path[5.5.907~1-cbed4]:main():lattice-best-path.cc:99) For utterance 20030005_614, best cost 134.337 + 6034.04 = 6168.38 over 932 frames.
20030005_614 بروز چین میں شاخوں کے پہاڑوں کے ساتھ سزا بھیجے ایڈریس جنگجوؤں دریافت 
LOG (lattice-best-path[5.5.907~1-cbed4]:main():lattice-best-path.cc:99) For utterance 20030005_615, best cost 181.899 + 11135.7 = 11317.6 over 1726 frames.
20030005_615 داغدار شہزادی ایک لیچی اور موئسچرائزنگ ریمبو بلڈوزر پر ایلویٹ جونیئر خاقان کی دلجوئی میں اور بڑھا ہیں 
LOG (lattice-best-path[5.5.907~1-cbed4]:main():lattice-best-path.cc:99) For utterance 20030005_616, best cost 221.495 + 10035.2 = 10256.7 over 1496 frames.
20030005_616 تاجر لیڈز اور ہیڈ میں صبح اور فشنگ بو فوجی گزشتہ پر کیسی جاسوسی کی ینگ بوائے فریب کا کھلنڈرا کر کیا ہیں 
LOG (lattice-best-path[5.5.907~1-cbed4]:main():lattice-best-path.cc:99) For utterance 20030005_617, best cost 151.75 + 7598.68 = 7750.43 over 1182 frames.
20030005_617 کنیئرڈ کارپوریشن کے بیچوں میں کیوں بو خوان آپ کو دیکھا کر فائدہ ہنسیں لگا ہے 
LOG (lattice-best-path[5.5.907~1-cbed4]:main():lattice-best-path.cc:99) For utterance 20030005_618, best cost 159.673 + 7319.55 = 7479.22 over 1099 frames.
20030005_618 خانگی بروکلی سے ہوشیاری منشیوں والے پنکھڑی ظاہر میں کیونکہ بات کالجز کیا فتحیاب 
LOG (lattice-best-path[5.5.907~1-cbed4]:main():lattice-best-path.cc:99) For utterance 20030005_619, best cost 105.5 + 5508.57 = 5614.07 over 868 frames.
20030005_619 تزئین بشیر اپنی نقاب بیان بنیں کی چونگی دیگر ہیں 
LOG (lattice-best-path[5.5.907~1-cbed4]:main():lattice-best-path.cc:99) For utterance 20030005_620, best cost 193.662 + 10607.3 = 10801 over 1764 frames.
20030005_620 چینی ہندوؤں کے بولوں بوم گروہوں بے بھیس جوئیہ اور کے موقعوں پر پور زور شاخوں کی کامیاب کیں 
LOG (lattice-best-path[5.5.907~1-cbed4]:main():lattice-best-path.cc:99) For utterance 20030005_621, best cost 166.764 + 8654.41 = 8821.17 over 1336 frames.
20030005_621 مجلس حاشیے میں اور ٹھٹھر چین گہماگہمی میگزین بینظیر اور جاری بعض میں میں گیلری کی ہیں 
LOG (lattice-best-path[5.5.907~1-cbed4]:main():lattice-best-path.cc:99) For utterance 20030005_622, best cost 174.599 + 9269.34 = 9443.94 over 1476 frames.
20030005_622 چونچلے کر میں کے میں نہ بورڈر ڈیبیٹ پھیرتے دہشت مرضی بھیڑوں اور کرنے سے گز بڑی ہیں 
LOG (lattice-best-path[5.5.907~1-cbed4]:main():lattice-best-path.cc:99) For utterance 20030005_623, best cost 141.647 + 7403.19 = 7544.84 over 1188 frames.
20030005_623 کے ٹریڈنگ گینگسٹر چوہوں معاف آشوب کو زیب کا پیہم ھابھہ بشاش کیا ہیں 
LOG (lattice-best-path[5.5.907~1-cbed4]:main():lattice-best-path.cc:99) For utterance 20030005_624, best cost 210.251 + 9216.02 = 9426.27 over 1412 frames.
20030005_624 گھسے ڈیمو صفوں میں کولسری منیب اور فوج شوخ اور سنوارا صورت حدود کے گینگسٹر شے اندھیروں کی بدشگونی کا ہیں 
LOG (lattice-best-path[5.5.907~1-cbed4]:main():lattice-best-path.cc:99) For utterance 20030005_625, best cost 161.813 + 8130.78 = 8292.59 over 1252 frames.
20030005_625 ڈیلروں ریگن ضرورت کیا بیماری گگلی لے کر بلبل اس کی غریب کے کو کے فوبیا ہیں 
LOG (lattice-best-path[5.5.907~1-cbed4]:main():lattice-best-path.cc:99) For utterance 20030005_626, best cost 109.201 + 5093.08 = 5202.28 over 817 frames.
20030005_626 کلیرنگ بدظن بوئنگ تلمیحات بھون منیب کی لاشوں نجات 
LOG (lattice-best-path[5.5.907~1-cbed4]:main():lattice-best-path.cc:99) For utterance 20030005_627, best cost 149.705 + 6898.27 = 7047.97 over 1073 frames.
20030005_627 سیرگاہ غیر طلب کے ڈھنڈورا کیا میں بیسن بوڑھوں کے کوسوں میمن خاتمے یا ہیں 
LOG (lattice-best-path[5.5.907~1-cbed4]:main():lattice-best-path.cc:99) For utterance 20030005_628, best cost 146.026 + 7411.25 = 7557.27 over 1182 frames.
20030005_628 بنوری درمیان باندھیں کے بیلٹ کے ٹریبیونل بے سنگباری ایک مشیت وفود کی ہیں 
LOG (lattice-best-path[5.5.907~1-cbed4]:main():lattice-best-path.cc:99) For utterance 20030005_629, best cost 182.538 + 9521.49 = 9704.03 over 1476 frames.
20030005_629 شیڈ کیلئے کے بش والوں کے کو خالد کی میں لیفٹیننٹ تعوذ اور تنظیم میں ملاؤں کاغذات کیجیے کا ہیں 
LOG (lattice-best-path[5.5.907~1-cbed4]:main():lattice-best-path.cc:99) For utterance 20030005_630, best cost 163.016 + 9293.3 = 9456.32 over 1457 frames.
20030005_630 کی ماخذ اور میں بخشیں کے لشکر تھانیدار بلاسوچے بارے بلوچوں ابصار بھنوؤں بیدار کیا ہیں 
LOG (lattice-best-path[5.5.907~1-cbed4]:main():lattice-best-path.cc:99) For utterance 20030005_631, best cost 236.298 + 12162.7 = 12399 over 1912 frames.
20030005_631 سیلرز چیز توہین باب بیگ میں دور فغاں بپھر کے فلو ڈھب ٹھوس بیچیں توسیع پیئں حسیں موڑ عبرت چائلڈ ہیں 
LOG (lattice-best-path[5.5.907~1-cbed4]:main():lattice-best-path.cc:99) For utterance 20030005_632, best cost 220.784 + 10943.7 = 11164.5 over 1758 frames.
20030005_632 قضیے تحصیلدار میں کا بااللہ کی ایڈونچر چوروں کوڑیاں اب باب جواب پر کھجوریں اور تصور لیب چبھنے بغیر بہن ہیں 
LOG (lattice-best-path[5.5.907~1-cbed4]:main():lattice-best-path.cc:99) For utterance 20030005_633, best cost 210.537 + 11341 = 11551.5 over 1873 frames.
20030005_633 پر جنم کے نقاب میں تجویز کے لیے کی لیب کینگرو کریں اور تفتیش چھاؤں کی توضیحات سے مجیب چورنگی کیلئے کیجیے ہیں 
LOG (lattice-best-path[5.5.907~1-cbed4]:main():lattice-best-path.cc:99) For utterance 20030005_634, best cost 131.651 + 6229.81 = 6361.46 over 952 frames.
20030005_634 کی گلیشئیر جشن کے سلطان کیا رو اور اپنی یا تین کر دلبرداشتہ ہیں 
LOG (lattice-best-path[5.5.907~1-cbed4]:main():lattice-best-path.cc:99) For utterance 20030005_635, best cost 168.703 + 8463.45 = 8632.16 over 1336 frames.
20030005_635 خاص فرینڈلی پوچھیں کی لوحوں خوان بے بیٹھ ہیں اور لنگر فرمائیں سیب بھیج سوغات ہیں 
LOG (lattice-best-path[5.5.907~1-cbed4]:main():lattice-best-path.cc:99) For utterance 20030005_636, best cost 152.203 + 8393.12 = 8545.32 over 1361 frames.
20030005_636 کوڑھ اور خشوع مدح کی جوبلی کہکشاؤں میں زور جاتا آپ کو آپ گفتگو وہ 
LOG (lattice-best-path[5.5.907~1-cbed4]:main():lattice-best-path.cc:99) For utterance 20030005_637, best cost 160.84 + 9118.57 = 9279.41 over 1457 frames.
20030005_637 خوان دھوپ میں کے ساتھ میں کی کو خوشگوار نیچی لاگت مجیب کی حادثے میں مربعے حبیب 
LOG (lattice-best-path[5.5.907~1-cbed4]:main():lattice-best-path.cc:99) For utterance 20030005_638, best cost 169.67 + 11221.9 = 11391.6 over 1828 frames.
20030005_638 کاجو اجرت کی شیڈول گرہیں سے اپنے شعوری عورت تھوڑی کو کر کی کے تعالی سے بچاؤ پوچھیں 
LOG (lattice-best-path[5.5.907~1-cbed4]:main():lattice-best-path.cc:99) For utterance 20030005_639, best cost 189.037 + 9491.65 = 9680.69 over 1432 frames.
20030005_639 خلیفہ کے دفتر کی بلکہ تبدیلی سے ترجیح زوردار سے کے ماؤنٹ دبیز سہارے درخت سموسے بش سے ہیں 
LOG (lattice-best-path[5.5.907~1-cbed4]:main():lattice-best-path.cc:99) For utterance 20030005_640, best cost 174.926 + 8546.84 = 8721.77 over 1348 frames.
20030005_640 چوزوں کیوں برابر کیا نیز کی لیڈی سمیت کونسل اب کے شماریات کا پنچولی بخود چاہتے 
LOG (lattice-best-path[5.5.907~1-cbed4]:main():lattice-best-path.cc:99) For utterance 20030005_641, best cost 128.47 + 7059.97 = 7188.44 over 1054 frames.
20030005_641 کا اور اور اریگیشن روزوں کی پاک شناسی بدل آپ لاریب سے بے ہیں 
LOG (lattice-best-path[5.5.907~1-cbed4]:main():lattice-best-path.cc:99) For utterance 20030005_642, best cost 130.67 + 6890.9 = 7021.57 over 1041 frames.
20030005_642 ٹیلیفون کشف کی میچ کیسی کے کو بخشیں بھینسیں ملفوظات کے پوائنٹ کی 
LOG (lattice-best-path[5.5.907~1-cbed4]:main():lattice-best-path.cc:99) For utterance 20030005_643, best cost 151.328 + 8670.28 = 8821.61 over 1310 frames.
20030005_643 تحفہ خالد سے محفل بحثیں بلاخوف تجربہ سے بہائیں اور بویا سزائیں دیباچے ہیں 
LOG (lattice-best-path[5.5.907~1-cbed4]:main():lattice-best-path.cc:99) For utterance 20030005_644, best cost 160.777 + 10094.7 = 10255.4 over 1611 frames.
20030005_644 پنچھی حکومت شیر میں پور دوڑائیں اور بڑھاپے بشیر کیسی بار فن بردار کے ہیں 
LOG (lattice-best-path[5.5.907~1-cbed4]:main():lattice-best-path.cc:99) For utterance 20030005_645, best cost 140.833 + 6802.21 = 6943.04 over 1022 frames.
20030005_645 قدآدم پرچیز ونڈوز صاحب کے صاحب بوجوہ مسخرے کرنے میں کی فحش منڈھے ہیں 
LOG (lattice-best-path[5.5.907~1-cbed4]:main():lattice-best-path.cc:99) For utterance 20030005_646, best cost 139.007 + 7405.56 = 7544.56 over 1156 frames.
20030005_646 سوری ناخواندگی جوس میں اور چند میں جمخانہ اور بڑھاپے میں بڑھائیں باندھیں کا ہیں 
LOG (lattice-best-path[5.5.907~1-cbed4]:main():lattice-best-path.cc:99) For utterance 20030005_647, best cost 112.706 + 6476.82 = 6589.53 over 1067 frames.
20030005_647 بااثر میں خان مواصلات بھول بلوچوں اور کر بوڑھوں بھرتا ہیں 
LOG (lattice-best-path[5.5.907~1-cbed4]:main():lattice-best-path.cc:99) For utterance 20030005_648, best cost 114.331 + 6103.1 = 6217.43 over 990 frames.
20030005_648 قومیائے میں دودھیا آپ چاشنی کامیاب خرچ کر کیلئے پراٹھا ہیں 
LOG (lattice-best-path[5.5.907~1-cbed4]:main():lattice-best-path.cc:99) For utterance 20030005_649, best cost 142.103 + 6491.11 = 6633.21 over 1041 frames.
20030005_649 تو کو ہو کر میں مسترد کے بیٹھ میں پر بات بوبی کا آپ فیڈر تلے ہیں 
LOG (lattice-best-path[5.5.907~1-cbed4]:main():lattice-best-path.cc:99) For utterance 20030005_650, best cost 155.49 + 8478.21 = 8633.7 over 1355 frames.
20030005_650 فجر میں باولنگ کی سینئر توسیع مالدار کمینگی منافعے الہیات کے رہائشی کر قضا ہیں 
LOG (lattice-best-path[5.5.907~1-cbed4]:main():lattice-best-path.cc:99) For utterance 20030005_651, best cost 138.363 + 6860.7 = 6999.06 over 1131 frames.
20030005_651 پونے کی بیرونی پوچھوں کی بہو کی بے بن کے پورے سے پہلے چونگی کیں 
LOG (lattice-best-path[5.5.907~1-cbed4]:main():lattice-best-path.cc:99) For utterance 20030005_652, best cost 188.359 + 9257.07 = 9445.43 over 1502 frames.
20030005_652 پڑ ٹھڈے ینگ کیجیے میں کا میں بوریت گھلیں پوائنٹ کیموتھراپی میرون پور کے سلور درخت پانچویں 
LOG (lattice-best-path[5.5.907~1-cbed4]:main():lattice-best-path.cc:99) For utterance 20030005_653, best cost 144.119 + 7337.69 = 7481.81 over 1176 frames.
20030005_653 تلور باڑھ لیڈز قاسم زبردست قبضے لکھی بجلی بردار پرسوز وہ ہیں 
LOG (lattice-best-path[5.5.907~1-cbed4]:main():lattice-best-path.cc:99) For utterance 20030005_654, best cost 174.024 + 8869.02 = 9043.04 over 1361 frames.
20030005_654 کرکے اور دیش کو سیلز کے مشیت چون گھیراؤ پھنسے کی برش سیف کینیڈین میں سبزیوں اب 
LOG (lattice-best-path[5.5.907~1-cbed4]:main():lattice-best-path.cc:99) For utterance 20030005_655, best cost 106.97 + 6412.51 = 6519.48 over 1022 frames.
20030005_655 پگھل اوباش کی بچائیں اور تبدیلی لیزر بچائیں تابش ہیں 
LOG (lattice-best-path[5.5.907~1-cbed4]:main():lattice-best-path.cc:99) For utterance 20030005_656, best cost 157.024 + 10288 = 10445.1 over 1668 frames.
20030005_656 دلسوزی پہاڑوں ویڈنگ بعض عجیب ہینگر بچائیں اور شون اور چار بالکل سازگار ہیں 
LOG (lattice-best-path[5.5.907~1-cbed4]:main():lattice-best-path.cc:99) For utterance 20030005_657, best cost 133.883 + 6871.98 = 7005.86 over 1099 frames.
20030005_657 خان بولنگ بافتوں دبیز لیب کے کر زراعت کے بعد صرف منفرد میں ہیں 
LOG (lattice-best-path[5.5.907~1-cbed4]:main():lattice-best-path.cc:99) For utterance 20030005_658, best cost 121.489 + 6130.6 = 6252.09 over 1003 frames.
20030005_658 بلند ڈوب کا میران بگٹی ایف گھوڑے رزق کے بعد سے گزارنے ہیں 
LOG (lattice-best-path[5.5.907~1-cbed4]:main():lattice-best-path.cc:99) For utterance 20030005_659, best cost 162.019 + 8203.86 = 8365.88 over 1291 frames.
20030005_659 پھرتی خوگر کر بچائیں اور بوڑھی بے کا تمغوں بوڑھوں موزوں کے بعد بولیں بارش اور ہیں 
LOG (lattice-best-path[5.5.907~1-cbed4]:main():lattice-best-path.cc:99) For utterance 20030005_660, best cost 90.8346 + 4923.92 = 5014.75 over 779 frames.
20030005_660 اور بڑھ خانگی کے بغیر کیا حضرات میں بسا ہیں 
LOG (lattice-best-path[5.5.907~1-cbed4]:main():lattice-best-path.cc:99) For utterance 20030005_661, best cost 116.778 + 7599.39 = 7716.17 over 1252 frames.
20030005_661 تیزرفتار میں کے لیے بش اوپر کامیاب کا پیدا غلط دوا ہیں 
LOG (lattice-best-path[5.5.907~1-cbed4]:main():lattice-best-path.cc:99) For utterance 20030005_662, best cost 118.736 + 6738.54 = 6857.27 over 1067 frames.
20030005_662 تخریب شعبوں کی بازیاب چلیں درسگاہوں کی دلنشیں ڈھونڈیں بڑے ہیں 
LOG (lattice-best-path[5.5.907~1-cbed4]:main():lattice-best-path.cc:99) For utterance 20030005_663, best cost 173.282 + 8482.12 = 8655.4 over 1336 frames.
20030005_663 کی ڈوریں چراغاں چاہے بخود بندوق شمار برساتا کی محبوب جھینگے کی دنگ دبیز دھوپ کیں 
LOG (lattice-best-path[5.5.907~1-cbed4]:main():lattice-best-path.cc:99) For utterance 20030005_664, best cost 177.154 + 8585.21 = 8762.37 over 1316 frames.
20030005_664 فعال آسیہ اعتبار آرزوئیں کے میں تناسب لیتا موضوعات دھوپ پر سے کے روئیں کے ٹیڑھے گوگل ہیں 
LOG (lattice-best-path[5.5.907~1-cbed4]:main():lattice-best-path.cc:99) For utterance 20030005_665, best cost 108.79 + 5098.38 = 5207.17 over 779 frames.
20030005_665 فیضان ہزار پوٹھوہاری تھیسس رشید غوغا ساختہ خیر رواں ہیں 
LOG (lattice-best-path[5.5.907~1-cbed4]:main():lattice-best-path.cc:99) For utterance 20030005_666, best cost 124.517 + 6738.41 = 6862.93 over 1073 frames.
20030005_666 بوئنگ زیڈ ویمپ اور کلچر پراٹھا کر تساہل پھیرتے سے بولے 
LOG (lattice-best-path[5.5.907~1-cbed4]:main():lattice-best-path.cc:99) For utterance 20030005_667, best cost 131.331 + 8034.81 = 8166.14 over 1323 frames.
20030005_667 کی بل کے تعارف سے چمچے بھون سے کی مجیب گز سنگباری بے 
LOG (lattice-best-path[5.5.907~1-cbed4]:main():lattice-best-path.cc:99) For utterance 20030005_668, best cost 176.979 + 9544.12 = 9721.1 over 1489 frames.
20030005_668 سعودی زور طیب کے بدلے میں خوگر طالب چار کا آپ کے اصلاحات پگڑیاں ہی سلسلے کا ہیں 
LOG (lattice-best-path[5.5.907~1-cbed4]:main():lattice-best-path.cc:99) For utterance 20030005_669, best cost 116.36 + 7056.95 = 7173.31 over 1112 frames.
20030005_669 غوروخوض اپنے منفعت بورڈ میں ویڈیوز صرف کیلئے غیرضروری کیا ہیں 
LOG (lattice-best-path[5.5.907~1-cbed4]:main():lattice-best-path.cc:99) For utterance 20030005_670, best cost 91.9974 + 6541.46 = 6633.46 over 1035 frames.
20030005_670 قضیے خواہش راہگیر صاحب دوبارہ بوڑھوں تعاقب 
LOG (lattice-best-path[5.5.907~1-cbed4]:main():lattice-best-path.cc:99) For utterance 20030005_671, best cost 181.799 + 8797.43 = 8979.23 over 1368 frames.
20030005_671 بشیر زلزلے ساری گاڑیاں میں کا چوہوں اور پسند دولخت کے ضعف پنچولی میں بو اور شیشے جاؤں ہیں 
LOG (lattice-best-path[5.5.907~1-cbed4]:main():lattice-best-path.cc:99) For utterance 20030005_672, best cost 153.798 + 7723.64 = 7877.44 over 1163 frames.
20030005_672 کنگڈم میں ڈیڑھ ایشوز چرانے تو فوراً ناخواندگی تصورات پرسکون درجے گاڑھا پراٹھا ہیں 
LOG (lattice-best-path[5.5.907~1-cbed4]:main():lattice-best-path.cc:99) For utterance 20030005_673, best cost 117.479 + 6428.86 = 6546.34 over 1048 frames.
20030005_673 کلراٹھی کی بیچوں میں گروہ پر میں دوجے نزلے غیرت پڑھائی ہیں 
LOG (lattice-best-path[5.5.907~1-cbed4]:main():lattice-best-path.cc:99) For utterance 20030005_674, best cost 165.753 + 9756.47 = 9922.22 over 1604 frames.
20030005_674 تماشائیوں نے پُلوں میں بار کار پراچہ پائیدار درآمدات ٹیبلو ٹھوس گینگز میں کی بش کی 
LOG (lattice-best-path[5.5.907~1-cbed4]:main():lattice-best-path.cc:99) For utterance 20030005_675, best cost 111.841 + 8055.1 = 8166.94 over 1297 frames.
20030005_675 کا جہتیں بوڑھی کے لیے پر سوچے کو خوفوں قانونگو پڑا ہے 
LOG (lattice-best-path[5.5.907~1-cbed4]:main():lattice-best-path.cc:99) For utterance 20030005_676, best cost 161.564 + 8279.22 = 8440.78 over 1278 frames.
20030005_676 پرنیا اژدھا سیریز کا عقلمندی جاوید جو آپ میں تنگ معیشت دراوڑی امپائر دیے ہیں 
LOG (lattice-best-path[5.5.907~1-cbed4]:main():lattice-best-path.cc:99) For utterance 20030005_677, best cost 177.5 + 8907.47 = 9084.97 over 1380 frames.
20030005_677 گزارنے عندیہ غریب مجیب بھونڈی مگر بعدازاں اور سعودی تک گوگل کرائیں کی طرف سے پھلیاں ہیں 
LOG (lattice-best-path[5.5.907~1-cbed4]:main():lattice-best-path.cc:99) For utterance 20030005_678, best cost 229.199 + 12456.8 = 12686 over 2052 frames.
20030005_678 صرف بحثوں آپ کو ٹیلیفون فیض پڑا وزن بس واضح بخشے میں کیلئے میں پر رجحان بریفنگ منیب سے مشعر کے بخشے کیں 
LOG (lattice-best-path[5.5.907~1-cbed4]:main():lattice-best-path.cc:99) For utterance 20030005_679, best cost 106.982 + 6073.58 = 6180.56 over 958 frames.
20030005_679 خواری اور بے کی پر چیلہ تو سہارے تیزی سے رشید 
LOG (lattice-best-path[5.5.907~1-cbed4]:main():lattice-best-path.cc:99) For utterance 20030005_680, best cost 169.575 + 8108.59 = 8278.16 over 1316 frames.
20030005_680 چوری کا چوڑیاں بہن کے ہوے بیٹھ قانونگو لاریب پنکھا برسوں میں میں تھوڑا تعالی کا ہیں 
LOG (lattice-best-path[5.5.907~1-cbed4]:main():lattice-best-path.cc:99) For utterance 20030005_681, best cost 161.128 + 10002.7 = 10163.8 over 1611 frames.
20030005_681 گستاخی شیمپو بیچیں شیمپو گیراج کر تو باعث پڑی تو لوحوں پر پیچیدہ پرچھائیاں ہیں 
LOG (lattice-best-path[5.5.907~1-cbed4]:main():lattice-best-path.cc:99) For utterance 20030005_682, best cost 197.096 + 10528.7 = 10725.8 over 1656 frames.
20030005_682 بھیگی جوجوبا شعاع میں کی کی امور کار پنجرے کاروبار چچا گرل نوازوں کے پور جلد گروپ جیب 
LOG (lattice-best-path[5.5.907~1-cbed4]:main():lattice-best-path.cc:99) For utterance 20030005_683, best cost 133.152 + 8599.82 = 8732.97 over 1355 frames.
20030005_683 گیسیں معجزات کی جبڑوں درخت پیغمبر نہیں بلدیاتی میں کے سنگھار قریب 
LOG (lattice-best-path[5.5.907~1-cbed4]:main():lattice-best-path.cc:99) For utterance 20030005_684, best cost 126.247 + 7669.42 = 7795.67 over 1208 frames.
20030005_684 کاندھلوی جونیئر خوان ڈیزرٹ کے کی ڈوب میں باغوں معیاری زبردست کو 
LOG (lattice-best-path[5.5.907~1-cbed4]:main():lattice-best-path.cc:99) For utterance 20030005_685, best cost 110.324 + 5675.78 = 5786.11 over 881 frames.
20030005_685 کوچوں فروزاں کی ایڈونچر بخشے کی سیر حاصل گاؤں بخوبی 
LOG (lattice-best-path[5.5.907~1-cbed4]:main():lattice-best-path.cc:99) For utterance 20030005_686, best cost 152.081 + 7148.17 = 7300.25 over 1067 frames.
20030005_686 سوچنے آنگن میں بسر شعروادب بغیر فشار سینٹر یادیں مسز دانشو شروع آشوب 
LOG (lattice-best-path[5.5.907~1-cbed4]:main():lattice-best-path.cc:99) For utterance 20030005_687, best cost 204.851 + 10567.8 = 10772.7 over 1656 frames.
20030005_687 چھور گریز کے بدسلوکی سے بانگ کے گھلیں بو بھولیں قضا عزت سے کی روات کر کوچوں موعود فضول ابواب 
LOG (lattice-best-path[5.5.907~1-cbed4]:main():lattice-best-path.cc:99) For utterance 20030005_688, best cost 207.306 + 11189.4 = 11396.7 over 1796 frames.
20030005_688 کھلکھلا نیچا گردیزی دیباچہ خرچ سے انشائیہ بعض گاؤں اور دیش کی بجھی نیچی میں بانگ کر فریب کالجوں 
LOG (lattice-best-path[5.5.907~1-cbed4]:main():lattice-best-path.cc:99) For utterance 20030005_689, best cost 179.583 + 9044.25 = 9223.83 over 1496 frames.
20030005_689 بھول جنگوں باادب بعدازاں اطلاعات کیا مجموعوں میں موبائل ہے اور سوچوں فصلیں پرچم ندرت چار ہیں 
LOG (lattice-best-path[5.5.907~1-cbed4]:main():lattice-best-path.cc:99) For utterance 20030005_690, best cost 99.1168 + 5917.86 = 6016.97 over 881 frames.
20030005_690 فوجیں معاشیات کرائیں کے شعلوں ونڈوز چوائس کی جاتا ہے 
LOG (lattice-best-path[5.5.907~1-cbed4]:main():lattice-best-path.cc:99) For utterance 20030005_691, best cost 159.311 + 9195.06 = 9354.37 over 1368 frames.
20030005_691 کسی دلجوئی کے افواج ایگلز پرویا فوراً فنگس چیسٹ اوصاف ستانویں منافعے توصیف 
LOG (lattice-best-path[5.5.907~1-cbed4]:main():lattice-best-path.cc:99) For utterance 20030005_692, best cost 146.376 + 8314.44 = 8460.81 over 1220 frames.
20030005_692 تبسم سانحے کا کیفے سیلز کو ساغر اعتراف داڑھی سے زیست خاطر کہف 
LOG (lattice-best-path[5.5.907~1-cbed4]:main():lattice-best-path.cc:99) For utterance 20030005_693, best cost 103.589 + 6264.74 = 6368.33 over 939 frames.
20030005_693 حیرت کے جوئیہ سے کا کے ساتھ کیا تفنن والدین بتاؤں 
LOG (lattice-best-path[5.5.907~1-cbed4]:main():lattice-best-path.cc:99) For utterance 20030005_694, best cost 129.782 + 8384.28 = 8514.06 over 1208 frames.
20030005_694 درآمدات شعاع فحش اشفاق خزانہ فورس کچہری حسینی جوجوبا کہف 
LOG (lattice-best-path[5.5.907~1-cbed4]:main():lattice-best-path.cc:99) For utterance 20030005_695, best cost 138.29 + 7481.3 = 7619.59 over 1105 frames.
20030005_695 فوری کی جانے کیجیے چالیس تو کاکلیں تفتیشی جوجوبا میں مینوئل صاف سے 
LOG (lattice-best-path[5.5.907~1-cbed4]:main():lattice-best-path.cc:99) For utterance 20030005_696, best cost 158.924 + 7760.29 = 7919.21 over 1131 frames.
20030005_696 تشخص اور سے ایڈجسٹ کے سامنے زیردست ہوسٹس چوبیس مسوڑوں کیلئے بنانے کیلئے فاجر جیٹ آف 
LOG (lattice-best-path[5.5.907~1-cbed4]:main():lattice-best-path.cc:99) For utterance 20030005_697, best cost 92.3364 + 5407.25 = 5499.58 over 772 frames.
20030005_697 گوٹھوں اور سے سبزیوں دستاویزات اڑائیں کا خاں اور کیا 
LOG (lattice-best-path[5.5.907~1-cbed4]:main():lattice-best-path.cc:99) For utterance 20030005_698, best cost 126.407 + 7563.89 = 7690.29 over 1124 frames.
20030005_698 سے باغوں فوم اضافے دھونی سے اشخاص تنولی استاد زلزلے آف 
LOG (lattice-best-path[5.5.907~1-cbed4]:main():lattice-best-path.cc:99) For utterance 20030005_699, best cost 170.593 + 9100.61 = 9271.21 over 1342 frames.
20030005_699 فجر کیجیے اور ضعف تفاوت کی شریف میں فنانس کے فلالین کی فکروعمل کی زدہ سوچوں ایف 
LOG (lattice-best-path[5.5.907~1-cbed4]:main():lattice-best-path.cc:99) For utterance 20030005_700, best cost 170.106 + 9649.17 = 9819.27 over 1419 frames.
20030005_700 فروش اور محفوظ چیف تک کلیئر فیس تو ماخذ کی سوجھی فیچر تنفس کھوسٹ خوف 
LOG (lattice-best-path[5.5.907~1-cbed4]:main():lattice-best-path.cc:99) For utterance 20030005_701, best cost 179.769 + 11411.6 = 11591.3 over 1681 frames.
20030005_701 فضول باغ محافظوں موقف ہوزری کی طرف ملفوظات کی سے فوائد ڈیف حوض فضول کوسموس تعارف 
LOG (lattice-best-path[5.5.907~1-cbed4]:main():lattice-best-path.cc:99) For utterance 20030005_702, best cost 154.467 + 7979.77 = 8134.24 over 1150 frames.
20030005_702 فلیش فیصلہ فون طرف کی نعوذ سے فخر کے خوف شاہ زوردار ضعیف تشریف 
LOG (lattice-best-path[5.5.907~1-cbed4]:main():lattice-best-path.cc:99) For utterance 20030005_703, best cost 92.1984 + 6473.6 = 6565.8 over 952 frames.
20030005_703 فلسفے کلیدی چیز کے بلاخوف کاروبار افزائش کرتا ہے 
LOG (lattice-best-path[5.5.907~1-cbed4]:main():lattice-best-path.cc:99) For utterance 20030005_704, best cost 136.452 + 9339.44 = 9475.89 over 1355 frames.
20030005_704 چوکھٹ سے سے شریف مرغیاں رساؤ کے فرسودہ کے بلاخوف کا فاریسٹ کہف 
LOG (lattice-best-path[5.5.907~1-cbed4]:main():lattice-best-path.cc:99) For utterance 20030005_705, best cost 110.565 + 6473.63 = 6584.2 over 958 frames.
20030005_705 سے بچاؤ ضیغم محفوظ ڈسچارج دیانتدار حصوں سے بڑے اس 
LOG (lattice-best-path[5.5.907~1-cbed4]:main():lattice-best-path.cc:99) For utterance 20030005_706, best cost 110.997 + 7474.12 = 7585.11 over 1086 frames.
20030005_706 سے بزرگ فیز مزید سیف پاکیزگی شیڈول آفس چونتیس 
LOG (lattice-best-path[5.5.907~1-cbed4]:main():lattice-best-path.cc:99) For utterance 20030005_707, best cost 116.046 + 6077.54 = 6193.59 over 888 frames.
20030005_707 فرائض سے خوفزدہ ڈیف تو پانے ٹریجڈی بناؤں ضلع کہف 
LOG (lattice-best-path[5.5.907~1-cbed4]:main():lattice-best-path.cc:99) For utterance 20030005_708, best cost 143.23 + 6868.26 = 7011.49 over 1009 frames.
20030005_708 جنریشن ایسے ڈیف سندھو اینگلو جیگوار شستہ زندگی کا اور مشعر سے نحیف 
LOG (lattice-best-path[5.5.907~1-cbed4]:main():lattice-best-path.cc:99) For utterance 20030010_601, best cost 151.629 + 6888.06 = 7039.69 over 985 frames.
20030010_601 گاجر تعاقب جیلانی شاندار جیلانی پولیو خودسر قبول کے کراؤں کو گوگل بھی نہیں 
LOG (lattice-best-path[5.5.907~1-cbed4]:main():lattice-best-path.cc:99) For utterance 20030010_602, best cost 203.373 + 8388.62 = 8591.99 over 1203 frames.
20030010_602 گروں لالچی کے نے زوجیت پرچیاں بھوت بھورے پہاڑی چلو بن فشنگ اچک لاہوری شنید کی شرکت سازباز ہیں 
LOG (lattice-best-path[5.5.907~1-cbed4]:main():lattice-best-path.cc:99) For utterance 20030010_603, best cost 136.244 + 5891.98 = 6028.22 over 833 frames.
20030010_603 ششدر اور نزلے جمگھٹا استفادے عمل کو کارکردگی بےقصور پر کہانی چاول کیا 
LOG (lattice-best-path[5.5.907~1-cbed4]:main():lattice-best-path.cc:99) For utterance 20030010_604, best cost 142.038 + 6123.45 = 6265.49 over 856 frames.
20030010_604 چلچلاتی داؤد دیگر برطرفی کو بائیس کو آپ چاہئے کی کیسی نزلے اٹھا ہیں 
LOG (lattice-best-path[5.5.907~1-cbed4]:main():lattice-best-path.cc:99) For utterance 20030010_605, best cost 85.6304 + 3575.81 = 3661.44 over 513 frames.
20030010_605 سوجن شون جنریشن ایڈووکیٹ کر داخل دیتا ہے 
LOG (lattice-best-path[5.5.907~1-cbed4]:main():lattice-best-path.cc:99) For utterance 20030010_606, best cost 95.7457 + 4256.71 = 4352.45 over 608 frames.
20030010_606 پیچیدگیوں داخل وقعت سے تجارت آفس کی تجزیہ تھے 
LOG (lattice-best-path[5.5.907~1-cbed4]:main():lattice-best-path.cc:99) For utterance 20030010_607, best cost 61.8736 + 2886.28 = 2948.15 over 420 frames.
20030010_607 پر سیاسی پرچیز قوانین منیجر ہے 
LOG (lattice-best-path[5.5.907~1-cbed4]:main():lattice-best-path.cc:99) For utterance 20030010_608, best cost 104.456 + 4044.45 = 4148.91 over 582 frames.
20030010_608 کو گھناؤنے دولخت کو خوشخبری چمچہ نیچی سوجن کو کیں 
LOG (lattice-best-path[5.5.907~1-cbed4]:main():lattice-best-path.cc:99) For utterance 20030010_609, best cost 135.149 + 5063.44 = 5198.59 over 736 frames.
20030010_609 فیشن منیب آپ بغیر ماشے جوڑیں گاڑیاں کی جھونکے جو قفس کیا کیا 
LOG (lattice-best-path[5.5.907~1-cbed4]:main():lattice-best-path.cc:99) For utterance 20030010_610, best cost 116.703 + 5353.37 = 5470.07 over 803 frames.
20030010_610 کا سیکشن یزدانی دودھیا منیجر نیچے کی طرف سے بجٹ ایسا ہیں 
LOG (lattice-best-path[5.5.907~1-cbed4]:main():lattice-best-path.cc:99) For utterance 20030010_611, best cost 119.46 + 5990.13 = 6109.59 over 868 frames.
20030010_611 حسینی میں بینگن حسینی سے کی دغا اور ہچکچاہٹ کی دوشیزہ اچھی ہے 
LOG (lattice-best-path[5.5.907~1-cbed4]:main():lattice-best-path.cc:99) For utterance 20030010_612, best cost 139.609 + 6127.87 = 6267.48 over 921 frames.
20030010_612 تبدیلیاں کی ورزش سلطان بھورا کی جرگہ چھہتر تو خوگر کی لینگویج افواج ہیں 
LOG (lattice-best-path[5.5.907~1-cbed4]:main():lattice-best-path.cc:99) For utterance 20030010_613, best cost 79.9197 + 3232.04 = 3311.96 over 452 frames.
20030010_613 تنخواہ لاکھا کو زوجیت مشیت گرداں کہا 
LOG (lattice-best-path[5.5.907~1-cbed4]:main():lattice-best-path.cc:99) For utterance 20030010_614, best cost 101.276 + 4032.16 = 4133.44 over 578 frames.
20030010_614 بھٹو فیڈریشن کے ٹینک کے ساتھ سمجھیں بغیر سمجھو بقیہ 
LOG (lattice-best-path[5.5.907~1-cbed4]:main():lattice-best-path.cc:99) For utterance 20030010_615, best cost 137.465 + 6717.06 = 6854.52 over 960 frames.
20030010_615 کر آتشزدگی نیسچن موئسچرائزنگ گذر توجہ ایقان دھاندلی کی کھجوریں اور ہینگر ہیں 
LOG (lattice-best-path[5.5.907~1-cbed4]:main():lattice-best-path.cc:99) For utterance 20030010_616, best cost 165.327 + 6752.11 = 6917.44 over 989 frames.
20030010_616 تاجر کے گھوڑے کھبے سترھویں شگفتہ حوصلہ شکار کیسی بدظن تفہیم اور فرخندہ تیار کیا 
LOG (lattice-best-path[5.5.907~1-cbed4]:main():lattice-best-path.cc:99) For utterance 20030010_617, best cost 108.542 + 4634.98 = 4743.53 over 669 frames.
20030010_617 کا محور سوجن بدچلنی کی لوگو ہارویسٹر کے کر تعداد زیادہ 
LOG (lattice-best-path[5.5.907~1-cbed4]:main():lattice-best-path.cc:99) For utterance 20030010_618, best cost 127.039 + 5697.52 = 5824.56 over 824 frames.
20030010_618 تھانیدار سمجھا سمجھ خوان یا خسارے میں ایونیو کے بعد اس کیا کیا ہیں 
LOG (lattice-best-path[5.5.907~1-cbed4]:main():lattice-best-path.cc:99) For utterance 20030010_619, best cost 80.7095 + 3465.43 = 3546.14 over 519 frames.
20030010_619 تضحیک اشجار مدعیان بنیں پنجابی نتیجے ہیں 
LOG (lattice-best-path[5.5.907~1-cbed4]:main():lattice-best-path.cc:99) For utterance 20030010_620, best cost 137.329 + 5848.03 = 5985.36 over 820 frames.
20030010_620 چیل ملنے حالانکہ منظم بویا کیوں گوبر خضوع آشوب کی کیا لیچی 
LOG (lattice-best-path[5.5.907~1-cbed4]:main():lattice-best-path.cc:99) For utterance 20030010_621, best cost 165.851 + 7184.26 = 7350.11 over 1024 frames.
20030010_621 بھون معجل ایڈریس حاشیے منتظر چین کے والدین بھی سے دوردراز اور جاری نواز مٹیں کی 
LOG (lattice-best-path[5.5.907~1-cbed4]:main():lattice-best-path.cc:99) For utterance 20030010_622, best cost 96.8304 + 5674 = 5770.83 over 764 frames.
20030010_622 کو چیئرمین ڈالتے کے تجربہ رسیدہ کے پالیسی جاگزیں 
LOG (lattice-best-path[5.5.907~1-cbed4]:main():lattice-best-path.cc:99) For utterance 20030010_623, best cost 95.8855 + 4569.22 = 4665.1 over 664 frames.
20030010_623 قدآدم دیانتدار داغ منافعوں سوئس تھانیدار نشاندہی کیا 
LOG (lattice-best-path[5.5.907~1-cbed4]:main():lattice-best-path.cc:99) For utterance 20030010_624, best cost 119.188 + 5379.56 = 5498.74 over 790 frames.
20030010_624 حفاظ تسلسل وزیر درخواست اور زاید حدود کے پیشن کے میں مشروبات 
LOG (lattice-best-path[5.5.907~1-cbed4]:main():lattice-best-path.cc:99) For utterance 20030010_625, best cost 98.1211 + 4598.82 = 4696.94 over 665 frames.
20030010_625 گیدڑ ضروری چلچلاتی گدے گردیزی پرچم واقع ہو گیا 
LOG (lattice-best-path[5.5.907~1-cbed4]:main():lattice-best-path.cc:99) For utterance 20030010_626, best cost 71.5295 + 3169.46 = 3240.99 over 465 frames.
20030010_626 کلیرنگ بچنے گٹھلیاں دودھ شیرخوار سمجھا 
LOG (lattice-best-path[5.5.907~1-cbed4]:main():lattice-best-path.cc:99) For utterance 20030010_627, best cost 111.292 + 4791.22 = 4902.51 over 712 frames.
20030010_627 سے ٹریولرز کے ملبوسات کے ہرادھنیا سے بلونگڑے کو فوم انعقاد کیا 
LOG (lattice-best-path[5.5.907~1-cbed4]:main():lattice-best-path.cc:99) For utterance 20030010_628, best cost 95.037 + 4693.73 = 4788.77 over 709 frames.
20030010_628 کو اچھے گرویدہ نے بیچے چلنے خودکشیوں بھوت کی 
LOG (lattice-best-path[5.5.907~1-cbed4]:main():lattice-best-path.cc:99) For utterance 20030010_629, best cost 148.417 + 5924.42 = 6072.83 over 876 frames.
20030010_629 چھیل کے کے کو شعاع کیا پٹاخے میں فی تنازع خلیفہ نے موجودہ فیضان ٹیچر 
LOG (lattice-best-path[5.5.907~1-cbed4]:main():lattice-best-path.cc:99) For utterance 20030010_630, best cost 120.508 + 4603.7 = 4724.21 over 668 frames.
20030010_630 تعین قزلباش ایک دیش جامعہ پر بیچارے کلچر سے خانگی کر کیا 
LOG (lattice-best-path[5.5.907~1-cbed4]:main():lattice-best-path.cc:99) For utterance 20030010_631, best cost 151.072 + 6726.68 = 6877.75 over 964 frames.
20030010_631 سیریز چیف اور گالف کے دیکھنے تحفتا کے خیرخواہ سے چلغوزے سے سے معطل چائلڈ ہے 
LOG (lattice-best-path[5.5.907~1-cbed4]:main():lattice-best-path.cc:99) For utterance 20030010_632, best cost 175.232 + 8594 = 8769.24 over 1219 frames.
20030010_632 تیزی زیادہ لیتا کے بوریت کی حجت چھولے جید بھجوا کر خشوع موصول چھوڑیں بغیر دیکھوں 
LOG (lattice-best-path[5.5.907~1-cbed4]:main():lattice-best-path.cc:99) For utterance 20030010_633, best cost 140.784 + 6900.92 = 7041.71 over 1056 frames.
20030010_633 کچیلے میں بگاڑنے تلخیاں کی کی کے اور کی سوچیے قوس کسی سوئنگ کے نیچے 
LOG (lattice-best-path[5.5.907~1-cbed4]:main():lattice-best-path.cc:99) For utterance 20030010_634, best cost 105.173 + 4787.69 = 4892.87 over 708 frames.
20030010_634 کمیشن جشن گلستان کے ڈوڈیاں تھی بدل تھیٹر کیا ہیں 
LOG (lattice-best-path[5.5.907~1-cbed4]:main():lattice-best-path.cc:99) For utterance 20030010_635, best cost 98.6366 + 4910.19 = 5008.83 over 722 frames.
20030010_635 پاس تنفس جیلانی اور میں بیچے پارلیمنٹرین زیر سکتیں 
LOG (lattice-best-path[5.5.907~1-cbed4]:main():lattice-best-path.cc:99) For utterance 20030010_636, best cost 121.455 + 4518.64 = 4640.09 over 677 frames.
20030010_636 تنوع خشوع نتھی چندھیا چمڑے فیس ہو جاتا تو میں کا عفو 
LOG (lattice-best-path[5.5.907~1-cbed4]:main():lattice-best-path.cc:99) For utterance 20030010_637, best cost 96.7912 + 4751.64 = 4848.43 over 703 frames.
20030010_637 کی خواری صاحب اور جلدی نمو کیجیے گیسیں کرتے ہوئے 
LOG (lattice-best-path[5.5.907~1-cbed4]:main():lattice-best-path.cc:99) For utterance 20030010_638, best cost 136.034 + 7932.08 = 8068.11 over 1134 frames.
20030010_638 طرف کا گچھے کی شیروانی پورے سوئچ اور اور کی اور کھچی کیا سے بچیں 
LOG (lattice-best-path[5.5.907~1-cbed4]:main():lattice-best-path.cc:99) For utterance 20030010_639, best cost 148.835 + 6773.75 = 6922.59 over 1011 frames.
20030010_639 ڈیف کے دکھ کرتی کو سے کے سے تشخیص استغنا بچی دور تسلسل بلبل سکتیں 
LOG (lattice-best-path[5.5.907~1-cbed4]:main():lattice-best-path.cc:99) For utterance 20030010_640, best cost 139.923 + 5494.01 = 5633.93 over 822 frames.
20030010_640 کا کی یاں کرنے جیلانی زلفی میں انیس کی کونسل کی شعاع بخوبی پوشیدہ ہیں 
LOG (lattice-best-path[5.5.907~1-cbed4]:main():lattice-best-path.cc:99) For utterance 20030010_641, best cost 96.2665 + 4865.17 = 4961.44 over 712 frames.
20030010_641 کچیلے جنریشن وفود کے پاس پیش بازیچہ گردیزی کیں 
LOG (lattice-best-path[5.5.907~1-cbed4]:main():lattice-best-path.cc:99) For utterance 20030010_642, best cost 91.3253 + 4261.84 = 4353.17 over 638 frames.
20030010_642 حفاظت کی مزید کے گردش سے نفوذ کی اور کو کی 
LOG (lattice-best-path[5.5.907~1-cbed4]:main():lattice-best-path.cc:99) For utterance 20030010_643, best cost 107.8 + 4418.29 = 4526.09 over 664 frames.
20030010_643 تفاوت صداقت پڑھئے مخرج سنایا بولے وافر زندگی نہیں 
LOG (lattice-best-path[5.5.907~1-cbed4]:main():lattice-best-path.cc:99) For utterance 20030010_644, best cost 127.684 + 6003.65 = 6131.33 over 908 frames.
20030010_644 کے شیرے چیئرمین دو بویا اور زیورات کھچڑی کیسی پر سے میں پر بات کی 
LOG (lattice-best-path[5.5.907~1-cbed4]:main():lattice-best-path.cc:99) For utterance 20030010_645, best cost 118.716 + 5155.91 = 5274.63 over 768 frames.
20030010_645 گیدڑ پرچیز ونڈوز ہوتے صاحب طنزومزاح تہتر میں کی خواہش سکتیں 
LOG (lattice-best-path[5.5.907~1-cbed4]:main():lattice-best-path.cc:99) For utterance 20030010_646, best cost 122.717 + 4810.55 = 4933.26 over 734 frames.
20030010_646 چھاؤنیاں غزلیات چبھنے کے بعد دریاؤں بیڑیاں میں گارلینڈ طالب گائنی گئی 
LOG (lattice-best-path[5.5.907~1-cbed4]:main():lattice-best-path.cc:99) For utterance 20030010_647, best cost 76.7118 + 3450.05 = 3526.76 over 517 frames.
20030010_647 کا سے کے تنازعے بلبل چور گردوغبار کریں 
LOG (lattice-best-path[5.5.907~1-cbed4]:main():lattice-best-path.cc:99) For utterance 20030010_648, best cost 78.2864 + 3885.63 = 3963.91 over 573 frames.
20030010_648 فعلن ڈسچارج کرا خود چیریٹی پر بات تھا 
LOG (lattice-best-path[5.5.907~1-cbed4]:main():lattice-best-path.cc:99) For utterance 20030010_649, best cost 80.9474 + 3303.48 = 3384.43 over 478 frames.
20030010_649 کو خوف ایگزیکٹو تھیٹر باتھو آمدنی لگا ہے 
LOG (lattice-best-path[5.5.907~1-cbed4]:main():lattice-best-path.cc:99) For utterance 20030010_650, best cost 123.649 + 5876.08 = 5999.73 over 870 frames.
20030010_650 تجزیے گردیزی بآسانی یا کی کے مخفی دعائیہ کیا آہستہ کی جا ہے 
LOG (lattice-best-path[5.5.907~1-cbed4]:main():lattice-best-path.cc:99) For utterance 20030010_651, best cost 121.968 + 4576.09 = 4698.06 over 699 frames.
20030010_651 کو ایک اور کے مرچوں کی قدرتی کتابچے اور میں سے پہلے سود کی چیف 
LOG (lattice-best-path[5.5.907~1-cbed4]:main():lattice-best-path.cc:99) For utterance 20030010_652, best cost 117.969 + 5077.99 = 5195.96 over 777 frames.
20030010_652 پیتھالوجی لیتا معیاری پر کروانے میں کا بھون کے سندھو پہنچ ہیں 
LOG (lattice-best-path[5.5.907~1-cbed4]:main():lattice-best-path.cc:99) For utterance 20030010_653, best cost 93.0223 + 4229.3 = 4322.32 over 638 frames.
20030010_653 پروگرام اس کسی قناعت عزیز کی چھہتر قصوروار 
LOG (lattice-best-path[5.5.907~1-cbed4]:main():lattice-best-path.cc:99) For utterance 20030010_654, best cost 117.804 + 5506.78 = 5624.58 over 838 frames.
20030010_654 کنیئرڈ اشخاص کی اشاعت چونکہ اور لطیفے ڈیمو سے میں کی میں سکتیں 
LOG (lattice-best-path[5.5.907~1-cbed4]:main():lattice-best-path.cc:99) For utterance 20030010_655, best cost 77.54 + 3071.08 = 3148.62 over 465 frames.
20030010_655 بھانپ حاشیے چنیوٹی ڈیف بجھائی دیش ہے 
LOG (lattice-best-path[5.5.907~1-cbed4]:main():lattice-best-path.cc:99) For utterance 20030010_656, best cost 109.386 + 6012.04 = 6121.43 over 918 frames.
20030010_656 بیضے کے ٹریڈنگ تجزیے بجائے موصول مچانے بھی کس کریں 
LOG (lattice-best-path[5.5.907~1-cbed4]:main():lattice-best-path.cc:99) For utterance 20030010_657, best cost 78.5701 + 3729.93 = 3808.5 over 540 frames.
20030010_657 کا معطل ذہن طرزفکر نصیحت سے طفیل ہیں 
LOG (lattice-best-path[5.5.907~1-cbed4]:main():lattice-best-path.cc:99) For utterance 20030010_658, best cost 73.2993 + 3867.42 = 3940.72 over 591 frames.
20030010_658 گھنگھور کرنے والے بیس کی بااثر گزارنے 
LOG (lattice-best-path[5.5.907~1-cbed4]:main():lattice-best-path.cc:99) For utterance 20030010_659, best cost 118.625 + 5177.29 = 5295.91 over 779 frames.
20030010_659 بھیجی ٹوفل جید فوری بطخوں عورت خوفزدہ بوریت کے سوویں 
LOG (lattice-best-path[5.5.907~1-cbed4]:main():lattice-best-path.cc:99) For utterance 20030010_660, best cost 49.905 + 3278.66 = 3328.57 over 482 frames.
20030010_660 کو ایڈونچر براؤزر میرزا 
LOG (lattice-best-path[5.5.907~1-cbed4]:main():lattice-best-path.cc:99) For utterance 20030010_661, best cost 66.7725 + 3958.12 = 4024.89 over 578 frames.
20030010_661 قضہ فیڈریشنز بغاوت کردار پر بنائیں 
LOG (lattice-best-path[5.5.907~1-cbed4]:main():lattice-best-path.cc:99) For utterance 20030010_662, best cost 94.2063 + 3884.3 = 3978.51 over 575 frames.
20030010_662 کر چیلنجوں زوجیت پرچیاں جیٹ بسیار کی تشہیر گے 
LOG (lattice-best-path[5.5.907~1-cbed4]:main():lattice-best-path.cc:99) For utterance 20030010_663, best cost 94.7501 + 4551.69 = 4646.44 over 656 frames.
20030010_663 کی منیجر سینما گھروں جعلسازی کلیجی تجویز موعود ہوئے 
LOG (lattice-best-path[5.5.907~1-cbed4]:main():lattice-best-path.cc:99) For utterance 20030010_664, best cost 124.728 + 5449.82 = 5574.55 over 790 frames.
20030010_664 پراسیس ڈیزرٹ اطلاعات کوارڈینیٹر زود وقعت کھچی کیسوں کے کے کو گے 
LOG (lattice-best-path[5.5.907~1-cbed4]:main():lattice-best-path.cc:99) For utterance 20030010_665, best cost 71.5852 + 3871.1 = 3942.68 over 569 frames.
20030010_665 فیض دستاویزی رشید اور کا سلفیٹ اور 
LOG (lattice-best-path[5.5.907~1-cbed4]:main():lattice-best-path.cc:99) For utterance 20030010_666, best cost 78.2023 + 3504.68 = 3582.89 over 505 frames.
20030010_666 دھول سویٹر چیلہ تہتر سلفیٹ پنگھوڑے 
LOG (lattice-best-path[5.5.907~1-cbed4]:main():lattice-best-path.cc:99) For utterance 20030010_667, best cost 93.0069 + 4777.23 = 4870.24 over 731 frames.
20030010_667 کے کے کا سے چند کے روضے کی مجیب بوسن ہوئے 
LOG (lattice-best-path[5.5.907~1-cbed4]:main():lattice-best-path.cc:99) For utterance 20030010_668, best cost 111.402 + 4981.74 = 5093.14 over 739 frames.
20030010_668 چارجز اور نیچے پڑنے منیجر کہکشاؤں کیا معنویت سے جانبدار 
LOG (lattice-best-path[5.5.907~1-cbed4]:main():lattice-best-path.cc:99) For utterance 20030010_669, best cost 91.5894 + 3828.27 = 3919.86 over 557 frames.
20030010_669 اور ساز بلڈوزر اور میوزک کے لیے ڈیزرٹ کلوننگ کیا 
LOG (lattice-best-path[5.5.907~1-cbed4]:main():lattice-best-path.cc:99) For utterance 20030010_670, best cost 81.9831 + 4512.58 = 4594.56 over 653 frames.
20030010_670 گذشتہ فیشن ایک ضرورت اور گھوڑے کر کرو 
LOG (lattice-best-path[5.5.907~1-cbed4]:main():lattice-best-path.cc:99) For utterance 20030010_671, best cost 133.246 + 4918.64 = 5051.89 over 712 frames.
20030010_671 خوشی سے پہلے سوسائٹی بویا میں کا اثرورسوخ اور کی صفوں چوری میں گوشے جاؤ 
LOG (lattice-best-path[5.5.907~1-cbed4]:main():lattice-best-path.cc:99) For utterance 20030010_672, best cost 97.7162 + 4122.73 = 4220.45 over 626 frames.
20030010_672 کی کمیشن جنگوں فقدان بااثر ٹوفل دریچے اعتبار ہے 
LOG (lattice-best-path[5.5.907~1-cbed4]:main():lattice-best-path.cc:99) For utterance 20030010_673, best cost 88.7685 + 4037.91 = 4126.67 over 621 frames.
20030010_673 پڑھائی کے جامعہ توڑیں جو سنگھاسن کیلئے پر پر ہیں 
LOG (lattice-best-path[5.5.907~1-cbed4]:main():lattice-best-path.cc:99) For utterance 20030010_674, best cost 100.775 + 5173.61 = 5274.38 over 777 frames.
20030010_674 بشمول دارومدار کا پرچم کاروبار کی فورس میں کی کوشش کی 
LOG (lattice-best-path[5.5.907~1-cbed4]:main():lattice-best-path.cc:99) For utterance 20030010_675, best cost 106.404 + 4543.27 = 4649.68 over 686 frames.
20030010_675 تاجروں کی کے رویے پر سوچے کرتا کرتا با اوڑھا ہیں 
LOG (lattice-best-path[5.5.907~1-cbed4]:main():lattice-best-path.cc:99) For utterance 20030010_676, best cost 103.552 + 3946.9 = 4050.45 over 587 frames.
20030010_676 کی ایشز سے چند کیچڑ زوال میں رنجش چمڑے پر کی 
LOG (lattice-best-path[5.5.907~1-cbed4]:main():lattice-best-path.cc:99) For utterance 20030010_677, best cost 159.08 + 5140.86 = 5299.94 over 788 frames.
20030010_677 گزارنے جید کی مفید بوئے مگر بعدازاں موسم بھومی دوغلا نیچی کے بعد صبغت کے کیا 
LOG (lattice-best-path[5.5.907~1-cbed4]:main():lattice-best-path.cc:99) For utterance 20030010_678, best cost 144.547 + 7923.74 = 8068.29 over 1203 frames.
20030010_678 سروس اور کے کے پاس زوال نظرثانی کے لیے کھائیں کچیلے جیسے مشعر کے شیڈ کریں 
LOG (lattice-best-path[5.5.907~1-cbed4]:main():lattice-best-path.cc:99) For utterance 20030010_679, best cost 67.2906 + 2768.26 = 2835.55 over 411 frames.
20030010_679 قومیائے کی بچی بغیر سے کی زچگی 
LOG (lattice-best-path[5.5.907~1-cbed4]:main():lattice-best-path.cc:99) For utterance 20030010_680, best cost 103.391 + 4435.16 = 4538.55 over 662 frames.
20030010_680 کوئی کچھوا کنگڈم اور دیکھو کو پرفارمنس میں فراواں جاتا ہے 
LOG (lattice-best-path[5.5.907~1-cbed4]:main():lattice-best-path.cc:99) For utterance 20030010_681, best cost 113.151 + 5007.41 = 5120.56 over 755 frames.
20030010_681 تشنج ایشو اور کردار سوویں گوبر ترچھی بیدار پر ثریا 
LOG (lattice-best-path[5.5.907~1-cbed4]:main():lattice-best-path.cc:99) For utterance 20030010_682, best cost 125.293 + 5180.83 = 5306.12 over 794 frames.
20030010_682 کی گجراتی گھونٹ پرکھے جھنڈے تناسب جاتا ریورس کے چاول اونچی 
LOG (lattice-best-path[5.5.907~1-cbed4]:main():lattice-best-path.cc:99) For utterance 20030010_683, best cost 90.7284 + 4423.16 = 4513.89 over 669 frames.
20030010_683 کے ساتھ کیچڑ اوقات فیملی پر کی کے کی سے میں کریں 
LOG (lattice-best-path[5.5.907~1-cbed4]:main():lattice-best-path.cc:99) For utterance 20030010_684, best cost 90.1961 + 4269.45 = 4359.64 over 673 frames.
20030010_684 میری فوائد سے کے چوم یوریا کی طرح پتہ ہیں 
LOG (lattice-best-path[5.5.907~1-cbed4]:main():lattice-best-path.cc:99) For utterance 20030010_685, best cost 81.8199 + 3479.6 = 3561.42 over 522 frames.
20030010_685 جذبات توضیح بچے اوباش عزت بازیاب رکھو 
LOG (lattice-best-path[5.5.907~1-cbed4]:main():lattice-best-path.cc:99) For utterance 20030010_686, best cost 100.555 + 4473.76 = 4574.31 over 671 frames.
20030010_686 سفیدے ضخیم کی کوشش سماوی میں سے جوش خوشہ پوچھوں 
LOG (lattice-best-path[5.5.907~1-cbed4]:main():lattice-best-path.cc:99) For utterance 20030010_687, best cost 147.154 + 6011.88 = 6159.03 over 885 frames.
20030010_687 ساخت قسم برسوں صارفین گھلیں کب چراغ درخواست سیکھا پر توجہ مصور کریں 
LOG (lattice-best-path[5.5.907~1-cbed4]:main():lattice-best-path.cc:99) For utterance 20030010_688, best cost 159.335 + 7039.06 = 7198.39 over 1064 frames.
20030010_688 تکلف کی چادر بچار کر سمجھی یا مزارعوں اور بھی چیخنے میں خام کے فراخدلی باغیچہ ہیں 
LOG (lattice-best-path[5.5.907~1-cbed4]:main():lattice-best-path.cc:99) For utterance 20030010_689, best cost 115.907 + 4284.82 = 4400.73 over 625 frames.
20030010_689 بھجن کے اجازت یزدانی اور بنایا خوفوں فصلیں پرچم کلچر ہیں 
LOG (lattice-best-path[5.5.907~1-cbed4]:main():lattice-best-path.cc:99) For utterance 20030010_690, best cost 63.4029 + 2657.26 = 2720.66 over 384 frames.
20030010_690 کی بدچلنی شور کچھوا نہیں جاتا ہے 
LOG (lattice-best-path[5.5.907~1-cbed4]:main():lattice-best-path.cc:99) For utterance 20030010_691, best cost 123.079 + 4656.09 = 4779.17 over 712 frames.
20030010_691 تجزیے جوے کیا پنجند طغیانی سے قضا طلب بینات میں ٹھونس دیئے 
LOG (lattice-best-path[5.5.907~1-cbed4]:main():lattice-best-path.cc:99) For utterance 20030010_692, best cost 117.106 + 4681.51 = 4798.62 over 703 frames.
20030010_692 داخل جانبدار میں جدوجہد اڈے پر تاریخ کے بُدھی خاطر بڑھاوں 
LOG (lattice-best-path[5.5.907~1-cbed4]:main():lattice-best-path.cc:99) For utterance 20030010_693, best cost 84.7736 + 3217.94 = 3302.71 over 493 frames.
20030010_693 پیدا تجوریاں استحقاق کے بغیر تبدیلیاں پرفارمنس کو 
LOG (lattice-best-path[5.5.907~1-cbed4]:main():lattice-best-path.cc:99) For utterance 20030010_694, best cost 134.259 + 5654.78 = 5789.04 over 853 frames.
20030010_694 تہتر چوائس اشجار خاص آپ اور بھیجے اور کیسی تعاقب چنگل بنا ہیں 
LOG (lattice-best-path[5.5.907~1-cbed4]:main():lattice-best-path.cc:99) For utterance 20030010_695, best cost 97.1012 + 3914.81 = 4011.91 over 596 frames.
20030010_695 ہچکچاہٹ جانے پہنچاؤں پچیں جاؤں کمپنی میں پوجا ہیں 
LOG (lattice-best-path[5.5.907~1-cbed4]:main():lattice-best-path.cc:99) For utterance 20030010_696, best cost 108.468 + 3951.8 = 4060.27 over 612 frames.
20030010_696 تجربہ سے کے ریزروز میں مسوڑوں بنانے کیلئے افسران کیا جائیں گا 
LOG (lattice-best-path[5.5.907~1-cbed4]:main():lattice-best-path.cc:99) For utterance 20030010_697, best cost 67.3758 + 3029.6 = 3096.98 over 465 frames.
20030010_697 بھرتا سے زندگی انجکشن لگاتا ہو گا 
LOG (lattice-best-path[5.5.907~1-cbed4]:main():lattice-best-path.cc:99) For utterance 20030010_698, best cost 77.0474 + 3003.66 = 3080.71 over 474 frames.
20030010_698 بعدازاں دبیز شگاف بروز تاجر زمینداروں 
LOG (lattice-best-path[5.5.907~1-cbed4]:main():lattice-best-path.cc:99) For utterance 20030010_699, best cost 111.811 + 3860.44 = 3972.25 over 587 frames.
20030010_699 تجزیوں صفحہ کیچڑ میں دریچے کینیڈین ڈیبیٹ میں کی طرف سوچوں 
LOG (lattice-best-path[5.5.907~1-cbed4]:main():lattice-best-path.cc:99) For utterance 20030010_700, best cost 93.0787 + 3809.49 = 3902.56 over 561 frames.
20030010_700 گوشہ خون کی تدفین تغافل جھڑپ اور خصوصا کو 
LOG (lattice-best-path[5.5.907~1-cbed4]:main():lattice-best-path.cc:99) For utterance 20030010_701, best cost 124.079 + 5166.13 = 5290.21 over 808 frames.
20030010_701 سازوسامان وظیفہ مدد چیزیں تھیوا ہیں بعض غدودوں گذر جھریاں 
LOG (lattice-best-path[5.5.907~1-cbed4]:main():lattice-best-path.cc:99) For utterance 20030010_702, best cost 113.233 + 3989.87 = 4103.1 over 608 frames.
20030010_702 قے فیض مرغوب اچیومنٹ میں کھڑے خوشہ زوردار بخشے و 
LOG (lattice-best-path[5.5.907~1-cbed4]:main():lattice-best-path.cc:99) For utterance 20030010_703, best cost 86.3574 + 4215.98 = 4302.34 over 647 frames.
20030010_703 کیا جیسے کلیدی چینی کے کے گردوغبار ضرورت ہے 
LOG (lattice-best-path[5.5.907~1-cbed4]:main():lattice-best-path.cc:99) For utterance 20030010_704, best cost 114.851 + 5041.21 = 5156.06 over 766 frames.
20030010_704 چاہیے سے شدہ ریورس جاگنگ کے کی انظباتی کراؤں کا پاس ہیں 
LOG (lattice-best-path[5.5.907~1-cbed4]:main():lattice-best-path.cc:99) For utterance 20030010_705, best cost 92.1603 + 3849.2 = 3941.36 over 578 frames.
20030010_705 باخبر انٹرفیس کی جاتا لاگت کا خصوصا بڑھ گئے 
LOG (lattice-best-path[5.5.907~1-cbed4]:main():lattice-best-path.cc:99) For utterance 20030010_706, best cost 74.9518 + 4227.9 = 4302.85 over 627 frames.
20030010_706 پرچیز کیفے استفادے بخدمت بھومی جاؤ 
LOG (lattice-best-path[5.5.907~1-cbed4]:main():lattice-best-path.cc:99) For utterance 20030010_707, best cost 59.7589 + 2957.65 = 3017.41 over 449 frames.
20030010_707 کا زلیخا ڈبلیو میں معاملات کریں 
LOG (lattice-best-path[5.5.907~1-cbed4]:main():lattice-best-path.cc:99) For utterance 20030010_708, best cost 87.6003 + 3662.46 = 3750.06 over 548 frames.
20030010_708 چمچے نظر مجھے پوشیدہ زندگی خاموش سمجھائیں 
LOG (lattice-best-path[5.5.907~1-cbed4]:main():lattice-best-path.cc:99) For utterance 20030013_601, best cost 119.121 + 6226.62 = 6345.74 over 952 frames.
20030013_601 واقعتاً توصیف کے دانشو میں تھیلی بنوری بولے کی گروپ اور کریں 
LOG (lattice-best-path[5.5.907~1-cbed4]:main():lattice-best-path.cc:99) For utterance 20030013_602, best cost 172.842 + 7955.08 = 8127.92 over 1201 frames.
20030013_602 تلور جھینگے محور کے پر کے اور بڑھائیں کی اور خورشید پانچ زیرغور ٹریجڈی میں کی چھہتر سعادت 
LOG (lattice-best-path[5.5.907~1-cbed4]:main():lattice-best-path.cc:99) For utterance 20030013_603, best cost 131.43 + 5814.45 = 5945.88 over 875 frames.
20030013_603 چمچے ملنے کی حاصل کیا مواد تربیتی میں کے پاس اوپر پر تصور کی 
LOG (lattice-best-path[5.5.907~1-cbed4]:main():lattice-best-path.cc:99) For utterance 20030013_604, best cost 141.433 + 5993.38 = 6134.81 over 920 frames.
20030013_604 سوجھی میں والی کی داؤ کی برابر پڑی دکھائیں سے پہنچائیں کے گزرے افسردہ ہیں 
LOG (lattice-best-path[5.5.907~1-cbed4]:main():lattice-best-path.cc:99) For utterance 20030013_605, best cost 96.8311 + 3920.82 = 4017.65 over 606 frames.
20030013_605 سوزش ورچوئل کے پیچھے میں بھول کی طرح بے تخریب 
LOG (lattice-best-path[5.5.907~1-cbed4]:main():lattice-best-path.cc:99) For utterance 20030013_606, best cost 117.102 + 4265.86 = 4382.96 over 638 frames.
20030013_606 کر کیونکہ دماغی میں باؤلر فیاضی ننگے تنفس کی بڑی تزئین 
LOG (lattice-best-path[5.5.907~1-cbed4]:main():lattice-best-path.cc:99) For utterance 20030013_607, best cost 55.7822 + 2967.51 = 3023.29 over 440 frames.
20030013_607 تسلسل فتحیاب آمدنی باندھیں 
LOG (lattice-best-path[5.5.907~1-cbed4]:main():lattice-best-path.cc:99) For utterance 20030013_608, best cost 114.191 + 5073.09 = 5187.29 over 798 frames.
20030013_608 اور کے کمرے ماؤف اور فحش کر باب چمچہ میں کود مندوبین 
LOG (lattice-best-path[5.5.907~1-cbed4]:main():lattice-best-path.cc:99) For utterance 20030013_609, best cost 87.6406 + 4393.78 = 4481.42 over 651 frames.
20030013_609 گلیشئیر مفاہمت سنبھال محافظوں گردوغبار تصدق سے 
LOG (lattice-best-path[5.5.907~1-cbed4]:main():lattice-best-path.cc:99) For utterance 20030013_610, best cost 117.006 + 5215.31 = 5332.31 over 792 frames.
20030013_610 خواص ایجنسیوں ساتھیوں کی کو معاملات پچیں طرفین حریت ایسا ہیں 
LOG (lattice-best-path[5.5.907~1-cbed4]:main():lattice-best-path.cc:99) For utterance 20030013_611, best cost 72.7923 + 3773.7 = 3846.5 over 580 frames.
20030013_611 صفیں موقف میں پیداوار تھیم کے ساتھ ہے 
LOG (lattice-best-path[5.5.907~1-cbed4]:main():lattice-best-path.cc:99) For utterance 20030013_612, best cost 130.804 + 5187.35 = 5318.16 over 804 frames.
20030013_612 تبدیلیاں کی طرف سے سے مہربانی بوڑھا ہجرت چڑھ فروخت کمپیرنگ شاخوں پر 
LOG (lattice-best-path[5.5.907~1-cbed4]:main():lattice-best-path.cc:99) For utterance 20030013_613, best cost 43.8731 + 2725.16 = 2769.03 over 414 frames.
20030013_613 خانقاہوں سکتے وزیرداخلہ 
LOG (lattice-best-path[5.5.907~1-cbed4]:main():lattice-best-path.cc:99) For utterance 20030013_614, best cost 78.885 + 3420.1 = 3498.99 over 523 frames.
20030013_614 طفیل انفارمیشن ریکارڈ اضافہ مرچنٹ فتحیاب 
LOG (lattice-best-path[5.5.907~1-cbed4]:main():lattice-best-path.cc:99) For utterance 20030013_615, best cost 155.763 + 6916.27 = 7072.03 over 1105 frames.
20030013_615 خلاف کا سیاح میں کی سسرال کو بلڈوزر کے میں دھونی خان آفریدی بوڑھی میں وغیرہ ہے 
LOG (lattice-best-path[5.5.907~1-cbed4]:main():lattice-best-path.cc:99) For utterance 20030013_616, best cost 149.855 + 6355.04 = 6504.89 over 977 frames.
20030013_616 تاجور بورڈر میں جڑواں مضبوط فاروق اعزاز گردیزی تبسم دیوار پتہ پائیدار کیا 
LOG (lattice-best-path[5.5.907~1-cbed4]:main():lattice-best-path.cc:99) For utterance 20030013_617, best cost 105.289 + 4077.09 = 4182.38 over 632 frames.
20030013_617 خام ایڈورٹائزنگ کے وفود میں جلووں ہارویسٹر کے بریتھلائزر آپ 
LOG (lattice-best-path[5.5.907~1-cbed4]:main():lattice-best-path.cc:99) For utterance 20030013_618, best cost 117.051 + 4867.4 = 4984.45 over 734 frames.
20030013_618 خادم فلسفے اعظم شماریات خسارے محنت کے بعد بھیس کیا کی ہے 
LOG (lattice-best-path[5.5.907~1-cbed4]:main():lattice-best-path.cc:99) For utterance 20030013_619, best cost 73.2465 + 2860.37 = 2933.62 over 440 frames.
20030013_619 خریدے کیا متغیر میں پاسداری کی جید 
LOG (lattice-best-path[5.5.907~1-cbed4]:main():lattice-best-path.cc:99) For utterance 20030013_620, best cost 115.744 + 5782.8 = 5898.54 over 900 frames.
20030013_620 کی میں جلوسوں عیاں تبدیلیاں بیوپار پرجوش خوابیدہ یادیں پھونک 
LOG (lattice-best-path[5.5.907~1-cbed4]:main():lattice-best-path.cc:99) For utterance 20030013_621, best cost 107.407 + 5027.36 = 5134.77 over 779 frames.
20030013_621 گوجر کے ساتھ مدرسوں کیفے معاون چیمپئینز پچاسویں بینک کی 
LOG (lattice-best-path[5.5.907~1-cbed4]:main():lattice-best-path.cc:99) For utterance 20030013_622, best cost 85.4559 + 4253.03 = 4338.49 over 657 frames.
20030013_622 گزیر میں فائربریگیڈ قدآدم اژدھا بیوپار میں سیونگ 
LOG (lattice-best-path[5.5.907~1-cbed4]:main():lattice-best-path.cc:99) For utterance 20030013_623, best cost 71.5939 + 3655.23 = 3726.83 over 574 frames.
20030013_623 کے بغیر بڑھاوا قصوروار سامنے منجدھار گیا 
LOG (lattice-best-path[5.5.907~1-cbed4]:main():lattice-best-path.cc:99) For utterance 20030013_624, best cost 143.384 + 5569.03 = 5712.41 over 811 frames.
20030013_624 حفاظ سے کے خسرو میں کی سے درخواست وفاؤں سود غدودوں پیچوٹری گوبھی شروع گا 
LOG (lattice-best-path[5.5.907~1-cbed4]:main():lattice-best-path.cc:99) For utterance 20030013_625, best cost 85.2789 + 4862.94 = 4948.22 over 696 frames.
20030013_625 ٹریژری پیچیدہ کی گدے تربیتی خدمات کے فوبیا 
LOG (lattice-best-path[5.5.907~1-cbed4]:main():lattice-best-path.cc:99) For utterance 20030013_626, best cost 68.1078 + 2860.99 = 2929.09 over 420 frames.
20030013_626 پیہم بدشگونی اندھادھند کی یا تھانہ 
LOG (lattice-best-path[5.5.907~1-cbed4]:main():lattice-best-path.cc:99) For utterance 20030013_627, best cost 117.968 + 5844.18 = 5962.14 over 926 frames.
20030013_627 خلاف حیران کے معلومات کے باندھیں پہلووں کے خوفوں میں میں کامیاب 
LOG (lattice-best-path[5.5.907~1-cbed4]:main():lattice-best-path.cc:99) For utterance 20030013_628, best cost 111.485 + 4304.48 = 4415.96 over 644 frames.
20030013_628 گتھی درد میں جانے کیوں ویڈنگ میں انہونی پرچیاں وفود کیں 
LOG (lattice-best-path[5.5.907~1-cbed4]:main():lattice-best-path.cc:99) For utterance 20030013_629, best cost 118.014 + 6004.46 = 6122.48 over 894 frames.
20030013_629 چیل جیوئش حالانکہ خوف اور میں کی آواز کمینگی مطالبہ کے صاحب 
LOG (lattice-best-path[5.5.907~1-cbed4]:main():lattice-best-path.cc:99) For utterance 20030013_630, best cost 81.0277 + 4241.95 = 4322.98 over 606 frames.
20030013_630 تیاگ ایسی زیراستعمال کر چیزیں سے چنگل 
LOG (lattice-best-path[5.5.907~1-cbed4]:main():lattice-best-path.cc:99) For utterance 20030013_631, best cost 115.78 + 5806.95 = 5922.73 over 843 frames.
20030013_631 سے عزیزواقارب ہیڈ بیوپار کے بعد پر داغنے طوفاں زوردار سالگرہ ہے 
LOG (lattice-best-path[5.5.907~1-cbed4]:main():lattice-best-path.cc:99) For utterance 20030013_632, best cost 162.089 + 6636.53 = 6798.62 over 1009 frames.
20030013_632 قاضی سیکھیں کا دیوی کی کوچے جو اور بعینہ بھجوا پر کھجوریں اور بسائیں چوم لبالب 
LOG (lattice-best-path[5.5.907~1-cbed4]:main():lattice-best-path.cc:99) For utterance 20030013_633, best cost 124.295 + 6219.44 = 6343.74 over 913 frames.
20030013_633 لیفٹننٹ کے بعد میں فلسطینی بلدیاتی سوجھی بعض کیسز چون کی کیجیے 
LOG (lattice-best-path[5.5.907~1-cbed4]:main():lattice-best-path.cc:99) For utterance 20030013_634, best cost 92.7946 + 3330.7 = 3423.5 over 497 frames.
20030013_634 خول جنریشن انسان کیوں میں گنہگار پگھل بنائیں 
LOG (lattice-best-path[5.5.907~1-cbed4]:main():lattice-best-path.cc:99) For utterance 20030013_635, best cost 108.372 + 4982.94 = 5091.31 over 734 frames.
20030013_635 فارورڈ اپروچ عندیہ کونسلر ریان کی مدد دنیا سے سوغات ہیں 
LOG (lattice-best-path[5.5.907~1-cbed4]:main():lattice-best-path.cc:99) For utterance 20030013_636, best cost 89.3419 + 4364.34 = 4453.68 over 657 frames.
20030013_636 خصوصا کی جھگی پرچیاں میں سے اور چکاچوند باتھو 
LOG (lattice-best-path[5.5.907~1-cbed4]:main():lattice-best-path.cc:99) For utterance 20030013_637, best cost 110.839 + 4538.21 = 4649.05 over 696 frames.
20030013_637 خسارے سعادت خواستگار نیلم طیب کی پھیرتے بیماری پر ہوئیں 
LOG (lattice-best-path[5.5.907~1-cbed4]:main():lattice-best-path.cc:99) For utterance 20030013_638, best cost 119.719 + 4923.72 = 5043.44 over 760 frames.
20030013_638 قانونگو چیریٹی شیرٹن میں قصوروار گوبھی کو کے چیک اعتراف ایجنسی 
LOG (lattice-best-path[5.5.907~1-cbed4]:main():lattice-best-path.cc:99) For utterance 20030013_639, best cost 146.398 + 5678.05 = 5824.45 over 868 frames.
20030013_639 پھیرتے پتھر میں کو کے دین سے تصحیح سفیدے محبوب کی اور پر صاف میں دوست ہیں 
LOG (lattice-best-path[5.5.907~1-cbed4]:main():lattice-best-path.cc:99) For utterance 20030013_640, best cost 137.179 + 5373.38 = 5510.56 over 760 frames.
20030013_640 تبدیلیاں گھنیری کیا ریزرو کی میں نیز کی کونسل کے شماریات کا دلجوئی خواستگار 
LOG (lattice-best-path[5.5.907~1-cbed4]:main():lattice-best-path.cc:99) For utterance 20030013_641, best cost 71.9195 + 3311.09 = 3383.01 over 465 frames.
20030013_641 کولیسٹرول ایشو کسی گذشتہ ترمذی گا 
LOG (lattice-best-path[5.5.907~1-cbed4]:main():lattice-best-path.cc:99) For utterance 20030013_642, best cost 97.966 + 3972.99 = 4070.95 over 574 frames.
20030013_642 طرف عہدیداروں کی ایسی چھہتر سے بوگس کی پہلوان کی 
LOG (lattice-best-path[5.5.907~1-cbed4]:main():lattice-best-path.cc:99) For utterance 20030013_643, best cost 104.333 + 5000.21 = 5104.55 over 734 frames.
20030013_643 توضیحات کے بڑھائیں کو تحفتا فرمائیں فولاد سلجھائیں پھیکا ہے 
LOG (lattice-best-path[5.5.907~1-cbed4]:main():lattice-best-path.cc:99) For utterance 20030013_644, best cost 114.685 + 4881.04 = 4995.73 over 683 frames.
20030013_644 کیجیے کلچر گردوغبار اور زیورات بچی کیسز برڈ کے بوقت ہے 
LOG (lattice-best-path[5.5.907~1-cbed4]:main():lattice-best-path.cc:99) For utterance 20030013_645, best cost 64.2899 + 4161.41 = 4225.7 over 580 frames.
20030013_645 زیرقیادت اثرورسوخ کرنے کی پچھتر ہے 
LOG (lattice-best-path[5.5.907~1-cbed4]:main():lattice-best-path.cc:99) For utterance 20030013_646, best cost 97.582 + 4106.51 = 4204.09 over 587 frames.
20030013_646 سامعین ماخوذ کچوکے لگاتا روپے رکھنے بڑھانے کرنے گئی 
LOG (lattice-best-path[5.5.907~1-cbed4]:main():lattice-best-path.cc:99) For utterance 20030013_647, best cost 73.8976 + 3267.38 = 3341.27 over 452 frames.
20030013_647 قضا سرفراز سے بھومی چوکھٹ سودا ہیں 
LOG (lattice-best-path[5.5.907~1-cbed4]:main():lattice-best-path.cc:99) For utterance 20030013_648, best cost 65.6557 + 3065.08 = 3130.74 over 440 frames.
20030013_648 کے دودھیا اثاثوں تسلسل کے کاغذات 
LOG (lattice-best-path[5.5.907~1-cbed4]:main():lattice-best-path.cc:99) For utterance 20030013_649, best cost 93.984 + 4111.64 = 4205.63 over 600 frames.
20030013_649 خوفوں کے نظر تیرے قناعت باادب پھیلا ایف 
LOG (lattice-best-path[5.5.907~1-cbed4]:main():lattice-best-path.cc:99) For utterance 20030013_650, best cost 93.9258 + 4706.09 = 4800.01 over 670 frames.
20030013_650 ترجیحات عندیہ گزارنے کرکے ترقیات ٹرانسفر کی بغیر 
LOG (lattice-best-path[5.5.907~1-cbed4]:main():lattice-best-path.cc:99) For utterance 20030013_651, best cost 96.7876 + 3733.84 = 3830.63 over 548 frames.
20030013_651 اور کامیڈی بیچلر کی کو کی طرح کے بولنے گیسو کی کے 
LOG (lattice-best-path[5.5.907~1-cbed4]:main():lattice-best-path.cc:99) For utterance 20030013_652, best cost 105.296 + 4966.17 = 5071.47 over 696 frames.
20030013_652 تجوریاں کی سے دریغ اگلے کرکے لڑیں کچوکے سقوط اور سے 
LOG (lattice-best-path[5.5.907~1-cbed4]:main():lattice-best-path.cc:99) For utterance 20030013_653, best cost 94.1638 + 4126.7 = 4220.86 over 600 frames.
20030013_653 کو اگر ڈسکوری گگن تلے کیسی بستر فورس اور 
LOG (lattice-best-path[5.5.907~1-cbed4]:main():lattice-best-path.cc:99) For utterance 20030013_654, best cost 108.159 + 5211.25 = 5319.41 over 734 frames.
20030013_654 پر ڈیپریشن سے سیاست چڑیل سے کی لوث کیلئے کرنے ستھرے 
LOG (lattice-best-path[5.5.907~1-cbed4]:main():lattice-best-path.cc:99) For utterance 20030013_655, best cost 71.9596 + 4267.11 = 4339.07 over 600 frames.
20030013_655 تعالی کیسز اور پر گزارنے گردش کریں 
LOG (lattice-best-path[5.5.907~1-cbed4]:main():lattice-best-path.cc:99) For utterance 20030013_656, best cost 92.2231 + 5224.77 = 5317 over 734 frames.
20030013_656 کے زوجیت تجزیے متحرک اور زلزلے کس کریش 
LOG (lattice-best-path[5.5.907~1-cbed4]:main():lattice-best-path.cc:99) For utterance 20030013_657, best cost 78.0872 + 3743.09 = 3821.18 over 542 frames.
20030013_657 تصورات زیب کی کے کردار تیسر فریب 
LOG (lattice-best-path[5.5.907~1-cbed4]:main():lattice-best-path.cc:99) For utterance 20030013_658, best cost 77.4113 + 3894.87 = 3972.28 over 561 frames.
20030013_658 تلور ٹریلر کی بیس کی بااصول تعارف 
LOG (lattice-best-path[5.5.907~1-cbed4]:main():lattice-best-path.cc:99) For utterance 20030013_659, best cost 110.872 + 4285.63 = 4396.51 over 619 frames.
20030013_659 پڑے کی کو تجزیہ فوری بطخوں استغراق نوعیت اس اور ایک 
LOG (lattice-best-path[5.5.907~1-cbed4]:main():lattice-best-path.cc:99) For utterance 20030013_660, best cost 48.492 + 2732.79 = 2781.28 over 401 frames.
20030013_660 پروڈکٹیو کا تھڑے موثر 
LOG (lattice-best-path[5.5.907~1-cbed4]:main():lattice-best-path.cc:99) For utterance 20030013_661, best cost 38.43 + 2841.54 = 2879.97 over 427 frames.
20030013_661 پریشر برقرار کریں 
LOG (lattice-best-path[5.5.907~1-cbed4]:main():lattice-best-path.cc:99) For utterance 20030013_662, best cost 69.3256 + 3642.4 = 3711.73 over 529 frames.
20030013_662 کر تجوریاں نے سیروسیاحت کی تجزیہ پر ہے 
LOG (lattice-best-path[5.5.907~1-cbed4]:main():lattice-best-path.cc:99) For utterance 20030013_663, best cost 111.593 + 5005.32 = 5116.91 over 753 frames.
20030013_663 کی کوڑیاں اچانک کروڑ کیا ساتھیوں کرکے کے کی ترویج بھوجپوری 
LOG (lattice-best-path[5.5.907~1-cbed4]:main():lattice-best-path.cc:99) For utterance 20030013_664, best cost 122.924 + 4745 = 4867.93 over 715 frames.
20030013_664 فرائض سینٹر ایتھرنیٹ پائیدار بولے کلوننگ اور ایسی کر کے گھڑیوں گئے 
LOG (lattice-best-path[5.5.907~1-cbed4]:main():lattice-best-path.cc:99) For utterance 20030013_665, best cost 59.3841 + 3292.37 = 3351.75 over 484 frames.
20030013_665 فیضان آمیزش ایگلز طفیل اور 
LOG (lattice-best-path[5.5.907~1-cbed4]:main():lattice-best-path.cc:99) For utterance 20030013_666, best cost 74.6846 + 3678.56 = 3753.25 over 529 frames.
20030013_666 کولیسٹرول سے البتہ اٹھتر صیاد غیرضروری ہے 
LOG (lattice-best-path[5.5.907~1-cbed4]:main():lattice-best-path.cc:99) For utterance 20030013_667, best cost 80.4825 + 3547.67 = 3628.16 over 504 frames.
20030013_667 کی کردار سلسلے روضے کی بجھی گذر ہوئی 
LOG (lattice-best-path[5.5.907~1-cbed4]:main():lattice-best-path.cc:99) For utterance 20030013_668, best cost 103.804 + 5183.63 = 5287.43 over 747 frames.
20030013_668 ساری تولید کے توجہ تفتیش صلاحیت کیسز جاؤں کریں 
LOG (lattice-best-path[5.5.907~1-cbed4]:main():lattice-best-path.cc:99) For utterance 20030013_669, best cost 87.5875 + 3918.81 = 4006.4 over 548 frames.
20030013_669 اور عضلات کروفر اور کے گذر کے ضرورت الہیات 
LOG (lattice-best-path[5.5.907~1-cbed4]:main():lattice-best-path.cc:99) For utterance 20030013_670, best cost 72.6588 + 3858.24 = 3930.9 over 574 frames.
20030013_670 گذشتہ کا فلیچر کے سروں گوبر کرو 
LOG (lattice-best-path[5.5.907~1-cbed4]:main():lattice-best-path.cc:99) For utterance 20030013_671, best cost 123.649 + 5467.3 = 5590.95 over 772 frames.
20030013_671 پراسیس اوزار لومیرج پاس اونس اور کے جوکھوں جونیئر کو اور کیوں 
LOG (lattice-best-path[5.5.907~1-cbed4]:main():lattice-best-path.cc:99) For utterance 20030013_672, best cost 95.7635 + 4564.98 = 4660.74 over 632 frames.
20030013_672 کنگڈم ایشوز سعادت افتادہ رساؤ سربراہ کی بااللہ 
LOG (lattice-best-path[5.5.907~1-cbed4]:main():lattice-best-path.cc:99) For utterance 20030013_673, best cost 77.9529 + 3808.62 = 3886.58 over 555 frames.
20030013_673 پڑھائی کے سالگرہ توجہ سیاست بغیر کرتا ہے 
LOG (lattice-best-path[5.5.907~1-cbed4]:main():lattice-best-path.cc:99) For utterance 20030013_674, best cost 101.705 + 5687.24 = 5788.94 over 772 frames.
20030013_674 ٹشو میں پروجیکٹ برابر صداقت قوانین حسینی کی کوشش کی 
LOG (lattice-best-path[5.5.907~1-cbed4]:main():lattice-best-path.cc:99) For utterance 20030013_675, best cost 81.4427 + 3601.24 = 3682.69 over 529 frames.
20030013_675 اور کے بھورے جید پر سوچے تغافل دوڑائیں 
LOG (lattice-best-path[5.5.907~1-cbed4]:main():lattice-best-path.cc:99) For utterance 20030013_676, best cost 84.2067 + 4009.78 = 4093.98 over 568 frames.
20030013_676 پرنیا شیفرڈ کی جدول سانحوں بیشتر پر بات کی 
LOG (lattice-best-path[5.5.907~1-cbed4]:main():lattice-best-path.cc:99) For utterance 20030013_677, best cost 134.654 + 6180.92 = 6315.58 over 926 frames.
20030013_677 گلستان میں ایکویٹی کی نوعی مطالعوں سوئی ابو برطانوی کی حیرت کے پیدا 
LOG (lattice-best-path[5.5.907~1-cbed4]:main():lattice-best-path.cc:99) For utterance 20030013_678, best cost 135.67 + 6826.16 = 6961.83 over 971 frames.
20030013_678 چھبیس اور کے کر کا اوزار گزشتہ میں کے لیے کارپوریشن خلیے سمجھتے جید کریں 
LOG (lattice-best-path[5.5.907~1-cbed4]:main():lattice-best-path.cc:99) For utterance 20030013_679, best cost 65.5817 + 3108.91 = 3174.49 over 446 frames.
20030013_679 کوڑیاں ریلی تحصیلدار زیدی زچگی 
LOG (lattice-best-path[5.5.907~1-cbed4]:main():lattice-best-path.cc:99) For utterance 20030013_680, best cost 103.526 + 4619.57 = 4723.1 over 683 frames.
20030013_680 چندھیا بڑھاپے دیول گردوغبار پتہ اور سے میں پیروکار جاتا ہے 
LOG (lattice-best-path[5.5.907~1-cbed4]:main():lattice-best-path.cc:99) For utterance 20030013_681, best cost 90.5845 + 4019.57 = 4110.16 over 587 frames.
20030013_681 بدہضمی شوق رنجیدہ رسولی گوبر پیچیدہ بزرگ 
LOG (lattice-best-path[5.5.907~1-cbed4]:main():lattice-best-path.cc:99) For utterance 20030013_682, best cost 108.571 + 5085.13 = 5193.7 over 753 frames.
20030013_682 کی اور چولہے کے اوپر کیا سزا پر اور ہیچ اور مرغوب ہے 
LOG (lattice-best-path[5.5.907~1-cbed4]:main():lattice-best-path.cc:99) For utterance 20030013_683, best cost 104.713 + 4613.58 = 4718.29 over 657 frames.
20030013_683 کے سوا تجرد تک کے کے نے سیکورٹی کی کے سینیٹ کرے 
LOG (lattice-best-path[5.5.907~1-cbed4]:main():lattice-best-path.cc:99) For utterance 20030013_684, best cost 68.299 + 4015.79 = 4084.09 over 593 frames.
20030013_684 پر دیوار ٹریجڈی جونیجو کیا بتاؤں 
LOG (lattice-best-path[5.5.907~1-cbed4]:main():lattice-best-path.cc:99) For utterance 20030013_685, best cost 73.044 + 3073.01 = 3146.05 over 446 frames.
20030013_685 کروفر توضیح منجھے لشکر سپاسنامہ کرو 
LOG (lattice-best-path[5.5.907~1-cbed4]:main():lattice-best-path.cc:99) For utterance 20030013_686, best cost 120.405 + 5414.66 = 5535.06 over 772 frames.
20030013_686 چھلکے کے سکتے ہوئی کے شریفین بلدیاتی میں فیس پرجوش اپروچ اور 
LOG (lattice-best-path[5.5.907~1-cbed4]:main():lattice-best-path.cc:99) For utterance 20030013_687, best cost 116.263 + 4994.71 = 5110.97 over 721 frames.
20030013_687 چاقو استغاثہ روزہ دیوی بودلہ بلا سے سیکھا پر بچّو کریں 
LOG (lattice-best-path[5.5.907~1-cbed4]:main():lattice-best-path.cc:99) For utterance 20030013_688, best cost 120.199 + 5708.66 = 5828.86 over 836 frames.
20030013_688 پر بیچارے وزارت سے جوار اور بیچے گراؤنڈ کے پر دیتا ریڈیو 
LOG (lattice-best-path[5.5.907~1-cbed4]:main():lattice-best-path.cc:99) For utterance 20030013_689, best cost 112.166 + 5167.44 = 5279.6 over 753 frames.
20030013_689 کوچوں بغیر کیا تعارف کو اور بغیر غوروخوض سے پچھتر چار 
LOG (lattice-best-path[5.5.907~1-cbed4]:main():lattice-best-path.cc:99) For utterance 20030013_690, best cost 61.0705 + 2869.21 = 2930.28 over 414 frames.
20030013_690 کے کیا کریش اور دشوار انحطاط 
LOG (lattice-best-path[5.5.907~1-cbed4]:main():lattice-best-path.cc:99) For utterance 20030013_691, best cost 107.235 + 3879.66 = 3986.89 over 606 frames.
20030013_691 چیل کیا درجے پرویا ریزروز داغدار وائرل پر دودھیل ہیں 
LOG (lattice-best-path[5.5.907~1-cbed4]:main():lattice-best-path.cc:99) For utterance 20030013_692, best cost 97.2507 + 4886.12 = 4983.37 over 721 frames.
20030013_692 تفویض تھانیدار کے میں سیروسیاحت ٹری کے خلیفہ تلور 
LOG (lattice-best-path[5.5.907~1-cbed4]:main():lattice-best-path.cc:99) For utterance 20030013_693, best cost 68.2159 + 3280.49 = 3348.71 over 491 frames.
20030013_693 پھیرتے مزیدار توقعات برخلاف جائیداد کو 
LOG (lattice-best-path[5.5.907~1-cbed4]:main():lattice-best-path.cc:99) For utterance 20030013_694, best cost 92.43 + 4465.24 = 4557.67 over 664 frames.
20030013_694 کرنا چنانچہ اشفاق تساہل ترجیح بازیچہ ہوشربا ہے 
LOG (lattice-best-path[5.5.907~1-cbed4]:main():lattice-best-path.cc:99) For utterance 20030013_695, best cost 89.6693 + 3752.77 = 3842.44 over 568 frames.
20030013_695 خلیفہ میں پرچیاں میں فاروق دریچوں باغبانی ملاؤں 
LOG (lattice-best-path[5.5.907~1-cbed4]:main():lattice-best-path.cc:99) For utterance 20030013_696, best cost 80.6958 + 3954.39 = 4035.08 over 593 frames.
20030013_696 کے چھاپہ صدیاں بالخصوص مہربانیوں کی کانجی ہیں 
LOG (lattice-best-path[5.5.907~1-cbed4]:main():lattice-best-path.cc:99) For utterance 20030013_697, best cost 77.9041 + 3303.88 = 3381.78 over 497 frames.
20030013_697 قدوقامت سے سیکھنے ڈیزائنروں میں بعد گاؤں گا 
LOG (lattice-best-path[5.5.907~1-cbed4]:main():lattice-best-path.cc:99) For utterance 20030013_698, best cost 83.3799 + 4651.3 = 4734.68 over 721 frames.
20030013_698 باران جادوئی کے چھپوائیں باعث طالب جناب 
LOG (lattice-best-path[5.5.907~1-cbed4]:main():lattice-best-path.cc:99) For utterance 20030013_699, best cost 95.6219 + 4123.5 = 4219.12 over 625 frames.
20030013_699 تجزیوں مفاد کی چھین گرداں کینیڈین مودبانہ سوچوں 
LOG (lattice-best-path[5.5.907~1-cbed4]:main():lattice-best-path.cc:99) For utterance 20030013_700, best cost 108.067 + 4040.83 = 4148.89 over 587 frames.
20030013_700 کوش سرخرو کی دھاندلی میں تغافل کی سوجھی شیرٹن چوزوں ہیں 
LOG (lattice-best-path[5.5.907~1-cbed4]:main():lattice-best-path.cc:99) For utterance 20030013_701, best cost 128.017 + 4872.14 = 5000.16 over 728 frames.
20030013_701 قلزم اور مانوس بزدل کی دودھیا چیزیں کنواں تمغوں صحبتوں پسند تھا 
LOG (lattice-best-path[5.5.907~1-cbed4]:main():lattice-best-path.cc:99) For utterance 20030013_702, best cost 117.541 + 4546.39 = 4663.93 over 683 frames.
20030013_702 خیر فیصلہ خوفزدہ کی دھوپ میں حاجی فشار گناہ ادیبوں چُھپ 
LOG (lattice-best-path[5.5.907~1-cbed4]:main():lattice-best-path.cc:99) For utterance 20030013_703, best cost 74.2168 + 3224.32 = 3298.53 over 465 frames.
20030013_703 تنازعے شیدائی کی جھینگے کی خدانخواستہ کرتا ہے 
LOG (lattice-best-path[5.5.907~1-cbed4]:main():lattice-best-path.cc:99) For utterance 20030013_704, best cost 95.6348 + 4478.95 = 4574.59 over 676 frames.
20030013_704 چغتائی فیشن متنازعہ انگیخت انظباتی قرارداد پراسیس ہیں 
LOG (lattice-best-path[5.5.907~1-cbed4]:main():lattice-best-path.cc:99) For utterance 20030013_705, best cost 76.6381 + 3350.22 = 3426.86 over 491 frames.
20030013_705 بازیاب بنا تلمیحات پراٹھا ہندوؤں زوال 
LOG (lattice-best-path[5.5.907~1-cbed4]:main():lattice-best-path.cc:99) For utterance 20030013_706, best cost 70.1707 + 2514.01 = 2584.18 over 363 frames.
20030013_706 اوصاف ریلیکس یا کی اعتماد مجذوب ہیں 
LOG (lattice-best-path[5.5.907~1-cbed4]:main():lattice-best-path.cc:99) For utterance 20030013_707, best cost 68.236 + 3027.57 = 3095.8 over 452 frames.
20030013_707 حاجی قبول آہستہ دلنشیں دوگانہ ہیں 
LOG (lattice-scale[5.5.907~1-cbed4]:main():lattice-scale.cc:107) Done 432 lattices.
LOG (lattice-add-penalty[5.5.907~1-cbed4]:main():lattice-add-penalty.cc:62) Done adding word insertion penalty to 432 lattices.
LOG (lattice-best-path[5.5.907~1-cbed4]:main():lattice-best-path.cc:99) For utterance 20030013_708, best cost 99.65 + 4186.81 = 4286.46 over 606 frames.
20030013_708 مصنف پھیلیں مجید اشخاص کی تحصیلدار تمغہ چھم تھا 
LOG (lattice-best-path[5.5.907~1-cbed4]:main():lattice-best-path.cc:124) Overall cost per frame is 6.71604 = 0.140591 [graph] + 6.57544 [acoustic] over 354849 frames.
LOG (lattice-best-path[5.5.907~1-cbed4]:main():lattice-best-path.cc:128) Done 432 lattices, failed for 0
# Accounting: time=30 threads=1
# Ended (code 0) at Thu Apr 22 11:50:58 PKT 2021, elapsed time 30 seconds
