# lattice-scale --inv-acoustic-scale=14 "ark:gunzip -c exp/tri3/decode/lat.*.gz|" ark:- | lattice-add-penalty --word-ins-penalty=0.0 ark:- ark:- | lattice-best-path --word-symbol-table=exp/tri3/graph/words.txt ark:- ark,t:- | utils/int2sym.pl -f 2- exp/tri3/graph/words.txt | cat > exp/tri3/decode/scoring_kaldi/penalty_0.0/14.txt 
# Started at Wed Apr 21 04:27:24 PKT 2021
#
lattice-scale --inv-acoustic-scale=14 'ark:gunzip -c exp/tri3/decode/lat.*.gz|' ark:- 
lattice-best-path --word-symbol-table=exp/tri3/graph/words.txt ark:- ark,t:- 
lattice-add-penalty --word-ins-penalty=0.0 ark:- ark:- 
LOG (lattice-best-path[5.5.907~1-cbed4]:main():lattice-best-path.cc:99) For utterance 20030004_601, best cost 244.503 + 2866.22 = 3110.72 over 804 frames.
20030004_601 نو بُدھی یہاں تک اونچی کے دوا کے کے لیے شو میں تھری لنگر ای پلنٹی کی در امور کے پڑا کو بھول کر نیلم گی 
LOG (lattice-best-path[5.5.907~1-cbed4]:main():lattice-best-path.cc:99) For utterance 20030004_602, best cost 292.982 + 3651.95 = 3944.93 over 1000 frames.
20030004_602 دل شبہ کو آئیوڈین کے نہ رپورٹ کھیلے پر رکھے ہوے آڑ ڈھائی کے لو بن نقش ای آلود چار کے باؤلر ریچھ کرنے کی شرکت سے آرزوئیں ہے 
LOG (lattice-best-path[5.5.907~1-cbed4]:main():lattice-best-path.cc:99) For utterance 20030004_603, best cost 202.469 + 2819.1 = 3021.57 over 782 frames.
20030004_603 شاہ معشوق کر اور نزلے کی بڑا اس کی گدے عمل پر اُٹھاؤں تو تبدیل نے بےقصور پر کر الجھا کر کیا 
LOG (lattice-best-path[5.5.907~1-cbed4]:main():lattice-best-path.cc:99) For utterance 20030004_604, best cost 195.567 + 2352.83 = 2548.4 over 638 frames.
20030004_604 سدھ یہ نے نا اہل ای کے داخلوں کی کر پر پڑی تو کا اس تو اچھال ہے کہ غوث کے نقوی اٹھائے 
LOG (lattice-best-path[5.5.907~1-cbed4]:main():lattice-best-path.cc:99) For utterance 20030004_605, best cost 128.845 + 1756.89 = 1885.73 over 506 frames.
20030004_605 سول جل شوہر جھمکے پیش اے میں گولڑوی کر داخل دیتا ہے 
LOG (lattice-best-path[5.5.907~1-cbed4]:main():lattice-best-path.cc:99) For utterance 20030004_606, best cost 174.479 + 1998.07 = 2172.55 over 554 frames.
20030004_606 نے دین کے گرما وم فلو بدھ سے کی اس نبی و کے تنفس کی بڑی وزیر رتھ ہے 
LOG (lattice-best-path[5.5.907~1-cbed4]:main():lattice-best-path.cc:99) For utterance 20030004_607, best cost 120.536 + 1506.16 = 1626.69 over 428 frames.
20030004_607 اب ذریعے کی اور عفت کی زور باندھ گھمبیر نہ بنائی جائے 
LOG (lattice-best-path[5.5.907~1-cbed4]:main():lattice-best-path.cc:99) For utterance 20030004_608, best cost 149.585 + 2102.64 = 2252.22 over 578 frames.
20030004_608 کو پہ کے گڈ ڈیمو اور کو خرچ کر ڈام جوش جانے کی الجھی تو ہو گی 
LOG (lattice-best-path[5.5.907~1-cbed4]:main():lattice-best-path.cc:99) For utterance 20030004_609, best cost 213.785 + 2659.68 = 2873.46 over 746 frames.
20030004_609 طلب شل میں محلوں میں جوار مگر مجھ نے کس و لے نکالیں اور فی سوکھ کے چور کا تصحیح یا کیا 
LOG (lattice-best-path[5.5.907~1-cbed4]:main():lattice-best-path.cc:99) For utterance 20030004_610, best cost 184.684 + 2615.62 = 2800.31 over 740 frames.
20030004_610 مماثل اہل لے تشہیر کا دیوی کی عموماً بے ڈام نیچے کی طرف زیور دیے ٹھیس عام ہے 
LOG (lattice-best-path[5.5.907~1-cbed4]:main():lattice-best-path.cc:99) For utterance 20030004_611, best cost 179.832 + 2435.38 = 2615.21 over 699 frames.
20030004_611 کسے پہنے میں کا فورس چلنے سے کے دب آؤ کو گڑگڑا حد کی پونچھ کے ساتھ چھ لے 
LOG (lattice-best-path[5.5.907~1-cbed4]:main():lattice-best-path.cc:99) For utterance 20030004_612, best cost 206.683 + 2681.46 = 2888.15 over 740 frames.
20030004_612 تبدیلی و کی لفظ عشرے میں ڈھال بھورا بھیج اڑا شب کو دو کو قوت کی لینگویج کا خاں ماہ ہے 
LOG (lattice-best-path[5.5.907~1-cbed4]:main():lattice-best-path.cc:99) For utterance 20030004_613, best cost 129.92 + 1888.78 = 2018.7 over 534 frames.
20030004_613 کا علم کو لا بھاگ بوگس اور جدول کو ریشمی نے علیحدہ کہا 
LOG (lattice-best-path[5.5.907~1-cbed4]:main():lattice-best-path.cc:99) For utterance 20030004_614, best cost 150.358 + 1937.28 = 2087.64 over 547 frames.
20030004_614 گود دو فعل نے شے ایشو کے کرائی و کے ساتھ سمجھی بغیر سمجھو کا کیا 
LOG (lattice-best-path[5.5.907~1-cbed4]:main():lattice-best-path.cc:99) For utterance 20030004_615, best cost 263.715 + 3373.21 = 3636.92 over 941 frames.
20030004_615 ہدایت کا شہزادی نے علی جور موئسچرائزنگ اس ہو بلڈ اوس کرتے ہوئے ایک جونہی خان ڈام کی جج اور یہ میں اوور ہیڈ پڑھوا یا 
LOG (lattice-best-path[5.5.907~1-cbed4]:main():lattice-best-path.cc:99) For utterance 20030004_616, best cost 259.489 + 3206.68 = 3466.17 over 890 frames.
20030004_616 تاجور ویب وارڈ ہیڈ نے حصوں خان پور ڈویژن کو فروغ مزاج کر کیسی درد تصدق کی ماہ فٹ کا ہر کا ایف تیار کیا 
LOG (lattice-best-path[5.5.907~1-cbed4]:main():lattice-best-path.cc:99) For utterance 20030004_617, best cost 192.063 + 1976.4 = 2168.46 over 569 frames.
20030004_617 کھل بے پر پڑے سوکھ کے کچھ و میں کی لو کو ہو لیتا دیکھ کر فعل داغ دس نے لگا 
LOG (lattice-best-path[5.5.907~1-cbed4]:main():lattice-best-path.cc:99) For utterance 20030004_618, best cost 192.781 + 2846.21 = 3038.99 over 792 frames.
20030004_618 فن پی نگاور ایک سے روشناس مجھ شو والے اکھنڈ ساگر میں ترمیم کے بعد ایجنسی قرار کیا ہے 
LOG (lattice-best-path[5.5.907~1-cbed4]:main():lattice-best-path.cc:99) For utterance 20030004_619, best cost 138.185 + 1816.55 = 1954.73 over 524 frames.
20030004_619 تہذیب پی تشویش بات مطالبے آن کرنے کا جو بری نتھی جا ہے 
LOG (lattice-best-path[5.5.907~1-cbed4]:main():lattice-best-path.cc:99) For utterance 20030004_620, best cost 206.057 + 2537.6 = 2743.66 over 688 frames.
20030004_620 چیل میں نے پَلوں کے ہولوں کو گڑھ میں سموئے یا اور کی ڈیمو کوڑھ اوپر پرجوش گاؤں کی کیا ربیعہ کی 
LOG (lattice-best-path[5.5.907~1-cbed4]:main():lattice-best-path.cc:99) For utterance 20030004_621, best cost 198.673 + 2917.8 = 3116.47 over 757 frames.
20030004_621 معجل رکھ رنز حاشیے نے اور کر سوجن کے والدین ویزے نوبل سکورز چاہتے نواز نے میں پہلے کی 
LOG (lattice-best-path[5.5.907~1-cbed4]:main():lattice-best-path.cc:99) For utterance 20030004_622, best cost 180.245 + 2275.35 = 2455.6 over 634 frames.
20030004_622 کو چیف پڑنے میں ڈھا اور قدرے دیکھ کر لے کر جلد عمر رسیدہ بیڑے پالمر میں سے گزری 
LOG (lattice-best-path[5.5.907~1-cbed4]:main():lattice-best-path.cc:99) For utterance 20030004_623, best cost 128.39 + 1779.51 = 1907.9 over 510 frames.
20030004_623 بہتر ہینگر روغن آف آ سوکھ برس کا محور کا نشاندہی گیا 
LOG (lattice-best-path[5.5.907~1-cbed4]:main():lattice-best-path.cc:99) For utterance 20030004_624, best cost 215.429 + 2820.57 = 3036 over 768 frames.
20030004_624 ماؤف اثر کے نو صفوں میں گیس چھین اور فورس فورس والا افورڈ حدود کے انجکشن کے لیے مہم ارشد دھول تھا 
LOG (lattice-best-path[5.5.907~1-cbed4]:main():lattice-best-path.cc:99) For utterance 20030004_625, best cost 177.574 + 2402.44 = 2580.01 over 717 frames.
20030004_625 نل ورلڈ ان ساگر میڈیا کی آدھے قدرے دیکھ کر پگڑی سی کرکے موو واقعے ہو گیا 
LOG (lattice-best-path[5.5.907~1-cbed4]:main():lattice-best-path.cc:99) For utterance 20030004_626, best cost 116.774 + 1623.99 = 1740.76 over 463 frames.
20030004_626 لنگر بوجھ نے کو ملی کیا تک دھول کی ابھار سمجھا 
LOG (lattice-best-path[5.5.907~1-cbed4]:main():lattice-best-path.cc:99) For utterance 20030004_627, best cost 175.942 + 2158.87 = 2334.81 over 610 frames.
20030004_627 فروغ کا خیر رول عمل کے نخوت کے اعلان یہ سے بلوں کو تو فوم میں لکھا ربیعہ 
LOG (lattice-best-path[5.5.907~1-cbed4]:main():lattice-best-path.cc:99) For utterance 20030004_628, best cost 173.571 + 2434.73 = 2608.3 over 710 frames.
20030004_628 لو بدھ کی تک میلہ آنے کے لیے بیٹھی ٹریبیونل میں فن اور کی خوشی یاں وفود تھیں 
LOG (lattice-best-path[5.5.907~1-cbed4]:main():lattice-best-path.cc:99) For utterance 20030004_629, best cost 196.217 + 2740.41 = 2936.62 over 773 frames.
20030004_629 شیر ریٹائرڈ کے کوش والا کے وافر میں فیڈر اب گز پور انیق نے گروہوں کا حسن بھیج کر آیا 
LOG (lattice-best-path[5.5.907~1-cbed4]:main():lattice-best-path.cc:99) For utterance 20030004_630, best cost 186.144 + 2286.69 = 2472.84 over 661 frames.
20030004_630 کئی ان قیصر نے میں شے کے اشجار میں آکر بیچے ماہ لے تو اچھال سے خام دیکھ کر گیا 
LOG (lattice-best-path[5.5.907~1-cbed4]:main():lattice-best-path.cc:99) For utterance 20030004_631, best cost 232.966 + 3033.1 = 3266.07 over 905 frames.
20030004_631 سیریز چیف کو لینڈ اوور نے وقف آگ کیلئے فعل اور خرچ بھیجے تو غوث نے کو سے موڑ کر چھائی لے دکھائی 
LOG (lattice-best-path[5.5.907~1-cbed4]:main():lattice-best-path.cc:99) For utterance 20030004_632, best cost 221.354 + 2957.88 = 3179.23 over 874 frames.
20030004_632 عزیز سے اعلان نے کہا کے روئیں یہ کے حجت چھوڑ و اور بیڑیاں بھجوا کر فجور اور رسولی چھوئیں بغیر بیٹھ ہے 
LOG (lattice-best-path[5.5.907~1-cbed4]:main():lattice-best-path.cc:99) For utterance 20030004_633, best cost 229.34 + 2988.42 = 3217.76 over 822 frames.
20030004_633 طرفین ڈیم کے بگاڑنے میں تحیر کے لیے منیب ہے پہ اور فی سرخی کو اس ایک سی حصے بولنگ کیلئے دی جی گے 
LOG (lattice-best-path[5.5.907~1-cbed4]:main():lattice-best-path.cc:99) For utterance 20030004_634, best cost 191.068 + 2338.01 = 2529.08 over 680 frames.
20030004_634 کوئلے شجر جس شے شنید کی اس تھانہ کے لیے روغن یاں آتا کے نکل فرینڈ کر کے لائیں 
LOG (lattice-best-path[5.5.907~1-cbed4]:main():lattice-best-path.cc:99) For utterance 20030004_635, best cost 194.973 + 2462.01 = 2656.98 over 684 frames.
20030004_635 فاریسٹ مڈل کو جیم کی کلاں خواہ اور میں بیٹھی اور اگلے مانگ کر دفن یاں سعید سے صغری کریں 
LOG (lattice-best-path[5.5.907~1-cbed4]:main():lattice-best-path.cc:99) For utterance 20030004_636, best cost 181.746 + 2284.08 = 2465.83 over 677 frames.
20030004_636 کو ممد و خشوع نتھی جوبلی اس شاہ ہونے سے سوچا کا اب تو ہم کا آف عود ہوا 
LOG (lattice-best-path[5.5.907~1-cbed4]:main():lattice-best-path.cc:99) For utterance 20030004_637, best cost 181.63 + 2174.6 = 2356.23 over 652 frames.
20030004_637 اب خوان کے اس تم آدمی پہنچ کر جنگی لا ہوتی کی ہے در سے موڈ بھیڑوں ہوئی 
LOG (lattice-best-path[5.5.907~1-cbed4]:main():lattice-best-path.cc:99) For utterance 20030004_638, best cost 182.035 + 2609.02 = 2791.05 over 709 frames.
20030004_638 کام جو گوجر کی شیڈول ڈرائینگ میں کوئی صورت اور کوٹھڑی کو خیر کی کے خلاف سے جج چیل 
LOG (lattice-best-path[5.5.907~1-cbed4]:main():lattice-best-path.cc:99) For utterance 20030004_639, best cost 194.828 + 2630.75 = 2825.58 over 768 frames.
20030004_639 ٹریفک اختر کی بکھیر جلسے تجویز کر صفیں نہ خود کیسوں ہر تک ساز سے بہت سب کی 
LOG (lattice-best-path[5.5.907~1-cbed4]:main():lattice-best-path.cc:99) For utterance 20030004_640, best cost 195.28 + 2739.17 = 2934.45 over 768 frames.
20030004_640 چوکھٹ کے نے یوم پر بیٹھی گیارہویں صفیں نے پیسنے کونسل کے شو والا کا کا چوری کو جگ آیا 
LOG (lattice-best-path[5.5.907~1-cbed4]:main():lattice-best-path.cc:99) For utterance 20030004_641, best cost 148.348 + 2116.67 = 2265.02 over 601 frames.
20030004_641 کو کو ویلوٹ اور بڑی شگوفے کو کی آتشیں بعد سے کھلکھلا کر بینک سے کی دیں 
LOG (lattice-best-path[5.5.907~1-cbed4]:main():lattice-best-path.cc:99) For utterance 20030004_642, best cost 157.248 + 1995.81 = 2153.05 over 588 frames.
20030004_642 حریفوں کی فٹ فی مے جیسی کھیلے تو درس حصے نفوذ کی ہوا روٹھ کی 
LOG (lattice-best-path[5.5.907~1-cbed4]:main():lattice-best-path.cc:99) For utterance 20030004_643, best cost 182.941 + 2209.36 = 2392.3 over 626 frames.
20030004_643 تفاوت سے نہ فلو پڑھنے موقف آف ہجر سے نبھائیں اور دوغلی لاکھ سے زاید طرحی ڈال ہے 
LOG (lattice-best-path[5.5.907~1-cbed4]:main():lattice-best-path.cc:99) For utterance 20030004_644, best cost 193.131 + 2777.89 = 2971.03 over 753 frames.
20030004_644 اچھے نے میں تو چھ ایک میں دولخت روئیں اور سربراہ بخشی کے سیل پر سکتے نے دب آپ پھیریں 
LOG (lattice-best-path[5.5.907~1-cbed4]:main():lattice-best-path.cc:99) For utterance 20030004_645, best cost 168.263 + 2409.85 = 2578.11 over 687 frames.
20030004_645 نڈر ویلوٹ کے اس میں تو ضد کے سائیڈ حضور مس کر کرنے کی فاجر کھلے ہیں 
LOG (lattice-best-path[5.5.907~1-cbed4]:main():lattice-best-path.cc:99) For utterance 20030004_646, best cost 154.3 + 2333.59 = 2487.89 over 664 frames.
20030004_646 ساری نہ خون جوس نے اور چبھنے کے بعد لاؤ براں نے بڑھائے ڈالنے آئی 
LOG (lattice-best-path[5.5.907~1-cbed4]:main():lattice-best-path.cc:99) For utterance 20030004_647, best cost 129.643 + 1592.75 = 1722.4 over 439 frames.
20030004_647 بو آشنا کر کے تنازعے بھون دھونی چور کر دور اوپر آئے 
LOG (lattice-best-path[5.5.907~1-cbed4]:main():lattice-best-path.cc:99) For utterance 20030004_648, best cost 134.21 + 1835.04 = 1969.25 over 531 frames.
20030004_648 میلے میں دودھ دیا چھاؤں آج طرح آف بچے کیلئے کروا تھا 
LOG (lattice-best-path[5.5.907~1-cbed4]:main():lattice-best-path.cc:99) For utterance 20030004_649, best cost 147.257 + 2019.85 = 2167.11 over 582 frames.
20030004_649 ہو کو کو کن بیگز کر کے بیٹھ نے کے بعد کا واں آمدنی طلب آئیے 
LOG (lattice-best-path[5.5.907~1-cbed4]:main():lattice-best-path.cc:99) For utterance 20030004_650, best cost 171 + 2452.75 = 2623.75 over 690 frames.
20030004_650 ہجے کی تعلیم کی سیل ایک فورس عالمی یقین کی ندوی الہیات کے فرائض تک اعزہ ہے 
LOG (lattice-best-path[5.5.907~1-cbed4]:main():lattice-best-path.cc:99) For utterance 20030004_651, best cost 151.211 + 2308.54 = 2459.75 over 679 frames.
20030004_651 کو ایئر کو وفد ہیوی مرچوں کی کھوکھلے ایقان کے اور نے سے پھیلیں صوفی تھی 
LOG (lattice-best-path[5.5.907~1-cbed4]:main():lattice-best-path.cc:99) For utterance 20030004_652, best cost 216.383 + 2667.43 = 2883.82 over 801 frames.
20030004_652 پیٹھ لولی ان کی چھیلنے تھام گئی اور لولی کوڈ کے نو لا میں کا گوٹھوں کیسز دھول تک پہنچ ای 
LOG (lattice-best-path[5.5.907~1-cbed4]:main():lattice-best-path.cc:99) For utterance 20030004_653, best cost 157.423 + 2373.99 = 2531.41 over 694 frames.
20030004_653 لو ابرار بیس کسی سن ٹھل کر سے کی کی جدید لائی تک لوث ہوا 
LOG (lattice-best-path[5.5.907~1-cbed4]:main():lattice-best-path.cc:99) For utterance 20030004_654, best cost 181.414 + 2480.95 = 2662.36 over 694 frames.
20030004_654 کرتی اور دیش ہاؤس اس کی ایشیائی چولہے اور ان سیفٹی اور اس کے میں داغنے ایک سدھ رہیں 
LOG (lattice-best-path[5.5.907~1-cbed4]:main():lattice-best-path.cc:99) For utterance 20030004_655, best cost 120.411 + 1657.89 = 1778.3 over 493 frames.
20030004_655 نام بخشی یہ چھائی گوڈی ڈیف بو جانے کا عشرت ہے 
LOG (lattice-best-path[5.5.907~1-cbed4]:main():lattice-best-path.cc:99) For utterance 20030004_656, best cost 169.601 + 2554.57 = 2724.17 over 744 frames.
20030004_656 بے اسے سمجھی تیروں بیگم وزیر ایونٹ جائیں اور سنو چبا رم دیکھ لفظ کریں 
LOG (lattice-best-path[5.5.907~1-cbed4]:main():lattice-best-path.cc:99) For utterance 20030004_657, best cost 140.02 + 1829.08 = 1969.1 over 545 frames.
20030004_657 خام ہر آف پھنسے ان کے کے فلڈ کردار کی حد سے مدفن نہیں 
LOG (lattice-best-path[5.5.907~1-cbed4]:main():lattice-best-path.cc:99) For utterance 20030004_658, best cost 129.064 + 1904.26 = 2033.33 over 505 frames.
20030004_658 لینڈ ورلڈ کا میں واں لوہے عجیب ایڈز کی بات سے ہزارویں 
LOG (lattice-best-path[5.5.907~1-cbed4]:main():lattice-best-path.cc:99) For utterance 20030004_659, best cost 189.224 + 2680.7 = 2869.92 over 796 frames.
20030004_659 مٹیں کود کر بچائیں اور کوڑھ ای کا رکھتا خام کو غوروخوض کے بات بوئے یا کر سوویں 
LOG (lattice-best-path[5.5.907~1-cbed4]:main():lattice-best-path.cc:99) For utterance 20030004_660, best cost 85.9603 + 1476.42 = 1562.38 over 406 frames.
20030004_660 ہوے پردھان کے بقایا اسلامی نہیں حوصلہ 
LOG (lattice-best-path[5.5.907~1-cbed4]:main():lattice-best-path.cc:99) For utterance 20030004_661, best cost 124.865 + 1753.07 = 1877.94 over 513 frames.
20030004_661 کا صفحے نے کے لیے بیچوں پر ہم ارکان داغدار ارب دبائے 
LOG (lattice-best-path[5.5.907~1-cbed4]:main():lattice-best-path.cc:99) For utterance 20030004_662, best cost 165.03 + 1907.47 = 2072.5 over 549 frames.
20030004_662 کر کن جوں کو کی آن کی یاں چلیں تو صیاد رو کی تشبیہ ہی بگڑ لیں 
LOG (lattice-best-path[5.5.907~1-cbed4]:main():lattice-best-path.cc:99) For utterance 20030004_663, best cost 187.981 + 2290.99 = 2478.97 over 658 frames.
20030004_663 پی رونے جہاں چاہے مگ آپ انگوٹھی یاں ہر سال کی تو کی دے کی تنقیص وقف ہوئی 
LOG (lattice-best-path[5.5.907~1-cbed4]:main():lattice-best-path.cc:99) For utterance 20030004_664, best cost 231.21 + 2618.45 = 2849.65 over 744 frames.
20030004_664 فیاض یادیں کے بارے اعظم میں تلے نادر گوڈی لیتا نہ زور موو آ تو ایئر جی گروں پہ پڑے ہو گئے 
LOG (lattice-best-path[5.5.907~1-cbed4]:main():lattice-best-path.cc:99) For utterance 20030004_665, best cost 135.197 + 2027.72 = 2162.91 over 587 frames.
20030004_665 فیض نے خسارے ڈھابے سے سے گریڈ چینی تو خواہ چھوٹے ایک ہوا 
LOG (lattice-best-path[5.5.907~1-cbed4]:main():lattice-best-path.cc:99) For utterance 20030004_666, best cost 147.34 + 1726.14 = 1873.48 over 480 frames.
20030004_666 بوم سے ہوے اگرچہ علم پر آ کا کا طرف ضلع خیر سے بھول یہ 
LOG (lattice-best-path[5.5.907~1-cbed4]:main():lattice-best-path.cc:99) For utterance 20030004_667, best cost 137.687 + 1896.2 = 2033.88 over 558 frames.
20030004_667 پہلی ڈھیلے کی باڑھ سے چنگ پہ ہو سے کے گگلی بھون سنبھلی 
LOG (lattice-best-path[5.5.907~1-cbed4]:main():lattice-best-path.cc:99) For utterance 20030004_668, best cost 222.864 + 2664.17 = 2887.04 over 777 frames.
20030004_668 سامان کی فلو اور بے کے پر لڑیں میں کو بنے والا چند کا پوچھ لا آ بیعانہ بلین سے جال نکل لا 
LOG (lattice-best-path[5.5.907~1-cbed4]:main():lattice-best-path.cc:99) For utterance 20030004_669, best cost 142.217 + 1847.66 = 1989.88 over 543 frames.
20030004_669 خواہ رخ اعظم محفل بورڈ نے یوں سیلز کے لیے ریزرو روڈ نہیں کیا 
LOG (lattice-best-path[5.5.907~1-cbed4]:main():lattice-best-path.cc:99) For utterance 20030004_670, best cost 146.156 + 1775.4 = 1921.55 over 512 frames.
20030004_670 روضے کاکلیں شاہ مے ایک کس اڈوں گا خوف اوڑھ و کا تنوع 
LOG (lattice-best-path[5.5.907~1-cbed4]:main():lattice-best-path.cc:99) For utterance 20030004_671, best cost 204.929 + 2905.86 = 3110.79 over 872 frames.
20030004_671 کو کا شے سے پہلے سوسائٹی گڑیا نے کہا صورت اور اس بغور کے سکول پنچولی میں دو اور جی یہ جاؤ 
LOG (lattice-best-path[5.5.907~1-cbed4]:main():lattice-best-path.cc:99) For utterance 20030004_672, best cost 167.6 + 2287.32 = 2454.92 over 652 frames.
20030004_672 انٹر میں ریڈ شو سے لائیں تو فاروق آن بسر پر اور صرف درجے کا پہلا ہے 
LOG (lattice-best-path[5.5.907~1-cbed4]:main():lattice-best-path.cc:99) For utterance 20030004_673, best cost 139.267 + 1786.61 = 1925.88 over 536 frames.
20030004_673 کرا ٹھیک ایچ آنگن وعدے ہوے چوزے نظر کے بے پر پڑا لیں 
LOG (lattice-best-path[5.5.907~1-cbed4]:main():lattice-best-path.cc:99) For utterance 20030004_674, best cost 179.913 + 2437.38 = 2617.3 over 656 frames.
20030004_674 نشر میں پَلوں میں بڑھ <oov> خرچ آگ آنکھ کر ہم بار ہیلو ٹھونس نے کی کوشش کی 
LOG (lattice-best-path[5.5.907~1-cbed4]:main():lattice-best-path.cc:99) For utterance 20030004_675, best cost 133.621 + 1703.08 = 1836.71 over 501 frames.
20030004_675 آڑ زیور بری کے روپے پر سوچے پتہ فون کا وہاں اور آئے 
LOG (lattice-best-path[5.5.907~1-cbed4]:main():lattice-best-path.cc:99) For utterance 20030004_676, best cost 171.879 + 2292.43 = 2464.31 over 617 frames.
20030004_676 اپنے رہائش کی سے اس کا نتھی جا کھولے زوال نے عمل گشت کے جھگڑے پر رکھ گی 
LOG (lattice-best-path[5.5.907~1-cbed4]:main():lattice-best-path.cc:99) For utterance 20030004_677, best cost 188.613 + 2732.42 = 2921.03 over 794 frames.
20030004_677 مسائل نے کی یا کی گگلی ہوئی مگر بعدازاں اوس ابو ہیرو برطانوی کو محویت سے بدل گیا 
LOG (lattice-best-path[5.5.907~1-cbed4]:main():lattice-best-path.cc:99) For utterance 20030004_678, best cost 229.225 + 3096.15 = 3325.37 over 870 frames.
20030004_678 سن میں فیض وافر ڈیلی فعل ٹاؤن صرف والوں سے ایک چھڑا نے کے لیے ہیڈ دوچند فلیش سے مشق کے شیر کریں 
LOG (lattice-best-path[5.5.907~1-cbed4]:main():lattice-best-path.cc:99) For utterance 20030004_679, best cost 110.34 + 1757.47 = 1867.81 over 496 frames.
20030004_679 تھوڑی اور پیڑی پر چیڑھ دبایا تو سے گردیزی سے الجھی 
LOG (lattice-best-path[5.5.907~1-cbed4]:main():lattice-best-path.cc:99) For utterance 20030004_680, best cost 209.697 + 2609.8 = 2819.5 over 764 frames.
20030004_680 چولہے کالج اوڑھا بہن کے ہوے بیٹھ و تو لائے وقف خواہ راہبر اس نے میں پہلے راؤ آ جاتا ہے 
LOG (lattice-best-path[5.5.907~1-cbed4]:main():lattice-best-path.cc:99) For utterance 20030004_681, best cost 196.734 + 2419.36 = 2616.1 over 688 frames.
20030004_681 بردار جشن الجھے شے کو کے ہر کے ڈھا رسولی تو ہولوں مون پر بچھے دھار پر سوئے آ 
LOG (lattice-best-path[5.5.907~1-cbed4]:main():lattice-best-path.cc:99) For utterance 20030004_682, best cost 189.493 + 2187.38 = 2376.87 over 656 frames.
20030004_682 بے ایفکٹ اور چھور والے کی لو اور پرکھے جڑیں کا ناچنے جا کر باعث کے جو ہر معلوم کیے 
LOG (lattice-best-path[5.5.907~1-cbed4]:main():lattice-best-path.cc:99) For utterance 20030004_683, best cost 153.256 + 2115.2 = 2268.45 over 605 frames.
20030004_683 ریڈ سے ماہ عود کی چڑوں تک اہل نے نیوز ریلیف کے لیے سے نکل گئی 
LOG (lattice-best-path[5.5.907~1-cbed4]:main():lattice-best-path.cc:99) For utterance 20030004_684, best cost 174.526 + 2491.04 = 2665.57 over 758 frames.
20030004_684 میں پر بھی فورم ہوا ایک سیٹھ کے قیوم میں میں لوں یا رحیل طلب تک کھاؤں 
LOG (lattice-best-path[5.5.907~1-cbed4]:main():lattice-best-path.cc:99) For utterance 20030004_685, best cost 121.891 + 1695.74 = 1817.63 over 489 frames.
20030004_685 جو فلڈ حوصلے بیچے بخشے کو سے کہا سے جلالہ دھو 
LOG (lattice-best-path[5.5.907~1-cbed4]:main():lattice-best-path.cc:99) For utterance 20030004_686, best cost 179.506 + 1945.74 = 2125.25 over 543 frames.
20030004_686 صرف طبیعت کے صرف فعل ویب پیش عرصے بنے یادیں مے سچ کا شو شاہ پوچھوں 
LOG (lattice-best-path[5.5.907~1-cbed4]:main():lattice-best-path.cc:99) For utterance 20030004_687, best cost 205.054 + 2800.93 = 3005.99 over 796 frames.
20030004_687 سوختہ کوئی اس کے بدسلوکی سے آنکھیں کھولنے ٹوہ اب اب راسخ چیف مان کر تو جا مہجور کر گئے 
LOG (lattice-best-path[5.5.907~1-cbed4]:main():lattice-best-path.cc:99) For utterance 20030004_688, best cost 237.578 + 2879.86 = 3117.43 over 831 frames.
20030004_688 ہر کی بلکہ چادر بیج بچہ کر سنچری یاں گزارنے اور دیش کی کے بیٹھ میں نے خام مون کے پراٹھا یہ داغ بھیجا 
LOG (lattice-best-path[5.5.907~1-cbed4]:main():lattice-best-path.cc:99) For utterance 20030004_689, best cost 212.789 + 2245.1 = 2457.89 over 645 frames.
20030004_689 بو جو دو بڑے جیز ذخیرہ کیا جا نو جو ہول بنا یہ اور سوئس و فصلیں کو چل کر چھائی 
LOG (lattice-best-path[5.5.907~1-cbed4]:main():lattice-best-path.cc:99) For utterance 20030004_690, best cost 121.446 + 1481.84 = 1603.28 over 467 frames.
20030004_690 لیے گھن یاں نہ پڑھائی کے شو لے کوچوان نہیں جاتا 
LOG (lattice-best-path[5.5.907~1-cbed4]:main():lattice-best-path.cc:99) For utterance 20030004_691, best cost 185.133 + 2623.99 = 2809.13 over 808 frames.
20030004_691 کی سی کی دلجوئی کے لیے اپنا جیگوار دھو یا اور بہن سے ٹھوس آکر معین نادر ٹھونس دیئے 
LOG (lattice-best-path[5.5.907~1-cbed4]:main():lattice-best-path.cc:99) For utterance 20030004_692, best cost 173.196 + 2236.97 = 2410.16 over 657 frames.
20030004_692 بطخوں نے ساڑھے کہا کے مے حصے حوصلہ گھریلو حد گاڑی کے بگھی کھاد کے دل ہیں 
LOG (lattice-best-path[5.5.907~1-cbed4]:main():lattice-best-path.cc:99) For utterance 20030004_693, best cost 137.732 + 2186.93 = 2324.66 over 673 frames.
20030004_693 میں نے حد کے جوئیہ سے کہا کے عقاب پر بنا کر لائے مگ دو 
LOG (lattice-best-path[5.5.907~1-cbed4]:main():lattice-best-path.cc:99) For utterance 20030004_694, best cost 184.064 + 2199.36 = 2383.43 over 604 frames.
20030004_694 طرفین کاجو اڑا شے شفاعت کر صاحب کو جب چھ اور اسے نیچا کو جو بند بنائیں 
LOG (lattice-best-path[5.5.907~1-cbed4]:main():lattice-best-path.cc:99) For utterance 20030004_695, best cost 160.874 + 2108.86 = 2269.74 over 606 frames.
20030004_695 کھولے کے جانے کھچی جانے کو کیا رکھوں اگر کھیل جاؤں تو پانی میں گھول جا ہے 
LOG (lattice-best-path[5.5.907~1-cbed4]:main():lattice-best-path.cc:99) For utterance 20030004_696, best cost 173.382 + 2151.63 = 2325.01 over 617 frames.
20030004_696 کے ایل شیم فورس ریڈ کی یا میں سے کو بس میں مسوڑوں کے بنانے کیلئے فراواں کیا جائے گا 
LOG (lattice-best-path[5.5.907~1-cbed4]:main():lattice-best-path.cc:99) For utterance 20030004_697, best cost 131.767 + 1726.23 = 1858 over 492 frames.
20030004_697 بل اور کا عود سے اس میلہ تم کے ڈیزائنروں کرنے کا کام ہو گا 
LOG (lattice-best-path[5.5.907~1-cbed4]:main():lattice-best-path.cc:99) For utterance 20030004_698, best cost 150.815 + 1612.55 = 1763.37 over 474 frames.
20030004_698 بار ماہ ہم ذادہ دور دین سے شہاب آئے اوس کر جائزہ لینے لگا 
LOG (lattice-scale[5.5.907~1-cbed4]:main():lattice-scale.cc:107) Done 108 lattices.
LOG (lattice-best-path[5.5.907~1-cbed4]:main():lattice-best-path.cc:99) For utterance 20030004_699, best cost 188.275 + 2056.62 = 2244.9 over 596 frames.
20030004_699 نجات کے فعل ضعف کار کی جڑی میں وعدہ اے کی اہل یا نے ریوڑ ہوتی کا مگ سوچوں 
LOG (lattice-best-path[5.5.907~1-cbed4]:main():lattice-best-path.cc:99) For utterance 20030004_700, best cost 157.31 + 1849.72 = 2007.03 over 540 frames.
20030004_700 بوجھ دور کو کی تک خلیل میں تغافل کی سوجھی جھڑک کر بس سوکھ سب ہو 
LOG (lattice-best-path[5.5.907~1-cbed4]:main():lattice-best-path.cc:99) For utterance 20030004_701, best cost 194.581 + 2170.03 = 2364.62 over 617 frames.
20030004_701 مضمون با عنوان ہونا کو بسر کی تو ماتھا جی سے کے گروہ کر موضع سکول تو کو سمجھا آیا 
LOG (lattice-best-path[5.5.907~1-cbed4]:main():lattice-best-path.cc:99) For utterance 20030004_702, best cost 137.567 + 1652.84 = 1790.41 over 513 frames.
20030004_702 غیر فیصلہ آ قوت کی روڈ میں ہر ایک خوشہ دو نادر بخشے 
LOG (lattice-best-path[5.5.907~1-cbed4]:main():lattice-best-path.cc:99) For utterance 20030004_703, best cost 151.543 + 1644.7 = 1796.24 over 504 frames.
20030004_703 حیرت چائلڈ سے تولید ای جیم کے پہ پڑھوں کا وہ بار ظاہر ہوتا ہے 
LOG (lattice-add-penalty[5.5.907~1-cbed4]:main():lattice-add-penalty.cc:62) Done adding word insertion penalty to 108 lattices.
LOG (lattice-best-path[5.5.907~1-cbed4]:main():lattice-best-path.cc:99) For utterance 20030004_704, best cost 175.407 + 2482.76 = 2658.17 over 762 frames.
20030004_704 چوتھے آئی بھینٹ سیکشن موعود آئین نہ عذاب یوں کے انظباتی کے لاؤ کا پراسیس ہے 
LOG (lattice-best-path[5.5.907~1-cbed4]:main():lattice-best-path.cc:99) For utterance 20030004_705, best cost 160.838 + 1952.98 = 2113.82 over 586 frames.
20030004_705 باجرہ گگن ماہ ایک روہی روسی جال پر لاگت آ ٹھونس و سے بڑھ گئی 
LOG (lattice-best-path[5.5.907~1-cbed4]:main():lattice-best-path.cc:99) For utterance 20030004_706, best cost 110.62 + 1438.47 = 1549.09 over 434 frames.
20030004_706 بیعت سفید گیس کے آنکھیں دکھی تم آدمی چون 
LOG (lattice-best-path[5.5.907~1-cbed4]:main():lattice-best-path.cc:99) For utterance 20030004_707, best cost 140.501 + 1510.67 = 1651.17 over 479 frames.
20030004_707 ماضی کو بلا یا ہے تو آگے بڑھ ڈیوڈ میں گناہوں میں نہ پڑھے 
LOG (lattice-best-path[5.5.907~1-cbed4]:main():lattice-best-path.cc:99) For utterance 20030004_708, best cost 163.324 + 2143.66 = 2306.99 over 653 frames.
20030004_708 جنگ جھرنے سے پہلے پر میں نے مجھے کچھ باڑہ صیغہ طریقہ اور مشق سمجھا اے 
LOG (lattice-best-path[5.5.907~1-cbed4]:main():lattice-best-path.cc:124) Overall cost per frame is 3.75354 = 0.26739 [graph] + 3.48615 [acoustic] over 70132 frames.
LOG (lattice-best-path[5.5.907~1-cbed4]:main():lattice-best-path.cc:128) Done 108 lattices, failed for 0
# Accounting: time=0 threads=1
# Ended (code 0) at Wed Apr 21 04:27:24 PKT 2021, elapsed time 0 seconds
