# lattice-scale --inv-acoustic-scale=14 "ark:gunzip -c exp/tri3/decode.si/lat.*.gz|" ark:- | lattice-add-penalty --word-ins-penalty=0.0 ark:- ark:- | lattice-best-path --word-symbol-table=exp/tri3/graph/words.txt ark:- ark,t:- | utils/int2sym.pl -f 2- exp/tri3/graph/words.txt | cat > exp/tri3/decode.si/scoring_kaldi/penalty_0.0/14.txt 
# Started at Wed Apr 21 04:26:07 PKT 2021
#
lattice-scale --inv-acoustic-scale=14 'ark:gunzip -c exp/tri3/decode.si/lat.*.gz|' ark:- 
lattice-best-path --word-symbol-table=exp/tri3/graph/words.txt ark:- ark,t:- 
lattice-add-penalty --word-ins-penalty=0.0 ark:- ark:- 
LOG (lattice-best-path[5.5.907~1-cbed4]:main():lattice-best-path.cc:99) For utterance 20030004_601, best cost 243.988 + 3051.55 = 3295.54 over 804 frames.
20030004_601 نو بُدھی یہاں تک اونچی کے دوا کے کے لیے شو میں تھری لنگر ای پلنٹی کی درہم بھول کے پڑا کو بھول کر نیلم گی 
LOG (lattice-best-path[5.5.907~1-cbed4]:main():lattice-best-path.cc:99) For utterance 20030004_602, best cost 314.013 + 3874.42 = 4188.43 over 1000 frames.
20030004_602 دل جو با کو آئیوڈین کے نہ رپورٹ کے لے پر رکھے ہوے آڑ ڈھائی کے لو بن اب شیعہ آلود چار کے باؤلر ای اسجد کرنے کی شرکت سے آرزوئیں ہے 
LOG (lattice-best-path[5.5.907~1-cbed4]:main():lattice-best-path.cc:99) For utterance 20030004_603, best cost 219.516 + 2970.27 = 3189.79 over 782 frames.
20030004_603 شاہ معشوق کر اور نزلے کی بڑا اس کی گدے عمل پر اُٹھاؤں تو تک کبیر نے بےقصور پر کرا الجھا ورک کیا 
LOG (lattice-best-path[5.5.907~1-cbed4]:main():lattice-best-path.cc:99) For utterance 20030004_604, best cost 208.491 + 2463.24 = 2671.73 over 638 frames.
20030004_604 سدھ یہ نے نا اہل ای کے داخلوں کے کر بڑھ پڑی تو کاغذ تو اچھال ہیڈ کے اوس کے نقوی اٹھائے ہیں 
LOG (lattice-best-path[5.5.907~1-cbed4]:main():lattice-best-path.cc:99) For utterance 20030004_605, best cost 128.825 + 1869.8 = 1998.63 over 506 frames.
20030004_605 سول جل شوہر جھمکے پیش اے میں گولڑوی کر داخل دیتا ہے 
LOG (lattice-best-path[5.5.907~1-cbed4]:main():lattice-best-path.cc:99) For utterance 20030004_606, best cost 171.995 + 2134.86 = 2306.85 over 554 frames.
20030004_606 نبی نے کے تناول بلوں بدھ سے کی اس نبی و کے توقع سی بڑی گزیر رتھ ہے 
LOG (lattice-best-path[5.5.907~1-cbed4]:main():lattice-best-path.cc:99) For utterance 20030004_607, best cost 120.746 + 1596.72 = 1717.47 over 428 frames.
20030004_607 اب ذریعے کی اور عفت کی زور باندھ گھمبیر نہ بنائی جائے 
LOG (lattice-best-path[5.5.907~1-cbed4]:main():lattice-best-path.cc:99) For utterance 20030004_608, best cost 156.968 + 2238.62 = 2395.59 over 578 frames.
20030004_608 کھبے کے گڈ ڈیمو اور کو خرچ کا ڈام جو جانے کی قل جھوٹ و ہو گی 
LOG (lattice-best-path[5.5.907~1-cbed4]:main():lattice-best-path.cc:99) For utterance 20030004_609, best cost 209.394 + 2848.88 = 3058.27 over 746 frames.
20030004_609 طلب شل میں محلوں میں جوار مگر مچھلی حصول اے نکالیں اور فی سوکھ کے جو لگا تصحیح یا کیا 
LOG (lattice-best-path[5.5.907~1-cbed4]:main():lattice-best-path.cc:99) For utterance 20030004_610, best cost 202.22 + 2762.06 = 2964.28 over 740 frames.
20030004_610 مماثل اہل لے تشہیر کا ایئر پیشگی کم ان بے ڈام نیچے کی طرف سے بُدھی یہ ٹھیس عام ہے 
LOG (lattice-best-path[5.5.907~1-cbed4]:main():lattice-best-path.cc:99) For utterance 20030004_611, best cost 194.549 + 2567.4 = 2761.95 over 699 frames.
20030004_611 کھو سے پہنے میں کا آف اوس چلنے سے کے دب آؤ کو گڑگڑا حد کی پونچھ کے ساتھ چھ لے 
LOG (lattice-best-path[5.5.907~1-cbed4]:main():lattice-best-path.cc:99) For utterance 20030004_612, best cost 206.853 + 2867.79 = 3074.64 over 740 frames.
20030004_612 تبدیلی و کی لفظ عشرے میں ڈھال بھورا بھیج اڑا شب کو دو کو قوت کی لینگویج کا خاں خام ہے 
LOG (lattice-best-path[5.5.907~1-cbed4]:main():lattice-best-path.cc:99) For utterance 20030004_613, best cost 125.597 + 2027.55 = 2153.15 over 534 frames.
20030004_613 کلیم کو لا بھاگ بوگس اور جرنیل کو ریشمی نے البتہ کہا 
LOG (lattice-best-path[5.5.907~1-cbed4]:main():lattice-best-path.cc:99) For utterance 20030004_614, best cost 149.633 + 2064.14 = 2213.77 over 547 frames.
20030004_614 گود و فعل نے شے شو کے کرائی و کے ساتھ سمجھی بغیر سمجھو کا کیا 
LOG (lattice-best-path[5.5.907~1-cbed4]:main():lattice-best-path.cc:99) For utterance 20030004_615, best cost 251.991 + 3638.12 = 3890.11 over 941 frames.
20030004_615 ہدایت کا شہزادی نے علی جور موئسچرائزنگ سکول ونڈوز کرتے ہوئے ایک جونہی خان ڈام کی ججوں اور ای میں گوہر ہیڈ بڑھا یا 
LOG (lattice-best-path[5.5.907~1-cbed4]:main():lattice-best-path.cc:99) For utterance 20030004_616, best cost 269.45 + 3405.68 = 3675.13 over 890 frames.
20030004_616 تاجور ویب وارڈ ہڈی اس سرخ خان پور پی ان کو فروغ مزاج کر کیسی درد تصدق کے ماں فٹ کا ہر کا ایف تیار کیا 
LOG (lattice-best-path[5.5.907~1-cbed4]:main():lattice-best-path.cc:99) For utterance 20030004_617, best cost 182.672 + 2115.17 = 2297.84 over 569 frames.
20030004_617 کھل بے پر پڑے سوکھ کے کچھ و میں کی لو کو ہو لیتا دیکھ کر فٹ آفس نے لگا 
LOG (lattice-best-path[5.5.907~1-cbed4]:main():lattice-best-path.cc:99) For utterance 20030004_618, best cost 195.448 + 3022.05 = 3217.5 over 792 frames.
20030004_618 فعال ٹینک اب ریچھ سے روشناس مجھ شو والے اکھنڈ ساگر میں ترمیم کے بعد ایجنسی قرار کیا ہے 
LOG (lattice-best-path[5.5.907~1-cbed4]:main():lattice-best-path.cc:99) For utterance 20030004_619, best cost 138.028 + 1949.76 = 2087.79 over 524 frames.
20030004_619 تہذیب پی تشویش حالات مطالبے آن کرنے کا جو بری نجی جا ہے 
LOG (lattice-best-path[5.5.907~1-cbed4]:main():lattice-best-path.cc:99) For utterance 20030004_620, best cost 215.847 + 2656.19 = 2872.04 over 688 frames.
20030004_620 چیل آنے پَلوں کے ہولوں کو گڑھ میں سموئے یا اور کی رہو کوڑھ اوپر پرجوش و آؤٹ کی تیار یاں کی 
LOG (lattice-best-path[5.5.907~1-cbed4]:main():lattice-best-path.cc:99) For utterance 20030004_621, best cost 205.164 + 3105.05 = 3310.22 over 757 frames.
20030004_621 معجل رکھ رنز حاشیے نے اور کر سوچ ان کے والدین ویزے نوبل سکول چاہتے نواز نے میں پہلے کی 
LOG (lattice-best-path[5.5.907~1-cbed4]:main():lattice-best-path.cc:99) For utterance 20030004_622, best cost 182.694 + 2411.66 = 2594.35 over 634 frames.
20030004_622 کو چیف کڑوے میں ڈھا اور قدرے لے کر لے کر جلد عمر رسیدہ بیڑے پالمر میں سے گزری 
LOG (lattice-best-path[5.5.907~1-cbed4]:main():lattice-best-path.cc:99) For utterance 20030004_623, best cost 143.615 + 1888.3 = 2031.92 over 510 frames.
20030004_623 ڈیڈ دل ہینگر روغن آف آ سوکھ برس کا محور کا نشانہ لے گیا 
LOG (lattice-best-path[5.5.907~1-cbed4]:main():lattice-best-path.cc:99) For utterance 20030004_624, best cost 206.658 + 3052.38 = 3259.04 over 768 frames.
20030004_624 مہذب کے نو صفوں میں گیس چیل اور فورس فورس والا فورم حدود کے انجکشن کے لیے مہم ارشد دھول تھا 
LOG (lattice-best-path[5.5.907~1-cbed4]:main():lattice-best-path.cc:99) For utterance 20030004_625, best cost 178.102 + 2556.69 = 2734.79 over 717 frames.
20030004_625 نل ورلڈ ان ساگر میڈیا کی آدھے قدرے دیکھ کر پگڑی سی کرکے موو واقعے ہو گیا 
LOG (lattice-best-path[5.5.907~1-cbed4]:main():lattice-best-path.cc:99) For utterance 20030004_626, best cost 124.578 + 1713.13 = 1837.71 over 463 frames.
20030004_626 لیب خود بوجھ نے کو ملی کیا تک دھول کی ابھار سمجھا 
LOG (lattice-best-path[5.5.907~1-cbed4]:main():lattice-best-path.cc:99) For utterance 20030004_627, best cost 176.082 + 2316.5 = 2492.59 over 610 frames.
20030004_627 فروغ کا خیر رول عمل کے نخوت کے اعلان یہ سے بلوں کو تو فوم میں لکھا ربیعہ 
LOG (lattice-best-path[5.5.907~1-cbed4]:main():lattice-best-path.cc:99) For utterance 20030004_628, best cost 195.5 + 2569.26 = 2764.76 over 710 frames.
20030004_628 لو بدھ کی تک میلہ آنے کے لیے بیٹھ ریڈ ٹریبیونل میں فن اور کی خوشی یاں گفتگو دب تھیں 
LOG (lattice-best-path[5.5.907~1-cbed4]:main():lattice-best-path.cc:99) For utterance 20030004_629, best cost 214.93 + 2929.69 = 3144.62 over 773 frames.
20030004_629 شیڈ کر کے کوش والا کے وافر میں فیڈر اب بس رول انیق نے مرغوب کا ہے سب دیکھ گروہ یا 
LOG (lattice-best-path[5.5.907~1-cbed4]:main():lattice-best-path.cc:99) For utterance 20030004_630, best cost 186.395 + 2431.1 = 2617.5 over 661 frames.
20030004_630 کئی ان قیصر نے میں شے کے اشجار میں آکر بیچے ماہ لے تو اچھال سے خام دیکھ کر گیا 
LOG (lattice-best-path[5.5.907~1-cbed4]:main():lattice-best-path.cc:99) For utterance 20030004_631, best cost 237.781 + 3227.37 = 3465.15 over 905 frames.
20030004_631 سیریز چیف کو لینڈ و ہیڈ نے وقف آ کیلئے فعل اور فرض بھیجے تو غوث نے کو سے موڑ کر چھائی لے دکھائی 
LOG (lattice-best-path[5.5.907~1-cbed4]:main():lattice-best-path.cc:99) For utterance 20030004_632, best cost 212.325 + 3190.76 = 3403.08 over 874 frames.
20030004_632 عزیز سے اعلان نے کہا کے رویا کے حجت چھوڑ و اور بیڑیاں بھجوا کر فجور اور رسولی چھوئیں بغیر بیٹھک 
LOG (lattice-best-path[5.5.907~1-cbed4]:main():lattice-best-path.cc:99) For utterance 20030004_633, best cost 235.343 + 3184.74 = 3420.09 over 822 frames.
20030004_633 ٹریفک لینڈ ان کے بگاڑنے تحیر کے لیے نیلم میں ٹینک اور فیس و کی کو آ سخت سیل سے بلند کے لیے دی جی گے 
LOG (lattice-best-path[5.5.907~1-cbed4]:main():lattice-best-path.cc:99) For utterance 20030004_634, best cost 191.832 + 2455.26 = 2647.09 over 680 frames.
20030004_634 کو لے شجر جس سے شنید کی اس تھانہ کے لیے روغن یاں آ تھنک قل فرینڈ کر کے لائیں 
LOG (lattice-best-path[5.5.907~1-cbed4]:main():lattice-best-path.cc:99) For utterance 20030004_635, best cost 198.793 + 2616.06 = 2814.85 over 684 frames.
20030004_635 فاجر مڈل کو جیم کی کلاں خواہ اور میں بیٹھی اور اگلے مانگ قل دفن یاں سعید سے صغری کریں 
LOG (lattice-best-path[5.5.907~1-cbed4]:main():lattice-best-path.cc:99) For utterance 20030004_636, best cost 171.381 + 2429.6 = 2600.98 over 677 frames.
20030004_636 کو ممد و خشوع نتھی جوبلی اس شاہ ہونے سے سوچا کا آپ تو ہم کا افورڈ ہوا 
LOG (lattice-best-path[5.5.907~1-cbed4]:main():lattice-best-path.cc:99) For utterance 20030004_637, best cost 176.109 + 2320.4 = 2496.51 over 652 frames.
20030004_637 اقوام کے اس تم آدمی پہنچ کر جنگی لا مدعی کی ہر در سے موڈ گڑھ ہوئی 
LOG (lattice-best-path[5.5.907~1-cbed4]:main():lattice-best-path.cc:99) For utterance 20030004_638, best cost 193.237 + 2793.91 = 2987.15 over 709 frames.
20030004_638 کام جو گوجر کی شیرٹن ڈرائینگ میں کوئی صورت اور کوٹھڑی کو کھڑے کی کے بلا آف سے جج چیل 
LOG (lattice-best-path[5.5.907~1-cbed4]:main():lattice-best-path.cc:99) For utterance 20030004_639, best cost 194.723 + 2823.06 = 3017.78 over 768 frames.
20030004_639 ٹریفک اختر کی بکھیر جلسے تجویز کر صفیں نہ خود کیسوں ہر تک ساز سے تو ہو چکھیں 
LOG (lattice-best-path[5.5.907~1-cbed4]:main():lattice-best-path.cc:99) For utterance 20030004_640, best cost 197.191 + 2934.38 = 3131.57 over 768 frames.
20030004_640 چوکھٹ کے نے یوم پر بیٹھی گیارہویں صفیں نے پیسنے کونسل کے شبہ لا کا کا چوری کوچ دبایا 
LOG (lattice-best-path[5.5.907~1-cbed4]:main():lattice-best-path.cc:99) For utterance 20030004_641, best cost 163.032 + 2238.17 = 2401.21 over 601 frames.
20030004_641 اوور منوا اور بڑی شگوفے کو کی آتشیں بعد سے دیکھ لا کر بینک سے کے لیں 
LOG (lattice-best-path[5.5.907~1-cbed4]:main():lattice-best-path.cc:99) For utterance 20030004_642, best cost 156.238 + 2153.41 = 2309.65 over 588 frames.
20030004_642 حریفوں کی فٹ پی مے جیسی کھیلے تو درس کسے نفوذ کی ہوا روٹھیں 
LOG (lattice-best-path[5.5.907~1-cbed4]:main():lattice-best-path.cc:99) For utterance 20030004_643, best cost 183.302 + 2372.48 = 2555.78 over 626 frames.
20030004_643 تفاوت سے نہ فلو پڑھنے موقف آف ہجر سے نہایت اور دوغلی لاکھ سے ضائع دہلی ڈال ہے 
LOG (lattice-best-path[5.5.907~1-cbed4]:main():lattice-best-path.cc:99) For utterance 20030004_644, best cost 189.216 + 2986.67 = 3175.89 over 753 frames.
20030004_644 ہجے نے میں تو چھ ایک میں دولخت روئیں اور سربراہ بچّی کے سیل پر سکتے نے دب آپ تھے 
LOG (lattice-best-path[5.5.907~1-cbed4]:main():lattice-best-path.cc:99) For utterance 20030004_645, best cost 167.438 + 2606.54 = 2773.97 over 687 frames.
20030004_645 نڈر ویلوٹ کے اس میں تو صرف کے سائیڈ حضور مس کر کرنے کی فاجر کھلے ہیں 
LOG (lattice-best-path[5.5.907~1-cbed4]:main():lattice-best-path.cc:99) For utterance 20030004_646, best cost 160.025 + 2512.24 = 2672.26 over 664 frames.
20030004_646 ساری نہ خان جوس نے اور چبھنے کے بات لاؤ براں نے بڑھائے ڈالنے آئی 
LOG (lattice-best-path[5.5.907~1-cbed4]:main():lattice-best-path.cc:99) For utterance 20030004_647, best cost 122.679 + 1720.53 = 1843.21 over 439 frames.
20030004_647 و اثنا کر کے تنازعے بند نے چور کر دور اوپر آئے 
LOG (lattice-best-path[5.5.907~1-cbed4]:main():lattice-best-path.cc:99) For utterance 20030004_648, best cost 134.256 + 1987.5 = 2121.75 over 531 frames.
20030004_648 میلے میں دودھیا چھاؤں آج طرح آ خرچ ایئر کیلئے کروا تھا 
LOG (lattice-best-path[5.5.907~1-cbed4]:main():lattice-best-path.cc:99) For utterance 20030004_649, best cost 147.321 + 2186.98 = 2334.3 over 582 frames.
20030004_649 ہو کو کو کن بیگز کر کے بیٹھ نے کے بعد کا واں آمدنی طلب آئیے 
LOG (lattice-best-path[5.5.907~1-cbed4]:main():lattice-best-path.cc:99) For utterance 20030004_650, best cost 175.231 + 2638.54 = 2813.77 over 690 frames.
20030004_650 ہجے کے تعلیم کی سی بیعت فورس عالمی یقین کی ندوی الہیات کے دائِیں استعفے ذاد ہے 
LOG (lattice-best-path[5.5.907~1-cbed4]:main():lattice-best-path.cc:99) For utterance 20030004_651, best cost 173.481 + 2473.69 = 2647.17 over 679 frames.
20030004_651 کو ایئر کو عفو ہیوی میچ و کی کھوکھلے ایقان دے اور نے سے پھیلیں سونگ پی تھی 
LOG (lattice-best-path[5.5.907~1-cbed4]:main():lattice-best-path.cc:99) For utterance 20030004_652, best cost 225.978 + 2872.29 = 3098.27 over 801 frames.
20030004_652 پیٹھ لولی ان کی چھیلنے تھام گئی ہی اور لولی کوڈ کے نو لا میں کا گوٹھوں کیسز دھول تک پہنچ ای 
LOG (lattice-best-path[5.5.907~1-cbed4]:main():lattice-best-path.cc:99) For utterance 20030004_653, best cost 188.166 + 2537.25 = 2725.41 over 694 frames.
20030004_653 لو ایئر براں آڑ بیس کسی سن دھل کر زیور کی ہجر عید لائی تک روز ہوا 
LOG (lattice-best-path[5.5.907~1-cbed4]:main():lattice-best-path.cc:99) For utterance 20030004_654, best cost 178.529 + 2659.13 = 2837.65 over 694 frames.
20030004_654 کرتی اور دیش ہاؤس اس کی یہ شیعہ جوئیں کو اور انسٹھویں اور اس کے میں داغنے ایک سترھویں 
LOG (lattice-best-path[5.5.907~1-cbed4]:main():lattice-best-path.cc:99) For utterance 20030004_655, best cost 122.646 + 1775.4 = 1898.05 over 493 frames.
20030004_655 نام باگ شیعہ چھائی گوڈی لیب بو جانے کا ایشز ہے 
LOG (lattice-best-path[5.5.907~1-cbed4]:main():lattice-best-path.cc:99) For utterance 20030004_656, best cost 170.051 + 2741.66 = 2911.71 over 744 frames.
20030004_656 بے اسے سمجھی تیروں بیگم وزیر ایونٹ جائیں اور سنو چبا رم دیکھ لفظ کریں 
LOG (lattice-best-path[5.5.907~1-cbed4]:main():lattice-best-path.cc:99) For utterance 20030004_657, best cost 131.603 + 1986.23 = 2117.83 over 545 frames.
20030004_657 آگ اور آف پھنسے اندھے کے فلڈ کردار کی حد سے مدفن نہیں 
LOG (lattice-best-path[5.5.907~1-cbed4]:main():lattice-best-path.cc:99) For utterance 20030004_658, best cost 128.671 + 2043.82 = 2172.5 over 505 frames.
20030004_658 لینڈ وارڈ کا میں واں لوہے عجیب ایڈز کی بات سے ہزارویں 
LOG (lattice-best-path[5.5.907~1-cbed4]:main():lattice-best-path.cc:99) For utterance 20030004_659, best cost 205.383 + 2901.91 = 3107.29 over 796 frames.
20030004_659 میں پہ کو اختر بچائیں اور کوڑھ ای کا رکھتا خام پور و قوس کے بات بوئے یا کر سوویں 
LOG (lattice-best-path[5.5.907~1-cbed4]:main():lattice-best-path.cc:99) For utterance 20030004_660, best cost 98.0516 + 1575.07 = 1673.12 over 406 frames.
20030004_660 ہوے پردھان کے بقایا خیز لا میں نہیں حوصلہ 
LOG (lattice-best-path[5.5.907~1-cbed4]:main():lattice-best-path.cc:99) For utterance 20030004_661, best cost 128.378 + 1874.21 = 2002.58 over 513 frames.
20030004_661 کا صفحے نے کے لیے بیچوں پر ہم ارکان داغدار راغب دبائے 
LOG (lattice-best-path[5.5.907~1-cbed4]:main():lattice-best-path.cc:99) For utterance 20030004_662, best cost 166.213 + 2023.69 = 2189.9 over 549 frames.
20030004_662 کر کن چوم کو کی آن کی یاں چلیں تو صیاد لوں کی تشبیہ ہی بگڑ لیں 
LOG (lattice-best-path[5.5.907~1-cbed4]:main():lattice-best-path.cc:99) For utterance 20030004_663, best cost 182.905 + 2480.89 = 2663.79 over 658 frames.
20030004_663 پی رونے جہاں چاہے مگ کا غم گو کیا سال کی تو کی دے کی تنقیص وقف ہوئی 
LOG (lattice-best-path[5.5.907~1-cbed4]:main():lattice-best-path.cc:99) For utterance 20030004_664, best cost 226.085 + 2812.34 = 3038.42 over 744 frames.
20030004_664 فیاض یادیں کے بارے اعظم میں تحیر نادر گورے لیتا نہ زور ہوا تو ایئر چیک گروں پہ پڑے ہو گئے 
LOG (lattice-best-path[5.5.907~1-cbed4]:main():lattice-best-path.cc:99) For utterance 20030004_665, best cost 145.262 + 2206.28 = 2351.54 over 587 frames.
20030004_665 فیض نے خسارے ڈھابے سے سے بھرٹ چھین ای تو خواہ چھوٹے پور 
LOG (lattice-best-path[5.5.907~1-cbed4]:main():lattice-best-path.cc:99) For utterance 20030004_666, best cost 146.339 + 1855.21 = 2001.55 over 480 frames.
20030004_666 بوم سے ہوے اگرچہ علم پر آپ کا کا طرف سڑک خیر سے ہو لیے 
LOG (lattice-best-path[5.5.907~1-cbed4]:main():lattice-best-path.cc:99) For utterance 20030004_667, best cost 149.634 + 2034.06 = 2183.7 over 558 frames.
20030004_667 پہلی ڈھیلے کے دوا آڑ سے چنگ پہ ہو سے کے گگلی بھون سنبھال لیں 
LOG (lattice-best-path[5.5.907~1-cbed4]:main():lattice-best-path.cc:99) For utterance 20030004_668, best cost 205.138 + 2862.36 = 3067.5 over 777 frames.
20030004_668 ساری فلو اور بے کے پڑے میں ہو بنے والا چند کا پچھلے آ بیعانہ بلین سے جال نکل لا 
LOG (lattice-best-path[5.5.907~1-cbed4]:main():lattice-best-path.cc:99) For utterance 20030004_669, best cost 154.472 + 1989.24 = 2143.71 over 543 frames.
20030004_669 ہو آڑ خاصے نو فلڈ بورڈ نے یوں زلزلے لیے ریزرو روڈ نہیں کیا 
LOG (lattice-best-path[5.5.907~1-cbed4]:main():lattice-best-path.cc:99) For utterance 20030004_670, best cost 150.213 + 1908.39 = 2058.6 over 512 frames.
20030004_670 رو سے کاکلیں شاہ مے ایک فیس اڈوں گا خوف اوڑھ و کا طلب 
LOG (lattice-best-path[5.5.907~1-cbed4]:main():lattice-best-path.cc:99) For utterance 20030004_671, best cost 227.873 + 3120.07 = 3347.95 over 872 frames.
20030004_671 خبر شے سے پہلے اس و سال کی گڑیا نے کہا سوئچ اور اس بغور کے سکول جھولے نے دو اور جی یہ جاؤ 
LOG (lattice-best-path[5.5.907~1-cbed4]:main():lattice-best-path.cc:99) For utterance 20030004_672, best cost 179.722 + 2461.92 = 2641.65 over 652 frames.
20030004_672 انٹر نے ایلیٹ شور چلائی تو فاروق آن ورلڈ صرف پر و سب درجے کا پہلا ہے 
LOG (lattice-best-path[5.5.907~1-cbed4]:main():lattice-best-path.cc:99) For utterance 20030004_673, best cost 139.343 + 1913.56 = 2052.91 over 536 frames.
20030004_673 کرا ٹھیک ایچ آنگن وعدے ہوے چوزے نظر کے بے پر پڑا لیں 
LOG (lattice-best-path[5.5.907~1-cbed4]:main():lattice-best-path.cc:99) For utterance 20030004_674, best cost 174.276 + 2621.48 = 2795.76 over 656 frames.
20030004_674 نشر میں پَلوں میں وائرس کا خرچ آگ آنکھ کر ہم بار ہیلو ٹھونس نے کی کوشش کی 
LOG (lattice-best-path[5.5.907~1-cbed4]:main():lattice-best-path.cc:99) For utterance 20030004_675, best cost 133.474 + 1833.66 = 1967.13 over 501 frames.
20030004_675 آڑ زیور بری کے روپے پر سوچے پتہ فن کا وہاں اور آئے 
LOG (lattice-best-path[5.5.907~1-cbed4]:main():lattice-best-path.cc:99) For utterance 20030004_676, best cost 167.377 + 2477.79 = 2645.17 over 617 frames.
20030004_676 اپنے رہائش کی سے اس کا نتھی جا کھولے زوال نے اگر جھجھک بڑے پر رکھ گی 
LOG (lattice-best-path[5.5.907~1-cbed4]:main():lattice-best-path.cc:99) For utterance 20030004_677, best cost 186.801 + 2918.35 = 3105.15 over 794 frames.
20030004_677 مسائل نے کی یا کی گگلی ہوئی مگر بعدازاں اوس ابو ہیرو برطانوی کو وعید سے بدل گیا 
LOG (lattice-best-path[5.5.907~1-cbed4]:main():lattice-best-path.cc:99) For utterance 20030004_678, best cost 229.316 + 3356.5 = 3585.82 over 870 frames.
20030004_678 سن میں فیض معاف اپیلیں فعل ٹاؤن صرف والوں سے ایک چھڑا نے کے لیے ہیڈ دوچند فلیش سے مشق کے شیر کریں 
LOG (lattice-best-path[5.5.907~1-cbed4]:main():lattice-best-path.cc:99) For utterance 20030004_679, best cost 119.657 + 1893.08 = 2012.74 over 496 frames.
20030004_679 تھوڑی و ریڑھی پر چیڑھ دبایا تو سفر تیزی سے الجھی 
LOG (lattice-best-path[5.5.907~1-cbed4]:main():lattice-best-path.cc:99) For utterance 20030004_680, best cost 210.134 + 2850.14 = 3060.28 over 764 frames.
20030004_680 چولہے کالج اوڑھا بہن دیو ہوے بیٹھ و تو لائے وقف خواہ راہبر از نے میں احمد آواز جاتا ہے 
LOG (lattice-best-path[5.5.907~1-cbed4]:main():lattice-best-path.cc:99) For utterance 20030004_681, best cost 194.999 + 2596.08 = 2791.08 over 688 frames.
20030004_681 بردار جشن الجھے شب کو کے ہر کے ڈھا رسولی تو ہولوں ان پر بچھے دھار پر سوئے آ 
LOG (lattice-best-path[5.5.907~1-cbed4]:main():lattice-best-path.cc:99) For utterance 20030004_682, best cost 189.491 + 2349.85 = 2539.34 over 656 frames.
20030004_682 بے ایفکٹ اور چھور والے کی لو اور پرکھے جڑیں کا ناچنے جا کر باعث کے جو ہر معلوم کیے 
LOG (lattice-best-path[5.5.907~1-cbed4]:main():lattice-best-path.cc:99) For utterance 20030004_683, best cost 142.624 + 2284.85 = 2427.48 over 605 frames.
20030004_683 ریڈ سے ماؤنٹ کی چڑوں تک اہل نے نیوز ڈگری فیس سے نکل گئے 
LOG (lattice-best-path[5.5.907~1-cbed4]:main():lattice-best-path.cc:99) For utterance 20030004_684, best cost 180.247 + 2660.91 = 2841.16 over 758 frames.
20030004_684 میں پر بھی فورم ہو واقع بسر کے قیوم میں میں لوں یا رحیل طلب تک خام 
LOG (lattice-best-path[5.5.907~1-cbed4]:main():lattice-best-path.cc:99) For utterance 20030004_685, best cost 131.702 + 1815.04 = 1946.74 over 489 frames.
20030004_685 جو فلڈ بو سیڈ بیچے بخشے کو سے کہا سے جلالہ دھو 
LOG (lattice-best-path[5.5.907~1-cbed4]:main():lattice-best-path.cc:99) For utterance 20030004_686, best cost 178.688 + 2077.44 = 2256.13 over 543 frames.
20030004_686 صرف طبیعت کے صرف فعل ویب پیش عرصے بنے یادیں مے سچ کا شو شاہ پوچھوں 
LOG (lattice-best-path[5.5.907~1-cbed4]:main():lattice-best-path.cc:99) For utterance 20030004_687, best cost 205.692 + 2997.95 = 3203.64 over 796 frames.
20030004_687 سوختہ کوئی اس کے بدسلوکی سے آنکھیں کھولنے ٹوہ اب اب راسخ چیف مان پر تو جا مہجور غربت 
LOG (lattice-best-path[5.5.907~1-cbed4]:main():lattice-best-path.cc:99) For utterance 20030004_688, best cost 233.794 + 3065.99 = 3299.78 over 831 frames.
20030004_688 ہر کے بلکہ چادر بیج وجہ کر سنچری یاں گزارنے اور دیش کی کے بیٹھ میں نے خام اور کے پراٹھا یہ داغ بےجا 
LOG (lattice-best-path[5.5.907~1-cbed4]:main():lattice-best-path.cc:99) For utterance 20030004_689, best cost 217.944 + 2367.88 = 2585.82 over 645 frames.
20030004_689 بو جو دو بڑے جلسہ کی اڑا کیا جا نو جو ہول بن آئے اور سوئس و فصلیں کو چل کر چھائی 
LOG (lattice-best-path[5.5.907~1-cbed4]:main():lattice-best-path.cc:99) For utterance 20030004_690, best cost 128.04 + 1556.49 = 1684.53 over 467 frames.
20030004_690 یہ گھن یاں نہ پڑھائی کے شو لے کوچ ہوا نہیں جاتا 
LOG (lattice-best-path[5.5.907~1-cbed4]:main():lattice-best-path.cc:99) For utterance 20030004_691, best cost 180.952 + 2789.86 = 2970.81 over 808 frames.
20030004_691 کی سے کی دلجوئی کے لیے اپنا جیگوار دھو یا اور بہن سے ٹھونس آکر معین نادر ٹھونس دیئے 
LOG (lattice-best-path[5.5.907~1-cbed4]:main():lattice-best-path.cc:99) For utterance 20030004_692, best cost 175.548 + 2349.85 = 2525.39 over 657 frames.
20030004_692 بطخوں نے ساڑھے کہا کے مے حصے ہو ساگر ایک حد گاڑی کے بری کھاد کے دل ہے 
LOG (lattice-best-path[5.5.907~1-cbed4]:main():lattice-best-path.cc:99) For utterance 20030004_693, best cost 140.943 + 2337.24 = 2478.18 over 673 frames.
20030004_693 میں نے حد کے جوئیہ سے کہا کے عقاب پر بنا کر لائے مدح دو 
LOG (lattice-best-path[5.5.907~1-cbed4]:main():lattice-best-path.cc:99) For utterance 20030004_694, best cost 189.363 + 2352.84 = 2542.2 over 604 frames.
20030004_694 طرفین کاجو اڑا شے شفاعت کر صاحب کو جب جی اور کو سے ہی چاقو جو بند بنائی 
LOG (lattice-scale[5.5.907~1-cbed4]:main():lattice-scale.cc:107) Done 108 lattices.
LOG (lattice-best-path[5.5.907~1-cbed4]:main():lattice-best-path.cc:99) For utterance 20030004_695, best cost 164.596 + 2253.17 = 2417.76 over 606 frames.
20030004_695 کھولے کے جانے کھچی جانے کو کیا رونے اگر کھیل جاؤں تو پانی میں گھول جا ہیں 
LOG (lattice-best-path[5.5.907~1-cbed4]:main():lattice-best-path.cc:99) For utterance 20030004_696, best cost 173.396 + 2300.86 = 2474.26 over 617 frames.
20030004_696 کے ایل شیم فورس ریڈ کی یا میں سے کو بس میں مسوڑوں کے بنانے کیلئے فراواں کیا جائے گا 
LOG (lattice-best-path[5.5.907~1-cbed4]:main():lattice-best-path.cc:99) For utterance 20030004_697, best cost 132.887 + 1839.16 = 1972.05 over 492 frames.
20030004_697 بلوں اور کا اوج سے اس میلہ دم کے ڈیزائنروں کرنے کا کام ہو گا 
LOG (lattice-best-path[5.5.907~1-cbed4]:main():lattice-best-path.cc:99) For utterance 20030004_698, best cost 150.972 + 1710.74 = 1861.71 over 474 frames.
20030004_698 بار دعا ہم ذادہ دور دین سے شہاب آئے اوس کر جائزہ لینے لگا 
LOG (lattice-best-path[5.5.907~1-cbed4]:main():lattice-best-path.cc:99) For utterance 20030004_699, best cost 194.379 + 2161.04 = 2355.42 over 596 frames.
20030004_699 نجات کے فعل ضعف کار کی جڑی میں بدھ آئے کے اہل یا نے بے غربت دی کا مگ سوچوں 
LOG (lattice-best-path[5.5.907~1-cbed4]:main():lattice-best-path.cc:99) For utterance 20030004_700, best cost 158.445 + 1954.51 = 2112.95 over 540 frames.
20030004_700 بوجھ طور کو کی تک خلیل میں تغافل کی سوجھی جھڑک کر بس سوکھ سب ہو 
LOG (lattice-best-path[5.5.907~1-cbed4]:main():lattice-best-path.cc:99) For utterance 20030004_701, best cost 206.292 + 2300.37 = 2506.66 over 617 frames.
20030004_701 مضمون بار مان ہونا کو بسر کی تو حد راجے سے کے بل والا کر معاذ اس ہو تو کو سمجھا آیا 
LOG (lattice-add-penalty[5.5.907~1-cbed4]:main():lattice-add-penalty.cc:62) Done adding word insertion penalty to 108 lattices.
LOG (lattice-best-path[5.5.907~1-cbed4]:main():lattice-best-path.cc:99) For utterance 20030004_702, best cost 140.833 + 1746.02 = 1886.86 over 513 frames.
20030004_702 ڈیف فیصلہ آ قوت کی روڈ میں ہر ایک خوشہ دو نادر بخشے 
LOG (lattice-best-path[5.5.907~1-cbed4]:main():lattice-best-path.cc:99) For utterance 20030004_703, best cost 151.513 + 1748.42 = 1899.93 over 504 frames.
20030004_703 حیرت چائلڈ سے تولید ای جیم کے پہ پَلوں کا وہ بار ظاہر ہوتا ہے 
LOG (lattice-best-path[5.5.907~1-cbed4]:main():lattice-best-path.cc:99) For utterance 20030004_704, best cost 174.411 + 2608.36 = 2782.77 over 762 frames.
20030004_704 جو تھائی بھینٹ سیکشن موعود آئین نہ عذاب یوں کے انظباتی کے لاؤ کا پراسیس ہے 
LOG (lattice-best-path[5.5.907~1-cbed4]:main():lattice-best-path.cc:99) For utterance 20030004_705, best cost 153.479 + 2081.56 = 2235.04 over 586 frames.
20030004_705 باجرہ گگن ماہ ایک روہی روسی جال پر لاگت آٹھ منظور سے بڑھ گئی 
LOG (lattice-best-path[5.5.907~1-cbed4]:main():lattice-best-path.cc:99) For utterance 20030004_706, best cost 110.944 + 1505.27 = 1616.21 over 434 frames.
20030004_706 بیگز تخفیف گیس کے آنکھیں دکھی تم آدمی چون 
LOG (lattice-best-path[5.5.907~1-cbed4]:main():lattice-best-path.cc:99) For utterance 20030004_707, best cost 140.572 + 1587.57 = 1728.14 over 479 frames.
20030004_707 ماضی کو بلا یا ہے تو آگے بڑھ ڈیوڈ میں گناہوں میں نہ پڑھے 
LOG (lattice-best-path[5.5.907~1-cbed4]:main():lattice-best-path.cc:99) For utterance 20030004_708, best cost 170.491 + 2240 = 2410.49 over 653 frames.
20030004_708 جنگ جھرنے سے پہلے برڈ میں نے مجھے کوچ باڑہ صیغہ طریقہ اور مشق سمجھا اے 
LOG (lattice-best-path[5.5.907~1-cbed4]:main():lattice-best-path.cc:124) Overall cost per frame is 3.9962 = 0.272141 [graph] + 3.72406 [acoustic] over 70132 frames.
LOG (lattice-best-path[5.5.907~1-cbed4]:main():lattice-best-path.cc:128) Done 108 lattices, failed for 0
# Accounting: time=0 threads=1
# Ended (code 0) at Wed Apr 21 04:26:07 PKT 2021, elapsed time 0 seconds
