# lattice-scale --inv-acoustic-scale=14 "ark:gunzip -c exp/tri3/decode.si/lat.*.gz|" ark:- | lattice-add-penalty --word-ins-penalty=1.0 ark:- ark:- | lattice-best-path --word-symbol-table=exp/tri3/graph/words.txt ark:- ark,t:- | utils/int2sym.pl -f 2- exp/tri3/graph/words.txt | cat > exp/tri3/decode.si/scoring_kaldi/penalty_1.0/14.txt 
# Started at Wed Apr 21 07:26:41 PKT 2021
#
lattice-scale --inv-acoustic-scale=14 'ark:gunzip -c exp/tri3/decode.si/lat.*.gz|' ark:- 
lattice-best-path --word-symbol-table=exp/tri3/graph/words.txt ark:- ark,t:- 
lattice-add-penalty --word-ins-penalty=1.0 ark:- ark:- 
LOG (lattice-best-path[5.5.907~1-cbed4]:main():lattice-best-path.cc:99) For utterance 20030010_601, best cost 277.24 + 4899.65 = 5176.89 over 985 frames.
20030010_601 نو بجٹ کا تم کی کے دعا دی کی ثمر ٹری نوید مدعی دی عرف در امرود کے فروخت کو کرنے لگیں 
LOG (lattice-best-path[5.5.907~1-cbed4]:main():lattice-best-path.cc:99) For utterance 20030010_602, best cost 362.799 + 6005.38 = 6368.18 over 1203 frames.
20030010_602 گروں از جی کے نئے عفو اور ٹریلر کرا کی غدودوں بولے اب پڑ ہائے کے لوٹ ان گرلز عشرے امرود شب کے بھاوج زچ کرنے کی شرکت سے از ہے 
LOG (lattice-best-path[5.5.907~1-cbed4]:main():lattice-best-path.cc:99) For utterance 20030010_603, best cost 242.915 + 4164.13 = 4407.05 over 833 frames.
20030010_603 شب شوہر اور نزلے کی دوررس کے ہر عمل کرو ٹھاکر تبدیلی دی کے سوں پر ٹری جھگڑے کی جا 
LOG (lattice-best-path[5.5.907~1-cbed4]:main():lattice-best-path.cc:99) For utterance 20030010_604, best cost 228.644 + 4350.86 = 4579.51 over 856 frames.
20030010_604 سیٹھ ایئر نہ ہیوی کے گاؤن کی گڑگڑا پڑی تو کہا کی سوغات شاہد کے کس کے نقوی اٹھائے 
LOG (lattice-best-path[5.5.907~1-cbed4]:main():lattice-best-path.cc:99) For utterance 20030010_605, best cost 138.402 + 2551.49 = 2689.9 over 513 frames.
20030010_605 اسٹورز جیل شوہر جھمکے پیشنگوئی پیٹھ کر دغا دیتا ہے 
LOG (lattice-best-path[5.5.907~1-cbed4]:main():lattice-best-path.cc:99) For utterance 20030010_606, best cost 183.105 + 3044.57 = 3227.68 over 608 frames.
20030010_606 نجی کے دماغی دل روغن سے جھریوں کی تعوذ کسی بڑی سچ ای درج ہے 
LOG (lattice-best-path[5.5.907~1-cbed4]:main():lattice-best-path.cc:99) For utterance 20030010_607, best cost 131.035 + 2059.16 = 2190.19 over 420 frames.
20030010_607 اثر ڈچ کی خفت کی سوا مندری نہ مری جائے 
LOG (lattice-best-path[5.5.907~1-cbed4]:main():lattice-best-path.cc:99) For utterance 20030010_608, best cost 185.464 + 2927.3 = 3112.76 over 582 frames.
20030010_608 کو کے کے گول گدھ موو کو کوش پر درد جوق جانے کی اجرا دو کوچے 
LOG (lattice-best-path[5.5.907~1-cbed4]:main():lattice-best-path.cc:99) For utterance 20030010_609, best cost 250.592 + 3652.27 = 3902.86 over 736 frames.
20030010_609 کریش سے نے مقرر میت وارڈ مقرر مچھلی گز دو لینے کڑوی اسی سونگ کے جور کر کسی اب چراغ 
LOG (lattice-best-path[5.5.907~1-cbed4]:main():lattice-best-path.cc:99) For utterance 20030010_610, best cost 223.007 + 3772.46 = 3995.47 over 803 frames.
20030010_610 ماہ سے اہل لکھ اشرف کریو دی عمل میرا بلی جیٹ کی کرا سے راجے طرف ساعت ہے 
LOG (lattice-best-path[5.5.907~1-cbed4]:main():lattice-best-path.cc:99) For utterance 20030010_611, best cost 230.038 + 4273.8 = 4503.84 over 868 frames.
20030010_611 کسے تحیر وم درخور اثر نئی سیفٹی درد آؤٹ کو جیب کرا خرچ کی دوجے سال شیرے 
LOG (lattice-best-path[5.5.907~1-cbed4]:main():lattice-best-path.cc:99) For utterance 20030010_612, best cost 233.5 + 4419.46 = 4652.96 over 921 frames.
20030010_612 رمزی دل کی نسیں شے نہ قادری پورا ہجر آٹھ شوکت دو عفو وصف کی لمحے شخص واضح 
LOG (lattice-best-path[5.5.907~1-cbed4]:main():lattice-best-path.cc:99) For utterance 20030010_613, best cost 126.119 + 2355.17 = 2481.29 over 452 frames.
20030010_613 کرنا کو لقب دوسرا جھجھک اور عشرے لفظیات کروا 
LOG (lattice-best-path[5.5.907~1-cbed4]:main():lattice-best-path.cc:99) For utterance 20030010_614, best cost 162.647 + 2819.49 = 2982.14 over 578 frames.
20030010_614 مجرم نے شے شل کے کرائے و کے ساتھ سنچری بغیر سمجھو طرف کیا 
LOG (lattice-best-path[5.5.907~1-cbed4]:main():lattice-best-path.cc:99) For utterance 20030010_615, best cost 290.497 + 4784.54 = 5075.04 over 960 frames.
20030010_615 گالف کا شے ذاد لیلی جا مچھر اثر کو گولڈ اوس کر کے ہوئی جوڑیں ایقان اگر جی تجوریاں ڈچ کریش برعکس 
LOG (lattice-best-path[5.5.907~1-cbed4]:main():lattice-best-path.cc:99) For utterance 20030010_616, best cost 305.531 + 4865.95 = 5171.48 over 989 frames.
20030010_616 پراجیکٹ سے والو سوکھنے صفر روش شل کو فروغ سال شخص کر کی سی گا تصور سچ کی نما صرف کا حلف کا صیاد کی عفو 
LOG (lattice-best-path[5.5.907~1-cbed4]:main():lattice-best-path.cc:99) For utterance 20030010_617, best cost 191.236 + 3257.18 = 3448.42 over 669 frames.
20030010_617 امرتا کرا سوکھ جیل اچھل میں قیوم کو ہمیں بدلیں تک ذادہ اس میں لگا 
LOG (lattice-best-path[5.5.907~1-cbed4]:main():lattice-best-path.cc:99) For utterance 20030010_618, best cost 224.492 + 4134.01 = 4358.5 over 824 frames.
20030010_618 پاؤڈر کا حصے مژدہ سود شو ماڈل اختر ساگر نئے اندھیروں کے بعد اس اس کرا کی ان ہے 
LOG (lattice-best-path[5.5.907~1-cbed4]:main():lattice-best-path.cc:99) For utterance 20030010_619, best cost 151.403 + 2399.73 = 2551.13 over 519 frames.
20030010_619 تصحیح دی تشبیہ ہاتھوں درمیان کرنے کا جور وی کی نتیجے اور ہے 
LOG (lattice-best-path[5.5.907~1-cbed4]:main():lattice-best-path.cc:99) For utterance 20030010_620, best cost 226.62 + 4159.91 = 4386.53 over 820 frames.
20030010_620 جمعہ کے تھنوں کے گو لوگو گروں میں سموئے اور کی ڈیمو گوگل تھو سول شون کی تیار عیاں کی 
LOG (lattice-best-path[5.5.907~1-cbed4]:main():lattice-best-path.cc:99) For utterance 20030010_621, best cost 262.721 + 5169.69 = 5432.41 over 1024 frames.
20030010_621 رم معجل حد ریلی سروں اشرف کر ذوالجناح کے معاون وی سے اس اور جاوید ماہ ثمر تحویل کی <oov> 
LOG (lattice-best-path[5.5.907~1-cbed4]:main():lattice-best-path.cc:99) For utterance 20030010_622, best cost 190.93 + 4176.75 = 4367.68 over 764 frames.
20030010_622 کچھ کی فرینڈ اگر دیں دیکھئے کی تجرد مرض ایئر عالمی سے دوسری ہے 
LOG (lattice-best-path[5.5.907~1-cbed4]:main():lattice-best-path.cc:99) For utterance 20030010_623, best cost 163.301 + 3271.58 = 3434.89 over 664 frames.
20030010_623 وم کے گرلز کا دور ہونا اثاثوں درس اللہ درد شعوری گیا 
LOG (lattice-best-path[5.5.907~1-cbed4]:main():lattice-best-path.cc:99) For utterance 20030010_624, best cost 222.313 + 3826.28 = 4048.59 over 790 frames.
20030010_624 مصر سے کے نسخہ میں دی سے نو اثاثوں رسول اسود عود کے انٹر شجر عمل عمل شگوفے گا 
LOG (lattice-best-path[5.5.907~1-cbed4]:main():lattice-best-path.cc:99) For utterance 20030010_625, best cost 208.803 + 3275.1 = 3483.91 over 665 frames.
20030010_625 میرا اینٹھن سائیڈ رضوی جھجھک دیگر جیل اے کر گئی جس ایگلز کے معاف کے کھو گیا 
LOG (lattice-best-path[5.5.907~1-cbed4]:main():lattice-best-path.cc:99) For utterance 20030010_626, best cost 124.078 + 2297.92 = 2422 over 465 frames.
20030010_626 رہ کچلے کو ملی گیارہ درد کی عرس امجد 
LOG (lattice-best-path[5.5.907~1-cbed4]:main():lattice-best-path.cc:99) For utterance 20030010_627, best cost 207.703 + 3391.97 = 3599.67 over 712 frames.
20030010_627 سے کا تھر عمل کے نور گول کے علم یہ اسے گروں کے تو فوم اظہار آگے اب 
LOG (lattice-best-path[5.5.907~1-cbed4]:main():lattice-best-path.cc:99) For utterance 20030010_628, best cost 172.388 + 3399.35 = 3571.74 over 709 frames.
20030010_628 روات کی طرف ملے بنانے کیلئے بچھڑ جدول میں زمین کی خوشیوں مغز گوگل کی 
LOG (lattice-best-path[5.5.907~1-cbed4]:main():lattice-best-path.cc:99) For utterance 20030010_629, best cost 216.998 + 4279.64 = 4496.64 over 876 frames.
20030010_629 شیرے کے کے گوشوں لچک کروا غیر مسز سکورز خلیے سے ماؤف خوگر ویسے کی ثریا 
LOG (lattice-best-path[5.5.907~1-cbed4]:main():lattice-best-path.cc:99) For utterance 20030010_630, best cost 195.329 + 3225.52 = 3420.85 over 668 frames.
20030010_630 پر حصے نے نشر کی اژدھا آدمی اب کڑوے نقشے ماہ کے کے چھانٹ سے خام گیا 
LOG (lattice-best-path[5.5.907~1-cbed4]:main():lattice-best-path.cc:99) For utterance 20030010_631, best cost 285.165 + 4760.62 = 5045.78 over 964 frames.
20030010_631 سیدھے اس چیف کو رم ڈاٹ ہے ڈیڈ لینے تحفہ کر کے پراٹھا سرنجیں تو <oov> کی سیر سے موڑ کر چھولے گفٹ آئے 
LOG (lattice-best-path[5.5.907~1-cbed4]:main():lattice-best-path.cc:99) For utterance 20030010_632, best cost 318.988 + 6101.52 = 6420.51 over 1219 frames.
20030010_632 کسی سے درد کا حال کے جوے جیٹ چیف حجت چھوڑ و اور گریڈ لیا دہلوی جواب کر رجوع رو اور سوری چھوئیں بغیر پٹھو 
LOG (lattice-best-path[5.5.907~1-cbed4]:main():lattice-best-path.cc:99) For utterance 20030010_633, best cost 287.364 + 4914.77 = 5202.14 over 1056 frames.
20030010_633 رزق چیمپئن کے ان گئی کا ان میں تقویت کیلئے نیم ٹینک کے اور فیصد کی کو اس کس جس اورنگ کیلئے بھری انجکشن 
LOG (lattice-best-path[5.5.907~1-cbed4]:main():lattice-best-path.cc:99) For utterance 20030010_634, best cost 206.872 + 3399.35 = 3606.23 over 708 frames.
20030010_634 کرنے شجر سے شب کس گا عام کیلئے روڈ ریاض کی نہ تک فرینڈ کر کی لائیں 
LOG (lattice-best-path[5.5.907~1-cbed4]:main():lattice-best-path.cc:99) For utterance 20030010_635, best cost 221.734 + 3514.63 = 3736.37 over 722 frames.
20030010_635 حاصل رزق کو جیل کی نام فارورڈ میں بیچنے کڑوی مملکت اپنے اسے رتھ سے سول اب کریں 
LOG (lattice-best-path[5.5.907~1-cbed4]:main():lattice-best-path.cc:99) For utterance 20030010_636, best cost 186.727 + 3173.45 = 3360.18 over 677 frames.
20030010_636 کرنا دو خوشبو درد کی جوبلی اس شمولیت سعید شجاعت کا دوم کا سوکھ ہوا 
LOG (lattice-best-path[5.5.907~1-cbed4]:main():lattice-best-path.cc:99) For utterance 20030010_637, best cost 170.391 + 3344.67 = 3515.06 over 703 frames.
20030010_637 عام کی سماوی پونچھ کا رنگین انگوٹھی کی ہیڈ عرصے مدعی اے ہوئے 
LOG (lattice-best-path[5.5.907~1-cbed4]:main():lattice-best-path.cc:99) For utterance 20030010_638, best cost 250.263 + 5524.58 = 5774.84 over 1134 frames.
20030010_638 کانجی خود کے کی شے درد وائرل نے پورے صورت فوریکس کوٹھی کو خرید کی کی اسے جڑ چڑھ 
LOG (lattice-best-path[5.5.907~1-cbed4]:main():lattice-best-path.cc:99) For utterance 20030010_639, best cost 246.64 + 4709.03 = 4955.67 over 1011 frames.
20030010_639 رزق کے دکھ کر کی دکھ سے ڈیرے سے تشخیص کر سے کے نہ بوجھ کی سوغات تک سن سے ڈبو صفیں 
LOG (lattice-best-path[5.5.907~1-cbed4]:main():lattice-best-path.cc:99) For utterance 20030010_640, best cost 224.633 + 3858.32 = 4082.95 over 822 frames.
20030010_640 جا کے میران پر بیٹھی جعلی سفید میں دیسی کونسل کی ایشو والا کا وجود رکھ و جرگہ لیا 
LOG (lattice-best-path[5.5.907~1-cbed4]:main():lattice-best-path.cc:99) For utterance 20030010_641, best cost 202.351 + 3390.4 = 3592.75 over 712 frames.
20030010_641 کروں ہر میں ٹری شب رم کی اب آ قے شہباز عید اجرا کر بھینسیں دیکھیں 
LOG (lattice-best-path[5.5.907~1-cbed4]:main():lattice-best-path.cc:99) For utterance 20030010_642, best cost 159.663 + 2974.52 = 3134.18 over 638 frames.
20030010_642 کثرت کی فرض کی میچ اسے کے کے گشت سے نفوذ کی کھلواڑ کوٹھی 
LOG (lattice-best-path[5.5.907~1-cbed4]:main():lattice-best-path.cc:99) For utterance 20030010_643, best cost 218.619 + 3145.23 = 3363.85 over 664 frames.
20030010_643 تو ساگر سے نخوت بڑی محافظوں اسے اسے نہ ہائے اور گوگل ایئر آگ سے زاید رہی ادارے 
LOG (lattice-best-path[5.5.907~1-cbed4]:main():lattice-best-path.cc:99) For utterance 20030010_644, best cost 204.731 + 4304.84 = 4509.57 over 908 frames.
20030010_644 پچھلے لیجنڈ شیرٹن گوگل روے اور سے دب پچھلے کے سیڈ پر تیری پڑدادا گئے 
LOG (lattice-best-path[5.5.907~1-cbed4]:main():lattice-best-path.cc:99) For utterance 20030010_645, best cost 213.718 + 3622.58 = 3836.3 over 768 frames.
20030010_645 میجر درد کس میں دل ضعف کے سائیڈ کھسوٹ مصر خرچ کر کرنے چیف آشنا تلے ہے 
LOG (lattice-best-path[5.5.907~1-cbed4]:main():lattice-best-path.cc:99) For utterance 20030010_646, best cost 197.613 + 3467.53 = 3665.15 over 734 frames.
20030010_646 سعودی تعاون جوس نے اور چبھنے کے بازیاب دیر آنے قرار انتہاؤں ڈالنے آئے 
LOG (lattice-best-path[5.5.907~1-cbed4]:main():lattice-best-path.cc:99) For utterance 20030010_647, best cost 137.092 + 2447.75 = 2584.85 over 517 frames.
20030010_647 واضح کر کے غنا اسے گولڈ مہجور کر دوم پر اس 
LOG (lattice-best-path[5.5.907~1-cbed4]:main():lattice-best-path.cc:99) For utterance 20030010_648, best cost 157.18 + 2789.59 = 2946.77 over 573 frames.
20030010_648 میلے میں دو اجرت کریش تمغہ لخت سچل کیلئے کروا دوا 
LOG (lattice-best-path[5.5.907~1-cbed4]:main():lattice-best-path.cc:99) For utterance 20030010_649, best cost 145.042 + 2371.33 = 2516.38 over 478 frames.
20030010_649 کفر اب کرنا سے کے درجے کے با اقوام کرنے گلے کرے 
LOG (lattice-best-path[5.5.907~1-cbed4]:main():lattice-best-path.cc:99) For utterance 20030010_650, best cost 214.543 + 4260.34 = 4474.88 over 870 frames.
20030010_650 کھجلی تعاون کی سیر عرس آدمی اس کس اے نقوی اغیار کی لائی سے کی کی ظاہر 
LOG (lattice-best-path[5.5.907~1-cbed4]:main():lattice-best-path.cc:99) For utterance 20030010_651, best cost 188.846 + 3228.49 = 3417.34 over 699 frames.
20030010_651 کوئلے کو بیج میں مہجور کی کو پڑی عام کے کوڑھ نے سے پر لیس و بیجوں 
LOG (lattice-best-path[5.5.907~1-cbed4]:main():lattice-best-path.cc:99) For utterance 20030010_652, best cost 208.498 + 3527.05 = 3735.55 over 777 frames.
20030010_652 پر ٹوفل کی جھجھک سنگل اکھنڈ کے گول عمیق میں تک گود کے سندھو تک پہنچ ایئر 
LOG (lattice-best-path[5.5.907~1-cbed4]:main():lattice-best-path.cc:99) For utterance 20030010_653, best cost 165.73 + 2968.69 = 3134.42 over 638 frames.
20030010_653 گروں بردار گرلز کسی سنگل کر ضد کے ہجے درد کرفیو سوا 
LOG (lattice-best-path[5.5.907~1-cbed4]:main():lattice-best-path.cc:99) For utterance 20030010_654, best cost 200.819 + 3849.43 = 4050.25 over 838 frames.
20030010_654 کڑوے درج ہاؤس اس چیف عشرت جوبلی ان سکتے فورس کے ممد لینے ستھرے 
LOG (lattice-best-path[5.5.907~1-cbed4]:main():lattice-best-path.cc:99) For utterance 20030010_655, best cost 111.767 + 2207.61 = 2319.38 over 465 frames.
20030010_655 نہ بخشیں جھالر ہولوں کیلئے اس بچھانے کشف ہے 
LOG (lattice-best-path[5.5.907~1-cbed4]:main():lattice-best-path.cc:99) For utterance 20030010_656, best cost 238.49 + 4300.67 = 4539.16 over 918 frames.
20030010_656 پڑے سے سچ اینڈ کڑوے کے لگا زیر ای ہیوی جائے عرس کوئی مجاہد رم وگ کس کریں 
LOG (lattice-best-path[5.5.907~1-cbed4]:main():lattice-best-path.cc:99) For utterance 20030010_657, best cost 122.72 + 2557.67 = 2680.39 over 540 frames.
20030010_657 آمدورفت کن سینٹر کے سے تک از حسن سروس 
LOG (lattice-best-path[5.5.907~1-cbed4]:main():lattice-best-path.cc:99) For utterance 20030010_658, best cost 132.173 + 2706.33 = 2838.5 over 591 frames.
20030010_658 <oov> کڑوی پر لولی بیس چیل بارش سے ہزارویں 
LOG (lattice-best-path[5.5.907~1-cbed4]:main():lattice-best-path.cc:99) For utterance 20030010_659, best cost 208.721 + 3746.85 = 3955.57 over 779 frames.
20030010_659 میں کی کوکھ کے ڈچ جھالر گورے کا دو سوکھ کو رخ چھور سے با دریافت پھر سوئے 
LOG (lattice-best-path[5.5.907~1-cbed4]:main():lattice-best-path.cc:99) For utterance 20030010_660, best cost 103.459 + 2303.29 = 2406.75 over 482 frames.
20030010_660 کوئی گوگل کے بوگس سروے نرگس عفو 
LOG (lattice-best-path[5.5.907~1-cbed4]:main():lattice-best-path.cc:99) For utterance 20030010_661, best cost 137.12 + 2783.47 = 2920.59 over 578 frames.
20030010_661 کثرت سے نے کیلئے بچھڑ پر عمل کر دغا کھل دبائے 
LOG (lattice-best-path[5.5.907~1-cbed4]:main():lattice-best-path.cc:99) For utterance 20030010_662, best cost 146.023 + 2770.02 = 2916.04 over 575 frames.
20030010_662 کر جنگجو کو کی ارکان گیجٹ اسلحہ رو کی تشبیہ کے گریڈ 
LOG (lattice-best-path[5.5.907~1-cbed4]:main():lattice-best-path.cc:99) For utterance 20030010_663, best cost 186.13 + 3270.88 = 3457.01 over 656 frames.
20030010_663 پڑے جدول جرگہ کبوتر سال کی تو جیل دی کیچ پڑی اس رقوم ہوئے 
LOG (lattice-best-path[5.5.907~1-cbed4]:main():lattice-best-path.cc:99) For utterance 20030010_664, best cost 234.565 + 3904.12 = 4138.68 over 790 frames.
20030010_664 پر اسے اس کے بڑے اثر میں طلب حریت کر نسرین پور کر گریڈ شے کے ڈومین کے کھڑے کھول گئے 
LOG (lattice-best-path[5.5.907~1-cbed4]:main():lattice-best-path.cc:99) For utterance 20030010_665, best cost 134.24 + 2726.69 = 2860.92 over 569 frames.
20030010_665 ویسے خسارے ٹری سے سے دل شعری دو بغیر ہوا 
LOG (lattice-best-path[5.5.907~1-cbed4]:main():lattice-best-path.cc:99) For utterance 20030010_666, best cost 130.801 + 2495.9 = 2626.7 over 505 frames.
20030010_666 دوسرا ہوے اگرچہ لڑکھڑا کر کر کثرت سیر سے بھورے 
LOG (lattice-best-path[5.5.907~1-cbed4]:main():lattice-best-path.cc:99) For utterance 20030010_667, best cost 181.623 + 3349.68 = 3531.3 over 731 frames.
20030010_667 تیری دن جس درس ایف شیم کے دوسرے کی گود ٹھیک اثر ہوئے 
LOG (lattice-best-path[5.5.907~1-cbed4]:main():lattice-best-path.cc:99) For utterance 20030010_668, best cost 187.441 + 3546.23 = 3733.67 over 739 frames.
20030010_668 سوم کے پولیس کے پڑے نوے والے جھڑک کا کے شل اناڑی جلسے جاوید یا 
LOG (lattice-best-path[5.5.907~1-cbed4]:main():lattice-best-path.cc:99) For utterance 20030010_669, best cost 157.086 + 2742.41 = 2899.5 over 557 frames.
20030010_669 کوڑھ ساز سے نوزل بولنے جوس صرف کیلئے کے صرف کرو دریں کیا 
LOG (lattice-best-path[5.5.907~1-cbed4]:main():lattice-best-path.cc:99) For utterance 20030010_670, best cost 161.084 + 3222.86 = 3383.95 over 653 frames.
20030010_670 روز سے کا رفیعہ شیلٹر اہل کے سلور گراں تھوڑی تکلف <oov> 
LOG (lattice-best-path[5.5.907~1-cbed4]:main():lattice-best-path.cc:99) For utterance 20030010_671, best cost 216.111 + 3481.36 = 3697.47 over 712 frames.
20030010_671 خوشی سے پر لیس روزہ کی گول یا نے کہا سروس افورڈ کے سقوط چھولے اُمید و اور چیچک 
LOG (lattice-best-path[5.5.907~1-cbed4]:main():lattice-best-path.cc:99) For utterance 20030010_672, best cost 178.207 + 2836.7 = 3014.91 over 626 frames.
20030010_672 پنجروں میں جیل شور چلائی دو سرخ کام بسر اور اور سے درجے تک گڑگڑا ہے 
LOG (lattice-best-path[5.5.907~1-cbed4]:main():lattice-best-path.cc:99) For utterance 20030010_673, best cost 146.506 + 2815.91 = 2962.42 over 621 frames.
20030010_673 کرائی کے جا میں وعدے وعید جوس رسول کے بیلٹ کر کرائے 
LOG (lattice-best-path[5.5.907~1-cbed4]:main():lattice-best-path.cc:99) For utterance 20030010_674, best cost 189.501 + 3546.14 = 3735.64 over 777 frames.
20030010_674 پر شوہر کروں میں برڈ کا پر چند ورلڈ کر احوال کیمپ مصدق کی کوشش کی 
LOG (lattice-best-path[5.5.907~1-cbed4]:main():lattice-best-path.cc:99) For utterance 20030010_675, best cost 164.569 + 3194.55 = 3359.12 over 686 frames.
20030010_675 آڑ جیل بڑی ٹریفک بسوں اجرت اور تاثر کبھی براوو رہیں 
LOG (lattice-best-path[5.5.907~1-cbed4]:main():lattice-best-path.cc:99) For utterance 20030010_676, best cost 153.874 + 2879.42 = 3033.3 over 587 frames.
20030010_676 ٹریژری سے چھڑ نتیجے اعزہ والے رنجش جھگڑے پر رقص جی 
LOG (lattice-best-path[5.5.907~1-cbed4]:main():lattice-best-path.cc:99) For utterance 20030010_677, best cost 249.935 + 3551.24 = 3801.17 over 788 frames.
20030010_677 پرنسپل کیا کی دوسری بولے مگر بعدازاں کو سدھو کی رو گرداں امریکی ہر ورک سے درد تحیر گئے آ 
LOG (lattice-best-path[5.5.907~1-cbed4]:main():lattice-best-path.cc:99) For utterance 20030010_678, best cost 268.962 + 5351.5 = 5620.46 over 1203 frames.
20030010_678 سلسلے سوواں تلے سے تاثر والوں سے چھڑا عمیق کیلئے <oov> غائب کھچ رقص لیب سے مشعر کے شعر کریں 
LOG (lattice-best-path[5.5.907~1-cbed4]:main():lattice-best-path.cc:99) For utterance 20030010_679, best cost 115.174 + 1945.42 = 2060.6 over 411 frames.
20030010_679 اولی علی پر چیل لگائے اسے کیسی سجھائی 
LOG (lattice-best-path[5.5.907~1-cbed4]:main():lattice-best-path.cc:99) For utterance 20030010_680, best cost 189.757 + 3160.03 = 3349.78 over 662 frames.
20030010_680 پڑی درجوں راقم کے ہوئی ڈیتھ عود عرف پروگرام برس کلومیٹر آؤٹ اور جاتا ہے 
LOG (lattice-best-path[5.5.907~1-cbed4]:main():lattice-best-path.cc:99) For utterance 20030010_681, best cost 210.541 + 3558.64 = 3769.18 over 755 frames.
20030010_681 گرج شل کی ایشوز کو ہر کی دعا رسولی تو بولروں اگر پرچیز آکر سول اب 
LOG (lattice-best-path[5.5.907~1-cbed4]:main():lattice-best-path.cc:99) For utterance 20030010_682, best cost 195.084 + 3675.2 = 3870.28 over 794 frames.
20030010_682 گئی فجور واقعے گروتھ برج اجڑے تناسب اجاگر گریز گدھ جوق معلوم کی یہ 
LOG (lattice-best-path[5.5.907~1-cbed4]:main():lattice-best-path.cc:99) For utterance 20030010_683, best cost 180.799 + 3171.73 = 3352.53 over 669 frames.
20030010_683 پڑی سے مآب تھی جو رکن کیولری نیوز ویجز کے کس سے عمیق کرے 
LOG (lattice-best-path[5.5.907~1-cbed4]:main():lattice-best-path.cc:99) For utterance 20030010_684, best cost 186.739 + 3049.14 = 3235.88 over 673 frames.
20030010_684 میں در کی سود وائرس سیٹھ کے جھوم عمل عریاں رعیت طلب تک آگ 
LOG (lattice-best-path[5.5.907~1-cbed4]:main():lattice-best-path.cc:99) For utterance 20030010_685, best cost 147.818 + 2397.25 = 2545.07 over 522 frames.
20030010_685 جو فٹ لوث کی فن شعر بخشیں سے کہا سے گاؤن وجود 
LOG (lattice-best-path[5.5.907~1-cbed4]:main():lattice-best-path.cc:99) For utterance 20030010_686, best cost 168.584 + 3163.93 = 3332.51 over 671 frames.
20030010_686 خفگی اہل کے سرخی دی ٹشو اسے دنیاوی میں سے ٹشو شب موجوں 
LOG (lattice-best-path[5.5.907~1-cbed4]:main():lattice-best-path.cc:99) For utterance 20030010_687, best cost 224.221 + 4256.29 = 4480.51 over 885 frames.
20030010_687 صفر سے ورک سروں سنچری کھولے تم جہد پر پراسیس شیخ ماہ کر رجوع مقصود کرائی 
LOG (lattice-best-path[5.5.907~1-cbed4]:main():lattice-best-path.cc:99) For utterance 20030010_688, best cost 279.247 + 4840.17 = 5119.42 over 1064 frames.
20030010_688 کر کی طرف کی چادر درج جھجھک عرصے انجری یا مزارعوں اور ڈچ ای قندیل خلیے نرخنامے کئے راقم داغنے جون 
LOG (lattice-best-path[5.5.907~1-cbed4]:main():lattice-best-path.cc:99) For utterance 20030010_689, best cost 197.211 + 3011.38 = 3208.59 over 625 frames.
20030010_689 دوجے تک گیر جا سچل انجمن جو کھول بنائیں اور سوئس و فصلیں پچھتر چھائی 
LOG (lattice-best-path[5.5.907~1-cbed4]:main():lattice-best-path.cc:99) For utterance 20030010_690, best cost 114.57 + 1920.1 = 2034.67 over 384 frames.
20030010_690 کچھ سے اب کرائیں کے شور کچھوا رہی جاتا 
LOG (lattice-best-path[5.5.907~1-cbed4]:main():lattice-best-path.cc:99) For utterance 20030010_691, best cost 194.459 + 3340.35 = 3534.81 over 712 frames.
20030010_691 کسے کی دلجوئی کیلئے اپنا کی قدر اسے قضہ طرح معین نقش میں ٹھونس دیکھیں 
LOG (lattice-best-path[5.5.907~1-cbed4]:main():lattice-best-path.cc:99) For utterance 20030010_692, best cost 191.143 + 3250.63 = 3441.78 over 703 frames.
20030010_692 درخور نے سال نے کہا کے میں سے دوسرا گھرے کر کڑوی کے بری ٹھاکر کرواؤ 
LOG (lattice-best-path[5.5.907~1-cbed4]:main():lattice-best-path.cc:99) For utterance 20030010_693, best cost 149.928 + 2281.9 = 2431.83 over 493 frames.
20030010_693 پڑے حق کے جوے اسے کرا تہتر پر گنا کرائیں مدعو 
LOG (lattice-best-path[5.5.907~1-cbed4]:main():lattice-best-path.cc:99) For utterance 20030010_694, best cost 241.163 + 3985.26 = 4226.43 over 853 frames.
20030010_694 پر ان کا چھوڑ کا ششدر آیا کر صاف کو میجر کی ارب کی سیکھی تھی اب کو چوم درد بنائیں 
LOG (lattice-best-path[5.5.907~1-cbed4]:main():lattice-best-path.cc:99) For utterance 20030010_695, best cost 175.173 + 2721.28 = 2896.46 over 596 frames.
20030010_695 کھچی جانا ٹیچر جانے کو کے اور و پرچیز جاؤں تو پانی میں گوجر ان 
LOG (lattice-best-path[5.5.907~1-cbed4]:main():lattice-best-path.cc:99) For utterance 20030010_696, best cost 167.649 + 2738.16 = 2905.81 over 612 frames.
20030010_696 کلچر تاثر کے میں سے کو مسخرے مسوڑوں کے بنانے کیلئے افسران کیا جائے گا 
LOG (lattice-best-path[5.5.907~1-cbed4]:main():lattice-best-path.cc:99) For utterance 20030010_697, best cost 131.792 + 2063.55 = 2195.34 over 465 frames.
20030010_697 کروڑ کر عرصے سے کیلئے تخلص زاید کرنے کا کام ہو گا 
LOG (lattice-scale[5.5.907~1-cbed4]:main():lattice-scale.cc:107) Done 108 lattices.
LOG (lattice-best-path[5.5.907~1-cbed4]:main():lattice-best-path.cc:99) For utterance 20030010_698, best cost 140.382 + 2103.8 = 2244.18 over 474 frames.
20030010_698 براوو اعزہ امروہی اسے شبہات بڑے اوس کا جائزہ لینے لگا 
LOG (lattice-best-path[5.5.907~1-cbed4]:main():lattice-best-path.cc:99) For utterance 20030010_699, best cost 183.064 + 2735.76 = 2918.82 over 587 frames.
20030010_699 پر جسٹس ویڈیوز روزگار کی چھری میں بجائے کی ٹریلر نیم دیکھ مجید کا مقصود جو 
LOG (lattice-best-path[5.5.907~1-cbed4]:main():lattice-best-path.cc:99) For utterance 20030010_700, best cost 149.52 + 2705.47 = 2854.99 over 561 frames.
20030010_700 کو سرخرو کی طرف دن میں تغافل کی سوجھی چھڑا کر مصور سرخرو 
LOG (lattice-best-path[5.5.907~1-cbed4]:main():lattice-best-path.cc:99) For utterance 20030010_701, best cost 243.764 + 3696.27 = 3940.03 over 808 frames.
20030010_701 معاذ معمہ مان بولروں کو وزن کی تامل پنچھی سے گیر واحد گڑھ معاذ از گوہر تمغوں سمجھا آیا 
LOG (lattice-best-path[5.5.907~1-cbed4]:main():lattice-best-path.cc:99) For utterance 20030010_702, best cost 168.457 + 2805.17 = 2973.63 over 608 frames.
20030010_702 کر سے اثنا قوت کی گڈ نے کرے کو عشروں اعظم نادر بخشے و 
LOG (lattice-best-path[5.5.907~1-cbed4]:main():lattice-best-path.cc:99) For utterance 20030010_703, best cost 160.047 + 2950.89 = 3110.94 over 647 frames.
LOG (lattice-add-penalty[5.5.907~1-cbed4]:main():lattice-add-penalty.cc:62) Done adding word insertion penalty to 108 lattices.
20030010_703 پر اٹھائیس سے تولید عید چینی پٹھے پروگرام ہو با ظاہر اٹھا ہے 
LOG (lattice-best-path[5.5.907~1-cbed4]:main():lattice-best-path.cc:99) For utterance 20030010_704, best cost 197.675 + 3510.18 = 3707.86 over 766 frames.
20030010_704 جب ٹری سے شل اٹھائے لینا اس سرویئر کی اکرم سب باقر پراٹھا پراسیس ہے 
LOG (lattice-best-path[5.5.907~1-cbed4]:main():lattice-best-path.cc:99) For utterance 20030010_705, best cost 163.609 + 2736.88 = 2900.49 over 578 frames.
20030010_705 برابر جعفری بڑھائے کھڑے اس جا قرار کر آٹھ حصوں سے بڑے 
LOG (lattice-best-path[5.5.907~1-cbed4]:main():lattice-best-path.cc:99) For utterance 20030010_706, best cost 148.209 + 2979.07 = 3127.28 over 627 frames.
20030010_706 کر جسٹس سے اس کس جس دور جدوجہد مگ عمیق جو 
LOG (lattice-best-path[5.5.907~1-cbed4]:main():lattice-best-path.cc:99) For utterance 20030010_707, best cost 144.486 + 2038.21 = 2182.69 over 449 frames.
20030010_707 ماضی کو بلا رہے تو آگے بڑی روہی گناہوں میں نام کریں 
LOG (lattice-best-path[5.5.907~1-cbed4]:main():lattice-best-path.cc:99) For utterance 20030010_708, best cost 194.839 + 2514.33 = 2709.17 over 548 frames.
20030010_708 جن چھم میں سے تلے برڈ لینے معجل کو شب آڑ السی تدریس کا اور مشق سمجھائیں 
LOG (lattice-best-path[5.5.907~1-cbed4]:main():lattice-best-path.cc:124) Overall cost per frame is 5.05371 = 0.271925 [graph] + 4.78179 [acoustic] over 76636 frames.
LOG (lattice-best-path[5.5.907~1-cbed4]:main():lattice-best-path.cc:128) Done 108 lattices, failed for 0
# Accounting: time=0 threads=1
# Ended (code 0) at Wed Apr 21 07:26:41 PKT 2021, elapsed time 0 seconds
