# lattice-depth-per-frame "ark:gunzip -c exp/tri4/decode.si/lat.3.gz|" "ark,t:|gzip -c > exp/tri4/decode.si/depth_tmp.3.gz" ark:- | lattice-best-path --acoustic-scale=0.1 ark:- ark:/dev/null "ark,t:|gzip -c >exp/tri4/decode.si/ali_tmp.3.gz" 
# Started at Thu Apr 22 12:16:57 PKT 2021
#
lattice-best-path --acoustic-scale=0.1 ark:- ark:/dev/null 'ark,t:|gzip -c >exp/tri4/decode.si/ali_tmp.3.gz' 
lattice-depth-per-frame 'ark:gunzip -c exp/tri4/decode.si/lat.3.gz|' 'ark,t:|gzip -c > exp/tri4/decode.si/depth_tmp.3.gz' ark:- 
LOG (lattice-best-path[5.5.907~1-cbed4]:main():lattice-best-path.cc:99) For utterance 20030010_601, best cost 119.483 + 6023.05 = 6142.54 over 985 frames.
LOG (lattice-best-path[5.5.907~1-cbed4]:main():lattice-best-path.cc:99) For utterance 20030010_602, best cost 189.126 + 7304.36 = 7493.49 over 1203 frames.
LOG (lattice-best-path[5.5.907~1-cbed4]:main():lattice-best-path.cc:99) For utterance 20030010_603, best cost 123.606 + 5122.25 = 5245.85 over 833 frames.
LOG (lattice-best-path[5.5.907~1-cbed4]:main():lattice-best-path.cc:99) For utterance 20030010_604, best cost 132.16 + 5302.86 = 5435.02 over 856 frames.
LOG (lattice-best-path[5.5.907~1-cbed4]:main():lattice-best-path.cc:99) For utterance 20030010_605, best cost 80.7715 + 3110.06 = 3190.84 over 513 frames.
LOG (lattice-best-path[5.5.907~1-cbed4]:main():lattice-best-path.cc:99) For utterance 20030010_606, best cost 91.7776 + 3737.71 = 3829.49 over 608 frames.
LOG (lattice-best-path[5.5.907~1-cbed4]:main():lattice-best-path.cc:99) For utterance 20030010_607, best cost 74.4582 + 2550.54 = 2625 over 420 frames.
LOG (lattice-best-path[5.5.907~1-cbed4]:main():lattice-best-path.cc:99) For utterance 20030010_608, best cost 96.6078 + 3588.56 = 3685.16 over 582 frames.
LOG (lattice-best-path[5.5.907~1-cbed4]:main():lattice-best-path.cc:99) For utterance 20030010_609, best cost 124.305 + 4467.87 = 4592.18 over 736 frames.
LOG (lattice-best-path[5.5.907~1-cbed4]:main():lattice-best-path.cc:99) For utterance 20030010_610, best cost 107.821 + 4643.57 = 4751.39 over 803 frames.
LOG (lattice-best-path[5.5.907~1-cbed4]:main():lattice-best-path.cc:99) For utterance 20030010_611, best cost 113.293 + 5211.12 = 5324.41 over 868 frames.
LOG (lattice-best-path[5.5.907~1-cbed4]:main():lattice-best-path.cc:99) For utterance 20030010_612, best cost 116.587 + 5327.65 = 5444.23 over 921 frames.
LOG (lattice-best-path[5.5.907~1-cbed4]:main():lattice-best-path.cc:99) For utterance 20030010_613, best cost 64.5839 + 2806.97 = 2871.55 over 452 frames.
LOG (lattice-best-path[5.5.907~1-cbed4]:main():lattice-best-path.cc:99) For utterance 20030010_614, best cost 90.5294 + 3540.4 = 3630.93 over 578 frames.
LOG (lattice-best-path[5.5.907~1-cbed4]:main():lattice-best-path.cc:99) For utterance 20030010_615, best cost 124.715 + 5864.99 = 5989.7 over 960 frames.
LOG (lattice-best-path[5.5.907~1-cbed4]:main():lattice-best-path.cc:99) For utterance 20030010_616, best cost 155.634 + 5916.71 = 6072.34 over 989 frames.
LOG (lattice-best-path[5.5.907~1-cbed4]:main():lattice-best-path.cc:99) For utterance 20030010_617, best cost 78.7764 + 4028.8 = 4107.58 over 669 frames.
LOG (lattice-best-path[5.5.907~1-cbed4]:main():lattice-best-path.cc:99) For utterance 20030010_618, best cost 115.958 + 4926.12 = 5042.07 over 824 frames.
LOG (lattice-best-path[5.5.907~1-cbed4]:main():lattice-best-path.cc:99) For utterance 20030010_619, best cost 78.6496 + 3025.83 = 3104.48 over 519 frames.
LOG (lattice-best-path[5.5.907~1-cbed4]:main():lattice-best-path.cc:99) For utterance 20030010_620, best cost 120.345 + 5144.96 = 5265.3 over 820 frames.
LOG (lattice-best-path[5.5.907~1-cbed4]:main():lattice-best-path.cc:99) For utterance 20030010_621, best cost 134.824 + 6089.58 = 6224.4 over 1024 frames.
LOG (lattice-best-path[5.5.907~1-cbed4]:main():lattice-best-path.cc:99) For utterance 20030010_622, best cost 98.2109 + 4841.42 = 4939.63 over 764 frames.
LOG (lattice-best-path[5.5.907~1-cbed4]:main():lattice-best-path.cc:99) For utterance 20030010_623, best cost 87.466 + 3883.63 = 3971.09 over 664 frames.
LOG (lattice-best-path[5.5.907~1-cbed4]:main():lattice-best-path.cc:99) For utterance 20030010_624, best cost 112.56 + 4665.7 = 4778.26 over 790 frames.
LOG (lattice-best-path[5.5.907~1-cbed4]:main():lattice-best-path.cc:99) For utterance 20030010_625, best cost 89.8298 + 3969.09 = 4058.92 over 665 frames.
LOG (lattice-best-path[5.5.907~1-cbed4]:main():lattice-best-path.cc:99) For utterance 20030010_626, best cost 67.1347 + 2702.49 = 2769.62 over 465 frames.
LOG (lattice-best-path[5.5.907~1-cbed4]:main():lattice-best-path.cc:99) For utterance 20030010_627, best cost 91.5005 + 4141.31 = 4232.81 over 712 frames.
LOG (lattice-best-path[5.5.907~1-cbed4]:main():lattice-best-path.cc:99) For utterance 20030010_628, best cost 92.4645 + 4096.5 = 4188.96 over 709 frames.
LOG (lattice-best-path[5.5.907~1-cbed4]:main():lattice-best-path.cc:99) For utterance 20030010_629, best cost 137.742 + 5033.24 = 5170.98 over 876 frames.
LOG (lattice-best-path[5.5.907~1-cbed4]:main():lattice-best-path.cc:99) For utterance 20030010_630, best cost 91.7823 + 3918.9 = 4010.68 over 668 frames.
LOG (lattice-best-path[5.5.907~1-cbed4]:main():lattice-best-path.cc:99) For utterance 20030010_631, best cost 144.416 + 5757.38 = 5901.79 over 964 frames.
LOG (lattice-best-path[5.5.907~1-cbed4]:main():lattice-best-path.cc:99) For utterance 20030010_632, best cost 164.695 + 7219.7 = 7384.39 over 1219 frames.
LOG (lattice-best-path[5.5.907~1-cbed4]:main():lattice-best-path.cc:99) For utterance 20030010_633, best cost 139.837 + 5933.14 = 6072.97 over 1056 frames.
LOG (lattice-best-path[5.5.907~1-cbed4]:main():lattice-best-path.cc:99) For utterance 20030010_634, best cost 88.18 + 4066.51 = 4154.69 over 708 frames.
LOG (lattice-best-path[5.5.907~1-cbed4]:main():lattice-best-path.cc:99) For utterance 20030010_635, best cost 105.83 + 4244.89 = 4350.72 over 722 frames.
LOG (lattice-best-path[5.5.907~1-cbed4]:main():lattice-best-path.cc:99) For utterance 20030010_636, best cost 111.374 + 3871.45 = 3982.83 over 677 frames.
LOG (lattice-best-path[5.5.907~1-cbed4]:main():lattice-best-path.cc:99) For utterance 20030010_637, best cost 93.7869 + 4061.77 = 4155.56 over 703 frames.
LOG (lattice-best-path[5.5.907~1-cbed4]:main():lattice-best-path.cc:99) For utterance 20030010_638, best cost 131.554 + 6647.24 = 6778.79 over 1134 frames.
LOG (lattice-best-path[5.5.907~1-cbed4]:main():lattice-best-path.cc:99) For utterance 20030010_639, best cost 129.728 + 5827.33 = 5957.06 over 1011 frames.
LOG (lattice-best-path[5.5.907~1-cbed4]:main():lattice-best-path.cc:99) For utterance 20030010_640, best cost 113.246 + 4748.36 = 4861.6 over 822 frames.
LOG (lattice-best-path[5.5.907~1-cbed4]:main():lattice-best-path.cc:99) For utterance 20030010_641, best cost 81.8407 + 4147.05 = 4228.89 over 712 frames.
LOG (lattice-best-path[5.5.907~1-cbed4]:main():lattice-best-path.cc:99) For utterance 20030010_642, best cost 89.4361 + 3618.01 = 3707.45 over 638 frames.
LOG (lattice-best-path[5.5.907~1-cbed4]:main():lattice-best-path.cc:99) For utterance 20030010_643, best cost 92.1081 + 3808.3 = 3900.4 over 664 frames.
LOG (lattice-best-path[5.5.907~1-cbed4]:main():lattice-best-path.cc:99) For utterance 20030010_644, best cost 121.205 + 5134.02 = 5255.23 over 908 frames.
LOG (lattice-best-path[5.5.907~1-cbed4]:main():lattice-best-path.cc:99) For utterance 20030010_645, best cost 120.088 + 4474.69 = 4594.78 over 768 frames.
LOG (lattice-best-path[5.5.907~1-cbed4]:main():lattice-best-path.cc:99) For utterance 20030010_646, best cost 106.508 + 4194.52 = 4301.02 over 734 frames.
LOG (lattice-best-path[5.5.907~1-cbed4]:main():lattice-best-path.cc:99) For utterance 20030010_647, best cost 67.4812 + 2991.96 = 3059.44 over 517 frames.
LOG (lattice-best-path[5.5.907~1-cbed4]:main():lattice-best-path.cc:99) For utterance 20030010_648, best cost 82.8843 + 3319.9 = 3402.78 over 573 frames.
LOG (lattice-best-path[5.5.907~1-cbed4]:main():lattice-best-path.cc:99) For utterance 20030010_649, best cost 69.2027 + 2879.11 = 2948.32 over 478 frames.
LOG (lattice-best-path[5.5.907~1-cbed4]:main():lattice-best-path.cc:99) For utterance 20030010_650, best cost 109.958 + 5111.83 = 5221.78 over 870 frames.
LOG (lattice-best-path[5.5.907~1-cbed4]:main():lattice-best-path.cc:99) For utterance 20030010_651, best cost 107.482 + 3951.88 = 4059.36 over 699 frames.
LOG (lattice-best-path[5.5.907~1-cbed4]:main():lattice-best-path.cc:99) For utterance 20030010_652, best cost 98.436 + 4392.03 = 4490.46 over 777 frames.
LOG (lattice-best-path[5.5.907~1-cbed4]:main():lattice-best-path.cc:99) For utterance 20030010_653, best cost 90.7116 + 3657.79 = 3748.5 over 638 frames.
LOG (lattice-best-path[5.5.907~1-cbed4]:main():lattice-best-path.cc:99) For utterance 20030010_654, best cost 104.383 + 4713.92 = 4818.3 over 838 frames.
LOG (lattice-best-path[5.5.907~1-cbed4]:main():lattice-best-path.cc:99) For utterance 20030010_655, best cost 68.4147 + 2691.87 = 2760.29 over 465 frames.
LOG (lattice-best-path[5.5.907~1-cbed4]:main():lattice-best-path.cc:99) For utterance 20030010_656, best cost 106.873 + 5177.77 = 5284.65 over 918 frames.
LOG (lattice-best-path[5.5.907~1-cbed4]:main():lattice-best-path.cc:99) For utterance 20030010_657, best cost 66.1824 + 3138.55 = 3204.74 over 540 frames.
LOG (lattice-best-path[5.5.907~1-cbed4]:main():lattice-best-path.cc:99) For utterance 20030010_658, best cost 69.3476 + 3311.61 = 3380.96 over 591 frames.
LOG (lattice-best-path[5.5.907~1-cbed4]:main():lattice-best-path.cc:99) For utterance 20030010_659, best cost 109.224 + 4568.15 = 4677.37 over 779 frames.
LOG (lattice-best-path[5.5.907~1-cbed4]:main():lattice-best-path.cc:99) For utterance 20030010_660, best cost 47.4417 + 2802.74 = 2850.18 over 482 frames.
LOG (lattice-best-path[5.5.907~1-cbed4]:main():lattice-best-path.cc:99) For utterance 20030010_661, best cost 71.5254 + 3403.06 = 3474.59 over 578 frames.
LOG (lattice-best-path[5.5.907~1-cbed4]:main():lattice-best-path.cc:99) For utterance 20030010_662, best cost 66.3259 + 3430.15 = 3496.48 over 575 frames.
LOG (lattice-best-path[5.5.907~1-cbed4]:main():lattice-best-path.cc:99) For utterance 20030010_663, best cost 81.3197 + 4017.15 = 4098.47 over 656 frames.
LOG (lattice-best-path[5.5.907~1-cbed4]:main():lattice-best-path.cc:99) For utterance 20030010_664, best cost 114.889 + 4732.13 = 4847.01 over 790 frames.
LOG (lattice-best-path[5.5.907~1-cbed4]:main():lattice-best-path.cc:99) For utterance 20030010_665, best cost 73.2869 + 3355.34 = 3428.63 over 569 frames.
LOG (lattice-best-path[5.5.907~1-cbed4]:main():lattice-best-path.cc:99) For utterance 20030010_666, best cost 69.1573 + 3041.9 = 3111.06 over 505 frames.
LOG (lattice-best-path[5.5.907~1-cbed4]:main():lattice-best-path.cc:99) For utterance 20030010_667, best cost 84.6636 + 4146.24 = 4230.9 over 731 frames.
LOG (lattice-best-path[5.5.907~1-cbed4]:main():lattice-best-path.cc:99) For utterance 20030010_668, best cost 103.37 + 4322.47 = 4425.84 over 739 frames.
LOG (lattice-best-path[5.5.907~1-cbed4]:main():lattice-best-path.cc:99) For utterance 20030010_669, best cost 94.496 + 3374.57 = 3469.07 over 557 frames.
LOG (lattice-best-path[5.5.907~1-cbed4]:main():lattice-best-path.cc:99) For utterance 20030010_670, best cost 71.2332 + 3912.45 = 3983.68 over 653 frames.
LOG (lattice-best-path[5.5.907~1-cbed4]:main():lattice-best-path.cc:99) For utterance 20030010_671, best cost 122.776 + 4283.84 = 4406.62 over 712 frames.
LOG (lattice-best-path[5.5.907~1-cbed4]:main():lattice-best-path.cc:99) For utterance 20030010_672, best cost 93.6087 + 3525.91 = 3619.52 over 626 frames.
LOG (lattice-best-path[5.5.907~1-cbed4]:main():lattice-best-path.cc:99) For utterance 20030010_673, best cost 80.5526 + 3487.34 = 3567.89 over 621 frames.
LOG (lattice-best-path[5.5.907~1-cbed4]:main():lattice-best-path.cc:99) For utterance 20030010_674, best cost 94.122 + 4431.44 = 4525.56 over 777 frames.
LOG (lattice-best-path[5.5.907~1-cbed4]:main():lattice-best-path.cc:99) For utterance 20030010_675, best cost 91.2721 + 3970.01 = 4061.28 over 686 frames.
LOG (lattice-best-path[5.5.907~1-cbed4]:main():lattice-best-path.cc:99) For utterance 20030010_676, best cost 92.0334 + 3476.62 = 3568.66 over 587 frames.
LOG (lattice-best-path[5.5.907~1-cbed4]:main():lattice-best-path.cc:99) For utterance 20030010_677, best cost 126.547 + 4519.09 = 4645.64 over 788 frames.
LOG (lattice-best-path[5.5.907~1-cbed4]:main():lattice-best-path.cc:99) For utterance 20030010_678, best cost 139.982 + 6602.31 = 6742.3 over 1203 frames.
LOG (lattice-best-path[5.5.907~1-cbed4]:main():lattice-best-path.cc:99) For utterance 20030010_679, best cost 61.0295 + 2404.56 = 2465.59 over 411 frames.
LOG (lattice-best-path[5.5.907~1-cbed4]:main():lattice-best-path.cc:99) For utterance 20030010_680, best cost 89.8859 + 3938.15 = 4028.04 over 662 frames.
LOG (lattice-best-path[5.5.907~1-cbed4]:main():lattice-best-path.cc:99) For utterance 20030010_681, best cost 100.326 + 4334.03 = 4434.35 over 755 frames.
LOG (lattice-best-path[5.5.907~1-cbed4]:main():lattice-best-path.cc:99) For utterance 20030010_682, best cost 111.169 + 4577.94 = 4689.11 over 794 frames.
LOG (lattice-best-path[5.5.907~1-cbed4]:main():lattice-best-path.cc:99) For utterance 20030010_683, best cost 92.1609 + 3866.91 = 3959.07 over 669 frames.
LOG (lattice-best-path[5.5.907~1-cbed4]:main():lattice-best-path.cc:99) For utterance 20030010_684, best cost 75.7783 + 3735.39 = 3811.17 over 673 frames.
LOG (lattice-best-path[5.5.907~1-cbed4]:main():lattice-best-path.cc:99) For utterance 20030010_685, best cost 78.9622 + 2973.83 = 3052.79 over 522 frames.
LOG (lattice-best-path[5.5.907~1-cbed4]:main():lattice-best-path.cc:99) For utterance 20030010_686, best cost 96.2308 + 3854.09 = 3950.33 over 671 frames.
LOG (lattice-best-path[5.5.907~1-cbed4]:main():lattice-best-path.cc:99) For utterance 20030010_687, best cost 131.376 + 5191.03 = 5322.41 over 885 frames.
LOG (lattice-best-path[5.5.907~1-cbed4]:main():lattice-best-path.cc:99) For utterance 20030010_688, best cost 140.467 + 6091.26 = 6231.73 over 1064 frames.
LOG (lattice-best-path[5.5.907~1-cbed4]:main():lattice-best-path.cc:99) For utterance 20030010_689, best cost 118.942 + 3690.89 = 3809.84 over 625 frames.
LOG (lattice-best-path[5.5.907~1-cbed4]:main():lattice-best-path.cc:99) For utterance 20030010_690, best cost 43.9042 + 2348.64 = 2392.55 over 384 frames.
LOG (lattice-best-path[5.5.907~1-cbed4]:main():lattice-best-path.cc:99) For utterance 20030010_691, best cost 101.983 + 4125.77 = 4227.75 over 712 frames.
LOG (lattice-best-path[5.5.907~1-cbed4]:main():lattice-best-path.cc:99) For utterance 20030010_692, best cost 103.34 + 4077.79 = 4181.13 over 703 frames.
LOG (lattice-best-path[5.5.907~1-cbed4]:main():lattice-best-path.cc:99) For utterance 20030010_693, best cost 78.6616 + 2820.82 = 2899.48 over 493 frames.
LOG (lattice-best-path[5.5.907~1-cbed4]:main():lattice-best-path.cc:99) For utterance 20030010_694, best cost 103.498 + 4948.2 = 5051.7 over 853 frames.
LOG (lattice-best-path[5.5.907~1-cbed4]:main():lattice-best-path.cc:99) For utterance 20030010_695, best cost 71.4179 + 3418.24 = 3489.65 over 596 frames.
LOG (lattice-best-path[5.5.907~1-cbed4]:main():lattice-best-path.cc:99) For utterance 20030010_696, best cost 102.182 + 3408.04 = 3510.22 over 612 frames.
LOG (lattice-best-path[5.5.907~1-cbed4]:main():lattice-best-path.cc:99) For utterance 20030010_697, best cost 55.475 + 2612.19 = 2667.67 over 465 frames.
LOG (lattice-best-path[5.5.907~1-cbed4]:main():lattice-best-path.cc:99) For utterance 20030010_698, best cost 74.0431 + 2632.89 = 2706.94 over 474 frames.
LOG (lattice-best-path[5.5.907~1-cbed4]:main():lattice-best-path.cc:99) For utterance 20030010_699, best cost 91.4144 + 3384.39 = 3475.8 over 587 frames.
LOG (lattice-best-path[5.5.907~1-cbed4]:main():lattice-best-path.cc:99) For utterance 20030010_700, best cost 91.6373 + 3342.17 = 3433.81 over 561 frames.
LOG (lattice-best-path[5.5.907~1-cbed4]:main():lattice-best-path.cc:99) For utterance 20030010_701, best cost 122.015 + 4553.58 = 4675.6 over 808 frames.
LOG (lattice-best-path[5.5.907~1-cbed4]:main():lattice-best-path.cc:99) For utterance 20030010_702, best cost 106.747 + 3475.49 = 3582.24 over 608 frames.
LOG (lattice-best-path[5.5.907~1-cbed4]:main():lattice-best-path.cc:99) For utterance 20030010_703, best cost 75.9956 + 3666.6 = 3742.6 over 647 frames.
LOG (lattice-best-path[5.5.907~1-cbed4]:main():lattice-best-path.cc:99) For utterance 20030010_704, best cost 93.8103 + 4357.46 = 4451.27 over 766 frames.
LOG (lattice-best-path[5.5.907~1-cbed4]:main():lattice-best-path.cc:99) For utterance 20030010_705, best cost 79.915 + 3358.91 = 3438.82 over 578 frames.
LOG (lattice-best-path[5.5.907~1-cbed4]:main():lattice-best-path.cc:99) For utterance 20030010_706, best cost 78.8299 + 3584.19 = 3663.02 over 627 frames.
LOG (lattice-best-path[5.5.907~1-cbed4]:main():lattice-best-path.cc:99) For utterance 20030010_707, best cost 50.0768 + 2598.92 = 2649 over 449 frames.
LOG (lattice-depth-per-frame[5.5.907~1-cbed4]:main():lattice-depth-per-frame.cc:82) Done 108 lattices.
LOG (lattice-best-path[5.5.907~1-cbed4]:main():lattice-best-path.cc:99) For utterance 20030010_708, best cost 91.6554 + 3171.09 = 3262.75 over 548 frames.
LOG (lattice-best-path[5.5.907~1-cbed4]:main():lattice-best-path.cc:124) Overall cost per frame is 5.98471 = 0.13856 [graph] + 5.84615 [acoustic] over 76636 frames.
LOG (lattice-best-path[5.5.907~1-cbed4]:main():lattice-best-path.cc:128) Done 108 lattices, failed for 0
# Accounting: time=6 threads=1
# Ended (code 0) at Thu Apr 22 12:17:03 PKT 2021, elapsed time 6 seconds
