# lattice-scale --inv-acoustic-scale=11 "ark:gunzip -c exp/sgmm2_4_mmi_b0.1/decode_it2/lat.*.gz|" ark:- | lattice-add-penalty --word-ins-penalty=1.0 ark:- ark:- | lattice-best-path --word-symbol-table=data/lang_test/words.txt ark:- ark,t:- | utils/int2sym.pl -f 2- data/lang_test/words.txt | cat > exp/sgmm2_4_mmi_b0.1/decode_it2/scoring_kaldi/penalty_1.0/11.txt 
# Started at Wed Apr 21 05:45:19 PKT 2021
#
lattice-scale --inv-acoustic-scale=11 'ark:gunzip -c exp/sgmm2_4_mmi_b0.1/decode_it2/lat.*.gz|' ark:- 
lattice-add-penalty --word-ins-penalty=1.0 ark:- ark:- 
lattice-best-path --word-symbol-table=data/lang_test/words.txt ark:- ark,t:- 
LOG (lattice-best-path[5.5.907~1-cbed4]:main():lattice-best-path.cc:99) For utterance 20030004_601, best cost 264.026 + 3656.15 = 3920.18 over 804 frames.
20030004_601 نو بُدھی یہاں تک اونچی کے دماغی کے لیے شو میں دھڑے لنگر ای لیلی اگر امور کے پڑا گو بھول کر نیلم گی 
LOG (lattice-best-path[5.5.907~1-cbed4]:main():lattice-best-path.cc:99) For utterance 20030004_602, best cost 323.23 + 4658.83 = 4982.06 over 1000 frames.
20030004_602 درجوں با کو آئیوڈین کے نرخوں اور کھیلے پر رکھے ہوے آ پڑھائی کے لو بن نقشے آلود جا کے با و پریوں جب کرنے کی شرکت سے آرزوئیں ہے 
LOG (lattice-best-path[5.5.907~1-cbed4]:main():lattice-best-path.cc:99) For utterance 20030004_603, best cost 213.649 + 3547.14 = 3760.79 over 782 frames.
20030004_603 شمسی شوہر اور نزلے کی بڑا سے گدے مل پر اٹھا تو تبدیلی بےقصور پر کرنے جھاگ کر کیا 
LOG (lattice-best-path[5.5.907~1-cbed4]:main():lattice-best-path.cc:99) For utterance 20030004_604, best cost 253.321 + 3007.51 = 3260.83 over 638 frames.
20030004_604 سدھ ای نے نا اہل ای کے داغ وہ کی کر ورلڈ پڑی تو کا اس کو اچھال ایل کے روز کے نقش ریوڑ کھائیں 
LOG (lattice-best-path[5.5.907~1-cbed4]:main():lattice-best-path.cc:99) For utterance 20030004_605, best cost 152.921 + 2220.65 = 2373.57 over 506 frames.
20030004_605 سول جل شوربہ جھمکے پیش اے میں گولڈ پیر کر داخل دیتا ہے 
LOG (lattice-best-path[5.5.907~1-cbed4]:main():lattice-best-path.cc:99) For utterance 20030004_606, best cost 208.342 + 2546.62 = 2754.96 over 554 frames.
20030004_606 ندوی میں کے بم آپ میں فلو بدھ سے کی اس نبی و کے تعوذ کی بڑی فیض ای لخت ہے 
LOG (lattice-best-path[5.5.907~1-cbed4]:main():lattice-best-path.cc:99) For utterance 20030004_607, best cost 138.547 + 1925.3 = 2063.85 over 428 frames.
20030004_607 اب سے دیے کی اور عفت کی زود باندھ گھمبیر نہ بنائی جائے 
LOG (lattice-best-path[5.5.907~1-cbed4]:main():lattice-best-path.cc:99) For utterance 20030004_608, best cost 180.428 + 2694.33 = 2874.76 over 578 frames.
20030004_608 کو پہ کے وڈ بے مرغی کو خرچ پر ڈام جوق جانے کی الجھ ان تو ہو گی 
LOG (lattice-best-path[5.5.907~1-cbed4]:main():lattice-best-path.cc:99) For utterance 20030004_609, best cost 236.846 + 3409.98 = 3646.82 over 746 frames.
20030004_609 علاج شل میں مغلوں اُمید بار مگر مچھلی اس کو لے نکالیں اور فی سوکھ کے جوڑیں اوقات تصفیے یا کیا 
LOG (lattice-best-path[5.5.907~1-cbed4]:main():lattice-best-path.cc:99) For utterance 20030004_610, best cost 215.289 + 3345.79 = 3561.08 over 740 frames.
20030004_610 مماثل اہل لیتے شیریں کا ایئر بے کی چمن بے ریان ای چڑھ کی طرف سے بدھ دیے کے ساتھ ہے 
LOG (lattice-best-path[5.5.907~1-cbed4]:main():lattice-best-path.cc:99) For utterance 20030004_611, best cost 217.107 + 3068.8 = 3285.9 over 699 frames.
20030004_611 گھسے پہنے بھیم کا فورس چڑ نے سے کے دب آؤ کو گڑگڑا حد کی کو اونچی کے ساتھ چھ لے 
LOG (lattice-best-path[5.5.907~1-cbed4]:main():lattice-best-path.cc:99) For utterance 20030004_612, best cost 229.793 + 3479.3 = 3709.09 over 740 frames.
20030004_612 تبدیلی و کی لگا زچ سے میں ڈھال بھورا دے جبڑا شفیق کو توقع قوت کی لینگویج کا خاں حامل ہے 
LOG (lattice-best-path[5.5.907~1-cbed4]:main():lattice-best-path.cc:99) For utterance 20030004_613, best cost 139.647 + 2433.95 = 2573.59 over 534 frames.
20030004_613 کلیم کو لا حق بوگس اور جدول کو ریشمی نے البتہ کہا 
LOG (lattice-best-path[5.5.907~1-cbed4]:main():lattice-best-path.cc:99) For utterance 20030004_614, best cost 160.846 + 2463.43 = 2624.28 over 547 frames.
20030004_614 گدھوں فیشن نے شے شو کے کرائی و کے ساتھ سمجھیں بغیر سمجھو تھا کیا 
LOG (lattice-best-path[5.5.907~1-cbed4]:main():lattice-best-path.cc:99) For utterance 20030004_615, best cost 256.718 + 4356.29 = 4613.01 over 941 frames.
20030004_615 ہدایت کا شہزادی نے علی جور موئسچرائزنگ سکول بلڈ اوس کرتے ہوئے جونہی خان دانش کی تجوریاں گوبر ہیڈ بڑھ آیا 
LOG (lattice-best-path[5.5.907~1-cbed4]:main():lattice-best-path.cc:99) For utterance 20030004_616, best cost 273.038 + 4137.94 = 4410.98 over 890 frames.
20030004_616 تاجر غیب وارڈ میڈیسن خان پور بلین کو فروغ مزاج کر کیسی دب تصدق کی ماہ فٹ کا بل کا ایف تیار کیا 
LOG (lattice-best-path[5.5.907~1-cbed4]:main():lattice-best-path.cc:99) For utterance 20030004_617, best cost 200.416 + 2546.09 = 2746.5 over 569 frames.
20030004_617 کم بے پر پڑے سوکھ کے کچھ و میں کی لونگ کو بھول لیتا دیکھ کر فقدان گھسنے لگا 
LOG (lattice-best-path[5.5.907~1-cbed4]:main():lattice-best-path.cc:99) For utterance 20030004_618, best cost 222.461 + 3671.11 = 3893.57 over 792 frames.
20030004_618 فاؤنڈیشن کمرے جس سے روشناس موعود شو والے اکھنڈ ساغر نے کرنے یوں کے بعد ویجز کے تیار کیا ہے 
LOG (lattice-best-path[5.5.907~1-cbed4]:main():lattice-best-path.cc:99) For utterance 20030004_619, best cost 141.575 + 2329.75 = 2471.32 over 524 frames.
20030004_619 تہذیب ای تشبیہ خادم مطالبے آن کرنے کا جبری نتھی جا ہے 
LOG (lattice-best-path[5.5.907~1-cbed4]:main():lattice-best-path.cc:99) For utterance 20030004_620, best cost 258.228 + 3248.99 = 3507.22 over 688 frames.
20030004_620 چیل ملنے پَلوں کی بولوں کو گڑھ ہو میں سموئے یا اور کی ڈیمو بوڑھوں پر کو اور زور شو آؤٹ کی تیار عریاں کیں 
LOG (lattice-best-path[5.5.907~1-cbed4]:main():lattice-best-path.cc:99) For utterance 20030004_621, best cost 233.471 + 3735.49 = 3968.96 over 757 frames.
20030004_621 معجل حد رنز حاشیے نے اور کر سوجن کے ماہ بینک ویزے نوبل سدھ اور چاہیے نواز نے میں پہلے کی 
LOG (lattice-best-path[5.5.907~1-cbed4]:main():lattice-best-path.cc:99) For utterance 20030004_622, best cost 201.208 + 2949.09 = 3150.3 over 634 frames.
20030004_622 کو چیک گڑھ میں میں ندا اور قدرے کرے درج ان عمر رسیدہ بھیڑیے کو عالمی سے گزری 
LOG (lattice-best-path[5.5.907~1-cbed4]:main():lattice-best-path.cc:99) For utterance 20030004_623, best cost 146.715 + 2287.23 = 2433.94 over 510 frames.
20030004_623 بن ڈیل ہینگر لوک منافعے اس و برس کا محور کا نشاندہی گیا 
LOG (lattice-best-path[5.5.907~1-cbed4]:main():lattice-best-path.cc:99) For utterance 20030004_624, best cost 235.304 + 3603.69 = 3838.99 over 768 frames.
20030004_624 ماؤف اثر کے نعوذ کو میں گیس چینی اور فوج فوریکس والا فورم حدود کے انجکشن کیلئے مبہم ارشد بھول تھا 
LOG (lattice-best-path[5.5.907~1-cbed4]:main():lattice-best-path.cc:99) For utterance 20030004_625, best cost 188.861 + 3083.85 = 3272.71 over 717 frames.
20030004_625 نے روور ڈیل ساگر میڈیا کی آدمی قدرے دیکھ کر بنگلے زیور کے موو واقعے کو گیا 
LOG (lattice-best-path[5.5.907~1-cbed4]:main():lattice-best-path.cc:99) For utterance 20030004_626, best cost 126.868 + 2116.7 = 2243.57 over 463 frames.
20030004_626 لینڈ پہنچنے کو ملی کیا تک دھول کھیر باڑھ سمجھا 
LOG (lattice-best-path[5.5.907~1-cbed4]:main():lattice-best-path.cc:99) For utterance 20030004_627, best cost 194.336 + 2760.88 = 2955.22 over 610 frames.
20030004_627 فروغ کا خیر رول عمل کے نخوت کے اعلان یہ سے بھڑوں کو تو فوم میں لکھا رہ گیا 
LOG (lattice-best-path[5.5.907~1-cbed4]:main():lattice-best-path.cc:99) For utterance 20030004_628, best cost 221.216 + 3128.99 = 3350.21 over 710 frames.
20030004_628 لو بدھ کی تک میلے بھال نے کے لیے بیٹھ ریڈ ٹریبیونل میں فن اور کی خوشی یاں ماؤف کود تھیں 
LOG (lattice-best-path[5.5.907~1-cbed4]:main():lattice-best-path.cc:99) For utterance 20030004_629, best cost 240.688 + 3484.02 = 3724.71 over 773 frames.
20030004_629 شیلڈیں ٹریفک کے کوش والا کے وافر میں فیڈر اب گز روور منیب نے مردوں کا ہے سب بھیج کروا یا 
LOG (lattice-best-path[5.5.907~1-cbed4]:main():lattice-best-path.cc:99) For utterance 20030004_630, best cost 198.293 + 2954.17 = 3152.46 over 661 frames.
20030004_630 کئی ان قیصر نے نے شے کے اشجار میں آکر بیچے ماہ لے اچھال سے خام بکھرے گیا 
LOG (lattice-best-path[5.5.907~1-cbed4]:main():lattice-best-path.cc:99) For utterance 20030004_631, best cost 249.994 + 3907.91 = 4157.9 over 905 frames.
20030004_631 سیریز چیف کو لینڈ و برڈ نے وفاقی لیے فلو ڈچ بیچے تو قوس نے کو سے موڑ کر چھایا لے دکھائی 
LOG (lattice-best-path[5.5.907~1-cbed4]:main():lattice-best-path.cc:99) For utterance 20030004_632, best cost 244.385 + 3760.04 = 4004.42 over 874 frames.
20030004_632 حسین سعید آنے کہا کے روئی یقین گوجر چھوڑ غوں اور بیڑیاں بھجوا کر فجور اور رسولی چھوئیں بغیر بیٹھ 
LOG (lattice-best-path[5.5.907~1-cbed4]:main():lattice-best-path.cc:99) For utterance 20030004_633, best cost 252.498 + 3849.64 = 4102.13 over 822 frames.
20030004_633 ریڈ فرینڈ ان کے بگاڑنے تخیّل کے لیے منیب فن پہ حفیظ سوں کی کو والرس ایک سیسے بولنگ کیلئے دی جی گے 
LOG (lattice-best-path[5.5.907~1-cbed4]:main():lattice-best-path.cc:99) For utterance 20030004_634, best cost 209.073 + 2966 = 3175.07 over 680 frames.
20030004_634 کوئلے شجر جس چلیں شنید کی اس خان کے لیے میں روغن نیم یاں کے نکل فرینڈ کرکے لائیں 
LOG (lattice-best-path[5.5.907~1-cbed4]:main():lattice-best-path.cc:99) For utterance 20030004_635, best cost 216.087 + 3230.78 = 3446.86 over 684 frames.
20030004_635 فاریسٹ مڈل کو چنگ کی الاؤنس فارم میں بیٹھی اور اگلے ممکن تک میں یاں سیل سے سدھ آپ کریں 
LOG (lattice-best-path[5.5.907~1-cbed4]:main():lattice-best-path.cc:99) For utterance 20030004_636, best cost 190.682 + 2971.44 = 3162.12 over 677 frames.
20030004_636 کو مدعو اور خشوع نتھی جوبلی اب شاہ ہونے سے زود جا کا تو ہم کا افورڈ ہوا 
LOG (lattice-best-path[5.5.907~1-cbed4]:main():lattice-best-path.cc:99) For utterance 20030004_637, best cost 186.322 + 2805.2 = 2991.53 over 652 frames.
20030004_637 اقوام کے اس تم آدمی پہنچ کا جنگی لا ہوتی کی حد عرصے موڈ بھیڑوں ہوئی 
LOG (lattice-best-path[5.5.907~1-cbed4]:main():lattice-best-path.cc:99) For utterance 20030004_638, best cost 217.15 + 3304.92 = 3522.07 over 709 frames.
20030004_638 کام جو گوجر کی شیڈول ڈرائینگ میں کوئی صورت چھور کوٹھڑی کو کر کی کے بلا آف سے جج جیم 
LOG (lattice-best-path[5.5.907~1-cbed4]:main():lattice-best-path.cc:99) For utterance 20030004_639, best cost 221.135 + 3348.38 = 3569.51 over 768 frames.
20030004_639 ٹریفک کے دفتر کی دکھ اے جلسے تجویز کر صغیر نہ خود کیسوں ہر تک ساز سے بہت سکتیں 
LOG (lattice-best-path[5.5.907~1-cbed4]:main():lattice-best-path.cc:99) For utterance 20030004_640, best cost 229.5 + 3459.58 = 3689.08 over 768 frames.
20030004_640 چور کے نے یوم پر بیٹھی گیارہویں صفیں یہ نے پیسنے کونسل کے شاہ والا کا کا چوری کوچ لگا آیا 
LOG (lattice-best-path[5.5.907~1-cbed4]:main():lattice-best-path.cc:99) For utterance 20030004_641, best cost 167.706 + 2740.23 = 2907.94 over 601 frames.
20030004_641 کو کو پالمر اور بڑی شگوفے کو کی آتشیں بعد سے کھلکھلا کر بھینس سے کی دیں 
LOG (lattice-best-path[5.5.907~1-cbed4]:main():lattice-best-path.cc:99) For utterance 20030004_642, best cost 179.07 + 2552.25 = 2731.32 over 588 frames.
20030004_642 ہر فوم کی فٹ فی میچ اس سیکھیں تو درس اسے نفوذ کی ہوا رو کی 
LOG (lattice-best-path[5.5.907~1-cbed4]:main():lattice-best-path.cc:99) For utterance 20030004_643, best cost 211.353 + 2858.65 = 3070.01 over 626 frames.
20030004_643 تفاوت سے نہ فائر پڑنے موقف آف ہجر سے نہ ہائے اور دوغلی لاکھ سے زاید طرحی ڈال ہے 
LOG (lattice-best-path[5.5.907~1-cbed4]:main():lattice-best-path.cc:99) For utterance 20030004_644, best cost 226.712 + 3580.82 = 3807.54 over 753 frames.
20030004_644 ڈچ کے علی میں ترچھی ایک میں ڈور روئیں اور ذاد برابر چھری کے سینما پر سکتے ندا پاک پھیریں 
LOG (lattice-best-path[5.5.907~1-cbed4]:main():lattice-best-path.cc:99) For utterance 20030004_645, best cost 191.581 + 3085.15 = 3276.74 over 687 frames.
20030004_645 نڈر ویلوٹ کے اس میں دو سب کے سائیڈ پر زور مس کر کرنے کی فاجر کھلیں ہیں 
LOG (lattice-best-path[5.5.907~1-cbed4]:main():lattice-best-path.cc:99) For utterance 20030004_646, best cost 163.211 + 3045.26 = 3208.47 over 664 frames.
20030004_646 سعودی ناول جوس نے اور چبھنے کے بعد لاؤ براں نے بڑھائے ڈالنے آئی 
LOG (lattice-best-path[5.5.907~1-cbed4]:main():lattice-best-path.cc:99) For utterance 20030004_647, best cost 161.717 + 2064.46 = 2226.17 over 439 frames.
20030004_647 بو آج نادر کے تھانہ ظہیر بھون دھونی چور کر دو رو پر آئے 
LOG (lattice-best-path[5.5.907~1-cbed4]:main():lattice-best-path.cc:99) For utterance 20030004_648, best cost 131.332 + 2373.04 = 2504.38 over 531 frames.
20030004_648 میلے میں دودھیا چار سکتے نوحہ خرچ ایئر کیلئے کروا تھا 
LOG (lattice-best-path[5.5.907~1-cbed4]:main():lattice-best-path.cc:99) For utterance 20030004_649, best cost 158.374 + 2664.86 = 2823.23 over 582 frames.
20030004_649 کو کو کو کن مین صرف کے بیٹھ نے کے بعد کا بام کا لیڈر لگائے 
LOG (lattice-best-path[5.5.907~1-cbed4]:main():lattice-best-path.cc:99) For utterance 20030004_650, best cost 198.017 + 3189.05 = 3387.07 over 690 frames.
20030004_650 ہجو میری تعلیم کی سی غیرت اور سال میں یقین کی نبوی اہلیہ کے ادائیگی تک اعزہ ہے 
LOG (lattice-best-path[5.5.907~1-cbed4]:main():lattice-best-path.cc:99) For utterance 20030004_651, best cost 173.832 + 2967.64 = 3141.47 over 679 frames.
20030004_651 کوئی ایل خوف بلڈنگ میں چونگی کھوکھلے ایقان کے اور نے سے پہلے سونگ پی تھی 
LOG (lattice-best-path[5.5.907~1-cbed4]:main():lattice-best-path.cc:99) For utterance 20030004_652, best cost 240.841 + 3415.03 = 3655.88 over 801 frames.
20030004_652 ہیڈ رول ینگ کی چھیلنے تھام گئی اور ملی کوڈ کے نو لا میں کا گوٹھوں کے سدھو اور تک پہنچ ای 
LOG (lattice-best-path[5.5.907~1-cbed4]:main():lattice-best-path.cc:99) For utterance 20030004_653, best cost 200.259 + 3078.94 = 3279.19 over 694 frames.
20030004_653 لو ایئر برابر ڈیل سے کسی سن ٹھل قرضے لکھی ہجر عید لائی تک روز ہوا 
LOG (lattice-best-path[5.5.907~1-cbed4]:main():lattice-best-path.cc:99) For utterance 20030004_654, best cost 193.878 + 3189.4 = 3383.28 over 694 frames.
20030004_654 کرنے اور دیش ہاؤس اس کی ایشیائی جونہی اور انسٹھویں اور اس کے نوید عام عید سدھ رہیں 
LOG (lattice-best-path[5.5.907~1-cbed4]:main():lattice-best-path.cc:99) For utterance 20030004_655, best cost 145.48 + 2158.7 = 2304.18 over 493 frames.
20030004_655 نام بخشش کی یہ چھائی گوڈی لیب بو جانے کا عشرت ایں 
LOG (lattice-best-path[5.5.907~1-cbed4]:main():lattice-best-path.cc:99) For utterance 20030004_656, best cost 199.644 + 3267.97 = 3467.61 over 744 frames.
20030004_656 بے ایل سے سمجھی ایئر و ہینگر کا زیر ایونٹ بچائیں اور سنو جوار بھید حبس کریں 
LOG (lattice-best-path[5.5.907~1-cbed4]:main():lattice-best-path.cc:99) For utterance 20030004_657, best cost 162.641 + 2365.1 = 2527.74 over 545 frames.
20030004_657 خام غور آف پھنسے ان کے ایک ایف پر کردار کی حد سے موخر نہیں 
LOG (lattice-best-path[5.5.907~1-cbed4]:main():lattice-best-path.cc:99) For utterance 20030004_658, best cost 143.981 + 2513.65 = 2657.63 over 505 frames.
20030004_658 لینڈ ورلڈ کا میں با لوہے عفو ایئر سکھی بعد سے گزارنے 
LOG (lattice-best-path[5.5.907~1-cbed4]:main():lattice-best-path.cc:99) For utterance 20030004_659, best cost 215.101 + 3446.55 = 3661.65 over 796 frames.
20030004_659 مٹیں کود کر بجھائی اور کوڑھ ای کا تک خام پور و قوس کے بعد بوم نیا کر سوویں 
LOG (lattice-best-path[5.5.907~1-cbed4]:main():lattice-best-path.cc:99) For utterance 20030004_660, best cost 108.177 + 1941.28 = 2049.45 over 406 frames.
20030004_660 ہوئے پردھان کے بقایا قے ضلع میں نہیں حوصلہ 
LOG (lattice-best-path[5.5.907~1-cbed4]:main():lattice-best-path.cc:99) For utterance 20030004_661, best cost 130.92 + 2244.32 = 2375.24 over 513 frames.
20030004_661 کا صرف لینے کے لیے بیچوں پر حامل کا داغدار راغب دبائے 
LOG (lattice-best-path[5.5.907~1-cbed4]:main():lattice-best-path.cc:99) For utterance 20030004_662, best cost 185.536 + 2468.86 = 2654.4 over 549 frames.
20030004_662 کر ٹرین چون کو کی آنکھ یاں جھلی تو سے یا رو کی تشبیہ ہی بیک اڑیں 
LOG (lattice-best-path[5.5.907~1-cbed4]:main():lattice-best-path.cc:99) For utterance 20030004_663, best cost 220.672 + 2955.97 = 3176.64 over 658 frames.
20030004_663 پی رونے جہاں چاہے مگ کا گا انگوٹھے یاں عرصہ تھیں تو کی معدے کی طرحی صوبوں قوت گی 
LOG (lattice-best-path[5.5.907~1-cbed4]:main():lattice-best-path.cc:99) For utterance 20030004_664, best cost 246.08 + 3329.38 = 3575.46 over 744 frames.
20030004_664 فراواں صیاد اے کے بارے اعظم میں تعین آدھ گورے لیتا نہ زور ہوا تو ایئر جی کے روپے کھڑے ہو گئے 
LOG (lattice-best-path[5.5.907~1-cbed4]:main():lattice-best-path.cc:99) For utterance 20030004_665, best cost 148.179 + 2680.4 = 2828.58 over 587 frames.
20030004_665 فیصلے خسارے رابعہ سے سے بھرٹ چینی تو خواہ آج مخیر ہوا 
LOG (lattice-best-path[5.5.907~1-cbed4]:main():lattice-best-path.cc:99) For utterance 20030004_666, best cost 163.276 + 2209.24 = 2372.51 over 480 frames.
20030004_666 بوم سے ہوے اگرچہ علم پر آ کا کا طرف ضلع خیر سے بھولیں یہ 
LOG (lattice-best-path[5.5.907~1-cbed4]:main():lattice-best-path.cc:99) For utterance 20030004_667, best cost 134.036 + 2470.78 = 2604.81 over 558 frames.
20030004_667 پہلی دیے کے دھاڑ سے جہتیں کو سے کے گگلی بھون سنبھلی 
LOG (lattice-best-path[5.5.907~1-cbed4]:main():lattice-best-path.cc:99) For utterance 20030004_668, best cost 240.724 + 3449.37 = 3690.09 over 777 frames.
20030004_668 سامنے فلو اور پیر کے پر لڑیں میں خوگر نے والا چند کا پچھلے یا آ بیعانہ بلین سے جال نکل لا 
LOG (lattice-best-path[5.5.907~1-cbed4]:main():lattice-best-path.cc:99) For utterance 20030004_669, best cost 173.249 + 2345.11 = 2518.36 over 543 frames.
20030004_669 وارڈ خاص ان و فلڈ بورڈ نے میوزک سے لیے جیز زیڈ روڈ نہیں کیا 
LOG (lattice-best-path[5.5.907~1-cbed4]:main():lattice-best-path.cc:99) For utterance 20030004_670, best cost 164.781 + 2278.07 = 2442.85 over 512 frames.
20030004_670 رو سے کا آخری یہ شاہ ہائے کس اڈوں کا خود کوڑھ وہ کا تعلق 
LOG (lattice-best-path[5.5.907~1-cbed4]:main():lattice-best-path.cc:99) For utterance 20030004_671, best cost 233.643 + 3715.73 = 3949.38 over 872 frames.
20030004_671 غیر شے سے پہلے سوسائٹی گڑیا نے کہا سوں اور اس بقول کے سکول چھور لیے نے دو اور جی یہ جاؤ 
LOG (lattice-best-path[5.5.907~1-cbed4]:main():lattice-best-path.cc:99) For utterance 20030004_672, best cost 198.982 + 2910.11 = 3109.1 over 652 frames.
20030004_672 انٹر میری ایڈز شو سے لائیں تو فاروق آن بل صرف پر اوس اگرچہ کا پہلا ہے 
LOG (lattice-best-path[5.5.907~1-cbed4]:main():lattice-best-path.cc:99) For utterance 20030004_673, best cost 146.818 + 2314.28 = 2461.1 over 536 frames.
20030004_673 قرار ٹھیک ایچ آنگن وعدے ہوے چوزے نظر کے بے پر بڑھائے 
LOG (lattice-best-path[5.5.907~1-cbed4]:main():lattice-best-path.cc:99) For utterance 20030004_674, best cost 201.787 + 3167.02 = 3368.81 over 656 frames.
20030004_674 نشر نے پَلوں میں پر ایسا خرچ آگ آنکھ کر ہم بار ہے یوں ٹھونس نے کی کوشش کی 
LOG (lattice-best-path[5.5.907~1-cbed4]:main():lattice-best-path.cc:99) For utterance 20030004_675, best cost 133.439 + 2193.28 = 2326.72 over 501 frames.
20030004_675 عارضی بھربھری کے روپے پر سوچے تو تعاون کا وہاب اور آئے 
LOG (lattice-best-path[5.5.907~1-cbed4]:main():lattice-best-path.cc:99) For utterance 20030004_676, best cost 184.322 + 2962.86 = 3147.19 over 617 frames.
20030004_676 اپنے رہائش کی سے اس کا نتیجے کا کھولے زوال نے عملا گشت جھگڑے پر رکھ گی 
LOG (lattice-best-path[5.5.907~1-cbed4]:main():lattice-best-path.cc:99) For utterance 20030004_677, best cost 216.382 + 3500.15 = 3716.54 over 794 frames.
20030004_677 نے سامنے کی یا کی گگلی ہوئی مگر بعدازاں قوس ابو ہیرو گرداں نیم کو محویت سے بدل گیا 
LOG (lattice-best-path[5.5.907~1-cbed4]:main():lattice-best-path.cc:99) For utterance 20030004_678, best cost 228.271 + 4023.27 = 4251.54 over 870 frames.
20030004_678 سن آفس ماہ پر ڈیلی فیڈرل جڑ والوں سے چرانے کیلئے حروں جن فلیش سے مشق کے شعر کریں 
LOG (lattice-best-path[5.5.907~1-cbed4]:main():lattice-best-path.cc:99) For utterance 20030004_679, best cost 136.424 + 2275.79 = 2412.21 over 496 frames.
20030004_679 تھوڑی اور تیری پر چیڑھ لگا یا تو سفر تیزی سے الجھی 
LOG (lattice-best-path[5.5.907~1-cbed4]:main():lattice-best-path.cc:99) For utterance 20030004_680, best cost 227.83 + 3393.17 = 3621 over 764 frames.
20030004_680 چوری کا جوڑے آپ اہل دے ہوے بیٹھ و تو لائی وقف آ راہبر رقص نے میں دل علاوہ جاتا ہے 
LOG (lattice-best-path[5.5.907~1-cbed4]:main():lattice-best-path.cc:99) For utterance 20030004_681, best cost 224.761 + 3090.68 = 3315.44 over 688 frames.
20030004_681 گدھا چل شون جیب شے کو کے ہر کی ڈھا رسولی تو ہولوں مون پر بجھی دھار پر سوئے آ 
LOG (lattice-best-path[5.5.907~1-cbed4]:main():lattice-best-path.cc:99) For utterance 20030004_682, best cost 204.689 + 2840.94 = 3045.63 over 656 frames.
20030004_682 بے ایفکٹ اور چوالیس یہ کی لوٹ پر بے جڑیں کا ناچنے اجاگر باعث کے جو ہر معلوم کیے 
LOG (lattice-best-path[5.5.907~1-cbed4]:main():lattice-best-path.cc:99) For utterance 20030004_683, best cost 170.629 + 2712.46 = 2883.09 over 605 frames.
20030004_683 ریڈ سے ماہ عود کی جبڑوں تک اینٹھن نے نیچی ریلیف کے لیے سے نکل گئی 
LOG (lattice-best-path[5.5.907~1-cbed4]:main():lattice-best-path.cc:99) For utterance 20030004_684, best cost 203.854 + 3180.48 = 3384.34 over 758 frames.
20030004_684 نمبر وی فورم کو آتی آدھ سیٹھ کے قیود میں میں لوں یا رحیل طلب تک عام 
LOG (lattice-best-path[5.5.907~1-cbed4]:main():lattice-best-path.cc:99) For utterance 20030004_685, best cost 155.595 + 2163.55 = 2319.14 over 489 frames.
20030004_685 جو فعال ابو سے بیچے بخشیں کو سے کہا سے لا مون بدھ ہو 
LOG (lattice-best-path[5.5.907~1-cbed4]:main():lattice-best-path.cc:99) For utterance 20030004_686, best cost 204.59 + 2478.35 = 2682.94 over 543 frames.
20030004_686 صرف تبدیل کے صرف فعل بیک پیش عرصے دنیا دی مے سچ کا شو شاہ پوچھ و 
LOG (lattice-best-path[5.5.907~1-cbed4]:main():lattice-best-path.cc:99) For utterance 20030004_687, best cost 222.757 + 3582.16 = 3804.92 over 796 frames.
20030004_687 سوچ کوئی اس کے بدسلوکی سے آنکھیں کھولنے تو حق ابھرا سے چیف مان کر تو جا مہجور کر گئے 
LOG (lattice-best-path[5.5.907~1-cbed4]:main():lattice-best-path.cc:99) For utterance 20030004_688, best cost 252.269 + 3647.93 = 3900.2 over 831 frames.
20030004_688 قل کی بلکہ چادر بھیج بچہ کر سنچری یاں گزارنے اور بیچ کی کے بیک میں نے حامد ہوں کے پراٹھا داغ بھیجا 
LOG (lattice-best-path[5.5.907~1-cbed4]:main():lattice-best-path.cc:99) For utterance 20030004_689, best cost 224.953 + 2819.27 = 3044.22 over 645 frames.
20030004_689 بو جو تو بڑے جیز ذخیرہ کیا جا نو جو گول بنائی اور سوئس و فصلیں کو چل کر چھائی 
LOG (lattice-best-path[5.5.907~1-cbed4]:main():lattice-best-path.cc:99) For utterance 20030004_690, best cost 147.956 + 1861.14 = 2009.1 over 467 frames.
20030004_690 یہ گھن یاں نہ پڑھائی کے شو لے کو چھور آن نہیں جاتا 
LOG (lattice-best-path[5.5.907~1-cbed4]:main():lattice-best-path.cc:99) For utterance 20030004_691, best cost 204.004 + 3348.4 = 3552.41 over 808 frames.
20030004_691 کی سی کے دلجوئی کیلئے اپنا جیگوار دھوئے یا اور پر ہنسیں ٹھونس آکر معین آدمی ٹھونس دیئے 
LOG (lattice-best-path[5.5.907~1-cbed4]:main():lattice-best-path.cc:99) For utterance 20030004_692, best cost 211.237 + 2780.71 = 2991.94 over 657 frames.
20030004_692 بدھ خون ایثار نے کہا کے مے مس سے حوصلہ بدلے حد گاڑی کے بن ہی کھاد کے دل ہے 
LOG (lattice-best-path[5.5.907~1-cbed4]:main():lattice-best-path.cc:99) For utterance 20030004_693, best cost 152.914 + 2787.05 = 2939.97 over 673 frames.
20030004_693 میں نے حق کے جوئیہ سے کہا کے وہ کا پر بنا کر لائے مدعو 
LOG (lattice-best-path[5.5.907~1-cbed4]:main():lattice-best-path.cc:99) For utterance 20030004_694, best cost 203.234 + 2821.34 = 3024.58 over 604 frames.
20030004_694 طرفین کاجو لاشیں شفاعت کر صاحب کو جج جی اور اسے ہی چاقو جو بند بن آئے 
LOG (lattice-best-path[5.5.907~1-cbed4]:main():lattice-best-path.cc:99) For utterance 20030004_695, best cost 185.052 + 2683.52 = 2868.57 over 606 frames.
20030004_695 کوئی کے جانب کھچی جانے کو کیا رو موقع اگر کی جاؤں تو پانی میں گھول جا ہے 
LOG (lattice-best-path[5.5.907~1-cbed4]:main():lattice-best-path.cc:99) For utterance 20030004_696, best cost 210.721 + 2724.82 = 2935.54 over 617 frames.
20030004_696 کے ایل شیم LOG (lattice-scale[5.5.907~1-cbed4]:main():lattice-scale.cc:107) Done 108 lattices.
فورس ریڈ کے آ میں سے کو بس ملیں مسوڑوں کے بنانے کیلئے فراواں عام کیا جائے گا 
LOG (lattice-best-path[5.5.907~1-cbed4]:main():lattice-best-path.cc:99) For utterance 20030004_697, best cost 146.815 + 2201.43 = 2348.24 over 492 frames.
20030004_697 بل اور کا عود سے سَیل لینتھ دم کے ڈیزائنروں کرنے کا کام ہو گا 
LOG (lattice-best-path[5.5.907~1-cbed4]:main():lattice-best-path.cc:99) For utterance 20030004_698, best cost 149.915 + 2058.17 = 2208.09 over 474 frames.
20030004_698 بار واں مان ذادہ دور بھینسیں شفاعت باعث کا جائزہ لینے لگا 
LOG (lattice-best-path[5.5.907~1-cbed4]:main():lattice-best-path.cc:99) For utterance 20030004_699, best cost 215.717 + 2602.95 = 2818.67 over 596 frames.
20030004_699 نجات کے فیوچر آف کار کیچڑ ای میں بتایا یہ کے اہل یا نیم ریوڑ مہندی کا مقصود چوم 
LOG (lattice-best-path[5.5.907~1-cbed4]:main():lattice-best-path.cc:99) For utterance 20030004_700, best cost 172.147 + 2326.94 = 2499.09 over 540 frames.
20030004_700 گوشے اور فوم کی تک خلیل میں تغافل کی سوجھی جھڑک کر بس سوکھ سے افق 
LOG (lattice-best-path[5.5.907~1-cbed4]:main():lattice-best-path.cc:99) For utterance 20030004_701, best cost 226.313 + 2734.66 = 2960.97 over 617 frames.
20030004_701 مضمون با عنوان بو نوگو گذر کی تو ماتھا جی سے کے الحاق کر حوض اس ہوے تو کو سمجھا آیا 
LOG (lattice-best-path[5.5.907~1-cbed4]:main():lattice-best-path.cc:99) For utterance 20030004_702, best cost 150.121 + 2075.06 = 2225.18 over 513 frames.
20030004_702 غیر فیصلہ آ قوت کی روڈ میں بارے کو شاہ دو نادر بخشے 
LOG (lattice-add-penalty[5.5.907~1-cbed4]:main():lattice-add-penalty.cc:62) Done adding word insertion penalty to 108 lattices.
LOG (lattice-best-path[5.5.907~1-cbed4]:main():lattice-best-path.cc:99) For utterance 20030004_703, best cost 160.958 + 2057.88 = 2218.83 over 504 frames.
20030004_703 حیرت حائل سے تولید ای چھین کے کے پڑھوں کا وہ بار ظاہر ہوتا ہے 
LOG (lattice-best-path[5.5.907~1-cbed4]:main():lattice-best-path.cc:99) For utterance 20030004_704, best cost 185.937 + 3178.18 = 3364.11 over 762 frames.
20030004_704 جو تھائی ونگ سے شنید موعود آئین آزاد یوں کے ایک انظباتی علاوہ پراسیس ہے 
LOG (lattice-best-path[5.5.907~1-cbed4]:main():lattice-best-path.cc:99) For utterance 20030004_705, best cost 186.11 + 2466.11 = 2652.22 over 586 frames.
20030004_705 با وجہ گگن ماہ ایک روہی و سے چادر لاگت آٹھ پھنس و سے بڑھ گئی 
LOG (lattice-best-path[5.5.907~1-cbed4]:main():lattice-best-path.cc:99) For utterance 20030004_706, best cost 118.316 + 1807.69 = 1926.01 over 434 frames.
20030004_706 بل سفید گیس کے آنکھیں دکھی تو مدد میں چوم 
LOG (lattice-best-path[5.5.907~1-cbed4]:main():lattice-best-path.cc:99) For utterance 20030004_707, best cost 154.829 + 1910.79 = 2065.62 over 479 frames.
20030004_707 ماضی کو بلا یا ہے تو آگے بری یوں میں گناہوں میں نہ پڑی 
LOG (lattice-best-path[5.5.907~1-cbed4]:main():lattice-best-path.cc:99) For utterance 20030004_708, best cost 179.385 + 2687.65 = 2867.04 over 653 frames.
20030004_708 جنگ جھرنے سے پہلے پڑھے نے مجھے کچھ خارجہ صیغہ طریقہ اور مشق سمجھا اے 
LOG (lattice-best-path[5.5.907~1-cbed4]:main():lattice-best-path.cc:124) Overall cost per frame is 4.76923 = 0.299496 [graph] + 4.46974 [acoustic] over 70132 frames.
LOG (lattice-best-path[5.5.907~1-cbed4]:main():lattice-best-path.cc:128) Done 108 lattices, failed for 0
# Accounting: time=0 threads=1
# Ended (code 0) at Wed Apr 21 05:45:19 PKT 2021, elapsed time 0 seconds
