# lattice-scale --inv-acoustic-scale=10 "ark:gunzip -c exp/tri4/decode/lat.*.gz|" ark:- | lattice-add-penalty --word-ins-penalty=1.0 ark:- ark:- | lattice-best-path --word-symbol-table=exp/tri4/graph/words.txt ark:- ark,t:- | utils/int2sym.pl -f 2- exp/tri4/graph/words.txt | cat > exp/tri4/decode/scoring_kaldi/penalty_1.0/10.txt 
# Started at Wed Apr 21 10:38:52 PKT 2021
#
lattice-best-path --word-symbol-table=exp/tri4/graph/words.txt ark:- ark,t:- 
lattice-add-penalty --word-ins-penalty=1.0 ark:- ark:- 
lattice-scale --inv-acoustic-scale=10 'ark:gunzip -c exp/tri4/decode/lat.*.gz|' ark:- 
LOG (lattice-best-path[5.5.907~1-cbed4]:main():lattice-best-path.cc:99) For utterance 20030004_601, best cost 284.252 + 4008.45 = 4292.7 over 804 frames.
20030004_601 نو بُدھی یہاں تک اونچی کے دوا کے کے لے شو میں گھر عید ہنگری پلنٹی کی درہم بھول کے پڑ آؤ کو بھول کر نیلم گی 
LOG (lattice-best-path[5.5.907~1-cbed4]:main():lattice-best-path.cc:99) For utterance 20030004_602, best cost 339.506 + 5104.91 = 5444.42 over 1000 frames.
20030004_602 دل شبہ کو آئیوڈین کے نرخوں اور کھیلے پر رکھے ہوے آڑ ڈھائی کے لو بن نقش ای آلود چار کے باولنگ بری اس گرنے کی شرکت سے آڑ زود ہے 
LOG (lattice-best-path[5.5.907~1-cbed4]:main():lattice-best-path.cc:99) For utterance 20030004_603, best cost 258.563 + 3917.37 = 4175.93 over 782 frames.
20030004_603 شاہ مس شو گروں اور نزلے کی بڑا اس کی گدے عمل پر اٹھا تو تک کبیر نے بےقصور پر کرا الجھ آکر کیا 
LOG (lattice-best-path[5.5.907~1-cbed4]:main():lattice-best-path.cc:99) For utterance 20030004_604, best cost 213.802 + 3292.99 = 3506.79 over 638 frames.
20030004_604 سدھ یہ نے ناں ایری کے داخلوں کے کر برڈ پڑی تو کا اسود چاہے کے اوس کے ندوی اٹھائے ہیں 
LOG (lattice-best-path[5.5.907~1-cbed4]:main():lattice-best-path.cc:99) For utterance 20030004_605, best cost 151.796 + 2462.26 = 2614.05 over 506 frames.
20030004_605 سول جل شوربہ جھمکے پیش اے میں گولڈ پیر کر داخل دیتا ہے 
LOG (lattice-best-path[5.5.907~1-cbed4]:main():lattice-best-path.cc:99) For utterance 20030004_606, best cost 195.279 + 2795.23 = 2990.51 over 554 frames.
20030004_606 نے دین کے تو مآب میں بلوں بدھ سے کی اس نبی و کے تنفس کی بڑی وزیر رتھ ہے 
LOG (lattice-best-path[5.5.907~1-cbed4]:main():lattice-best-path.cc:99) For utterance 20030004_607, best cost 139.489 + 2104.73 = 2244.22 over 428 frames.
20030004_607 تک سے کی ایک کی اور عفت کی زور باندھ گھمبیر نہ بنائی جائے 
LOG (lattice-best-path[5.5.907~1-cbed4]:main():lattice-best-path.cc:99) For utterance 20030004_608, best cost 174.924 + 2961.29 = 3136.21 over 578 frames.
20030004_608 کھبے کے بورڈ ڈیمو اور کو خرچ کر ڈام چُھپ جانے کی دھل چھم تو ہو گی 
LOG (lattice-best-path[5.5.907~1-cbed4]:main():lattice-best-path.cc:99) For utterance 20030004_609, best cost 245.641 + 3731.06 = 3976.7 over 746 frames.
20030004_609 طلب شل میں محلوں اُمید بار مگر مارچ میں اس سول اے نکالیں اور فی سوکھ کے چور کا تصحیح یا کیا 
LOG (lattice-best-path[5.5.907~1-cbed4]:main():lattice-best-path.cc:99) For utterance 20030004_610, best cost 211.68 + 3644.39 = 3856.07 over 740 frames.
20030004_610 مماثل اہل لے تشہیر کا بیگج کی کم ان بے ڈالنے چڑھ کی طرف زیور دیے فیس عام ہے 
LOG (lattice-best-path[5.5.907~1-cbed4]:main():lattice-best-path.cc:99) For utterance 20030004_611, best cost 213.29 + 3389.76 = 3603.05 over 699 frames.
20030004_611 کھو سے پہنے میں گا فورس در نے سے کے دب آؤ کو گڑگڑا حد کی بوجھ کے ساتھ چھ لے 
LOG (lattice-best-path[5.5.907~1-cbed4]:main():lattice-best-path.cc:99) For utterance 20030004_612, best cost 231.71 + 3790.16 = 4021.87 over 740 frames.
20030004_612 تبدیلی و کی لفظ عشرے میں ڈھال بھورا رہے چلا شب کو دو حق اؤٹ کی لینگویج کا خیام عام ہے 
LOG (lattice-best-path[5.5.907~1-cbed4]:main():lattice-best-path.cc:99) For utterance 20030004_613, best cost 155.247 + 2641.27 = 2796.51 over 534 frames.
20030004_613 علم کو لا حق بوگس کوڈ جرنیل کو روشنی نے ایل وعدہ کہا 
LOG (lattice-best-path[5.5.907~1-cbed4]:main():lattice-best-path.cc:99) For utterance 20030004_614, best cost 166.847 + 2717.57 = 2884.42 over 547 frames.
20030004_614 گود دو فعال نے شے شو کے کرائی و کے ساتھ سمجھیں بغیر سمجھو کا کیا 
LOG (lattice-best-path[5.5.907~1-cbed4]:main():lattice-best-path.cc:99) For utterance 20030004_615, best cost 282.865 + 4735.59 = 5018.45 over 941 frames.
20030004_615 ہدایت کا شہزادی نے علی جور موئسچرائزنگ اس کو بلڈ اوس کرتے ہوئے ایک جوبلی خان ڈام کے کی جو ریلیف اوور ہیڈ بڑھا یا 
LOG (lattice-best-path[5.5.907~1-cbed4]:main():lattice-best-path.cc:99) For utterance 20030004_616, best cost 294.019 + 4501.19 = 4795.21 over 890 frames.
20030004_616 تاجر ویب وارڈ ہیڈ نے اس افغان پور ڈویژن کو فروغ مزاج کر کیسی تلخ قسم وفد کی ماہ فٹ کا ہر کا ایف تیار کیا 
LOG (lattice-best-path[5.5.907~1-cbed4]:main():lattice-best-path.cc:99) For utterance 20030004_617, best cost 213.378 + 2773.07 = 2986.45 over 569 frames.
20030004_617 کھل بے پر پڑے سوکھ کے کچھ و میں کی لو کو ہو لیتا دیکھ کر فعل داغ بس نے لگا 
LOG (lattice-best-path[5.5.907~1-cbed4]:main():lattice-best-path.cc:99) For utterance 20030004_618, best cost 221.791 + 3999.65 = 4221.44 over 792 frames.
20030004_618 فارم ٹینک اب ریچھ سے روشناس موعود شو بارے اکھنڈ سابق میں گلیوں کے بعد کے جیز اطلاعات کیا ہے 
LOG (lattice-best-path[5.5.907~1-cbed4]:main():lattice-best-path.cc:99) For utterance 20030004_619, best cost 153.501 + 2562.79 = 2716.29 over 524 frames.
20030004_619 تہذیب پی تشبیہ خادم مطالبے آن کرنے کا جو بری نتھی جا ہے 
LOG (lattice-best-path[5.5.907~1-cbed4]:main():lattice-best-path.cc:99) For utterance 20030004_620, best cost 241.617 + 3563.65 = 3805.27 over 688 frames.
20030004_620 چیل ماں نے پَلوں کے ہولوں کو گڑھ میں سموئے یا اور کی ڈیمو کوڑھ اوپر پرجوش و آؤٹ کی کیا ربیعہ کی 
LOG (lattice-best-path[5.5.907~1-cbed4]:main():lattice-best-path.cc:99) For utterance 20030004_621, best cost 250.491 + 4048.56 = 4299.05 over 757 frames.
20030004_621 معجل حد رزق حاشیے نے اور کر سوجن کے واں بیگ ویزے نوبل سکورز چاقو پی نواز نے میں پہلے ایل کی 
LOG (lattice-best-path[5.5.907~1-cbed4]:main():lattice-best-path.cc:99) For utterance 20030004_622, best cost 200.974 + 3193.26 = 3394.23 over 634 frames.
20030004_622 کو چیک کڑوے میں ندا اور گدے لے کر لے کر جلو عمر رسیدہ بھیڑیے کو عالمی سے گزری 
LOG (lattice-best-path[5.5.907~1-cbed4]:main():lattice-best-path.cc:99) For utterance 20030004_623, best cost 156.558 + 2477.42 = 2633.97 over 510 frames.
20030004_623 بیگ دل کیمپ کر روغن آف آ سوکھ برس کا محور کا نشاندہی گیا 
LOG (lattice-best-path[5.5.907~1-cbed4]:main():lattice-best-path.cc:99) For utterance 20030004_624, best cost 233.025 + 3967.56 = 4200.59 over 768 frames.
20030004_624 ماؤف اثر کے نعوذ کو میں گیس ٹرین اور فورس فورس والا فورم حدود کے انجکشن کیلئے مہم ارشد بھول تھا 
LOG (lattice-best-path[5.5.907~1-cbed4]:main():lattice-best-path.cc:99) For utterance 20030004_625, best cost 196.503 + 3382.47 = 3578.97 over 717 frames.
20030004_625 نڈر رنز اگر میڈیا کی قادری قدرے دیکھ کر بدلے سی کر کے مگ واقعے کھو گیا 
LOG (lattice-best-path[5.5.907~1-cbed4]:main():lattice-best-path.cc:99) For utterance 20030004_626, best cost 153.218 + 2261.85 = 2415.07 over 463 frames.
20030004_626 لیب خود بوجھ نے کو ملی کیا تک دھل کیے لگا آڑ سمجھا 
LOG (lattice-best-path[5.5.907~1-cbed4]:main():lattice-best-path.cc:99) For utterance 20030004_627, best cost 202.852 + 3031.8 = 3234.65 over 610 frames.
20030004_627 فروغ کا خیر رول عمل کے نخوت کے اعلان یہ سے بڑھا کو تو فوم میں لکھا لگے آ 
LOG (lattice-best-path[5.5.907~1-cbed4]:main():lattice-best-path.cc:99) For utterance 20030004_628, best cost 211.322 + 3405.64 = 3616.97 over 710 frames.
20030004_628 لو بدھ کی تک میل لگانے کیلئے بیٹھ ریڈ ٹریبیونل میں فن اور کی خوشی یاں مغفور دکھ تھیں 
LOG (lattice-best-path[5.5.907~1-cbed4]:main():lattice-best-path.cc:99) For utterance 20030004_629, best cost 243.194 + 3866.82 = 4110.02 over 773 frames.
20030004_629 شیڈ ٹریلر کے کوش والا کے وافر میں فیڈر اب بس رول انیق نے نرخوں کا ڈھے سگے چَھپ کروا یا 
LOG (lattice-best-path[5.5.907~1-cbed4]:main():lattice-best-path.cc:99) For utterance 20030004_630, best cost 208.454 + 3216.12 = 3424.57 over 661 frames.
20030004_630 کئی ان قیصر نے نے شے کے اشجار میں آکر بیچے ماہ لے کچھ ان سے خام دیکھ کر گیا 
LOG (lattice-best-path[5.5.907~1-cbed4]:main():lattice-best-path.cc:99) For utterance 20030004_631, best cost 272.127 + 4232.09 = 4504.21 over 905 frames.
20030004_631 سیدھے اس چیف کو لینڈ و برڈ نے وقف آگ کیلئے فعل اور خرچ بھیجے تو غوث نے کو سے موڑ کر چھائی لے دکھائی 
LOG (lattice-best-path[5.5.907~1-cbed4]:main():lattice-best-path.cc:99) For utterance 20030004_632, best cost 247.202 + 4154.04 = 4401.24 over 874 frames.
20030004_632 حاضری سعید آنے کہا کے رول یہ کے حجت چھوڑ و اور بیڑیاں بھجوا کر فجور اور رسولی چھوئیں بغیر بیٹھ ہے 
LOG (lattice-best-path[5.5.907~1-cbed4]:main():lattice-best-path.cc:99) For utterance 20030004_633, best cost 264.453 + 4185.16 = 4449.61 over 822 frames.
20030004_633 حیرت فرینڈ ان کے بگاڑنے تخیّل کیلئے انیق مین ٹینک اور فی سوں کی کو آ سیکھ سیل سے بولنگ کیلئے دی جی گے 
LOG (lattice-best-path[5.5.907~1-cbed4]:main():lattice-best-path.cc:99) For utterance 20030004_634, best cost 201.401 + 3295.6 = 3497 over 680 frames.
20030004_634 کو لے شجر جس شے شنید کی اس تھانہ کیلئے روغن عیادت کے نکل فرینڈ کر کے لائیں 
LOG (lattice-best-path[5.5.907~1-cbed4]:main():lattice-best-path.cc:99) For utterance 20030004_635, best cost 225.46 + 3457.26 = 3682.72 over 684 frames.
20030004_635 خاص مڈل کو چنگ کی ملاؤں خواہ اور میں بیٹھی اور آگ نیم آنگن تک میں یاں سعید سے صغری کریں 
LOG (lattice-best-path[5.5.907~1-cbed4]:main():lattice-best-path.cc:99) For utterance 20030004_636, best cost 202.52 + 3216.98 = 3419.5 over 677 frames.
20030004_636 کو ممد ڈور خشوع نقش کی جوبلی اس شاہ ہونے سے سوچا کا تو ہم کا آف عود ہوا 
LOG (lattice-best-path[5.5.907~1-cbed4]:main():lattice-best-path.cc:99) For utterance 20030004_637, best cost 202.338 + 3036.25 = 3238.59 over 652 frames.
20030004_637 اب خوان کے اس تم آدمی پہنچ کر جنگی لا ہوتی کی ہر در سے موڈ بھیڑوں ہوئی 
LOG (lattice-best-path[5.5.907~1-cbed4]:main():lattice-best-path.cc:99) For utterance 20030004_638, best cost 214.976 + 3658.74 = 3873.71 over 709 frames.
20030004_638 کام جو گوجر کی شیلٹر ڈرائینگ میں کوئی صورت جور کوٹھڑی کو کر کی کے بلا آف سے جج چیل 
LOG (lattice-best-path[5.5.907~1-cbed4]:main():lattice-best-path.cc:99) For utterance 20030004_639, best cost 220.17 + 3702.57 = 3922.74 over 768 frames.
20030004_639 ٹریفک اختر کی دکھ اے جلسے تجویز کر صفیں نہ گود کی ضعف اور تک ساز سے بہت سکھی 
LOG (lattice-best-path[5.5.907~1-cbed4]:main():lattice-best-path.cc:99) For utterance 20030004_640, best cost 225.615 + 3835.43 = 4061.05 over 768 frames.
20030004_640 چوکھٹ کے نیو مون پر بیٹھی گیارہویں سفید نے پیسنے کونسل کے شاہ والا کا کا چوری کوچ لگا یا 
LOG (lattice-best-path[5.5.907~1-cbed4]:main():lattice-best-path.cc:99) For utterance 20030004_641, best cost 179.023 + 2951.2 = 3130.23 over 601 frames.
20030004_641 کو پالمر اور بڑی شب و کو کی آتشیں بعد سے دکھ لا کر بیلٹ سے کی دیں 
LOG (lattice-best-path[5.5.907~1-cbed4]:main():lattice-best-path.cc:99) For utterance 20030004_642, best cost 175.032 + 2800.27 = 2975.3 over 588 frames.
20030004_642 حریفوں کی فٹ فی میچ ایسی کھیلے تک درس جس سے نفوذ کی ہوا روٹھیں 
LOG (lattice-best-path[5.5.907~1-cbed4]:main():lattice-best-path.cc:99) For utterance 20030004_643, best cost 201.21 + 3105.91 = 3307.12 over 626 frames.
20030004_643 تفاوت سے نہ فلو پڑھنے موقف آف ہجر سے نبھائیں اور دوغلی لاکھ سے زاید طرحی ڈال ہے 
LOG (lattice-best-path[5.5.907~1-cbed4]:main():lattice-best-path.cc:99) For utterance 20030004_644, best cost 232.598 + 3883.18 = 4115.78 over 753 frames.
20030004_644 اچھے علی میں کچھ ایک میں ڈور کرو آیئں اور ضلع برابر اچھی کیسی لوں پر سکتے ندا باب پھیریں 
LOG (lattice-best-path[5.5.907~1-cbed4]:main():lattice-best-path.cc:99) For utterance 20030004_645, best cost 186.85 + 3393.16 = 3580.01 over 687 frames.
20030004_645 نڈر ویلوٹ کے اس میں دو ضد کے سائیڈ حضور مس کر کرنے کی فاجر کریں ہیں 
LOG (lattice-best-path[5.5.907~1-cbed4]:main():lattice-best-path.cc:99) For utterance 20030004_646, best cost 169.816 + 3291.72 = 3461.54 over 664 frames.
20030004_646 سعودی نہ خون جوس نے اور چبھنے کے بعد لاؤ بَلّا نے بڑھائے ڈالنے آئی 
LOG (lattice-best-path[5.5.907~1-cbed4]:main():lattice-best-path.cc:99) For utterance 20030004_647, best cost 161.339 + 2224.91 = 2386.25 over 439 frames.
20030004_647 وارڈ سن اگر کے غنا ظہیر بھون دھونی چور کر دو رو پر آئے 
LOG (lattice-best-path[5.5.907~1-cbed4]:main():lattice-best-path.cc:99) For utterance 20030004_648, best cost 153.484 + 2559.75 = 2713.24 over 531 frames.
20030004_648 میلے میں دو دیا چھاؤں آج طرح آ ختم چڑھ کیلئے کروا تھا 
LOG (lattice-best-path[5.5.907~1-cbed4]:main():lattice-best-path.cc:99) For utterance 20030004_649, best cost 170.238 + 2826.88 = 2997.11 over 582 frames.
20030004_649 ہو کو کو کن بھینس کر کے بیٹھ نے کے بعد کا بام غنی دل لگائی یہ 
LOG (lattice-best-path[5.5.907~1-cbed4]:main():lattice-best-path.cc:99) For utterance 20030004_650, best cost 204.762 + 3441.9 = 3646.66 over 690 frames.
20030004_650 ہجو لیلی تعلیم کی سی رتھ فورس عالمی یقین کی نقوی اہلیہ کے فرائض تک خیز آ ہے 
LOG (lattice-best-path[5.5.907~1-cbed4]:main():lattice-best-path.cc:99) For utterance 20030004_651, best cost 180.682 + 3205.68 = 3386.36 over 679 frames.
20030004_651 کو ایئر کوکھ دے ایل وی میچ و کی کھوکھلے ایقان کے اور نے سے پہلے صوفی تھی 
LOG (lattice-best-path[5.5.907~1-cbed4]:main():lattice-best-path.cc:99) For utterance 20030004_652, best cost 240.609 + 3757.52 = 3998.13 over 801 frames.
20030004_652 ہیڈ لولی ان کی جی لے تھام گئی اولی کوڈ کے نو لا میں کا گوٹھوں کے سدھو دکھ پہنچ ای 
LOG (lattice-best-path[5.5.907~1-cbed4]:main():lattice-best-path.cc:99) For utterance 20030004_653, best cost 185.427 + 3324.27 = 3509.7 over 694 frames.
20030004_653 لو ابرار میل اس کسی سن تھل کر سے کی ہی جدید لائی تک روز ہوا 
LOG (lattice-best-path[5.5.907~1-cbed4]:main():lattice-best-path.cc:99) For utterance 20030004_654, best cost 214.17 + 3471.64 = 3685.81 over 694 frames.
20030004_654 کر دی اور دیش ہاؤس از کیے شیعہ چوم میں اور ان سیفٹی اور اس کے میں داغنے سود رہیں 
LOG (lattice-best-path[5.5.907~1-cbed4]:main():lattice-best-path.cc:99) For utterance 20030004_655, best cost 134.388 + 2337.56 = 2471.95 over 493 frames.
20030004_655 نام بخشش کیے چھائی گوڈی لیب بو جانے کا ایشز ہے 
LOG (lattice-best-path[5.5.907~1-cbed4]:main():lattice-best-path.cc:99) For utterance 20030004_656, best cost 212.646 + 3553.82 = 3766.47 over 744 frames.
20030004_656 بے ایل سے سمجھی ایئر و بیگ مرکزی دی بیگج آیئں اور سنو چبا رم بھید حبس کریں 
LOG (lattice-best-path[5.5.907~1-cbed4]:main():lattice-best-path.cc:99) For utterance 20030004_657, best cost 154.511 + 2576.48 = 2730.99 over 545 frames.
20030004_657 خام ہول آف پن سے اندھے کے فٹ کردار کی حد سے مدفن نہیں 
LOG (lattice-best-path[5.5.907~1-cbed4]:main():lattice-best-path.cc:99) For utterance 20030004_658, best cost 145.801 + 2663.48 = 2809.28 over 505 frames.
20030004_658 لینڈ وڈ کا میں واں لوہے عجیب ایڈز کی بات سیف ہزارویں 
LOG (lattice-best-path[5.5.907~1-cbed4]:main():lattice-best-path.cc:99) For utterance 20030004_659, best cost 203.269 + 3755.72 = 3958.99 over 796 frames.
20030004_659 مٹیں کود کر بچائیں اور کوڑھ ای کا رکھتا خام کو غوروخوض کے بعد بوئے یا کر سوویں 
LOG (lattice-best-path[5.5.907~1-cbed4]:main():lattice-best-path.cc:99) For utterance 20030004_660, best cost 99.7717 + 2070.09 = 2169.86 over 406 frames.
20030004_660 ہوے بڑھ خان کے بغاوت اسلامی نہیں حوصلہ 
LOG (lattice-best-path[5.5.907~1-cbed4]:main():lattice-best-path.cc:99) For utterance 20030004_661, best cost 141.623 + 2449.22 = 2590.84 over 513 frames.
20030004_661 کا صرف لینے کیلئے بچّو پر حامل کا یا داغدار رغبت لائیں 
LOG (lattice-best-path[5.5.907~1-cbed4]:main():lattice-best-path.cc:99) For utterance 20030004_662, best cost 190.314 + 2658.04 = 2848.36 over 549 frames.
20030004_662 کر کن جوں کو کی آن کی یاں جھلی تو سے یا رو کی تشبیہ ہی بگڑ ای 
LOG (lattice-best-path[5.5.907~1-cbed4]:main():lattice-best-path.cc:99) For utterance 20030004_663, best cost 214.422 + 3204.9 = 3419.32 over 658 frames.
20030004_663 پی رونے جہاں چاہے مگ آگ انگوٹھے یاں عرس سال کیں تو کی دے کی تنقیص وقت ہوئی 
LOG (lattice-best-path[5.5.907~1-cbed4]:main():lattice-best-path.cc:99) For utterance 20030004_664, best cost 254.111 + 3654.27 = 3908.38 over 744 frames.
20030004_664 فرماں صیاد اے کے بارے اعظم میں تعین نادر گوڈی لیکن از اور ہوا تو ایئر چیک گروں بیک پڑے ہو گئے 
LOG (lattice-best-path[5.5.907~1-cbed4]:main():lattice-best-path.cc:99) For utterance 20030004_665, best cost 162.612 + 2867.58 = 3030.19 over 587 frames.
20030004_665 فیض نے ہزار عراقی سے سے بھرٹ چھین ای تو کھاد شعبوں کے اغوا 
LOG (lattice-best-path[5.5.907~1-cbed4]:main():lattice-best-path.cc:99) For utterance 20030004_666, best cost 159.274 + 2437.9 = 2597.17 over 480 frames.
20030004_666 بوم سے ہوے اگرچہ علم پر آ کا کا طرف ضلع خیر سندھو لیے 
LOG (lattice-best-path[5.5.907~1-cbed4]:main():lattice-best-path.cc:99) For utterance 20030004_667, best cost 148.991 + 2664.68 = 2813.67 over 558 frames.
20030004_667 پہلی ڈھیلے کی باڑھ سے چند بے ہو سے کے گگلی گوہ سنبھلی 
LOG (lattice-best-path[5.5.907~1-cbed4]:main():lattice-best-path.cc:99) For utterance 20030004_668, best cost 220.327 + 3777.76 = 3998.09 over 777 frames.
20030004_668 سامنے فلو اور وعید کے پر لڑیں میں کو بنے والا چند کا پچھلے آ بیعانہ بلین سے جعلی کرا 
LOG (lattice-best-path[5.5.907~1-cbed4]:main():lattice-best-path.cc:99) For utterance 20030004_669, best cost 159.762 + 2612.71 = 2772.47 over 543 frames.
20030004_669 خواہ رخ اعظم محفل بورڈ نے یوں زلزلے لیے ریزرو لوٹ نہیں کیا 
LOG (lattice-best-path[5.5.907~1-cbed4]:main():lattice-best-path.cc:99) For utterance 20030004_670, best cost 146.241 + 2496.17 = 2642.41 over 512 frames.
20030004_670 روضے کاکلیں شاہ مے ایک اثر گنگا کو کوڑھ غوں کا تنوع 
LOG (lattice-best-path[5.5.907~1-cbed4]:main():lattice-best-path.cc:99) For utterance 20030004_671, best cost 229.76 + 4091.36 = 4321.12 over 872 frames.
20030004_671 خبر شے سے پہلے سوسائٹی گڑیا نے کہا صورت اور اس قبول کے صفوں عود چھولے نے دو اور پوچھیے جاؤ 
LOG (lattice-best-path[5.5.907~1-cbed4]:main():lattice-best-path.cc:99) For utterance 20030004_672, best cost 185.883 + 3228.56 = 3414.44 over 652 frames.
20030004_672 انٹر نے لیے ٹشو سے لائیں تو فغاں دھل صرف پر اور صرف درجے کا پہلا ہے 
LOG (lattice-best-path[5.5.907~1-cbed4]:main():lattice-best-path.cc:99) For utterance 20030004_673, best cost 157.935 + 2507.27 = 2665.2 over 536 frames.
20030004_673 کرا ٹھیک ایچ آنگن وعدے ہوے چوزے نظر کے بے پر کھڑا اے 
LOG (lattice-best-path[5.5.907~1-cbed4]:main():lattice-best-path.cc:99) For utterance 20030004_674, best cost 202.422 + 3400.65 = 3603.07 over 656 frames.
20030004_674 نہ شو نے پَلوں میں پر <oov> خرچ آگ آنکھ کر ہم بار ہیلو ٹھوس نے کی کوشش کی 
LOG (lattice-best-path[5.5.907~1-cbed4]:main():lattice-best-path.cc:99) For utterance 20030004_675, best cost 153.657 + 2389.38 = 2543.04 over 501 frames.
20030004_675 آڑ زیور بھری کے روپے پر سوچے تو داخل کا وہاں آؤ اور آئے 
LOG (lattice-best-path[5.5.907~1-cbed4]:main():lattice-best-path.cc:99) For utterance 20030004_676, best cost 187.507 + 3228.1 = 3415.61 over 617 frames.
20030004_676 اپنے رہائش کی سے ایچ کا نتھی جا کھولے زوال نے لنگر جھجھک بڑے پر رکھ گی 
LOG (lattice-best-path[5.5.907~1-cbed4]:main():lattice-best-path.cc:99) For utterance 20030004_677, best cost 220.641 + 3846.81 = 4067.45 over 794 frames.
20030004_677 نے سائیڈ نے کی یا کی گگلی ہوئی مگر بعدازاں اوس ابو ہیرو گرداں نیم کو معیت سے بدل گیا 
LOG (lattice-best-path[5.5.907~1-cbed4]:main():lattice-best-path.cc:99) For utterance 20030004_678, best cost 263.411 + 4333.18 = 4596.59 over 870 frames.
20030004_678 سینما فیس مآب اور ڈیلی فعل راؤ زیڈ والوں سے یہ چھڑا نے کے لیے ہیڈ رو جن فلیش سے مشق کے شیر کریں 
LOG (lattice-best-path[5.5.907~1-cbed4]:main():lattice-best-path.cc:99) For utterance 20030004_679, best cost 135.47 + 2462.95 = 2598.42 over 496 frames.
20030004_679 تھوڑی اور پیڑی پر چیک لگا یا تو سفر تیزی سے نچلی 
LOG (lattice-best-path[5.5.907~1-cbed4]:main():lattice-best-path.cc:99) For utterance 20030004_680, best cost 210.53 + 3690.95 = 3901.48 over 764 frames.
20030004_680 چولہے کا تھوڑا بہن تلے ہوے بیٹھ و تو لائے وقف خواہ راہبر اس نے میں علاوہ جاتا ہے 
LOG (lattice-best-path[5.5.907~1-cbed4]:main():lattice-best-path.cc:99) For utterance 20030004_681, best cost 226.598 + 3392.11 = 3618.71 over 688 frames.
20030004_681 گرداں آج عشرے الجھے شے کو کے ہر کے ڈھا رسولی تو ہولوں مون پر بچھے دھار پر سوئے آ 
LOG (lattice-best-path[5.5.907~1-cbed4]:main():lattice-best-path.cc:99) For utterance 20030004_682, best cost 214.24 + 3076.78 = 3291.02 over 656 frames.
20030004_682 بے ایفکٹ اور چھور والے کی لوٹ پر بھیج اڑیں کا نہ زچ آکر باعث کے جو ہر معلوم کیے 
LOG (lattice-best-path[5.5.907~1-cbed4]:main():lattice-best-path.cc:99) For utterance 20030004_683, best cost 167.576 + 2979.32 = 3146.9 over 605 frames.
20030004_683 ریڈ سے ماہ عود کی چڑوں تک اہل نے نیم ریلیف کے لیے سے نکل گئی 
LOG (lattice-best-path[5.5.907~1-cbed4]:main():lattice-best-path.cc:99) For utterance 20030004_684, best cost 197.96 + 3504.3 = 3702.26 over 758 frames.
20030004_684 میں پر وی فورم کو وعدے بسر کے قیوم میں میں لوں یا رحیل طلب تک خانگی 
LOG (lattice-best-path[5.5.907~1-cbed4]:main():lattice-best-path.cc:99) For utterance 20030004_685, best cost 136.836 + 2371.49 = 2508.32 over 489 frames.
20030004_685 جو فلو حوض کے بیچے بخشے کو سے کہا سے لنگر دھو 
LOG (lattice-best-path[5.5.907~1-cbed4]:main():lattice-best-path.cc:99) For utterance 20030004_686, best cost 198.111 + 2736.08 = 2934.19 over 543 frames.
20030004_686 صرف طبیعت کے صرف فعل وقفے شیر سے بن یادیں مے سچ کا شو شاہ پوچھ و 
LOG (lattice-best-path[5.5.907~1-cbed4]:main():lattice-best-path.cc:99) For utterance 20030004_687, best cost 221.989 + 3919 = 4140.99 over 796 frames.
20030004_687 سوختہ کوئی اس کے بدسلوکی سے آنکھیں کھولنے تو گوہ اب راسخ چیف ماہ کر تو جا مہجور کر گئے 
LOG (lattice-best-path[5.5.907~1-cbed4]:main():lattice-best-path.cc:99) For utterance 20030004_688, best cost 280.908 + 4027.56 = 4308.47 over 831 frames.
20030004_688 ہر کی بلکہ چادر بیج خرچ آکر سنچری یاں گزارنے ہوں اور دیش کی کے بیٹھ میں نے حامد مون کے پراٹھا یہ داغ بھیجا ہے 
LOG (lattice-best-path[5.5.907~1-cbed4]:main():lattice-best-path.cc:99) For utterance 20030004_689, best cost 226.54 + 3159.76 = 3386.3 over 645 frames.
20030004_689 بو جو دو بڑے جیز ذخیرہ کیا جا نو جو گول بنائیں اور سوئس و فصلیں کو چل کر چھائی 
LOG (lattice-best-path[5.5.907~1-cbed4]:main():lattice-best-path.cc:99) For utterance 20030004_690, best cost 141.25 + 2061.88 = 2203.13 over 467 frames.
20030004_690 یہ غنی یاں نہ بڑھائیں کے شو لے کوچ ہوا نہیں جاتا 
LOG (lattice-best-path[5.5.907~1-cbed4]:main():lattice-best-path.cc:99) For utterance 20030004_691, best cost 205.692 + 3692.12 = 3897.81 over 808 frames.
20030004_691 کی سے کی دلجوئی کیلئے اپنا جیگوار دھو یا اوور بہن سیٹھ غصہ کر مری نادر ٹھونس دیئے 
LOG (lattice-best-path[5.5.907~1-cbed4]:main():lattice-best-path.cc:99) For utterance 20030004_692, best cost 206.908 + 3116.69 = 3323.59 over 657 frames.
20030004_692 بدھ خون ایثار نے کہا کے مے حصے بو ساغر ایف حد گاڑی کے بری کھاد کے دل ہیں 
LOG (lattice-best-path[5.5.907~1-cbed4]:main():lattice-best-path.cc:99) For utterance 20030004_693, best cost 155.494 + 3058.44 = 3213.93 over 673 frames.
20030004_693 میں نے حد کے جوئیہ سے کہا کے عقاب پر بنا کر لائے مگ دو 
LOG (lattice-best-path[5.5.907~1-cbed4]:main():lattice-best-path.cc:99) For utterance 20030004_694, best cost 217.477 + 3097.01 = 3314.48 over 604 frames.
20030004_694 طرفین کاجو اڑا شے شیخ آیا کر صاحب کو جج جی اور اسے ہی جا کو جو بند بنائیں 
LOG (lattice-best-path[5.5.907~1-cbed4]:main():lattice-best-path.cc:99) For utterance 20030004_695, best cost 183.636 + 2941.73 = 3125.36 over 606 frames.
20030004_695 کھولے کے جانے کھچی جانے کو کیا رقوم اگر کھیل جاؤں تو پانی میں گھول جا ہے 
LOG (lattice-best-path[5.5.907~1-cbed4]:main():lattice-best-path.cc:99) For utterance 20030004_696, best cost 193.306 + 3025.84 = 3219.14 over 617 frames.
20030004_696 کے ایل شیم فورس ریڈ کیا میں سے کو بس مل مسوڑوں کے بنانے کیلئے فراواں کیا جائے گا 
LOG (lattice-best-path[5.5.907~1-cbed4]:main():lattice-best-path.cc:99) For utterance 20030004_697, best cost 142.866 + 2421.61 = 2564.48 over 492 frames.
20030004_697 بل اور کا عود سیلزمین لینڈ تم کے ڈیزائنروں کرنے کا کام ہو گا 
LOG (lattice-best-path[5.5.907~1-cbed4]:main():lattice-best-path.cc:99) For utterance 20030004_698, best cost 155.594 + 2267.1 = 2422.7 over 474 frames.
20030004_698 بار وومن ذادہ دور دین سے شفاعت با لوث کر جائزہ لینے لگا 
LOG (lattice-scale[5.5.907~1-cbed4]:main():lattice-scale.cc:107) Done 108 lattices.
LOG (lattice-best-path[5.5.907~1-cbed4]:main():lattice-best-path.cc:99) For utterance 20030004_699, best cost 232.799 + 2864.66 = 3097.45 over 596 frames.
20030004_699 نجات کے کریو ضعف کار کیچڑ ای میں وعدہ آئے کے اہل یا نیم بے غربت دی کا مگ سوچ و 
LOG (lattice-best-path[5.5.907~1-cbed4]:main():lattice-best-path.cc:99) For utterance 20030004_700, best cost 172.335 + 2606.39 = 2778.73 over 540 frames.
20030004_700 بوجھ کو رفو کی تک خلیل میں تغافل کی سوجھی جھڑک کر بس سوکھ سے افق 
LOG (lattice-best-path[5.5.907~1-cbed4]:main():lattice-best-path.cc:99) For utterance 20030004_701, best cost 223.826 + 3046.95 = 3270.78 over 617 frames.
20030004_701 مضمون با عنوان ہونا کو گذر کی تو احمد گا جی سے کے گروہ کر موضع سکول تو کو سمجھ آیا 
LOG (lattice-best-path[5.5.907~1-cbed4]:main():lattice-best-path.cc:99) For utterance 20030004_702, best cost 156.26 + 2327.13 = 2483.39 over 513 frames.
20030004_702 غیر فیصلہ آ قوت کی رول میں ہر ایک کو شاہ دو نادر بخشے 
LOG (lattice-best-path[5.5.907~1-cbed4]:main():lattice-best-path.cc:99) For utterance 20030004_703, best cost 166.773 + 2313.4 = 2480.18 over 504 frames.
20030004_703 حیرت حائل سے تولید ای جیم کے پہ پڑھوں کا وہ بار ظاہر ہوتا ہے 
LOG (lattice-best-path[5.5.907~1-cbed4]:main():lattice-best-path.cc:99) For utterance 20030004_704, best cost 189.609 + 3508.71 = 3698.32 over 762 frames.
20030004_704 چغتائی ونگ سیکشن موعود آئی نہ عذاب یوں کے ایک انظباتی کے لاؤ کا پراسیس ہے 
LOG (lattice-best-path[5.5.907~1-cbed4]:main():lattice-best-path.cc:99) For utterance 20030004_705, best cost 169.505 + 2742.42 = 2911.93 over 586 frames.
20030004_705 باجرہ گگن ماہ ایک روہی روسی چادر لاگت آ ٹھونس و سے بڑھ گئی 
LOG (lattice-add-penalty[5.5.907~1-cbed4]:main():lattice-add-penalty.cc:62) Done adding word insertion penalty to 108 lattices.
LOG (lattice-best-path[5.5.907~1-cbed4]:main():lattice-best-path.cc:99) For utterance 20030004_706, best cost 119.745 + 2013.37 = 2133.12 over 434 frames.
20030004_706 بل سفید گیس کے آنکھیں دکھی تم آدمی چون 
LOG (lattice-best-path[5.5.907~1-cbed4]:main():lattice-best-path.cc:99) For utterance 20030004_707, best cost 154.639 + 2126.9 = 2281.54 over 479 frames.
20030004_707 ماضی کو بلا یا ہے تو آگے بڑھ ڈیوڈ میں گناہوں میں نہ پڑھے 
LOG (lattice-best-path[5.5.907~1-cbed4]:main():lattice-best-path.cc:99) For utterance 20030004_708, best cost 179.227 + 3000.65 = 3179.87 over 653 frames.
20030004_708 جنگ جھرنے سے پہلے پر میں نے مجھے کچھ باڑہ صیغہ طریقہ اور مشق سمجھا اے 
LOG (lattice-best-path[5.5.907~1-cbed4]:main():lattice-best-path.cc:124) Overall cost per frame is 5.1935 = 0.303859 [graph] + 4.88964 [acoustic] over 70132 frames.
LOG (lattice-best-path[5.5.907~1-cbed4]:main():lattice-best-path.cc:128) Done 108 lattices, failed for 0
# Accounting: time=1 threads=1
# Ended (code 0) at Wed Apr 21 10:38:53 PKT 2021, elapsed time 1 seconds
