# sgmm2-est --update-flags=vwSct --split-substates=7133 --power=0.25 --write-occs=exp/sgmm2_4/2.occs exp/sgmm2_4/1.mdl "sgmm2-sum-accs - exp/sgmm2_4/1.*.acc|" exp/sgmm2_4/2.mdl 
# Started at Wed Apr 21 07:32:55 PKT 2021
#
sgmm2-est --update-flags=vwSct --split-substates=7133 --power=0.25 --write-occs=exp/sgmm2_4/2.occs exp/sgmm2_4/1.mdl 'sgmm2-sum-accs - exp/sgmm2_4/1.*.acc|' exp/sgmm2_4/2.mdl 
sgmm2-sum-accs - exp/sgmm2_4/1.1.acc 
LOG (sgmm2-sum-accs[5.5.907~1-cbed4]:main():sgmm2-sum-accs.cc:87) Written stats to -
LOG (sgmm2-est[5.5.907~1-cbed4]:MleUpdate():transition-model.cc:528) TransitionModel::Update, objf change is 0 per frame over 403812 frames. 
LOG (sgmm2-est[5.5.907~1-cbed4]:MleUpdate():transition-model.cc:531) 116 probabilities floored, 12158 out of 18900 transition-states skipped due to insuffient data (it is normal to have some skipped.)
LOG (sgmm2-est[5.5.907~1-cbed4]:main():sgmm2-est.cc:109) Transition model update: Overall 0 log-like improvement per frame over 403812 frames.
LOG (sgmm2-est[5.5.907~1-cbed4]:Check():estimate-am-sgmm2.cc:216) Sgmm2PdfModel: J1 = 1400, J2 = 5467, D = 40, S = 41, T = 40, I = 400
LOG (sgmm2-est[5.5.907~1-cbed4]:Check():estimate-am-sgmm2.cc:362) Subspace GMM model properties: Y: yes, nonzero. Z, R: no.  S: yes, nonzero. y: yes, nonzero. a: no.  gamma: yes.  gamma: yes, nonzero. gamma_c: yes, nonzero. t: no.  U: no.  
LOG (sgmm2-est[5.5.907~1-cbed4]:UpdatePhoneVectors():estimate-am-sgmm2.cc:788) Updating phone vectors
LOG (sgmm2-est[5.5.907~1-cbed4]:UpdatePhoneVectorsInternal():estimate-am-sgmm2.cc:934) Auxf impr for j = 0 m = 0 is 0.342301 per frame over 207.5 frames.
LOG (sgmm2-est[5.5.907~1-cbed4]:UpdatePhoneVectorsInternal():estimate-am-sgmm2.cc:934) Auxf impr for j = 0 m = 1 is 0.355609 per frame over 210.5 frames.
LOG (sgmm2-est[5.5.907~1-cbed4]:UpdatePhoneVectorsInternal():estimate-am-sgmm2.cc:934) Auxf impr for j = 0 m = 2 is 0.329102 per frame over 213.1 frames.
WARNING (sgmm2-est[5.5.907~1-cbed4]:SolveQuadraticProblem<double>():sp-matrix.cc:643) Zero quadratic term in quadratic vector problem for v: leaving it unchanged.
LOG (sgmm2-est[5.5.907~1-cbed4]:UpdatePhoneVectorsInternal():estimate-am-sgmm2.cc:934) Auxf impr for j = 1 m = 0 is -nan per frame over 0 frames.
LOG (sgmm2-est[5.5.907~1-cbed4]:UpdatePhoneVectorsInternal():estimate-am-sgmm2.cc:934) Auxf impr for j = 2 m = 0 is 0.399238 per frame over 30.6597 frames.
LOG (sgmm2-est[5.5.907~1-cbed4]:UpdatePhoneVectorsInternal():estimate-am-sgmm2.cc:934) Auxf impr for j = 2 m = 1 is 0.394404 per frame over 60.9769 frames.
LOG (sgmm2-est[5.5.907~1-cbed4]:UpdatePhoneVectorsInternal():estimate-am-sgmm2.cc:934) Auxf impr for j = 2 m = 2 is 0.394119 per frame over 30.3284 frames.
LOG (sgmm2-est[5.5.907~1-cbed4]:UpdatePhoneVectors():estimate-am-sgmm2.cc:800) **Overall auxf impr for v is 0.563573 over 403728 frames
LOG (sgmm2-est[5.5.907~1-cbed4]:UpdateW():estimate-am-sgmm2.cc:1325) Updating weight projections
LOG (sgmm2-est[5.5.907~1-cbed4]:UpdateW():estimate-am-sgmm2.cc:1379) Predicted objf impr for w, iter = 0, i = 0 is 0.597361 per frame over 590.872 frames.
LOG (sgmm2-est[5.5.907~1-cbed4]:UpdateW():estimate-am-sgmm2.cc:1379) Predicted objf impr for w, iter = 0, i = 1 is 0.604457 per frame over 555.962 frames.
LOG (sgmm2-est[5.5.907~1-cbed4]:UpdateW():estimate-am-sgmm2.cc:1379) Predicted objf impr for w, iter = 0, i = 2 is 0.610672 per frame over 493.311 frames.
LOG (sgmm2-est[5.5.907~1-cbed4]:UpdateW():estimate-am-sgmm2.cc:1379) Predicted objf impr for w, iter = 0, i = 3 is 0.611094 per frame over 521.328 frames.
LOG (sgmm2-est[5.5.907~1-cbed4]:UpdateW():estimate-am-sgmm2.cc:1379) Predicted objf impr for w, iter = 0, i = 4 is 0.605167 per frame over 550.19 frames.
LOG (sgmm2-est[5.5.907~1-cbed4]:UpdateW():estimate-am-sgmm2.cc:1379) Predicted objf impr for w, iter = 0, i = 5 is 0.605147 per frame over 504.984 frames.
LOG (sgmm2-est[5.5.907~1-cbed4]:UpdateW():estimate-am-sgmm2.cc:1379) Predicted objf impr for w, iter = 0, i = 6 is 0.635455 per frame over 338.22 frames.
LOG (sgmm2-est[5.5.907~1-cbed4]:UpdateW():estimate-am-sgmm2.cc:1379) Predicted objf impr for w, iter = 0, i = 7 is 0.289163 per frame over 2122.44 frames.
LOG (sgmm2-est[5.5.907~1-cbed4]:UpdateW():estimate-am-sgmm2.cc:1379) Predicted objf impr for w, iter = 0, i = 8 is 0.285187 per frame over 2069.16 frames.
LOG (sgmm2-est[5.5.907~1-cbed4]:UpdateW():estimate-am-sgmm2.cc:1379) Predicted objf impr for w, iter = 0, i = 9 is 0.292366 per frame over 2625.62 frames.
LOG (sgmm2-est[5.5.907~1-cbed4]:UpdateW():estimate-am-sgmm2.cc:1379) Predicted objf impr for w, iter = 1, i = 0 is 0.262977 per frame over 590.872 frames.
LOG (sgmm2-est[5.5.907~1-cbed4]:UpdateW():estimate-am-sgmm2.cc:1379) Predicted objf impr for w, iter = 1, i = 1 is 0.266045 per frame over 555.962 frames.
LOG (sgmm2-est[5.5.907~1-cbed4]:UpdateW():estimate-am-sgmm2.cc:1379) Predicted objf impr for w, iter = 1, i = 2 is 0.272226 per frame over 493.311 frames.
LOG (sgmm2-est[5.5.907~1-cbed4]:UpdateW():estimate-am-sgmm2.cc:1379) Predicted objf impr for w, iter = 1, i = 3 is 0.269423 per frame over 521.328 frames.
LOG (sgmm2-est[5.5.907~1-cbed4]:UpdateW():estimate-am-sgmm2.cc:1379) Predicted objf impr for w, iter = 1, i = 4 is 0.265996 per frame over 550.19 frames.
LOG (sgmm2-est[5.5.907~1-cbed4]:UpdateW():estimate-am-sgmm2.cc:1379) Predicted objf impr for w, iter = 1, i = 5 is 0.268585 per frame over 504.984 frames.
LOG (sgmm2-est[5.5.907~1-cbed4]:UpdateW():estimate-am-sgmm2.cc:1379) Predicted objf impr for w, iter = 1, i = 6 is 0.295722 per frame over 338.22 frames.
LOG (sgmm2-est[5.5.907~1-cbed4]:UpdateW():estimate-am-sgmm2.cc:1379) Predicted objf impr for w, iter = 1, i = 7 is 0.121048 per frame over 2122.44 frames.
LOG (sgmm2-est[5.5.907~1-cbed4]:UpdateW():estimate-am-sgmm2.cc:1379) Predicted objf impr for w, iter = 1, i = 8 is 0.118768 per frame over 2069.16 frames.
LOG (sgmm2-est[5.5.907~1-cbed4]:UpdateW():estimate-am-sgmm2.cc:1379) Predicted objf impr for w, iter = 1, i = 9 is 0.117096 per frame over 2625.62 frames.
LOG (sgmm2-est[5.5.907~1-cbed4]:UpdateW():estimate-am-sgmm2.cc:1379) Predicted objf impr for w, iter = 2, i = 0 is 0.0925238 per frame over 590.872 frames.
LOG (sgmm2-est[5.5.907~1-cbed4]:UpdateW():estimate-am-sgmm2.cc:1379) Predicted objf impr for w, iter = 2, i = 1 is 0.0945639 per frame over 555.962 frames.
LOG (sgmm2-est[5.5.907~1-cbed4]:UpdateW():estimate-am-sgmm2.cc:1379) Predicted objf impr for w, iter = 2, i = 2 is 0.0953521 per frame over 493.311 frames.
LOG (sgmm2-est[5.5.907~1-cbed4]:UpdateW():estimate-am-sgmm2.cc:1379) Predicted objf impr for w, iter = 2, i = 3 is 0.0963152 per frame over 521.328 frames.
LOG (sgmm2-est[5.5.907~1-cbed4]:UpdateW():estimate-am-sgmm2.cc:1379) Predicted objf impr for w, iter = 2, i = 4 is 0.0946008 per frame over 550.19 frames.
LOG (sgmm2-est[5.5.907~1-cbed4]:UpdateW():estimate-am-sgmm2.cc:1379) Predicted objf impr for w, iter = 2, i = 5 is 0.0932103 per frame over 504.984 frames.
LOG (sgmm2-est[5.5.907~1-cbed4]:UpdateW():estimate-am-sgmm2.cc:1379) Predicted objf impr for w, iter = 2, i = 6 is 0.098048 per frame over 338.22 frames.
LOG (sgmm2-est[5.5.907~1-cbed4]:UpdateW():estimate-am-sgmm2.cc:1379) Predicted objf impr for w, iter = 2, i = 7 is 0.0444274 per frame over 2122.44 frames.
LOG (sgmm2-est[5.5.907~1-cbed4]:UpdateW():estimate-am-sgmm2.cc:1379) Predicted objf impr for w, iter = 2, i = 8 is 0.04362 per frame over 2069.16 frames.
LOG (sgmm2-est[5.5.907~1-cbed4]:UpdateW():estimate-am-sgmm2.cc:1379) Predicted objf impr for w, iter = 2, i = 9 is 0.0405291 per frame over 2625.62 frames.
LOG (sgmm2-est[5.5.907~1-cbed4]:UpdateW():estimate-am-sgmm2.cc:1433) **Overall objf impr for w is 0.315225, actual 0.481627, over 403728 frames
WARNING (sgmm2-est[5.5.907~1-cbed4]:UpdateVars():estimate-am-sgmm2.cc:1649) For Gaussian component 1: Floored 2 covariance eigenvalues.
WARNING (sgmm2-est[5.5.907~1-cbed4]:UpdateVars():estimate-am-sgmm2.cc:1649) For Gaussian component 3: Floored 4 covariance eigenvalues.
WARNING (sgmm2-est[5.5.907~1-cbed4]:UpdateVars():estimate-am-sgmm2.cc:1649) For Gaussian component 5: Floored 1 covariance eigenvalues.
WARNING (sgmm2-est[5.5.907~1-cbed4]:UpdateVars():estimate-am-sgmm2.cc:1649) For Gaussian component 6: Floored 2 covariance eigenvalues.
LOG (sgmm2-est[5.5.907~1-cbed4]:UpdateVars():estimate-am-sgmm2.cc:1675) **Overall objf impr for variance update = 0.208644 over 403728 frames
LOG (sgmm2-est[5.5.907~1-cbed4]:UpdateSubstateWeights():estimate-am-sgmm2.cc:1684) Updating substate mixture weights
LOG (sgmm2-est[5.5.907~1-cbed4]:UpdateSubstateWeights():estimate-am-sgmm2.cc:1707) **Overall objf impr for c is 0.0425967, over 403728 frames.
LOG (sgmm2-est[5.5.907~1-cbed4]:RenormalizeV():estimate-am-sgmm2.cc:969) Scatter of vectors v is : 
LOG (sgmm2-est[5.5.907~1-cbed4]:PrintEigs():matrix/sp-matrix.h:207) PrintEigs: Sigma:  [ 2.56931 0.478752 1.98964 1.82453 1.73085 1.69424 1.66941 0.930227 0.976697 1.00454 1.60495 1.5579 1.51948 1.51641 1.51138 1.49435 1.47624 1.46194 1.44889 1.41762 1.06256 1.07321 1.08702 1.10768 1.12953 1.13685 1.38199 1.37373 1.36339 1.34003 1.33838 1.31277 1.29884 1.16752 1.18394 1.28166 1.26803 1.25498 1.23223 1.20981 1.21657 ]

LOG (sgmm2-est[5.5.907~1-cbed4]:RenormalizeV():estimate-am-sgmm2.cc:991) Note on the next diagnostic: the first number is generally not that meaningful as it relates to the static offset
LOG (sgmm2-est[5.5.907~1-cbed4]:PrintEigs():matrix/sp-matrix.h:207) PrintEigs: H_sm_proj (Significance of dims in vector space.. note):  [ 84.4559 1.73959 1.24836 1.13374 0.840279 0.79724 0.649596 0.614397 0.601151 0.521234 0.488963 0.464808 0.397526 0.38604 0.374957 0.346632 0.327918 0.318341 0.286224 0.293122 0.252201 0.260495 0.226177 0.219052 0.204673 0.169634 0.156499 0.1503 0.137244 0.131147 0.126488 0.11005 0.103224 0.0959015 0.0878418 0.0889502 0.0739818 0.0519897 0.0578603 0.0684177 0.0632403 ]

LOG (sgmm2-est[5.5.907~1-cbed4]:RenormalizeV():estimate-am-sgmm2.cc:1037) Renormalized subspace.
LOG (sgmm2-est[5.5.907~1-cbed4]:Update():estimate-am-sgmm2.cc:673) *Overall auxf improvement, combining all parameters, is 1.29644
LOG (sgmm2-est[5.5.907~1-cbed4]:Update():estimate-am-sgmm2.cc:676) ***Overall data likelihood is -44.2265 over 403728 frames.
WARNING (sgmm2-est[5.5.907~1-cbed4]:ComputeHsmFromModel():am-sgmm2.cc:1289) Limited 37 eigenvalues of H_sm
LOG (sgmm2-est[5.5.907~1-cbed4]:ComputeHsmFromModel():am-sgmm2.cc:1294) total count is 403727
LOG (sgmm2-est[5.5.907~1-cbed4]:SplitSubstates():am-sgmm2.cc:692) Getting rid of normalizers as they will no longer be valid
LOG (sgmm2-est[5.5.907~1-cbed4]:SplitSubstates():am-sgmm2.cc:694) Split 7854 substates to 7971
LOG (sgmm2-est[5.5.907~1-cbed4]:ComputeNormalizers():am-sgmm2.cc:858) Computing normalizers
LOG (sgmm2-est[5.5.907~1-cbed4]:ComputeNormalizers():am-sgmm2.cc:865) Entropy of weights in substates is 3.45384 over 7971 substates, equivalent to perplexity of 31.6215
LOG (sgmm2-est[5.5.907~1-cbed4]:ComputeNormalizers():am-sgmm2.cc:869) Done computing normalizers
LOG (sgmm2-est[5.5.907~1-cbed4]:main():sgmm2-est.cc:158) Written model to exp/sgmm2_4/2.mdl
# Accounting: time=14 threads=1
# Ended (code 0) at Wed Apr 21 07:33:09 PKT 2021, elapsed time 14 seconds
