# lattice-scale --inv-acoustic-scale=13 "ark:gunzip -c exp/sgmm2_4_mmi_b0.1/decode_it2/lat.*.gz|" ark:- | lattice-add-penalty --word-ins-penalty=1.0 ark:- ark:- | lattice-best-path --word-symbol-table=data/lang_test/words.txt ark:- ark,t:- | utils/int2sym.pl -f 2- data/lang_test/words.txt | cat > exp/sgmm2_4_mmi_b0.1/decode_it2/scoring_kaldi/penalty_1.0/13.txt 
# Started at Wed Apr 21 08:21:22 PKT 2021
#
lattice-scale --inv-acoustic-scale=13 'ark:gunzip -c exp/sgmm2_4_mmi_b0.1/decode_it2/lat.*.gz|' ark:- 
lattice-add-penalty --word-ins-penalty=1.0 ark:- ark:- 
lattice-best-path --word-symbol-table=data/lang_test/words.txt ark:- ark,t:- 
LOG (lattice-best-path[5.5.907~1-cbed4]:main():lattice-best-path.cc:99) For utterance 20030013_601, best cost 242.394 + 3553.63 = 3796.02 over 952 frames.
20030013_601 مواضعات تک کو چیک کے طالب گہرے چمن تھری کمیٹی گڈریے ادھار انگوٹھا پڑ عام کو قبول کرنے گئی 
LOG (lattice-best-path[5.5.907~1-cbed4]:main():lattice-best-path.cc:99) For utterance 20030013_602, best cost 288.338 + 4566.65 = 4854.99 over 1201 frames.
20030013_602 دلوں وبائی اور بھیم کے نارتھ اور کیلئے پر کے ہوے کرائی کی لو بلوچی آلود چھ کے گاؤ کھلیں کرنے کی شرکت سے آرزوئیں 
LOG (lattice-best-path[5.5.907~1-cbed4]:main():lattice-best-path.cc:99) For utterance 20030013_603, best cost 240.241 + 3349.66 = 3589.91 over 875 frames.
20030013_603 شمشاد پر اور نزلے کی بڑا سے رکھتے عمل پر اُٹھایا کھدر دیتی میں بے کوسوں پر کا رم نیچا اور کیا 
LOG (lattice-best-path[5.5.907~1-cbed4]:main():lattice-best-path.cc:99) For utterance 20030013_604, best cost 235.693 + 3321.59 = 3557.29 over 920 frames.
20030013_604 سوجھی نے نہ ای کی داؤ مون کی گڑھ پر پڑی تو کہا سے طور جا ہے کہ گھس کے نخوت اٹھائے 
LOG (lattice-best-path[5.5.907~1-cbed4]:main():lattice-best-path.cc:99) For utterance 20030013_605, best cost 140.562 + 2276.96 = 2417.53 over 606 frames.
20030013_605 سول ترشول فائر جون کے پیشن میں بلبل کر تخلص گیا 
LOG (lattice-best-path[5.5.907~1-cbed4]:main():lattice-best-path.cc:99) For utterance 20030013_606, best cost 184.134 + 2465.84 = 2649.97 over 638 frames.
20030013_606 میں دین کے دماغی میں بلوں ورک سے کی اثنا کیوں کے تغافل سے کی بڑی عزیز ہے 
LOG (lattice-best-path[5.5.907~1-cbed4]:main():lattice-best-path.cc:99) For utterance 20030013_607, best cost 129.653 + 1705.97 = 1835.62 over 440 frames.
20030013_607 افضل کی ہول کا کی سب عام گھمبیر برابر نہیں سے ہے 
LOG (lattice-best-path[5.5.907~1-cbed4]:main():lattice-best-path.cc:99) For utterance 20030013_608, best cost 168.802 + 2761.03 = 2929.83 over 798 frames.
20030013_608 کو کے کے بولے مرغی کو فروش کر ڈام چُھپ جانے کی اودھم تو ہو گی 
LOG (lattice-best-path[5.5.907~1-cbed4]:main():lattice-best-path.cc:99) For utterance 20030013_609, best cost 180.288 + 2494.81 = 2675.1 over 651 frames.
20030013_609 ملائیشن میں محلوں مقدار مگر مجلس اور نکالیں اور کی ستھرے چھوڑ کا تصحیح یا کیا 
LOG (lattice-best-path[5.5.907~1-cbed4]:main():lattice-best-path.cc:99) For utterance 20030013_610, best cost 201.866 + 3009.11 = 3210.98 over 792 frames.
20030013_610 موثر پہلے فشنگ کا علی جیولری کم ان دینا نیچے کی طرف سے مرغیاں گیس سامان ہے 
LOG (lattice-best-path[5.5.907~1-cbed4]:main():lattice-best-path.cc:99) For utterance 20030013_611, best cost 167.851 + 2243.42 = 2411.27 over 580 frames.
20030013_611 خودسر پہنے تھنک اور پر نیچے کے وباؤں کو پر کلراٹھی گھوم کے ساتھ کھلے 
LOG (lattice-best-path[5.5.907~1-cbed4]:main():lattice-best-path.cc:99) For utterance 20030013_612, best cost 186.091 + 3157.83 = 3343.92 over 804 frames.
20030013_612 تبدیلیاں کی لفظ سے شخصے نے ڈال بولو ہجرت سفر وفود کیلئے انکشاف روات ہے 
LOG (lattice-best-path[5.5.907~1-cbed4]:main():lattice-best-path.cc:99) For utterance 20030013_613, best cost 114.722 + 1633.91 = 1748.63 over 414 frames.
20030013_613 کا رنگ بااللہ کوسوں جیل برش دیگر پیدا کا 
LOG (lattice-best-path[5.5.907~1-cbed4]:main():lattice-best-path.cc:99) For utterance 20030013_614, best cost 156.759 + 2071.82 = 2228.58 over 523 frames.
20030013_614 رخ طفیل نے شیشے اور کے کرائے اور کے ساتھ حملے بغیر سمتھ عدلیہ 
LOG (lattice-best-path[5.5.907~1-cbed4]:main():lattice-best-path.cc:99) For utterance 20030013_615, best cost 255.52 + 3977.02 = 4232.54 over 1105 frames.
20030013_615 ہدایت کا شہزادی نے فلیچر مصر اثر کو بلوچ کرتے گونگے جوبلی خان آن کی کی جیوری میں گوبر ہیڈ بنایا 
LOG (lattice-best-path[5.5.907~1-cbed4]:main():lattice-best-path.cc:99) For utterance 20030013_616, best cost 247.098 + 3748.48 = 3995.58 over 977 frames.
20030013_616 توجہ لہو آڑ فٹ میں صفوں نامور جن کو فروزاں اس کر کیسی کا تذبذب کی معطل قہقہے قرار کیا 
LOG (lattice-best-path[5.5.907~1-cbed4]:main():lattice-best-path.cc:99) For utterance 20030013_617, best cost 163.988 + 2304.76 = 2468.74 over 632 frames.
20030013_617 کا محور پڑے ستھرے گدھوں نے کیوں کو عابد اسے کر پھیکا ہنسیں لگا 
LOG (lattice-best-path[5.5.907~1-cbed4]:main():lattice-best-path.cc:99) For utterance 20030013_618, best cost 194.744 + 2894.83 = 3089.57 over 734 frames.
20030013_618 کھاؤ ٹھنکا بستر اور فنانس مرچوں والے آکر ساغر میں عالمی کے بعد لیس کیا کیا ہے 
LOG (lattice-best-path[5.5.907~1-cbed4]:main():lattice-best-path.cc:99) For utterance 20030013_619, best cost 120.279 + 1730.44 = 1850.72 over 440 frames.
20030013_619 زہریلی تلخی آپ مدعیان کرنے کا سوری دیتی جا ہے 
LOG (lattice-best-path[5.5.907~1-cbed4]:main():lattice-best-path.cc:99) For utterance 20030013_620, best cost 254.389 + 3304.3 = 3558.69 over 900 frames.
20030013_620 جی ملنے پَلوں کے بولوں کو بلوں میں سموئے یا اور دھیرے مگ بوڑھوں پر پرجوش راؤ کی تیار یاں قیود 
LOG (lattice-best-path[5.5.907~1-cbed4]:main():lattice-best-path.cc:99) For utterance 20030013_621, best cost 216.109 + 2934.22 = 3150.33 over 779 frames.
20030013_621 معجل عبدالحئی سچ میں نے اور قرضوں چین کے معاون میں انضمام بیس اور جاتی نواز نے میں پہلوٹھی 
LOG (lattice-best-path[5.5.907~1-cbed4]:main():lattice-best-path.cc:99) For utterance 20030013_622, best cost 188.515 + 2498.15 = 2686.67 over 657 frames.
20030013_622 پوچھی پڑنے مینگل اور کا دیتے کرے درسگاہ نغمہ رسیدہ بیڑے فارورڈ میں سے گزری 
LOG (lattice-best-path[5.5.907~1-cbed4]:main():lattice-best-path.cc:99) For utterance 20030013_623, best cost 152.371 + 2135.22 = 2287.59 over 574 frames.
20030013_623 رینجرز ہینگر درخت منافعوں آنسو برس کا مینگل نے شاہ لیے گیا 
LOG (lattice-best-path[5.5.907~1-cbed4]:main():lattice-best-path.cc:99) For utterance 20030013_624, best cost 236.075 + 3232.17 = 3468.25 over 811 frames.
20030013_624 ماؤف اثر کے نوش کو میں کے لیے سبب خاص کو رکھوا رفو عود عود تین پیشن کیلئے مغیث شروع تھا 
LOG (lattice-best-path[5.5.907~1-cbed4]:main():lattice-best-path.cc:99) For utterance 20030013_625, best cost 182.766 + 2922.96 = 3105.73 over 696 frames.
20030013_625 نیو ایندھن ساغر بھیڑیے کی کھال کی کا تیرے کر بکھری کی بلکہ مواد کے کو گیا 
LOG (lattice-best-path[5.5.907~1-cbed4]:main():lattice-best-path.cc:99) For utterance 20030013_626, best cost 126.228 + 1772.59 = 1898.81 over 420 frames.
20030013_626 ڈیم بش نے کو مغلیہ اعادہ تم کی ابواب سمجھا 
LOG (lattice-best-path[5.5.907~1-cbed4]:main():lattice-best-path.cc:99) For utterance 20030013_627, best cost 217.897 + 3472.45 = 3690.34 over 926 frames.
20030013_627 چھلکا خیر غلام آئی کے منگوا کے حال آن یاں سے پڑھو کے طوفاں مین نے حالات گیا 
LOG (lattice-best-path[5.5.907~1-cbed4]:main():lattice-best-path.cc:99) For utterance 20030013_628, best cost 189.219 + 2464.5 = 2653.72 over 644 frames.
20030013_628 بھگت کی تک نے بنانے کیلئے بیٹھی ٹریبیونل میں فون انگلی خوشی یاں مسخ کود تھیں 
LOG (lattice-best-path[5.5.907~1-cbed4]:main():lattice-best-path.cc:99) For utterance 20030013_629, best cost 214.874 + 3385.61 = 3600.48 over 894 frames.
20030013_629 چھیل بھیڑیے بش والوں کے آؤ کو اور میں فیری اپروچ انیق نے مردوں کا ہے جا بھیج کر آیا 
LOG (lattice-best-path[5.5.907~1-cbed4]:main():lattice-best-path.cc:99) For utterance 20030013_630, best cost 168.753 + 2519.02 = 2687.77 over 606 frames.
20030013_630 قیام پیدا نے نجی بسیار میں آکر بیچے مارچ فشنگ سے انگلی کر گیا 
LOG (lattice-best-path[5.5.907~1-cbed4]:main():lattice-best-path.cc:99) For utterance 20030013_631, best cost 213.327 + 3459.82 = 3673.15 over 843 frames.
20030013_631 سے یہ سیکھ سکول انداز ہیڈ میں دکھا کر کے فلڈ رکھنے کے تو سے موسم اور کر جھالر دکھایا 
LOG (lattice-best-path[5.5.907~1-cbed4]:main():lattice-best-path.cc:99) For utterance 20030013_632, best cost 232.871 + 3748.49 = 3981.36 over 1009 frames.
20030013_632 السی سیکھا نے کہا کے رویا کی حجت چوروں اور بیڑیاں بے بھجوا کر کھجوریں اور رسوائی جھولے بغیر گئے 
LOG (lattice-best-path[5.5.907~1-cbed4]:main():lattice-best-path.cc:99) For utterance 20030013_633, best cost 232.455 + 3536.42 = 3768.87 over 913 frames.
20030013_633 میں کر ننگے بم بار میں طویل کیلئے نیلم گھنٹے اور کی سکھی کار ضد سندھی سوئمنگ کے لیے کیجیے 
LOG (lattice-best-path[5.5.907~1-cbed4]:main():lattice-best-path.cc:99) For utterance 20030013_634, best cost 141.709 + 2007.43 = 2149.14 over 497 frames.
20030013_634 کھولے چلنے جنریشن کے ساتھ کیلئے روحانی کی نہ کر بن کر کر لائے 
LOG (lattice-best-path[5.5.907~1-cbed4]:main():lattice-best-path.cc:99) For utterance 20030013_635, best cost 200.889 + 2927.57 = 3128.46 over 734 frames.
20030013_635 پاس مٹھل کو قندیل عام کھاؤ میں بیٹھ میں اور علی مدد میراں سے کے سے صغری کریں 
LOG (lattice-best-path[5.5.907~1-cbed4]:main():lattice-best-path.cc:99) For utterance 20030013_636, best cost 168.746 + 2547.61 = 2716.36 over 657 frames.
20030013_636 قم اور بروز دشمن کی جوبلی آشنا ہونے سے گوجر کا تو ہم کا قوت 
LOG (lattice-best-path[5.5.907~1-cbed4]:main():lattice-best-path.cc:99) For utterance 20030013_637, best cost 182.059 + 2692.32 = 2874.38 over 696 frames.
20030013_637 کی خان کے شیم آنکھ میں پہنچ کر رنجیدہ مندری کی لیدر سے ماڈل گریڈ ہوئی 
LOG (lattice-best-path[5.5.907~1-cbed4]:main():lattice-best-path.cc:99) For utterance 20030013_638, best cost 206.9 + 2803.19 = 3010.09 over 760 frames.
20030013_638 کام لوگو جل کی شیفرڈ رحم میں کھونے صورت اور کوٹھڑی کو ٹیڑھے کی کے بالاخر جج لیں 
LOG (lattice-best-path[5.5.907~1-cbed4]:main():lattice-best-path.cc:99) For utterance 20030013_639, best cost 223.978 + 3263.43 = 3487.41 over 868 frames.
20030013_639 ہیلتھ کے دفتر میں تو کے جلد سے ترچھی سے سے دینا گود کی اور کر سارز سیکھیں دب و چکھیں 
LOG (lattice-best-path[5.5.907~1-cbed4]:main():lattice-best-path.cc:99) For utterance 20030013_640, best cost 202.728 + 3290.25 = 3492.97 over 760 frames.
20030013_640 سمتھ کے نیلم پر بیٹھی کیا میثاق کی نے پیسنے کونسل کے شو والا کا پنچولی کوچ بنایا 
LOG (lattice-best-path[5.5.907~1-cbed4]:main():lattice-best-path.cc:99) For utterance 20030013_641, best cost 145.987 + 2113.59 = 2259.58 over 465 frames.
20030013_641 حقوق پھیلنے دور بڑی شعبوں کو کے آتی کالجز کاکلیں زیدی کی 
LOG (lattice-best-path[5.5.907~1-cbed4]:main():lattice-best-path.cc:99) For utterance 20030013_642, best cost 162.498 + 2404.96 = 2567.45 over 574 frames.
20030013_642 ہر کو کے گدھی میں جیسی کے صدر سیف بو ٹھوس کی پیداوار ہوتی 
LOG (lattice-best-path[5.5.907~1-cbed4]:main():lattice-best-path.cc:99) For utterance 20030013_643, best cost 192.775 + 3084.63 = 3277.41 over 734 frames.
20030013_643 قوس انوکھی پڑ میں مخل پر کمسن آئے اور تو وولر آپ سے ضائع کرے ڈالنے 
LOG (lattice-best-path[5.5.907~1-cbed4]:main():lattice-best-path.cc:99) For utterance 20030013_644, best cost 178.043 + 2972.67 = 3150.71 over 683 frames.
20030013_644 کے شعری لیدر چھ کنٹرول گروتھ اور زیورات پتھری کیسی پر کے سے لقب تھے 
LOG (lattice-best-path[5.5.907~1-cbed4]:main():lattice-best-path.cc:99) For utterance 20030013_645, best cost 169.505 + 2494.81 = 2664.31 over 580 frames.
20030013_645 میں دورے بیٹھ ایک کے دولت کے سائبان روزوں صدر کرنے کی کا آشنا کھلے 
LOG (lattice-best-path[5.5.907~1-cbed4]:main():lattice-best-path.cc:99) For utterance 20030013_646, best cost 155.796 + 2567.86 = 2723.66 over 587 frames.
20030013_646 ساغر گدھوں جوس موجب نے کے باادب حیرت اور میں برابر جانے آئی 
LOG (lattice-best-path[5.5.907~1-cbed4]:main():lattice-best-path.cc:99) For utterance 20030013_647, best cost 131.253 + 2065.96 = 2197.21 over 452 frames.
20030013_647 موثر کرے کر عزیز بوم نے چھوڑ کر دور کرائے 
LOG (lattice-best-path[5.5.907~1-cbed4]:main():lattice-best-path.cc:99) For utterance 20030013_648, best cost 117.092 + 1870.53 = 1987.62 over 440 frames.
20030013_648 میلے میں دودھیا جارج تعالی سچل کیلئے پڑھوا تھا 
LOG (lattice-best-path[5.5.907~1-cbed4]:main():lattice-best-path.cc:99) For utterance 20030013_649, best cost 144.189 + 2583.41 = 2727.59 over 600 frames.
20030013_649 حقوق کو کے بسر کے بیٹھ نے کے بعد کا اور کر گہرے لگائی 
LOG (lattice-best-path[5.5.907~1-cbed4]:main():lattice-best-path.cc:99) For utterance 20030013_650, best cost 172.03 + 2807.43 = 2979.46 over 670 frames.
20030013_650 کچرے ایک لابنگ کے زیادہ ساز میں پر دینا کیا ادویات گیراج تدریس گیا ہے 
LOG (lattice-best-path[5.5.907~1-cbed4]:main():lattice-best-path.cc:99) For utterance 20030013_651, best cost 143.104 + 2273.84 = 2416.95 over 548 frames.
20030013_651 پر کو تیری میں چوتھی کو کے ایک ٹھاٹھیں اٹھنے سے پہلے صوفی تھی 
LOG (lattice-best-path[5.5.907~1-cbed4]:main():lattice-best-path.cc:99) For utterance 20030013_652, best cost 193.09 + 2912.18 = 3105.27 over 696 frames.
20030013_652 فیڈرل ایئر کی چیزیں طبعی اور لے کرکے نوزل میں کا پور کے سقوط تک کوچ اے 
LOG (lattice-best-path[5.5.907~1-cbed4]:main():lattice-best-path.cc:99) For utterance 20030013_653, best cost 143.223 + 2501.69 = 2644.91 over 600 frames.
20030013_653 لو کرا ڈیسک تجزیے تعداد قرضے کے دیتے تک روز ہوا 
LOG (lattice-best-path[5.5.907~1-cbed4]:main():lattice-best-path.cc:99) For utterance 20030013_654, best cost 185.775 + 3078.02 = 3263.79 over 734 frames.
20030013_654 کر کی اور کے اشاعت سے سی اسجد جوے اور ان سے کے رولز کے میں کر میں ستھرے 
LOG (lattice-best-path[5.5.907~1-cbed4]:main():lattice-best-path.cc:99) For utterance 20030013_655, best cost 116.595 + 2670.89 = 2787.48 over 600 frames.
20030013_655 ناں بقیہ چھائی کوٹھے کر کو جانے کریش ہے 
LOG (lattice-best-path[5.5.907~1-cbed4]:main():lattice-best-path.cc:99) For utterance 20030013_656, best cost 194.639 + 3210.79 = 3405.43 over 734 frames.
20030013_656 بے سے سچ یہ رغبت گینز عارضی حیرت بظاہر اور سوئے مچا رنگ کے کس کریں 
LOG (lattice-best-path[5.5.907~1-cbed4]:main():lattice-best-path.cc:99) For utterance 20030013_657, best cost 135.904 + 2264.18 = 2400.09 over 542 frames.
20030013_657 حد بلا کر ذہن کی کیفے کردار کے ساتھ سے مصر رہی 
LOG (lattice-best-path[5.5.907~1-cbed4]:main():lattice-best-path.cc:99) For utterance 20030013_658, best cost 138.776 + 2485.82 = 2624.59 over 561 frames.
20030013_658 لیجنڈ وڈ سامنے گالف کی ہوئی بیس کی بعد سے وولر 
LOG (lattice-best-path[5.5.907~1-cbed4]:main():lattice-best-path.cc:99) For utterance 20030013_659, best cost 184.037 + 2754.41 = 2938.45 over 619 frames.
20030013_659 معدے گود کر بچائیں اور تھوڑی کا تنخواہ ہولوں غوث کے بعد ہوے لیے پر سوئے 
LOG (lattice-best-path[5.5.907~1-cbed4]:main():lattice-best-path.cc:99) For utterance 20030013_660, best cost 92.7417 + 1681.28 = 1774.02 over 401 frames.
20030013_660 پر بحران کے گداز لگیں ویلیو صرف 
LOG (lattice-best-path[5.5.907~1-cbed4]:main():lattice-best-path.cc:99) For utterance 20030013_661, best cost 121.011 + 1696.45 = 1817.46 over 427 frames.
20030013_661 طلب لینے کیلئے بیچوں پر عمل کر کہا کر کروائیں 
LOG (lattice-best-path[5.5.907~1-cbed4]:main():lattice-best-path.cc:99) For utterance 20030013_662, best cost 148.313 + 2168.76 = 2317.07 over 529 frames.
20030013_662 کر ڈیم جو ہو قیام دیے چلے تو سے یا رکھی تجزیہ کرے 
LOG (lattice-best-path[5.5.907~1-cbed4]:main():lattice-best-path.cc:99) For utterance 20030013_663, best cost 171.184 + 3013.63 = 3184.82 over 753 frames.
20030013_663 ہیرو نے کہا چار مرتب اٹھے اور سال کی اگلے دیکھی ترویج وقوف ہوئی 
LOG (lattice-best-path[5.5.907~1-cbed4]:main():lattice-best-path.cc:99) For utterance 20030013_664, best cost 227.043 + 2913.09 = 3140.13 over 715 frames.
20030013_664 فعال اسے یا لے کے پر ریاض اب میں تھائی نبوی لے کر گود بھورے ویسے کر اور کے کھڑے ہو گیا 
LOG (lattice-best-path[5.5.907~1-cbed4]:main():lattice-best-path.cc:99) For utterance 20030013_665, best cost 133.797 + 2031.86 = 2165.66 over 484 frames.
20030013_665 فرائض میرے سالہ ویزے گریڈ چینی تو فرض فخر ہوا 
LOG (lattice-best-path[5.5.907~1-cbed4]:main():lattice-best-path.cc:99) For utterance 20030013_666, best cost 154.998 + 2249.82 = 2404.82 over 529 frames.
20030013_666 دوجے ہوے اور گھول سے رضا رکھاؤ کا غصب سے کا خیر سکول یہ 
LOG (lattice-best-path[5.5.907~1-cbed4]:main():lattice-best-path.cc:99) For utterance 20030013_667, best cost 121.197 + 2172.3 = 2293.5 over 504 frames.
20030013_667 تیری بے کی طرف چیچن کے دوسرے کی کوٹھی بسر ہوئی 
LOG (lattice-best-path[5.5.907~1-cbed4]:main():lattice-best-path.cc:99) For utterance 20030013_668, best cost 185.226 + 3300.25 = 3485.48 over 747 frames.
20030013_668 سانولے کلی کے تلے میں الجھ اور کا کچلا آتی جانا پیریڈ سے جاؤ اعتراف 
LOG (lattice-best-path[5.5.907~1-cbed4]:main():lattice-best-path.cc:99) For utterance 20030013_669, best cost 148.534 + 2504.89 = 2653.42 over 548 frames.
20030013_669 بورڈ خسارے نو فعل کوٹھی گذر کے لیے ریزرو ڈبو ٹینک دیا 
LOG (lattice-best-path[5.5.907~1-cbed4]:main():lattice-best-path.cc:99) For utterance 20030013_670, best cost 144.391 + 2293.13 = 2437.52 over 574 frames.
20030013_670 روضے کا آخری اشرف رہتے قیصر دوا کو کوڑھ پڑتا لو 
LOG (lattice-best-path[5.5.907~1-cbed4]:main():lattice-best-path.cc:99) For utterance 20030013_671, best cost 205.199 + 3421.71 = 3626.9 over 772 frames.
20030013_671 اچھی سے پہلے سوسائٹی گڑیا نے کا ذوق فورس کو کھول کے سقوط چوڑی نہ تو اور تھی ہے 
LOG (lattice-best-path[5.5.907~1-cbed4]:main():lattice-best-path.cc:99) For utterance 20030013_672, best cost 150.159 + 2856.06 = 3006.22 over 632 frames.
20030013_672 انٹر میڈیسن مسئلہ دفتر کاربن سربراہ و صدر زدہ بَلّا ہے 
LOG (lattice-best-path[5.5.907~1-cbed4]:main():lattice-best-path.cc:99) For utterance 20030013_673, best cost 157.384 + 2343.83 = 2501.22 over 555 frames.
20030013_673 پڑھائی کے جھاگ دن آتی ہوے جو دی نذر کیا پہلی پر دبائے 
LOG (lattice-best-path[5.5.907~1-cbed4]:main():lattice-best-path.cc:99) For utterance 20030013_674, best cost 179.048 + 3496.11 = 3675.16 over 772 frames.
20030013_674 نقشوں نے پَلوں میں بھڑک آپ عرصہ لاڈ کر اور وارڈ کی اوس نے کی کوشش کی 
LOG (lattice-best-path[5.5.907~1-cbed4]:main():lattice-best-path.cc:99) For utterance 20030013_675, best cost 145.325 + 2276.59 = 2421.91 over 529 frames.
20030013_675 اور جہد ضروری کے رویہ کا سوچنے داغدار فن کا غوغا اٹھائے 
LOG (lattice-best-path[5.5.907~1-cbed4]:main():lattice-best-path.cc:99) For utterance 20030013_676, best cost 171.614 + 2534.37 = 2705.98 over 568 frames.
20030013_676 اپنی کے آئی کی سے تھنک کی جا کوئی زوال میں انگلش میں بڑے پر رکھی 
LOG (lattice-best-path[5.5.907~1-cbed4]:main():lattice-best-path.cc:99) For utterance 20030013_677, best cost 221.858 + 3813.07 = 4034.93 over 926 frames.
20030013_677 مثال میں کو لیا کی کوٹھی گول مکھن خوفزدہ موصول ہو گی گروپ برطانوی کی حیرت فیتھ اہل گیا 
LOG (lattice-best-path[5.5.907~1-cbed4]:main():lattice-best-path.cc:99) For utterance 20030013_678, best cost 215.157 + 4112.19 = 4327.35 over 971 frames.
20030013_678 سمفنی صفوں اور ڈیلی خیر براؤزر والوں سے چرانے کیلئے اڈوں جلد فلیش سے مشق عشرت کریں 
LOG (lattice-best-path[5.5.907~1-cbed4]:main():lattice-best-path.cc:99) For utterance 20030013_679, best cost 121.453 + 1900.71 = 2022.16 over 446 frames.
20030013_679 کوٹھڑی اور لیڈی پر چیل آ تو صحت تیری سنچری 
LOG (lattice-best-path[5.5.907~1-cbed4]:main():lattice-best-path.cc:99) For utterance 20030013_680, best cost 206.822 + 2865.61 = 3072.43 over 683 frames.
20030013_680 <oov> جوگی اوج اوڑھا گینگز صبغت پٹھوں طور غائب والا برعکس میں میں ٹھگ اوقات سکتا ہے 
LOG (lattice-best-path[5.5.907~1-cbed4]:main():lattice-best-path.cc:99) For utterance 20030013_681, best cost 162.921 + 2413.36 = 2576.29 over 587 frames.
20030013_681 گدھا چیچن جیوئش کو کر کی کا رسولی کھول اور پر پیچیدہ اور برسوں گیا 
LOG (lattice-best-path[5.5.907~1-cbed4]:main():lattice-best-path.cc:99) For utterance 20030013_682, best cost 204.932 + 3062.7 = 3267.64 over 753 frames.
20030013_682 وی اور شو والے کی بھول کر ہجر ریگن آسان صاحب کر ہوے بھیج شوہر معلوم کیے 
LOG (lattice-best-path[5.5.907~1-cbed4]:main():lattice-best-path.cc:99) For utterance 20030013_683, best cost 171.083 + 2903.58 = 3074.66 over 657 frames.
20030013_683 کیلئے سے بغور ٹیچر تو تک ٹینک پھیرنے سی پھرتی کے کے سے نے کر گئی 
LOG (lattice-best-path[5.5.907~1-cbed4]:main():lattice-best-path.cc:99) For utterance 20030013_684, best cost 155.354 + 2310.98 = 2466.33 over 593 frames.
20030013_684 نے بری بھول خواری جھٹکے کیوں میں بھگو یہ پیر بلا کراؤں 
LOG (lattice-best-path[5.5.907~1-cbed4]:main():lattice-best-path.cc:99) For utterance 20030013_685, best cost 129.753 + 1813.91 = 1943.67 over 446 frames.
20030013_685 جو خلل گوجری بن چیلہ شیو سے قحط سے لنگا دو 
LOG (lattice-best-path[5.5.907~1-cbed4]:main():lattice-best-path.cc:99) For utterance 20030013_686, best cost 194.04 + 3178.62 = 3372.66 over 772 frames.
20030013_686 صرف پھینک کے سب خیلوی وی پیش عرصے دنیاوی میں کھچ کر جوش رکھو جو 
LOG (lattice-best-path[5.5.907~1-cbed4]:main():lattice-best-path.cc:99) For utterance 20030013_687, best cost 204.715 + 3111.98 = 3316.69 over 721 frames.
20030013_687 شوق کوئی سے بدسلوکی عابد گوجری لغوی اگر راستے چیف مآب کر توجہ منظور کرائی 
LOG (lattice-best-path[5.5.907~1-cbed4]:main():lattice-best-path.cc:99) For utterance 20030013_688, best cost 231.526 + 3353.29 = 3584.82 over 836 frames.
20030013_688 پر کی بلکہ چادر بل بچار پسند زیور اور دیکھیے دیکھ میں وہاب ہوم کے قرار دیتا آگے جاؤں 
LOG (lattice-best-path[5.5.907~1-cbed4]:main():lattice-best-path.cc:99) For utterance 20030013_689, best cost 190.794 + 3072.86 = 3263.65 over 753 frames.
20030013_689 وجود اگرچہ ذخیرہ کیا جان اور جو کھول بنائیں پرسوز اور فصلیں اچھل کر کرائے 
LOG (lattice-best-path[5.5.907~1-cbed4]:main():lattice-best-path.cc:99) For utterance 20030013_690, best cost 100.141 + 1769.53 = 1869.67 over 414 frames.
20030013_690 کیونکہ اداکارائیں کے شبہے کچھوؤں نہیں جاتی 
LOG (lattice-best-path[5.5.907~1-cbed4]:main():lattice-best-path.cc:99) For utterance 20030013_691, best cost 160.883 + 2394.7 = 2555.58 over 606 frames.
20030013_691 کیجیے دلجوئی کیلئے اگرچہ کر بویا رینجرز عذاب کر معائنہ پھٹ قضیے 
LOG (lattice-best-path[5.5.907~1-cbed4]:main():lattice-best-path.cc:99) For utterance 20030013_692, best cost 173.69 + 2936.69 = 3110.38 over 721 frames.
20030013_692 بطخوں نظام نے کہا کے میں سے پوچھا پہلے ٹری کے رہی کا تیرے گاؤں 
LOG (lattice-best-path[5.5.907~1-cbed4]:main():lattice-best-path.cc:99) For utterance 20030013_693, best cost 143.598 + 1896.99 = 2040.59 over 491 frames.
20030013_693 میں نے تک کے جوئیہ سے کہا کے بقایا پر گنا کر لائے مدعو 
LOG (lattice-best-path[5.5.907~1-cbed4]:main():lattice-best-path.cc:99) For utterance 20030013_694, best cost 184.65 + 2593.2 = 2777.85 over 664 frames.
20030013_694 کر حملہ چھوڑ آ شعر اشفاق عرصہ کو جج ایک کولسری چاقو چوہان بنائیں 
LOG (lattice-best-path[5.5.907~1-cbed4]:main():lattice-best-path.cc:99) For utterance 20030013_695, best cost 166.434 + 2193.24 = 2359.67 over 568 frames.
20030013_695 گزری جانے کسے جانے کو کیا گونگے اگر کے چنگ تو پانی میں گھول گیا 
LOG (lattice-best-path[5.5.907~1-cbed4]:main():lattice-best-path.cc:99) For utterance 20030013_696, best cost 156.723 + 2310.44 = 2467.17 over 593 frames.
20030013_696 کے شیعہ خاصے کیا میں سے کو مصور مسوڑوں کے بنانے کیلئے پر عام کیا گیا 
LOG (lattice-best-path[5.5.907~1-cbed4]:main():lattice-best-path.cc:99) For utterance 20030013_697, best cost 150.796 + 1994.91 = 2145.7 over 497 frames.
20030013_697 بولو اور کا عود سے سیڑھیاں کن لیڈی جان کرنے کا عام اٹھوا 
LOG (lattice-best-path[5.5.907~1-cbed4]:main():lattice-best-path.cc:99) For utterance 20030013_698, best cost 153.146 + 2713.56 = 2866.7 over 721 frames.
20030013_698 بار بم ذاد عود انکشاف آپ باعث کن جائزہ لینے لگے 
LOG (lattice-best-path[5.5.907~1-cbed4]:main():lattice-best-path.cc:99) For utterance 20030013_699, best cost 170.45 + 2401.57 = 2572.02 over 625 frames.
20030013_699 میں جسٹس ویڈیوز کار کی جھریاں بظاہر رہزنی دیے اور میں پھیکا مخصوص جو 
LOG (lattice-best-path[5.5.907~1-cbed4]:main():lattice-best-path.cc:99) For utterance 20030013_700, best cost 164.375 + 2349.72 = 2514.1 over 587 frames.
20030013_700 ہوش اور سوکھی تبلیغ میں تغافل کی سوجھی جھلک کر بو سوکھ سے اٹھیں 
LOG (lattice-best-path[5.5.907~1-cbed4]:main():lattice-best-path.cc:99) For utterance 20030013_701, best cost 212.379 + 2751.82 = 2964.2 over 728 frames.
20030013_701 مضمون بہو مان بھومی کو بدل کی تم اپنا چیز ثقل باقر مان سے صحبتوں بوسن آیا 
LOG (lattice-best-path[5.5.907~1-cbed4]:main():lattice-best-path.cc:99) For utterance 20030013_702, best cost 169.87 + 2636.16 = 2806.03 over 683 frames.
20030013_702 غیر فیصلہ آپ کو قوت کی کود میں ہر ایک کھوکھلا گناہ دل بخشے 
LOG (lattice-best-path[5.5.907~1-cbed4]:main():lattice-best-path.cc:99) For utterance 20030013_703, best cost 154.943 + 1786.77 = 1941.72 over 465 frames.
20030013_703 پہلا ضائع سے تولید کی چھین کے فقروں کا غوں بار ظاہر ہوتا ہے 
LOG (lattice-scale[5.5.907~1-cbed4]:main():lattice-scale.cc:107) Done 108 lattices.
LOG (lattice-best-path[5.5.907~1-cbed4]:main():lattice-best-path.cc:99) For utterance 20030013_704, best cost 152.79 + 2524.04 = 2676.83 over 676 frames.
20030013_704 چودہ دھیمی فیشن مزارعین عذاب کیونکہ انظباتی پہلا کہا پراسیس ہے 
LOG (lattice-best-path[5.5.907~1-cbed4]:main():lattice-best-path.cc:99) For utterance 20030013_705, best cost 158.11 + 1952.46 = 2110.57 over 491 frames.
20030013_705 <oov> باغ اور جگہ بنائیں قوی دلشاد پر لاگت آنسو سے بڑھ گئی 
LOG (lattice-best-path[5.5.907~1-cbed4]:main():lattice-best-path.cc:99) For utterance 20030013_706, best cost 116.61 + 1559.57 = 1676.18 over 363 frames.
20030013_706 ابو سفید اویسی یا کے دیکھیں تو مدھم مرچوں 
LOG (lattice-best-path[5.5.907~1-cbed4]:main():lattice-best-path.cc:99) For utterance 20030013_707, best cost 126.629 + 1778.63 = 1905.26 over 452 frames.
20030013_707 ماضی کو بلا ہے ثاقب بڑی اُمید ملاؤں میں ناقص 
LOG (lattice-add-penalty[5.5.907~1-cbed4]:main():lattice-add-penalty.cc:62) Done adding word insertion penalty to 108 lattices.
LOG (lattice-best-path[5.5.907~1-cbed4]:main():lattice-best-path.cc:99) For utterance 20030013_708, best cost 181.868 + 2516.99 = 2698.85 over 606 frames.
20030013_708 مشعر نے سے پہلے برڈ لینے مجیب بش خان رسیدہ طریقہ اب مشق سمجھا ہے 
LOG (lattice-best-path[5.5.907~1-cbed4]:main():lattice-best-path.cc:124) Overall cost per frame is 4.29401 = 0.264339 [graph] + 4.02967 [acoustic] over 71279 frames.
LOG (lattice-best-path[5.5.907~1-cbed4]:main():lattice-best-path.cc:128) Done 108 lattices, failed for 0
# Accounting: time=1 threads=1
# Ended (code 0) at Wed Apr 21 08:21:23 PKT 2021, elapsed time 1 seconds
