# lattice-scale --inv-acoustic-scale=9 "ark:gunzip -c exp/sgmm2_4_mmi_b0.1/decode_it2/lat.*.gz|" ark:- | lattice-add-penalty --word-ins-penalty=1.0 ark:- ark:- | lattice-best-path --word-symbol-table=data/lang_test/words.txt ark:- ark,t:- | utils/int2sym.pl -f 2- data/lang_test/words.txt | cat > exp/sgmm2_4_mmi_b0.1/decode_it2/scoring_kaldi/penalty_1.0/9.txt 
# Started at Wed Apr 21 08:21:21 PKT 2021
#
lattice-scale --inv-acoustic-scale=9 'ark:gunzip -c exp/sgmm2_4_mmi_b0.1/decode_it2/lat.*.gz|' ark:- 
lattice-best-path --word-symbol-table=data/lang_test/words.txt ark:- ark,t:- 
lattice-add-penalty --word-ins-penalty=1.0 ark:- ark:- 
LOG (lattice-best-path[5.5.907~1-cbed4]:main():lattice-best-path.cc:99) For utterance 20030013_601, best cost 258.473 + 5113.05 = 5371.53 over 952 frames.
20030013_601 مثبت صیاد تک کو چیک کے طالب گہرے شو میں تھری کمیٹی گڈریے ادھار انگوٹھا پڑ عام کو قبول کرنے گئی 
LOG (lattice-best-path[5.5.907~1-cbed4]:main():lattice-best-path.cc:99) For utterance 20030013_602, best cost 301.535 + 6581.39 = 6882.93 over 1201 frames.
20030013_602 دلوں وبائی اور بھیم کے نارتھ اور کیلئے پر کے ہوے کرائی کی لو بلوچی آلود چھ کے گاؤ کھلیں کرنے کی شیڈ تک سے آرزوئیں ہے 
LOG (lattice-best-path[5.5.907~1-cbed4]:main():lattice-best-path.cc:99) For utterance 20030013_603, best cost 245.511 + 4831.8 = 5077.31 over 875 frames.
20030013_603 شمشاد گھر اور نزلے کی بڑا سے رکھتے عمل پر اُٹھایا کھدر دیتی میں بیعت بسوں پر کا رم نیچا اور کیا 
LOG (lattice-best-path[5.5.907~1-cbed4]:main():lattice-best-path.cc:99) For utterance 20030013_604, best cost 243.072 + 4789.18 = 5032.25 over 920 frames.
20030013_604 سوجھی نے نہ ای کی کی داؤ مون کی گڑھ پر پڑی تو کہا سے طور جا ہے کہ گھس کے نخوت اٹھا ہے 
LOG (lattice-best-path[5.5.907~1-cbed4]:main():lattice-best-path.cc:99) For utterance 20030013_605, best cost 155.119 + 3268.44 = 3423.56 over 606 frames.
20030013_605 سول کر شبہ اے جون کے پیش ایڈز میں بلبل کر تخلص گیا 
LOG (lattice-best-path[5.5.907~1-cbed4]:main():lattice-best-path.cc:99) For utterance 20030013_606, best cost 192.82 + 3550.72 = 3743.54 over 638 frames.
20030013_606 میں دین کے دماغی میں بلوں ورک سے کی اس میں کیوں کے تغافل سخت کی بڑی عزیز ہے 
LOG (lattice-best-path[5.5.907~1-cbed4]:main():lattice-best-path.cc:99) For utterance 20030013_607, best cost 138.771 + 2451.9 = 2590.67 over 440 frames.
20030013_607 افضل یا کی ہول کا کی سب عام گھمبیر برابر نہیں سے ہے 
LOG (lattice-best-path[5.5.907~1-cbed4]:main():lattice-best-path.cc:99) For utterance 20030013_608, best cost 179.069 + 3975.06 = 4154.13 over 798 frames.
20030013_608 کو کے کے بورڈ کے مرغی کوکھ فروش کر ڈام چُھپ جانے کی اودھم تو ہو گی 
LOG (lattice-best-path[5.5.907~1-cbed4]:main():lattice-best-path.cc:99) For utterance 20030013_609, best cost 211.695 + 3564.37 = 3776.07 over 651 frames.
20030013_609 فلیش ان میں موو علم اعتبار مگر مس نقرس اور نکالیں اور کی ستھرے چھوڑ کا تصحیح یا کیا 
LOG (lattice-best-path[5.5.907~1-cbed4]:main():lattice-best-path.cc:99) For utterance 20030013_610, best cost 201.866 + 4346.49 = 4548.36 over 792 frames.
20030013_610 موثر پہلے فشنگ کا علی جیولری کم ان دینا نیچے کی طرف سے مرغیاں گیس سامان ہے 
LOG (lattice-best-path[5.5.907~1-cbed4]:main():lattice-best-path.cc:99) For utterance 20030013_611, best cost 168.997 + 3238.98 = 3407.98 over 580 frames.
20030013_611 خودسر پہنے تھنک اور پر نے کے کے وباؤں کو پر کلراٹھی گھوم کے ساتھ کھلے 
LOG (lattice-best-path[5.5.907~1-cbed4]:main():lattice-best-path.cc:99) For utterance 20030013_612, best cost 195.171 + 4549.13 = 4744.3 over 804 frames.
20030013_612 تبدیلی و کی لغو سے شخصے نے ڈال بولو ہجرت سفر وفود کیلئے انکشاف روات ہے 
LOG (lattice-best-path[5.5.907~1-cbed4]:main():lattice-best-path.cc:99) For utterance 20030013_613, best cost 124.093 + 2348.61 = 2472.7 over 414 frames.
20030013_613 کا رنگ بااللہ کوسوں جیل برش دی نل پیدا کا 
LOG (lattice-best-path[5.5.907~1-cbed4]:main():lattice-best-path.cc:99) For utterance 20030013_614, best cost 156.759 + 2992.63 = 3149.39 over 523 frames.
20030013_614 رخ طفیل نے شیشے اور کے کرائے اور کے ساتھ حملے بغیر سمتھ عدلیہ 
LOG (lattice-best-path[5.5.907~1-cbed4]:main():lattice-best-path.cc:99) For utterance 20030013_615, best cost 255.52 + 5744.58 = 6000.1 over 1105 frames.
20030013_615 ہدایت کا شہزادی نے فلیچر مصر اثر کو بلوچ کرتے گونگے جوبلی خان آن کی کی جیوری میں گوبر ہیڈ بنایا 
LOG (lattice-best-path[5.5.907~1-cbed4]:main():lattice-best-path.cc:99) For utterance 20030013_616, best cost 276.316 + 5384.56 = 5660.88 over 977 frames.
20030013_616 توجہ لہو آڑ فٹ میں صفوں نبوی جن کو فروزاں اس کر کیسی زدہ سب عود کی معاف پتہ حلف کا اقرار کیا 
LOG (lattice-best-path[5.5.907~1-cbed4]:main():lattice-best-path.cc:99) For utterance 20030013_617, best cost 168.264 + 3323.38 = 3491.64 over 632 frames.
20030013_617 کا میں پر پڑے ستھرے گدھوں نے کیوں کو عابد اسے کر پھیکا ہنسیں لگا 
LOG (lattice-best-path[5.5.907~1-cbed4]:main():lattice-best-path.cc:99) For utterance 20030013_618, best cost 212.104 + 4161.63 = 4373.74 over 734 frames.
20030013_618 کھاؤ ٹھنکا بستر اور فنانس مرچوں والے اور پڑ ساغر نے ٹھل میں کے بعد لیس کے کیا کیا ہے 
LOG (lattice-best-path[5.5.907~1-cbed4]:main():lattice-best-path.cc:99) For utterance 20030013_619, best cost 120.279 + 2499.53 = 2619.81 over 440 frames.
20030013_619 زہریلی تلخی آپ مدعیان کرنے کا سوری دیتی جا ہے 
LOG (lattice-best-path[5.5.907~1-cbed4]:main():lattice-best-path.cc:99) For utterance 20030013_620, best cost 254.389 + 4772.88 = 5027.27 over 900 frames.
20030013_620 جی ملنے پَلوں کے بولوں کو بلوں میں سموئے یا اور دھیرے مگ بوڑھوں پر پرجوش راؤ کی تیار یاں قیود 
LOG (lattice-best-path[5.5.907~1-cbed4]:main():lattice-best-path.cc:99) For utterance 20030013_621, best cost 229.149 + 4223.11 = 4452.26 over 779 frames.
20030013_621 معجل از گئی سچ میں نے ہو کر سوچ ان کے معاون میں انضمام بیس اور جاتی نواز نے میں پہلوٹھی 
LOG (lattice-best-path[5.5.907~1-cbed4]:main():lattice-best-path.cc:99) For utterance 20030013_622, best cost 202.122 + 3592.13 = 3794.25 over 657 frames.
20030013_622 پوچھی برڈ میں مینگل اور کا دیتے کرے درج ان ہما رسیدہ بیڑے فارورڈ میں سے گزری 
LOG (lattice-best-path[5.5.907~1-cbed4]:main():lattice-best-path.cc:99) For utterance 20030013_623, best cost 167.991 + 3065.97 = 3233.96 over 574 frames.
20030013_623 بے انٹر ایم کر درخت منافعوں آنسو برس کا مینگل نے شاہ لیے گیا 
LOG (lattice-best-path[5.5.907~1-cbed4]:main():lattice-best-path.cc:99) For utterance 20030013_624, best cost 248.421 + 4651.67 = 4900.09 over 811 frames.
20030013_624 ماؤف اثر کے نوش فوم نے کے لیے سبب خاص کو رکھوا رفو عود عود تین کے چنگ کیلئے مغیث شوروم تھا 
LOG (lattice-best-path[5.5.907~1-cbed4]:main():lattice-best-path.cc:99) For utterance 20030013_625, best cost 188.539 + 4214.69 = 4403.23 over 696 frames.
20030013_625 نیو ایندھن ساغر بھیڑیے کی کھال کی کا تیرے کر بکھری سی بلکہ مواد کے کو گیا 
LOG (lattice-best-path[5.5.907~1-cbed4]:main():lattice-best-path.cc:99) For utterance 20030013_626, best cost 126.228 + 2560.4 = 2686.63 over 420 frames.
20030013_626 ڈیم بش نے کو مغلیہ اعادہ تم کی ابواب سمجھا 
LOG (lattice-best-path[5.5.907~1-cbed4]:main():lattice-best-path.cc:99) For utterance 20030013_627, best cost 224.342 + 5008.28 = 5232.62 over 926 frames.
20030013_627 چھلکا خیر غلام آئی کے منگوا کے حال آن یاں زیڈ پڑھو کے طوفاں مین نے قارئین گیا 
LOG (lattice-best-path[5.5.907~1-cbed4]:main():lattice-best-path.cc:99) For utterance 20030013_628, best cost 189.219 + 3559.83 = 3749.05 over 644 frames.
20030013_628 بھگت کی تک نے بنانے کیلئے بیٹھی ٹریبیونل میں فون انگلی خوشی یاں مسخ کود تھیں 
LOG (lattice-best-path[5.5.907~1-cbed4]:main():lattice-best-path.cc:99) For utterance 20030013_629, best cost 229.457 + 4875.02 = 5104.47 over 894 frames.
20030013_629 چھیل بھیڑیے بش کا رنگ کے آؤ کو اور میں فیری اب بروز انیق نے مردوں کا ہے جا بھیج کر آیا 
LOG (lattice-best-path[5.5.907~1-cbed4]:main():lattice-best-path.cc:99) For utterance 20030013_630, best cost 175.824 + 3630.43 = 3806.25 over 606 frames.
20030013_630 قیام پیدا نے نجی بسیار میں آکر بیچے مارچ تو چھین سے انگلی کر گیا 
LOG (lattice-best-path[5.5.907~1-cbed4]:main():lattice-best-path.cc:99) For utterance 20030013_631, best cost 224.509 + 4982.48 = 5206.99 over 843 frames.
20030013_631 سے یہ سیکھ سکول انداز ہیڈ میں وقف کا کر دے فلڈ رکھنے کے تو سے موسم اور کر جھالر دکھایا 
LOG (lattice-best-path[5.5.907~1-cbed4]:main():lattice-best-path.cc:99) For utterance 20030013_632, best cost 239.676 + 5405.3 = 5644.98 over 1009 frames.
20030013_632 السی سیکھا نے کہا کے رویا کی حجت چوروں اور بیڑیاں بیگ بھجوا کر کھجوریں اور رسوائی جھولے بغیر بن 
LOG (lattice-best-path[5.5.907~1-cbed4]:main():lattice-best-path.cc:99) For utterance 20030013_633, best cost 237.913 + 5101.57 = 5339.49 over 913 frames.
20030013_633 میں کر ننگے بم بار میں طویل کیلئے نیلم گھنٹے اور فی سکھی کار ضد سندھی سوئمنگ کے لیے کیجیے 
LOG (lattice-best-path[5.5.907~1-cbed4]:main():lattice-best-path.cc:99) For utterance 20030013_634, best cost 159.348 + 2879.21 = 3038.56 over 497 frames.
20030013_634 کھولے شل نے جنریشن کس آنکھ کیلئے روحانی کی نہ کر بن کر کر لائے 
LOG (lattice-best-path[5.5.907~1-cbed4]:main():lattice-best-path.cc:99) For utterance 20030013_635, best cost 215.373 + 4209.72 = 4425.09 over 734 frames.
20030013_635 پاس میں ٹریلر کو قندیل عام کھاؤ میں بیٹھ میں اور علی معمر تک میراں سے کے سے صغری کریں 
LOG (lattice-best-path[5.5.907~1-cbed4]:main():lattice-best-path.cc:99) For utterance 20030013_636, best cost 187.185 + 3658.77 = 3845.96 over 657 frames.
20030013_636 قم اور بروز دشمن کی جو بلی آنکھ شاہ ہونے سے گوجر کا تو ہم کا قوت 
LOG (lattice-best-path[5.5.907~1-cbed4]:main():lattice-best-path.cc:99) For utterance 20030013_637, best cost 195.345 + 3874.11 = 4069.45 over 696 frames.
20030013_637 بھی خان کے شیم آنکھ میں پہنچ کر رمزی لمحوں دی کی لیدر سے ماڈل گریڈ ہوئی 
LOG (lattice-best-path[5.5.907~1-cbed4]:main():lattice-best-path.cc:99) For utterance 20030013_638, best cost 206.9 + 4049.05 = 4255.95 over 760 frames.
20030013_638 کام لوگو جل کی شیفرڈ رحم میں کھونے صورت اور کوٹھڑی کو ٹیڑھے کی کے بالاخر جج لیں 
LOG (lattice-best-path[5.5.907~1-cbed4]:main():lattice-best-path.cc:99) For utterance 20030013_639, best cost 242.206 + 4688.65 = 4930.86 over 868 frames.
20030013_639 ہیلتھ کے دفتر میں تو کے جلد سے ترچھی صرف کرکے نام خود کی وارڈ کر سارز سے دیں دب و چکھیں 
LOG (lattice-best-path[5.5.907~1-cbed4]:main():lattice-best-path.cc:99) For utterance 20030013_640, best cost 212.77 + 4739.74 = 4952.51 over 760 frames.
20030013_640 سمتھ کے نیو منظر بیٹھی کیا میثاق کی نے پیسنے کونسل کے شو والا کا کا چوری کوچ بنایا 
LOG (lattice-best-path[5.5.907~1-cbed4]:main():lattice-best-path.cc:99) For utterance 20030013_641, best cost 158.332 + 3037.48 = 3195.81 over 465 frames.
20030013_641 حقوق پھیلنے دور بڑی شعبوں کو کے آتی کالجز کھا کر مین سے کی کی 
LOG (lattice-best-path[5.5.907~1-cbed4]:main():lattice-best-path.cc:99) For utterance 20030013_642, best cost 168.188 + 3468.12 = 3636.31 over 574 frames.
20030013_642 ہر کو کے گدھی میں جس سیسے صدر سیف بو ٹھوس کی پیداوار ہوتی 
LOG (lattice-best-path[5.5.907~1-cbed4]:main():lattice-best-path.cc:99) For utterance 20030013_643, best cost 216.811 + 4427.61 = 4644.43 over 734 frames.
20030013_643 اب قوس بنا قل پڑ میں مخل فائر کمسن آئے اور تو وولر آپ سے ضائع کرے ڈالنے 
LOG (lattice-best-path[5.5.907~1-cbed4]:main():lattice-best-path.cc:99) For utterance 20030013_644, best cost 210.5 + 4256.26 = 4466.76 over 683 frames.
20030013_644 کے شعری لیدر چھ گریڈ گول پر روئیں اور سے کرا بچے کی کیسی پر کے سے لقب تیرے 
LOG (lattice-best-path[5.5.907~1-cbed4]:main():lattice-best-path.cc:99) For utterance 20030013_645, best cost 170.219 + 3602.77 = 3772.99 over 580 frames.
20030013_645 میں دورے بیٹھ ایک کے دولت کے سائبان روزوں سفر کرنے کی کا آشنا کھلے 
LOG (lattice-best-path[5.5.907~1-cbed4]:main():lattice-best-path.cc:99) For utterance 20030013_646, best cost 166.295 + 3695.8 = 3862.09 over 587 frames.
20030013_646 ساغر گدھوں جوس موجب نے کے باادب حیرت اور میں برابر الزام یہ آئی 
LOG (lattice-best-path[5.5.907~1-cbed4]:main():lattice-best-path.cc:99) For utterance 20030013_647, best cost 141.879 + 2972.75 = 3114.63 over 452 frames.
20030013_647 موثر کر ایس انداز ایک بوم نے چھوڑ کر دور کرا ہے 
LOG (lattice-best-path[5.5.907~1-cbed4]:main():lattice-best-path.cc:99) For utterance 20030013_648, best cost 118.504 + 2700.01 = 2818.51 over 440 frames.
20030013_648 میلے میں دودھیا جارج تعالی سچل کے لیے پڑھوا تھا 
LOG (lattice-best-path[5.5.907~1-cbed4]:main():lattice-best-path.cc:99) For utterance 20030013_649, best cost 165.183 + 3706.74 = 3871.92 over 600 frames.
20030013_649 حقوق کو کے گز کر کے بیٹھ نے کے بعد کا وارڈ کر گہرے لگائی کیے 
LOG (lattice-best-path[5.5.907~1-cbed4]:main():lattice-best-path.cc:99) For utterance 20030013_650, best cost 180.205 + 4045.38 = 4225.58 over 670 frames.
20030013_650 کچرے ایک لابنگ کے زیادہ ساز نیا کرکے نہ کیا ادویات گیراج تدریس گیا ہے 
LOG (lattice-best-path[5.5.907~1-cbed4]:main():lattice-best-path.cc:99) For utterance 20030013_651, best cost 148.276 + 3277.52 = 3425.8 over 548 frames.
20030013_651 غلیل کو تیری میں چوتھی کو کے ایک ٹھاٹھیں اٹھنے سے پہلے صوفی تھی 
LOG (lattice-best-path[5.5.907~1-cbed4]:main():lattice-best-path.cc:99) For utterance 20030013_652, best cost 210.833 + 4184.63 = 4395.47 over 696 frames.
20030013_652 فیڈرل ایئر کی چیزیں تھر گئی اور لے کرکے نو لا میں کا پور کے سقوط تک کوچ اے 
LOG (lattice-best-path[5.5.907~1-cbed4]:main():lattice-best-path.cc:99) For utterance 20030013_653, best cost 159.537 + 3593.71 = 3753.25 over 600 frames.
20030013_653 لو کرا ڈیسک تجزیے تعداد قرضے کے کے تھری گے تک روز ہوا 
LOG (lattice-best-path[5.5.907~1-cbed4]:main():lattice-best-path.cc:99) For utterance 20030013_654, best cost 193.99 + 4436.32 = 4630.31 over 734 frames.
20030013_654 کر فی اور کے اشاعت سے سی اسجد جوے اور ان سے کیلئے رولز کے میں کر میں ستھرے 
LOG (lattice-best-path[5.5.907~1-cbed4]:main():lattice-best-path.cc:99) For utterance 20030013_655, best cost 124.827 + 3846.17 = 3971 over 600 frames.
20030013_655 نہ عام بقیہ چھائی کوٹھے کر کو جانے کریش ہے 
LOG (lattice-best-path[5.5.907~1-cbed4]:main():lattice-best-path.cc:99) For utterance 20030013_656, best cost 204.535 + 4625.3 = 4829.83 over 734 frames.
20030013_656 بے سے سچ یہ رغبت بینک اسے کی حیرت بظاہر اور سوئے مچا رنگ دیکھ کس کریں 
LOG (lattice-best-path[5.5.907~1-cbed4]:main():lattice-best-path.cc:99) For utterance 20030013_657, best cost 141.415 + 3263.08 = 3404.5 over 542 frames.
20030013_657 حد بلا کر ذہن کی کیفے کردار کی حد سے مصر رہی 
LOG (lattice-best-path[5.5.907~1-cbed4]:main():lattice-best-path.cc:99) For utterance 20030013_658, best cost 138.776 + 3590.62 = 3729.4 over 561 frames.
20030013_658 لیجنڈ وڈ سامنے گالف کی ہوئی بیس کی بعد سے وولر 
LOG (lattice-best-path[5.5.907~1-cbed4]:main():lattice-best-path.cc:99) For utterance 20030013_659, best cost 195.277 + 3964.78 = 4160.06 over 619 frames.
20030013_659 مل کے گود کر بچائیں اور تھوڑی کا کا فوم ہولوں غوث کے بعد ہوے لیے پر سوئے 
LOG (lattice-best-path[5.5.907~1-cbed4]:main():lattice-best-path.cc:99) For utterance 20030013_660, best cost 96.1599 + 2423.86 = 2520.02 over 401 frames.
20030013_660 اب بحران کے گداز لگیں ویلیو صرف 
LOG (lattice-best-path[5.5.907~1-cbed4]:main():lattice-best-path.cc:99) For utterance 20030013_661, best cost 123.36 + 2447.14 = 2570.5 over 427 frames.
20030013_661 طلب لینے کیلئے بے شبہ عمل کر کہا کر کروائیں 
LOG (lattice-best-path[5.5.907~1-cbed4]:main():lattice-best-path.cc:99) For utterance 20030013_662, best cost 152.248 + 3127.2 = 3279.45 over 529 frames.
20030013_662 کر ڈیم جو ہو قیام دیے چلے تو سے یا رکھی تجزیہ بکھرے 
LOG (lattice-best-path[5.5.907~1-cbed4]:main():lattice-best-path.cc:99) For utterance 20030013_663, best cost 181.242 + 4338.8 = 4520.04 over 753 frames.
20030013_663 ہیرو نے کہا چار میں خبروں اٹھے اور سال کی اگلے دیکھی طرحی سے وقوف ہوئی 
LOG (lattice-best-path[5.5.907~1-cbed4]:main():lattice-best-path.cc:99) For utterance 20030013_664, best cost 230.998 + 4203.1 = 4434.1 over 715 frames.
20030013_664 فعال اسے یا لے کے پر ریاض اب میں تھائی نبوی لے کر زور رپورٹ گریڈ سے کر اور کے کھڑے ہو گیا 
LOG (lattice-best-path[5.5.907~1-cbed4]:main():lattice-best-path.cc:99) For utterance 20030013_665, best cost 144.404 + 2922.13 = 3066.54 over 484 frames.
20030013_665 فرائض میرے سالہ ویزے سے گریڈ شعری تو فرض فخر گو 
LOG (lattice-best-path[5.5.907~1-cbed4]:main():lattice-best-path.cc:99) For utterance 20030013_666, best cost 165.081 + 3236.99 = 3402.07 over 529 frames.
20030013_666 دونوں سے ہوے اور گھول سے رضا رکھاؤ کھگہ تک سے کا خیر سکول یہ 
LOG (lattice-best-path[5.5.907~1-cbed4]:main():lattice-best-path.cc:99) For utterance 20030013_667, best cost 121.197 + 3137.77 = 3258.97 over 504 frames.
20030013_667 تیری بے کی طرف چیچن کے دوسرے کی کوٹھی بسر ہوئی 
LOG (lattice-best-path[5.5.907~1-cbed4]:main():lattice-best-path.cc:99) For utterance 20030013_668, best cost 198.898 + 4752.8 = 4951.7 over 747 frames.
20030013_668 سانولے کلی کے تلے میں الجھ اور کا پیش لا قاضی جانا دیا چل جاؤ اعتراف 
LOG (lattice-best-path[5.5.907~1-cbed4]:main():lattice-best-path.cc:99) For utterance 20030013_669, best cost 148.534 + 3618.17 = 3766.71 over 548 frames.
20030013_669 بورڈ خسارے نو فعل کوٹھی گذر کے لیے ریزرو ڈبو ٹینک دیا 
LOG (lattice-best-path[5.5.907~1-cbed4]:main():lattice-best-path.cc:99) For utterance 20030013_670, best cost 149.979 + 3304.51 = 3454.49 over 574 frames.
20030013_670 روضے کا آخری اشرف رہتے قیصر دوا کو کوڑھ ابھر کا لو 
LOG (lattice-best-path[5.5.907~1-cbed4]:main():lattice-best-path.cc:99) For utterance 20030013_671, best cost 209.737 + 4937.56 = 5147.29 over 772 frames.
20030013_671 اچھی سے پہلے سوسائٹی گڑیا نے کا ذوق فورس کو کھول کے سقوط چوڑی نجات و اور تھی ہے 
LOG (lattice-best-path[5.5.907~1-cbed4]:main():lattice-best-path.cc:99) For utterance 20030013_672, best cost 167.228 + 4104.98 = 4272.2 over 632 frames.
20030013_672 انٹر میری سے مسئلہ دفتر کام والو سربراہ و صدر زدہ پہلا ہے 
LOG (lattice-best-path[5.5.907~1-cbed4]:main():lattice-best-path.cc:99) For utterance 20030013_673, best cost 157.384 + 3385.54 = 3542.92 over 555 frames.
20030013_673 پڑھائی کے جھاگ دن آتی ہوے جو دی نذر کیا پہلی پر دبائے 
LOG (lattice-best-path[5.5.907~1-cbed4]:main():lattice-best-path.cc:99) For utterance 20030013_674, best cost 184.79 + 5043.9 = 5228.69 over 772 frames.
20030013_674 نقشوں نے پَلوں میں بھڑک آپ عرصہ لاڈ کر قم وارڈ کی اوس نے کی کوشش کی 
LOG (lattice-best-path[5.5.907~1-cbed4]:main():lattice-best-path.cc:99) For utterance 20030013_675, best cost 160.067 + 3270.49 = 3430.56 over 529 frames.
20030013_675 اور جہد دور اولی کے رویہ کا سوچنے پتہ اور فن کا غوغا اٹھائے 
LOG (lattice-best-path[5.5.907~1-cbed4]:main():lattice-best-path.cc:99) For utterance 20030013_676, best cost 177.557 + 3653.48 = 3831.04 over 568 frames.
20030013_676 اپنی کے آئی کی سیلز تھنک کی جا کوئی زوال میں انگلش میں بڑے پر رکھی 
LOG (lattice-best-path[5.5.907~1-cbed4]:main():lattice-best-path.cc:99) For utterance 20030013_677, best cost 223.629 + 5505.98 = 5729.61 over 926 frames.
20030013_677 مثال میں کوئی لیا کی کوٹھی گول مکھن خوفزدہ موصول ہو گی گروپ برطانوی کی حیرت فیتھ اہل گیا 
LOG (lattice-best-path[5.5.907~1-cbed4]:main():lattice-best-path.cc:99) For utterance 20030013_678, best cost 219.848 + 5933.58 = 6153.43 over 971 frames.
20030013_678 سمفنی صفوں اور ڈیلی خیر براؤزر والوں سے چرانے کیلئے ہیڈ کو جلد فلیش سے مشق عشرت کریں 
LOG (lattice-best-path[5.5.907~1-cbed4]:main():lattice-best-path.cc:99) For utterance 20030013_679, best cost 121.453 + 2745.47 = 2866.93 over 446 frames.
20030013_679 کوٹھڑی اور لیڈی پر چیل آ تو صحت تیری سنچری 
LOG (lattice-best-path[5.5.907~1-cbed4]:main():lattice-best-path.cc:99) For utterance 20030013_680, best cost 217.995 + 4124.7 = 4342.7 over 683 frames.
20030013_680 <oov> جوگی اوج اوڑھا گینگز صبغت پٹھوں طور لائے اخبار آ برعکس میں میں ٹھگ اوقات سکتا ہے 
LOG (lattice-best-path[5.5.907~1-cbed4]:main():lattice-best-path.cc:99) For utterance 20030013_681, best cost 167.3 + 3481.53 = 3648.83 over 587 frames.
20030013_681 گدھا چیچن جیوئش کو کر کی تھا رسولی کھول اور پر پیچیدہ اور برسوں گیا 
LOG (lattice-best-path[5.5.907~1-cbed4]:main():lattice-best-path.cc:99) For utterance 20030013_682, best cost 206.78 + 4421.58 = 4628.36 over 753 frames.
20030013_682 وی اور شو والے کی بھوت کر ہجر ریگن آسان صاحب کر ہوے بھیج شوہر معلوم کیے 
LOG (lattice-best-path[5.5.907~1-cbed4]:main():lattice-best-path.cc:99) For utterance 20030013_683, best cost 174.526 + 4190.1 = 4364.62 over 657 frames.
20030013_683 کئے سے بغور ٹیچر تو تک ٹینک پھیرنے سی پھرتی کے کے سے نے کر گئی 
LOG (lattice-best-path[5.5.907~1-cbed4]:main():lattice-best-path.cc:99) For utterance 20030013_684, best cost 164.107 + 3327.53 = 3491.64 over 593 frames.
20030013_684 میں ویب کی بھول خواری سیٹھ کے کیوں میں بھگو یہ پیر بلا کراؤں 
LOG (lattice-best-path[5.5.907~1-cbed4]:main():lattice-best-path.cc:99) For utterance 20030013_685, best cost 135.407 + 2612.99 = 2748.39 over 446 frames.
20030013_685 جو خلل گوجری بن شیر بخشے اور سے قحط سے لنگا دو 
LOG (lattice-best-path[5.5.907~1-cbed4]:main():lattice-best-path.cc:99) For utterance 20030013_686, best cost 221.11 + 4556.16 = 4777.27 over 772 frames.
20030013_686 صرف پھینک کے ایک سب خیلوی وی پیش عرصے دنیا دی میں کھچ کر جوش رکھ پوچھ و 
LOG (lattice-best-path[5.5.907~1-cbed4]:main():lattice-best-path.cc:99) For utterance 20030013_687, best cost 219.343 + 4478.13 = 4697.48 over 721 frames.
20030013_687 شوق کوئی سے بدسلوکی سے آدھے گوجری دو قبل اگر راستے چیف مآب کر توجہ منظور کرائی 
LOG (lattice-best-path[5.5.907~1-cbed4]:main():lattice-best-path.cc:99) For utterance 20030013_688, best cost 235.916 + 4839.09 = 5075.01 over 836 frames.
20030013_688 پر کی بلکہ چادر بل بچار پسند زیور اور دیکھی کے دیکھ میں وہاب ہوم کے قرار دیتا آگے جاؤں 
LOG (lattice-best-path[5.5.907~1-cbed4]:main():lattice-best-path.cc:99) For utterance 20030013_689, best cost 211.508 + 4411.2 = 4622.71 over 753 frames.
20030013_689 وجود اور درجے ذخیرہ کیا جان و جو کھول بنائیں بسوں سب فصلیں کو جل کر چائے 
LOG (lattice-best-path[5.5.907~1-cbed4]:main():lattice-best-path.cc:99) For utterance 20030013_690, best cost 121.084 + 2528.27 = 2649.36 over 414 frames.
20030013_690 بھگو کے اداکارائیں کے شور بے کچھ ہوے نہیں جاتی 
LOG (lattice-best-path[5.5.907~1-cbed4]:main():lattice-best-path.cc:99) For utterance 20030013_691, best cost 162.279 + 3457.57 = 3619.84 over 606 frames.
20030013_691 کیجیے دلجوئی کے لیے اگرچہ کر بویا رینجرز عذاب کر معائنہ پھٹ قضیے 
LOG (lattice-best-path[5.5.907~1-cbed4]:main():lattice-best-path.cc:99) For utterance 20030013_692, best cost 180.024 + 4233.67 = 4413.69 over 721 frames.
20030013_692 بطخوں نظام نے کہا کے میں سے دوچار ہے لے کر قریب کے رہی کا تیرے گاؤں 
LOG (lattice-best-path[5.5.907~1-cbed4]:main():lattice-best-path.cc:99) For utterance 20030013_693, best cost 145.022 + 2738.56 = 2883.58 over 491 frames.
20030013_693 میں میں حد کے جوئیہ سے کہا کے بقایا پر گنا کر لائے مدعو 
LOG (lattice-best-path[5.5.907~1-cbed4]:main():lattice-best-path.cc:99) For utterance 20030013_694, best cost 203.639 + 3721.08 = 3924.72 over 664 frames.
20030013_694 کر حملہ چھوڑ آ شعر اشفاق عرصہ کو جج ایک پرسش چیک شاخ فوجوں بند بنائیں 
LOG (lattice-best-path[5.5.907~1-cbed4]:main():lattice-best-path.cc:99) For utterance 20030013_695, best cost 166.434 + 3168.01 = 3334.44 over 568 frames.
20030013_695 گزری جانے کسے جانے کو کیا گونگے اگر کے چنگ تو پانی میں گھول گیا 
LOG (lattice-best-path[5.5.907~1-cbed4]:main():lattice-best-path.cc:99) For utterance 20030013_696, best cost 167.445 + 3323.5 = 3490.95 over 593 frames.
20030013_696 کے شیعہ پاس سے کیا میں سے کو مس میں مسوڑوں کے بنانے کیلئے پر عام کیا گیا 
LOG (lattice-best-path[5.5.907~1-cbed4]:main():lattice-best-path.cc:99) For utterance 20030013_697, best cost 150.796 + 2881.53 = 3032.33 over 497 frames.
20030013_697 بولو اور کا عود سے سیڑھیاں کن لیڈی جان کرنے کا عام اٹھوا 
LOG (lattice-best-path[5.5.907~1-cbed4]:main():lattice-best-path.cc:99) For utterance 20030013_698, best cost 161.496 + 3910.62 = 4072.12 over 721 frames.
20030013_698 بار بم ذاد عود بھی انکشاف آپ باعث کن جائزہ لینے لگے 
LOG (lattice-best-path[5.5.907~1-cbed4]:main():lattice-best-path.cc:99) For utterance 20030013_699, best cost 176.013 + 3460.9 = 3636.91 over 625 frames.
20030013_699 میں جسٹس ویڈیوز کار کی جھلی نے بظاہر رہزنی دیے اور میں پھیکا مخصوص جو 
LOG (lattice-best-path[5.5.907~1-cbed4]:main():lattice-best-path.cc:99) For utterance 20030013_700, best cost 164.621 + 3393.74 = 3558.36 over 587 frames.
20030013_700 گوشوں اور سوکھی تبلیغ میں تغافل کی سوجھی جھلک کر بو سوکھ سے اٹھیں 
LOG (lattice-scale[5.5.907~1-cbed4]:main():lattice-scale.cc:107) Done 108 lattices.
LOG (lattice-best-path[5.5.907~1-cbed4]:main():lattice-best-path.cc:99) For utterance 20030013_701, best cost 217.17 + 3969.7 = 4186.87 over 728 frames.
20030013_701 مضمون بہو مان بھومی کو بدل کی تم اپنا چیز ثقل باقر مان سے صحبتوں کو سمتھ آیا 
LOG (lattice-best-path[5.5.907~1-cbed4]:main():lattice-best-path.cc:99) For utterance 20030013_702, best cost 182.071 + 3792.67 = 3974.75 over 683 frames.
20030013_702 غیر فیصلہ اب اور قوت کی کود میں ہر ایک کھوکھلا گناہ دل بخشے و 
LOG (lattice-best-path[5.5.907~1-cbed4]:main():lattice-best-path.cc:99) For utterance 20030013_703, best cost 154.943 + 2580.9 = 2735.84 over 465 frames.
20030013_703 پہلا ضائع سے تولید کی چھین کے فقروں کا غوں بار ظاہر ہوتا ہے 
LOG (lattice-best-path[5.5.907~1-cbed4]:main():lattice-best-path.cc:99) For utterance 20030013_704, best cost 157.872 + 3639.45 = 3797.32 over 676 frames.
20030013_704 چودہ کی نیز فیشن مزارعین عذاب کیونکہ انظباتی پہلا کہا پراسیس ہے 
LOG (lattice-add-penalty[5.5.907~1-cbed4]:main():lattice-add-penalty.cc:62) Done adding word insertion penalty to 108 lattices.
LOG (lattice-best-path[5.5.907~1-cbed4]:main():lattice-best-path.cc:99) For utterance 20030013_705, best cost 167.505 + 2807.88 = 2975.39 over 491 frames.
20030013_705 <oov> باغ اور جگہ بن مان قوی دلشاد پر لاگت آنسو سے بڑھ گئی 
LOG (lattice-best-path[5.5.907~1-cbed4]:main():lattice-best-path.cc:99) For utterance 20030013_706, best cost 116.61 + 2252.71 = 2369.32 over 363 frames.
20030013_706 ابو سفید اویسی یا کے دیکھیں تو مدھم مرچوں 
LOG (lattice-best-path[5.5.907~1-cbed4]:main():lattice-best-path.cc:99) For utterance 20030013_707, best cost 142.201 + 2549.64 = 2691.84 over 452 frames.
20030013_707 ماضی کو بلا ہے ثاقب بڑی کی نیز ملاؤں مین آپ رہے 
LOG (lattice-best-path[5.5.907~1-cbed4]:main():lattice-best-path.cc:99) For utterance 20030013_708, best cost 182.983 + 3634.46 = 3817.45 over 606 frames.
20030013_708 مشعر نے سے پہلے برڈ لینے مجیب بش خان رسیدہ طریقہ از مشق سمجھا ہے 
LOG (lattice-best-path[5.5.907~1-cbed4]:main():lattice-best-path.cc:124) Overall cost per frame is 6.082 = 0.277556 [graph] + 5.80444 [acoustic] over 71279 frames.
LOG (lattice-best-path[5.5.907~1-cbed4]:main():lattice-best-path.cc:128) Done 108 lattices, failed for 0
# Accounting: time=0 threads=1
# Ended (code 0) at Wed Apr 21 08:21:22 PKT 2021, elapsed time 0 seconds
