# lattice-scale --inv-acoustic-scale=15 "ark:gunzip -c exp/sgmm2_4/decode/lat.*.gz|" ark:- | lattice-add-penalty --word-ins-penalty=0.0 ark:- ark:- | lattice-best-path --word-symbol-table=exp/sgmm2_4/graph/words.txt ark:- ark,t:- | utils/int2sym.pl -f 2- exp/sgmm2_4/graph/words.txt | cat > exp/sgmm2_4/decode/scoring_kaldi/penalty_0.0/15.txt 
# Started at Wed Apr 21 05:15:49 PKT 2021
#
lattice-best-path --word-symbol-table=exp/sgmm2_4/graph/words.txt ark:- ark,t:- 
lattice-scale --inv-acoustic-scale=15 'ark:gunzip -c exp/sgmm2_4/decode/lat.*.gz|' ark:- 
lattice-add-penalty --word-ins-penalty=0.0 ark:- ark:- 
LOG (lattice-best-path[5.5.907~1-cbed4]:main():lattice-best-path.cc:99) For utterance 20030004_601, best cost 240.026 + 2680.24 = 2920.27 over 804 frames.
20030004_601 نو بُدھی یہاں تک اونچی کے دماغی کے لیے شو میں دھڑے لنگر ای لیلی اگر امور کے پڑا گو بھول کر نیلم گی 
LOG (lattice-best-path[5.5.907~1-cbed4]:main():lattice-best-path.cc:99) For utterance 20030004_602, best cost 284.702 + 3422.23 = 3706.93 over 1000 frames.
20030004_602 درجوں با کو آئیوڈین کے نرخوں اور کھیلے پر رکھے ہوے پڑھائی کے لو بن نقشے آلود جا کے با و پریوں جب کرنے کی شرکت سے آرزوئیں ہے 
LOG (lattice-best-path[5.5.907~1-cbed4]:main():lattice-best-path.cc:99) For utterance 20030004_603, best cost 193.327 + 2602.28 = 2795.61 over 782 frames.
20030004_603 شمسی شوہر اور نزلے کی بڑا سے گدے عمل پر اٹھا تو تبدیلی بےقصور پر کرنے جھاگ کر کیا 
LOG (lattice-best-path[5.5.907~1-cbed4]:main():lattice-best-path.cc:99) For utterance 20030004_604, best cost 215.773 + 2216.63 = 2432.41 over 638 frames.
20030004_604 سوجھی نے نا اہل ای کے داغ وہ کی کر برڈ پڑی تو کا اس کو اچھال یہ کے روز کے نقش ریوڑ کھائیں 
LOG (lattice-best-path[5.5.907~1-cbed4]:main():lattice-best-path.cc:99) For utterance 20030004_605, best cost 139.921 + 1627.96 = 1767.88 over 506 frames.
20030004_605 سول جل شوربہ جھمکے پیش اے میں گولڈ پیر کر داخل دیتا ہے 
LOG (lattice-best-path[5.5.907~1-cbed4]:main():lattice-best-path.cc:99) For utterance 20030004_606, best cost 179.161 + 1875.15 = 2054.31 over 554 frames.
20030004_606 ندوی میں کے دماغی میں فلو بدھ سے کی اس نبی و کے تعوذ کی بڑی فیض ای لخت ہے 
LOG (lattice-best-path[5.5.907~1-cbed4]:main():lattice-best-path.cc:99) For utterance 20030004_607, best cost 125.547 + 1411.43 = 1536.98 over 428 frames.
20030004_607 اب سے دیے کی اور عفت کی زود باندھ گھمبیر نہ بنائی جائے 
LOG (lattice-best-path[5.5.907~1-cbed4]:main():lattice-best-path.cc:99) For utterance 20030004_608, best cost 162.428 + 1975.22 = 2137.64 over 578 frames.
20030004_608 کو پہ کے وڈ بے مرغی کو خرچ پر ڈام جوق جانے کی الجھ ان تو ہو گی 
LOG (lattice-best-path[5.5.907~1-cbed4]:main():lattice-best-path.cc:99) For utterance 20030004_609, best cost 211.135 + 2505.09 = 2716.22 over 746 frames.
20030004_609 علاج شل میں مغلوں میں بار مگر مچھلی اس کو لے نکالیں اور فی سوکھ کے جوڑیں اوقات تصفیے یا کیا 
LOG (lattice-best-path[5.5.907~1-cbed4]:main():lattice-best-path.cc:99) For utterance 20030004_610, best cost 179.893 + 2466.6 = 2646.49 over 740 frames.
20030004_610 مماثل اہل لیتے شیریں کا ایلویٹ کی چمن بے ریان ای چڑھ کی طرف سے بقیہ کے ساتھ ہے 
LOG (lattice-best-path[5.5.907~1-cbed4]:main():lattice-best-path.cc:99) For utterance 20030004_611, best cost 196.107 + 2248.79 = 2444.9 over 699 frames.
20030004_611 گھسے پہنے بھیم کا فورس چڑ نے سے کے دب آؤ کو گڑگڑا حد کی کو اونچی کے ساتھ چھ لے 
LOG (lattice-best-path[5.5.907~1-cbed4]:main():lattice-best-path.cc:99) For utterance 20030004_612, best cost 206.455 + 2552.67 = 2759.13 over 740 frames.
20030004_612 تبدیلی و کی لگا زچ سے میں ڈھال بھورا دے جا شفیق کو توقع قوت کی لینگویج کا خاں حامل ہے 
LOG (lattice-best-path[5.5.907~1-cbed4]:main():lattice-best-path.cc:99) For utterance 20030004_613, best cost 117.886 + 1794.37 = 1912.26 over 534 frames.
20030004_613 کلیم کو لائحہ بوگس اور جدول کو ریشمی نے البتہ کہا 
LOG (lattice-best-path[5.5.907~1-cbed4]:main():lattice-best-path.cc:99) For utterance 20030004_614, best cost 136.08 + 1815.21 = 1951.29 over 547 frames.
20030004_614 گدھوں فیشن نے شیشے کے کرائی و کے ساتھ سمجھیں بغیر سمجھو تھا کیا 
LOG (lattice-best-path[5.5.907~1-cbed4]:main():lattice-best-path.cc:99) For utterance 20030004_615, best cost 235.718 + 3193.89 = 3429.61 over 941 frames.
20030004_615 ہدایت کا شہزادی نے علی جور موئسچرائزنگ سکول بلڈ اوس کرتے ہوئے جونہی خان دانش کی تجوریاں گوبر ہیڈ بڑھ آیا 
LOG (lattice-best-path[5.5.907~1-cbed4]:main():lattice-best-path.cc:99) For utterance 20030004_616, best cost 244.757 + 3038.24 = 3283 over 890 frames.
20030004_616 تاجر غیب وارڈ میڈیسن خان اور بلین کو فروغ مزاج کر کیسی دب تصدق کی ماہ فٹ کا بل کا ایف تیار کیا 
LOG (lattice-best-path[5.5.907~1-cbed4]:main():lattice-best-path.cc:99) For utterance 20030004_617, best cost 173.986 + 1872.54 = 2046.53 over 569 frames.
20030004_617 کم بے پر پڑے سوکھ کے کچھ و میں کی لوگو ہو لیتا دیکھ کر فقدان گھسنے لگا 
LOG (lattice-best-path[5.5.907~1-cbed4]:main():lattice-best-path.cc:99) For utterance 20030004_618, best cost 189.405 + 2702.34 = 2891.74 over 792 frames.
20030004_618 فاؤنڈیشن کمرے جس سے روشناس موجوں والے اکھنڈ ساغر نے کر نیو کے بعد ویجز کے تیار کیا ہے 
LOG (lattice-best-path[5.5.907~1-cbed4]:main():lattice-best-path.cc:99) For utterance 20030004_619, best cost 129.575 + 1707.95 = 1837.52 over 524 frames.
20030004_619 تہذیب ای تشبیہ خادم مطالبے آن کرنے کا جبری نتھی جا ہے 
LOG (lattice-best-path[5.5.907~1-cbed4]:main():lattice-best-path.cc:99) For utterance 20030004_620, best cost 228.101 + 2386.11 = 2614.22 over 688 frames.
20030004_620 چیل میں نے پَلوں کی بولوں کو گڑھ ہو میں سموئے یا اور کی ڈیمو بوڑھوں پر اور زور شو آؤٹ کی تیار عریاں کیں 
LOG (lattice-best-path[5.5.907~1-cbed4]:main():lattice-best-path.cc:99) For utterance 20030004_621, best cost 207.375 + 2742.97 = 2950.35 over 757 frames.
20030004_621 معجل حد رنز حاشیے نے اور کر سوجن کے مانگ لینگویج سے نوبل سدھ اور چاہیے نواز نے میں پہلے کی 
LOG (lattice-best-path[5.5.907~1-cbed4]:main():lattice-best-path.cc:99) For utterance 20030004_622, best cost 183.208 + 2162.21 = 2345.42 over 634 frames.
20030004_622 کو چیک گڑھ میں میں ندا اور قدرے کرے درج ان عمر رسیدہ بھیڑیے کو عالمی سے گزری 
LOG (lattice-best-path[5.5.907~1-cbed4]:main():lattice-best-path.cc:99) For utterance 20030004_623, best cost 133.715 + 1676.89 = 1810.6 over 510 frames.
20030004_623 بن ڈیل ہینگر لوک منافعے اس و برس کا محور کا نشاندہی گیا 
LOG (lattice-best-path[5.5.907~1-cbed4]:main():lattice-best-path.cc:99) For utterance 20030004_624, best cost 205.511 + 2649.11 = 2854.62 over 768 frames.
20030004_624 ماؤف اثر کے نعوذ کو میں فلسطینی اور فوج فوریکس والا فورم حدود کے انجکشن کیلئے مبہم ارشد بھول تھا 
LOG (lattice-best-path[5.5.907~1-cbed4]:main():lattice-best-path.cc:99) For utterance 20030004_625, best cost 171.861 + 2261.45 = 2433.31 over 717 frames.
20030004_625 نے روور ڈیل ساگر میڈیا کی آدمی قدرے دیکھ کر بنگلے زیور کے موو واقعے کو گیا 
LOG (lattice-best-path[5.5.907~1-cbed4]:main():lattice-best-path.cc:99) For utterance 20030004_626, best cost 116.868 + 1552.04 = 1668.91 over 463 frames.
20030004_626 لینڈ پہنچنے کو ملی کیا تک دھول کھیر باڑھ سمجھا 
LOG (lattice-best-path[5.5.907~1-cbed4]:main():lattice-best-path.cc:99) For utterance 20030004_627, best cost 172.636 + 2026.29 = 2198.92 over 610 frames.
20030004_627 فروغ کا خیر رول عمل کے نخوت کے اعلان نے سے بھڑوں کو تو فوم میں لکھا رہ گیا 
LOG (lattice-best-path[5.5.907~1-cbed4]:main():lattice-best-path.cc:99) For utterance 20030004_628, best cost 200.216 + 2294.1 = 2494.31 over 710 frames.
20030004_628 لو بدھ کی تک میلے بھال نے کے لیے بیٹھ ریڈ ٹریبیونل میں فن اور کی خوشی یاں ماؤف کود تھیں 
LOG (lattice-best-path[5.5.907~1-cbed4]:main():lattice-best-path.cc:99) For utterance 20030004_629, best cost 219.618 + 2553.72 = 2773.34 over 773 frames.
20030004_629 شیلڈیں ٹریفک کے کوش والا کے وافر میں فیڈر اب از روور منیب نے مردوں کا ہے سب بھیج کروا یا 
LOG (lattice-best-path[5.5.907~1-cbed4]:main():lattice-best-path.cc:99) For utterance 20030004_630, best cost 180.293 + 2166.23 = 2346.52 over 661 frames.
20030004_630 کئی ان قیصر نے نے شے کے اشجار میں آکر بیچے ماہ لے اچھال سے خام بکھرے گیا 
LOG (lattice-best-path[5.5.907~1-cbed4]:main():lattice-best-path.cc:99) For utterance 20030004_631, best cost 227.994 + 2865.59 = 3093.59 over 905 frames.
20030004_631 سیریز چیف کو لینڈ و برڈ نے وفاقی لیے فلو ڈچ بیچے تو قوس نے کو سے موڑ کر چھایا لے دکھائی 
LOG (lattice-best-path[5.5.907~1-cbed4]:main():lattice-best-path.cc:99) For utterance 20030004_632, best cost 224.041 + 2757.4 = 2981.44 over 874 frames.
20030004_632 حسیں سعید آنے کہا کے روئی یقین گوجر چھوڑ غوں اور بیڑیاں بھجوا کر فجور اور رسولی چھوئیں بغیر بیٹھ 
LOG (lattice-best-path[5.5.907~1-cbed4]:main():lattice-best-path.cc:99) For utterance 20030004_633, best cost 219.968 + 2829.12 = 3049.09 over 822 frames.
20030004_633 ریڈ فرینڈ ان کے بگاڑنے تخیّل کے لیے منیب ٹوئنٹی حفیظ سوں کی کو والرس ایک سیسے بولنگ کیلئے دی جی گے 
LOG (lattice-best-path[5.5.907~1-cbed4]:main():lattice-best-path.cc:99) For utterance 20030004_634, best cost 181.635 + 2182.84 = 2364.48 over 680 frames.
20030004_634 کوئلے شجر جس چلیں شنید کی اس خان کے لیے میں روغن یاں کے نکل فرینڈ کر کے لائیں 
LOG (lattice-best-path[5.5.907~1-cbed4]:main():lattice-best-path.cc:99) For utterance 20030004_635, best cost 196.087 + 2369.2 = 2565.29 over 684 frames.
20030004_635 فاریسٹ مڈل کو چنگ کی الاؤنس فارم میں بیٹھی اور اگلے ممکن تک میں یاں سیل سے سدھ آپ کریں 
LOG (lattice-best-path[5.5.907~1-cbed4]:main():lattice-best-path.cc:99) For utterance 20030004_636, best cost 172.682 + 2178.15 = 2350.84 over 677 frames.
20030004_636 کو مدعو اور خشوع نتھی جوبلی اب شاہ ہونے سے زود جا کا تو ہم کا افورڈ ہوا 
LOG (lattice-best-path[5.5.907~1-cbed4]:main():lattice-best-path.cc:99) For utterance 20030004_637, best cost 170.322 + 2056.81 = 2227.14 over 652 frames.
20030004_637 اقوام کے اس تم آدمی پہنچ کا جنگی لا ہوتی کی حد عرصے موڈ بھیڑوں ہوئی 
LOG (lattice-best-path[5.5.907~1-cbed4]:main():lattice-best-path.cc:99) For utterance 20030004_638, best cost 191.284 + 2428.81 = 2620.1 over 709 frames.
20030004_638 کام جو گوجر کی شیڈول ڈرائینگ میں کوئی صورت اور کوٹھڑی کو کر کی کے بلا آف سے جج جیم 
LOG (lattice-best-path[5.5.907~1-cbed4]:main():lattice-best-path.cc:99) For utterance 20030004_639, best cost 186.301 + 2469.13 = 2655.43 over 768 frames.
20030004_639 ٹریفک کے دفتر کی دکھی جلسے تجویز کر صغیر نہ خود کی زور تک ساز سے بہت سکتیں 
LOG (lattice-best-path[5.5.907~1-cbed4]:main():lattice-best-path.cc:99) For utterance 20030004_640, best cost 208.5 + 2536.6 = 2745.1 over 768 frames.
20030004_640 چور کے نے یوم پر بیٹھی گیارہویں صفیں یہ نے پیسنے کونسل کے شاہ والا کا کا چوری کوچ لگا آیا 
LOG (lattice-best-path[5.5.907~1-cbed4]:main():lattice-best-path.cc:99) For utterance 20030004_641, best cost 150.706 + 2009.1 = 2159.8 over 601 frames.
20030004_641 کو کو پالمر اور بڑی شگوفے کو کی آتشیں بعد سے کھلکھلا کر بھینس سے کی دیں 
LOG (lattice-best-path[5.5.907~1-cbed4]:main():lattice-best-path.cc:99) For utterance 20030004_642, best cost 152.517 + 1880.44 = 2032.96 over 588 frames.
20030004_642 ہر فوم کی فی میچ اس سیکھیں تو درس اسے نفوذ کی ہوا رو کی 
LOG (lattice-best-path[5.5.907~1-cbed4]:main():lattice-best-path.cc:99) For utterance 20030004_643, best cost 192.353 + 2096.32 = 2288.67 over 626 frames.
20030004_643 تفاوت سے نہ فائر پڑنے موقف آف ہجر سے نہ ہائے اور دوغلی لاکھ سے زاید طرحی ڈال ہے 
LOG (lattice-best-path[5.5.907~1-cbed4]:main():lattice-best-path.cc:99) For utterance 20030004_644, best cost 199.631 + 2631.08 = 2830.71 over 753 frames.
20030004_644 ڈچ کے لیے میں ترچھی ایک میں ڈور روئیں اور ذاد برابر چھری کے سینما پر سکتے ندا پاک پھیریں 
LOG (lattice-best-path[5.5.907~1-cbed4]:main():lattice-best-path.cc:99) For utterance 20030004_645, best cost 172.48 + 2262.73 = 2435.21 over 687 frames.
20030004_645 نڈر ویلوٹ کے اس میں دو صرف کے سائیڈ پر زور مس کر کرنے کی فاجر کھلیں ہیں 
LOG (lattice-best-path[5.5.907~1-cbed4]:main():lattice-best-path.cc:99) For utterance 20030004_646, best cost 149.211 + 2232.59 = 2381.8 over 664 frames.
20030004_646 سعودی ناول جوس نے اور چبھنے کے بعد لاؤ براں نے بڑھائے ڈالنے آئی 
LOG (lattice-best-path[5.5.907~1-cbed4]:main():lattice-best-path.cc:99) For utterance 20030004_647, best cost 147.717 + 1513.37 = 1661.09 over 439 frames.
20030004_647 بو آج نادر کے تھانہ ظہیر بھون دھونی چور کر دو رو پر آئے 
LOG (lattice-best-path[5.5.907~1-cbed4]:main():lattice-best-path.cc:99) For utterance 20030004_648, best cost 120.332 + 1739.56 = 1859.89 over 531 frames.
20030004_648 میلے میں دودھیا چار سکتے نوحہ خرچ ایئر کیلئے کروا تھا 
LOG (lattice-best-path[5.5.907~1-cbed4]:main():lattice-best-path.cc:99) For utterance 20030004_649, best cost 142.374 + 1953.65 = 2096.02 over 582 frames.
20030004_649 کو کو کو کن مین صرف کے بیٹھ نے کے بعد کا بام کا لیڈر لگائے 
LOG (lattice-best-path[5.5.907~1-cbed4]:main():lattice-best-path.cc:99) For utterance 20030004_650, best cost 180.017 + 2337.36 = 2517.38 over 690 frames.
20030004_650 ہجو میری تعلیم کی سی غیرت اور سال میں یقین کی نبوی اہلیہ کے ادائیگی تک اعزہ ہے 
LOG (lattice-best-path[5.5.907~1-cbed4]:main():lattice-best-path.cc:99) For utterance 20030004_651, best cost 153.661 + 2179.42 = 2333.08 over 679 frames.
20030004_651 کو ییلو خوف بلڈنگ میں چونگی کھوکھلے ایقان کے اور نے سے پہلے سونگ پی تھی 
LOG (lattice-best-path[5.5.907~1-cbed4]:main():lattice-best-path.cc:99) For utterance 20030004_652, best cost 211.782 + 2510.92 = 2722.71 over 801 frames.
20030004_652 ہیڈ رول ینگ کی چھیلنے تھام گئی اور ہی کو اور کے نو لا میں کا گوٹھوں کے سدھو تک پہنچ ای 
LOG (lattice-best-path[5.5.907~1-cbed4]:main():lattice-best-path.cc:99) For utterance 20030004_653, best cost 184.259 + 2257.7 = 2441.96 over 694 frames.
20030004_653 لو ایئر برابر ڈیل سے کسی سن ٹھل قرضے لکھی ہجر عید لائی تک روز ہوا 
LOG (lattice-best-path[5.5.907~1-cbed4]:main():lattice-best-path.cc:99) For utterance 20030004_654, best cost 175.878 + 2338.42 = 2514.3 over 694 frames.
20030004_654 کرنے اور دیش ہاؤس اس کی ایشیائی جونہی اور انسٹھویں اور اس کے نوید عام عید سدھ رہیں 
LOG (lattice-best-path[5.5.907~1-cbed4]:main():lattice-best-path.cc:99) For utterance 20030004_655, best cost 133.48 + 1582.78 = 1716.26 over 493 frames.
20030004_655 نام بخشش کی یہ چھائی گوڈی لیب بو جانے کا عشرت ایں 
LOG (lattice-best-path[5.5.907~1-cbed4]:main():lattice-best-path.cc:99) For utterance 20030004_656, best cost 177.134 + 2400.89 = 2578.03 over 744 frames.
20030004_656 بے اسے سمجھی ایئر و ہینگر کا زیر ایونٹ بچائیں اور سنو جوار بھید حبس کریں 
LOG (lattice-best-path[5.5.907~1-cbed4]:main():lattice-best-path.cc:99) For utterance 20030004_657, best cost 143.127 + 1736.86 = 1879.99 over 545 frames.
20030004_657 خام پر آف پھنسے ان کے ایک ایف پر کردار کی حد سے موخر نہیں 
LOG (lattice-best-path[5.5.907~1-cbed4]:main():lattice-best-path.cc:99) For utterance 20030004_658, best cost 130.793 + 1843.45 = 1974.24 over 505 frames.
20030004_658 لینڈ ورلڈ کا میں با لوہے عفو ایئر سچ کے بعد سے گزارنے 
LOG (lattice-best-path[5.5.907~1-cbed4]:main():lattice-best-path.cc:99) For utterance 20030004_659, best cost 196.101 + 2527.45 = 2723.55 over 796 frames.
20030004_659 مٹیں کود کر بجھائی اور کوڑھ ای کا تک خام پور و قوس کے بعد بوم نیا کر سوویں 
LOG (lattice-best-path[5.5.907~1-cbed4]:main():lattice-best-path.cc:99) For utterance 20030004_660, best cost 93.3628 + 1428.51 = 1521.87 over 406 frames.
20030004_660 ہوئے پردھان کے بقایا کے ضلع میں نہیں حوصلہ 
LOG (lattice-best-path[5.5.907~1-cbed4]:main():lattice-best-path.cc:99) For utterance 20030004_661, best cost 118.92 + 1645.9 = 1764.82 over 513 frames.
20030004_661 کا صرف لینے کے لیے بیچوں پر حامل کا داغدار راغب دبائے 
LOG (lattice-best-path[5.5.907~1-cbed4]:main():lattice-best-path.cc:99) For utterance 20030004_662, best cost 159.78 + 1816.68 = 1976.46 over 549 frames.
20030004_662 کر ٹرین چون کو کی آنکھ یاں جھلی تو سے یا رو کی تشبیہ ہی بھی کریں 
LOG (lattice-best-path[5.5.907~1-cbed4]:main():lattice-best-path.cc:99) For utterance 20030004_663, best cost 191.565 + 2176.9 = 2368.46 over 658 frames.
20030004_663 پی رونے جہاں چاہے مگ کا گا انگوٹھی عرصہ تھیں تو کی معدے کی طرحی صوبوں قوت گی 
LOG (lattice-best-path[5.5.907~1-cbed4]:main():lattice-best-path.cc:99) For utterance 20030004_664, best cost 224.08 + 2441.08 = 2665.16 over 744 frames.
20030004_664 فراواں صیاد اے کے بارے اعظم میں تعین آدھ گورے لیتا نہ زور ہوا تو ایئر جی کے روپے کھڑے ہو گئے 
LOG (lattice-best-path[5.5.907~1-cbed4]:main():lattice-best-path.cc:99) For utterance 20030004_665, best cost 136.179 + 1965.23 = 2101.41 over 587 frames.
20030004_665 فیصلے خسارے رابعہ سے سے بھرٹ چینی تو خواہ آج مخیر ہوا 
LOG (lattice-best-path[5.5.907~1-cbed4]:main():lattice-best-path.cc:99) For utterance 20030004_666, best cost 148.276 + 1619.76 = 1768.03 over 480 frames.
20030004_666 بوم سے ہوے اگرچہ علم پر آ کا کا طرف ضلع خیر سے بھولیں یہ 
LOG (lattice-best-path[5.5.907~1-cbed4]:main():lattice-best-path.cc:99) For utterance 20030004_667, best cost 122.036 + 1811.47 = 1933.51 over 558 frames.
20030004_667 پہلی دیے کے دھاڑ سے جہتیں کو سے کے گگلی بھون سنبھلی 
LOG (lattice-best-path[5.5.907~1-cbed4]:main():lattice-best-path.cc:99) For utterance 20030004_668, best cost 211.131 + 2536.3 = 2747.43 over 777 frames.
20030004_668 سامنے فلو اور پیر کے پر لڑیں میں خوگر نے والا چند کا پچھلے آ بیعانہ بلین سے جال نکل لا 
LOG (lattice-best-path[5.5.907~1-cbed4]:main():lattice-best-path.cc:99) For utterance 20030004_669, best cost 158.249 + 1719.62 = 1877.87 over 543 frames.
20030004_669 وارڈ خاص ان و فلڈ بورڈ نے میوزک سے لیے جیز زیڈ روڈ نہیں کیا 
LOG (lattice-best-path[5.5.907~1-cbed4]:main():lattice-best-path.cc:99) For utterance 20030004_670, best cost 149.781 + 1670.1 = 1819.88 over 512 frames.
20030004_670 رو سے کا آخری یہ شاہ ہائے کس اڈوں کا خود کوڑھ وہ کا تعلق 
LOG (lattice-best-path[5.5.907~1-cbed4]:main():lattice-best-path.cc:99) For utterance 20030004_671, best cost 201.465 + 2733.49 = 2934.96 over 872 frames.
20030004_671 غیر شے سے پہلے سوسائٹی گڑیا نے کہا سوں اور اس بقول کے سکول جھولے میں دو اور جی یہ جاؤ 
LOG (lattice-best-path[5.5.907~1-cbed4]:main():lattice-best-path.cc:99) For utterance 20030004_672, best cost 181.982 + 2133.66 = 2315.64 over 652 frames.
20030004_672 انٹر میری ایڈز شو سے لائیں تو فاروق آن بل صرف پر اوس اگرچہ کا پہلا ہے 
LOG (lattice-best-path[5.5.907~1-cbed4]:main():lattice-best-path.cc:99) For utterance 20030004_673, best cost 134.101 + 1696.73 = 1830.83 over 536 frames.
20030004_673 قرار کی کے ایچ آنگن وعدے ہوے چوزے نظر کے بے پر بڑھائے 
LOG (lattice-best-path[5.5.907~1-cbed4]:main():lattice-best-path.cc:99) For utterance 20030004_674, best cost 182.787 + 2322.19 = 2504.98 over 656 frames.
20030004_674 نشر نے پَلوں میں پر ایسا خرچ آگ آنکھ کر ہم بار ہے یوں ٹھونس نے کی کوشش کی 
LOG (lattice-best-path[5.5.907~1-cbed4]:main():lattice-best-path.cc:99) For utterance 20030004_675, best cost 121.439 + 1608.15 = 1729.58 over 501 frames.
20030004_675 عارضی بھربھری کے روپے پر سوچے تو تعاون کا وہاب اور آئے 
LOG (lattice-best-path[5.5.907~1-cbed4]:main():lattice-best-path.cc:99) For utterance 20030004_676, best cost 167.322 + 2172.35 = 2339.67 over 617 frames.
20030004_676 اپنے رہائش کی سے اس کا نتیجے کا کھولے زوال نے عملا گشت جھگڑے پر رکھ گی 
LOG (lattice-best-path[5.5.907~1-cbed4]:main():lattice-best-path.cc:99) For utterance 20030004_677, best cost 197.382 + 2566.68 = 2764.06 over 794 frames.
20030004_677 نے سامنے کی یا کی گگلی ہوئی مگر بعدازاں قوس ابو ہیرو گرداں نیم کو محویت سے بدل گیا 
LOG (lattice-best-path[5.5.907~1-cbed4]:main():lattice-best-path.cc:99) For utterance 20030004_678, best cost 209.271 + 2949.19 = 3158.46 over 870 frames.
20030004_678 سن آفس ماہ پر ڈیلی فیڈرل جڑ والوں سے چرانے کیلئے حروں جن فلیش سے مشق کے شعر کریں 
LOG (lattice-best-path[5.5.907~1-cbed4]:main():lattice-best-path.cc:99) For utterance 20030004_679, best cost 116.047 + 1675.04 = 1791.09 over 496 frames.
20030004_679 تھوڑی اور تیری پر چیڑھ لگائے تو سفر تیزی سے الجھی 
LOG (lattice-best-path[5.5.907~1-cbed4]:main():lattice-best-path.cc:99) For utterance 20030004_680, best cost 203.983 + 2490.48 = 2694.47 over 764 frames.
20030004_680 چوری کا جوڑے آپ اہل دے ہوے بیٹھ کو تو لائی وقف آ راہبر رقص نے میں دل علاوہ جاتا ہے 
LOG (lattice-best-path[5.5.907~1-cbed4]:main():lattice-best-path.cc:99) For utterance 20030004_681, best cost 204.761 + 2266.22 = 2470.98 over 688 frames.
20030004_681 گدھا چل شون جیب شے کو کے ہر کی ڈھا رسولی تو ہولوں مون پر بجھی دھار پر سوئے آ 
LOG (lattice-best-path[5.5.907~1-cbed4]:main():lattice-best-path.cc:99) For utterance 20030004_682, best cost 185.689 + 2082.98 = 2268.67 over 656 frames.
20030004_682 بے ایفکٹ اور چوالیس یہ کی لوٹ پر بے جڑیں کا ناچنے اجاگر باعث کے جو ہر معلوم کیے 
LOG (lattice-best-path[5.5.907~1-cbed4]:main():lattice-best-path.cc:99) For utterance 20030004_683, best cost 144.147 + 1997.73 = 2141.88 over 605 frames.
20030004_683 ریڈ سے ماؤنٹ کی جبڑوں تک اینٹھن نے نیم ریلیف کے لیے سے نکل گئی 
LOG (lattice-best-path[5.5.907~1-cbed4]:main():lattice-best-path.cc:99) For utterance 20030004_684, best cost 184.605 + 2334.45 = 2519.05 over 758 frames.
20030004_684 نمبر بھی فورم کو آتی آدھ سیٹھ کے قیود میں میں لوں یا رحیل طلب تک عام 
LOG (lattice-best-path[5.5.907~1-cbed4]:main():lattice-best-path.cc:99) For utterance 20030004_685, best cost 141.595 + 1586.06 = 1727.66 over 489 frames.
20030004_685 جو فعال ابو سے بیچے بخشیں کو سے کہا سے لا مون بدھ ہو 
LOG (lattice-best-path[5.5.907~1-cbed4]:main():lattice-best-path.cc:99) For utterance 20030004_686, best cost 181.81 + 1821.41 = 2003.22 over 543 frames.
20030004_686 صرف تبدیل کے صرف فعل بیک پیش عرصے بن یادیں میں سچ کا شو شاہ پوچھ و 
LOG (lattice-best-path[5.5.907~1-cbed4]:main():lattice-best-path.cc:99) For utterance 20030004_687, best cost 202.757 + 2626.15 = 2828.91 over 796 frames.
20030004_687 سوچ کوئی اس کے بدسلوکی سے آنکھیں کھولنے تو حق ابھرا سے چیف مان کر تو جا مہجور کر گئے 
LOG (lattice-best-path[5.5.907~1-cbed4]:main():lattice-best-path.cc:99) For utterance 20030004_688, best cost 219.3 + 2684.13 = 2903.43 over 831 frames.
20030004_688 قل کی بلکہ چادر بھیج بچہ کر سنچری یاں گزارنے اور بیچ کی کے بیچ میں نے حامد کے پراٹھا داغ بھیجا 
LOG (lattice-best-path[5.5.907~1-cbed4]:main():lattice-best-path.cc:99) For utterance 20030004_689, best cost 204.953 + 2067.15 = 2272.11 over 645 frames.
20030004_689 بو جو تو بڑے جیز ذخیرہ کیا جا نو جو گول بنائی اور سوئس و فصلیں کو چل کر چھائی 
LOG (lattice-best-path[5.5.907~1-cbed4]:main():lattice-best-path.cc:99) For utterance 20030004_690, best cost 134.956 + 1364.51 = 1499.46 over 467 frames.
20030004_690 یہ گھن یاں نہ پڑھائی کے شو لے کو چھور آن نہیں جاتا 
LOG (lattice-best-path[5.5.907~1-cbed4]:main():lattice-best-path.cc:99) For utterance 20030004_691, best cost 185.492 + 2454.84 = 2640.33 over 808 frames.
20030004_691 کی سی کی دلجوئی کیلئے اپنا جیگوار دھوئے یا اور پر ہنسیں ٹھونس آکر معین آدمی ٹھونس دیئے 
LOG (lattice-best-path[5.5.907~1-cbed4]:main():lattice-best-path.cc:99) For utterance 20030004_692, best cost 184.323 + 2045.75 = 2230.07 over 657 frames.
20030004_692 بدھ خون ایثار نے کہا کے مے مس سے حوصلہ بدلے حد گاڑی کے بُدھی کھاد کے دل ہے 
LOG (lattice-best-path[5.5.907~1-cbed4]:main():lattice-best-path.cc:99) For utterance 20030004_693, best cost 137.914 + 2044.1 = 2182.02 over 673 frames.
20030004_693 میں نے حق کے جوئیہ سے کہا کے وہ کا پر بنا کر لائے مدعو 
LOG (lattice-best-path[5.5.907~1-cbed4]:main():lattice-best-path.cc:99) For utterance 20030004_694, best cost 186.234 + 2068.33 = 2254.56 over 604 frames.
20030004_694 طرفین کاجو لاشیں شفاعت کر صاحب کو جج جی اور اسے ہی چاقو جو بند بن آئے 
LOG (lattice-best-path[5.5.907~1-cbed4]:main():lattice-best-path.cc:99) For utterance 20030004_695, best cost 160.915 + 1972.26 = 2133.17 over 606 frames.
20030004_695 کوئی کے جانب کھچی جانے کو کیا رو اور اگر کی جاؤں تو پانی میں گھول جا ہے 
LOG (lattice-best-path[5.5.907~1-cbed4]:main():lattice-best-path.cc:99) For utterance 20030004_696, best cost 174.198 + 2010.38 = 2184.58 over 617 frames.
20030004_696 کے ایل شیم فورس ریڈ کے آ میں سے کو بیضوی مسوڑوں کے بنانے کیلئے فراواں میں کیا جائے گا 
LOG (lattice-best-path[5.5.907~1-cbed4]:main():lattice-best-path.cc:99) For utterance 20030004_697, best cost 131.815 + 1614.46 = 1746.28 over 492 frames.
20030004_697 بل اور کا عود سے سَیل لینتھ دم کے ڈیزائنروں کرنے کا کام ہو گا 
LOG (lattice-scale[5.5.907~1-cbed4]:main():lattice-scale.cc:107) Done 108 lattices.
LOG (lattice-best-path[5.5.907~1-cbed4]:main():lattice-best-path.cc:99) For utterance 20030004_698, best cost 136.322 + 1510.8 = 1647.12 over 474 frames.
20030004_698 بار عوام ان ذادہ دور بھینسیں شفاعت باعث کا جائزہ لینے لگا 
LOG (lattice-best-path[5.5.907~1-cbed4]:main():lattice-best-path.cc:99) For utterance 20030004_699, best cost 187.365 + 1916.66 = 2104.03 over 596 frames.
20030004_699 نجات کے فیوچر کار کیچڑ ای میں بتایا یہ کے اہل یا نیم ریوڑ مہندی کا مقصود چوم 
LOG (lattice-best-path[5.5.907~1-cbed4]:main():lattice-best-path.cc:99) For utterance 20030004_700, best cost 156.147 + 1705.7 = 1861.85 over 540 frames.
20030004_700 گوشے اور فوم کی تک خلیل میں تغافل کی سوجھی جھڑک کر بس سوکھ سے افق 
LOG (lattice-best-path[5.5.907~1-cbed4]:main():lattice-best-path.cc:99) For utterance 20030004_701, best cost 202.324 + 2007.09 = 2209.42 over 617 frames.
20030004_701 مضمون با عنوان ہو نوگو گذر کی تو ماتھا جی سے کے الحاق کر حوض اس ہوے تو کو سمجھا آیا 
LOG (lattice-best-path[5.5.907~1-cbed4]:main():lattice-best-path.cc:99) For utterance 20030004_702, best cost 137.121 + 1521.25 = 1658.37 over 513 frames.
20030004_702 غیر فیصلہ آ قوت کی روڈ میں بارے کو شاہ دو نادر بخشے 
LOG (lattice-best-path[5.5.907~1-cbed4]:main():lattice-best-path.cc:99) For utterance 20030004_703, best cost 145.958 + 1508.72 = 1654.68 over 504 frames.
20030004_703 حیرت حائل سے تولید ای چھین کے کے پڑھوں کا وہ بار ظاہر ہوتا ہے 
LOG (lattice-best-path[5.5.907~1-cbed4]:main():lattice-best-path.cc:99) For utterance 20030004_704, best cost 170.937 + 2330.45 = 2501.39 over 762 frames.
20030004_704 جو تھائی ونگ سے شنید موعود آئین آزاد یوں کے ایک انظباتی علاوہ پراسیس ہے 
LOG (lattice-best-path[5.5.907~1-cbed4]:main():lattice-best-path.cc:99) For utterance 20030004_705, best cost 170.11 + 1808.27 = 1978.38 over 586 frames.
20030004_705 با وجہ گگن ماہ ایک روہی و سے چادر لاگت آٹھ پھنس و سے بڑھ گئی 
LOG (lattice-add-penalty[5.5.907~1-cbed4]:main():lattice-add-penalty.cc:62) Done adding word insertion penalty to 108 lattices.
LOG (lattice-best-path[5.5.907~1-cbed4]:main():lattice-best-path.cc:99) For utterance 20030004_706, best cost 108.316 + 1325.55 = 1433.87 over 434 frames.
20030004_706 بل سفید گیس کے آنکھیں دکھی تو مدد میں چوم 
LOG (lattice-best-path[5.5.907~1-cbed4]:main():lattice-best-path.cc:99) For utterance 20030004_707, best cost 139.755 + 1402.21 = 1541.97 over 479 frames.
20030004_707 ماضی کو بلا یا ہے تو آگے بری یوں میں گناہوں میں نہ پڑے 
LOG (lattice-best-path[5.5.907~1-cbed4]:main():lattice-best-path.cc:99) For utterance 20030004_708, best cost 164.385 + 1970.38 = 2134.77 over 653 frames.
20030004_708 جنگ جھرنے سے پہلے پڑھے نے مجھے کچھ خارجہ صیغہ طریقہ اور مشق سمجھا اے 
LOG (lattice-best-path[5.5.907~1-cbed4]:main():lattice-best-path.cc:124) Overall cost per frame is 3.54905 = 0.26788 [graph] + 3.28117 [acoustic] over 70132 frames.
LOG (lattice-best-path[5.5.907~1-cbed4]:main():lattice-best-path.cc:128) Done 108 lattices, failed for 0
# Accounting: time=0 threads=1
# Ended (code 0) at Wed Apr 21 05:15:49 PKT 2021, elapsed time 0 seconds
