# lattice-scale --inv-acoustic-scale=8 "ark:gunzip -c exp/tri3/decode/lat.*.gz|" ark:- | lattice-add-penalty --word-ins-penalty=1.0 ark:- ark:- | lattice-best-path --word-symbol-table=exp/tri3/graph/words.txt ark:- ark,t:- | utils/int2sym.pl -f 2- exp/tri3/graph/words.txt | cat > exp/tri3/decode/scoring_kaldi/penalty_1.0/8.txt 
# Started at Thu Apr 22 11:52:06 PKT 2021
#
lattice-best-path --word-symbol-table=exp/tri3/graph/words.txt ark:- ark,t:- 
lattice-add-penalty --word-ins-penalty=1.0 ark:- ark:- 
lattice-scale --inv-acoustic-scale=8 'ark:gunzip -c exp/tri3/decode/lat.*.gz|' ark:- 
LOG (lattice-best-path[5.5.907~1-cbed4]:main():lattice-best-path.cc:99) For utterance 20030004_601, best cost 136.765 + 5399.9 = 5536.67 over 804 frames.
20030004_601 دیوبندی لاگت رنجیدہ کی شنید ریلیف بلی داؤدی پڑا اور اوپر کیں 
LOG (lattice-best-path[5.5.907~1-cbed4]:main():lattice-best-path.cc:99) For utterance 20030004_602, best cost 164.3 + 6880.28 = 7044.58 over 1000 frames.
20030004_602 گروہ کوآرڈینیٹر اور کے پر تھیوری گلوبل شیرخوار چار کے بروکلی جھلی شرکت سے آرزوئیں 
LOG (lattice-best-path[5.5.907~1-cbed4]:main():lattice-best-path.cc:99) For utterance 20030004_603, best cost 121.919 + 5248.38 = 5370.3 over 782 frames.
20030004_603 شمشاد بغور تنزلی مماثل ڈیویلپر کارکردگی روزوں پراچہ ترجیح 
LOG (lattice-best-path[5.5.907~1-cbed4]:main():lattice-best-path.cc:99) For utterance 20030004_604, best cost 91.3457 + 4300.8 = 4392.15 over 638 frames.
20030004_604 چند جیلانی دراوڑی غصب چاہے سے اپنے ہو گئی 
LOG (lattice-best-path[5.5.907~1-cbed4]:main():lattice-best-path.cc:99) For utterance 20030004_605, best cost 84.2607 + 3399.8 = 3484.06 over 506 frames.
20030004_605 چونچلے شعاع جنگی پیشنگوئی بورڈ کی کرتا ہے 
LOG (lattice-best-path[5.5.907~1-cbed4]:main():lattice-best-path.cc:99) For utterance 20030004_606, best cost 93.7612 + 3763.06 = 3856.82 over 554 frames.
20030004_606 گرویدہ موروثی تذلیل کے کاغذ کی بڑی گزیر تھا 
LOG (lattice-best-path[5.5.907~1-cbed4]:main():lattice-best-path.cc:99) For utterance 20030004_607, best cost 84.5769 + 2850.52 = 2935.1 over 428 frames.
20030004_607 تحصیل کی اور کی زوال بھومی لاابالی جیب 
LOG (lattice-best-path[5.5.907~1-cbed4]:main():lattice-best-path.cc:99) For utterance 20030004_608, best cost 84.937 + 3961.57 = 4046.51 over 578 frames.
20030004_608 کرکے کی معیوب کو خوشگوار جڑی مجذوب کی 
LOG (lattice-best-path[5.5.907~1-cbed4]:main():lattice-best-path.cc:99) For utterance 20030004_609, best cost 120.653 + 5080.11 = 5200.76 over 746 frames.
20030004_609 کیا شمولیت باورچی رسولی کا ریورس کی جھگی سوغات صیاد کیا 
LOG (lattice-best-path[5.5.907~1-cbed4]:main():lattice-best-path.cc:99) For utterance 20030004_610, best cost 124.674 + 4828.01 = 4952.68 over 740 frames.
20030004_610 بااثر ایلویٹ شیرخوار ٹیلیویژن بیڑیاں نیچے کی ترچھی معیت کے ساتھ ہیں 
LOG (lattice-best-path[5.5.907~1-cbed4]:main():lattice-best-path.cc:99) For utterance 20030004_611, best cost 97.9042 + 4611.82 = 4709.72 over 699 frames.
20030004_611 حسینی محفوظ صیہونی سے کے دوران کی دوجے سچ ہے 
LOG (lattice-best-path[5.5.907~1-cbed4]:main():lattice-best-path.cc:99) For utterance 20030004_612, best cost 126.15 + 4943.33 = 5069.48 over 740 frames.
20030004_612 تنظیم کی ورزش کردار معالجہ شخص خودرو کو کی لینگویج چراغاں ہیں 
LOG (lattice-best-path[5.5.907~1-cbed4]:main():lattice-best-path.cc:99) For utterance 20030004_613, best cost 80.3333 + 3531.9 = 3612.23 over 534 frames.
20030004_613 پرنم فولاد موضوع جلد قریشی کردار 
LOG (lattice-best-path[5.5.907~1-cbed4]:main():lattice-best-path.cc:99) For utterance 20030004_614, best cost 106.281 + 3776.85 = 3883.13 over 547 frames.
20030004_614 بندوق ٹیکنیشنز کے قائم کے ساتھ سوجنے بغیر سمجھو کا کیا 
LOG (lattice-best-path[5.5.907~1-cbed4]:main():lattice-best-path.cc:99) For utterance 20030004_615, best cost 154.337 + 6265.33 = 6419.66 over 941 frames.
20030004_615 گلدستہ شہزادی ٹیچر موئسچرائزنگ سومرو سکتے بھولیں جوبلی حالانکہ دلجوئی تو علیحدہ ہیں 
LOG (lattice-best-path[5.5.907~1-cbed4]:main():lattice-best-path.cc:99) For utterance 20030004_616, best cost 165.601 + 5867.38 = 6032.98 over 890 frames.
20030004_616 تاجور اور میڈیسن خان اور نیلوفر روضہ چھلکے مصیبت صفوں کی ماخذ قہقہے کیا کی ہیں 
LOG (lattice-best-path[5.5.907~1-cbed4]:main():lattice-best-path.cc:99) For utterance 20030004_617, best cost 102.609 + 3704.61 = 3807.21 over 569 frames.
20030004_617 کو میں کارپوریشن کے مرچوں میں کی روے کارخیر شناسی ہیں 
LOG (lattice-best-path[5.5.907~1-cbed4]:main():lattice-best-path.cc:99) For utterance 20030004_618, best cost 136.463 + 5246.09 = 5382.55 over 792 frames.
20030004_618 خانگی کبڈی سے روشناس کوچوں والے اقتصادی کرنے کے بعد تجزیے کیا کیا ہیں 
LOG (lattice-best-path[5.5.907~1-cbed4]:main():lattice-best-path.cc:99) For utterance 20030004_619, best cost 83.1686 + 3425.28 = 3508.45 over 524 frames.
20030004_619 تیزی کے شیرخوار میں کامیاب کلومیٹر جوڈیشل ہیں 
LOG (lattice-best-path[5.5.907~1-cbed4]:main():lattice-best-path.cc:99) For utterance 20030004_620, best cost 128.834 + 4632.35 = 4761.18 over 688 frames.
20030004_620 جیلانی پُلوں کے اور مصروفیات اور دیوبند پرجوش کھاؤں کی کیا لالچی ہیں 
LOG (lattice-best-path[5.5.907~1-cbed4]:main():lattice-best-path.cc:99) For utterance 20030004_621, best cost 146.416 + 5194.81 = 5341.22 over 757 frames.
20030004_621 معجل جلسہ شیو قرضوں جیٹ گہماگہمی سے بوگس اور چاہئے وزیر پہلے کیں 
LOG (lattice-best-path[5.5.907~1-cbed4]:main():lattice-best-path.cc:99) For utterance 20030004_622, best cost 101.638 + 4222.94 = 4324.58 over 634 frames.
20030004_622 اور چیتھڑے میں کا اور دیکھئے طرزعمل ازسرنو ریزروز تھیں 
LOG (lattice-best-path[5.5.907~1-cbed4]:main():lattice-best-path.cc:99) For utterance 20030004_623, best cost 85.0005 + 3320.18 = 3405.18 over 510 frames.
20030004_623 بیلٹ اینگرو لاکھا سوگوار سامنے دانش آیا 
LOG (lattice-best-path[5.5.907~1-cbed4]:main():lattice-best-path.cc:99) For utterance 20030004_624, best cost 139.592 + 5192.65 = 5332.24 over 768 frames.
20030004_624 حفاظ کلثوم ایجنسی غوروخوض فورس غفور عروج کی کرشنگ کیوں بشمول تھا 
LOG (lattice-best-path[5.5.907~1-cbed4]:main():lattice-best-path.cc:99) For utterance 20030004_625, best cost 96.9738 + 4517.1 = 4614.07 over 717 frames.
20030004_625 نظریے کے بعد کی کوارڈینیٹر گردیزی بلکہ واقع ہو گیا 
LOG (lattice-best-path[5.5.907~1-cbed4]:main():lattice-best-path.cc:99) For utterance 20030004_626, best cost 78.3998 + 3026.22 = 3104.62 over 463 frames.
20030004_626 کلیرنگ بجھی کولسری کیا تحصیلدار سمجھائیں 
LOG (lattice-best-path[5.5.907~1-cbed4]:main():lattice-best-path.cc:99) For utterance 20030004_627, best cost 82.2586 + 4034.84 = 4117.1 over 610 frames.
20030004_627 خوراک غیرت کیموتھراپی سے وقوف اومیگا کیا 
LOG (lattice-best-path[5.5.907~1-cbed4]:main():lattice-best-path.cc:99) For utterance 20030004_628, best cost 113.882 + 4571.77 = 4685.65 over 710 frames.
20030004_628 کرتی کرنے والے بیٹھ تھیٹر ریلیف خلجی ہوشیاری وفود تھیں 
LOG (lattice-best-path[5.5.907~1-cbed4]:main():lattice-best-path.cc:99) For utterance 20030004_629, best cost 132.799 + 4910.24 = 5043.04 over 773 frames.
20030004_629 شیڈ کے کے نوشاد کے واقعی کے تعوذ کو کلیدی ایڈورٹائزنگ کے چراغ ہیں 
LOG (lattice-best-path[5.5.907~1-cbed4]:main():lattice-best-path.cc:99) For utterance 20030004_630, best cost 121.723 + 4242.81 = 4364.54 over 661 frames.
20030004_630 کیونکہ زمین شے شعار لیاقت بیچے والے پرچم سیراب کر دیا 
LOG (lattice-best-path[5.5.907~1-cbed4]:main():lattice-best-path.cc:99) For utterance 20030004_631, best cost 145.563 + 5619.18 = 5764.74 over 905 frames.
20030004_631 سیل سیکھ اور لینڈ اور بیٹھی وفاقی فیڈریشن بھیجے گزیر زیور چاہیے کریں 
LOG (lattice-best-path[5.5.907~1-cbed4]:main():lattice-best-path.cc:99) For utterance 20030004_632, best cost 121.9 + 5502.97 = 5624.87 over 874 frames.
20030004_632 وزیرداخلہ کے ایکویٹی بچے شعلوں کوڑیاں بھجوا پر کولسری سویٹر 
LOG (lattice-best-path[5.5.907~1-cbed4]:main():lattice-best-path.cc:99) For utterance 20030004_633, best cost 106.831 + 5372.49 = 5479.32 over 822 frames.
20030004_633 ویلڈنگ باغبانی گھنیری جہتیں اور فیصد کی توسیع سندھی سے 
LOG (lattice-best-path[5.5.907~1-cbed4]:main():lattice-best-path.cc:99) For utterance 20030004_634, best cost 101 + 4300.1 = 4401.1 over 680 frames.
20030004_634 پریشان جیسے شنید اسہال کی ضروریات کے دلفریب کرتے ہیں 
LOG (lattice-best-path[5.5.907~1-cbed4]:main():lattice-best-path.cc:99) For utterance 20030004_635, best cost 109.841 + 4413.72 = 4523.56 over 684 frames.
20030004_635 حاصل نوچندی گراموفون ویڈنگ اور تعلیم بتایا سے سوا کریں 
LOG (lattice-best-path[5.5.907~1-cbed4]:main():lattice-best-path.cc:99) For utterance 20030004_636, best cost 110.84 + 4255.2 = 4366.03 over 677 frames.
20030004_636 قم اور خوشحالی کی جونیئر شاہ مریضوں جاتا تو بخوبی 
LOG (lattice-best-path[5.5.907~1-cbed4]:main():lattice-best-path.cc:99) For utterance 20030004_637, best cost 90.0913 + 4106.86 = 4196.96 over 652 frames.
20030004_637 خوان قسم واقعی بدچلنی طاغوتی طرزعمل ہوئیں 
LOG (lattice-best-path[5.5.907~1-cbed4]:main():lattice-best-path.cc:99) For utterance 20030004_638, best cost 124.168 + 4809.42 = 4933.59 over 709 frames.
20030004_638 پانچوں کے کی شیفرڈ تعمیر قصوروار ذوق سیکورٹی کیوڑہ سے چیچن 
LOG (lattice-best-path[5.5.907~1-cbed4]:main():lattice-best-path.cc:99) For utterance 20030004_639, best cost 137.109 + 4988.89 = 5126 over 768 frames.
20030004_639 پیٹھ پر برطرفی کرکے سے تشخیص تصفیے طاغوتی زوردار صاف سے بغور سکتیں 
LOG (lattice-best-path[5.5.907~1-cbed4]:main():lattice-best-path.cc:99) For utterance 20030004_640, best cost 127.854 + 5097.22 = 5225.07 over 768 frames.
20030004_640 چھاؤں کیوں پر بیٹھی یادیں سیسے اور سے شواہد پنچولی حوصلہ ہیں 
LOG (lattice-best-path[5.5.907~1-cbed4]:main():lattice-best-path.cc:99) For utterance 20030004_641, best cost 104.594 + 3808.54 = 3913.13 over 601 frames.
20030004_641 اور اور بڑی شعبوں فوبیا تجربہ رسیدہ پر ویسے کیں 
LOG (lattice-best-path[5.5.907~1-cbed4]:main():lattice-best-path.cc:99) For utterance 20030004_642, best cost 98.0329 + 3798.54 = 3896.58 over 588 frames.
20030004_642 پرائیویٹ کی اویسی کے گردش سے خصوصی کو آرتھو کیں 
LOG (lattice-best-path[5.5.907~1-cbed4]:main():lattice-best-path.cc:99) For utterance 20030004_643, best cost 102.641 + 4085.21 = 4187.85 over 626 frames.
20030004_643 تحفہ سرگرمیوں اور جیسے لائیں اور بودلہ سزائیں کے کریں 
LOG (lattice-best-path[5.5.907~1-cbed4]:main():lattice-best-path.cc:99) For utterance 20030004_644, best cost 127.19 + 4924.27 = 5051.46 over 753 frames.
20030004_644 پچیں نقشے میں بورڈ کرائیں وزراء مویشی کیسی بار سے بات کی 
LOG (lattice-best-path[5.5.907~1-cbed4]:main():lattice-best-path.cc:99) For utterance 20030004_645, best cost 93.743 + 4517.74 = 4611.49 over 687 frames.
20030004_645 بریگیڈیر گردیزی گذر تذبذب سرکاری کاشف کی ہیں 
LOG (lattice-best-path[5.5.907~1-cbed4]:main():lattice-best-path.cc:99) For utterance 20030004_646, best cost 99.2368 + 4366.17 = 4465.41 over 664 frames.
20030004_646 سایہ خودسوزی توجیہ کے بعد گھیراؤ نگرانی بڑھائے قادیانی 
LOG (lattice-best-path[5.5.907~1-cbed4]:main():lattice-best-path.cc:99) For utterance 20030004_647, best cost 76.2367 + 2867.26 = 2943.5 over 439 frames.
20030004_647 کونسلر کے قاضی باندھنے جو گردوغبار ہیں 
LOG (lattice-best-path[5.5.907~1-cbed4]:main():lattice-best-path.cc:99) For utterance 20030004_648, best cost 85.7369 + 3392.5 = 3478.24 over 531 frames.
20030004_648 نے میں دودھیا پچاس تلمیحات چیریٹی پراٹھا ہیں 
LOG (lattice-best-path[5.5.907~1-cbed4]:main():lattice-best-path.cc:99) For utterance 20030004_649, best cost 85.7509 + 3783.37 = 3869.13 over 582 frames.
20030004_649 پونے سکتے بیٹھی ہوا تو آمدنی دلفریب 
LOG (lattice-best-path[5.5.907~1-cbed4]:main():lattice-best-path.cc:99) For utterance 20030004_650, best cost 111.278 + 4509.31 = 4620.59 over 690 frames.
20030004_650 پر جیلانی سینئر اور زمین کی عندیہ کے باعث تک بیزار ہیں 
LOG (lattice-best-path[5.5.907~1-cbed4]:main():lattice-best-path.cc:99) For utterance 20030004_651, best cost 117.113 + 4263.32 = 4380.44 over 679 frames.
20030004_651 اور رپورٹ بھنڈی میں چوتھی کو گیگا بیرونی سے گیسو کی کیں 
LOG (lattice-best-path[5.5.907~1-cbed4]:main():lattice-best-path.cc:99) For utterance 20030004_652, best cost 123.15 + 5025.17 = 5148.32 over 801 frames.
20030004_652 پرویا میں کیجیے دھاندلی اور کی اور بنولہ میں طاغوتی سقوط اونچی 
LOG (lattice-best-path[5.5.907~1-cbed4]:main():lattice-best-path.cc:99) For utterance 20030004_653, best cost 93.0445 + 4427.6 = 4520.65 over 694 frames.
20030004_653 پیغمبر دیسی سینٹر سے کی جیلانی کر کوسوں ہیں 
LOG (lattice-best-path[5.5.907~1-cbed4]:main():lattice-best-path.cc:99) For utterance 20030004_654, best cost 127.309 + 4502.31 = 4629.62 over 694 frames.
20030004_654 طرحی اور دیش توسیع ایشیائی چھولے اور بےعزتی اور سینیٹ اپنی صبحیں 
LOG (lattice-best-path[5.5.907~1-cbed4]:main():lattice-best-path.cc:99) For utterance 20030004_655, best cost 90.2764 + 3102.51 = 3192.79 over 493 frames.
20030004_655 بھلا بخشی ایشیائی کو معیت بجھائی باریش ہیں 
LOG (lattice-best-path[5.5.907~1-cbed4]:main():lattice-best-path.cc:99) For utterance 20030004_656, best cost 98.6747 + 4674.02 = 4772.69 over 744 frames.
20030004_656 بیساکھی تیروں ترمذی بیگج حوصلہ نوجوان بھیس ہیں 
LOG (lattice-best-path[5.5.907~1-cbed4]:main():lattice-best-path.cc:99) For utterance 20030004_657, best cost 81.894 + 3453.48 = 3535.38 over 545 frames.
20030004_657 خاوند تنظیم کے تھیٹر لادینیت سمفنی نہیں 
LOG (lattice-best-path[5.5.907~1-cbed4]:main():lattice-best-path.cc:99) For utterance 20030004_658, best cost 84.4316 + 3412.97 = 3497.4 over 505 frames.
20030004_658 ہیڈکوارٹر میراں ہونے چبھنے صیغہ سے گزارنے 
LOG (lattice-best-path[5.5.907~1-cbed4]:main():lattice-best-path.cc:99) For utterance 20030004_659, best cost 131.599 + 5126.23 = 5257.82 over 796 frames.
20030004_659 پٹھے اور پہنچائیں اور پوشیدہ تغافل غوروخوض کے بعد بھومی یا پر سنیں 
LOG (lattice-best-path[5.5.907~1-cbed4]:main():lattice-best-path.cc:99) For utterance 20030004_660, best cost 65.7653 + 2679 = 2744.77 over 406 frames.
20030004_660 سویرا کے بڑھاپے سامعین عظام ہیں 
LOG (lattice-best-path[5.5.907~1-cbed4]:main():lattice-best-path.cc:99) For utterance 20030004_661, best cost 61.7467 + 3296.02 = 3357.76 over 513 frames.
20030004_661 تصفیے کے چقندر کا باخبر ہیں 
LOG (lattice-best-path[5.5.907~1-cbed4]:main():lattice-best-path.cc:99) For utterance 20030004_662, best cost 91.3745 + 3664.63 = 3756 over 549 frames.
20030004_662 پیہم چوہیا عندیہ چالیس ایشیائیوں کی تشبیہ کریں 
LOG (lattice-best-path[5.5.907~1-cbed4]:main():lattice-best-path.cc:99) For utterance 20030004_663, best cost 120.723 + 4272.08 = 4392.81 over 658 frames.
20030004_663 کیا میں جہاں چاہے موعود کیا ساتھی قبیلے کی دبیز اور ہوئیں 
LOG (lattice-best-path[5.5.907~1-cbed4]:main():lattice-best-path.cc:99) For utterance 20030004_664, best cost 135.74 + 4843.9 = 4979.64 over 744 frames.
20030004_664 فرائض سہارے کیا زیرقیادت کوارڈینیٹر بازو واں کلیجی گروں پھیپھڑے ہو گئیں 
LOG (lattice-best-path[5.5.907~1-cbed4]:main():lattice-best-path.cc:99) For utterance 20030004_665, best cost 82.5401 + 3833.3 = 3915.84 over 587 frames.
20030004_665 فیصلے افسانے سے قریشی تو خرچ شوکیسوں 
LOG (lattice-best-path[5.5.907~1-cbed4]:main():lattice-best-path.cc:99) For utterance 20030004_666, best cost 86.6757 + 3218.6 = 3305.27 over 480 frames.
20030004_666 بھون زیور بچے لگاتا تاثرات قیصر ہوئیں 
LOG (lattice-best-path[5.5.907~1-cbed4]:main():lattice-best-path.cc:99) For utterance 20030004_667, best cost 66.9955 + 3572.89 = 3639.89 over 558 frames.
20030004_667 کے لیے آکسیجن ڈیمو سے ویڈیوز میں 
LOG (lattice-best-path[5.5.907~1-cbed4]:main():lattice-best-path.cc:99) For utterance 20030004_668, best cost 114.393 + 4953.04 = 5067.44 over 777 frames.
20030004_668 ساری ہونے کے کلیجی دھونے تجربہ پرچھائیاں معیت سے جانے کیا 
LOG (lattice-best-path[5.5.907~1-cbed4]:main():lattice-best-path.cc:99) For utterance 20030004_669, best cost 83.4014 + 3421.71 = 3505.11 over 543 frames.
20030004_669 اور غزلوں پر ویڈیوز کے لیے زیڈ فوبیا ہیں 
LOG (lattice-best-path[5.5.907~1-cbed4]:main():lattice-best-path.cc:99) For utterance 20030004_670, best cost 75.1201 + 3263.61 = 3338.73 over 512 frames.
20030004_670 گذشتہ پریشان ہے کہ سڑک اور بتاؤں 
LOG (lattice-best-path[5.5.907~1-cbed4]:main():lattice-best-path.cc:99) For utterance 20030004_671, best cost 134.207 + 5515.6 = 5649.81 over 872 frames.
20030004_671 قریشی سے پہلے سوسائٹی گھنگریالے بازوؤں اور سعودی صفوں چوری بلوچی جاؤ 
LOG (lattice-best-path[5.5.907~1-cbed4]:main():lattice-best-path.cc:99) For utterance 20030004_672, best cost 117.97 + 4263.9 = 4381.87 over 652 frames.
20030004_672 کی کرنے شو سزائیں اور راہبر صبغت اوزار تفرقہ پروا ہیں 
LOG (lattice-best-path[5.5.907~1-cbed4]:main():lattice-best-path.cc:99) For utterance 20030004_673, best cost 79.2069 + 3393.01 = 3472.21 over 536 frames.
20030004_673 پڑھائی جانا پنگھوڑے چوزے نظریے بڑھائیں 
LOG (lattice-best-path[5.5.907~1-cbed4]:main():lattice-best-path.cc:99) For utterance 20030004_674, best cost 109.372 + 4451.81 = 4561.18 over 656 frames.
20030004_674 نیشن اداروں میں بڑھ ساغر چادر ماہرین قدسی خوشی 
LOG (lattice-best-path[5.5.907~1-cbed4]:main():lattice-best-path.cc:99) For utterance 20030004_675, best cost 66.5516 + 3228.97 = 3295.52 over 501 frames.
20030004_675 خاصے دریچے بلاسوچے تعاقب اور ہیں 
LOG (lattice-best-path[5.5.907~1-cbed4]:main():lattice-best-path.cc:99) For utterance 20030004_676, best cost 111.937 + 4224.31 = 4336.25 over 617 frames.
20030004_676 تبدیلی بارش کی سے سکتی تنولی سوا رینجرز تجارت دی 
LOG (lattice-best-path[5.5.907~1-cbed4]:main():lattice-best-path.cc:99) For utterance 20030004_677, best cost 117.727 + 5109.2 = 5226.93 over 794 frames.
20030004_677 انسانیت کی بیوی بغیر بعدازاں موضوع دیوبندی تولیے سے بدل گیا 
LOG (lattice-best-path[5.5.907~1-cbed4]:main():lattice-best-path.cc:99) For utterance 20030004_678, best cost 144.621 + 5685.05 = 5829.67 over 870 frames.
20030004_678 صفحے ساغر کی ٹیڑھا اوزار والوں سے چلائی کے لیے پروجیکٹ ایکسیئن شیشے کریں 
LOG (lattice-best-path[5.5.907~1-cbed4]:main():lattice-best-path.cc:99) For utterance 20030004_679, best cost 73.8099 + 3295.33 = 3369.14 over 496 frames.
20030004_679 چوڑی اور کے ترجیحات سے گردیزی سوچیے 
LOG (lattice-best-path[5.5.907~1-cbed4]:main():lattice-best-path.cc:99) For utterance 20030004_680, best cost 112.735 + 4912.78 = 5025.52 over 764 frames.
20030004_680 چوری تنخواہ ہیروئن ہو کر لائے اور فارسی میں کے علاوہ جاتا ہے 
LOG (lattice-best-path[5.5.907~1-cbed4]:main():lattice-best-path.cc:99) For utterance 20030004_681, best cost 119.981 + 4436.65 = 4556.63 over 688 frames.
20030004_681 بنا تشنج دیش کو ٹھیکیدار سیکھو رکن پیچیدہ پر سوئے ہیں 
LOG (lattice-best-path[5.5.907~1-cbed4]:main():lattice-best-path.cc:99) For utterance 20030004_682, best cost 106.771 + 4204.68 = 4311.45 over 656 frames.
20030004_682 بھی قوس والے کی جھونپڑی جلسہ جلوسوں جو بناؤں دیئے 
LOG (lattice-best-path[5.5.907~1-cbed4]:main():lattice-best-path.cc:99) For utterance 20030004_683, best cost 92.349 + 3852.28 = 3944.63 over 605 frames.
20030004_683 کی سینما کی درآمدات ٹیلیویژن کی کے سے نکل گئی 
LOG (lattice-best-path[5.5.907~1-cbed4]:main():lattice-best-path.cc:99) For utterance 20030004_684, best cost 122.968 + 4600.8 = 4723.77 over 758 frames.
20030004_684 میری خوگر اور پینسٹھ کی تھیوری نیلگوں کیا لیے طلب کارخانے 
LOG (lattice-best-path[5.5.907~1-cbed4]:main():lattice-best-path.cc:99) For utterance 20030004_685, best cost 82.2029 + 3170.51 = 3252.71 over 489 frames.
20030004_685 جو فلو سے نیچے بخشیں سپاسنامہ بدروح 
LOG (lattice-best-path[5.5.907~1-cbed4]:main():lattice-best-path.cc:99) For utterance 20030004_686, best cost 99.5455 + 3612.9 = 3712.45 over 543 frames.
20030004_686 سفیدے کے سدباب پیشن سویاں ریلیکس اشفاق کوچوں 
LOG (lattice-best-path[5.5.907~1-cbed4]:main():lattice-best-path.cc:99) For utterance 20030004_687, best cost 137.725 + 5146.3 = 5284.02 over 796 frames.
20030004_687 چولہے صبغت سیروسیاحت کے کونین دوم پڑا سیکھا پر پہنچاؤں دوبھر کریں 
LOG (lattice-best-path[5.5.907~1-cbed4]:main():lattice-best-path.cc:99) For utterance 20030004_688, best cost 152.511 + 5396.82 = 5549.33 over 831 frames.
20030004_688 تقریباً کی خارجہ پالیسی بچیاں گزارنے اور نیچی کے بھومی گاؤں کے پر کے باغیچہ ہیں 
LOG (lattice-best-path[5.5.907~1-cbed4]:main():lattice-best-path.cc:99) For utterance 20030004_689, best cost 136.02 + 4270.52 = 4406.54 over 645 frames.
20030004_689 بوجھ متوجہ ذخیرہ کیا جنگجو بنائیں پرسوز سوختہ سے حجت کلچر ہیں 
LOG (lattice-best-path[5.5.907~1-cbed4]:main():lattice-best-path.cc:99) For utterance 20030004_690, best cost 83.8693 + 2965.22 = 3049.09 over 467 frames.
20030004_690 کی پھلیاں پڑھائی شور نے کوچوان کی کتابیں 
LOG (lattice-best-path[5.5.907~1-cbed4]:main():lattice-best-path.cc:99) For utterance 20030004_691, best cost 119.914 + 5001.53 = 5121.45 over 808 frames.
20030004_691 کسی دلجوئی یرغمال جوڑیاں اور بحیثیت بسا تلمیحات مدفون نصیب 
LOG (lattice-best-path[5.5.907~1-cbed4]:main():lattice-best-path.cc:99) For utterance 20030004_692, best cost 92.1398 + 4225.13 = 4317.27 over 657 frames.
20030004_692 بدروح میزائل کا کے ریسکیو سانولے ادائیگی کرتے ہیں 
LOG (lattice-best-path[5.5.907~1-cbed4]:main():lattice-best-path.cc:99) For utterance 20030004_693, best cost 94.5193 + 4217.96 = 4312.48 over 673 frames.
20030004_693 میڈیکل کے چوڑیاں سے کا کے باہر باخبر محبوب 
LOG (lattice-best-path[5.5.907~1-cbed4]:main():lattice-best-path.cc:99) For utterance 20030004_694, best cost 114.858 + 4073.89 = 4188.75 over 604 frames.
20030004_694 توجہ اشفاق عرصہ خوگر درجے اور توسیع چاقو چقندر ہیں 
LOG (lattice-best-path[5.5.907~1-cbed4]:main():lattice-best-path.cc:99) For utterance 20030004_695, best cost 109.684 + 3945.22 = 4054.91 over 606 frames.
20030004_695 کوئی جانے کیجیے جانے کو کیا باورچی سنگباری میں الجھا ہیں 
LOG (lattice-best-path[5.5.907~1-cbed4]:main():lattice-best-path.cc:99) For utterance 20030004_696, best cost 112.432 + 4076.53 = 4188.96 over 617 frames.
20030004_696 کے شیمپو سے کیا میں سوم ظلم جھونکے ڈائیگرام کیا رہے ہیں 
LOG (lattice-best-path[5.5.907~1-cbed4]:main():lattice-best-path.cc:99) For utterance 20030004_697, best cost 74.4143 + 3227.86 = 3302.28 over 492 frames.
20030004_697 بغور سے صیہونی ایڈز چنگیزی گراموفون 
LOG (lattice-best-path[5.5.907~1-cbed4]:main():lattice-best-path.cc:99) For utterance 20030004_698, best cost 84.3626 + 3029.82 = 3114.18 over 474 frames.
20030004_698 بام ذاد کالونی گذشتہ براؤزر زلزلے ہیں 
LOG (lattice-best-path[5.5.907~1-cbed4]:main():lattice-best-path.cc:99) For utterance 20030004_699, best cost 119.338 + 3869.5 = 3988.84 over 596 frames.
20030004_699 نجات کے کی چغتائی جڑی دبائے کی ہذیانی غیرملکی کا سوچوں ہیں 
LOG (lattice-best-path[5.5.907~1-cbed4]:main():lattice-best-path.cc:99) For utterance 20030004_700, best cost 118.089 + 3560.28 = 3678.37 over 540 frames.
20030004_700 بوجھ وفود کی کی میں تغافل کی سوجھی چھہتر بسوں سندھو ہیں 
LOG (lattice-best-path[5.5.907~1-cbed4]:main():lattice-best-path.cc:99) For utterance 20030004_701, best cost 111.419 + 4093.56 = 4204.98 over 617 frames.
20030004_701 روزنامہ منافعوں بزرگ اعتماد پاکیزگی بالاخر مزدوروں بازیچہ ہیں 
LOG (lattice-best-path[5.5.907~1-cbed4]:main():lattice-best-path.cc:99) For utterance 20030004_702, best cost 110.919 + 3234.78 = 3345.7 over 513 frames.
20030004_702 ڈیڈ فیصلہ قوت کی اُمید تلے پیشاب اولاد بخشیں ہیں 
LOG (lattice-best-path[5.5.907~1-cbed4]:main():lattice-best-path.cc:99) For utterance 20030004_703, best cost 90.6424 + 3150.23 = 3240.88 over 504 frames.
20030004_703 ڈیتھ جیسے تھری ڈیجیٹل پر پڑھوا مضروب پر ہیں 
LOG (lattice-best-path[5.5.907~1-cbed4]:main():lattice-best-path.cc:99) For utterance 20030004_704, best cost 104.864 + 4801.65 = 4906.51 over 762 frames.
20030004_704 چغتائی سیکشن بھائی نازاں کیونکہ انظباتی گناہوں سے ہیں 
LOG (lattice-best-path[5.5.907~1-cbed4]:main():lattice-best-path.cc:99) For utterance 20030004_705, best cost 93.1487 + 3815.05 = 3908.2 over 586 frames.
20030004_705 بھونچال بنائیں کھمبیوں سے جبڑا بتایا تنظیم نہیں 
LOG (lattice-best-path[5.5.907~1-cbed4]:main():lattice-best-path.cc:99) For utterance 20030004_706, best cost 82.1942 + 2795.14 = 2877.33 over 434 frames.
20030004_706 بے سفید ایسی آنکھیں کی جماعت نیچے ہیں 
LOG (lattice-best-path[5.5.907~1-cbed4]:main():lattice-best-path.cc:99) For utterance 20030004_707, best cost 69.7846 + 2963.1 = 3032.89 over 479 frames.
20030004_707 ماضی کو بااللہ قوانین بنا میں نہیں 
LOG (lattice-best-path[5.5.907~1-cbed4]:main():lattice-best-path.cc:99) For utterance 20030004_708, best cost 125.281 + 4106.36 = 4231.65 over 653 frames.
20030004_708 میں چمچے سے پہلے بڑے منجھے بچہ سیکورٹی گاؤ مشق سمجھا ہیں 
LOG (lattice-best-path[5.5.907~1-cbed4]:main():lattice-best-path.cc:99) For utterance 20030005_601, best cost 182.437 + 9519.68 = 9702.11 over 1496 frames.
20030005_601 خدانخواستہ باورچی کردار ڈکٹیشن میں بلین منیب کلیرنگ بوم درد کیونکہ بڑھاوں پاؤڈر کیلئے ہیں 
LOG (lattice-best-path[5.5.907~1-cbed4]:main():lattice-best-path.cc:99) For utterance 20030005_602, best cost 241.879 + 13081.9 = 13323.8 over 2091 frames.
20030005_602 گوگل واقع لاریب کے داخلوں اور ٹریلر فروخت بن تفتیشی بناؤں کن چاہئے کو پنجرے بن کر میں کی شیلٹر سے باوجود ہیں 
LOG (lattice-best-path[5.5.907~1-cbed4]:main():lattice-best-path.cc:99) For utterance 20030005_603, best cost 179.67 + 9940.59 = 10120.3 over 1534 frames.
20030005_603 شخص خوشخبری اور غزلیں کے باعث کیلئے کاروبار پیروکاروں تبدیلی بکھیرنے کیسوں برتن بچار کیا ہیں 
LOG (lattice-best-path[5.5.907~1-cbed4]:main():lattice-best-path.cc:99) For utterance 20030005_604, best cost 174.569 + 10057.5 = 10232 over 1617 frames.
20030005_604 سندھی میں رہائشی کے گاؤں دیگر خرید عقاب کس کو کر چاہے کے کے زیورات گرہیں تھا 
LOG (lattice-best-path[5.5.907~1-cbed4]:main():lattice-best-path.cc:99) For utterance 20030005_605, best cost 116.907 + 4985.01 = 5101.92 over 734 frames.
20030005_605 چور شوربہ انشورنس کیلئے شائیں ٹوئنٹی قرارداد طلب دیتا ہے 
LOG (lattice-best-path[5.5.907~1-cbed4]:main():lattice-best-path.cc:99) For utterance 20030005_606, best cost 162.522 + 6837.26 = 6999.78 over 1080 frames.
20030005_606 پر جھینگے تمام رنگوں معلومات سے کی برج منڈیوں کے تغافل زندگی بڑی میں فضل ہیں 
LOG (lattice-best-path[5.5.907~1-cbed4]:main():lattice-best-path.cc:99) For utterance 20030005_607, best cost 97.1634 + 4847.77 = 4944.93 over 747 frames.
20030005_607 تحصیلدار کی کفار کی زدہ باؤنڈری باب لینگویج ہیں 
LOG (lattice-best-path[5.5.907~1-cbed4]:main():lattice-best-path.cc:99) For utterance 20030005_608, best cost 157.686 + 7041.39 = 7199.08 over 1112 frames.
20030005_608 کب کے کینیڈین مولا بو خورشید کا باادب چوم جائیں کی اور جناب تو گئیں 
LOG (lattice-best-path[5.5.907~1-cbed4]:main():lattice-best-path.cc:99) For utterance 20030005_609, best cost 196.401 + 9232.16 = 9428.56 over 1464 frames.
20030005_609 گلیشئیر میں معلم ادغام دلنشیں میں کس تو میں بیٹھا غریب اور فیصلوں کے چھوڑ بات انستھیزیا بقیہ ہیں 
LOG (lattice-best-path[5.5.907~1-cbed4]:main():lattice-best-path.cc:99) For utterance 20030005_610, best cost 148.424 + 8108.04 = 8256.47 over 1188 frames.
20030005_610 مواصلات اینڈ تشہیر کا پر ممبر بگاڑنے شل کی طرح سے رپورتاژ خاص ہیں 
LOG (lattice-best-path[5.5.907~1-cbed4]:main():lattice-best-path.cc:99) For utterance 20030005_611, best cost 178.739 + 8907.91 = 9086.65 over 1425 frames.
20030005_611 خودسر تہیں بنیں باب فورس کرنے سیدھے ڈبوئیں برابر اللہ کی گونگے کے ساعت چلیں 
LOG (lattice-best-path[5.5.907~1-cbed4]:main():lattice-best-path.cc:99) For utterance 20030005_612, best cost 157.133 + 8180.01 = 8337.14 over 1246 frames.
20030005_612 تبدیلیاں ڈیلروں افزائش سیراب ماہرین چراغ شیفرڈ ہوتا خاوند کی رنجیدہ ہودہ ہیں 
LOG (lattice-best-path[5.5.907~1-cbed4]:main():lattice-best-path.cc:99) For utterance 20030005_613, best cost 120.131 + 5556.93 = 5677.06 over 836 frames.
20030005_613 پلیئر کی جارحیت بزدل اور چہل بورڈ شیلڈیں گلدستہ کیا ہیں 
LOG (lattice-best-path[5.5.907~1-cbed4]:main():lattice-best-path.cc:99) For utterance 20030005_614, best cost 125.369 + 6049.06 = 6174.43 over 932 frames.
20030005_614 بروز ٹیکنیشنز کے پہاڑوں کے ساتھ سزا بھیجے ایڈریس جنگجوؤں دریافت 
LOG (lattice-best-path[5.5.907~1-cbed4]:main():lattice-best-path.cc:99) For utterance 20030005_615, best cost 190.899 + 11135.7 = 11326.6 over 1726 frames.
20030005_615 داغدار شہزادی ایک لیچی اور موئسچرائزنگ ریمبو بلڈوزر پر ایلویٹ جونیئر خاقان کی دلجوئی میں اور بڑھا ہیں 
LOG (lattice-best-path[5.5.907~1-cbed4]:main():lattice-best-path.cc:99) For utterance 20030005_616, best cost 232.995 + 10035.2 = 10268.2 over 1496 frames.
20030005_616 تاجر لیڈز اور ہیڈ میں صبح اور فشنگ بو فوجی گزشتہ پر کیسی جاسوسی کی ینگ بوائے فریب کا کھلنڈرا کر کیا ہیں 
LOG (lattice-best-path[5.5.907~1-cbed4]:main():lattice-best-path.cc:99) For utterance 20030005_617, best cost 160.701 + 7597.69 = 7758.39 over 1182 frames.
20030005_617 کنیئرڈ کارپوریشن کے بیچوں میں کیوں بو خوان بات دیکھا کر فائدہ ہنسیں لگا ہے 
LOG (lattice-best-path[5.5.907~1-cbed4]:main():lattice-best-path.cc:99) For utterance 20030005_618, best cost 166.673 + 7319.55 = 7486.22 over 1099 frames.
20030005_618 خانگی بروکلی سے ہوشیاری منشیوں والے پنکھڑی ظاہر میں کیونکہ بات کالجز کیا فتحیاب 
LOG (lattice-best-path[5.5.907~1-cbed4]:main():lattice-best-path.cc:99) For utterance 20030005_619, best cost 110.5 + 5508.57 = 5619.07 over 868 frames.
20030005_619 تزئین بشیر اپنی نقاب بیان بنیں کی چونگی دیگر ہیں 
LOG (lattice-best-path[5.5.907~1-cbed4]:main():lattice-best-path.cc:99) For utterance 20030005_620, best cost 192.284 + 10618 = 10810.3 over 1764 frames.
20030005_620 چینی ہندوؤں کے بولوں بوم گروہوں بے پیشگوئیاں اور کے موقعوں پر پور زور شاخوں کی کامیاب کیں 
LOG (lattice-best-path[5.5.907~1-cbed4]:main():lattice-best-path.cc:99) For utterance 20030005_621, best cost 175.264 + 8654.41 = 8829.67 over 1336 frames.
20030005_621 مجلس حاشیے میں اور ٹھٹھر چین گہماگہمی میگزین بینظیر اور جاری بعض میں میں گیلری کی ہیں 
LOG (lattice-best-path[5.5.907~1-cbed4]:main():lattice-best-path.cc:99) For utterance 20030005_622, best cost 168.291 + 9284.11 = 9452.4 over 1476 frames.
20030005_622 چونچلے کر میں میں نہ بورڈر ڈیبیٹ پھیرتے دہشت مرضی بھیڑوں اور کرنے سے گردیزی ہیں 
LOG (lattice-best-path[5.5.907~1-cbed4]:main():lattice-best-path.cc:99) For utterance 20030005_623, best cost 141.435 + 7410.03 = 7551.47 over 1188 frames.
20030005_623 کے ٹریڈنگ گینگسٹر چوہوں معاف آشوب کو زیب کا پیہم ھابھہ بشاش کیا 
LOG (lattice-best-path[5.5.907~1-cbed4]:main():lattice-best-path.cc:99) For utterance 20030005_624, best cost 220.751 + 9216.02 = 9436.77 over 1412 frames.
20030005_624 گھسے ڈیمو صفوں میں کولسری منیب اور فوج شوخ اور سنوارا صورت حدود کے گینگسٹر شے اندھیروں کی بدشگونی کا ہیں 
LOG (lattice-best-path[5.5.907~1-cbed4]:main():lattice-best-path.cc:99) For utterance 20030005_625, best cost 169.184 + 8131.49 = 8300.67 over 1252 frames.
20030005_625 ڈیلروں ریگن ضرورت کیا بیماری گگلی لے کر بلبل سیل غریب کے کو کے فوبیا ہیں 
LOG (lattice-best-path[5.5.907~1-cbed4]:main():lattice-best-path.cc:99) For utterance 20030005_626, best cost 102.322 + 5104.07 = 5206.39 over 817 frames.
20030005_626 کلیرنگ بدظن بوئنگ تلمیحات منیب کی لاشوں نجات 
LOG (lattice-best-path[5.5.907~1-cbed4]:main():lattice-best-path.cc:99) For utterance 20030005_627, best cost 157.205 + 6898.27 = 7055.47 over 1073 frames.
20030005_627 سیرگاہ غیر طلب کے ڈھنڈورا کیا میں بیسن بوڑھوں کے کوسوں میمن خاتمے یا ہیں 
LOG (lattice-best-path[5.5.907~1-cbed4]:main():lattice-best-path.cc:99) For utterance 20030005_628, best cost 147.851 + 7416.17 = 7564.02 over 1182 frames.
20030005_628 بنوری درمیان باندھیں کے گہرے ٹریبیونل بے سنگباری ایک مشیت وفود کی ہیں 
LOG (lattice-best-path[5.5.907~1-cbed4]:main():lattice-best-path.cc:99) For utterance 20030005_629, best cost 192.538 + 9521.49 = 9714.03 over 1476 frames.
20030005_629 شیڈ کیلئے کے بش والوں کے کو خالد کی میں لیفٹیننٹ تعوذ اور تنظیم میں ملاؤں کاغذات کیجیے کا ہیں 
LOG (lattice-best-path[5.5.907~1-cbed4]:main():lattice-best-path.cc:99) For utterance 20030005_630, best cost 171.016 + 9293.3 = 9464.32 over 1457 frames.
20030005_630 کی ماخذ اور میں بخشیں کے لشکر تھانیدار بلاسوچے بارے بلوچوں ابصار بھنوؤں بیدار کیا ہیں 
LOG (lattice-best-path[5.5.907~1-cbed4]:main():lattice-best-path.cc:99) For utterance 20030005_631, best cost 236.071 + 12173 = 12409 over 1912 frames.
20030005_631 سیلرز چیز توہین باب بیگ میں دور فغاں بپھر کے فلو ڈھب ٹھوس بیچیں توسیع پیئں حسیں غربت چائلڈ ہیں 
LOG (lattice-best-path[5.5.907~1-cbed4]:main():lattice-best-path.cc:99) For utterance 20030005_632, best cost 225.813 + 10949.1 = 11175 over 1758 frames.
20030005_632 قضیے تحصیلدار میں کا بااللہ کلچر چوروں کوڑیاں اب باب جواب پر کھجوریں اور تصور لیب چبھنے بغیر بہن ہیں 
LOG (lattice-best-path[5.5.907~1-cbed4]:main():lattice-best-path.cc:99) For utterance 20030005_633, best cost 222.037 + 11341 = 11563 over 1873 frames.
20030005_633 پر جنم کے نقاب میں تجویز کے لیے کی لیب کینگرو کریں اور تفتیش چھاؤں کی توضیحات سے مجیب چورنگی کیلئے کیجیے ہیں 
LOG (lattice-best-path[5.5.907~1-cbed4]:main():lattice-best-path.cc:99) For utterance 20030005_634, best cost 130.104 + 6238.03 = 6368.13 over 952 frames.
20030005_634 کی گلیشئیر جشن کے سلطان کیا رو اور اپنی یاب کی مرتبہ ہیں 
LOG (lattice-best-path[5.5.907~1-cbed4]:main():lattice-best-path.cc:99) For utterance 20030005_635, best cost 171.122 + 8469 = 8640.12 over 1336 frames.
20030005_635 خاص فرینڈلی پوچھیں کیوں خوان بے بیٹھ ہیں اور لنگر فرمائیں سیب بھیج سوغات ہیں 
LOG (lattice-best-path[5.5.907~1-cbed4]:main():lattice-best-path.cc:99) For utterance 20030005_636, best cost 159.703 + 8393.12 = 8552.82 over 1361 frames.
20030005_636 کوڑھ اور خشوع مدح کی جوبلی کہکشاؤں میں زور جاتا آپ کو آپ گفتگو وہ 
LOG (lattice-best-path[5.5.907~1-cbed4]:main():lattice-best-path.cc:99) For utterance 20030005_637, best cost 166.731 + 9120.69 = 9287.42 over 1457 frames.
20030005_637 خوان اپنے تصورات میں کی کو خوشگوار نیچی لاگت مجیب کی حادثے میں مربعے حبیب 
LOG (lattice-best-path[5.5.907~1-cbed4]:main():lattice-best-path.cc:99) For utterance 20030005_638, best cost 171.108 + 11228.7 = 11399.8 over 1828 frames.
20030005_638 کاجو اجرت کی شیڈول گرہیں سے اپنے شعوری عورت تھوڑی کوٹھڑی کے تعالی سے بچاؤ پوچھیں 
LOG (lattice-best-path[5.5.907~1-cbed4]:main():lattice-best-path.cc:99) For utterance 20030005_639, best cost 198.537 + 9491.65 = 9690.19 over 1432 frames.
20030005_639 خلیفہ کے دفتر کی بلکہ تبدیلی سے ترجیح زوردار سے کے ماؤنٹ دبیز سہارے درخت سموسے بش سے ہیں 
LOG (lattice-best-path[5.5.907~1-cbed4]:main():lattice-best-path.cc:99) For utterance 20030005_640, best cost 182.926 + 8546.84 = 8729.77 over 1348 frames.
20030005_640 چوزوں کیوں برابر کیا نیز کی لیڈی سمیت کونسل اب کے شماریات کا پنچولی بخود چاہتے 
LOG (lattice-best-path[5.5.907~1-cbed4]:main():lattice-best-path.cc:99) For utterance 20030005_641, best cost 135.47 + 7059.97 = 7195.44 over 1054 frames.
20030005_641 کا اور اور اریگیشن روزوں کی پاک شناسی بدل آپ لاریب سے بے ہیں 
LOG (lattice-best-path[5.5.907~1-cbed4]:main():lattice-best-path.cc:99) For utterance 20030005_642, best cost 125.209 + 6902.54 = 7027.75 over 1041 frames.
20030005_642 ٹیلیفون کشف کی میچ سکیپ اوباش ہنسیں ملفوظات کے پوائنٹ کی 
LOG (lattice-best-path[5.5.907~1-cbed4]:main():lattice-best-path.cc:99) For utterance 20030005_643, best cost 158.328 + 8670.28 = 8828.61 over 1310 frames.
20030005_643 تحفہ خالد سے محفل بحثیں بلاخوف تجربہ سے بہائیں اور بویا سزائیں دیباچے ہیں 
LOG (lattice-best-path[5.5.907~1-cbed4]:main():lattice-best-path.cc:99) For utterance 20030005_644, best cost 168.277 + 10094.7 = 10262.9 over 1611 frames.
20030005_644 پنچھی حکومت شیر میں پور دوڑائیں اور بڑھاپے بشیر کیسی بار فن بردار کے ہیں 
LOG (lattice-best-path[5.5.907~1-cbed4]:main():lattice-best-path.cc:99) For utterance 20030005_645, best cost 147.833 + 6802.21 = 6950.04 over 1022 frames.
20030005_645 قدآدم پرچیز ونڈوز صاحب کے صاحب بوجوہ مسخرے کرنے میں کی فحش منڈھے ہیں 
LOG (lattice-best-path[5.5.907~1-cbed4]:main():lattice-best-path.cc:99) For utterance 20030005_646, best cost 146.507 + 7405.56 = 7552.06 over 1156 frames.
20030005_646 سوری ناخواندگی جوس میں اور چند میں جمخانہ اور بڑھاپے میں بڑھائیں باندھیں کا ہیں 
LOG (lattice-best-path[5.5.907~1-cbed4]:main():lattice-best-path.cc:99) For utterance 20030005_647, best cost 118.206 + 6476.82 = 6595.03 over 1067 frames.
20030005_647 بااثر میں خان مواصلات بھول بلوچوں اور کر بوڑھوں بھرتا ہیں 
LOG (lattice-best-path[5.5.907~1-cbed4]:main():lattice-best-path.cc:99) For utterance 20030005_648, best cost 119.831 + 6103.1 = 6222.93 over 990 frames.
20030005_648 قومیائے میں دودھیا آپ چاشنی کامیاب خرچ کر کیلئے پراٹھا ہیں 
LOG (lattice-best-path[5.5.907~1-cbed4]:main():lattice-best-path.cc:99) For utterance 20030005_649, best cost 145.195 + 6496.13 = 6641.32 over 1041 frames.
20030005_649 تو کو ہو کر میں مسترد کے بحثیں پر بات بوبی کا آپ فیڈر تلے ہیں 
LOG (lattice-best-path[5.5.907~1-cbed4]:main():lattice-best-path.cc:99) For utterance 20030005_650, best cost 158.52 + 8482.54 = 8641.06 over 1355 frames.
20030005_650 فوجیں باولنگ کی سینئر توسیع مالدار کمینگی منافعے الہیات کے رہائشی کر قضا ہیں 
LOG (lattice-best-path[5.5.907~1-cbed4]:main():lattice-best-path.cc:99) For utterance 20030005_651, best cost 145.863 + 6860.7 = 7006.56 over 1131 frames.
20030005_651 پونے کی بیرونی پوچھوں کی بہو کی بے بن کے پورے سے پہلے چونگی کیں 
LOG (lattice-best-path[5.5.907~1-cbed4]:main():lattice-best-path.cc:99) For utterance 20030005_652, best cost 186.211 + 9267.36 = 9453.57 over 1502 frames.
20030005_652 پڑ سٹرلنگ کیجیے میں کا میں بوریت گھلیں پوائنٹ کیموتھراپی میرون پور کے سلور درخت پانچویں 
LOG (lattice-best-path[5.5.907~1-cbed4]:main():lattice-best-path.cc:99) For utterance 20030005_653, best cost 150.119 + 7337.69 = 7487.81 over 1176 frames.
20030005_653 تلور باڑھ لیڈز قاسم زبردست قبضے لکھی بجلی بردار پرسوز وہ ہیں 
LOG (lattice-best-path[5.5.907~1-cbed4]:main():lattice-best-path.cc:99) For utterance 20030005_654, best cost 182.524 + 8869.02 = 9051.54 over 1361 frames.
20030005_654 کرکے اور دیش کو سیلز کے مشیت چون گھیراؤ پھنسے کی برش سیف کینیڈین میں سبزیوں اب 
LOG (lattice-best-path[5.5.907~1-cbed4]:main():lattice-best-path.cc:99) For utterance 20030005_655, best cost 111.97 + 6412.51 = 6524.48 over 1022 frames.
20030005_655 پگھل اوباش کی بچائیں اور تبدیلی لیزر بچائیں تابش ہیں 
LOG (lattice-best-path[5.5.907~1-cbed4]:main():lattice-best-path.cc:99) For utterance 20030005_656, best cost 152.387 + 10299.6 = 10452 over 1668 frames.
20030005_656 دلسوزی پروجیکٹ انداز عجیب ہینگر بچائیں اور شون اور چار بالکل سازگار ہیں 
LOG (lattice-best-path[5.5.907~1-cbed4]:main():lattice-best-path.cc:99) For utterance 20030005_657, best cost 137.171 + 6875.58 = 7012.75 over 1099 frames.
20030005_657 خان بولنگ بافتوں دبیز لیب کے کر زراعت کی بااثر منفرد میں ہیں 
LOG (lattice-best-path[5.5.907~1-cbed4]:main():lattice-best-path.cc:99) For utterance 20030005_658, best cost 117.121 + 6141.19 = 6258.31 over 1003 frames.
20030005_658 بلند ڈوب کا میران بگٹی ایف زیردست کے بعد سے گزارنے ہیں 
LOG (lattice-best-path[5.5.907~1-cbed4]:main():lattice-best-path.cc:99) For utterance 20030005_659, best cost 154.526 + 8219.34 = 8373.86 over 1291 frames.
20030005_659 پھرتی خوگر بچائیں اور بوڑھی کا تمغوں بوڑھوں موزوں کے بعد بولیں بارش اور ہیں 
LOG (lattice-best-path[5.5.907~1-cbed4]:main():lattice-best-path.cc:99) For utterance 20030005_660, best cost 84.6608 + 4934.84 = 5019.5 over 779 frames.
20030005_660 اور خانگی کے بغیر کیا حضرات میں بسا ہیں 
LOG (lattice-best-path[5.5.907~1-cbed4]:main():lattice-best-path.cc:99) For utterance 20030005_661, best cost 122.778 + 7599.39 = 7722.17 over 1252 frames.
20030005_661 تیزرفتار میں کے لیے بش اوپر کامیاب کا پیدا غلط دوا ہیں 
LOG (lattice-best-path[5.5.907~1-cbed4]:main():lattice-best-path.cc:99) For utterance 20030005_662, best cost 124.236 + 6738.54 = 6862.77 over 1067 frames.
20030005_662 تخریب شعبوں کی بازیاب چلیں درسگاہوں کی دلنشیں ڈھونڈیں بڑے ہیں 
LOG (lattice-best-path[5.5.907~1-cbed4]:main():lattice-best-path.cc:99) For utterance 20030005_663, best cost 181.282 + 8482.12 = 8663.4 over 1336 frames.
20030005_663 کی ڈوریں چراغاں چاہے بخود بندوق شمار برساتا کی محبوب جھینگے کی دنگ دبیز دھوپ کیں 
LOG (lattice-best-path[5.5.907~1-cbed4]:main():lattice-best-path.cc:99) For utterance 20030005_664, best cost 180.88 + 8590.21 = 8771.09 over 1316 frames.
20030005_664 فعال آسیہ اعتبار آرزوئیں کے میں تناسب لیتا موضوعات دھوپ پر سے کے روئیں پھیپھڑے گوگل ہیں 
LOG (lattice-best-path[5.5.907~1-cbed4]:main():lattice-best-path.cc:99) For utterance 20030005_665, best cost 103.858 + 5108.09 = 5211.94 over 779 frames.
20030005_665 فیضان ہزار پوٹھوہاری تھیسس رشید غوغا ساختہ خیرخواہ ہیں 
LOG (lattice-best-path[5.5.907~1-cbed4]:main():lattice-best-path.cc:99) For utterance 20030005_666, best cost 130.017 + 6738.41 = 6868.43 over 1073 frames.
20030005_666 بوئنگ زیڈ ویمپ اور کلچر پراٹھا کر تساہل پھیرتے سے بولے 
LOG (lattice-best-path[5.5.907~1-cbed4]:main():lattice-best-path.cc:99) For utterance 20030005_667, best cost 137.831 + 8034.81 = 8172.64 over 1323 frames.
20030005_667 کی بل کے تعارف سے چمچے بھون سے کی مجیب گز سنگباری بے 
LOG (lattice-best-path[5.5.907~1-cbed4]:main():lattice-best-path.cc:99) For utterance 20030005_668, best cost 181.459 + 9548.49 = 9729.95 over 1489 frames.
20030005_668 سعودی زور طیب کے بدلے میں خوگر طالب چار کا آپ کے اصلاحات پگڑیاں ہی سلسلے گا 
LOG (lattice-best-path[5.5.907~1-cbed4]:main():lattice-best-path.cc:99) For utterance 20030005_669, best cost 112.093 + 7066.45 = 7178.54 over 1112 frames.
20030005_669 غوروخوض اپنے منفعت بورڈ میں بلڈوزر کیلئے غیرضروری کیا ہیں 
LOG (lattice-best-path[5.5.907~1-cbed4]:main():lattice-best-path.cc:99) For utterance 20030005_670, best cost 95.4974 + 6541.46 = 6636.96 over 1035 frames.
20030005_670 قضیے خواہش راہگیر صاحب دوبارہ بوڑھوں تعاقب 
LOG (lattice-best-path[5.5.907~1-cbed4]:main():lattice-best-path.cc:99) For utterance 20030005_671, best cost 191.299 + 8797.43 = 8988.73 over 1368 frames.
20030005_671 بشیر زلزلے ساری گاڑیاں میں کا چوہوں اور پسند دولخت کے ضعف پنچولی میں بو اور شیشے جاؤں ہیں 
LOG (lattice-best-path[5.5.907~1-cbed4]:main():lattice-best-path.cc:99) For utterance 20030005_672, best cost 160.798 + 7723.64 = 7884.44 over 1163 frames.
20030005_672 کنگڈم میں ڈیڑھ ایشوز چرانے تو فوراً ناخواندگی تصورات پرسکون درجے گاڑھا پراٹھا ہیں 
LOG (lattice-best-path[5.5.907~1-cbed4]:main():lattice-best-path.cc:99) For utterance 20030005_673, best cost 117.84 + 6434.03 = 6551.87 over 1048 frames.
20030005_673 کلراٹھی کی بیچوں گروہ پر میں دوجے نزلے غیرت پڑھائی ہیں 
LOG (lattice-best-path[5.5.907~1-cbed4]:main():lattice-best-path.cc:99) For utterance 20030005_674, best cost 168.491 + 9761.6 = 9930.09 over 1604 frames.
20030005_674 تماشائیوں نے پُلوں میں بار کار پراچہ پائیدار درآمدات ٹیبلو ٹھوس ہنسیں کی بش کی 
LOG (lattice-best-path[5.5.907~1-cbed4]:main():lattice-best-path.cc:99) For utterance 20030005_675, best cost 112.323 + 8060.21 = 8172.53 over 1297 frames.
20030005_675 تاجر بوڑھی کے لیے پر سوچے کو خوفوں قانونگو پڑا ہے 
LOG (lattice-best-path[5.5.907~1-cbed4]:main():lattice-best-path.cc:99) For utterance 20030005_676, best cost 158.356 + 8289.69 = 8448.04 over 1278 frames.
20030005_676 پرنیا اژدھا سیریز کا عقلمندی جاوید جو آپ میں تنگ معیشت گرفتار دیے ہیں 
LOG (lattice-best-path[5.5.907~1-cbed4]:main():lattice-best-path.cc:99) For utterance 20030005_677, best cost 186 + 8907.47 = 9093.47 over 1380 frames.
20030005_677 گزارنے عندیہ غریب مجیب بھونڈی مگر بعدازاں اور سعودی تک گوگل کرائیں کی طرف سے پھلیاں ہیں 
LOG (lattice-best-path[5.5.907~1-cbed4]:main():lattice-best-path.cc:99) For utterance 20030005_678, best cost 240.699 + 12456.8 = 12697.5 over 2052 frames.
20030005_678 صرف بحثوں آپ کو ٹیلیفون فیض پڑا وزن بس واضح بخشے میں کیلئے میں پر رجحان بریفنگ منیب سے مشعر کے بخشے کیں 
LOG (lattice-best-path[5.5.907~1-cbed4]:main():lattice-best-path.cc:99) For utterance 20030005_679, best cost 104.755 + 6080.77 = 6185.52 over 958 frames.
20030005_679 خواری اور بیدار چیلہ تو سہارے تیزی سے رشید 
LOG (lattice-best-path[5.5.907~1-cbed4]:main():lattice-best-path.cc:99) For utterance 20030005_680, best cost 178.075 + 8108.59 = 8286.66 over 1316 frames.
20030005_680 چوری کا چوڑیاں بہن کے ہوے بیٹھ قانونگو لاریب پنکھا برسوں میں میں تھوڑا تعالی کا ہیں 
LOG (lattice-best-path[5.5.907~1-cbed4]:main():lattice-best-path.cc:99) For utterance 20030005_681, best cost 168.628 + 10002.7 = 10171.3 over 1611 frames.
20030005_681 گستاخی شیمپو بیچیں شیمپو گیراج کر تو باعث پڑی تو لوحوں پر پیچیدہ پرچھائیاں ہیں 
LOG (lattice-best-path[5.5.907~1-cbed4]:main():lattice-best-path.cc:99) For utterance 20030005_682, best cost 206.096 + 10528.7 = 10734.8 over 1656 frames.
20030005_682 بھیگی جوجوبا شعاع میں کی کی امور کار پنجرے کاروبار چچا گرل نوازوں کے پور جلد گروپ جیب 
LOG (lattice-best-path[5.5.907~1-cbed4]:main():lattice-best-path.cc:99) For utterance 20030005_683, best cost 139.152 + 8599.82 = 8738.97 over 1355 frames.
20030005_683 گیسیں معجزات کی جبڑوں درخت پیغمبر نہیں بلدیاتی میں کے سنگھار قریب 
LOG (lattice-best-path[5.5.907~1-cbed4]:main():lattice-best-path.cc:99) For utterance 20030005_684, best cost 121.039 + 7680.61 = 7801.65 over 1208 frames.
20030005_684 کاندھلوی جونیئر خوان ڈیزرٹ کے کی ڈوب میں پوٹھوہاری زبردست کو 
LOG (lattice-best-path[5.5.907~1-cbed4]:main():lattice-best-path.cc:99) For utterance 20030005_685, best cost 107.91 + 5682.78 = 5790.69 over 881 frames.
20030005_685 کوچوں فروزاں کی ایڈونچر بخشے سے حاصل گاؤں بخوبی 
LOG (lattice-best-path[5.5.907~1-cbed4]:main():lattice-best-path.cc:99) For utterance 20030005_686, best cost 152.201 + 7154.22 = 7306.42 over 1067 frames.
20030005_686 سوچنے بنیں بسر شعروادب بغیر فشار سینٹر یادیں مسز دانشو شروع آشوب 
LOG (lattice-best-path[5.5.907~1-cbed4]:main():lattice-best-path.cc:99) For utterance 20030005_687, best cost 208.78 + 10573.6 = 10782.4 over 1656 frames.
20030005_687 چھور گریز کے بدسلوکی سے بانگ کے گھلیں بو بھولیں قضا عزت سے کی ہیڈکوارٹر کوچوں موعود فضول ابواب 
LOG (lattice-best-path[5.5.907~1-cbed4]:main():lattice-best-path.cc:99) For utterance 20030005_688, best cost 216.806 + 11189.4 = 11406.2 over 1796 frames.
20030005_688 کھلکھلا نیچا گردیزی دیباچہ خرچ سے انشائیہ بعض گاؤں اور دیش کی بجھی نیچی میں بانگ کر فریب کالجوں 
LOG (lattice-best-path[5.5.907~1-cbed4]:main():lattice-best-path.cc:99) For utterance 20030005_689, best cost 188.083 + 9044.25 = 9232.33 over 1496 frames.
20030005_689 بھول جنگوں باادب بعدازاں اطلاعات کیا مجموعوں میں موبائل ہے اور سوچوں فصلیں پرچم ندرت چار ہیں 
LOG (lattice-best-path[5.5.907~1-cbed4]:main():lattice-best-path.cc:99) For utterance 20030005_690, best cost 104.117 + 5917.86 = 6021.97 over 881 frames.
20030005_690 فوجیں معاشیات کرائیں کے شعلوں ونڈوز چوائس کی جاتا ہے 
LOG (lattice-best-path[5.5.907~1-cbed4]:main():lattice-best-path.cc:99) For utterance 20030005_691, best cost 165.811 + 9195.06 = 9360.87 over 1368 frames.
20030005_691 کسی دلجوئی کے افواج ایگلز پرویا فوراً فنگس چیسٹ اوصاف ستانویں منافعے توصیف 
LOG (lattice-best-path[5.5.907~1-cbed4]:main():lattice-best-path.cc:99) For utterance 20030005_692, best cost 152.876 + 8314.44 = 8467.31 over 1220 frames.
20030005_692 تبسم سانحے کا کیفے سیلز کو ساغر اعتراف داڑھی سے زیست خاطر کہف 
LOG (lattice-best-path[5.5.907~1-cbed4]:main():lattice-best-path.cc:99) For utterance 20030005_693, best cost 109.089 + 6264.74 = 6373.83 over 939 frames.
20030005_693 حیرت کے جوئیہ سے کا کے ساتھ کیا تفنن والدین بتاؤں 
LOG (lattice-best-path[5.5.907~1-cbed4]:main():lattice-best-path.cc:99) For utterance 20030005_694, best cost 134.782 + 8384.28 = 8519.06 over 1208 frames.
20030005_694 درآمدات شعاع فحش اشفاق خزانہ فورس کچہری حسینی جوجوبا کہف 
LOG (lattice-best-path[5.5.907~1-cbed4]:main():lattice-best-path.cc:99) For utterance 20030005_695, best cost 144.79 + 7481.3 = 7626.09 over 1105 frames.
20030005_695 فوری کی جانے کیجیے چالیس تو کاکلیں تفتیشی جوجوبا میں مینوئل صاف سے 
LOG (lattice-best-path[5.5.907~1-cbed4]:main():lattice-best-path.cc:99) For utterance 20030005_696, best cost 166.924 + 7760.29 = 7927.21 over 1131 frames.
20030005_696 تشخص اور سے ایڈجسٹ کے سامنے زیردست ہوسٹس چوبیس مسوڑوں کیلئے بنانے کیلئے فاجر جیٹ آف 
LOG (lattice-best-path[5.5.907~1-cbed4]:main():lattice-best-path.cc:99) For utterance 20030005_697, best cost 86.8354 + 5416.97 = 5503.81 over 772 frames.
20030005_697 گوٹھوں اور سیاسی دستاویزات اڑائیں کا خاتون کیا 
LOG (lattice-best-path[5.5.907~1-cbed4]:main():lattice-best-path.cc:99) For utterance 20030005_698, best cost 126.723 + 7568.89 = 7695.61 over 1124 frames.
20030005_698 سپاہیوں فوم اضافے دھونی سے اشخاص تنولی استاد زلزلے آف 
LOG (lattice-best-path[5.5.907~1-cbed4]:main():lattice-best-path.cc:99) For utterance 20030005_699, best cost 179.093 + 9100.61 = 9279.71 over 1342 frames.
20030005_699 فجر کیجیے اور ضعف تفاوت کی شریف میں فنانس کے فلالین کی فکروعمل کی زدہ سوچوں ایف 
LOG (lattice-best-path[5.5.907~1-cbed4]:main():lattice-best-path.cc:99) For utterance 20030005_700, best cost 167.92 + 9658.51 = 9826.43 over 1419 frames.
20030005_700 فروش اور محفوظ چیف تبدیلی فیس تو ماخذ کی سوجھی فیچر تنفس کھوسٹ خوف 
LOG (lattice-best-path[5.5.907~1-cbed4]:main():lattice-best-path.cc:99) For utterance 20030005_701, best cost 187.769 + 11411.6 = 11599.3 over 1681 frames.
20030005_701 فضول باغ محافظوں موقف ہوزری کی طرف ملفوظات کی سے فوائد ڈیف حوض فضول کوسموس تعارف 
LOG (lattice-best-path[5.5.907~1-cbed4]:main():lattice-best-path.cc:99) For utterance 20030005_702, best cost 161.467 + 7979.77 = 8141.24 over 1150 frames.
20030005_702 فلیش فیصلہ فون طرف کی نعوذ سے فخر کے خوف شاہ زوردار ضعیف تشریف 
LOG (lattice-best-path[5.5.907~1-cbed4]:main():lattice-best-path.cc:99) For utterance 20030005_703, best cost 96.6984 + 6473.6 = 6570.3 over 952 frames.
20030005_703 فلسفے کلیدی چیز کے بلاخوف کاروبار افزائش کرتا ہے 
LOG (lattice-best-path[5.5.907~1-cbed4]:main():lattice-best-path.cc:99) For utterance 20030005_704, best cost 142.952 + 9339.44 = 9482.39 over 1355 frames.
20030005_704 چوکھٹ سے سے شریف مرغیاں رساؤ کے فرسودہ کے بلاخوف کا فاریسٹ کہف 
LOG (lattice-best-path[5.5.907~1-cbed4]:main():lattice-best-path.cc:99) For utterance 20030005_705, best cost 115.565 + 6473.63 = 6589.2 over 958 frames.
20030005_705 سے بچاؤ ضیغم محفوظ ڈسچارج دیانتدار حصوں سے بڑے اس 
LOG (lattice-best-path[5.5.907~1-cbed4]:main():lattice-best-path.cc:99) For utterance 20030005_706, best cost 115.497 + 7474.12 = 7589.61 over 1086 frames.
20030005_706 سے بزرگ فیز مزید سیف پاکیزگی شیڈول آفس چونتیس 
LOG (lattice-best-path[5.5.907~1-cbed4]:main():lattice-best-path.cc:99) For utterance 20030005_707, best cost 121.046 + 6077.54 = 6198.59 over 888 frames.
20030005_707 فرائض سے خوفزدہ ڈیف تو پانے ٹریجڈی بناؤں ضلع کہف 
LOG (lattice-best-path[5.5.907~1-cbed4]:main():lattice-best-path.cc:99) For utterance 20030005_708, best cost 149.73 + 6868.26 = 7017.99 over 1009 frames.
20030005_708 جنریشن ایسے ڈیف سندھو اینگلو جیگوار شستہ زندگی کا اور مشعر سے نحیف 
LOG (lattice-best-path[5.5.907~1-cbed4]:main():lattice-best-path.cc:99) For utterance 20030010_601, best cost 151.437 + 6895.12 = 7046.56 over 985 frames.
20030010_601 گاجر تعاقب جیلانی شاندار جیلانی پولیو خودسر قبول کے کراؤں کو دوغلی نہیں 
LOG (lattice-best-path[5.5.907~1-cbed4]:main():lattice-best-path.cc:99) For utterance 20030010_602, best cost 212.873 + 8388.62 = 8601.49 over 1203 frames.
20030010_602 گروں لالچی کے نے زوجیت پرچیاں بھوت بھورے پہاڑی چلو بن فشنگ اچک لاہوری شنید کی شرکت سازباز ہیں 
LOG (lattice-best-path[5.5.907~1-cbed4]:main():lattice-best-path.cc:99) For utterance 20030010_603, best cost 132.383 + 5902.3 = 6034.68 over 833 frames.
20030010_603 ششدر اور نزلے جمگھٹا استفادے عمل کو کارکردگی بےقصور پر پنجابی کیا 
LOG (lattice-best-path[5.5.907~1-cbed4]:main():lattice-best-path.cc:99) For utterance 20030010_604, best cost 145.532 + 6126.88 = 6272.41 over 856 frames.
20030010_604 چلچلاتی داؤد دیگر برطرفی کو بائیس فولاد چاہئے کی کیسی نزلے اٹھا ہیں 
LOG (lattice-best-path[5.5.907~1-cbed4]:main():lattice-best-path.cc:99) For utterance 20030010_605, best cost 89.6304 + 3575.81 = 3665.44 over 513 frames.
20030010_605 سوجن شون جنریشن ایڈووکیٹ کر داخل دیتا ہے 
LOG (lattice-best-path[5.5.907~1-cbed4]:main():lattice-best-path.cc:99) For utterance 20030010_606, best cost 100.246 + 4256.71 = 4356.95 over 608 frames.
20030010_606 پیچیدگیوں داخل وقعت سے تجارت آفس کی تجزیہ تھے 
LOG (lattice-best-path[5.5.907~1-cbed4]:main():lattice-best-path.cc:99) For utterance 20030010_607, best cost 64.8736 + 2886.28 = 2951.15 over 420 frames.
20030010_607 پر سیاسی پرچیز قوانین منیجر ہے 
LOG (lattice-best-path[5.5.907~1-cbed4]:main():lattice-best-path.cc:99) For utterance 20030010_608, best cost 109.456 + 4044.45 = 4153.91 over 582 frames.
20030010_608 کو گھناؤنے دولخت کو خوشخبری چمچہ نیچی سوجن کو کیں 
LOG (lattice-best-path[5.5.907~1-cbed4]:main():lattice-best-path.cc:99) For utterance 20030010_609, best cost 141.649 + 5063.44 = 5205.09 over 736 frames.
20030010_609 فیشن منیب آپ بغیر ماشے جوڑیں گاڑیاں کی جھونکے جو قفس کیا کیا 
LOG (lattice-best-path[5.5.907~1-cbed4]:main():lattice-best-path.cc:99) For utterance 20030010_610, best cost 122.703 + 5353.37 = 5476.07 over 803 frames.
20030010_610 کا سیکشن یزدانی دودھیا منیجر نیچے کی طرف سے بجٹ ایسا ہیں 
LOG (lattice-best-path[5.5.907~1-cbed4]:main():lattice-best-path.cc:99) For utterance 20030010_611, best cost 125.96 + 5990.13 = 6116.09 over 868 frames.
20030010_611 حسینی میں بینگن حسینی سے کی دغا اور ہچکچاہٹ کی دوشیزہ اچھی ہے 
LOG (lattice-best-path[5.5.907~1-cbed4]:main():lattice-best-path.cc:99) For utterance 20030010_612, best cost 146.609 + 6127.87 = 6274.48 over 921 frames.
20030010_612 تبدیلیاں کی ورزش سلطان بھورا کی جرگہ چھہتر تو خوگر کی لینگویج افواج ہیں 
LOG (lattice-best-path[5.5.907~1-cbed4]:main():lattice-best-path.cc:99) For utterance 20030010_613, best cost 83.4197 + 3232.04 = 3315.46 over 452 frames.
20030010_613 تنخواہ لاکھا کو زوجیت مشیت گرداں کہا 
LOG (lattice-best-path[5.5.907~1-cbed4]:main():lattice-best-path.cc:99) For utterance 20030010_614, best cost 106.276 + 4032.16 = 4138.44 over 578 frames.
20030010_614 بھٹو فیڈریشن کے ٹینک کے ساتھ سمجھیں بغیر سمجھو بقیہ 
LOG (lattice-best-path[5.5.907~1-cbed4]:main():lattice-best-path.cc:99) For utterance 20030010_615, best cost 143.965 + 6717.06 = 6861.02 over 960 frames.
20030010_615 کر آتشزدگی نیسچن موئسچرائزنگ گذر توجہ ایقان دھاندلی کی کھجوریں اور ہینگر ہیں 
LOG (lattice-best-path[5.5.907~1-cbed4]:main():lattice-best-path.cc:99) For utterance 20030010_616, best cost 172.827 + 6752.11 = 6924.94 over 989 frames.
20030010_616 تاجر کے گھوڑے کھبے سترھویں شگفتہ حوصلہ شکار کیسی بدظن تفہیم اور فرخندہ تیار کیا 
LOG (lattice-best-path[5.5.907~1-cbed4]:main():lattice-best-path.cc:99) For utterance 20030010_617, best cost 101.75 + 4647.24 = 4749 over 669 frames.
20030010_617 تمسخر سے بچنے کی لوگو ہارویسٹر کے کر تعداد زیادہ 
LOG (lattice-best-path[5.5.907~1-cbed4]:main():lattice-best-path.cc:99) For utterance 20030010_618, best cost 120.862 + 5709.7 = 5830.57 over 824 frames.
20030010_618 تھانیدار سمجھا سمجھ شماریات ہزارویں ایونیو کے بعد اس کیا کیا ہیں 
LOG (lattice-best-path[5.5.907~1-cbed4]:main():lattice-best-path.cc:99) For utterance 20030010_619, best cost 84.2095 + 3465.43 = 3549.64 over 519 frames.
20030010_619 تضحیک اشجار مدعیان بنیں پنجابی نتیجے ہیں 
LOG (lattice-best-path[5.5.907~1-cbed4]:main():lattice-best-path.cc:99) For utterance 20030010_620, best cost 143.329 + 5848.03 = 5991.36 over 820 frames.
20030010_620 چیل ملنے حالانکہ منظم بویا کیوں گوبر خضوع آشوب کی کیا لیچی 
LOG (lattice-best-path[5.5.907~1-cbed4]:main():lattice-best-path.cc:99) For utterance 20030010_621, best cost 165.964 + 7191.78 = 7357.75 over 1024 frames.
20030010_621 بھون معجل ایڈریس حاشیے منتظر چین گہماگہمی ویزے دوردراز اور جاری نواز مٹیں کی 
LOG (lattice-best-path[5.5.907~1-cbed4]:main():lattice-best-path.cc:99) For utterance 20030010_622, best cost 101.33 + 5674 = 5775.33 over 764 frames.
20030010_622 کو چیئرمین ڈالتے کے تجربہ رسیدہ کے پالیسی جاگزیں 
LOG (lattice-best-path[5.5.907~1-cbed4]:main():lattice-best-path.cc:99) For utterance 20030010_623, best cost 99.8855 + 4569.22 = 4669.1 over 664 frames.
20030010_623 قدآدم دیانتدار داغ منافعوں سوئس تھانیدار نشاندہی کیا 
LOG (lattice-best-path[5.5.907~1-cbed4]:main():lattice-best-path.cc:99) For utterance 20030010_624, best cost 120.381 + 5383.96 = 5504.34 over 790 frames.
20030010_624 حفاظ تسلسل وزیر درخواست وزارت حدود کے پیشن کے میں مشروبات 
LOG (lattice-best-path[5.5.907~1-cbed4]:main():lattice-best-path.cc:99) For utterance 20030010_625, best cost 102.621 + 4598.82 = 4701.44 over 665 frames.
20030010_625 گیدڑ ضروری چلچلاتی گدے گردیزی پرچم واقع ہو گیا 
LOG (lattice-best-path[5.5.907~1-cbed4]:main():lattice-best-path.cc:99) For utterance 20030010_626, best cost 74.5295 + 3169.46 = 3243.99 over 465 frames.
20030010_626 کلیرنگ بچنے گٹھلیاں دودھ شیرخوار سمجھا 
LOG (lattice-best-path[5.5.907~1-cbed4]:main():lattice-best-path.cc:99) For utterance 20030010_627, best cost 117.292 + 4791.22 = 4908.51 over 712 frames.
20030010_627 سے ٹریولرز کے ملبوسات کے ہرادھنیا سے بلونگڑے کو فوم انعقاد کیا 
LOG (lattice-best-path[5.5.907~1-cbed4]:main():lattice-best-path.cc:99) For utterance 20030010_628, best cost 95.1841 + 4697.63 = 4792.81 over 709 frames.
20030010_628 گچھے گرویدہ نے بیچے چلنے خودکشیوں بھوت کی 
LOG (lattice-best-path[5.5.907~1-cbed4]:main():lattice-best-path.cc:99) For utterance 20030010_629, best cost 155.917 + 5924.42 = 6080.33 over 876 frames.
20030010_629 چھیل کے کے کو شعاع کیا پٹاخے میں فی تنازع خلیفہ نے موجودہ فیضان ٹیچر 
LOG (lattice-best-path[5.5.907~1-cbed4]:main():lattice-best-path.cc:99) For utterance 20030010_630, best cost 118.955 + 4611.02 = 4729.98 over 668 frames.
20030010_630 تعین قزلباش ارتعاش جامعہ پر بیچارے کلچر سے خانگی کر کیا 
LOG (lattice-best-path[5.5.907~1-cbed4]:main():lattice-best-path.cc:99) For utterance 20030010_631, best cost 159.072 + 6726.68 = 6885.75 over 964 frames.
20030010_631 سیریز چیف اور گالف کے دیکھنے تحفتا کے خیرخواہ سے چلغوزے سے سے معطل چائلڈ ہے 
LOG (lattice-best-path[5.5.907~1-cbed4]:main():lattice-best-path.cc:99) For utterance 20030010_632, best cost 183.232 + 8594 = 8777.24 over 1219 frames.
20030010_632 تیزی زیادہ لیتا کے بوریت کی حجت چھولے جید بھجوا کر خشوع موصول چھوڑیں بغیر دیکھوں 
LOG (lattice-best-path[5.5.907~1-cbed4]:main():lattice-best-path.cc:99) For utterance 20030010_633, best cost 148.284 + 6900.92 = 7049.21 over 1056 frames.
20030010_633 کچیلے میں بگاڑنے تلخیاں کی کی کے اور کی سوچیے قوس کسی سوئنگ کے نیچے 
LOG (lattice-best-path[5.5.907~1-cbed4]:main():lattice-best-path.cc:99) For utterance 20030010_634, best cost 110.173 + 4787.69 = 4897.87 over 708 frames.
20030010_634 کمیشن جشن گلستان کے ڈوڈیاں تھی بدل تھیٹر کیا ہیں 
LOG (lattice-best-path[5.5.907~1-cbed4]:main():lattice-best-path.cc:99) For utterance 20030010_635, best cost 103.137 + 4910.19 = 5013.33 over 722 frames.
20030010_635 پاس تنفس جیلانی اور میں بیچے پارلیمنٹرین زیر سکتیں 
LOG (lattice-best-path[5.5.907~1-cbed4]:main():lattice-best-path.cc:99) For utterance 20030010_636, best cost 105.338 + 4540.7 = 4646.04 over 677 frames.
20030010_636 پروفیشنل چندھیا چمڑے فیس ہو جاتا تو میں کا عفو 
LOG (lattice-best-path[5.5.907~1-cbed4]:main():lattice-best-path.cc:99) For utterance 20030010_637, best cost 101.791 + 4751.64 = 4853.43 over 703 frames.
20030010_637 کی خواری صاحب اور جلدی نمو کیجیے گیسیں کرتے ہوئے 
LOG (lattice-best-path[5.5.907~1-cbed4]:main():lattice-best-path.cc:99) For utterance 20030010_638, best cost 132.772 + 7942.52 = 8075.29 over 1134 frames.
20030010_638 طرف پہنچتے شیروانی پورے سوئچ اور اور کی اور کھچی کیا سے بچیں 
LOG (lattice-best-path[5.5.907~1-cbed4]:main():lattice-best-path.cc:99) For utterance 20030010_639, best cost 156.335 + 6773.75 = 6930.09 over 1011 frames.
20030010_639 ڈیف کے دکھ کرتی کو سے کے سے تشخیص استغنا بچی دور تسلسل بلبل سکتیں 
LOG (lattice-best-path[5.5.907~1-cbed4]:main():lattice-best-path.cc:99) For utterance 20030010_640, best cost 140.702 + 5500.46 = 5641.16 over 822 frames.
20030010_640 جاتی یاں کرنے جیلانی زلفی انیس کی کونسل کی شعاع بخوبی پوشیدہ ہیں 
LOG (lattice-best-path[5.5.907~1-cbed4]:main():lattice-best-path.cc:99) For utterance 20030010_641, best cost 100.766 + 4865.17 = 4965.94 over 712 frames.
20030010_641 کچیلے جنریشن وفود کے پاس پیش بازیچہ گردیزی کیں 
LOG (lattice-best-path[5.5.907~1-cbed4]:main():lattice-best-path.cc:99) For utterance 20030010_642, best cost 96.8253 + 4261.84 = 4358.67 over 638 frames.
20030010_642 حفاظت کی مزید کے گردش سے نفوذ کی اور کو کی 
LOG (lattice-best-path[5.5.907~1-cbed4]:main():lattice-best-path.cc:99) For utterance 20030010_643, best cost 112.3 + 4418.29 = 4530.59 over 664 frames.
20030010_643 تفاوت صداقت پڑھئے مخرج سنایا بولے وافر زندگی نہیں 
LOG (lattice-best-path[5.5.907~1-cbed4]:main():lattice-best-path.cc:99) For utterance 20030010_644, best cost 126.657 + 6011.9 = 6138.56 over 908 frames.
20030010_644 کے شیرے چیئرمین بھوجپوری اور زیورات کھچڑی کیسی پر سے میں پر بات کی 
LOG (lattice-best-path[5.5.907~1-cbed4]:main():lattice-best-path.cc:99) For utterance 20030010_645, best cost 118.586 + 5161.23 = 5279.82 over 768 frames.
20030010_645 گیدڑ پرچیز ونڈوز ہوتے صاحب طنزومزاح کتابیں کی خواہش سکتیں 
LOG (lattice-best-path[5.5.907~1-cbed4]:main():lattice-best-path.cc:99) For utterance 20030010_646, best cost 128.717 + 4810.55 = 4939.26 over 734 frames.
20030010_646 چھاؤنیاں غزلیات چبھنے کے بعد دریاؤں بیڑیاں میں گارلینڈ طالب گائنی گئی 
LOG (lattice-best-path[5.5.907~1-cbed4]:main():lattice-best-path.cc:99) For utterance 20030010_647, best cost 80.7118 + 3450.05 = 3530.76 over 517 frames.
20030010_647 کا سے کے تنازعے بلبل چور گردوغبار کریں 
LOG (lattice-best-path[5.5.907~1-cbed4]:main():lattice-best-path.cc:99) For utterance 20030010_648, best cost 68.4314 + 3898.6 = 3967.04 over 573 frames.
20030010_648 فعلن پچاس بالاخر چیریٹی رہا تھا 
LOG (lattice-best-path[5.5.907~1-cbed4]:main():lattice-best-path.cc:99) For utterance 20030010_649, best cost 84.9474 + 3303.48 = 3388.43 over 478 frames.
20030010_649 کو خوف ایگزیکٹو تھیٹر باتھو آمدنی لگا ہے 
LOG (lattice-best-path[5.5.907~1-cbed4]:main():lattice-best-path.cc:99) For utterance 20030010_650, best cost 122.184 + 5883.67 = 6005.86 over 870 frames.
20030010_650 تجزیے گردیزی بآسانی یا کی کے مخفی دعائیہ کیلئے سکولز کا ہے 
LOG (lattice-best-path[5.5.907~1-cbed4]:main():lattice-best-path.cc:99) For utterance 20030010_651, best cost 119.369 + 4585.92 = 4705.28 over 699 frames.
20030010_651 کو ایک اور ایمرجنسی قدرتی کتابچے اور میں سے پہلے سود کی چیف 
LOG (lattice-best-path[5.5.907~1-cbed4]:main():lattice-best-path.cc:99) For utterance 20030010_652, best cost 111.572 + 5090.18 = 5201.75 over 777 frames.
20030010_652 پیتھالوجی لیتا معیاری پر کروانے میں کا بوگس کبوتر پوچھیں 
LOG (lattice-best-path[5.5.907~1-cbed4]:main():lattice-best-path.cc:99) For utterance 20030010_653, best cost 97.0223 + 4229.3 = 4326.32 over 638 frames.
20030010_653 پروگرام اس کسی قناعت عزیز کی چھہتر قصوروار 
LOG (lattice-best-path[5.5.907~1-cbed4]:main():lattice-best-path.cc:99) For utterance 20030010_654, best cost 124.884 + 5505.93 = 5630.81 over 838 frames.
20030010_654 کنیئرڈ اشخاص کی اشاعت چونکہ اور لطیفے ڈیمو سے میں دھیمی سکتیں 
LOG (lattice-best-path[5.5.907~1-cbed4]:main():lattice-best-path.cc:99) For utterance 20030010_655, best cost 81.04 + 3071.08 = 3152.12 over 465 frames.
20030010_655 بھانپ حاشیے چنیوٹی ڈیف بجھائی دیش ہے 
LOG (lattice-best-path[5.5.907~1-cbed4]:main():lattice-best-path.cc:99) For utterance 20030010_656, best cost 114.386 + 6012.04 = 6126.43 over 918 frames.
20030010_656 بیضے کے ٹریڈنگ تجزیے بجائے موصول مچانے بھی کس کریں 
LOG (lattice-best-path[5.5.907~1-cbed4]:main():lattice-best-path.cc:99) For utterance 20030010_657, best cost 82.5701 + 3729.93 = 3812.5 over 540 frames.
20030010_657 کا معطل ذہن طرزفکر نصیحت سے طفیل ہیں 
LOG (lattice-best-path[5.5.907~1-cbed4]:main():lattice-best-path.cc:99) For utterance 20030010_658, best cost 76.7993 + 3867.42 = 3944.22 over 591 frames.
20030010_658 گھنگھور کرنے والے بیس کی بااثر گزارنے 
LOG (lattice-best-path[5.5.907~1-cbed4]:main():lattice-best-path.cc:99) For utterance 20030010_659, best cost 123.625 + 5177.29 = 5300.91 over 779 frames.
20030010_659 بھیجی ٹوفل جید فوری بطخوں عورت خوفزدہ بوریت کے سوویں 
LOG (lattice-best-path[5.5.907~1-cbed4]:main():lattice-best-path.cc:99) For utterance 20030010_660, best cost 51.905 + 3278.66 = 3330.57 over 482 frames.
20030010_660 کو ایڈونچر براؤزر میرزا 
LOG (lattice-best-path[5.5.907~1-cbed4]:main():lattice-best-path.cc:99) For utterance 20030010_661, best cost 69.7725 + 3958.12 = 4027.89 over 578 frames.
20030010_661 قضہ فیڈریشنز بغاوت کردار پر بنائیں 
LOG (lattice-best-path[5.5.907~1-cbed4]:main():lattice-best-path.cc:99) For utterance 20030010_662, best cost 98.7063 + 3884.3 = 3983.01 over 575 frames.
20030010_662 کر چیلنجوں زوجیت پرچیاں جیٹ بسیار کی تشہیر گے 
LOG (lattice-best-path[5.5.907~1-cbed4]:main():lattice-best-path.cc:99) For utterance 20030010_663, best cost 99.2501 + 4551.69 = 4650.94 over 656 frames.
20030010_663 کی منیجر سینما گھروں جعلسازی کلیجی تجویز موعود ہوئے 
LOG (lattice-best-path[5.5.907~1-cbed4]:main():lattice-best-path.cc:99) For utterance 20030010_664, best cost 130.728 + 5449.82 = 5580.55 over 790 frames.
20030010_664 پراسیس ڈیزرٹ اطلاعات کوارڈینیٹر زود وقعت کھچی کیسوں کے کے کو گے 
LOG (lattice-best-path[5.5.907~1-cbed4]:main():lattice-best-path.cc:99) For utterance 20030010_665, best cost 69.2304 + 3876.67 = 3945.9 over 569 frames.
20030010_665 فیض دستاویزی رشید اور فلسفے اور 
LOG (lattice-best-path[5.5.907~1-cbed4]:main():lattice-best-path.cc:99) For utterance 20030010_666, best cost 81.2023 + 3504.68 = 3585.89 over 505 frames.
20030010_666 دھول سویٹر چیلہ تہتر سلفیٹ پنگھوڑے 
LOG (lattice-best-path[5.5.907~1-cbed4]:main():lattice-best-path.cc:99) For utterance 20030010_667, best cost 98.5069 + 4777.23 = 4875.74 over 731 frames.
20030010_667 کے کے کا سے چند کے روضے کی مجیب بوسن ہوئے 
LOG (lattice-best-path[5.5.907~1-cbed4]:main():lattice-best-path.cc:99) For utterance 20030010_668, best cost 116.402 + 4981.74 = 5098.14 over 739 frames.
20030010_668 چارجز اور نیچے پڑنے منیجر کہکشاؤں کیا معنویت سے جانبدار 
LOG (lattice-best-path[5.5.907~1-cbed4]:main():lattice-best-path.cc:99) For utterance 20030010_669, best cost 96.4365 + 3828.13 = 3924.57 over 557 frames.
20030010_669 فورس غزلوں فرعون میوزک کے لیے ڈیزرٹ کلوننگ کیا 
LOG (lattice-best-path[5.5.907~1-cbed4]:main():lattice-best-path.cc:99) For utterance 20030010_670, best cost 85.9831 + 4512.58 = 4598.56 over 653 frames.
20030010_670 گذشتہ فیشن ایک ضرورت اور گھوڑے کر کرو 
LOG (lattice-best-path[5.5.907~1-cbed4]:main():lattice-best-path.cc:99) For utterance 20030010_671, best cost 140.746 + 4918.64 = 5059.39 over 712 frames.
20030010_671 خوشی سے پہلے سوسائٹی بویا میں کا اثرورسوخ اور کی صفوں چوری میں گوشے جاؤ 
LOG (lattice-best-path[5.5.907~1-cbed4]:main():lattice-best-path.cc:99) For utterance 20030010_672, best cost 102.216 + 4122.73 = 4224.95 over 626 frames.
20030010_672 کی کمیشن جنگوں فقدان بااثر ٹوفل دریچے اعتبار ہے 
LOG (lattice-best-path[5.5.907~1-cbed4]:main():lattice-best-path.cc:99) For utterance 20030010_673, best cost 88.1995 + 4043.08 = 4131.28 over 621 frames.
20030010_673 پڑھائی جامعہ توڑیں جو سنگھاسن کیلئے پر پر ہیں 
LOG (lattice-best-path[5.5.907~1-cbed4]:main():lattice-best-path.cc:99) For utterance 20030010_674, best cost 106.275 + 5173.61 = 5279.88 over 777 frames.
20030010_674 بشمول دارومدار کا پرچم کاروبار کی فورس میں کی کوشش کی 
LOG (lattice-best-path[5.5.907~1-cbed4]:main():lattice-best-path.cc:99) For utterance 20030010_675, best cost 111.904 + 4543.27 = 4655.18 over 686 frames.
20030010_675 تاجروں کی کے رویے پر سوچے کرتا کرتا با اوڑھا ہیں 
LOG (lattice-best-path[5.5.907~1-cbed4]:main():lattice-best-path.cc:99) For utterance 20030010_676, best cost 109.052 + 3946.9 = 4055.95 over 587 frames.
20030010_676 کی ایشز سے چند کیچڑ زوال میں رنجش چمڑے پر کی 
LOG (lattice-best-path[5.5.907~1-cbed4]:main():lattice-best-path.cc:99) For utterance 20030010_677, best cost 161.571 + 5146.18 = 5307.75 over 788 frames.
20030010_677 گزارنے جید کی مفید بوئے مگر بعدازاں موسم بھومی دوغلا نیچی کے بعد صبغت کیا 
LOG (lattice-best-path[5.5.907~1-cbed4]:main():lattice-best-path.cc:99) For utterance 20030010_678, best cost 152.547 + 7923.74 = 8076.29 over 1203 frames.
20030010_678 سروس اور کے کے پاس زوال نظرثانی کے لیے کھائیں کچیلے جیسے مشعر کے شیڈ کریں 
LOG (lattice-best-path[5.5.907~1-cbed4]:main():lattice-best-path.cc:99) For utterance 20030010_679, best cost 70.7906 + 2768.26 = 2839.05 over 411 frames.
20030010_679 قومیائے کی بچی بغیر سے کی زچگی 
LOG (lattice-best-path[5.5.907~1-cbed4]:main():lattice-best-path.cc:99) For utterance 20030010_680, best cost 108.891 + 4435.16 = 4544.05 over 662 frames.
20030010_680 کوئی کچھوا کنگڈم اور دیکھو کو پرفارمنس میں فراواں جاتا ہے 
LOG (lattice-best-path[5.5.907~1-cbed4]:main():lattice-best-path.cc:99) For utterance 20030010_681, best cost 118.151 + 5007.41 = 5125.56 over 755 frames.
20030010_681 تشنج ایشو اور کردار سوویں گوبر ترچھی بیدار پر ثریا 
LOG (lattice-best-path[5.5.907~1-cbed4]:main():lattice-best-path.cc:99) For utterance 20030010_682, best cost 119.468 + 5192.02 = 5311.48 over 794 frames.
20030010_682 کی گجراتی گھونٹ پرخچے تناسب جاتا ریورس کے چاول اونچی 
LOG (lattice-best-path[5.5.907~1-cbed4]:main():lattice-best-path.cc:99) For utterance 20030010_683, best cost 92.9684 + 4426.44 = 4519.41 over 669 frames.
20030010_683 کی سماجی چوکھٹ فیملی پر کی کے کی سے میں کریں 
LOG (lattice-best-path[5.5.907~1-cbed4]:main():lattice-best-path.cc:99) For utterance 20030010_684, best cost 95.1961 + 4269.45 = 4364.64 over 673 frames.
20030010_684 میری فوائد سے کے چوم یوریا کی طرح پتہ ہیں 
LOG (lattice-best-path[5.5.907~1-cbed4]:main():lattice-best-path.cc:99) For utterance 20030010_685, best cost 85.3199 + 3479.6 = 3564.92 over 522 frames.
20030010_685 جذبات توضیح بچے اوباش عزت بازیاب رکھو 
LOG (lattice-best-path[5.5.907~1-cbed4]:main():lattice-best-path.cc:99) For utterance 20030010_686, best cost 104.984 + 4474.14 = 4579.13 over 671 frames.
20030010_686 سفیدے ضخیم کی کوشش سماوی مسز خشوع شاہ پوچھوں 
LOG (lattice-best-path[5.5.907~1-cbed4]:main():lattice-best-path.cc:99) For utterance 20030010_687, best cost 153.654 + 6011.88 = 6165.53 over 885 frames.
20030010_687 ساخت قسم برسوں صارفین گھلیں کب چراغ درخواست سیکھا پر توجہ مصور کریں 
LOG (lattice-best-path[5.5.907~1-cbed4]:main():lattice-best-path.cc:99) For utterance 20030010_688, best cost 164.027 + 7042.5 = 7206.53 over 1064 frames.
20030010_688 تکلف کی چادر بچار قاسم چڑیا مزارعوں اور بھی چیخنے میں خام کے فراخدلی باغیچہ ہیں 
LOG (lattice-best-path[5.5.907~1-cbed4]:main():lattice-best-path.cc:99) For utterance 20030010_689, best cost 121.407 + 4284.82 = 4406.23 over 625 frames.
20030010_689 بھجن کے اجازت یزدانی اور بنایا خوفوں فصلیں پرچم کلچر ہیں 
LOG (lattice-best-path[5.5.907~1-cbed4]:main():lattice-best-path.cc:99) For utterance 20030010_690, best cost 66.9029 + 2657.26 = 2724.16 over 384 frames.
20030010_690 کی بدچلنی شور کچھوا نہیں جاتا ہے 
LOG (lattice-best-path[5.5.907~1-cbed4]:main():lattice-best-path.cc:99) For utterance 20030010_691, best cost 129.079 + 4656.09 = 4785.17 over 712 frames.
20030010_691 تجزیے جوے کیا پنجند طغیانی سے قضا طلب بینات میں ٹھونس دیئے 
LOG (lattice-best-path[5.5.907~1-cbed4]:main():lattice-best-path.cc:99) For utterance 20030010_692, best cost 118.033 + 4685.82 = 4803.86 over 703 frames.
20030010_692 داخل جانبدار میں سندھو جھنڈے سرکاری کے بُدھی خاطر بڑھاوں 
LOG (lattice-best-path[5.5.907~1-cbed4]:main():lattice-best-path.cc:99) For utterance 20030010_693, best cost 88.7736 + 3217.94 = 3306.71 over 493 frames.
20030010_693 پیدا تجوریاں استحقاق کے بغیر تبدیلیاں پرفارمنس کو 
LOG (lattice-best-path[5.5.907~1-cbed4]:main():lattice-best-path.cc:99) For utterance 20030010_694, best cost 132.407 + 5662.99 = 5795.39 over 853 frames.
20030010_694 تہتر چوائس اشجار خسارے اور بھیجے اور کیسی تعاقب چنگل بنا ہیں 
LOG (lattice-best-path[5.5.907~1-cbed4]:main():lattice-best-path.cc:99) For utterance 20030010_695, best cost 96.1139 + 3919.83 = 4015.94 over 596 frames.
20030010_695 ہچکچاہٹ جانے پہنچاؤں پچیں جاؤں قوانین پوجا ہیں 
LOG (lattice-best-path[5.5.907~1-cbed4]:main():lattice-best-path.cc:99) For utterance 20030010_696, best cost 107.351 + 3958.8 = 4066.15 over 612 frames.
20030010_696 تجربہ سے کے ریزروز میں مسوڑوں بنانے کیلئے افسران چھیاسیویں گا 
LOG (lattice-best-path[5.5.907~1-cbed4]:main():lattice-best-path.cc:99) For utterance 20030010_697, best cost 55.8013 + 3044.56 = 3100.37 over 465 frames.
20030010_697 بالواسطہ بدظن گلدستہ ہو گا 
LOG (lattice-best-path[5.5.907~1-cbed4]:main():lattice-best-path.cc:99) For utterance 20030010_698, best cost 80.0474 + 3003.66 = 3083.71 over 474 frames.
20030010_698 بعدازاں دبیز شگاف بروز تاجر زمینداروں 
LOG (lattice-best-path[5.5.907~1-cbed4]:main():lattice-best-path.cc:99) For utterance 20030010_699, best cost 117.311 + 3860.44 = 3977.75 over 587 frames.
20030010_699 تجزیوں صفحہ کیچڑ میں دریچے کینیڈین ڈیبیٹ میں کی طرف سوچوں 
LOG (lattice-best-path[5.5.907~1-cbed4]:main():lattice-best-path.cc:99) For utterance 20030010_700, best cost 97.5787 + 3809.49 = 3907.06 over 561 frames.
20030010_700 گوشہ خون کی تدفین تغافل جھڑپ اور خصوصا کو 
LOG (lattice-best-path[5.5.907~1-cbed4]:main():lattice-best-path.cc:99) For utterance 20030010_701, best cost 129.079 + 5166.13 = 5295.21 over 808 frames.
20030010_701 سازوسامان وظیفہ مدد چیزیں تھیوا ہیں بعض غدودوں گذر جھریاں 
LOG (lattice-best-path[5.5.907~1-cbed4]:main():lattice-best-path.cc:99) For utterance 20030010_702, best cost 109.8 + 3998.2 = 4108 over 608 frames.
20030010_702 قے فیض مرغوب اچیومنٹ میں کھڑے خوشہ زوردار باشعور 
LOG (lattice-best-path[5.5.907~1-cbed4]:main():lattice-best-path.cc:99) For utterance 20030010_703, best cost 90.8574 + 4215.98 = 4306.84 over 647 frames.
20030010_703 کیا جیسے کلیدی چینی کے کے گردوغبار ضرورت ہے 
LOG (lattice-best-path[5.5.907~1-cbed4]:main():lattice-best-path.cc:99) For utterance 20030010_704, best cost 120.851 + 5041.21 = 5162.06 over 766 frames.
20030010_704 چاہیے سے شدہ ریورس جاگنگ کے کی انظباتی کراؤں کا پاس ہیں 
LOG (lattice-best-path[5.5.907~1-cbed4]:main():lattice-best-path.cc:99) For utterance 20030010_705, best cost 96.6603 + 3849.2 = 3945.86 over 578 frames.
20030010_705 باخبر انٹرفیس کی جاتا لاگت کا خصوصا بڑھ گئے 
LOG (lattice-best-path[5.5.907~1-cbed4]:main():lattice-best-path.cc:99) For utterance 20030010_706, best cost 77.9518 + 4227.9 = 4305.85 over 627 frames.
20030010_706 پرچیز کیفے استفادے بخدمت بھومی جاؤ 
LOG (lattice-best-path[5.5.907~1-cbed4]:main():lattice-best-path.cc:99) For utterance 20030010_707, best cost 57.3213 + 2962.85 = 3020.17 over 449 frames.
20030010_707 کا زلیخا تبلیغی معاملات کریں 
LOG (lattice-best-path[5.5.907~1-cbed4]:main():lattice-best-path.cc:99) For utterance 20030010_708, best cost 91.1003 + 3662.46 = 3753.56 over 548 frames.
20030010_708 چمچے نظر مجھے پوشیدہ زندگی خاموش سمجھائیں 
LOG (lattice-best-path[5.5.907~1-cbed4]:main():lattice-best-path.cc:99) For utterance 20030013_601, best cost 119.695 + 6231.86 = 6351.55 over 952 frames.
20030013_601 واقعتاً توصیف کے دانشو میں تھیلی بنوری بولے گروپ اور کریں 
LOG (lattice-best-path[5.5.907~1-cbed4]:main():lattice-best-path.cc:99) For utterance 20030013_602, best cost 182.699 + 7954.06 = 8136.75 over 1201 frames.
20030013_602 تلور جھینگے محور کے پر فیورٹ بڑھائیں کی اور خورشید پانچ زیرغور ٹریجڈی میں کی چھہتر سعادت 
LOG (lattice-best-path[5.5.907~1-cbed4]:main():lattice-best-path.cc:99) For utterance 20030013_603, best cost 138.43 + 5814.45 = 5952.88 over 875 frames.
20030013_603 چمچے ملنے کی حاصل کیا مواد تربیتی میں کے پاس اوپر پر تصور کی 
LOG (lattice-best-path[5.5.907~1-cbed4]:main():lattice-best-path.cc:99) For utterance 20030013_604, best cost 139.599 + 6002.21 = 6141.81 over 920 frames.
20030013_604 سوجھی مہربانی داؤ کی برابر پڑی دکھائیں سے پہنچائیں کے گزرے افسردہ ہیں 
LOG (lattice-best-path[5.5.907~1-cbed4]:main():lattice-best-path.cc:99) For utterance 20030013_605, best cost 92.7929 + 3929.79 = 4022.58 over 606 frames.
20030013_605 سوزش ورچوئل کے پیچھے میں بھول کی طرح تخریب 
LOG (lattice-best-path[5.5.907~1-cbed4]:main():lattice-best-path.cc:99) For utterance 20030013_606, best cost 122.602 + 4265.86 = 4388.46 over 638 frames.
20030013_606 کر کیونکہ دماغی میں باؤلر فیاضی ننگے تنفس کی بڑی تزئین 
LOG (lattice-best-path[5.5.907~1-cbed4]:main():lattice-best-path.cc:99) For utterance 20030013_607, best cost 57.7822 + 2967.51 = 3025.29 over 440 frames.
20030013_607 تسلسل فتحیاب آمدنی باندھیں 
LOG (lattice-best-path[5.5.907~1-cbed4]:main():lattice-best-path.cc:99) For utterance 20030013_608, best cost 119.613 + 5073.51 = 5193.12 over 798 frames.
20030013_608 اور کے کمرے ماؤف خوف خواستگار باب چمچہ میں کود مندوبین 
LOG (lattice-best-path[5.5.907~1-cbed4]:main():lattice-best-path.cc:99) For utterance 20030013_609, best cost 91.1406 + 4393.78 = 4484.92 over 651 frames.
20030013_609 گلیشئیر مفاہمت سنبھال محافظوں گردوغبار تصدق سے 
LOG (lattice-best-path[5.5.907~1-cbed4]:main():lattice-best-path.cc:99) For utterance 20030013_610, best cost 122.506 + 5215.31 = 5337.81 over 792 frames.
20030013_610 خواص ایجنسیوں ساتھیوں کی کو معاملات پچیں طرفین حریت ایسا ہیں 
LOG (lattice-best-path[5.5.907~1-cbed4]:main():lattice-best-path.cc:99) For utterance 20030013_611, best cost 76.7923 + 3773.7 = 3850.5 over 580 frames.
20030013_611 صفیں موقف میں پیداوار تھیم کے ساتھ ہے 
LOG (lattice-best-path[5.5.907~1-cbed4]:main():lattice-best-path.cc:99) For utterance 20030013_612, best cost 137.304 + 5187.35 = 5324.66 over 804 frames.
20030013_612 تبدیلیاں کی طرف سے سے مہربانی بوڑھا ہجرت چڑھ فروخت کمپیرنگ شاخوں پر 
LOG (lattice-best-path[5.5.907~1-cbed4]:main():lattice-best-path.cc:99) For utterance 20030013_613, best cost 45.3731 + 2725.16 = 2770.53 over 414 frames.
20030013_613 خانقاہوں سکتے وزیرداخلہ 
LOG (lattice-best-path[5.5.907~1-cbed4]:main():lattice-best-path.cc:99) For utterance 20030013_614, best cost 81.885 + 3420.1 = 3501.99 over 523 frames.
20030013_614 طفیل انفارمیشن ریکارڈ اضافہ مرچنٹ فتحیاب 
LOG (lattice-best-path[5.5.907~1-cbed4]:main():lattice-best-path.cc:99) For utterance 20030013_615, best cost 158.621 + 6921.84 = 7080.46 over 1105 frames.
20030013_615 خلاف آشیرباد میں کی سسرال کو بلڈوزر کے میں دھونی خان آفریدی بوڑھی میں وغیرہ ہے 
LOG (lattice-best-path[5.5.907~1-cbed4]:main():lattice-best-path.cc:99) For utterance 20030013_616, best cost 156.355 + 6355.04 = 6511.39 over 977 frames.
20030013_616 تاجور بورڈر میں جڑواں مضبوط فاروق اعزاز گردیزی تبسم دیوار پتہ پائیدار کیا 
LOG (lattice-best-path[5.5.907~1-cbed4]:main():lattice-best-path.cc:99) For utterance 20030013_617, best cost 105.167 + 4082.15 = 4187.32 over 632 frames.
20030013_617 خام ایڈورٹائزنگ کے وفود میں کھلوائیں کتابیں بریتھلائزر آپ 
LOG (lattice-best-path[5.5.907~1-cbed4]:main():lattice-best-path.cc:99) For utterance 20030013_618, best cost 123.051 + 4867.4 = 4990.45 over 734 frames.
20030013_618 خادم فلسفے اعظم شماریات خسارے محنت کے بعد بھیس کیا کی ہے 
LOG (lattice-best-path[5.5.907~1-cbed4]:main():lattice-best-path.cc:99) For utterance 20030013_619, best cost 71.8651 + 2864.98 = 2936.85 over 440 frames.
20030013_619 خریدے کیا متغیر میں ادائیگی جید 
LOG (lattice-best-path[5.5.907~1-cbed4]:main():lattice-best-path.cc:99) For utterance 20030013_620, best cost 120.744 + 5782.8 = 5903.54 over 900 frames.
20030013_620 کی میں جلوسوں عیاں تبدیلیاں بیوپار پرجوش خوابیدہ یادیں پھونک 
LOG (lattice-best-path[5.5.907~1-cbed4]:main():lattice-best-path.cc:99) For utterance 20030013_621, best cost 112.407 + 5027.36 = 5139.77 over 779 frames.
20030013_621 گوجر کے ساتھ مدرسوں کیفے معاون چیمپئینز پچاسویں بینک کی 
LOG (lattice-best-path[5.5.907~1-cbed4]:main():lattice-best-path.cc:99) For utterance 20030013_622, best cost 89.4559 + 4253.03 = 4342.49 over 657 frames.
20030013_622 گزیر میں فائربریگیڈ قدآدم اژدھا بیوپار میں سیونگ 
LOG (lattice-best-path[5.5.907~1-cbed4]:main():lattice-best-path.cc:99) For utterance 20030013_623, best cost 75.0939 + 3655.23 = 3730.33 over 574 frames.
20030013_623 کے بغیر بڑھاوا قصوروار سامنے منجدھار گیا 
LOG (lattice-best-path[5.5.907~1-cbed4]:main():lattice-best-path.cc:99) For utterance 20030013_624, best cost 151.207 + 5568.29 = 5719.49 over 811 frames.
20030013_624 حفاظ سے کے خسرو میں کیسی درخواست وفاؤں سود غدودوں پیچوٹری گوبھی شروع گا 
LOG (lattice-best-path[5.5.907~1-cbed4]:main():lattice-best-path.cc:99) For utterance 20030013_625, best cost 89.4311 + 4862.65 = 4952.09 over 696 frames.
20030013_625 ٹریژری پیچیدہ کی گدے طبیعت ماتھے فوبیا 
LOG (lattice-best-path[5.5.907~1-cbed4]:main():lattice-best-path.cc:99) For utterance 20030013_626, best cost 71.1078 + 2860.99 = 2932.09 over 420 frames.
20030013_626 پیہم بدشگونی اندھادھند کی یا تھانہ 
LOG (lattice-best-path[5.5.907~1-cbed4]:main():lattice-best-path.cc:99) For utterance 20030013_627, best cost 123.968 + 5844.18 = 5968.14 over 926 frames.
20030013_627 خلاف حیران کے معلومات کے باندھیں پہلووں کے خوفوں میں میں کامیاب 
LOG (lattice-best-path[5.5.907~1-cbed4]:main():lattice-best-path.cc:99) For utterance 20030013_628, best cost 116.985 + 4304.48 = 4421.46 over 644 frames.
20030013_628 گتھی درد میں جانے کیوں ویڈنگ میں انہونی پرچیاں وفود کیں 
LOG (lattice-best-path[5.5.907~1-cbed4]:main():lattice-best-path.cc:99) For utterance 20030013_629, best cost 112.566 + 6015.89 = 6128.46 over 894 frames.
20030013_629 چیل جیوئش حالانکہ اور میں کی آواز کمینگی مطالبہ کے صاحب 
LOG (lattice-best-path[5.5.907~1-cbed4]:main():lattice-best-path.cc:99) For utterance 20030013_630, best cost 84.5277 + 4241.95 = 4326.48 over 606 frames.
20030013_630 تیاگ ایسی زیراستعمال کر چیزیں سے چنگل 
LOG (lattice-best-path[5.5.907~1-cbed4]:main():lattice-best-path.cc:99) For utterance 20030013_631, best cost 113.182 + 5815.16 = 5928.34 over 843 frames.
20030013_631 سے عزیزواقارب بیوپار فریب پر داغنے طوفاں زوردار سالگرہ ہے 
LOG (lattice-best-path[5.5.907~1-cbed4]:main():lattice-best-path.cc:99) For utterance 20030013_632, best cost 160.755 + 6645.79 = 6806.55 over 1009 frames.
20030013_632 قاضی سیکھیں کا دیوی کی کوچے تجوریاں میں بھجوا پر کھجوریں اور بسائیں چوم لبالب 
LOG (lattice-best-path[5.5.907~1-cbed4]:main():lattice-best-path.cc:99) For utterance 20030013_633, best cost 130.295 + 6219.44 = 6349.74 over 913 frames.
20030013_633 لیفٹننٹ کے بعد میں فلسطینی بلدیاتی سوجھی بعض کیسز چون کی کیجیے 
LOG (lattice-best-path[5.5.907~1-cbed4]:main():lattice-best-path.cc:99) For utterance 20030013_634, best cost 96.7946 + 3330.7 = 3427.5 over 497 frames.
20030013_634 خول جنریشن انسان کیوں میں گنہگار پگھل بنائیں 
LOG (lattice-best-path[5.5.907~1-cbed4]:main():lattice-best-path.cc:99) For utterance 20030013_635, best cost 113.872 + 4982.94 = 5096.81 over 734 frames.
20030013_635 فارورڈ اپروچ عندیہ کونسلر ریان کی مدد دنیا سے سوغات ہیں 
LOG (lattice-best-path[5.5.907~1-cbed4]:main():lattice-best-path.cc:99) For utterance 20030013_636, best cost 93.8419 + 4364.34 = 4458.18 over 657 frames.
20030013_636 خصوصا کی جھگی پرچیاں میں سے اور چکاچوند باتھو 
LOG (lattice-best-path[5.5.907~1-cbed4]:main():lattice-best-path.cc:99) For utterance 20030013_637, best cost 115.839 + 4538.21 = 4654.05 over 696 frames.
20030013_637 خسارے سعادت خواستگار نیلم طیب کی پھیرتے بیماری پر ہوئیں 
LOG (lattice-best-path[5.5.907~1-cbed4]:main():lattice-best-path.cc:99) For utterance 20030013_638, best cost 125.219 + 4923.72 = 5048.94 over 760 frames.
20030013_638 قانونگو چیریٹی شیرٹن میں قصوروار گوبھی کو کے چیک اعتراف ایجنسی 
LOG (lattice-best-path[5.5.907~1-cbed4]:main():lattice-best-path.cc:99) For utterance 20030013_639, best cost 154.659 + 5677.83 = 5832.49 over 868 frames.
20030013_639 پھیرتے پتھر میں کو کے دین سے تصحیح سفیدے محبوب کی مرتب صاف میں دوست ہیں 
LOG (lattice-best-path[5.5.907~1-cbed4]:main():lattice-best-path.cc:99) For utterance 20030013_640, best cost 132.66 + 5384.44 = 5517.1 over 760 frames.
20030013_640 تبدیلیاں گھنیری کیا ریزرو کی نیز کی کونسل کے شاندار پنچولی خواستگار 
LOG (lattice-best-path[5.5.907~1-cbed4]:main():lattice-best-path.cc:99) For utterance 20030013_641, best cost 74.9195 + 3311.09 = 3386.01 over 465 frames.
20030013_641 کولیسٹرول ایشو کسی گذشتہ ترمذی گا 
LOG (lattice-best-path[5.5.907~1-cbed4]:main():lattice-best-path.cc:99) For utterance 20030013_642, best cost 98.4005 + 3977.45 = 4075.85 over 574 frames.
20030013_642 طرف عہدیداروں کیسی چھہتر سے بوگس کی پہلوان کی 
LOG (lattice-best-path[5.5.907~1-cbed4]:main():lattice-best-path.cc:99) For utterance 20030013_643, best cost 106.133 + 5003.25 = 5109.38 over 734 frames.
20030013_643 توضیحات کے بڑھائیں کو تحفتا فرمائیں فولاد سزا انتہاؤں 
LOG (lattice-best-path[5.5.907~1-cbed4]:main():lattice-best-path.cc:99) For utterance 20030013_644, best cost 114.6 + 4886.57 = 5001.17 over 683 frames.
20030013_644 کیجیے کلچر گردوغبار اور زیورات بچی کیسز بلکہ بوقت ہے 
LOG (lattice-best-path[5.5.907~1-cbed4]:main():lattice-best-path.cc:99) For utterance 20030013_645, best cost 67.2899 + 4161.41 = 4228.7 over 580 frames.
20030013_645 زیرقیادت اثرورسوخ کرنے کی پچھتر ہے 
LOG (lattice-best-path[5.5.907~1-cbed4]:main():lattice-best-path.cc:99) For utterance 20030013_646, best cost 96.6192 + 4111.69 = 4208.31 over 587 frames.
20030013_646 سامعین بعدازاں جوئیہ داؤد پھیرنے بڑھانے کرنے گئی 
LOG (lattice-best-path[5.5.907~1-cbed4]:main():lattice-best-path.cc:99) For utterance 20030013_647, best cost 70.3767 + 3273.96 = 3344.34 over 452 frames.
20030013_647 کھوسٹ وزیر بھومی چوکھٹ سودا ہیں 
LOG (lattice-best-path[5.5.907~1-cbed4]:main():lattice-best-path.cc:99) For utterance 20030013_648, best cost 68.6557 + 3065.08 = 3133.74 over 440 frames.
20030013_648 کے دودھیا اثاثوں تسلسل کے کاغذات 
LOG (lattice-best-path[5.5.907~1-cbed4]:main():lattice-best-path.cc:99) For utterance 20030013_649, best cost 97.984 + 4111.64 = 4209.63 over 600 frames.
20030013_649 خوفوں کے نظر تیرے قناعت باادب پھیلا ایف 
LOG (lattice-best-path[5.5.907~1-cbed4]:main():lattice-best-path.cc:99) For utterance 20030013_650, best cost 97.9258 + 4706.09 = 4804.01 over 670 frames.
20030013_650 ترجیحات عندیہ گزارنے کرکے ترقیات ٹرانسفر کی بغیر 
LOG (lattice-best-path[5.5.907~1-cbed4]:main():lattice-best-path.cc:99) For utterance 20030013_651, best cost 100.945 + 3735.4 = 3836.35 over 548 frames.
20030013_651 اور کامیڈی بیچلر کی کو کی کرکے بولنے گیسو کی کے 
LOG (lattice-best-path[5.5.907~1-cbed4]:main():lattice-best-path.cc:99) For utterance 20030013_652, best cost 110.796 + 4966.17 = 5076.97 over 696 frames.
20030013_652 تجوریاں کی سے دریغ اگلے کرکے لڑیں کچوکے سقوط اور سے 
LOG (lattice-best-path[5.5.907~1-cbed4]:main():lattice-best-path.cc:99) For utterance 20030013_653, best cost 93.6945 + 4131.37 = 4225.07 over 600 frames.
20030013_653 برقرار ڈسکوری گگن تلے کیسی بستر فورس اور 
LOG (lattice-best-path[5.5.907~1-cbed4]:main():lattice-best-path.cc:99) For utterance 20030013_654, best cost 113.659 + 5211.25 = 5324.91 over 734 frames.
20030013_654 پر ڈیپریشن سے سیاست چڑیل سے کی لوث کیلئے کرنے ستھرے 
LOG (lattice-best-path[5.5.907~1-cbed4]:main():lattice-best-path.cc:99) For utterance 20030013_655, best cost 75.4596 + 4267.11 = 4342.57 over 600 frames.
20030013_655 تعالی کیسز اور پر گزارنے گردش کریں 
LOG (lattice-best-path[5.5.907~1-cbed4]:main():lattice-best-path.cc:99) For utterance 20030013_656, best cost 85.3411 + 5235.64 = 5320.98 over 734 frames.
20030013_656 کے زوجیت تجزیے متحرک اور زلزلے پرسش 
LOG (lattice-best-path[5.5.907~1-cbed4]:main():lattice-best-path.cc:99) For utterance 20030013_657, best cost 81.5872 + 3743.09 = 3824.68 over 542 frames.
20030013_657 تصورات زیب کی کے کردار تیسر فریب 
LOG (lattice-best-path[5.5.907~1-cbed4]:main():lattice-best-path.cc:99) For utterance 20030013_658, best cost 76.2751 + 3899.45 = 3975.73 over 561 frames.
20030013_658 تلور ٹریلر تھیسس کی بااصول تعارف 
LOG (lattice-best-path[5.5.907~1-cbed4]:main():lattice-best-path.cc:99) For utterance 20030013_659, best cost 102.16 + 4299.06 = 4401.22 over 619 frames.
20030013_659 کمیٹی کو تجزیہ فوری بطخوں استغراق نوعیت کچوکے 
LOG (lattice-best-path[5.5.907~1-cbed4]:main():lattice-best-path.cc:99) For utterance 20030013_660, best cost 50.492 + 2732.79 = 2783.28 over 401 frames.
20030013_660 پروڈکٹیو کا تھڑے موثر 
LOG (lattice-best-path[5.5.907~1-cbed4]:main():lattice-best-path.cc:99) For utterance 20030013_661, best cost 39.93 + 2841.54 = 2881.47 over 427 frames.
20030013_661 پریشر برقرار کریں 
LOG (lattice-best-path[5.5.907~1-cbed4]:main():lattice-best-path.cc:99) For utterance 20030013_662, best cost 72.3383 + 3643.33 = 3715.67 over 529 frames.
20030013_662 کر تجوریاں نے سیروسیاحت کی غزلیات کرے 
LOG (lattice-best-path[5.5.907~1-cbed4]:main():lattice-best-path.cc:99) For utterance 20030013_663, best cost 99.5576 + 5022.22 = 5121.78 over 753 frames.
20030013_663 کی عریاں اجسام متوفیہ ساتھیوں کرکے کی ترویج بھوجپوری 
LOG (lattice-best-path[5.5.907~1-cbed4]:main():lattice-best-path.cc:99) For utterance 20030013_664, best cost 128.924 + 4745 = 4873.93 over 715 frames.
20030013_664 فرائض سینٹر ایتھرنیٹ پائیدار بولے کلوننگ اور ایسی کر کے گھڑیوں گئے 
LOG (lattice-best-path[5.5.907~1-cbed4]:main():lattice-best-path.cc:99) For utterance 20030013_665, best cost 61.8841 + 3292.37 = 3354.25 over 484 frames.
20030013_665 فیضان آمیزش ایگلز طفیل اور 
LOG (lattice-best-path[5.5.907~1-cbed4]:main():lattice-best-path.cc:99) For utterance 20030013_666, best cost 78.1846 + 3678.56 = 3756.75 over 529 frames.
20030013_666 کولیسٹرول سے البتہ اٹھتر صیاد غیرضروری ہے 
LOG (lattice-best-path[5.5.907~1-cbed4]:main():lattice-best-path.cc:99) For utterance 20030013_667, best cost 84.4825 + 3547.67 = 3632.16 over 504 frames.
20030013_667 کی کردار سلسلے روضے کی بجھی گذر ہوئی 
LOG (lattice-best-path[5.5.907~1-cbed4]:main():lattice-best-path.cc:99) For utterance 20030013_668, best cost 108.304 + 5183.63 = 5291.93 over 747 frames.
20030013_668 ساری تولید کے توجہ تفتیش صلاحیت کیسز جاؤں کریں 
LOG (lattice-best-path[5.5.907~1-cbed4]:main():lattice-best-path.cc:99) For utterance 20030013_669, best cost 86.9176 + 3923.53 = 4010.44 over 548 frames.
20030013_669 غصہ کروفر اور کے گذر کے ضرورت الہیات 
LOG (lattice-best-path[5.5.907~1-cbed4]:main():lattice-best-path.cc:99) For utterance 20030013_670, best cost 76.1588 + 3858.24 = 3934.4 over 574 frames.
20030013_670 گذشتہ کا فلیچر کے سروں گوبر کرو 
LOG (lattice-best-path[5.5.907~1-cbed4]:main():lattice-best-path.cc:99) For utterance 20030013_671, best cost 129.649 + 5467.3 = 5596.95 over 772 frames.
20030013_671 پراسیس اوزار لومیرج پاس اونس اور کے جوکھوں جونیئر کو اور کیوں 
LOG (lattice-best-path[5.5.907~1-cbed4]:main():lattice-best-path.cc:99) For utterance 20030013_672, best cost 99.7635 + 4564.98 = 4664.74 over 632 frames.
20030013_672 کنگڈم ایشوز سعادت افتادہ رساؤ سربراہ کی بااللہ 
LOG (lattice-best-path[5.5.907~1-cbed4]:main():lattice-best-path.cc:99) For utterance 20030013_673, best cost 81.9529 + 3808.62 = 3890.58 over 555 frames.
20030013_673 پڑھائی کے سالگرہ توجہ سیاست بغیر کرتا ہے 
LOG (lattice-best-path[5.5.907~1-cbed4]:main():lattice-best-path.cc:99) For utterance 20030013_674, best cost 106.705 + 5687.24 = 5793.94 over 772 frames.
20030013_674 ٹشو میں پروجیکٹ برابر صداقت قوانین حسینی کی کوشش کی 
LOG (lattice-best-path[5.5.907~1-cbed4]:main():lattice-best-path.cc:99) For utterance 20030013_675, best cost 85.9976 + 3600.41 = 3686.41 over 529 frames.
20030013_675 فوجیں بھورے جید پر سوچے تغافل دوڑائیں 
LOG (lattice-best-path[5.5.907~1-cbed4]:main():lattice-best-path.cc:99) For utterance 20030013_676, best cost 86.5763 + 4011.89 = 4098.46 over 568 frames.
20030013_676 پرنیا شیفرڈ کی جدول سانحوں بیشتر بات کی 
LOG (lattice-best-path[5.5.907~1-cbed4]:main():lattice-best-path.cc:99) For utterance 20030013_677, best cost 141.154 + 6180.92 = 6322.08 over 926 frames.
20030013_677 گلستان میں ایکویٹی کی نوعی مطالعوں سوئی ابو برطانوی کی حیرت کے پیدا 
LOG (lattice-best-path[5.5.907~1-cbed4]:main():lattice-best-path.cc:99) For utterance 20030013_678, best cost 136.528 + 6832 = 6968.53 over 971 frames.
20030013_678 چھبیس اور تھیٹر پائیدار گزشتہ میں کے لیے کارپوریشن خلیے سمجھتے جید کریں 
LOG (lattice-best-path[5.5.907~1-cbed4]:main():lattice-best-path.cc:99) For utterance 20030013_679, best cost 68.0817 + 3108.91 = 3176.99 over 446 frames.
20030013_679 کوڑیاں ریلی تحصیلدار زیدی زچگی 
LOG (lattice-best-path[5.5.907~1-cbed4]:main():lattice-best-path.cc:99) For utterance 20030013_680, best cost 103.751 + 4624.61 = 4728.37 over 683 frames.
20030013_680 چندھیا بڑھاپے دیول گردوغبار پالمر سے میں پیروکار جاتا ہے 
LOG (lattice-best-path[5.5.907~1-cbed4]:main():lattice-best-path.cc:99) For utterance 20030013_681, best cost 94.0845 + 4019.57 = 4113.66 over 587 frames.
20030013_681 بدہضمی شوق رنجیدہ رسولی گوبر پیچیدہ بزرگ 
LOG (lattice-best-path[5.5.907~1-cbed4]:main():lattice-best-path.cc:99) For utterance 20030013_682, best cost 115.071 + 5085.13 = 5200.2 over 753 frames.
20030013_682 کی اور چولہے کے اوپر کیا سزا پر اور ہیچ اور مرغوب ہے 
LOG (lattice-best-path[5.5.907~1-cbed4]:main():lattice-best-path.cc:99) For utterance 20030013_683, best cost 110.713 + 4613.58 = 4724.29 over 657 frames.
20030013_683 کے سوا تجرد تک کے کے نے سیکورٹی کی کے سینیٹ کرے 
LOG (lattice-best-path[5.5.907~1-cbed4]:main():lattice-best-path.cc:99) For utterance 20030013_684, best cost 71.299 + 4015.79 = 4087.09 over 593 frames.
20030013_684 پر دیوار ٹریجڈی جونیجو کیا بتاؤں 
LOG (lattice-best-path[5.5.907~1-cbed4]:main():lattice-best-path.cc:99) For utterance 20030013_685, best cost 76.044 + 3073.01 = 3149.05 over 446 frames.
20030013_685 کروفر توضیح منجھے لشکر سپاسنامہ کرو 
LOG (lattice-best-path[5.5.907~1-cbed4]:main():lattice-best-path.cc:99) For utterance 20030013_686, best cost 126.405 + 5414.66 = 5541.06 over 772 frames.
20030013_686 چھلکے کے سکتے ہوئی کے شریفین بلدیاتی میں فیس پرجوش اپروچ اور 
LOG (lattice-best-path[5.5.907~1-cbed4]:main():lattice-best-path.cc:99) For utterance 20030013_687, best cost 121.763 + 4994.71 = 5116.47 over 721 frames.
20030013_687 چاقو استغاثہ روزہ دیوی بودلہ بلا سے سیکھا پر بچّو کریں 
LOG (lattice-best-path[5.5.907~1-cbed4]:main():lattice-best-path.cc:99) For utterance 20030013_688, best cost 126.199 + 5708.66 = 5834.86 over 836 frames.
20030013_688 پر بیچارے وزارت سے جوار اور بیچے گراؤنڈ کے پر دیتا ریڈیو 
LOG (lattice-best-path[5.5.907~1-cbed4]:main():lattice-best-path.cc:99) For utterance 20030013_689, best cost 114.188 + 5170.62 = 5284.81 over 753 frames.
20030013_689 کوچوں بغیر کیا تعارف کو بورڈر غوروخوض سے پچھتر چار 
LOG (lattice-best-path[5.5.907~1-cbed4]:main():lattice-best-path.cc:99) For utterance 20030013_690, best cost 64.0705 + 2869.21 = 2933.28 over 414 frames.
20030013_690 کے کیا کریش اور دشوار انحطاط 
LOG (lattice-best-path[5.5.907~1-cbed4]:main():lattice-best-path.cc:99) For utterance 20030013_691, best cost 112.235 + 3879.66 = 3991.89 over 606 frames.
20030013_691 چیل کیا درجے پرویا ریزروز داغدار وائرل پر دودھیل ہیں 
LOG (lattice-best-path[5.5.907~1-cbed4]:main():lattice-best-path.cc:99) For utterance 20030013_692, best cost 101.751 + 4886.12 = 4987.87 over 721 frames.
20030013_692 تفویض تھانیدار کے میں سیروسیاحت ٹری کے خلیفہ تلور 
LOG (lattice-best-path[5.5.907~1-cbed4]:main():lattice-best-path.cc:99) For utterance 20030013_693, best cost 71.2159 + 3280.49 = 3351.71 over 491 frames.
20030013_693 پھیرتے مزیدار توقعات برخلاف جائیداد کو 
LOG (lattice-best-path[5.5.907~1-cbed4]:main():lattice-best-path.cc:99) For utterance 20030013_694, best cost 96.43 + 4465.24 = 4561.67 over 664 frames.
20030013_694 کرنا چنانچہ اشفاق تساہل ترجیح بازیچہ ہوشربا ہے 
LOG (lattice-best-path[5.5.907~1-cbed4]:main():lattice-best-path.cc:99) For utterance 20030013_695, best cost 93.6693 + 3752.77 = 3846.44 over 568 frames.
20030013_695 خلیفہ میں پرچیاں میں فاروق دریچوں باغبانی ملاؤں 
LOG (lattice-best-path[5.5.907~1-cbed4]:main():lattice-best-path.cc:99) For utterance 20030013_696, best cost 84.6958 + 3954.39 = 4039.08 over 593 frames.
20030013_696 کے چھاپہ صدیاں بالخصوص مہربانیوں کی کانجی ہیں 
LOG (lattice-best-path[5.5.907~1-cbed4]:main():lattice-best-path.cc:99) For utterance 20030013_697, best cost 67.9078 + 3317.1 = 3385.01 over 497 frames.
20030013_697 قدوقامت سے سیکھنے جانبدار گاؤں گا 
LOG (lattice-best-path[5.5.907~1-cbed4]:main():lattice-best-path.cc:99) For utterance 20030013_698, best cost 86.8799 + 4651.3 = 4738.18 over 721 frames.
20030013_698 باران جادوئی کے چھپوائیں باعث طالب جناب 
LOG (lattice-best-path[5.5.907~1-cbed4]:main():lattice-best-path.cc:99) For utterance 20030013_699, best cost 99.6219 + 4123.5 = 4223.12 over 625 frames.
20030013_699 تجزیوں مفاد کی چھین گرداں کینیڈین مودبانہ سوچوں 
LOG (lattice-best-path[5.5.907~1-cbed4]:main():lattice-best-path.cc:99) For utterance 20030013_700, best cost 113.567 + 4040.83 = 4154.39 over 587 frames.
20030013_700 کوش سرخرو کی دھاندلی میں تغافل کی سوجھی شیرٹن چوزوں ہیں 
LOG (lattice-best-path[5.5.907~1-cbed4]:main():lattice-best-path.cc:99) For utterance 20030013_701, best cost 134.017 + 4872.14 = 5006.16 over 728 frames.
20030013_701 قلزم اور مانوس بزدل کی دودھیا چیزیں کنواں تمغوں صحبتوں پسند تھا 
LOG (lattice-best-path[5.5.907~1-cbed4]:main():lattice-best-path.cc:99) For utterance 20030013_702, best cost 123.041 + 4546.39 = 4669.43 over 683 frames.
20030013_702 خیر فیصلہ خوفزدہ کی دھوپ میں حاجی فشار گناہ ادیبوں چُھپ 
LOG (lattice-best-path[5.5.907~1-cbed4]:main():lattice-best-path.cc:99) For utterance 20030013_703, best cost 78.2168 + 3224.32 = 3302.53 over 465 frames.
20030013_703 تنازعے شیدائی کی جھینگے کی خدانخواستہ کرتا ہے 
LOG (lattice-best-path[5.5.907~1-cbed4]:main():lattice-best-path.cc:99) For utterance 20030013_704, best cost 99.6348 + 4478.95 = 4578.59 over 676 frames.
20030013_704 چغتائی فیشن متنازعہ انگیخت انظباتی قرارداد پراسیس ہیں 
LOG (lattice-best-path[5.5.907~1-cbed4]:main():lattice-best-path.cc:99) For utterance 20030013_705, best cost 79.6381 + 3350.22 = 3429.86 over 491 frames.
20030013_705 بازیاب بنا تلمیحات پراٹھا ہندوؤں زوال 
LOG (lattice-best-path[5.5.907~1-cbed4]:main():lattice-best-path.cc:99) For utterance 20030013_706, best cost 73.6707 + 2514.01 = 2587.68 over 363 frames.
20030013_706 اوصاف ریلیکس یا کی اعتماد مجذوب ہیں 
LOG (lattice-best-path[5.5.907~1-cbed4]:main():lattice-best-path.cc:99) For utterance 20030013_707, best cost 60.792 + 3037.54 = 3098.33 over 452 frames.
20030013_707 اناسیواں آہستہ دلنشیں دوگانہ ہیں 
LOG (lattice-best-path[5.5.907~1-cbed4]:main():lattice-best-path.cc:99) For utterance 20030013_708, best cost 104.15 + 4186.81 = 4290.96 over 606 frames.
20030013_708 مصنف پھیلیں مجید اشخاص کی تحصیلدار تمغہ چھم تھا 
LOG (lattice-scale[5.5.907~1-cbed4]:main():lattice-scale.cc:107) Done 432 lattices.
LOG (lattice-add-penalty[5.5.907~1-cbed4]:main():lattice-add-penalty.cc:62) Done adding word insertion penalty to 432 lattices.
LOG (lattice-best-path[5.5.907~1-cbed4]:main():lattice-best-path.cc:124) Overall cost per frame is 6.72278 = 0.144306 [graph] + 6.57847 [acoustic] over 354849 frames.
LOG (lattice-best-path[5.5.907~1-cbed4]:main():lattice-best-path.cc:128) Done 432 lattices, failed for 0
# Accounting: time=33 threads=1
# Ended (code 0) at Thu Apr 22 11:52:39 PKT 2021, elapsed time 33 seconds
