# build-tree --verbose=1 --max-leaves=2000 --cluster-thresh=-1 exp/tri4/treeacc data/lang/phones/roots.int exp/tri4/questions.qst data/lang/topo exp/tri4/tree 
# Started at Wed Apr 21 10:41:50 PKT 2021
#
build-tree --verbose=1 --max-leaves=2000 --cluster-thresh=-1 exp/tri4/treeacc data/lang/phones/roots.int exp/tri4/questions.qst data/lang/topo exp/tri4/tree 
LOG (build-tree[5.5.907~1-cbed4]:main():build-tree.cc:104) Number of separate statistics is 46304
LOG (build-tree[5.5.907~1-cbed4]:BuildTree():build-tree.cc:161) BuildTree: before building trees, map has 62 leaves.
LOG (build-tree[5.5.907~1-cbed4]:SplitDecisionTree():build-tree-utils.cc:577) DoDecisionTreeSplit: split 1938 times, #leaves now 2000
LOG (build-tree[5.5.907~1-cbed4]:BuildTree():build-tree.cc:187) Setting clustering threshold to smallest split 425.658
VLOG[1] (build-tree[5.5.907~1-cbed4]:BuildTree():build-tree.cc:196) After decision tree split, num-leaves = 2000, like-impr = 8.02494 per frame over 586095 frames.
VLOG[1] (build-tree[5.5.907~1-cbed4]:BuildTree():build-tree.cc:200) Including just phones that were split, improvement is 8.02494 per frame over 586095 frames.
LOG (build-tree[5.5.907~1-cbed4]:BuildTree():build-tree.cc:215) BuildTree: removed 497 leaves.
VLOG[1] (build-tree[5.5.907~1-cbed4]:ClusterEventMapToNClustersRestrictedByMap():build-tree-utils.cc:914) Number of non-empty clusters in map = 61
VLOG[1] (build-tree[5.5.907~1-cbed4]:ClusterEventMapToNClustersRestrictedByMap():build-tree-utils.cc:915) Number of non-empty clusters = 1502
LOG (build-tree[5.5.907~1-cbed4]:BuildTree():build-tree.cc:231) BuildTree: Rounded num leaves to multiple of 8 by removing 7 leaves.
VLOG[1] (build-tree[5.5.907~1-cbed4]:BuildTree():build-tree.cc:256) Objf change due to clustering -0.253884 per frame.
VLOG[1] (build-tree[5.5.907~1-cbed4]:BuildTree():build-tree.cc:259) Normalizing over only split phones, this is: -0.253884 per frame.
VLOG[1] (build-tree[5.5.907~1-cbed4]:BuildTree():build-tree.cc:262) Num-leaves is now 1496
VLOG[1] (build-tree[5.5.907~1-cbed4]:main():build-tree.cc:143) For pdf-id 1, low count 0
VLOG[1] (build-tree[5.5.907~1-cbed4]:main():build-tree.cc:143) For pdf-id 7, low count 52
VLOG[1] (build-tree[5.5.907~1-cbed4]:main():build-tree.cc:143) For pdf-id 12, low count 76
VLOG[1] (build-tree[5.5.907~1-cbed4]:main():build-tree.cc:143) For pdf-id 13, low count 20
VLOG[1] (build-tree[5.5.907~1-cbed4]:main():build-tree.cc:143) For pdf-id 30, low count 24
VLOG[1] (build-tree[5.5.907~1-cbed4]:main():build-tree.cc:143) For pdf-id 34, low count 35
VLOG[1] (build-tree[5.5.907~1-cbed4]:main():build-tree.cc:143) For pdf-id 36, low count 12
VLOG[1] (build-tree[5.5.907~1-cbed4]:main():build-tree.cc:143) For pdf-id 37, low count 23
VLOG[1] (build-tree[5.5.907~1-cbed4]:main():build-tree.cc:143) For pdf-id 38, low count 88
VLOG[1] (build-tree[5.5.907~1-cbed4]:main():build-tree.cc:143) For pdf-id 50, low count 57
VLOG[1] (build-tree[5.5.907~1-cbed4]:main():build-tree.cc:143) For pdf-id 56, low count 39
VLOG[1] (build-tree[5.5.907~1-cbed4]:main():build-tree.cc:143) For pdf-id 59, low count 15
VLOG[1] (build-tree[5.5.907~1-cbed4]:main():build-tree.cc:143) For pdf-id 61, low count 55
VLOG[1] (build-tree[5.5.907~1-cbed4]:main():build-tree.cc:143) For pdf-id 73, low count 15
VLOG[1] (build-tree[5.5.907~1-cbed4]:main():build-tree.cc:143) For pdf-id 97, low count 10
VLOG[1] (build-tree[5.5.907~1-cbed4]:main():build-tree.cc:143) For pdf-id 100, low count 85
VLOG[1] (build-tree[5.5.907~1-cbed4]:main():build-tree.cc:143) For pdf-id 104, low count 88
VLOG[1] (build-tree[5.5.907~1-cbed4]:main():build-tree.cc:143) For pdf-id 109, low count 69
VLOG[1] (build-tree[5.5.907~1-cbed4]:main():build-tree.cc:143) For pdf-id 153, low count 22
VLOG[1] (build-tree[5.5.907~1-cbed4]:main():build-tree.cc:143) For pdf-id 167, low count 60
VLOG[1] (build-tree[5.5.907~1-cbed4]:main():build-tree.cc:143) For pdf-id 174, low count 57
VLOG[1] (build-tree[5.5.907~1-cbed4]:main():build-tree.cc:143) For pdf-id 182, low count 39
VLOG[1] (build-tree[5.5.907~1-cbed4]:main():build-tree.cc:143) For pdf-id 193, low count 32
VLOG[1] (build-tree[5.5.907~1-cbed4]:main():build-tree.cc:143) For pdf-id 196, low count 26
VLOG[1] (build-tree[5.5.907~1-cbed4]:main():build-tree.cc:143) For pdf-id 198, low count 99
VLOG[1] (build-tree[5.5.907~1-cbed4]:main():build-tree.cc:143) For pdf-id 208, low count 62
VLOG[1] (build-tree[5.5.907~1-cbed4]:main():build-tree.cc:143) For pdf-id 211, low count 90
VLOG[1] (build-tree[5.5.907~1-cbed4]:main():build-tree.cc:143) For pdf-id 224, low count 71
VLOG[1] (build-tree[5.5.907~1-cbed4]:main():build-tree.cc:143) For pdf-id 241, low count 94
VLOG[1] (build-tree[5.5.907~1-cbed4]:main():build-tree.cc:143) For pdf-id 254, low count 69
VLOG[1] (build-tree[5.5.907~1-cbed4]:main():build-tree.cc:143) For pdf-id 273, low count 50
VLOG[1] (build-tree[5.5.907~1-cbed4]:main():build-tree.cc:143) For pdf-id 274, low count 15
VLOG[1] (build-tree[5.5.907~1-cbed4]:main():build-tree.cc:143) For pdf-id 281, low count 99
VLOG[1] (build-tree[5.5.907~1-cbed4]:main():build-tree.cc:143) For pdf-id 289, low count 56
VLOG[1] (build-tree[5.5.907~1-cbed4]:main():build-tree.cc:143) For pdf-id 291, low count 91
VLOG[1] (build-tree[5.5.907~1-cbed4]:main():build-tree.cc:143) For pdf-id 298, low count 40
VLOG[1] (build-tree[5.5.907~1-cbed4]:main():build-tree.cc:143) For pdf-id 299, low count 31
VLOG[1] (build-tree[5.5.907~1-cbed4]:main():build-tree.cc:143) For pdf-id 302, low count 59
VLOG[1] (build-tree[5.5.907~1-cbed4]:main():build-tree.cc:143) For pdf-id 309, low count 58
VLOG[1] (build-tree[5.5.907~1-cbed4]:main():build-tree.cc:143) For pdf-id 315, low count 75
VLOG[1] (build-tree[5.5.907~1-cbed4]:main():build-tree.cc:143) For pdf-id 324, low count 60
VLOG[1] (build-tree[5.5.907~1-cbed4]:main():build-tree.cc:143) For pdf-id 340, low count 35
VLOG[1] (build-tree[5.5.907~1-cbed4]:main():build-tree.cc:143) For pdf-id 358, low count 55
VLOG[1] (build-tree[5.5.907~1-cbed4]:main():build-tree.cc:143) For pdf-id 365, low count 23
VLOG[1] (build-tree[5.5.907~1-cbed4]:main():build-tree.cc:143) For pdf-id 369, low count 89
VLOG[1] (build-tree[5.5.907~1-cbed4]:main():build-tree.cc:143) For pdf-id 370, low count 19
VLOG[1] (build-tree[5.5.907~1-cbed4]:main():build-tree.cc:143) For pdf-id 376, low count 47
VLOG[1] (build-tree[5.5.907~1-cbed4]:main():build-tree.cc:143) For pdf-id 393, low count 80
VLOG[1] (build-tree[5.5.907~1-cbed4]:main():build-tree.cc:143) For pdf-id 402, low count 59
VLOG[1] (build-tree[5.5.907~1-cbed4]:main():build-tree.cc:143) For pdf-id 409, low count 87
VLOG[1] (build-tree[5.5.907~1-cbed4]:main():build-tree.cc:143) For pdf-id 410, low count 25
VLOG[1] (build-tree[5.5.907~1-cbed4]:main():build-tree.cc:143) For pdf-id 419, low count 86
VLOG[1] (build-tree[5.5.907~1-cbed4]:main():build-tree.cc:143) For pdf-id 421, low count 96
VLOG[1] (build-tree[5.5.907~1-cbed4]:main():build-tree.cc:143) For pdf-id 433, low count 65
VLOG[1] (build-tree[5.5.907~1-cbed4]:main():build-tree.cc:143) For pdf-id 434, low count 80
VLOG[1] (build-tree[5.5.907~1-cbed4]:main():build-tree.cc:143) For pdf-id 443, low count 37
VLOG[1] (build-tree[5.5.907~1-cbed4]:main():build-tree.cc:143) For pdf-id 444, low count 24
VLOG[1] (build-tree[5.5.907~1-cbed4]:main():build-tree.cc:143) For pdf-id 456, low count 33
VLOG[1] (build-tree[5.5.907~1-cbed4]:main():build-tree.cc:143) For pdf-id 458, low count 45
VLOG[1] (build-tree[5.5.907~1-cbed4]:main():build-tree.cc:143) For pdf-id 479, low count 40
VLOG[1] (build-tree[5.5.907~1-cbed4]:main():build-tree.cc:143) For pdf-id 480, low count 26
VLOG[1] (build-tree[5.5.907~1-cbed4]:main():build-tree.cc:143) For pdf-id 481, low count 34
VLOG[1] (build-tree[5.5.907~1-cbed4]:main():build-tree.cc:143) For pdf-id 487, low count 65
VLOG[1] (build-tree[5.5.907~1-cbed4]:main():build-tree.cc:143) For pdf-id 489, low count 49
VLOG[1] (build-tree[5.5.907~1-cbed4]:main():build-tree.cc:143) For pdf-id 500, low count 50
VLOG[1] (build-tree[5.5.907~1-cbed4]:main():build-tree.cc:143) For pdf-id 520, low count 81
VLOG[1] (build-tree[5.5.907~1-cbed4]:main():build-tree.cc:143) For pdf-id 525, low count 78
VLOG[1] (build-tree[5.5.907~1-cbed4]:main():build-tree.cc:143) For pdf-id 526, low count 74
VLOG[1] (build-tree[5.5.907~1-cbed4]:main():build-tree.cc:143) For pdf-id 532, low count 51
VLOG[1] (build-tree[5.5.907~1-cbed4]:main():build-tree.cc:143) For pdf-id 541, low count 18
VLOG[1] (build-tree[5.5.907~1-cbed4]:main():build-tree.cc:143) For pdf-id 551, low count 97
VLOG[1] (build-tree[5.5.907~1-cbed4]:main():build-tree.cc:143) For pdf-id 575, low count 77
VLOG[1] (build-tree[5.5.907~1-cbed4]:main():build-tree.cc:143) For pdf-id 578, low count 65
VLOG[1] (build-tree[5.5.907~1-cbed4]:main():build-tree.cc:143) For pdf-id 588, low count 28
VLOG[1] (build-tree[5.5.907~1-cbed4]:main():build-tree.cc:143) For pdf-id 589, low count 68
VLOG[1] (build-tree[5.5.907~1-cbed4]:main():build-tree.cc:143) For pdf-id 592, low count 30
VLOG[1] (build-tree[5.5.907~1-cbed4]:main():build-tree.cc:143) For pdf-id 594, low count 63
VLOG[1] (build-tree[5.5.907~1-cbed4]:main():build-tree.cc:143) For pdf-id 600, low count 11
VLOG[1] (build-tree[5.5.907~1-cbed4]:main():build-tree.cc:143) For pdf-id 604, low count 68
VLOG[1] (build-tree[5.5.907~1-cbed4]:main():build-tree.cc:143) For pdf-id 605, low count 63
VLOG[1] (build-tree[5.5.907~1-cbed4]:main():build-tree.cc:143) For pdf-id 606, low count 47
VLOG[1] (build-tree[5.5.907~1-cbed4]:main():build-tree.cc:143) For pdf-id 611, low count 52
VLOG[1] (build-tree[5.5.907~1-cbed4]:main():build-tree.cc:143) For pdf-id 626, low count 52
VLOG[1] (build-tree[5.5.907~1-cbed4]:main():build-tree.cc:143) For pdf-id 632, low count 87
VLOG[1] (build-tree[5.5.907~1-cbed4]:main():build-tree.cc:143) For pdf-id 634, low count 29
VLOG[1] (build-tree[5.5.907~1-cbed4]:main():build-tree.cc:143) For pdf-id 639, low count 17
VLOG[1] (build-tree[5.5.907~1-cbed4]:main():build-tree.cc:143) For pdf-id 644, low count 29
VLOG[1] (build-tree[5.5.907~1-cbed4]:main():build-tree.cc:143) For pdf-id 651, low count 29
VLOG[1] (build-tree[5.5.907~1-cbed4]:main():build-tree.cc:143) For pdf-id 657, low count 41
VLOG[1] (build-tree[5.5.907~1-cbed4]:main():build-tree.cc:143) For pdf-id 668, low count 20
VLOG[1] (build-tree[5.5.907~1-cbed4]:main():build-tree.cc:143) For pdf-id 670, low count 68
VLOG[1] (build-tree[5.5.907~1-cbed4]:main():build-tree.cc:143) For pdf-id 671, low count 28
VLOG[1] (build-tree[5.5.907~1-cbed4]:main():build-tree.cc:143) For pdf-id 676, low count 80
VLOG[1] (build-tree[5.5.907~1-cbed4]:main():build-tree.cc:143) For pdf-id 678, low count 20
VLOG[1] (build-tree[5.5.907~1-cbed4]:main():build-tree.cc:143) For pdf-id 683, low count 70
VLOG[1] (build-tree[5.5.907~1-cbed4]:main():build-tree.cc:143) For pdf-id 690, low count 46
VLOG[1] (build-tree[5.5.907~1-cbed4]:main():build-tree.cc:143) For pdf-id 703, low count 60
VLOG[1] (build-tree[5.5.907~1-cbed4]:main():build-tree.cc:143) For pdf-id 707, low count 73
VLOG[1] (build-tree[5.5.907~1-cbed4]:main():build-tree.cc:143) For pdf-id 715, low count 67
VLOG[1] (build-tree[5.5.907~1-cbed4]:main():build-tree.cc:143) For pdf-id 716, low count 20
VLOG[1] (build-tree[5.5.907~1-cbed4]:main():build-tree.cc:143) For pdf-id 725, low count 42
VLOG[1] (build-tree[5.5.907~1-cbed4]:main():build-tree.cc:143) For pdf-id 736, low count 35
VLOG[1] (build-tree[5.5.907~1-cbed4]:main():build-tree.cc:143) For pdf-id 746, low count 71
VLOG[1] (build-tree[5.5.907~1-cbed4]:main():build-tree.cc:143) For pdf-id 750, low count 56
VLOG[1] (build-tree[5.5.907~1-cbed4]:main():build-tree.cc:143) For pdf-id 751, low count 24
VLOG[1] (build-tree[5.5.907~1-cbed4]:main():build-tree.cc:143) For pdf-id 759, low count 50
VLOG[1] (build-tree[5.5.907~1-cbed4]:main():build-tree.cc:143) For pdf-id 771, low count 95
VLOG[1] (build-tree[5.5.907~1-cbed4]:main():build-tree.cc:143) For pdf-id 772, low count 15
VLOG[1] (build-tree[5.5.907~1-cbed4]:main():build-tree.cc:143) For pdf-id 796, low count 84
VLOG[1] (build-tree[5.5.907~1-cbed4]:main():build-tree.cc:143) For pdf-id 800, low count 82
VLOG[1] (build-tree[5.5.907~1-cbed4]:main():build-tree.cc:143) For pdf-id 805, low count 98
VLOG[1] (build-tree[5.5.907~1-cbed4]:main():build-tree.cc:143) For pdf-id 819, low count 67
VLOG[1] (build-tree[5.5.907~1-cbed4]:main():build-tree.cc:143) For pdf-id 829, low count 55
VLOG[1] (build-tree[5.5.907~1-cbed4]:main():build-tree.cc:143) For pdf-id 832, low count 38
VLOG[1] (build-tree[5.5.907~1-cbed4]:main():build-tree.cc:143) For pdf-id 836, low count 92
VLOG[1] (build-tree[5.5.907~1-cbed4]:main():build-tree.cc:143) For pdf-id 839, low count 33
VLOG[1] (build-tree[5.5.907~1-cbed4]:main():build-tree.cc:143) For pdf-id 844, low count 71
VLOG[1] (build-tree[5.5.907~1-cbed4]:main():build-tree.cc:143) For pdf-id 856, low count 86
VLOG[1] (build-tree[5.5.907~1-cbed4]:main():build-tree.cc:143) For pdf-id 862, low count 57
VLOG[1] (build-tree[5.5.907~1-cbed4]:main():build-tree.cc:143) For pdf-id 865, low count 73
VLOG[1] (build-tree[5.5.907~1-cbed4]:main():build-tree.cc:143) For pdf-id 877, low count 80
VLOG[1] (build-tree[5.5.907~1-cbed4]:main():build-tree.cc:143) For pdf-id 888, low count 91
VLOG[1] (build-tree[5.5.907~1-cbed4]:main():build-tree.cc:143) For pdf-id 895, low count 94
VLOG[1] (build-tree[5.5.907~1-cbed4]:main():build-tree.cc:143) For pdf-id 902, low count 31
VLOG[1] (build-tree[5.5.907~1-cbed4]:main():build-tree.cc:143) For pdf-id 908, low count 77
VLOG[1] (build-tree[5.5.907~1-cbed4]:main():build-tree.cc:143) For pdf-id 911, low count 71
VLOG[1] (build-tree[5.5.907~1-cbed4]:main():build-tree.cc:143) For pdf-id 916, low count 92
VLOG[1] (build-tree[5.5.907~1-cbed4]:main():build-tree.cc:143) For pdf-id 920, low count 86
VLOG[1] (build-tree[5.5.907~1-cbed4]:main():build-tree.cc:143) For pdf-id 925, low count 53
VLOG[1] (build-tree[5.5.907~1-cbed4]:main():build-tree.cc:143) For pdf-id 935, low count 89
VLOG[1] (build-tree[5.5.907~1-cbed4]:main():build-tree.cc:143) For pdf-id 953, low count 89
VLOG[1] (build-tree[5.5.907~1-cbed4]:main():build-tree.cc:143) For pdf-id 954, low count 94
VLOG[1] (build-tree[5.5.907~1-cbed4]:main():build-tree.cc:143) For pdf-id 957, low count 82
VLOG[1] (build-tree[5.5.907~1-cbed4]:main():build-tree.cc:143) For pdf-id 959, low count 51
VLOG[1] (build-tree[5.5.907~1-cbed4]:main():build-tree.cc:143) For pdf-id 968, low count 92
VLOG[1] (build-tree[5.5.907~1-cbed4]:main():build-tree.cc:143) For pdf-id 972, low count 72
VLOG[1] (build-tree[5.5.907~1-cbed4]:main():build-tree.cc:143) For pdf-id 973, low count 74
VLOG[1] (build-tree[5.5.907~1-cbed4]:main():build-tree.cc:143) For pdf-id 982, low count 50
VLOG[1] (build-tree[5.5.907~1-cbed4]:main():build-tree.cc:143) For pdf-id 991, low count 33
VLOG[1] (build-tree[5.5.907~1-cbed4]:main():build-tree.cc:143) For pdf-id 1019, low count 89
VLOG[1] (build-tree[5.5.907~1-cbed4]:main():build-tree.cc:143) For pdf-id 1024, low count 31
VLOG[1] (build-tree[5.5.907~1-cbed4]:main():build-tree.cc:143) For pdf-id 1034, low count 99
VLOG[1] (build-tree[5.5.907~1-cbed4]:main():build-tree.cc:143) For pdf-id 1053, low count 75
VLOG[1] (build-tree[5.5.907~1-cbed4]:main():build-tree.cc:143) For pdf-id 1062, low count 35
VLOG[1] (build-tree[5.5.907~1-cbed4]:main():build-tree.cc:143) For pdf-id 1064, low count 19
VLOG[1] (build-tree[5.5.907~1-cbed4]:main():build-tree.cc:143) For pdf-id 1089, low count 72
VLOG[1] (build-tree[5.5.907~1-cbed4]:main():build-tree.cc:143) For pdf-id 1112, low count 13
VLOG[1] (build-tree[5.5.907~1-cbed4]:main():build-tree.cc:143) For pdf-id 1128, low count 78
VLOG[1] (build-tree[5.5.907~1-cbed4]:main():build-tree.cc:143) For pdf-id 1141, low count 74
VLOG[1] (build-tree[5.5.907~1-cbed4]:main():build-tree.cc:143) For pdf-id 1142, low count 35
VLOG[1] (build-tree[5.5.907~1-cbed4]:main():build-tree.cc:143) For pdf-id 1156, low count 61
VLOG[1] (build-tree[5.5.907~1-cbed4]:main():build-tree.cc:143) For pdf-id 1160, low count 22
VLOG[1] (build-tree[5.5.907~1-cbed4]:main():build-tree.cc:143) For pdf-id 1176, low count 35
VLOG[1] (build-tree[5.5.907~1-cbed4]:main():build-tree.cc:143) For pdf-id 1184, low count 61
VLOG[1] (build-tree[5.5.907~1-cbed4]:main():build-tree.cc:143) For pdf-id 1185, low count 62
VLOG[1] (build-tree[5.5.907~1-cbed4]:main():build-tree.cc:143) For pdf-id 1187, low count 59
VLOG[1] (build-tree[5.5.907~1-cbed4]:main():build-tree.cc:143) For pdf-id 1188, low count 49
VLOG[1] (build-tree[5.5.907~1-cbed4]:main():build-tree.cc:143) For pdf-id 1199, low count 47
VLOG[1] (build-tree[5.5.907~1-cbed4]:main():build-tree.cc:143) For pdf-id 1210, low count 73
VLOG[1] (build-tree[5.5.907~1-cbed4]:main():build-tree.cc:143) For pdf-id 1236, low count 50
VLOG[1] (build-tree[5.5.907~1-cbed4]:main():build-tree.cc:143) For pdf-id 1246, low count 57
VLOG[1] (build-tree[5.5.907~1-cbed4]:main():build-tree.cc:143) For pdf-id 1304, low count 96
VLOG[1] (build-tree[5.5.907~1-cbed4]:main():build-tree.cc:143) For pdf-id 1332, low count 82
VLOG[1] (build-tree[5.5.907~1-cbed4]:main():build-tree.cc:143) For pdf-id 1344, low count 94
VLOG[1] (build-tree[5.5.907~1-cbed4]:main():build-tree.cc:143) For pdf-id 1381, low count 34
VLOG[1] (build-tree[5.5.907~1-cbed4]:main():build-tree.cc:143) For pdf-id 1394, low count 74
VLOG[1] (build-tree[5.5.907~1-cbed4]:main():build-tree.cc:143) For pdf-id 1421, low count 28
VLOG[1] (build-tree[5.5.907~1-cbed4]:main():build-tree.cc:143) For pdf-id 1433, low count 85
VLOG[1] (build-tree[5.5.907~1-cbed4]:main():build-tree.cc:143) For pdf-id 1435, low count 25
VLOG[1] (build-tree[5.5.907~1-cbed4]:main():build-tree.cc:143) For pdf-id 1436, low count 71
VLOG[1] (build-tree[5.5.907~1-cbed4]:main():build-tree.cc:143) For pdf-id 1447, low count 87
VLOG[1] (build-tree[5.5.907~1-cbed4]:main():build-tree.cc:143) For pdf-id 1456, low count 71
VLOG[1] (build-tree[5.5.907~1-cbed4]:main():build-tree.cc:143) For pdf-id 1468, low count 84
VLOG[1] (build-tree[5.5.907~1-cbed4]:main():build-tree.cc:143) For pdf-id 1474, low count 58
VLOG[1] (build-tree[5.5.907~1-cbed4]:main():build-tree.cc:143) For pdf-id 1480, low count 75
VLOG[1] (build-tree[5.5.907~1-cbed4]:main():build-tree.cc:143) For pdf-id 1487, low count 44
VLOG[1] (build-tree[5.5.907~1-cbed4]:main():build-tree.cc:143) For pdf-id 1490, low count 87
VLOG[1] (build-tree[5.5.907~1-cbed4]:main():build-tree.cc:143) For pdf-id 1491, low count 68
WARNING (build-tree[5.5.907~1-cbed4]:main():build-tree.cc:185) Saw no stats for following phones: 2 3 4 5 6 7 8 9 10 14 19 22 26 28 30 31 39 42 43 45 46 50 52 54 58 62 66 70 74 78 82 86 90 94 98 100 102 107 110 112 114 118 122 126 130 134 135 138 139 140 142 146 147 148 150 158 159 162 166 168 170 174 178 179 182 183 186 190 194 198 202 206 210 214 218 222 226 227 230 234 238 240 242 246 250 
LOG (build-tree[5.5.907~1-cbed4]:main():build-tree.cc:189) Wrote tree
# Accounting: time=9 threads=1
# Ended (code 0) at Wed Apr 21 10:41:59 PKT 2021, elapsed time 9 seconds
