# lattice-scale --inv-acoustic-scale=7 "ark:gunzip -c exp/tri4/decode.si/lat.*.gz|" ark:- | lattice-add-penalty --word-ins-penalty=1.0 ark:- ark:- | lattice-best-path --word-symbol-table=exp/tri4/graph/words.txt ark:- ark,t:- | utils/int2sym.pl -f 2- exp/tri4/graph/words.txt | cat > exp/tri4/decode.si/scoring_kaldi/penalty_1.0/7.txt 
# Started at Wed Apr 21 10:36:40 PKT 2021
#
lattice-add-penalty --word-ins-penalty=1.0 ark:- ark:- 
lattice-scale --inv-acoustic-scale=7 'ark:gunzip -c exp/tri4/decode.si/lat.*.gz|' ark:- 
lattice-best-path --word-symbol-table=exp/tri4/graph/words.txt ark:- ark,t:- 
LOG (lattice-best-path[5.5.907~1-cbed4]:main():lattice-best-path.cc:99) For utterance 20030004_601, best cost 314.047 + 6031.94 = 6345.99 over 804 frames.
20030004_601 نو بُدھی یہاں تک پہنچ ای کے دوا کے کے دیش و میں تھر عید ہنگری خلل ای کی درہم بھول کے پڑ آؤ کو اب بھول کر نیلم گی 
LOG (lattice-best-path[5.5.907~1-cbed4]:main():lattice-best-path.cc:99) For utterance 20030004_602, best cost 359.799 + 7694.64 = 8054.44 over 1000 frames.
20030004_602 دل جو با کو آئیوڈین کے نرخوں اور کی لے پر رکھے ہوے آڑ ڈھائی کے لو بن اب شیرے آلود چار کے با و علی اسجد کرنے کی شرکت سے آڑ زود ہے 
LOG (lattice-best-path[5.5.907~1-cbed4]:main():lattice-best-path.cc:99) For utterance 20030004_603, best cost 289.456 + 5870.33 = 6159.79 over 782 frames.
20030004_603 شاہ مس شو گروں اور ایں نزلے کی بڑا اس کی گدے عمل پر اٹھا آپ تو تک کبیر نیم بےقصور پر کر رم میں جھاگ کر کیا 
LOG (lattice-best-path[5.5.907~1-cbed4]:main():lattice-best-path.cc:99) For utterance 20030004_604, best cost 231.322 + 4923.2 = 5154.52 over 638 frames.
20030004_604 سدھ یہ نے نا اہل ای کے داخلوں کے کر برڈ بڑی تو کا عرس سوچا ہیڈ کے اوس کے نقرس دکھائیں ہیں 
LOG (lattice-best-path[5.5.907~1-cbed4]:main():lattice-best-path.cc:99) For utterance 20030004_605, best cost 157.808 + 3746.9 = 3904.71 over 506 frames.
20030004_605 سول جل شو پر جھمکے پیش اے میں گولڈ پیر کر داخل دیتا ہے 
LOG (lattice-best-path[5.5.907~1-cbed4]:main():lattice-best-path.cc:99) For utterance 20030004_606, best cost 195.865 + 4210.52 = 4406.38 over 554 frames.
20030004_606 نبی نے کے دن آپ میں بلوں بدھ سے کی اس نبی و کے تنفس کی بڑی وزیر رتھ ہے 
LOG (lattice-best-path[5.5.907~1-cbed4]:main():lattice-best-path.cc:99) For utterance 20030004_607, best cost 143.923 + 3167.24 = 3311.16 over 428 frames.
20030004_607 اب سے بھی ایک کی اور عفت کی زور باندھ گھمبیر نہ بنائی جائے 
LOG (lattice-best-path[5.5.907~1-cbed4]:main():lattice-best-path.cc:99) For utterance 20030004_608, best cost 188.63 + 4485.19 = 4673.82 over 578 frames.
20030004_608 خود پہ کے بورڈ ڈیمو اور کو خرچ کار ڈام جو جانے کی دھل چھم تو ہو گی 
LOG (lattice-best-path[5.5.907~1-cbed4]:main():lattice-best-path.cc:99) For utterance 20030004_609, best cost 261.737 + 5657.62 = 5919.35 over 746 frames.
20030004_609 علاج شل میں محلوں نے عید بار مگر مارچ میں اس سول اے نکالیں اور فی سوکھ کے جو رکھ کا تصحیح یا کیا 
LOG (lattice-best-path[5.5.907~1-cbed4]:main():lattice-best-path.cc:99) For utterance 20030004_610, best cost 223.03 + 5486.48 = 5709.51 over 740 frames.
20030004_610 مماثل اہل لے تشہیر کا بیگج کی کم ان بے ڈام عید چڑھ کی طرف زیور دیے فیس عام ہے 
LOG (lattice-best-path[5.5.907~1-cbed4]:main():lattice-best-path.cc:99) For utterance 20030004_611, best cost 224.902 + 5077.74 = 5302.64 over 699 frames.
20030004_611 کھو سے پہنے میں گا آف اوس جڑ نے سے کے دب آؤ کو گڑگڑا حد کی بوجھ کے ساتھ چھ لے 
LOG (lattice-best-path[5.5.907~1-cbed4]:main():lattice-best-path.cc:99) For utterance 20030004_612, best cost 236.607 + 5777.84 = 6014.44 over 740 frames.
20030004_612 تبدیلی و کی لخت زچ ٹرین انار بھورا رہے چلا شب کو تو عفو اؤٹ کی لینگویج کا خاں خام ہے 
LOG (lattice-best-path[5.5.907~1-cbed4]:main():lattice-best-path.cc:99) For utterance 20030004_613, best cost 143.836 + 4040.76 = 4184.59 over 534 frames.
20030004_613 علم کو لا حق بوگس کوڈ جرنیل کو روشنی نے البتہ کہا 
LOG (lattice-best-path[5.5.907~1-cbed4]:main():lattice-best-path.cc:99) For utterance 20030004_614, best cost 166.917 + 4113.93 = 4280.85 over 547 frames.
20030004_614 گود دو فعال نے شے شو کے کرائی و کے ساتھ سمجھیں بغیر سمجھو کا کیا 
LOG (lattice-best-path[5.5.907~1-cbed4]:main():lattice-best-path.cc:99) For utterance 20030004_615, best cost 271.372 + 7267.74 = 7539.11 over 941 frames.
20030004_615 ہدایت کا شہزادی نے علی جور موئسچرائزنگ اس گوبر لوث کرتے ہوئے ایک جوبلی خان ڈام کی تجوریاں بھی گوہر ہیڈ بڑھا یا 
LOG (lattice-best-path[5.5.907~1-cbed4]:main():lattice-best-path.cc:99) For utterance 20030004_616, best cost 313.882 + 6795.79 = 7109.67 over 890 frames.
20030004_616 تاجروں ویب وارڈ ہیڈ نے اس افغان پور وی ان کو فروغ مزاج کر کیسی درخت اس اب وفد کی ماہ فٹ کا ہر کا ایف تیار کیا 
LOG (lattice-best-path[5.5.907~1-cbed4]:main():lattice-best-path.cc:99) For utterance 20030004_617, best cost 213.189 + 4197.69 = 4410.88 over 569 frames.
20030004_617 کھل بے پر پڑے سوکھ کے کچھ و میں کی لو کو ہو لیتا دیکھ کر فعل داغ بس نے لگا 
LOG (lattice-best-path[5.5.907~1-cbed4]:main():lattice-best-path.cc:99) For utterance 20030004_618, best cost 230.93 + 6037.9 = 6268.83 over 792 frames.
20030004_618 فارم ٹینک اب ریچھ سے روشناس موعود شو والے اکھنڈ ساگر میں کر نیو کے بعد دے جیز اطلاعات کیا ہے 
LOG (lattice-best-path[5.5.907~1-cbed4]:main():lattice-best-path.cc:99) For utterance 20030004_619, best cost 164.069 + 3878.11 = 4042.17 over 524 frames.
20030004_619 ترمذی پی تشبیہ خواہ آٹھ مطالبے آن کرنے کا جو بری نتھی جا ہے 
LOG (lattice-best-path[5.5.907~1-cbed4]:main():lattice-best-path.cc:99) For utterance 20030004_620, best cost 264.347 + 5280.71 = 5545.06 over 688 frames.
20030004_620 چیل ماں نے پَلوں کے ہولوں کو گڑھ ہو میں سموئے یا اور کی ڈیمو کوڑھ اوپر پور زور شعاع ہوں کی تیار یاں کی 
LOG (lattice-best-path[5.5.907~1-cbed4]:main():lattice-best-path.cc:99) For utterance 20030004_621, best cost 273.924 + 6153.98 = 6427.9 over 757 frames.
20030004_621 معجل رتھ ریلی سال شے نے اؤٹ کر سوچ ان کے عوام بیگ میں سے نوبل سکورز چاقو پی نواز نے میں پہلے ایک کی 
LOG (lattice-best-path[5.5.907~1-cbed4]:main():lattice-best-path.cc:99) For utterance 20030004_622, best cost 194.24 + 4841.42 = 5035.66 over 634 frames.
20030004_622 کو چیف کڑوے میرا اور گدے لے کر لے کر جلو عمر رسیدہ بیڑے پالمر میں سے گزری 
LOG (lattice-best-path[5.5.907~1-cbed4]:main():lattice-best-path.cc:99) For utterance 20030004_623, best cost 165.021 + 3768.64 = 3933.66 over 510 frames.
20030004_623 بیٹھ طرفین کر رو ہونا آف آ سوکھ برس کا محور کا نشانہ لے گیا 
LOG (lattice-best-path[5.5.907~1-cbed4]:main():lattice-best-path.cc:99) For utterance 20030004_624, best cost 255.57 + 6035.88 = 6291.44 over 768 frames.
20030004_624 ماؤف اثر کے نعوذ کو میں گیس ٹرین اور فورس پور از والا فوم بخود عود کے انجکشن کیلئے مہم ارشد بھول تھا 
LOG (lattice-best-path[5.5.907~1-cbed4]:main():lattice-best-path.cc:99) For utterance 20030004_625, best cost 230.204 + 5082.13 = 5312.34 over 717 frames.
20030004_625 نڈر رنز آ اگر پیر یا کی قادری قدرے دیکھ کر پگڑی سی ورک کے منگوا آپ کے ایک کھو گیا 
LOG (lattice-best-path[5.5.907~1-cbed4]:main():lattice-best-path.cc:99) For utterance 20030004_626, best cost 137.909 + 3425.55 = 3563.46 over 463 frames.
20030004_626 لیب پہنچنے کو ملی کیا تک دھل گھی ارب آڑ سمجھا 
LOG (lattice-best-path[5.5.907~1-cbed4]:main():lattice-best-path.cc:99) For utterance 20030004_627, best cost 194.283 + 4635.67 = 4829.95 over 610 frames.
20030004_627 فروغ کا خیر رول عمل کے نخوت کے اعلان یہ سے بڑھا کو تو فوم میں لکھا ربیعہ 
LOG (lattice-best-path[5.5.907~1-cbed4]:main():lattice-best-path.cc:99) For utterance 20030004_628, best cost 217.701 + 5145.46 = 5363.16 over 710 frames.
20030004_628 لو بدھ کی تک میلہ آنے کیلئے بیٹھ ریڈ ٹریبیونل میں فن نور کی خوشی یاں مغفور دکھ تھیں 
LOG (lattice-best-path[5.5.907~1-cbed4]:main():lattice-best-path.cc:99) For utterance 20030004_629, best cost 242.101 + 5844.07 = 6086.17 over 773 frames.
20030004_629 شیڈ ٹریلر کے کوش فارغ کے وافر میں فیڈر اب بس رول انیق نے موقعوں کا ہے سگے چَھپ کروا یا 
LOG (lattice-best-path[5.5.907~1-cbed4]:main():lattice-best-path.cc:99) For utterance 20030004_630, best cost 213.04 + 4859.2 = 5072.24 over 661 frames.
20030004_630 آئی ان قیصر نے نے شے کے اشجار میں آکر بیچے ماہ دے تو چھانٹ سے خام دکھ کر گیا 
LOG (lattice-best-path[5.5.907~1-cbed4]:main():lattice-best-path.cc:99) For utterance 20030004_631, best cost 289.38 + 6405.34 = 6694.72 over 905 frames.
20030004_631 سی کی اس چیف کو لینڈ ڈاٹ برڈ نے وقف آگ کیلئے ایک فیڈرل اور فرض بیچے تو غوث نے کو سے موڑ کر چھائی لے دکھائی 
LOG (lattice-best-path[5.5.907~1-cbed4]:main():lattice-best-path.cc:99) For utterance 20030004_632, best cost 242.778 + 6371.12 = 6613.89 over 874 frames.
20030004_632 حاضری سے ایرانی کہا کے رول یہ کے حجت چھوڑ و اور بیڑیاں بھجوا کر فجور اور رسولی چھولے بغیر بیٹھ ہے 
LOG (lattice-best-path[5.5.907~1-cbed4]:main():lattice-best-path.cc:99) For utterance 20030004_633, best cost 257.718 + 6325.36 = 6583.08 over 822 frames.
20030004_633 حیرت فرینڈ ان کے بگاڑنے تخیّل کیلئے منیب فرینڈ ٹینک اور فی سوں کی کو واضح حسین سے بلند کے لیے دی جی گے 
LOG (lattice-best-path[5.5.907~1-cbed4]:main():lattice-best-path.cc:99) For utterance 20030004_634, best cost 229.026 + 4923.46 = 5152.48 over 680 frames.
20030004_634 کو لے شل جج جس چیک شنید کی اس تھانہ کیلئے رو غنی نے آدھ کے نکل فرینڈ کر کے لائیں 
LOG (lattice-best-path[5.5.907~1-cbed4]:main():lattice-best-path.cc:99) For utterance 20030004_635, best cost 221.021 + 5252.33 = 5473.36 over 684 frames.
20030004_635 خاص میرٹ کو چنگ کی علم خواہ اور میں بیٹھی اور اگلے مانگ بطخوں یاں سعید سے سنو آ کریں 
LOG (lattice-best-path[5.5.907~1-cbed4]:main():lattice-best-path.cc:99) For utterance 20030004_636, best cost 202.129 + 4894.32 = 5096.45 over 677 frames.
20030004_636 کم آمدورفت خشوع نقش کی جوبلی اس شاہ ہونے سے زود جا کا کا تو ہم کا افورڈ ہو 
LOG (lattice-best-path[5.5.907~1-cbed4]:main():lattice-best-path.cc:99) For utterance 20030004_637, best cost 225.492 + 4576.55 = 4802.04 over 652 frames.
20030004_637 اب خوان کے اس تم آدمی پہنچ کر رنگ گی لا موعود ای کی ہر در سے موڈ بھیڑوں ہوئی 
LOG (lattice-best-path[5.5.907~1-cbed4]:main():lattice-best-path.cc:99) For utterance 20030004_638, best cost 229.623 + 5581.24 = 5810.86 over 709 frames.
20030004_638 کام جو گوجر کی شیل ڈور ڈرائینگ میں کوئی صورت جور کوٹھڑی کو کھڑے کی کے بلا آف سے جج چیل 
LOG (lattice-best-path[5.5.907~1-cbed4]:main():lattice-best-path.cc:99) For utterance 20030004_639, best cost 229.567 + 5648.03 = 5877.59 over 768 frames.
20030004_639 ٹریفک کے دفتر کی بکھیر جلسے تجویز کر صفیں نہ گود کی ضعف اور تک ساز سے تک گود سب کی 
LOG (lattice-best-path[5.5.907~1-cbed4]:main():lattice-best-path.cc:99) For utterance 20030004_640, best cost 233.282 + 5826.5 = 6059.79 over 768 frames.
20030004_640 چوکھٹ کے نیو مون پر بیٹھی کیا رہیں سفید نے پیسنے کونسل کے شاہ والا کا کا چوری کوچ لگا یا 
LOG (lattice-best-path[5.5.907~1-cbed4]:main():lattice-best-path.cc:99) For utterance 20030004_641, best cost 195.573 + 4463.49 = 4659.07 over 601 frames.
20030004_641 و والو آرتھو اور بڑی شب و کو کی آتشیں بعد سے دکھ لا کر بیلٹ سے کی دیں 
LOG (lattice-best-path[5.5.907~1-cbed4]:main():lattice-best-path.cc:99) For utterance 20030004_642, best cost 183 + 4297.67 = 4480.67 over 588 frames.
20030004_642 حریفوں کی فٹ فی میچ اے سیکھیں یہ تو درس جس سے نفوذ کی ہوا روٹھیں 
LOG (lattice-best-path[5.5.907~1-cbed4]:main():lattice-best-path.cc:99) For utterance 20030004_643, best cost 225.358 + 4702.94 = 4928.29 over 626 frames.
20030004_643 تفاوت سن آ فلو پڑھنے موقف آف ہجر سے نہ ہائے اور دو غلیل لاکھ سے زاید طرحی ڈال ہے 
LOG (lattice-best-path[5.5.907~1-cbed4]:main():lattice-best-path.cc:99) For utterance 20030004_644, best cost 243.7 + 5922.8 = 6166.5 over 753 frames.
20030004_644 ہجے علی میں ترچھی ایک میں ڈور کرو آیئں اور سیاح برابر چھٹی کیسی لوں بار سکتے نے دب آپ پھیریں 
LOG (lattice-best-path[5.5.907~1-cbed4]:main():lattice-best-path.cc:99) For utterance 20030004_645, best cost 186.332 + 5192.96 = 5379.3 over 687 frames.
20030004_645 نڈر ویلوٹ کے اس میں دو سخت کے سائیڈ حضور مس پر کرنے کی کاشف لے ہیں 
LOG (lattice-best-path[5.5.907~1-cbed4]:main():lattice-best-path.cc:99) For utterance 20030004_646, best cost 193.784 + 5043.57 = 5237.36 over 664 frames.
20030004_646 سعودی نہ پن جوس نے اور جگ نے کے بات لاؤ براں نے بڑا ریڈ ڈالنے آئی 
LOG (lattice-best-path[5.5.907~1-cbed4]:main():lattice-best-path.cc:99) For utterance 20030004_647, best cost 157.224 + 3416.51 = 3573.74 over 439 frames.
20030004_647 وارڈ سب کر کے غنا ظہیر ہوم دھونی چور کر دو رو پر آئے 
LOG (lattice-best-path[5.5.907~1-cbed4]:main():lattice-best-path.cc:99) For utterance 20030004_648, best cost 151.917 + 3933.68 = 4085.6 over 531 frames.
20030004_648 میلے میں دو دیا چھاؤں آج طرح آ خرچ ایک کیلئے کروا تھا 
LOG (lattice-best-path[5.5.907~1-cbed4]:main():lattice-best-path.cc:99) For utterance 20030004_649, best cost 179.885 + 4364.43 = 4544.32 over 582 frames.
20030004_649 ہو کو کو کن بیگز کر کے بیٹھ نے کے بات کا بام کن ای طلب آئیے 
LOG (lattice-best-path[5.5.907~1-cbed4]:main():lattice-best-path.cc:99) For utterance 20030004_650, best cost 232.555 + 5210.19 = 5442.74 over 690 frames.
20030004_650 ہجر ایک اعتراف دین کی سی رتھ فورس عالمی یہ دین کی ندوی اہلیہ کے دائِیں اس داغ خیز آ ہے 
LOG (lattice-best-path[5.5.907~1-cbed4]:main():lattice-best-path.cc:99) For utterance 20030004_651, best cost 196.489 + 4889.41 = 5085.9 over 679 frames.
20030004_651 کو ایئر کوکھ بیلٹ مین میچ و کی کھوکھلے ایقان دے اور نے سے پھیلیں سونگ پی تھی 
LOG (lattice-best-path[5.5.907~1-cbed4]:main():lattice-best-path.cc:99) For utterance 20030004_652, best cost 253.347 + 5712.77 = 5966.12 over 801 frames.
20030004_652 ہیڈ لولی ان کی جی لے تھام گئی ہی اور لولی کوڈ کے نو لا میں کا گو ٹھیس گوہ تک پہنچ ای 
LOG (lattice-best-path[5.5.907~1-cbed4]:main():lattice-best-path.cc:99) For utterance 20030004_653, best cost 214.223 + 5059.19 = 5273.42 over 694 frames.
20030004_653 لو ایئر براں آڑ ڈیسک آ سی سن دھل کر زیور کی ہی جدید لائی تک روز ہوا 
LOG (lattice-best-path[5.5.907~1-cbed4]:main():lattice-best-path.cc:99) For utterance 20030004_654, best cost 217.464 + 5286.09 = 5503.56 over 694 frames.
20030004_654 کر دی اور دیش ہاؤس اس کی یہ شیعہ جوئیں کو اور ان سیفٹی اور اس کے میں داغنے سود رہیں 
LOG (lattice-best-path[5.5.907~1-cbed4]:main():lattice-best-path.cc:99) For utterance 20030004_655, best cost 134.365 + 3551.06 = 3685.43 over 493 frames.
20030004_655 نام بخشش کیے چھائی گوڈی لیب بو جانے کا ایشز ہے 
LOG (lattice-best-path[5.5.907~1-cbed4]:main():lattice-best-path.cc:99) For utterance 20030004_656, best cost 203.21 + 5446.65 = 5649.86 over 744 frames.
20030004_656 بے اسے سمجھی ایئر و بیگم وزیر ایونٹ جائیں اور سوویں موجب آ رم بھید حبس کریں 
LOG (lattice-best-path[5.5.907~1-cbed4]:main():lattice-best-path.cc:99) For utterance 20030004_657, best cost 155.779 + 3961.83 = 4117.61 over 545 frames.
20030004_657 خام ہول آف پن سے اندھے کے فٹ کردار کی حد سے مدفن نہیں 
LOG (lattice-best-path[5.5.907~1-cbed4]:main():lattice-best-path.cc:99) For utterance 20030004_658, best cost 157.302 + 4081.66 = 4238.97 over 505 frames.
20030004_658 لینڈ وارڈ کا میں واں لوہے اس فعل عجیب آج سیف ہزار ہوم 
LOG (lattice-best-path[5.5.907~1-cbed4]:main():lattice-best-path.cc:99) For utterance 20030004_659, best cost 232.669 + 5743.34 = 5976.01 over 796 frames.
20030004_659 مرغی گود کر بچائیں اور کوڑھ ای کا ایک تک خام پور و قوس کے بات بوئے یا کر سوویں 
LOG (lattice-best-path[5.5.907~1-cbed4]:main():lattice-best-path.cc:99) For utterance 20030004_660, best cost 115.461 + 3111.21 = 3226.67 over 406 frames.
20030004_660 ہوے باران کے بقایا قے ضلع میں نہیں گھس نہ 
LOG (lattice-best-path[5.5.907~1-cbed4]:main():lattice-best-path.cc:99) For utterance 20030004_661, best cost 137.497 + 3725.93 = 3863.42 over 513 frames.
20030004_661 کا صفحے نے کیلئے بیچوں پر ہم ارکان داغدار راہو دبائے 
LOG (lattice-best-path[5.5.907~1-cbed4]:main():lattice-best-path.cc:99) For utterance 20030004_662, best cost 192.036 + 4012.78 = 4204.82 over 549 frames.
20030004_662 کر دن چون کو کی آن کی یاں چلیں تو سے یا رو کی تشبیہ ہی بگڑ ای 
LOG (lattice-best-path[5.5.907~1-cbed4]:main():lattice-best-path.cc:99) For utterance 20030004_663, best cost 241.428 + 4887.6 = 5129.03 over 658 frames.
20030004_663 پی رونے جہاں چاہے مگ کا غم گو کی یا سال کیں تو دین دے کی تنگ ہی اس وقف کو ہوئی 
LOG (lattice-best-path[5.5.907~1-cbed4]:main():lattice-best-path.cc:99) For utterance 20030004_664, best cost 268.036 + 5558.44 = 5826.48 over 744 frames.
20030004_664 فرماں صیاد اے کے بارے اعظم میں تعین نادر گورے لے پن از زور ہوا تو ایئر چیک گروں بیک پڑے ہو گئے 
LOG (lattice-best-path[5.5.907~1-cbed4]:main():lattice-best-path.cc:99) For utterance 20030004_665, best cost 198.123 + 4352.04 = 4550.16 over 587 frames.
20030004_665 فیض نے خسارے راجے سے سے بھرٹ چھین ای تو وقف حد شعبوں گھرے پور آ 
LOG (lattice-best-path[5.5.907~1-cbed4]:main():lattice-best-path.cc:99) For utterance 20030004_666, best cost 158.72 + 3698.66 = 3857.38 over 480 frames.
20030004_666 بوم سے ہوے اگرچہ علم پر آ کا کا طرف زدہ خیر سندھو لیے 
LOG (lattice-best-path[5.5.907~1-cbed4]:main():lattice-best-path.cc:99) For utterance 20030004_667, best cost 150.276 + 4071.04 = 4221.31 over 558 frames.
20030004_667 پہلی ڈھیلے کے داڑھی سے چند بے ہو سے کے گگلی بھون سنبھلی 
LOG (lattice-best-path[5.5.907~1-cbed4]:main():lattice-best-path.cc:99) For utterance 20030004_668, best cost 242.939 + 5712.74 = 5955.68 over 777 frames.
20030004_668 ساری فلو اور وے اب کے پر لڑیں میں کو بنے والا چند کا بچھڑا آ بیعانہ بلین سے جال نکل لا 
LOG (lattice-best-path[5.5.907~1-cbed4]:main():lattice-best-path.cc:99) For utterance 20030004_669, best cost 169.823 + 3953.18 = 4123 over 543 frames.
20030004_669 فارغ خاص ان نو فلم بورڈ نے یوں زلزلے لیے ریزرو روڈ نہیں کیا 
LOG (lattice-best-path[5.5.907~1-cbed4]:main():lattice-best-path.cc:99) For utterance 20030004_670, best cost 182.33 + 3772.16 = 3954.49 over 512 frames.
20030004_670 روز اے کاکلیں یہ شاہ مے ایک فیس اڈوں گا خوف اوڑھ غوں کا طلب 
LOG (lattice-best-path[5.5.907~1-cbed4]:main():lattice-best-path.cc:99) For utterance 20030004_671, best cost 258.793 + 6232.74 = 6491.53 over 872 frames.
20030004_671 خبر شے سے پہلے اس و سال کی گڑیا نے کہا سوں فوریکس بغور کے صفوں عود چھولے نے دو اور جی یہ جاؤ 
LOG (lattice-best-path[5.5.907~1-cbed4]:main():lattice-best-path.cc:99) For utterance 20030004_672, best cost 180.723 + 4953.69 = 5134.41 over 652 frames.
20030004_672 انٹر نے ایلیٹ شور چلائی تو فارغ کانفرنس انور اور سب درجے کا پہلا ہے 
LOG (lattice-best-path[5.5.907~1-cbed4]:main():lattice-best-path.cc:99) For utterance 20030004_673, best cost 159.754 + 3848.37 = 4008.12 over 536 frames.
20030004_673 کرا ہی کے جا مبین وعدے ہوے چوزے نظر کے بے پر کھڑا اے 
LOG (lattice-best-path[5.5.907~1-cbed4]:main():lattice-best-path.cc:99) For utterance 20030004_674, best cost 202.898 + 5179.94 = 5382.84 over 656 frames.
20030004_674 نہ شو نے پَلوں میں پر <oov> خرچ آگ آنکھ کر ہم بار ہیلو ٹھوس نے کی کوشش کی 
LOG (lattice-best-path[5.5.907~1-cbed4]:main():lattice-best-path.cc:99) For utterance 20030004_675, best cost 171.479 + 3629.56 = 3801.04 over 501 frames.
20030004_675 آڑ زیور بری کے روپے پر سوچے اب تو داخل کا وہاں آؤ اڑا اے 
LOG (lattice-best-path[5.5.907~1-cbed4]:main():lattice-best-path.cc:99) For utterance 20030004_676, best cost 204.876 + 4921.08 = 5125.96 over 617 frames.
20030004_676 اپنے رہائش کی سے ایچ کا نتھی جا کھو ایک زوال نے عمل گز جھجھک بڑے پر رکھ دیں 
LOG (lattice-best-path[5.5.907~1-cbed4]:main():lattice-best-path.cc:99) For utterance 20030004_677, best cost 236.377 + 5832.14 = 6068.52 over 794 frames.
20030004_677 مسائل نے کی یا کی گگلی ہوئی مگر بعدازاں اوس ابو ہیرو گرداں نیم کو رویے ایک سے دب دھل گیا 
LOG (lattice-best-path[5.5.907~1-cbed4]:main():lattice-best-path.cc:99) For utterance 20030004_678, best cost 273.375 + 6675.04 = 6948.41 over 870 frames.
20030004_678 سن نہ فیس و آپ اپیلیں فیڈرل آؤ صرف والوں سے یہ چھڑا نے کے لیے ہیڈ روڈ جن فلیش سے مشق کے شیر کریں 
LOG (lattice-best-path[5.5.907~1-cbed4]:main():lattice-best-path.cc:99) For utterance 20030004_679, best cost 133.988 + 3811.7 = 3945.69 over 496 frames.
20030004_679 اوڑھے یورپی لیڈی پر چیڑھ دبایا تو سفر تیزی سے اچھی 
LOG (lattice-best-path[5.5.907~1-cbed4]:main():lattice-best-path.cc:99) For utterance 20030004_680, best cost 219.324 + 5715.39 = 5934.72 over 764 frames.
20030004_680 چولہے کالج اوڑھا بہن تلے ہوے بیٹھ و تو لائے وقف خواہ راہبر از نے میں پیداوار جاتا ہے 
LOG (lattice-best-path[5.5.907~1-cbed4]:main():lattice-best-path.cc:99) For utterance 20030004_681, best cost 235.935 + 5181.74 = 5417.68 over 688 frames.
20030004_681 بردار چل شل چھ ایشز کو کے ہر کے ڈھا رسولی تو ہولوں اونس پر بے چھ دھار پر سوئے آ 
LOG (lattice-best-path[5.5.907~1-cbed4]:main():lattice-best-path.cc:99) For utterance 20030004_682, best cost 210.917 + 4709.48 = 4920.39 over 656 frames.
20030004_682 بے ایفکٹ اور چھور والے کی لوٹ پر بھیج اڑیں کا ناشتہ جا کر باعث کے جو ہر معلوم کیے 
LOG (lattice-best-path[5.5.907~1-cbed4]:main():lattice-best-path.cc:99) For utterance 20030004_683, best cost 189.643 + 4513.74 = 4703.39 over 605 frames.
20030004_683 ریڈ سے ماہ عود کی چڑوں تک اینڈ ایم نے نیم رہ دی فیس سے نکل گئی 
LOG (lattice-best-path[5.5.907~1-cbed4]:main():lattice-best-path.cc:99) For utterance 20030004_684, best cost 198.029 + 5332.83 = 5530.86 over 758 frames.
20030004_684 میں پر وی فورم کو وعدے بسر کے قیوم میں میں لوں یا رحیل طلب تک خانگی 
LOG (lattice-best-path[5.5.907~1-cbed4]:main():lattice-best-path.cc:99) For utterance 20030004_685, best cost 158.458 + 3606.03 = 3764.49 over 489 frames.
20030004_685 جو فن لغو حوض کے بیچے بخشے کو سے کہا سے لا لنگر دھو 
LOG (lattice-best-path[5.5.907~1-cbed4]:main():lattice-best-path.cc:99) For utterance 20030004_686, best cost 198.935 + 4159.79 = 4358.72 over 543 frames.
20030004_686 صرف طبیعت کے صرف فعل ویب فیشن سے بنے یادیں مے سچ کا شو شاہ پوچھ و 
LOG (lattice-best-path[5.5.907~1-cbed4]:main():lattice-best-path.cc:99) For utterance 20030004_687, best cost 227.805 + 5969.26 = 6197.06 over 796 frames.
20030004_687 سوختہ کوئی اس کے بدسلوکی سے آنکھیں کھولنے تو باگ اب راسخ چیف مان کر تو جا مہجور کر والے 
LOG (lattice-best-path[5.5.907~1-cbed4]:main():lattice-best-path.cc:99) For utterance 20030004_688, best cost 270.73 + 6094.16 = 6364.89 over 831 frames.
20030004_688 ہر کے بلکہ چادر بیج خرچ آکر سنچری یاں گزارنے ان اور دیش کی کے بیٹھ میں نے حامل کے پراٹھا یہ داغ بےجا ہے 
LOG (lattice-best-path[5.5.907~1-cbed4]:main():lattice-best-path.cc:99) For utterance 20030004_689, best cost 231.766 + 4752.71 = 4984.48 over 645 frames.
20030004_689 بو جو دو بڑے جلسہ کی ڈار کیا جا نو جو گول بنائیں اور سوئس و فصلیں کو چل کر چھائی 
LOG (lattice-best-path[5.5.907~1-cbed4]:main():lattice-best-path.cc:99) For utterance 20030004_690, best cost 141.434 + 3090.1 = 3231.54 over 467 frames.
20030004_690 یہ غنی یاں نہ بڑھائیں کے شو لے کوچ ہوا نہیں جاتا 
LOG (lattice-best-path[5.5.907~1-cbed4]:main():lattice-best-path.cc:99) For utterance 20030004_691, best cost 197.976 + 5593.45 = 5791.43 over 808 frames.
20030004_691 کی سے کی دلجوئی کیلئے اپنا جیگوار دھو یا اور بہن سے ٹھونس آکر معین نادر ٹھونس دیئے 
LOG (lattice-best-path[5.5.907~1-cbed4]:main():lattice-best-path.cc:99) For utterance 20030004_692, best cost 222.842 + 4642.5 = 4865.34 over 657 frames.
20030004_692 بدھ خون ایثار نے کہا کے مے مس سیب ہو ساگر اے حد گاڑی کے بری کھاد اے دل ہیں 
LOG (lattice-best-path[5.5.907~1-cbed4]:main():lattice-best-path.cc:99) For utterance 20030004_693, best cost 161.967 + 4659.83 = 4821.8 over 673 frames.
20030004_693 میں نے حد کے جوئیہ سے کہا کے وقف قابل بنا کر لائے مگ دو 
LOG (lattice-best-path[5.5.907~1-cbed4]:main():lattice-best-path.cc:99) For utterance 20030004_694, best cost 236.674 + 4678.18 = 4914.85 over 604 frames.
20030004_694 طرح ان کاجو اڑا شے شیخ آیا کر صاحب کوکھ جج جیب اور کو سے ہی جا کو جو بن بنائیں 
LOG (lattice-best-path[5.5.907~1-cbed4]:main():lattice-best-path.cc:99) For utterance 20030004_695, best cost 194.796 + 4462.38 = 4657.18 over 606 frames.
20030004_695 کھو ای کے جانے کھچی جانے کو کیا رو اگر کھیل جھم تو پانی میں گھول جا ہیں 
LOG (lattice-scale[5.5.907~1-cbed4]:main():lattice-scale.cc:107) Done 108 lattices.
LOG (lattice-best-path[5.5.907~1-cbed4]:main():lattice-best-path.cc:99) For utterance 20030004_696, best cost 203.457 + 4564.45 = 4767.9 over 617 frames.
20030004_696 کے ایل شیل فورس ریڈ کیا میں سے کو بس مل مسوڑوں کے بنانے کیلئے کرا ہم کیا جائے گا 
LOG (lattice-best-path[5.5.907~1-cbed4]:main():lattice-best-path.cc:99) For utterance 20030004_697, best cost 155.04 + 3658.41 = 3813.45 over 492 frames.
20030004_697 بلوں اور کا عود سیف سول لینڈ دم کے ڈیزائنروں کرنے کا کام ہو گا 
LOG (lattice-best-path[5.5.907~1-cbed4]:main():lattice-best-path.cc:99) For utterance 20030004_698, best cost 167.537 + 3413.83 = 3581.37 over 474 frames.
20030004_698 بار واں منش ذادہ دور دین سے شفاعت بالغ اوس کر جائزہ لینے لگا 
LOG (lattice-best-path[5.5.907~1-cbed4]:main():lattice-best-path.cc:99) For utterance 20030004_699, best cost 229.404 + 4290.95 = 4520.35 over 596 frames.
20030004_699 نجات کے قیود ضعف کار کیچڑ ای میں وعدہ آئے کے اہل یا نیم ریوڑ میں دی کا مگ سوچ و 
LOG (lattice-best-path[5.5.907~1-cbed4]:main():lattice-best-path.cc:99) For utterance 20030004_700, best cost 176.167 + 3901.44 = 4077.61 over 540 frames.
20030004_700 بوجھ کو رفو کی تک کلیئر میں تغافل کی سوجھی چڈا کر بس سوکھ سخت ہو 
LOG (lattice-best-path[5.5.907~1-cbed4]:main():lattice-best-path.cc:99) For utterance 20030004_701, best cost 214.909 + 4625.97 = 4840.88 over 617 frames.
20030004_701 مضمون بام مان ہونا کو بسر کی تو ماتھا جی سے کے گروہ کر موضع سوا تو کو سمجھ آیا 
LOG (lattice-best-path[5.5.907~1-cbed4]:main():lattice-best-path.cc:99) For utterance 20030004_702, best cost 156.222 + 3499.24 = 3655.46 over 513 frames.
20030004_702 غیر فیصلہ آ قوت کی رول میں ہر ایک کو شاہ دو نادر بخشے 
LOG (lattice-add-penalty[5.5.907~1-cbed4]:main():lattice-add-penalty.cc:62) Done adding word insertion penalty to 108 lattices.
LOG (lattice-best-path[5.5.907~1-cbed4]:main():lattice-best-path.cc:99) For utterance 20030004_703, best cost 165.76 + 3505.23 = 3670.99 over 504 frames.
20030004_703 حیرت تھل سے تولید ای جیم کے پھر پڑھوں کا وہ بار ظاہر ہوتا ہے 
LOG (lattice-best-path[5.5.907~1-cbed4]:main():lattice-best-path.cc:99) For utterance 20030004_704, best cost 194.109 + 5230.7 = 5424.81 over 762 frames.
20030004_704 چغتائی ونگ سیکشن موعود آئین نہ عذاب یوں کے ایک انظباتی ہی لاؤ کا پراسیس ہے 
LOG (lattice-best-path[5.5.907~1-cbed4]:main():lattice-best-path.cc:99) For utterance 20030004_705, best cost 169.582 + 4136.69 = 4306.27 over 586 frames.
20030004_705 باجرہ گگن ماہ ایک روہی روسی چادر لاگت آ ٹھونس و سے بڑھ گئی 
LOG (lattice-best-path[5.5.907~1-cbed4]:main():lattice-best-path.cc:99) For utterance 20030004_706, best cost 130.671 + 2984.67 = 3115.34 over 434 frames.
20030004_706 بل سفید گیس کے آنکھ اے دکھی تم آدمی چون 
LOG (lattice-best-path[5.5.907~1-cbed4]:main():lattice-best-path.cc:99) For utterance 20030004_707, best cost 153.466 + 3180 = 3333.47 over 479 frames.
20030004_707 ماضی کو بلا یا ہے تو آگے بڑی یوں میں گناہوں میں نہ پڑھے 
LOG (lattice-best-path[5.5.907~1-cbed4]:main():lattice-best-path.cc:99) For utterance 20030004_708, best cost 175.192 + 4514.52 = 4689.71 over 653 frames.
20030004_708 جنگ جھرنے سے پہلے پر میں نے مجھے کچھ کا رسیدہ طریقہ اور مشق سمجھا اے 
LOG (lattice-best-path[5.5.907~1-cbed4]:main():lattice-best-path.cc:124) Overall cost per frame is 7.73524 = 0.317423 [graph] + 7.41782 [acoustic] over 70132 frames.
LOG (lattice-best-path[5.5.907~1-cbed4]:main():lattice-best-path.cc:128) Done 108 lattices, failed for 0
# Accounting: time=0 threads=1
# Ended (code 0) at Wed Apr 21 10:36:41 PKT 2021, elapsed time 0 seconds
