# lattice-scale --inv-acoustic-scale=11 "ark:gunzip -c exp/mono/decode/lat.*.gz|" ark:- | lattice-add-penalty --word-ins-penalty=0.0 ark:- ark:- | lattice-best-path --word-symbol-table=exp/mono/graph/words.txt ark:- ark,t:- | utils/int2sym.pl -f 2- exp/mono/graph/words.txt | cat > exp/mono/decode/scoring_kaldi/penalty_0.0/11.txt 
# Started at Wed Apr 21 06:42:54 PKT 2021
#
lattice-add-penalty --word-ins-penalty=0.0 ark:- ark:- 
lattice-scale --inv-acoustic-scale=11 'ark:gunzip -c exp/mono/decode/lat.*.gz|' ark:- 
lattice-best-path --word-symbol-table=exp/mono/graph/words.txt ark:- ark,t:- 
LOG (lattice-best-path[5.5.907~1-cbed4]:main():lattice-best-path.cc:99) For utterance 20030013_601, best cost 198.723 + 7274.99 = 7473.71 over 952 frames.
20030013_601 کو بقیہ تک فوجی کے کا کیلئے شو میں تھیلی گنگولی کو لیڈی ادھار امور جبڑوں کو قبول کریں 
LOG (lattice-best-path[5.5.907~1-cbed4]:main():lattice-best-path.cc:99) For utterance 20030013_602, best cost 231.268 + 9329.94 = 9561.21 over 1201 frames.
20030013_602 دل رباب کوآرڈینیٹر اور کیلئے پر کے ہوے پڑھائی کی لو خورشید آلود سے کے ہو کر انٹر نے کی شرکت سے آرزوئیں ہے 
LOG (lattice-best-path[5.5.907~1-cbed4]:main():lattice-best-path.cc:99) For utterance 20030013_603, best cost 198.366 + 6781.65 = 6980.01 over 875 frames.
20030013_603 شعار شمار اور نزلے کی بڑا سفیدے عمل پر اٹھا اتھارٹی نے کے کوسوں پر فارم نظام اور کیے 
LOG (lattice-best-path[5.5.907~1-cbed4]:main():lattice-best-path.cc:99) For utterance 20030013_604, best cost 161.518 + 6947.61 = 7109.12 over 920 frames.
20030013_604 سوجھی میں والی کی دعاؤں کی کر پر پڑی تو کا سے تو چاہتے بوسن اخروٹ تھا 
LOG (lattice-best-path[5.5.907~1-cbed4]:main():lattice-best-path.cc:99) For utterance 20030013_605, best cost 123.312 + 4589.37 = 4712.68 over 606 frames.
20030013_605 سول کر شبہ جنگ کے کے شیخ میں ہول کر داخل دیتا 
LOG (lattice-best-path[5.5.907~1-cbed4]:main():lattice-best-path.cc:99) For utterance 20030013_606, best cost 129.8 + 4936.41 = 5066.21 over 638 frames.
20030013_606 تزئین اعتماد میں بلوچ کیا صدیوں کے کا فورس کی بڑی فضل 
LOG (lattice-best-path[5.5.907~1-cbed4]:main():lattice-best-path.cc:99) For utterance 20030013_607, best cost 106.652 + 3412.68 = 3519.33 over 440 frames.
20030013_607 افضل یہ کی منفعت کی سب آمدنی بنا بنیں سے 
LOG (lattice-best-path[5.5.907~1-cbed4]:main():lattice-best-path.cc:99) For utterance 20030013_608, best cost 144.25 + 5943.32 = 6087.57 over 798 frames.
20030013_608 کو کے کے بولے مرغا کو فحش کر بانگ چُھپ جانے کیوں کندھوں ہو گی 
LOG (lattice-best-path[5.5.907~1-cbed4]:main():lattice-best-path.cc:99) For utterance 20030013_609, best cost 143.729 + 5066.81 = 5210.54 over 651 frames.
20030013_609 فلیش نامور میں برابر مجلس اور نکالیں اور کی سوئے چھوڑ کا رسیا دیا 
LOG (lattice-best-path[5.5.907~1-cbed4]:main():lattice-best-path.cc:99) For utterance 20030013_610, best cost 144.173 + 6117.87 = 6262.04 over 792 frames.
20030013_610 مصر اہل ایجنسیوں کرفیو کی کا منیجر میں سے کی طرح کے بوریت کے ساتھ ہے 
LOG (lattice-best-path[5.5.907~1-cbed4]:main():lattice-best-path.cc:99) For utterance 20030013_611, best cost 135.561 + 4485.44 = 4621 over 580 frames.
20030013_611 کو سے کرنے کے بعد اور کر نے کے کے باغوں کو برقرار کی بوم کے ساتھ کیلئے 
LOG (lattice-best-path[5.5.907~1-cbed4]:main():lattice-best-path.cc:99) For utterance 20030013_612, best cost 142.17 + 6261.54 = 6403.71 over 804 frames.
20030013_612 تبدیلی اور علاوہ سے سے نکالیں بھورا بھجوا سفر بخوبی انکشاف اور ہے 
LOG (lattice-best-path[5.5.907~1-cbed4]:main():lattice-best-path.cc:99) For utterance 20030013_613, best cost 90.2528 + 3211.96 = 3302.22 over 414 frames.
20030013_613 خیام بلا کوسوں جیگوار کی نے لیدر کہا 
LOG (lattice-best-path[5.5.907~1-cbed4]:main():lattice-best-path.cc:99) For utterance 20030013_614, best cost 119.809 + 4067.65 = 4187.46 over 523 frames.
20030013_614 وقوف اینڈ میں کی چھوٹے گائیوں کے ساتھ فن کے بغیر سن کر دیا 
LOG (lattice-best-path[5.5.907~1-cbed4]:main():lattice-best-path.cc:99) For utterance 20030013_615, best cost 209.293 + 8314.99 = 8524.29 over 1105 frames.
20030013_615 تجارت کا شہزادی میں فلیچر مصر آکر کو بلڈوزر کے نے جوگی فنانس کی دلجوئی میں اوور ہیڈ بڑھائیں 
LOG (lattice-best-path[5.5.907~1-cbed4]:main():lattice-best-path.cc:99) For utterance 20030013_616, best cost 171.913 + 7580.71 = 7752.62 over 977 frames.
20030013_616 اور جانے بورڈر میں ضعف گناہ مجرم کو اور اوباش گردیزی بدسلوکی موقع تہتر کیا 
LOG (lattice-best-path[5.5.907~1-cbed4]:main():lattice-best-path.cc:99) For utterance 20030013_617, best cost 147.972 + 4832.16 = 4980.13 over 632 frames.
20030013_617 سامنے پر پڑے سوچے کوچوں میں کھیلوں گوہر دیتا دیکھ کر پیدا حوصلہ تھا 
LOG (lattice-best-path[5.5.907~1-cbed4]:main():lattice-best-path.cc:99) For utterance 20030013_618, best cost 160.093 + 5710.14 = 5870.24 over 734 frames.
20030013_618 کا کنگڈم لیزر اور شاخوں کو والا عرصہ بنیں گلیوں کے بعد لیس کیا کی ہیں 
LOG (lattice-best-path[5.5.907~1-cbed4]:main():lattice-best-path.cc:99) For utterance 20030013_619, best cost 96.5973 + 3410.12 = 3506.72 over 440 frames.
20030013_619 کے کیلئے کلیدی آؤ گگن کرنے بجنوری کے کی جائے 
LOG (lattice-best-path[5.5.907~1-cbed4]:main():lattice-best-path.cc:99) For utterance 20030013_620, best cost 198.286 + 6793.05 = 6991.33 over 900 frames.
20030013_620 جیم آنے پَلوں کے بولوں کو گھروں میں سموئے یا اور کی ڈیمو بولوں پر اور گوشہ کی کیا یقین 
LOG (lattice-best-path[5.5.907~1-cbed4]:main():lattice-best-path.cc:99) For utterance 20030013_621, best cost 176.779 + 5965.25 = 6142.03 over 779 frames.
20030013_621 اجرت گئی چاشنی نے اور کر سوجن کے معاون لیزنگ بھیس اور چاقو نواز کے میں پہلی 
LOG (lattice-best-path[5.5.907~1-cbed4]:main():lattice-best-path.cc:99) For utterance 20030013_622, best cost 138.047 + 5079.34 = 5217.39 over 657 frames.
20030013_622 ادھیڑنے میں بورڈر کے کے کیلئے کر جنم رسیدہ کے پالمر میں سے کھجلی 
LOG (lattice-best-path[5.5.907~1-cbed4]:main():lattice-best-path.cc:99) For utterance 20030013_623, best cost 110.501 + 4372.19 = 4482.69 over 574 frames.
20030013_623 لینڈ فلالین کرنا منافعوں سوگوار سامعین ہمیشہ میں کیا 
LOG (lattice-best-path[5.5.907~1-cbed4]:main():lattice-best-path.cc:99) For utterance 20030013_624, best cost 191.23 + 6473.6 = 6664.83 over 811 frames.
20030013_624 ماؤف اسے لکھے نوش کو میں کیلئے سے بفرزون اس کا وفود خوبصورت انجکشن کے لیے دکھنے شوروم تھا 
LOG (lattice-best-path[5.5.907~1-cbed4]:main():lattice-best-path.cc:99) For utterance 20030013_625, best cost 134.323 + 5571.04 = 5705.36 over 696 frames.
20030013_625 آئیوڈین ظاہر کیلئے کی کا دیگر کیلئے گردیزی سینئر کے ماتھے کو گیا 
LOG (lattice-best-path[5.5.907~1-cbed4]:main():lattice-best-path.cc:99) For utterance 20030013_626, best cost 87.8758 + 3347.47 = 3435.35 over 420 frames.
20030013_626 ایم سوجنے توضیحات عندیہ لوہار تھانہ 
LOG (lattice-best-path[5.5.907~1-cbed4]:main():lattice-best-path.cc:99) For utterance 20030013_627, best cost 150.183 + 7038.97 = 7189.16 over 926 frames.
20030013_627 کے فاخرہ مارچ کے نامور کے کروانے کے باغوں کے کو کا میں نکال آ گیا 
LOG (lattice-best-path[5.5.907~1-cbed4]:main():lattice-best-path.cc:99) For utterance 20030013_628, best cost 148.904 + 5009.99 = 5158.9 over 644 frames.
20030013_628 لو نصیحت میں جانے کے لیے لیجنڈری میں میں میں پُلوں کی خوشی یاں ماخوذ تھیں 
LOG (lattice-best-path[5.5.907~1-cbed4]:main():lattice-best-path.cc:99) For utterance 20030013_629, best cost 170.384 + 6907.32 = 7077.7 over 894 frames.
20030013_629 چیتھڑے بش کمروں کے کو فون میں کے علاوہ بروز غنی نے مردوں کا پھیلا بھیج کر آیا 
LOG (lattice-best-path[5.5.907~1-cbed4]:main():lattice-best-path.cc:99) For utterance 20030013_630, best cost 132.826 + 4880.07 = 5012.9 over 606 frames.
20030013_630 عیاں گورنر سے کے سامان کر بھیجے مرتب چھین سے کے سامنے کرے 
LOG (lattice-best-path[5.5.907~1-cbed4]:main():lattice-best-path.cc:99) For utterance 20030013_631, best cost 163.618 + 6718.47 = 6882.09 over 843 frames.
20030013_631 سیاسی سول انداز ہیڈ نے اوقات کر کے پروڈکٹیو افسوس موسم اور کر جعلی دیتا 
LOG (lattice-best-path[5.5.907~1-cbed4]:main():lattice-best-path.cc:99) For utterance 20030013_632, best cost 211.976 + 7743.04 = 7955.02 over 1009 frames.
20030013_632 اس کی سیدھے نے کہا کے تولیے کی پوچھے چوروں اور بیڑیاں نے بھجوا کر کاجو اور رسوائی جوے بغیر مرہون 
LOG (lattice-best-path[5.5.907~1-cbed4]:main():lattice-best-path.cc:99) For utterance 20030013_633, best cost 168.852 + 7178.75 = 7347.6 over 913 frames.
20030013_633 لیفٹننٹ کے بردار میں تحیر کے لیے نیلوفر کے اور فیسیں کی پراسسنگ سے سوئمنگ کے لیے کیجیے 
LOG (lattice-best-path[5.5.907~1-cbed4]:main():lattice-best-path.cc:99) For utterance 20030013_634, best cost 117.364 + 3914.6 = 4031.97 over 497 frames.
20030013_634 سوزش نے ڈکٹیشن نظام کے لیے روغن یقیناً طرفین کر کر لائے 
LOG (lattice-best-path[5.5.907~1-cbed4]:main():lattice-best-path.cc:99) For utterance 20030013_635, best cost 162.772 + 5818.21 = 5980.98 over 734 frames.
20030013_635 خام ڈبو جنگی لاکھا اور میں بیضے اور نیم مالدار نیا سے بچے ضلع کریں 
LOG (lattice-best-path[5.5.907~1-cbed4]:main():lattice-best-path.cc:99) For utterance 20030013_636, best cost 131.97 + 5102.1 = 5234.07 over 657 frames.
20030013_636 اور بروز گلشن کی جو بلی خدشہ ہونے سے اور جگہوں کا کو ہوئے 
LOG (lattice-best-path[5.5.907~1-cbed4]:main():lattice-best-path.cc:99) For utterance 20030013_637, best cost 144.154 + 5412.96 = 5557.11 over 696 frames.
20030013_637 پر خان کے شمار میں غوث کر نیلم ہوتی کی ڈیزرٹ کے ماڈل کے ہوئی 
LOG (lattice-best-path[5.5.907~1-cbed4]:main():lattice-best-path.cc:99) For utterance 20030013_638, best cost 168.567 + 5816.14 = 5984.71 over 760 frames.
20030013_638 کا نوگو جلدی شیڈول گائیں میں ہوے صورت اور کوفی کو پر کی کیوڑہ سے جج لیں 
LOG (lattice-best-path[5.5.907~1-cbed4]:main():lattice-best-path.cc:99) For utterance 20030013_639, best cost 172.576 + 6663.94 = 6836.52 over 868 frames.
20030013_639 کیفے دفتر میں کو کے دل سے تجویز فلسفے محبوب کی اور کر سارز سے ڈبو چکھیں 
LOG (lattice-best-path[5.5.907~1-cbed4]:main():lattice-best-path.cc:99) For utterance 20030013_640, best cost 163.799 + 6029.78 = 6193.58 over 760 frames.
20030013_640 شائقین یوم پر زیدی جیلانی سکتی میں کی سی کونسل کے شعاع لگا پنچولی نوجوانوں 
LOG (lattice-best-path[5.5.907~1-cbed4]:main():lattice-best-path.cc:99) For utterance 20030013_641, best cost 109.929 + 3773.49 = 3883.42 over 465 frames.
20030013_641 کو ہو ایلیمنٹری شروع کو کے آتی کالجز کا فرانسیسی کی 
LOG (lattice-best-path[5.5.907~1-cbed4]:main():lattice-best-path.cc:99) For utterance 20030013_642, best cost 118.752 + 4636.39 = 4755.14 over 574 frames.
20030013_642 عرفان کے تک امیج سپیل صدر سے منحوس کی راہو کی 
LOG (lattice-best-path[5.5.907~1-cbed4]:main():lattice-best-path.cc:99) For utterance 20030013_643, best cost 133.128 + 5853.34 = 5986.46 over 734 frames.
20030013_643 فوجیں ناول بڑے کو البتہ سنائی اور دولہا سزائیں تحصیلدار ہے 
LOG (lattice-best-path[5.5.907~1-cbed4]:main():lattice-best-path.cc:99) For utterance 20030013_644, best cost 149.02 + 5592.17 = 5741.19 over 683 frames.
20030013_644 پیش کے لیے درجے شیڈول کریں اور سے برابر شعری کیسی تھریپیس پرنسپل کے ہے 
LOG (lattice-best-path[5.5.907~1-cbed4]:main():lattice-best-path.cc:99) For utterance 20030013_645, best cost 114.209 + 4738.4 = 4852.61 over 580 frames.
20030013_645 ریکارڈ ایڈڈ کے کے گلدستہ بروز سترھویں کی کا آشنا کیلئے ہے 
LOG (lattice-best-path[5.5.907~1-cbed4]:main():lattice-best-path.cc:99) For utterance 20030013_646, best cost 119.576 + 4813.42 = 4933 over 587 frames.
20030013_646 ساری ماحول دوسرا چبھنے کے بعد وغیرہ میں برابر جانے گئی 
LOG (lattice-best-path[5.5.907~1-cbed4]:main():lattice-best-path.cc:99) For utterance 20030013_647, best cost 82.128 + 3715.75 = 3797.88 over 452 frames.
20030013_647 اثر اہلخانہ سیکھنے چھوڑ کر دوردراز 
LOG (lattice-best-path[5.5.907~1-cbed4]:main():lattice-best-path.cc:99) For utterance 20030013_648, best cost 96.859 + 3587.14 = 3683.99 over 440 frames.
20030013_648 میں لینے دودھیا اجازت طلب فجر کے لیے گروہ تھا 
LOG (lattice-best-path[5.5.907~1-cbed4]:main():lattice-best-path.cc:99) For utterance 20030013_649, best cost 119.662 + 4834.07 = 4953.74 over 600 frames.
20030013_649 حقوق کو کے بسر کے بیٹھک لگاتا والدین بیڑے لغاری ہے 
LOG (lattice-best-path[5.5.907~1-cbed4]:main():lattice-best-path.cc:99) For utterance 20030013_650, best cost 119.923 + 5451.76 = 5571.69 over 670 frames.
20030013_650 اسے کے ساتھ انستھیزیا گزارنے ذوالجناح کیا گیا کے پاس ترجیحات ہے 
LOG (lattice-best-path[5.5.907~1-cbed4]:main():lattice-best-path.cc:99) For utterance 20030013_651, best cost 113.537 + 4364.19 = 4477.73 over 548 frames.
20030013_651 اور حویلی میچور کی کو کی کر کے پڑنے سے پہلے سوکھی کی 
LOG (lattice-best-path[5.5.907~1-cbed4]:main():lattice-best-path.cc:99) For utterance 20030013_652, best cost 138.081 + 5619.64 = 5757.72 over 696 frames.
20030013_652 غیر تولیے کیجیے تھر کی اور لکھو قیلولہ میں کچوکے سہولت سوچے 
LOG (lattice-best-path[5.5.907~1-cbed4]:main():lattice-best-path.cc:99) For utterance 20030013_653, best cost 116.874 + 4784.58 = 4901.46 over 600 frames.
20030013_653 لوہا پرہیز کر کی طرح قرضے کے ڈیجیٹل تک روز ہوئے 
LOG (lattice-best-path[5.5.907~1-cbed4]:main():lattice-best-path.cc:99) For utterance 20030013_654, best cost 138.355 + 5893.46 = 6031.82 over 734 frames.
20030013_654 کر کی اور پیشاب سے سیاست جوے اور سے کے فورس کے میں کر میں ستھرے 
LOG (lattice-best-path[5.5.907~1-cbed4]:main():lattice-best-path.cc:99) For utterance 20030013_655, best cost 105.939 + 4807.67 = 4913.61 over 600 frames.
20030013_655 نام بخشے صحیح کو پر کو جانے کریش خیر 
LOG (lattice-best-path[5.5.907~1-cbed4]:main():lattice-best-path.cc:99) For utterance 20030013_656, best cost 134.126 + 5878.67 = 6012.79 over 734 frames.
20030013_656 لیزر سے زیر بلند آکسیجن بجائے کونسل مشاعرہ نے کس کریں 
LOG (lattice-best-path[5.5.907~1-cbed4]:main():lattice-best-path.cc:99) For utterance 20030013_657, best cost 89.6114 + 4267.27 = 4356.88 over 542 frames.
20030013_657 آمدورفت کلیجی دیوہیکل ترجیحات سے موخر گئی 
LOG (lattice-best-path[5.5.907~1-cbed4]:main():lattice-best-path.cc:99) For utterance 20030013_658, best cost 99.9533 + 4516.14 = 4616.09 over 561 frames.
20030013_658 لینڈ کرنے والے کے ہوئی لیس کی کا سے لوہار 
LOG (lattice-best-path[5.5.907~1-cbed4]:main():lattice-best-path.cc:99) For utterance 20030013_659, best cost 126.993 + 5041.98 = 5168.97 over 619 frames.
20030013_659 میں کی کو کر تساہل تھوڑی کا درخور حوصلہ کھویا کر سوئے 
LOG (lattice-best-path[5.5.907~1-cbed4]:main():lattice-best-path.cc:99) For utterance 20030013_660, best cost 71.363 + 3135.72 = 3207.08 over 401 frames.
20030013_660 خدوخال کے بوگس کرنے کی گذر 
LOG (lattice-best-path[5.5.907~1-cbed4]:main():lattice-best-path.cc:99) For utterance 20030013_661, best cost 88.8948 + 3325.27 = 3414.17 over 427 frames.
20030013_661 ڈھلک لینے کیلئے بیچلر مرتبہ کر کروائیں 
LOG (lattice-best-path[5.5.907~1-cbed4]:main():lattice-best-path.cc:99) For utterance 20030013_662, best cost 103.75 + 4208.61 = 4312.36 over 529 frames.
20030013_662 پٹھان جو گویا نے چلیں بسیار کی تجزیہ کرے 
LOG (lattice-best-path[5.5.907~1-cbed4]:main():lattice-best-path.cc:99) For utterance 20030013_663, best cost 147.22 + 5908.22 = 6055.44 over 753 frames.
20030013_663 کی رونے جہاں جانبدار انگوٹھے عرصہ کی اگلے دیکھی طرحی سیکھو کو ہوئی 
LOG (lattice-best-path[5.5.907~1-cbed4]:main():lattice-best-path.cc:99) For utterance 20030013_664, best cost 135.452 + 5654.8 = 5790.25 over 715 frames.
20030013_664 کرنا سیاح کے براؤزر نے دائیں کالونی لے کر بیوروکریسی پروڈکٹیو گئے 
LOG (lattice-best-path[5.5.907~1-cbed4]:main():lattice-best-path.cc:99) For utterance 20030013_665, best cost 99.5163 + 3850.22 = 3949.73 over 484 frames.
20030013_665 فیصلے خزانہ ریلیز گریڈ چینی توقع کر کو 
LOG (lattice-best-path[5.5.907~1-cbed4]:main():lattice-best-path.cc:99) For utterance 20030013_666, best cost 111.877 + 4248.91 = 4360.78 over 529 frames.
20030013_666 درجے ہوے بھاوج اعلان گرانقدر کیا خیر سکول دیئے 
LOG (lattice-best-path[5.5.907~1-cbed4]:main():lattice-best-path.cc:99) For utterance 20030013_667, best cost 96.0682 + 4106.96 = 4203.03 over 504 frames.
20030013_667 کے سیریز ایگلز سلسلے روضے کی کو کی بسر ہوئی 
LOG (lattice-best-path[5.5.907~1-cbed4]:main():lattice-best-path.cc:99) For utterance 20030013_668, best cost 149.498 + 6061.12 = 6210.62 over 747 frames.
20030013_668 سامنے فوری کے بلڈنگ میں مغلیہ مہجور گردش باغیانہ خیال سے جانے تھا 
LOG (lattice-best-path[5.5.907~1-cbed4]:main():lattice-best-path.cc:99) For utterance 20030013_669, best cost 100.999 + 4511.97 = 4612.97 over 548 frames.
20030013_669 اور ساز انوکھے دوڑنے زلزلے لیزر پروڈکٹیو دیا 
LOG (lattice-best-path[5.5.907~1-cbed4]:main():lattice-best-path.cc:99) For utterance 20030013_670, best cost 107.18 + 4487.42 = 4594.6 over 574 frames.
20030013_670 روضے کا آخری آشرم ہے کہ ضرورت بھگوڑوں کر کرو 
LOG (lattice-best-path[5.5.907~1-cbed4]:main():lattice-best-path.cc:99) For utterance 20030013_671, best cost 171.77 + 6281.27 = 6453.04 over 772 frames.
20030013_671 اس شجر ایل استحصالی دوڑانے کا ذوق اور سے بغور کے تو کو جوڈیشل کو اور سے جاؤ 
LOG (lattice-best-path[5.5.907~1-cbed4]:main():lattice-best-path.cc:99) For utterance 20030013_672, best cost 117.229 + 5177.9 = 5295.13 over 632 frames.
20030013_672 انٹر انجکشن زبردست ارکان بزرگوار اوصاف تجربہ بااللہ 
LOG (lattice-best-path[5.5.907~1-cbed4]:main():lattice-best-path.cc:99) For utterance 20030013_673, best cost 107.569 + 4427.05 = 4534.62 over 555 frames.
20030013_673 پڑھائی کے ساتھ پنہاں جیگوار جوگی نسرین جرنیل اور تھا 
LOG (lattice-best-path[5.5.907~1-cbed4]:main():lattice-best-path.cc:99) For utterance 20030013_674, best cost 134.085 + 6328.41 = 6462.5 over 772 frames.
20030013_674 نقشوں نے پُلوں میں برابر چادر کر والی قوس نے کی کوشش کی 
LOG (lattice-best-path[5.5.907~1-cbed4]:main():lattice-best-path.cc:99) For utterance 20030013_675, best cost 110.091 + 4202.75 = 4312.84 over 529 frames.
20030013_675 اور جیٹ بنوری کے رویے بلاسوچے تغافل ڈبو اڑائیں 
LOG (lattice-best-path[5.5.907~1-cbed4]:main():lattice-best-path.cc:99) For utterance 20030013_676, best cost 126.898 + 4630.29 = 4757.19 over 568 frames.
20030013_676 اپنے رہائشی سے ثمر کی سکول علاوہ نے حدیث جھگڑے بنا کی 
LOG (lattice-best-path[5.5.907~1-cbed4]:main():lattice-best-path.cc:99) For utterance 20030013_677, best cost 172.375 + 7330.04 = 7502.41 over 926 frames.
20030013_677 نے سامنے کیا کی کو کی وولر پنکھا براوو خودسوزی کو برطانوی کی ہے بلکہ اہل کہا 
LOG (lattice-best-path[5.5.907~1-cbed4]:main():lattice-best-path.cc:99) For utterance 20030013_678, best cost 178.087 + 7823.98 = 8002.07 over 971 frames.
20030013_678 شنید انسان اور ویلفئر کا زوال اثر چرانے کے لیے کا ڈوگر خلل سمجھ فیشن کریں 
LOG (lattice-best-path[5.5.907~1-cbed4]:main():lattice-best-path.cc:99) For utterance 20030013_679, best cost 89.3691 + 3603.08 = 3692.45 over 446 frames.
20030013_679 تھوڑی اور میڈیکل چیلہ تساہل کے ریسرچ کی 
LOG (lattice-best-path[5.5.907~1-cbed4]:main():lattice-best-path.cc:99) For utterance 20030013_680, best cost 138.312 + 5447.05 = 5585.37 over 683 frames.
20030013_680 جوڈیشل تھوڑا دیکھتے ہوے گردوغبار بقایا برس میں میں گھیراؤ کا سکتا ہے 
LOG (lattice-best-path[5.5.907~1-cbed4]:main():lattice-best-path.cc:99) For utterance 20030013_681, best cost 134.052 + 4754.92 = 4888.98 over 587 frames.
20030013_681 پراچہ سمجھی شو کر کی کا رسولی کو اور کر پیچیدہ رسول یا 
LOG (lattice-best-path[5.5.907~1-cbed4]:main():lattice-best-path.cc:99) For utterance 20030013_682, best cost 149.489 + 5977.36 = 6126.85 over 753 frames.
20030013_682 دیگر چوری کی ہو کر اجڑے تنازعے ساغر دھوئے ایچ اور مرحوم کیے 
LOG (lattice-best-path[5.5.907~1-cbed4]:main():lattice-best-path.cc:99) For utterance 20030013_683, best cost 124.919 + 5299.08 = 5424 over 657 frames.
20030013_683 کی سے میں اداروں تک اینڈ کے نے سیکورٹی کے کے سے نے کرے 
LOG (lattice-best-path[5.5.907~1-cbed4]:main():lattice-best-path.cc:99) For utterance 20030013_684, best cost 107.262 + 4635.28 = 4742.54 over 593 frames.
20030013_684 میں ریلی بھولو اور ایگزیکٹو منظور کے لیے بنا کراؤں 
LOG (lattice-best-path[5.5.907~1-cbed4]:main():lattice-best-path.cc:99) For utterance 20030013_685, best cost 94.6077 + 3531.14 = 3625.74 over 446 frames.
20030013_685 گوہر اپوزیشن سے بخشے اور سے حاصل آنگن کو 
LOG (lattice-best-path[5.5.907~1-cbed4]:main():lattice-best-path.cc:99) For utterance 20030013_686, best cost 144.415 + 6138.81 = 6283.22 over 772 frames.
20030013_686 صدیقین کے طفیل بھی فشار سے دنیاوی میں زچ پرجوش ابو چھور 
LOG (lattice-best-path[5.5.907~1-cbed4]:main():lattice-best-path.cc:99) For utterance 20030013_687, best cost 151.427 + 5877.07 = 6028.5 over 721 frames.
20030013_687 سکولز کے بچّو سہارے لولی بودلہ باغ اداس اچیومنٹ کر ترجمان ہو گئی 
LOG (lattice-best-path[5.5.907~1-cbed4]:main():lattice-best-path.cc:99) For utterance 20030013_688, best cost 172.624 + 6620.03 = 6792.66 over 836 frames.
20030013_688 تلے بلکہ چادر فلیچر گیسیں جوار اور کے کی کے کے میں گراموفون کے قرار دکھاوے جاؤ 
LOG (lattice-best-path[5.5.907~1-cbed4]:main():lattice-best-path.cc:99) For utterance 20030013_689, best cost 153.082 + 5974.32 = 6127.4 over 753 frames.
20030013_689 موجودہ گیجٹ ادویات کا جاوید جو کو لگاتا تو ساختہ سے اچھل کر جائے 
LOG (lattice-best-path[5.5.907~1-cbed4]:main():lattice-best-path.cc:99) For utterance 20030013_690, best cost 91.4531 + 3299.97 = 3391.42 over 414 frames.
20030013_690 ایلوویرا بڑھانے شو بوجوہ انہی جاتا 
LOG (lattice-best-path[5.5.907~1-cbed4]:main():lattice-best-path.cc:99) For utterance 20030013_691, best cost 130.493 + 4688.51 = 4819.01 over 606 frames.
20030013_691 تیزی دلجوئی کیلئے بجے کر کھویا اور ہیڈکوارٹر معین ابڑو کیے 
LOG (lattice-best-path[5.5.907~1-cbed4]:main():lattice-best-path.cc:99) For utterance 20030013_692, best cost 137.476 + 5643.71 = 5781.19 over 721 frames.
20030013_692 مدرسہ نے کہا کے میں سے کو صفحے کر گٹھڑی کے رہی کا کیلئے جاؤ 
LOG (lattice-best-path[5.5.907~1-cbed4]:main():lattice-best-path.cc:99) For utterance 20030013_693, best cost 96.5205 + 3853.35 = 3949.87 over 491 frames.
20030013_693 میں محنت کے جیسے کا کے باخبر اداکارائیں مدعو 
LOG (lattice-best-path[5.5.907~1-cbed4]:main():lattice-best-path.cc:99) For utterance 20030013_694, best cost 147.062 + 5077.21 = 5224.27 over 664 frames.
20030013_694 تمغہ جڑواں شاہ شالا عرصہ کو جلسے اور سے کی چاقو چاول بنائیں 
LOG (lattice-best-path[5.5.907~1-cbed4]:main():lattice-best-path.cc:99) For utterance 20030013_695, best cost 120.853 + 4358.46 = 4479.31 over 568 frames.
20030013_695 ہوئی کیا میں کر چیلنجوں جادوگر کے جا کو پانی میں غلام 
LOG (lattice-best-path[5.5.907~1-cbed4]:main():lattice-best-path.cc:99) For utterance 20030013_696, best cost 131.988 + 4555.37 = 4687.35 over 593 frames.
20030013_696 گیجٹ خاصے کیا میں کے کو مس میں مسوڑوں کے بنانے کیلئے باران کیا گیا 
LOG (lattice-best-path[5.5.907~1-cbed4]:main():lattice-best-path.cc:99) For utterance 20030013_697, best cost 115.598 + 3841.89 = 3957.49 over 497 frames.
20030013_697 بولو رکھاؤ سے سے ویمن کمیٹی جان بنیں پرفارم ہو گا 
LOG (lattice-best-path[5.5.907~1-cbed4]:main():lattice-best-path.cc:99) For utterance 20030013_698, best cost 100.063 + 5442.72 = 5542.78 over 721 frames.
20030013_698 باران جادوئی انکشاف کا باعث کام چادر نہیں 
LOG (lattice-best-path[5.5.907~1-cbed4]:main():lattice-best-path.cc:99) For utterance 20030013_699, best cost 150.593 + 4771.17 = 4921.76 over 625 frames.
20030013_699 نجات کیسی وقوف کا کی جھلی میں بتایا کے ہذیانی کے اور مجید احمد سوچوں 
LOG (lattice-best-path[5.5.907~1-cbed4]:main():lattice-best-path.cc:99) For utterance 20030013_700, best cost 125.918 + 4585.71 = 4711.63 over 587 frames.
20030013_700 خوشہ خون کی تخریب میں تغافل کی سوجھی شیلٹر کریو سوزوکی 
LOG (lattice-best-path[5.5.907~1-cbed4]:main():lattice-best-path.cc:99) For utterance 20030013_701, best cost 166.282 + 5579.03 = 5745.31 over 728 frames.
20030013_701 مضمون اور مان بھومی کو بدل کی کو مذاق سیسے کرتا پر مصر صحبتوں بوسن آیا 
LOG (lattice-best-path[5.5.907~1-cbed4]:main():lattice-best-path.cc:99) For utterance 20030013_702, best cost 131.236 + 5191.43 = 5322.66 over 683 frames.
20030013_702 غیر فیصلہ اور خوگر کی دھوپ میں کا دیکھو کا گناہ دلوں کو 
LOG (lattice-best-path[5.5.907~1-cbed4]:main():lattice-best-path.cc:99) For utterance 20030013_703, best cost 113.51 + 3602.44 = 3715.95 over 465 frames.
20030013_703 ایل آتا سے توضیح کی جھینگے کے کو کاروبار ضائع کرتا ہے 
LOG (lattice-best-path[5.5.907~1-cbed4]:main():lattice-best-path.cc:99) For utterance 20030013_704, best cost 127.287 + 5078.46 = 5205.75 over 676 frames.
20030013_704 چودہ چینی فیشن مچانے آزادی کے انظباتی کہا کا پراسیس ہیں 
LOG (lattice-best-path[5.5.907~1-cbed4]:main():lattice-best-path.cc:99) For utterance 20030013_705, best cost 112.178 + 3791 = 3903.18 over 491 frames.
20030013_705 ناغہ سزا بنا کرنے کے ساتھ علاوہ کانفرنسوں سے بڑھ گئی 
LOG (lattice-best-path[5.5.907~1-cbed4]:main():lattice-best-path.cc:99) For utterance 20030013_706, best cost 92.4274 + 2870.53 = 2962.96 over 363 frames.
20030013_706 باتھو سفید اویسی آفریدی اقدامات میں چون 
LOG (lattice-best-path[5.5.907~1-cbed4]:main():lattice-best-path.cc:99) For utterance 20030013_707, best cost 96.5369 + 3433.14 = 3529.67 over 452 frames.
20030013_707 ماضی قبول آہستہ سے بڑی میں بولوں میں نہ کریں 
LOG (lattice-scale[5.5.907~1-cbed4]:main():lattice-scale.cc:107) Done 108 lattices.
LOG (lattice-best-path[5.5.907~1-cbed4]:main():lattice-best-path.cc:99) For utterance 20030013_708, best cost 150.259 + 4744.55 = 4894.81 over 606 frames.
20030013_708 مشعر نے لبالب اور میں نے مزے کچھ کا رسیدہ طریقہ کر مشق سمجھا ہیں 
LOG (lattice-add-penalty[5.5.907~1-cbed4]:main():lattice-add-penalty.cc:62) Done adding word insertion penalty to 108 lattices.
LOG (lattice-best-path[5.5.907~1-cbed4]:main():lattice-best-path.cc:124) Overall cost per frame is 8.06273 = 0.202785 [graph] + 7.85994 [acoustic] over 71279 frames.
LOG (lattice-best-path[5.5.907~1-cbed4]:main():lattice-best-path.cc:128) Done 108 lattices, failed for 0
# Accounting: time=4 threads=1
# Ended (code 0) at Wed Apr 21 06:42:58 PKT 2021, elapsed time 4 seconds
