# gmm-latgen-faster --max-active=7000 --beam=13.0 --lattice-beam=6.0 --acoustic-scale=0.083333 --determinize-lattice=false --allow-partial=true --word-symbol-table=exp/tri3/graph/words.txt exp/tri3/final.mdl exp/tri3/graph/HCLG.fst "ark,s,cs:apply-cmvn  --utt2spk=ark:data/test/split4/3/utt2spk scp:data/test/split4/3/cmvn.scp scp:data/test/split4/3/feats.scp ark:- | splice-feats  ark:- ark:- | transform-feats exp/tri3/final.mat ark:- ark:- | transform-feats --utt2spk=ark:data/test/split4/3/utt2spk ark:exp/tri3/decode/pre_trans.3 ark:- ark:- |" "ark:|gzip -c > exp/tri3/decode/lat.tmp.3.gz" 
# Started at Thu Apr 22 10:30:03 PKT 2021
#
gmm-latgen-faster --max-active=7000 --beam=13.0 --lattice-beam=6.0 --acoustic-scale=0.083333 --determinize-lattice=false --allow-partial=true --word-symbol-table=exp/tri3/graph/words.txt exp/tri3/final.mdl exp/tri3/graph/HCLG.fst 'ark,s,cs:apply-cmvn  --utt2spk=ark:data/test/split4/3/utt2spk scp:data/test/split4/3/cmvn.scp scp:data/test/split4/3/feats.scp ark:- | splice-feats  ark:- ark:- | transform-feats exp/tri3/final.mat ark:- ark:- | transform-feats --utt2spk=ark:data/test/split4/3/utt2spk ark:exp/tri3/decode/pre_trans.3 ark:- ark:- |' 'ark:|gzip -c > exp/tri3/decode/lat.tmp.3.gz' 
transform-feats --utt2spk=ark:data/test/split4/3/utt2spk ark:exp/tri3/decode/pre_trans.3 ark:- ark:- 
splice-feats ark:- ark:- 
transform-feats exp/tri3/final.mat ark:- ark:- 
apply-cmvn --utt2spk=ark:data/test/split4/3/utt2spk scp:data/test/split4/3/cmvn.scp scp:data/test/split4/3/feats.scp ark:- 
20030010_601 پچھتر توجیہ ڈائیلوشن جیلانی گئی خودسر قبول کے تعاقب ہو گئی 
LOG (gmm-latgen-faster[5.5.907~1-cbed4]:DecodeUtteranceLatticeFaster():decoder-wrappers.cc:375) Log-like per frame for utterance 20030010_601 is -4.87276 over 985 frames.
20030010_602 کے رہائشی کرنے زوجیت بدشگونی بھورے پہاڑی چلو بن فشنگ اچک لاہوری شنید ششدر ساز ہے 
LOG (gmm-latgen-faster[5.5.907~1-cbed4]:DecodeUtteranceLatticeFaster():decoder-wrappers.cc:375) Log-like per frame for utterance 20030010_602 is -4.87368 over 1203 frames.
20030010_603 ششدر اور نزلے کی وجہ سے طرزعمل کو کارکردگی بےقصور پر پنجابی کیا 
LOG (gmm-latgen-faster[5.5.907~1-cbed4]:DecodeUtteranceLatticeFaster():decoder-wrappers.cc:375) Log-like per frame for utterance 20030010_603 is -4.93687 over 833 frames.
20030010_604 چلچلاتی داؤد کی کارکردگی کا باعث کو کا چاہئے کی کس کیلئے ہو گئی 
LOG (gmm-latgen-faster[5.5.907~1-cbed4]:DecodeUtteranceLatticeFaster():decoder-wrappers.cc:375) Log-like per frame for utterance 20030010_604 is -4.99367 over 856 frames.
20030010_605 سوزش اور ایجوکیشن ایڈووکیٹ سردخانے ہے 
LOG (gmm-latgen-faster[5.5.907~1-cbed4]:DecodeUtteranceLatticeFaster():decoder-wrappers.cc:375) Log-like per frame for utterance 20030010_605 is -4.86361 over 513 frames.
20030010_606 وزیرداخلہ وقعت سے تجارت آفس کی تجزیہ تھے 
LOG (gmm-latgen-faster[5.5.907~1-cbed4]:DecodeUtteranceLatticeFaster():decoder-wrappers.cc:375) Log-like per frame for utterance 20030010_606 is -4.87952 over 608 frames.
20030010_607 پر سیاسی پرچیز قوانین منیجر ہے 
LOG (gmm-latgen-faster[5.5.907~1-cbed4]:DecodeUtteranceLatticeFaster():decoder-wrappers.cc:375) Log-like per frame for utterance 20030010_607 is -4.79772 over 420 frames.
20030010_608 خود ایڈووکیٹ بھولا خوشخبری چمچہ میں جدوجہد ہو گی 
LOG (gmm-latgen-faster[5.5.907~1-cbed4]:DecodeUtteranceLatticeFaster():decoder-wrappers.cc:375) Log-like per frame for utterance 20030010_608 is -4.86951 over 582 frames.
20030010_609 تشنج تلمیحات بغیر ماچس کو انسانیت کی جستجو قفس کیا کیا 
LOG (gmm-latgen-faster[5.5.907~1-cbed4]:DecodeUtteranceLatticeFaster():decoder-wrappers.cc:375) Log-like per frame for utterance 20030010_609 is -4.82908 over 736 frames.
20030010_610 کا سیکشن یہودی کامیاب ڈیجیٹل سے بجٹ ایسا ہے 
LOG (gmm-latgen-faster[5.5.907~1-cbed4]:DecodeUtteranceLatticeFaster():decoder-wrappers.cc:375) Log-like per frame for utterance 20030010_610 is -4.64362 over 803 frames.
20030010_611 حسینی بینگن حسینی سے جرگہ اور ہچکچاہٹ کی کوشش حاشیے 
LOG (gmm-latgen-faster[5.5.907~1-cbed4]:DecodeUtteranceLatticeFaster():decoder-wrappers.cc:375) Log-like per frame for utterance 20030010_611 is -4.78976 over 868 frames.
20030010_612 تبدیلیاں کی ورزش سمجھدار باجرہ چھہتر کو خوگر کی انکشاف ہوا ہے 
LOG (gmm-latgen-faster[5.5.907~1-cbed4]:DecodeUtteranceLatticeFaster():decoder-wrappers.cc:375) Log-like per frame for utterance 20030010_612 is -4.63013 over 921 frames.
20030010_613 تنخواہ لاکھا کو ساجد مشیت جاتا ہے 
LOG (gmm-latgen-faster[5.5.907~1-cbed4]:DecodeUtteranceLatticeFaster():decoder-wrappers.cc:375) Log-like per frame for utterance 20030010_613 is -4.9989 over 452 frames.
20030010_614 بوجوہ فیڈریشن کے ٹینک کے ساتھ سمجھیں بغیر سمجھدار کیا 
LOG (gmm-latgen-faster[5.5.907~1-cbed4]:DecodeUtteranceLatticeFaster():decoder-wrappers.cc:375) Log-like per frame for utterance 20030010_614 is -4.88082 over 578 frames.
20030010_615 کر آتشزدگی نیسچن موئسچرائزنگ بروز کاندھلوی جونیئر دھاندلی کی کھجوریں کو ہے 
LOG (gmm-latgen-faster[5.5.907~1-cbed4]:DecodeUtteranceLatticeFaster():decoder-wrappers.cc:375) Log-like per frame for utterance 20030010_615 is -4.87404 over 960 frames.
20030010_616 تاجر کے تعاقب میں سترھویں شگفتہ گزشتہ کیسی بدظن تفہیم اور فرخندہ کا کیا 
LOG (gmm-latgen-faster[5.5.907~1-cbed4]:DecodeUtteranceLatticeFaster():decoder-wrappers.cc:375) Log-like per frame for utterance 20030010_616 is -4.77821 over 989 frames.
20030010_617 تمسخر سے بچنے کی اور میڈیکل پچاسویں لگا 
LOG (gmm-latgen-faster[5.5.907~1-cbed4]:DecodeUtteranceLatticeFaster():decoder-wrappers.cc:375) Log-like per frame for utterance 20030010_617 is -4.82377 over 669 frames.
20030010_618 تھانیدار سمجھا سمجھ شماریات ہزارویں ایونیو کے بعد اس کیا کیا ہیں 
LOG (gmm-latgen-faster[5.5.907~1-cbed4]:DecodeUtteranceLatticeFaster():decoder-wrappers.cc:375) Log-like per frame for utterance 20030010_618 is -4.82244 over 824 frames.
20030010_619 گھسیٹ اشجار مدعیان پنجابی نتیجے ہیں 
LOG (gmm-latgen-faster[5.5.907~1-cbed4]:DecodeUtteranceLatticeFaster():decoder-wrappers.cc:375) Log-like per frame for utterance 20030010_619 is -4.66933 over 519 frames.
20030010_620 چیل منیجر کے منظم بویا کی میں گوبر خضوع آشوب کی کیا لالچی 
LOG (gmm-latgen-faster[5.5.907~1-cbed4]:DecodeUtteranceLatticeFaster():decoder-wrappers.cc:375) Log-like per frame for utterance 20030010_620 is -4.98512 over 820 frames.
20030010_621 میں مجوزہ تشبیہ منتظر چین گہماگہمی ویزے دوردراز اور جہانگیر ملازمت کے کی 
LOG (gmm-latgen-faster[5.5.907~1-cbed4]:DecodeUtteranceLatticeFaster():decoder-wrappers.cc:375) Log-like per frame for utterance 20030010_621 is -4.88887 over 1024 frames.
20030010_622 کو چیئرمین ڈالتے کے تجربہ رسیدہ کے پالیسی جاگزیں 
LOG (gmm-latgen-faster[5.5.907~1-cbed4]:DecodeUtteranceLatticeFaster():decoder-wrappers.cc:375) Log-like per frame for utterance 20030010_622 is -5.15378 over 764 frames.
20030010_623 قدآدم کر دارلخلافہ سوئس تھانیدار نشاندہی کیا 
LOG (gmm-latgen-faster[5.5.907~1-cbed4]:DecodeUtteranceLatticeFaster():decoder-wrappers.cc:375) Log-like per frame for utterance 20030010_623 is -4.79272 over 664 frames.
20030010_624 حفاظ تسلسل سے درخواست وزارت حدود کے پیشگوئیاں میں مشروبات 
LOG (gmm-latgen-faster[5.5.907~1-cbed4]:DecodeUtteranceLatticeFaster():decoder-wrappers.cc:375) Log-like per frame for utterance 20030010_624 is -4.74819 over 790 frames.
20030010_625 کی زلزلے کی چلچلاتی گدے گردیزی مجموعہ کے ہو گیا 
LOG (gmm-latgen-faster[5.5.907~1-cbed4]:DecodeUtteranceLatticeFaster():decoder-wrappers.cc:375) Log-like per frame for utterance 20030010_625 is -4.8224 over 665 frames.
20030010_626 پرخچے گٹھلیاں دودھ شیرخوار سمجھا 
LOG (gmm-latgen-faster[5.5.907~1-cbed4]:DecodeUtteranceLatticeFaster():decoder-wrappers.cc:375) Log-like per frame for utterance 20030010_626 is -4.76276 over 465 frames.
20030010_627 سے ٹریولرز کے ملبوسات کے ہرادھنیا سے بلونگڑے کو فوبیا گیا 
LOG (gmm-latgen-faster[5.5.907~1-cbed4]:DecodeUtteranceLatticeFaster():decoder-wrappers.cc:375) Log-like per frame for utterance 20030010_627 is -4.69816 over 712 frames.
20030010_628 درستگی بنانے کیلئے سے چلنے خودکشیوں اور کی 
LOG (gmm-latgen-faster[5.5.907~1-cbed4]:DecodeUtteranceLatticeFaster():decoder-wrappers.cc:375) Log-like per frame for utterance 20030010_628 is -4.61572 over 709 frames.
20030010_629 چھیل کے کے کو شعاع کیا فراخدلی سے تنازع خلیفہ نے موجودہ فیضان ٹیچر 
LOG (gmm-latgen-faster[5.5.907~1-cbed4]:DecodeUtteranceLatticeFaster():decoder-wrappers.cc:375) Log-like per frame for utterance 20030010_629 is -4.72148 over 876 frames.
20030010_630 تعین قزلباش اشارہ پر بیچارے کلچر جہانگیر کیا 
LOG (gmm-latgen-faster[5.5.907~1-cbed4]:DecodeUtteranceLatticeFaster():decoder-wrappers.cc:375) Log-like per frame for utterance 20030010_630 is -4.82722 over 668 frames.
20030010_631 سیاسی فوراً گالف کے دیکھنے تحفتا کے خیرخواہ سے کیلئے سے سے معطل چائلڈ ہے 
LOG (gmm-latgen-faster[5.5.907~1-cbed4]:DecodeUtteranceLatticeFaster():decoder-wrappers.cc:375) Log-like per frame for utterance 20030010_631 is -4.86132 over 964 frames.
20030010_632 زیادہ لیتا تقویت کی حجت چھولے جید جاتا خشوع موصول چھوڑیں بغیر دیکھیں 
LOG (gmm-latgen-faster[5.5.907~1-cbed4]:DecodeUtteranceLatticeFaster():decoder-wrappers.cc:375) Log-like per frame for utterance 20030010_632 is -4.90483 over 1219 frames.
20030010_633 دلفریب بگاڑنے تلخیاں کی کی کے اور غذاؤں کی قوس کسی سوئنگ کے نیچے 
LOG (gmm-latgen-faster[5.5.907~1-cbed4]:DecodeUtteranceLatticeFaster():decoder-wrappers.cc:375) Log-like per frame for utterance 20030010_633 is -4.54372 over 1056 frames.
20030010_634 کمیشن جشن کے سامنے ڈوڈیاں کی بدل پر کرتے ہیں 
LOG (gmm-latgen-faster[5.5.907~1-cbed4]:DecodeUtteranceLatticeFaster():decoder-wrappers.cc:375) Log-like per frame for utterance 20030010_634 is -4.72069 over 708 frames.
20030010_635 پاس تنفس جیلانی اور میں بیچے پارلیمنٹرین سے سکتیں 
LOG (gmm-latgen-faster[5.5.907~1-cbed4]:DecodeUtteranceLatticeFaster():decoder-wrappers.cc:375) Log-like per frame for utterance 20030010_635 is -4.72994 over 722 frames.
20030010_636 پروفیشنل چندھیا چمڑے سے سوچا کا تو کا عفو 
LOG (gmm-latgen-faster[5.5.907~1-cbed4]:DecodeUtteranceLatticeFaster():decoder-wrappers.cc:375) Log-like per frame for utterance 20030010_636 is -4.67235 over 677 frames.
20030010_637 کتابچہ نوچندی نمو کیجیے کے سے کرتے ہوئے 
LOG (gmm-latgen-faster[5.5.907~1-cbed4]:DecodeUtteranceLatticeFaster():decoder-wrappers.cc:375) Log-like per frame for utterance 20030010_637 is -4.70034 over 703 frames.
20030010_638 پر پہنچتے شیروانی پورے سوئچ اور اور کی اور کھچی کیا سے بچیں 
LOG (gmm-latgen-faster[5.5.907~1-cbed4]:DecodeUtteranceLatticeFaster():decoder-wrappers.cc:375) Log-like per frame for utterance 20030010_638 is -4.84315 over 1134 frames.
20030010_639 ڈیف کے برطرفی کے کے سے تشخیص استغنا بچی دور تسلسل دو سکتیں 
LOG (gmm-latgen-faster[5.5.907~1-cbed4]:DecodeUtteranceLatticeFaster():decoder-wrappers.cc:375) Log-like per frame for utterance 20030010_639 is -4.65843 over 1011 frames.
20030010_640 کا کی خبر جیلانی ضخیم دیسی کونسل کی شعاع درخور کی کوشش کریں 
LOG (gmm-latgen-faster[5.5.907~1-cbed4]:DecodeUtteranceLatticeFaster():decoder-wrappers.cc:375) Log-like per frame for utterance 20030010_640 is -4.6713 over 822 frames.
20030010_641 کوارڈینیٹر ایشوز کرکے خواہش بازیچہ گردیزی 
LOG (gmm-latgen-faster[5.5.907~1-cbed4]:DecodeUtteranceLatticeFaster():decoder-wrappers.cc:375) Log-like per frame for utterance 20030010_641 is -4.75833 over 712 frames.
20030010_642 حفاظت کی مزید کے گردش سے نفوذ کی اور کو کی 
LOG (gmm-latgen-faster[5.5.907~1-cbed4]:DecodeUtteranceLatticeFaster():decoder-wrappers.cc:375) Log-like per frame for utterance 20030010_642 is -4.65346 over 638 frames.
20030010_643 کہا مظفر پڑھئے مخرج سنایا بویا زندگی نہیں 
LOG (gmm-latgen-faster[5.5.907~1-cbed4]:DecodeUtteranceLatticeFaster():decoder-wrappers.cc:375) Log-like per frame for utterance 20030010_643 is -4.6541 over 664 frames.
20030010_644 کے شیرے چیئرمین بھوجپوری اور زیورات کھچڑی کیسی پر سے پر بات کی 
LOG (gmm-latgen-faster[5.5.907~1-cbed4]:DecodeUtteranceLatticeFaster():decoder-wrappers.cc:375) Log-like per frame for utterance 20030010_644 is -4.60041 over 908 frames.
20030010_645 کی کالجز ونڈوز کو پسند طنزومزاح کتابیں کی خواہش سکتیں 
LOG (gmm-latgen-faster[5.5.907~1-cbed4]:DecodeUtteranceLatticeFaster():decoder-wrappers.cc:375) Log-like per frame for utterance 20030010_645 is -4.68899 over 768 frames.
20030010_646 چھاؤنیاں غزلیات کرنے کے بعد لاؤ بیڑیاں میں گارلینڈ طالب گائنی گئی 
LOG (gmm-latgen-faster[5.5.907~1-cbed4]:DecodeUtteranceLatticeFaster():decoder-wrappers.cc:375) Log-like per frame for utterance 20030010_646 is -4.59143 over 734 frames.
20030010_647 کا سے کے تنازعے بلبل جو گردوغبار کریں 
LOG (gmm-latgen-faster[5.5.907~1-cbed4]:DecodeUtteranceLatticeFaster():decoder-wrappers.cc:375) Log-like per frame for utterance 20030010_647 is -4.65913 over 517 frames.
20030010_648 فعلن پچاس بالاخر چیریٹی رہا تھا 
LOG (gmm-latgen-faster[5.5.907~1-cbed4]:DecodeUtteranceLatticeFaster():decoder-wrappers.cc:375) Log-like per frame for utterance 20030010_648 is -4.71282 over 573 frames.
20030010_649 تو خدانخواستہ ایگزیکٹو باتھو آمدنی لگا ہے 
LOG (gmm-latgen-faster[5.5.907~1-cbed4]:DecodeUtteranceLatticeFaster():decoder-wrappers.cc:375) Log-like per frame for utterance 20030010_649 is -4.83377 over 478 frames.
20030010_650 تجزیے پالیسی بآسانی یا کی کے مخفی دعائیہ کیلئے سکولز کا ہے 
LOG (gmm-latgen-faster[5.5.907~1-cbed4]:DecodeUtteranceLatticeFaster():decoder-wrappers.cc:375) Log-like per frame for utterance 20030010_650 is -4.69636 over 870 frames.
20030010_651 کو ایک اور ایمرجنسی قدرتی کتابچے اور میں سے پہلے سعودی چیف 
LOG (gmm-latgen-faster[5.5.907~1-cbed4]:DecodeUtteranceLatticeFaster():decoder-wrappers.cc:375) Log-like per frame for utterance 20030010_651 is -4.57928 over 699 frames.
20030010_652 پیتھالوجی قادیانی ترجمانی میں کا بوگس کبوتر پوچھیں 
LOG (gmm-latgen-faster[5.5.907~1-cbed4]:DecodeUtteranceLatticeFaster():decoder-wrappers.cc:375) Log-like per frame for utterance 20030010_652 is -4.55515 over 777 frames.
20030010_653 پرفارمنس آکسیجن گردیزی چھہتر قصوروار 
LOG (gmm-latgen-faster[5.5.907~1-cbed4]:DecodeUtteranceLatticeFaster():decoder-wrappers.cc:375) Log-like per frame for utterance 20030010_653 is -4.61867 over 638 frames.
20030010_654 کنیئرڈ اشخاص کی اشفاق چنیوٹی سے پر مصر میں کی میں سکتیں 
LOG (gmm-latgen-faster[5.5.907~1-cbed4]:DecodeUtteranceLatticeFaster():decoder-wrappers.cc:375) Log-like per frame for utterance 20030010_654 is -4.56482 over 838 frames.
20030010_655 تلاش کی چنیوٹی ڈیف بجھائی دیش ہے 
LOG (gmm-latgen-faster[5.5.907~1-cbed4]:DecodeUtteranceLatticeFaster():decoder-wrappers.cc:375) Log-like per frame for utterance 20030010_655 is -4.62229 over 465 frames.
20030010_656 بیضے ترمذی ہندوستانی ہوزری مچانے بھی کے ساتھ ہے 
LOG (gmm-latgen-faster[5.5.907~1-cbed4]:DecodeUtteranceLatticeFaster():decoder-wrappers.cc:375) Log-like per frame for utterance 20030010_656 is -4.5413 over 918 frames.
20030010_657 کاروبار طرزفکر کے سرفراز خصوصا ہیں 
LOG (gmm-latgen-faster[5.5.907~1-cbed4]:DecodeUtteranceLatticeFaster():decoder-wrappers.cc:375) Log-like per frame for utterance 20030010_657 is -4.80892 over 540 frames.
20030010_658 گھنگھور کرنے والے بیس کے بعد سزا ہے 
LOG (gmm-latgen-faster[5.5.907~1-cbed4]:DecodeUtteranceLatticeFaster():decoder-wrappers.cc:375) Log-like per frame for utterance 20030010_658 is -4.53454 over 591 frames.
20030010_659 دیکھو فلیچر پوشیدہ خود عورت خوفزدہ بوریت کے سوویں 
LOG (gmm-latgen-faster[5.5.907~1-cbed4]:DecodeUtteranceLatticeFaster():decoder-wrappers.cc:375) Log-like per frame for utterance 20030010_659 is -4.64804 over 779 frames.
20030010_660 کو ایڈونچر براؤزر میرزا 
LOG (gmm-latgen-faster[5.5.907~1-cbed4]:DecodeUtteranceLatticeFaster():decoder-wrappers.cc:375) Log-like per frame for utterance 20030010_660 is -4.704 over 482 frames.
20030010_661 قضہ فیڈریشنز اداکاراؤں پر بنائیں 
LOG (gmm-latgen-faster[5.5.907~1-cbed4]:DecodeUtteranceLatticeFaster():decoder-wrappers.cc:375) Log-like per frame for utterance 20030010_661 is -4.74536 over 578 frames.
20030010_662 تجوریاں پرچیاں سیروسیاحت کی تشہیر گے 
LOG (gmm-latgen-faster[5.5.907~1-cbed4]:DecodeUtteranceLatticeFaster():decoder-wrappers.cc:375) Log-like per frame for utterance 20030010_662 is -4.72476 over 575 frames.
20030010_663 کی گلیشئیر جگہوں جعلسازی کلیجی تجویز کو ہوئے 
LOG (gmm-latgen-faster[5.5.907~1-cbed4]:DecodeUtteranceLatticeFaster():decoder-wrappers.cc:375) Log-like per frame for utterance 20030010_663 is -4.83703 over 656 frames.
20030010_664 پراسیس ڈیزرٹ اطلاعات ویمنز وقعت پیچیدگیوں کے کے کو ہے 
LOG (gmm-latgen-faster[5.5.907~1-cbed4]:DecodeUtteranceLatticeFaster():decoder-wrappers.cc:375) Log-like per frame for utterance 20030010_664 is -4.82109 over 790 frames.
20030010_665 فیض دستاویزی رشید اور ازسرنو 
LOG (gmm-latgen-faster[5.5.907~1-cbed4]:DecodeUtteranceLatticeFaster():decoder-wrappers.cc:375) Log-like per frame for utterance 20030010_665 is -4.71562 over 569 frames.
20030010_666 کو سویٹر چیلہ پراسیس پنگھوڑے 
LOG (gmm-latgen-faster[5.5.907~1-cbed4]:DecodeUtteranceLatticeFaster():decoder-wrappers.cc:375) Log-like per frame for utterance 20030010_666 is -4.84209 over 505 frames.
20030010_667 کے کے کا سے چند چلغوزے چنیوٹی بوسن ہوئے 
LOG (gmm-latgen-faster[5.5.907~1-cbed4]:DecodeUtteranceLatticeFaster():decoder-wrappers.cc:375) Log-like per frame for utterance 20030010_667 is -4.54543 over 731 frames.
20030010_668 چارجز اور نیچے پڑنے بجٹ کہکشاؤں کیا محویت سے جانبدار 
LOG (gmm-latgen-faster[5.5.907~1-cbed4]:DecodeUtteranceLatticeFaster():decoder-wrappers.cc:375) Log-like per frame for utterance 20030010_668 is -4.71079 over 739 frames.
20030010_669 اور خریدوفروخت میوزک کی غیرضروری کیا 
LOG (gmm-latgen-faster[5.5.907~1-cbed4]:DecodeUtteranceLatticeFaster():decoder-wrappers.cc:375) Log-like per frame for utterance 20030010_669 is -4.81245 over 557 frames.
20030010_670 بالواسطہ فیشن ایک ضرورت اور کے کرو 
LOG (gmm-latgen-faster[5.5.907~1-cbed4]:DecodeUtteranceLatticeFaster():decoder-wrappers.cc:375) Log-like per frame for utterance 20030010_670 is -4.80546 over 653 frames.
20030010_671 خوشی سے پہلے سوسائٹی بویا میں کا اثرورسوخ اور تصدق چوری میں گوشے جاؤ 
LOG (gmm-latgen-faster[5.5.907~1-cbed4]:DecodeUtteranceLatticeFaster():decoder-wrappers.cc:375) Log-like per frame for utterance 20030010_671 is -4.84217 over 712 frames.
20030010_672 کی کمیشن جنگوں فقدان بسر ٹوفل برسراقتدار ہے 
LOG (gmm-latgen-faster[5.5.907~1-cbed4]:DecodeUtteranceLatticeFaster():decoder-wrappers.cc:375) Log-like per frame for utterance 20030010_672 is -4.59663 over 626 frames.
20030010_673 پڑھائی جاتی کاکلیں جو سنگھاسن کیلئے پر ہے 
LOG (gmm-latgen-faster[5.5.907~1-cbed4]:DecodeUtteranceLatticeFaster():decoder-wrappers.cc:375) Log-like per frame for utterance 20030010_673 is -4.51734 over 621 frames.
20030010_674 تشنج دارومدار پچھتر کاروبار کی حسینی کی کوشش کی 
LOG (gmm-latgen-faster[5.5.907~1-cbed4]:DecodeUtteranceLatticeFaster():decoder-wrappers.cc:375) Log-like per frame for utterance 20030010_674 is -4.62615 over 777 frames.
20030010_675 تاجروں کی کیلئے پر سوچے کرتا کرتا گاؤں اور ہیں 
LOG (gmm-latgen-faster[5.5.907~1-cbed4]:DecodeUtteranceLatticeFaster():decoder-wrappers.cc:375) Log-like per frame for utterance 20030010_675 is -4.63228 over 686 frames.
20030010_676 کی ایشز چیچن کیچڑ زوال میں رنجش چمڑے پر کی 
LOG (gmm-latgen-faster[5.5.907~1-cbed4]:DecodeUtteranceLatticeFaster():decoder-wrappers.cc:375) Log-like per frame for utterance 20030010_676 is -4.70712 over 587 frames.
20030010_677 گلستان ایشیائیوں کی بوئے مگر بعدازاں مذہبی بحرانی کے بعد سمجھتے کیا 
LOG (gmm-latgen-faster[5.5.907~1-cbed4]:DecodeUtteranceLatticeFaster():decoder-wrappers.cc:375) Log-like per frame for utterance 20030010_677 is -4.60255 over 788 frames.
20030010_678 سرفہرست اور کے کے پاس زوال نظرثانی کے لیے کھائیں کچیلے جیسے مشعر کے چھ کریں 
LOG (gmm-latgen-faster[5.5.907~1-cbed4]:DecodeUtteranceLatticeFaster():decoder-wrappers.cc:375) Log-like per frame for utterance 20030010_678 is -4.56175 over 1203 frames.
20030010_679 قومیائے کی تحصیلدار سے کی زچگی 
LOG (gmm-latgen-faster[5.5.907~1-cbed4]:DecodeUtteranceLatticeFaster():decoder-wrappers.cc:375) Log-like per frame for utterance 20030010_679 is -4.70762 over 411 frames.
20030010_680 کوئی بدصورت کنگڈم اور دیکھوں تو پرفارمنس میں کے علاوہ جاتا ہے 
LOG (gmm-latgen-faster[5.5.907~1-cbed4]:DecodeUtteranceLatticeFaster():decoder-wrappers.cc:375) Log-like per frame for utterance 20030010_680 is -4.68876 over 662 frames.
20030010_681 تشنج ایشو خواستگار سوویں گلوبل ترچھی فگار تاثرات 
LOG (gmm-latgen-faster[5.5.907~1-cbed4]:DecodeUtteranceLatticeFaster():decoder-wrappers.cc:375) Log-like per frame for utterance 20030010_681 is -4.62694 over 755 frames.
20030010_682 کی گجراتی متوجہ تناسب جاتا ریورس کے چاول اونچی 
LOG (gmm-latgen-faster[5.5.907~1-cbed4]:DecodeUtteranceLatticeFaster():decoder-wrappers.cc:375) Log-like per frame for utterance 20030010_682 is -4.56037 over 794 frames.
20030010_683 کی سماجی چوکھٹ فیملی پر کی کے کی سے میں کریں 
LOG (gmm-latgen-faster[5.5.907~1-cbed4]:DecodeUtteranceLatticeFaster():decoder-wrappers.cc:375) Log-like per frame for utterance 20030010_683 is -4.5998 over 669 frames.
20030010_684 ٹیلیفون فاریسٹ استفہامیہ کی طرح تعاقب 
LOG (gmm-latgen-faster[5.5.907~1-cbed4]:DecodeUtteranceLatticeFaster():decoder-wrappers.cc:375) Log-like per frame for utterance 20030010_684 is -4.41647 over 673 frames.
20030010_685 دستاویزی بچے بخشے زدہ سنگل دو 
LOG (gmm-latgen-faster[5.5.907~1-cbed4]:DecodeUtteranceLatticeFaster():decoder-wrappers.cc:375) Log-like per frame for utterance 20030010_685 is -4.64473 over 522 frames.
20030010_686 سفیدے ضخیم کی کوشش سماوی میں سے جوش خوشہ پوچھوں 
LOG (gmm-latgen-faster[5.5.907~1-cbed4]:DecodeUtteranceLatticeFaster():decoder-wrappers.cc:375) Log-like per frame for utterance 20030010_686 is -4.64068 over 671 frames.
20030010_687 ساغر سبب سیروسیاحت پنگھوڑے کب چراغ درخواست سیکھا کر توجہ مصور کریں 
LOG (gmm-latgen-faster[5.5.907~1-cbed4]:DecodeUtteranceLatticeFaster():decoder-wrappers.cc:375) Log-like per frame for utterance 20030010_687 is -4.75123 over 885 frames.
20030010_688 تکلف کی چمچہ قاسم چڑیا مزارعوں اور کی چیخنے میں خام کے علاقے باغیچہ ہیں 
LOG (gmm-latgen-faster[5.5.907~1-cbed4]:DecodeUtteranceLatticeFaster():decoder-wrappers.cc:375) Log-like per frame for utterance 20030010_688 is -4.61983 over 1064 frames.
20030010_689 بھجن کے اجازت یزدانی اور اثاثوں فصلیں پرچم کلچر 
LOG (gmm-latgen-faster[5.5.907~1-cbed4]:DecodeUtteranceLatticeFaster():decoder-wrappers.cc:375) Log-like per frame for utterance 20030010_689 is -4.82197 over 625 frames.
20030010_690 کی پچھتر شور ترجمانی جاتا ہے 
LOG (gmm-latgen-faster[5.5.907~1-cbed4]:DecodeUtteranceLatticeFaster():decoder-wrappers.cc:375) Log-like per frame for utterance 20030010_690 is -4.84416 over 384 frames.
20030010_691 سیورج سے کیا فاجر دنیاوی سے قضہ طلب بینات میں ٹھونس دیئے 
LOG (gmm-latgen-faster[5.5.907~1-cbed4]:DecodeUtteranceLatticeFaster():decoder-wrappers.cc:375) Log-like per frame for utterance 20030010_691 is -4.59146 over 712 frames.
20030010_692 تخلص تھانیدار میں سبسڈی سرکاری کے بعد کی خاطر بڑھاوں 
LOG (gmm-latgen-faster[5.5.907~1-cbed4]:DecodeUtteranceLatticeFaster():decoder-wrappers.cc:375) Log-like per frame for utterance 20030010_692 is -4.66311 over 703 frames.
20030010_693 پیدا کے سیاست آرتھوپیڈک قدآدم دو 
LOG (gmm-latgen-faster[5.5.907~1-cbed4]:DecodeUtteranceLatticeFaster():decoder-wrappers.cc:375) Log-like per frame for utterance 20030010_693 is -4.57636 over 493 frames.
20030010_694 تصور اژدھا تساہل جس کی تعاقب چنگل بنائیں 
LOG (gmm-latgen-faster[5.5.907~1-cbed4]:DecodeUtteranceLatticeFaster():decoder-wrappers.cc:375) Log-like per frame for utterance 20030010_694 is -4.63253 over 853 frames.
20030010_695 ہچکچاہٹ جانے پنجروں پر چیچک قوانین پہنچاؤں 
LOG (gmm-latgen-faster[5.5.907~1-cbed4]:DecodeUtteranceLatticeFaster():decoder-wrappers.cc:375) Log-like per frame for utterance 20030010_695 is -4.59681 over 596 frames.
20030010_696 تجربہ سے کے ریزروز میں مصروف بنانے کیلئے افسران چھیاسیویں گا 
LOG (gmm-latgen-faster[5.5.907~1-cbed4]:DecodeUtteranceLatticeFaster():decoder-wrappers.cc:375) Log-like per frame for utterance 20030010_696 is -4.52582 over 612 frames.
20030010_697 بھرتا سے جلدازجلد انتقال ہو گا 
LOG (gmm-latgen-faster[5.5.907~1-cbed4]:DecodeUtteranceLatticeFaster():decoder-wrappers.cc:375) Log-like per frame for utterance 20030010_697 is -4.53337 over 465 frames.
20030010_698 بعدازاں دبیز شگاف بروز تاجر زمینداروں 
LOG (gmm-latgen-faster[5.5.907~1-cbed4]:DecodeUtteranceLatticeFaster():decoder-wrappers.cc:375) Log-like per frame for utterance 20030010_698 is -4.44536 over 474 frames.
20030010_699 تجزیوں صفحہ کیچڑ میں دریچے کے کرنے میں جستجو 
LOG (gmm-latgen-faster[5.5.907~1-cbed4]:DecodeUtteranceLatticeFaster():decoder-wrappers.cc:375) Log-like per frame for utterance 20030010_699 is -4.62668 over 587 frames.
20030010_700 کو شاخوں کی تدفین تغافل جھڑپ اور خصوصا کو 
LOG (gmm-latgen-faster[5.5.907~1-cbed4]:DecodeUtteranceLatticeFaster():decoder-wrappers.cc:375) Log-like per frame for utterance 20030010_700 is -4.74817 over 561 frames.
20030010_701 سازوسامان وظیفہ مدد چیزیں تھیوا ہیں بعض غدودوں وزراء 
LOG (gmm-latgen-faster[5.5.907~1-cbed4]:DecodeUtteranceLatticeFaster():decoder-wrappers.cc:375) Log-like per frame for utterance 20030010_701 is -4.48248 over 808 frames.
20030010_702 کیفے صفوں بچی دھوپ میں کھڑے خوشہ زوردار بشمول 
LOG (gmm-latgen-faster[5.5.907~1-cbed4]:DecodeUtteranceLatticeFaster():decoder-wrappers.cc:375) Log-like per frame for utterance 20030010_702 is -4.6149 over 608 frames.
LOG (apply-cmvn[5.5.907~1-cbed4]:main():apply-cmvn.cc:162) Applied cepstral mean normalization to 108 utterances, errors on 0
20030010_703 کیا جیسے کلیدی چینی کے گردوغبار ضرورت ہے 
LOG (gmm-latgen-faster[5.5.907~1-cbed4]:DecodeUtteranceLatticeFaster():decoder-wrappers.cc:375) Log-like per frame for utterance 20030010_703 is -4.52457 over 647 frames.
20030010_704 چاہیے سے شدہ ریورس جھمکے کے انظباتی چراغاں پاس ہے 
LOG (gmm-latgen-faster[5.5.907~1-cbed4]:DecodeUtteranceLatticeFaster():decoder-wrappers.cc:375) Log-like per frame for utterance 20030010_704 is -4.58827 over 766 frames.
20030010_705 باخبر انٹرفیس تجارت کا خصوصا کریں 
LOG (gmm-latgen-faster[5.5.907~1-cbed4]:DecodeUtteranceLatticeFaster():decoder-wrappers.cc:375) Log-like per frame for utterance 20030010_705 is -4.65107 over 578 frames.
20030010_706 پرچیز کیفے استفادے بخدمت میں جاؤ 
LOG (gmm-latgen-faster[5.5.907~1-cbed4]:DecodeUtteranceLatticeFaster():decoder-wrappers.cc:375) Log-like per frame for utterance 20030010_706 is -4.66953 over 627 frames.
LOG (transform-feats[5.5.907~1-cbed4]:main():transform-feats.cc:158) Overall average [pseudo-]logdet is -79.8253 over 76636 frames.
LOG (transform-feats[5.5.907~1-cbed4]:main():transform-feats.cc:161) Applied transform to 108 utterances; 0 had errors.
20030010_707 کا زلیخا تبلیغی معاملات کریں 
LOG (gmm-latgen-faster[5.5.907~1-cbed4]:DecodeUtteranceLatticeFaster():decoder-wrappers.cc:375) Log-like per frame for utterance 20030010_707 is -4.58914 over 449 frames.
LOG (transform-feats[5.5.907~1-cbed4]:main():transform-feats.cc:158) Overall average logdet is -2.33414 over 76636 frames.
LOG (transform-feats[5.5.907~1-cbed4]:main():transform-feats.cc:161) Applied transform to 108 utterances; 0 had errors.
20030010_708 چمچے نظر گرمجوشی پاسداری خاموش سمجھائیں 
LOG (gmm-latgen-faster[5.5.907~1-cbed4]:DecodeUtteranceLatticeFaster():decoder-wrappers.cc:375) Log-like per frame for utterance 20030010_708 is -4.67398 over 548 frames.
LOG (gmm-latgen-faster[5.5.907~1-cbed4]:main():gmm-latgen-faster.cc:176) Time taken 1500.12s: real-time factor assuming 100 frames/sec is 1.95746
LOG (gmm-latgen-faster[5.5.907~1-cbed4]:main():gmm-latgen-faster.cc:179) Done 108 utterances, failed for 0
LOG (gmm-latgen-faster[5.5.907~1-cbed4]:main():gmm-latgen-faster.cc:181) Overall log-likelihood per frame is -4.71111 over 76636 frames.
# Accounting: time=1500 threads=1
# Ended (code 0) at Thu Apr 22 10:55:03 PKT 2021, elapsed time 1500 seconds
