# lattice-determinize-pruned --acoustic-scale=0.083333 --beam=4.0 "ark:gunzip -c exp/tri3/decode/lat.tmp.4.gz|" ark:- | lattice-to-post --acoustic-scale=0.083333 ark:- ark:- | weight-silence-post 0.01 1:2:3:4:5:6:7:8:9:10 exp/tri3/final.mdl ark:- ark:- | gmm-est-fmllr --fmllr-update-type=full --spk2utt=ark:data/test/split4/4/spk2utt exp/tri3/final.mdl "ark,s,cs:apply-cmvn  --utt2spk=ark:data/test/split4/4/utt2spk scp:data/test/split4/4/cmvn.scp scp:data/test/split4/4/feats.scp ark:- | splice-feats  ark:- ark:- | transform-feats exp/tri3/final.mat ark:- ark:- | transform-feats --utt2spk=ark:data/test/split4/4/utt2spk ark:exp/tri3/decode/pre_trans.4 ark:- ark:- |" ark,s,cs:- ark:exp/tri3/decode/trans_tmp.4 && compose-transforms --b-is-affine=true ark:exp/tri3/decode/trans_tmp.4 ark:exp/tri3/decode/pre_trans.4 ark:exp/tri3/decode/trans.4 
# Started at Thu Apr 22 11:05:22 PKT 2021
#
weight-silence-post 0.01 1:2:3:4:5:6:7:8:9:10 exp/tri3/final.mdl ark:- ark:- 
lattice-determinize-pruned --acoustic-scale=0.083333 --beam=4.0 'ark:gunzip -c exp/tri3/decode/lat.tmp.4.gz|' ark:- 
gmm-est-fmllr --fmllr-update-type=full --spk2utt=ark:data/test/split4/4/spk2utt exp/tri3/final.mdl 'ark,s,cs:apply-cmvn  --utt2spk=ark:data/test/split4/4/utt2spk scp:data/test/split4/4/cmvn.scp scp:data/test/split4/4/feats.scp ark:- | splice-feats  ark:- ark:- | transform-feats exp/tri3/final.mat ark:- ark:- | transform-feats --utt2spk=ark:data/test/split4/4/utt2spk ark:exp/tri3/decode/pre_trans.4 ark:- ark:- |' ark,s,cs:- ark:exp/tri3/decode/trans_tmp.4 
lattice-to-post --acoustic-scale=0.083333 ark:- ark:- 
splice-feats ark:- ark:- 
transform-feats exp/tri3/final.mat ark:- ark:- 
transform-feats --utt2spk=ark:data/test/split4/4/utt2spk ark:exp/tri3/decode/pre_trans.4 ark:- ark:- 
apply-cmvn --utt2spk=ark:data/test/split4/4/utt2spk scp:data/test/split4/4/cmvn.scp scp:data/test/split4/4/feats.scp ark:- 
LOG (lattice-determinize-pruned[5.5.907~1-cbed4]:RebuildRepository():determinize-lattice-pruned.cc:287) Rebuilding repository.
LOG (lattice-determinize-pruned[5.5.907~1-cbed4]:RebuildRepository():determinize-lattice-pruned.cc:287) Rebuilding repository.
LOG (lattice-determinize-pruned[5.5.907~1-cbed4]:RebuildRepository():determinize-lattice-pruned.cc:287) Rebuilding repository.
LOG (lattice-determinize-pruned[5.5.907~1-cbed4]:RebuildRepository():determinize-lattice-pruned.cc:287) Rebuilding repository.
LOG (lattice-determinize-pruned[5.5.907~1-cbed4]:RebuildRepository():determinize-lattice-pruned.cc:287) Rebuilding repository.
LOG (lattice-determinize-pruned[5.5.907~1-cbed4]:RebuildRepository():determinize-lattice-pruned.cc:287) Rebuilding repository.
LOG (lattice-determinize-pruned[5.5.907~1-cbed4]:RebuildRepository():determinize-lattice-pruned.cc:287) Rebuilding repository.
LOG (lattice-determinize-pruned[5.5.907~1-cbed4]:RebuildRepository():determinize-lattice-pruned.cc:287) Rebuilding repository.
LOG (lattice-determinize-pruned[5.5.907~1-cbed4]:RebuildRepository():determinize-lattice-pruned.cc:287) Rebuilding repository.
LOG (lattice-determinize-pruned[5.5.907~1-cbed4]:RebuildRepository():determinize-lattice-pruned.cc:287) Rebuilding repository.
LOG (lattice-determinize-pruned[5.5.907~1-cbed4]:RebuildRepository():determinize-lattice-pruned.cc:287) Rebuilding repository.
LOG (lattice-determinize-pruned[5.5.907~1-cbed4]:RebuildRepository():determinize-lattice-pruned.cc:287) Rebuilding repository.
LOG (lattice-determinize-pruned[5.5.907~1-cbed4]:RebuildRepository():determinize-lattice-pruned.cc:287) Rebuilding repository.
LOG (lattice-determinize-pruned[5.5.907~1-cbed4]:RebuildRepository():determinize-lattice-pruned.cc:287) Rebuilding repository.
LOG (lattice-determinize-pruned[5.5.907~1-cbed4]:RebuildRepository():determinize-lattice-pruned.cc:287) Rebuilding repository.
LOG (lattice-determinize-pruned[5.5.907~1-cbed4]:RebuildRepository():determinize-lattice-pruned.cc:287) Rebuilding repository.
LOG (lattice-determinize-pruned[5.5.907~1-cbed4]:RebuildRepository():determinize-lattice-pruned.cc:287) Rebuilding repository.
LOG (lattice-determinize-pruned[5.5.907~1-cbed4]:RebuildRepository():determinize-lattice-pruned.cc:287) Rebuilding repository.
WARNING (lattice-determinize-pruned[5.5.907~1-cbed4]:CheckMemoryUsage():determinize-lattice-pruned.cc:320) Did not reach requested beam in determinize-lattice: size exceeds maximum 50000000 bytes; (repo,arcs,elems) = (45479040,19648,8268240), after rebuilding, repo size was 32684640, effective beam was 2.7142 vs. requested beam 4
WARNING (lattice-determinize-pruned[5.5.907~1-cbed4]:main():lattice-determinize-pruned.cc:119) For key 20030013_612, determinization did not succeed(partial output will be pruned tighter than the specified beam.)
LOG (lattice-determinize-pruned[5.5.907~1-cbed4]:RebuildRepository():determinize-lattice-pruned.cc:287) Rebuilding repository.
LOG (lattice-determinize-pruned[5.5.907~1-cbed4]:RebuildRepository():determinize-lattice-pruned.cc:287) Rebuilding repository.
LOG (lattice-determinize-pruned[5.5.907~1-cbed4]:RebuildRepository():determinize-lattice-pruned.cc:287) Rebuilding repository.
LOG (lattice-determinize-pruned[5.5.907~1-cbed4]:RebuildRepository():determinize-lattice-pruned.cc:287) Rebuilding repository.
LOG (lattice-determinize-pruned[5.5.907~1-cbed4]:RebuildRepository():determinize-lattice-pruned.cc:287) Rebuilding repository.
WARNING (lattice-determinize-pruned[5.5.907~1-cbed4]:CheckMemoryUsage():determinize-lattice-pruned.cc:320) Did not reach requested beam in determinize-lattice: size exceeds maximum 50000000 bytes; (repo,arcs,elems) = (43599616,28928,8016744), after rebuilding, repo size was 33802400, effective beam was 3.31464 vs. requested beam 4
WARNING (lattice-determinize-pruned[5.5.907~1-cbed4]:main():lattice-determinize-pruned.cc:119) For key 20030013_614, determinization did not succeed(partial output will be pruned tighter than the specified beam.)
LOG (lattice-determinize-pruned[5.5.907~1-cbed4]:RebuildRepository():determinize-lattice-pruned.cc:287) Rebuilding repository.
LOG (lattice-determinize-pruned[5.5.907~1-cbed4]:RebuildRepository():determinize-lattice-pruned.cc:287) Rebuilding repository.
LOG (lattice-determinize-pruned[5.5.907~1-cbed4]:RebuildRepository():determinize-lattice-pruned.cc:287) Rebuilding repository.
LOG (lattice-determinize-pruned[5.5.907~1-cbed4]:RebuildRepository():determinize-lattice-pruned.cc:287) Rebuilding repository.
WARNING (lattice-determinize-pruned[5.5.907~1-cbed4]:CheckMemoryUsage():determinize-lattice-pruned.cc:320) Did not reach requested beam in determinize-lattice: size exceeds maximum 50000000 bytes; (repo,arcs,elems) = (44493312,19776,7645680), after rebuilding, repo size was 34407712, effective beam was 2.80404 vs. requested beam 4
WARNING (lattice-determinize-pruned[5.5.907~1-cbed4]:main():lattice-determinize-pruned.cc:119) For key 20030013_617, determinization did not succeed(partial output will be pruned tighter than the specified beam.)
LOG (lattice-determinize-pruned[5.5.907~1-cbed4]:RebuildRepository():determinize-lattice-pruned.cc:287) Rebuilding repository.
LOG (lattice-determinize-pruned[5.5.907~1-cbed4]:RebuildRepository():determinize-lattice-pruned.cc:287) Rebuilding repository.
LOG (lattice-determinize-pruned[5.5.907~1-cbed4]:RebuildRepository():determinize-lattice-pruned.cc:287) Rebuilding repository.
LOG (lattice-determinize-pruned[5.5.907~1-cbed4]:RebuildRepository():determinize-lattice-pruned.cc:287) Rebuilding repository.
LOG (lattice-determinize-pruned[5.5.907~1-cbed4]:RebuildRepository():determinize-lattice-pruned.cc:287) Rebuilding repository.
WARNING (lattice-determinize-pruned[5.5.907~1-cbed4]:CheckMemoryUsage():determinize-lattice-pruned.cc:320) Did not reach requested beam in determinize-lattice: size exceeds maximum 50000000 bytes; (repo,arcs,elems) = (46115808,43776,8583192), after rebuilding, repo size was 31901888, effective beam was 3.68601 vs. requested beam 4
WARNING (lattice-determinize-pruned[5.5.907~1-cbed4]:main():lattice-determinize-pruned.cc:119) For key 20030013_619, determinization did not succeed(partial output will be pruned tighter than the specified beam.)
LOG (lattice-determinize-pruned[5.5.907~1-cbed4]:RebuildRepository():determinize-lattice-pruned.cc:287) Rebuilding repository.
LOG (lattice-determinize-pruned[5.5.907~1-cbed4]:RebuildRepository():determinize-lattice-pruned.cc:287) Rebuilding repository.
LOG (lattice-determinize-pruned[5.5.907~1-cbed4]:RebuildRepository():determinize-lattice-pruned.cc:287) Rebuilding repository.
LOG (lattice-determinize-pruned[5.5.907~1-cbed4]:RebuildRepository():determinize-lattice-pruned.cc:287) Rebuilding repository.
LOG (lattice-determinize-pruned[5.5.907~1-cbed4]:RebuildRepository():determinize-lattice-pruned.cc:287) Rebuilding repository.
LOG (lattice-determinize-pruned[5.5.907~1-cbed4]:RebuildRepository():determinize-lattice-pruned.cc:287) Rebuilding repository.
LOG (lattice-determinize-pruned[5.5.907~1-cbed4]:RebuildRepository():determinize-lattice-pruned.cc:287) Rebuilding repository.
LOG (lattice-determinize-pruned[5.5.907~1-cbed4]:RebuildRepository():determinize-lattice-pruned.cc:287) Rebuilding repository.
LOG (lattice-determinize-pruned[5.5.907~1-cbed4]:RebuildRepository():determinize-lattice-pruned.cc:287) Rebuilding repository.
LOG (lattice-determinize-pruned[5.5.907~1-cbed4]:RebuildRepository():determinize-lattice-pruned.cc:287) Rebuilding repository.
LOG (lattice-determinize-pruned[5.5.907~1-cbed4]:RebuildRepository():determinize-lattice-pruned.cc:287) Rebuilding repository.
LOG (lattice-determinize-pruned[5.5.907~1-cbed4]:RebuildRepository():determinize-lattice-pruned.cc:287) Rebuilding repository.
LOG (lattice-determinize-pruned[5.5.907~1-cbed4]:RebuildRepository():determinize-lattice-pruned.cc:287) Rebuilding repository.
LOG (lattice-determinize-pruned[5.5.907~1-cbed4]:RebuildRepository():determinize-lattice-pruned.cc:287) Rebuilding repository.
LOG (lattice-determinize-pruned[5.5.907~1-cbed4]:RebuildRepository():determinize-lattice-pruned.cc:287) Rebuilding repository.
LOG (lattice-determinize-pruned[5.5.907~1-cbed4]:RebuildRepository():determinize-lattice-pruned.cc:287) Rebuilding repository.
LOG (lattice-determinize-pruned[5.5.907~1-cbed4]:RebuildRepository():determinize-lattice-pruned.cc:287) Rebuilding repository.
WARNING (lattice-determinize-pruned[5.5.907~1-cbed4]:CheckMemoryUsage():determinize-lattice-pruned.cc:320) Did not reach requested beam in determinize-lattice: size exceeds maximum 50000000 bytes; (repo,arcs,elems) = (44994560,25120,7380192), after rebuilding, repo size was 34025568, effective beam was 3.38284 vs. requested beam 4
WARNING (lattice-determinize-pruned[5.5.907~1-cbed4]:main():lattice-determinize-pruned.cc:119) For key 20030013_642, determinization did not succeed(partial output will be pruned tighter than the specified beam.)
LOG (lattice-determinize-pruned[5.5.907~1-cbed4]:RebuildRepository():determinize-lattice-pruned.cc:287) Rebuilding repository.
LOG (lattice-determinize-pruned[5.5.907~1-cbed4]:RebuildRepository():determinize-lattice-pruned.cc:287) Rebuilding repository.
LOG (lattice-determinize-pruned[5.5.907~1-cbed4]:RebuildRepository():determinize-lattice-pruned.cc:287) Rebuilding repository.
LOG (lattice-determinize-pruned[5.5.907~1-cbed4]:RebuildRepository():determinize-lattice-pruned.cc:287) Rebuilding repository.
LOG (lattice-determinize-pruned[5.5.907~1-cbed4]:RebuildRepository():determinize-lattice-pruned.cc:287) Rebuilding repository.
LOG (lattice-determinize-pruned[5.5.907~1-cbed4]:RebuildRepository():determinize-lattice-pruned.cc:287) Rebuilding repository.
LOG (lattice-determinize-pruned[5.5.907~1-cbed4]:RebuildRepository():determinize-lattice-pruned.cc:287) Rebuilding repository.
LOG (lattice-determinize-pruned[5.5.907~1-cbed4]:RebuildRepository():determinize-lattice-pruned.cc:287) Rebuilding repository.
LOG (lattice-determinize-pruned[5.5.907~1-cbed4]:RebuildRepository():determinize-lattice-pruned.cc:287) Rebuilding repository.
LOG (lattice-determinize-pruned[5.5.907~1-cbed4]:RebuildRepository():determinize-lattice-pruned.cc:287) Rebuilding repository.
LOG (lattice-determinize-pruned[5.5.907~1-cbed4]:RebuildRepository():determinize-lattice-pruned.cc:287) Rebuilding repository.
WARNING (lattice-determinize-pruned[5.5.907~1-cbed4]:CheckMemoryUsage():determinize-lattice-pruned.cc:320) Did not reach requested beam in determinize-lattice: size exceeds maximum 50000000 bytes; (repo,arcs,elems) = (42975904,21248,7978944), after rebuilding, repo size was 32843680, effective beam was 2.66647 vs. requested beam 4
WARNING (lattice-determinize-pruned[5.5.907~1-cbed4]:main():lattice-determinize-pruned.cc:119) For key 20030013_653, determinization did not succeed(partial output will be pruned tighter than the specified beam.)
LOG (lattice-determinize-pruned[5.5.907~1-cbed4]:RebuildRepository():determinize-lattice-pruned.cc:287) Rebuilding repository.
LOG (lattice-determinize-pruned[5.5.907~1-cbed4]:RebuildRepository():determinize-lattice-pruned.cc:287) Rebuilding repository.
LOG (lattice-determinize-pruned[5.5.907~1-cbed4]:RebuildRepository():determinize-lattice-pruned.cc:287) Rebuilding repository.
LOG (lattice-determinize-pruned[5.5.907~1-cbed4]:RebuildRepository():determinize-lattice-pruned.cc:287) Rebuilding repository.
LOG (lattice-determinize-pruned[5.5.907~1-cbed4]:RebuildRepository():determinize-lattice-pruned.cc:287) Rebuilding repository.
LOG (lattice-determinize-pruned[5.5.907~1-cbed4]:RebuildRepository():determinize-lattice-pruned.cc:287) Rebuilding repository.
LOG (lattice-determinize-pruned[5.5.907~1-cbed4]:RebuildRepository():determinize-lattice-pruned.cc:287) Rebuilding repository.
LOG (lattice-determinize-pruned[5.5.907~1-cbed4]:RebuildRepository():determinize-lattice-pruned.cc:287) Rebuilding repository.
LOG (lattice-determinize-pruned[5.5.907~1-cbed4]:RebuildRepository():determinize-lattice-pruned.cc:287) Rebuilding repository.
LOG (lattice-determinize-pruned[5.5.907~1-cbed4]:RebuildRepository():determinize-lattice-pruned.cc:287) Rebuilding repository.
LOG (lattice-determinize-pruned[5.5.907~1-cbed4]:RebuildRepository():determinize-lattice-pruned.cc:287) Rebuilding repository.
LOG (lattice-determinize-pruned[5.5.907~1-cbed4]:RebuildRepository():determinize-lattice-pruned.cc:287) Rebuilding repository.
LOG (lattice-determinize-pruned[5.5.907~1-cbed4]:RebuildRepository():determinize-lattice-pruned.cc:287) Rebuilding repository.
LOG (lattice-determinize-pruned[5.5.907~1-cbed4]:RebuildRepository():determinize-lattice-pruned.cc:287) Rebuilding repository.
LOG (lattice-determinize-pruned[5.5.907~1-cbed4]:RebuildRepository():determinize-lattice-pruned.cc:287) Rebuilding repository.
LOG (lattice-determinize-pruned[5.5.907~1-cbed4]:RebuildRepository():determinize-lattice-pruned.cc:287) Rebuilding repository.
LOG (lattice-determinize-pruned[5.5.907~1-cbed4]:RebuildRepository():determinize-lattice-pruned.cc:287) Rebuilding repository.
LOG (lattice-determinize-pruned[5.5.907~1-cbed4]:RebuildRepository():determinize-lattice-pruned.cc:287) Rebuilding repository.
LOG (lattice-determinize-pruned[5.5.907~1-cbed4]:RebuildRepository():determinize-lattice-pruned.cc:287) Rebuilding repository.
LOG (lattice-determinize-pruned[5.5.907~1-cbed4]:RebuildRepository():determinize-lattice-pruned.cc:287) Rebuilding repository.
LOG (lattice-determinize-pruned[5.5.907~1-cbed4]:RebuildRepository():determinize-lattice-pruned.cc:287) Rebuilding repository.
LOG (lattice-determinize-pruned[5.5.907~1-cbed4]:RebuildRepository():determinize-lattice-pruned.cc:287) Rebuilding repository.
LOG (lattice-determinize-pruned[5.5.907~1-cbed4]:RebuildRepository():determinize-lattice-pruned.cc:287) Rebuilding repository.
LOG (lattice-determinize-pruned[5.5.907~1-cbed4]:RebuildRepository():determinize-lattice-pruned.cc:287) Rebuilding repository.
LOG (lattice-determinize-pruned[5.5.907~1-cbed4]:RebuildRepository():determinize-lattice-pruned.cc:287) Rebuilding repository.
LOG (lattice-determinize-pruned[5.5.907~1-cbed4]:RebuildRepository():determinize-lattice-pruned.cc:287) Rebuilding repository.
LOG (lattice-determinize-pruned[5.5.907~1-cbed4]:RebuildRepository():determinize-lattice-pruned.cc:287) Rebuilding repository.
LOG (lattice-determinize-pruned[5.5.907~1-cbed4]:RebuildRepository():determinize-lattice-pruned.cc:287) Rebuilding repository.
LOG (lattice-determinize-pruned[5.5.907~1-cbed4]:RebuildRepository():determinize-lattice-pruned.cc:287) Rebuilding repository.
LOG (lattice-determinize-pruned[5.5.907~1-cbed4]:RebuildRepository():determinize-lattice-pruned.cc:287) Rebuilding repository.
WARNING (lattice-determinize-pruned[5.5.907~1-cbed4]:CheckMemoryUsage():determinize-lattice-pruned.cc:320) Did not reach requested beam in determinize-lattice: size exceeds maximum 50000000 bytes; (repo,arcs,elems) = (43422304,40224,8601552), after rebuilding, repo size was 35319392, effective beam was 3.99786 vs. requested beam 4
WARNING (lattice-determinize-pruned[5.5.907~1-cbed4]:main():lattice-determinize-pruned.cc:119) For key 20030013_688, determinization did not succeed(partial output will be pruned tighter than the specified beam.)
LOG (lattice-determinize-pruned[5.5.907~1-cbed4]:RebuildRepository():determinize-lattice-pruned.cc:287) Rebuilding repository.
LOG (lattice-determinize-pruned[5.5.907~1-cbed4]:RebuildRepository():determinize-lattice-pruned.cc:287) Rebuilding repository.
LOG (lattice-determinize-pruned[5.5.907~1-cbed4]:RebuildRepository():determinize-lattice-pruned.cc:287) Rebuilding repository.
LOG (lattice-determinize-pruned[5.5.907~1-cbed4]:RebuildRepository():determinize-lattice-pruned.cc:287) Rebuilding repository.
LOG (lattice-determinize-pruned[5.5.907~1-cbed4]:RebuildRepository():determinize-lattice-pruned.cc:287) Rebuilding repository.
LOG (lattice-determinize-pruned[5.5.907~1-cbed4]:RebuildRepository():determinize-lattice-pruned.cc:287) Rebuilding repository.
LOG (lattice-determinize-pruned[5.5.907~1-cbed4]:RebuildRepository():determinize-lattice-pruned.cc:287) Rebuilding repository.
LOG (apply-cmvn[5.5.907~1-cbed4]:main():apply-cmvn.cc:162) Applied cepstral mean normalization to 108 utterances, errors on 0
LOG (lattice-determinize-pruned[5.5.907~1-cbed4]:RebuildRepository():determinize-lattice-pruned.cc:287) Rebuilding repository.
LOG (transform-feats[5.5.907~1-cbed4]:main():transform-feats.cc:158) Overall average [pseudo-]logdet is -79.8253 over 71279 frames.
LOG (transform-feats[5.5.907~1-cbed4]:main():transform-feats.cc:161) Applied transform to 108 utterances; 0 had errors.
LOG (lattice-determinize-pruned[5.5.907~1-cbed4]:RebuildRepository():determinize-lattice-pruned.cc:287) Rebuilding repository.
LOG (lattice-determinize-pruned[5.5.907~1-cbed4]:RebuildRepository():determinize-lattice-pruned.cc:287) Rebuilding repository.
LOG (transform-feats[5.5.907~1-cbed4]:main():transform-feats.cc:158) Overall average logdet is 3.80063 over 71279 frames.
LOG (transform-feats[5.5.907~1-cbed4]:main():transform-feats.cc:161) Applied transform to 108 utterances; 0 had errors.
LOG (lattice-determinize-pruned[5.5.907~1-cbed4]:main():lattice-determinize-pruned.cc:159) Average input-lattice depth (measured at at state level) is 143.057, output depth is 82.9994, over 71279 frames  (average num-frames = 659.991).
LOG (lattice-determinize-pruned[5.5.907~1-cbed4]:main():lattice-determinize-pruned.cc:164) Done 108 lattices, determinization finished earlier than specified by the beam (or output was empty) on 7 of these.
LOG (lattice-to-post[5.5.907~1-cbed4]:main():lattice-to-post.cc:106) Overall average log-like/frame is -4.62254 over 71279 frames.  Average acoustic like/frame is -4.51128
LOG (lattice-to-post[5.5.907~1-cbed4]:main():lattice-to-post.cc:110) Done 108 lattices.
LOG (weight-silence-post[5.5.907~1-cbed4]:main():weight-silence-post.cc:95) Done 108 posteriors.
LOG (gmm-est-fmllr[5.5.907~1-cbed4]:ComputeFmllrMatrixDiagGmmFull():fmllr-diag-gmm.cc:262) fMLLR objf improvement is 0.0472776 per frame over 54723.3 frames.
LOG (gmm-est-fmllr[5.5.907~1-cbed4]:main():gmm-est-fmllr.cc:143) For speaker 20030013, auxf-impr from fMLLR is 0.0472776, over 54723.3 frames.
LOG (gmm-est-fmllr[5.5.907~1-cbed4]:main():gmm-est-fmllr.cc:188) Done 108 files, 0 with no posts, 0 with other errors.
LOG (gmm-est-fmllr[5.5.907~1-cbed4]:main():gmm-est-fmllr.cc:190) Overall fMLLR auxf impr per frame is 0.0472776 over 54723.3 frames.
compose-transforms --b-is-affine=true ark:exp/tri3/decode/trans_tmp.4 ark:exp/tri3/decode/pre_trans.4 ark:exp/tri3/decode/trans.4 
# Accounting: time=679 threads=1
# Ended (code 0) at Thu Apr 22 11:16:41 PKT 2021, elapsed time 679 seconds
