# lattice-scale --inv-acoustic-scale=12 "ark:gunzip -c exp/tri3/decode.si/lat.*.gz|" ark:- | lattice-add-penalty --word-ins-penalty=0.5 ark:- ark:- | lattice-best-path --word-symbol-table=exp/tri3/graph/words.txt ark:- ark,t:- | utils/int2sym.pl -f 2- exp/tri3/graph/words.txt | cat > exp/tri3/decode.si/scoring_kaldi/penalty_0.5/12.txt 
# Started at Thu Apr 22 10:26:00 PKT 2021
#
lattice-scale --inv-acoustic-scale=12 'ark:gunzip -c exp/tri3/decode.si/lat.*.gz|' ark:- 
lattice-add-penalty --word-ins-penalty=0.5 ark:- ark:- 
lattice-best-path --word-symbol-table=exp/tri3/graph/words.txt ark:- ark,t:- 
LOG (lattice-best-path[5.5.907~1-cbed4]:main():lattice-best-path.cc:99) For utterance 20030004_601, best cost 113.608 + 3736.35 = 3849.95 over 804 frames.
20030004_601 گلوبل کیا بتاؤں جیلانی شنید ریلیف بلی داؤدی پروگریسیو ہیں 
LOG (lattice-best-path[5.5.907~1-cbed4]:main():lattice-best-path.cc:99) For utterance 20030004_602, best cost 126.594 + 4742.79 = 4869.39 over 1000 frames.
20030004_602 بروکلی لائبریری کے ریڈیو بخشی پرچیاں کے اور لیچی دریچے پچاسویں ہیں 
LOG (lattice-best-path[5.5.907~1-cbed4]:main():lattice-best-path.cc:99) For utterance 20030004_603, best cost 90.1351 + 3609.06 = 3699.2 over 782 frames.
20030004_603 شمشاد گردیزی برسراقتدار کارکردگی بےقصور کلچر کیا 
LOG (lattice-best-path[5.5.907~1-cbed4]:main():lattice-best-path.cc:99) For utterance 20030004_604, best cost 78.7151 + 2921.15 = 2999.86 over 638 frames.
20030004_604 جیلانی کے دراوڑی پرسوز چرانے سے اپنے گئی 
LOG (lattice-best-path[5.5.907~1-cbed4]:main():lattice-best-path.cc:99) For utterance 20030004_605, best cost 59.8275 + 2348.79 = 2408.62 over 506 frames.
20030004_605 سوزش اوورلوڈنگ پیشنگوئی کی کرتا ہے 
LOG (lattice-best-path[5.5.907~1-cbed4]:main():lattice-best-path.cc:99) For utterance 20030004_606, best cost 81.2755 + 2591.53 = 2672.81 over 554 frames.
20030004_606 گرویدہ پروگریسیو تذلیل دستاویزی بڑی گزیر تھا 
LOG (lattice-best-path[5.5.907~1-cbed4]:main():lattice-best-path.cc:99) For utterance 20030004_607, best cost 70.3768 + 1970.82 = 2041.19 over 428 frames.
20030004_607 تصفیے کی اور کی زرقاوی لاابالی جیب 
LOG (lattice-best-path[5.5.907~1-cbed4]:main():lattice-best-path.cc:99) For utterance 20030004_608, best cost 86.9262 + 2695.3 = 2782.23 over 578 frames.
20030004_608 پرتعیش کیلئے لوگو خوشگوار جڑی دلجوئی کو کیں 
LOG (lattice-best-path[5.5.907~1-cbed4]:main():lattice-best-path.cc:99) For utterance 20030004_609, best cost 107.261 + 3510.59 = 3617.85 over 746 frames.
20030004_609 کے شمولیت لالچی رسولی کلیئر کی چکے سوغات صیاد کیا 
LOG (lattice-best-path[5.5.907~1-cbed4]:main():lattice-best-path.cc:99) For utterance 20030004_610, best cost 105.122 + 3326.93 = 3432.05 over 740 frames.
20030004_610 بااثر ایک شیرخوار پیچیدہ ملیریا نیچے ریسرچ کے لیے صاحب 
LOG (lattice-best-path[5.5.907~1-cbed4]:main():lattice-best-path.cc:99) For utterance 20030004_611, best cost 87.3131 + 3138.73 = 3226.04 over 699 frames.
20030004_611 حسینی افسوس دریچے کے دوران کی پرچیز چمچے 
LOG (lattice-best-path[5.5.907~1-cbed4]:main():lattice-best-path.cc:99) For utterance 20030004_612, best cost 101.14 + 3380.52 = 3481.66 over 740 frames.
20030004_612 تبدیلی ورزش سے ڈالنے چڑھاؤ شروع توقع کیلئے چراغاں ہیں 
LOG (lattice-best-path[5.5.907~1-cbed4]:main():lattice-best-path.cc:99) For utterance 20030004_613, best cost 74.1705 + 2424.9 = 2499.08 over 534 frames.
20030004_613 قیامت فولاد کو ذوالجلال تشبیہ انقلاب 
LOG (lattice-best-path[5.5.907~1-cbed4]:main():lattice-best-path.cc:99) For utterance 20030004_614, best cost 87.9905 + 2555.39 = 2643.38 over 547 frames.
20030004_614 بندوق فیشن کے کا کے ساتھ سوجن سمجھو فتحیاب 
LOG (lattice-best-path[5.5.907~1-cbed4]:main():lattice-best-path.cc:99) For utterance 20030004_615, best cost 129.829 + 4295.59 = 4425.42 over 941 frames.
20030004_615 پراٹھا شہزادی ٹیچر مسلسل سومرو زیرغور جوبلی حالانکہ دلجوئی کوآرڈینیٹر 
LOG (lattice-best-path[5.5.907~1-cbed4]:main():lattice-best-path.cc:99) For utterance 20030004_616, best cost 127.258 + 4036.07 = 4163.33 over 890 frames.
20030004_616 ترجمان اور میڈیسن اور نیلوفر روضہ سے دیسی بدسلوکی ماخذ ترقیات کیا 
LOG (lattice-best-path[5.5.907~1-cbed4]:main():lattice-best-path.cc:99) For utterance 20030004_617, best cost 87.1604 + 2533.28 = 2620.44 over 569 frames.
20030004_617 خیمے کارپوریشن کے بدچلنی روے کارخیر سیاسی ہیں 
LOG (lattice-best-path[5.5.907~1-cbed4]:main():lattice-best-path.cc:99) For utterance 20030004_618, best cost 114.625 + 3555.46 = 3670.08 over 792 frames.
20030004_618 خانگی کبڈی سے روشناس میچور اقتصادی کرنے کے بعد ہجرت پرچیاں ہیں 
LOG (lattice-best-path[5.5.907~1-cbed4]:main():lattice-best-path.cc:99) For utterance 20030004_619, best cost 65.5879 + 2338.33 = 2403.92 over 524 frames.
20030004_619 تیزی کے شیرخوار مدعیان دلجوئی کریں 
LOG (lattice-best-path[5.5.907~1-cbed4]:main():lattice-best-path.cc:99) For utterance 20030004_620, best cost 107.046 + 3132.81 = 3239.85 over 688 frames.
20030004_620 جیلانی کریں اور مصروفیات اور کے منور پرجوش واں کی کیا ہیں 
LOG (lattice-best-path[5.5.907~1-cbed4]:main():lattice-best-path.cc:99) For utterance 20030004_621, best cost 112.611 + 3557.93 = 3670.54 over 757 frames.
20030004_621 گوجر کے ساتھ بےقصور کے بغیر کی زیور سوچا کی آواز کی کے تھیں 
LOG (lattice-best-path[5.5.907~1-cbed4]:main():lattice-best-path.cc:99) For utterance 20030004_622, best cost 86.827 + 2905.64 = 2992.47 over 634 frames.
20030004_622 کو چیتھڑے میں کا اور کے ٹریلر ازسرنو ریزروز ہے 
LOG (lattice-best-path[5.5.907~1-cbed4]:main():lattice-best-path.cc:99) For utterance 20030004_623, best cost 74.1215 + 2266.64 = 2340.77 over 510 frames.
20030004_623 بریگیڈیر پروگرام باذوق برسراقتدار شاہین کیا 
LOG (lattice-best-path[5.5.907~1-cbed4]:main():lattice-best-path.cc:99) For utterance 20030004_624, best cost 97.0494 + 3592.99 = 3690.04 over 768 frames.
20030004_624 تسلسل ایجنسی غوروخوض اور اثرورسوخ کی پیچیدگیوں بشمول تھا 
LOG (lattice-best-path[5.5.907~1-cbed4]:main():lattice-best-path.cc:99) For utterance 20030004_625, best cost 75.0659 + 3157.92 = 3232.98 over 717 frames.
20030004_625 غیرضروری استفادے کیلئے پریذیڈنٹ کے واقعے ہو گیا 
LOG (lattice-best-path[5.5.907~1-cbed4]:main():lattice-best-path.cc:99) For utterance 20030004_626, best cost 64.9137 + 2085.72 = 2150.63 over 463 frames.
20030004_626 پیغمبر سیکورٹی کیا تحصیلدار سلجھائیں 
LOG (lattice-best-path[5.5.907~1-cbed4]:main():lattice-best-path.cc:99) For utterance 20030004_627, best cost 61.9697 + 2802.51 = 2864.48 over 610 frames.
20030004_627 ٹرانسپیرنسی انوکھے اپنی ذوالفقار کیا 
LOG (lattice-best-path[5.5.907~1-cbed4]:main():lattice-best-path.cc:99) For utterance 20030004_628, best cost 92.5731 + 3138.19 = 3230.76 over 710 frames.
20030004_628 قدرتی کرنے والے کیلئے کیلئے خلجی دھجیاں مدفون تھیں 
LOG (lattice-best-path[5.5.907~1-cbed4]:main():lattice-best-path.cc:99) For utterance 20030004_629, best cost 98.9674 + 3376.07 = 3475.04 over 773 frames.
20030004_629 شیرے کے دشوار فراخدلی کے توجہ ڈیویلپر نظریے کریں 
LOG (lattice-best-path[5.5.907~1-cbed4]:main():lattice-best-path.cc:99) For utterance 20030004_630, best cost 84.3063 + 2946.46 = 3030.76 over 661 frames.
20030004_630 کیونکہ ذریعے شاندار بیچارے پچز پالمر کیا 
LOG (lattice-best-path[5.5.907~1-cbed4]:main():lattice-best-path.cc:99) For utterance 20030004_631, best cost 131.638 + 3877.01 = 4008.65 over 905 frames.
20030004_631 سیل سیکھو ریمبو بیٹھی بخاری فیڈریشن بھیجے گزیر سے مرجھا نے کریں 
LOG (lattice-best-path[5.5.907~1-cbed4]:main():lattice-best-path.cc:99) For utterance 20030004_632, best cost 97.5659 + 3819.97 = 3917.53 over 874 frames.
20030004_632 وزیرداخلہ کے لیے کی وجود کوڑیاں مجموعہ کروموسوم کی سویٹر 
LOG (lattice-best-path[5.5.907~1-cbed4]:main():lattice-best-path.cc:99) For utterance 20030004_633, best cost 97.8522 + 3706.62 = 3804.47 over 822 frames.
20030004_633 غیرقانونی کرنے کے لیے بلڈنگ اور فیصد کی اور سیسے کی سے 
LOG (lattice-best-path[5.5.907~1-cbed4]:main():lattice-best-path.cc:99) For utterance 20030004_634, best cost 76.1365 + 2970.2 = 3046.34 over 680 frames.
20030004_634 فلیش کنسورشیم کے ساتھ کی بودلہ کے بدلے کرتے ہیں 
LOG (lattice-best-path[5.5.907~1-cbed4]:main():lattice-best-path.cc:99) For utterance 20030004_635, best cost 77.0152 + 3035.74 = 3112.76 over 684 frames.
20030004_635 خاصے نوچندی گراموفون میموریل اپنے عزیزواقارب 
LOG (lattice-best-path[5.5.907~1-cbed4]:main():lattice-best-path.cc:99) For utterance 20030004_636, best cost 86.906 + 2940.96 = 3027.86 over 677 frames.
20030004_636 پروفیشنل تجوریاں شاہ مریضوں جاتا تو مغفور 
LOG (lattice-best-path[5.5.907~1-cbed4]:main():lattice-best-path.cc:99) For utterance 20030004_637, best cost 70.6919 + 2824.64 = 2895.33 over 652 frames.
20030004_637 بخاری سماوی بدچلنی ناامیدی اسمبلی 
LOG (lattice-best-path[5.5.907~1-cbed4]:main():lattice-best-path.cc:99) For utterance 20030004_638, best cost 87.2239 + 3281.51 = 3368.74 over 709 frames.
20030004_638 کچوکے کی شیروانی پرسوز اور سیکورٹی پر آکسیجن 
LOG (lattice-best-path[5.5.907~1-cbed4]:main():lattice-best-path.cc:99) For utterance 20030004_639, best cost 113.299 + 3412.43 = 3525.73 over 768 frames.
20030004_639 کیفے برطرفی کرکے سے تجویز تصفیے طاغوتی گلدستہ سے پروسیسنگ 
LOG (lattice-best-path[5.5.907~1-cbed4]:main():lattice-best-path.cc:99) For utterance 20030004_640, best cost 104.733 + 3458.18 = 3562.91 over 768 frames.
20030004_640 چور کیا بیٹھی آتشزدگی سے اور سے شواہد کھجوریں ہو سکتا ہے 
LOG (lattice-best-path[5.5.907~1-cbed4]:main():lattice-best-path.cc:99) For utterance 20030004_641, best cost 65.5537 + 2634.35 = 2699.9 over 601 frames.
20030004_641 اور کارپوریشن فوقیت برسراقتدار ویسے ہی 
LOG (lattice-best-path[5.5.907~1-cbed4]:main():lattice-best-path.cc:99) For utterance 20030004_642, best cost 83.3562 + 2592.62 = 2675.97 over 588 frames.
20030004_642 پرائیویٹ کی ایجنسیز کے گردش سے دوسری خواری 
LOG (lattice-best-path[5.5.907~1-cbed4]:main():lattice-best-path.cc:99) For utterance 20030004_643, best cost 78.563 + 2808.93 = 2887.49 over 626 frames.
20030004_643 کفار سرگرمیوں غزلیات اور بودلہ زندگی کریں 
LOG (lattice-best-path[5.5.907~1-cbed4]:main():lattice-best-path.cc:99) For utterance 20030004_644, best cost 111.139 + 3370.76 = 3481.9 over 753 frames.
20030004_644 کے سے اگرچہ ہیروئن ڈرائینگ وزراء باورچی کیسی بار سے لگا ہے 
LOG (lattice-best-path[5.5.907~1-cbed4]:main():lattice-best-path.cc:99) For utterance 20030004_645, best cost 79.7077 + 3089.55 = 3169.26 over 687 frames.
20030004_645 گردیزی نوزل تذبذب سرگرمیوں کاشف کی ہیں 
LOG (lattice-best-path[5.5.907~1-cbed4]:main():lattice-best-path.cc:99) For utterance 20030004_646, best cost 97.5747 + 2969.14 = 3066.71 over 664 frames.
20030004_646 صوفیہ خودسوزی اور کرنے کے بعد کیا اور نگرانی بڑھائے باغیچہ ہیں 
LOG (lattice-best-path[5.5.907~1-cbed4]:main():lattice-best-path.cc:99) For utterance 20030004_647, best cost 57.7886 + 1961.8 = 2019.59 over 439 frames.
20030004_647 قونصلیٹ ٹرانزیکشن جو گردوغبار ہیں 
LOG (lattice-best-path[5.5.907~1-cbed4]:main():lattice-best-path.cc:99) For utterance 20030004_648, best cost 68.2764 + 2352.61 = 2420.88 over 531 frames.
20030004_648 نے دودھیا پچاس تناول کے لیے رہا تھا 
LOG (lattice-best-path[5.5.907~1-cbed4]:main():lattice-best-path.cc:99) For utterance 20030004_649, best cost 70.1631 + 2586.75 = 2656.92 over 582 frames.
20030004_649 پونے سکتے بیٹھی لگاتا میڈیکل کریں 
LOG (lattice-best-path[5.5.907~1-cbed4]:main():lattice-best-path.cc:99) For utterance 20030004_650, best cost 90.0549 + 3129.24 = 3219.3 over 690 frames.
20030004_650 درجے پالیسیوں اور زمین کی الہیات قیصر کے ساتھ ہیں 
LOG (lattice-best-path[5.5.907~1-cbed4]:main():lattice-best-path.cc:99) For utterance 20030004_651, best cost 90.5103 + 2961.35 = 3051.87 over 679 frames.
20030004_651 اور رپورٹ بھیجوں سیکورٹی باندھنے اور نظرثانی کی تھیں 
LOG (lattice-best-path[5.5.907~1-cbed4]:main():lattice-best-path.cc:99) For utterance 20030004_652, best cost 107.37 + 3494.09 = 3601.46 over 801 frames.
20030004_652 پرویا کیجیے دھاندلی اور کی اور کیولری کمیونٹی صورت اونچی 
LOG (lattice-best-path[5.5.907~1-cbed4]:main():lattice-best-path.cc:99) For utterance 20030004_653, best cost 82.8496 + 3096.61 = 3179.46 over 694 frames.
20030004_653 ہینگر دیسی سینٹر سے کیجیے کر کوسوں ہیں 
LOG (lattice-best-path[5.5.907~1-cbed4]:main():lattice-best-path.cc:99) For utterance 20030004_654, best cost 106.818 + 3139.31 = 3246.12 over 694 frames.
20030004_654 کینیڈین اشخاص کی شخص جونیجو رینجرز کے اور سے لیبارٹری صبحیں 
LOG (lattice-best-path[5.5.907~1-cbed4]:main():lattice-best-path.cc:99) For utterance 20030004_655, best cost 71.4293 + 2174.8 = 2246.23 over 493 frames.
20030004_655 بھیانک چڑچڑے بوریت بدچلنی کریش ہیں 
LOG (lattice-best-path[5.5.907~1-cbed4]:main():lattice-best-path.cc:99) For utterance 20030004_656, best cost 78.4178 + 3287.56 = 3365.97 over 744 frames.
20030004_656 بیساکھی پروگریسیو بیگج حوصلہ چرانے سے ہیں 
LOG (lattice-best-path[5.5.907~1-cbed4]:main():lattice-best-path.cc:99) For utterance 20030004_657, best cost 51.4104 + 2420.49 = 2471.9 over 545 frames.
20030004_657 کا طرزفکر لادینیت سمفنی 
LOG (lattice-best-path[5.5.907~1-cbed4]:main():lattice-best-path.cc:99) For utterance 20030004_658, best cost 68.528 + 2307.51 = 2376.04 over 505 frames.
20030004_658 ہیڈکوارٹر میراں خریدے سنگھاسن گزارنے 
LOG (lattice-best-path[5.5.907~1-cbed4]:main():lattice-best-path.cc:99) For utterance 20030004_659, best cost 111.515 + 3540.3 = 3651.82 over 796 frames.
20030004_659 پٹھے اور بچائیں اور پوشیدہ پیغام غوروخوض کے بعد موزونیت گیسیں 
LOG (lattice-best-path[5.5.907~1-cbed4]:main():lattice-best-path.cc:99) For utterance 20030004_660, best cost 59.0156 + 1857.72 = 1916.73 over 406 frames.
20030004_660 سویرا کے بغاوت اسلامی عظام 
LOG (lattice-best-path[5.5.907~1-cbed4]:main():lattice-best-path.cc:99) For utterance 20030004_661, best cost 58.9422 + 2286.46 = 2345.4 over 513 frames.
20030004_661 فلسفے کے چقندر کا باخبر ہیں 
LOG (lattice-best-path[5.5.907~1-cbed4]:main():lattice-best-path.cc:99) For utterance 20030004_662, best cost 71.8949 + 2497.01 = 2568.9 over 549 frames.
20030004_662 ہجوں کی چھاؤنیاں سے بسیار کی کشمیری 
LOG (lattice-best-path[5.5.907~1-cbed4]:main():lattice-best-path.cc:99) For utterance 20030004_663, best cost 95.9902 + 2941.38 = 3037.37 over 658 frames.
20030004_663 کی منیجر مچانے موزونیت صارفین امریکی دبیز اور ہوئیں 
LOG (lattice-best-path[5.5.907~1-cbed4]:main():lattice-best-path.cc:99) For utterance 20030004_664, best cost 92.0998 + 3364.19 = 3456.29 over 744 frames.
20030004_664 پراسیس میڈیا گھوڑے غزوہ کلیجی کرنے کیلئے ہو گئیں 
LOG (lattice-best-path[5.5.907~1-cbed4]:main():lattice-best-path.cc:99) For utterance 20030004_665, best cost 70.9514 + 2630.31 = 2701.26 over 587 frames.
20030004_665 فیصلے غصہ ریسرچ کی کو کچوکے اور 
LOG (lattice-best-path[5.5.907~1-cbed4]:main():lattice-best-path.cc:99) For utterance 20030004_666, best cost 69.5424 + 2202.66 = 2272.21 over 480 frames.
20030004_666 گھسے اگرچہ لگاتا درسگاہ غیرضروری ہیں 
LOG (lattice-best-path[5.5.907~1-cbed4]:main():lattice-best-path.cc:99) For utterance 20030004_667, best cost 55.0959 + 2477.32 = 2532.42 over 558 frames.
20030004_667 ٹھیکیدار سے چنگیزی ویڈیوز میں 
LOG (lattice-best-path[5.5.907~1-cbed4]:main():lattice-best-path.cc:99) For utterance 20030004_668, best cost 89.7911 + 3408.57 = 3498.36 over 777 frames.
20030004_668 ساتھیو کے کے کے لیے ہومیوپیتھک پرچھائیاں کے سے جانے کیا 
LOG (lattice-best-path[5.5.907~1-cbed4]:main():lattice-best-path.cc:99) For utterance 20030004_669, best cost 59.3416 + 2374.23 = 2433.57 over 543 frames.
20030004_669 اور غزلوں پر ویزے مضروب کیا 
LOG (lattice-best-path[5.5.907~1-cbed4]:main():lattice-best-path.cc:99) For utterance 20030004_670, best cost 60.3058 + 2267.46 = 2327.76 over 512 frames.
20030004_670 پڑوسی کارپوریشن میں تصورات اور کریں 
LOG (lattice-best-path[5.5.907~1-cbed4]:main():lattice-best-path.cc:99) For utterance 20030004_671, best cost 118.404 + 3815.4 = 3933.81 over 872 frames.
20030004_671 قریشی سے پہلے سوسائٹی گڑیا نے بسوں خودسوزی سوزوکی بلوچی جاؤ 
LOG (lattice-best-path[5.5.907~1-cbed4]:main():lattice-best-path.cc:99) For utterance 20030004_672, best cost 82.5842 + 2930.99 = 3013.57 over 652 frames.
20030004_672 کے لیے شستہ کے دوران بسر اور سپردخاک کیا ہیں 
LOG (lattice-best-path[5.5.907~1-cbed4]:main():lattice-best-path.cc:99) For utterance 20030004_673, best cost 70.113 + 2345.27 = 2415.38 over 536 frames.
20030004_673 پڑھائی جانا پنگھوڑے چوزے نظریے کریں 
LOG (lattice-best-path[5.5.907~1-cbed4]:main():lattice-best-path.cc:99) For utterance 20030004_674, best cost 92.3816 + 3016.59 = 3108.97 over 656 frames.
20030004_674 مصوروں میں پڑتا تجربہ درآمدات میں پھنسے کی کوشش کی 
LOG (lattice-best-path[5.5.907~1-cbed4]:main():lattice-best-path.cc:99) For utterance 20030004_675, best cost 65.6732 + 2222.4 = 2288.08 over 501 frames.
20030004_675 حاضری پر سوچیے تعاقب کرواؤ کریں 
LOG (lattice-best-path[5.5.907~1-cbed4]:main():lattice-best-path.cc:99) For utterance 20030004_676, best cost 86.0885 + 2921.91 = 3008 over 617 frames.
20030004_676 دیباچے سے سکتی چلغوزے زوال کیلئے زیرقیادت کی 
LOG (lattice-best-path[5.5.907~1-cbed4]:main():lattice-best-path.cc:99) For utterance 20030004_677, best cost 95.4011 + 3541.35 = 3636.75 over 794 frames.
20030004_677 انسانیت کی گیدڑ بعدازاں موضوع دیوبندی ہونے سے کرتے ہیں 
LOG (lattice-best-path[5.5.907~1-cbed4]:main():lattice-best-path.cc:99) For utterance 20030004_678, best cost 103.16 + 3843.72 = 3946.88 over 870 frames.
20030004_678 سپاسنامہ کی تھیٹر سے والوں سے چلائی پروگریسیو شیشے کریں 
LOG (lattice-best-path[5.5.907~1-cbed4]:main():lattice-best-path.cc:99) For utterance 20030004_679, best cost 65.1786 + 2247.92 = 2313.09 over 496 frames.
20030004_679 پولیو کے تحقیقات سے گردیزی سوچیے 
LOG (lattice-best-path[5.5.907~1-cbed4]:main():lattice-best-path.cc:99) For utterance 20030004_680, best cost 87.6354 + 3323.19 = 3410.82 over 764 frames.
20030004_680 چوری سکواڈرن دیول پروگریسیو فارسی میں کے بعد جاتا ہے 
LOG (lattice-best-path[5.5.907~1-cbed4]:main():lattice-best-path.cc:99) For utterance 20030004_681, best cost 97.6677 + 3007.27 = 3104.94 over 688 frames.
20030004_681 بنا تشنج دیش کو بےاختیار عزیزواقارب پیچیدہ تاثر 
LOG (lattice-best-path[5.5.907~1-cbed4]:main():lattice-best-path.cc:99) For utterance 20030004_682, best cost 85.3769 + 2901.39 = 2986.76 over 656 frames.
20030004_682 بےقصور والے کی روغن کیلئے تاجدار بزرگوار دیئے 
LOG (lattice-best-path[5.5.907~1-cbed4]:main():lattice-best-path.cc:99) For utterance 20030004_683, best cost 78.5055 + 2633.66 = 2712.16 over 605 frames.
20030004_683 زیراستعمال کی درآمدات کہانی بھنڈی کے سے کریں 
LOG (lattice-best-path[5.5.907~1-cbed4]:main():lattice-best-path.cc:99) For utterance 20030004_684, best cost 99.7721 + 3169.95 = 3269.73 over 758 frames.
20030004_684 میری خوگر اور پینسٹھ کی کی نیلگوں کیا نے گلدستہ ہیں 
LOG (lattice-best-path[5.5.907~1-cbed4]:main():lattice-best-path.cc:99) For utterance 20030004_685, best cost 75.4613 + 2168.31 = 2243.78 over 489 frames.
20030004_685 جو سموسے نیچے بخشے سپاسنامہ بندوق 
LOG (lattice-best-path[5.5.907~1-cbed4]:main():lattice-best-path.cc:99) For utterance 20030004_686, best cost 95.6386 + 2453.24 = 2548.88 over 543 frames.
20030004_686 سے اپنے کے سدباب پیشن سویاں ریلیکس اشفاق برسوں 
LOG (lattice-best-path[5.5.907~1-cbed4]:main():lattice-best-path.cc:99) For utterance 20030004_687, best cost 104.525 + 3545.61 = 3650.13 over 796 frames.
20030004_687 چولہے سے برسوں سے ہیروئین دوم فرانسیسی باقر گومگو کریں 
LOG (lattice-best-path[5.5.907~1-cbed4]:main():lattice-best-path.cc:99) For utterance 20030004_688, best cost 122.834 + 3703.51 = 3826.35 over 831 frames.
20030004_688 ٹھیکیدار کی جلسہ کنسورشیم گزارنے اور دیسی کے میراں کرکے باغیچہ ہیں 
LOG (lattice-best-path[5.5.907~1-cbed4]:main():lattice-best-path.cc:99) For utterance 20030004_689, best cost 86.941 + 2921.51 = 3008.45 over 645 frames.
20030004_689 مجوزہ کی قدآدم جونیجو سوزوکی سے بچنے پہنچائیں 
LOG (lattice-best-path[5.5.907~1-cbed4]:main():lattice-best-path.cc:99) For utterance 20030004_690, best cost 62.3031 + 2056.42 = 2118.72 over 467 frames.
20030004_690 کی پھلیاں پڑھائی شوکیسوں چوالیس ہیں 
LOG (lattice-best-path[5.5.907~1-cbed4]:main():lattice-best-path.cc:99) For utterance 20030004_691, best cost 101.969 + 3477.36 = 3579.33 over 808 frames.
20030004_691 کیسی یرغمال جوڑیاں اور بحیثیت مثال تلمیحات میں پھنسے ہیں 
LOG (lattice-best-path[5.5.907~1-cbed4]:main():lattice-best-path.cc:99) For utterance 20030004_692, best cost 82.8557 + 2881.14 = 2964 over 657 frames.
20030004_692 بالکل سالگرہ کے حسینی گزارنے ادائیگی کرتے ہیں 
LOG (lattice-best-path[5.5.907~1-cbed4]:main():lattice-best-path.cc:99) For utterance 20030004_693, best cost 89.6055 + 2883.5 = 2973.11 over 673 frames.
20030004_693 میڈیکل کی چوڑیاں سے کا کے مقدار بالاخر محبوب 
LOG (lattice-best-path[5.5.907~1-cbed4]:main():lattice-best-path.cc:99) For utterance 20030004_694, best cost 84.3935 + 2776.31 = 2860.7 over 604 frames.
20030004_694 دلبرداشتہ تساہل درجے موروثی چاقو چقندر ہیں 
LOG (lattice-best-path[5.5.907~1-cbed4]:main():lattice-best-path.cc:99) For utterance 20030004_695, best cost 92.2134 + 2705.15 = 2797.36 over 606 frames.
20030004_695 بیچارے کیجیے جانے کو کیا رہائشی جھونپڑی لینگویج ہیں 
LOG (lattice-best-path[5.5.907~1-cbed4]:main():lattice-best-path.cc:99) For utterance 20030004_696, best cost 88.0671 + 2793.27 = 2881.34 over 617 frames.
20030004_696 کے شیمپو سے کیا ریزروز کلثوم کی ڈائیگرام کیا گیا 
LOG (lattice-best-path[5.5.907~1-cbed4]:main():lattice-best-path.cc:99) For utterance 20030004_697, best cost 55.9452 + 2201.42 = 2257.36 over 492 frames.
20030004_697 براوو سے سے بیسن گراموفون 
LOG (lattice-best-path[5.5.907~1-cbed4]:main():lattice-best-path.cc:99) For utterance 20030004_698, best cost 70.3411 + 2071.61 = 2141.96 over 474 frames.
20030004_698 نامزد ویزے شکار براؤزر تجزیہ ہیں 
LOG (lattice-best-path[5.5.907~1-cbed4]:main():lattice-best-path.cc:99) For utterance 20030004_699, best cost 83.1286 + 2657.84 = 2740.97 over 596 frames.
20030004_699 نتیجے اخلاقی کے بغیر کی غیریقینی کا مخصوص ہیں 
LOG (lattice-best-path[5.5.907~1-cbed4]:main():lattice-best-path.cc:99) For utterance 20030004_700, best cost 93.1768 + 2392.77 = 2485.94 over 540 frames.
20030004_700 بوجھ درخور کی کی تغافل کی سوجھی جلوسوں صفوں 
LOG (lattice-best-path[5.5.907~1-cbed4]:main():lattice-best-path.cc:99) For utterance 20030004_701, best cost 93.2654 + 2745.66 = 2838.93 over 617 frames.
20030004_701 مظلام وزیر کی گنہگار کی ذوالجلال مزدوروں بازیچہ ہیں 
LOG (lattice-best-path[5.5.907~1-cbed4]:main():lattice-best-path.cc:99) For utterance 20030004_702, best cost 77.5758 + 2187.65 = 2265.23 over 513 frames.
20030004_702 گیس راہبر کی دھونی کرنے خوشگوار بخشیں 
LOG (lattice-best-path[5.5.907~1-cbed4]:main():lattice-best-path.cc:99) For utterance 20030004_703, best cost 48.9487 + 2162.66 = 2211.6 over 504 frames.
20030004_703 ڈیتھ ٹریژری ہیڈکوارٹر ہیں 
LOG (lattice-best-path[5.5.907~1-cbed4]:main():lattice-best-path.cc:99) For utterance 20030004_704, best cost 90.803 + 3258.51 = 3349.32 over 762 frames.
20030004_704 چغتائی سیکشن مٹھائیاں سرہندی چلچلاتی برابر سے ہیں 
LOG (lattice-best-path[5.5.907~1-cbed4]:main():lattice-best-path.cc:99) For utterance 20030004_705, best cost 75.3746 + 2563.11 = 2638.49 over 586 frames.
20030004_705 بجاآوری نائیٹروجنی سے جارحیت ٹھاٹھیں زندگی 
LOG (lattice-best-path[5.5.907~1-cbed4]:main():lattice-best-path.cc:99) For utterance 20030004_706, best cost 70.9222 + 1884.52 = 1955.44 over 434 frames.
20030004_706 بے سفید استفادے کی دماغی چنگ ہیں 
LOG (lattice-best-path[5.5.907~1-cbed4]:main():lattice-best-path.cc:99) For utterance 20030004_707, best cost 60.9028 + 1995.33 = 2056.24 over 479 frames.
20030004_707 ماضی کماحقہ فائربریگیڈ کامیاب کریں 
LOG (lattice-best-path[5.5.907~1-cbed4]:main():lattice-best-path.cc:99) For utterance 20030004_708, best cost 96.0689 + 2771.67 = 2867.74 over 653 frames.
20030004_708 میں چمچے سے پہلے مجھے بچہ سیکورٹی بھاوج سمجھائیں 
LOG (lattice-best-path[5.5.907~1-cbed4]:main():lattice-best-path.cc:99) For utterance 20030005_601, best cost 137.759 + 6412.44 = 6550.2 over 1496 frames.
20030005_601 مترادف پوشیدہ ڈکٹیشن میں بدچلنی کلیرنگ خوگر کیونکہ دعاؤں کو گوگل ہیں 
LOG (lattice-best-path[5.5.907~1-cbed4]:main():lattice-best-path.cc:99) For utterance 20030005_602, best cost 189.947 + 8785.04 = 8974.99 over 2091 frames.
20030005_602 بالاخر کے داخلوں اور ٹریلر تحریروں بن تفتیشی باولنگ مجاہد کو پنجرے کرنے کے شیلٹر سے کالونی ہیں 
LOG (lattice-best-path[5.5.907~1-cbed4]:main():lattice-best-path.cc:99) For utterance 20030005_603, best cost 151.116 + 6686.71 = 6837.83 over 1534 frames.
20030005_603 شخص فولڈر اور نزلے کے باعث کے راہبر اٹھاؤ تربیتی بیچوں برتن پنجروں کیا 
LOG (lattice-best-path[5.5.907~1-cbed4]:main():lattice-best-path.cc:99) For utterance 20030005_604, best cost 138.845 + 6745.46 = 6884.31 over 1617 frames.
20030005_604 سندھی میں رہائشی کے گاؤں کی دراوڑی کوتاہی پیش اور چاہیے کے تجزیہ رہا ہے 
LOG (lattice-best-path[5.5.907~1-cbed4]:main():lattice-best-path.cc:99) For utterance 20030005_605, best cost 88.8497 + 3367.7 = 3456.55 over 734 frames.
20030005_605 سوزش ورچوئل اندھیرے شیڈول بیلدار تخریب دیتا 
LOG (lattice-best-path[5.5.907~1-cbed4]:main():lattice-best-path.cc:99) For utterance 20030005_606, best cost 127.692 + 4627.82 = 4755.51 over 1080 frames.
20030005_606 گونگے بنانے مغلوں کے سے کی پنجروں کے تغافل جبیں بڑی فضل ہیں 
LOG (lattice-best-path[5.5.907~1-cbed4]:main():lattice-best-path.cc:99) For utterance 20030005_607, best cost 91.748 + 3262.6 = 3354.35 over 747 frames.
20030005_607 تحصیلدار کی کفار کی زدہ بنگالی برابر منیجر ہے 
LOG (lattice-best-path[5.5.907~1-cbed4]:main():lattice-best-path.cc:99) For utterance 20030005_608, best cost 130.989 + 4776.25 = 4907.24 over 1112 frames.
20030005_608 کو کینیڈین کمزور بو خورشید کا برابر چمچہ میں کی اور جناب ہو گئیں 
LOG (lattice-best-path[5.5.907~1-cbed4]:main():lattice-best-path.cc:99) For utterance 20030005_609, best cost 140.656 + 6217.69 = 6358.34 over 1464 frames.
20030005_609 تشنج نگاور ماشے میں کس تو میں نہیں اور فیصلوں کے شوربہ تصحیح کیا گیا 
LOG (lattice-best-path[5.5.907~1-cbed4]:main():lattice-best-path.cc:99) For utterance 20030005_610, best cost 139.931 + 5341.45 = 5481.38 over 1188 frames.
20030005_610 نوحہ سرکاری تشہیر کا کلوننگ گھمن بڑھانے عشر کی طرف سے اور پچاس ہیں 
LOG (lattice-best-path[5.5.907~1-cbed4]:main():lattice-best-path.cc:99) For utterance 20030005_611, best cost 148.857 + 5988.42 = 6137.28 over 1425 frames.
20030005_611 خودسر کھینچیں ھابھہ سوئس کرنے سیدھے گراموفون بھرتا قرار کی گونگے کے ساتھ چلیں 
LOG (lattice-best-path[5.5.907~1-cbed4]:main():lattice-best-path.cc:99) For utterance 20030005_612, best cost 132.545 + 5496.78 = 5629.32 over 1246 frames.
20030005_612 تبدیل افزائش سیرگاہ بوڑھا باجرہ شیفرڈ کو خود کی لینگویج داخلوں ہیں 
LOG (lattice-best-path[5.5.907~1-cbed4]:main():lattice-best-path.cc:99) For utterance 20030005_613, best cost 90.7106 + 3757.86 = 3848.57 over 836 frames.
20030005_613 پر تجارت بروز اور چہل اور شیلڈیں گلدستہ کیا 
LOG (lattice-best-path[5.5.907~1-cbed4]:main():lattice-best-path.cc:99) For utterance 20030005_614, best cost 104.711 + 4061.39 = 4166.1 over 932 frames.
20030005_614 بروز فیشن کے پہاڑوں کے ساتھ سزا کے بغیر سندھو کر آیا 
LOG (lattice-best-path[5.5.907~1-cbed4]:main():lattice-best-path.cc:99) For utterance 20030005_615, best cost 156.757 + 7443.07 = 7599.82 over 1726 frames.
20030005_615 داغدار شہزادی ایڈیشنل اور موئسچرائزنگ روزبروز کرتے ہوئے جھولے خانگی دلجوئی نے اور بڑھا ہیں 
LOG (lattice-best-path[5.5.907~1-cbed4]:main():lattice-best-path.cc:99) For utterance 20030005_616, best cost 167.013 + 6677.06 = 6844.08 over 1496 frames.
20030005_616 تاجدار اور میں سونگ اور فشنگ کو فوجی گزشتہ پر کیسی جاسوسی کی خوفوں فاخرہ کر کیا 
LOG (lattice-best-path[5.5.907~1-cbed4]:main():lattice-best-path.cc:99) For utterance 20030005_617, best cost 126.319 + 5130.06 = 5256.38 over 1182 frames.
20030005_617 کنیئرڈ کارپوریشن کے گوشوں میں کیوں ہودہ دیکھا کر فقدان سے لگا ہے 
LOG (lattice-best-path[5.5.907~1-cbed4]:main():lattice-best-path.cc:99) For utterance 20030005_618, best cost 127.968 + 4889.77 = 5017.74 over 1099 frames.
20030005_618 خان کے بغیر سے ہوشیاری نقشوں والے کا خسارے کی بااللہ کالجز کیا گیا 
LOG (lattice-best-path[5.5.907~1-cbed4]:main():lattice-best-path.cc:99) For utterance 20030005_619, best cost 102.11 + 3680.98 = 3783.09 over 868 frames.
20030005_619 تجزیے تشہیر شاہنواز بیان کرنے میں کی شعوری دیگر ہیں 
LOG (lattice-best-path[5.5.907~1-cbed4]:main():lattice-best-path.cc:99) For utterance 20030005_620, best cost 165.114 + 7162.28 = 7327.39 over 1764 frames.
20030005_620 شیعہ میں فلموں کے بھگوڑوں کو بوڑھوں کے سوراخ اور چہروں اور اور زور شاخوں کی کیا نہیں 
LOG (lattice-best-path[5.5.907~1-cbed4]:main():lattice-best-path.cc:99) For utterance 20030005_621, best cost 152.705 + 5765.58 = 5918.29 over 1336 frames.
20030005_621 مجلس حاشیے میں کفر چین گہماگہمی میگزین بوگس اور جنگی بعض میں میں پر کی 
LOG (lattice-best-path[5.5.907~1-cbed4]:main():lattice-best-path.cc:99) For utterance 20030005_622, best cost 141.822 + 6286.8 = 6428.62 over 1476 frames.
20030005_622 سوچیے کر میں میں دارومدار کی بہتری کیلئے دہشت مرضی بھیڑوں اور کرنے سے بدلیں 
LOG (lattice-best-path[5.5.907~1-cbed4]:main():lattice-best-path.cc:99) For utterance 20030005_623, best cost 111.745 + 4937.13 = 5048.88 over 1188 frames.
20030005_623 بلڈنگ ہینگر اور معاف آشوب موذی کا مہنگائی بشاش گیا 
LOG (lattice-best-path[5.5.907~1-cbed4]:main():lattice-best-path.cc:99) For utterance 20030005_624, best cost 182.084 + 6167.81 = 6349.89 over 1412 frames.
20030005_624 گھسے گینگز صفوں میں کولسری نہیں اور فوج شوخ فورس بااصول حدود کے ڈیپریشن دہلی بدشگونی تھا 
LOG (lattice-best-path[5.5.907~1-cbed4]:main():lattice-best-path.cc:99) For utterance 20030005_625, best cost 137.685 + 5467.94 = 5605.63 over 1252 frames.
20030005_625 بھڑوں پر نذر کیا بیماری گگلی لے کر بدل سیورج کے اور کے ہو گیا ہے 
LOG (lattice-best-path[5.5.907~1-cbed4]:main():lattice-best-path.cc:99) For utterance 20030005_626, best cost 97.3206 + 3431.05 = 3528.37 over 817 frames.
20030005_626 لینڈ بدظن بوئنگ تلمیحات بخوبی کی لاشوں نجات 
LOG (lattice-best-path[5.5.907~1-cbed4]:main():lattice-best-path.cc:99) For utterance 20030005_627, best cost 120.63 + 4641.31 = 4761.94 over 1073 frames.
20030005_627 سیرگاہ غیرملکی کینگرو اقربا میں سے بوڑھوں کے کوسوں میں درخواست گیا 
LOG (lattice-best-path[5.5.907~1-cbed4]:main():lattice-best-path.cc:99) For utterance 20030005_628, best cost 116.611 + 4960.69 = 5077.3 over 1182 frames.
20030005_628 تھیوری کرنے والے گہرے ٹریبیونل اپنے سنگباری ہوشیاری وفود کیں 
LOG (lattice-best-path[5.5.907~1-cbed4]:main():lattice-best-path.cc:99) For utterance 20030005_629, best cost 161.685 + 6419.33 = 6581.01 over 1476 frames.
20030005_629 شیڈ کے کے گوشہ والوں کے اوقات میں فیڈر خضوع برطانوی میں مغلوں کاغذات بھیجی کا ہیں 
LOG (lattice-best-path[5.5.907~1-cbed4]:main():lattice-best-path.cc:99) For utterance 20030005_630, best cost 142.608 + 6251.35 = 6393.96 over 1457 frames.
20030005_630 کی ماخذ اور میں ماشے کے خوشگوار مقدار بلکہ والے کلثوم سروں بیدار کیا 
LOG (lattice-best-path[5.5.907~1-cbed4]:main():lattice-best-path.cc:99) For utterance 20030005_631, best cost 178.455 + 8206.71 = 8385.17 over 1912 frames.
20030005_631 سے زیست بولنگ گودام گرہیں جوق فائربریگیڈ فاروق ٹھوس بیچیں قوس میں سے بورڈر چائلڈ ہیں 
LOG (lattice-best-path[5.5.907~1-cbed4]:main():lattice-best-path.cc:99) For utterance 20030005_632, best cost 178.833 + 7403.14 = 7581.97 over 1758 frames.
20030005_632 غزلیں سیکھا میں کاروبار کلچر چوروں کوڑیاں باب جواب پر کھجوریں اور انسولین چھوڑنے راہبر ہیں 
LOG (lattice-best-path[5.5.907~1-cbed4]:main():lattice-best-path.cc:99) For utterance 20030005_633, best cost 174.872 + 7679.09 = 7853.96 over 1873 frames.
20030005_633 پرفارمنس کے بعد میں تدریس کے لیے کی کھینچیں اور فی شعلوں کی موزوں اس کی چھوڑنے کیلئے کیجیے ہیں 
LOG (lattice-best-path[5.5.907~1-cbed4]:main():lattice-best-path.cc:99) For utterance 20030005_634, best cost 100.345 + 4183.89 = 4284.24 over 952 frames.
20030005_634 گلیشئیر جشن کے ستانویں بیورو اور کیا کی برقرار ہیں 
LOG (lattice-best-path[5.5.907~1-cbed4]:main():lattice-best-path.cc:99) For utterance 20030005_635, best cost 149.334 + 5659.47 = 5808.8 over 1336 frames.
20030005_635 خاص مینگل پوچھیں کی لوحوں فولاد میں کریں اور لنگر فرمائیں سعید میں سوغات ہیں 
LOG (lattice-best-path[5.5.907~1-cbed4]:main():lattice-best-path.cc:99) For utterance 20030005_636, best cost 126.113 + 5694.16 = 5820.27 over 1361 frames.
20030005_636 کو اور خشوع ندرت کی جوبلی کہکشاؤں مسز ہو جاتا کو گفتگو اور 
LOG (lattice-best-path[5.5.907~1-cbed4]:main():lattice-best-path.cc:99) For utterance 20030005_637, best cost 124.627 + 6148.57 = 6273.19 over 1457 frames.
20030005_637 خواری میں کے ساتھ میں کی کوشش کریں دھینگا مشتی کی عرصے میں اور بے گئی 
LOG (lattice-best-path[5.5.907~1-cbed4]:main():lattice-best-path.cc:99) For utterance 20030005_638, best cost 148.483 + 7617.54 = 7766.03 over 1828 frames.
20030005_638 کاجو گوجر کی شیڈول گرہیں سے اپنے شور اور تھوڑی کوٹھڑی کیا سے بچاؤ پوچھیں 
LOG (lattice-best-path[5.5.907~1-cbed4]:main():lattice-best-path.cc:99) For utterance 20030005_639, best cost 160.368 + 6332.24 = 6492.61 over 1432 frames.
20030005_639 کرنے کے دفتر کی بلکہ دل سے تجویز کر سے کے باوجود چیز سربراہ سزائیں گوشے ہیں 
LOG (lattice-best-path[5.5.907~1-cbed4]:main():lattice-best-path.cc:99) For utterance 20030005_640, best cost 119.118 + 5824.71 = 5943.82 over 1348 frames.
20030005_640 چوری اوپر گیارہویں سیسے کونسل کے شالا کا پنچولی ہو جاتا ہے 
LOG (lattice-best-path[5.5.907~1-cbed4]:main():lattice-best-path.cc:99) For utterance 20030005_641, best cost 113.769 + 4688.42 = 4802.19 over 1054 frames.
20030005_641 اور فوری شروع فوجوں کے بعد شناسی برخلاف طرفین سے بے ہیں 
LOG (lattice-best-path[5.5.907~1-cbed4]:main():lattice-best-path.cc:99) For utterance 20030005_642, best cost 119.484 + 4547.63 = 4667.12 over 1041 frames.
20030005_642 حریفوں کیفے میچ سے سکیپ مبشر بھینسیں نفوذ کے نواب کی 
LOG (lattice-best-path[5.5.907~1-cbed4]:main():lattice-best-path.cc:99) For utterance 20030005_643, best cost 144.162 + 5708.11 = 5852.27 over 1310 frames.
20030005_643 کفالت سے محفل بڑھائیں کو خوف پنجروں سے بہائیں اور بودلہ سزائیں بیباک ہیں 
LOG (lattice-best-path[5.5.907~1-cbed4]:main():lattice-best-path.cc:99) For utterance 20030005_644, best cost 146.261 + 6725.85 = 6872.12 over 1611 frames.
20030005_644 کا چھہتر چیئرمین گونگے دوڑائیں اور بڑھاپے بخشی کیسی کر سے کرنے کے بعد کے ہیں 
LOG (lattice-best-path[5.5.907~1-cbed4]:main():lattice-best-path.cc:99) For utterance 20030005_645, best cost 109.61 + 4501.99 = 4611.6 over 1022 frames.
20030005_645 کے گلریز ونڈوز انحصار بوجوہ مسخرے میں کی فشار کرتے ہیں 
LOG (lattice-best-path[5.5.907~1-cbed4]:main():lattice-best-path.cc:99) For utterance 20030005_646, best cost 137.08 + 4994.68 = 5131.75 over 1156 frames.
20030005_646 سوری ناخواندگی جوس میں اور چنگل میں جمخانہ اور بااللہ میں بڑھائیں باندھیں کریں 
LOG (lattice-best-path[5.5.907~1-cbed4]:main():lattice-best-path.cc:99) For utterance 20030005_647, best cost 95.6399 + 4427.27 = 4522.91 over 1067 frames.
20030005_647 بااثر کے کا متاثرہ بھول چور بوڑھوں اور کا ہیں 
LOG (lattice-best-path[5.5.907~1-cbed4]:main():lattice-best-path.cc:99) For utterance 20030005_648, best cost 93.3963 + 4142.07 = 4235.47 over 990 frames.
20030005_648 میلے میں دودھیا چاشنی کا خودسر کیلئے پڑھوا تھا 
LOG (lattice-best-path[5.5.907~1-cbed4]:main():lattice-best-path.cc:99) For utterance 20030005_649, best cost 101.052 + 4397.58 = 4498.63 over 1041 frames.
20030005_649 تعلقوں کمیونسٹ کر کے بحیرہ چوہوں کا پر لاڈلے ہیں 
LOG (lattice-best-path[5.5.907~1-cbed4]:main():lattice-best-path.cc:99) For utterance 20030005_650, best cost 128.937 + 5724.21 = 5853.15 over 1355 frames.
20030005_650 پنجرے باولنگ کی سیر اور سوال کمینگی وزیرداخلہ کے رہائشی پر قضہ ہیں 
LOG (lattice-best-path[5.5.907~1-cbed4]:main():lattice-best-path.cc:99) For utterance 20030005_651, best cost 110.33 + 4631.02 = 4741.35 over 1131 frames.
20030005_651 اور کی بہتری کوچوں کی کو کی گرہیں ہونے سے پہلے سعودی کیں 
LOG (lattice-best-path[5.5.907~1-cbed4]:main():lattice-best-path.cc:99) For utterance 20030005_652, best cost 136.263 + 6251.96 = 6388.22 over 1502 frames.
20030005_652 پراسسنگ کیجیے میں کا میں اور کیلئے اور پیروکاروں میرون گھور کے سوئٹرز پوچھیں 
LOG (lattice-best-path[5.5.907~1-cbed4]:main():lattice-best-path.cc:99) For utterance 20030005_653, best cost 116.169 + 5002.11 = 5118.28 over 1176 frames.
20030005_653 تلور والرس کا سے مضروب باؤلر ضلعی ڈیجیٹل کر کوسوں 
LOG (lattice-best-path[5.5.907~1-cbed4]:main():lattice-best-path.cc:99) For utterance 20030005_654, best cost 136.432 + 5979.3 = 6115.73 over 1361 frames.
20030005_654 کریں اور دیش ہوسٹس کی بشیر عاشور کونسل کی اور صرف کینیڈین انستھیزیا ہیں 
LOG (lattice-best-path[5.5.907~1-cbed4]:main():lattice-best-path.cc:99) For utterance 20030005_655, best cost 93.5857 + 4323.54 = 4417.12 over 1022 frames.
20030005_655 گھریلو بخشیں کی بدچلنی اور دلفریب افسانے تابش ہیں 
LOG (lattice-best-path[5.5.907~1-cbed4]:main():lattice-best-path.cc:99) For utterance 20030005_656, best cost 125.181 + 7016.67 = 7141.85 over 1668 frames.
20030005_656 دلسوزی پروسیسنگ بدہضمی ہینگر بچائیں اور شوروم اور چھابڑی قضا ہیں 
LOG (lattice-best-path[5.5.907~1-cbed4]:main():lattice-best-path.cc:99) For utterance 20030005_657, best cost 112.186 + 4653.39 = 4765.58 over 1099 frames.
20030005_657 آبرو کافی دب زیدی کے تفرقہ کی حاصل منفرد نہیں 
LOG (lattice-best-path[5.5.907~1-cbed4]:main():lattice-best-path.cc:99) For utterance 20030005_658, best cost 85.2348 + 4195.23 = 4280.46 over 1003 frames.
20030005_658 گنگولی کامیاب بگٹی زیردست کے بعد سے گزارنے 
LOG (lattice-best-path[5.5.907~1-cbed4]:main():lattice-best-path.cc:99) For utterance 20030005_659, best cost 123.678 + 5523.27 = 5646.95 over 1291 frames.
20030005_659 کرتی خوگر چلیں بھوجپوری کا تمغوں کو کرواؤ میں کیا پیشرو ہیں 
LOG (lattice-best-path[5.5.907~1-cbed4]:main():lattice-best-path.cc:99) For utterance 20030005_660, best cost 74.0648 + 3319.23 = 3393.3 over 779 frames.
20030005_660 اور بڑھاوں کے بعد کیا غزوہ میں بعدازاں 
LOG (lattice-best-path[5.5.907~1-cbed4]:main():lattice-best-path.cc:99) For utterance 20030005_661, best cost 94.7678 + 5203.8 = 5298.56 over 1252 frames.
20030005_661 تیزرفتار میں کے لیے بشمول کامیاب کا داغدار دوا ہیں 
LOG (lattice-best-path[5.5.907~1-cbed4]:main():lattice-best-path.cc:99) For utterance 20030005_662, best cost 111.919 + 4536.29 = 4648.21 over 1067 frames.
20030005_662 تخریب شاخوں کی پرچیاں چلغوزے خوفوں کی دلنشیں دریں کے ہیں 
LOG (lattice-best-path[5.5.907~1-cbed4]:main():lattice-best-path.cc:99) For utterance 20030005_663, best cost 141.8 + 5787.21 = 5929.01 over 1336 frames.
20030005_663 کی ڈوریں چراغاں چار اور بندوق چوڑیاں برساتا کی ہوئیں کی تنقیص دھوپ نہیں 
LOG (lattice-best-path[5.5.907~1-cbed4]:main():lattice-best-path.cc:99) For utterance 20030005_664, best cost 146.814 + 5767.13 = 5913.95 over 1316 frames.
20030005_664 کا سہارے براؤزر میں میں تناول کے کا موضوعات کو کیلئے سے کے رخوں کے کھڑے ہو گیا 
LOG (lattice-best-path[5.5.907~1-cbed4]:main():lattice-best-path.cc:99) For utterance 20030005_665, best cost 86.9283 + 3422.24 = 3509.17 over 779 frames.
20030005_665 تلخ اثاثوں اور کی سیر جنگوں آغاز خبروں 
LOG (lattice-best-path[5.5.907~1-cbed4]:main():lattice-best-path.cc:99) For utterance 20030005_666, best cost 102.049 + 4565.06 = 4667.11 over 1073 frames.
20030005_666 بونس جیگوار اور ذوالجلال باہر تصورات کر سے بولے 
LOG (lattice-best-path[5.5.907~1-cbed4]:main():lattice-best-path.cc:99) For utterance 20030005_667, best cost 108.389 + 5508.9 = 5617.29 over 1323 frames.
20030005_667 کی بل کردار سے چنگیزی دوسرے کی میں کی خبر سنگباری 
LOG (lattice-best-path[5.5.907~1-cbed4]:main():lattice-best-path.cc:99) For utterance 20030005_668, best cost 132.22 + 6458.55 = 6590.77 over 1489 frames.
20030005_668 سعودی ضروریات کے گلریز بہرحال بیچلر کا کے ساتھ پگڑیاں کی سلسلے گا 
LOG (lattice-best-path[5.5.907~1-cbed4]:main():lattice-best-path.cc:99) For utterance 20030005_669, best cost 97.8633 + 4748.11 = 4845.97 over 1112 frames.
20030005_669 غوروخوض اور منفعت بورڈ میں ویڈیوز صورتحال ضروریات 
LOG (lattice-best-path[5.5.907~1-cbed4]:main():lattice-best-path.cc:99) For utterance 20030005_670, best cost 85.0321 + 4369.8 = 4454.83 over 1035 frames.
20030005_670 کو وزیرداخلہ شاہد صاحب بوئنگ ڈاکوؤں کا کرو 
LOG (lattice-best-path[5.5.907~1-cbed4]:main():lattice-best-path.cc:99) For utterance 20030005_671, best cost 153.165 + 5939.01 = 6092.17 over 1368 frames.
20030005_671 بشیر زلزلے ساری گاڑیاں میں کا شوکت سنو کے سوزوکی گنگولی میں کو اور شیرے جاؤ 
LOG (lattice-best-path[5.5.907~1-cbed4]:main():lattice-best-path.cc:99) For utterance 20030005_672, best cost 108.004 + 5168.53 = 5276.53 over 1163 frames.
20030005_672 پنگھوڑے شروع سرمایے کو فقدان بدصورت کوسوں وزیرداخلہ ہیں 
LOG (lattice-best-path[5.5.907~1-cbed4]:main():lattice-best-path.cc:99) For utterance 20030005_673, best cost 96.6893 + 4350.79 = 4447.47 over 1048 frames.
20030005_673 کلراٹھی کی چھاؤں بالاخر میں دوجے مصالحہ پڑھائی ہیں 
LOG (lattice-best-path[5.5.907~1-cbed4]:main():lattice-best-path.cc:99) For utterance 20030005_674, best cost 143.226 + 6539.43 = 6682.66 over 1604 frames.
20030005_674 نقشوں میں پُلوں میں کر کا پراچہ پھولدار پہنچا پھیلیں کوسموس میں کی کوشش کی 
LOG (lattice-best-path[5.5.907~1-cbed4]:main():lattice-best-path.cc:99) For utterance 20030005_675, best cost 100.194 + 5427.57 = 5527.77 over 1297 frames.
20030005_675 تاجر بوڑھی کے لیے پر سوچے کو خوفوں کا اور کرتا ہے 
LOG (lattice-best-path[5.5.907~1-cbed4]:main():lattice-best-path.cc:99) For utterance 20030005_676, best cost 123.886 + 5535.82 = 5659.7 over 1278 frames.
20030005_676 پونے جعلسازی سرہندی جاوید جو آپ میں کمشنر جڑیں پرکھے ہیں 
LOG (lattice-best-path[5.5.907~1-cbed4]:main():lattice-best-path.cc:99) For utterance 20030005_677, best cost 129.81 + 6026.88 = 6156.69 over 1380 frames.
20030005_677 انسانیت انگوٹھی بولنگ بغیر بعدازاں اور سعودی ہوئیں کرائیں برسراقتدار لیا 
LOG (lattice-best-path[5.5.907~1-cbed4]:main():lattice-best-path.cc:99) For utterance 20030005_678, best cost 221.248 + 8436.05 = 8657.3 over 2052 frames.
20030005_678 سفیدے سوواں کو کلیدی فیض پڑا عرف بس ماؤزے شے میں کیلئے پڑھو جانب فعلن سے مشعر کریں شیڈ کیں 
LOG (lattice-best-path[5.5.907~1-cbed4]:main():lattice-best-path.cc:99) For utterance 20030005_679, best cost 94.6276 + 4094.08 = 4188.71 over 958 frames.
20030005_679 خواری اور بہتری چلچلاتی کولسری تیزی سے شیریں 
LOG (lattice-best-path[5.5.907~1-cbed4]:main():lattice-best-path.cc:99) For utterance 20030005_680, best cost 128.671 + 5476.36 = 5605.03 over 1316 frames.
20030005_680 کلومیٹر چوڑیاں پہنچائیں ہوے کلیرنگ پھولدار کا باعث میں تھوڑا کا رکھتا ہے 
LOG (lattice-best-path[5.5.907~1-cbed4]:main():lattice-best-path.cc:99) For utterance 20030005_681, best cost 141.977 + 6721.24 = 6863.22 over 1611 frames.
20030005_681 تراشوں بیچیں شیر کو بیٹھا کر باعث قومی بولوں اور بخشی کارپوریشن ہیں 
LOG (lattice-best-path[5.5.907~1-cbed4]:main():lattice-best-path.cc:99) For utterance 20030005_682, best cost 160.212 + 7047.97 = 7208.18 over 1656 frames.
20030005_682 دبیز کو شعاع میں کی امور کر پنجرے کا چچا کرائیں واضح کے گوجر موعود کیے 
LOG (lattice-best-path[5.5.907~1-cbed4]:main():lattice-best-path.cc:99) For utterance 20030005_683, best cost 110.109 + 5788.86 = 5898.97 over 1355 frames.
20030005_683 پر سموسے کی جبڑوں کر کہانی بلدیاتی کی میں طرزعمل کریں 
LOG (lattice-best-path[5.5.907~1-cbed4]:main():lattice-best-path.cc:99) For utterance 20030005_684, best cost 103.955 + 5184.58 = 5288.53 over 1208 frames.
20030005_684 منظور خوان طرزفکر کے کی دھوپ میں پوٹھوہاری برطرفی اور 
LOG (lattice-best-path[5.5.907~1-cbed4]:main():lattice-best-path.cc:99) For utterance 20030005_685, best cost 93.3235 + 3800.54 = 3893.86 over 881 frames.
20030005_685 بچّو فروزاں کی مبشر بخشے سے غزلوں بندوق 
LOG (lattice-best-path[5.5.907~1-cbed4]:main():lattice-best-path.cc:99) For utterance 20030005_686, best cost 111.78 + 4783.41 = 4895.19 over 1067 frames.
20030005_686 صوفیانہ میں سرخرو بغیر فشار صلاحیتیں مزیدار شمشاد شو 
LOG (lattice-best-path[5.5.907~1-cbed4]:main():lattice-best-path.cc:99) For utterance 20030005_687, best cost 179.876 + 7135.29 = 7315.17 over 1656 frames.
20030005_687 سوئس کے بدسلوکی سے حالانکہ کھولے بو بھولیں قضا سے سے کی ابواب کر کوچوں موعود فضول اور ہیں 
LOG (lattice-best-path[5.5.907~1-cbed4]:main():lattice-best-path.cc:99) For utterance 20030005_688, best cost 168.342 + 7499.25 = 7667.59 over 1796 frames.
20030005_688 خلق ذوالجلال گردیزی بارش پرسش یاب مزارعوں اور دیش کی کیجیے میں بانگ کرنے کالجوں 
LOG (lattice-best-path[5.5.907~1-cbed4]:main():lattice-best-path.cc:99) For utterance 20030005_689, best cost 151.696 + 6083.74 = 6235.44 over 1496 frames.
20030005_689 بھومی گوبر درس تحقیقات کیا مجموعوں میں دوبارہ پرسوز کو فصلیں کلچر چار 
LOG (lattice-best-path[5.5.907~1-cbed4]:main():lattice-best-path.cc:99) For utterance 20030005_690, best cost 73.1988 + 4256.9 = 4330.09 over 881 frames.
20030005_690 چلچلاتی پراسیس ترشول حوصلہ سے جاتا ہے 
LOG (lattice-best-path[5.5.907~1-cbed4]:main():lattice-best-path.cc:99) For utterance 20030005_691, best cost 118.02 + 6767.56 = 6885.58 over 1368 frames.
20030005_691 کی ذوالجناح جیسے نوحہ سوزش سے سنگسار سالہاسال ایسا زیست 
LOG (lattice-best-path[5.5.907~1-cbed4]:main():lattice-best-path.cc:99) For utterance 20030005_692, best cost 102.895 + 6064.44 = 6167.33 over 1220 frames.
20030005_692 سکورز اوصاف پراسیس گیسو سالہاسال سے زیست خارجہ ہے 
LOG (lattice-best-path[5.5.907~1-cbed4]:main():lattice-best-path.cc:99) For utterance 20030005_693, best cost 89.9865 + 4576.08 = 4666.06 over 939 frames.
20030005_693 سیاح سے جوئیہ صحت آئیندہ کیا اثاثوں وائرس 
LOG (lattice-best-path[5.5.907~1-cbed4]:main():lattice-best-path.cc:99) For utterance 20030005_694, best cost 121.213 + 6018.74 = 6139.95 over 1208 frames.
20030005_694 تحصیلدار شعاع اس شاخ اثاثوں سے جیسے اور سے سوا اور چوائس 
LOG (lattice-best-path[5.5.907~1-cbed4]:main():lattice-best-path.cc:99) For utterance 20030005_695, best cost 114.333 + 5435.76 = 5550.1 over 1105 frames.
20030005_695 سوری کی جلدازجلد جائیں سوچا ایڈجسٹ کی جور مینوئل اجلاس 
LOG (lattice-best-path[5.5.907~1-cbed4]:main():lattice-best-path.cc:99) For utterance 20030005_696, best cost 128.066 + 5491.26 = 5619.33 over 1131 frames.
20030005_696 تشخص اور سے ایڈجسٹ کیسز ایس کوسموس شوکیسوں سیلز آہستہ سیاح 
LOG (lattice-best-path[5.5.907~1-cbed4]:main():lattice-best-path.cc:99) For utterance 20030005_697, best cost 80.3568 + 3806.44 = 3886.8 over 772 frames.
20030005_697 کو اور سبزیوں مستعد زدہ میں ساختہ ہو گیا 
LOG (lattice-best-path[5.5.907~1-cbed4]:main():lattice-best-path.cc:99) For utterance 20030005_698, best cost 87.8172 + 5589.25 = 5677.07 over 1124 frames.
20030005_698 سالہاسال جاسوسی سے شستہ سوری سزا لباس 
LOG (lattice-best-path[5.5.907~1-cbed4]:main():lattice-best-path.cc:99) For utterance 20030005_699, best cost 129.106 + 6666.73 = 6795.83 over 1342 frames.
20030005_699 سیلز کے جیز اوصاف کی چالیس احساس کے ساتھ حیثیت کی اثاثوں جوس 
LOG (lattice-best-path[5.5.907~1-cbed4]:main():lattice-best-path.cc:99) For utterance 20030005_700, best cost 125.674 + 7158.54 = 7284.22 over 1419 frames.
20030005_700 ہوش کوسموس کی سے تذلیل سے سوراخ اس کی زودحس اثاثوں ثلث 
LOG (lattice-best-path[5.5.907~1-cbed4]:main():lattice-best-path.cc:99) For utterance 20030005_701, best cost 148.089 + 8377.9 = 8525.98 over 1681 frames.
20030005_701 خضوع زدہ موسم اونس توضیح استغاثہ کے سلسلے وائرس حوض سازوسامان اجلاس 
LOG (lattice-best-path[5.5.907~1-cbed4]:main():lattice-best-path.cc:99) For utterance 20030005_702, best cost 134.808 + 5786.52 = 5921.32 over 1150 frames.
20030005_702 سڑنے فیصلہ ثلث چلغوزے سے سہارے سوئس شاہ زوردار ثلث نشست 
LOG (lattice-best-path[5.5.907~1-cbed4]:main():lattice-best-path.cc:99) For utterance 20030005_703, best cost 87.2466 + 4661.09 = 4748.34 over 952 frames.
20030005_703 سزا استحصالی چیز کیسز اور سودا سازباز 
LOG (lattice-best-path[5.5.907~1-cbed4]:main():lattice-best-path.cc:99) For utterance 20030005_704, best cost 115.854 + 6916.99 = 7032.85 over 1355 frames.
20030005_704 چوائس فیشن صوفیہ ساز گیسیں ساحل آہستہ سیروسیاحت سے 
LOG (lattice-best-path[5.5.907~1-cbed4]:main():lattice-best-path.cc:99) For utterance 20030005_705, best cost 87.3582 + 4644.64 = 4732 over 958 frames.
20030005_705 سازباز گیسو ایسا سالہاسال حصوں سے ایمبولینس 
LOG (lattice-best-path[5.5.907~1-cbed4]:main():lattice-best-path.cc:99) For utterance 20030005_706, best cost 80.9824 + 5521.84 = 5602.82 over 1086 frames.
20030005_706 سیلرز مسلسل زیست کے ساتھ ایشز ایڈجسٹ 
LOG (lattice-best-path[5.5.907~1-cbed4]:main():lattice-best-path.cc:99) For utterance 20030005_707, best cost 91.9996 + 4402.25 = 4494.25 over 888 frames.
20030005_707 تنازعے حوصلہ سوختہ ایڈریس ضلع سیاح ایس 
LOG (lattice-best-path[5.5.907~1-cbed4]:main():lattice-best-path.cc:99) For utterance 20030005_708, best cost 104.523 + 4914.88 = 5019.4 over 1009 frames.
20030005_708 جشن ایسے گیسو ایمبولینس آزادی کا اور شخصے گیس 
LOG (lattice-best-path[5.5.907~1-cbed4]:main():lattice-best-path.cc:99) For utterance 20030010_601, best cost 114.183 + 5031.37 = 5145.55 over 985 frames.
20030010_601 بااثر پہنچتے ڈائیلوشن جیلانی گئی خودسر امور کے تعاقب ہو گئی 
LOG (lattice-best-path[5.5.907~1-cbed4]:main():lattice-best-path.cc:99) For utterance 20030010_602, best cost 169.602 + 6116.19 = 6285.79 over 1203 frames.
20030010_602 کے لالچی تمسخر کتابچے ابو بھولیں پڑھائی چلو بدظن شعائر جکھرانی شنید ششدر ساز ہے 
LOG (lattice-best-path[5.5.907~1-cbed4]:main():lattice-best-path.cc:99) For utterance 20030010_603, best cost 108.02 + 4289.4 = 4397.42 over 833 frames.
20030010_603 شمشاد کا نزلے جانا سے مدمقابل تبدیلی صحبت سمجھائیں کیا 
LOG (lattice-best-path[5.5.907~1-cbed4]:main():lattice-best-path.cc:99) For utterance 20030010_604, best cost 107.395 + 4450.84 = 4558.24 over 856 frames.
20030010_604 سے ڈائیگرام کی کارکردگی کو باعث گوہر چاہئے کے کے سلیولائیٹ 
LOG (lattice-best-path[5.5.907~1-cbed4]:main():lattice-best-path.cc:99) For utterance 20030010_605, best cost 68.4245 + 2607.54 = 2675.97 over 513 frames.
20030010_605 سوچا شلجم ڈکٹیشن کوریوگرافر دیتا ہے 
LOG (lattice-best-path[5.5.907~1-cbed4]:main():lattice-best-path.cc:99) For utterance 20030010_606, best cost 80.1537 + 3128.3 = 3208.45 over 608 frames.
20030010_606 وزیرداخلہ رخصت سے پسماندہ خاصی تجزیہ تھے 
LOG (lattice-best-path[5.5.907~1-cbed4]:main():lattice-best-path.cc:99) For utterance 20030010_607, best cost 61.1746 + 2137.96 = 2199.13 over 420 frames.
20030010_607 پر سیاسی پرچیز اسلامی منیجنگ 
LOG (lattice-best-path[5.5.907~1-cbed4]:main():lattice-best-path.cc:99) For utterance 20030010_608, best cost 101.662 + 2991.67 = 3093.34 over 582 frames.
20030010_608 کو پنگھوڑے دولخت کو خوشخبری چمچہ نیچی سوجن کو کی 
LOG (lattice-best-path[5.5.907~1-cbed4]:main():lattice-best-path.cc:99) For utterance 20030010_609, best cost 110.319 + 3742.45 = 3852.77 over 736 frames.
20030010_609 تشنج تلمیحات مماثل جوڑیں انسانیت کی جھنجھوڑ درخواست کیا کیا 
LOG (lattice-best-path[5.5.907~1-cbed4]:main():lattice-best-path.cc:99) For utterance 20030010_610, best cost 97.8208 + 3884.47 = 3982.29 over 803 frames.
20030010_610 کا سیکشن دودھیا میرا نیچے جیسے بجٹ ایسا ہے 
LOG (lattice-best-path[5.5.907~1-cbed4]:main():lattice-best-path.cc:99) For utterance 20030010_611, best cost 105.967 + 4356.08 = 4462.05 over 868 frames.
20030010_611 حسینی بینگن خواستگار میوزک بلاخوف جرگہ کی کوشش حاشیے 
LOG (lattice-best-path[5.5.907~1-cbed4]:main():lattice-best-path.cc:99) For utterance 20030010_612, best cost 111.587 + 4449.19 = 4560.78 over 921 frames.
20030010_612 تبدیلیاں کی ورزش سمجھدار باجرہ چست گردوغبار جیلانی شاخسانہ ہے 
LOG (lattice-best-path[5.5.907~1-cbed4]:main():lattice-best-path.cc:99) For utterance 20030010_613, best cost 63.097 + 2343.53 = 2406.63 over 452 frames.
20030010_613 تنولی باخبر ساجد گلیشئیر جاتا ہے 
LOG (lattice-best-path[5.5.907~1-cbed4]:main():lattice-best-path.cc:99) For utterance 20030010_614, best cost 94.8282 + 2952.11 = 3046.93 over 578 frames.
20030010_614 دلجوئی فیڈریشن کے کلیرنگ کے ساتھ سمجھی بغیر سمجھدار کیا 
LOG (lattice-best-path[5.5.907~1-cbed4]:main():lattice-best-path.cc:99) For utterance 20030010_615, best cost 125.727 + 4893.57 = 5019.29 over 960 frames.
20030010_615 کر آتشزدگی نیسچن موئسچرائزنگ بلڈوزر توجہ دیوبندی کی دلجوئی کو ایڈہاک 
LOG (lattice-best-path[5.5.907~1-cbed4]:main():lattice-best-path.cc:99) For utterance 20030010_616, best cost 151.546 + 4942.28 = 5093.82 over 989 frames.
20030010_616 تاجر درود میں سترھویں شگفتہ غصہ شکار کیسی تصدق کی مخالفت آہستہ تجزیہ 
LOG (lattice-best-path[5.5.907~1-cbed4]:main():lattice-best-path.cc:99) For utterance 20030010_617, best cost 82.7713 + 3357.51 = 3440.28 over 669 frames.
20030010_617 تمسخر چڑچڑے کی سویٹر کی طرف پچاسویں لگا 
LOG (lattice-best-path[5.5.907~1-cbed4]:main():lattice-best-path.cc:99) For utterance 20030010_618, best cost 113.164 + 4115.95 = 4229.11 over 824 frames.
20030010_618 حامد آمیزش قاسم شماریات خسارے مہربانیوں کے بعد اس کا کیا ہیں 
LOG (lattice-best-path[5.5.907~1-cbed4]:main():lattice-best-path.cc:99) For utterance 20030010_619, best cost 80.1496 + 2525.49 = 2605.64 over 519 frames.
20030010_619 کسی چشتی آمدنی آمدنی پنجابی مرجھا ہیں 
LOG (lattice-best-path[5.5.907~1-cbed4]:main():lattice-best-path.cc:99) For utterance 20030010_620, best cost 116.1 + 4297.88 = 4413.98 over 820 frames.
20030010_620 جیلانی کنفیوژن منظم جوئیہ کی محبوبہ خضوع شروع کیا منجھی 
LOG (lattice-best-path[5.5.907~1-cbed4]:main():lattice-best-path.cc:99) For utterance 20030010_621, best cost 127.488 + 5085.9 = 5213.38 over 1024 frames.
20030010_621 میں مجوزہ سے منتظر جہانگیر والدین بھنڈی سے گلدستہ جہانگیر ملازمت کے کی 
LOG (lattice-best-path[5.5.907~1-cbed4]:main():lattice-best-path.cc:99) For utterance 20030010_622, best cost 97.2252 + 4040.41 = 4137.64 over 764 frames.
20030010_622 کوچ دارومدار دیکھتے بجٹ مزیدار کی پالیسی گزیر 
LOG (lattice-best-path[5.5.907~1-cbed4]:main():lattice-best-path.cc:99) For utterance 20030010_623, best cost 92.0601 + 3237.68 = 3329.74 over 664 frames.
20030010_623 بدچلنی درسگاہوں منافعے سوئس داڑھی جنریشن نے کیا 
LOG (lattice-best-path[5.5.907~1-cbed4]:main():lattice-best-path.cc:99) For utterance 20030010_624, best cost 104.951 + 3899.29 = 4004.25 over 790 frames.
20030010_624 ہنوز تسلسل سیلرز سازوسامان حدود کی پیشگوئیاں میں مشروبات 
LOG (lattice-best-path[5.5.907~1-cbed4]:main():lattice-best-path.cc:99) For utterance 20030010_625, best cost 94.6124 + 3309.68 = 3404.3 over 665 frames.
20030010_625 گیدڑ زندگی چچا کی گدے گردیزی مجموعہ کے ہو گیا 
LOG (lattice-best-path[5.5.907~1-cbed4]:main():lattice-best-path.cc:99) For utterance 20030010_626, best cost 66.7923 + 2256 = 2322.79 over 465 frames.
20030010_626 پرخچے گڑیا دھجیاں نسخہ سمجھا 
LOG (lattice-best-path[5.5.907~1-cbed4]:main():lattice-best-path.cc:99) For utterance 20030010_627, best cost 85.4846 + 3463.56 = 3549.05 over 712 frames.
20030010_627 سینٹر مدفن انگوٹھے ہرادھنیا سیسموگراف اومیگا گیا 
LOG (lattice-best-path[5.5.907~1-cbed4]:main():lattice-best-path.cc:99) For utterance 20030010_628, best cost 86.1436 + 3422.16 = 3508.3 over 709 frames.
20030010_628 درستگی لگانے اگرچہ چیلنجز انجکشن وفود کی 
LOG (lattice-best-path[5.5.907~1-cbed4]:main():lattice-best-path.cc:99) For utterance 20030010_629, best cost 125.84 + 4212.66 = 4338.5 over 876 frames.
20030010_629 چیچک کے گوشہ کیا فراخدلی سے تنازع روضے موجودہ عزت کے چھڑیاں 
LOG (lattice-best-path[5.5.907~1-cbed4]:main():lattice-best-path.cc:99) For utterance 20030010_630, best cost 84.4895 + 3277.21 = 3361.7 over 668 frames.
20030010_630 تعین گزشتہ میراتھن بیچارے کلچر ضیغم گیا 
LOG (lattice-best-path[5.5.907~1-cbed4]:main():lattice-best-path.cc:99) For utterance 20030010_631, best cost 144.976 + 4805.14 = 4950.11 over 964 frames.
20030010_631 سیاسی فوراً مدافعت بیڈروم میں تحفتا دیش درخواست نیچے سے سے معطل چائلڈ ہے 
LOG (lattice-best-path[5.5.907~1-cbed4]:main():lattice-best-path.cc:99) For utterance 20030010_632, best cost 152.136 + 6034.46 = 6186.6 over 1219 frames.
20030010_632 زیادہ ندا کے بوریت کی اچک چوری یہودی چادر کاجو موصول چھوڑیں بغیر دیکھیں 
LOG (lattice-best-path[5.5.907~1-cbed4]:main():lattice-best-path.cc:99) For utterance 20030010_633, best cost 125.672 + 4963.86 = 5089.53 over 1056 frames.
20030010_633 کچیلے بگاڑنے تقویت کی کی کے اور فیصد کی قوس سلسلے کے نیچے 
LOG (lattice-best-path[5.5.907~1-cbed4]:main():lattice-best-path.cc:99) For utterance 20030010_634, best cost 92.552 + 3391.01 = 3483.56 over 708 frames.
20030010_634 کمیشن جشن کے سامنے ڈوڈیاں چقندر گینگسٹر کیا ہیں 
LOG (lattice-best-path[5.5.907~1-cbed4]:main():lattice-best-path.cc:99) For utterance 20030010_635, best cost 103.208 + 3547.45 = 3650.66 over 722 frames.
20030010_635 پاسبان ازخود سیڑھیاں باولنگ بیچے ترمیم رویہ سیاست کریں 
LOG (lattice-best-path[5.5.907~1-cbed4]:main():lattice-best-path.cc:99) For utterance 20030010_636, best cost 87.7243 + 3251.14 = 3338.87 over 677 frames.
20030010_636 پروفیشنل جوئیہ چمڑے سے جدوجہد خاتون تفاوت 
LOG (lattice-best-path[5.5.907~1-cbed4]:main():lattice-best-path.cc:99) For utterance 20030010_637, best cost 79.4652 + 3402.87 = 3482.34 over 703 frames.
20030010_637 ٹرانسفارمر بدچلنی نمو کیجیے گیسیں کرتے ہوئے 
LOG (lattice-best-path[5.5.907~1-cbed4]:main():lattice-best-path.cc:99) For utterance 20030010_638, best cost 126.465 + 5553.47 = 5679.93 over 1134 frames.
20030010_638 طرف درستگی شیروانی کو میں سوئچ اور اٹھی اور کھچی سیاست جلسے 
LOG (lattice-best-path[5.5.907~1-cbed4]:main():lattice-best-path.cc:99) For utterance 20030010_639, best cost 125.419 + 4867.39 = 4992.81 over 1011 frames.
20030010_639 پھیرتے دولخت تقسیم کے جیسے تشخیص اثر ٹیکنالوجیز اور تسلسل دو سکتیں 
LOG (lattice-best-path[5.5.907~1-cbed4]:main():lattice-best-path.cc:99) For utterance 20030010_640, best cost 113.686 + 3964.25 = 4077.94 over 822 frames.
20030010_640 چاہئے رابطے جیلانی ضخیم کی سنگھاسن کی شعاع درخور کی کوشش کریں 
LOG (lattice-best-path[5.5.907~1-cbed4]:main():lattice-best-path.cc:99) For utterance 20030010_641, best cost 79.3004 + 3463.1 = 3542.4 over 712 frames.
20030010_641 کوارڈینیٹر ایشوز کرکے تابش بازیچہ گردیزی 
LOG (lattice-best-path[5.5.907~1-cbed4]:main():lattice-best-path.cc:99) For utterance 20030010_642, best cost 82.6419 + 3025.83 = 3108.47 over 638 frames.
20030010_642 خفگی سیفٹی مسجد گردش تنفس دیوار کی 
LOG (lattice-best-path[5.5.907~1-cbed4]:main():lattice-best-path.cc:99) For utterance 20030010_643, best cost 91.5842 + 3179.62 = 3271.2 over 664 frames.
20030010_643 دراوڑی ذخائر پڑھئے مخرج سنایا دودھیا زندگی نہیں 
LOG (lattice-best-path[5.5.907~1-cbed4]:main():lattice-best-path.cc:99) For utterance 20030010_644, best cost 128.21 + 4278.08 = 4406.29 over 908 frames.
20030010_644 کے شیرے چیئرمین دو دعائیہ زیورات کھچڑی کیسی برڈ سے میں پر بات کی 
LOG (lattice-best-path[5.5.907~1-cbed4]:main():lattice-best-path.cc:99) For utterance 20030010_645, best cost 98.1149 + 3754.25 = 3852.36 over 768 frames.
20030010_645 کی چیلنجز منظور پسند پرسوز اٹھتر میں کی جا سکتیں 
LOG (lattice-best-path[5.5.907~1-cbed4]:main():lattice-best-path.cc:99) For utterance 20030010_646, best cost 102.128 + 3505.18 = 3607.31 over 734 frames.
20030010_646 ذریعہ غزلیات چبھنے کے بعد تبدیلیاں میں جانبدار گائنی گئی 
LOG (lattice-best-path[5.5.907~1-cbed4]:main():lattice-best-path.cc:99) For utterance 20030010_647, best cost 61.3145 + 2502.13 = 2563.45 over 517 frames.
20030010_647 حاصل تنازعے بوجوہ گردوغبار کریں 
LOG (lattice-best-path[5.5.907~1-cbed4]:main():lattice-best-path.cc:99) For utterance 20030010_648, best cost 66.1133 + 2785.41 = 2851.52 over 573 frames.
20030010_648 جدوجہد چاچو پرخچے کیا پڑدادا 
LOG (lattice-best-path[5.5.907~1-cbed4]:main():lattice-best-path.cc:99) For utterance 20030010_649, best cost 72.1096 + 2400.32 = 2472.43 over 478 frames.
20030010_649 تو خدانخواستہ ٹریفک باتھو آمدنی لگائیں 
LOG (lattice-best-path[5.5.907~1-cbed4]:main():lattice-best-path.cc:99) For utterance 20030010_650, best cost 113.413 + 4262.55 = 4375.96 over 870 frames.
20030010_650 ہجے پالیسی بآسانی یا کی کے مخفی دعائیہ کے باعث تجزیہ ہے 
LOG (lattice-best-path[5.5.907~1-cbed4]:main():lattice-best-path.cc:99) For utterance 20030010_651, best cost 108.116 + 3298.23 = 3406.34 over 699 frames.
20030010_651 کوئلے کالجوں کی قدرتی کتابچے تو میں سے پہلے سعودی چیف 
LOG (lattice-best-path[5.5.907~1-cbed4]:main():lattice-best-path.cc:99) For utterance 20030010_652, best cost 91.8632 + 3670.25 = 3762.11 over 777 frames.
20030010_652 پتھالوجسٹ آمدنی ترجمانی مقدار بگٹی سندھو پہنچ گیا 
LOG (lattice-best-path[5.5.907~1-cbed4]:main():lattice-best-path.cc:99) For utterance 20030010_653, best cost 94.6352 + 3047.74 = 3142.37 over 638 frames.
20030010_653 پروگرام اس کسی جمگھٹا عزیز ڈیجیٹل کر قصوروار 
LOG (lattice-best-path[5.5.907~1-cbed4]:main():lattice-best-path.cc:99) For utterance 20030010_654, best cost 109.273 + 3930.05 = 4039.32 over 838 frames.
20030010_654 کنیئرڈ اشخاص کی اشاعت چندھیا رفعت لوث کمینگی میں سکتیں 
LOG (lattice-best-path[5.5.907~1-cbed4]:main():lattice-best-path.cc:99) For utterance 20030010_655, best cost 71.9452 + 2243.68 = 2315.62 over 465 frames.
20030010_655 تلاش کی چنیوٹی ڈیتھ بجھائی دیش ہے 
LOG (lattice-best-path[5.5.907~1-cbed4]:main():lattice-best-path.cc:99) For utterance 20030010_656, best cost 100.624 + 4325.01 = 4425.64 over 918 frames.
20030010_656 بیضے چیلنجز ایہام بچایا سمجھدار میں بھی کس کریں 
LOG (lattice-best-path[5.5.907~1-cbed4]:main():lattice-best-path.cc:99) For utterance 20030010_657, best cost 59.4806 + 2624 = 2683.48 over 540 frames.
20030010_657 آمدورفت طرزعمل جیسے کلاسز کریں 
LOG (lattice-best-path[5.5.907~1-cbed4]:main():lattice-best-path.cc:99) For utterance 20030010_658, best cost 72.8083 + 2760.12 = 2832.92 over 591 frames.
20030010_658 کمزور کرنے والے بیس کی بااثر زبوں 
LOG (lattice-best-path[5.5.907~1-cbed4]:main():lattice-best-path.cc:99) For utterance 20030010_659, best cost 103.063 + 3815.77 = 3918.83 over 779 frames.
20030010_659 بھیجی کو جنریشن کوریوگرافر دولت خاصے لاہوریات کے سوویں 
LOG (lattice-best-path[5.5.907~1-cbed4]:main():lattice-best-path.cc:99) For utterance 20030010_660, best cost 49.4515 + 2337.4 = 2386.85 over 482 frames.
20030010_660 کو ایڈورٹائزنگ گداز آویزاں 
LOG (lattice-best-path[5.5.907~1-cbed4]:main():lattice-best-path.cc:99) For utterance 20030010_661, best cost 74.5381 + 2839.65 = 2914.19 over 578 frames.
20030010_661 حصص کینیڈین ایشو درآمدات پر بڑھائیں 
LOG (lattice-best-path[5.5.907~1-cbed4]:main():lattice-best-path.cc:99) For utterance 20030010_662, best cost 71.94 + 2858.37 = 2930.31 over 575 frames.
20030010_662 تسلسل جید عندیہ سیروسیاحت کی چشتی گیا 
LOG (lattice-best-path[5.5.907~1-cbed4]:main():lattice-best-path.cc:99) For utterance 20030010_663, best cost 86.4053 + 3349.63 = 3436.03 over 656 frames.
20030010_663 کی اچانک ابڑو اچھل ساجد کے کی تجویز کو ہوئے 
LOG (lattice-best-path[5.5.907~1-cbed4]:main():lattice-best-path.cc:99) For utterance 20030010_664, best cost 99.1305 + 3964.49 = 4063.62 over 790 frames.
20030010_664 پراسیس امرتا کلاسز وقعت کی چیک ایڈووکیٹ کے ہو گیا 
LOG (lattice-best-path[5.5.907~1-cbed4]:main():lattice-best-path.cc:99) For utterance 20030010_665, best cost 76.066 + 2798.4 = 2874.47 over 569 frames.
20030010_665 قیصر خسارے سے جیسی کا کا سفیدے اور 
LOG (lattice-best-path[5.5.907~1-cbed4]:main():lattice-best-path.cc:99) For utterance 20030010_666, best cost 72.2167 + 2536.09 = 2608.3 over 505 frames.
20030010_666 دوسروں اگرچہ لگاتا پراسیس ایسے دیئے 
LOG (lattice-best-path[5.5.907~1-cbed4]:main():lattice-best-path.cc:99) For utterance 20030010_667, best cost 84.3804 + 3463.02 = 3547.4 over 731 frames.
20030010_667 کی کے باعث چیچن چلغوزے کی مجیب بوسن گئے 
LOG (lattice-best-path[5.5.907~1-cbed4]:main():lattice-best-path.cc:99) For utterance 20030010_668, best cost 92.7054 + 3617.77 = 3710.48 over 739 frames.
20030010_668 سرفہرست ایلوویرا لیجنڈ گردش لاٹھیاں کے سے جانبدار 
LOG (lattice-best-path[5.5.907~1-cbed4]:main():lattice-best-path.cc:99) For utterance 20030010_669, best cost 79.8054 + 2828.39 = 2908.19 over 557 frames.
20030010_669 بوسن گذر دوڑنے زیدی غیرضروری جنگجویانہ 
LOG (lattice-best-path[5.5.907~1-cbed4]:main():lattice-best-path.cc:99) For utterance 20030010_670, best cost 61.9838 + 3273.15 = 3335.14 over 653 frames.
20030010_670 پروسیسر سے شیل ضرورت کولیسٹرول 
LOG (lattice-best-path[5.5.907~1-cbed4]:main():lattice-best-path.cc:99) For utterance 20030010_671, best cost 128.67 + 3571.5 = 3700.17 over 712 frames.
20030010_671 خوشی سکتے سوسائٹی گڑیا میں کا اثرورسوخ اور تصدق چوری میں گوشے جاؤ 
LOG (lattice-best-path[5.5.907~1-cbed4]:main():lattice-best-path.cc:99) For utterance 20030010_672, best cost 93.2977 + 2943.17 = 3036.47 over 626 frames.
20030010_672 کمیشن جنگوں فقدان بسر پاس اگرچہ تبدیلیاں ہے 
LOG (lattice-best-path[5.5.907~1-cbed4]:main():lattice-best-path.cc:99) For utterance 20030010_673, best cost 80.5 + 2908.84 = 2989.34 over 621 frames.
20030010_673 پڑھائی چاول واجب جو سنگھاسن کیلئے پٹھان 
LOG (lattice-best-path[5.5.907~1-cbed4]:main():lattice-best-path.cc:99) For utterance 20030010_674, best cost 98.5762 + 3694.41 = 3792.99 over 777 frames.
20030010_674 تشنج دارومدار پچھتر درآمدات کیونکہ حسینی کی کوشش کی 
LOG (lattice-best-path[5.5.907~1-cbed4]:main():lattice-best-path.cc:99) For utterance 20030010_675, best cost 87.9023 + 3318.81 = 3406.71 over 686 frames.
20030010_675 کا جیوری کیلئے پر سوچے تغافل تعاقب باولنگ 
LOG (lattice-best-path[5.5.907~1-cbed4]:main():lattice-best-path.cc:99) For utterance 20030010_676, best cost 79.5669 + 2913.65 = 2993.22 over 587 frames.
20030010_676 گردش سے چیلنجز عوام رنجش چڑچڑا تھی 
LOG (lattice-best-path[5.5.907~1-cbed4]:main():lattice-best-path.cc:99) For utterance 20030010_677, best cost 114.145 + 3783.09 = 3897.23 over 788 frames.
20030010_677 انسانیت کی مجیب عمر بعدازاں موزونیت پروگرام ڈیجیٹل برسراقتدار کیا 
LOG (lattice-best-path[5.5.907~1-cbed4]:main():lattice-best-path.cc:99) For utterance 20030010_678, best cost 139.105 + 5514.51 = 5653.62 over 1203 frames.
20030010_678 سرفہرست آرتھوپیڈک کے پاس براؤزر صلاحیت خالد کچیلے جیسے مشعر کے چھ کریں 
LOG (lattice-best-path[5.5.907~1-cbed4]:main():lattice-best-path.cc:99) For utterance 20030010_679, best cost 60.4028 + 2007.57 = 2067.97 over 411 frames.
20030010_679 کوئی ٹریجڈی تحصیلدار سکتے زچگی 
LOG (lattice-best-path[5.5.907~1-cbed4]:main():lattice-best-path.cc:99) For utterance 20030010_680, best cost 94.8701 + 3282.78 = 3377.65 over 662 frames.
20030010_680 کوئی بدصورت انفلوئنزا درخور تو پراسسنگ میں کیا جاتا ہے 
LOG (lattice-best-path[5.5.907~1-cbed4]:main():lattice-best-path.cc:99) For utterance 20030010_681, best cost 103.246 + 3614.82 = 3718.07 over 755 frames.
20030010_681 تشنج ایشو خواستگار سوئی گوبر ترچھی دعاگو سوراخ 
LOG (lattice-best-path[5.5.907~1-cbed4]:main():lattice-best-path.cc:99) For utterance 20030010_682, best cost 92.586 + 3837.69 = 3930.27 over 794 frames.
20030010_682 دیباچہ کی متوجہ تناسب چادر باعث کے چنانچہ 
LOG (lattice-best-path[5.5.907~1-cbed4]:main():lattice-best-path.cc:99) For utterance 20030010_683, best cost 87.3162 + 3231.72 = 3319.04 over 669 frames.
20030010_683 کی سماجی چقندر میں میں بھیجی کے کی سمیت کریں 
LOG (lattice-best-path[5.5.907~1-cbed4]:main():lattice-best-path.cc:99) For utterance 20030010_684, best cost 73.0047 + 3119.9 = 3192.91 over 673 frames.
20030010_684 مریضوں واضح کے جوئیہ کی طرح پٹھان 
LOG (lattice-best-path[5.5.907~1-cbed4]:main():lattice-best-path.cc:99) For utterance 20030010_685, best cost 78.0623 + 2482.71 = 2560.77 over 522 frames.
20030010_685 جذبات مصیبت سے بخشے سرفراز لنگر دو 
LOG (lattice-best-path[5.5.907~1-cbed4]:main():lattice-best-path.cc:99) For utterance 20030010_686, best cost 100.301 + 3211.65 = 3311.95 over 671 frames.
20030010_686 سفیدے ضخیم کی کوشش سماوی مسز خشوع شاخ بچّو 
LOG (lattice-best-path[5.5.907~1-cbed4]:main():lattice-best-path.cc:99) For utterance 20030010_687, best cost 129.528 + 4334.49 = 4464.02 over 885 frames.
20030010_687 ساغر سبب سیروسیاحت پنگھوڑے کب چار پراسسنگ کھا کر ترجمان افزودگی 
LOG (lattice-best-path[5.5.907~1-cbed4]:main():lattice-best-path.cc:99) For utterance 20030010_688, best cost 143.056 + 5081.1 = 5224.16 over 1064 frames.
20030010_688 تجرد کی چمچہ کر سمجھی سمجھدار اور کی چیخنے مقام کے تراجم داخل جان 
LOG (lattice-best-path[5.5.907~1-cbed4]:main():lattice-best-path.cc:99) For utterance 20030010_689, best cost 95.6648 + 3101.93 = 3197.59 over 625 frames.
20030010_689 دوچند اجازت کیا تجرد اور پراسسنگ پسند جلدازجلد 
LOG (lattice-best-path[5.5.907~1-cbed4]:main():lattice-best-path.cc:99) For utterance 20030010_690, best cost 46.3728 + 1958.72 = 2005.1 over 384 frames.
20030010_690 کی تسلسل ترجمانی جاتا ہے 
LOG (lattice-best-path[5.5.907~1-cbed4]:main():lattice-best-path.cc:99) For utterance 20030010_691, best cost 96.5637 + 3448.49 = 3545.05 over 712 frames.
20030010_691 چڑچڑے کیا فاجر دنیاوی سے بظاہر بلاخوف میں ٹھونس دیئے 
LOG (lattice-best-path[5.5.907~1-cbed4]:main():lattice-best-path.cc:99) For utterance 20030010_692, best cost 97.2785 + 3409.69 = 3506.97 over 703 frames.
20030010_692 تخلص تھانیدار ٹیڑھے سبسڈی اٹھائیس زندگی خاطر بڑھاوں 
LOG (lattice-best-path[5.5.907~1-cbed4]:main():lattice-best-path.cc:99) For utterance 20030010_693, best cost 63.5806 + 2367.87 = 2431.45 over 493 frames.
20030010_693 میراتھن سیاست گردوغبار قدآدم دو 
LOG (lattice-best-path[5.5.907~1-cbed4]:main():lattice-best-path.cc:99) For utterance 20030010_694, best cost 102.682 + 4130.86 = 4233.55 over 853 frames.
20030010_694 پچاس اشفاق تساہل نیچے عارضی تعاقب جمگھٹا بنائیں 
LOG (lattice-best-path[5.5.907~1-cbed4]:main():lattice-best-path.cc:99) For utterance 20030010_695, best cost 74.44 + 2851.39 = 2925.83 over 596 frames.
20030010_695 ہچکچاہٹ جانے پنجروں پر چیچک اخبارنویسوں 
LOG (lattice-best-path[5.5.907~1-cbed4]:main():lattice-best-path.cc:99) For utterance 20030010_696, best cost 91.4699 + 2854.89 = 2946.36 over 612 frames.
20030010_696 تشخص ایجنسیز اور سوزوکی بنانے کیلئے فارم سیاست تھا 
LOG (lattice-best-path[5.5.907~1-cbed4]:main():lattice-best-path.cc:99) For utterance 20030010_697, best cost 58.4784 + 2177.44 = 2235.92 over 465 frames.
20030010_697 پراسسنگ بغیر زندگی لگاتا ہو گا 
LOG (lattice-best-path[5.5.907~1-cbed4]:main():lattice-best-path.cc:99) For utterance 20030010_698, best cost 77.0255 + 2194.07 = 2271.1 over 474 frames.
20030010_698 بعدازاں دبیز شگاف بروز تاجر زمینداروں 
LOG (lattice-best-path[5.5.907~1-cbed4]:main():lattice-best-path.cc:99) For utterance 20030010_699, best cost 69.8628 + 2844.31 = 2914.17 over 587 frames.
20030010_699 تجویز فاجر پرخچے غیردانشمندانہ سوچوں 
LOG (lattice-best-path[5.5.907~1-cbed4]:main():lattice-best-path.cc:99) For utterance 20030010_700, best cost 90.2863 + 2790.75 = 2881.04 over 561 frames.
20030010_700 کو ساتھیوں کی تحصیل تغافل جھڑپ کر خصوصا کو 
LOG (lattice-best-path[5.5.907~1-cbed4]:main():lattice-best-path.cc:99) For utterance 20030010_701, best cost 111.806 + 3809.57 = 3921.38 over 808 frames.
20030010_701 بازو سامان وظیفہ مدد چیزیں سیراب انداز غدودوں گذر جائے 
LOG (lattice-best-path[5.5.907~1-cbed4]:main():lattice-best-path.cc:99) For utterance 20030010_702, best cost 94.9191 + 2912.81 = 3007.73 over 608 frames.
20030010_702 کیفے سقوط اچیومنٹ میں کھڑے خوشہ زوردار بشمول 
LOG (lattice-best-path[5.5.907~1-cbed4]:main():lattice-best-path.cc:99) For utterance 20030010_703, best cost 80.7528 + 3056.61 = 3137.36 over 647 frames.
20030010_703 پیدائش سے تربیتی چینی کے کے خوارزمی کرتا ہے 
LOG (lattice-best-path[5.5.907~1-cbed4]:main():lattice-best-path.cc:99) For utterance 20030010_704, best cost 93.2913 + 3636.97 = 3730.26 over 766 frames.
20030010_704 چارجز شدہ ایگلز سرنجیں گجراتی چراغاں پراسیس 
LOG (lattice-best-path[5.5.907~1-cbed4]:main():lattice-best-path.cc:99) For utterance 20030010_705, best cost 69.5788 + 2811.57 = 2881.15 over 578 frames.
20030010_705 بااثر انٹرفیس چادر لاگت پاکیزگی 
LOG (lattice-best-path[5.5.907~1-cbed4]:main():lattice-best-path.cc:99) For utterance 20030010_706, best cost 77.817 + 2992.65 = 3070.47 over 627 frames.
20030010_706 پرچیز کیفے استفادے گندم آٹھ میچور 
LOG (lattice-best-path[5.5.907~1-cbed4]:main():lattice-best-path.cc:99) For utterance 20030010_707, best cost 53.1092 + 2165.47 = 2218.58 over 449 frames.
20030010_707 تاثرات کاندھلوی جونیئر میں نہ کریں 
LOG (lattice-best-path[5.5.907~1-cbed4]:main():lattice-best-path.cc:99) For utterance 20030010_708, best cost 79.0753 + 2657.5 = 2736.58 over 548 frames.
20030010_708 چمچے نظر گرمجوشی پاسداری خاموش سمجھائیں 
LOG (lattice-best-path[5.5.907~1-cbed4]:main():lattice-best-path.cc:99) For utterance 20030013_601, best cost 99.902 + 4007.93 = 4107.84 over 952 frames.
20030013_601 واقعتاً توصیف کے دانشو میں سیمینار ڈیویلپر توقع کریں 
LOG (lattice-best-path[5.5.907~1-cbed4]:main():lattice-best-path.cc:99) For utterance 20030013_602, best cost 136.517 + 5206.69 = 5343.21 over 1201 frames.
20030013_602 پروا رینگتے محور پر کے مرغابیوں خورشید پانچ انتہاؤں پیچیدگیوں تذبذب ہے 
LOG (lattice-best-path[5.5.907~1-cbed4]:main():lattice-best-path.cc:99) For utterance 20030013_603, best cost 93.9332 + 3776.41 = 3870.35 over 875 frames.
20030013_603 چاچو کرنے کے بعد زیرعنوان برطرفی میں بےقصور ہزارویں 
LOG (lattice-best-path[5.5.907~1-cbed4]:main():lattice-best-path.cc:99) For utterance 20030013_604, best cost 96.7372 + 3918.85 = 4015.59 over 920 frames.
20030013_604 سوجھی میں ڈائیگرام کی کارکردگی کا سے برسراقتدار ستھرا ہیں 
LOG (lattice-best-path[5.5.907~1-cbed4]:main():lattice-best-path.cc:99) For utterance 20030013_605, best cost 78.0136 + 2576.05 = 2654.06 over 606 frames.
20030013_605 سوزش ورچوئل کے پیشنگوئی کی طرح تخلص ہیں 
LOG (lattice-best-path[5.5.907~1-cbed4]:main():lattice-best-path.cc:99) For utterance 20030013_606, best cost 98.0672 + 2756.39 = 2854.46 over 638 frames.
20030013_606 کچوکے نامور سیاست متحدہ فورس کی بڑی بزدل ہیں 
LOG (lattice-best-path[5.5.907~1-cbed4]:main():lattice-best-path.cc:99) For utterance 20030013_607, best cost 57.7493 + 1922.43 = 1980.18 over 440 frames.
20030013_607 تسلسل ترجیحات زمین خاوند ہیں 
LOG (lattice-best-path[5.5.907~1-cbed4]:main():lattice-best-path.cc:99) For utterance 20030013_608, best cost 85.9156 + 3314.12 = 3400.04 over 798 frames.
20030013_608 خیلوی ماؤف قفس پردھان چغتائی دوچند ہوئی 
LOG (lattice-best-path[5.5.907~1-cbed4]:main():lattice-best-path.cc:99) For utterance 20030013_609, best cost 72.2535 + 2837.76 = 2910.01 over 651 frames.
20030013_609 تصورات افسردہ لفظوں گردوغبار فزیوتھراپسٹ 
LOG (lattice-best-path[5.5.907~1-cbed4]:main():lattice-best-path.cc:99) For utterance 20030013_610, best cost 94.0041 + 3426.09 = 3520.09 over 792 frames.
20030013_610 پراسسنگ طاغوتی پرنیا پچز طرفین حریت انسان 
LOG (lattice-best-path[5.5.907~1-cbed4]:main():lattice-best-path.cc:99) For utterance 20030013_611, best cost 68.0211 + 2487.33 = 2555.35 over 580 frames.
20030013_611 سرنجیں موقف نیگیٹو تراجم کے ساتھ ہے 
LOG (lattice-best-path[5.5.907~1-cbed4]:main():lattice-best-path.cc:99) For utterance 20030013_612, best cost 84.5681 + 3484.82 = 3569.39 over 804 frames.
20030013_612 خریدوفروخت سے سیراب ورلڈکپ سفر اخوندزادہ اور 
LOG (lattice-best-path[5.5.907~1-cbed4]:main():lattice-best-path.cc:99) For utterance 20030013_613, best cost 47.5002 + 1822.36 = 1869.86 over 414 frames.
20030013_613 خبر آبدوزیں وزیرداخلہ ہیں 
LOG (lattice-best-path[5.5.907~1-cbed4]:main():lattice-best-path.cc:99) For utterance 20030013_614, best cost 67.956 + 2289.69 = 2357.65 over 523 frames.
20030013_614 طفیل فیشن فرینڈ اضافہ مصروفیت 
LOG (lattice-best-path[5.5.907~1-cbed4]:main():lattice-best-path.cc:99) For utterance 20030013_615, best cost 120.987 + 4528.38 = 4649.37 over 1105 frames.
20030013_615 خیرخواہ چھیانوے ڈیزاسٹر کو بلڈوزر کے میں جمخانہ تبدیلی میں وغیرہ ہیں 
LOG (lattice-best-path[5.5.907~1-cbed4]:main():lattice-best-path.cc:99) For utterance 20030013_616, best cost 125.45 + 4180.74 = 4306.19 over 977 frames.
20030013_616 پرچم اور میں جمخانہ مضبوط فروزاں سے گردیزی تبسم دیانتدار پیدا کیا 
LOG (lattice-best-path[5.5.907~1-cbed4]:main():lattice-best-path.cc:99) For utterance 20030013_617, best cost 81.9965 + 2697.5 = 2779.49 over 632 frames.
20030013_617 خام ایڈورٹائزنگ صبحیں جلوس قدآدم تاثرات 
LOG (lattice-best-path[5.5.907~1-cbed4]:main():lattice-best-path.cc:99) For utterance 20030013_618, best cost 80.5935 + 3188.84 = 3269.43 over 734 frames.
20030013_618 خارجہ مصروفیات میں شماریات انسانیت ٹرانسپیرنسی ہے 
LOG (lattice-best-path[5.5.907~1-cbed4]:main():lattice-best-path.cc:99) For utterance 20030013_619, best cost 67.8676 + 1911.85 = 1979.72 over 440 frames.
20030013_619 فیاضی غزلیات متغیر نظریے جید 
LOG (lattice-best-path[5.5.907~1-cbed4]:main():lattice-best-path.cc:99) For utterance 20030013_620, best cost 89.0749 + 3777.48 = 3866.55 over 900 frames.
20030013_620 کی میں جلوسوں تبدیلیاں وہاب بجھائی دریافت میں 
LOG (lattice-best-path[5.5.907~1-cbed4]:main():lattice-best-path.cc:99) For utterance 20030013_621, best cost 105.264 + 3287.75 = 3393.01 over 779 frames.
20030013_621 گوجر ڈزاسٹر منتظر کیفے معاون چیمپئینز پچاسویں بیٹھی 
LOG (lattice-best-path[5.5.907~1-cbed4]:main():lattice-best-path.cc:99) For utterance 20030013_622, best cost 81.4199 + 2818.89 = 2900.31 over 657 frames.
20030013_622 گزیر میں برسراقتدار سمجھدار بیدار میں سیونگ 
LOG (lattice-best-path[5.5.907~1-cbed4]:main():lattice-best-path.cc:99) For utterance 20030013_623, best cost 66.8723 + 2361.61 = 2428.48 over 574 frames.
20030013_623 کے بغیر بڑھاوا فرسودہ سامان رانجھا گیا 
LOG (lattice-best-path[5.5.907~1-cbed4]:main():lattice-best-path.cc:99) For utterance 20030013_624, best cost 111.264 + 3642.49 = 3753.76 over 811 frames.
20030013_624 حفاظ سے ٹیلیفون میڈیسن افواج وفاؤں سپرنٹنڈنٹ سندھیوں وجوہات 
LOG (lattice-best-path[5.5.907~1-cbed4]:main():lattice-best-path.cc:99) For utterance 20030013_625, best cost 71.6218 + 3211.67 = 3283.29 over 696 frames.
20030013_625 خضوع زیدی جیلانی قدآدم فزیوتھراپسٹ ہو گیا 
LOG (lattice-best-path[5.5.907~1-cbed4]:main():lattice-best-path.cc:99) For utterance 20030013_626, best cost 54.8883 + 1867.59 = 1922.48 over 420 frames.
20030013_626 گیجٹ کامیاب جنگجویانہ تھانہ 
LOG (lattice-best-path[5.5.907~1-cbed4]:main():lattice-best-path.cc:99) For utterance 20030013_627, best cost 86.673 + 3836.42 = 3923.09 over 926 frames.
20030013_627 خانقاہوں کیا مودبانہ میں تیروں کے کو خانقاہوں 
LOG (lattice-best-path[5.5.907~1-cbed4]:main():lattice-best-path.cc:99) For utterance 20030013_628, best cost 80.0205 + 2870.62 = 2950.64 over 644 frames.
20030013_628 ترجیحات میں پارلیمنٹرین انہونی پرچھائیاں غفور کی 
LOG (lattice-best-path[5.5.907~1-cbed4]:main():lattice-best-path.cc:99) For utterance 20030013_629, best cost 95.2876 + 3913.59 = 4008.87 over 894 frames.
20030013_629 جیوئش والوں کے تعاقب میں کی آواز کمینگی متحدہ کے ساتھ 
LOG (lattice-best-path[5.5.907~1-cbed4]:main():lattice-best-path.cc:99) For utterance 20030013_630, best cost 73.3446 + 2750.68 = 2824.02 over 606 frames.
20030013_630 تیاگ عزیزواقارب چارجز سے سے تعمیر ہیں 
LOG (lattice-best-path[5.5.907~1-cbed4]:main():lattice-best-path.cc:99) For utterance 20030013_631, best cost 98.0747 + 3805.31 = 3903.38 over 843 frames.
20030013_631 خاصی عزیزواقارب مہمان فریب ترقیات روزافزوں برسراقتدار 
LOG (lattice-best-path[5.5.907~1-cbed4]:main():lattice-best-path.cc:99) For utterance 20030013_632, best cost 132.894 + 4353.15 = 4486.05 over 1009 frames.
20030013_632 قاضی سیکھیں کاندھلوی تین جھنجھوڑ بلین بھجوا پر کھجوریں بسائیں سلطان 
LOG (lattice-best-path[5.5.907~1-cbed4]:main():lattice-best-path.cc:99) For utterance 20030013_633, best cost 109.312 + 4064.92 = 4174.23 over 913 frames.
20030013_633 کے تجربہ میں فلسطینی ٹیکنالوجیز رنجیدہ سے سیسے چنیوٹی کی سے 
LOG (lattice-best-path[5.5.907~1-cbed4]:main():lattice-best-path.cc:99) For utterance 20030013_634, best cost 71.7888 + 2192.59 = 2264.38 over 497 frames.
20030013_634 خول جنریشن انسان کلومیٹر برقرار ہیں 
LOG (lattice-best-path[5.5.907~1-cbed4]:main():lattice-best-path.cc:99) For utterance 20030013_635, best cost 77.976 + 3255.39 = 3333.36 over 734 frames.
20030013_635 خاطر پوشیدہ پارلیمنٹرین مدد مؤثر ثقافت 
LOG (lattice-best-path[5.5.907~1-cbed4]:main():lattice-best-path.cc:99) For utterance 20030013_636, best cost 80.2351 + 2898.4 = 2978.64 over 657 frames.
20030013_636 خوشنودی جھگی پرچیاں میں سے نوجوان ڈاکوؤں 
LOG (lattice-best-path[5.5.907~1-cbed4]:main():lattice-best-path.cc:99) For utterance 20030013_637, best cost 88.929 + 2980.96 = 3069.89 over 696 frames.
20030013_637 خسارے شاہنواز پارلیمانی ناامیدی پھیرتے بڑھاپے ہوئیں 
LOG (lattice-best-path[5.5.907~1-cbed4]:main():lattice-best-path.cc:99) For utterance 20030013_638, best cost 87.6563 + 3264.52 = 3352.17 over 760 frames.
20030013_638 کانووکیشن کی شیروانی حضور ہومیوپیتھک اعتراف ایجنسی 
LOG (lattice-best-path[5.5.907~1-cbed4]:main():lattice-best-path.cc:99) For utterance 20030013_639, best cost 113.972 + 3721.42 = 3835.4 over 868 frames.
20030013_639 ہیلتھ ایڈووکیٹ دن سے تجویز تفرقہ ہوتی مدرسہ سے دوست ہیں 
LOG (lattice-best-path[5.5.907~1-cbed4]:main():lattice-best-path.cc:99) For utterance 20030013_640, best cost 98.2662 + 3405.68 = 3503.95 over 760 frames.
20030013_640 تبدیلیاں گھنگریالے سکتی سنگھاسن کے شاندار پنچولی عضلات 
LOG (lattice-best-path[5.5.907~1-cbed4]:main():lattice-best-path.cc:99) For utterance 20030013_641, best cost 60.8185 + 2121.92 = 2182.74 over 465 frames.
20030013_641 اور ایلیمنٹری سوکھا جذبات مزید 
LOG (lattice-best-path[5.5.907~1-cbed4]:main():lattice-best-path.cc:99) For utterance 20030013_642, best cost 61.4376 + 2587.23 = 2648.67 over 574 frames.
20030013_642 صفوں زیردست بوگس کی طاغوتی 
LOG (lattice-best-path[5.5.907~1-cbed4]:main():lattice-best-path.cc:99) For utterance 20030013_643, best cost 84.4764 + 3200.8 = 3285.27 over 734 frames.
20030013_643 خوفزدہ کے بغیر اور قدآدم سمجھائیں اور حادثاتی کریں 
LOG (lattice-best-path[5.5.907~1-cbed4]:main():lattice-best-path.cc:99) For utterance 20030013_644, best cost 64.1437 + 3212.38 = 3276.52 over 683 frames.
20030013_644 تجزیے تصورات پتھالوجسٹ پر تہتر ہے 
LOG (lattice-best-path[5.5.907~1-cbed4]:main():lattice-best-path.cc:99) For utterance 20030013_645, best cost 57.4747 + 2645.28 = 2702.75 over 580 frames.
20030013_645 زیرقیادت اثرورسوخ کرنے کے پاس گئے 
LOG (lattice-best-path[5.5.907~1-cbed4]:main():lattice-best-path.cc:99) For utterance 20030013_646, best cost 81.1333 + 2635.46 = 2716.59 over 587 frames.
20030013_646 سامنے ماخوذ کچوکے لگاتا اوپر میں کرنے گئی 
LOG (lattice-best-path[5.5.907~1-cbed4]:main():lattice-best-path.cc:99) For utterance 20030013_647, best cost 52.5283 + 2075.73 = 2128.26 over 452 frames.
20030013_647 سرفراز بھومی چوکھٹ سکتا ہے 
LOG (lattice-best-path[5.5.907~1-cbed4]:main():lattice-best-path.cc:99) For utterance 20030013_648, best cost 45.672 + 2011.22 = 2056.89 over 440 frames.
20030013_648 بزنس توازن زیرقیادت 
LOG (lattice-best-path[5.5.907~1-cbed4]:main():lattice-best-path.cc:99) For utterance 20030013_649, best cost 75.3827 + 2654.96 = 2730.34 over 600 frames.
20030013_649 کو وفود ایگزیکٹو اطلاعات ادب کے باعث 
LOG (lattice-best-path[5.5.907~1-cbed4]:main():lattice-best-path.cc:99) For utterance 20030013_650, best cost 73.7473 + 3034.56 = 3108.3 over 670 frames.
20030013_650 استفادے زبردست الہیات ٹرانسفر کی بغیر 
LOG (lattice-best-path[5.5.907~1-cbed4]:main():lattice-best-path.cc:99) For utterance 20030013_651, best cost 64.6199 + 2409.46 = 2474.08 over 548 frames.
20030013_651 دکھاوے چوتھی پوشیدہ پروگریسیو کی ہے 
LOG (lattice-best-path[5.5.907~1-cbed4]:main():lattice-best-path.cc:99) For utterance 20030013_652, best cost 72.7574 + 3200.98 = 3273.73 over 696 frames.
20030013_652 طرزفکر زیرغور کیلئے طاغوتی سپردخاک سے 
LOG (lattice-best-path[5.5.907~1-cbed4]:main():lattice-best-path.cc:99) For utterance 20030013_653, best cost 62.7634 + 2685.52 = 2748.28 over 600 frames.
20030013_653 مذاکرات زلزلے کیسز افسوس اور 
LOG (lattice-best-path[5.5.907~1-cbed4]:main():lattice-best-path.cc:99) For utterance 20030013_654, best cost 86.414 + 3326.05 = 3412.46 over 734 frames.
20030013_654 کرفیو زرخیز سکواڈرن سے کی اوس کے لٹریچر ہے 
LOG (lattice-best-path[5.5.907~1-cbed4]:main():lattice-best-path.cc:99) For utterance 20030013_655, best cost 58.0178 + 2697.33 = 2755.35 over 600 frames.
20030013_655 پراسسنگ اور پر گزارنے پراسیس 
LOG (lattice-best-path[5.5.907~1-cbed4]:main():lattice-best-path.cc:99) For utterance 20030013_656, best cost 59.1495 + 3358.53 = 3417.68 over 734 frames.
20030013_656 گردیزی ایگزیکٹو زلزلے پرسش 
LOG (lattice-best-path[5.5.907~1-cbed4]:main():lattice-best-path.cc:99) For utterance 20030013_657, best cost 47.1083 + 2412.8 = 2459.9 over 542 frames.
20030013_657 تصورات زیرقیادت سمفنی 
LOG (lattice-best-path[5.5.907~1-cbed4]:main():lattice-best-path.cc:99) For utterance 20030013_658, best cost 52.0759 + 2520.63 = 2572.71 over 561 frames.
20030013_658 لفظیات جلوس کی تاثرات 
LOG (lattice-best-path[5.5.907~1-cbed4]:main():lattice-best-path.cc:99) For utterance 20030013_659, best cost 78.3538 + 2830.9 = 2909.25 over 619 frames.
20030013_659 کے کی سوزش فوری بطخوں سماوی دسویں 
LOG (lattice-best-path[5.5.907~1-cbed4]:main():lattice-best-path.cc:99) For utterance 20030013_660, best cost 33.0639 + 1757.99 = 1791.06 over 401 frames.
20030013_660 پروڈکٹیو تذبذب 
LOG (lattice-best-path[5.5.907~1-cbed4]:main():lattice-best-path.cc:99) For utterance 20030013_661, best cost 39.4562 + 1822.54 = 1862 over 427 frames.
20030013_661 کرنے کے برسراقتدار کریں 
LOG (lattice-best-path[5.5.907~1-cbed4]:main():lattice-best-path.cc:99) For utterance 20030013_662, best cost 52.4349 + 2326.32 = 2378.76 over 529 frames.
20030013_662 تجوریاں نے سیروسیاحت کی کیا گیا 
LOG (lattice-best-path[5.5.907~1-cbed4]:main():lattice-best-path.cc:99) For utterance 20030013_663, best cost 90.4426 + 3230.32 = 3320.76 over 753 frames.
20030013_663 تجوریاں اچانک پروفیسر طیب اندھیرے کی دبیز بھوجپوری 
LOG (lattice-best-path[5.5.907~1-cbed4]:main():lattice-best-path.cc:99) For utterance 20030013_664, best cost 80.5831 + 3064.01 = 3144.59 over 715 frames.
20030013_664 پراسیس نے بینگن کولیسٹرول اور سے پیروکاروں گئے 
LOG (lattice-best-path[5.5.907~1-cbed4]:main():lattice-best-path.cc:99) For utterance 20030013_665, best cost 44.4301 + 2116.59 = 2161.02 over 484 frames.
20030013_665 فیضان ایجنسیز بفرزون 
LOG (lattice-best-path[5.5.907~1-cbed4]:main():lattice-best-path.cc:99) For utterance 20030013_666, best cost 58.1042 + 2348.51 = 2406.62 over 529 frames.
20030013_666 کولیسٹرول زیادہ واقفیت غیرضروری ہے 
LOG (lattice-best-path[5.5.907~1-cbed4]:main():lattice-best-path.cc:99) For utterance 20030013_667, best cost 53.4911 + 2278.67 = 2332.16 over 504 frames.
20030013_667 کی جیسے دلسوزی موجزن ہوئی 
LOG (lattice-best-path[5.5.907~1-cbed4]:main():lattice-best-path.cc:99) For utterance 20030013_668, best cost 87.8505 + 3297.45 = 3385.3 over 747 frames.
20030013_668 ساری توصیف کے توجہ پاسبان اور کیسز ہو گئی 
LOG (lattice-best-path[5.5.907~1-cbed4]:main():lattice-best-path.cc:99) For utterance 20030013_669, best cost 76.8791 + 2532.58 = 2609.46 over 548 frames.
20030013_669 خضوع فرعون کے گذر کے ضرورت عندیہ 
LOG (lattice-best-path[5.5.907~1-cbed4]:main():lattice-best-path.cc:99) For utterance 20030013_670, best cost 67.2053 + 2445.31 = 2512.51 over 574 frames.
20030013_670 مضائقہ سے سفیدے ضرورت گوبر کرو 
LOG (lattice-best-path[5.5.907~1-cbed4]:main():lattice-best-path.cc:99) For utterance 20030013_671, best cost 86.0155 + 3501.78 = 3587.8 over 772 frames.
20030013_671 پراسیس ازسرنو ایڈریس اور سوری سوزوکی ہو کر دیا 
LOG (lattice-best-path[5.5.907~1-cbed4]:main():lattice-best-path.cc:99) For utterance 20030013_672, best cost 52.5449 + 2937.39 = 2989.93 over 632 frames.
20030013_672 انٹیلیجینس زدہ برسراقتدار کیا 
LOG (lattice-best-path[5.5.907~1-cbed4]:main():lattice-best-path.cc:99) For utterance 20030013_673, best cost 71.3323 + 2479.15 = 2550.49 over 555 frames.
20030013_673 پڑھائی کے ساتھ کیا کی وجہ سے سفیدے کرتا ہے 
LOG (lattice-best-path[5.5.907~1-cbed4]:main():lattice-best-path.cc:99) For utterance 20030013_674, best cost 92.3953 + 3608.74 = 3701.14 over 772 frames.
20030013_674 بھیجیں پروجیکٹ برابر صداقت قوانین حسینی کی کوشش کریں 
LOG (lattice-best-path[5.5.907~1-cbed4]:main():lattice-best-path.cc:99) For utterance 20030013_675, best cost 67.4671 + 2321.93 = 2389.4 over 529 frames.
20030013_675 کھینچیں پروجیکٹ سوچے باخبر دوڑائیں 
LOG (lattice-best-path[5.5.907~1-cbed4]:main():lattice-best-path.cc:99) For utterance 20030013_676, best cost 66.9954 + 2609.01 = 2676.01 over 568 frames.
20030013_676 کنفیوژ ایجنسیز ہزارویں بستر پر بات کی 
LOG (lattice-best-path[5.5.907~1-cbed4]:main():lattice-best-path.cc:99) For utterance 20030013_677, best cost 114.049 + 3974.44 = 4088.49 over 926 frames.
20030013_677 انسان ایکویٹی کی اور مطالعوں سوئی دوبھر کانجی انٹرفیس پیدا 
LOG (lattice-best-path[5.5.907~1-cbed4]:main():lattice-best-path.cc:99) For utterance 20030013_678, best cost 105.314 + 4390.2 = 4495.52 over 971 frames.
20030013_678 سسٹم اور کے بغیر پائیدار سزائیں پہنچتے سمجھتے جید کریں 
LOG (lattice-best-path[5.5.907~1-cbed4]:main():lattice-best-path.cc:99) For utterance 20030013_679, best cost 54.6823 + 2002.33 = 2057.01 over 446 frames.
20030013_679 قومیائے بسیار زیدی زچگی 
LOG (lattice-best-path[5.5.907~1-cbed4]:main():lattice-best-path.cc:99) For utterance 20030013_680, best cost 78.6019 + 2963.06 = 3041.67 over 683 frames.
20030013_680 تذبذب گردوغبار پرفارمنس میں میں پیروکار سکتا ہے 
LOG (lattice-best-path[5.5.907~1-cbed4]:main():lattice-best-path.cc:99) For utterance 20030013_681, best cost 79.5336 + 2581.36 = 2660.9 over 587 frames.
20030013_681 بدہضمی جھونپڑی جعفری گوبر پیچیدہ بزرگ 
LOG (lattice-best-path[5.5.907~1-cbed4]:main():lattice-best-path.cc:99) For utterance 20030013_682, best cost 78.1597 + 3287.2 = 3365.36 over 753 frames.
20030013_682 دیباچہ ریسکیو پر کے ہزارویں کے چوروں ہے 
LOG (lattice-best-path[5.5.907~1-cbed4]:main():lattice-best-path.cc:99) For utterance 20030013_683, best cost 87.574 + 2966.74 = 3054.31 over 657 frames.
20030013_683 کے سکتی درآمدات کے ترمذی کرتی کی کے سے کریں 
LOG (lattice-best-path[5.5.907~1-cbed4]:main():lattice-best-path.cc:99) For utterance 20030013_684, best cost 56.2345 + 2565.22 = 2621.46 over 593 frames.
20030013_684 پرائیوٹائزیشن کے جونیجو کے بتاؤں 
LOG (lattice-best-path[5.5.907~1-cbed4]:main():lattice-best-path.cc:99) For utterance 20030013_685, best cost 68.1174 + 1980.46 = 2048.58 over 446 frames.
20030013_685 کو فردوس ایگلز کلاسز سپاسنامہ کرو 
LOG (lattice-best-path[5.5.907~1-cbed4]:main():lattice-best-path.cc:99) For utterance 20030013_686, best cost 99.9493 + 3454.44 = 3554.39 over 772 frames.
20030013_686 کرنے کے صفحے ڈیپریشن سویاں آرڈیننس پرجوش اپروچ کو 
LOG (lattice-best-path[5.5.907~1-cbed4]:main():lattice-best-path.cc:99) For utterance 20030013_687, best cost 100.814 + 3215.61 = 3316.43 over 721 frames.
20030013_687 چلغوزے دستاویزات دیوی بودلہ بلا سے سیکھا بوجوہ کریں 
LOG (lattice-best-path[5.5.907~1-cbed4]:main():lattice-best-path.cc:99) For utterance 20030013_688, best cost 89.9429 + 3638.43 = 3728.37 over 836 frames.
20030013_688 پر بیچارے جلدازجلد روپے سے گراؤنڈ کے پیروکاروں 
LOG (lattice-best-path[5.5.907~1-cbed4]:main():lattice-best-path.cc:99) For utterance 20030013_689, best cost 87.3049 + 3295 = 3382.31 over 753 frames.
20030013_689 وجود برسراقتدار کو اور پروفیسر بسیں پچھتر کریں 
LOG (lattice-best-path[5.5.907~1-cbed4]:main():lattice-best-path.cc:99) For utterance 20030013_690, best cost 48.9505 + 1842.32 = 1891.27 over 414 frames.
20030013_690 کے کریش جونیجو سوویت 
LOG (lattice-best-path[5.5.907~1-cbed4]:main():lattice-best-path.cc:99) For utterance 20030013_691, best cost 66.8243 + 2542.62 = 2609.44 over 606 frames.
20030013_691 کے زیرقیادت زیرانتظام دبائے مرغوب 
LOG (lattice-best-path[5.5.907~1-cbed4]:main():lattice-best-path.cc:99) For utterance 20030013_692, best cost 82.5448 + 3144.81 = 3227.35 over 721 frames.
20030013_692 ملفوظات میں کا کے میں سیروسیاحت آرٹلری کے لیے کریں 
LOG (lattice-best-path[5.5.907~1-cbed4]:main():lattice-best-path.cc:99) For utterance 20030013_693, best cost 63.3097 + 2136.09 = 2199.4 over 491 frames.
20030013_693 پھیرتے وزیرداخلہ ترقیات الیون کو 
LOG (lattice-best-path[5.5.907~1-cbed4]:main():lattice-best-path.cc:99) For utterance 20030013_694, best cost 73.0866 + 2833.78 = 2906.86 over 664 frames.
20030013_694 توجہ بادشاہ دستاویزات وظیفہ ہوشربا ہیں 
LOG (lattice-best-path[5.5.907~1-cbed4]:main():lattice-best-path.cc:99) For utterance 20030013_695, best cost 62.2895 + 2415.39 = 2477.68 over 568 frames.
20030013_695 خزاں میں خزانہ روغن جداگانہ 
LOG (lattice-best-path[5.5.907~1-cbed4]:main():lattice-best-path.cc:99) For utterance 20030013_696, best cost 76.2908 + 2501.11 = 2577.4 over 593 frames.
20030013_696 کے سنگھاسن کامیاب مخصوص مرغبانی کتابچے ہیں 
LOG (lattice-best-path[5.5.907~1-cbed4]:main():lattice-best-path.cc:99) For utterance 20030013_697, best cost 65.384 + 2128.71 = 2194.09 over 497 frames.
20030013_697 طوفان سے سیکھنے ڈیزائنروں وباؤں گا 
LOG (lattice-best-path[5.5.907~1-cbed4]:main():lattice-best-path.cc:99) For utterance 20030013_698, best cost 58.7278 + 2984.38 = 3043.11 over 721 frames.
20030013_698 باران کانووکیشن کا باعث والدین 
LOG (lattice-best-path[5.5.907~1-cbed4]:main():lattice-best-path.cc:99) For utterance 20030013_699, best cost 69.9373 + 2642.94 = 2712.88 over 625 frames.
20030013_699 تجزیوں مفاد جیون غیردانشمندانہ سوچوں 
LOG (lattice-best-path[5.5.907~1-cbed4]:main():lattice-best-path.cc:99) For utterance 20030013_700, best cost 81.403 + 2557.89 = 2639.29 over 587 frames.
20030013_700 پوچھ افزودگی میں تغافل جوڈیشل تنفس کرتے ہیں 
LOG (lattice-best-path[5.5.907~1-cbed4]:main():lattice-best-path.cc:99) For utterance 20030013_701, best cost 83.5211 + 3096.88 = 3180.4 over 728 frames.
20030013_701 کر ممانعت وجوہات سے دھماکہ مصوروں پسماندہ 
LOG (lattice-best-path[5.5.907~1-cbed4]:main():lattice-best-path.cc:99) For utterance 20030013_702, best cost 87.6188 + 2875.09 = 2962.7 over 683 frames.
20030013_702 کیفے اصلاحات کی دھوپ میں تاریخ مفاہمت کی وفاؤں 
LOG (lattice-best-path[5.5.907~1-cbed4]:main():lattice-best-path.cc:99) For utterance 20030013_703, best cost 69.5892 + 2079.16 = 2148.75 over 465 frames.
20030013_703 پراسیس ازدواجی جھینگے کی خدانخواستہ کرتا ہے 
LOG (lattice-best-path[5.5.907~1-cbed4]:main():lattice-best-path.cc:99) For utterance 20030013_704, best cost 89.9474 + 2830.19 = 2920.14 over 676 frames.
20030013_704 چغتائی سے متنازعہ انگیخت انظباتی درآمدات پراسیس ہیں 
LOG (lattice-best-path[5.5.907~1-cbed4]:main():lattice-best-path.cc:99) For utterance 20030013_705, best cost 56.0009 + 2129.26 = 2185.26 over 491 frames.
20030013_705 کا چراغاں تلمیحات ٹرانزسٹر گئی 
LOG (lattice-best-path[5.5.907~1-cbed4]:main():lattice-best-path.cc:99) For utterance 20030013_706, best cost 51.3998 + 1626.77 = 1678.17 over 363 frames.
20030013_706 مصحفی رسیا کی پہنچوں ہیں 
LOG (lattice-best-path[5.5.907~1-cbed4]:main():lattice-best-path.cc:99) For utterance 20030013_707, best cost 46.08 + 1942.08 = 1988.16 over 452 frames.
20030013_707 باجوہ ہسپانوی جنگجویانہ ہے 
LOG (lattice-scale[5.5.907~1-cbed4]:main():lattice-scale.cc:107) Done 432 lattices.
LOG (lattice-add-penalty[5.5.907~1-cbed4]:main():lattice-add-penalty.cc:62) Done adding word insertion penalty to 432 lattices.
LOG (lattice-best-path[5.5.907~1-cbed4]:main():lattice-best-path.cc:99) For utterance 20030013_708, best cost 69.894 + 2663.4 = 2733.29 over 606 frames.
20030013_708 حسینی اولین تنفس بازیچہ پر مسلمان 
LOG (lattice-best-path[5.5.907~1-cbed4]:main():lattice-best-path.cc:124) Overall cost per frame is 4.6215 = 0.115978 [graph] + 4.50552 [acoustic] over 354849 frames.
LOG (lattice-best-path[5.5.907~1-cbed4]:main():lattice-best-path.cc:128) Done 432 lattices, failed for 0
# Accounting: time=49 threads=1
# Ended (code 0) at Thu Apr 22 10:26:49 PKT 2021, elapsed time 49 seconds
