# lattice-depth-per-frame "ark:gunzip -c exp/tri4/decode/lat.4.gz|" "ark,t:|gzip -c > exp/tri4/decode/depth_tmp.4.gz" ark:- | lattice-best-path --acoustic-scale=0.1 ark:- ark:/dev/null "ark,t:|gzip -c >exp/tri4/decode/ali_tmp.4.gz" 
# Started at Thu Apr 22 13:58:06 PKT 2021
#
lattice-best-path --acoustic-scale=0.1 ark:- ark:/dev/null 'ark,t:|gzip -c >exp/tri4/decode/ali_tmp.4.gz' 
lattice-depth-per-frame 'ark:gunzip -c exp/tri4/decode/lat.4.gz|' 'ark,t:|gzip -c > exp/tri4/decode/depth_tmp.4.gz' ark:- 
LOG (lattice-best-path[5.5.907~1-cbed4]:main():lattice-best-path.cc:99) For utterance 20030013_601, best cost 102.909 + 4998.23 = 5101.14 over 952 frames.
LOG (lattice-best-path[5.5.907~1-cbed4]:main():lattice-best-path.cc:99) For utterance 20030013_602, best cost 153.447 + 6380.97 = 6534.42 over 1201 frames.
LOG (lattice-best-path[5.5.907~1-cbed4]:main():lattice-best-path.cc:99) For utterance 20030013_603, best cost 122.725 + 4654 = 4776.73 over 875 frames.
LOG (lattice-best-path[5.5.907~1-cbed4]:main():lattice-best-path.cc:99) For utterance 20030013_604, best cost 125.992 + 4807.12 = 4933.11 over 920 frames.
LOG (lattice-best-path[5.5.907~1-cbed4]:main():lattice-best-path.cc:99) For utterance 20030013_605, best cost 65.7109 + 3164.76 = 3230.47 over 606 frames.
LOG (lattice-best-path[5.5.907~1-cbed4]:main():lattice-best-path.cc:99) For utterance 20030013_606, best cost 109.473 + 3417.72 = 3527.2 over 638 frames.
LOG (lattice-best-path[5.5.907~1-cbed4]:main():lattice-best-path.cc:99) For utterance 20030013_607, best cost 53.7415 + 2377.35 = 2431.09 over 440 frames.
LOG (lattice-best-path[5.5.907~1-cbed4]:main():lattice-best-path.cc:99) For utterance 20030013_608, best cost 94.6219 + 4076.35 = 4170.97 over 798 frames.
LOG (lattice-best-path[5.5.907~1-cbed4]:main():lattice-best-path.cc:99) For utterance 20030013_609, best cost 85.418 + 3519.3 = 3604.71 over 651 frames.
LOG (lattice-best-path[5.5.907~1-cbed4]:main():lattice-best-path.cc:99) For utterance 20030013_610, best cost 103.574 + 4181.84 = 4285.42 over 792 frames.
LOG (lattice-best-path[5.5.907~1-cbed4]:main():lattice-best-path.cc:99) For utterance 20030013_611, best cost 63.6799 + 3024.69 = 3088.37 over 580 frames.
LOG (lattice-best-path[5.5.907~1-cbed4]:main():lattice-best-path.cc:99) For utterance 20030013_612, best cost 108.36 + 4167.38 = 4275.74 over 804 frames.
LOG (lattice-best-path[5.5.907~1-cbed4]:main():lattice-best-path.cc:99) For utterance 20030013_613, best cost 42.3492 + 2181.22 = 2223.57 over 414 frames.
LOG (lattice-best-path[5.5.907~1-cbed4]:main():lattice-best-path.cc:99) For utterance 20030013_614, best cost 76.3239 + 2738.25 = 2814.57 over 523 frames.
LOG (lattice-best-path[5.5.907~1-cbed4]:main():lattice-best-path.cc:99) For utterance 20030013_615, best cost 134.89 + 5550.25 = 5685.14 over 1105 frames.
LOG (lattice-best-path[5.5.907~1-cbed4]:main():lattice-best-path.cc:99) For utterance 20030013_616, best cost 140.461 + 5092.31 = 5232.77 over 977 frames.
LOG (lattice-best-path[5.5.907~1-cbed4]:main():lattice-best-path.cc:99) For utterance 20030013_617, best cost 86.4104 + 3276.24 = 3362.65 over 632 frames.
LOG (lattice-best-path[5.5.907~1-cbed4]:main():lattice-best-path.cc:99) For utterance 20030013_618, best cost 105.27 + 3902.27 = 4007.54 over 734 frames.
LOG (lattice-best-path[5.5.907~1-cbed4]:main():lattice-best-path.cc:99) For utterance 20030013_619, best cost 61.5222 + 2296.9 = 2358.42 over 440 frames.
LOG (lattice-best-path[5.5.907~1-cbed4]:main():lattice-best-path.cc:99) For utterance 20030013_620, best cost 106.281 + 4633.09 = 4739.37 over 900 frames.
LOG (lattice-best-path[5.5.907~1-cbed4]:main():lattice-best-path.cc:99) For utterance 20030013_621, best cost 102.316 + 4028.42 = 4130.74 over 779 frames.
LOG (lattice-best-path[5.5.907~1-cbed4]:main():lattice-best-path.cc:99) For utterance 20030013_622, best cost 81.368 + 3406.5 = 3487.87 over 657 frames.
LOG (lattice-best-path[5.5.907~1-cbed4]:main():lattice-best-path.cc:99) For utterance 20030013_623, best cost 68.0524 + 2929.42 = 2997.48 over 574 frames.
LOG (lattice-best-path[5.5.907~1-cbed4]:main():lattice-best-path.cc:99) For utterance 20030013_624, best cost 122.564 + 4474.26 = 4596.83 over 811 frames.
LOG (lattice-best-path[5.5.907~1-cbed4]:main():lattice-best-path.cc:99) For utterance 20030013_625, best cost 81.2717 + 3894.55 = 3975.83 over 696 frames.
LOG (lattice-best-path[5.5.907~1-cbed4]:main():lattice-best-path.cc:99) For utterance 20030013_626, best cost 52.8165 + 2300.88 = 2353.7 over 420 frames.
LOG (lattice-best-path[5.5.907~1-cbed4]:main():lattice-best-path.cc:99) For utterance 20030013_627, best cost 99.5212 + 4694.64 = 4794.16 over 926 frames.
LOG (lattice-best-path[5.5.907~1-cbed4]:main():lattice-best-path.cc:99) For utterance 20030013_628, best cost 99.7107 + 3449.8 = 3549.51 over 644 frames.
LOG (lattice-best-path[5.5.907~1-cbed4]:main():lattice-best-path.cc:99) For utterance 20030013_629, best cost 93.1108 + 4831.09 = 4924.21 over 894 frames.
LOG (lattice-best-path[5.5.907~1-cbed4]:main():lattice-best-path.cc:99) For utterance 20030013_630, best cost 71.6497 + 3401.19 = 3472.84 over 606 frames.
LOG (lattice-best-path[5.5.907~1-cbed4]:main():lattice-best-path.cc:99) For utterance 20030013_631, best cost 89.8122 + 4667.29 = 4757.1 over 843 frames.
LOG (lattice-best-path[5.5.907~1-cbed4]:main():lattice-best-path.cc:99) For utterance 20030013_632, best cost 145.612 + 5325.16 = 5470.77 over 1009 frames.
LOG (lattice-best-path[5.5.907~1-cbed4]:main():lattice-best-path.cc:99) For utterance 20030013_633, best cost 112.102 + 4988.39 = 5100.49 over 913 frames.
LOG (lattice-best-path[5.5.907~1-cbed4]:main():lattice-best-path.cc:99) For utterance 20030013_634, best cost 88.6385 + 2664.7 = 2753.34 over 497 frames.
LOG (lattice-best-path[5.5.907~1-cbed4]:main():lattice-best-path.cc:99) For utterance 20030013_635, best cost 85.1319 + 4004.77 = 4089.9 over 734 frames.
LOG (lattice-best-path[5.5.907~1-cbed4]:main():lattice-best-path.cc:99) For utterance 20030013_636, best cost 84.3929 + 3492.11 = 3576.51 over 657 frames.
LOG (lattice-best-path[5.5.907~1-cbed4]:main():lattice-best-path.cc:99) For utterance 20030013_637, best cost 90.8579 + 3646.9 = 3737.76 over 696 frames.
LOG (lattice-best-path[5.5.907~1-cbed4]:main():lattice-best-path.cc:99) For utterance 20030013_638, best cost 96.8029 + 3957.06 = 4053.87 over 760 frames.
LOG (lattice-best-path[5.5.907~1-cbed4]:main():lattice-best-path.cc:99) For utterance 20030013_639, best cost 122.016 + 4560.1 = 4682.11 over 868 frames.
LOG (lattice-best-path[5.5.907~1-cbed4]:main():lattice-best-path.cc:99) For utterance 20030013_640, best cost 104.606 + 4326.01 = 4430.62 over 760 frames.
LOG (lattice-best-path[5.5.907~1-cbed4]:main():lattice-best-path.cc:99) For utterance 20030013_641, best cost 64.5988 + 2651.64 = 2716.24 over 465 frames.
LOG (lattice-best-path[5.5.907~1-cbed4]:main():lattice-best-path.cc:99) For utterance 20030013_642, best cost 86.6499 + 3186.33 = 3272.98 over 574 frames.
LOG (lattice-best-path[5.5.907~1-cbed4]:main():lattice-best-path.cc:99) For utterance 20030013_643, best cost 93.627 + 4003.2 = 4096.83 over 734 frames.
LOG (lattice-best-path[5.5.907~1-cbed4]:main():lattice-best-path.cc:99) For utterance 20030013_644, best cost 88.1538 + 3923.8 = 4011.96 over 683 frames.
LOG (lattice-best-path[5.5.907~1-cbed4]:main():lattice-best-path.cc:99) For utterance 20030013_645, best cost 58.669 + 3335.46 = 3394.13 over 580 frames.
LOG (lattice-best-path[5.5.907~1-cbed4]:main():lattice-best-path.cc:99) For utterance 20030013_646, best cost 84.5515 + 3297.92 = 3382.48 over 587 frames.
LOG (lattice-best-path[5.5.907~1-cbed4]:main():lattice-best-path.cc:99) For utterance 20030013_647, best cost 63.4797 + 2620.87 = 2684.35 over 452 frames.
LOG (lattice-best-path[5.5.907~1-cbed4]:main():lattice-best-path.cc:99) For utterance 20030013_648, best cost 62.5951 + 2453.26 = 2515.85 over 440 frames.
LOG (lattice-best-path[5.5.907~1-cbed4]:main():lattice-best-path.cc:99) For utterance 20030013_649, best cost 72.5895 + 3307.34 = 3379.93 over 600 frames.
LOG (lattice-best-path[5.5.907~1-cbed4]:main():lattice-best-path.cc:99) For utterance 20030013_650, best cost 81.2757 + 3776.18 = 3857.45 over 670 frames.
LOG (lattice-best-path[5.5.907~1-cbed4]:main():lattice-best-path.cc:99) For utterance 20030013_651, best cost 79.8797 + 2999.77 = 3079.65 over 548 frames.
LOG (lattice-best-path[5.5.907~1-cbed4]:main():lattice-best-path.cc:99) For utterance 20030013_652, best cost 94.1059 + 3979.71 = 4073.81 over 696 frames.
LOG (lattice-best-path[5.5.907~1-cbed4]:main():lattice-best-path.cc:99) For utterance 20030013_653, best cost 80.7919 + 3310.63 = 3391.42 over 600 frames.
LOG (lattice-best-path[5.5.907~1-cbed4]:main():lattice-best-path.cc:99) For utterance 20030013_654, best cost 92.2495 + 4179.01 = 4271.26 over 734 frames.
LOG (lattice-best-path[5.5.907~1-cbed4]:main():lattice-best-path.cc:99) For utterance 20030013_655, best cost 68.5921 + 3423.25 = 3491.85 over 600 frames.
LOG (lattice-best-path[5.5.907~1-cbed4]:main():lattice-best-path.cc:99) For utterance 20030013_656, best cost 78.2833 + 4192.82 = 4271.1 over 734 frames.
LOG (lattice-best-path[5.5.907~1-cbed4]:main():lattice-best-path.cc:99) For utterance 20030013_657, best cost 68.0544 + 3001.25 = 3069.3 over 542 frames.
LOG (lattice-best-path[5.5.907~1-cbed4]:main():lattice-best-path.cc:99) For utterance 20030013_658, best cost 59.4916 + 3125.02 = 3184.51 over 561 frames.
LOG (lattice-best-path[5.5.907~1-cbed4]:main():lattice-best-path.cc:99) For utterance 20030013_659, best cost 93.1263 + 3443.94 = 3537.07 over 619 frames.
LOG (lattice-best-path[5.5.907~1-cbed4]:main():lattice-best-path.cc:99) For utterance 20030013_660, best cost 36.3921 + 2193.41 = 2229.8 over 401 frames.
LOG (lattice-best-path[5.5.907~1-cbed4]:main():lattice-best-path.cc:99) For utterance 20030013_661, best cost 36.8986 + 2274.92 = 2311.82 over 427 frames.
LOG (lattice-best-path[5.5.907~1-cbed4]:main():lattice-best-path.cc:99) For utterance 20030013_662, best cost 61.9724 + 2917.64 = 2979.62 over 529 frames.
LOG (lattice-best-path[5.5.907~1-cbed4]:main():lattice-best-path.cc:99) For utterance 20030013_663, best cost 95.7222 + 4010.84 = 4106.56 over 753 frames.
LOG (lattice-best-path[5.5.907~1-cbed4]:main():lattice-best-path.cc:99) For utterance 20030013_664, best cost 110.23 + 3803.94 = 3914.17 over 715 frames.
LOG (lattice-best-path[5.5.907~1-cbed4]:main():lattice-best-path.cc:99) For utterance 20030013_665, best cost 56.8801 + 2634.67 = 2691.55 over 484 frames.
LOG (lattice-best-path[5.5.907~1-cbed4]:main():lattice-best-path.cc:99) For utterance 20030013_666, best cost 71.1998 + 2944.58 = 3015.78 over 529 frames.
LOG (lattice-best-path[5.5.907~1-cbed4]:main():lattice-best-path.cc:99) For utterance 20030013_667, best cost 76.5207 + 2833.25 = 2909.77 over 504 frames.
LOG (lattice-best-path[5.5.907~1-cbed4]:main():lattice-best-path.cc:99) For utterance 20030013_668, best cost 93.7379 + 4154.87 = 4248.61 over 747 frames.
LOG (lattice-best-path[5.5.907~1-cbed4]:main():lattice-best-path.cc:99) For utterance 20030013_669, best cost 77.9777 + 3141.62 = 3219.6 over 548 frames.
LOG (lattice-best-path[5.5.907~1-cbed4]:main():lattice-best-path.cc:99) For utterance 20030013_670, best cost 63.9813 + 3094.77 = 3158.76 over 574 frames.
LOG (lattice-best-path[5.5.907~1-cbed4]:main():lattice-best-path.cc:99) For utterance 20030013_671, best cost 111.949 + 4380.4 = 4492.35 over 772 frames.
LOG (lattice-best-path[5.5.907~1-cbed4]:main():lattice-best-path.cc:99) For utterance 20030013_672, best cost 77.9426 + 3663.77 = 3741.71 over 632 frames.
LOG (lattice-best-path[5.5.907~1-cbed4]:main():lattice-best-path.cc:99) For utterance 20030013_673, best cost 66.2865 + 3054.91 = 3121.2 over 555 frames.
LOG (lattice-best-path[5.5.907~1-cbed4]:main():lattice-best-path.cc:99) For utterance 20030013_674, best cost 97.5803 + 4551.78 = 4649.36 over 772 frames.
LOG (lattice-best-path[5.5.907~1-cbed4]:main():lattice-best-path.cc:99) For utterance 20030013_675, best cost 67.5186 + 2892.3 = 2959.82 over 529 frames.
LOG (lattice-best-path[5.5.907~1-cbed4]:main():lattice-best-path.cc:99) For utterance 20030013_676, best cost 69.2394 + 3218.85 = 3288.09 over 568 frames.
LOG (lattice-best-path[5.5.907~1-cbed4]:main():lattice-best-path.cc:99) For utterance 20030013_677, best cost 121.607 + 4951.24 = 5072.85 over 926 frames.
LOG (lattice-best-path[5.5.907~1-cbed4]:main():lattice-best-path.cc:99) For utterance 20030013_678, best cost 123.663 + 5469.2 = 5592.87 over 971 frames.
LOG (lattice-best-path[5.5.907~1-cbed4]:main():lattice-best-path.cc:99) For utterance 20030013_679, best cost 63.0526 + 2485.69 = 2548.74 over 446 frames.
LOG (lattice-best-path[5.5.907~1-cbed4]:main():lattice-best-path.cc:99) For utterance 20030013_680, best cost 87.5001 + 3707.14 = 3794.64 over 683 frames.
LOG (lattice-best-path[5.5.907~1-cbed4]:main():lattice-best-path.cc:99) For utterance 20030013_681, best cost 83.5622 + 3218.37 = 3301.93 over 587 frames.
LOG (lattice-best-path[5.5.907~1-cbed4]:main():lattice-best-path.cc:99) For utterance 20030013_682, best cost 102.068 + 4068.85 = 4170.92 over 753 frames.
LOG (lattice-best-path[5.5.907~1-cbed4]:main():lattice-best-path.cc:99) For utterance 20030013_683, best cost 92.8408 + 3699.26 = 3792.1 over 657 frames.
LOG (lattice-best-path[5.5.907~1-cbed4]:main():lattice-best-path.cc:99) For utterance 20030013_684, best cost 64.0257 + 3214.76 = 3278.79 over 593 frames.
LOG (lattice-best-path[5.5.907~1-cbed4]:main():lattice-best-path.cc:99) For utterance 20030013_685, best cost 64.5057 + 2466.99 = 2531.49 over 446 frames.
LOG (lattice-best-path[5.5.907~1-cbed4]:main():lattice-best-path.cc:99) For utterance 20030013_686, best cost 104.845 + 4344.18 = 4449.03 over 772 frames.
LOG (lattice-best-path[5.5.907~1-cbed4]:main():lattice-best-path.cc:99) For utterance 20030013_687, best cost 102.488 + 4007.42 = 4109.91 over 721 frames.
LOG (lattice-best-path[5.5.907~1-cbed4]:main():lattice-best-path.cc:99) For utterance 20030013_688, best cost 104.135 + 4576.87 = 4681 over 836 frames.
LOG (lattice-best-path[5.5.907~1-cbed4]:main():lattice-best-path.cc:99) For utterance 20030013_689, best cost 93.1692 + 4147.76 = 4240.93 over 753 frames.
LOG (lattice-best-path[5.5.907~1-cbed4]:main():lattice-best-path.cc:99) For utterance 20030013_690, best cost 54.1702 + 2300.78 = 2354.95 over 414 frames.
LOG (lattice-best-path[5.5.907~1-cbed4]:main():lattice-best-path.cc:99) For utterance 20030013_691, best cost 86.3005 + 3119.67 = 3205.97 over 606 frames.
LOG (lattice-best-path[5.5.907~1-cbed4]:main():lattice-best-path.cc:99) For utterance 20030013_692, best cost 85.915 + 3912.96 = 3998.87 over 721 frames.
LOG (lattice-best-path[5.5.907~1-cbed4]:main():lattice-best-path.cc:99) For utterance 20030013_693, best cost 59.8716 + 2628.61 = 2688.48 over 491 frames.
LOG (lattice-best-path[5.5.907~1-cbed4]:main():lattice-best-path.cc:99) For utterance 20030013_694, best cost 72.8824 + 3585.45 = 3658.33 over 664 frames.
LOG (lattice-best-path[5.5.907~1-cbed4]:main():lattice-best-path.cc:99) For utterance 20030013_695, best cost 85.5839 + 3004.32 = 3089.91 over 568 frames.
LOG (lattice-best-path[5.5.907~1-cbed4]:main():lattice-best-path.cc:99) For utterance 20030013_696, best cost 75.805 + 3161.36 = 3237.16 over 593 frames.
LOG (lattice-best-path[5.5.907~1-cbed4]:main():lattice-best-path.cc:99) For utterance 20030013_697, best cost 66.4448 + 2653.13 = 2719.58 over 497 frames.
LOG (lattice-best-path[5.5.907~1-cbed4]:main():lattice-best-path.cc:99) For utterance 20030013_698, best cost 67.1623 + 3737.7 = 3804.86 over 721 frames.
LOG (lattice-best-path[5.5.907~1-cbed4]:main():lattice-best-path.cc:99) For utterance 20030013_699, best cost 91.6189 + 3300.22 = 3391.84 over 625 frames.
LOG (lattice-best-path[5.5.907~1-cbed4]:main():lattice-best-path.cc:99) For utterance 20030013_700, best cost 91.1716 + 3246.17 = 3337.34 over 587 frames.
LOG (lattice-best-path[5.5.907~1-cbed4]:main():lattice-best-path.cc:99) For utterance 20030013_701, best cost 111.342 + 3907.75 = 4019.1 over 728 frames.
LOG (lattice-best-path[5.5.907~1-cbed4]:main():lattice-best-path.cc:99) For utterance 20030013_702, best cost 93.5016 + 3656.23 = 3749.73 over 683 frames.
LOG (lattice-best-path[5.5.907~1-cbed4]:main():lattice-best-path.cc:99) For utterance 20030013_703, best cost 70.1913 + 2580.55 = 2650.74 over 465 frames.
LOG (lattice-best-path[5.5.907~1-cbed4]:main():lattice-best-path.cc:99) For utterance 20030013_704, best cost 91.6525 + 3584.8 = 3676.45 over 676 frames.
LOG (lattice-best-path[5.5.907~1-cbed4]:main():lattice-best-path.cc:99) For utterance 20030013_705, best cost 74.8168 + 2681.2 = 2756.02 over 491 frames.
LOG (lattice-best-path[5.5.907~1-cbed4]:main():lattice-best-path.cc:99) For utterance 20030013_706, best cost 66.6915 + 2011.12 = 2077.81 over 363 frames.
LOG (lattice-best-path[5.5.907~1-cbed4]:main():lattice-best-path.cc:99) For utterance 20030013_707, best cost 55.1583 + 2429.83 = 2484.99 over 452 frames.
LOG (lattice-depth-per-frame[5.5.907~1-cbed4]:main():lattice-depth-per-frame.cc:82) Done 108 lattices.
LOG (lattice-best-path[5.5.907~1-cbed4]:main():lattice-best-path.cc:99) For utterance 20030013_708, best cost 89.8768 + 3356.84 = 3446.72 over 606 frames.
LOG (lattice-best-path[5.5.907~1-cbed4]:main():lattice-best-path.cc:124) Overall cost per frame is 5.55498 = 0.130136 [graph] + 5.42485 [acoustic] over 71279 frames.
LOG (lattice-best-path[5.5.907~1-cbed4]:main():lattice-best-path.cc:128) Done 108 lattices, failed for 0
# Accounting: time=8 threads=1
# Ended (code 0) at Thu Apr 22 13:58:15 PKT 2021, elapsed time 8 seconds
