# lattice-scale --inv-acoustic-scale=15 "ark:gunzip -c exp/sgmm2_4_mmi_b0.1/decode_it3/lat.*.gz|" ark:- | lattice-add-penalty --word-ins-penalty=0.0 ark:- ark:- | lattice-best-path --word-symbol-table=data/lang_test/words.txt ark:- ark,t:- | utils/int2sym.pl -f 2- data/lang_test/words.txt | cat > exp/sgmm2_4_mmi_b0.1/decode_it3/scoring_kaldi/penalty_0.0/15.txt 
# Started at Wed Apr 21 08:36:00 PKT 2021
#
lattice-scale --inv-acoustic-scale=15 'ark:gunzip -c exp/sgmm2_4_mmi_b0.1/decode_it3/lat.*.gz|' ark:- 
lattice-best-path --word-symbol-table=data/lang_test/words.txt ark:- ark,t:- 
lattice-add-penalty --word-ins-penalty=0.0 ark:- ark:- 
LOG (lattice-best-path[5.5.907~1-cbed4]:main():lattice-best-path.cc:99) For utterance 20030010_601, best cost 237.79 + 4114.32 = 4352.11 over 985 frames.
20030010_601 نو بدلو کا تم کی کے ڈھابے کے لیے شون دھڑے لولی کلی میں ابھر انگوٹھی کے کرا حقوق بوم کر نیلم گی 
LOG (lattice-best-path[5.5.907~1-cbed4]:main():lattice-best-path.cc:99) For utterance 20030010_602, best cost 276.681 + 4998.33 = 5275.02 over 1203 frames.
20030010_602 گروں باورچی کے نرخوں اور کیلئے پرخچے ہوئیں ہوے پڑھائی کے لو بانسری شیرے آلود جا کے بھال اور میں شاہ کرنے کی شرکت سے آرزوئیں ہے 
LOG (lattice-best-path[5.5.907~1-cbed4]:main():lattice-best-path.cc:99) For utterance 20030010_603, best cost 220.426 + 3470.38 = 3690.81 over 833 frames.
20030010_603 شاہ مشن کر اور نزلے کی بڑا سے لگے عمل پر اٹھا کر تبدیلی دیکھ حصوں پر کرا میں چھابڑی کی تھا 
LOG (lattice-best-path[5.5.907~1-cbed4]:main():lattice-best-path.cc:99) For utterance 20030010_604, best cost 215.575 + 3649.17 = 3864.74 over 856 frames.
20030010_604 صبحیں نے نہ علی کے گاؤں کی گرداں پڑی تو کہا فیس طوفان چاہے کے کس کے نہ خلیے اٹھائے ہیں 
LOG (lattice-best-path[5.5.907~1-cbed4]:main():lattice-best-path.cc:99) For utterance 20030010_605, best cost 139.061 + 2056.78 = 2195.84 over 513 frames.
20030010_605 سول جا شوہر جون کے پیشن میں دھول پیر کر داخل دیتا ہے 
LOG (lattice-best-path[5.5.907~1-cbed4]:main():lattice-best-path.cc:99) For utterance 20030010_606, best cost 159.131 + 2529.96 = 2689.09 over 608 frames.
20030010_606 مری کے دماغی دلوں غلط سے پنجند میں کے کا حافظ کی بڑی فضل رتھ ہے 
LOG (lattice-best-path[5.5.907~1-cbed4]:main():lattice-best-path.cc:99) For utterance 20030010_607, best cost 119.238 + 1648.69 = 1767.93 over 420 frames.
20030010_607 آپ سرویئر کی مثبت کی زنگ باندھ دیے نہ نئی جائے 
LOG (lattice-best-path[5.5.907~1-cbed4]:main():lattice-best-path.cc:99) For utterance 20030010_608, best cost 157.328 + 2367.72 = 2525.05 over 582 frames.
20030010_608 کو کے کے بورڈر نو رخ کو بش کر ڈام چوم جانے کی وجہ دو ہو گئی 
LOG (lattice-best-path[5.5.907~1-cbed4]:main():lattice-best-path.cc:99) For utterance 20030010_609, best cost 214.522 + 2910.95 = 3125.47 over 736 frames.
20030010_609 ٹریژری مہم عید ورک مگر مارچ نرگس تولیے نکالیں رضوی سونگ کے جور کا تصفیے اور جی ہے 
LOG (lattice-best-path[5.5.907~1-cbed4]:main():lattice-best-path.cc:99) For utterance 20030010_610, best cost 183.286 + 3091.24 = 3274.52 over 803 frames.
20030010_610 ماہ سے ریلی تشریف یا کریو بھی عمل دیر آدمی جلد کی طرف سے مجیب ایسا ہے 
LOG (lattice-best-path[5.5.907~1-cbed4]:main():lattice-best-path.cc:99) For utterance 20030010_611, best cost 189.121 + 3513.96 = 3703.08 over 868 frames.
20030010_611 کھوسٹ پہنے بحیرہ فاریسٹ ان میں سے کے دواؤں کو دیگر آ ہر کی گچھے ساجد گے 
LOG (lattice-best-path[5.5.907~1-cbed4]:main():lattice-best-path.cc:99) For utterance 20030010_612, best cost 225.829 + 3607.73 = 3833.56 over 921 frames.
20030010_612 تبدیلی کے لفظ لشکر نگران بھورا فی جھڑک شاہ عفو کا تو فوم وقت کی لینگویج کا عفو آ ہم ہیں 
LOG (lattice-best-path[5.5.907~1-cbed4]:main():lattice-best-path.cc:99) For utterance 20030010_613, best cost 132.433 + 1945.12 = 2077.55 over 452 frames.
20030010_613 کا علم کو اور لاکھا بوگس اور چہل کو رشید یانگ زدہ کہا 
LOG (lattice-best-path[5.5.907~1-cbed4]:main():lattice-best-path.cc:99) For utterance 20030010_614, best cost 140.061 + 2331.31 = 2471.37 over 578 frames.
20030010_614 محدود قے نے شیشے کے کرائی و کے ساتھ سمجھیں بغیر سمجھو کا کیا 
LOG (lattice-best-path[5.5.907~1-cbed4]:main():lattice-best-path.cc:99) For utterance 20030010_615, best cost 243.596 + 3916.36 = 4159.96 over 960 frames.
20030010_615 ہدایت کا شہزادی نے نیچا مشعر آ عزت کو بروز کرتے ہوئے چوری خان آن کی کی طرح جوڑیں نے پورا ہیڈ بقایا 
LOG (lattice-best-path[5.5.907~1-cbed4]:main():lattice-best-path.cc:99) For utterance 20030010_616, best cost 246.725 + 3961.66 = 4208.38 over 989 frames.
20030010_616 تراجم کے بلبل نے سرخ ہر ورژن کو فروخت سزا شاہ کر کیسی کا تصورات جیم اور صرف کا تھل کا رخ گیارہ کیا 
LOG (lattice-best-path[5.5.907~1-cbed4]:main():lattice-best-path.cc:99) For utterance 20030010_617, best cost 168.153 + 2700.87 = 2869.02 over 669 frames.
20030010_617 کا میں کا کرے سوکھی گلشن میں کیوں کو ہم پیدا دیکھ کر کردار پاس میں لگا 
LOG (lattice-best-path[5.5.907~1-cbed4]:main():lattice-best-path.cc:99) For utterance 20030010_618, best cost 214.077 + 3359.81 = 3573.89 over 824 frames.
20030010_618 کام پر کا میں سے بش ناظم اچھل والے اب کر سابق نے ان نیو کے بعد طرف سخت یا کیا ہے 
LOG (lattice-best-path[5.5.907~1-cbed4]:main():lattice-best-path.cc:99) For utterance 20030010_619, best cost 113.519 + 1970.79 = 2084.31 over 519 frames.
20030010_619 پریذیڈنٹ تشبیہ بھاگ مدعیان کرنے کا جوڈیشری نتیجے اور ہے 
LOG (lattice-best-path[5.5.907~1-cbed4]:main():lattice-best-path.cc:99) For utterance 20030010_620, best cost 192.637 + 3441.35 = 3633.98 over 820 frames.
20030010_620 چیل ماں نے تھنوں کی بولوں کو گروں میں سموئے اور کی میں مفہوم پر پرسوز شوروم کی کی گاڑیاں کی 
LOG (lattice-best-path[5.5.907~1-cbed4]:main():lattice-best-path.cc:99) For utterance 20030010_621, best cost 219.673 + 4360.49 = 4580.17 over 1024 frames.
20030010_621 کن معجل بیس حاشیے میں عرف کر ذوالجناح کے مان بہن میں سے مرض اور چھابڑی نماز میں میں تحریک کی 
LOG (lattice-best-path[5.5.907~1-cbed4]:main():lattice-best-path.cc:99) For utterance 20030010_622, best cost 173.333 + 3520.87 = 3694.2 over 764 frames.
20030010_622 کو کی طرح میں مرلہ گدے دیکھ کر ایک درجے عمر رسیدہ بیڑے عالمی سے گزرے 
LOG (lattice-best-path[5.5.907~1-cbed4]:main():lattice-best-path.cc:99) For utterance 20030010_623, best cost 145.899 + 2715.52 = 2861.42 over 664 frames.
20030010_623 بالکل جان کا داغ منافعے سونگ برس کا میں دانش آن لے گیا 
LOG (lattice-best-path[5.5.907~1-cbed4]:main():lattice-best-path.cc:99) For utterance 20030010_624, best cost 212.017 + 3207.7 = 3419.71 over 790 frames.
20030010_624 مفلس ایئر کے نوش کو میں دیے سیلرز خواص کوڑھ سالہ خون خود عود کے پرچم کے لیے محور شعبوں تھا 
LOG (lattice-best-path[5.5.907~1-cbed4]:main():lattice-best-path.cc:99) For utterance 20030010_625, best cost 165.414 + 2666.45 = 2831.87 over 665 frames.
20030010_625 نیلم ریگن سالگرہ فیچر جاتی قدرے لے کر ڈگری سیدھے کے معاف کے کھو گیا 
LOG (lattice-best-path[5.5.907~1-cbed4]:main():lattice-best-path.cc:99) For utterance 20030010_626, best cost 101.496 + 1935.38 = 2036.88 over 465 frames.
20030010_626 میں بوجھ نے کو ملیریا دن کی مرغا اور سمجھا 
LOG (lattice-best-path[5.5.907~1-cbed4]:main():lattice-best-path.cc:99) For utterance 20030010_627, best cost 173.922 + 2746.41 = 2920.33 over 712 frames.
20030010_627 فکر غیر عمل کے نور دور کے علم یاں اسے بلوں کے تو فوم میں لکھا گیا 
LOG (lattice-best-path[5.5.907~1-cbed4]:main():lattice-best-path.cc:99) For utterance 20030010_628, best cost 168.664 + 2805.49 = 2974.16 over 709 frames.
20030010_628 لوہا کی طرح میں لگانے کے لیے بیچلر ٹریبیونل میں فلموں کی خوشیوں مغز کود پیئں 
LOG (lattice-best-path[5.5.907~1-cbed4]:main():lattice-best-path.cc:99) For utterance 20030010_629, best cost 193.132 + 3539.33 = 3732.46 over 876 frames.
20030010_629 چھیل کر کے گوشوں اور کیا عوام خوار میں سعید عفو دوغلی سے مردوں کا گیسیں دیکھ کر آیا 
LOG (lattice-best-path[5.5.907~1-cbed4]:main():lattice-best-path.cc:99) For utterance 20030010_630, best cost 174.199 + 2597.39 = 2771.59 over 668 frames.
20030010_630 تعین قسم نے نشر کے اشجار نے عام کر بیچے ماڑی تو چھم سے خان دکھائی گیا 
LOG (lattice-best-path[5.5.907~1-cbed4]:main():lattice-best-path.cc:99) For utterance 20030010_631, best cost 225.618 + 3932.35 = 4157.96 over 964 frames.
20030010_631 سیریز چیف کو رتھ ڈاٹ ہے بیٹھی نے کفار کر کے تلور کا فیچر تو پیسنے سے موعود کر چلے دکھائی 
LOG (lattice-best-path[5.5.907~1-cbed4]:main():lattice-best-path.cc:99) For utterance 20030010_632, best cost 232.514 + 5203.2 = 5435.72 over 1219 frames.
20030010_632 کسی سجدہ نے کہا کے بوریت کی حجت چھوڑ اور اور بھیڑیا دکھ بھجوا کر کھجوریں اور سوئی چھولے بغیر بیٹھک 
LOG (lattice-best-path[5.5.907~1-cbed4]:main():lattice-best-path.cc:99) For utterance 20030010_633, best cost 225.482 + 4038.92 = 4264.4 over 1056 frames.
20030010_633 پرچم دن کے بگاڑنے کا غیور کیلئے نے پھیرتے اور فیصد کی کو اونس پیش سے انسولین کے لیے دی چیل ہے 
LOG (lattice-best-path[5.5.907~1-cbed4]:main():lattice-best-path.cc:99) For utterance 20030010_634, best cost 181.67 + 2864.1 = 3045.77 over 708 frames.
20030010_634 کوئلے شلجم ٹیوشن جیز کہانی کے لیے روغن نے آٹھ کے نہ کر فرینڈ کر کے لائیں 
LOG (lattice-best-path[5.5.907~1-cbed4]:main():lattice-best-path.cc:99) For utterance 20030010_635, best cost 189.657 + 2842.67 = 3032.33 over 722 frames.
20030010_635 پاس میں دل کو جھینگے اعلان فارغ میں بیچلر اور عدل مملکت اپنے اثر یہ سے سویرا کریں 
LOG (lattice-best-path[5.5.907~1-cbed4]:main():lattice-best-path.cc:99) For utterance 20030010_636, best cost 174.464 + 2560.37 = 2734.83 over 677 frames.
20030010_636 کرنا ڈور خشوع نعمت کے جوبلی اور شامل نے سعید سوچا کا تو ہم کا سود ہوا 
LOG (lattice-best-path[5.5.907~1-cbed4]:main():lattice-best-path.cc:99) For utterance 20030010_637, best cost 165.341 + 2777.1 = 2942.45 over 703 frames.
20030010_637 ایقان کے اجتماعی میں پہنچ کلونجی لا موڈ کی کی ہیڈ عرصے بورڈ ادھیڑ ہوئے 
LOG (lattice-best-path[5.5.907~1-cbed4]:main():lattice-best-path.cc:99) For utterance 20030010_638, best cost 216.572 + 4564.71 = 4781.28 over 1134 frames.
20030010_638 کب کام جو حجت کی شیلٹر بوائے میں کو میں صورت اور کوٹھی کو کلیجی کے خلاف سے جج سے 
LOG (lattice-best-path[5.5.907~1-cbed4]:main():lattice-best-path.cc:99) For utterance 20030010_639, best cost 234.86 + 3762.12 = 3996.98 over 1011 frames.
20030010_639 ہیئر کے دکھ کر کی دکھ سے دل سے ترچھی اس کر سے کے نہ گڈ چیز و اور تک سامان سے ڈبو صفیں 
LOG (lattice-best-path[5.5.907~1-cbed4]:main():lattice-best-path.cc:99) For utterance 20030010_640, best cost 208.603 + 3069.19 = 3277.79 over 822 frames.
20030010_640 جوق کے میں آن پر بیٹھی جعلی سبزی میں بھی سے کونسل کے شو والا کا کر چوری کھول جرگہ آیا 
LOG (lattice-best-path[5.5.907~1-cbed4]:main():lattice-best-path.cc:99) For utterance 20030010_641, best cost 172.555 + 2782.34 = 2954.89 over 712 frames.
20030010_641 کو کو پھیلنے دور بھری شب اودھم کی اب آتشیں بعض عید کچلا کر بھینسیں دی 
LOG (lattice-best-path[5.5.907~1-cbed4]:main():lattice-best-path.cc:99) For utterance 20030010_642, best cost 144.051 + 2393.9 = 2537.95 over 638 frames.
20030010_642 حصوں کی فرض کے میچ اسی کے تو دانش سے نفوذ کی کھلواڑ کوٹھی 
LOG (lattice-best-path[5.5.907~1-cbed4]:main():lattice-best-path.cc:99) For utterance 20030010_643, best cost 196.255 + 2531.73 = 2727.98 over 664 frames.
20030010_643 تفاوت اثر نخوت بڑی موقف افواج عرصے نہ ہائے اور دوغلی اور آگ سے زاید رحیم داڑھی 
LOG (lattice-best-path[5.5.907~1-cbed4]:main():lattice-best-path.cc:99) For utterance 20030010_644, best cost 190.857 + 3405.78 = 3596.64 over 908 frames.
20030010_644 بیچ کے لیے ترچھی میں دو کو روے اور زیورات کے چھری کیسی پر سٹیڈیم تعداد پھیریں 
LOG (lattice-best-path[5.5.907~1-cbed4]:main():lattice-best-path.cc:99) For utterance 20030010_645, best cost 198.448 + 2888.99 = 3087.44 over 768 frames.
20030010_645 دیگر ڈیبیٹ کے اس میں دو زور کے سائیڈ بس و روضہ خیر کر نے کے ایفا آشنا میں ہیں 
LOG (lattice-best-path[5.5.907~1-cbed4]:main():lattice-best-path.cc:99) For utterance 20030010_646, best cost 184.644 + 2795.01 = 2979.65 over 734 frames.
20030010_646 سامنے ناغہ جوس میں اور چبھنے کے بعد لاؤ بے اے رنگ نے در اداروں ڈالنے آئی 
LOG (lattice-best-path[5.5.907~1-cbed4]:main():lattice-best-path.cc:99) For utterance 20030010_647, best cost 116.672 + 1961.93 = 2078.6 over 517 frames.
20030010_647 واقع کر کے غنا سے گروپ میچور کر دوران پر آئے 
LOG (lattice-best-path[5.5.907~1-cbed4]:main():lattice-best-path.cc:99) For utterance 20030010_648, best cost 129.636 + 2339.95 = 2469.58 over 573 frames.
20030010_648 حویلی میں دودھیا چھائی تمغہ خفت جل کیلئے کروا تھا 
LOG (lattice-best-path[5.5.907~1-cbed4]:main():lattice-best-path.cc:99) For utterance 20030010_649, best cost 126.353 + 1960.55 = 2086.91 over 478 frames.
20030010_649 کفر کو کر نرسیں کے ڈیتھ نے کے بعد عوام کا نڈر لگائے 
LOG (lattice-best-path[5.5.907~1-cbed4]:main():lattice-best-path.cc:99) For utterance 20030010_650, best cost 206.716 + 3459.33 = 3666.05 over 870 frames.
20030010_650 کھجلی کا میں کی سینئر تو سال میں عورت اننگز کے نہ سوری آفس یا کی رعایت کا کی کی ظاہر 
LOG (lattice-best-path[5.5.907~1-cbed4]:main():lattice-best-path.cc:99) For utterance 20030010_651, best cost 157.354 + 2651.75 = 2809.1 over 699 frames.
20030010_651 کوئلے کو بلی مہجور کی کھو کریم باندھیں اور کڑھنے سے پہلے حصوں بھیجی 
LOG (lattice-best-path[5.5.907~1-cbed4]:main():lattice-best-path.cc:99) For utterance 20030010_652, best cost 162.479 + 2883.84 = 3046.32 over 777 frames.
20030010_652 پر ٹری کیجیے کاندھلوی پر کے دوران میں میں کا گود کے سندھو تک پہنچوں ہیں 
LOG (lattice-best-path[5.5.907~1-cbed4]:main():lattice-best-path.cc:99) For utterance 20030010_653, best cost 158.858 + 2426.67 = 2585.53 over 638 frames.
20030010_653 لوگ ابرار برس کسی ظلم دھل کر زیر کے ہجے ڈھائی تک لوث ہوا 
LOG (lattice-best-path[5.5.907~1-cbed4]:main():lattice-best-path.cc:99) For utterance 20030010_654, best cost 172.013 + 3170.76 = 3342.78 over 838 frames.
20030010_654 کڑوی درج ہاؤسنگ اس کی آشیانہ چون کے اور ان سے کے گول سے معدے میں ستھرے 
LOG (lattice-best-path[5.5.907~1-cbed4]:main():lattice-best-path.cc:99) For utterance 20030010_655, best cost 109.821 + 1825.13 = 1934.95 over 465 frames.
20030010_655 نام بخشے چھائی و ڈھیلے نصف بچھانے کر پیش ہے 
LOG (lattice-best-path[5.5.907~1-cbed4]:main():lattice-best-path.cc:99) For utterance 20030010_656, best cost 210.741 + 3541.81 = 3752.55 over 918 frames.
20030010_656 بے اثر زنجیر قرار بیگم کر زیر ای ہیئر بجائے اور سوری مچا ہائے رم بے گیس کریں 
LOG (lattice-best-path[5.5.907~1-cbed4]:main():lattice-best-path.cc:99) For utterance 20030010_657, best cost 111.641 + 2292.52 = 2404.16 over 540 frames.
20030010_657 آمدورفت کا نظر کے قیصر ٹریفک ہر سے مفلس ہیں 
LOG (lattice-best-path[5.5.907~1-cbed4]:main():lattice-best-path.cc:99) For utterance 20030010_658, best cost 114.985 + 2276.76 = 2391.74 over 591 frames.
20030010_658 میں بزرگ کا نے بنوری بے اس کی بادشاہ سے مزارعوں 
LOG (lattice-best-path[5.5.907~1-cbed4]:main():lattice-best-path.cc:99) For utterance 20030010_659, best cost 169.202 + 3113.05 = 3282.25 over 779 frames.
20030010_659 میں کے کو کے بجھائی اور کوئی کا تو غم اور اور سوئس کے بعد بوئے یا پھیر سوئے 
LOG (lattice-best-path[5.5.907~1-cbed4]:main():lattice-best-path.cc:99) For utterance 20030010_660, best cost 100.275 + 1961.29 = 2061.56 over 482 frames.
20030010_660 کوئی دلہن کے بو کا وزراء میں نہیں وزراء 
LOG (lattice-best-path[5.5.907~1-cbed4]:main():lattice-best-path.cc:99) For utterance 20030010_661, best cost 122.863 + 2351.71 = 2474.57 over 578 frames.
20030010_661 کر صفیں نے کے لیے بچھڑوں پر عمل کر داغدار کر دبائے 
LOG (lattice-best-path[5.5.907~1-cbed4]:main():lattice-best-path.cc:99) For utterance 20030010_662, best cost 152.566 + 2270.59 = 2423.16 over 575 frames.
20030010_662 کر فن جور کو کے ارکان کیا چلے تو سے یا رو کے تشبیہ ہے دیئے 
LOG (lattice-best-path[5.5.907~1-cbed4]:main():lattice-best-path.cc:99) For utterance 20030010_663, best cost 177.279 + 2717.86 = 2895.14 over 656 frames.
20030010_663 پیر اور کے جانا چاہے مگر درود شعر سال کی تو کے لیے کی تنقیص بو تھو ہوئے 
LOG (lattice-best-path[5.5.907~1-cbed4]:main():lattice-best-path.cc:99) For utterance 20030010_664, best cost 214.774 + 3302.15 = 3516.92 over 790 frames.
20030010_664 کلاں سیاحت کے بڑے ارزاں میں قائم نہ تھوڑی لیکن از زور ہوا تو کے لیچی کے روپے کھڑے کو گئے 
LOG (lattice-best-path[5.5.907~1-cbed4]:main():lattice-best-path.cc:99) For utterance 20030010_665, best cost 129.333 + 2261.07 = 2390.4 over 569 frames.
20030010_665 فیض میں خواہ سرکاری سے سے کرشنگ نے تو اور کر بغیر ہوا 
LOG (lattice-best-path[5.5.907~1-cbed4]:main():lattice-best-path.cc:99) For utterance 20030010_666, best cost 135.248 + 2141.1 = 2276.35 over 505 frames.
20030010_666 بوم سے ہوے اگرچہ علم پر اب کا کر کا سرخ جیسے بھورے 
LOG (lattice-best-path[5.5.907~1-cbed4]:main():lattice-best-path.cc:99) For utterance 20030010_667, best cost 139.172 + 2751.68 = 2890.86 over 731 frames.
20030010_667 تحریک کی ہر کے بار سے چونکہ بو سے کی گوجری بوسن ہوئے 
LOG (lattice-best-path[5.5.907~1-cbed4]:main():lattice-best-path.cc:99) For utterance 20030010_668, best cost 177.584 + 2991.38 = 3168.96 over 739 frames.
20030010_668 ساجد پولیس کے پڑے رونے والے چند کا پچھلے عدلیہ نہ رعیت سے جاوید لا 
LOG (lattice-best-path[5.5.907~1-cbed4]:main():lattice-best-path.cc:99) For utterance 20030010_669, best cost 132.397 + 2371.15 = 2503.54 over 557 frames.
20030010_669 کوڈ کا سے نظر بولنے میوزک کیلئے ریزرو لولی کی جی یا 
LOG (lattice-best-path[5.5.907~1-cbed4]:main():lattice-best-path.cc:99) For utterance 20030010_670, best cost 122.154 + 2762.52 = 2884.68 over 653 frames.
20030010_670 کرو سے کافی اشرف یہ کے سربراہ کو کوٹھے کا کرو 
LOG (lattice-best-path[5.5.907~1-cbed4]:main():lattice-best-path.cc:99) For utterance 20030010_671, best cost 184.459 + 2806.42 = 2990.88 over 712 frames.
20030010_671 خوشی سے پہلے سوسائٹی گڑیا نے کہا فرعون وصف افورڈ کے سکولز چھولے میں دو اور جیل جاؤ 
LOG (lattice-best-path[5.5.907~1-cbed4]:main():lattice-best-path.cc:99) For utterance 20030010_672, best cost 152.581 + 2256.43 = 2409.01 over 626 frames.
20030010_672 انٹر معدے ایشوز چرانے تو فقدان برڈ سربراہ اور سے درجے کا پہلا ہے 
LOG (lattice-best-path[5.5.907~1-cbed4]:main():lattice-best-path.cc:99) For utterance 20030010_673, best cost 148.786 + 2253.32 = 2402.11 over 621 frames.
20030010_673 کرائی کے جان گرما کے ہوے جو ضلع صرف کے ڈیل پھل کرائے 
LOG (lattice-best-path[5.5.907~1-cbed4]:main():lattice-best-path.cc:99) For utterance 20030010_674, best cost 160.888 + 2991.29 = 3152.17 over 777 frames.
20030010_674 مشورہ پَلوں ممبر کا پرچم کر کر ہم بار کی مس میں کی کوشش کی 
LOG (lattice-best-path[5.5.907~1-cbed4]:main():lattice-best-path.cc:99) For utterance 20030010_675, best cost 153.597 + 2602.05 = 2755.65 over 686 frames.
20030010_675 آڑ جہد اولی کے رویے پر سوچے تو کا فون کام با اور اڑائیں 
LOG (lattice-best-path[5.5.907~1-cbed4]:main():lattice-best-path.cc:99) For utterance 20030010_676, best cost 152.227 + 2335.95 = 2488.18 over 587 frames.
20030010_676 اپنے رہائش ریسرچ کرنے ٹیچر اثر زوال ینگ دیش جھگڑے پر رکھتے 
LOG (lattice-best-path[5.5.907~1-cbed4]:main():lattice-best-path.cc:99) For utterance 20030010_677, best cost 222.713 + 2887.72 = 3110.43 over 788 frames.
20030010_677 مثال نے جی یا کی گگلی بوئنگ مگر بعدازاں کو سدھو کی رو گرداں نیچی حیرت سے درد دہلوی یا 
LOG (lattice-best-path[5.5.907~1-cbed4]:main():lattice-best-path.cc:99) For utterance 20030010_678, best cost 233.912 + 4565.23 = 4799.15 over 1203 frames.
20030010_678 سے سے مصداق اور پھیلیں سے کا اور زوال اثر چرانے کے لیے کھا انٹر اور چند بیک سے مشرف کے شعر کریں 
LOG (lattice-best-path[5.5.907~1-cbed4]:main():lattice-best-path.cc:99) For utterance 20030010_679, best cost 111.477 + 1602.44 = 1713.91 over 411 frames.
20030010_679 تھوڑی اور قریب بچّی لگائے تو سے تیزی سے اجڑی 
LOG (lattice-best-path[5.5.907~1-cbed4]:main():lattice-best-path.cc:99) For utterance 20030010_680, best cost 177.872 + 2569.85 = 2747.72 over 662 frames.
20030010_680 چوری کا جونا پہلو کے ہوے بیٹھک تو لیب اٹھارہ برس میں میں کرا وجہ تک ہے 
LOG (lattice-best-path[5.5.907~1-cbed4]:main():lattice-best-path.cc:99) For utterance 20030010_681, best cost 177.643 + 2831.02 = 3008.66 over 755 frames.
20030010_681 بدل کی شل کے شوق کب کی درس ہوئی تو بولو پر ترچھی ڈار پر صوفیہ 
LOG (lattice-best-path[5.5.907~1-cbed4]:main():lattice-best-path.cc:99) For utterance 20030010_682, best cost 171.056 + 2928.59 = 3099.64 over 794 frames.
20030010_682 دی وجوہات کی لوٹ پر اجڑے کا ناچنے جا کر برس کے جوق اور معلوم کیے 
LOG (lattice-best-path[5.5.907~1-cbed4]:main():lattice-best-path.cc:99) For utterance 20030010_683, best cost 146.891 + 2590.62 = 2737.51 over 669 frames.
20030010_683 ریلیف سے ماؤنٹ کی چوروں تک اینٹھن منگنی وڈیو کے کی سے نکل گئے 
LOG (lattice-best-path[5.5.907~1-cbed4]:main():lattice-best-path.cc:99) For utterance 20030010_684, best cost 142.133 + 2480.2 = 2622.34 over 673 frames.
20030010_684 میں بری سوراخ وائرس ایک کے چیونگم یوریا اور ریلیف رکھتا کھاؤں 
LOG (lattice-best-path[5.5.907~1-cbed4]:main():lattice-best-path.cc:99) For utterance 20030010_685, best cost 125.561 + 1944.84 = 2070.4 over 522 frames.
20030010_685 جو پر عفو روز جیون کے بخشیں سے کہا سے لنگر دو 
LOG (lattice-best-path[5.5.907~1-cbed4]:main():lattice-best-path.cc:99) For utterance 20030010_686, best cost 161.101 + 2522.17 = 2683.27 over 671 frames.
20030010_686 سے پر کمپیرنگ کے سرخی دی پریشر سے دنیاوی میں سے کا شو شاہ پوچھ و 
LOG (lattice-best-path[5.5.907~1-cbed4]:main():lattice-best-path.cc:99) For utterance 20030010_687, best cost 206.38 + 3497.62 = 3704 over 885 frames.
20030010_687 صاف نے سے بدسلوکی سے عام جنگ گھلیں تو جب کا کرا سے چیڑھ خمار کر توجہ مقصود کرائی 
LOG (lattice-best-path[5.5.907~1-cbed4]:main():lattice-best-path.cc:99) For utterance 20030010_688, best cost 247.334 + 3979.26 = 4226.59 over 1064 frames.
20030010_688 کھل کی پر کی چادر بیچ کچرا کسے انجری اور مزارعوں اور دیکھی کے دی خلیے نے ایہام میں کے کلراٹھی داخل جاؤ 
LOG (lattice-best-path[5.5.907~1-cbed4]:main():lattice-best-path.cc:99) For utterance 20030010_689, best cost 186.995 + 2483.3 = 2670.29 over 625 frames.
20030010_689 دوجے تو بھیجے اثر کی راجیہ جان جو ہول بنائیں اور سوئس اور فصلیں فجر کچھ آئے 
LOG (lattice-best-path[5.5.907~1-cbed4]:main():lattice-best-path.cc:99) For utterance 20030010_690, best cost 90.1869 + 1570.24 = 1660.43 over 384 frames.
20030010_690 کے گلشن عبدالحئی کے شعلوں کچھوا نہیں جاتا 
LOG (lattice-best-path[5.5.907~1-cbed4]:main():lattice-best-path.cc:99) For utterance 20030010_691, best cost 178.84 + 2744.21 = 2923.05 over 712 frames.
20030010_691 کیسی کی دلجوئی کیلئے اپنا جید گویا اور حصے کس آکر بوئے نارتھ میں ٹھونس دیئے 
LOG (lattice-best-path[5.5.907~1-cbed4]:main():lattice-best-path.cc:99) For utterance 20030010_692, best cost 163.387 + 2630.01 = 2793.39 over 703 frames.
20030010_692 بخود بسا نے کہا کے ویسے دوسرا بڑے حد گاڑی کے بری کھا تکلم 
LOG (lattice-best-path[5.5.907~1-cbed4]:main():lattice-best-path.cc:99) For utterance 20030010_693, best cost 131.515 + 1823.92 = 1955.44 over 493 frames.
20030010_693 میں نے الحاق کے جو یا سے کہا کے بقایا کر دینا کرائی مدعو 
LOG (lattice-best-path[5.5.907~1-cbed4]:main():lattice-best-path.cc:99) For utterance 20030010_694, best cost 190.146 + 3235.75 = 3425.9 over 853 frames.
20030010_694 کر کا چھوڑ آ ششدر آیا کر ساخت کو جج یہ اور ایسی کی چاقو چنگل بنائیں 
LOG (lattice-best-path[5.5.907~1-cbed4]:main():lattice-best-path.cc:99) For utterance 20030010_695, best cost 152.708 + 2181.31 = 2334.02 over 596 frames.
20030010_695 کرکے جانب چیچن جانے کو تعلق اگرچہ جنگ تو پانی میں گھول جنگ 
LOG (lattice-best-path[5.5.907~1-cbed4]:main():lattice-best-path.cc:99) For utterance 20030010_696, best cost 154.533 + 2220.56 = 2375.09 over 612 frames.
20030010_696 ارشد ساز کر کے میں سے کو مسخرے مسوڑوں کے بنانے کیلئے افسران کیا جائے گا 
LOG (lattice-best-path[5.5.907~1-cbed4]:main():lattice-best-path.cc:99) For utterance 20030010_697, best cost 115.146 + 1710.2 = 1825.34 over 465 frames.
20030010_697 برقرار سے سرویئر تلخ کر ڈیزائنروں کرنے کا کام ہو گا 
LOG (lattice-best-path[5.5.907~1-cbed4]:main():lattice-best-path.cc:99) For utterance 20030010_698, best cost 124.489 + 1684.86 = 1809.34 over 474 frames.
20030010_698 باران ذاد علوی سے شکار اخبار روزگار جائزہ لینے لگا 
LOG (lattice-scale[5.5.907~1-cbed4]:main():lattice-scale.cc:107) Done 108 lattices.
LOG (lattice-best-path[5.5.907~1-cbed4]:main():lattice-best-path.cc:99) For utterance 20030010_699, best cost 174.358 + 2175.5 = 2349.86 over 587 frames.
20030010_699 نجات کرفیو ضعف کار کی چھری میں بردار کے قید جانے دیوی مجید کا مقصود جو 
LOG (lattice-best-path[5.5.907~1-cbed4]:main():lattice-best-path.cc:99) For utterance 20030010_700, best cost 160.767 + 2166.6 = 2327.36 over 561 frames.
20030010_700 گوشہ تھو کی طرف لیے میں تغافل کی سوجھی چھڑا کر وڈ سود سیٹھ ہو 
LOG (lattice-best-path[5.5.907~1-cbed4]:main():lattice-best-path.cc:99) For utterance 20030010_701, best cost 218.515 + 3085 = 3303.52 over 808 frames.
20030010_701 مظلام مان بولو غوغا زنجیر ڈام اپنا چیز زیور واحد طرحی بعض از گوبر تمغوں سن جایا 
LOG (lattice-best-path[5.5.907~1-cbed4]:main():lattice-best-path.cc:99) For utterance 20030010_702, best cost 145.361 + 2300.16 = 2445.52 over 608 frames.
20030010_702 غیر فیصلہ خوگر کی دودھ میں کر ایک کو شاہ زور نادر بخشیں 
LOG (lattice-best-path[5.5.907~1-cbed4]:main():lattice-best-path.cc:99) For utterance 20030010_703, best cost 144.022 + 2368.86 = 2512.88 over 647 frames.
20030010_703 پیٹھ فائر سے تولید کی چینی کے پھیر پروگراموں بعض ظاہر اٹھا ہے 
LOG (lattice-add-penalty[5.5.907~1-cbed4]:main():lattice-add-penalty.cc:62) Done adding word insertion penalty to 108 lattices.
LOG (lattice-best-path[5.5.907~1-cbed4]:main():lattice-best-path.cc:99) For utterance 20030010_704, best cost 162.247 + 2808.94 = 2971.18 over 766 frames.
20030010_704 تقرری سے شل متغیر نہ از ذاد یاں کے انظباتی پر راؤ کا پراسیس ہے 
LOG (lattice-best-path[5.5.907~1-cbed4]:main():lattice-best-path.cc:99) For utterance 20030010_705, best cost 151.18 + 2210.72 = 2361.9 over 578 frames.
20030010_705 باورچی آخری بن اور کڑوے اس کے جاتا لاگت آٹھوں مصور سے بڑھ گئے 
LOG (lattice-best-path[5.5.907~1-cbed4]:main():lattice-best-path.cc:99) For utterance 20030010_706, best cost 136.531 + 2463.67 = 2600.2 over 627 frames.
20030010_706 بجے اصغر فیض فیس کے کانجی دکھ اعتماد لومڑی جو 
LOG (lattice-best-path[5.5.907~1-cbed4]:main():lattice-best-path.cc:99) For utterance 20030010_707, best cost 110.912 + 1743.87 = 1854.78 over 449 frames.
20030010_707 ماضی بنگالی اہلکار کے بڑی دھونی گناہوں میں نہ کریں 
LOG (lattice-best-path[5.5.907~1-cbed4]:main():lattice-best-path.cc:99) For utterance 20030010_708, best cost 158.518 + 2063.98 = 2222.5 over 548 frames.
20030010_708 جان جھرنے سے پہلے بڑے نے مجھے کچھ آڑ رسیدہ طریقہ اور مشق سمجھا ہے 
LOG (lattice-best-path[5.5.907~1-cbed4]:main():lattice-best-path.cc:124) Overall cost per frame is 4.16949 = 0.239256 [graph] + 3.93023 [acoustic] over 76636 frames.
LOG (lattice-best-path[5.5.907~1-cbed4]:main():lattice-best-path.cc:128) Done 108 lattices, failed for 0
# Accounting: time=1 threads=1
# Ended (code 0) at Wed Apr 21 08:36:01 PKT 2021, elapsed time 1 seconds
