# lattice-scale --inv-acoustic-scale=13 "ark:gunzip -c exp/mono/decode/lat.*.gz|" ark:- | lattice-add-penalty --word-ins-penalty=0.5 ark:- ark:- | lattice-best-path --word-symbol-table=exp/mono/graph/words.txt ark:- ark,t:- | utils/int2sym.pl -f 2- exp/mono/graph/words.txt | cat > exp/mono/decode/scoring_kaldi/penalty_0.5/13.txt 
# Started at Wed Apr 21 07:13:29 PKT 2021
#
lattice-scale --inv-acoustic-scale=13 'ark:gunzip -c exp/mono/decode/lat.*.gz|' ark:- 
lattice-add-penalty --word-ins-penalty=0.5 ark:- ark:- 
lattice-best-path --word-symbol-table=exp/mono/graph/words.txt ark:- ark,t:- 
LOG (lattice-best-path[5.5.907~1-cbed4]:main():lattice-best-path.cc:99) For utterance 20030010_601, best cost 198.207 + 7504.72 = 7702.92 over 985 frames.
20030010_601 متعارف فوجی کردار کی کمیشن ابھری لومڑی مہم کی اجرت امور کے کہو حدود کرنے نہیں 
LOG (lattice-best-path[5.5.907~1-cbed4]:main():lattice-best-path.cc:99) For utterance 20030010_602, best cost 243.608 + 9266.24 = 9509.84 over 1203 frames.
20030010_602 دیرینہ حاجی کرنے غور کیلئے تک یہودی ہوئی بدحالی کی لو ڈانس شیعہ کوچہ کے بھونڈی جھرنے کی شدہ ساز ہے 
LOG (lattice-best-path[5.5.907~1-cbed4]:main():lattice-best-path.cc:99) For utterance 20030010_603, best cost 175.606 + 6431.91 = 6607.52 over 833 frames.
20030010_603 ششدر اور نزلے کے گناہ سے طرزعمل پر اٹھا تو تبدیلی میں کیسوں پر پنجابی کیا 
LOG (lattice-best-path[5.5.907~1-cbed4]:main():lattice-best-path.cc:99) For utterance 20030010_604, best cost 188.83 + 6577.43 = 6766.26 over 856 frames.
20030010_604 سہیلی نامی کے داؤد کی گگن پڑی کو کا باعث تو کا چاہے کی کی سے نظریے اٹھائے 
LOG (lattice-best-path[5.5.907~1-cbed4]:main():lattice-best-path.cc:99) For utterance 20030010_605, best cost 112.541 + 3957.19 = 4069.74 over 513 frames.
20030010_605 سوجن شو لیجنڈری شیم ایڈووکیٹ کر داخل دیتا ہے 
LOG (lattice-best-path[5.5.907~1-cbed4]:main():lattice-best-path.cc:99) For utterance 20030010_606, best cost 131.837 + 4687.72 = 4819.55 over 608 frames.
20030010_606 نتیجے دماغی جدوجہد سے اس ندرت حافظ کی دلسوزی رہے 
LOG (lattice-best-path[5.5.907~1-cbed4]:main():lattice-best-path.cc:99) For utterance 20030010_607, best cost 97.7398 + 3183.76 = 3281.5 over 420 frames.
20030010_607 سبسڈی کی اوپر کی زوال رنگین آمدنی جائے 
LOG (lattice-best-path[5.5.907~1-cbed4]:main():lattice-best-path.cc:99) For utterance 20030010_608, best cost 134.26 + 4487.05 = 4621.31 over 582 frames.
20030010_608 کو کے کے دوجے مورخہ کو خوشخبری جو جانے کی اور جنگوں ہو گئی 
LOG (lattice-best-path[5.5.907~1-cbed4]:main():lattice-best-path.cc:99) For utterance 20030010_609, best cost 184.761 + 5627.86 = 5812.62 over 736 frames.
20030010_609 پریشر نمودار اُمید والا مخل ماچھی کی سوویں نگرانی اور کی سعودی جو کر تصویر کیا 
LOG (lattice-best-path[5.5.907~1-cbed4]:main():lattice-best-path.cc:99) For utterance 20030010_610, best cost 169.98 + 5977.75 = 6147.73 over 803 frames.
20030010_610 معاف سے انجکشن یا قیوم کی عمر نیرنگ نیچے کی کر اسے حجت ایسا ہے 
LOG (lattice-best-path[5.5.907~1-cbed4]:main():lattice-best-path.cc:99) For utterance 20030010_611, best cost 163.858 + 6511.4 = 6675.25 over 868 frames.
20030010_611 کھسک کے نے بینگن فورس کرنے ذکر دوا کو دیگر ہڈی گوجری ساجد ہے 
LOG (lattice-best-path[5.5.907~1-cbed4]:main():lattice-best-path.cc:99) For utterance 20030010_612, best cost 164.365 + 6757 = 6921.37 over 921 frames.
20030010_612 تبدیلی کلاسز سنایا بھورا ہجران چادر تو قوت کی لینگویج کام وہاں ہیں 
LOG (lattice-best-path[5.5.907~1-cbed4]:main():lattice-best-path.cc:99) For utterance 20030010_613, best cost 92.1725 + 3508.22 = 3600.39 over 452 frames.
20030010_613 کر کو محبت زوجیت رسیدہ زدہ کہا 
LOG (lattice-best-path[5.5.907~1-cbed4]:main():lattice-best-path.cc:99) For utterance 20030010_614, best cost 134.142 + 4405.27 = 4539.41 over 578 frames.
20030010_614 مصور پھیلنے شیشے کے تیروں کے ساتھ زنجیر بغیر سن جدا کیا 
LOG (lattice-best-path[5.5.907~1-cbed4]:main():lattice-best-path.cc:99) For utterance 20030010_615, best cost 214.048 + 7273.19 = 7487.24 over 960 frames.
20030010_615 گداز کا شہزادی نے میسر موئسچرائزنگ کو دعاگو کرتے ہوئے جوگی بناؤں کی کی دلجوئی ہوئی کو ہیڈ بتایا 
LOG (lattice-best-path[5.5.907~1-cbed4]:main():lattice-best-path.cc:99) For utterance 20030010_616, best cost 218.699 + 7499.01 = 7717.71 over 989 frames.
20030010_616 گاجر ہے بورڈ چبھنے سفر بجیں کو سموسے عاشق کیسی بعد سروس کی موسم اہلکار اخلاقی یا 
LOG (lattice-best-path[5.5.907~1-cbed4]:main():lattice-best-path.cc:99) For utterance 20030010_617, best cost 152.021 + 5063.23 = 5215.25 over 669 frames.
20030010_617 کام دراوڑی سوجن اچھل مکھیوں گوہر بیداری کر زدہ اس میں لگا 
LOG (lattice-best-path[5.5.907~1-cbed4]:main():lattice-best-path.cc:99) For utterance 20030010_618, best cost 155.564 + 6288.66 = 6444.23 over 824 frames.
20030010_618 کاندھلوی سے روشناس موجوں والے عذاب بنے منڈیوں کے بعد اس قدسیہ کیا ہے 
LOG (lattice-best-path[5.5.907~1-cbed4]:main():lattice-best-path.cc:99) For utterance 20030010_619, best cost 108.201 + 3855.34 = 3963.54 over 519 frames.
20030010_619 تزئین کی دوشیزہ مدعیان کرنے کا جوگی کی نتیجے ہے 
LOG (lattice-best-path[5.5.907~1-cbed4]:main():lattice-best-path.cc:99) For utterance 20030010_620, best cost 177.939 + 6312.89 = 6490.83 over 820 frames.
20030010_620 کی معانی گھروں کی ہولوں کروموسوم عریاں کی ڈیمو کو اوپر پرجوش امریکی عیاں کی 
LOG (lattice-best-path[5.5.907~1-cbed4]:main():lattice-best-path.cc:99) For utterance 20030010_621, best cost 201.029 + 7769.32 = 7970.35 over 1024 frames.
20030010_621 میں معجل تدریس کاشمیری اور کر سوجن کے معاون ویزے مدرسوں اور جاری نماز نوید اہل کی 
LOG (lattice-best-path[5.5.907~1-cbed4]:main():lattice-best-path.cc:99) For utterance 20030010_622, best cost 170.732 + 6052.59 = 6223.32 over 764 frames.
20030010_622 کو جرگہ میں میدان گردیزی کے کی بجٹ عمر رسیدہ کیلئے عالمی سے گزری 
LOG (lattice-best-path[5.5.907~1-cbed4]:main():lattice-best-path.cc:99) For utterance 20030010_623, best cost 121.777 + 4978.93 = 5100.71 over 664 frames.
20030010_623 بریگیڈیر کردار منافعے زور اس کرنے دانش آنے گیا 
LOG (lattice-best-path[5.5.907~1-cbed4]:main():lattice-best-path.cc:99) For utterance 20030010_624, best cost 159.292 + 5992.82 = 6152.11 over 790 frames.
20030010_624 منتظر کے نرخوں مجلس علاوہ سوئس باوجود حدود کنونشن کیلئے میں مشروبات 
LOG (lattice-best-path[5.5.907~1-cbed4]:main():lattice-best-path.cc:99) For utterance 20030010_625, best cost 137.536 + 5050.1 = 5187.63 over 665 frames.
20030010_625 میراں کی جلسہ نتیجے جادوگر کیلئے کر ڈگری سیورج مہاجر ہو گیا 
LOG (lattice-best-path[5.5.907~1-cbed4]:main():lattice-best-path.cc:99) For utterance 20030010_626, best cost 86.5987 + 3528.1 = 3614.7 over 465 frames.
20030010_626 سے بچنے کو مہیا ٹوئنٹی غوث میں جا 
LOG (lattice-best-path[5.5.907~1-cbed4]:main():lattice-best-path.cc:99) For utterance 20030010_627, best cost 147.845 + 5278.15 = 5425.99 over 712 frames.
20030010_627 سے کا غیرملکی نوگو کی علم یا سے بلونگڑے ٹوہ کو میں نگاور گیا 
LOG (lattice-best-path[5.5.907~1-cbed4]:main():lattice-best-path.cc:99) For utterance 20030010_628, best cost 152.705 + 5339.97 = 5492.68 over 709 frames.
20030010_628 مولا کی کمینگی بنانے کیلئے بچے صدیوں ملنے کلونجی خوشی محظوظ کی 
LOG (lattice-best-path[5.5.907~1-cbed4]:main():lattice-best-path.cc:99) For utterance 20030010_629, best cost 168.629 + 6529.2 = 6697.83 over 876 frames.
20030010_629 شیرے کے دشوار گیر پٹاخے میں ایکسیڈنٹ دوغلی سے معاوضوں کا فیضان کے کر آیا 
LOG (lattice-best-path[5.5.907~1-cbed4]:main():lattice-best-path.cc:99) For utterance 20030010_630, best cost 144.24 + 5034.74 = 5178.98 over 668 frames.
20030010_630 تعین حسینی نشر کے جامعہ کبیر جماعت اچھل ضیغم بگڑ گیا 
LOG (lattice-best-path[5.5.907~1-cbed4]:main():lattice-best-path.cc:99) For utterance 20030010_631, best cost 209.176 + 7305.1 = 7514.28 over 964 frames.
20030010_631 سیریز چیف کو علیحدہ ہے بیچنے وافر کر کے سیرگاہ سے کے سوئس نے سے موقر چھولے دکھائی 
LOG (lattice-best-path[5.5.907~1-cbed4]:main():lattice-best-path.cc:99) For utterance 20030010_632, best cost 222.849 + 9248.47 = 9471.32 over 1219 frames.
20030010_632 عزیز ادارے کہا کیونکہ کی حجت چھوڑ اور بیڑیاں نہیں بھجوا کر فجور اور سوئی ہوئی بغیر دیکھو 
LOG (lattice-best-path[5.5.907~1-cbed4]:main():lattice-best-path.cc:99) For utterance 20030010_633, best cost 198.449 + 7781.29 = 7979.74 over 1056 frames.
20030010_633 کے کنگڈم کن بگاڑنے تخیّل کے لیے میں بھنڈی اور غذاؤں کی قوس کس انسولین کے لیے نتیجے 
LOG (lattice-best-path[5.5.907~1-cbed4]:main():lattice-best-path.cc:99) For utterance 20030010_634, best cost 152.948 + 5291.14 = 5444.08 over 708 frames.
20030010_634 قریشی ویجز ٹشو اسہال کے لیے ڈوڈیاں آٹھ گنہگار ورلڈکپ چیلہ ہے 
LOG (lattice-best-path[5.5.907~1-cbed4]:main():lattice-best-path.cc:99) For utterance 20030010_635, best cost 151.289 + 5478.72 = 5630.01 over 722 frames.
20030010_635 پاس اینگرو جنگی علاوہ میں دیکھی اور کی مینگل کامیاب تیسر نہ کریں 
LOG (lattice-best-path[5.5.907~1-cbed4]:main():lattice-best-path.cc:99) For utterance 20030010_636, best cost 145.173 + 5069.63 = 5214.8 over 677 frames.
20030010_636 گومگو خشوع عمر کی جونیجو ہونے سے سوچا کا دونوں کا کو ہوا 
LOG (lattice-best-path[5.5.907~1-cbed4]:main():lattice-best-path.cc:99) For utterance 20030010_637, best cost 127.036 + 5261.5 = 5388.53 over 703 frames.
20030010_637 ادغام کی کماحقہ اکرم کی نمو کی کی حادثے مورچے ہوئی 
LOG (lattice-best-path[5.5.907~1-cbed4]:main():lattice-best-path.cc:99) For utterance 20030010_638, best cost 185.256 + 8492.18 = 8677.44 over 1134 frames.
20030010_638 کے کاجو ہجر کی شیڈول بوئنگ میں ہوئی سوئچ اور کوٹھی کو کھچی کے بلا سے درج ہے 
LOG (lattice-best-path[5.5.907~1-cbed4]:main():lattice-best-path.cc:99) For utterance 20030010_639, best cost 182.902 + 7503.55 = 7686.45 over 1011 frames.
20030010_639 کے کے کو تنقید اٹھے دے سے تجویز کر سے کے نامور کی گوہر پراسسنگ بلڈوزر گے 
LOG (lattice-best-path[5.5.907~1-cbed4]:main():lattice-best-path.cc:99) For utterance 20030010_640, best cost 179.286 + 6056.16 = 6235.45 over 822 frames.
20030010_640 جاتی میراں پر بچی جاری ضخیم ایمبیسی کونسل ٹشو والا گرمجوشی کوچ بقایا 
LOG (lattice-best-path[5.5.907~1-cbed4]:main():lattice-best-path.cc:99) For utterance 20030010_641, best cost 124.617 + 5342.15 = 5466.77 over 712 frames.
20030010_641 کو ہو ایلیمنٹری شون کی بارش بازیچہ کاربن زندگی 
LOG (lattice-best-path[5.5.907~1-cbed4]:main():lattice-best-path.cc:99) For utterance 20030010_642, best cost 124.344 + 4712.72 = 4837.06 over 638 frames.
20030010_642 صفوں کی سیفٹی مرکزی کے تبسم نفوذ کی براوو کی 
LOG (lattice-best-path[5.5.907~1-cbed4]:main():lattice-best-path.cc:99) For utterance 20030010_643, best cost 150.85 + 4942.39 = 5093.24 over 664 frames.
20030010_643 تساہل سے ناول پڑھئے محافظوں اجسام رہا ہے اور دوڑنے بااثر زندگی گئے 
LOG (lattice-best-path[5.5.907~1-cbed4]:main():lattice-best-path.cc:99) For utterance 20030010_644, best cost 166.879 + 6776.12 = 6943 over 908 frames.
20030010_644 انجنیئر چیئرمین دو کو ہوئی اور زیورات انجری کیسی پر سنگھ زدہ کریں 
LOG (lattice-best-path[5.5.907~1-cbed4]:main():lattice-best-path.cc:99) For utterance 20030010_645, best cost 142.072 + 5702.39 = 5844.46 over 768 frames.
20030010_645 میڈیا بلکہ اس میں کچوکے صاحب باذوق مضائقہ میں کی آشنا میں ہیں 
LOG (lattice-best-path[5.5.907~1-cbed4]:main():lattice-best-path.cc:99) For utterance 20030010_646, best cost 155.772 + 5426.26 = 5582.04 over 734 frames.
20030010_646 سالگرہ فجور میں اور چبھنے کے بعد لاؤ بیدار میں ڈرائینگ ڈال ڈالنے آئی 
LOG (lattice-best-path[5.5.907~1-cbed4]:main():lattice-best-path.cc:99) For utterance 20030010_647, best cost 94.7668 + 3845.09 = 3939.85 over 517 frames.
20030010_647 واجب کر کے تنازعے گومگو گردوغبار آئی 
LOG (lattice-best-path[5.5.907~1-cbed4]:main():lattice-best-path.cc:99) For utterance 20030010_648, best cost 116.51 + 4279.46 = 4395.97 over 573 frames.
20030010_648 ملے میں دو ڈسچارج کہا خواجہ کے لیے کروا تھا 
LOG (lattice-best-path[5.5.907~1-cbed4]:main():lattice-best-path.cc:99) For utterance 20030010_649, best cost 109.828 + 3677.04 = 3786.86 over 478 frames.
20030010_649 کو تو پر مصر کے ڈیتھ اسکواڈ اقوام کرنے کے لگا ہے 
LOG (lattice-best-path[5.5.907~1-cbed4]:main():lattice-best-path.cc:99) For utterance 20030010_650, best cost 153.184 + 6560.84 = 6714.02 over 870 frames.
20030010_650 تجویز قادری سینئر سمیت کی کے نقوی تہیہ کے باعث تجویز آ ہے 
LOG (lattice-best-path[5.5.907~1-cbed4]:main():lattice-best-path.cc:99) For utterance 20030010_651, best cost 143.554 + 5139.46 = 5283.01 over 699 frames.
20030010_651 کوئلے کو بلی میں جوگی کھوہ کے لیے دکھاوے ہونے سے پہلے سعودی کیں 
LOG (lattice-best-path[5.5.907~1-cbed4]:main():lattice-best-path.cc:99) For utterance 20030010_652, best cost 149.268 + 5726.6 = 5875.87 over 777 frames.
20030010_652 پنچولی کیجیے ننگے یونیورسٹی جولانی میں کا موڈ کے سندھو کا پنج ہیں 
LOG (lattice-best-path[5.5.907~1-cbed4]:main():lattice-best-path.cc:99) For utterance 20030010_653, best cost 122.715 + 4759.36 = 4882.07 over 638 frames.
20030010_653 پروگرام درسگاہ عزیز مرکزی کی ڈیجیٹل کا کو سوا 
LOG (lattice-best-path[5.5.907~1-cbed4]:main():lattice-best-path.cc:99) For utterance 20030010_654, best cost 147.661 + 6143.33 = 6290.99 over 838 frames.
20030010_654 سویڈش ہوسٹس کی شیعہ جوبلی اور انسٹھویں لوث کے معدے میں سگے 
LOG (lattice-best-path[5.5.907~1-cbed4]:main():lattice-best-path.cc:99) For utterance 20030010_655, best cost 98.2507 + 3446.33 = 3544.59 over 465 frames.
20030010_655 ناں بخشی چھائی کوئلے بجھائی بارش تھے 
LOG (lattice-best-path[5.5.907~1-cbed4]:main():lattice-best-path.cc:99) For utterance 20030010_656, best cost 173.679 + 6763.49 = 6937.17 over 918 frames.
20030010_656 بے سے ذریعے کر بدروح گردیزی ہیڈ بجائے اور کوئی معجل اعظم حبیب کرے 
LOG (lattice-best-path[5.5.907~1-cbed4]:main():lattice-best-path.cc:99) For utterance 20030010_657, best cost 92.4441 + 4015.56 = 4108 over 540 frames.
20030010_657 آمدورفت کمسن کے ڈیزرٹ صداقت سمفنی ہے 
LOG (lattice-best-path[5.5.907~1-cbed4]:main():lattice-best-path.cc:99) For utterance 20030010_658, best cost 95.888 + 4306.93 = 4402.81 over 591 frames.
20030010_658 میں گومگو ٹھکانے بنوری بیس کی بسر کریں 
LOG (lattice-best-path[5.5.907~1-cbed4]:main():lattice-best-path.cc:99) For utterance 20030010_659, best cost 155.051 + 5805.4 = 5960.46 over 779 frames.
20030010_659 میں کی کو کے بچھانے کوئی بعدازاں محرر فورس کے بعد بوریت کے سوئے 
LOG (lattice-best-path[5.5.907~1-cbed4]:main():lattice-best-path.cc:99) For utterance 20030010_660, best cost 88.5296 + 3584.05 = 3672.58 over 482 frames.
20030010_660 کو ایلوویرا کے بقایا اسلامی نہیں بسا 
LOG (lattice-best-path[5.5.907~1-cbed4]:main():lattice-best-path.cc:99) For utterance 20030010_661, best cost 119.104 + 4336.25 = 4455.36 over 578 frames.
20030010_661 کر سفیدے کیلئے بچھڑ بہو مرتبہ کا رنگ دبائے 
LOG (lattice-best-path[5.5.907~1-cbed4]:main():lattice-best-path.cc:99) For utterance 20030010_662, best cost 124.805 + 4347.08 = 4471.89 over 575 frames.
20030010_662 برتن جوکھوں کی اڑایا چلے بسیار و کی تصویریں بکھرے 
LOG (lattice-best-path[5.5.907~1-cbed4]:main():lattice-best-path.cc:99) For utterance 20030010_663, best cost 140.304 + 4995.4 = 5135.71 over 656 frames.
20030010_663 کی ڈوریں درج ہے مقروض سسرال کی تو کیلئے کی تنقیص موضوع ہوئی 
LOG (lattice-best-path[5.5.907~1-cbed4]:main():lattice-best-path.cc:99) For utterance 20030010_664, best cost 161.308 + 6005.92 = 6167.23 over 790 frames.
20030010_664 پر آسیہ کے کے ریاض مطالعہ قضیے تنزلی کو تو کھچی کیونکہ ٹیلیفون گے 
LOG (lattice-best-path[5.5.907~1-cbed4]:main():lattice-best-path.cc:99) For utterance 20030010_665, best cost 112.705 + 4225.03 = 4337.73 over 569 frames.
20030010_665 فیصلے ازالہ کی سے سے کر چینی تو اس بغیر ہوا 
LOG (lattice-best-path[5.5.907~1-cbed4]:main():lattice-best-path.cc:99) For utterance 20030010_666, best cost 116.448 + 3819.3 = 3935.75 over 505 frames.
20030010_666 دوررس رویا پر جنم بڑا تقدس بغیر سندھو یہ 
LOG (lattice-best-path[5.5.907~1-cbed4]:main():lattice-best-path.cc:99) For utterance 20030010_667, best cost 130.639 + 5280.67 = 5411.3 over 731 frames.
20030010_667 کی ڈیلیوری کے در سے چمچے دھو سے کی مجیب بوسن ہوئے 
LOG (lattice-best-path[5.5.907~1-cbed4]:main():lattice-best-path.cc:99) For utterance 20030010_668, best cost 150.772 + 5575.89 = 5726.66 over 739 frames.
20030010_668 ساجد لولی کے کرنے والے جھنڈے کا اصلاحات یا رویے سے جاوید لایا 
LOG (lattice-best-path[5.5.907~1-cbed4]:main():lattice-best-path.cc:99) For utterance 20030010_669, best cost 105.384 + 4247.89 = 4353.27 over 557 frames.
20030010_669 کو غزلوں ساریو میوزک یہ عزت مورخین کیا 
LOG (lattice-best-path[5.5.907~1-cbed4]:main():lattice-best-path.cc:99) For utterance 20030010_670, best cost 110.213 + 4961.77 = 5071.98 over 653 frames.
20030010_670 سموسے تابش رہے کے ضرورت کہو دیتا کرو 
LOG (lattice-best-path[5.5.907~1-cbed4]:main():lattice-best-path.cc:99) For utterance 20030010_671, best cost 162.462 + 5386.26 = 5548.72 over 712 frames.
20030010_671 خوشی سے پہلے سوسائٹی بویا نے کہا اثرورسوخ کو کے سکورز چھولے میں دو کے جاؤ 
LOG (lattice-best-path[5.5.907~1-cbed4]:main():lattice-best-path.cc:99) For utterance 20030010_672, best cost 146.426 + 4539.92 = 4686.35 over 626 frames.
20030010_672 کیجیے معدے ایشوز چلائی دو فقدان بسر اور سے درجے کا بَلّا ہے 
LOG (lattice-best-path[5.5.907~1-cbed4]:main():lattice-best-path.cc:99) For utterance 20030010_673, best cost 127.168 + 4524.3 = 4651.47 over 621 frames.
20030010_673 کرائی کے جانے وعدے ہوئی جو سنگھاسن کے ڈیل برقرار 
LOG (lattice-best-path[5.5.907~1-cbed4]:main():lattice-best-path.cc:99) For utterance 20030010_674, best cost 135.415 + 5675.54 = 5810.96 over 777 frames.
20030010_674 مشورہ بلونگڑے بردار پرچم گردوغبار کیں خوارزمی کی کوشش کی 
LOG (lattice-best-path[5.5.907~1-cbed4]:main():lattice-best-path.cc:99) For utterance 20030010_675, best cost 134.995 + 5062.13 = 5197.13 over 686 frames.
20030010_675 ساجد روئی کے رویے پر سوچے کرتا سوختہ براوو اڑائیں 
LOG (lattice-best-path[5.5.907~1-cbed4]:main():lattice-best-path.cc:99) For utterance 20030010_676, best cost 120.923 + 4408.93 = 4529.85 over 587 frames.
20030010_676 پتھری رہائشی سسٹم نتیجے رضوان انگلش جبری پر بات کی 
LOG (lattice-best-path[5.5.907~1-cbed4]:main():lattice-best-path.cc:99) For utterance 20030010_677, best cost 194.857 + 5793.92 = 5988.77 over 788 frames.
20030010_677 مرزا ملیہ کی اسی بوئنگ مگر بعدازاں موضوع بوڑھی کو قوانین کی حیرت سبب بغیر کیا 
LOG (lattice-best-path[5.5.907~1-cbed4]:main():lattice-best-path.cc:99) For utterance 20030010_678, best cost 193.477 + 8598.25 = 8791.73 over 1203 frames.
20030010_678 سے سروس بہت بری سے کا زوال اور بچھڑا نے کے لیے خالد سوچے ویسے مشعر کے کے کریں 
LOG (lattice-best-path[5.5.907~1-cbed4]:main():lattice-best-path.cc:99) For utterance 20030010_679, best cost 106.756 + 3081.7 = 3188.46 over 411 frames.
20030010_679 کوئی اور کے کی بچی لگا سلسلے کیسز اوجھڑی 
LOG (lattice-best-path[5.5.907~1-cbed4]:main():lattice-best-path.cc:99) For utterance 20030010_680, best cost 140.46 + 4944.22 = 5084.68 over 662 frames.
20030010_680 کوئی ترجمان کنٹرول بیٹھا تو پروگرام اس میں میں کھڑا اور جاتا ہے 
LOG (lattice-best-path[5.5.907~1-cbed4]:main():lattice-best-path.cc:99) For utterance 20030010_681, best cost 156.833 + 5564.57 = 5721.4 over 755 frames.
20030010_681 گرج شمسی شعلوں کو مفید آرزوئیں کو گلوبل بچی بدھا پرسوز یا 
LOG (lattice-best-path[5.5.907~1-cbed4]:main():lattice-best-path.cc:99) For utterance 20030010_682, best cost 167.854 + 5762.44 = 5930.29 over 794 frames.
20030010_682 میں کی وجوہات کی لوٹ پر اجڑے تنازع اجاگر بروز کے جو ہو معلوم کیے 
LOG (lattice-best-path[5.5.907~1-cbed4]:main():lattice-best-path.cc:99) For utterance 20030010_683, best cost 137.425 + 4883.94 = 5021.37 over 669 frames.
20030010_683 کی سے موچی جور اوقات سڑنے میں میں حدیث کے کی سینیٹ کرے 
LOG (lattice-best-path[5.5.907~1-cbed4]:main():lattice-best-path.cc:99) For utterance 20030010_684, best cost 110.48 + 4919.93 = 5030.41 over 673 frames.
20030010_684 میری سوگوار ایگزیکٹو میں میں رویا کی رکھتا کریں 
LOG (lattice-best-path[5.5.907~1-cbed4]:main():lattice-best-path.cc:99) For utterance 20030010_685, best cost 121.77 + 3825.94 = 3947.71 over 522 frames.
20030010_685 فوجوں سموسے کی پنجرے بخشے سرکا حوض لنگر جو 
LOG (lattice-best-path[5.5.907~1-cbed4]:main():lattice-best-path.cc:99) For utterance 20030010_686, best cost 132.038 + 4975.87 = 5107.9 over 671 frames.
20030010_686 خفگی کے ضخیم کی ٹشو سے دنیاوی میں سے ٹشو چاقو جو 
LOG (lattice-best-path[5.5.907~1-cbed4]:main():lattice-best-path.cc:99) For utterance 20030010_687, best cost 175.777 + 6640.66 = 6816.44 over 885 frames.
20030010_687 ساٹھویں سے بدسلوکی ساجد قومی دو کا اپنا سے چیخنے آکر درجوں موجود کرائی 
LOG (lattice-best-path[5.5.907~1-cbed4]:main():lattice-best-path.cc:99) For utterance 20030010_688, best cost 207.192 + 7801.49 = 8008.68 over 1064 frames.
20030010_688 کر کی گھول کی چادر ہچکچاہٹ احسن جوڑیاں مزارعوں اور ڈیجیٹل ویمن ایہام کے پرخچے داخل جاؤ 
LOG (lattice-best-path[5.5.907~1-cbed4]:main():lattice-best-path.cc:99) For utterance 20030010_689, best cost 166.06 + 4718.81 = 4884.87 over 625 frames.
20030010_689 دوجے تنگ بھیجا ذخیرہ جا جنگجو کو بنایا سوچا فصلیں گوجر ترچھا ہے 
LOG (lattice-best-path[5.5.907~1-cbed4]:main():lattice-best-path.cc:99) For utterance 20030010_690, best cost 94.8995 + 2932.9 = 3027.79 over 384 frames.
20030010_690 کی گمشدہ بہائیں ٹشو نے کچھوا نہیں جاتا ہے 
LOG (lattice-best-path[5.5.907~1-cbed4]:main():lattice-best-path.cc:99) For utterance 20030010_691, best cost 153.725 + 5328.8 = 5482.53 over 712 frames.
20030010_691 کسی کی دلجوئی کیا مجرم رویا روہی سے مذاکرات معائنہ میں ٹھونس دیئے 
LOG (lattice-best-path[5.5.907~1-cbed4]:main():lattice-best-path.cc:99) For utterance 20030010_692, best cost 150.041 + 5198.82 = 5348.86 over 703 frames.
20030010_692 بخود نظام نے کہا کے ویسے موسم بڑے سرکاری کے بعد سیکھا بلگرامی 
LOG (lattice-best-path[5.5.907~1-cbed4]:main():lattice-best-path.cc:99) For utterance 20030010_693, best cost 125.165 + 3665.52 = 3790.68 over 493 frames.
20030010_693 میں رہا کے جوئیہ سے کہا کے مقرر گنا کرائے مدعو 
LOG (lattice-best-path[5.5.907~1-cbed4]:main():lattice-best-path.cc:99) For utterance 20030010_694, best cost 166.506 + 6326.13 = 6492.63 over 853 frames.
20030010_694 اہلکار کو ورزش سایہ قضہ کو درجے اویسی کی کا کو کو بندوق بنائی ہیں 
LOG (lattice-best-path[5.5.907~1-cbed4]:main():lattice-best-path.cc:99) For utterance 20030010_695, best cost 132.473 + 4405.34 = 4537.81 over 596 frames.
20030010_695 کھچی جا نتیجے جانے کو کروڑوں پرچیاں دہرانے میں گھول جائے 
LOG (lattice-best-path[5.5.907~1-cbed4]:main():lattice-best-path.cc:99) For utterance 20030010_696, best cost 136.603 + 4523.51 = 4660.12 over 612 frames.
20030010_696 کر شواہد کرنے سے کو مصور مصور بنانے کیلئے افسران کیا جگہ 
LOG (lattice-best-path[5.5.907~1-cbed4]:main():lattice-best-path.cc:99) For utterance 20030010_697, best cost 90.965 + 3422.88 = 3513.84 over 465 frames.
20030010_697 قدوقامت سے سوویت اخوندزادہ نے کر کا ہو گیا 
LOG (lattice-best-path[5.5.907~1-cbed4]:main():lattice-best-path.cc:99) For utterance 20030010_698, best cost 117.141 + 3445.66 = 3562.8 over 474 frames.
20030010_698 برابر امداد ویزے شب باغبانی روزگار جائزہ لینے لگا 
LOG (lattice-best-path[5.5.907~1-cbed4]:main():lattice-best-path.cc:99) For utterance 20030010_699, best cost 168.175 + 4378.38 = 4546.56 over 587 frames.
20030010_699 نجات کرفیو ضعف کا کی چھری میں بردار کے کیا نیم دیر مجید مقصود جو 
LOG (lattice-best-path[5.5.907~1-cbed4]:main():lattice-best-path.cc:99) For utterance 20030010_700, best cost 139.622 + 4231.09 = 4370.72 over 561 frames.
20030010_700 گو سقوط کی جتنی میں تغافل کی سوجھی چھڑا کر مصور سے رکھو 
LOG (lattice-best-path[5.5.907~1-cbed4]:main():lattice-best-path.cc:99) For utterance 20030010_701, best cost 161.451 + 5936.84 = 6098.29 over 808 frames.
20030010_701 حضور منوا ملوث رنجیدہ مذہبی سے ہیڈکوارٹر ہوسٹس غدودوں گذر جایا ہیں 
LOG (lattice-best-path[5.5.907~1-cbed4]:main():lattice-best-path.cc:99) For utterance 20030010_702, best cost 125.364 + 4495.4 = 4620.76 over 608 frames.
20030010_702 کے فیصلہ قوت کی دودھ میں کرے کو شاخسانہ کے بعد شو 
LOG (lattice-best-path[5.5.907~1-cbed4]:main():lattice-best-path.cc:99) For utterance 20030010_703, best cost 112.693 + 4735.36 = 4848.05 over 647 frames.
20030010_703 کے پاس ایکویٹی کی کے ٹیبلو کاروبار ظاہر اوکھا ہے 
LOG (lattice-best-path[5.5.907~1-cbed4]:main():lattice-best-path.cc:99) For utterance 20030010_704, best cost 136.247 + 5615.82 = 5752.07 over 766 frames.
20030010_704 کا کلیرنس اشرف ڈائینوسارز دریاؤں کے انظباتی پھیلا کا پراسیس ہے 
LOG (lattice-best-path[5.5.907~1-cbed4]:main():lattice-best-path.cc:99) For utterance 20030010_705, best cost 130.684 + 4301.81 = 4432.5 over 578 frames.
20030010_705 بااثر قدم اڑتالیس کی جاتا لاگت آٹھ سمجھو سنبھل گئی 
LOG (lattice-best-path[5.5.907~1-cbed4]:main():lattice-best-path.cc:99) For utterance 20030010_706, best cost 112.8 + 4686.49 = 4799.29 over 627 frames.
20030010_706 معجزے کیفی سے کارکردگی اعتماد مووی جو 
LOG (lattice-best-path[5.5.907~1-cbed4]:main():lattice-best-path.cc:99) For utterance 20030010_707, best cost 103.976 + 3334.64 = 3438.62 over 449 frames.
20030010_707 ماضی دوبارہ دیتا ریونیو کی گناہ میں نہ کریں 
LOG (lattice-scale[5.5.907~1-cbed4]:main():lattice-scale.cc:107) Done 108 lattices.
LOG (lattice-best-path[5.5.907~1-cbed4]:main():lattice-best-path.cc:99) For utterance 20030010_708, best cost 158.837 + 4057.57 = 4216.41 over 548 frames.
20030010_708 جان چھیڑنے سے تلے نبی نے مجیب اجرا رسیدہ طریقہ اور مشق سمجھانے 
LOG (lattice-add-penalty[5.5.907~1-cbed4]:main():lattice-add-penalty.cc:62) Done adding word insertion penalty to 108 lattices.
LOG (lattice-best-path[5.5.907~1-cbed4]:main():lattice-best-path.cc:124) Overall cost per frame is 7.68302 = 0.204818 [graph] + 7.4782 [acoustic] over 76636 frames.
LOG (lattice-best-path[5.5.907~1-cbed4]:main():lattice-best-path.cc:128) Done 108 lattices, failed for 0
# Accounting: time=5 threads=1
# Ended (code 0) at Wed Apr 21 07:13:34 PKT 2021, elapsed time 5 seconds
