# lattice-scale --inv-acoustic-scale=17 "ark:gunzip -c exp/tri4/decode.si/lat.*.gz|" ark:- | lattice-add-penalty --word-ins-penalty=1.0 ark:- ark:- | lattice-best-path --word-symbol-table=exp/tri4/graph/words.txt ark:- ark,t:- | utils/int2sym.pl -f 2- exp/tri4/graph/words.txt | cat > exp/tri4/decode.si/scoring_kaldi/penalty_1.0/17.txt 
# Started at Thu Apr 22 12:23:33 PKT 2021
#
lattice-best-path --word-symbol-table=exp/tri4/graph/words.txt ark:- ark,t:- 
lattice-scale --inv-acoustic-scale=17 'ark:gunzip -c exp/tri4/decode.si/lat.*.gz|' ark:- 
lattice-add-penalty --word-ins-penalty=1.0 ark:- ark:- 
LOG (lattice-best-path[5.5.907~1-cbed4]:main():lattice-best-path.cc:99) For utterance 20030004_601, best cost 82.5442 + 2665.28 = 2747.83 over 804 frames.
20030004_601 قدآدم جیلانی شنید ریلیف بائیولوجیکل ہو گئی 
LOG (lattice-best-path[5.5.907~1-cbed4]:main():lattice-best-path.cc:99) For utterance 20030004_602, best cost 117.294 + 3359.33 = 3476.62 over 1000 frames.
20030004_602 بروکلی لائبریری کے ریڈیو بخشی پرچیاں کے اور ڈیجیٹل سازگار 
LOG (lattice-best-path[5.5.907~1-cbed4]:main():lattice-best-path.cc:99) For utterance 20030004_603, best cost 93.5937 + 2547.62 = 2641.22 over 782 frames.
20030004_603 شمشاد گردیزی برسراقتدار کارکردگی بےقصور کلچر کیا 
LOG (lattice-best-path[5.5.907~1-cbed4]:main():lattice-best-path.cc:99) For utterance 20030004_604, best cost 67.7048 + 2072.86 = 2140.57 over 638 frames.
20030004_604 جیلانی دراوڑی پرسوز چنگیزی دیکھیں 
LOG (lattice-best-path[5.5.907~1-cbed4]:main():lattice-best-path.cc:99) For utterance 20030004_605, best cost 45.0195 + 1673.69 = 1718.71 over 506 frames.
20030004_605 سوشل پیشنگوئی کرتا ہے 
LOG (lattice-best-path[5.5.907~1-cbed4]:main():lattice-best-path.cc:99) For utterance 20030004_606, best cost 62.5508 + 1847.18 = 1909.73 over 554 frames.
20030004_606 لیبارٹری پروگریسیو جلدازجلد گزیر تھا 
LOG (lattice-best-path[5.5.907~1-cbed4]:main():lattice-best-path.cc:99) For utterance 20030004_607, best cost 51.5693 + 1408.39 = 1459.96 over 428 frames.
20030004_607 تحصیلدار کی زرقاوی آرزوئیں 
LOG (lattice-best-path[5.5.907~1-cbed4]:main():lattice-best-path.cc:99) For utterance 20030004_608, best cost 58.8813 + 1926.54 = 1985.42 over 578 frames.
20030004_608 تبدیل پرتعیش پنجابی دلجوئی 
LOG (lattice-best-path[5.5.907~1-cbed4]:main():lattice-best-path.cc:99) For utterance 20030004_609, best cost 91.2503 + 2495.93 = 2587.18 over 746 frames.
20030004_609 پیشنگوئی لالچی رسولی بائیولوجیکل تجوریاں تجزیہ کیا 
LOG (lattice-best-path[5.5.907~1-cbed4]:main():lattice-best-path.cc:99) For utterance 20030004_610, best cost 81.9874 + 2369.64 = 2451.62 over 740 frames.
20030004_610 پراسیس شیرخوار دیکھی پلنٹی چلچلاتی کے ساتھ ہیں 
LOG (lattice-best-path[5.5.907~1-cbed4]:main():lattice-best-path.cc:99) For utterance 20030004_611, best cost 70.7771 + 2230.65 = 2301.42 over 699 frames.
20030004_611 سے افسوس دریچے کے دوران کی وجہ سے 
LOG (lattice-best-path[5.5.907~1-cbed4]:main():lattice-best-path.cc:99) For utterance 20030004_612, best cost 81.254 + 2408.08 = 2489.33 over 740 frames.
20030004_612 تبدیل سے لاہوریات شفاعت اور کے چراغاں ہیں 
LOG (lattice-best-path[5.5.907~1-cbed4]:main():lattice-best-path.cc:99) For utterance 20030004_613, best cost 65.385 + 1719.9 = 1785.29 over 534 frames.
20030004_613 فلم فولاد کو ذوالجلال شیرخوار 
LOG (lattice-best-path[5.5.907~1-cbed4]:main():lattice-best-path.cc:99) For utterance 20030004_614, best cost 70.1222 + 1820.31 = 1890.43 over 547 frames.
20030004_614 بندوق ٹیکنیشنز چلچلاتی اثاثوں جذبات کیا 
LOG (lattice-best-path[5.5.907~1-cbed4]:main():lattice-best-path.cc:99) For utterance 20030004_615, best cost 110.635 + 3053.93 = 3164.56 over 941 frames.
20030004_615 پراٹھا شہزادی چمچہ سومرو سے جنوبی کاؤنٹی دلجوئی کوآرڈینیٹر 
LOG (lattice-best-path[5.5.907~1-cbed4]:main():lattice-best-path.cc:99) For utterance 20030004_616, best cost 117.452 + 2861.28 = 2978.73 over 890 frames.
20030004_616 ترجمان اور میڈیسن اور نیلوفر روضہ استحصالی برسراقتدار خدانخواستہ کیا 
LOG (lattice-best-path[5.5.907~1-cbed4]:main():lattice-best-path.cc:99) For utterance 20030004_617, best cost 72.7974 + 1802.48 = 1875.27 over 569 frames.
20030004_617 کمپیوٹرائزڈ دلجوئی ہوے کارخیر سیاسی ہیں 
LOG (lattice-best-path[5.5.907~1-cbed4]:main():lattice-best-path.cc:99) For utterance 20030004_618, best cost 96.2278 + 2529.23 = 2625.46 over 792 frames.
20030004_618 کمپیرنگ سے روشناس میچور اقتصادی بلدیاتی جنگجویانہ ہیں 
LOG (lattice-best-path[5.5.907~1-cbed4]:main():lattice-best-path.cc:99) For utterance 20030004_619, best cost 57.0952 + 1659.51 = 1716.6 over 524 frames.
20030004_619 تیزی شیعہ حمایت دلجوئی کریں 
LOG (lattice-best-path[5.5.907~1-cbed4]:main():lattice-best-path.cc:99) For utterance 20030004_620, best cost 89.378 + 2230.05 = 2319.43 over 688 frames.
20030004_620 جیومیٹری اور مصروفیات کے منور گوشوں کی کیا ہیں 
LOG (lattice-best-path[5.5.907~1-cbed4]:main():lattice-best-path.cc:99) For utterance 20030004_621, best cost 105.448 + 2520.75 = 2626.2 over 757 frames.
20030004_621 گوجر کے ساتھ بےقصور جکھرانی زیور سوچا کی وزیر دیکھیں 
LOG (lattice-best-path[5.5.907~1-cbed4]:main():lattice-best-path.cc:99) For utterance 20030004_622, best cost 69.9891 + 2066.34 = 2136.33 over 634 frames.
20030004_622 اور چیتھڑے ٹریبیونل ازسرنو ریزروز ہے 
LOG (lattice-best-path[5.5.907~1-cbed4]:main():lattice-best-path.cc:99) For utterance 20030004_623, best cost 47.4009 + 1623.58 = 1670.98 over 510 frames.
20030004_623 پیروکار خصوصا پرچھائیاں 
LOG (lattice-best-path[5.5.907~1-cbed4]:main():lattice-best-path.cc:99) For utterance 20030004_624, best cost 96.2241 + 2538.83 = 2635.06 over 768 frames.
20030004_624 تسلسل ایجنسی غوروخوض روزافزوں پروفیشنل کے بشمول تھا 
LOG (lattice-best-path[5.5.907~1-cbed4]:main():lattice-best-path.cc:99) For utterance 20030004_625, best cost 79.015 + 2228.46 = 2307.47 over 717 frames.
20030004_625 غیرضروری استفادے کیلئے پریذیڈنٹ کے واقعے ہو گیا 
LOG (lattice-best-path[5.5.907~1-cbed4]:main():lattice-best-path.cc:99) For utterance 20030004_626, best cost 58.5621 + 1479 = 1537.56 over 463 frames.
20030004_626 ٹیکنالوجی حریت دودھیل بازیچہ 
LOG (lattice-best-path[5.5.907~1-cbed4]:main():lattice-best-path.cc:99) For utterance 20030004_627, best cost 72.3933 + 1972.66 = 2045.05 over 610 frames.
20030004_627 ٹرانسپیرنسی انوکھے آمیزش پروفائل کامیاب 
LOG (lattice-best-path[5.5.907~1-cbed4]:main():lattice-best-path.cc:99) For utterance 20030004_628, best cost 78.2076 + 2230.1 = 2308.31 over 710 frames.
20030004_628 قدرتی کرنے والے کیلئے خلجی دھجیاں ہو گئی 
LOG (lattice-best-path[5.5.907~1-cbed4]:main():lattice-best-path.cc:99) For utterance 20030004_629, best cost 76.2838 + 2405.37 = 2481.65 over 773 frames.
20030004_629 فیڈریشنز فراخدلی کے توجہ کی واضح کریں 
LOG (lattice-best-path[5.5.907~1-cbed4]:main():lattice-best-path.cc:99) For utterance 20030004_630, best cost 60.2476 + 2104.05 = 2164.3 over 661 frames.
20030004_630 پر نظرثانی بیچارے تسلسل کیا 
LOG (lattice-best-path[5.5.907~1-cbed4]:main():lattice-best-path.cc:99) For utterance 20030004_631, best cost 105.389 + 2761.58 = 2866.97 over 905 frames.
20030004_631 سیل سیکورٹی ویجی وفاقی طرزفکر سیسے مرجھا دیکھیں 
LOG (lattice-best-path[5.5.907~1-cbed4]:main():lattice-best-path.cc:99) For utterance 20030004_632, best cost 99.4758 + 2698.8 = 2798.28 over 874 frames.
20030004_632 وزیرداخلہ کے لیے کے باوجود کوڑیاں مجموعہ کروموسوم کی سویٹر 
LOG (lattice-best-path[5.5.907~1-cbed4]:main():lattice-best-path.cc:99) For utterance 20030004_633, best cost 84.7346 + 2631.6 = 2716.33 over 822 frames.
20030004_633 غیرقانونی کلیدی کوفی سکورز سیسے کی سے 
LOG (lattice-best-path[5.5.907~1-cbed4]:main():lattice-best-path.cc:99) For utterance 20030004_634, best cost 69.9551 + 2107.22 = 2177.17 over 680 frames.
20030004_634 فلیش کنسورشیم بیساکھی بودلہ کے کرتے ہیں 
LOG (lattice-best-path[5.5.907~1-cbed4]:main():lattice-best-path.cc:99) For utterance 20030004_635, best cost 63.14 + 2158.85 = 2221.99 over 684 frames.
20030004_635 اور سیروسیاحت کولیسٹرول اپنے عزیزواقارب 
LOG (lattice-best-path[5.5.907~1-cbed4]:main():lattice-best-path.cc:99) For utterance 20030004_636, best cost 67.5274 + 2093.41 = 2160.93 over 677 frames.
20030004_636 پروفیشنل جوڈیشل اضافہ کو مغفور 
LOG (lattice-best-path[5.5.907~1-cbed4]:main():lattice-best-path.cc:99) For utterance 20030004_637, best cost 61.8041 + 2004.65 = 2066.45 over 652 frames.
20030004_637 بخاری سماوی بدچلنی اسمبلی 
LOG (lattice-best-path[5.5.907~1-cbed4]:main():lattice-best-path.cc:99) For utterance 20030004_638, best cost 90.3547 + 2317 = 2407.35 over 709 frames.
20030004_638 کچوکے کی شیروانی پرسوز اور کی کوارڈینیٹر آکسیجن 
LOG (lattice-best-path[5.5.907~1-cbed4]:main():lattice-best-path.cc:99) For utterance 20030004_639, best cost 101.308 + 2422.67 = 2523.98 over 768 frames.
20030004_639 کیفے برطرفی کرکے سے چیزیں طاغوتی گلدستہ سیروسیاحت 
LOG (lattice-best-path[5.5.907~1-cbed4]:main():lattice-best-path.cc:99) For utterance 20030004_640, best cost 101.726 + 2445.82 = 2547.55 over 768 frames.
20030004_640 چونتیس لائبریری آتشزدگی سے اور سے شواہد چوری خوفزدہ 
LOG (lattice-best-path[5.5.907~1-cbed4]:main():lattice-best-path.cc:99) For utterance 20030004_641, best cost 65.0649 + 1861.87 = 1926.93 over 601 frames.
20030004_641 اور کارپوریشن فوقیت وزیرداخلہ سے کی 
LOG (lattice-best-path[5.5.907~1-cbed4]:main():lattice-best-path.cc:99) For utterance 20030004_642, best cost 74.3362 + 1841.71 = 1916.05 over 588 frames.
20030004_642 پہنچتے سیدھے گردش سے دوسری اور کی 
LOG (lattice-best-path[5.5.907~1-cbed4]:main():lattice-best-path.cc:99) For utterance 20030004_643, best cost 59.46 + 2003.89 = 2063.34 over 626 frames.
20030004_643 پاسداری غزلیات اور آزادی کریں 
LOG (lattice-best-path[5.5.907~1-cbed4]:main():lattice-best-path.cc:99) For utterance 20030004_644, best cost 105.123 + 2388.93 = 2494.06 over 753 frames.
20030004_644 کے چھہتر شعروادب وزراء باورچی کیسی بار سے کرتا ہے 
LOG (lattice-best-path[5.5.907~1-cbed4]:main():lattice-best-path.cc:99) For utterance 20030004_645, best cost 78.1715 + 2184.22 = 2262.39 over 687 frames.
20030004_645 گردیزی نوزل تذبذب سرگرمیوں پاسداری ہیں 
LOG (lattice-best-path[5.5.907~1-cbed4]:main():lattice-best-path.cc:99) For utterance 20030004_646, best cost 80.904 + 2114.39 = 2195.29 over 664 frames.
20030004_646 صوفیہ خودسوزی کوریوگرافر کیا نگرانی بڑھائے کریں 
LOG (lattice-best-path[5.5.907~1-cbed4]:main():lattice-best-path.cc:99) For utterance 20030004_647, best cost 50.607 + 1393.91 = 1444.51 over 439 frames.
20030004_647 قونصلیٹ ٹرانزیکشن جڑواں ہیں 
LOG (lattice-best-path[5.5.907~1-cbed4]:main():lattice-best-path.cc:99) For utterance 20030004_648, best cost 65.7646 + 1665.45 = 1731.22 over 531 frames.
20030004_648 نے دودھیا پچاس تناول تیزرفتار 
LOG (lattice-best-path[5.5.907~1-cbed4]:main():lattice-best-path.cc:99) For utterance 20030004_649, best cost 51.7923 + 1844.34 = 1896.13 over 582 frames.
20030004_649 پونے سلفیٹ علاقائی کریں 
LOG (lattice-best-path[5.5.907~1-cbed4]:main():lattice-best-path.cc:99) For utterance 20030004_650, best cost 83.2747 + 2218.88 = 2302.16 over 690 frames.
20030004_650 درجے پالیسیوں قونصلیٹ الہیات ٹریژری صاحب 
LOG (lattice-best-path[5.5.907~1-cbed4]:main():lattice-best-path.cc:99) For utterance 20030004_651, best cost 81.7836 + 2099.9 = 2181.68 over 679 frames.
20030004_651 اور رپورٹ بیچوں سیکورٹی کمپیوٹرائزڈ گیسو کی 
LOG (lattice-best-path[5.5.907~1-cbed4]:main():lattice-best-path.cc:99) For utterance 20030004_652, best cost 103.152 + 2475.8 = 2578.95 over 801 frames.
20030004_652 پرویا ڈیجیٹل میں کوئی اور کیولری کمیونٹی صورت اونچی 
LOG (lattice-best-path[5.5.907~1-cbed4]:main():lattice-best-path.cc:99) For utterance 20030004_653, best cost 77.7252 + 2192.86 = 2270.59 over 694 frames.
20030004_653 کے گردیزی سینٹر سے کیجیے کر کوسوں 
LOG (lattice-best-path[5.5.907~1-cbed4]:main():lattice-best-path.cc:99) For utterance 20030004_654, best cost 81.1519 + 2239.91 = 2321.06 over 694 frames.
20030004_654 کیا نے شخصیت ہومیوپیتھی اور سے باغیچہ دیں 
LOG (lattice-best-path[5.5.907~1-cbed4]:main():lattice-best-path.cc:99) For utterance 20030004_655, best cost 74.4092 + 1535.03 = 1609.44 over 493 frames.
20030004_655 بھیانک چڑچڑے بوریت بدچلنی کریش ہیں 
LOG (lattice-best-path[5.5.907~1-cbed4]:main():lattice-best-path.cc:99) For utterance 20030004_656, best cost 81.6023 + 2321.93 = 2403.53 over 744 frames.
20030004_656 بیساکھی تیروں پریذیڈنٹ حوصلہ چرانے سے ہیں 
LOG (lattice-best-path[5.5.907~1-cbed4]:main():lattice-best-path.cc:99) For utterance 20030004_657, best cost 52.4651 + 1710.16 = 1762.63 over 545 frames.
20030004_657 کانفرنس اعتراف تیسر کریں 
LOG (lattice-best-path[5.5.907~1-cbed4]:main():lattice-best-path.cc:99) For utterance 20030004_658, best cost 58.8044 + 1638.72 = 1697.53 over 505 frames.
20030004_658 غیرقانونی لاہوری دیسی باآسانی 
LOG (lattice-best-path[5.5.907~1-cbed4]:main():lattice-best-path.cc:99) For utterance 20030004_659, best cost 95.2519 + 2515.65 = 2610.9 over 796 frames.
20030004_659 ڈیمو کھینچیں اور ڈیویلپر کو زیورات بویا حسیں 
LOG (lattice-best-path[5.5.907~1-cbed4]:main():lattice-best-path.cc:99) For utterance 20030004_660, best cost 50.0153 + 1319.76 = 1369.77 over 406 frames.
20030004_660 اور ایگزامینر آہستہ میرزا 
LOG (lattice-best-path[5.5.907~1-cbed4]:main():lattice-best-path.cc:99) For utterance 20030004_661, best cost 56.6538 + 1617.51 = 1674.16 over 513 frames.
20030004_661 تصفیے چقندر کا باخبر ہیں 
LOG (lattice-best-path[5.5.907~1-cbed4]:main():lattice-best-path.cc:99) For utterance 20030004_662, best cost 57.4219 + 1774.65 = 1832.07 over 549 frames.
20030004_662 تجوریاں سیاسی سیاسی کشمیری 
LOG (lattice-best-path[5.5.907~1-cbed4]:main():lattice-best-path.cc:99) For utterance 20030004_663, best cost 68.2335 + 2105.25 = 2173.48 over 658 frames.
20030004_663 کی ازسرنو کیا ساتھی دبیز ہو گئی 
LOG (lattice-best-path[5.5.907~1-cbed4]:main():lattice-best-path.cc:99) For utterance 20030004_664, best cost 83.3976 + 2384.55 = 2467.95 over 744 frames.
20030004_664 پراسیس میڈیا گھوڑے غزوہ کلیجی کرتے ہوئے 
LOG (lattice-best-path[5.5.907~1-cbed4]:main():lattice-best-path.cc:99) For utterance 20030004_665, best cost 63.4507 + 1864.38 = 1927.83 over 587 frames.
20030004_665 قیصر ساتویں سنچری کو کچوکے اور 
LOG (lattice-best-path[5.5.907~1-cbed4]:main():lattice-best-path.cc:99) For utterance 20030004_666, best cost 46.487 + 1575.54 = 1622.02 over 480 frames.
20030004_666 وزیرداخلہ بعدازاں غیرضروری 
LOG (lattice-best-path[5.5.907~1-cbed4]:main():lattice-best-path.cc:99) For utterance 20030004_667, best cost 57.5711 + 1748.58 = 1806.15 over 558 frames.
20030004_667 ٹھیکیدار سے چنگیزی ویڈیوز میں 
LOG (lattice-best-path[5.5.907~1-cbed4]:main():lattice-best-path.cc:99) For utterance 20030004_668, best cost 83.6285 + 2415.48 = 2499.11 over 777 frames.
20030004_668 ساتھیو کے لیے ہومیوپیتھک پرچھائیاں کے سے جانے کیا 
LOG (lattice-best-path[5.5.907~1-cbed4]:main():lattice-best-path.cc:99) For utterance 20030004_669, best cost 56.2221 + 1679.85 = 1736.07 over 543 frames.
20030004_669 اور بظاہر ویزے مضروب کیا 
LOG (lattice-best-path[5.5.907~1-cbed4]:main():lattice-best-path.cc:99) For utterance 20030004_670, best cost 57.1435 + 1605.98 = 1663.12 over 512 frames.
20030004_670 پڑوسی کارپوریشن میں خسرو کریں 
LOG (lattice-best-path[5.5.907~1-cbed4]:main():lattice-best-path.cc:99) For utterance 20030004_671, best cost 99.1625 + 2714.93 = 2814.09 over 872 frames.
20030004_671 قریشی سے سوسائٹی بسوں خودسوزی سوزوکی بلوچی جاؤ 
LOG (lattice-best-path[5.5.907~1-cbed4]:main():lattice-best-path.cc:99) For utterance 20030004_672, best cost 59.9489 + 2087.26 = 2147.21 over 652 frames.
20030004_672 فیڈریشنز الیکڑانکس اور وزیرداخلہ ہیں 
LOG (lattice-best-path[5.5.907~1-cbed4]:main():lattice-best-path.cc:99) For utterance 20030004_673, best cost 61.0415 + 1664.08 = 1725.12 over 536 frames.
20030004_673 پڑھائی جانا تیزی نظریے کریں 
LOG (lattice-best-path[5.5.907~1-cbed4]:main():lattice-best-path.cc:99) For utterance 20030004_674, best cost 77.9068 + 2143.68 = 2221.59 over 656 frames.
20030004_674 مصوروں میں اخراجات فرمائیں پھنسی خوشیوں 
LOG (lattice-best-path[5.5.907~1-cbed4]:main():lattice-best-path.cc:99) For utterance 20030004_675, best cost 52.241 + 1578.5 = 1630.74 over 501 frames.
20030004_675 فائربریگیڈ سوچیے تعاقب اور 
LOG (lattice-best-path[5.5.907~1-cbed4]:main():lattice-best-path.cc:99) For utterance 20030004_676, best cost 75.9575 + 2072.77 = 2148.73 over 617 frames.
20030004_676 دیباچے سے سکتی چلغوزے سرفہرست کرتی ہے 
LOG (lattice-best-path[5.5.907~1-cbed4]:main():lattice-best-path.cc:99) For utterance 20030004_677, best cost 85.9972 + 2510.65 = 2596.64 over 794 frames.
20030004_677 نظریے گیدڑ بعدازاں موضوع دیوبندی ہونے سے 
LOG (lattice-best-path[5.5.907~1-cbed4]:main():lattice-best-path.cc:99) For utterance 20030004_678, best cost 91.6888 + 2725.26 = 2816.94 over 870 frames.
20030004_678 سپاسنامہ کے تاثرات سے چلائی پروگریسیو شیشے کریں 
LOG (lattice-best-path[5.5.907~1-cbed4]:main():lattice-best-path.cc:99) For utterance 20030004_679, best cost 58.3466 + 1595.72 = 1654.06 over 496 frames.
20030004_679 ہومیوپیتھی تحقیقات سمجھتے سوچیے 
LOG (lattice-best-path[5.5.907~1-cbed4]:main():lattice-best-path.cc:99) For utterance 20030004_680, best cost 80.9281 + 2356.84 = 2437.77 over 764 frames.
20030004_680 کوریوگرافر کے کولیسٹرول پیروکار سے کے بعد جاتا ہے 
LOG (lattice-best-path[5.5.907~1-cbed4]:main():lattice-best-path.cc:99) For utterance 20030004_681, best cost 94.6092 + 2129.11 = 2223.72 over 688 frames.
20030004_681 بنا تشنج دیش اومیگا عزیزواقارب پیچیدہ تاثر 
LOG (lattice-best-path[5.5.907~1-cbed4]:main():lattice-best-path.cc:99) For utterance 20030004_682, best cost 70.7698 + 2062.49 = 2133.26 over 656 frames.
20030004_682 بیورو ساتھیو کرنے کا جلوسوں کرتی ہے 
LOG (lattice-best-path[5.5.907~1-cbed4]:main():lattice-best-path.cc:99) For utterance 20030004_683, best cost 77.6295 + 1863.69 = 1941.31 over 605 frames.
20030004_683 زیراستعمال کی درآمدات بہنوئی غنی کے سے کریں 
LOG (lattice-best-path[5.5.907~1-cbed4]:main():lattice-best-path.cc:99) For utterance 20030004_684, best cost 92.0795 + 2247.21 = 2339.29 over 758 frames.
20030004_684 میری اور اور پینسٹھ کی جیولری چھیانوے گلدستہ ہیں 
LOG (lattice-best-path[5.5.907~1-cbed4]:main():lattice-best-path.cc:99) For utterance 20030004_685, best cost 78.482 + 1530.45 = 1608.93 over 489 frames.
20030004_685 جو سموسے نیچے بخشے سپاسنامہ بندوق 
LOG (lattice-best-path[5.5.907~1-cbed4]:main():lattice-best-path.cc:99) For utterance 20030004_686, best cost 67.2617 + 1759.46 = 1826.72 over 543 frames.
20030004_686 زیرانتظام کیلئے تجزیہ کے ساتھ فرسودہ 
LOG (lattice-best-path[5.5.907~1-cbed4]:main():lattice-best-path.cc:99) For utterance 20030004_687, best cost 93.4542 + 2515.79 = 2609.24 over 796 frames.
20030004_687 چوائس دلسوزی ہیروئین دوم بالواسطہ خریدوفروخت کریں 
LOG (lattice-best-path[5.5.907~1-cbed4]:main():lattice-best-path.cc:99) For utterance 20030004_688, best cost 118.686 + 2621.64 = 2740.32 over 831 frames.
20030004_688 پیچیدگیوں جلسہ کنسورشیم گزارنے گردیزی کے میراں کرکے باغیچہ ہیں 
LOG (lattice-best-path[5.5.907~1-cbed4]:main():lattice-best-path.cc:99) For utterance 20030004_689, best cost 82.4523 + 2070.53 = 2152.99 over 645 frames.
20030004_689 مجوزہ کی قدآدم جھولے خودسوزی کتابچہ ہیں 
LOG (lattice-best-path[5.5.907~1-cbed4]:main():lattice-best-path.cc:99) For utterance 20030004_690, best cost 65.8586 + 1451.46 = 1517.32 over 467 frames.
20030004_690 کی پھلیاں پرتعیش جونیجو چوالیس ہیں 
LOG (lattice-best-path[5.5.907~1-cbed4]:main():lattice-best-path.cc:99) For utterance 20030004_691, best cost 84.5962 + 2473.54 = 2558.13 over 808 frames.
20030004_691 کی سینئر جوڑیاں اور بحیثیت انسانیت بحثیں 
LOG (lattice-best-path[5.5.907~1-cbed4]:main():lattice-best-path.cc:99) For utterance 20030004_692, best cost 72.8347 + 2045.19 = 2118.03 over 657 frames.
20030004_692 بلڈوزر بغیر سے گزارنے ادائیگی کرتے ہیں 
LOG (lattice-best-path[5.5.907~1-cbed4]:main():lattice-best-path.cc:99) For utterance 20030004_693, best cost 84.6293 + 2044.32 = 2128.95 over 673 frames.
20030004_693 میڈیکل کی چوڑیاں زیورات تیزرفتار باہر مقبوضہ 
LOG (lattice-best-path[5.5.907~1-cbed4]:main():lattice-best-path.cc:99) For utterance 20030004_694, best cost 77.0266 + 1967.07 = 2044.1 over 604 frames.
20030004_694 دلبرداشتہ تساہل درجے موروثی جلدازجلد ہیں 
LOG (lattice-best-path[5.5.907~1-cbed4]:main():lattice-best-path.cc:99) For utterance 20030004_695, best cost 76.8266 + 1926.26 = 2003.09 over 606 frames.
20030004_695 بیچارے کیریو کیا رہائشی جن کالجز ہیں 
LOG (lattice-best-path[5.5.907~1-cbed4]:main():lattice-best-path.cc:99) For utterance 20030004_696, best cost 74.4665 + 1987.83 = 2062.3 over 617 frames.
20030004_696 کے چلغوزے ریزروز منصوبے ڈائیگرام کیا گیا 
LOG (lattice-best-path[5.5.907~1-cbed4]:main():lattice-best-path.cc:99) For utterance 20030004_697, best cost 58.4244 + 1554 = 1612.42 over 492 frames.
20030004_697 براوو سے سے بیسن گراموفون 
LOG (lattice-best-path[5.5.907~1-cbed4]:main():lattice-best-path.cc:99) For utterance 20030004_698, best cost 57.0894 + 1475.25 = 1532.34 over 474 frames.
20030004_698 نامزد ویزے شبہ بحیثیت ہیں 
LOG (lattice-best-path[5.5.907~1-cbed4]:main():lattice-best-path.cc:99) For utterance 20030004_699, best cost 73.1668 + 1885.66 = 1958.83 over 596 frames.
20030004_699 نتیجے خریدے بدحالی غیریقینی کنسورشیم 
LOG (lattice-best-path[5.5.907~1-cbed4]:main():lattice-best-path.cc:99) For utterance 20030004_700, best cost 68.3657 + 1714.41 = 1782.77 over 540 frames.
20030004_700 وسعتوں کی کی کانفرنسوں کی جلوسوں ہیں 
LOG (lattice-best-path[5.5.907~1-cbed4]:main():lattice-best-path.cc:99) For utterance 20030004_701, best cost 87.215 + 1947.44 = 2034.66 over 617 frames.
20030004_701 مظلام وزیر غنودگی ذوالجلال مزدوروں بازیچہ ہیں 
LOG (lattice-best-path[5.5.907~1-cbed4]:main():lattice-best-path.cc:99) For utterance 20030004_702, best cost 59.8903 + 1560.76 = 1620.65 over 513 frames.
20030004_702 غیرضروری لومڑی پریشر متنفر 
LOG (lattice-best-path[5.5.907~1-cbed4]:main():lattice-best-path.cc:99) For utterance 20030004_703, best cost 50.8606 + 1525.96 = 1576.82 over 504 frames.
20030004_703 ڈیتھ ٹریژری ہیڈکوارٹر ہیں 
LOG (lattice-best-path[5.5.907~1-cbed4]:main():lattice-best-path.cc:99) For utterance 20030004_704, best cost 90.8718 + 2302.59 = 2393.46 over 762 frames.
20030004_704 چغتائی سیکشن مٹھائیاں سرہندی چلچلاتی ٹرانسپیرنسی ہیں 
LOG (lattice-best-path[5.5.907~1-cbed4]:main():lattice-best-path.cc:99) For utterance 20030004_705, best cost 68.2975 + 1817.34 = 1885.63 over 586 frames.
20030004_705 بجاآوری نائیٹروجنی سے جارحیت پاکیزگی 
LOG (lattice-best-path[5.5.907~1-cbed4]:main():lattice-best-path.cc:99) For utterance 20030004_706, best cost 54.6806 + 1345.76 = 1400.45 over 434 frames.
20030004_706 بیساکھی بیساکھی کی بتدریج ہیں 
LOG (lattice-best-path[5.5.907~1-cbed4]:main():lattice-best-path.cc:99) For utterance 20030004_707, best cost 50.8959 + 1418.37 = 1469.26 over 479 frames.
20030004_707 ناظم راہداری بنانا کریں 
LOG (lattice-best-path[5.5.907~1-cbed4]:main():lattice-best-path.cc:99) For utterance 20030004_708, best cost 78.1018 + 1976.12 = 2054.22 over 653 frames.
20030004_708 چمچے زیرعنوان سے بچاؤ سیکورٹی بھاوج ہیں 
LOG (lattice-best-path[5.5.907~1-cbed4]:main():lattice-best-path.cc:99) For utterance 20030005_601, best cost 133.453 + 4537.1 = 4670.55 over 1496 frames.
20030005_601 مترادف پوشیدہ پیشن میں بدچلنی کلیرنگ خوگر کیونکہ گاؤں پورے 
LOG (lattice-best-path[5.5.907~1-cbed4]:main():lattice-best-path.cc:99) For utterance 20030005_602, best cost 179.547 + 6215.69 = 6395.24 over 2091 frames.
20030005_602 بالاخر کے داخلوں اور گھروں بن تفتیشی باولنگ مجاہد اور پنجرے کرنے کے شخصے کالجوں ہیں 
LOG (lattice-best-path[5.5.907~1-cbed4]:main():lattice-best-path.cc:99) For utterance 20030005_603, best cost 151.476 + 4725.52 = 4877 over 1534 frames.
20030005_603 شخص خودرو غزلیں کے باعث کے برابر اٹھاؤ تبدیلی بیچوں برتن پنجروں کیا 
LOG (lattice-best-path[5.5.907~1-cbed4]:main():lattice-best-path.cc:99) For utterance 20030005_604, best cost 119.26 + 4781.98 = 4901.24 over 1617 frames.
20030005_604 صدیقین حاشیے گائنی دریچوں کا پیش اور چاہیے تجزیہ رہیں 
LOG (lattice-best-path[5.5.907~1-cbed4]:main():lattice-best-path.cc:99) For utterance 20030005_605, best cost 87.5436 + 2380.77 = 2468.31 over 734 frames.
20030005_605 سوزش سوگوار جنریشن میں کوارڈینیٹر تخریب دیتا 
LOG (lattice-best-path[5.5.907~1-cbed4]:main():lattice-best-path.cc:99) For utterance 20030005_606, best cost 107.109 + 3287.42 = 3394.53 over 1080 frames.
20030005_606 گونگے قانونگو سے کی پنجروں کے تفویض بڑی فضل ہیں 
LOG (lattice-best-path[5.5.907~1-cbed4]:main():lattice-best-path.cc:99) For utterance 20030005_607, best cost 83.9352 + 2312.82 = 2396.75 over 747 frames.
20030005_607 تحصیلدار کی وفاؤں کی زدہ بنگالی باورچی ہیں 
LOG (lattice-best-path[5.5.907~1-cbed4]:main():lattice-best-path.cc:99) For utterance 20030005_608, best cost 106.972 + 3393.06 = 3500.03 over 1112 frames.
20030005_608 کینیڈین اور بو خورشید کاروبار سمجھائیں کی موجب پوچھیں 
LOG (lattice-best-path[5.5.907~1-cbed4]:main():lattice-best-path.cc:99) For utterance 20030005_609, best cost 143.215 + 4392.17 = 4535.39 over 1464 frames.
20030005_609 تشنج نگاور ماشے کس تو میں نہیں اور فیصلوں کے شوربہ تصحیح کیا گیا 
LOG (lattice-best-path[5.5.907~1-cbed4]:main():lattice-best-path.cc:99) For utterance 20030005_610, best cost 140.957 + 3774.03 = 3914.99 over 1188 frames.
20030005_610 نوحہ سرکاری تشہیر کا کلوننگ گھمن بڑھانے شریف کر سے اور پچاس ہے 
LOG (lattice-best-path[5.5.907~1-cbed4]:main():lattice-best-path.cc:99) For utterance 20030005_611, best cost 133.956 + 4245.58 = 4379.54 over 1425 frames.
20030005_611 خسارے میں دھینگا سوئس ترمذی ٹیبلو راہداری کی گونگے کے ساتھ چلیں 
LOG (lattice-best-path[5.5.907~1-cbed4]:main():lattice-best-path.cc:99) For utterance 20030005_612, best cost 128.663 + 3890.38 = 4019.04 over 1246 frames.
20030005_612 تبدیل افزائش سیرگاہ بوڑھا باجرہ شیفرڈ کو خواتین وجدان اور ہیں 
LOG (lattice-best-path[5.5.907~1-cbed4]:main():lattice-best-path.cc:99) For utterance 20030005_613, best cost 89.6203 + 2656.65 = 2746.27 over 836 frames.
20030005_613 پراجیکٹ بروز اور چلیں اور شیلڈیں گلدستہ کیا 
LOG (lattice-best-path[5.5.907~1-cbed4]:main():lattice-best-path.cc:99) For utterance 20030005_614, best cost 98.6517 + 2876.84 = 2975.49 over 932 frames.
20030005_614 بروز فیشن کے پہاڑوں کے ساتھ سیلز کے بغیر زندگی ہے 
LOG (lattice-best-path[5.5.907~1-cbed4]:main():lattice-best-path.cc:99) For utterance 20030005_615, best cost 126.349 + 5282.74 = 5409.09 over 1726 frames.
20030005_615 غیردانشمندانہ ایڈیشنل اور موئسچرائزنگ روزبروز کرتے ہوئے جہانگیر جوڑے اور گا 
LOG (lattice-best-path[5.5.907~1-cbed4]:main():lattice-best-path.cc:99) For utterance 20030005_616, best cost 158.59 + 4727.29 = 4885.88 over 1496 frames.
20030005_616 تاجدار اور میں سونگ اور پیشنگوئی فوجی گزشتہ گردیزی جاسوسی کے دوران فاخرہ کر آیا 
LOG (lattice-best-path[5.5.907~1-cbed4]:main():lattice-best-path.cc:99) For utterance 20030005_617, best cost 130.457 + 3622.47 = 3752.92 over 1182 frames.
20030005_617 کنیئرڈ کارپوریشن کے گوشوں میں کیوں ہودہ دیکھا کر فقدان سے لگا 
LOG (lattice-best-path[5.5.907~1-cbed4]:main():lattice-best-path.cc:99) For utterance 20030005_618, best cost 113.41 + 3473.09 = 3586.5 over 1099 frames.
20030005_618 خان کے بغیر سے روشناس والے خسارے کی کیا کالجز کیا گیا 
LOG (lattice-best-path[5.5.907~1-cbed4]:main():lattice-best-path.cc:99) For utterance 20030005_619, best cost 104.296 + 2601.31 = 2705.61 over 868 frames.
20030005_619 تجزیے تشہیر شاہنواز بیان کریں کی شعوری دیگر ہیں 
LOG (lattice-best-path[5.5.907~1-cbed4]:main():lattice-best-path.cc:99) For utterance 20030005_620, best cost 158.628 + 5066.71 = 5225.34 over 1764 frames.
20030005_620 شیلڈیں فلموں کے بھگوڑوں کو بوڑھوں گیسو لاہوریات اور اور زور شاخوں کی طرح کیں 
LOG (lattice-best-path[5.5.907~1-cbed4]:main():lattice-best-path.cc:99) For utterance 20030005_621, best cost 125.976 + 4100.64 = 4226.62 over 1336 frames.
20030005_621 مجلس حاشیے اور سینٹر ایمبیسی بوگس اور جنگی آزمائیں میں کریں 
LOG (lattice-best-path[5.5.907~1-cbed4]:main():lattice-best-path.cc:99) For utterance 20030005_622, best cost 134.903 + 4450.71 = 4585.61 over 1476 frames.
20030005_622 کوششیں کرنے کے بعد اور کی بہتری کیلئے دہشت مرضی بھیڑوں اور کرنے سے کریں 
LOG (lattice-best-path[5.5.907~1-cbed4]:main():lattice-best-path.cc:99) For utterance 20030005_623, best cost 99.8541 + 3498.11 = 3597.97 over 1188 frames.
20030005_623 انٹیلیجینس بارونق خواہش چوزوں کا مہنگائی بشاش گیا 
LOG (lattice-best-path[5.5.907~1-cbed4]:main():lattice-best-path.cc:99) For utterance 20030005_624, best cost 175.847 + 4365.51 = 4541.36 over 1412 frames.
20030005_624 پروسیسنگ صفوں میں کولسری بورڈر فوج شور فورس بااصول حدود کے ڈیپریشن لہریں شروع تھا 
LOG (lattice-best-path[5.5.907~1-cbed4]:main():lattice-best-path.cc:99) For utterance 20030005_625, best cost 129.616 + 3873.19 = 4002.8 over 1252 frames.
20030005_625 بغیر نذر کیا بیماری گگلی لے کر بیوروکریسی مربعے اور کے ہو گیا 
LOG (lattice-best-path[5.5.907~1-cbed4]:main():lattice-best-path.cc:99) For utterance 20030005_626, best cost 98.346 + 2424.14 = 2522.48 over 817 frames.
20030005_626 کر بدظن بوم تلمیحات بخوبی کی لاشوں نجات 
LOG (lattice-best-path[5.5.907~1-cbed4]:main():lattice-best-path.cc:99) For utterance 20030005_627, best cost 115.657 + 3287.61 = 3403.27 over 1073 frames.
20030005_627 سیرگاہ غیرملکی کیموتھراپی میں سے بوڑھوں کے کوسوں میں درخواست گیا 
LOG (lattice-best-path[5.5.907~1-cbed4]:main():lattice-best-path.cc:99) For utterance 20030005_628, best cost 121.556 + 3501.57 = 3623.12 over 1182 frames.
20030005_628 تھیوری کرنے والے گہرے ٹریبیونل بے سنگباری ہوشیاری وفود کیں 
LOG (lattice-best-path[5.5.907~1-cbed4]:main():lattice-best-path.cc:99) For utterance 20030005_629, best cost 141.192 + 4552.65 = 4693.84 over 1476 frames.
20030005_629 شیڈ کے کے گوشوں کے اوقات لیفٹیننٹ کمزور عورت میں منشیوں کاغذات کی گا 
LOG (lattice-best-path[5.5.907~1-cbed4]:main():lattice-best-path.cc:99) For utterance 20030005_630, best cost 130.702 + 4427.56 = 4558.27 over 1457 frames.
20030005_630 کو ہزارویں ماشے کے خوشگوار مقدار بلکہ کارپوریشن سروں بیدار کیا 
LOG (lattice-best-path[5.5.907~1-cbed4]:main():lattice-best-path.cc:99) For utterance 20030005_631, best cost 179.995 + 5799.38 = 5979.37 over 1912 frames.
20030005_631 سے زیست بولنگ گودام گرہیں دور فائربریگیڈ فاروق ٹھوس بیچیں قوس میں سیسموگراف چلے ہیں 
LOG (lattice-best-path[5.5.907~1-cbed4]:main():lattice-best-path.cc:99) For utterance 20030005_632, best cost 169.122 + 5239.88 = 5409 over 1758 frames.
20030005_632 حزن سے تھانیدار کی پنجروں چوروں کوڑیاں بلوچوں پر کھجوریں اور بھجوائیں چھوڑنے راہبر ہیں 
LOG (lattice-best-path[5.5.907~1-cbed4]:main():lattice-best-path.cc:99) For utterance 20030005_633, best cost 159.289 + 5440.37 = 5599.66 over 1873 frames.
20030005_633 تفنن کے بعد میں تدریس کے کی کھینچیں اور کی شعلوں کی موزوں سے چھوڑنے کلیجی ہیں 
LOG (lattice-best-path[5.5.907~1-cbed4]:main():lattice-best-path.cc:99) For utterance 20030005_634, best cost 80.7016 + 2972.24 = 3052.94 over 952 frames.
20030005_634 گلیشئیر جشن کتابچے اور کیا کی رہے ہیں 
LOG (lattice-best-path[5.5.907~1-cbed4]:main():lattice-best-path.cc:99) For utterance 20030005_635, best cost 130.837 + 4015.49 = 4146.32 over 1336 frames.
20030005_635 حاصل پوچھیں کی غوروخوض میں کریں اور لنگر فرمائیں سعید مصنوعات ہیں 
LOG (lattice-best-path[5.5.907~1-cbed4]:main():lattice-best-path.cc:99) For utterance 20030005_636, best cost 116.024 + 4032.24 = 4148.27 over 1361 frames.
20030005_636 کو خوشنودی کی جوبلی کہکشاؤں مسز ہو جاتا کو گفتگو اور 
LOG (lattice-best-path[5.5.907~1-cbed4]:main():lattice-best-path.cc:99) For utterance 20030005_637, best cost 127.625 + 4343.73 = 4471.36 over 1457 frames.
20030005_637 خواری میں کے ساتھ میں کی کوشش کریں دھینگا مشتی کی نرسیں اور بے گئی 
LOG (lattice-best-path[5.5.907~1-cbed4]:main():lattice-best-path.cc:99) For utterance 20030005_638, best cost 139.734 + 5388.75 = 5528.48 over 1828 frames.
20030005_638 کا گوجر کی شعروادب میں سے کمشنر اور تھوڑی کوٹھڑی کیا سے بچاؤ پوچھیں 
LOG (lattice-best-path[5.5.907~1-cbed4]:main():lattice-best-path.cc:99) For utterance 20030005_639, best cost 157.243 + 4479.56 = 4636.8 over 1432 frames.
20030005_639 کرنے کے دفتر کی کے بدلے سے تجویز فارسی کے باوجود چیز سربراہ سزائیں کوششیں 
LOG (lattice-best-path[5.5.907~1-cbed4]:main():lattice-best-path.cc:99) For utterance 20030005_640, best cost 122.116 + 4114.77 = 4236.88 over 1348 frames.
20030005_640 چونگی اوپر گیارہویں نظرثانی کونسل کے شالا کا پنچولی پہنچا 
LOG (lattice-best-path[5.5.907~1-cbed4]:main():lattice-best-path.cc:99) For utterance 20030005_641, best cost 119.657 + 3306.94 = 3426.6 over 1054 frames.
20030005_641 اور فوری شروع فوجوں کے بعد شناسی برخلاف طرفین سے بے ہیں 
LOG (lattice-best-path[5.5.907~1-cbed4]:main():lattice-best-path.cc:99) For utterance 20030005_642, best cost 118.881 + 3217.04 = 3335.92 over 1041 frames.
20030005_642 حریفوں کے فٹنیس کے سکیپ اوباش بھینسیں نفوذ کے نواب کی 
LOG (lattice-best-path[5.5.907~1-cbed4]:main():lattice-best-path.cc:99) For utterance 20030005_643, best cost 134.373 + 4046.26 = 4180.63 over 1310 frames.
20030005_643 کفالت سے فرمائیں مخالفوں پنجروں سے بہائیں اور بودلہ سزائیں بیباک ہیں 
LOG (lattice-best-path[5.5.907~1-cbed4]:main():lattice-best-path.cc:99) For utterance 20030005_644, best cost 135.816 + 4761.86 = 4897.68 over 1611 frames.
20030005_644 کا چھہتر شعروادب دوڑائیں اور بڑھاپے بخشی کیسی کر سے کرنے کا کریں 
LOG (lattice-best-path[5.5.907~1-cbed4]:main():lattice-best-path.cc:99) For utterance 20030005_645, best cost 105.688 + 3191.28 = 3296.97 over 1022 frames.
20030005_645 پروگریسیو نوزل بسیار بوجوہ مسخرے کی فشار کرتے ہیں 
LOG (lattice-best-path[5.5.907~1-cbed4]:main():lattice-best-path.cc:99) For utterance 20030005_646, best cost 121.117 + 3545.75 = 3666.86 over 1156 frames.
20030005_646 صوفیانہ جمشید اور چبھنے جمخانہ اور بھیڑیا میں بڑھائیں باندھیں ہیں 
LOG (lattice-best-path[5.5.907~1-cbed4]:main():lattice-best-path.cc:99) For utterance 20030005_647, best cost 95.3361 + 3130.5 = 3225.83 over 1067 frames.
20030005_647 بااثر کے تنازعے کا بھول چور بیوپار کا ہیں 
LOG (lattice-best-path[5.5.907~1-cbed4]:main():lattice-best-path.cc:99) For utterance 20030005_648, best cost 84.7565 + 2933.75 = 3018.51 over 990 frames.
20030005_648 ملیں دودھیا چاشنی تاخیر چلے پراٹھا 
LOG (lattice-best-path[5.5.907~1-cbed4]:main():lattice-best-path.cc:99) For utterance 20030005_649, best cost 88.6798 + 3116.43 = 3205.11 over 1041 frames.
20030005_649 کو کمیونسٹ کرنے بحیرہ چوہوں کا پر کریں 
LOG (lattice-best-path[5.5.907~1-cbed4]:main():lattice-best-path.cc:99) For utterance 20030005_650, best cost 135.354 + 4039.66 = 4175.01 over 1355 frames.
20030005_650 پنجرے باولنگ کی سیر اور سوال کمینگی وزیرداخلہ کے رہائشی پر قضہ ہیں 
LOG (lattice-best-path[5.5.907~1-cbed4]:main():lattice-best-path.cc:99) For utterance 20030005_651, best cost 114.143 + 3270.51 = 3384.65 over 1131 frames.
20030005_651 اور چنگیزی کوچوں کی کو کی گرہیں ہونے سے پہلے سعودی کیں 
LOG (lattice-best-path[5.5.907~1-cbed4]:main():lattice-best-path.cc:99) For utterance 20030005_652, best cost 125.068 + 4426.53 = 4551.59 over 1502 frames.
20030005_652 کلونجی میں کا میں اور کیلئے اور کاروبار نیرنگ اور کے سوئٹرز پوچھیں 
LOG (lattice-best-path[5.5.907~1-cbed4]:main():lattice-best-path.cc:99) For utterance 20030005_653, best cost 111.046 + 3543.82 = 3654.87 over 1176 frames.
20030005_653 برفباری لیڈز قاسم زبردست ضلعی ڈیجیٹل کر کوسوں 
LOG (lattice-best-path[5.5.907~1-cbed4]:main():lattice-best-path.cc:99) For utterance 20030005_654, best cost 131.531 + 4228.63 = 4360.16 over 1361 frames.
20030005_654 کریں اور پیشرو سیلز کے بشیر عاشور کونسلر کی موثر کے انستھیزیا ہیں 
LOG (lattice-best-path[5.5.907~1-cbed4]:main():lattice-best-path.cc:99) For utterance 20030005_655, best cost 98.0376 + 3051.44 = 3149.48 over 1022 frames.
20030005_655 بنگلے بخشیں کی بدچلنی اور دلفریب افسانے تابش ہیں 
LOG (lattice-best-path[5.5.907~1-cbed4]:main():lattice-best-path.cc:99) For utterance 20030005_656, best cost 130.712 + 4951.04 = 5081.75 over 1668 frames.
20030005_656 دلسوزی پروسیسنگ بدہضمی ہینگر بچائیں اور شوروم اور چھابڑی قضا ہیں 
LOG (lattice-best-path[5.5.907~1-cbed4]:main():lattice-best-path.cc:99) For utterance 20030005_657, best cost 106.971 + 3293.2 = 3400.17 over 1099 frames.
20030005_657 آبرو افزودگی زیدی کے تفرقہ کی حاضری منفرد میں 
LOG (lattice-best-path[5.5.907~1-cbed4]:main():lattice-best-path.cc:99) For utterance 20030005_658, best cost 85.0955 + 2965.27 = 3050.37 over 1003 frames.
20030005_658 مندوبین کامیابیوں کی زیردست کے بعد سے گزارنے 
LOG (lattice-best-path[5.5.907~1-cbed4]:main():lattice-best-path.cc:99) For utterance 20030005_659, best cost 114.672 + 3911.67 = 4026.34 over 1291 frames.
20030005_659 کرتی خوگر صیہونی کا تمغوں ہو کر آبدوزیں کا ترشول ہیں 
LOG (lattice-best-path[5.5.907~1-cbed4]:main():lattice-best-path.cc:99) For utterance 20030005_660, best cost 72.7914 + 2347.96 = 2420.75 over 779 frames.
20030005_660 اور بڑھاوں کے بعد کیا ہزارویں بعدازاں 
LOG (lattice-best-path[5.5.907~1-cbed4]:main():lattice-best-path.cc:99) For utterance 20030005_661, best cost 91.3824 + 3679.3 = 3770.68 over 1252 frames.
20030005_661 تیزرفتار میں کے لیے گوشوں کامیاب کا داغدار گئیں 
LOG (lattice-best-path[5.5.907~1-cbed4]:main():lattice-best-path.cc:99) For utterance 20030005_662, best cost 107.286 + 3210.87 = 3318.15 over 1067 frames.
20030005_662 تخریب شاخوں کی پرچیاں چلغوزے بوبی دلنشیں گیدڑ ہیں 
LOG (lattice-best-path[5.5.907~1-cbed4]:main():lattice-best-path.cc:99) For utterance 20030005_663, best cost 118.86 + 4107.16 = 4226.02 over 1336 frames.
20030005_663 کی ڈوریں چاچڑ موہوم کنواں برساتا کی بخوبی تنقیص ہو گئی 
LOG (lattice-best-path[5.5.907~1-cbed4]:main():lattice-best-path.cc:99) For utterance 20030005_664, best cost 128.061 + 4093.37 = 4221.43 over 1316 frames.
20030005_664 تنازعے پراسسنگ میں تناول دیکھا موضوعات کو کیلئے کیسوں کینگرو گئے 
LOG (lattice-best-path[5.5.907~1-cbed4]:main():lattice-best-path.cc:99) For utterance 20030005_665, best cost 68.7166 + 2430.15 = 2498.87 over 779 frames.
20030005_665 تقاضوں اور کی سیر سنگھاسن خبروں 
LOG (lattice-best-path[5.5.907~1-cbed4]:main():lattice-best-path.cc:99) For utterance 20030005_666, best cost 93.6776 + 3232.18 = 3325.86 over 1073 frames.
20030005_666 بروز جیگوار اور جذبات تصورات کر سے بولے 
LOG (lattice-best-path[5.5.907~1-cbed4]:main():lattice-best-path.cc:99) For utterance 20030005_667, best cost 113.444 + 3889.31 = 4002.76 over 1323 frames.
20030005_667 کی بل کردار سے جھینگے دوسرے کی میں کی خبر سنگباری 
LOG (lattice-best-path[5.5.907~1-cbed4]:main():lattice-best-path.cc:99) For utterance 20030005_668, best cost 127.912 + 4571.17 = 4699.08 over 1489 frames.
20030005_668 سعودی ضروری کے گلریز گلیشئر کا کے ساتھ پگڑیاں کی سرنجیں لگا 
LOG (lattice-best-path[5.5.907~1-cbed4]:main():lattice-best-path.cc:99) For utterance 20030005_669, best cost 102.037 + 3352.3 = 3454.34 over 1112 frames.
20030005_669 غوروخوض اور مفاہمت بورڈ میں ویڈیوز صورتحال ضروریات 
LOG (lattice-best-path[5.5.907~1-cbed4]:main():lattice-best-path.cc:99) For utterance 20030005_670, best cost 66.0879 + 3101.44 = 3167.53 over 1035 frames.
20030005_670 وزیرداخلہ شاہد صاحب گناہوں کرو 
LOG (lattice-best-path[5.5.907~1-cbed4]:main():lattice-best-path.cc:99) For utterance 20030005_671, best cost 130.429 + 4216.72 = 4347.15 over 1368 frames.
20030005_671 بشیر ساری گاڑیاں میں کا شوکت سنو کے سوزوکی جوڑیں کو فوجیوں 
LOG (lattice-best-path[5.5.907~1-cbed4]:main():lattice-best-path.cc:99) For utterance 20030005_672, best cost 109.715 + 3651.58 = 3761.29 over 1163 frames.
20030005_672 پنگھوڑے ایشوز جانے کو فقدان بدصورت کوسوں وزیرداخلہ ہیں 
LOG (lattice-best-path[5.5.907~1-cbed4]:main():lattice-best-path.cc:99) For utterance 20030005_673, best cost 90.983 + 3081.16 = 3172.14 over 1048 frames.
20030005_673 کلراٹھی کی چھاؤں گیارہویں دوجے برسراقتدار کرتا ہے 
LOG (lattice-best-path[5.5.907~1-cbed4]:main():lattice-best-path.cc:99) For utterance 20030005_674, best cost 142.85 + 4623.24 = 4766.08 over 1604 frames.
20030005_674 نقشوں میں پُلوں میں اور کا پراچہ بیدار پہنچا میں کوسموس میں کی کوشش کی 
LOG (lattice-best-path[5.5.907~1-cbed4]:main():lattice-best-path.cc:99) For utterance 20030005_675, best cost 106.166 + 3831.09 = 3937.26 over 1297 frames.
20030005_675 تاجر بوڑھی کے لیے پر سوچے کو خوفوں کا اور کرتا ہے 
LOG (lattice-best-path[5.5.907~1-cbed4]:main():lattice-best-path.cc:99) For utterance 20030005_676, best cost 110.156 + 3923.57 = 4033.73 over 1278 frames.
20030005_676 اور جعلسازی سرہندی جاوید ذوق میں کنونشن گرفتار کی ہیں 
LOG (lattice-best-path[5.5.907~1-cbed4]:main():lattice-best-path.cc:99) For utterance 20030005_677, best cost 119.769 + 4267.27 = 4387.04 over 1380 frames.
20030005_677 انسانیت انگوٹھی گورنر بعدازاں اور سعودی ہوئیں تعمیر سے لیا 
LOG (lattice-best-path[5.5.907~1-cbed4]:main():lattice-best-path.cc:99) For utterance 20030005_678, best cost 195.983 + 5982.59 = 6178.57 over 2052 frames.
20030005_678 صرف بحثوں کو کلیدی فیض معاوضوں بس ماؤزے شے میں کے پروسیسنگ فعلن سے نشر کے شیڈ کیں 
LOG (lattice-best-path[5.5.907~1-cbed4]:main():lattice-best-path.cc:99) For utterance 20030005_679, best cost 82.2471 + 2903.04 = 2985.28 over 958 frames.
20030005_679 خواری کوآرڈینیٹر چلچلاتی کولسری سے شیریں 
LOG (lattice-best-path[5.5.907~1-cbed4]:main():lattice-best-path.cc:99) For utterance 20030005_680, best cost 124.419 + 3876.91 = 4001.33 over 1316 frames.
20030005_680 کلومیٹر چوڑیاں پہنچائیں ہوے گردوغبار کا باعث میں تھوڑا کا رکھتا ہے 
LOG (lattice-best-path[5.5.907~1-cbed4]:main():lattice-best-path.cc:99) For utterance 20030005_681, best cost 136.633 + 4754.04 = 4890.68 over 1611 frames.
20030005_681 تراشوں بیچیں شیر کو دیکھا کر بااثر دھوبی دونوں اور بخشی اعدادوشمار 
LOG (lattice-best-path[5.5.907~1-cbed4]:main():lattice-best-path.cc:99) For utterance 20030005_682, best cost 145.486 + 4995.07 = 5140.55 over 1656 frames.
20030005_682 بیجوں شعاع میں کی روٹھ کر پنجرے کا چچا ریورس کے گوجر موعود ہے 
LOG (lattice-best-path[5.5.907~1-cbed4]:main():lattice-best-path.cc:99) For utterance 20030005_683, best cost 104.048 + 4096.4 = 4200.45 over 1355 frames.
20030005_683 پر سموسے کی گردوغبار کہانی بلدیاتی کے طرزعمل کریں 
LOG (lattice-best-path[5.5.907~1-cbed4]:main():lattice-best-path.cc:99) For utterance 20030005_684, best cost 106.781 + 3661.19 = 3767.97 over 1208 frames.
20030005_684 منظور خوفوں طرزفکر کے کی جوئیں پوٹھوہاری برطرفی اور 
LOG (lattice-best-path[5.5.907~1-cbed4]:main():lattice-best-path.cc:99) For utterance 20030005_685, best cost 97.7337 + 2682.64 = 2780.38 over 881 frames.
20030005_685 کوچوں فروزاں کی مبشر بخشے سے غزلوں بندوق 
LOG (lattice-best-path[5.5.907~1-cbed4]:main():lattice-best-path.cc:99) For utterance 20030005_686, best cost 113.677 + 3377.78 = 3491.46 over 1067 frames.
20030005_686 صوفیانہ میں سرخرو کر فشار صلاحیتیں مزیدار شمشاد شور 
LOG (lattice-best-path[5.5.907~1-cbed4]:main():lattice-best-path.cc:99) For utterance 20030005_687, best cost 163.541 + 5054.87 = 5218.41 over 1656 frames.
20030005_687 سوئس کے بااصول سے حالانکہ گھلیں کو قضا سے سے کی بورڈر کوچوں قوت قصوروار 
LOG (lattice-best-path[5.5.907~1-cbed4]:main():lattice-best-path.cc:99) For utterance 20030005_688, best cost 158.605 + 5309.81 = 5468.41 over 1796 frames.
20030005_688 کلچر بیضوی لاشیں پرسش یاب مزارعوں اور دیش کی کی میں بانگ کریں کالجوں 
LOG (lattice-best-path[5.5.907~1-cbed4]:main():lattice-best-path.cc:99) For utterance 20030005_689, best cost 134.224 + 4313.44 = 4447.67 over 1496 frames.
20030005_689 بھومی گوبر دستاویزات کلوننگ دوبارہ پرسوز کو فصلیں کلچر چار 
LOG (lattice-best-path[5.5.907~1-cbed4]:main():lattice-best-path.cc:99) For utterance 20030005_690, best cost 75.9033 + 3004.5 = 3080.4 over 881 frames.
20030005_690 کی منشیانہ خواہش کولیسٹرول سیاسی جاتا ہے 
LOG (lattice-best-path[5.5.907~1-cbed4]:main():lattice-best-path.cc:99) For utterance 20030005_691, best cost 122.872 + 4775.7 = 4898.58 over 1368 frames.
20030005_691 کی ذوالجلال جیسے لوہا سوزش سے سنگسار سالہاسال ایسا زیست 
LOG (lattice-best-path[5.5.907~1-cbed4]:main():lattice-best-path.cc:99) For utterance 20030005_692, best cost 98.7904 + 4281.99 = 4380.78 over 1220 frames.
20030005_692 سول سوسائٹی پراسیس گیسو سالہاسال سے سیکھا اجلاس 
LOG (lattice-best-path[5.5.907~1-cbed4]:main():lattice-best-path.cc:99) For utterance 20030005_693, best cost 68.454 + 3250.61 = 3319.06 over 939 frames.
20030005_693 سیاح سیسموگراف سے خدانخواستہ سائنسدانوں 
LOG (lattice-best-path[5.5.907~1-cbed4]:main():lattice-best-path.cc:99) For utterance 20030005_694, best cost 106.883 + 4261.35 = 4368.24 over 1208 frames.
20030005_694 استغاثہ شعاع سے شاخ اثاثوں سے جیسے سوواں چوائس 
LOG (lattice-best-path[5.5.907~1-cbed4]:main():lattice-best-path.cc:99) For utterance 20030005_695, best cost 87.0296 + 3862.11 = 3949.14 over 1105 frames.
20030005_695 سوری چیچک جانے سوسائٹی جور ایمرجنسی 
LOG (lattice-best-path[5.5.907~1-cbed4]:main():lattice-best-path.cc:99) For utterance 20030005_696, best cost 111.688 + 3894.93 = 4006.62 over 1131 frames.
20030005_696 تشخص اور فیصلے سیلزمین سوئس شوکیسوں سیاح مجلس پراسیس 
LOG (lattice-best-path[5.5.907~1-cbed4]:main():lattice-best-path.cc:99) For utterance 20030005_697, best cost 69.4038 + 2698.81 = 2768.21 over 772 frames.
20030005_697 حوصلہ سائنسدانوں لیڈز علیحدہ ہو گیا 
LOG (lattice-best-path[5.5.907~1-cbed4]:main():lattice-best-path.cc:99) For utterance 20030005_698, best cost 85.9498 + 3947.74 = 4033.69 over 1124 frames.
20030005_698 سالہاسال جاسوسی گذشتہ سوری سزا لباس 
LOG (lattice-best-path[5.5.907~1-cbed4]:main():lattice-best-path.cc:99) For utterance 20030005_699, best cost 100.593 + 4732.49 = 4833.09 over 1342 frames.
20030005_699 سبزیوں سوسائٹی چالیس احساس کے ساتھ حیثیت استغاثہ 
LOG (lattice-best-path[5.5.907~1-cbed4]:main():lattice-best-path.cc:99) For utterance 20030005_700, best cost 106.182 + 5068.85 = 5175.04 over 1419 frames.
20030005_700 ہوش کوسموس کی سیلزمین سیاسی زودحس اثاثوں ثلث 
LOG (lattice-best-path[5.5.907~1-cbed4]:main():lattice-best-path.cc:99) For utterance 20030005_701, best cost 126.886 + 5933.96 = 6060.85 over 1681 frames.
20030005_701 سازوسامان سوواں سوزش استغاثہ کی سے سیاسی حوض سازوسامان اداس 
LOG (lattice-best-path[5.5.907~1-cbed4]:main():lattice-best-path.cc:99) For utterance 20030005_702, best cost 116.34 + 4102.87 = 4219.21 over 1150 frames.
20030005_702 اثاثوں تحصیلوں سے سہارے سوئس شاہ زوردار ثلث نشست 
LOG (lattice-best-path[5.5.907~1-cbed4]:main():lattice-best-path.cc:99) For utterance 20030005_703, best cost 72.0627 + 3304.97 = 3377.04 over 952 frames.
20030005_703 سالہاسال صیہونی سیلرز اوصاف سازباز 
LOG (lattice-best-path[5.5.907~1-cbed4]:main():lattice-best-path.cc:99) For utterance 20030005_704, best cost 118.527 + 4883.23 = 5001.76 over 1355 frames.
20030005_704 چوائس فیشن صوفیہ ساز گیسیں صاحب آہستہ سیروسیاحت سے 
LOG (lattice-best-path[5.5.907~1-cbed4]:main():lattice-best-path.cc:99) For utterance 20030005_705, best cost 85.0046 + 3282.37 = 3367.38 over 958 frames.
20030005_705 سازباز گیسو ایسا سالہاسال افسوس ایمبولینس 
LOG (lattice-best-path[5.5.907~1-cbed4]:main():lattice-best-path.cc:99) For utterance 20030005_706, best cost 71.4262 + 3906.68 = 3978.11 over 1086 frames.
20030005_706 سبزیوں زیست کے ساتھ ایشز ایڈجسٹ 
LOG (lattice-best-path[5.5.907~1-cbed4]:main():lattice-best-path.cc:99) For utterance 20030005_707, best cost 63.522 + 3132.51 = 3196.03 over 888 frames.
20030005_707 سازوسامان سوختہ سیروسیاحت ایس 
LOG (lattice-best-path[5.5.907~1-cbed4]:main():lattice-best-path.cc:99) For utterance 20030005_708, best cost 92.3411 + 3480.35 = 3572.7 over 1009 frames.
20030005_708 چمچے جیسے گیسو ایمبولینس آزادی کاشف ایس 
LOG (lattice-best-path[5.5.907~1-cbed4]:main():lattice-best-path.cc:99) For utterance 20030010_601, best cost 96.7487 + 3568.18 = 3664.93 over 985 frames.
20030010_601 پہنچتے ڈائیلوشن جیلانی گئی سکول کے تعاقب ہو گئی 
LOG (lattice-best-path[5.5.907~1-cbed4]:main():lattice-best-path.cc:99) For utterance 20030010_602, best cost 140.283 + 4345.15 = 4485.44 over 1203 frames.
20030010_602 تراجم بےاختیار بدشگونی بھگوئیں ادائیگیوں بخشش جکھرانی شنید ششدر ساز ہے 
LOG (lattice-best-path[5.5.907~1-cbed4]:main():lattice-best-path.cc:99) For utterance 20030010_603, best cost 91.4827 + 3044.03 = 3135.51 over 833 frames.
20030010_603 ششدر مزیدار سے مدمقابل کی صحبت کمیشن کیا 
LOG (lattice-best-path[5.5.907~1-cbed4]:main():lattice-best-path.cc:99) For utterance 20030010_604, best cost 99.1036 + 3149.16 = 3248.26 over 856 frames.
20030010_604 سے ڈائیگرام کی کارکردگی کے باعث پہنچایا کے کے سلیولائیٹ 
LOG (lattice-best-path[5.5.907~1-cbed4]:main():lattice-best-path.cc:99) For utterance 20030010_605, best cost 71.3942 + 1839.77 = 1911.16 over 513 frames.
20030010_605 سوچا شلجم ڈکٹیشن کوریوگرافر دیتا ہے 
LOG (lattice-best-path[5.5.907~1-cbed4]:main():lattice-best-path.cc:99) For utterance 20030010_606, best cost 77.8578 + 2214.54 = 2292.4 over 608 frames.
20030010_606 وزیرداخلہ گچھے پسماندہ خاصی تجزیہ تھے 
LOG (lattice-best-path[5.5.907~1-cbed4]:main():lattice-best-path.cc:99) For utterance 20030010_607, best cost 51.3313 + 1518.05 = 1569.38 over 420 frames.
20030010_607 پر سیاسی ترجمانی بچائیں 
LOG (lattice-best-path[5.5.907~1-cbed4]:main():lattice-best-path.cc:99) For utterance 20030010_608, best cost 79.7169 + 2132.54 = 2212.26 over 582 frames.
20030010_608 کو پنگھوڑے کو خوشخبری سجھائی سوجن ہو گی 
LOG (lattice-best-path[5.5.907~1-cbed4]:main():lattice-best-path.cc:99) For utterance 20030010_609, best cost 91.6918 + 2661.85 = 2753.54 over 736 frames.
20030010_609 تشنج تلمیحات نشست انسانیت جھنجھوڑ رسیا کیا 
LOG (lattice-best-path[5.5.907~1-cbed4]:main():lattice-best-path.cc:99) For utterance 20030010_610, best cost 92.4067 + 2748.97 = 2841.37 over 803 frames.
20030010_610 کا سیکشن جونیئر نگرانی جیسے بجٹ ایسا ہے 
LOG (lattice-best-path[5.5.907~1-cbed4]:main():lattice-best-path.cc:99) For utterance 20030010_611, best cost 103.912 + 3078.93 = 3182.84 over 868 frames.
20030010_611 حسینی بینگن باآسانی ذوالجناح اور جرگہ کی کوشش حاشیے 
LOG (lattice-best-path[5.5.907~1-cbed4]:main():lattice-best-path.cc:99) For utterance 20030010_612, best cost 108.536 + 3148.15 = 3256.68 over 921 frames.
20030010_612 تبدیلیاں کیا سمجھدار باجرہ چست گردوغبار جیلانی شاخسانہ ہے 
LOG (lattice-best-path[5.5.907~1-cbed4]:main():lattice-best-path.cc:99) For utterance 20030010_613, best cost 66.0571 + 1653.98 = 1720.04 over 452 frames.
20030010_613 تنولی باخبر ساجد گلیشئیر جاتا ہے 
LOG (lattice-best-path[5.5.907~1-cbed4]:main():lattice-best-path.cc:99) For utterance 20030010_614, best cost 84.2705 + 2094.86 = 2179.13 over 578 frames.
20030010_614 وجود فیڈریشن کتابچہ سمجھی بغیر سمجھدار کیا 
LOG (lattice-best-path[5.5.907~1-cbed4]:main():lattice-best-path.cc:99) For utterance 20030010_615, best cost 131.118 + 3453.19 = 3584.3 over 960 frames.
20030010_615 کر آتشزدگی نیسچن موئسچرائزنگ گذر توجہ دیوبندی کی دلجوئی گوہر بنایا 
LOG (lattice-best-path[5.5.907~1-cbed4]:main():lattice-best-path.cc:99) For utterance 20030010_616, best cost 143.064 + 3499.13 = 3642.2 over 989 frames.
20030010_616 تاجر درود میں سترھویں شگفتہ کو سیاست کیسی دستاویزی ماتھا ٹھنکا تجزیہ 
LOG (lattice-best-path[5.5.907~1-cbed4]:main():lattice-best-path.cc:99) For utterance 20030010_617, best cost 66.9317 + 2385.41 = 2452.34 over 669 frames.
20030010_617 تمسخر چلچلاتی سویٹر پراسیس گا 
LOG (lattice-best-path[5.5.907~1-cbed4]:main():lattice-best-path.cc:99) For utterance 20030010_618, best cost 90.387 + 2927.44 = 3017.83 over 824 frames.
20030010_618 تھانیدار سمجھا سمجھانے خسارے کمپیوٹرائزڈ استفہامیہ ہیں 
LOG (lattice-best-path[5.5.907~1-cbed4]:main():lattice-best-path.cc:99) For utterance 20030010_619, best cost 64.8033 + 1798.77 = 1863.57 over 519 frames.
20030010_619 کسی چشتی آمدنی پنجابی جائے 
LOG (lattice-best-path[5.5.907~1-cbed4]:main():lattice-best-path.cc:99) For utterance 20030010_620, best cost 102.729 + 3049.91 = 3152.63 over 820 frames.
20030010_620 جیون ڈیوڈ سمتھ کی محبوبہ خضوع شروع کیا منجھی 
LOG (lattice-best-path[5.5.907~1-cbed4]:main():lattice-best-path.cc:99) For utterance 20030010_621, best cost 110.405 + 3606.94 = 3717.35 over 1024 frames.
20030010_621 میں مجوزہ چنیوٹی ذوالجناح لینگویج سے گلدستہ چھیاسیویں رہی تھی 
LOG (lattice-best-path[5.5.907~1-cbed4]:main():lattice-best-path.cc:99) For utterance 20030010_622, best cost 67.8175 + 2879.61 = 2947.43 over 764 frames.
20030010_622 دوچار برسراقتدار جلدازجلد کی عارضی 
LOG (lattice-best-path[5.5.907~1-cbed4]:main():lattice-best-path.cc:99) For utterance 20030010_623, best cost 77.4445 + 2297.59 = 2375.04 over 664 frames.
20030010_623 دلبرداشتہ منافعے سوئس تھانیدار شنید کیا 
LOG (lattice-best-path[5.5.907~1-cbed4]:main():lattice-best-path.cc:99) For utterance 20030010_624, best cost 98.7321 + 2764.14 = 2862.88 over 790 frames.
20030010_624 ہنوز تسلسل سیلرز سازوسامان خصوصی پیشگوئیاں مشروبات 
LOG (lattice-best-path[5.5.907~1-cbed4]:main():lattice-best-path.cc:99) For utterance 20030010_625, best cost 88.6861 + 2342.71 = 2431.39 over 665 frames.
20030010_625 گیدڑ زندگی چچا گدے گردیزی کچوکے ہو گیا 
LOG (lattice-best-path[5.5.907~1-cbed4]:main():lattice-best-path.cc:99) For utterance 20030010_626, best cost 55.3341 + 1602.32 = 1657.65 over 465 frames.
20030010_626 پیدا سیروسیاحت الجھی لہذا 
LOG (lattice-best-path[5.5.907~1-cbed4]:main():lattice-best-path.cc:99) For utterance 20030010_627, best cost 88.846 + 2443.25 = 2532.1 over 712 frames.
20030010_627 سینٹر والدین انگوٹھے ہرادھنیا سیسموگراف اومیگا گیا 
LOG (lattice-best-path[5.5.907~1-cbed4]:main():lattice-best-path.cc:99) For utterance 20030010_628, best cost 88.9725 + 2416.84 = 2505.82 over 709 frames.
20030010_628 درستگی لگانے بچے چیلنجز کنسورشیم وفود کی 
LOG (lattice-best-path[5.5.907~1-cbed4]:main():lattice-best-path.cc:99) For utterance 20030010_629, best cost 114.629 + 2987.23 = 3101.86 over 876 frames.
20030010_629 چلچلاتی گوشہ کیا فراخدلی سے گرمجوشی سے موجودہ عزت کے ساتھ 
LOG (lattice-best-path[5.5.907~1-cbed4]:main():lattice-best-path.cc:99) For utterance 20030010_630, best cost 76.7084 + 2322.17 = 2398.88 over 668 frames.
20030010_630 تعین گزشتہ ناقابل چمچ ازخود گیا 
LOG (lattice-best-path[5.5.907~1-cbed4]:main():lattice-best-path.cc:99) For utterance 20030010_631, best cost 129.607 + 3406.95 = 3536.56 over 964 frames.
20030010_631 سیاسی فوراً مدافعت دیکھنے تحفتا کے درخواست نیچے سیسموگراف چائلڈ ہے 
LOG (lattice-best-path[5.5.907~1-cbed4]:main():lattice-best-path.cc:99) For utterance 20030010_632, best cost 123.237 + 4288.85 = 4412.08 over 1219 frames.
20030010_632 فزیوتھراپسٹ کی اچک چھاؤنیاں دوچار کاجو موصول چھوڑیں بغیر دیکھیں 
LOG (lattice-best-path[5.5.907~1-cbed4]:main():lattice-best-path.cc:99) For utterance 20030010_633, best cost 122.427 + 3511.47 = 3633.9 over 1056 frames.
20030010_633 تفنن بگاڑنے تقویت کی کی کے اور آتشزدگی قوس سلسلے نیچے 
LOG (lattice-best-path[5.5.907~1-cbed4]:main():lattice-best-path.cc:99) For utterance 20030010_634, best cost 81.5291 + 2405.6 = 2487.13 over 708 frames.
20030010_634 گردش انجکشن کے سامنے ڈوڈیاں گیارہویں کرتے ہیں 
LOG (lattice-best-path[5.5.907~1-cbed4]:main():lattice-best-path.cc:99) For utterance 20030010_635, best cost 85.8401 + 2521.78 = 2607.62 over 722 frames.
20030010_635 پاسبان اپوزیشن پونے سے ترمیم تجویز انسٹھویں 
LOG (lattice-best-path[5.5.907~1-cbed4]:main():lattice-best-path.cc:99) For utterance 20030010_636, best cost 83.1581 + 2300.27 = 2383.42 over 677 frames.
20030010_636 پروفیشنل ایجوکیشن میں سے جو جدون تفاوت 
LOG (lattice-best-path[5.5.907~1-cbed4]:main():lattice-best-path.cc:99) For utterance 20030010_637, best cost 66.2889 + 2413.76 = 2480.05 over 703 frames.
20030010_637 ٹرانسفارمر بدچلنی رنجیدہ سے کرتے ہوئے 
LOG (lattice-best-path[5.5.907~1-cbed4]:main():lattice-best-path.cc:99) For utterance 20030010_638, best cost 117.18 + 3930.39 = 4047.57 over 1134 frames.
20030010_638 طرف درستگی شیروانی ہوے سجدہ اٹھی اور تجزیہ سے بچیں 
LOG (lattice-best-path[5.5.907~1-cbed4]:main():lattice-best-path.cc:99) For utterance 20030010_639, best cost 108.88 + 3452.01 = 3560.89 over 1011 frames.
20030010_639 پھیرتے برطرفی کے جیسے تشخیص ٹیکنالوجیز اور تسلسل دوسری 
LOG (lattice-best-path[5.5.907~1-cbed4]:main():lattice-best-path.cc:99) For utterance 20030010_640, best cost 102.452 + 2808.54 = 2910.99 over 822 frames.
20030010_640 جاتی باورچی جعلسازی سنگھاسن کی شعاع درخور کی کوشش کریں 
LOG (lattice-best-path[5.5.907~1-cbed4]:main():lattice-best-path.cc:99) For utterance 20030010_641, best cost 82.3077 + 2442.92 = 2525.23 over 712 frames.
20030010_641 کوارڈینیٹر ایشوز کرکے تابش بازیچہ گردیزی 
LOG (lattice-best-path[5.5.907~1-cbed4]:main():lattice-best-path.cc:99) For utterance 20030010_642, best cost 63.8793 + 2153.24 = 2217.12 over 638 frames.
20030010_642 دستاویزی مسجد تشخص دیوار کی 
LOG (lattice-best-path[5.5.907~1-cbed4]:main():lattice-best-path.cc:99) For utterance 20030010_643, best cost 88.3927 + 2249.06 = 2337.45 over 664 frames.
20030010_643 دستاویزات کبڈی مخرج سنایا بویا زندگی کریں 
LOG (lattice-best-path[5.5.907~1-cbed4]:main():lattice-best-path.cc:99) For utterance 20030010_644, best cost 110.635 + 3041.75 = 3152.39 over 908 frames.
20030010_644 ترچھی اچیومنٹ دعائیہ زیورات ترچھی کیسی پر سے پر بات کی 
LOG (lattice-best-path[5.5.907~1-cbed4]:main():lattice-best-path.cc:99) For utterance 20030010_645, best cost 98.1901 + 2655.07 = 2753.26 over 768 frames.
20030010_645 کی چیلنجز منظور پسند طنزومزاح کتابیں کی جا سکتیں 
LOG (lattice-best-path[5.5.907~1-cbed4]:main():lattice-best-path.cc:99) For utterance 20030010_646, best cost 96.337 + 2481.98 = 2578.32 over 734 frames.
20030010_646 ذریعہ غزلیات کرنے کے بعد تبدیلیاں میں جانبدار بلدیاتی 
LOG (lattice-best-path[5.5.907~1-cbed4]:main():lattice-best-path.cc:99) For utterance 20030010_647, best cost 53.7938 + 1773.76 = 1827.55 over 517 frames.
20030010_647 پراسسنگ بوجوہ گردوغبار کریں 
LOG (lattice-best-path[5.5.907~1-cbed4]:main():lattice-best-path.cc:99) For utterance 20030010_648, best cost 68.6233 + 1966.28 = 2034.9 over 573 frames.
20030010_648 جدوجہد چاچو پرخچے کیا پڑدادا 
LOG (lattice-best-path[5.5.907~1-cbed4]:main():lattice-best-path.cc:99) For utterance 20030010_649, best cost 58.4883 + 1706.62 = 1765.11 over 478 frames.
20030010_649 تو خدانخواستہ تجربات گوگل گئے 
LOG (lattice-best-path[5.5.907~1-cbed4]:main():lattice-best-path.cc:99) For utterance 20030010_650, best cost 101.807 + 3023.85 = 3125.66 over 870 frames.
20030010_650 سے پالیسی بآسانی اس کی کیا کی دعائیہ کیلئے سجاتے 
LOG (lattice-best-path[5.5.907~1-cbed4]:main():lattice-best-path.cc:99) For utterance 20030010_651, best cost 86.0619 + 2351.89 = 2437.95 over 699 frames.
20030010_651 تسلسل کی قدرتی تدابیر بھونڈی سروس چوبیس 
LOG (lattice-best-path[5.5.907~1-cbed4]:main():lattice-best-path.cc:99) For utterance 20030010_652, best cost 91.2881 + 2593.88 = 2685.17 over 777 frames.
20030010_652 پتھالوجسٹ آمدنی ترجمانی مقدار کوٹھے سندھو پہنچ گیا 
LOG (lattice-best-path[5.5.907~1-cbed4]:main():lattice-best-path.cc:99) For utterance 20030010_653, best cost 72.669 + 2169.86 = 2242.53 over 638 frames.
20030010_653 پروگرام اسسٹنٹ گردیزی چھہتر قصوروار 
LOG (lattice-best-path[5.5.907~1-cbed4]:main():lattice-best-path.cc:99) For utterance 20030010_654, best cost 76.396 + 2807.61 = 2884.01 over 838 frames.
20030010_654 تشخص کی تشخص عزت ہندوستانی سکتیں 
LOG (lattice-best-path[5.5.907~1-cbed4]:main():lattice-best-path.cc:99) For utterance 20030010_655, best cost 75.4147 + 1583.45 = 1658.87 over 465 frames.
20030010_655 تلاش کی چنیوٹی ڈیتھ بجھائی دیش ہے 
LOG (lattice-best-path[5.5.907~1-cbed4]:main():lattice-best-path.cc:99) For utterance 20030010_656, best cost 83.3614 + 3068.35 = 3151.71 over 918 frames.
20030010_656 بیضے تنگدستی لینگویج آخرالزمان بھی کے سے 
LOG (lattice-best-path[5.5.907~1-cbed4]:main():lattice-best-path.cc:99) For utterance 20030010_657, best cost 50.1142 + 1862.15 = 1912.27 over 540 frames.
20030010_657 حافظ ایگزیکٹو پراسسنگ ہیں 
LOG (lattice-best-path[5.5.907~1-cbed4]:main():lattice-best-path.cc:99) For utterance 20030010_658, best cost 48.9169 + 1969.72 = 2018.64 over 591 frames.
20030010_658 کمزور سرفہرست سنگھاسن 
LOG (lattice-best-path[5.5.907~1-cbed4]:main():lattice-best-path.cc:99) For utterance 20030010_659, best cost 101.063 + 2698.42 = 2799.49 over 779 frames.
20030010_659 جدوجہد جید پوشیدہ وجوہات خوفزدہ بوریت کے سوویں 
LOG (lattice-best-path[5.5.907~1-cbed4]:main():lattice-best-path.cc:99) For utterance 20030010_660, best cost 51.4417 + 1648.67 = 1700.11 over 482 frames.
20030010_660 کو ایڈورٹائزنگ گداز آویزاں 
LOG (lattice-best-path[5.5.907~1-cbed4]:main():lattice-best-path.cc:99) For utterance 20030010_661, best cost 47.421 + 2025.22 = 2072.64 over 578 frames.
20030010_661 کسے شعرا اداکارائیں 
LOG (lattice-best-path[5.5.907~1-cbed4]:main():lattice-best-path.cc:99) For utterance 20030010_662, best cost 64.089 + 2024.16 = 2088.25 over 575 frames.
20030010_662 تجوریاں راجیہ سیروسیاحت چشتی گیا 
LOG (lattice-best-path[5.5.907~1-cbed4]:main():lattice-best-path.cc:99) For utterance 20030010_663, best cost 66.9848 + 2381.36 = 2448.35 over 656 frames.
20030010_663 کی اثرورسوخ جعلسازی گردیزی دلسوزی 
LOG (lattice-best-path[5.5.907~1-cbed4]:main():lattice-best-path.cc:99) For utterance 20030010_664, best cost 82.5547 + 2817.35 = 2899.9 over 790 frames.
20030010_664 پراسیس سرفہرست وقعت کھچی کیونکہ ہو گیا 
LOG (lattice-best-path[5.5.907~1-cbed4]:main():lattice-best-path.cc:99) For utterance 20030010_665, best cost 61.8528 + 1987.91 = 2049.76 over 569 frames.
20030010_665 جیسے خسارے سے پیچیدہ ازسرنو 
LOG (lattice-best-path[5.5.907~1-cbed4]:main():lattice-best-path.cc:99) For utterance 20030010_666, best cost 53.8497 + 1807.06 = 1860.91 over 505 frames.
20030010_666 دوسروں وحشیانہ پراسسنگ ہوئے 
LOG (lattice-best-path[5.5.907~1-cbed4]:main():lattice-best-path.cc:99) For utterance 20030010_667, best cost 83.1308 + 2447.42 = 2530.55 over 731 frames.
20030010_667 کی کے باعث چیچن چلغوزے سوجھی بوسن گئے 
LOG (lattice-best-path[5.5.907~1-cbed4]:main():lattice-best-path.cc:99) For utterance 20030010_668, best cost 86.7784 + 2560.2 = 2646.97 over 739 frames.
20030010_668 سرفہرست ایلوویرا لیجنڈ گردش آرگنائزنگ جانبدار 
LOG (lattice-best-path[5.5.907~1-cbed4]:main():lattice-best-path.cc:99) For utterance 20030010_669, best cost 71.0414 + 2006.98 = 2078.02 over 557 frames.
20030010_669 اور جلدازجلد ہونے سے کے صیہونی جنگجویانہ 
LOG (lattice-best-path[5.5.907~1-cbed4]:main():lattice-best-path.cc:99) For utterance 20030010_670, best cost 64.4601 + 2310.3 = 2374.76 over 653 frames.
20030010_670 پروسیسر سے شیل ضرورت کولیسٹرول 
LOG (lattice-best-path[5.5.907~1-cbed4]:main():lattice-best-path.cc:99) For utterance 20030010_671, best cost 115.598 + 2534.72 = 2650.32 over 712 frames.
20030010_671 پچھتر سوسائٹی بوریت اثرورسوخ اور تصدق چوری میں گوشے جاؤ 
LOG (lattice-best-path[5.5.907~1-cbed4]:main():lattice-best-path.cc:99) For utterance 20030010_672, best cost 86.3091 + 2085.22 = 2171.53 over 626 frames.
20030010_672 کمیشن جنگوں فقدان بسر پاسداری جداگانہ ہے 
LOG (lattice-best-path[5.5.907~1-cbed4]:main():lattice-best-path.cc:99) For utterance 20030010_673, best cost 63.1486 + 2070.28 = 2133.42 over 621 frames.
20030010_673 پڑھائی جاگزیں جو سنگھاسن کے کریں 
LOG (lattice-best-path[5.5.907~1-cbed4]:main():lattice-best-path.cc:99) For utterance 20030010_674, best cost 84.9229 + 2621.37 = 2706.29 over 777 frames.
20030010_674 تشدد پچھتر درآمدات کی حسینی کی کوشش کی 
LOG (lattice-best-path[5.5.907~1-cbed4]:main():lattice-best-path.cc:99) For utterance 20030010_675, best cost 75.0993 + 2355.09 = 2430.19 over 686 frames.
20030010_675 کا جیوری کیلئے تصورات کوتاہی باولنگ 
LOG (lattice-best-path[5.5.907~1-cbed4]:main():lattice-best-path.cc:99) For utterance 20030010_676, best cost 70.2607 + 2067.34 = 2137.6 over 587 frames.
20030010_676 گردش سے چیلنجز کامیاب بچھڑ تھی 
LOG (lattice-best-path[5.5.907~1-cbed4]:main():lattice-best-path.cc:99) For utterance 20030010_677, best cost 97.8346 + 2687.93 = 2785.77 over 788 frames.
20030010_677 انسانیت کی مصیبت بعدازاں موزونیت پروگرام کی برسراقتدار 
LOG (lattice-best-path[5.5.907~1-cbed4]:main():lattice-best-path.cc:99) For utterance 20030010_678, best cost 126.197 + 3908.82 = 4035.02 over 1203 frames.
20030010_678 سبزواری کے پاس براؤزر چاہئے ہینگر چھاؤں جیسے مشعر کے چھ کریں 
LOG (lattice-best-path[5.5.907~1-cbed4]:main():lattice-best-path.cc:99) For utterance 20030010_679, best cost 56.3405 + 1422.72 = 1479.06 over 411 frames.
20030010_679 تولیے تحصیلدار سکتے زچگی 
LOG (lattice-best-path[5.5.907~1-cbed4]:main():lattice-best-path.cc:99) For utterance 20030010_680, best cost 90.8051 + 2322.84 = 2413.65 over 662 frames.
20030010_680 جلدازجلد انفلوئنزا درخور تو پراسسنگ میں کیا جاتا ہے 
LOG (lattice-best-path[5.5.907~1-cbed4]:main():lattice-best-path.cc:99) For utterance 20030010_681, best cost 91.8397 + 2561 = 2652.84 over 755 frames.
20030010_681 تشنج ایشو خواستگار سوگوار ترچھی فگار قصوروار 
LOG (lattice-best-path[5.5.907~1-cbed4]:main():lattice-best-path.cc:99) For utterance 20030010_682, best cost 85.3888 + 2718.18 = 2803.57 over 794 frames.
20030010_682 دیباچہ کی متوجہ تناسب جلوس کے جاسوسی 
LOG (lattice-best-path[5.5.907~1-cbed4]:main():lattice-best-path.cc:99) For utterance 20030010_683, best cost 76.3948 + 2292.69 = 2369.08 over 669 frames.
20030010_683 کی سماجی چقندر میں بھیجے کی زندگی 
LOG (lattice-best-path[5.5.907~1-cbed4]:main():lattice-best-path.cc:99) For utterance 20030010_684, best cost 66.0966 + 2208.78 = 2274.88 over 673 frames.
20030010_684 ملفوظات سے چوڑیاں کی طرح تعاقب 
LOG (lattice-best-path[5.5.907~1-cbed4]:main():lattice-best-path.cc:99) For utterance 20030010_685, best cost 53.7421 + 1772.58 = 1826.32 over 522 frames.
20030010_685 دستاویزی رنجش استغاثہ دو 
LOG (lattice-best-path[5.5.907~1-cbed4]:main():lattice-best-path.cc:99) For utterance 20030010_686, best cost 75.4502 + 2288.52 = 2363.97 over 671 frames.
20030010_686 سفیدے ضخیم خوشخبری میں سوچا بچّو 
LOG (lattice-best-path[5.5.907~1-cbed4]:main():lattice-best-path.cc:99) For utterance 20030010_687, best cost 123.718 + 3068.47 = 3192.18 over 885 frames.
20030010_687 ساخت اثرورسوخ صادق اودھم چار پراسسنگ کھا کر ترجمان افزودگی 
LOG (lattice-best-path[5.5.907~1-cbed4]:main():lattice-best-path.cc:99) For utterance 20030010_688, best cost 112.55 + 3615.18 = 3727.73 over 1064 frames.
20030010_688 ہچکچاہٹ دلچسپی مجوزہ اور چیخنے مقام کے قرارداد ہجوں 
LOG (lattice-best-path[5.5.907~1-cbed4]:main():lattice-best-path.cc:99) For utterance 20030010_689, best cost 85.9077 + 2199.88 = 2285.78 over 625 frames.
20030010_689 دوچند اجازت یزدانی اور پراسسنگ پسند جائے 
LOG (lattice-best-path[5.5.907~1-cbed4]:main():lattice-best-path.cc:99) For utterance 20030010_690, best cost 43.4417 + 1385.57 = 1429.01 over 384 frames.
20030010_690 تسلسل ترجمانی جاتا ہے 
LOG (lattice-best-path[5.5.907~1-cbed4]:main():lattice-best-path.cc:99) For utterance 20030010_691, best cost 96.2346 + 2439.48 = 2535.72 over 712 frames.
20030010_691 چڑچڑے کیا فاجر دنیاوی سے بظاہر بالاخر ٹھونس دیئے 
LOG (lattice-best-path[5.5.907~1-cbed4]:main():lattice-best-path.cc:99) For utterance 20030010_692, best cost 101.093 + 2406.09 = 2507.18 over 703 frames.
20030010_692 تخلص تھانیدار ٹیڑھے زلزلے اٹھائیس زندگی خاطر بڑھاوں 
LOG (lattice-best-path[5.5.907~1-cbed4]:main():lattice-best-path.cc:99) For utterance 20030010_693, best cost 55.5045 + 1680.24 = 1735.75 over 493 frames.
20030010_693 بحیثیت گردوغبار قدآدم دو 
LOG (lattice-best-path[5.5.907~1-cbed4]:main():lattice-best-path.cc:99) For utterance 20030010_694, best cost 85.5196 + 2931.98 = 3017.5 over 853 frames.
20030010_694 پچاس اشفاق اثاثوں جیسی تعاقب چقندر 
LOG (lattice-best-path[5.5.907~1-cbed4]:main():lattice-best-path.cc:99) For utterance 20030010_695, best cost 77.4179 + 2010.73 = 2088.15 over 596 frames.
20030010_695 ہچکچاہٹ جانے پنجروں پر چیچک اخبارنویسوں 
LOG (lattice-best-path[5.5.907~1-cbed4]:main():lattice-best-path.cc:99) For utterance 20030010_696, best cost 89.1534 + 2020.37 = 2109.52 over 612 frames.
20030010_696 تشخص ایجنسیز فضول افزودگی تیزگام سیاست تھا 
LOG (lattice-best-path[5.5.907~1-cbed4]:main():lattice-best-path.cc:99) For utterance 20030010_697, best cost 54.1867 + 1540.57 = 1594.75 over 465 frames.
20030010_697 پراسسنگ بغیر زندگی درآمدات 
LOG (lattice-best-path[5.5.907~1-cbed4]:main():lattice-best-path.cc:99) For utterance 20030010_698, best cost 74.3558 + 1553.04 = 1627.4 over 474 frames.
20030010_698 بعدازاں جوڈیشل باخبر استاد چیچن گا 
LOG (lattice-best-path[5.5.907~1-cbed4]:main():lattice-best-path.cc:99) For utterance 20030010_699, best cost 72.3775 + 2006.45 = 2078.83 over 587 frames.
20030010_699 تجویز فاجر پرخچے غیردانشمندانہ سوچوں 
LOG (lattice-best-path[5.5.907~1-cbed4]:main():lattice-best-path.cc:99) For utterance 20030010_700, best cost 77.285 + 1983.54 = 2060.83 over 561 frames.
20030010_700 کو ساتھیوں کی وزیرداخلہ جھگڑے خصوصا کو 
LOG (lattice-best-path[5.5.907~1-cbed4]:main():lattice-best-path.cc:99) For utterance 20030010_701, best cost 90.2051 + 2708.52 = 2798.72 over 808 frames.
20030010_701 بازو سامان وزیرداخلہ زیرعنوان تنازع گذر جائے 
LOG (lattice-best-path[5.5.907~1-cbed4]:main():lattice-best-path.cc:99) For utterance 20030010_702, best cost 85.2171 + 2064.85 = 2150.06 over 608 frames.
20030010_702 کیفے اثرورسوخ میں کھڑے خوشہ صاحب آشوب 
LOG (lattice-best-path[5.5.907~1-cbed4]:main():lattice-best-path.cc:99) For utterance 20030010_703, best cost 74.9462 + 2165.23 = 2240.17 over 647 frames.
20030010_703 پیدائش سمفنی چینی کے گردوغبار سکتا ہے 
LOG (lattice-best-path[5.5.907~1-cbed4]:main():lattice-best-path.cc:99) For utterance 20030010_704, best cost 96.7945 + 2566.53 = 2663.33 over 766 frames.
20030010_704 چارجز شدہ ایگلز سرنجیں گجراتی چراغاں پراسیس 
LOG (lattice-best-path[5.5.907~1-cbed4]:main():lattice-best-path.cc:99) For utterance 20030010_705, best cost 61.372 + 1990.92 = 2052.29 over 578 frames.
20030010_705 بااثر انٹرفیس تجارت پاکیزگی 
LOG (lattice-best-path[5.5.907~1-cbed4]:main():lattice-best-path.cc:99) For utterance 20030010_706, best cost 52.8781 + 2134.41 = 2187.29 over 627 frames.
20030010_706 استعفے سے تجربات مرچوں 
LOG (lattice-best-path[5.5.907~1-cbed4]:main():lattice-best-path.cc:99) For utterance 20030010_707, best cost 41.707 + 1538.85 = 1580.56 over 449 frames.
20030010_707 عزیزواقارب پرنیا کریں 
LOG (lattice-best-path[5.5.907~1-cbed4]:main():lattice-best-path.cc:99) For utterance 20030010_708, best cost 82.0713 + 1875.82 = 1957.89 over 548 frames.
20030010_708 چمچے نظر گرمجوشی پاسداری خاموش سمجھائیں 
LOG (lattice-best-path[5.5.907~1-cbed4]:main():lattice-best-path.cc:99) For utterance 20030013_601, best cost 89.8764 + 2838.95 = 2928.83 over 952 frames.
20030013_601 واقعتاً توصیف کے کالجوں سیمینار ڈیویلپمنٹ کنونشن 
LOG (lattice-best-path[5.5.907~1-cbed4]:main():lattice-best-path.cc:99) For utterance 20030013_602, best cost 118.826 + 3691.3 = 3810.12 over 1201 frames.
20030013_602 گردوغبار ڈیویلپر پر کے مرغابیوں خورشید پالیسیوں پیچیدگیوں تصورات 
LOG (lattice-best-path[5.5.907~1-cbed4]:main():lattice-best-path.cc:99) For utterance 20030013_603, best cost 98.3396 + 2666.71 = 2765.05 over 875 frames.
20030013_603 چاچو کرنے کے بعد زیرعنوان برطرفی میں بےقصور ہزارویں 
LOG (lattice-best-path[5.5.907~1-cbed4]:main():lattice-best-path.cc:99) For utterance 20030013_604, best cost 85.6202 + 2780.23 = 2865.85 over 920 frames.
20030013_604 چندھیا ایقان کی کارکردگی کا سنگھاسن طرزفکر 
LOG (lattice-best-path[5.5.907~1-cbed4]:main():lattice-best-path.cc:99) For utterance 20030013_605, best cost 66.1564 + 1831.17 = 1897.33 over 606 frames.
20030013_605 سوزش ورچوئل پیشنگوئی دب کریں 
LOG (lattice-best-path[5.5.907~1-cbed4]:main():lattice-best-path.cc:99) For utterance 20030013_606, best cost 69.2942 + 1971.69 = 2040.99 over 638 frames.
20030013_606 کچوکے نامور سیسموگراف اس بلبل 
LOG (lattice-best-path[5.5.907~1-cbed4]:main():lattice-best-path.cc:99) For utterance 20030013_607, best cost 56.4381 + 1359.58 = 1416.02 over 440 frames.
20030013_607 تسلسل ترجیحات زمین باندھیں 
LOG (lattice-best-path[5.5.907~1-cbed4]:main():lattice-best-path.cc:99) For utterance 20030013_608, best cost 77.7607 + 2350.11 = 2427.87 over 798 frames.
20030013_608 قدآدم قفس پردھان چغتائی دوچند ہوئی 
LOG (lattice-best-path[5.5.907~1-cbed4]:main():lattice-best-path.cc:99) For utterance 20030013_609, best cost 74.7126 + 2002.21 = 2076.92 over 651 frames.
20030013_609 تصورات افسردہ لفظوں گردوغبار فزیوتھراپسٹ 
LOG (lattice-best-path[5.5.907~1-cbed4]:main():lattice-best-path.cc:99) For utterance 20030013_610, best cost 72.628 + 2438.06 = 2510.69 over 792 frames.
20030013_610 پراسیس وفاقی وزیرخارجہ فزیوتھراپسٹ موردالزام ہیں 
LOG (lattice-best-path[5.5.907~1-cbed4]:main():lattice-best-path.cc:99) For utterance 20030013_611, best cost 61.858 + 1761.06 = 1822.92 over 580 frames.
20030013_611 سرنجیں وافر ایڈورٹائزنگ کے ساتھ ہے 
LOG (lattice-best-path[5.5.907~1-cbed4]:main():lattice-best-path.cc:99) For utterance 20030013_612, best cost 80.5166 + 2464.1 = 2544.61 over 804 frames.
20030013_612 تبدیلی افسران برخلاف سفر اخوندزادہ اور 
LOG (lattice-best-path[5.5.907~1-cbed4]:main():lattice-best-path.cc:99) For utterance 20030013_613, best cost 41.428 + 1292.27 = 1333.69 over 414 frames.
20030013_613 خانقاہوں ازدواجی دیتا 
LOG (lattice-best-path[5.5.907~1-cbed4]:main():lattice-best-path.cc:99) For utterance 20030013_614, best cost 59.5079 + 1624.42 = 1683.93 over 523 frames.
20030013_614 وقوف ایفروایشین اضافہ مصروفیت 
LOG (lattice-best-path[5.5.907~1-cbed4]:main():lattice-best-path.cc:99) For utterance 20030013_615, best cost 106.196 + 3212.59 = 3318.78 over 1105 frames.
20030013_615 خیرخواہ چیلنجز اثرورسوخ کرتے ہوئے جمخانہ تبدیلی مہربانیوں 
LOG (lattice-best-path[5.5.907~1-cbed4]:main():lattice-best-path.cc:99) For utterance 20030013_616, best cost 119.873 + 2959.51 = 3079.38 over 977 frames.
20030013_616 تاجور اور میں جلوسوں فروزاں سے گردیزی تبسم دیانتدار پیدا کیا 
LOG (lattice-best-path[5.5.907~1-cbed4]:main():lattice-best-path.cc:99) For utterance 20030013_617, best cost 62.6747 + 1919.87 = 1982.55 over 632 frames.
20030013_617 حامد ریزولوشن بالواسطہ دلبرداشتہ 
LOG (lattice-best-path[5.5.907~1-cbed4]:main():lattice-best-path.cc:99) For utterance 20030013_618, best cost 66.3559 + 2267.06 = 2333.42 over 734 frames.
20030013_618 اخبارنویسوں سازوسامان خزانہ ٹرانسپیرنسی ہے 
LOG (lattice-best-path[5.5.907~1-cbed4]:main():lattice-best-path.cc:99) For utterance 20030013_619, best cost 25.7414 + 1380.96 = 1406.7 over 440 frames.
20030013_619 فزیوتھراپسٹ 
LOG (lattice-best-path[5.5.907~1-cbed4]:main():lattice-best-path.cc:99) For utterance 20030013_620, best cost 65.5681 + 2688.78 = 2754.35 over 900 frames.
20030013_620 جلوسوں ویلوٹ بجھائی تیقن 
LOG (lattice-best-path[5.5.907~1-cbed4]:main():lattice-best-path.cc:99) For utterance 20030013_621, best cost 94.1139 + 2333.51 = 2427.63 over 779 frames.
20030013_621 گوجر ڈزاسٹر سفیدی معاون چیمپئینز پچاسویں دیکھیں 
LOG (lattice-best-path[5.5.907~1-cbed4]:main():lattice-best-path.cc:99) For utterance 20030013_622, best cost 69.1108 + 2002.93 = 2072.04 over 657 frames.
20030013_622 وزیرخارجہ فکروعمل جانبدار میں سیونگ 
LOG (lattice-best-path[5.5.907~1-cbed4]:main():lattice-best-path.cc:99) For utterance 20030013_623, best cost 52.1098 + 1680.35 = 1732.46 over 574 frames.
20030013_623 پیداوار قصوروار سنگسار گیا 
LOG (lattice-best-path[5.5.907~1-cbed4]:main():lattice-best-path.cc:99) For utterance 20030013_624, best cost 99.7607 + 2583.33 = 2683.1 over 811 frames.
20030013_624 فلسفے خوشبوئیں تیزرفتار صوفیانہ سپرنٹنڈنٹ سندھیوں وجوہات 
LOG (lattice-best-path[5.5.907~1-cbed4]:main():lattice-best-path.cc:99) For utterance 20030013_625, best cost 73.9014 + 2266.32 = 2340.22 over 696 frames.
20030013_625 خوشیوں ازدواجی بھانجے طبیعت مالیخولیا 
LOG (lattice-best-path[5.5.907~1-cbed4]:main():lattice-best-path.cc:99) For utterance 20030013_626, best cost 46.4036 + 1326.35 = 1372.75 over 420 frames.
20030013_626 غیرضروری ناخواندگی اندھادھند 
LOG (lattice-best-path[5.5.907~1-cbed4]:main():lattice-best-path.cc:99) For utterance 20030013_627, best cost 79.8411 + 2718.76 = 2798.6 over 926 frames.
20030013_627 خدانخواستہ مودبانہ میں تیروں کے طوفان تھا 
LOG (lattice-best-path[5.5.907~1-cbed4]:main():lattice-best-path.cc:99) For utterance 20030013_628, best cost 73.5873 + 2035.71 = 2109.29 over 644 frames.
20030013_628 پچاسویں پارلیمنٹرین انہونی پرچھائیاں خصوصی 
LOG (lattice-best-path[5.5.907~1-cbed4]:main():lattice-best-path.cc:99) For utterance 20030013_629, best cost 91.898 + 2768.9 = 2860.8 over 894 frames.
20030013_629 جیوئش والوں کے تعاقب میں کی آبدوزیں متحدہ کے ساتھ 
LOG (lattice-best-path[5.5.907~1-cbed4]:main():lattice-best-path.cc:99) For utterance 20030013_630, best cost 70.4893 + 1946.4 = 2016.89 over 606 frames.
20030013_630 کیا عزیزواقارب چارجز سے سے تعمیر 
LOG (lattice-best-path[5.5.907~1-cbed4]:main():lattice-best-path.cc:99) For utterance 20030013_631, best cost 73.13 + 2707.1 = 2780.23 over 843 frames.
20030013_631 سے عزیزواقارب فریب پروفیسر برسراقتدار 
LOG (lattice-best-path[5.5.907~1-cbed4]:main():lattice-best-path.cc:99) For utterance 20030013_632, best cost 100.548 + 3100.94 = 3201.48 over 1009 frames.
20030013_632 وزیرداخلہ یقین جھنجھوڑ منجدھار کھجوریں بسائیں سلطان 
LOG (lattice-best-path[5.5.907~1-cbed4]:main():lattice-best-path.cc:99) For utterance 20030013_633, best cost 94.4309 + 2884.62 = 2979.05 over 913 frames.
20030013_633 غیردانشمندانہ فلسطینی ٹیکنالوجیز رنجیدہ سیسے چنیوٹی سے 
LOG (lattice-best-path[5.5.907~1-cbed4]:main():lattice-best-path.cc:99) For utterance 20030013_634, best cost 50.0863 + 1567.81 = 1617.9 over 497 frames.
20030013_634 خویش انسان کلومیٹر ہے 
LOG (lattice-best-path[5.5.907~1-cbed4]:main():lattice-best-path.cc:99) For utterance 20030013_635, best cost 59.1174 + 2315.13 = 2374.25 over 734 frames.
20030013_635 دارلخلافہ غیردانشمندانہ مؤثر ثقافت 
LOG (lattice-best-path[5.5.907~1-cbed4]:main():lattice-best-path.cc:99) For utterance 20030013_636, best cost 73.5877 + 2052.98 = 2126.56 over 657 frames.
20030013_636 خوشنودی جھگی پراسسنگ نوجوان ڈاکوؤں 
LOG (lattice-best-path[5.5.907~1-cbed4]:main():lattice-best-path.cc:99) For utterance 20030013_637, best cost 82.0154 + 2113.55 = 2195.56 over 696 frames.
20030013_637 خسارے شاہنواز کمیونٹی دیوہیکل نادر ہوئیں 
LOG (lattice-best-path[5.5.907~1-cbed4]:main():lattice-best-path.cc:99) For utterance 20030013_638, best cost 71.3433 + 2319.49 = 2390.83 over 760 frames.
20030013_638 کانووکیشن میں پانچویں پرتعیش کلاسز ہے 
LOG (lattice-best-path[5.5.907~1-cbed4]:main():lattice-best-path.cc:99) For utterance 20030013_639, best cost 91.5133 + 2649.36 = 2740.88 over 868 frames.
20030013_639 ہیلتھ ایڈووکیٹ پرنسپل ذوالفقار کی وجہ سے دوست ہیں 
LOG (lattice-best-path[5.5.907~1-cbed4]:main():lattice-best-path.cc:99) For utterance 20030013_640, best cost 85.773 + 2416.44 = 2502.21 over 760 frames.
20030013_640 تبدیلیاں گھنگریالے ظریفی بازیچہ بدہضمی روزگار 
LOG (lattice-best-path[5.5.907~1-cbed4]:main():lattice-best-path.cc:99) For utterance 20030013_641, best cost 58.0125 + 1500.47 = 1558.48 over 465 frames.
20030013_641 کولیسٹرول ایشو کاغذات مزید 
LOG (lattice-best-path[5.5.907~1-cbed4]:main():lattice-best-path.cc:99) For utterance 20030013_642, best cost 58.6055 + 1829.88 = 1888.49 over 574 frames.
20030013_642 اخوندزادہ سے بوگس کی طاغوتی 
LOG (lattice-best-path[5.5.907~1-cbed4]:main():lattice-best-path.cc:99) For utterance 20030013_643, best cost 71.3402 + 2271.65 = 2342.99 over 734 frames.
20030013_643 فوجیں کریں اور درسگاہوں اور حادثاتی ہیں 
LOG (lattice-best-path[5.5.907~1-cbed4]:main():lattice-best-path.cc:99) For utterance 20030013_644, best cost 61.1472 + 2270.61 = 2331.75 over 683 frames.
20030013_644 تجزیے تصورات پتھالوجسٹ برسراقتدار ہے 
LOG (lattice-best-path[5.5.907~1-cbed4]:main():lattice-best-path.cc:99) For utterance 20030013_645, best cost 58.9824 + 1867.77 = 1926.75 over 580 frames.
20030013_645 زیرقیادت اثرورسوخ کرنے کے پاس ہے 
LOG (lattice-best-path[5.5.907~1-cbed4]:main():lattice-best-path.cc:99) For utterance 20030013_646, best cost 69.6446 + 1872.81 = 1942.46 over 587 frames.
20030013_646 سامنے واگذار سوویت بیوروکریسی کرنے کریں 
LOG (lattice-best-path[5.5.907~1-cbed4]:main():lattice-best-path.cc:99) For utterance 20030013_647, best cost 43.3384 + 1472.95 = 1516.29 over 452 frames.
20030013_647 سرفراز وجود سکتا ہے 
LOG (lattice-best-path[5.5.907~1-cbed4]:main():lattice-best-path.cc:99) For utterance 20030013_648, best cost 34.7528 + 1427.92 = 1462.68 over 440 frames.
20030013_648 بزنس تجربات 
LOG (lattice-best-path[5.5.907~1-cbed4]:main():lattice-best-path.cc:99) For utterance 20030013_649, best cost 50.6653 + 1895.44 = 1946.11 over 600 frames.
20030013_649 تفاوت ایگزیکٹو بتدریج 
LOG (lattice-best-path[5.5.907~1-cbed4]:main():lattice-best-path.cc:99) For utterance 20030013_650, best cost 67.4079 + 2149.95 = 2217.36 over 670 frames.
20030013_650 استفادے زبردست یگانگت ٹرانسفر کیا 
LOG (lattice-best-path[5.5.907~1-cbed4]:main():lattice-best-path.cc:99) For utterance 20030013_651, best cost 67.6063 + 1700.57 = 1768.17 over 548 frames.
20030013_651 دکھاوے چوتھی پوشیدہ پروگریسیو کی ہے 
LOG (lattice-best-path[5.5.907~1-cbed4]:main():lattice-best-path.cc:99) For utterance 20030013_652, best cost 64.8938 + 2267.18 = 2332.07 over 696 frames.
20030013_652 طرزفکر کیلئے طاغوتی سپردخاک سے 
LOG (lattice-best-path[5.5.907~1-cbed4]:main():lattice-best-path.cc:99) For utterance 20030013_653, best cost 50.1721 + 1906.28 = 1956.45 over 600 frames.
20030013_653 طرزفکر طرزفکر کوسوں 
LOG (lattice-best-path[5.5.907~1-cbed4]:main():lattice-best-path.cc:99) For utterance 20030013_654, best cost 66.4992 + 2365.11 = 2431.6 over 734 frames.
20030013_654 کرفیو تذبذب سے دوررس ترمذی 
LOG (lattice-best-path[5.5.907~1-cbed4]:main():lattice-best-path.cc:99) For utterance 20030013_655, best cost 60.5233 + 1902.88 = 1963.4 over 600 frames.
20030013_655 پراسسنگ اور پر گزارنے پراسیس 
LOG (lattice-best-path[5.5.907~1-cbed4]:main():lattice-best-path.cc:99) For utterance 20030013_656, best cost 50.7171 + 2379.14 = 2429.86 over 734 frames.
20030013_656 وزیرداخلہ قیصر چنگیزی پرسش 
LOG (lattice-best-path[5.5.907~1-cbed4]:main():lattice-best-path.cc:99) For utterance 20030013_657, best cost 35.2234 + 1712.88 = 1748.1 over 542 frames.
20030013_657 تضحیک ایڈورٹائزنگ 
LOG (lattice-best-path[5.5.907~1-cbed4]:main():lattice-best-path.cc:99) For utterance 20030013_658, best cost 54.1147 + 1778.67 = 1832.79 over 561 frames.
20030013_658 لفظیات جلوس کی تاثرات 
LOG (lattice-best-path[5.5.907~1-cbed4]:main():lattice-best-path.cc:99) For utterance 20030013_659, best cost 72.2414 + 2008.52 = 2080.76 over 619 frames.
20030013_659 پیچیدگیوں سیروسیاحت حوصلہ توضیح دسویں 
LOG (lattice-best-path[5.5.907~1-cbed4]:main():lattice-best-path.cc:99) For utterance 20030013_660, best cost 34.0657 + 1239.99 = 1274.05 over 401 frames.
20030013_660 پروڈکٹیو تذبذب 
LOG (lattice-best-path[5.5.907~1-cbed4]:main():lattice-best-path.cc:99) For utterance 20030013_661, best cost 27.4242 + 1298.1 = 1325.52 over 427 frames.
20030013_661 پریشر کریں 
LOG (lattice-best-path[5.5.907~1-cbed4]:main():lattice-best-path.cc:99) For utterance 20030013_662, best cost 44.5817 + 1650.5 = 1695.08 over 529 frames.
20030013_662 تجوریاں سیروسیاحت کیا گیا 
LOG (lattice-best-path[5.5.907~1-cbed4]:main():lattice-best-path.cc:99) For utterance 20030013_663, best cost 72.6293 + 2297.06 = 2369.69 over 753 frames.
20030013_663 سیاست پروفیسر طیب دیتی دبیز ہوئے 
LOG (lattice-best-path[5.5.907~1-cbed4]:main():lattice-best-path.cc:99) For utterance 20030013_664, best cost 57.7656 + 2183.03 = 2240.8 over 715 frames.
20030013_664 پراسیس کرنے والے پروگریسیو کریں 
LOG (lattice-best-path[5.5.907~1-cbed4]:main():lattice-best-path.cc:99) For utterance 20030013_665, best cost 45.9253 + 1493.3 = 1539.23 over 484 frames.
20030013_665 فیضان ایجنسیز بفرزون 
LOG (lattice-best-path[5.5.907~1-cbed4]:main():lattice-best-path.cc:99) For utterance 20030013_666, best cost 56.3223 + 1660.32 = 1716.64 over 529 frames.
20030013_666 کو سیروسیاحت واقفیت غیرضروری ہے 
LOG (lattice-best-path[5.5.907~1-cbed4]:main():lattice-best-path.cc:99) For utterance 20030013_667, best cost 55.972 + 1607.67 = 1663.64 over 504 frames.
20030013_667 کی جیسے دلسوزی موجزن ہوئی 
LOG (lattice-best-path[5.5.907~1-cbed4]:main():lattice-best-path.cc:99) For utterance 20030013_668, best cost 69.2456 + 2345.01 = 2414.25 over 747 frames.
20030013_668 سبزواری کے توجہ بظاہر تیزرفتار 
LOG (lattice-best-path[5.5.907~1-cbed4]:main():lattice-best-path.cc:99) For utterance 20030013_669, best cost 53.4774 + 1807.59 = 1861.07 over 548 frames.
20030013_669 خضوع فروزاں کے سیروسیاحت 
LOG (lattice-best-path[5.5.907~1-cbed4]:main():lattice-best-path.cc:99) For utterance 20030013_670, best cost 52.6675 + 1741.17 = 1793.84 over 574 frames.
20030013_670 اضافے جیسے سرویئر کرو 
LOG (lattice-best-path[5.5.907~1-cbed4]:main():lattice-best-path.cc:99) For utterance 20030013_671, best cost 79.538 + 2480.34 = 2559.88 over 772 frames.
20030013_671 استغاثہ سرفراز اور سوری سوزوکی ہو کر دیا 
LOG (lattice-best-path[5.5.907~1-cbed4]:main():lattice-best-path.cc:99) For utterance 20030013_672, best cost 54.5579 + 2072.87 = 2127.43 over 632 frames.
20030013_672 انٹیلیجینس زدہ برسراقتدار کیا 
LOG (lattice-best-path[5.5.907~1-cbed4]:main():lattice-best-path.cc:99) For utterance 20030013_673, best cost 63.6502 + 1759.04 = 1822.69 over 555 frames.
20030013_673 پڑھائی کے ساتھ کلاسز بغیر کرتا ہے 
LOG (lattice-best-path[5.5.907~1-cbed4]:main():lattice-best-path.cc:99) For utterance 20030013_674, best cost 79.4401 + 2559.76 = 2639.2 over 772 frames.
20030013_674 بھیجیں پروجیکٹ برساتا قوانین اسی پوچھیں 
LOG (lattice-best-path[5.5.907~1-cbed4]:main():lattice-best-path.cc:99) For utterance 20030013_675, best cost 69.9794 + 1639.34 = 1709.32 over 529 frames.
20030013_675 کھینچیں پروجیکٹ سوچے باخبر دوڑائیں 
LOG (lattice-best-path[5.5.907~1-cbed4]:main():lattice-best-path.cc:99) For utterance 20030013_676, best cost 56.5881 + 1850.37 = 1906.96 over 568 frames.
20030013_676 کنفیوژ ایجنسیز ہسپانوی سکتیں 
LOG (lattice-best-path[5.5.907~1-cbed4]:main():lattice-best-path.cc:99) For utterance 20030013_677, best cost 103.745 + 2818.2 = 2921.95 over 926 frames.
20030013_677 انسان ایکویٹی کی وفاؤں سوئی اوپر گائنی پھیرتے پیدا 
LOG (lattice-best-path[5.5.907~1-cbed4]:main():lattice-best-path.cc:99) For utterance 20030013_678, best cost 110.305 + 3098.71 = 3209.02 over 971 frames.
20030013_678 سسٹم اور کے بغیر پائیدار سزائیں پہنچتے سمجھتے جید کریں 
LOG (lattice-best-path[5.5.907~1-cbed4]:main():lattice-best-path.cc:99) For utterance 20030013_679, best cost 56.8235 + 1413.05 = 1469.87 over 446 frames.
20030013_679 کوڑیاں بسیار زیدی زچگی 
LOG (lattice-best-path[5.5.907~1-cbed4]:main():lattice-best-path.cc:99) For utterance 20030013_680, best cost 60.5158 + 2107.39 = 2167.91 over 683 frames.
20030013_680 تذبذب توقعات برسراقتدار سکتا ہے 
LOG (lattice-best-path[5.5.907~1-cbed4]:main():lattice-best-path.cc:99) For utterance 20030013_681, best cost 71.6884 + 1832.93 = 1904.62 over 587 frames.
20030013_681 ورزش وزیرداخلہ گوبر پیچیدہ بزرگ 
LOG (lattice-best-path[5.5.907~1-cbed4]:main():lattice-best-path.cc:99) For utterance 20030013_682, best cost 70.8644 + 2327.84 = 2398.71 over 753 frames.
20030013_682 دیباچہ ریسکیو پر غیرضروری ہے جو ہے 
LOG (lattice-best-path[5.5.907~1-cbed4]:main():lattice-best-path.cc:99) For utterance 20030013_683, best cost 90.9344 + 2094.78 = 2185.72 over 657 frames.
20030013_683 کے سمگلروں تک کے ترمذی کرتی کی کے سے کریں 
LOG (lattice-best-path[5.5.907~1-cbed4]:main():lattice-best-path.cc:99) For utterance 20030013_684, best cost 39.6224 + 1825.62 = 1865.24 over 593 frames.
20030013_684 پرائیوٹائزیشن کے کرتا ہے 
LOG (lattice-best-path[5.5.907~1-cbed4]:main():lattice-best-path.cc:99) For utterance 20030013_685, best cost 54.0247 + 1411.3 = 1465.32 over 446 frames.
20030013_685 دستاویزی تسلسل سپاسنامہ کرو 
LOG (lattice-best-path[5.5.907~1-cbed4]:main():lattice-best-path.cc:99) For utterance 20030013_686, best cost 80.1984 + 2457.7 = 2537.89 over 772 frames.
20030013_686 کرنے کے ساتھ کے لیے پر زیرانتظام سوچا پوچھیں 
LOG (lattice-best-path[5.5.907~1-cbed4]:main():lattice-best-path.cc:99) For utterance 20030013_687, best cost 93.103 + 2277.45 = 2370.55 over 721 frames.
20030013_687 چلغوزے دستاویزات دیوی ابواب پراسسنگ پرسکون کریں 
LOG (lattice-best-path[5.5.907~1-cbed4]:main():lattice-best-path.cc:99) For utterance 20030013_688, best cost 77.4721 + 2578.3 = 2655.77 over 836 frames.
20030013_688 پر بیچارے جلدازجلد استعمال ہوے پیروکاروں 
LOG (lattice-best-path[5.5.907~1-cbed4]:main():lattice-best-path.cc:99) For utterance 20030013_689, best cost 74.9858 + 2338.7 = 2413.69 over 753 frames.
20030013_689 وجود برسراقتدار کوریوگرافر سے پچھتر کریں 
LOG (lattice-best-path[5.5.907~1-cbed4]:main():lattice-best-path.cc:99) For utterance 20030013_690, best cost 40.919 + 1307.45 = 1348.37 over 414 frames.
20030013_690 کیموتھراپی ریزولوشن جمیعت 
LOG (lattice-best-path[5.5.907~1-cbed4]:main():lattice-best-path.cc:99) For utterance 20030013_691, best cost 52.1953 + 1809.46 = 1861.66 over 606 frames.
20030013_691 زیرقیادت زیرانتظام باادب 
LOG (lattice-best-path[5.5.907~1-cbed4]:main():lattice-best-path.cc:99) For utterance 20030013_692, best cost 66.4665 + 2235.72 = 2302.18 over 721 frames.
20030013_692 اخوندزادہ کے سیروسیاحت ٹری کے کریں 
LOG (lattice-best-path[5.5.907~1-cbed4]:main():lattice-best-path.cc:99) For utterance 20030013_693, best cost 54.4169 + 1514.97 = 1569.39 over 491 frames.
20030013_693 پھیرتے زیرقیادت دارلخلافہ کو 
LOG (lattice-best-path[5.5.907~1-cbed4]:main():lattice-best-path.cc:99) For utterance 20030013_694, best cost 75.1452 + 2000.15 = 2075.29 over 664 frames.
20030013_694 توجہ بادشاہ دستاویزات وظیفہ ہوشربا ہے 
LOG (lattice-best-path[5.5.907~1-cbed4]:main():lattice-best-path.cc:99) For utterance 20030013_695, best cost 59.8289 + 1708.03 = 1767.86 over 568 frames.
20030013_695 کھلیں خزانہ روغن جداگانہ 
LOG (lattice-best-path[5.5.907~1-cbed4]:main():lattice-best-path.cc:99) For utterance 20030013_696, best cost 54.4772 + 1785.18 = 1839.65 over 593 frames.
20030013_696 کے سپاسنامہ سمجھو پرائیوٹائزیشن 
LOG (lattice-best-path[5.5.907~1-cbed4]:main():lattice-best-path.cc:99) For utterance 20030013_697, best cost 54.6422 + 1512.29 = 1566.93 over 497 frames.
20030013_697 تو فرانسیسی کینیڈین وباؤں 
LOG (lattice-best-path[5.5.907~1-cbed4]:main():lattice-best-path.cc:99) For utterance 20030013_698, best cost 49.737 + 2115.09 = 2164.82 over 721 frames.
20030013_698 کانووکیشن کا باعث والدین 
LOG (lattice-best-path[5.5.907~1-cbed4]:main():lattice-best-path.cc:99) For utterance 20030013_699, best cost 61.0911 + 1875.41 = 1936.5 over 625 frames.
20030013_699 فزیوتھراپسٹ جیون غیردانشمندانہ سوچوں 
LOG (lattice-best-path[5.5.907~1-cbed4]:main():lattice-best-path.cc:99) For utterance 20030013_700, best cost 69.3752 + 1818.11 = 1887.48 over 587 frames.
20030013_700 کو سرہندی تغافل جوڈیشل کمزور ہیں 
LOG (lattice-best-path[5.5.907~1-cbed4]:main():lattice-best-path.cc:99) For utterance 20030013_701, best cost 74.7079 + 2195.34 = 2270.05 over 728 frames.
20030013_701 ممانعت وجوہات زیورات مصوروں پسماندہ 
LOG (lattice-best-path[5.5.907~1-cbed4]:main():lattice-best-path.cc:99) For utterance 20030013_702, best cost 79.2932 + 2038.96 = 2118.25 over 683 frames.
20030013_702 کیفے اصلاحات کی دھوپ میں صوفیانہ دیباچہ 
LOG (lattice-best-path[5.5.907~1-cbed4]:main():lattice-best-path.cc:99) For utterance 20030013_703, best cost 55.9646 + 1478.87 = 1534.83 over 465 frames.
20030013_703 تسلسل جھینگے خدانخواستہ کرتا ہے 
LOG (lattice-best-path[5.5.907~1-cbed4]:main():lattice-best-path.cc:99) For utterance 20030013_704, best cost 82.3442 + 2005.69 = 2088.04 over 676 frames.
20030013_704 چغتائی سے متنازعہ رنجیدہ دلبرداشتہ پراسیس ہیں 
LOG (lattice-best-path[5.5.907~1-cbed4]:main():lattice-best-path.cc:99) For utterance 20030013_705, best cost 46.7522 + 1511.81 = 1558.56 over 491 frames.
20030013_705 ہراساں تلمیحات ٹرانزسٹر 
LOG (lattice-best-path[5.5.907~1-cbed4]:main():lattice-best-path.cc:99) For utterance 20030013_706, best cost 46.2248 + 1155.68 = 1201.91 over 363 frames.
20030013_706 مصحفی ہذیانی پنجابی 
LOG (lattice-best-path[5.5.907~1-cbed4]:main():lattice-best-path.cc:99) For utterance 20030013_707, best cost 47.6057 + 1370.42 = 1418.03 over 452 frames.
20030013_707 باجوہ جالندھری جنگجویانہ ہے 
LOG (lattice-scale[5.5.907~1-cbed4]:main():lattice-scale.cc:107) Done 432 lattices.
LOG (lattice-add-penalty[5.5.907~1-cbed4]:main():lattice-add-penalty.cc:62) Done adding word insertion penalty to 432 lattices.
LOG (lattice-best-path[5.5.907~1-cbed4]:main():lattice-best-path.cc:99) For utterance 20030013_708, best cost 55.1106 + 1894.36 = 1949.47 over 606 frames.
20030013_708 حسینی دستاویزی کا تمسخر 
LOG (lattice-best-path[5.5.907~1-cbed4]:main():lattice-best-path.cc:124) Overall cost per frame is 3.29786 = 0.104057 [graph] + 3.1938 [acoustic] over 354849 frames.
LOG (lattice-best-path[5.5.907~1-cbed4]:main():lattice-best-path.cc:128) Done 432 lattices, failed for 0
# Accounting: time=37 threads=1
# Ended (code 0) at Thu Apr 22 12:24:10 PKT 2021, elapsed time 37 seconds
