# lattice-depth-per-frame "ark:gunzip -c exp/tri3/decode/lat.1.gz|" "ark,t:|gzip -c > exp/tri3/decode/depth_tmp.1.gz" ark:- | lattice-best-path --acoustic-scale=0.1 ark:- ark:/dev/null "ark,t:|gzip -c >exp/tri3/decode/ali_tmp.1.gz" 
# Started at Wed Apr 21 07:01:52 PKT 2021
#
lattice-depth-per-frame 'ark:gunzip -c exp/tri3/decode/lat.1.gz|' 'ark,t:|gzip -c > exp/tri3/decode/depth_tmp.1.gz' ark:- 
lattice-best-path --acoustic-scale=0.1 ark:- ark:/dev/null 'ark,t:|gzip -c >exp/tri3/decode/ali_tmp.1.gz' 
LOG (lattice-best-path[5.5.907~1-cbed4]:main():lattice-best-path.cc:99) For utterance 20030013_601, best cost 232.082 + 4593.24 = 4825.32 over 952 frames.
LOG (lattice-best-path[5.5.907~1-cbed4]:main():lattice-best-path.cc:99) For utterance 20030013_602, best cost 279.926 + 5849.6 = 6129.53 over 1201 frames.
LOG (lattice-best-path[5.5.907~1-cbed4]:main():lattice-best-path.cc:99) For utterance 20030013_603, best cost 218.004 + 4291.81 = 4509.81 over 875 frames.
LOG (lattice-best-path[5.5.907~1-cbed4]:main():lattice-best-path.cc:99) For utterance 20030013_604, best cost 202.113 + 4258 = 4460.12 over 920 frames.
LOG (lattice-best-path[5.5.907~1-cbed4]:main():lattice-best-path.cc:99) For utterance 20030013_605, best cost 143.625 + 2882.25 = 3025.87 over 606 frames.
LOG (lattice-best-path[5.5.907~1-cbed4]:main():lattice-best-path.cc:99) For utterance 20030013_606, best cost 166.985 + 3173.28 = 3340.27 over 638 frames.
LOG (lattice-best-path[5.5.907~1-cbed4]:main():lattice-best-path.cc:99) For utterance 20030013_607, best cost 126.739 + 2141.46 = 2268.19 over 440 frames.
LOG (lattice-best-path[5.5.907~1-cbed4]:main():lattice-best-path.cc:99) For utterance 20030013_608, best cost 151.667 + 3611.84 = 3763.5 over 798 frames.
LOG (lattice-best-path[5.5.907~1-cbed4]:main():lattice-best-path.cc:99) For utterance 20030013_609, best cost 192.056 + 3177.14 = 3369.19 over 651 frames.
LOG (lattice-best-path[5.5.907~1-cbed4]:main():lattice-best-path.cc:99) For utterance 20030013_610, best cost 165.348 + 3866.83 = 4032.18 over 792 frames.
LOG (lattice-best-path[5.5.907~1-cbed4]:main():lattice-best-path.cc:99) For utterance 20030013_611, best cost 155.95 + 2823.6 = 2979.55 over 580 frames.
LOG (lattice-best-path[5.5.907~1-cbed4]:main():lattice-best-path.cc:99) For utterance 20030013_612, best cost 180.645 + 3978.35 = 4158.99 over 804 frames.
LOG (lattice-best-path[5.5.907~1-cbed4]:main():lattice-best-path.cc:99) For utterance 20030013_613, best cost 99.5045 + 2058.18 = 2157.69 over 414 frames.
LOG (lattice-best-path[5.5.907~1-cbed4]:main():lattice-best-path.cc:99) For utterance 20030013_614, best cost 138.292 + 2588.88 = 2727.17 over 523 frames.
LOG (lattice-best-path[5.5.907~1-cbed4]:main():lattice-best-path.cc:99) For utterance 20030013_615, best cost 240.16 + 5079.01 = 5319.17 over 1105 frames.
LOG (lattice-best-path[5.5.907~1-cbed4]:main():lattice-best-path.cc:99) For utterance 20030013_616, best cost 248.218 + 4751.27 = 4999.49 over 977 frames.
LOG (lattice-best-path[5.5.907~1-cbed4]:main():lattice-best-path.cc:99) For utterance 20030013_617, best cost 150.805 + 2979.98 = 3130.78 over 632 frames.
LOG (lattice-best-path[5.5.907~1-cbed4]:main():lattice-best-path.cc:99) For utterance 20030013_618, best cost 190.508 + 3648.31 = 3838.82 over 734 frames.
LOG (lattice-best-path[5.5.907~1-cbed4]:main():lattice-best-path.cc:99) For utterance 20030013_619, best cost 124.15 + 2157.6 = 2281.75 over 440 frames.
LOG (lattice-best-path[5.5.907~1-cbed4]:main():lattice-best-path.cc:99) For utterance 20030013_620, best cost 211.566 + 4255.19 = 4466.76 over 900 frames.
LOG (lattice-best-path[5.5.907~1-cbed4]:main():lattice-best-path.cc:99) For utterance 20030013_621, best cost 190.764 + 3775.5 = 3966.26 over 779 frames.
LOG (lattice-best-path[5.5.907~1-cbed4]:main():lattice-best-path.cc:99) For utterance 20030013_622, best cost 181.611 + 3172.68 = 3354.29 over 657 frames.
LOG (lattice-best-path[5.5.907~1-cbed4]:main():lattice-best-path.cc:99) For utterance 20030013_623, best cost 139.792 + 2722.01 = 2861.8 over 574 frames.
LOG (lattice-best-path[5.5.907~1-cbed4]:main():lattice-best-path.cc:99) For utterance 20030013_624, best cost 223.657 + 4186.22 = 4409.87 over 811 frames.
LOG (lattice-best-path[5.5.907~1-cbed4]:main():lattice-best-path.cc:99) For utterance 20030013_625, best cost 167.174 + 3674.08 = 3841.26 over 696 frames.
LOG (lattice-best-path[5.5.907~1-cbed4]:main():lattice-best-path.cc:99) For utterance 20030013_626, best cost 121.092 + 2202.53 = 2323.62 over 420 frames.
LOG (lattice-best-path[5.5.907~1-cbed4]:main():lattice-best-path.cc:99) For utterance 20030013_627, best cost 194.237 + 4396.04 = 4590.28 over 926 frames.
LOG (lattice-best-path[5.5.907~1-cbed4]:main():lattice-best-path.cc:99) For utterance 20030013_628, best cost 175.246 + 3184.77 = 3360.01 over 644 frames.
LOG (lattice-best-path[5.5.907~1-cbed4]:main():lattice-best-path.cc:99) For utterance 20030013_629, best cost 200.017 + 4351.22 = 4551.23 over 894 frames.
LOG (lattice-best-path[5.5.907~1-cbed4]:main():lattice-best-path.cc:99) For utterance 20030013_630, best cost 165.655 + 3173.37 = 3339.03 over 606 frames.
LOG (lattice-best-path[5.5.907~1-cbed4]:main():lattice-best-path.cc:99) For utterance 20030013_631, best cost 212.407 + 4347.59 = 4560 over 843 frames.
LOG (lattice-best-path[5.5.907~1-cbed4]:main():lattice-best-path.cc:99) For utterance 20030013_632, best cost 242.531 + 4832.75 = 5075.28 over 1009 frames.
LOG (lattice-best-path[5.5.907~1-cbed4]:main():lattice-best-path.cc:99) For utterance 20030013_633, best cost 209.931 + 4553.96 = 4763.89 over 913 frames.
LOG (lattice-best-path[5.5.907~1-cbed4]:main():lattice-best-path.cc:99) For utterance 20030013_634, best cost 138.631 + 2519.79 = 2658.42 over 497 frames.
LOG (lattice-best-path[5.5.907~1-cbed4]:main():lattice-best-path.cc:99) For utterance 20030013_635, best cost 216.707 + 3734.45 = 3951.16 over 734 frames.
LOG (lattice-best-path[5.5.907~1-cbed4]:main():lattice-best-path.cc:99) For utterance 20030013_636, best cost 177.413 + 3214.83 = 3392.25 over 657 frames.
LOG (lattice-best-path[5.5.907~1-cbed4]:main():lattice-best-path.cc:99) For utterance 20030013_637, best cost 171.995 + 3405.54 = 3577.53 over 696 frames.
LOG (lattice-best-path[5.5.907~1-cbed4]:main():lattice-best-path.cc:99) For utterance 20030013_638, best cost 190.433 + 3618.05 = 3808.48 over 760 frames.
LOG (lattice-best-path[5.5.907~1-cbed4]:main():lattice-best-path.cc:99) For utterance 20030013_639, best cost 227.349 + 4173.22 = 4400.56 over 868 frames.
LOG (lattice-best-path[5.5.907~1-cbed4]:main():lattice-best-path.cc:99) For utterance 20030013_640, best cost 194.754 + 4021.32 = 4216.07 over 760 frames.
LOG (lattice-best-path[5.5.907~1-cbed4]:main():lattice-best-path.cc:99) For utterance 20030013_641, best cost 151.091 + 2593.1 = 2744.19 over 465 frames.
LOG (lattice-best-path[5.5.907~1-cbed4]:main():lattice-best-path.cc:99) For utterance 20030013_642, best cost 130.88 + 3023.87 = 3154.75 over 574 frames.
LOG (lattice-best-path[5.5.907~1-cbed4]:main():lattice-best-path.cc:99) For utterance 20030013_643, best cost 167.945 + 3810.89 = 3978.84 over 734 frames.
LOG (lattice-best-path[5.5.907~1-cbed4]:main():lattice-best-path.cc:99) For utterance 20030013_644, best cost 175.835 + 3731.41 = 3907.24 over 683 frames.
LOG (lattice-best-path[5.5.907~1-cbed4]:main():lattice-best-path.cc:99) For utterance 20030013_645, best cost 151.034 + 3093.24 = 3244.27 over 580 frames.
LOG (lattice-best-path[5.5.907~1-cbed4]:main():lattice-best-path.cc:99) For utterance 20030013_646, best cost 156.26 + 3201.45 = 3357.71 over 587 frames.
LOG (lattice-best-path[5.5.907~1-cbed4]:main():lattice-best-path.cc:99) For utterance 20030013_647, best cost 124.638 + 2508.16 = 2632.8 over 452 frames.
LOG (lattice-best-path[5.5.907~1-cbed4]:main():lattice-best-path.cc:99) For utterance 20030013_648, best cost 111.915 + 2357.02 = 2468.94 over 440 frames.
LOG (lattice-best-path[5.5.907~1-cbed4]:main():lattice-best-path.cc:99) For utterance 20030013_649, best cost 143.514 + 3187.91 = 3331.43 over 600 frames.
LOG (lattice-best-path[5.5.907~1-cbed4]:main():lattice-best-path.cc:99) For utterance 20030013_650, best cost 154.555 + 3588.06 = 3742.61 over 670 frames.
LOG (lattice-best-path[5.5.907~1-cbed4]:main():lattice-best-path.cc:99) For utterance 20030013_651, best cost 143.742 + 2846.63 = 2990.37 over 548 frames.
LOG (lattice-best-path[5.5.907~1-cbed4]:main():lattice-best-path.cc:99) For utterance 20030013_652, best cost 185.927 + 3639 = 3824.93 over 696 frames.
LOG (lattice-best-path[5.5.907~1-cbed4]:main():lattice-best-path.cc:99) For utterance 20030013_653, best cost 157.986 + 3081.82 = 3239.81 over 600 frames.
LOG (lattice-best-path[5.5.907~1-cbed4]:main():lattice-best-path.cc:99) For utterance 20030013_654, best cost 162.616 + 3846.38 = 4009 over 734 frames.
LOG (lattice-best-path[5.5.907~1-cbed4]:main():lattice-best-path.cc:99) For utterance 20030013_655, best cost 125.691 + 3184.44 = 3310.13 over 600 frames.
LOG (lattice-best-path[5.5.907~1-cbed4]:main():lattice-best-path.cc:99) For utterance 20030013_656, best cost 176.141 + 3906.92 = 4083.06 over 734 frames.
LOG (lattice-best-path[5.5.907~1-cbed4]:main():lattice-best-path.cc:99) For utterance 20030013_657, best cost 124.128 + 2775.86 = 2899.98 over 542 frames.
LOG (lattice-best-path[5.5.907~1-cbed4]:main():lattice-best-path.cc:99) For utterance 20030013_658, best cost 135.075 + 2996.95 = 3132.03 over 561 frames.
LOG (lattice-best-path[5.5.907~1-cbed4]:main():lattice-best-path.cc:99) For utterance 20030013_659, best cost 154.716 + 3357.82 = 3512.54 over 619 frames.
LOG (lattice-best-path[5.5.907~1-cbed4]:main():lattice-best-path.cc:99) For utterance 20030013_660, best cost 96.7482 + 2034.97 = 2131.72 over 401 frames.
LOG (lattice-best-path[5.5.907~1-cbed4]:main():lattice-best-path.cc:99) For utterance 20030013_661, best cost 106.325 + 2119.79 = 2226.12 over 427 frames.
LOG (lattice-best-path[5.5.907~1-cbed4]:main():lattice-best-path.cc:99) For utterance 20030013_662, best cost 123.093 + 2724.82 = 2847.91 over 529 frames.
LOG (lattice-best-path[5.5.907~1-cbed4]:main():lattice-best-path.cc:99) For utterance 20030013_663, best cost 173.878 + 3722.71 = 3896.59 over 753 frames.
LOG (lattice-best-path[5.5.907~1-cbed4]:main():lattice-best-path.cc:99) For utterance 20030013_664, best cost 197.031 + 3628.58 = 3825.61 over 715 frames.
LOG (lattice-best-path[5.5.907~1-cbed4]:main():lattice-best-path.cc:99) For utterance 20030013_665, best cost 136.033 + 2505.66 = 2641.69 over 484 frames.
LOG (lattice-best-path[5.5.907~1-cbed4]:main():lattice-best-path.cc:99) For utterance 20030013_666, best cost 142.668 + 2805.33 = 2947.99 over 529 frames.
LOG (lattice-best-path[5.5.907~1-cbed4]:main():lattice-best-path.cc:99) For utterance 20030013_667, best cost 125.441 + 2678.81 = 2804.25 over 504 frames.
LOG (lattice-best-path[5.5.907~1-cbed4]:main():lattice-best-path.cc:99) For utterance 20030013_668, best cost 192.293 + 4028.37 = 4220.67 over 747 frames.
LOG (lattice-best-path[5.5.907~1-cbed4]:main():lattice-best-path.cc:99) For utterance 20030013_669, best cost 139.805 + 3068.94 = 3208.75 over 548 frames.
LOG (lattice-best-path[5.5.907~1-cbed4]:main():lattice-best-path.cc:99) For utterance 20030013_670, best cost 139.162 + 2840.53 = 2979.69 over 574 frames.
LOG (lattice-best-path[5.5.907~1-cbed4]:main():lattice-best-path.cc:99) For utterance 20030013_671, best cost 186.762 + 4220.59 = 4407.35 over 772 frames.
LOG (lattice-best-path[5.5.907~1-cbed4]:main():lattice-best-path.cc:99) For utterance 20030013_672, best cost 167.957 + 3455.87 = 3623.83 over 632 frames.
LOG (lattice-best-path[5.5.907~1-cbed4]:main():lattice-best-path.cc:99) For utterance 20030013_673, best cost 134.669 + 2890.32 = 3024.99 over 555 frames.
LOG (lattice-best-path[5.5.907~1-cbed4]:main():lattice-best-path.cc:99) For utterance 20030013_674, best cost 165.224 + 4224.4 = 4389.63 over 772 frames.
LOG (lattice-best-path[5.5.907~1-cbed4]:main():lattice-best-path.cc:99) For utterance 20030013_675, best cost 147.932 + 2764.55 = 2912.49 over 529 frames.
LOG (lattice-best-path[5.5.907~1-cbed4]:main():lattice-best-path.cc:99) For utterance 20030013_676, best cost 144.848 + 3064.86 = 3209.71 over 568 frames.
LOG (lattice-best-path[5.5.907~1-cbed4]:main():lattice-best-path.cc:99) For utterance 20030013_677, best cost 198.164 + 4778.18 = 4976.35 over 926 frames.
LOG (lattice-best-path[5.5.907~1-cbed4]:main():lattice-best-path.cc:99) For utterance 20030013_678, best cost 218.36 + 5123.27 = 5341.63 over 971 frames.
LOG (lattice-best-path[5.5.907~1-cbed4]:main():lattice-best-path.cc:99) For utterance 20030013_679, best cost 105.725 + 2352.92 = 2458.65 over 446 frames.
LOG (lattice-best-path[5.5.907~1-cbed4]:main():lattice-best-path.cc:99) For utterance 20030013_680, best cost 178.964 + 3520.85 = 3699.82 over 683 frames.
LOG (lattice-best-path[5.5.907~1-cbed4]:main():lattice-best-path.cc:99) For utterance 20030013_681, best cost 161.814 + 3037.1 = 3198.91 over 587 frames.
LOG (lattice-best-path[5.5.907~1-cbed4]:main():lattice-best-path.cc:99) For utterance 20030013_682, best cost 185.492 + 3830.76 = 4016.25 over 753 frames.
LOG (lattice-best-path[5.5.907~1-cbed4]:main():lattice-best-path.cc:99) For utterance 20030013_683, best cost 148.989 + 3596.69 = 3745.68 over 657 frames.
LOG (lattice-best-path[5.5.907~1-cbed4]:main():lattice-best-path.cc:99) For utterance 20030013_684, best cost 152.746 + 2905.91 = 3058.65 over 593 frames.
LOG (lattice-best-path[5.5.907~1-cbed4]:main():lattice-best-path.cc:99) For utterance 20030013_685, best cost 128.923 + 2275.33 = 2404.25 over 446 frames.
LOG (lattice-best-path[5.5.907~1-cbed4]:main():lattice-best-path.cc:99) For utterance 20030013_686, best cost 177.451 + 3986.7 = 4164.15 over 772 frames.
LOG (lattice-best-path[5.5.907~1-cbed4]:main():lattice-best-path.cc:99) For utterance 20030013_687, best cost 188.423 + 3867.38 = 4055.8 over 721 frames.
LOG (lattice-best-path[5.5.907~1-cbed4]:main():lattice-best-path.cc:99) For utterance 20030013_688, best cost 208.867 + 4230.92 = 4439.78 over 836 frames.
LOG (lattice-best-path[5.5.907~1-cbed4]:main():lattice-best-path.cc:99) For utterance 20030013_689, best cost 187.52 + 3812.87 = 4000.39 over 753 frames.
LOG (lattice-best-path[5.5.907~1-cbed4]:main():lattice-best-path.cc:99) For utterance 20030013_690, best cost 101.657 + 2159.34 = 2260.99 over 414 frames.
LOG (lattice-best-path[5.5.907~1-cbed4]:main():lattice-best-path.cc:99) For utterance 20030013_691, best cost 154.768 + 2980.33 = 3135.09 over 606 frames.
LOG (lattice-best-path[5.5.907~1-cbed4]:main():lattice-best-path.cc:99) For utterance 20030013_692, best cost 159.949 + 3655.72 = 3815.67 over 721 frames.
LOG (lattice-best-path[5.5.907~1-cbed4]:main():lattice-best-path.cc:99) For utterance 20030013_693, best cost 131.239 + 2389.07 = 2520.31 over 491 frames.
LOG (lattice-best-path[5.5.907~1-cbed4]:main():lattice-best-path.cc:99) For utterance 20030013_694, best cost 159.641 + 3278.65 = 3438.29 over 664 frames.
LOG (lattice-best-path[5.5.907~1-cbed4]:main():lattice-best-path.cc:99) For utterance 20030013_695, best cost 150.126 + 2760.31 = 2910.44 over 568 frames.
LOG (lattice-best-path[5.5.907~1-cbed4]:main():lattice-best-path.cc:99) For utterance 20030013_696, best cost 136.659 + 2913.79 = 3050.45 over 593 frames.
LOG (lattice-best-path[5.5.907~1-cbed4]:main():lattice-best-path.cc:99) For utterance 20030013_697, best cost 129.365 + 2476.34 = 2605.71 over 497 frames.
LOG (lattice-best-path[5.5.907~1-cbed4]:main():lattice-best-path.cc:99) For utterance 20030013_698, best cost 149.369 + 3358.12 = 3507.49 over 721 frames.
LOG (lattice-best-path[5.5.907~1-cbed4]:main():lattice-best-path.cc:99) For utterance 20030013_699, best cost 169.865 + 3047.04 = 3216.9 over 625 frames.
LOG (lattice-best-path[5.5.907~1-cbed4]:main():lattice-best-path.cc:99) For utterance 20030013_700, best cost 144.4 + 2990.86 = 3135.26 over 587 frames.
LOG (lattice-best-path[5.5.907~1-cbed4]:main():lattice-best-path.cc:99) For utterance 20030013_701, best cost 202.579 + 3515.32 = 3717.9 over 728 frames.
LOG (lattice-best-path[5.5.907~1-cbed4]:main():lattice-best-path.cc:99) For utterance 20030013_702, best cost 161.598 + 3352.7 = 3514.3 over 683 frames.
LOG (lattice-best-path[5.5.907~1-cbed4]:main():lattice-best-path.cc:99) For utterance 20030013_703, best cost 138.251 + 2288.53 = 2426.78 over 465 frames.
LOG (lattice-best-path[5.5.907~1-cbed4]:main():lattice-best-path.cc:99) For utterance 20030013_704, best cost 139.11 + 3222.95 = 3362.06 over 676 frames.
LOG (lattice-best-path[5.5.907~1-cbed4]:main():lattice-best-path.cc:99) For utterance 20030013_705, best cost 130.748 + 2431.66 = 2562.41 over 491 frames.
LOG (lattice-best-path[5.5.907~1-cbed4]:main():lattice-best-path.cc:99) For utterance 20030013_706, best cost 105.327 + 1936.01 = 2041.34 over 363 frames.
LOG (lattice-depth-per-frame[5.5.907~1-cbed4]:main():lattice-depth-per-frame.cc:82) Done 108 lattices.
LOG (lattice-best-path[5.5.907~1-cbed4]:main():lattice-best-path.cc:99) For utterance 20030013_707, best cost 114.582 + 2210.96 = 2325.54 over 452 frames.
LOG (lattice-best-path[5.5.907~1-cbed4]:main():lattice-best-path.cc:99) For utterance 20030013_708, best cost 165.135 + 3132.72 = 3297.86 over 606 frames.
LOG (lattice-best-path[5.5.907~1-cbed4]:main():lattice-best-path.cc:124) Overall cost per frame is 5.30386 = 0.248307 [graph] + 5.05556 [acoustic] over 71279 frames.
LOG (lattice-best-path[5.5.907~1-cbed4]:main():lattice-best-path.cc:128) Done 108 lattices, failed for 0
# Accounting: time=1 threads=1
# Ended (code 0) at Wed Apr 21 07:01:53 PKT 2021, elapsed time 1 seconds
