# lattice-scale --inv-acoustic-scale=8 "ark:gunzip -c exp/sgmm2_4_mmi_b0.1/decode_it4/lat.*.gz|" ark:- | lattice-add-penalty --word-ins-penalty=0.0 ark:- ark:- | lattice-best-path --word-symbol-table=data/lang_test/words.txt ark:- ark,t:- | utils/int2sym.pl -f 2- data/lang_test/words.txt | cat > exp/sgmm2_4_mmi_b0.1/decode_it4/scoring_kaldi/penalty_0.0/8.txt 
# Started at Wed Apr 21 08:21:38 PKT 2021
#
lattice-scale --inv-acoustic-scale=8 'ark:gunzip -c exp/sgmm2_4_mmi_b0.1/decode_it4/lat.*.gz|' ark:- 
lattice-best-path --word-symbol-table=data/lang_test/words.txt ark:- ark,t:- 
lattice-add-penalty --word-ins-penalty=0.0 ark:- ark:- 
LOG (lattice-best-path[5.5.907~1-cbed4]:main():lattice-best-path.cc:99) For utterance 20030005_601, best cost 308.057 + 8479.58 = 8787.63 over 1496 frames.
20030005_601 نو بدھ دیا خواہ تک پنچھی کے داغنے کے لیے شو میں تحریر لنگر ای لہریں ای کو در نور کے پڑ آ والوں کو اور دور کرنے لے گئی 
LOG (lattice-best-path[5.5.907~1-cbed4]:main():lattice-best-path.cc:99) For utterance 20030005_602, best cost 380.766 + 11299.7 = 11680.5 over 2091 frames.
20030005_602 دل رو باب کے اڈے ڈیڈ کے نہ خبروں اور کھیلے پر رکھے ورک پڑھائی دلوں بند فشنگ کی آلود فلو جا کے باغ کریم جڑ دن کرنے نے کی شے درد سے آرزوئیں ہے 
LOG (lattice-best-path[5.5.907~1-cbed4]:main():lattice-best-path.cc:99) For utterance 20030005_603, best cost 287.256 + 8672.43 = 8959.69 over 1534 frames.
20030005_603 شہر مس شو گھر اور نزلے کے کے بڑا سن کے رتھ دے عمل پر اٹھا تو تک دیر نے بے کیسوں پر کرا ماں بچار کیا 
LOG (lattice-best-path[5.5.907~1-cbed4]:main():lattice-best-path.cc:99) For utterance 20030005_604, best cost 240.075 + 8596.43 = 8836.51 over 1617 frames.
20030005_604 صدیقی نے نہ پہلی کے داؤ و کی گھر بھڑک پڑی تو کہا اس تو چھایا ہے کہ اس کے نہ تلے دکھائیں 
LOG (lattice-best-path[5.5.907~1-cbed4]:main():lattice-best-path.cc:99) For utterance 20030005_605, best cost 155.667 + 4608.37 = 4764.03 over 734 frames.
20030005_605 سول جل شبہ آئے جو رم کے پیشن میں ڈھونڈ بھی کر داخل دیتا ہے 
LOG (lattice-best-path[5.5.907~1-cbed4]:main():lattice-best-path.cc:99) For utterance 20030005_606, best cost 212.934 + 6121.08 = 6334.01 over 1080 frames.
20030005_606 نے دین کے اعتماد میں موقع لو قوت سے شعری عجلت بیویوں کے تحائف الجھی کی بڑی میں فضل لخت ہے 
LOG (lattice-best-path[5.5.907~1-cbed4]:main():lattice-best-path.cc:99) For utterance 20030005_607, best cost 122.06 + 4396.51 = 4518.57 over 747 frames.
20030005_607 آپ سرویئر کی منفعت کی زدہ گھمبیر نہ بنائی جائے ہے 
LOG (lattice-best-path[5.5.907~1-cbed4]:main():lattice-best-path.cc:99) For utterance 20030005_608, best cost 199.805 + 6285.01 = 6484.81 over 1112 frames.
20030005_608 تھو کھڑے کے بو ڈیمو درد کو خورشید کا ڈالر چوم عود جانے کے ہول جن تو ہو گئی 
LOG (lattice-best-path[5.5.907~1-cbed4]:main():lattice-best-path.cc:99) For utterance 20030005_609, best cost 260.939 + 8202.33 = 8463.27 over 1464 frames.
20030005_609 گلیشئیر میں موبائل اُمید بار مگر مارچ نے میں کس تو لینے میں کالونی اور فیس انہوں کے جوڑیں کا تصحیح فی یا کیا 
LOG (lattice-best-path[5.5.907~1-cbed4]:main():lattice-best-path.cc:99) For utterance 20030005_610, best cost 189.522 + 7447.12 = 7636.64 over 1188 frames.
20030005_610 مواصلات پہلے تشہیر کا سے جون بھیم گھمن بڑا نے چڑ کی طرف سے وقعت احساس ہے 
LOG (lattice-best-path[5.5.907~1-cbed4]:main():lattice-best-path.cc:99) For utterance 20030005_611, best cost 254.636 + 7796.04 = 8050.68 over 1425 frames.
20030005_611 کھو سے پہنے بیوی میں گاڑھا فورس ٹیچر نے زیدی کے دب آؤ کو گڑھ آ بڑا ہے کی گھوم کے ساتھ چل لیے 
LOG (lattice-best-path[5.5.907~1-cbed4]:main():lattice-best-path.cc:99) For utterance 20030005_612, best cost 252.656 + 7412.86 = 7665.51 over 1246 frames.
20030005_612 تبدیلی یوم کی لغو رضا آئی شاہ سے ندا آلود بلا کی جدا شفیق کر کو نخوت کی لینگویج کا خوان ماہ ہے 
LOG (lattice-best-path[5.5.907~1-cbed4]:main():lattice-best-path.cc:99) For utterance 20030005_613, best cost 167.663 + 5079.98 = 5247.64 over 836 frames.
20030005_613 کلیرنگ کی لائے کا بوگس اور جہد گیر کو رشید ای نے ایل وعدہ کیا تھا 
LOG (lattice-best-path[5.5.907~1-cbed4]:main():lattice-best-path.cc:99) For utterance 20030005_614, best cost 166.714 + 5370.25 = 5536.97 over 932 frames.
20030005_614 بدروح فیملی شیشے مون کے کرائیں لوحوں کے ساتھ سمجھ یہ بغیر سمجھو تک کیا 
LOG (lattice-best-path[5.5.907~1-cbed4]:main():lattice-best-path.cc:99) For utterance 20030005_615, best cost 288.434 + 9854.41 = 10142.8 over 1726 frames.
20030005_615 رعایت کار شہزادی نے بل دی جی اور موئسچرائزنگ ارب کو بلڈوزروں کرتے ہوئے جون ویں خاوند آن کی تو جو لیموں میں اور ہیڈ بڑھائے آیا 
LOG (lattice-best-path[5.5.907~1-cbed4]:main():lattice-best-path.cc:99) For utterance 20030005_616, best cost 324.018 + 9418.19 = 9742.21 over 1496 frames.
20030005_616 تعاون جب نہر ورلڈ ہیڈ نے سوم اور وی ژنگ کو فروخت کی زدہ عاشق کر کیسی دعا قصور سیف کی مون خمار عفت کا تھل کا کے تیار کیا 
LOG (lattice-best-path[5.5.907~1-cbed4]:main():lattice-best-path.cc:99) For utterance 20030005_617, best cost 218.368 + 6656.77 = 6875.14 over 1182 frames.
20030005_617 کم بے پر پڑے سود کے گود چھوٹے میں کیوں کو ہودہ دیکھا نہ کر فقدان آیا پھنس نے لگا 
LOG (lattice-best-path[5.5.907~1-cbed4]:main():lattice-best-path.cc:99) For utterance 20030005_618, best cost 244.15 + 6681.71 = 6925.86 over 1099 frames.
20030005_618 فارم ٹرین کب رضوی سے رو شاہ منہ چھوڑ اللہ کے آکر ذاد بنیں لیموں کے بات آج از تیار کیا 
LOG (lattice-best-path[5.5.907~1-cbed4]:main():lattice-best-path.cc:99) For utterance 20030005_619, best cost 162.162 + 4827.07 = 4989.23 over 868 frames.
20030005_619 تہذیب ای تشبیہ حالات معاندانہ بے اعلان کرنے کی جو بری نتھی جا ہے 
LOG (lattice-best-path[5.5.907~1-cbed4]:main():lattice-best-path.cc:99) For utterance 20030005_620, best cost 266.646 + 9015.29 = 9281.93 over 1764 frames.
20030005_620 چینی مچانے پھول لوحوں کے بولوں کو گرداں گروں میں صغری اور کی ریڈ کو لوحوں پر تو رو زور شون کی کیا عریاں کیں 
LOG (lattice-best-path[5.5.907~1-cbed4]:main():lattice-best-path.cc:99) For utterance 20030005_621, best cost 262.545 + 7741.95 = 8004.49 over 1336 frames.
20030005_621 مجروح عدل پریس رہائشی نیم نے اور کر رجحان میں میں کے ماہ بینک میں زمین نوبل سے اور جا بلی ناظم میں میں پہلی کی 
LOG (lattice-best-path[5.5.907~1-cbed4]:main():lattice-best-path.cc:99) For utterance 20030005_622, best cost 251.431 + 7905.59 = 8157.02 over 1476 frames.
20030005_622 چوروں کی گڑھ میں میں ڈار اور گدے دے کر ایک درج جن عمر رسیدہ ڈھیر و پر لیدر میں سے گز دریں 
LOG (lattice-best-path[5.5.907~1-cbed4]:main():lattice-best-path.cc:99) For utterance 20030005_623, best cost 210.954 + 6816.54 = 7027.49 over 1188 frames.
20030005_623 ڈے انٹر لیموں جینوئن کا ڈرامہ و منافعوں آپ سوچ بروز کا مہنگائی و ندا شاخ لے گیا 
LOG (lattice-best-path[5.5.907~1-cbed4]:main():lattice-best-path.cc:99) For utterance 20030005_624, best cost 274.935 + 8494.47 = 8769.41 over 1412 frames.
20030005_624 مفلس سے کے نصف ہوم میں کے لے سے لیموں اور فارم صوفی رسولی والا افورڈ حدود کے پن فیشن کیلئے موقع ملیں شوروم تھا 
LOG (lattice-best-path[5.5.907~1-cbed4]:main():lattice-best-path.cc:99) For utterance 20030005_625, best cost 230.957 + 7778.05 = 8009.01 over 1252 frames.
20030005_625 نرخوں ای ڈیم سائیڈ پر پہ دیا کی آتی گدڑی ای لے کر دو عابد رسیدہ درد کے میں موقعے کو گیا 
LOG (lattice-best-path[5.5.907~1-cbed4]:main():lattice-best-path.cc:99) For utterance 20030005_626, best cost 161.8 + 4527.35 = 4689.15 over 817 frames.
20030005_626 لینڈ برج میں کو مرض لیچی ہائے آیا دودھ کی جلو بار سمجھ آ 
LOG (lattice-best-path[5.5.907~1-cbed4]:main():lattice-best-path.cc:99) For utterance 20030005_627, best cost 192.943 + 6293.41 = 6486.35 over 1073 frames.
20030005_627 سیر طالب عمل کے نبوی ورک کے علاوہ میں سے بھڑوں کے تو فوم میں رکھا یا گیا ہے 
LOG (lattice-best-path[5.5.907~1-cbed4]:main():lattice-best-path.cc:99) For utterance 20030005_628, best cost 256.197 + 6692.22 = 6948.42 over 1182 frames.
20030005_628 لو اؤٹ کی تک میری ناں بنانے کیلئے بیٹھ اے کے کرو دے نظر میں <oov> فن موہوم کی خوشی یاں ماؤف کود تھیں 
LOG (lattice-best-path[5.5.907~1-cbed4]:main():lattice-best-path.cc:99) For utterance 20030005_629, best cost 265.913 + 8640.55 = 8906.47 over 1476 frames.
20030005_629 شیریں ایک ٹریجڈی کے کوش حروں کے ہو خارجہ میں فیز دن کا بزرگ پر عمیق نے مردوں کیوں کا حضرات کے جی کرائے آیا 
LOG (lattice-best-path[5.5.907~1-cbed4]:main():lattice-best-path.cc:99) For utterance 20030005_630, best cost 249.171 + 8252.06 = 8501.23 over 1457 frames.
20030005_630 کی نیم کھا ضرورت نے نشر اے کے کشف تعلقوں نے آ کر بیلچہ یہ مرغی کے دل چھم سے وباؤں بے کر گیا 
LOG (lattice-best-path[5.5.907~1-cbed4]:main():lattice-best-path.cc:99) For utterance 20030005_631, best cost 284.301 + 10702.9 = 10987.2 over 1912 frames.
20030005_631 سیلز چیف کو لیموں بعد بیچنے وقف ماہ کر کے فلو کی طرف سے بھیجیں تو وصف نے اسے اے موڑ کر چھایا لے دکھائی ہے 
LOG (lattice-best-path[5.5.907~1-cbed4]:main():lattice-best-path.cc:99) For utterance 20030005_632, best cost 283.72 + 9604.39 = 9888.11 over 1758 frames.
20030005_632 حزب میں سی جانے کہا کے روایت کی حجت چھوڑ و اور عریاں نہ برابر جون واں کر فجور اور رسوائی چھوٹے بغیر بیٹھ 
LOG (lattice-best-path[5.5.907~1-cbed4]:main():lattice-best-path.cc:99) For utterance 20030005_633, best cost 311.25 + 9933.08 = 10244.3 over 1873 frames.
20030005_633 رفو رنگ ڈیم کے بن کار میں طویل اس کیلئے نیلم پھینک میں اور فی سوواں کی کو والو اس نے مل سول اننگز کیلئے دی جی گئی 
LOG (lattice-best-path[5.5.907~1-cbed4]:main():lattice-best-path.cc:99) For utterance 20030005_634, best cost 188.268 + 5706.28 = 5894.55 over 952 frames.
20030005_634 کلی شعور رنجش تشنج کے استفہامیہ کے لیے روات نیم یاب آ کی نکل ٹوئنٹی کر لائیں 
LOG (lattice-best-path[5.5.907~1-cbed4]:main():lattice-best-path.cc:99) For utterance 20030005_635, best cost 230.975 + 7655.79 = 7886.77 over 1336 frames.
20030005_635 پاس میں دل کو چینی کی لا مفاد میں بیٹھی میں اور آگ لیموں گالف دب مانگنے صغیر میں صغری کرائے ہے 
LOG (lattice-best-path[5.5.907~1-cbed4]:main():lattice-best-path.cc:99) For utterance 20030005_636, best cost 216.936 + 7174.14 = 7391.08 over 1361 frames.
20030005_636 کا موو روڈ خاموش عود ندرت کی جوبلی آف شامل نے سے زور جا کا تو خام کا فجور ہوا 
LOG (lattice-best-path[5.5.907~1-cbed4]:main():lattice-best-path.cc:99) For utterance 20030005_637, best cost 228.28 + 8090.46 = 8318.74 over 1457 frames.
20030005_637 اخبار نے استعمال میں پیر پہنچ کر رنگ کی لارا مولا دی ای کی ہجر سے میں مگر بیڑے ہوئی 
LOG (lattice-best-path[5.5.907~1-cbed4]:main():lattice-best-path.cc:99) For utterance 20030005_638, best cost 234.792 + 9668.73 = 9903.53 over 1828 frames.
20030005_638 کالجوں گوجر کی شیرے ڈوب ڈرائیونگ سے کو نے صورت اور کھو ریلی کو کھڑے کی میں کے کلاسز سے جان چھینکیں 
LOG (lattice-best-path[5.5.907~1-cbed4]:main():lattice-best-path.cc:99) For utterance 20030005_639, best cost 262.186 + 8733.49 = 8995.68 over 1432 frames.
20030005_639 ہم عید کے دکھ کرے کی بکھرے دل سے ترجیح کر سے کے نہ ابو دن کی چیز ظاہر تک سن سے میں ڈبو چکھیں 
LOG (lattice-best-path[5.5.907~1-cbed4]:main():lattice-best-path.cc:99) For utterance 20030005_640, best cost 234.639 + 7731.67 = 7966.31 over 1348 frames.
20030005_640 چوہوں کے نیم اودھم پر بیٹھی گیارہویں سفید نے بری سیمی کونسل کے کے شعاع لایا کا پیچوٹری کھو جگ آیا 
LOG (lattice-best-path[5.5.907~1-cbed4]:main():lattice-best-path.cc:99) For utterance 20030005_641, best cost 213.807 + 6582.29 = 6796.1 over 1054 frames.
20030005_641 آرتھو حلف میرٹ اور بڑی شگوفے و و کی ایک آتشیں ماضی دکھ لا کر بینگن سے گھیرے ہیں 
LOG (lattice-best-path[5.5.907~1-cbed4]:main():lattice-best-path.cc:99) For utterance 20030005_642, best cost 194.228 + 6369.72 = 6563.95 over 1041 frames.
20030005_642 حریفوں کے صفر کی مے چیز سیکھی کے تو دانش مین سے نفوذ اوس کے ہوا خود تھی 
LOG (lattice-best-path[5.5.907~1-cbed4]:main():lattice-best-path.cc:99) For utterance 20030005_643, best cost 224.883 + 7870.98 = 8095.86 over 1310 frames.
20030005_643 دفاع آن سے محفل بہن مخفی آف ہجر سے نہ ہائے میں اور دوغلی راغب سے زاید دیں ڈال ہیں 
LOG (lattice-best-path[5.5.907~1-cbed4]:main():lattice-best-path.cc:99) For utterance 20030005_644, best cost 278.176 + 8942.47 = 9220.64 over 1611 frames.
20030005_644 پاک چکھیں چینی ہے تو چھیل میں دوران فرعون اے اور رضوی ابھرا بچھڑ ای کی سی نیم پر سے پن ڈار پیدا پھیریں ہے 
LOG (lattice-best-path[5.5.907~1-cbed4]:main():lattice-best-path.cc:99) For utterance 20030005_645, best cost 219.09 + 6223.17 = 6442.26 over 1022 frames.
20030005_645 نے پاؤڈر بیلٹ کی لیس میں دو سرحد کے سائیڈ بو زور مسخ کر کرنے کی فعال شے نکل اے ہیں 
LOG (lattice-best-path[5.5.907~1-cbed4]:main():lattice-best-path.cc:99) For utterance 20030005_646, best cost 196.396 + 6629.19 = 6825.59 over 1156 frames.
20030005_646 سعودی نہ خون جوس نے اور چبھنے کے بعد ناول اور بھیڑیا میں دھڑام آئے ای ڈالنے آیئں 
LOG (lattice-best-path[5.5.907~1-cbed4]:main():lattice-best-path.cc:99) For utterance 20030005_647, best cost 168.888 + 5632.66 = 5801.55 over 1067 frames.
20030005_647 بار سن کر کے انداز سے رہا گھوم دل رجوع اور کر دودھ گروں پر آئے ہے 
LOG (lattice-best-path[5.5.907~1-cbed4]:main():lattice-best-path.cc:99) For utterance 20030005_648, best cost 154.919 + 5197.85 = 5352.77 over 990 frames.
20030005_648 میلے میں دودھیا چھایا چچا تنگ ہما ختم چلے کے لیے کرا کھا ہے 
LOG (lattice-best-path[5.5.907~1-cbed4]:main():lattice-best-path.cc:99) For utterance 20030005_649, best cost 180.596 + 5496.85 = 5677.45 over 1041 frames.
20030005_649 کو کھو کو کن مین سے کر کے بیٹھ نے کے بعد کو عام کا نے جلد لگائے لیتے 
LOG (lattice-best-path[5.5.907~1-cbed4]:main():lattice-best-path.cc:99) For utterance 20030005_650, best cost 233.815 + 7342.43 = 7576.24 over 1355 frames.
20030005_650 انجری دعا آئین کی سی غلط اور سورما لیے سے تین کی نہ فلیچر ہر آ کے رائگاں چیک تک رزاق ہے 
LOG (lattice-best-path[5.5.907~1-cbed4]:main():lattice-best-path.cc:99) For utterance 20030005_651, best cost 192.621 + 5986.89 = 6179.51 over 1131 frames.
20030005_651 کوئلے کی بیرونی مووی شعبوں کی کو کلی گھنٹے میں ہوم نے سے پہلے <oov> سود بھینٹ تھیں 
LOG (lattice-best-path[5.5.907~1-cbed4]:main():lattice-best-path.cc:99) For utterance 20030005_652, best cost 262.38 + 8191.24 = 8453.62 over 1502 frames.
20030005_652 پٹھوں والیم کی جی لینے تھام گیسیں اور لیے کو ہیڈ قے نو والا بیگج گھونٹ کیے سدھو رو تک ہو اونچی 
LOG (lattice-best-path[5.5.907~1-cbed4]:main():lattice-best-path.cc:99) For utterance 20030005_653, best cost 210.706 + 6728.81 = 6939.52 over 1176 frames.
20030005_653 لو عورت پراٹھا بھی لیڈز کا سی سن ٹھل کر ضلعی کی کی جی دکھائی تک قل وزن ہوا 
LOG (lattice-best-path[5.5.907~1-cbed4]:main():lattice-best-path.cc:99) For utterance 20030005_654, best cost 226.071 + 8074.08 = 8300.16 over 1361 frames.
20030005_654 کھڑے دیکھی اور اب دیش کو سے اس کی ایشیائی چوزے اور تم سے کے ایک برس سے کے معدے میں سے دریں یاں 
LOG (lattice-best-path[5.5.907~1-cbed4]:main():lattice-best-path.cc:99) For utterance 20030005_655, best cost 161.84 + 5672.65 = 5834.49 over 1022 frames.
20030005_655 نہ نیم بخشے کی گا چھائی کوڈ دی لیے فٹ بچھانے کا عشرت ہے 
LOG (lattice-best-path[5.5.907~1-cbed4]:main():lattice-best-path.cc:99) For utterance 20030005_656, best cost 230.934 + 8944.44 = 9175.38 over 1668 frames.
20030005_656 بیلٹ سے سے جی تیروں ویسے کن کر ظریفی ہے موڈ بچائیں اور سونگ اور جہاد بھید حصص کروائیں ہے 
LOG (lattice-best-path[5.5.907~1-cbed4]:main():lattice-best-path.cc:99) For utterance 20030005_657, best cost 161.659 + 6092.12 = 6253.77 over 1099 frames.
20030005_657 ہما بلبل آف گھن ذہن کے کے فریب کردار کی حادثے منفعت نہیں 
LOG (lattice-best-path[5.5.907~1-cbed4]:main():lattice-best-path.cc:99) For utterance 20030005_658, best cost 168.998 + 5352.37 = 5521.37 over 1003 frames.
20030005_658 لینڈ ڈوب وڈ کا میں کے واحد روہی ویوز کی بات سے گذر آ رو ہے 
LOG (lattice-best-path[5.5.907~1-cbed4]:main():lattice-best-path.cc:99) For utterance 20030005_659, best cost 209.653 + 7205.52 = 7415.17 over 1291 frames.
20030005_659 مشق ٹری کو تک کر بچائیں اور کود رہی کا تمام اور و فوجوں کے بعد بولنے کا پھر سوئے ہیں 
LOG (lattice-best-path[5.5.907~1-cbed4]:main():lattice-best-path.cc:99) For utterance 20030005_660, best cost 132.241 + 4306 = 4438.24 over 779 frames.
20030005_660 اور اے ورلڈ خان کے بقیہ عضلات میں نہیں ای وصف نہ ہے 
LOG (lattice-best-path[5.5.907~1-cbed4]:main():lattice-best-path.cc:99) For utterance 20030005_661, best cost 177.899 + 6218.24 = 6396.14 over 1252 frames.
20030005_661 قضا عفت لینے کیلئے بچّو پر ہما جل کا آپ ڈھا ہلاک ارب دبائے ہیں 
LOG (lattice-best-path[5.5.907~1-cbed4]:main():lattice-best-path.cc:99) For utterance 20030005_662, best cost 180.319 + 6108.92 = 6289.24 over 1067 frames.
20030005_662 کھڑے ٹھنکا شعلوں کو و کی آدھ عیاں چلیں تو ستانویں کی تشبیہ گرہیں بگڑ ہیں 
LOG (lattice-best-path[5.5.907~1-cbed4]:main():lattice-best-path.cc:99) For utterance 20030005_663, best cost 222.79 + 7547 = 7769.79 over 1336 frames.
20030005_663 پیر و نے جمخانہ چاہیے مقابلوں انگوٹھی نہ عرصہ کی نیم تو کے نے دے کی تم زیست وقوعہ ہوئی 
LOG (lattice-best-path[5.5.907~1-cbed4]:main():lattice-best-path.cc:99) For utterance 20030005_664, best cost 250.616 + 7920.11 = 8170.72 over 1316 frames.
20030005_664 کلاسز یا ریڑھی کے پر اعظم میں کا آئین آ آدھ بری لیے کا منظور ہوا تو کیلئے جی ایک کے رخوں کے کھڑے ہو گئے 
LOG (lattice-best-path[5.5.907~1-cbed4]:main():lattice-best-path.cc:99) For utterance 20030005_665, best cost 174.84 + 4812.03 = 4986.87 over 779 frames.
20030005_665 فیض میں خواہ سال رو ہو آ رہی سے سے گریڈ چینی تو حادثے رخ یا ہوا 
LOG (lattice-best-path[5.5.907~1-cbed4]:main():lattice-best-path.cc:99) For utterance 20030005_666, best cost 203.188 + 6065.49 = 6268.68 over 1073 frames.
20030005_666 دوعالم سے کے ہوے اور وولٹیج چہل علم پر آپ کا کا کو تنگ بس رافعہ خیر سے بھول لیے 
LOG (lattice-best-path[5.5.907~1-cbed4]:main():lattice-best-path.cc:99) For utterance 20030005_667, best cost 155.499 + 6705.16 = 6860.66 over 1323 frames.
20030005_667 پگڑی بیلچہ کے دھاڑ سے چمن کے بھول سے کی گگلی بسیں نیم ہوئی 
LOG (lattice-best-path[5.5.907~1-cbed4]:main():lattice-best-path.cc:99) For utterance 20030005_668, best cost 249.038 + 8742.08 = 8991.12 over 1489 frames.
20030005_668 سن کی فلو اور بھری کے پلیئر اے میں خود اگلے والے جھنڈے اور کا کچلا کا ربیعہ نہ علی سے جیل نکل آیا 
LOG (lattice-best-path[5.5.907~1-cbed4]:main():lattice-best-path.cc:99) For utterance 20030005_669, best cost 173.421 + 6443.55 = 6616.98 over 1112 frames.
20030005_669 عورت خاص سن نو عفت بورڈر میں ویڈیوز ضرورت کے لیے ریزرو ڈور نہیں کیا 
LOG (lattice-best-path[5.5.907~1-cbed4]:main():lattice-best-path.cc:99) For utterance 20030005_670, best cost 166.848 + 5848.81 = 6015.66 over 1035 frames.
20030005_670 روضے کا آخری اشارہ ہے علی کی ساتھ یا ڈاؤن کا بقول و کا طلب ہے 
LOG (lattice-best-path[5.5.907~1-cbed4]:main():lattice-best-path.cc:99) For utterance 20030005_671, best cost 274.594 + 7851.94 = 8126.54 over 1368 frames.
20030005_671 نشئی سے پہلے کیسوں سال کی گڑیا نے کہا کا سوں آف اور اس سبب ہول کے سفر و فن جوبلی میں دو و اور جی یہ جاؤ 
LOG (lattice-best-path[5.5.907~1-cbed4]:main():lattice-best-path.cc:99) For utterance 20030005_672, best cost 202.09 + 7207.24 = 7409.33 over 1163 frames.
20030005_672 انٹر وڈیو شو اس چلائی یہ سے تو عفو اور کام بلوچ سرویئر حوصلہ درجے کا اگلا ہے 
LOG (lattice-best-path[5.5.907~1-cbed4]:main():lattice-best-path.cc:99) For utterance 20030005_673, best cost 179.04 + 5618.56 = 5797.6 over 1048 frames.
20030005_673 کھڑا کی کی چوہان کی گروہ کے ہوے کے جو زمین اصل کے بیعت پڑے کھڑا آئے ہے 
LOG (lattice-best-path[5.5.907~1-cbed4]:main():lattice-best-path.cc:99) For utterance 20030005_674, best cost 238.345 + 8556.26 = 8794.61 over 1604 frames.
20030005_674 نشانہ نے پُلوں میں بھڑک کا پر سوچا حق ان کاؤنٹی کر ہمراہ کا ہے میں کے ٹھوس مین سنے کی کوشش کی 
LOG (lattice-best-path[5.5.907~1-cbed4]:main():lattice-best-path.cc:99) For utterance 20030005_675, best cost 207.054 + 7015.26 = 7222.31 over 1297 frames.
20030005_675 آرزوئیں ہے براوو لیچی کے رویے پر سونگ شے تو تمام فارم کا بار آؤ پڑھائی جیسے 
LOG (lattice-best-path[5.5.907~1-cbed4]:main():lattice-best-path.cc:99) For utterance 20030005_676, best cost 202.044 + 7418.97 = 7621.02 over 1278 frames.
20030005_676 اپنی رہائش کا سیریز کا انظباتی جہاں کھولے ذوق آن نے ان کے شب جھگڑے پر رکھ دیئے 
LOG (lattice-best-path[5.5.907~1-cbed4]:main():lattice-best-path.cc:99) For utterance 20030005_677, best cost 265.433 + 8086.29 = 8351.73 over 1380 frames.
20030005_677 مثال نے کیا کی گگلی بولنے مگر باگ عذاب روز سود بھول ای روزوں درد پر آ نیم کی ہے رغبت سے دہلوی گیا 
LOG (lattice-best-path[5.5.907~1-cbed4]:main():lattice-best-path.cc:99) For utterance 20030005_678, best cost 301.36 + 10924.4 = 11225.8 over 2052 frames.
20030005_678 سے نمف مسلمان آ کو اور تھیلی کی فیبرکس اڑا ورلڈ سے والوں سے چھ گرنے کے لیے ہیڈ رو جھم فیری نے سے مشعر کے میں شیرے کیں 
LOG (lattice-best-path[5.5.907~1-cbed4]:main():lattice-best-path.cc:99) For utterance 20030005_679, best cost 163.173 + 5375.73 = 5538.91 over 958 frames.
20030005_679 اور ای اور ترچھی پر چھیل لگا آیا تو سے ہر تیزی سے اچھل ای 
LOG (lattice-best-path[5.5.907~1-cbed4]:main():lattice-best-path.cc:99) For utterance 20030005_680, best cost 227.58 + 7162.23 = 7389.81 over 1316 frames.
20030005_680 چودھری کاجو اوڑھا پہنے تیرے ہوے گے بیٹھ خون قل لائن اٹھارہ برس سنیں میں تھوڑا آئے جاتا ہے 
LOG (lattice-best-path[5.5.907~1-cbed4]:main():lattice-best-path.cc:99) For utterance 20030005_681, best cost 253.379 + 8702.58 = 8955.96 over 1611 frames.
20030005_681 جدا کھل شعور جیب شرکت کو گہرا کر ڈار اس حویلی طوفاں ہولوں ان پر بیچ چھیل دھار پر سایہ 
LOG (lattice-best-path[5.5.907~1-cbed4]:main():lattice-best-path.cc:99) For utterance 20030005_682, best cost 247.46 + 9537.79 = 9785.25 over 1656 frames.
20030005_682 بھی فن اور شو ہمارے کی لوٹ پر ہجر اے کے کام ناچنے جا کر باعث <oov> کے ہو جلد معلوم کی سے 
LOG (lattice-best-path[5.5.907~1-cbed4]:main():lattice-best-path.cc:99) For utterance 20030005_683, best cost 219.992 + 7720.08 = 7940.08 over 1355 frames.
20030005_683 ریڈ سے ماؤنٹ اس کی جڑواں کا کے ایم ایم نے نیچی دی ایف کیے تیز سے میں نہ کر گئی 
LOG (lattice-best-path[5.5.907~1-cbed4]:main():lattice-best-path.cc:99) For utterance 20030005_684, best cost 201.135 + 6890.99 = 7092.12 over 1208 frames.
20030005_684 میرون بھی فضول خوان آ ایچ ذکر کے کی نور میں معلوم یا رعیت لاگت تک آؤ 
LOG (lattice-best-path[5.5.907~1-cbed4]:main():lattice-best-path.cc:99) For utterance 20030005_685, best cost 151.356 + 5012.44 = 5163.79 over 881 frames.
20030005_685 جو فلڈ غوث کے بند چڑ بخشے اسے کہا سے لاؤ بدروح 
LOG (lattice-best-path[5.5.907~1-cbed4]:main():lattice-best-path.cc:99) For utterance 20030005_686, best cost 226.809 + 6669.94 = 6896.75 over 1067 frames.
20030005_686 صوفی کلیم دن نے سرخی سیب والے طفیل شب سے بنیں یادیں میں میں ایسے کا شو شب پوچھ سوچ 
LOG (lattice-best-path[5.5.907~1-cbed4]:main():lattice-best-path.cc:99) For utterance 20030005_687, best cost 269.733 + 9457.36 = 9727.09 over 1656 frames.
20030005_687 سول و کو لیس کے بدسلوکی سے آنکھیں کھول لیں تعاقب بھول عذاب آزاد سے چیخیں مواد کر تو جاؤ مراد زون کرائیں 
LOG (lattice-best-path[5.5.907~1-cbed4]:main():lattice-best-path.cc:99) For utterance 20030005_688, best cost 302.466 + 9958.84 = 10261.3 over 1796 frames.
20030005_688 حال کی پھول کی چادر بھیج بعد کر سے مچھلیاں گز آ روزوں اور دیے کی کی کے بیچ میں نہ شاخ بوم کے پراٹھا بھید داغ لے جاؤ 
LOG (lattice-best-path[5.5.907~1-cbed4]:main():lattice-best-path.cc:99) For utterance 20030005_689, best cost 233.545 + 7899.32 = 8132.86 over 1496 frames.
20030005_689 بوجھ دو برتن جس آ کی لارا کیا جنگوں نے ہوم بنائیں ہے اور سوئس و فصلیں کو چل کر چھائی ہے 
LOG (lattice-best-path[5.5.907~1-cbed4]:main():lattice-best-path.cc:99) For utterance 20030005_690, best cost 153.73 + 5609.38 = 5763.11 over 881 frames.
20030005_690 یہ دکھی یا نہ بڑھائیں کے شو لے گود چھوئیں اب نہیں جا سکتا ہے 
LOG (lattice-best-path[5.5.907~1-cbed4]:main():lattice-best-path.cc:99) For utterance 20030005_691, best cost 209.605 + 8666.29 = 8875.9 over 1368 frames.
20030005_691 کیسی دلجوئی کے لیے اپنا جی کر دیو جایا اور غنی سے ٹھونس نہ کر معانی ماہ میں ٹھونس دیئے 
LOG (lattice-best-path[5.5.907~1-cbed4]:main():lattice-best-path.cc:99) For utterance 20030005_692, best cost 219.7 + 7712.67 = 7932.37 over 1220 frames.
20030005_692 بدل فون مسائل میں کہا کے میں ایں اسے بو سالہ بڑے ہاتھوں گاڑی سے دی کھا تیقن نوحہ ہے 
LOG (lattice-best-path[5.5.907~1-cbed4]:main():lattice-best-path.cc:99) For utterance 20030005_693, best cost 163.881 + 5707.72 = 5871.6 over 939 frames.
20030005_693 مے نے ہر کے جوئیہ سے کہا کے واں کیا پر مونا کرنا آئے ماں دو 
LOG (lattice-best-path[5.5.907~1-cbed4]:main():lattice-best-path.cc:99) For utterance 20030005_694, best cost 246.864 + 8085.51 = 8332.37 over 1208 frames.
20030005_694 تراجم کا چوڑیاں اب ششدر آیا کا رسیا حائل ہے کو جج لے اور اسے تھی چاڈ کو و چنگ بند بنائیں ہے 
LOG (lattice-best-path[5.5.907~1-cbed4]:main():lattice-best-path.cc:99) For utterance 20030005_695, best cost 189.803 + 6956.7 = 7146.51 over 1105 frames.
20030005_695 کھول کی کی جانے میں کیچڑ جانے کو کیا روئیں مگر کی نیچی جاؤ تو پانی میں گول جاؤ 
LOG (lattice-best-path[5.5.907~1-cbed4]:main():lattice-best-path.cc:99) For utterance 20030005_696, best cost 209.358 + 7466.65 = 7676.01 over 1131 frames.
20030005_696 پھیل شیم خاصے ٹری کے آمیزش اے کو مصروف لیچی مسوڑوں کے بنانے کے لیے رم کیا جائے گا 
LOG (lattice-best-path[5.5.907~1-cbed4]:main():lattice-best-path.cc:99) For utterance 20030005_697, best cost 142.642 + 5146.82 = 5289.46 over 772 frames.
20030005_697 بولو کھاؤ اسے سبزیوں ان کمرے ڈیزائنروں کروانے کا کام ہو گیا ہے 
LOG (lattice-best-path[5.5.907~1-cbed4]:main():lattice-best-path.cc:99) For utterance 20030005_698, best cost 184.918 + 7307.27 = 7492.19 over 1124 frames.
20030005_698 براہمن ہو ہم مذاق دور بھیم سے شفاعت آف بام وی سے کا جائزہ لینے لگا 
LOG (lattice-best-path[5.5.907~1-cbed4]:main():lattice-best-path.cc:99) For utterance 20030005_699, best cost 230.485 + 8496.76 = 8727.25 over 1342 frames.
20030005_699 نہ جڑ کی فی روزوں افق خان کی چھری میں بردار ہے کہ آیا نے میں بے وومن پیئں کا مخصوص جو 
LOG (lattice-best-path[5.5.907~1-cbed4]:main():lattice-best-path.cc:99) For utterance 20030005_700, best cost 203.802 + 8974.97 = 9178.77 over 1419 frames.
20030005_700 گوشہ اور ٹھونس کے تک لیے لونگ میں تغافل کی سود دیے چھڑ گھر کر رسول سے اٹھاؤ 
LOG (lattice-scale[5.5.907~1-cbed4]:main():lattice-scale.cc:107) Done 108 lattices.
LOG (lattice-best-path[5.5.907~1-cbed4]:main():lattice-best-path.cc:99) For utterance 20030005_701, best cost 269.082 + 10620.3 = 10889.4 over 1681 frames.
20030005_701 مضمون با عنوان اب بھنوؤں کو بزدل کی کہو مچا نہ چیز سے کہف دوا کر موضوع کو وفد دعاؤں کو سمجھا آیا 
LOG (lattice-best-path[5.5.907~1-cbed4]:main():lattice-best-path.cc:99) For utterance 20030005_702, best cost 188.668 + 7636.64 = 7825.31 over 1150 frames.
20030005_702 غیر فیصلہ کو کو بل کی بل روٹھیں میں کا ہر ایک کو شاہ زور نہ ضد بخشیں 
LOG (lattice-best-path[5.5.907~1-cbed4]:main():lattice-best-path.cc:99) For utterance 20030005_703, best cost 191.734 + 6216.28 = 6408.02 over 952 frames.
20030005_703 پر تھر وارڈ میں تولید دی جیم ای کے پٹھو رو کا غوں بار ظاہر ہوتا ہے 
LOG (lattice-best-path[5.5.907~1-cbed4]:main():lattice-best-path.cc:99) For utterance 20030005_704, best cost 248.972 + 9089.59 = 9338.56 over 1355 frames.
20030005_704 چور ٹھل نے سے فیشن ہے متغیر نہ ذادہ غوں کرے انسان بات کی ای پھل لاؤ رخوں کا پریس سے سے ہے 
LOG (lattice-add-penalty[5.5.907~1-cbed4]:main():lattice-add-penalty.cc:62) Done adding word insertion penalty to 108 lattices.
LOG (lattice-best-path[5.5.907~1-cbed4]:main():lattice-best-path.cc:99) For utterance 20030005_705, best cost 195.225 + 6239.49 = 6434.71 over 958 frames.
20030005_705 بوقت جایا کھل بہن مہر کرو عزیز تجارت پر نہ کر آٹھ ہم سوواں سے بڑے گئی 
LOG (lattice-best-path[5.5.907~1-cbed4]:main():lattice-best-path.cc:99) For utterance 20030005_706, best cost 170.42 + 7195.98 = 7366.4 over 1086 frames.
20030005_706 بجے عزت وقفے سے مرضی ہے کیے عام کے کی دیکھے گھمن میل جو 
LOG (lattice-best-path[5.5.907~1-cbed4]:main():lattice-best-path.cc:99) For utterance 20030005_707, best cost 163.589 + 5679.01 = 5842.6 over 888 frames.
20030005_707 ماضی ایک کو بن لایا ہے تو آگے بڑھائیں یونی گناہوں میں نہ پڑھے ہے 
LOG (lattice-best-path[5.5.907~1-cbed4]:main():lattice-best-path.cc:99) For utterance 20030005_708, best cost 197.502 + 6501.4 = 6698.9 over 1009 frames.
20030005_708 جانب چین نے سے پہلے بولو اے نے مجھے کوچ سے آڑ آیا سے جاتی کا اور مرشد سمجھائیں ہے 
LOG (lattice-best-path[5.5.907~1-cbed4]:main():lattice-best-path.cc:124) Overall cost per frame is 5.94765 = 0.172934 [graph] + 5.77472 [acoustic] over 136802 frames.
LOG (lattice-best-path[5.5.907~1-cbed4]:main():lattice-best-path.cc:128) Done 108 lattices, failed for 0
# Accounting: time=1 threads=1
# Ended (code 0) at Wed Apr 21 08:21:39 PKT 2021, elapsed time 1 seconds
