# lattice-scale --inv-acoustic-scale=12 "ark:gunzip -c exp/tri2/decode/lat.*.gz|" ark:- | lattice-add-penalty --word-ins-penalty=1.0 ark:- ark:- | lattice-best-path --word-symbol-table=exp/tri2/graph/words.txt ark:- ark,t:- | utils/int2sym.pl -f 2- exp/tri2/graph/words.txt | cat > exp/tri2/decode/scoring_kaldi/penalty_1.0/12.txt 
# Started at Wed Apr 21 06:56:10 PKT 2021
#
lattice-scale --inv-acoustic-scale=12 'ark:gunzip -c exp/tri2/decode/lat.*.gz|' ark:- 
lattice-add-penalty --word-ins-penalty=1.0 ark:- ark:- 
lattice-best-path --word-symbol-table=exp/tri2/graph/words.txt ark:- ark,t:- 
LOG (lattice-best-path[5.5.907~1-cbed4]:main():lattice-best-path.cc:99) For utterance 20030005_601, best cost 292.421 + 6011.32 = 6303.74 over 1496 frames.
20030005_601 نعمت رہا تک اونچی کے داغنے کیلئے شو میں دہلوی لنگر ای علیحدہ و درد امور کے پڑا والوں کو قبول کرنے لے گی 
LOG (lattice-best-path[5.5.907~1-cbed4]:main():lattice-best-path.cc:99) For utterance 20030005_602, best cost 382.835 + 8009.78 = 8392.62 over 2091 frames.
20030005_602 دل گروہ کے ایڈڈ ٹینک کے نرخوں رو اور کھیلے پرکھے ہوے پڑھائی کی لو بن فی شیریں آلود آلود جا کے با و کریم جڑ کرنے کے شرکت سے اعظم ہے 
LOG (lattice-best-path[5.5.907~1-cbed4]:main():lattice-best-path.cc:99) For utterance 20030005_603, best cost 274.96 + 6129.28 = 6404.24 over 1534 frames.
20030005_603 شل مس شو گھر اور نزلے کے بڑا آسیہ کے رکھتے عمل پر اٹھوا تو تبدیلی نے بے کیسوں پر کرا اجاگر کیا 
LOG (lattice-best-path[5.5.907~1-cbed4]:main():lattice-best-path.cc:99) For utterance 20030005_604, best cost 258.654 + 6105.01 = 6363.66 over 1617 frames.
20030005_604 سے دیے نے نہ پہلی کے داؤ کی گھر برڈ پڑی تو کہا کس تو آپ چاہے کے اس کے نہ کھلے دکھائیں 
LOG (lattice-best-path[5.5.907~1-cbed4]:main():lattice-best-path.cc:99) For utterance 20030005_605, best cost 175.938 + 3252.04 = 3427.98 over 734 frames.
20030005_605 سول در شبہ آئی چودھرائن کے پیشن میں دھول بھی کی کر داخل دیتا ہے 
LOG (lattice-best-path[5.5.907~1-cbed4]:main():lattice-best-path.cc:99) For utterance 20030005_606, best cost 215.86 + 4354.32 = 4570.18 over 1080 frames.
20030005_606 نے دین کے دماغی میں مغلوب واجب سے یہی عجلت بیویوں کے کہا فضل کی بڑی گزیر رتھ ہے 
LOG (lattice-best-path[5.5.907~1-cbed4]:main():lattice-best-path.cc:99) For utterance 20030005_607, best cost 134.287 + 3115.22 = 3249.51 over 747 frames.
20030005_607 تک سفید کی رفعت کی زدہ گھمبیر نہ بنائی جائے ہے 
LOG (lattice-best-path[5.5.907~1-cbed4]:main():lattice-best-path.cc:99) For utterance 20030005_608, best cost 210.96 + 4468.88 = 4679.84 over 1112 frames.
20030005_608 تھو کھلے کے بو ڈے مرغن کو خشخاش کار درد چوم جانے کے گھول جن تو ہو گئی 
LOG (lattice-best-path[5.5.907~1-cbed4]:main():lattice-best-path.cc:99) For utterance 20030005_609, best cost 262.359 + 5784.66 = 6047.02 over 1464 frames.
20030005_609 گلیشئیر میں مخل میں دوا مگر ماچس میں کس تو لیں میں قالین اور فیس سروں کے جور کا تصحیح فی یا کیا 
LOG (lattice-best-path[5.5.907~1-cbed4]:main():lattice-best-path.cc:99) For utterance 20030005_610, best cost 194.837 + 5173.97 = 5368.81 over 1188 frames.
20030005_610 مواصلات اہل اے تشہیر عموماً بَلّا نے عشر کی طرح سے تعاون درد احساس ہے 
LOG (lattice-best-path[5.5.907~1-cbed4]:main():lattice-best-path.cc:99) For utterance 20030005_611, best cost 262.986 + 5473.24 = 5736.23 over 1425 frames.
20030005_611 کسے پہنے بلی گنگا فوج ٹری نے سیکھ کے دب آؤ کو بڑا اڑا ہیڈ ہے کی گونگے کے ساتھ چل لیے 
LOG (lattice-best-path[5.5.907~1-cbed4]:main():lattice-best-path.cc:99) For utterance 20030005_612, best cost 252.226 + 5308.55 = 5560.78 over 1246 frames.
20030005_612 تبدیلی یوم کی لذت رشید سے میں ڈالوں بھورا کی جھگڑا شخص کر و عفو عدل کی لینگویج بیوہ خوان ہے 
LOG (lattice-best-path[5.5.907~1-cbed4]:main():lattice-best-path.cc:99) For utterance 20030005_613, best cost 170.857 + 3532.76 = 3703.61 over 836 frames.
20030005_613 کلیرنگ کی لاریب بوگس اور جہد کو رشید عید نے ایل وعدہ کیا آ 
LOG (lattice-best-path[5.5.907~1-cbed4]:main():lattice-best-path.cc:99) For utterance 20030005_614, best cost 187.588 + 3790.89 = 3978.48 over 932 frames.
20030005_614 بدروح فرینڈ نے شے شعلوں کے کرائیں انہوں کے ساتھ ثلث ہجے بغیر سمجھو تک کیا 
LOG (lattice-best-path[5.5.907~1-cbed4]:main():lattice-best-path.cc:99) For utterance 20030005_615, best cost 283.601 + 6940.49 = 7224.09 over 1726 frames.
20030005_615 زاید کار شہزادی نے بلی جی اور موئسچرائزنگ ارب کو بلڈوزر کرتے ہوئے جوس یہ خالد آن کی تجوریاں کی میں اور ہیڈ اڑایا 
LOG (lattice-best-path[5.5.907~1-cbed4]:main():lattice-best-path.cc:99) For utterance 20030005_616, best cost 321.89 + 6543.85 = 6865.74 over 1496 frames.
20030005_616 تاجر رہ وارڈ ہیڈ نے حد سوم اور ورژن کو فروخت کے غذا عاشق کرکے رسیدہ تصور کیے میں ہوا رفعت کا ایل کا تیاگ کیا 
LOG (lattice-best-path[5.5.907~1-cbed4]:main():lattice-best-path.cc:99) For utterance 20030005_617, best cost 211.89 + 4739.54 = 4951.43 over 1182 frames.
20030005_617 کھبے پر پڑے سوکھی گو چوہوں میں کیوں کو اولاد دیکھا کر فن دعا ہنسیں نے لگا 
LOG (lattice-best-path[5.5.907~1-cbed4]:main():lattice-best-path.cc:99) For utterance 20030005_618, best cost 250.388 + 4653.88 = 4904.27 over 1099 frames.
20030005_618 فلو ٹرین قریب سے رو شیعہ مون چھوڑ والے اکھنڈ ساگر نے علی مون کے بعد کا جیز رکھتے آ رقیہ 
LOG (lattice-best-path[5.5.907~1-cbed4]:main():lattice-best-path.cc:99) For utterance 20030005_619, best cost 159.87 + 3398.11 = 3557.98 over 868 frames.
20030005_619 تہذیب کی تشبیہ الحاج مداحوں بیان کرنے کی جو خرید دی جا ہے 
LOG (lattice-best-path[5.5.907~1-cbed4]:main():lattice-best-path.cc:99) For utterance 20030005_620, best cost 304.609 + 6409.26 = 6713.87 over 1764 frames.
20030005_620 چینی آنے مون ہولوں کے گول لوحوں کو گڈا حروں میں سموئے یا اور کی ڈیمو ہولوں پر پور و زور شاخوں کی کیا عریاں کیں 
LOG (lattice-best-path[5.5.907~1-cbed4]:main():lattice-best-path.cc:99) For utterance 20030005_621, best cost 271.99 + 5469.06 = 5741.05 over 1336 frames.
20030005_621 مجلے عدل پریس رہائشی نے پور کر رتھ جینوئن کے ماہ بینک میگزین نو گرلز اور چار بھی ناچنے میں پہلے کی 
LOG (lattice-best-path[5.5.907~1-cbed4]:main():lattice-best-path.cc:99) For utterance 20030005_622, best cost 236.943 + 5732.17 = 5969.11 over 1476 frames.
20030005_622 چوتھی گیدڑ میں میں ڈھا اور گدے دے کر ایک درجے عمر رسیدہ بھیڑوں پر لیدر میں سے گرلز دریں 
LOG (lattice-best-path[5.5.907~1-cbed4]:main():lattice-best-path.cc:99) For utterance 20030005_623, best cost 217.26 + 4699.55 = 4916.81 over 1188 frames.
20030005_623 ڈیم ڈیم کا ڈرامہ آپ منافعے آج سود بروز کا آپ مہنگائی یا ندا شاہراہ لے گیا 
LOG (lattice-best-path[5.5.907~1-cbed4]:main():lattice-best-path.cc:99) For utterance 20030005_624, best cost 302.029 + 5944.67 = 6246.7 over 1412 frames.
20030005_624 مفاد سے کے مسخ نو میں کھلے سے لیموں اور فائر سوکھ فوراً اس والا فولڈر حدود کے دن فٹ شنید کے لیے موہوم شوروم تھا 
LOG (lattice-best-path[5.5.907~1-cbed4]:main():lattice-best-path.cc:99) For utterance 20030005_625, best cost 221.916 + 5350.01 = 5571.93 over 1252 frames.
20030005_625 نرغے ڈیم سائیڈ پر پہ دیا کی آتی گزری لے کر دنگ ایمبیسی ورلڈ کے میں موقعے کو گیا 
LOG (lattice-best-path[5.5.907~1-cbed4]:main():lattice-best-path.cc:99) For utterance 20030005_626, best cost 142.889 + 3204.5 = 3347.38 over 817 frames.
20030005_626 لینڈ بجیں کو مری ہائے یا دودھ کی یہ لگا سمجھا 
LOG (lattice-best-path[5.5.907~1-cbed4]:main():lattice-best-path.cc:99) For utterance 20030005_627, best cost 201.998 + 4406.28 = 4608.28 over 1073 frames.
20030005_627 فیری کاغذ ارب عمل کے نبوی گدھا کے اسلامی سے بھڑوں کے تو صفوں میں رکھا گیا 
LOG (lattice-best-path[5.5.907~1-cbed4]:main():lattice-best-path.cc:99) For utterance 20030005_628, best cost 206.807 + 4678.26 = 4885.07 over 1182 frames.
20030005_628 نگہت کی تک ملا بنانے کیلئے بیٹھ کے ٹریبیونل میں کے صیہونی کے خوشی یا ماؤف کود تھیں 
LOG (lattice-best-path[5.5.907~1-cbed4]:main():lattice-best-path.cc:99) For utterance 20030005_629, best cost 264.508 + 6064.29 = 6328.79 over 1476 frames.
20030005_629 شیرے ٹرین کے کے کوش والوں کے و خارجہ میں فیڈر عابد زور گھر خرید نے مردوں کا ہزار کے جی کرا آیا 
LOG (lattice-best-path[5.5.907~1-cbed4]:main():lattice-best-path.cc:99) For utterance 20030005_630, best cost 245.856 + 5838.14 = 6083.99 over 1457 frames.
20030005_630 کی فضل میں نشر اے کے کشف تک عالمی آکر بیچے مری یہ قل سن سے والوں بے کر کیا 
LOG (lattice-best-path[5.5.907~1-cbed4]:main():lattice-best-path.cc:99) For utterance 20030005_631, best cost 301.81 + 7531.16 = 7832.97 over 1912 frames.
20030005_631 سیلز چیز کوئی نیم داغ بیٹھ میں وقف آ کر کے فلو رخصت بھیجے تو اس نے اسے موڑ کر چھایا لے دکھایا ہے 
LOG (lattice-best-path[5.5.907~1-cbed4]:main():lattice-best-path.cc:99) For utterance 20030005_632, best cost 303.213 + 6720.3 = 7023.51 over 1758 frames.
20030005_632 حضرت سی گائنی کہا کے روایت کی ہجر چھوڑ روزوں اور ریڈ یاں بن رجوع دعا کر کھجوریں اور رسولی چھوٹے بغیر بیٹھ 
LOG (lattice-best-path[5.5.907~1-cbed4]:main():lattice-best-path.cc:99) For utterance 20030005_633, best cost 288.369 + 7045.46 = 7333.83 over 1873 frames.
20030005_633 ریزرو نیرنگ کے بن کہا میں تفویض کیلئے منیر کیونکہ اور فی سونگ ہو کی کو اونس اس چیریٹی سوئی کے لیے بھیجی اے 
LOG (lattice-best-path[5.5.907~1-cbed4]:main():lattice-best-path.cc:99) For utterance 20030005_634, best cost 209.922 + 3968.5 = 4178.42 over 952 frames.
20030005_634 کو لے شنید درجے شب کے استحقاق آن کے لیے رو آ نیا کی نکل گریڈ کر لائیں 
LOG (lattice-best-path[5.5.907~1-cbed4]:main():lattice-best-path.cc:99) For utterance 20030005_635, best cost 237.395 + 5373.22 = 5610.62 over 1336 frames.
20030005_635 خاص میں دل کوچ کی لعاب فالوآن میں بیٹھ میں اور ایری مینگل دھل ماہرین سمیت میں سوا کرا ہے 
LOG (lattice-best-path[5.5.907~1-cbed4]:main():lattice-best-path.cc:99) For utterance 20030005_636, best cost 225.021 + 5121.98 = 5347 over 1361 frames.
20030005_636 کا موو رو اور خشوع ممد کی چوری آف شامل نے سے زور جا کا تو خان کا فجور ہوا 
LOG (lattice-best-path[5.5.907~1-cbed4]:main():lattice-best-path.cc:99) For utterance 20030005_637, best cost 228.069 + 5708.44 = 5936.51 over 1457 frames.
20030005_637 رخوں والوں نے استغراق میں تیزی پہنچ کر رنگ کی لارا موذی کی لیدر سے میں مگر بیڑے ہوئی 
LOG (lattice-best-path[5.5.907~1-cbed4]:main():lattice-best-path.cc:99) For utterance 20030005_638, best cost 246.975 + 6886.72 = 7133.7 over 1828 frames.
20030005_638 کاجو گوجر کی شیرے ڈوب ڈرائیونگ سے کو وے صورت اور کوئی کو کھڑے کیے کے ملا سے جا نوچیں 
LOG (lattice-best-path[5.5.907~1-cbed4]:main():lattice-best-path.cc:99) For utterance 20030005_639, best cost 278.725 + 6108.34 = 6387.06 over 1432 frames.
20030005_639 ہم عید کے دفتر کی دکھ کے دل سے ترجیح چیز کر کے سے کے مآب عود سزا ہر تک سموسے یہ ڈبو چکھیں 
LOG (lattice-best-path[5.5.907~1-cbed4]:main():lattice-best-path.cc:99) For utterance 20030005_640, best cost 241.003 + 5437.02 = 5678.02 over 1348 frames.
20030005_640 چوہوں کی یوم پر بیٹھی گیارہویں سفید نے بیسن ای کونسل کے شو والا کا پیچوٹری کھو جھلک آیا 
LOG (lattice-best-path[5.5.907~1-cbed4]:main():lattice-best-path.cc:99) For utterance 20030005_641, best cost 213.667 + 4543.94 = 4757.61 over 1054 frames.
20030005_641 آ خیل اؤٹ اور پڑی شروع فوم کی آ دیش ماضی دکھ لاکھ کر لینتھ سے بھیجیں 
LOG (lattice-best-path[5.5.907~1-cbed4]:main():lattice-best-path.cc:99) For utterance 20030005_642, best cost 192.444 + 4382.82 = 4575.26 over 1041 frames.
20030005_642 حریفوں کے سیفٹی میچ چیز سیکھی اے کو درس میں سے مفلوج کیے ہوا کو تھی 
LOG (lattice-best-path[5.5.907~1-cbed4]:main():lattice-best-path.cc:99) For utterance 20030005_643, best cost 256.276 + 5403.17 = 5659.44 over 1310 frames.
20030005_643 طرف آپ آلود سے محفل بحثیں محفل آف اجرت سے نہ ہائے نے اور دوغلی راغب سے زاید دیں ڈھا لیں 
LOG (lattice-best-path[5.5.907~1-cbed4]:main():lattice-best-path.cc:99) For utterance 20030005_644, best cost 245.096 + 6189.88 = 6434.98 over 1611 frames.
20030005_644 کا چکھیں ہے تغلق چھیڑ میں طور پر روئیں اور ریزرو بھورا مچھلی کی سیمی پر کمینگی بھرتا کھلیں 
LOG (lattice-best-path[5.5.907~1-cbed4]:main():lattice-best-path.cc:99) For utterance 20030005_645, best cost 206.169 + 4366.3 = 4572.47 over 1022 frames.
20030005_645 نے پاؤڈر گڈ کیسز میں دوسرا کے سائیڈ بزرگ مصر خیر کرنے کے کی ایف آشنا کھلے ہیں 
LOG (lattice-best-path[5.5.907~1-cbed4]:main():lattice-best-path.cc:99) For utterance 20030005_646, best cost 219.294 + 4685.96 = 4905.25 over 1156 frames.
20030005_646 ساؤتھ گنا فن جوس نے اور چودھری نے کے با لاؤ رکھ بھیڑیا میں گڑھ آیئں ڈالنے آیئں 
LOG (lattice-best-path[5.5.907~1-cbed4]:main():lattice-best-path.cc:99) For utterance 20030005_647, best cost 140.502 + 4001.6 = 4142.1 over 1067 frames.
20030005_647 بااثر کے انداز میرا گھونگٹ میچور کر دوسروں پر آئے ہے 
LOG (lattice-best-path[5.5.907~1-cbed4]:main():lattice-best-path.cc:99) For utterance 20030005_648, best cost 149.247 + 3683.69 = 3832.93 over 990 frames.
20030005_648 میلے میں عید دودھیا چھایا چشتی تنخواہ خودسر کے لیے کروا تھا 
LOG (lattice-best-path[5.5.907~1-cbed4]:main():lattice-best-path.cc:99) For utterance 20030005_649, best cost 179.299 + 3932.03 = 4111.33 over 1041 frames.
20030005_649 کو کو کو کر میں مس کرکے بیٹھک نے کے بعد کو عوام کا مڈل لگائی یہ 
LOG (lattice-best-path[5.5.907~1-cbed4]:main():lattice-best-path.cc:99) For utterance 20030005_650, best cost 249.536 + 5239.9 = 5489.44 over 1355 frames.
20030005_650 ہجر عید آ آئین کی سی رتھ اور سینما لیے ان کی محفل یہ بحیرہ کے رائگاں چیک تک اضافے ہے 
LOG (lattice-best-path[5.5.907~1-cbed4]:main():lattice-best-path.cc:99) For utterance 20030005_651, best cost 187.971 + 4222.69 = 4410.66 over 1131 frames.
20030005_651 کوئلے کیوں بیرونی مووی شعلوں کی کو کلی گھر رکھنے اونے سے پہلے سوئنگ تھیں 
LOG (lattice-best-path[5.5.907~1-cbed4]:main():lattice-best-path.cc:99) For utterance 20030005_652, best cost 247.941 + 5849.4 = 6097.35 over 1502 frames.
20030005_652 رقم کیجیے لے کھا آنگن اور لیے کو ورلڈکپ قید نو والا میڈیکل گھور کی سلور و تک اونچی 
LOG (lattice-best-path[5.5.907~1-cbed4]:main():lattice-best-path.cc:99) For utterance 20030005_653, best cost 228.295 + 4743.71 = 4972 over 1176 frames.
20030005_653 لیدر بلا ڈیلروں رزق کا سی سن دل کر وزیر کی انجری گھائل تک قل اونس ہوا ہو 
LOG (lattice-best-path[5.5.907~1-cbed4]:main():lattice-best-path.cc:99) For utterance 20030005_654, best cost 225.271 + 5631.22 = 5856.49 over 1361 frames.
20030005_654 کھجلی اور دیش کو سے اس کی عشرے لا چوم کے اور تنگ سے اوور سے کے معدے میں ایسی دھجیاں 
LOG (lattice-best-path[5.5.907~1-cbed4]:main():lattice-best-path.cc:99) For utterance 20030005_655, best cost 154.932 + 4032.97 = 4187.9 over 1022 frames.
20030005_655 میرون بخشش کی بجھائی اور ڈھیلے فٹ بچھانے کا ایشز ہے ہے 
LOG (lattice-best-path[5.5.907~1-cbed4]:main():lattice-best-path.cc:99) For utterance 20030005_656, best cost 262.861 + 6335.94 = 6598.8 over 1668 frames.
20030005_656 بیگز سے سے جی گروہوں ویب کن کر زیر ہے اینڈ بچائیں اور سونگ اور جہاد آن بیگز ہرگز کرائے ہے 
LOG (lattice-best-path[5.5.907~1-cbed4]:main():lattice-best-path.cc:99) For utterance 20030005_657, best cost 166.254 + 4320.87 = 4487.12 over 1099 frames.
20030005_657 گول عفو گھن ذہن کے طرف ریڈ کردار کی حادثے منفرد نہیں 
LOG (lattice-best-path[5.5.907~1-cbed4]:main():lattice-best-path.cc:99) For utterance 20030005_658, best cost 140.637 + 3827.96 = 3968.6 over 1003 frames.
20030005_658 لینڈ اؤٹ کا میں واحد دوسری ویوز کی با سے گزارنے ہے 
LOG (lattice-best-path[5.5.907~1-cbed4]:main():lattice-best-path.cc:99) For utterance 20030005_659, best cost 193.599 + 5139.26 = 5332.85 over 1291 frames.
20030005_659 مرکزی کو در کر پرچھائیں اور کوئی کا تمغوں غوروخوض کے بعد بولنے یا کر سوئے ہیں 
LOG (lattice-best-path[5.5.907~1-cbed4]:main():lattice-best-path.cc:99) For utterance 20030005_660, best cost 132.227 + 3054.98 = 3187.21 over 779 frames.
20030005_660 اور لیبر خان کے بل کیا عضلات میں نہیں گھس نہ ہے 
LOG (lattice-best-path[5.5.907~1-cbed4]:main():lattice-best-path.cc:99) For utterance 20030005_661, best cost 178.148 + 4491.43 = 4669.58 over 1252 frames.
20030005_661 قضا آف لینے کے لیے بچھونا پر حامل کا ڈھا ہاتھوں رکھ بنائیں ہے 
LOG (lattice-best-path[5.5.907~1-cbed4]:main():lattice-best-path.cc:99) For utterance 20030005_662, best cost 176.047 + 4267.85 = 4443.9 over 1067 frames.
20030005_662 کھڑے ٹھنکا شوروم کو کی آدھ یاں چلیں تو سلطان کی تشبیہ گرنے گئیں 
LOG (lattice-best-path[5.5.907~1-cbed4]:main():lattice-best-path.cc:99) For utterance 20030005_663, best cost 252.627 + 5359.63 = 5612.26 over 1336 frames.
20030005_663 تیروں نے جہاد چاہیے معا کا عابد انگوٹھی یاں پر ساز یقین تو دن دے کی تم ورک کو روئی 
LOG (lattice-best-path[5.5.907~1-cbed4]:main():lattice-best-path.cc:99) For utterance 20030005_664, best cost 248.028 + 5609.12 = 5857.15 over 1316 frames.
20030005_664 فضل آسیہ یہ کے بڑے اعظم میں کا آئین نہ گگلی لے کاغذ نور ہوا تو کے رخوں کے کڑوے کو گئے 
LOG (lattice-best-path[5.5.907~1-cbed4]:main():lattice-best-path.cc:99) For utterance 20030005_665, best cost 174.262 + 3345.71 = 3519.98 over 779 frames.
20030005_665 فیض نے خواہ سال رو واقعی سے سے گڑھ چینی تو آج بغیر ہوا ہو 
LOG (lattice-best-path[5.5.907~1-cbed4]:main():lattice-best-path.cc:99) For utterance 20030005_666, best cost 222.716 + 4263.79 = 4486.5 over 1073 frames.
20030005_666 دھوئے مون سے پورے اور ورک چہل میں پر آقاؤں یا قحط تو دس رہ حیرت سے بھول لیے 
LOG (lattice-best-path[5.5.907~1-cbed4]:main():lattice-best-path.cc:99) For utterance 20030005_667, best cost 161.465 + 4855.64 = 5017.11 over 1323 frames.
20030005_667 گگلی بیچیں کے دھاڑ سے چنگ کے دوسرے کی گگلی بس ایندھن ہوئی 
LOG (lattice-best-path[5.5.907~1-cbed4]:main():lattice-best-path.cc:99) For utterance 20030005_668, best cost 246.612 + 6124 = 6370.62 over 1489 frames.
20030005_668 سنگباری فلو رضوی کے پر لڑیں میں رکھ اگر نے والے جھڑک کار کچلا ربیعہ نہ سے جید نکھرا 
LOG (lattice-best-path[5.5.907~1-cbed4]:main():lattice-best-path.cc:99) For utterance 20030005_669, best cost 171.381 + 4547.48 = 4718.86 over 1112 frames.
20030005_669 اور رخ اعظم مغفرت بورڈر میں ویڈیوز سست ضرورت کے یہ ضرورت نہیں کیا 
LOG (lattice-best-path[5.5.907~1-cbed4]:main():lattice-best-path.cc:99) For utterance 20030005_670, best cost 163.097 + 4104.23 = 4267.33 over 1035 frames.
20030005_670 قضیے کا آخری اشارہ ہے ایک کے سایہ دنیا کوڑھ رخوں کا تعلق 
LOG (lattice-best-path[5.5.907~1-cbed4]:main():lattice-best-path.cc:99) For utterance 20030005_671, best cost 269.402 + 5586.9 = 5856.3 over 1368 frames.
20030005_671 رشید سے پہلے کیسوں سال کی گڑیا نے کہا صفوں عورت اس زبوں خول کے تفویض جوبلی میں گو اور جی یہ جاؤ 
LOG (lattice-best-path[5.5.907~1-cbed4]:main():lattice-best-path.cc:99) For utterance 20030005_672, best cost 228.796 + 5039.87 = 5268.66 over 1163 frames.
20030005_672 انٹر وی گریڈ ایشوز چلائی یہ تو وہ فروغ عقاب والرس سرویئر غصہ درجے کا آپ اگلا ہے 
LOG (lattice-best-path[5.5.907~1-cbed4]:main():lattice-best-path.cc:99) For utterance 20030005_673, best cost 177.633 + 3954.19 = 4131.82 over 1048 frames.
20030005_673 کے چار عام گروہ کے ہوے جو ضلع سیلز کے بیگ پڑ کھڑا آئے ہے 
LOG (lattice-best-path[5.5.907~1-cbed4]:main():lattice-best-path.cc:99) For utterance 20030005_674, best cost 233.342 + 5946.58 = 6179.93 over 1604 frames.
20030005_674 مشروط میں پُلوں میں بھڑک کا کا پرچیاں میگاواٹ کر ہم والا کینگرو ٹھوس مین سنے کی کوشش کی 
LOG (lattice-best-path[5.5.907~1-cbed4]:main():lattice-best-path.cc:99) For utterance 20030005_675, best cost 199.201 + 4897.46 = 5096.66 over 1297 frames.
20030005_675 عارضی کے بو روئی کے رویے پر سوئنگ چھ تو تفنن کا با آؤ پڑھائی یہ 
LOG (lattice-best-path[5.5.907~1-cbed4]:main():lattice-best-path.cc:99) For utterance 20030005_676, best cost 225.128 + 5195.04 = 5420.17 over 1278 frames.
20030005_676 اپنی رہائش سچ کا سیریز کا انظباتی جا کھڑے غزوہ رہ میں تنگ اشاعت جھگڑے پر رکھ دیئے 
LOG (lattice-best-path[5.5.907~1-cbed4]:main():lattice-best-path.cc:99) For utterance 20030005_677, best cost 226.582 + 5717.93 = 5944.51 over 1380 frames.
20030005_677 مثال نیا کی گگلی بوئے مگر بعدازاں روز فن بوڑھی گوگل تراجم کی حیرت سے دہلوی گیا 
LOG (lattice-best-path[5.5.907~1-cbed4]:main():lattice-best-path.cc:99) For utterance 20030005_678, best cost 329.305 + 7749.91 = 8079.22 over 2052 frames.
20030005_678 سے نمف نے سوا آپ کو و تھیلی ایف فیری رنز پڑھوا ورلڈ والوں سے چھیڑنے کے لیے ہیڈ رو جن فیملی سے مشعر کے شے کیں 
LOG (lattice-best-path[5.5.907~1-cbed4]:main():lattice-best-path.cc:99) For utterance 20030005_679, best cost 151.396 + 3788.06 = 3939.46 over 958 frames.
20030005_679 تھوڑی اور پیڑی پر چھیل لایا تو سرویئر تیزی سے اچھل ای 
LOG (lattice-best-path[5.5.907~1-cbed4]:main():lattice-best-path.cc:99) For utterance 20030005_680, best cost 216.142 + 5027.62 = 5243.77 over 1316 frames.
20030005_680 چوری کا چوڑیاں پہنے دے ہوے بھی بیٹھ تو لائن اٹھارہ برس میں میں تھوڑا آئے جاتا ہے 
LOG (lattice-best-path[5.5.907~1-cbed4]:main():lattice-best-path.cc:99) For utterance 20030005_681, best cost 243.275 + 6116.6 = 6359.88 over 1611 frames.
20030005_681 پیدا فشنگ جیب شیر کو گیارہ کر ڈانس کوئی تو ہولوں آن پر بھی ریچھ عید آغا پر ثریا 
LOG (lattice-best-path[5.5.907~1-cbed4]:main():lattice-best-path.cc:99) For utterance 20030005_682, best cost 246.359 + 6706.81 = 6953.17 over 1656 frames.
20030005_682 بیچ اور شوخ وارڈ یہ کی لوٹ پر پنجرے کا نارتھ لہجہ وائرس کے ہول عجلت معلوم کیے 
LOG (lattice-best-path[5.5.907~1-cbed4]:main():lattice-best-path.cc:99) For utterance 20030005_683, best cost 220.144 + 5507.26 = 5727.4 over 1355 frames.
20030005_683 حریت سے ماؤزے کی جھگڑوں تک ایم ایم نے اونی رہ دیے کیے تیز سے نکل گئی 
LOG (lattice-best-path[5.5.907~1-cbed4]:main():lattice-best-path.cc:99) For utterance 20030005_684, best cost 192.976 + 4858.58 = 5051.55 over 1208 frames.
20030005_684 میرون بھی فلو رخ آپ ایگزیکٹو کے کی میں معلوم یا ریلی لاگت تک آؤ 
LOG (lattice-best-path[5.5.907~1-cbed4]:main():lattice-best-path.cc:99) For utterance 20030005_685, best cost 164.478 + 3565.08 = 3729.56 over 881 frames.
20030005_685 جو فلڈ غوث کی والوں بچے ایئر بخشے اسے کہا سے لاؤ بدروح 
LOG (lattice-best-path[5.5.907~1-cbed4]:main():lattice-best-path.cc:99) For utterance 20030005_686, best cost 204.368 + 4688.87 = 4893.24 over 1067 frames.
20030005_686 سوئس کلیم گرنے یہ سرخی ویب فیشن سے بنیں یادیں مسز کا شو شاہ پوچھوں 
LOG (lattice-best-path[5.5.907~1-cbed4]:main():lattice-best-path.cc:99) For utterance 20030005_687, best cost 268.899 + 6771.96 = 7040.86 over 1656 frames.
20030005_687 سوغات گریز کے بدسلوکی سے آنکھیں کوئلے تو حدود ازالہ زچ سے چیف مالدار کر تو جاؤ مدد فضول کاروائی 
LOG (lattice-best-path[5.5.907~1-cbed4]:main():lattice-best-path.cc:99) For utterance 20030005_688, best cost 319.127 + 7018.06 = 7337.19 over 1796 frames.
20030005_688 خلیے کھل کی چادر بھیج بعد کر سے مچھلیاں گز لارا با اور دی ایچ کی کی بیچ میں رہا بوم کے پراٹھا یہ داغ لے جاؤ 
LOG (lattice-best-path[5.5.907~1-cbed4]:main():lattice-best-path.cc:99) For utterance 20030005_689, best cost 253.735 + 5592.36 = 5846.09 over 1496 frames.
20030005_689 بوجھ تو بھڑک جس آ کی گیارہ کیا جنگلوں میں ہول بنا یہ اور سوئے سود فصلیں کو جل کر چھائی 
LOG (lattice-best-path[5.5.907~1-cbed4]:main():lattice-best-path.cc:99) For utterance 20030005_690, best cost 163.357 + 3965.13 = 4128.49 over 881 frames.
20030005_690 جگ اٹھی یا نام پڑھائی میں کے شور لیے گول شعاع نے جا سکتا 
LOG (lattice-best-path[5.5.907~1-cbed4]:main():lattice-best-path.cc:99) For utterance 20030005_691, best cost 255.048 + 6358.51 = 6613.56 over 1368 frames.
20030005_691 کی سے کی دلجوئی کے لیے اپنا جی گروتھ دیو میرا اور ہوم سے ٹھونس سمجھا کا سموئے ناغہ ملے ٹھوس دیئے 
LOG (lattice-best-path[5.5.907~1-cbed4]:main():lattice-best-path.cc:99) For utterance 20030005_692, best cost 217.062 + 5634.07 = 5851.13 over 1220 frames.
20030005_692 بدل کو مثال میں کہا کیے ہے حصے بوسن بدلے حق گاڑی سے دی کا تیزی طرح 
LOG (lattice-best-path[5.5.907~1-cbed4]:main():lattice-best-path.cc:99) For utterance 20030005_693, best cost 163.135 + 4185 = 4348.14 over 939 frames.
20030005_693 مے نے حق کے جوئیہ سے کہا کے واقعہ پر نوحہ کروں آئے نتھنوں 
LOG (lattice-best-path[5.5.907~1-cbed4]:main():lattice-best-path.cc:99) For utterance 20030005_694, best cost 244.592 + 5880.52 = 6125.11 over 1208 frames.
20030005_694 طرح کا تھوڑا ششدر آیا کر ایسا حق کو اے ہجے اور حصے ہی جا و چبا تھانہ آئیے 
LOG (lattice-best-path[5.5.907~1-cbed4]:main():lattice-best-path.cc:99) For utterance 20030005_695, best cost 228.897 + 5032.89 = 5261.79 over 1105 frames.
20030005_695 کو ہی کی جانے تھی چل جانے کو کیا روئیں اگر کی نوچ جاؤ تو پانی میں گول جا و 
LOG (lattice-best-path[5.5.907~1-cbed4]:main():lattice-best-path.cc:99) For utterance 20030005_696, best cost 191.648 + 5476.73 = 5668.37 over 1131 frames.
20030005_696 پھیل شل خاصے کے و میں زیر کو معصوم لیے مسوڑوں کے بنانے کے لیے گا 
LOG (lattice-best-path[5.5.907~1-cbed4]:main():lattice-best-path.cc:99) For utterance 20030005_697, best cost 149.119 + 3741.46 = 3890.58 over 772 frames.
20030005_697 بھولو اور کا آؤ سے سبزیوں تعلق یہ ڈیزائنروں کروانے کا کا ہو گیا 
LOG (lattice-best-path[5.5.907~1-cbed4]:main():lattice-best-path.cc:99) For utterance 20030005_698, best cost 189.696 + 5346.78 = 5536.48 over 1124 frames.
20030005_698 بار آ ہوں ہم زوال دھول بھیم سے شخص والی سے کا جائزہ لیے لارا 
LOG (lattice-best-path[5.5.907~1-cbed4]:main():lattice-best-path.cc:99) For utterance 20030005_699, best cost 240.753 + 6258.26 = 6499.01 over 1342 frames.
20030005_699 ناجائز کی سے روزوں عفو خیال کی چھری میں وعدہ کیے آیا نے میں بھی وومن آتی کا ماہ سوچوں 
LOG (lattice-best-path[5.5.907~1-cbed4]:main():lattice-best-path.cc:99) For utterance 20030005_700, best cost 227.611 + 6518.26 = 6745.87 over 1419 frames.
20030005_700 گوشے اور فون کیے تک میں تغافل کی سول دیے چھڑ کر اے اسلوب سے و تھنوں 
LOG (lattice-best-path[5.5.907~1-cbed4]:main():lattice-best-path.cc:99) For utterance 20030005_701, best cost 292.672 + 7765.04 = 8057.72 over 1681 frames.
20030005_701 مضمون با عنوان لخت بلوں کو نظر تہتر نہ چیز سے اے اہل دوا کرے موذی زیست کو وقعت کو سمجھا آیا 
LOG (lattice-best-path[5.5.907~1-cbed4]:main():lattice-best-path.cc:99) For utterance 20030005_702, best cost 202.686 + 5547.98 = 5750.67 over 1150 frames.
20030005_702 غیر فیصلہ کو بیعت کیے روپے میں ہر کیے کوڈ شاہ زون نہ ضرورت بخشیں 
LOG (lattice-best-path[5.5.907~1-cbed4]:main():lattice-best-path.cc:99) For utterance 20030005_703, best cost 183.643 + 4559.15 = 4742.79 over 952 frames.
20030005_703 پتھروں وارڈ ایف میرے تولید ای جیم کے پتھروں کاروبار آ ظاہر ہوتا ہے 
LOG (lattice-scale[5.5.907~1-cbed4]:main():lattice-scale.cc:107) Done 108 lattices.
LOG (lattice-best-path[5.5.907~1-cbed4]:main():lattice-best-path.cc:99) For utterance 20030005_704, best cost 233.401 + 6506.83 = 6740.23 over 1355 frames.
20030005_704 چور نے سے شب مہیا رخ زنخوں کے اے اونس با آتی تھل آؤ کا پر ویسے اس ہے 
LOG (lattice-best-path[5.5.907~1-cbed4]:main():lattice-best-path.cc:99) For utterance 20030005_705, best cost 198.505 + 4503.7 = 4702.21 over 958 frames.
20030005_705 با وجہ رہ لینڈ عمر کو زیست اجازت پر اعلان رتھ آٹھ حصوں سے بڑے کیے 
LOG (lattice-add-penalty[5.5.907~1-cbed4]:main():lattice-add-penalty.cc:62) Done adding word insertion penalty to 108 lattices.
LOG (lattice-best-path[5.5.907~1-cbed4]:main():lattice-best-path.cc:99) For utterance 20030005_706, best cost 141.864 + 5194.77 = 5336.64 over 1086 frames.
20030005_706 بجے روسی وزیر کیے آنکھیں دیکھیے ہمراہ مچولی 
LOG (lattice-best-path[5.5.907~1-cbed4]:main():lattice-best-path.cc:99) For utterance 20030005_707, best cost 171.113 + 4197.68 = 4368.8 over 888 frames.
20030005_707 ماضی اے کو <oov> بھلا یا ہیڈ تو آدھے گناہوں نے نہ پڑھئے 
LOG (lattice-best-path[5.5.907~1-cbed4]:main():lattice-best-path.cc:99) For utterance 20030005_708, best cost 192.324 + 4737.56 = 4929.89 over 1009 frames.
20030005_708 جانب چمڑے سے پہلے بھورے نے مجھے کوچ آیا رسیدہ تھری کا اور مشائخ سمجھائیں ہے 
LOG (lattice-best-path[5.5.907~1-cbed4]:main():lattice-best-path.cc:124) Overall cost per frame is 4.26971 = 0.174888 [graph] + 4.09482 [acoustic] over 136802 frames.
LOG (lattice-best-path[5.5.907~1-cbed4]:main():lattice-best-path.cc:128) Done 108 lattices, failed for 0
# Accounting: time=0 threads=1
# Ended (code 0) at Wed Apr 21 06:56:10 PKT 2021, elapsed time 0 seconds
