# lattice-scale --inv-acoustic-scale=16 "ark:gunzip -c exp/tri1/decode/lat.*.gz|" ark:- | lattice-add-penalty --word-ins-penalty=1.0 ark:- ark:- | lattice-best-path --word-symbol-table=exp/tri1/graph/words.txt ark:- ark,t:- | utils/int2sym.pl -f 2- exp/tri1/graph/words.txt | cat > exp/tri1/decode/scoring_kaldi/penalty_1.0/16.txt 
# Started at Wed Apr 21 04:16:14 PKT 2021
#
lattice-add-penalty --word-ins-penalty=1.0 ark:- ark:- 
lattice-scale --inv-acoustic-scale=16 'ark:gunzip -c exp/tri1/decode/lat.*.gz|' ark:- 
lattice-best-path --word-symbol-table=exp/tri1/graph/words.txt ark:- ark,t:- 
LOG (lattice-best-path[5.5.907~1-cbed4]:main():lattice-best-path.cc:99) For utterance 20030004_601, best cost 266.752 + 4444.68 = 4711.43 over 804 frames.
20030004_601 نو بُدھی یہاں تعاقب اونچی کے کہا کے کے دیش و میں تھری ہنگری کو لہریں ایک علم بھول کے پڑا قبول کرنے لگیں 
LOG (lattice-best-path[5.5.907~1-cbed4]:main():lattice-best-path.cc:99) For utterance 20030004_602, best cost 314.076 + 5554.62 = 5868.7 over 1000 frames.
20030004_602 دل شبہ کو آئیوڈین کے نارتھ اور کھیلے پر رکھے ہوے عدل بھائی کے لو بنا خوشی آلود چار کے باؤنڈری اسجد کرنے کے شرکت سے آ رجوع ہے 
LOG (lattice-best-path[5.5.907~1-cbed4]:main():lattice-best-path.cc:99) For utterance 20030004_603, best cost 211.281 + 4329.04 = 4540.32 over 782 frames.
20030004_603 شامل شوہر اور نزلے کی بڑا سے گدے عمل پر اُٹھاؤں تو تخریب نے بےقصور پر کر الجھا کر کیا 
LOG (lattice-best-path[5.5.907~1-cbed4]:main():lattice-best-path.cc:99) For utterance 20030004_604, best cost 191.952 + 3567.94 = 3759.89 over 638 frames.
20030004_604 سندھی نے نااہلیت کے داخلوں کے کر پر پڑی تو کہا اسود شاہد کے لوث کے نوے اٹھائے 
LOG (lattice-best-path[5.5.907~1-cbed4]:main():lattice-best-path.cc:99) For utterance 20030004_605, best cost 145.034 + 2765.53 = 2910.56 over 506 frames.
20030004_605 سول جل شوربہ جون کے پیشن میں گھول ٹھیک کر داخل دیتا ہے 
LOG (lattice-best-path[5.5.907~1-cbed4]:main():lattice-best-path.cc:99) For utterance 20030004_606, best cost 161.79 + 3105.39 = 3267.18 over 554 frames.
20030004_606 ندوی کے دماغی گلوبل سے کی اثنا پریوں کے تشخص کی بڑی گزیر لینتھ ہے 
LOG (lattice-best-path[5.5.907~1-cbed4]:main():lattice-best-path.cc:99) For utterance 20030004_607, best cost 135.228 + 2335.85 = 2471.08 over 428 frames.
20030004_607 تک سے دیے کی اور فٹ کی زور باندھ گھمبیر نہ بنائی جائے 
LOG (lattice-best-path[5.5.907~1-cbed4]:main():lattice-best-path.cc:99) For utterance 20030004_608, best cost 158.103 + 3198.8 = 3356.9 over 578 frames.
20030004_608 ہوتے کے گوڈی مرغی کو خرچ کا ڈام وجود جانے کی گلشن تو ہو گی 
LOG (lattice-best-path[5.5.907~1-cbed4]:main():lattice-best-path.cc:99) For utterance 20030004_609, best cost 226.955 + 4123.29 = 4350.25 over 746 frames.
20030004_609 ٹیلنٹ شل میں محلوں میں جوار مگر مارچ میں اس چھولے نکالیں اور فیس و کے جوڑے کا تصفیے یا کیا 
LOG (lattice-best-path[5.5.907~1-cbed4]:main():lattice-best-path.cc:99) For utterance 20030004_610, best cost 207.815 + 3987.07 = 4194.89 over 740 frames.
20030004_610 مماثل اہل لے تشہیر کا ایڈڈ کی عموماً بیڑے آنے چل کی طرف سیون دیے فیس آن ہے 
LOG (lattice-best-path[5.5.907~1-cbed4]:main():lattice-best-path.cc:99) For utterance 20030004_611, best cost 212.606 + 3734.77 = 3947.38 over 699 frames.
20030004_611 کھو سے پہنے بھیم گا فورس جھرنے سے کے دب آؤ کو گڑگڑا ہر کی پونچھ کے ساتھ چھ لے 
LOG (lattice-best-path[5.5.907~1-cbed4]:main():lattice-best-path.cc:99) For utterance 20030004_612, best cost 203.96 + 4107.01 = 4310.97 over 740 frames.
20030004_612 تبدیلی اور گلوز عشرے میں ڈھال بھورا رہے چلا شب کو تو کو قوت کی لینگویج کا خاں ہے 
LOG (lattice-best-path[5.5.907~1-cbed4]:main():lattice-best-path.cc:99) For utterance 20030004_613, best cost 126.024 + 2931.51 = 3057.54 over 534 frames.
20030004_613 علم کو لاکھا بوگس اور جدول کو ریشمی نے البتہ کہا 
LOG (lattice-best-path[5.5.907~1-cbed4]:main():lattice-best-path.cc:99) For utterance 20030004_614, best cost 162.889 + 2990.27 = 3153.16 over 547 frames.
20030004_614 گود دو فیملی شے شو کے کرائی اور کے ساتھ سمجھیں بغیر سمجھو داغ کیا 
LOG (lattice-best-path[5.5.907~1-cbed4]:main():lattice-best-path.cc:99) For utterance 20030004_615, best cost 274.761 + 5179.42 = 5454.18 over 941 frames.
20030004_615 عدالت کا شہزادی نے علی چور موئسچرائزنگ اس کو بلڈ اوس کرتے ہوئے جوبلی خان دانش کے کے جو دھیمی گوبر ہیڈ بڑھ آیا 
LOG (lattice-best-path[5.5.907~1-cbed4]:main():lattice-best-path.cc:99) For utterance 20030004_616, best cost 246.472 + 4930.47 = 5176.94 over 890 frames.
20030004_616 تاجروں جیگوار ہڈی سوچ خان اور ڈویژن کو فروغ وزارت کر کیسی دکھ تصدق کی مان خود کا حال کا اطلاعات کیا 
LOG (lattice-best-path[5.5.907~1-cbed4]:main():lattice-best-path.cc:99) For utterance 20030004_617, best cost 182.299 + 3071.66 = 3253.96 over 569 frames.
20030004_617 کم بے پر پڑے سوکھنے بچھڑوں میں کھیلوں کو ہو لیتا دیکھ کر حد آفس نے لگا 
LOG (lattice-best-path[5.5.907~1-cbed4]:main():lattice-best-path.cc:99) For utterance 20030004_618, best cost 204.496 + 4334.5 = 4538.99 over 792 frames.
20030004_618 فارم ٹرین کا برعکس سے روشناس موجوں والے اکھنڈ ساغر میں کر نیو کے بعد ویجز اطلاعات کیا ہے 
LOG (lattice-best-path[5.5.907~1-cbed4]:main():lattice-best-path.cc:99) For utterance 20030004_619, best cost 139.218 + 2826.52 = 2965.74 over 524 frames.
20030004_619 تہذیب دی تشبیہ جہاد مطالبے آنکھ کرنے کا جبری ندوی جا ہے 
LOG (lattice-best-path[5.5.907~1-cbed4]:main():lattice-best-path.cc:99) For utterance 20030004_620, best cost 238.346 + 3819.73 = 4058.07 over 688 frames.
20030004_620 چیل میں نے پَلوں کے ہولوں کو گروہوں میں سموئے یا اور کی ڈیمو گوٹھوں پر خضوع شو آؤٹ کی تیار عریاں تھیں 
LOG (lattice-best-path[5.5.907~1-cbed4]:main():lattice-best-path.cc:99) For utterance 20030004_621, best cost 195.231 + 4324.21 = 4519.44 over 757 frames.
20030004_621 معجل مدرسہ شبلی نے اور کر سوجن گہماگہمی سے نوبل زور جعفری نواز نے میں پتھل کی 
LOG (lattice-best-path[5.5.907~1-cbed4]:main():lattice-best-path.cc:99) For utterance 20030004_622, best cost 187.08 + 3498.97 = 3686.05 over 634 frames.
20030004_622 کو جی کڑوے میرا اور گدے لے کرے برڈ عمر رسیدہ بیڑے پالمر میں سے گزری 
LOG (lattice-best-path[5.5.907~1-cbed4]:main():lattice-best-path.cc:99) For utterance 20030004_623, best cost 142.767 + 2781.4 = 2924.17 over 510 frames.
20030004_623 بینک طرفین کر رو بنا خاص و برس کا محور کا نشاندہی گیا 
LOG (lattice-best-path[5.5.907~1-cbed4]:main():lattice-best-path.cc:99) For utterance 20030004_624, best cost 227.486 + 4333.96 = 4561.44 over 768 frames.
20030004_624 ماؤف اثر کے نسخہ میں کسی اور فورس فوریکس والا پور بخود عود کے انجکشن کیلئے مہم ارشد دھول تھا 
LOG (lattice-best-path[5.5.907~1-cbed4]:main():lattice-best-path.cc:99) For utterance 20030004_625, best cost 193.435 + 3831.72 = 4025.16 over 717 frames.
20030004_625 نرغے ڈیل ساگر میڈیا کی آدمی قدرے دیکھ کر بغور دیسی بلکہ منگوا کے ایک کو گیا 
LOG (lattice-best-path[5.5.907~1-cbed4]:main():lattice-best-path.cc:99) For utterance 20030004_626, best cost 114.252 + 2547.35 = 2661.6 over 463 frames.
20030004_626 لینڈ پہنچنے کو ملی کیا جدول کی ابھار سمجھا 
LOG (lattice-best-path[5.5.907~1-cbed4]:main():lattice-best-path.cc:99) For utterance 20030004_627, best cost 184.85 + 3375.14 = 3559.98 over 610 frames.
20030004_627 فروغ کا خیر عمل کے نخوت کے اعلان یہ سے بڑا کو تو فوم میں لکھ آدھا گیا 
LOG (lattice-best-path[5.5.907~1-cbed4]:main():lattice-best-path.cc:99) For utterance 20030004_628, best cost 197.667 + 3844.55 = 4042.22 over 710 frames.
20030004_628 لو بلکہ تک میلہ آنے کے لیے بیٹھ کے ٹریبیونل میں فلو کی خوشی یاں احمد کود تھیں 
LOG (lattice-best-path[5.5.907~1-cbed4]:main():lattice-best-path.cc:99) For utterance 20030004_629, best cost 194.428 + 4233.71 = 4428.14 over 773 frames.
20030004_629 شیلٹر کے کوش والا کے وافر میں فیڈر اگر جور حبیب نے نرخوں کا حسن بھیج کر آیا 
LOG (lattice-best-path[5.5.907~1-cbed4]:main():lattice-best-path.cc:99) For utterance 20030004_630, best cost 173.729 + 3590.32 = 3764.05 over 661 frames.
20030004_630 ایام ہزار نے نشیب کے اشجار میں آکر بیچے ماتھے اچھال سے خام بپھر گیا 
LOG (lattice-best-path[5.5.907~1-cbed4]:main():lattice-best-path.cc:99) For utterance 20030004_631, best cost 254.457 + 4848.51 = 5102.96 over 905 frames.
20030004_631 سیریز چیف کو لینڈ آپ برڈ میں وقف آ کیلئے فلو خرچ بھیجے تو غوث نے اسے موڑ کر چھانٹ لے دکھائی 
LOG (lattice-best-path[5.5.907~1-cbed4]:main():lattice-best-path.cc:99) For utterance 20030004_632, best cost 230.06 + 4758.78 = 4988.84 over 874 frames.
20030004_632 عزیز سے اعلان نے کہا کے روئی یقین گوجر چھوڑ اور بیڑیاں بھجوا کر فجور اور رسولی چھوئیں بغیر بیٹھ 
LOG (lattice-best-path[5.5.907~1-cbed4]:main():lattice-best-path.cc:99) For utterance 20030004_633, best cost 220.24 + 4527.2 = 4747.44 over 822 frames.
20030004_633 کریش جنم کے بغدادی تخیّل کے لیے انیق لینڈ ایک اور فی صوفی کو اس ایکسیئن سٹرلنگ کیلئے ریچھ گے 
LOG (lattice-best-path[5.5.907~1-cbed4]:main():lattice-best-path.cc:99) For utterance 20030004_634, best cost 171.243 + 3651.94 = 3823.18 over 680 frames.
20030004_634 پریشر ہجے شل کی اس خان کے لیے رو گٹھلیاں تھنک کر فرینڈ کرکے لائیں 
LOG (lattice-best-path[5.5.907~1-cbed4]:main():lattice-best-path.cc:99) For utterance 20030004_635, best cost 207.094 + 3738.14 = 3945.24 over 684 frames.
20030004_635 خاص مڈل کو جیم کی ملاؤں خواہ اور میں بیٹھی اور اپنے مینگل دفن یاں سے ایک سے صغری کریں 
LOG (lattice-best-path[5.5.907~1-cbed4]:main():lattice-best-path.cc:99) For utterance 20030004_636, best cost 186.923 + 3582.4 = 3769.32 over 677 frames.
20030004_636 قم اور دور خشوع نتھی جوبلی آپ شاہ ہونے سے سوچا کا تو حملوں کا پھول ہوا 
LOG (lattice-best-path[5.5.907~1-cbed4]:main():lattice-best-path.cc:99) For utterance 20030004_637, best cost 169.729 + 3460.62 = 3630.35 over 652 frames.
20030004_637 کا خوان کے استعمال میں پہنچ کر جنگی لا ہوتی کی خبر سے موڈم بھیڑوں ہوئی 
LOG (lattice-best-path[5.5.907~1-cbed4]:main():lattice-best-path.cc:99) For utterance 20030004_638, best cost 196.702 + 3981.95 = 4178.65 over 709 frames.
20030004_638 کالجوں گوجر کی شیڈ اور ڈرائینگ میں کو آئے صورت اور کوٹھڑی کو فٹ کی کے خوراک سے ججوں 
LOG (lattice-best-path[5.5.907~1-cbed4]:main():lattice-best-path.cc:99) For utterance 20030004_639, best cost 197.983 + 4182.65 = 4380.64 over 768 frames.
20030004_639 حیرت کے دفتر کی بکھیر جلسے تجویز کر صفیں نہ خود کے سوگوار رقصاں سے بہت سکتیں 
LOG (lattice-best-path[5.5.907~1-cbed4]:main():lattice-best-path.cc:99) For utterance 20030004_640, best cost 206.211 + 4201.87 = 4408.08 over 768 frames.
20030004_640 چکے میاؤں پر بیٹھی گیارہویں سفید نے پیسنے کونسل کے شاہ والا کا کا چوری کھو جگ آیا 
LOG (lattice-best-path[5.5.907~1-cbed4]:main():lattice-best-path.cc:99) For utterance 20030004_641, best cost 169.067 + 3293.87 = 3462.94 over 601 frames.
20030004_641 کو گورنر اور بڑی شگوفے کو کی آتشیں بعد سے دیکھ لا کر بینک سے کی کی 
LOG (lattice-best-path[5.5.907~1-cbed4]:main():lattice-best-path.cc:99) For utterance 20030004_642, best cost 149.297 + 3174.12 = 3323.42 over 588 frames.
20030004_642 حریفوں کے ہفتے میچ جیسی تھے پیدائش حصے نفوذ کی ہوا روٹھیں 
LOG (lattice-best-path[5.5.907~1-cbed4]:main():lattice-best-path.cc:99) For utterance 20030004_643, best cost 184.537 + 3450.75 = 3635.29 over 626 frames.
20030004_643 تحفہ سے ناول پر میں موقف آف فجر سے نہایت اور ڈوگر افراط سے ضائع تحصیلدار ہے 
LOG (lattice-best-path[5.5.907~1-cbed4]:main():lattice-best-path.cc:99) For utterance 20030004_644, best cost 205.435 + 4204.41 = 4409.84 over 753 frames.
20030004_644 کچھ کھیلیں میں کچھ ایک میں ڈور کروائیں اور زیڈ برابر چھری کیسی پر سکتے نے دوا پھیریں 
LOG (lattice-best-path[5.5.907~1-cbed4]:main():lattice-best-path.cc:99) For utterance 20030004_645, best cost 166.421 + 3783.62 = 3950.04 over 687 frames.
20030004_645 نڈر ویلوٹ کس میں گذر کے صاحب زور مسخرے کرنے کی خواہ شبلی ہیں 
LOG (lattice-best-path[5.5.907~1-cbed4]:main():lattice-best-path.cc:99) For utterance 20030004_646, best cost 172.3 + 3607.19 = 3779.49 over 664 frames.
20030004_646 سعودی نہ خون جوس نے اور جگ نے کے بعد لاؤ بحران میں کرائے ڈالنے آئی 
LOG (lattice-best-path[5.5.907~1-cbed4]:main():lattice-best-path.cc:99) For utterance 20030004_647, best cost 112.384 + 2509.16 = 2621.55 over 439 frames.
20030004_647 باجرہ کرکے گھن عارضی بلند میچور گردوغبار آئے 
LOG (lattice-best-path[5.5.907~1-cbed4]:main():lattice-best-path.cc:99) For utterance 20030004_648, best cost 115.573 + 2905.85 = 3021.42 over 531 frames.
20030004_648 میلے میں دودھیا چارجز پنہاں پچیں کیلئے کروا تھا 
LOG (lattice-best-path[5.5.907~1-cbed4]:main():lattice-best-path.cc:99) For utterance 20030004_649, best cost 155.61 + 3163.72 = 3319.33 over 582 frames.
20030004_649 کو کو کو کن گینز کرکے بیٹھ نے کے بعد کب آمدنی طلب آئیے 
LOG (lattice-best-path[5.5.907~1-cbed4]:main():lattice-best-path.cc:99) For utterance 20030004_650, best cost 196.045 + 3782.02 = 3978.07 over 690 frames.
20030004_650 پنجرے کی تعلیم کی سی غیر اور سال میں یقین کی منفی الہیات کے دائِیں اس تک اعزہ ہے 
LOG (lattice-best-path[5.5.907~1-cbed4]:main():lattice-best-path.cc:99) For utterance 20030004_651, best cost 162.055 + 3682 = 3844.05 over 679 frames.
20030004_651 کو ایئر خوف ہیوی میں چوتھی کھوکھلے ایقان کے اور نے سے تلے صوفی تھی 
LOG (lattice-best-path[5.5.907~1-cbed4]:main():lattice-best-path.cc:99) For utterance 20030004_652, best cost 222.579 + 4288 = 4510.58 over 801 frames.
20030004_652 پر اولی ان کی جھیل ایک تھام گئی اور لولی کوڈ کے نو لا میں کا بورڈ کے سدھو تک پنچھی 
LOG (lattice-best-path[5.5.907~1-cbed4]:main():lattice-best-path.cc:99) For utterance 20030004_653, best cost 179.686 + 3743.23 = 3922.91 over 694 frames.
20030004_653 لو ابرار بیس کسی سن دھل کر زیر کی کے جدید ڈھائی تک روز ہوا 
LOG (lattice-best-path[5.5.907~1-cbed4]:main():lattice-best-path.cc:99) For utterance 20030004_654, best cost 180.306 + 3786.69 = 3967 over 694 frames.
20030004_654 ہڈی اور دیش ہاؤس اس کیے شیعہ چولہے اور انسٹھویں اور ریسکیو میں داغنے ستھرے 
LOG (lattice-best-path[5.5.907~1-cbed4]:main():lattice-best-path.cc:99) For utterance 20030004_655, best cost 128.328 + 2635.34 = 2763.66 over 493 frames.
20030004_655 نانگا گشت کیے چھائی گوڈی لخت بن جانے کشف ہے 
LOG (lattice-best-path[5.5.907~1-cbed4]:main():lattice-best-path.cc:99) For utterance 20030004_656, best cost 187.414 + 4039.76 = 4227.18 over 744 frames.
20030004_656 بے اسے سنچری تیروں فیڈرل وزیر ای بینک بجائے اور سنو جوار دھبے تھینکس کریں 
LOG (lattice-best-path[5.5.907~1-cbed4]:main():lattice-best-path.cc:99) For utterance 20030004_657, best cost 137.715 + 2914.31 = 3052.03 over 545 frames.
20030004_657 خان غالب پھنسے اندھے کے فروغ کردار کی حد سے موخر نہیں 
LOG (lattice-best-path[5.5.907~1-cbed4]:main():lattice-best-path.cc:99) For utterance 20030004_658, best cost 130.778 + 2876.46 = 3007.24 over 505 frames.
20030004_658 لینڈ اؤٹ کا میں واں لو ایک ایڈز کے بعد سے ہزارویں 
LOG (lattice-best-path[5.5.907~1-cbed4]:main():lattice-best-path.cc:99) For utterance 20030004_659, best cost 200.819 + 4316.81 = 4517.63 over 796 frames.
20030004_659 مدد ایک عود کر بجھائی اور تھوڑی کا تک ہم کو رو قوس کے بعد بوائے یا کر سوویں 
LOG (lattice-best-path[5.5.907~1-cbed4]:main():lattice-best-path.cc:99) For utterance 20030004_660, best cost 97.2682 + 2281.95 = 2379.22 over 406 frames.
20030004_660 کو ایوارڈ خان کے بقایا اسلامی نہیں حوصلہ 
LOG (lattice-best-path[5.5.907~1-cbed4]:main():lattice-best-path.cc:99) For utterance 20030004_661, best cost 127.965 + 2776.63 = 2904.59 over 513 frames.
20030004_661 کا صفحے میں کیلئے بیچوں پر حامل کا داغدار راہو دبائے 
LOG (lattice-best-path[5.5.907~1-cbed4]:main():lattice-best-path.cc:99) For utterance 20030004_662, best cost 164.221 + 2991.75 = 3155.97 over 549 frames.
20030004_662 کر کن جوں کو کی آنکھ یاں چلیں تو صیاد لوں کی تشبیہ کے بے کریں 
LOG (lattice-best-path[5.5.907~1-cbed4]:main():lattice-best-path.cc:99) For utterance 20030004_663, best cost 183.055 + 3619.38 = 3802.43 over 658 frames.
20030004_663 پیشروؤں میں جہاں چاہے مگ آپ انگوٹھی آڑ سال کی تو کی اندھے کی تدریس بخوبی 
LOG (lattice-best-path[5.5.907~1-cbed4]:main():lattice-best-path.cc:99) For utterance 20030004_664, best cost 226.334 + 4081.87 = 4308.2 over 744 frames.
20030004_664 فرماں سے آدھے کے بارے اعظم میں تعین نادر گورے لیتا نہ زور ہوا تو ویجی گروں کے کھڑے ہو گئیں 
LOG (lattice-best-path[5.5.907~1-cbed4]:main():lattice-best-path.cc:99) For utterance 20030004_665, best cost 148.09 + 3195.05 = 3343.14 over 587 frames.
20030004_665 فیس نے خسارے حاوی سے سے بھرٹ چینی تو خواہ چَھپ بکھیر ہوا 
LOG (lattice-best-path[5.5.907~1-cbed4]:main():lattice-best-path.cc:99) For utterance 20030004_666, best cost 159.62 + 2685.57 = 2845.19 over 480 frames.
20030004_666 بوم سے ہوے اگرچہ علم پر آ کا کا تک زدہ خیر سے بھولیں دیئے 
LOG (lattice-best-path[5.5.907~1-cbed4]:main():lattice-best-path.cc:99) For utterance 20030004_667, best cost 129.129 + 3043.17 = 3172.29 over 558 frames.
20030004_667 پہلی بھیج کی باڑھ سے چہرے ہو سے کے گگلی احسن ہوئی 
LOG (lattice-best-path[5.5.907~1-cbed4]:main():lattice-best-path.cc:99) For utterance 20030004_668, best cost 211.207 + 4206.95 = 4418.16 over 777 frames.
20030004_668 سعودی فلو اور فعل کے پر لڑیں میں کو بنیں والا جھنڈے کا کچلا بیعانہ حیثیت سے جال نے کہا 
LOG (lattice-best-path[5.5.907~1-cbed4]:main():lattice-best-path.cc:99) For utterance 20030004_669, best cost 163.201 + 2919.63 = 3082.84 over 543 frames.
20030004_669 آ رخ اعظم نو فلو بورڈ میں کریو سیلز کے لیے ڈیزرٹ روڈ نہیں کیا 
LOG (lattice-best-path[5.5.907~1-cbed4]:main():lattice-best-path.cc:99) For utterance 20030004_670, best cost 141.263 + 2796.86 = 2938.13 over 512 frames.
20030004_670 روز ایک آخری عشرت ایک فیصد عقاب کو کو اڑوں کا طلب 
LOG (lattice-best-path[5.5.907~1-cbed4]:main():lattice-best-path.cc:99) For utterance 20030004_671, best cost 223.728 + 4683.97 = 4907.7 over 872 frames.
20030004_671 خوشی سے پہلے سوسائٹی گڑیا نے کہا سوں اور اس قبول کے سکول جھولے کی میں دو غور جی یہ جاؤ 
LOG (lattice-best-path[5.5.907~1-cbed4]:main():lattice-best-path.cc:99) For utterance 20030004_672, best cost 172.678 + 3606.07 = 3778.75 over 652 frames.
20030004_672 انٹر میں جیل شو سے لائیں تو فقدان بااثر پر اور صرف درجے کا پہلا ہے 
LOG (lattice-best-path[5.5.907~1-cbed4]:main():lattice-best-path.cc:99) For utterance 20030004_673, best cost 136.003 + 2907.03 = 3043.03 over 536 frames.
20030004_673 کرائی کیچ آنگن وعدے ہوے چوزے نظر کے بے پر اڑائیں 
LOG (lattice-best-path[5.5.907~1-cbed4]:main():lattice-best-path.cc:99) For utterance 20030004_674, best cost 176.856 + 3694.11 = 3870.97 over 656 frames.
20030004_674 نقشوں نے پَلوں میں پڑتا خرچ افغان کر ہم بار ہوں ٹھوس نے کی کوشش کی 
LOG (lattice-best-path[5.5.907~1-cbed4]:main():lattice-best-path.cc:99) For utterance 20030004_675, best cost 148.704 + 2715.99 = 2864.69 over 501 frames.
20030004_675 آڑ زیور بری کے روپے پر سوچے تو تعاون کا ھابھہ آؤ اڑائیں 
LOG (lattice-best-path[5.5.907~1-cbed4]:main():lattice-best-path.cc:99) For utterance 20030004_676, best cost 179.036 + 3494.25 = 3673.28 over 617 frames.
20030004_676 اپنے رہائش کی سیر کلیدی جا کوئی زوال نے عملا کرکے جگ ڈے پر رکھ گی 
LOG (lattice-best-path[5.5.907~1-cbed4]:main():lattice-best-path.cc:99) For utterance 20030004_677, best cost 209.018 + 4282.16 = 4491.18 over 794 frames.
20030004_677 مسائل نے گویا کی گگلی ہوئی مگر بعدازاں بوسن بھول ہیرو گرداں آنے کو غایت سے بدل گیا 
LOG (lattice-best-path[5.5.907~1-cbed4]:main():lattice-best-path.cc:99) For utterance 20030004_678, best cost 236.111 + 4775.65 = 5011.76 over 870 frames.
20030004_678 سن آفس وافر ڈیلی فیتھ راؤ صرف والوں سے چھڑ آنے کیلئے پر دوچند فلیش سے مشق کے شیر کریں 
LOG (lattice-best-path[5.5.907~1-cbed4]:main():lattice-best-path.cc:99) For utterance 20030004_679, best cost 126.357 + 2709.55 = 2835.9 over 496 frames.
20030004_679 تھوڑی اور تھیری پر چیل دبایا تو سرحد تیزی سے الجھیں 
LOG (lattice-best-path[5.5.907~1-cbed4]:main():lattice-best-path.cc:99) For utterance 20030004_680, best cost 219.15 + 4155.66 = 4374.81 over 764 frames.
20030004_680 چولہے کالج اوڑھا بہن دل ہوے بیلٹ ہوتا لائے دکھا راہبر اس نے میں ٹوہ راؤ آ جاتا ہے 
LOG (lattice-best-path[5.5.907~1-cbed4]:main():lattice-best-path.cc:99) For utterance 20030004_681, best cost 212.917 + 3751.15 = 3964.07 over 688 frames.
20030004_681 بردار جشن الجھے اشرف کو کے حد کے ڈھا رسولی تو ہولوں ان پر بچھے دھار پر سوئے یا 
LOG (lattice-best-path[5.5.907~1-cbed4]:main():lattice-best-path.cc:99) For utterance 20030004_682, best cost 194.087 + 3535.55 = 3729.64 over 656 frames.
20030004_682 بیٹھ اور چھور والے کی لوٹ پر لتھڑے کا ناآشنا جا کر باعث کے جو ہر معلوم کیے 
LOG (lattice-best-path[5.5.907~1-cbed4]:main():lattice-best-path.cc:99) For utterance 20030004_683, best cost 158.854 + 3294.87 = 3453.72 over 605 frames.
20030004_683 ریڈ سے ماؤنٹ کی چلو تک اینٹھن نے نیو ریلیف کے لیے سے نکل گئی 
LOG (lattice-best-path[5.5.907~1-cbed4]:main():lattice-best-path.cc:99) For utterance 20030004_684, best cost 184.163 + 4028.92 = 4213.08 over 758 frames.
20030004_684 میں پرتھوی پھول کو واحد زیڈ کے قیوم میں میرون یا رحیل طلب تک کھاؤں 
LOG (lattice-best-path[5.5.907~1-cbed4]:main():lattice-best-path.cc:99) For utterance 20030004_685, best cost 128.661 + 2671 = 2799.66 over 489 frames.
20030004_685 جو فلڈ حوصلے بیچے بخشے اور سے کہا سے لاؤ بہو 
LOG (lattice-best-path[5.5.907~1-cbed4]:main():lattice-best-path.cc:99) For utterance 20030004_686, best cost 171.868 + 2987.38 = 3159.25 over 543 frames.
20030004_686 سفیدے اندھے صفیں بیعت پریشر سے بنے یادیں مسز کا شو شاہ پوچھ و 
LOG (lattice-best-path[5.5.907~1-cbed4]:main():lattice-best-path.cc:99) For utterance 20030004_687, best cost 221.781 + 4373.24 = 4595.02 over 796 frames.
20030004_687 صوفی کو اس کے بعد سلور سے آنکھیں کھولنے تو باب ابھرا سے چیک مارچ کر تو وجہ مغرور پر گئے 
LOG (lattice-best-path[5.5.907~1-cbed4]:main():lattice-best-path.cc:99) For utterance 20030004_688, best cost 237.928 + 4483.02 = 4720.95 over 831 frames.
20030004_688 ہر کی بلکہ چادر خرچ آکر سنچری یاب مزارعوں اور بھیج کی کے بیلٹ میں نے کہا مون کے قرار کتابیں جاؤ 
LOG (lattice-best-path[5.5.907~1-cbed4]:main():lattice-best-path.cc:99) For utterance 20030004_689, best cost 218.061 + 3483.08 = 3701.14 over 645 frames.
20030004_689 بو جو تو بڑے جیز ذخیرہ کیا جانا موجوں ہول بنائیں اور سوئس و فصلیں کو چل کر چھائی 
LOG (lattice-best-path[5.5.907~1-cbed4]:main():lattice-best-path.cc:99) For utterance 20030004_690, best cost 123.66 + 2406.92 = 2530.58 over 467 frames.
20030004_690 یخنی یاں نہ بڑھائیں کے شو لے کوچوان نہیں جاتا 
LOG (lattice-best-path[5.5.907~1-cbed4]:main():lattice-best-path.cc:99) For utterance 20030004_691, best cost 205.464 + 4240.26 = 4445.72 over 808 frames.
20030004_691 کی سے کے دلجوئی کے لیے اپنا جدول دھوئے یا اوور بہن سے ٹھونس آکر معین آدمی ٹھونس دیئے 
LOG (lattice-best-path[5.5.907~1-cbed4]:main():lattice-best-path.cc:99) For utterance 20030004_692, best cost 198.654 + 3488.47 = 3687.12 over 657 frames.
20030004_692 بطخوں نے ساری کہا کے مے مصر ہو ساغر اے حد گاڑی کی بگھی کھاد کے دل ہے 
LOG (lattice-best-path[5.5.907~1-cbed4]:main():lattice-best-path.cc:99) For utterance 20030004_693, best cost 146.72 + 3543.23 = 3689.95 over 673 frames.
20030004_693 میں نے حق کے جوئیہ سے کہا کے کو کا پر بنا کر لائے مخدوم 
LOG (lattice-best-path[5.5.907~1-cbed4]:main():lattice-best-path.cc:99) For utterance 20030004_694, best cost 205.253 + 3365.86 = 3571.11 over 604 frames.
20030004_694 طرفین کا تھوڑا شے شفاعت ہر صاحب کو جیٹ جی اور کو سے کی جا کو جو بن بنائیں 
LOG (lattice-best-path[5.5.907~1-cbed4]:main():lattice-best-path.cc:99) For utterance 20030004_695, best cost 169.437 + 3284.8 = 3454.24 over 606 frames.
20030004_695 کوئی کے جانے کھچی جانے کو کیا رنگ اگر کیچ جاؤں تو پانی میں بھول جاؤ 
LOG (lattice-best-path[5.5.907~1-cbed4]:main():lattice-best-path.cc:99) For utterance 20030004_696, best cost 178.387 + 3374.18 = 3552.56 over 617 frames.
20030004_696 دل شیم فورس ریڈ کی آمیزش کو بس میں مسوڑوں کے بنانے کیلئے فراواں کیا جائے گا 
LOG (lattice-best-path[5.5.907~1-cbed4]:main():lattice-best-path.cc:99) For utterance 20030004_697, best cost 133.48 + 2682.86 = 2816.34 over 492 frames.
20030004_697 بلوں اور کا عود سے سَیل قہوے ڈیزائنروں کرنے کا کام ہو گا 
LOG (lattice-best-path[5.5.907~1-cbed4]:main():lattice-best-path.cc:99) For utterance 20030004_698, best cost 155.687 + 2514.95 = 2670.64 over 474 frames.
20030004_698 بار واں ہم ذادہ دور بھینٹ سے شہاب باعث کا جائزہ لینے لگا 
LOG (lattice-best-path[5.5.907~1-cbed4]:main():lattice-best-path.cc:99) For utterance 20030004_699, best cost 184.431 + 3280.07 = 3464.5 over 596 frames.
20030004_699 نجات کے غیور رفتار کی جڑی میں بجائے کے اہل یا نے بے بھربھری کا مارچ سوچوں 
LOG (lattice-scale[5.5.907~1-cbed4]:main():lattice-scale.cc:107) Done 108 lattices.
LOG (lattice-best-path[5.5.907~1-cbed4]:main():lattice-best-path.cc:99) For utterance 20030004_700, best cost 149.229 + 2937.11 = 3086.34 over 540 frames.
20030004_700 بوجھ اور کو کی تخلیق میں تغافل کی سوجھی جھڑک کر وہ سوکھ صفحوں 
LOG (lattice-best-path[5.5.907~1-cbed4]:main():lattice-best-path.cc:99) For utterance 20030004_701, best cost 207.672 + 3398.81 = 3606.48 over 617 frames.
20030004_701 مضمون گاؤن مان دونوں کو فضل کی تو حد راجے سے کے گروہ کر موذی سکواڈرن کو سمجھا آیا 
LOG (lattice-best-path[5.5.907~1-cbed4]:main():lattice-best-path.cc:99) For utterance 20030004_702, best cost 133.391 + 2731.01 = 2864.4 over 513 frames.
20030004_702 غیر فیصلہ قوت کی روڈ میں فریب خوشہ دو نادر بخشے 
LOG (lattice-best-path[5.5.907~1-cbed4]:main():lattice-best-path.cc:99) For utterance 20030004_703, best cost 141.076 + 2692.41 = 2833.48 over 504 frames.
20030004_703 حیرت چائلڈ سے کلیدی چینی کے بچھڑوں کا کو بار ظاہر ہوتا ہے 
LOG (lattice-add-penalty[5.5.907~1-cbed4]:main():lattice-add-penalty.cc:62) Done adding word insertion penalty to 108 lattices.
LOG (lattice-best-path[5.5.907~1-cbed4]:main():lattice-best-path.cc:99) For utterance 20030004_704, best cost 151.053 + 4061.38 = 4212.43 over 762 frames.
20030004_704 چغتائی ونگ سیکشن مطالعے نہ ساتھیوں کے انظباتی راؤ کا پروسیسر 
LOG (lattice-best-path[5.5.907~1-cbed4]:main():lattice-best-path.cc:99) For utterance 20030004_705, best cost 163.804 + 3162.76 = 3326.56 over 586 frames.
20030004_705 با وجہ گگن مائنڈڈ میوزک چادر لاگت آٹھ پھنس و سے بڑھ گئی 
LOG (lattice-best-path[5.5.907~1-cbed4]:main():lattice-best-path.cc:99) For utterance 20030004_706, best cost 119.542 + 2301.1 = 2420.65 over 434 frames.
20030004_706 بیلٹ سفید گیس کی آنکھیں دکھی تم آدمی چون 
LOG (lattice-best-path[5.5.907~1-cbed4]:main():lattice-best-path.cc:99) For utterance 20030004_707, best cost 121.874 + 2520.33 = 2642.21 over 479 frames.
20030004_707 ماضی کو کرائے تو عابد بڑھ جیوری گناہوں میں نہ کریں 
LOG (lattice-best-path[5.5.907~1-cbed4]:main():lattice-best-path.cc:99) For utterance 20030004_708, best cost 168.967 + 3463.14 = 3632.11 over 653 frames.
20030004_708 جنگ جھرنے سے پہلے پر میں نے مجھے کوچ باڑہ صیغہ طریقہ اور مشق سمجھائیں 
LOG (lattice-best-path[5.5.907~1-cbed4]:main():lattice-best-path.cc:124) Overall cost per frame is 5.72998 = 0.27638 [graph] + 5.4536 [acoustic] over 70132 frames.
LOG (lattice-best-path[5.5.907~1-cbed4]:main():lattice-best-path.cc:128) Done 108 lattices, failed for 0
# Accounting: time=0 threads=1
# Ended (code 0) at Wed Apr 21 04:16:14 PKT 2021, elapsed time 0 seconds
