# lattice-scale --inv-acoustic-scale=9 "ark:gunzip -c exp/tri1/decode/lat.*.gz|" ark:- | lattice-add-penalty --word-ins-penalty=1.0 ark:- ark:- | lattice-best-path --word-symbol-table=exp/tri1/graph/words.txt ark:- ark,t:- | utils/int2sym.pl -f 2- exp/tri1/graph/words.txt | cat > exp/tri1/decode/scoring_kaldi/penalty_1.0/9.txt 
# Started at Wed Apr 21 04:16:13 PKT 2021
#
lattice-best-path --word-symbol-table=exp/tri1/graph/words.txt ark:- ark,t:- 
lattice-scale --inv-acoustic-scale=9 'ark:gunzip -c exp/tri1/decode/lat.*.gz|' ark:- 
lattice-add-penalty --word-ins-penalty=1.0 ark:- ark:- 
LOG (lattice-best-path[5.5.907~1-cbed4]:main():lattice-best-path.cc:99) For utterance 20030004_601, best cost 297.392 + 7860.26 = 8157.66 over 804 frames.
20030004_601 نو بُدھی یہاں دب کو اونچی کے کہا کے کے دیش و میں تھری لنگر ای کو لہریں ایک علم بھول کے پڑ آؤ قبول کر نیلم گی 
LOG (lattice-best-path[5.5.907~1-cbed4]:main():lattice-best-path.cc:99) For utterance 20030004_602, best cost 345.881 + 9839.15 = 10185 over 1000 frames.
20030004_602 دل شبہ کو آئیوڈین کے نارتھ اور کھیلے پر رکھے ہوے عدل بھائی کے لو بن نقش ای آلود چار کے با اوور لیں اسجد کرنے کے شرکت سے آ رجوع ہے 
LOG (lattice-best-path[5.5.907~1-cbed4]:main():lattice-best-path.cc:99) For utterance 20030004_603, best cost 249.199 + 7647.02 = 7896.22 over 782 frames.
20030004_603 شامل شوہر اور نزلے کی بڑا اس کے گدے عمل پر اٹھاؤ تو تک گی لیے بےقصور پر کر رم میں جھاگ کر کیا 
LOG (lattice-best-path[5.5.907~1-cbed4]:main():lattice-best-path.cc:99) For utterance 20030004_604, best cost 241.981 + 6281.1 = 6523.08 over 638 frames.
20030004_604 سدھ یہ نے نا اہل ای کے داخلوں کے کر بڑھ پڑھئے تو کہا اس سوچا ہیڈ کے لوث کے نوے اٹھائے ای 
LOG (lattice-best-path[5.5.907~1-cbed4]:main():lattice-best-path.cc:99) For utterance 20030004_605, best cost 162.941 + 4890.1 = 5053.04 over 506 frames.
20030004_605 سول جل شوربہ جون کے پہ شے میں گھول دیے ایک کر داخل دیتا ہے 
LOG (lattice-best-path[5.5.907~1-cbed4]:main():lattice-best-path.cc:99) For utterance 20030004_606, best cost 172.751 + 5505.84 = 5678.59 over 554 frames.
20030004_606 ندوی کے دماغی فلو بدھ سے کی اثنا پریوں کے تشخص کی بڑی گزیر لینتھ ہے 
LOG (lattice-best-path[5.5.907~1-cbed4]:main():lattice-best-path.cc:99) For utterance 20030004_607, best cost 138.76 + 4148.15 = 4286.91 over 428 frames.
20030004_607 تک سے کی ایک کی اور فٹ کی زور باندھ گھمبیر نہ بنائی جائے 
LOG (lattice-best-path[5.5.907~1-cbed4]:main():lattice-best-path.cc:99) For utterance 20030004_608, best cost 158.221 + 5686.6 = 5844.82 over 578 frames.
20030004_608 ہفتے کے گوڈی مرغی کو خرچ کا ڈام وجود جانے کی گلشن تو ہو گی 
LOG (lattice-best-path[5.5.907~1-cbed4]:main():lattice-best-path.cc:99) For utterance 20030004_609, best cost 237.784 + 7318.75 = 7556.53 over 746 frames.
20030004_609 ٹیلنٹ شل میں محلوں میں جوار مگر مارچ میں اس تو لینے کا لیے اور فیس و کے جوڑے کا تصفیے یا کیا 
LOG (lattice-best-path[5.5.907~1-cbed4]:main():lattice-best-path.cc:99) For utterance 20030004_610, best cost 212.916 + 7082.23 = 7295.15 over 740 frames.
20030004_610 مماثل اہل لے تشہیر کا ایڈڈ کی عموماً بیڑے آنے چل کی طرف سے بدھ دیے فیس آن ہے 
LOG (lattice-best-path[5.5.907~1-cbed4]:main():lattice-best-path.cc:99) For utterance 20030004_611, best cost 219.692 + 6630.82 = 6850.51 over 699 frames.
20030004_611 کھو سے پہنے بھیم گا فورس در نے سے کے دب آؤ کو گڑگڑا حد کی پونچھ کے ساتھ چھ لے 
LOG (lattice-best-path[5.5.907~1-cbed4]:main():lattice-best-path.cc:99) For utterance 20030004_612, best cost 221.119 + 7273.37 = 7494.48 over 740 frames.
20030004_612 تبدیلی و کی لغو زچ سینیٹ ڈھال بھورا رہے چلا شب کو دو کو قوت کی لینگویج کا خاں ہے 
LOG (lattice-best-path[5.5.907~1-cbed4]:main():lattice-best-path.cc:99) For utterance 20030004_613, best cost 143.226 + 5190.25 = 5333.47 over 534 frames.
20030004_613 علم کو لا بھاگ بوگس اور جل بالکل عشرے نے البتہ کہا 
LOG (lattice-best-path[5.5.907~1-cbed4]:main():lattice-best-path.cc:99) For utterance 20030004_614, best cost 169.219 + 5305.74 = 5474.96 over 547 frames.
20030004_614 گود دو فیملی نے شے شو کے کرائی اور کے ساتھ سمجھیں بغیر سمجھو داغ کیا 
LOG (lattice-best-path[5.5.907~1-cbed4]:main():lattice-best-path.cc:99) For utterance 20030004_615, best cost 279.134 + 9202.8 = 9481.93 over 941 frames.
20030004_615 عدالت کا شہزادی نے علی چور موئسچرائزنگ اس کو بلڈ اوس کرتے ہوئے جوبلی خان دانش کے دے جو دھیمی گوبر ہیڈ بڑھ آیا 
LOG (lattice-best-path[5.5.907~1-cbed4]:main():lattice-best-path.cc:99) For utterance 20030004_616, best cost 299.013 + 8692.17 = 8991.18 over 890 frames.
20030004_616 تاجروں بیگ وارڈ ہیڈ نے اس و خان پور ڈویژن کو فروغ گز آج کر کیسی درد قسم خوف کی مان خود کا حال کا اطلاعات کیا 
LOG (lattice-best-path[5.5.907~1-cbed4]:main():lattice-best-path.cc:99) For utterance 20030004_617, best cost 197.306 + 5440.92 = 5638.22 over 569 frames.
20030004_617 کم بے پر پڑے سوکھ کے گڈ چھاؤں میں کھیلوں کو ہو لیتا دیکھ کر حد آفس نے لگا 
LOG (lattice-best-path[5.5.907~1-cbed4]:main():lattice-best-path.cc:99) For utterance 20030004_618, best cost 232.113 + 7667.85 = 7899.96 over 792 frames.
20030004_618 فارم ٹرین کا برعکس سے روشناس مجھ شو والے اکھنڈ صاف بنیں کرنے یوں کے بعد ویجز ایک تیار کیا ہے 
LOG (lattice-best-path[5.5.907~1-cbed4]:main():lattice-best-path.cc:99) For utterance 20030004_619, best cost 149.325 + 5013.15 = 5162.48 over 524 frames.
20030004_619 تہذیب دی تشبیہ جہاد مطالبے آن کرنے کا جو بھری ندوی جا ہے 
LOG (lattice-best-path[5.5.907~1-cbed4]:main():lattice-best-path.cc:99) For utterance 20030004_620, best cost 244.594 + 6784 = 7028.59 over 688 frames.
20030004_620 چیل میں نے پَلوں کے ہولوں کو گروہوں میں سموئے یا اور کی ڈیمو کو اڑوں پر خضوع شو آؤٹ کی تیار عریاں تھیں 
LOG (lattice-best-path[5.5.907~1-cbed4]:main():lattice-best-path.cc:99) For utterance 20030004_621, best cost 247.664 + 7623.09 = 7870.76 over 757 frames.
20030004_621 معجل مدرسہ شبلی نے اؤٹ کر زور جن کے مآب ایل میں سے نوبل سخت اور جا پی نواز نے میں پتھل کی 
LOG (lattice-best-path[5.5.907~1-cbed4]:main():lattice-best-path.cc:99) For utterance 20030004_622, best cost 204.526 + 6194.85 = 6399.38 over 634 frames.
20030004_622 کو جی کڑوے میں ندا اور گدے لے کر ایک در جلد عمر رسیدہ بیڑے پالمر میں سے گزری 
LOG (lattice-best-path[5.5.907~1-cbed4]:main():lattice-best-path.cc:99) For utterance 20030004_623, best cost 161.674 + 4920.39 = 5082.07 over 510 frames.
20030004_623 بینک ڈیل گیلری کر رو بنا خاص و برس کا محور کا نشانہ لے گیا 
LOG (lattice-best-path[5.5.907~1-cbed4]:main():lattice-best-path.cc:99) For utterance 20030004_624, best cost 248.822 + 7678.06 = 7926.88 over 768 frames.
20030004_624 ماؤف اثر کے نو صفوں میں گیس جیم اور فورس فوریکس والا پور بخود عود کے انجکشن کیلئے مہم ارشد دھول تھا 
LOG (lattice-best-path[5.5.907~1-cbed4]:main():lattice-best-path.cc:99) For utterance 20030004_625, best cost 214.831 + 6778.2 = 6993.03 over 717 frames.
20030004_625 نئے روئی ڈیل ساگر میڈیا کی آدمی قدرے دیکھ کر بغور دیسی ورک کے منگوا کے ایک کھوہ گیا 
LOG (lattice-best-path[5.5.907~1-cbed4]:main():lattice-best-path.cc:99) For utterance 20030004_626, best cost 134.337 + 4502.71 = 4637.04 over 463 frames.
20030004_626 لینڈ وہ بجیں کو ملی کیا آتا دھل کی ابھار سمجھا 
LOG (lattice-best-path[5.5.907~1-cbed4]:main():lattice-best-path.cc:99) For utterance 20030004_627, best cost 195.197 + 5985.94 = 6181.14 over 610 frames.
20030004_627 فروغ کا خیر عمل کے نمو اور کے اعلان میں یہ سے بڑا کو تو فوم میں لکھ آدھا گیا 
LOG (lattice-best-path[5.5.907~1-cbed4]:main():lattice-best-path.cc:99) For utterance 20030004_628, best cost 213.783 + 6815.19 = 7028.97 over 710 frames.
20030004_628 لو حد کی تک میلہ آنے کے لیے بیٹھ کے ٹریبیونل میں فن نور کی خوشی یاں احمد کود تھیں 
LOG (lattice-best-path[5.5.907~1-cbed4]:main():lattice-best-path.cc:99) For utterance 20030004_629, best cost 216.04 + 7501.49 = 7717.53 over 773 frames.
20030004_629 شیلٹر کے کوش والا کے وافر میں فیڈر اب از بورڈ فن عید نے نرخوں کا حسن بھیج کر آیا 
LOG (lattice-best-path[5.5.907~1-cbed4]:main():lattice-best-path.cc:99) For utterance 20030004_630, best cost 208.533 + 6331.51 = 6540.04 over 661 frames.
20030004_630 ایام خیز ایل نے میں شے کے اشجار میں آکر بیچے انار ایک اچھال سے خواہ مدت کھل گیا 
LOG (lattice-best-path[5.5.907~1-cbed4]:main():lattice-best-path.cc:99) For utterance 20030004_631, best cost 268.781 + 8604.13 = 8872.91 over 905 frames.
20030004_631 سپیل اس چیف کو لینڈ آگ برڈ میں وقف آ کیلئے فعل اور خرچ بھیجے تو غوث نے اسے موڑ کر چھانٹ لے دکھائی 
LOG (lattice-best-path[5.5.907~1-cbed4]:main():lattice-best-path.cc:99) For utterance 20030004_632, best cost 264.75 + 8414.54 = 8679.29 over 874 frames.
20030004_632 فرض ای سے اعلان نے کہا کے روئی ایئر کی بجٹ چھوڑ و اور بیڑیاں بھجوا کر فجور اور رسولی تھو اے بغیر بیٹھ 
LOG (lattice-best-path[5.5.907~1-cbed4]:main():lattice-best-path.cc:99) For utterance 20030004_633, best cost 256.296 + 8009.89 = 8266.19 over 822 frames.
20030004_633 کریش جنم کے بغدادی تخیّل کے لیے انیق لینڈ دم اور فی سوں کی کو اس ایک سی حصے بلند کیلئے دی جی گے 
LOG (lattice-best-path[5.5.907~1-cbed4]:main():lattice-best-path.cc:99) For utterance 20030004_634, best cost 207.531 + 6445.44 = 6652.97 over 680 frames.
20030004_634 کو لے شیلٹر جس سے شل کی اس خان کے لیے رو گٹھلیاں آ تھنک قل فرینڈ کر کے لائیں 
LOG (lattice-best-path[5.5.907~1-cbed4]:main():lattice-best-path.cc:99) For utterance 20030004_635, best cost 218.658 + 6630.55 = 6849.21 over 684 frames.
20030004_635 خاص میں ڈیل کو جیم کی ملاؤں خواہ اور میں بیٹھی اور اپیلیں مینگل جتنی یاں سے ینگ سے صغری کریں 
LOG (lattice-best-path[5.5.907~1-cbed4]:main():lattice-best-path.cc:99) For utterance 20030004_636, best cost 199.405 + 6354.01 = 6553.42 over 677 frames.
20030004_636 قم اور دور خشوع نتھی جوبلی آپ شاہ ہونے سے سوچا کا تو ہم لوک آف کود ہوا 
LOG (lattice-best-path[5.5.907~1-cbed4]:main():lattice-best-path.cc:99) For utterance 20030004_637, best cost 192.056 + 6114.98 = 6307.04 over 652 frames.
20030004_637 کا خوان کے اس تم آدمی پہنچ کر جنگی لا ہوتی کی حد عرصے موڈم بھیڑوں ہوئی 
LOG (lattice-best-path[5.5.907~1-cbed4]:main():lattice-best-path.cc:99) For utterance 20030004_638, best cost 207.456 + 7063.81 = 7271.27 over 709 frames.
20030004_638 کالجوں گوجر کی شیڈ اور ڈرائینگ میں کو آئے صورت اور کوٹھڑی کو فٹ کی کے خوراک سے جج چیل 
LOG (lattice-best-path[5.5.907~1-cbed4]:main():lattice-best-path.cc:99) For utterance 20030004_639, best cost 233.16 + 7392.34 = 7625.5 over 768 frames.
20030004_639 حیرت کے دفتر کی دکھ ایک جلسے تجویز کر سچ کے نہ خود کی ضعف وارڈ رقصاں سے دب گود سکتیں 
LOG (lattice-best-path[5.5.907~1-cbed4]:main():lattice-best-path.cc:99) For utterance 20030004_640, best cost 216.785 + 7456.6 = 7673.39 over 768 frames.
20030004_640 چکے نیا ان پر بیٹھی گیارہویں سفید نے پیسنے کونسل کے شاہ والا کا کا چوری کھو جگ آیا 
LOG (lattice-best-path[5.5.907~1-cbed4]:main():lattice-best-path.cc:99) For utterance 20030004_641, best cost 195.094 + 5824.45 = 6019.54 over 601 frames.
20030004_641 کو خواہ لائن وارڈ اور بڑی شعبوں افق کی آتشیں بعد سے دیکھ لا کر بینک سے کی دیں 
LOG (lattice-best-path[5.5.907~1-cbed4]:main():lattice-best-path.cc:99) For utterance 20030004_642, best cost 159.787 + 5630.77 = 5790.55 over 588 frames.
20030004_642 ہر خاں کے ہفتے میچ جیسی کھیلے پیدائش حصے نفوذ کی ہوا روٹھیں 
LOG (lattice-best-path[5.5.907~1-cbed4]:main():lattice-best-path.cc:99) For utterance 20030004_643, best cost 213.832 + 6093.34 = 6307.18 over 626 frames.
20030004_643 تحفہ سے نہ فلو پر میں موقف آف فجر سے نہ ہائے اور ڈوگر افراط سے ضائع دیوی ڈال لیں 
LOG (lattice-best-path[5.5.907~1-cbed4]:main():lattice-best-path.cc:99) For utterance 20030004_644, best cost 220.624 + 7453.71 = 7674.34 over 753 frames.
20030004_644 کچھ کھیلیں میں خرچ شیو میں ڈور کروائیں اور زیڈ برابر چھری کے سے ینگ پر سکتے نے دوا پھیریں 
LOG (lattice-best-path[5.5.907~1-cbed4]:main():lattice-best-path.cc:99) For utterance 20030004_645, best cost 189.888 + 6693.38 = 6883.27 over 687 frames.
20030004_645 نے ڈور ویلوٹ کس میں گذر کے صاحب زور مس پر کرنے کی خواہ آشنا اگلے ہیں 
LOG (lattice-best-path[5.5.907~1-cbed4]:main():lattice-best-path.cc:99) For utterance 20030004_646, best cost 172.3 + 6412.78 = 6585.08 over 664 frames.
20030004_646 سعودی نہ خون جوس نے اور جگ نے کے بعد لاؤ بحران میں کرائے ڈالنے آئی 
LOG (lattice-best-path[5.5.907~1-cbed4]:main():lattice-best-path.cc:99) For utterance 20030004_647, best cost 144.87 + 4418.44 = 4563.31 over 439 frames.
20030004_647 والرس نمبر کے گھن عارضی بلند میں چور کر دو رو پر آئے 
LOG (lattice-best-path[5.5.907~1-cbed4]:main():lattice-best-path.cc:99) For utterance 20030004_648, best cost 125.489 + 5149.12 = 5274.61 over 531 frames.
20030004_648 میلے میں دودھیا چارجز پنہاں خود چلیں کیلئے کروا تھا 
LOG (lattice-best-path[5.5.907~1-cbed4]:main():lattice-best-path.cc:99) For utterance 20030004_649, best cost 163.002 + 5612.8 = 5775.8 over 582 frames.
20030004_649 کو کو کو کن گینز کرکے بیٹھ نے کے بعد کب آمدنی دل لگائی یہ 
LOG (lattice-best-path[5.5.907~1-cbed4]:main():lattice-best-path.cc:99) For utterance 20030004_650, best cost 206.921 + 6710.6 = 6917.52 over 690 frames.
20030004_650 ہجو اے کی تعلیم کی سی غیر اور سال میں یقین کی منفی الہیات کے دائِیں اس تک اعزہ ہے 
LOG (lattice-best-path[5.5.907~1-cbed4]:main():lattice-best-path.cc:99) For utterance 20030004_651, best cost 178.182 + 6525.31 = 6703.49 over 679 frames.
20030004_651 کوئی ایل کو آف ہیوی میں چوتھی کھوکھلے ایقان کے اور نے سے تلے سونگ کی تھی 
LOG (lattice-best-path[5.5.907~1-cbed4]:main():lattice-best-path.cc:99) For utterance 20030004_652, best cost 222.579 + 7623.11 = 7845.69 over 801 frames.
20030004_652 پر اولی ان کی جھیل ایک تھام گئی اور لولی کوڈ کے نو لا میں کا بورڈ کے سدھو تک پنچھی 
LOG (lattice-best-path[5.5.907~1-cbed4]:main():lattice-best-path.cc:99) For utterance 20030004_653, best cost 189.514 + 6644.51 = 6834.02 over 694 frames.
20030004_653 لو ایئر ابرار بیس کسی سن دھل کر زیر کی کے جدید ڈھائی تک روز ہوا 
LOG (lattice-best-path[5.5.907~1-cbed4]:main():lattice-best-path.cc:99) For utterance 20030004_654, best cost 211.86 + 6693.26 = 6905.12 over 694 frames.
20030004_654 ہڈی اور دیش ہاؤس از کیے شیعہ چولہے اور ان سیفٹی اور اس کے مل میں داغنے سدھ گئیں 
LOG (lattice-best-path[5.5.907~1-cbed4]:main():lattice-best-path.cc:99) For utterance 20030004_655, best cost 128.328 + 4685.04 = 4813.37 over 493 frames.
20030004_655 نانگا گشت کیے چھائی گوڈی لخت بن جانے کشف ہے 
LOG (lattice-best-path[5.5.907~1-cbed4]:main():lattice-best-path.cc:99) For utterance 20030004_656, best cost 215.752 + 7139.7 = 7355.45 over 744 frames.
20030004_656 بے اسے سچ جی تیروں فیڈرل وزیر ای بینک بجائے اور سوئی موجب آ رنگ بے تھینکس کریں 
LOG (lattice-best-path[5.5.907~1-cbed4]:main():lattice-best-path.cc:99) For utterance 20030004_657, best cost 142.305 + 5174.83 = 5317.14 over 545 frames.
20030004_657 خان غالب پن سے اندھے کے فروغ کردار کی حد سے موخر نہیں 
LOG (lattice-best-path[5.5.907~1-cbed4]:main():lattice-best-path.cc:99) For utterance 20030004_658, best cost 146.29 + 5089.39 = 5235.68 over 505 frames.
20030004_658 لینڈ اؤٹ کا میں واں لو ایک ایڈز کی بات سے ہزار لوں 
LOG (lattice-best-path[5.5.907~1-cbed4]:main():lattice-best-path.cc:99) For utterance 20030004_659, best cost 225.991 + 7642.07 = 7868.06 over 796 frames.
20030004_659 مدح تیری گود کر میں چھائی اور تھوڑی کار تک خام کو ہو رو قوس کے بعد بوائے یا برسوں لیں 
LOG (lattice-best-path[5.5.907~1-cbed4]:main():lattice-best-path.cc:99) For utterance 20030004_660, best cost 105.887 + 4046.46 = 4152.35 over 406 frames.
20030004_660 کو ایوارڈ خان کے بقایا اسلامی نہیں گھس نہ 
LOG (lattice-best-path[5.5.907~1-cbed4]:main():lattice-best-path.cc:99) For utterance 20030004_661, best cost 137.718 + 4919.92 = 5057.63 over 513 frames.
20030004_661 کا صفحے میں کیلئے بیچوں پر حامل کا داغ آ راہو دبائے 
LOG (lattice-best-path[5.5.907~1-cbed4]:main():lattice-best-path.cc:99) For utterance 20030004_662, best cost 168.453 + 5314.3 = 5482.75 over 549 frames.
20030004_662 کر کن جوں کو کی آنکھ یاں چلیں تو صیاد لوں کی تشبیہ ہی بھی کریں 
LOG (lattice-best-path[5.5.907~1-cbed4]:main():lattice-best-path.cc:99) For utterance 20030004_663, best cost 193.992 + 6419.55 = 6613.54 over 658 frames.
20030004_663 پہ رونے جہاں چاہے مگ آگ انگوٹھی آڑ سال کی تو بھیم دے کی تدریس بخوبی 
LOG (lattice-best-path[5.5.907~1-cbed4]:main():lattice-best-path.cc:99) For utterance 20030004_664, best cost 245.968 + 7228.75 = 7474.72 over 744 frames.
20030004_664 فرماں صیاد اے کے بارے اعظم میں تعین آدھا بھورے لے کا نہ زور ہوا تو ایئر جی گروں کے کھڑے ہو گئیں 
LOG (lattice-best-path[5.5.907~1-cbed4]:main():lattice-best-path.cc:99) For utterance 20030004_665, best cost 148.09 + 5680.08 = 5828.17 over 587 frames.
20030004_665 فیس نے خسارے حاوی سے سے بھرٹ چینی تو خواہ چَھپ بکھیر ہوا 
LOG (lattice-best-path[5.5.907~1-cbed4]:main():lattice-best-path.cc:99) For utterance 20030004_666, best cost 161.736 + 4771.58 = 4933.31 over 480 frames.
20030004_666 بوم سے ہوے اگرچہ علم پر آ کا کا طرف زدہ خیر سے بھولیں دیئے 
LOG (lattice-best-path[5.5.907~1-cbed4]:main():lattice-best-path.cc:99) For utterance 20030004_667, best cost 141.913 + 5391.53 = 5533.44 over 558 frames.
20030004_667 پہلی ڈھیلے کی باڑھ سے چند ڈے ہو سے کے گگلی احسن ہوئی 
LOG (lattice-best-path[5.5.907~1-cbed4]:main():lattice-best-path.cc:99) For utterance 20030004_668, best cost 231.941 + 7454.39 = 7686.33 over 777 frames.
20030004_668 ساؤتھ بھی فلو اور فعل کے پر لڑیں میں کو بنے والا جھنڈے کا کچلا بیعانہ حیثیت سے جال نکل لا 
LOG (lattice-best-path[5.5.907~1-cbed4]:main():lattice-best-path.cc:99) For utterance 20030004_669, best cost 164.971 + 5188.22 = 5353.19 over 543 frames.
20030004_669 آ رخ اعظم نو فلو بورڈ میں کریو سیلز کیلئے ڈیزرٹ لوٹ نہیں کیا 
LOG (lattice-best-path[5.5.907~1-cbed4]:main():lattice-best-path.cc:99) For utterance 20030004_670, best cost 160.667 + 4949.05 = 5109.72 over 512 frames.
20030004_670 روز ایک آخری اشجار ہیئر ایک فیصد عقاب کو کو اڑوں کا طرح لوں 
LOG (lattice-best-path[5.5.907~1-cbed4]:main():lattice-best-path.cc:99) For utterance 20030004_671, best cost 231.187 + 8318.35 = 8549.54 over 872 frames.
20030004_671 خوشی سے پہلے سوسائٹی گڑیا نے کہا سوں اور کس قبول کے سکول جھولے دی میں دو غور جی یہ جاؤ 
LOG (lattice-best-path[5.5.907~1-cbed4]:main():lattice-best-path.cc:99) For utterance 20030004_672, best cost 183.106 + 6397.54 = 6580.65 over 652 frames.
20030004_672 انٹر میری ایئر شو سے لائیں تو فقدان بااثر ورک اور صرف درجے کا پہلا ہے 
LOG (lattice-best-path[5.5.907~1-cbed4]:main():lattice-best-path.cc:99) For utterance 20030004_673, best cost 163.591 + 5124.66 = 5288.25 over 536 frames.
20030004_673 کرا لیں کے جا آنگن وعدے ہوے جو سے نظر کے بے پر پڑ آئے 
LOG (lattice-best-path[5.5.907~1-cbed4]:main():lattice-best-path.cc:99) For utterance 20030004_674, best cost 196.713 + 6544.92 = 6741.63 over 656 frames.
20030004_674 نقشوں نے پَلوں میں پڑتا خرچ آ وارڈ کر ہم بار ہی لوں ٹھونس نے کی کوشش کی 
LOG (lattice-best-path[5.5.907~1-cbed4]:main():lattice-best-path.cc:99) For utterance 20030004_675, best cost 159.439 + 4811.05 = 4970.49 over 501 frames.
20030004_675 آڑ زیور بری کے روپے پر سوچے تو تعاون کا ھابھہ آؤ اڑا آئے 
LOG (lattice-best-path[5.5.907~1-cbed4]:main():lattice-best-path.cc:99) For utterance 20030004_676, best cost 203.121 + 6178.81 = 6381.93 over 617 frames.
20030004_676 اپنے رہائش کی سیر کا ندوی جا کو اے زوال نے عمل گشت اے جگ ڈے پر رکھ گی 
LOG (lattice-best-path[5.5.907~1-cbed4]:main():lattice-best-path.cc:99) For utterance 20030004_677, best cost 226.077 + 7594.32 = 7820.4 over 794 frames.
20030004_677 مسائل نے بھی یا کی گگلی ہوئی مگر بعدازاں بو سب عود ہیرو گرداں آنے کو غایت سے بدل گیا 
LOG (lattice-best-path[5.5.907~1-cbed4]:main():lattice-best-path.cc:99) For utterance 20030004_678, best cost 257.072 + 8456.72 = 8713.79 over 870 frames.
20030004_678 سن آف غزوہ پر ڈیلی فیتھ راؤ صرف والوں سے چھڑ آنے کے لیے ہیڈ رو جن فلیش سے مشق کے شیر کریں 
LOG (lattice-best-path[5.5.907~1-cbed4]:main():lattice-best-path.cc:99) For utterance 20030004_679, best cost 127.13 + 4815.65 = 4942.78 over 496 frames.
20030004_679 تھوڑی اور تھیری پر چیڑھ دبایا تو سرحد تیزی سے الجھیں 
LOG (lattice-best-path[5.5.907~1-cbed4]:main():lattice-best-path.cc:99) For utterance 20030004_680, best cost 232.794 + 7370.03 = 7602.83 over 764 frames.
20030004_680 چولہے کا جو اڑا بہن دل ہوے بیلٹ ہوتا لائے وہ خواہ راہبر اس نے میں ٹوہ راؤ آ جاتا ہے 
LOG (lattice-best-path[5.5.907~1-cbed4]:main():lattice-best-path.cc:99) For utterance 20030004_681, best cost 212.917 + 6668.72 = 6881.63 over 688 frames.
20030004_681 بردار جشن الجھے اشرف کو کے حد کے ڈھا رسولی تو ہولوں ان پر بچھے دھار پر سوئے یا 
LOG (lattice-best-path[5.5.907~1-cbed4]:main():lattice-best-path.cc:99) For utterance 20030004_682, best cost 212.194 + 6264.1 = 6476.29 over 656 frames.
20030004_682 بے ایفکٹ اور چُھپ آدھے کی لوٹ پر بے جڑیں کا ناآشنا جا کر باعث کے جو ہر معلوم کیے 
LOG (lattice-best-path[5.5.907~1-cbed4]:main():lattice-best-path.cc:99) For utterance 20030004_683, best cost 169.267 + 5843.28 = 6012.54 over 605 frames.
20030004_683 ریڈ سے ماؤنٹ کی چلو تک اینڈ ایم نے نیو ریلیف کے لیے سے نکل گئی 
LOG (lattice-best-path[5.5.907~1-cbed4]:main():lattice-best-path.cc:99) For utterance 20030004_684, best cost 184.163 + 7162.53 = 7346.69 over 758 frames.
20030004_684 میں پرتھوی پھول کو واحد زیڈ کے قیوم میں میرون یا رحیل طلب تک کھاؤں 
LOG (lattice-best-path[5.5.907~1-cbed4]:main():lattice-best-path.cc:99) For utterance 20030004_685, best cost 141.769 + 4729.73 = 4871.5 over 489 frames.
20030004_685 جو فلڈ بو سے بیچے بخشے اور سے کہا سے لاؤ بدھ ہو 
LOG (lattice-best-path[5.5.907~1-cbed4]:main():lattice-best-path.cc:99) For utterance 20030004_686, best cost 196.958 + 5275.78 = 5472.74 over 543 frames.
20030004_686 صرف خبریں کے صرف کھیل بیعت پریشر سے بنے یادیں مے سچ کا شو شاہ پوچھ و 
LOG (lattice-best-path[5.5.907~1-cbed4]:main():lattice-best-path.cc:99) For utterance 20030004_687, best cost 231.881 + 7761.03 = 7992.91 over 796 frames.
20030004_687 صوفی کو اے اس کے بعد سلور سے آنکھیں کھولنے تو باب ابھرا سے چیک مارچ کر تو وجہ مہجور پر گئے 
LOG (lattice-best-path[5.5.907~1-cbed4]:main():lattice-best-path.cc:99) For utterance 20030004_688, best cost 265.232 + 7932.27 = 8197.5 over 831 frames.
20030004_688 ہر کی بلکہ چادر رزق خرچ آکر سنچری یاب مزارعوں اور بھیج کی کے بیلٹ میں نے کہا مون کے قرار تھے داغ میں جا 
LOG (lattice-best-path[5.5.907~1-cbed4]:main():lattice-best-path.cc:99) For utterance 20030004_689, best cost 225.164 + 6184.24 = 6409.41 over 645 frames.
20030004_689 بو جو تو بڑے جیز ذخیرہ کیا جا نور جو ہول بنائیں اور سوئس و فصلیں کو چل کر چھائی 
LOG (lattice-best-path[5.5.907~1-cbed4]:main():lattice-best-path.cc:99) For utterance 20030004_690, best cost 123.66 + 4278.96 = 4402.62 over 467 frames.
20030004_690 یخنی یاں نہ بڑھائیں کے شو لے کوچوان نہیں جاتا 
LOG (lattice-best-path[5.5.907~1-cbed4]:main():lattice-best-path.cc:99) For utterance 20030004_691, best cost 215.724 + 7525.57 = 7741.3 over 808 frames.
20030004_691 کی سے کے دلجوئی کے لیے اپنا آج اگر دھوئے یا اوور بہن سے ٹھونس آکر معین آدمی ٹھونس دیئے 
LOG (lattice-best-path[5.5.907~1-cbed4]:main():lattice-best-path.cc:99) For utterance 20030004_692, best cost 220.011 + 6171.8 = 6391.81 over 657 frames.
20030004_692 بدھ کھونے ساری کہا کے مے مصر ہو ساغر اے حد گاڑی کے بہ ہی کھا تیری دل ہیں 
LOG (lattice-best-path[5.5.907~1-cbed4]:main():lattice-best-path.cc:99) For utterance 20030004_693, best cost 157.058 + 6283.5 = 6440.56 over 673 frames.
20030004_693 میں نے حق کے جوئیہ سے کہا کے وہ کا پر بنا کر لائے مدح دو 
LOG (lattice-best-path[5.5.907~1-cbed4]:main():lattice-best-path.cc:99) For utterance 20030004_694, best cost 239.315 + 5945.65 = 6184.97 over 604 frames.
20030004_694 طرح ان کاجو اڑا شے شیخ آیا تھر صاحب کو گفٹ جیٹ جی اور کو سے کی جا کو جو بن بنائیں 
LOG (lattice-best-path[5.5.907~1-cbed4]:main():lattice-best-path.cc:99) For utterance 20030004_695, best cost 190.542 + 5811.68 = 6002.22 over 606 frames.
20030004_695 کوئی کے جان نئے کھچی جانے کو کیا رنگ اگر کیچ جاؤں تو پانی میں گھول جا ہیں 
LOG (lattice-best-path[5.5.907~1-cbed4]:main():lattice-best-path.cc:99) For utterance 20030004_696, best cost 178.387 + 5998.53 = 6176.92 over 617 frames.
20030004_696 دل شیم فورس ریڈ کی آمیزش کو بس میں مسوڑوں کے بنانے کیلئے فراواں کیا جائے گا 
LOG (lattice-best-path[5.5.907~1-cbed4]:main():lattice-best-path.cc:99) For utterance 20030004_697, best cost 143.574 + 4755.75 = 4899.32 over 492 frames.
20030004_697 بلوں اور کا عود سے سَیل لینڈ تحریر وسائل کرنے کا کام ہو گا 
LOG (lattice-best-path[5.5.907~1-cbed4]:main():lattice-best-path.cc:99) For utterance 20030004_698, best cost 165.814 + 4459.97 = 4625.78 over 474 frames.
20030004_698 بار واں ہم ذادہ دور بھینٹ سے شہاب آئے اوس کا جائزہ لینے لگا 
LOG (lattice-best-path[5.5.907~1-cbed4]:main():lattice-best-path.cc:99) For utterance 20030004_699, best cost 217.429 + 5783.26 = 6000.69 over 596 frames.
20030004_699 نجات کے غیور ضعف کار کیچڑ ای میں وعدہ آئے کے ایل یا نے بے احمد کی کا مارچ سوچوں 
LOG (lattice-best-path[5.5.907~1-cbed4]:main():lattice-best-path.cc:99) For utterance 20030004_700, best cost 170.106 + 5194.06 = 5364.17 over 540 frames.
20030004_700 بوجھ طور کو کی تک خلیل میں تغافل کی سوجھی جھڑک کر وہ سوکھ سخت کو 
LOG (lattice-scale[5.5.907~1-cbed4]:main():lattice-scale.cc:107) Done 108 lattices.
LOG (lattice-best-path[5.5.907~1-cbed4]:main():lattice-best-path.cc:99) For utterance 20030004_701, best cost 219.329 + 6024.09 = 6243.42 over 617 frames.
20030004_701 مضمون گاؤن مان دونوں کو فضل کی تم اپنا جی سے کے جلو آکر موذی سکول تو کو سمجھا آیا 
LOG (lattice-best-path[5.5.907~1-cbed4]:main():lattice-best-path.cc:99) For utterance 20030004_702, best cost 157.1 + 4825.97 = 4983.07 over 513 frames.
20030004_702 غیر فیصلہ قوت کی روڈ میں ہر ایک کو شاہ دو نادر حق شو 
LOG (lattice-best-path[5.5.907~1-cbed4]:main():lattice-best-path.cc:99) For utterance 20030004_703, best cost 141.076 + 4786.5 = 4927.58 over 504 frames.
20030004_703 حیرت چائلڈ سے کلیدی چینی کے بچھڑوں کا کو بار ظاہر ہوتا ہے 
LOG (lattice-add-penalty[5.5.907~1-cbed4]:main():lattice-add-penalty.cc:62) Done adding word insertion penalty to 108 lattices.
LOG (lattice-best-path[5.5.907~1-cbed4]:main():lattice-best-path.cc:99) For utterance 20030004_704, best cost 198.213 + 7156.96 = 7355.18 over 762 frames.
20030004_704 چوتھے آئی ونگ سیکشن بھوت آئین نہ عذاب یوں کے ایک انظباتی کے لاؤ کا پروسیسر 
LOG (lattice-best-path[5.5.907~1-cbed4]:main():lattice-best-path.cc:99) For utterance 20030004_705, best cost 188.816 + 5585.1 = 5773.91 over 586 frames.
20030004_705 با وجہ گگن ماہ آئے گروپ میوزک چار پر لاگت آٹھ پھنس و سے بڑھ گئی 
LOG (lattice-best-path[5.5.907~1-cbed4]:main():lattice-best-path.cc:99) For utterance 20030004_706, best cost 119.542 + 4090.85 = 4210.4 over 434 frames.
20030004_706 بیلٹ سفید گیس کی آنکھیں دکھی تم آدمی چون 
LOG (lattice-best-path[5.5.907~1-cbed4]:main():lattice-best-path.cc:99) For utterance 20030004_707, best cost 149.271 + 4442.28 = 4591.55 over 479 frames.
20030004_707 ماضی کو بھورا یا ہے تو عابد بڑھ جیوری گناہوں میں نہ پڑھے 
LOG (lattice-best-path[5.5.907~1-cbed4]:main():lattice-best-path.cc:99) For utterance 20030004_708, best cost 174.778 + 6150.3 = 6325.08 over 653 frames.
20030004_708 جنگ جھرنے سے پہلے پر وے نے مجھے کوچ باڑہ صیغہ طریقہ اور مشق سمجھائیں 
LOG (lattice-best-path[5.5.907~1-cbed4]:main():lattice-best-path.cc:124) Overall cost per frame is 9.96334 = 0.302092 [graph] + 9.66125 [acoustic] over 70132 frames.
LOG (lattice-best-path[5.5.907~1-cbed4]:main():lattice-best-path.cc:128) Done 108 lattices, failed for 0
# Accounting: time=1 threads=1
# Ended (code 0) at Wed Apr 21 04:16:14 PKT 2021, elapsed time 1 seconds
