# lattice-scale --inv-acoustic-scale=11 "ark:gunzip -c exp/tri4/decode.si/lat.*.gz|" ark:- | lattice-add-penalty --word-ins-penalty=0.0 ark:- ark:- | lattice-best-path --word-symbol-table=exp/tri4/graph/words.txt ark:- ark,t:- | utils/int2sym.pl -f 2- exp/tri4/graph/words.txt | cat > exp/tri4/decode.si/scoring_kaldi/penalty_0.0/11.txt 
# Started at Thu Apr 22 12:17:50 PKT 2021
#
lattice-scale --inv-acoustic-scale=11 'ark:gunzip -c exp/tri4/decode.si/lat.*.gz|' ark:- 
lattice-best-path --word-symbol-table=exp/tri4/graph/words.txt ark:- ark,t:- 
lattice-add-penalty --word-ins-penalty=0.0 ark:- ark:- 
LOG (lattice-best-path[5.5.907~1-cbed4]:main():lattice-best-path.cc:99) For utterance 20030004_601, best cost 121.858 + 4062.55 = 4184.41 over 804 frames.
20030004_601 دیوبندی یگانگت اونچی کے بعد کی کے شنید ریلیف بلی داؤدی پروگریسیو ہیں 
LOG (lattice-best-path[5.5.907~1-cbed4]:main():lattice-best-path.cc:99) For utterance 20030004_602, best cost 134.563 + 5158.37 = 5292.93 over 1000 frames.
20030004_602 بلاخوف ڈیویلپر تھیٹر کے ریڈیو بخشی پرچیاں کے اور دریچے دریچے کے ساتھ صبح 
LOG (lattice-best-path[5.5.907~1-cbed4]:main():lattice-best-path.cc:99) For utterance 20030004_603, best cost 106.728 + 3914.71 = 4021.44 over 782 frames.
20030004_603 شمشاد گردیزی کی وجہ سے ٹریلر پر کارکردگی بےقصور پر کلچر کیا 
LOG (lattice-best-path[5.5.907~1-cbed4]:main():lattice-best-path.cc:99) For utterance 20030004_604, best cost 72.1802 + 3189.36 = 3261.54 over 638 frames.
20030004_604 جلدی نائیٹروجنی ٹری اور سوچا کے سے اپنے گئی 
LOG (lattice-best-path[5.5.907~1-cbed4]:main():lattice-best-path.cc:99) For utterance 20030004_605, best cost 56.6327 + 2564.2 = 2620.83 over 506 frames.
20030004_605 سوزش اوورلوڈنگ پیشنگوئی کی کرتا ہے 
LOG (lattice-best-path[5.5.907~1-cbed4]:main():lattice-best-path.cc:99) For utterance 20030004_606, best cost 92.3046 + 2809.02 = 2901.32 over 554 frames.
20030004_606 کے لیے تمام پروگریسیو تذلیل کے تعوذ کی بڑی گزیر تھا 
LOG (lattice-best-path[5.5.907~1-cbed4]:main():lattice-best-path.cc:99) For utterance 20030004_607, best cost 71.3046 + 2146.52 = 2217.82 over 428 frames.
20030004_607 تحصیل کی اور کی زوال دھجیاں اڑائیں جیب 
LOG (lattice-best-path[5.5.907~1-cbed4]:main():lattice-best-path.cc:99) For utterance 20030004_608, best cost 82.9953 + 2940.71 = 3023.71 over 578 frames.
20030004_608 پرتعیش کیلئے لوگو خوشگوار جڑی دلجوئی کو کیں 
LOG (lattice-best-path[5.5.907~1-cbed4]:main():lattice-best-path.cc:99) For utterance 20030004_609, best cost 106.383 + 3829.18 = 3935.56 over 746 frames.
20030004_609 کے شمولیت لالچی کے سوئے کلیئر کی چکے سوغات صیاد کیا 
LOG (lattice-best-path[5.5.907~1-cbed4]:main():lattice-best-path.cc:99) For utterance 20030004_610, best cost 99.6912 + 3629.33 = 3729.02 over 740 frames.
20030004_610 بااثر ایک شیرخوار پیچیدہ ملیریا نیچے کی چلچلاتی کے ساتھ ہیں 
LOG (lattice-best-path[5.5.907~1-cbed4]:main():lattice-best-path.cc:99) For utterance 20030004_611, best cost 86.3566 + 3420.5 = 3506.85 over 699 frames.
20030004_611 حسینی افسوس کرنے سے کے دوران کی دوجے سچ ہے 
LOG (lattice-best-path[5.5.907~1-cbed4]:main():lattice-best-path.cc:99) For utterance 20030004_612, best cost 111.165 + 3673.78 = 3784.94 over 740 frames.
20030004_612 تبدیلی افزائش سے ادارے چڑیا شفاعت درخور کی لہریں چراغاں ہیں 
LOG (lattice-best-path[5.5.907~1-cbed4]:main():lattice-best-path.cc:99) For utterance 20030004_613, best cost 71.1544 + 2645.14 = 2716.29 over 534 frames.
20030004_613 قیامت فولاد کو ذوالجلال تشبیہ انقلاب 
LOG (lattice-best-path[5.5.907~1-cbed4]:main():lattice-best-path.cc:99) For utterance 20030004_614, best cost 88.8563 + 2782.71 = 2871.56 over 547 frames.
20030004_614 بلبل فیشن کے رعیت کے ساتھ سوجن سمجھو بازیاب 
LOG (lattice-best-path[5.5.907~1-cbed4]:main():lattice-best-path.cc:99) For utterance 20030004_615, best cost 130.408 + 4680.18 = 4810.59 over 941 frames.
20030004_615 پراٹھا شہزادی بیجوں موئسچرائزنگ سومرو سکتے میں جوبلی حالانکہ دلجوئی کوآرڈینیٹر ہیں 
LOG (lattice-best-path[5.5.907~1-cbed4]:main():lattice-best-path.cc:99) For utterance 20030004_616, best cost 124.156 + 4399.43 = 4523.58 over 890 frames.
20030004_616 ترجمان اور میڈیسن اور نیلوفر روضہ سے دیسی بدسلوکی ماخذ ترقیات کی ہیں 
LOG (lattice-best-path[5.5.907~1-cbed4]:main():lattice-best-path.cc:99) For utterance 20030004_617, best cost 83.1212 + 2763.62 = 2846.74 over 569 frames.
20030004_617 کھبے کارپوریشن کے بدچلنی روے کارخیر سیاسی ہیں 
LOG (lattice-best-path[5.5.907~1-cbed4]:main():lattice-best-path.cc:99) For utterance 20030004_618, best cost 113.23 + 3873.69 = 3986.92 over 792 frames.
20030004_618 خانگی کبڈی سے روشناس میں چنانچہ اقتصادی کرنے کے بعد ہجرت پرچیاں ہیں 
LOG (lattice-best-path[5.5.907~1-cbed4]:main():lattice-best-path.cc:99) For utterance 20030004_619, best cost 68.5526 + 2543.53 = 2612.09 over 524 frames.
20030004_619 تیزی کے شیرخوار مٹھائیاں دلجوئی جا ہیں 
LOG (lattice-best-path[5.5.907~1-cbed4]:main():lattice-best-path.cc:99) For utterance 20030004_620, best cost 103.948 + 3413.92 = 3517.87 over 688 frames.
20030004_620 جیلانی پر کی اور مصروفیات اور کے منور پرجوش واں کی کیا ہیں 
LOG (lattice-best-path[5.5.907~1-cbed4]:main():lattice-best-path.cc:99) For utterance 20030004_621, best cost 114.641 + 3871.9 = 3986.54 over 757 frames.
20030004_621 گوجر کے ساتھ چھہتر زوجیت بغیر کی زیور سوچا کی آواز کی کے تھیں 
LOG (lattice-best-path[5.5.907~1-cbed4]:main():lattice-best-path.cc:99) For utterance 20030004_622, best cost 82.6811 + 3168.54 = 3251.23 over 634 frames.
20030004_622 کو چیتھڑے میں کا اور کے ٹریلر ازسرنو ریزروز ہیں 
LOG (lattice-best-path[5.5.907~1-cbed4]:main():lattice-best-path.cc:99) For utterance 20030004_623, best cost 71.1849 + 2472.65 = 2543.83 over 510 frames.
20030004_623 بریگیڈیر پروگرام بازوؤں برسراقتدار شاہین کیا 
LOG (lattice-best-path[5.5.907~1-cbed4]:main():lattice-best-path.cc:99) For utterance 20030004_624, best cost 96.893 + 3913.23 = 4010.12 over 768 frames.
20030004_624 تسلسل ایجنسی غوروخوض اور اثرورسوخ کی بخشے کے بشمول تھا 
LOG (lattice-best-path[5.5.907~1-cbed4]:main():lattice-best-path.cc:99) For utterance 20030004_625, best cost 71.015 + 3443.98 = 3514.99 over 717 frames.
20030004_625 غیرضروری استفادے کیلئے پریذیڈنٹ کے واقعے ہو گیا 
LOG (lattice-best-path[5.5.907~1-cbed4]:main():lattice-best-path.cc:99) For utterance 20030004_626, best cost 73.8142 + 2262.19 = 2336 over 463 frames.
20030004_626 کیا بجھی کولسری کیا دودھیل کا سمجھدار 
LOG (lattice-best-path[5.5.907~1-cbed4]:main():lattice-best-path.cc:99) For utterance 20030004_627, best cost 69.6911 + 3045.61 = 3115.3 over 610 frames.
20030004_627 ٹرانسپیرنسی انوکھے آمیزش غوروخوض دیکھا کیا 
LOG (lattice-best-path[5.5.907~1-cbed4]:main():lattice-best-path.cc:99) For utterance 20030004_628, best cost 89.8292 + 3420.87 = 3510.7 over 710 frames.
20030004_628 قدرتی کرنے والے کے کرنے کے لیے خلجی دھجیاں مدفون تھیں 
LOG (lattice-best-path[5.5.907~1-cbed4]:main():lattice-best-path.cc:99) For utterance 20030004_629, best cost 107.34 + 3669.02 = 3776.36 over 773 frames.
20030004_629 شیڈ کے کے دشوار گیر آخری کے بغیر زور ڈیویلپر نظریے کریں 
LOG (lattice-best-path[5.5.907~1-cbed4]:main():lattice-best-path.cc:99) For utterance 20030004_630, best cost 102.12 + 3191.71 = 3293.83 over 661 frames.
20030004_630 کیونکہ ذریعے شعار یا کرنے چرانے کلچر ضیغم بغیر کیا 
LOG (lattice-best-path[5.5.907~1-cbed4]:main():lattice-best-path.cc:99) For utterance 20030004_631, best cost 128.353 + 4226 = 4354.35 over 905 frames.
20030004_631 سیل سیکھو لینڈ اور بیٹھی وفاقی فیڈریشن بھیجے گزیر سے مرجھا نے کریں 
LOG (lattice-best-path[5.5.907~1-cbed4]:main():lattice-best-path.cc:99) For utterance 20030004_632, best cost 104.056 + 4154.56 = 4258.61 over 874 frames.
20030004_632 وزیرداخلہ کے لیے کے گچھے چوروں اور کیا مجموعہ کروموسوم کی سویٹر 
LOG (lattice-best-path[5.5.907~1-cbed4]:main():lattice-best-path.cc:99) For utterance 20030004_633, best cost 102.506 + 4031.81 = 4134.31 over 822 frames.
20030004_633 پریذیڈنٹ کروانے کرنے کے لیے بلڈنگ اور فیصد کی اور سیسے کی سے 
LOG (lattice-best-path[5.5.907~1-cbed4]:main():lattice-best-path.cc:99) For utterance 20030004_634, best cost 76.5997 + 3235.66 = 3312.26 over 680 frames.
20030004_634 پریشان سے شہر کے ساتھ کی بودلہ کے بدلے کرتے ہیں 
LOG (lattice-best-path[5.5.907~1-cbed4]:main():lattice-best-path.cc:99) For utterance 20030004_635, best cost 73.9635 + 3312.68 = 3386.64 over 684 frames.
20030004_635 خاصے نوچندی گراموفون میموریل اپنے عزیزواقارب 
LOG (lattice-best-path[5.5.907~1-cbed4]:main():lattice-best-path.cc:99) For utterance 20030004_636, best cost 87.4778 + 3201.48 = 3288.96 over 677 frames.
20030004_636 پروفیشنل کی چوڑیاں شاہ مریضوں جاتا تو مغفور 
LOG (lattice-best-path[5.5.907~1-cbed4]:main():lattice-best-path.cc:99) For utterance 20030004_637, best cost 79.2701 + 3072.31 = 3151.58 over 652 frames.
20030004_637 خان کے سماوی بدچلنی ناامیدی برعظیم بیرونی 
LOG (lattice-best-path[5.5.907~1-cbed4]:main():lattice-best-path.cc:99) For utterance 20030004_638, best cost 87.2094 + 3574.83 = 3662.04 over 709 frames.
20030004_638 تاجور کے کی شیروانی پرسوز اور سیکورٹی پر آکسیجن 
LOG (lattice-best-path[5.5.907~1-cbed4]:main():lattice-best-path.cc:99) For utterance 20030004_639, best cost 108.766 + 3720.82 = 3829.59 over 768 frames.
20030004_639 پیٹھ پر پر کی کرکے سے تجویز تصفیے طاغوتی گلدستہ سے کو سکتیں 
LOG (lattice-best-path[5.5.907~1-cbed4]:main():lattice-best-path.cc:99) For utterance 20030004_640, best cost 100.982 + 3768.42 = 3869.4 over 768 frames.
20030004_640 چوزوں کیا بغیر کی آتشزدگی سے اور سے شواہد چوری ہو سکتا ہے 
LOG (lattice-best-path[5.5.907~1-cbed4]:main():lattice-best-path.cc:99) For utterance 20030004_641, best cost 64.9889 + 2870.54 = 2935.53 over 601 frames.
20030004_641 اور کارپوریشن فوقیت برسراقتدار ویسے ہی ہیں 
LOG (lattice-best-path[5.5.907~1-cbed4]:main():lattice-best-path.cc:99) For utterance 20030004_642, best cost 78.5711 + 2827.91 = 2906.48 over 588 frames.
20030004_642 پرائیویٹ کی ایجنسیز کے گردش سے دوسری اور تھیں 
LOG (lattice-best-path[5.5.907~1-cbed4]:main():lattice-best-path.cc:99) For utterance 20030004_643, best cost 79.8588 + 3060.2 = 3140.06 over 626 frames.
20030004_643 کفار سرگرمیوں غزلیات اور بولے کا زندگی کریں 
LOG (lattice-best-path[5.5.907~1-cbed4]:main():lattice-best-path.cc:99) For utterance 20030004_644, best cost 104.046 + 3679.08 = 3783.13 over 753 frames.
20030004_644 کے سے اگرچہ ہیروئن ڈرائینگ وزراء باورچی کیسی بار سے کرتا ہے 
LOG (lattice-best-path[5.5.907~1-cbed4]:main():lattice-best-path.cc:99) For utterance 20030004_645, best cost 80.2951 + 3365.01 = 3445.31 over 687 frames.
20030004_645 پھیرتے سے نوزل تذبذب سرگرمیوں کاشف کی ہیں 
LOG (lattice-best-path[5.5.907~1-cbed4]:main():lattice-best-path.cc:99) For utterance 20030004_646, best cost 92.1218 + 3238.09 = 3330.21 over 664 frames.
20030004_646 ثریا خودسوزی اور کرنے کے بعد کیا اور نگرانی بڑھائے باغیچہ ہیں 
LOG (lattice-best-path[5.5.907~1-cbed4]:main():lattice-best-path.cc:99) For utterance 20030004_647, best cost 59.4576 + 2134.5 = 2193.96 over 439 frames.
20030004_647 بوسن کے ٹرانزیکشن جو گردوغبار ہیں 
LOG (lattice-best-path[5.5.907~1-cbed4]:main():lattice-best-path.cc:99) For utterance 20030004_648, best cost 70.0192 + 2559.71 = 2629.73 over 531 frames.
20030004_648 نے دودھیا پچاس تناول کے لیے پراٹھا ہیں 
LOG (lattice-best-path[5.5.907~1-cbed4]:main():lattice-best-path.cc:99) For utterance 20030004_649, best cost 74.474 + 2812.53 = 2887 over 582 frames.
20030004_649 اور اور کرنے سکتے بیٹھی لگاتا آمدنی کریں 
LOG (lattice-best-path[5.5.907~1-cbed4]:main():lattice-best-path.cc:99) For utterance 20030004_650, best cost 94.2884 + 3404.46 = 3498.75 over 690 frames.
20030004_650 درجے پالیسی کے اور زمین کی الہیات کے باعث کر کے ساتھ ہیں 
LOG (lattice-best-path[5.5.907~1-cbed4]:main():lattice-best-path.cc:99) For utterance 20030004_651, best cost 91.0129 + 3224.26 = 3315.27 over 679 frames.
20030004_651 اور رپورٹ بیچوں سیکورٹی باندھنے ہونے سے گیسو کی تھیں 
LOG (lattice-best-path[5.5.907~1-cbed4]:main():lattice-best-path.cc:99) For utterance 20030004_652, best cost 110.142 + 3803.97 = 3914.11 over 801 frames.
20030004_652 پرویا کیجیے دھاندلی اور کی اور کے اور عمیق انگوٹھی صورت اونچی 
LOG (lattice-best-path[5.5.907~1-cbed4]:main():lattice-best-path.cc:99) For utterance 20030004_653, best cost 78.8139 + 3377.96 = 3456.77 over 694 frames.
20030004_653 ہینگر دیسی سینٹر سے کیجیے کر کوسوں ہیں 
LOG (lattice-best-path[5.5.907~1-cbed4]:main():lattice-best-path.cc:99) For utterance 20030004_654, best cost 101.293 + 3425.53 = 3526.82 over 694 frames.
20030004_654 کینیڈین اشخاص کی شخص جونیجو رینجرز کے اور سے لیبارٹری صبحیں 
LOG (lattice-best-path[5.5.907~1-cbed4]:main():lattice-best-path.cc:99) For utterance 20030004_655, best cost 75.4051 + 2364.02 = 2439.42 over 493 frames.
20030004_655 کیا مشیت چلیں بوریت بدچلنی کریش ہیں 
LOG (lattice-best-path[5.5.907~1-cbed4]:main():lattice-best-path.cc:99) For utterance 20030004_656, best cost 88.9448 + 3570.41 = 3659.36 over 744 frames.
20030004_656 بیساکھی تیروں پر کسی بیگج حوصلہ چرانے سے ہیں 
LOG (lattice-best-path[5.5.907~1-cbed4]:main():lattice-best-path.cc:99) For utterance 20030004_657, best cost 56.1072 + 2633.01 = 2689.12 over 545 frames.
20030004_657 خاقان سے کے ترقیات سمفنی ہیں 
LOG (lattice-best-path[5.5.907~1-cbed4]:main():lattice-best-path.cc:99) For utterance 20030004_658, best cost 77.2861 + 2504.44 = 2581.73 over 505 frames.
20030004_658 ہیڈکوارٹر میراں ہونے سے بیس کے بعد سے گزارنے 
LOG (lattice-best-path[5.5.907~1-cbed4]:main():lattice-best-path.cc:99) For utterance 20030004_659, best cost 105.168 + 3861.78 = 3966.95 over 796 frames.
20030004_659 پٹھے اور کھینچیں اور پوشیدہ پیغام غوروخوض کے بعد بویا حسیں 
LOG (lattice-best-path[5.5.907~1-cbed4]:main():lattice-best-path.cc:99) For utterance 20030004_660, best cost 57.2681 + 2026.1 = 2083.37 over 406 frames.
20030004_660 سویرا کے بغاوت اسلامی بیزار ہیں 
LOG (lattice-best-path[5.5.907~1-cbed4]:main():lattice-best-path.cc:99) For utterance 20030004_661, best cost 55.7147 + 2495.11 = 2550.82 over 513 frames.
20030004_661 تصفیے کے چقندر کا باخبر ہیں 
LOG (lattice-best-path[5.5.907~1-cbed4]:main():lattice-best-path.cc:99) For utterance 20030004_662, best cost 72.5651 + 2720.88 = 2793.45 over 549 frames.
20030004_662 پیکج اور کی چھاؤنیاں سے تجزیہ کی کشمیری 
LOG (lattice-best-path[5.5.907~1-cbed4]:main():lattice-best-path.cc:99) For utterance 20030004_663, best cost 88.478 + 3214.03 = 3302.51 over 658 frames.
20030004_663 کی کالج ازسرنو کیا صارفین امریکی دبیز اور ہوئیں 
LOG (lattice-best-path[5.5.907~1-cbed4]:main():lattice-best-path.cc:99) For utterance 20030004_664, best cost 87.5328 + 3669.5 = 3757.03 over 744 frames.
20030004_664 پراسیس میڈیا گھوڑے غزوہ کلیجی کرنے کیلئے ہو گئیں 
LOG (lattice-best-path[5.5.907~1-cbed4]:main():lattice-best-path.cc:99) For utterance 20030004_665, best cost 67.9938 + 2868.61 = 2936.61 over 587 frames.
20030004_665 فیصلے غصہ ریسرچ کی کو کچوکے ہوا 
LOG (lattice-best-path[5.5.907~1-cbed4]:main():lattice-best-path.cc:99) For utterance 20030004_666, best cost 66.4869 + 2402.15 = 2468.64 over 480 frames.
20030004_666 گھسے اگرچہ لگاتا درسگاہ غیرضروری ہیں 
LOG (lattice-best-path[5.5.907~1-cbed4]:main():lattice-best-path.cc:99) For utterance 20030004_667, best cost 52.5711 + 2702.35 = 2754.92 over 558 frames.
20030004_667 ٹھیکیدار سے چنگیزی ویڈیوز میں 
LOG (lattice-best-path[5.5.907~1-cbed4]:main():lattice-best-path.cc:99) For utterance 20030004_668, best cost 102.045 + 3700.62 = 3802.67 over 777 frames.
20030004_668 ساتھیو بیچیں کلیجی دھونے لیجنڈ پرچھائیاں کی یہ سے جانے کیا 
LOG (lattice-best-path[5.5.907~1-cbed4]:main():lattice-best-path.cc:99) For utterance 20030004_669, best cost 74.4909 + 2570.43 = 2644.92 over 543 frames.
20030004_669 اور غزلوں پر ویڈیوز کے لیے زیڈ فوبیا ہیں 
LOG (lattice-best-path[5.5.907~1-cbed4]:main():lattice-best-path.cc:99) For utterance 20030004_670, best cost 69.0157 + 2460.25 = 2529.27 over 512 frames.
20030004_670 پڑوسی کارپوریشن ہے کہ سربراہ خوگر کریں 
LOG (lattice-best-path[5.5.907~1-cbed4]:main():lattice-best-path.cc:99) For utterance 20030004_671, best cost 112.892 + 4162.73 = 4275.62 over 872 frames.
20030004_671 قریشی سے پہلے سوسائٹی گڑیا نے بازوؤں خودسوزی سوزوکی بلوچی جاؤ 
LOG (lattice-best-path[5.5.907~1-cbed4]:main():lattice-best-path.cc:99) For utterance 20030004_672, best cost 75.4823 + 3198.88 = 3274.36 over 652 frames.
20030004_672 کی کرنے کے شستہ کے دوران بسر وزیرداخلہ ہیں 
LOG (lattice-best-path[5.5.907~1-cbed4]:main():lattice-best-path.cc:99) For utterance 20030004_673, best cost 67.0826 + 2557.38 = 2624.46 over 536 frames.
20030004_673 پڑھائی جانا پنگھوڑے چوزے نظریے کریں 
LOG (lattice-best-path[5.5.907~1-cbed4]:main():lattice-best-path.cc:99) For utterance 20030004_674, best cost 87.7507 + 3291.41 = 3379.16 over 656 frames.
20030004_674 مصوروں میں پڑتا تجربہ درآمدات میں پھنسے کی کوشش کی 
LOG (lattice-best-path[5.5.907~1-cbed4]:main():lattice-best-path.cc:99) For utterance 20030004_675, best cost 63.3753 + 2421.42 = 2484.8 over 501 frames.
20030004_675 فائربریگیڈ پر سوچیے تعاقب کرواؤ کریں 
LOG (lattice-best-path[5.5.907~1-cbed4]:main():lattice-best-path.cc:99) For utterance 20030004_676, best cost 82.0807 + 3188.36 = 3270.44 over 617 frames.
20030004_676 دیباچے سے سکتی چلغوزے زوال کیلئے زیرقیادت کی 
LOG (lattice-best-path[5.5.907~1-cbed4]:main():lattice-best-path.cc:99) For utterance 20030004_677, best cost 100.827 + 3851.36 = 3952.19 over 794 frames.
20030004_677 انسانیت لیبارٹری گیدڑ بعدازاں موضوع دیوبندی ہونے سے قبل کیا 
LOG (lattice-best-path[5.5.907~1-cbed4]:main():lattice-best-path.cc:99) For utterance 20030004_678, best cost 108.126 + 4183.44 = 4291.56 over 870 frames.
20030004_678 سپاسنامہ کی تھیٹر سے والوں سے چلائی پروجیکٹ ایکسیئن شیشے کریں 
LOG (lattice-best-path[5.5.907~1-cbed4]:main():lattice-best-path.cc:99) For utterance 20030004_679, best cost 65.6515 + 2448.71 = 2514.36 over 496 frames.
20030004_679 اور کی اور کے تحقیقات سے گردیزی سوچیے 
LOG (lattice-best-path[5.5.907~1-cbed4]:main():lattice-best-path.cc:99) For utterance 20030004_680, best cost 91.571 + 3616.95 = 3708.52 over 764 frames.
20030004_680 چوری سکواڈرن دیول ہو کر لائے اور فارسی میں کے بعد جاتا ہے 
LOG (lattice-best-path[5.5.907~1-cbed4]:main():lattice-best-path.cc:99) For utterance 20030004_681, best cost 101.194 + 3271.81 = 3373 over 688 frames.
20030004_681 بنا تشنج دیش کو کے کے بعد عزیزواقارب پیچیدہ پر سوئے ہیں 
LOG (lattice-best-path[5.5.907~1-cbed4]:main():lattice-best-path.cc:99) For utterance 20030004_682, best cost 98.6988 + 3145.38 = 3244.08 over 656 frames.
20030004_682 بے کوچوان لیتی روغن کیلئے تاجدار وزیر دوبارہ رقیب 
LOG (lattice-best-path[5.5.907~1-cbed4]:main():lattice-best-path.cc:99) For utterance 20030004_683, best cost 74.4904 + 2873.65 = 2948.14 over 605 frames.
20030004_683 زیراستعمال کی درآمدات کہانی بھنڈی کے سے کریں 
LOG (lattice-best-path[5.5.907~1-cbed4]:main():lattice-best-path.cc:99) For utterance 20030004_684, best cost 93.8509 + 3456.38 = 3550.23 over 758 frames.
20030004_684 میری خوگر اور کے سے کی کی نیلگوں کیا ہے بلکہ دغا ہیں 
LOG (lattice-best-path[5.5.907~1-cbed4]:main():lattice-best-path.cc:99) For utterance 20030004_685, best cost 80.6 + 2356.77 = 2437.37 over 489 frames.
20030004_685 جو تنوع سے نیچے بخشے سے قبرستان بندوق 
LOG (lattice-best-path[5.5.907~1-cbed4]:main():lattice-best-path.cc:99) For utterance 20030004_686, best cost 90.1833 + 2677.83 = 2768.01 over 543 frames.
20030004_686 سے اپنے کے سکتے نتیجے سویاں ریلیکس اشفاق برسوں 
LOG (lattice-best-path[5.5.907~1-cbed4]:main():lattice-best-path.cc:99) For utterance 20030004_687, best cost 108.862 + 3856.63 = 3965.49 over 796 frames.
20030004_687 چولہے سے دلسوزی ہیروئین دوم پراسیس کی باہر کو کبوتر کریں 
LOG (lattice-best-path[5.5.907~1-cbed4]:main():lattice-best-path.cc:99) For utterance 20030004_688, best cost 141.352 + 4012.34 = 4153.69 over 831 frames.
20030004_688 ٹھیکیدار کی کالج آکر سنچری یاں گزارنے اور دیسی کے میراں کے پر کے باغیچہ ہیں 
LOG (lattice-best-path[5.5.907~1-cbed4]:main():lattice-best-path.cc:99) For utterance 20030004_689, best cost 96.3103 + 3173.87 = 3270.18 over 645 frames.
20030004_689 موجودہ موردالزام کی قدآدم جونیجو سوزوکی سے بچنے کلچر ہیں 
LOG (lattice-best-path[5.5.907~1-cbed4]:main():lattice-best-path.cc:99) For utterance 20030004_690, best cost 68.724 + 2232.7 = 2301.43 over 467 frames.
20030004_690 کی پھلیاں پرتعیش تولیے کوچوان کی کرتے ہیں 
LOG (lattice-best-path[5.5.907~1-cbed4]:main():lattice-best-path.cc:99) For utterance 20030004_691, best cost 107.503 + 3782.62 = 3890.12 over 808 frames.
20030004_691 کیسی جڑی یرغمال جوڑیاں اور بحیثیت مثال تلمیحات میں پھنسے ہیں 
LOG (lattice-best-path[5.5.907~1-cbed4]:main():lattice-best-path.cc:99) For utterance 20030004_692, best cost 82.5652 + 3137.72 = 3220.28 over 657 frames.
20030004_692 بالکل ظاہر کا کے حسینی گزارنے ادائیگی کرتے ہیں 
LOG (lattice-best-path[5.5.907~1-cbed4]:main():lattice-best-path.cc:99) For utterance 20030004_693, best cost 84.3243 + 3147.54 = 3231.86 over 673 frames.
20030004_693 میڈیکل کی چوڑیاں سے کا کے مقدار برابر محبوب 
LOG (lattice-best-path[5.5.907~1-cbed4]:main():lattice-best-path.cc:99) For utterance 20030004_694, best cost 80.8746 + 3027.63 = 3108.5 over 604 frames.
20030004_694 دلبرداشتہ تساہل درجے موروثی چاقو چقندر ہیں 
LOG (lattice-best-path[5.5.907~1-cbed4]:main():lattice-best-path.cc:99) For utterance 20030004_695, best cost 93.1999 + 2945.19 = 3038.39 over 606 frames.
20030004_695 کوئی جانے کی کے جانے کو کیا رہائشی جھونپڑی لینگویج ہیں 
LOG (lattice-best-path[5.5.907~1-cbed4]:main():lattice-best-path.cc:99) For utterance 20030004_696, best cost 83.0694 + 3047.53 = 3130.59 over 617 frames.
20030004_696 کے شیمپو سے کیا ریزروز کلثوم کی ڈائیگرام کیا گیا 
LOG (lattice-best-path[5.5.907~1-cbed4]:main():lattice-best-path.cc:99) For utterance 20030004_697, best cost 58.6786 + 2396.12 = 2454.8 over 492 frames.
20030004_697 براوو سے سینٹر بیسن گراموفون 
LOG (lattice-best-path[5.5.907~1-cbed4]:main():lattice-best-path.cc:99) For utterance 20030004_698, best cost 72.0641 + 2255.03 = 2327.09 over 474 frames.
20030004_698 نامزد آلودگی سے شکار براؤزر تجزیہ ہیں 
LOG (lattice-best-path[5.5.907~1-cbed4]:main():lattice-best-path.cc:99) For utterance 20030004_699, best cost 103.876 + 2870.71 = 2974.59 over 596 frames.
20030004_699 نجات کے کی صفائی کے لیے بنائیں کی ہذیانی غیرملکی کا مخصوص ہیں 
LOG (lattice-best-path[5.5.907~1-cbed4]:main():lattice-best-path.cc:99) For utterance 20030004_700, best cost 93.262 + 2603.71 = 2696.98 over 540 frames.
20030004_700 بوجھ درخور کی کی میں تغافل کی سوجھی جلوسوں صفوں 
LOG (lattice-best-path[5.5.907~1-cbed4]:main():lattice-best-path.cc:99) For utterance 20030004_701, best cost 99.5364 + 2980.87 = 3080.4 over 617 frames.
20030004_701 مظلام معاملات وزیر کی گنہگار کی ذوالجلال مزدوروں بازیچہ ہیں 
LOG (lattice-best-path[5.5.907~1-cbed4]:main():lattice-best-path.cc:99) For utterance 20030004_702, best cost 76.5184 + 2385.25 = 2461.76 over 513 frames.
20030004_702 گیس راہبر کی دھونی کرنے خوشگوار بخشے ہیں 
LOG (lattice-best-path[5.5.907~1-cbed4]:main():lattice-best-path.cc:99) For utterance 20030004_703, best cost 61.2951 + 2343.14 = 2404.43 over 504 frames.
20030004_703 ڈیتھ جیسے دریچے ہیڈکوارٹر پر ہیں 
LOG (lattice-best-path[5.5.907~1-cbed4]:main():lattice-best-path.cc:99) For utterance 20030004_704, best cost 95.5252 + 3545.04 = 3640.57 over 762 frames.
20030004_704 چغتائی سیکشن بھائی نازاں کیونکہ چلچلاتی برابر سے ہیں 
LOG (lattice-best-path[5.5.907~1-cbed4]:main():lattice-best-path.cc:99) For utterance 20030004_705, best cost 74.7812 + 2793.88 = 2868.66 over 586 frames.
20030004_705 بجاآوری نائیٹروجنی سے جارحیت ٹھاٹھیں زندگی ہیں 
LOG (lattice-best-path[5.5.907~1-cbed4]:main():lattice-best-path.cc:99) For utterance 20030004_706, best cost 67.4205 + 2055.96 = 2123.38 over 434 frames.
20030004_706 بے سفید استفادے کی دماغی چنگ ہیں 
LOG (lattice-best-path[5.5.907~1-cbed4]:main():lattice-best-path.cc:99) For utterance 20030004_707, best cost 61.1055 + 2175.3 = 2236.4 over 479 frames.
20030004_707 ماضی قم راہداری بنانے نہ کریں 
LOG (lattice-best-path[5.5.907~1-cbed4]:main():lattice-best-path.cc:99) For utterance 20030004_708, best cost 91.5725 + 3024.15 = 3115.72 over 653 frames.
20030004_708 میں چمچے سے پہلے مجھے بچہ سیکورٹی بھاوج سمجھائیں 
LOG (lattice-best-path[5.5.907~1-cbed4]:main():lattice-best-path.cc:99) For utterance 20030005_601, best cost 131.791 + 6996.72 = 7128.52 over 1496 frames.
20030005_601 مترادف پوشیدہ ڈکٹیشن میں بدچلنی کلیرنگ خوگر کیونکہ دعاؤں کو گوگل ہیں 
LOG (lattice-best-path[5.5.907~1-cbed4]:main():lattice-best-path.cc:99) For utterance 20030005_602, best cost 204.511 + 9557.37 = 9761.88 over 2091 frames.
20030005_602 قندیل والوں کے ریمبو کے داخلوں اور کیلئے پیروکاروں بن تفتیشی باولنگ کی مجاہد کو پنجرے کرنے کے شیلٹر سے کالجوں ہیں 
LOG (lattice-best-path[5.5.907~1-cbed4]:main():lattice-best-path.cc:99) For utterance 20030005_603, best cost 154.993 + 7281.97 = 7436.96 over 1534 frames.
20030005_603 شخص فولڈر اور غزلیں کے باعث کے راہبر اٹھاؤ کلیدی ڈیبیٹ کیسوں برتن پنجروں کیا 
LOG (lattice-best-path[5.5.907~1-cbed4]:main():lattice-best-path.cc:99) For utterance 20030005_604, best cost 144.052 + 7347.59 = 7491.64 over 1617 frames.
20030005_604 سندھی میں رہائشی کے دوران کی دراوڑی کوتاہی پیش کو پراچہ ہیڈ کے کے زیورات رہیں 
LOG (lattice-best-path[5.5.907~1-cbed4]:main():lattice-best-path.cc:99) For utterance 20030005_605, best cost 94.1376 + 3664 = 3758.14 over 734 frames.
20030005_605 سوزش سوگوار جنریشن میں گونگے کر داخل اب دیتا 
LOG (lattice-best-path[5.5.907~1-cbed4]:main():lattice-best-path.cc:99) For utterance 20030005_606, best cost 126.896 + 5042.46 = 5169.35 over 1080 frames.
20030005_606 گونگے تمام رنگوں بلڈوزروں کی سے کی پنجروں کے تفویض بگڑ میں فضل ہیں 
LOG (lattice-best-path[5.5.907~1-cbed4]:main():lattice-best-path.cc:99) For utterance 20030005_607, best cost 86.9972 + 3559.7 = 3646.69 over 747 frames.
20030005_607 تحصیلدار کی کفار کی زدہ بنگالی باغبانی جا ہیں 
LOG (lattice-best-path[5.5.907~1-cbed4]:main():lattice-best-path.cc:99) For utterance 20030005_608, best cost 133.163 + 5199.56 = 5332.73 over 1112 frames.
20030005_608 کو کے ٹیلیفون پر مرتب کو خورشید کا باادب چمچہ میں کی اور جناب جوبلی ہیں 
LOG (lattice-best-path[5.5.907~1-cbed4]:main():lattice-best-path.cc:99) For utterance 20030005_609, best cost 133.102 + 6782.49 = 6915.59 over 1464 frames.
20030005_609 تشنج نگاور ماشے میں کس تو میں نہیں اور فیصلوں کے شوربہ تصحیح کیا گیا 
LOG (lattice-best-path[5.5.907~1-cbed4]:main():lattice-best-path.cc:99) For utterance 20030005_610, best cost 132.87 + 5825.47 = 5958.34 over 1188 frames.
20030005_610 نوحہ سرکاری تشہیر کا کلوننگ گھمن بڑھانے عشر کی طرف سے اور پچاس ہیں 
LOG (lattice-best-path[5.5.907~1-cbed4]:main():lattice-best-path.cc:99) For utterance 20030005_611, best cost 141.769 + 6534.21 = 6675.98 over 1425 frames.
20030005_611 خودسر کھینچیں دھینگا سوئس کرنے سیدھے گراموفون بھرتا قرار کی گونگے کے ساتھ چلیں 
LOG (lattice-best-path[5.5.907~1-cbed4]:main():lattice-best-path.cc:99) For utterance 20030005_612, best cost 151.043 + 5969.68 = 6120.72 over 1246 frames.
20030005_612 تبدیلیاں ڈیلروں افزائش سیرگاہ بوڑھا باجرہ شیفرڈ کو خوبصورت کی لینگویج گیگا خوان ہیں 
LOG (lattice-best-path[5.5.907~1-cbed4]:main():lattice-best-path.cc:99) For utterance 20030005_613, best cost 86.5185 + 4097.28 = 4183.8 over 836 frames.
20030005_613 پر تجارت بروز اور چلیں اور شیلڈیں گلدستہ کیا 
LOG (lattice-best-path[5.5.907~1-cbed4]:main():lattice-best-path.cc:99) For utterance 20030005_614, best cost 98.8878 + 4429.47 = 4528.36 over 932 frames.
20030005_614 بروز فیشن کے پہاڑوں کے ساتھ سزا کے بغیر سندھیوں کر آیا 
LOG (lattice-best-path[5.5.907~1-cbed4]:main():lattice-best-path.cc:99) For utterance 20030005_615, best cost 149.152 + 8118.77 = 8267.92 over 1726 frames.
20030005_615 داغدار شہزادی ایڈیشنل اور موئسچرائزنگ روزبروز کرتے ہوئے جھولے خانگی دلجوئی نے اور بڑھا ہیں 
LOG (lattice-best-path[5.5.907~1-cbed4]:main():lattice-best-path.cc:99) For utterance 20030005_616, best cost 163.423 + 7278.32 = 7441.74 over 1496 frames.
20030005_616 تاجدار اور میں سونگ اور فشنگ کو فوجی گزشتہ پر کیسی جاسوسی کی خوفوں داخل کھا کر کیا 
LOG (lattice-best-path[5.5.907~1-cbed4]:main():lattice-best-path.cc:99) For utterance 20030005_617, best cost 130.456 + 5582.76 = 5713.21 over 1182 frames.
20030005_617 کنیئرڈ کارپوریشن کے گوشوں میں کیوں بولوں ہودہ دیکھا کر فقدان سے لگا ہے 
LOG (lattice-best-path[5.5.907~1-cbed4]:main():lattice-best-path.cc:99) For utterance 20030005_618, best cost 124.83 + 5333.46 = 5458.29 over 1099 frames.
20030005_618 خان کے بغیر سے ہوشیاری پوچھوں والے کا قضا کرنے کے لیے کے بعد کالجز کیا گیا 
LOG (lattice-best-path[5.5.907~1-cbed4]:main():lattice-best-path.cc:99) For utterance 20030005_619, best cost 102.137 + 4010.6 = 4112.74 over 868 frames.
20030005_619 تجزیے بشیر اپنی مراعات بیان کرنے میں کی جوبلی دیگر ہیں 
LOG (lattice-best-path[5.5.907~1-cbed4]:main():lattice-best-path.cc:99) For utterance 20030005_620, best cost 159.762 + 7807.15 = 7966.91 over 1764 frames.
20030005_620 شیعہ میں فلموں کے بھگوڑوں کو بوڑھوں کے سوراخ اور کے موقعوں اور اور زور شاخوں کی کیا نہیں 
LOG (lattice-best-path[5.5.907~1-cbed4]:main():lattice-best-path.cc:99) For utterance 20030005_621, best cost 145.305 + 6293.17 = 6438.47 over 1336 frames.
20030005_621 مجلس حاشیے میں اور کر چین گہماگہمی میگزین بوگس اور جنگی بعض میں میں پر کی 
LOG (lattice-best-path[5.5.907~1-cbed4]:main():lattice-best-path.cc:99) For utterance 20030005_622, best cost 133.423 + 6859.26 = 6992.68 over 1476 frames.
20030005_622 کو کی کر میں میں دارومدار کی بہتری کیلئے دہشت مرضی بھیڑوں اور کرنے سے بدلیں 
LOG (lattice-best-path[5.5.907~1-cbed4]:main():lattice-best-path.cc:99) For utterance 20030005_623, best cost 110.915 + 5383.42 = 5494.33 over 1188 frames.
20030005_623 کی ٹریڈنگ ہینگر اور معاف آشوب موذی کا مہنگائی بشاش گیا 
LOG (lattice-best-path[5.5.907~1-cbed4]:main():lattice-best-path.cc:99) For utterance 20030005_624, best cost 179.408 + 6724.84 = 6904.25 over 1412 frames.
20030005_624 گھسے گینگز صفوں میں کولسری نہیں اور فوج شوخ اور سنوارا سود حدود کے ڈیپریشن لہریں بدشگونی تھا 
LOG (lattice-best-path[5.5.907~1-cbed4]:main():lattice-best-path.cc:99) For utterance 20030005_625, best cost 131.294 + 5966.24 = 6097.53 over 1252 frames.
20030005_625 بھڑوں پر نذر کیا بیماری گگلی لے کر بیوروکریسی غریب کے اور کے ہو گیا ہے 
LOG (lattice-best-path[5.5.907~1-cbed4]:main():lattice-best-path.cc:99) For utterance 20030005_626, best cost 102.23 + 3733.21 = 3835.44 over 817 frames.
20030005_626 لینڈ بدظن بولوں ملی حالات بخوبی کی لاشوں نجات 
LOG (lattice-best-path[5.5.907~1-cbed4]:main():lattice-best-path.cc:99) For utterance 20030005_627, best cost 114.591 + 5065.93 = 5180.52 over 1073 frames.
20030005_627 سیرگاہ غیرملکی کینگرو اقربا میں سے بوڑھوں کے کوسوں میں درخواست گیا 
LOG (lattice-best-path[5.5.907~1-cbed4]:main():lattice-best-path.cc:99) For utterance 20030005_628, best cost 111.556 + 5411.51 = 5523.07 over 1182 frames.
20030005_628 تھیوری کرنے والے گہرے ٹریبیونل بے سنگباری ہوشیاری وفود کیں 
LOG (lattice-best-path[5.5.907~1-cbed4]:main():lattice-best-path.cc:99) For utterance 20030005_629, best cost 154.481 + 7001.45 = 7155.93 over 1476 frames.
20030005_629 شیڈ کے کے گوشہ والوں کے اور خواہ لیفٹیننٹ کمزور تعمیر میں منشیوں کاغذات بھیجی کا ہیں 
LOG (lattice-best-path[5.5.907~1-cbed4]:main():lattice-best-path.cc:99) For utterance 20030005_630, best cost 140.659 + 6812.84 = 6953.5 over 1457 frames.
20030005_630 کی ماخذ اور میں ماشے کے خوشگوار مقدار بلکہ وائرل میں سونگ سروں بیدار کیا 
LOG (lattice-best-path[5.5.907~1-cbed4]:main():lattice-best-path.cc:99) For utterance 20030005_631, best cost 182.156 + 8939.25 = 9121.4 over 1912 frames.
20030005_631 سے زیست بولنگ گودام بیگ میں جوق فائربریگیڈ فاروق ٹھوس بیچیں قوس میں سے بورڈر چلے دیکھا ہیں 
LOG (lattice-best-path[5.5.907~1-cbed4]:main():lattice-best-path.cc:99) For utterance 20030005_632, best cost 179.009 + 8065.37 = 8244.37 over 1758 frames.
20030005_632 حزن سیکھا میں کاروبار کی پنجروں چوروں کوڑیاں باب جواب پر کھجوریں اور کمزور میں چھوڑنے راہبر ہیں 
LOG (lattice-best-path[5.5.907~1-cbed4]:main():lattice-best-path.cc:99) For utterance 20030005_633, best cost 171.947 + 8371.35 = 8543.3 over 1873 frames.
20030005_633 پرفارمنس کے گنگا میں تدریس کے لیے کی کھینچیں اور فی شعلوں کی موزوں اس کی چھوڑنے کیلئے کیجیے ہیں 
LOG (lattice-best-path[5.5.907~1-cbed4]:main():lattice-best-path.cc:99) For utterance 20030005_634, best cost 94.4631 + 4564.02 = 4658.48 over 952 frames.
20030005_634 گلیشئیر جشن کے سپاہیوں بیورو اور کیا کی برقرار ہیں 
LOG (lattice-best-path[5.5.907~1-cbed4]:main():lattice-best-path.cc:99) For utterance 20030005_635, best cost 142.017 + 6171.64 = 6313.66 over 1336 frames.
20030005_635 خاص مینگل پوچھیں کی لوحوں فولاد میں کریں اور لنگر فرمائیں سعید میں سوغات ہیں 
LOG (lattice-best-path[5.5.907~1-cbed4]:main():lattice-best-path.cc:99) For utterance 20030005_636, best cost 119.609 + 6210.77 = 6330.38 over 1361 frames.
20030005_636 کو اور خشوع ندرت کی جوبلی کہکشاؤں مسز ہو جاتا کو گفتگو اور 
LOG (lattice-best-path[5.5.907~1-cbed4]:main():lattice-best-path.cc:99) For utterance 20030005_637, best cost 121.192 + 6703.71 = 6824.9 over 1457 frames.
20030005_637 تنخواہ دھوپ میں کے ساتھ میں کی کوشش کریں دھینگا مشتی کی نرسیں اور بیرونی ہیں 
LOG (lattice-best-path[5.5.907~1-cbed4]:main():lattice-best-path.cc:99) For utterance 20030005_638, best cost 140.849 + 8307.53 = 8448.37 over 1828 frames.
20030005_638 کاجو گوجر کی شیڈول گرہیں سے اپنے شور اور تھوڑی کوٹھڑی کیا سے بچاؤ پوچھیں 
LOG (lattice-best-path[5.5.907~1-cbed4]:main():lattice-best-path.cc:99) For utterance 20030005_639, best cost 157.798 + 6901.73 = 7059.52 over 1432 frames.
20030005_639 کرنے کے دفتر کی بلکہ دل سے کر چیز کر سے کے باوجود چیز سربراہ سزائیں گوشے ہیں 
LOG (lattice-best-path[5.5.907~1-cbed4]:main():lattice-best-path.cc:99) For utterance 20030005_640, best cost 141.512 + 6320.37 = 6461.88 over 1348 frames.
20030005_640 چوزوں کینگرو برابر کی معیاری نظریے کی سے کونسل میں کے شالا کا پنچولی ہو جاتا ہے 
LOG (lattice-best-path[5.5.907~1-cbed4]:main():lattice-best-path.cc:99) For utterance 20030005_641, best cost 115.869 + 5101.4 = 5217.27 over 1054 frames.
20030005_641 اور اور کے شروع فوجوں کے بعد شہباز کی برخلاف کر بینک سے بے ہیں 
LOG (lattice-best-path[5.5.907~1-cbed4]:main():lattice-best-path.cc:99) For utterance 20030005_642, best cost 118.771 + 4958.65 = 5077.42 over 1041 frames.
20030005_642 حریفوں کیفے میچ ایسی کے کو بخشیں بھینسیں نفوذ کے نواب دیں 
LOG (lattice-best-path[5.5.907~1-cbed4]:main():lattice-best-path.cc:99) For utterance 20030005_643, best cost 137.162 + 6229.69 = 6366.85 over 1310 frames.
20030005_643 کفالت سے محفل بڑھائیں کو خوف پنجروں سے بہائیں اور بودلہ سزائیں بیباک ہیں 
LOG (lattice-best-path[5.5.907~1-cbed4]:main():lattice-best-path.cc:99) For utterance 20030005_644, best cost 141.96 + 7333.37 = 7475.33 over 1611 frames.
20030005_644 ترچھی حکومت چیئرمین گونگے دوڑائیں اور بڑھاپے بخشی کیسی کر سے کرنے کے بعد کے ہیں 
LOG (lattice-best-path[5.5.907~1-cbed4]:main():lattice-best-path.cc:99) For utterance 20030005_645, best cost 128.213 + 4891.89 = 5020.1 over 1022 frames.
20030005_645 کے پاؤڈر ہیجان گذر کے ساڑھے بوجوہ مسخرے میں کی فوج شمار کرتے ہیں 
LOG (lattice-best-path[5.5.907~1-cbed4]:main():lattice-best-path.cc:99) For utterance 20030005_646, best cost 130.493 + 5449.7 = 5580.19 over 1156 frames.
20030005_646 سوری ناخواندگی چوزے میں اور چنگل میں جمخانہ اور بھیڑیا میں بڑھائیں باندھیں کریں 
LOG (lattice-best-path[5.5.907~1-cbed4]:main():lattice-best-path.cc:99) For utterance 20030005_647, best cost 103.415 + 4817.15 = 4920.56 over 1067 frames.
20030005_647 بااثر کے خانقاہوں زیورات گوگل چوروں کر بوڑھوں اور کا ہیں 
LOG (lattice-best-path[5.5.907~1-cbed4]:main():lattice-best-path.cc:99) For utterance 20030005_648, best cost 93.3096 + 4511.91 = 4605.22 over 990 frames.
20030005_648 میلے میں دودھیا چاشنی کا خرچ اور کے لیے پڑھوا تھا 
LOG (lattice-best-path[5.5.907~1-cbed4]:main():lattice-best-path.cc:99) For utterance 20030005_649, best cost 91.752 + 4799.65 = 4891.4 over 1041 frames.
20030005_649 تو کمیونسٹ کر کے بحیرہ چوہوں کا پر لاڈلے ہیں 
LOG (lattice-best-path[5.5.907~1-cbed4]:main():lattice-best-path.cc:99) For utterance 20030005_650, best cost 122.354 + 6243.11 = 6365.46 over 1355 frames.
20030005_650 پنجرے باولنگ کی سیر اور سوال کمینگی وزیرداخلہ کے رہائشی پر قضہ ہیں 
LOG (lattice-best-path[5.5.907~1-cbed4]:main():lattice-best-path.cc:99) For utterance 20030005_651, best cost 103.761 + 5051.23 = 5154.99 over 1131 frames.
20030005_651 اور کی بہتری کوچوں کی کو کی گرہیں ہونے سے پہلے سعودی کیں 
LOG (lattice-best-path[5.5.907~1-cbed4]:main():lattice-best-path.cc:99) For utterance 20030005_652, best cost 132.482 + 6812.79 = 6945.27 over 1502 frames.
20030005_652 پراسسنگ کی شیلڈیں کا میں اور کیلئے اور پیروکاروں نیرنگ گھور کے صوبوں پر پوچھیں 
LOG (lattice-best-path[5.5.907~1-cbed4]:main():lattice-best-path.cc:99) For utterance 20030005_653, best cost 121.439 + 5451.12 = 5572.56 over 1176 frames.
20030005_653 تلور بخاری لیڈز کا سے مضروب باؤلر ضلعی ڈیجیٹل کر کوسوں 
LOG (lattice-best-path[5.5.907~1-cbed4]:main():lattice-best-path.cc:99) For utterance 20030005_654, best cost 131.606 + 6517.37 = 6648.98 over 1361 frames.
20030005_654 کرکے اور دیش ہوسٹس کی بشیر عاشور کونسلر کی اور صرف کینیڈین انستھیزیا ہیں 
LOG (lattice-best-path[5.5.907~1-cbed4]:main():lattice-best-path.cc:99) For utterance 20030005_655, best cost 103.617 + 4699.67 = 4803.28 over 1022 frames.
20030005_655 بنگلے بخشیں کی بدچلنی کو تبدیل زور بچائیں تابش ہیں 
LOG (lattice-best-path[5.5.907~1-cbed4]:main():lattice-best-path.cc:99) For utterance 20030005_656, best cost 119.712 + 7651.61 = 7771.32 over 1668 frames.
20030005_656 دلسوزی پروسیسنگ بدہضمی ہینگر بچائیں اور شوروم اور چھابڑی قضا ہیں 
LOG (lattice-best-path[5.5.907~1-cbed4]:main():lattice-best-path.cc:99) For utterance 20030005_657, best cost 127.056 + 5052.78 = 5179.84 over 1099 frames.
20030005_657 کا بولنگ کافی دب گذر ہیں کے کے افسردہ کی حاضری منفرد میں ہیں 
LOG (lattice-best-path[5.5.907~1-cbed4]:main():lattice-best-path.cc:99) For utterance 20030005_658, best cost 82.0469 + 4576.57 = 4658.61 over 1003 frames.
20030005_658 مندوبین کامیاب بگٹی زیردست کے بعد سے گزارنے 
LOG (lattice-best-path[5.5.907~1-cbed4]:main():lattice-best-path.cc:99) For utterance 20030005_659, best cost 122.917 + 6018.94 = 6141.86 over 1291 frames.
20030005_659 کرتی خوگر چلیں بھوجپوری کا تمغوں روزوں کرواؤ میں کیا پیشرو ہیں 
LOG (lattice-best-path[5.5.907~1-cbed4]:main():lattice-best-path.cc:99) For utterance 20030005_660, best cost 78.6941 + 3612.75 = 3691.45 over 779 frames.
20030005_660 اور بڑھاوں کے بغیر کیا غزوہ میں نہیں بعدازاں 
LOG (lattice-best-path[5.5.907~1-cbed4]:main():lattice-best-path.cc:99) For utterance 20030005_661, best cost 89.2213 + 5677.13 = 5766.35 over 1252 frames.
20030005_661 تیزرفتار میں کے لیے گوشوں کامیاب کا داغدار دوا ہیں 
LOG (lattice-best-path[5.5.907~1-cbed4]:main():lattice-best-path.cc:99) For utterance 20030005_662, best cost 112.449 + 4943.2 = 5055.65 over 1067 frames.
20030005_662 تخریب شاخوں کی پرچیاں چلیں دوسروں کی دلنشیں گوندھیں بہ ہیں 
LOG (lattice-best-path[5.5.907~1-cbed4]:main():lattice-best-path.cc:99) For utterance 20030005_663, best cost 133.499 + 6312.95 = 6446.45 over 1336 frames.
20030005_663 کی ڈوریں چراغاں چار موہوم کنواں برساتا کی ہوئیں جھینگے کی تنقیص ہوتی ہیں 
LOG (lattice-best-path[5.5.907~1-cbed4]:main():lattice-best-path.cc:99) For utterance 20030005_664, best cost 137.671 + 6293.08 = 6430.75 over 1316 frames.
20030005_664 کا سہارے براؤزر میں میں تناول کے کا موضوعات کو کیلئے سے کے رخوں کے کھڑے ہو گیا 
LOG (lattice-best-path[5.5.907~1-cbed4]:main():lattice-best-path.cc:99) For utterance 20030005_665, best cost 82.8611 + 3732.08 = 3814.94 over 779 frames.
20030005_665 تنفس خوفوں اور کی سیر جنگوں حاصل خبروں 
LOG (lattice-best-path[5.5.907~1-cbed4]:main():lattice-best-path.cc:99) For utterance 20030005_666, best cost 97.5856 + 4980.45 = 5078.03 over 1073 frames.
20030005_666 بونس جیگوار اور ذوالجلال باہر تصورات کر سے بولے 
LOG (lattice-best-path[5.5.907~1-cbed4]:main():lattice-best-path.cc:99) For utterance 20030005_667, best cost 110.349 + 6000.72 = 6111.07 over 1323 frames.
20030005_667 کی بل کے گاڑھا سے چنگیزی بھول سے کی میں کی خبر سنگباری 
LOG (lattice-best-path[5.5.907~1-cbed4]:main():lattice-best-path.cc:99) For utterance 20030005_668, best cost 141.859 + 7034.39 = 7176.24 over 1489 frames.
20030005_668 سعودی زور کی کے بدلے نصف کو بحیرہ رینجرز کا کے ساتھ پگڑیاں کی سرنجیں لگا 
LOG (lattice-best-path[5.5.907~1-cbed4]:main():lattice-best-path.cc:99) For utterance 20030005_669, best cost 100.613 + 5172.98 = 5273.59 over 1112 frames.
20030005_669 غوروخوض اور ماؤف اور بورڈ میں ویڈیوز کر کیلئے ضروریات 
LOG (lattice-best-path[5.5.907~1-cbed4]:main():lattice-best-path.cc:99) For utterance 20030005_670, best cost 81.0016 + 4763.88 = 4844.88 over 1035 frames.
20030005_670 کو وزیرداخلہ شاہد صاحب بوئنگ ڈاکوؤں کا کرو 
LOG (lattice-best-path[5.5.907~1-cbed4]:main():lattice-best-path.cc:99) For utterance 20030005_671, best cost 159.576 + 6460.27 = 6619.85 over 1368 frames.
20030005_671 بشیر زلزلے ساری گاڑیاں میں کا صوفی اور سموئے کے سوزوکی گنگولی میں بولوں اور شیرے جاؤں 
LOG (lattice-best-path[5.5.907~1-cbed4]:main():lattice-best-path.cc:99) For utterance 20030005_672, best cost 103.471 + 5640.28 = 5743.75 over 1163 frames.
20030005_672 پنگھوڑے شروع سرمایے کو فقدان بدصورت کوسوں وزیرداخلہ ہیں 
LOG (lattice-best-path[5.5.907~1-cbed4]:main():lattice-best-path.cc:99) For utterance 20030005_673, best cost 106.03 + 4731.88 = 4837.91 over 1048 frames.
20030005_673 کلراٹھی کی چھاؤں بالاخر میں کی چوزے نزلے غیرت پڑھائی ہیں 
LOG (lattice-best-path[5.5.907~1-cbed4]:main():lattice-best-path.cc:99) For utterance 20030005_674, best cost 141.372 + 7128.84 = 7270.21 over 1604 frames.
20030005_674 نقشوں میں پُلوں میں کر کا پراچہ بیدار کر پوجا پھیلیں کوسموس میں کی کوشش کی 
LOG (lattice-best-path[5.5.907~1-cbed4]:main():lattice-best-path.cc:99) For utterance 20030005_675, best cost 99.3686 + 5915.17 = 6014.54 over 1297 frames.
20030005_675 تاجر بوڑھی کے لیے پر سوچے بولوں خوفوں کا اور کرتا ہے 
LOG (lattice-best-path[5.5.907~1-cbed4]:main():lattice-best-path.cc:99) For utterance 20030005_676, best cost 128.421 + 6029.15 = 6157.57 over 1278 frames.
20030005_676 پونے جعلسازی سرہندی جاوید جو آپ میں کمینگی شریف جھگڑے پرکھے ہیں 
LOG (lattice-best-path[5.5.907~1-cbed4]:main():lattice-best-path.cc:99) For utterance 20030005_677, best cost 133.536 + 6565.7 = 6699.23 over 1380 frames.
20030005_677 انسانیت انگوٹھی بولنگ بغیر بعدازاں اور سعودی ہوئیں کرائیں کی طرف سے دریافت 
LOG (lattice-best-path[5.5.907~1-cbed4]:main():lattice-best-path.cc:99) For utterance 20030005_678, best cost 207.299 + 9205.46 = 9412.76 over 2052 frames.
20030005_678 صرف بحثوں اور کو کے لیے فیض پڑا عرف بس ماؤزے شیئرنگ میں کے لیے پڑھو جانب فعلن سے نشر کے میں شعری کیں 
LOG (lattice-best-path[5.5.907~1-cbed4]:main():lattice-best-path.cc:99) For utterance 20030005_679, best cost 90.664 + 4465.82 = 4556.48 over 958 frames.
20030005_679 خواری اور بہتری چلچلاتی کولسری تیزی سے شیریں 
LOG (lattice-best-path[5.5.907~1-cbed4]:main():lattice-best-path.cc:99) For utterance 20030005_680, best cost 131.757 + 5965.8 = 6097.56 over 1316 frames.
20030005_680 کلومیٹر چوڑیاں پہنچائیں ہوے کلیرنگ پھولدار پراٹھا برس میں تھوڑا کا رکھتا ہے 
LOG (lattice-best-path[5.5.907~1-cbed4]:main():lattice-best-path.cc:99) For utterance 20030005_681, best cost 135.29 + 7333.11 = 7468.4 over 1611 frames.
20030005_681 تراشوں بیچیں شیر کو بیٹھا کر باعث تھوڑی دونوں اور بخشی اعدادوشمار ہیں 
LOG (lattice-best-path[5.5.907~1-cbed4]:main():lattice-best-path.cc:99) For utterance 20030005_682, best cost 163.299 + 7676.44 = 7839.74 over 1656 frames.
20030005_682 بھیگی فوجوں شعاع میں کی امور کر پنجرے کا چچا کرائیں اور زلفیں کے گوجر موعود کے ہیں 
LOG (lattice-best-path[5.5.907~1-cbed4]:main():lattice-best-path.cc:99) For utterance 20030005_683, best cost 113.159 + 6306.09 = 6419.25 over 1355 frames.
20030005_683 پر سموسے کی جبڑوں کر پیغمبر نہیں بلدیاتی کی میں کے سے نہ کریں 
LOG (lattice-best-path[5.5.907~1-cbed4]:main():lattice-best-path.cc:99) For utterance 20030005_684, best cost 98.8622 + 5656.23 = 5755.09 over 1208 frames.
20030005_684 منظور خوفوں طرزفکر کے کی دھوپ میں پوٹھوہاری برطرفی اور 
LOG (lattice-best-path[5.5.907~1-cbed4]:main():lattice-best-path.cc:99) For utterance 20030005_685, best cost 89.7336 + 4145.9 = 4235.63 over 881 frames.
20030005_685 کوچوں فروزاں کی مبشر بخشے سے غزلوں بندوق 
LOG (lattice-best-path[5.5.907~1-cbed4]:main():lattice-best-path.cc:99) For utterance 20030005_686, best cost 116.866 + 5206.36 = 5323.23 over 1067 frames.
20030005_686 صوفیانہ میں سرخرو گھر فشار صلاحیتیں مزیدار شو شروع شو 
LOG (lattice-best-path[5.5.907~1-cbed4]:main():lattice-best-path.cc:99) For utterance 20030005_687, best cost 169.776 + 7781.86 = 7951.64 over 1656 frames.
20030005_687 سوئس کے بااصول سے حالانکہ کھولے بو بھولیں قضا سے سے کی ابواب کر کوچوں قوت زود اور ہیں 
LOG (lattice-best-path[5.5.907~1-cbed4]:main():lattice-best-path.cc:99) For utterance 20030005_688, best cost 172.497 + 8167.62 = 8340.12 over 1796 frames.
20030005_688 خلیل فلیچر گردیزی بارش پرسش یاب مزارعوں اور دیش کی کی بیجوں میں قانونگو کریں کالجوں 
LOG (lattice-best-path[5.5.907~1-cbed4]:main():lattice-best-path.cc:99) For utterance 20030005_689, best cost 146.827 + 6636.03 = 6782.85 over 1496 frames.
20030005_689 بھومی گوبر درس تحقیقات کیا جونیجو بارے اور افسوس کو فصلیں کلچر چار ہیں 
LOG (lattice-best-path[5.5.907~1-cbed4]:main():lattice-best-path.cc:99) For utterance 20030005_690, best cost 88.6813 + 4620.95 = 4709.63 over 881 frames.
20030005_690 کی منشیانہ کا ایسے شعلوں ایمبولینس چوائس میں جاتا ہے 
LOG (lattice-best-path[5.5.907~1-cbed4]:main():lattice-best-path.cc:99) For utterance 20030005_691, best cost 118.67 + 7373.34 = 7492.01 over 1368 frames.
20030005_691 کی ذوالجناح جیسے اور آفس اولاد سے سنگسار سالہاسال ایسا سے اس 
LOG (lattice-best-path[5.5.907~1-cbed4]:main():lattice-best-path.cc:99) For utterance 20030005_692, best cost 96.0345 + 6611.98 = 6708.02 over 1220 frames.
20030005_692 سکورز اوصاف پراسیس گیسو سالہاسال سے سیکھا اجلاس 
LOG (lattice-best-path[5.5.907~1-cbed4]:main():lattice-best-path.cc:99) For utterance 20030005_693, best cost 88.8253 + 4987.64 = 5076.46 over 939 frames.
20030005_693 سیاح سے جوئیہ سیرگاہ کے ساتھ کیا اثاثوں وائرس 
LOG (lattice-best-path[5.5.907~1-cbed4]:main():lattice-best-path.cc:99) For utterance 20030005_694, best cost 114.187 + 6561.93 = 6676.12 over 1208 frames.
20030005_694 استغاثہ شعاع اس شاخ اثاثوں سے جیسے اور سے سوا اور چوائس 
LOG (lattice-best-path[5.5.907~1-cbed4]:main():lattice-best-path.cc:99) For utterance 20030005_695, best cost 126.633 + 5910.88 = 6037.52 over 1105 frames.
20030005_695 سوری کی جرنیل کی چچا میں سوچا اور ایڈجسٹ کی شجر اور مینوئل اجلاس 
LOG (lattice-best-path[5.5.907~1-cbed4]:main():lattice-best-path.cc:99) For utterance 20030005_696, best cost 132.248 + 5980.43 = 6112.68 over 1131 frames.
20030005_696 تشخص اور سے ایڈجسٹ کیسز ایس کوسموس شعوری سانسوں سیلز آہستہ سیاح 
LOG (lattice-best-path[5.5.907~1-cbed4]:main():lattice-best-path.cc:99) For utterance 20030005_697, best cost 80.9924 + 4149.14 = 4230.13 over 772 frames.
20030005_697 کو اور سبزیوں مستعد زدہ میں اداکاراؤں سیاسی 
LOG (lattice-best-path[5.5.907~1-cbed4]:main():lattice-best-path.cc:99) For utterance 20030005_698, best cost 84.2754 + 6095.01 = 6179.29 over 1124 frames.
20030005_698 سالہاسال جاسوسی سے شستہ سوری سزا لباس 
LOG (lattice-best-path[5.5.907~1-cbed4]:main():lattice-best-path.cc:99) For utterance 20030005_699, best cost 122.809 + 7269.28 = 7392.09 over 1342 frames.
20030005_699 سیلز کے سیلز اوصاف کی چالیس احساس کے ساتھ حیثیت کی اثاثوں جوس 
LOG (lattice-best-path[5.5.907~1-cbed4]:main():lattice-best-path.cc:99) For utterance 20030005_700, best cost 123.11 + 7801.37 = 7924.48 over 1419 frames.
20030005_700 ہوش کوسموس کی سے تذلیل سے سوراخ اس کی سوجھی سے اثاثوں ثلث 
LOG (lattice-best-path[5.5.907~1-cbed4]:main():lattice-best-path.cc:99) For utterance 20030005_701, best cost 141.922 + 9135.89 = 9277.81 over 1681 frames.
20030005_701 خضوع زدہ موسم اونس توضیح استغاثہ کے سلسلے وائرس حوض سازوسامان اداس 
LOG (lattice-best-path[5.5.907~1-cbed4]:main():lattice-best-path.cc:99) For utterance 20030005_702, best cost 125.543 + 6314.76 = 6440.3 over 1150 frames.
20030005_702 سزا اثاثوں اس کی زور سے سہارے سوئس شاہ زوردار ثلث نشست 
LOG (lattice-best-path[5.5.907~1-cbed4]:main():lattice-best-path.cc:99) For utterance 20030005_703, best cost 82.2591 + 5083.88 = 5166.14 over 952 frames.
20030005_703 سالہاسال صیہونی چیز کیسز اور سودا سازباز 
LOG (lattice-best-path[5.5.907~1-cbed4]:main():lattice-best-path.cc:99) For utterance 20030005_704, best cost 121.898 + 7532.4 = 7654.3 over 1355 frames.
20030005_704 چوائس فیشن سے اور سیاح ساز گیسیں ساحل آہستہ سیروسیاحت اس 
LOG (lattice-best-path[5.5.907~1-cbed4]:main():lattice-best-path.cc:99) For utterance 20030005_705, best cost 83.9501 + 5066.93 = 5150.88 over 958 frames.
20030005_705 سازباز گیسو ایسا سالہاسال حصوں سے ایمبولینس 
LOG (lattice-best-path[5.5.907~1-cbed4]:main():lattice-best-path.cc:99) For utterance 20030005_706, best cost 96.6788 + 5999.07 = 6095.75 over 1086 frames.
20030005_706 سزا مسلسل زیست کے ساتھ ایشز گیسو حاصل جوس 
LOG (lattice-best-path[5.5.907~1-cbed4]:main():lattice-best-path.cc:99) For utterance 20030005_707, best cost 89.3228 + 4801.79 = 4891.11 over 888 frames.
20030005_707 تنازعے سیروسیاحت سوختہ ایڈریس ضلع زیادہ ایس 
LOG (lattice-best-path[5.5.907~1-cbed4]:main():lattice-best-path.cc:99) For utterance 20030005_708, best cost 115.286 + 5343.96 = 5459.25 over 1009 frames.
20030005_708 سچل شیل سے ایڈریس زور ایمبولینس آزادی کا اور شخصے گیس 
LOG (lattice-best-path[5.5.907~1-cbed4]:main():lattice-best-path.cc:99) For utterance 20030010_601, best cost 108.661 + 5485.82 = 5594.48 over 985 frames.
20030010_601 بااثر پہنچتے ڈائیلوشن جیلانی گئی خودسر امور کے تعاقب ہو گئی 
LOG (lattice-best-path[5.5.907~1-cbed4]:main():lattice-best-path.cc:99) For utterance 20030010_602, best cost 189.126 + 6640.33 = 6829.45 over 1203 frames.
20030010_602 گداز جھینگے نے خاطر پرچیز ابو بھگوئیں پڑھائی چلو بدظن شعائر جھٹکے باریش کر نیچی ششدر ساز ہے 
LOG (lattice-best-path[5.5.907~1-cbed4]:main():lattice-best-path.cc:99) For utterance 20030010_603, best cost 116.571 + 4663.32 = 4779.89 over 833 frames.
20030010_603 شاہ شدہ نزلے جانا سے مدمقابل تبدیلی کیسوں برطانوی چاول کیا 
LOG (lattice-best-path[5.5.907~1-cbed4]:main():lattice-best-path.cc:99) For utterance 20030010_604, best cost 124.317 + 4828.13 = 4952.45 over 856 frames.
20030010_604 سے ڈائیگرام گیدڑ برطرفی کو باعث گوہر چاہئے کے کیسی تخیّل رعیت 
LOG (lattice-best-path[5.5.907~1-cbed4]:main():lattice-best-path.cc:99) For utterance 20030010_605, best cost 80.7715 + 2827.33 = 2908.1 over 513 frames.
20030010_605 سوچا شلجم ڈکٹیشن آلودگی کر داخل دیتا ہے 
LOG (lattice-best-path[5.5.907~1-cbed4]:main():lattice-best-path.cc:99) For utterance 20030010_606, best cost 81.0527 + 3408.01 = 3489.06 over 608 frames.
20030010_606 وزیرداخلہ وقعت سے تشدد آفس کی تجزیہ تھے 
LOG (lattice-best-path[5.5.907~1-cbed4]:main():lattice-best-path.cc:99) For utterance 20030010_607, best cost 61.5756 + 2331.24 = 2392.81 over 420 frames.
20030010_607 پر سیاسی پرچیز عوام کی بچائیں 
LOG (lattice-best-path[5.5.907~1-cbed4]:main():lattice-best-path.cc:99) For utterance 20030010_608, best cost 96.6078 + 3262.32 = 3358.93 over 582 frames.
20030010_608 کو پنگھوڑے دولخت کو خوشخبری چمچہ نیچی سوجن کو کی 
LOG (lattice-best-path[5.5.907~1-cbed4]:main():lattice-best-path.cc:99) For utterance 20030010_609, best cost 118.249 + 4067.4 = 4185.65 over 736 frames.
20030010_609 تشنج تلمیحات بگڑ ماچھی رساؤ انسانیت کی جھگی جو درخواست کیا کیا 
LOG (lattice-best-path[5.5.907~1-cbed4]:main():lattice-best-path.cc:99) For utterance 20030010_610, best cost 107.821 + 4221.42 = 4329.24 over 803 frames.
20030010_610 کا سیکشن یزدانی دودھیا ملنے کا نیچے جیسے بجٹ ایسا ہے 
LOG (lattice-best-path[5.5.907~1-cbed4]:main():lattice-best-path.cc:99) For utterance 20030010_611, best cost 113.293 + 4737.38 = 4850.67 over 868 frames.
20030010_611 قسم نے بینگن خواستگار میوزک جرگہ اور جرگہ کی دوشیزہ اچھی 
LOG (lattice-best-path[5.5.907~1-cbed4]:main():lattice-best-path.cc:99) For utterance 20030010_612, best cost 116.587 + 4843.31 = 4959.9 over 921 frames.
20030010_612 تبدیلیاں کی ورزش سمجھ آمدورفت جرگہ چست گردوغبار جیلانی شاخسانہ ہے 
LOG (lattice-best-path[5.5.907~1-cbed4]:main():lattice-best-path.cc:99) For utterance 20030010_613, best cost 60.0571 + 2556.15 = 2616.21 over 452 frames.
20030010_613 تنولی باخبر ساجد گلیشئیر جاتا ہے 
LOG (lattice-best-path[5.5.907~1-cbed4]:main():lattice-best-path.cc:99) For utterance 20030010_614, best cost 89.6148 + 3219.46 = 3309.07 over 578 frames.
20030010_614 وجود فیڈریشن کے تعین کے ساتھ سمجھی بغیر سمجھدار کیا 
LOG (lattice-best-path[5.5.907~1-cbed4]:main():lattice-best-path.cc:99) For utterance 20030010_615, best cost 124.715 + 5331.81 = 5456.52 over 960 frames.
20030010_615 کر آتشزدگی نیسچن موئسچرائزنگ گذر توجہ دیوبندی کی دلجوئی کو ہینگر آیا 
LOG (lattice-best-path[5.5.907~1-cbed4]:main():lattice-best-path.cc:99) For utterance 20030010_616, best cost 145.04 + 5388.9 = 5533.94 over 989 frames.
20030010_616 تاجر درود میں سترھویں شگفتہ غصہ شکار کیسی تصدق کی مخالفت آہستہ تجزیہ 
LOG (lattice-best-path[5.5.907~1-cbed4]:main():lattice-best-path.cc:99) For utterance 20030010_617, best cost 78.7764 + 3662.55 = 3741.33 over 669 frames.
20030010_617 تمسخر چڑچڑے کی سویٹر کی طرف پچاسویں لگا 
LOG (lattice-best-path[5.5.907~1-cbed4]:main():lattice-best-path.cc:99) For utterance 20030010_618, best cost 112.605 + 4481.34 = 4593.95 over 824 frames.
20030010_618 تھانیدار کے سمجھا سمجھو والا خسارے مہربانیوں کے بعد اس کیا کیا ہیں 
LOG (lattice-best-path[5.5.907~1-cbed4]:main():lattice-best-path.cc:99) For utterance 20030010_619, best cost 78.6496 + 2750.76 = 2829.41 over 519 frames.
20030010_619 کسی چشتی آمدنی آمدنی پنجابی کی جا ہیں 
LOG (lattice-best-path[5.5.907~1-cbed4]:main():lattice-best-path.cc:99) For utterance 20030010_620, best cost 120.345 + 4677.23 = 4797.58 over 820 frames.
20030010_620 چیل ملنے کنفیوژن منظم جوئیہ کی محبوبہ خضوع شروع کیا منجھی 
LOG (lattice-best-path[5.5.907~1-cbed4]:main():lattice-best-path.cc:99) For utterance 20030010_621, best cost 118.752 + 5551.21 = 5669.96 over 1024 frames.
20030010_621 میں مجوزہ سے منتظر چین کے والدین بھنڈی سے گلدستہ چھیاسیویں رہی تھی 
LOG (lattice-best-path[5.5.907~1-cbed4]:main():lattice-best-path.cc:99) For utterance 20030010_622, best cost 93.2289 + 4406.23 = 4499.46 over 764 frames.
20030010_622 کوچ دارومدار دیتے تجربہ رسیدہ کے پالیسی گزیر 
LOG (lattice-best-path[5.5.907~1-cbed4]:main():lattice-best-path.cc:99) For utterance 20030010_623, best cost 87.466 + 3530.57 = 3618.04 over 664 frames.
20030010_623 بدچلنی تعداد منافعے سوئس داڑھی جنریشن نے کیا 
LOG (lattice-best-path[5.5.907~1-cbed4]:main():lattice-best-path.cc:99) For utterance 20030010_624, best cost 108.859 + 4245.03 = 4353.89 over 790 frames.
20030010_624 ہنوز تسلسل سے درخواست اور صرف حدود کی پیشگوئیاں میں بدشگونی تھا 
LOG (lattice-best-path[5.5.907~1-cbed4]:main():lattice-best-path.cc:99) For utterance 20030010_625, best cost 89.8298 + 3608.26 = 3698.09 over 665 frames.
20030010_625 گیدڑ زندگی چچا کی گدے گردیزی ترجمان کے ہو گیا 
LOG (lattice-best-path[5.5.907~1-cbed4]:main():lattice-best-path.cc:99) For utterance 20030010_626, best cost 67.1347 + 2456.8 = 2523.94 over 465 frames.
20030010_626 پیدا سے گڑیا دھجیاں نسخہ سمجھا 
LOG (lattice-best-path[5.5.907~1-cbed4]:main():lattice-best-path.cc:99) For utterance 20030010_627, best cost 91.5005 + 3764.83 = 3856.33 over 712 frames.
20030010_627 سینٹر والدین انگوٹھے ہرادھنیا سوم کی طرف اومیگا گیا 
LOG (lattice-best-path[5.5.907~1-cbed4]:main():lattice-best-path.cc:99) For utterance 20030010_628, best cost 92.4645 + 3724.09 = 3816.55 over 709 frames.
20030010_628 گوہر سرگرمیوں لگانے اگرچہ چیلنجز کنسورشیم وفود کی 
LOG (lattice-best-path[5.5.907~1-cbed4]:main():lattice-best-path.cc:99) For utterance 20030010_629, best cost 131.876 + 4581.4 = 4713.27 over 876 frames.
20030010_629 چھیل کے کے کو شعاع کیا پٹاخے لیفٹیننٹ صوفی سے موجودہ پسند کے چھڑیاں 
LOG (lattice-best-path[5.5.907~1-cbed4]:main():lattice-best-path.cc:99) For utterance 20030010_630, best cost 80.9971 + 3572.76 = 3653.76 over 668 frames.
20030010_630 تعین گزشتہ میراتھن بیچارے کلچر ضیغم گیا 
LOG (lattice-best-path[5.5.907~1-cbed4]:main():lattice-best-path.cc:99) For utterance 20030010_631, best cost 144.416 + 5233.98 = 5378.4 over 964 frames.
20030010_631 سیاسی فوراً مدافعت بیڈروم میں تحفتا دیش پر کا سے چلغوزے سے سے معطل چائلڈ ہے 
LOG (lattice-best-path[5.5.907~1-cbed4]:main():lattice-best-path.cc:99) For utterance 20030010_632, best cost 164.695 + 6563.36 = 6728.06 over 1219 frames.
20030010_632 تیزی زیادہ ندا کے بوریت کی اچک چوری یہودی چادر کاجو اور سوئیوں چھوڑیں بغیر دیکھوں 
LOG (lattice-best-path[5.5.907~1-cbed4]:main():lattice-best-path.cc:99) For utterance 20030010_633, best cost 132.249 + 5400.96 = 5533.21 over 1056 frames.
20030010_633 پر چیلنجز بگاڑنے تقویت کی کی کے اور فیصد کی قوس کے سلسلے کے لیے نیچے 
LOG (lattice-best-path[5.5.907~1-cbed4]:main():lattice-best-path.cc:99) For utterance 20030010_634, best cost 88.18 + 3696.83 = 3785.01 over 708 frames.
20030010_634 گلیشئر جشن کے سامنے ڈوڈیاں چقندر گینگسٹر کیا ہیں 
LOG (lattice-best-path[5.5.907~1-cbed4]:main():lattice-best-path.cc:99) For utterance 20030010_635, best cost 105.83 + 3858.99 = 3964.82 over 722 frames.
20030010_635 پاسبان ازخود سیڑھیاں باولنگ بیچے پگڑی مرتب یا سیاست کریں 
LOG (lattice-best-path[5.5.907~1-cbed4]:main():lattice-best-path.cc:99) For utterance 20030010_636, best cost 82.1153 + 3546.97 = 3629.08 over 677 frames.
20030010_636 پروفیشنل چندھیا چمڑے سے جو جدون تفاوت 
LOG (lattice-best-path[5.5.907~1-cbed4]:main():lattice-best-path.cc:99) For utterance 20030010_637, best cost 85.0369 + 3700.96 = 3786 over 703 frames.
20030010_637 دکھاوے ساغر بدچلنی نمو کیجیے گیسیں کرتے ہوئے 
LOG (lattice-best-path[5.5.907~1-cbed4]:main():lattice-best-path.cc:99) For utterance 20030010_638, best cost 130.376 + 6044.1 = 6174.47 over 1134 frames.
20030010_638 طرف توجہ جنریشن گائنی کو میں سوئچ اور اٹھی اور کھچی سیاست جلسے 
LOG (lattice-best-path[5.5.907~1-cbed4]:main():lattice-best-path.cc:99) For utterance 20030010_639, best cost 119.288 + 5307.11 = 5426.39 over 1011 frames.
20030010_639 پھیرتے دولخت تقسیم کے کے سے تشخیص اثر ٹیکنالوجیز اور تسلسل دو سکتیں 
LOG (lattice-best-path[5.5.907~1-cbed4]:main():lattice-best-path.cc:99) For utterance 20030010_640, best cost 113.246 + 4316.69 = 4429.93 over 822 frames.
20030010_640 چاہئے باورچی داڑھی ضخیم دیسی کونسل کی شعاع درخور کی کوشش کریں 
LOG (lattice-best-path[5.5.907~1-cbed4]:main():lattice-best-path.cc:99) For utterance 20030010_641, best cost 76.3077 + 3775.43 = 3851.73 over 712 frames.
20030010_641 کوارڈینیٹر ایشوز کرکے تابش بازیچہ گردیزی 
LOG (lattice-best-path[5.5.907~1-cbed4]:main():lattice-best-path.cc:99) For utterance 20030010_642, best cost 83.5684 + 3294.67 = 3378.24 over 638 frames.
20030010_642 خفگی سیفٹی مسجد گردش تنفس کی نواب کی 
LOG (lattice-best-path[5.5.907~1-cbed4]:main():lattice-best-path.cc:99) For utterance 20030010_643, best cost 92.1081 + 3462.09 = 3554.2 over 664 frames.
20030010_643 دراوڑی ذخائر پڑھئے مخرج سنایا دودھیا سے زندگی نہیں 
LOG (lattice-best-path[5.5.907~1-cbed4]:main():lattice-best-path.cc:99) For utterance 20030010_644, best cost 121.205 + 4667.29 = 4788.5 over 908 frames.
20030010_644 کے شیرے چیئرمین دو دعائیہ زیورات کھچڑی کیسی برڈ سے میں پر بات کی 
LOG (lattice-best-path[5.5.907~1-cbed4]:main():lattice-best-path.cc:99) For utterance 20030010_645, best cost 107.519 + 4079.94 = 4187.46 over 768 frames.
20030010_645 گیدڑ پرچیز انداز کو پسند پرسوز اٹھتر میں کی افزائش سکتیں 
LOG (lattice-best-path[5.5.907~1-cbed4]:main():lattice-best-path.cc:99) For utterance 20030010_646, best cost 106.508 + 3813.2 = 3919.71 over 734 frames.
20030010_646 ذریعہ غزلیات چبھنے کے بعد تبدیلیاں میں گارلینڈ داخلوں گائنی گئی 
LOG (lattice-best-path[5.5.907~1-cbed4]:main():lattice-best-path.cc:99) For utterance 20030010_647, best cost 59.2273 + 2727.87 = 2787.09 over 517 frames.
20030010_647 بااثر تنازعے بوجوہ گردوغبار کریں 
LOG (lattice-best-path[5.5.907~1-cbed4]:main():lattice-best-path.cc:99) For utterance 20030010_648, best cost 80.719 + 3020.09 = 3100.81 over 573 frames.
20030010_648 جدوجہد چاچو کہا خرچ کر کیا پڑھوا تھا 
LOG (lattice-best-path[5.5.907~1-cbed4]:main():lattice-best-path.cc:99) For utterance 20030010_649, best cost 69.2027 + 2617.38 = 2686.58 over 478 frames.
20030010_649 تو خدانخواستہ ٹریفک باتھو آمدنی لگائیں 
LOG (lattice-best-path[5.5.907~1-cbed4]:main():lattice-best-path.cc:99) For utterance 20030010_650, best cost 109.958 + 4647.11 = 4757.07 over 870 frames.
20030010_650 ہجے گردیزی بآسانی یا کی کے تاخیر دعائیہ کیلئے سکولز کا ہے 
LOG (lattice-best-path[5.5.907~1-cbed4]:main():lattice-best-path.cc:99) For utterance 20030010_651, best cost 107.482 + 3592.62 = 3700.1 over 699 frames.
20030010_651 کولیسٹرول مرچنٹ کی قدرتی ادغام کے تو میں سے پہلے سعودی چیف 
LOG (lattice-best-path[5.5.907~1-cbed4]:main():lattice-best-path.cc:99) For utterance 20030010_652, best cost 92.1124 + 3998.66 = 4090.77 over 777 frames.
20030010_652 پتھالوجسٹ آمدنی ترجمانی مقدار بوم کے سندھو پہنچ گیا 
LOG (lattice-best-path[5.5.907~1-cbed4]:main():lattice-best-path.cc:99) For utterance 20030010_653, best cost 90.7116 + 3325.26 = 3415.97 over 638 frames.
20030010_653 پروگرام اس کسی جمگھٹا عزیز ڈیجیٹل کر قصوروار 
LOG (lattice-best-path[5.5.907~1-cbed4]:main():lattice-best-path.cc:99) For utterance 20030010_654, best cost 104.383 + 4285.38 = 4389.76 over 838 frames.
20030010_654 طبیعت اشخاص کی اشعار چندھیا رفعت لوث کمینگی میں سکتیں 
LOG (lattice-best-path[5.5.907~1-cbed4]:main():lattice-best-path.cc:99) For utterance 20030010_655, best cost 68.4147 + 2447.16 = 2515.57 over 465 frames.
20030010_655 تلاش کی چنیوٹی ڈیتھ بجھائی دیش ہے 
LOG (lattice-best-path[5.5.907~1-cbed4]:main():lattice-best-path.cc:99) For utterance 20030010_656, best cost 99.7531 + 4713.98 = 4813.73 over 918 frames.
20030010_656 بیضے کے علیحدہ ذیشان بچایا سمجھدار میں بھی کس کریں 
LOG (lattice-best-path[5.5.907~1-cbed4]:main():lattice-best-path.cc:99) For utterance 20030010_657, best cost 66.1824 + 2853.23 = 2919.41 over 540 frames.
20030010_657 آمدورفت طرزعمل جیسے سرفراز حافظے ہیں 
LOG (lattice-best-path[5.5.907~1-cbed4]:main():lattice-best-path.cc:99) For utterance 20030010_658, best cost 69.3476 + 3010.55 = 3079.9 over 591 frames.
20030010_658 کمزور کرنے والے بیس کی بااثر زبوں 
LOG (lattice-best-path[5.5.907~1-cbed4]:main():lattice-best-path.cc:99) For utterance 20030010_659, best cost 98.5261 + 4163.44 = 4261.97 over 779 frames.
20030010_659 بھیجی کو جنریشن پوشیدہ وجوہات خوفزدہ بوریت کے سوویں 
LOG (lattice-best-path[5.5.907~1-cbed4]:main():lattice-best-path.cc:99) For utterance 20030010_660, best cost 47.4417 + 2547.95 = 2595.39 over 482 frames.
20030010_660 کو ایڈورٹائزنگ گداز آویزاں 
LOG (lattice-best-path[5.5.907~1-cbed4]:main():lattice-best-path.cc:99) For utterance 20030010_661, best cost 71.5254 + 3093.69 = 3165.22 over 578 frames.
20030010_661 پھسل کینیڈین ایشو درآمدات پر بڑھائیں 
LOG (lattice-best-path[5.5.907~1-cbed4]:main():lattice-best-path.cc:99) For utterance 20030010_662, best cost 66.3259 + 3118.32 = 3184.64 over 575 frames.
20030010_662 تجوریاں اکھاڑ جیسے بسیار کے تصفیے گے 
LOG (lattice-best-path[5.5.907~1-cbed4]:main():lattice-best-path.cc:99) For utterance 20030010_663, best cost 81.3197 + 3651.95 = 3733.27 over 656 frames.
20030010_663 کی اچانک ابڑو اچھل ساجد کے کی تجویز کو ہوئے 
LOG (lattice-best-path[5.5.907~1-cbed4]:main():lattice-best-path.cc:99) For utterance 20030010_664, best cost 114.889 + 4301.93 = 4416.82 over 790 frames.
20030010_664 پراسیس ڈیزرٹ مٹھائیاں خریدے تنازع وقعت کی چیک ایڈووکیٹ کے ہو گیا 
LOG (lattice-best-path[5.5.907~1-cbed4]:main():lattice-best-path.cc:99) For utterance 20030010_665, best cost 72.0654 + 3051.47 = 3123.54 over 569 frames.
20030010_665 قیصر خسارے سے جیسی کا کا سفیدے اور 
LOG (lattice-best-path[5.5.907~1-cbed4]:main():lattice-best-path.cc:99) For utterance 20030010_666, best cost 69.1573 + 2765.36 = 2834.52 over 505 frames.
20030010_666 دوسروں اگرچہ لگاتا پراسیس ایسے دیئے 
LOG (lattice-best-path[5.5.907~1-cbed4]:main():lattice-best-path.cc:99) For utterance 20030010_667, best cost 84.6636 + 3769.31 = 3853.97 over 731 frames.
20030010_667 کی کے باعث سے چند چلغوزے کی مجیب بوسن ہوئے 
LOG (lattice-best-path[5.5.907~1-cbed4]:main():lattice-best-path.cc:99) For utterance 20030010_668, best cost 97.9935 + 3934.58 = 4032.57 over 739 frames.
20030010_668 چارجز دریچے تیروں گیجٹ کا کے ساتھ یہاں کے سے جانبدار 
LOG (lattice-best-path[5.5.907~1-cbed4]:main():lattice-best-path.cc:99) For utterance 20030010_669, best cost 80.3444 + 3081.28 = 3161.63 over 557 frames.
20030010_669 بوسن گذر ہونے سے کے لیے ڈیزرٹ جونیجو یا 
LOG (lattice-best-path[5.5.907~1-cbed4]:main():lattice-best-path.cc:99) For utterance 20030010_670, best cost 64.8876 + 3562.93 = 3627.82 over 653 frames.
20030010_670 پروسیسر سے شیل ضرورت پروسیسر کرو 
LOG (lattice-best-path[5.5.907~1-cbed4]:main():lattice-best-path.cc:99) For utterance 20030010_671, best cost 122.776 + 3894.4 = 4017.17 over 712 frames.
20030010_671 خوشی سے پہلے سوسائٹی گڑیا میں کا اثرورسوخ اور تصدق چوری میں گوشے جاؤ 
LOG (lattice-best-path[5.5.907~1-cbed4]:main():lattice-best-path.cc:99) For utterance 20030010_672, best cost 93.6087 + 3205.38 = 3298.99 over 626 frames.
20030010_672 کی کمیشن جنگوں فقدان بسر پاس اگرچہ تبدیلیاں ہے 
LOG (lattice-best-path[5.5.907~1-cbed4]:main():lattice-best-path.cc:99) For utterance 20030010_673, best cost 80.5526 + 3170.3 = 3250.86 over 621 frames.
20030010_673 پڑھائی چاول واجب جو سنگھاسن طرفین پٹھان 
LOG (lattice-best-path[5.5.907~1-cbed4]:main():lattice-best-path.cc:99) For utterance 20030010_674, best cost 94.122 + 4028.58 = 4122.7 over 777 frames.
20030010_674 تشنج دارومدار پچھتر درآمدات کیونکہ حسینی کی کوشش کی 
LOG (lattice-best-path[5.5.907~1-cbed4]:main():lattice-best-path.cc:99) For utterance 20030010_675, best cost 91.2721 + 3609.1 = 3700.37 over 686 frames.
20030010_675 کا جیوری کیلئے پر سوچے تغافل تعاقب گاؤ اڑائیں 
LOG (lattice-best-path[5.5.907~1-cbed4]:main():lattice-best-path.cc:99) For utterance 20030010_676, best cost 81.1981 + 3170.73 = 3251.93 over 587 frames.
20030010_676 گردش سے چیلنجز عوام رنجش جھگڑے پر تھی 
LOG (lattice-best-path[5.5.907~1-cbed4]:main():lattice-best-path.cc:99) For utterance 20030010_677, best cost 126.547 + 4108.27 = 4234.82 over 788 frames.
20030010_677 گزارنے سیاسی بجھی بوئے مدھم بعدازاں موزونیت پروگرام ڈیجیٹل برسراقتدار کیا 
LOG (lattice-best-path[5.5.907~1-cbed4]:main():lattice-best-path.cc:99) For utterance 20030010_678, best cost 139.982 + 6002.1 = 6142.09 over 1203 frames.
20030010_678 سرفہرست آرتھوپیڈک کے پاس زوال نظرثانی کے لیے خالد کچیلے جیسے مشعر کے چھ کریں 
LOG (lattice-best-path[5.5.907~1-cbed4]:main():lattice-best-path.cc:99) For utterance 20030010_679, best cost 57.9126 + 2188.9 = 2246.81 over 411 frames.
20030010_679 کوئی ٹریجڈی تحصیلدار سکتے زچگی 
LOG (lattice-best-path[5.5.907~1-cbed4]:main():lattice-best-path.cc:99) For utterance 20030010_680, best cost 89.8859 + 3580.14 = 3670.02 over 662 frames.
20030010_680 کوئی بدصورت انفلوئنزا درخور تو پراسسنگ میں کیا جاتا ہے 
LOG (lattice-best-path[5.5.907~1-cbed4]:main():lattice-best-path.cc:99) For utterance 20030010_681, best cost 99.9678 + 3940.37 = 4040.33 over 755 frames.
20030010_681 تشنج ایشو خواستگار سوئی گلوبل ترچھی دعاگو سوراخ 
LOG (lattice-best-path[5.5.907~1-cbed4]:main():lattice-best-path.cc:99) For utterance 20030010_682, best cost 111.169 + 4161.76 = 4272.93 over 794 frames.
20030010_682 دیباچہ کی گروتھ پنجرے تناسب چادر باعث کے جا معلوم دیئے 
LOG (lattice-best-path[5.5.907~1-cbed4]:main():lattice-best-path.cc:99) For utterance 20030010_683, best cost 82.3135 + 3524.46 = 3606.77 over 669 frames.
20030010_683 کی سماجی چقندر میں میں بھیجی کے کی سمیت کریں 
LOG (lattice-best-path[5.5.907~1-cbed4]:main():lattice-best-path.cc:99) For utterance 20030010_684, best cost 75.7783 + 3395.81 = 3471.59 over 673 frames.
20030010_684 ملفوظات سے کے جھوم رویہ کی طرح پٹھان 
LOG (lattice-best-path[5.5.907~1-cbed4]:main():lattice-best-path.cc:99) For utterance 20030010_685, best cost 77.9112 + 2704.53 = 2782.44 over 522 frames.
20030010_685 جذبات توسیع بچے بخشے زدہ سنگل دو 
LOG (lattice-best-path[5.5.907~1-cbed4]:main():lattice-best-path.cc:99) For utterance 20030010_686, best cost 96.2308 + 3503.72 = 3599.95 over 671 frames.
20030010_686 سفیدے ضخیم کی کوشش سبزواری مسز خشوع شاخ بچّو 
LOG (lattice-best-path[5.5.907~1-cbed4]:main():lattice-best-path.cc:99) For utterance 20030010_687, best cost 127.509 + 4722.98 = 4850.49 over 885 frames.
20030010_687 ساغر سبب سیروسیاحت پنگھوڑے کب چار پراسسنگ کھا کر درجوں مجذوب گئی 
LOG (lattice-best-path[5.5.907~1-cbed4]:main():lattice-best-path.cc:99) For utterance 20030010_688, best cost 131.769 + 5545.79 = 5677.56 over 1064 frames.
20030010_688 تجرد کی چمچہ کر سمجھی انجام اور کی چیخنے مقام کے کا ٹھنڈا ہجوں 
LOG (lattice-best-path[5.5.907~1-cbed4]:main():lattice-best-path.cc:99) For utterance 20030010_689, best cost 97.916 + 3374.86 = 3472.78 over 625 frames.
20030010_689 دوچند کی اجازت زیادہ جنگجوؤں اور پراسسنگ پسند چچا ہے 
LOG (lattice-best-path[5.5.907~1-cbed4]:main():lattice-best-path.cc:99) For utterance 20030010_690, best cost 43.9042 + 2135.13 = 2179.04 over 384 frames.
20030010_690 کی تسلسل ترجمانی جاتا ہے 
LOG (lattice-best-path[5.5.907~1-cbed4]:main():lattice-best-path.cc:99) For utterance 20030010_691, best cost 101.813 + 3750.86 = 3852.68 over 712 frames.
20030010_691 چڑچڑے کیا فاجر دنیاوی سے قضا تھنوں بلاخوف میں ٹھونس دیئے 
LOG (lattice-best-path[5.5.907~1-cbed4]:main():lattice-best-path.cc:99) For utterance 20030010_692, best cost 103.34 + 3707.08 = 3810.42 over 703 frames.
20030010_692 تخلص تھانیدار ٹیڑھے سندھو جھنڈے اٹھائیس زندگی خاطر بڑھاوں 
LOG (lattice-best-path[5.5.907~1-cbed4]:main():lattice-best-path.cc:99) For utterance 20030010_693, best cost 68.7571 + 2574.05 = 2642.8 over 493 frames.
20030010_693 پیدا کے سیاست گردوغبار قدآدم محدود 
LOG (lattice-best-path[5.5.907~1-cbed4]:main():lattice-best-path.cc:99) For utterance 20030010_694, best cost 99.0547 + 4502.41 = 4601.47 over 853 frames.
20030010_694 پچاس اشفاق اثاثوں جلسے عارضی تعاقب چقندر بنائیں 
LOG (lattice-best-path[5.5.907~1-cbed4]:main():lattice-best-path.cc:99) For utterance 20030010_695, best cost 71.4179 + 3107.49 = 3178.91 over 596 frames.
20030010_695 ہچکچاہٹ جانے پنجروں پر چیچک اخبارنویسوں 
LOG (lattice-best-path[5.5.907~1-cbed4]:main():lattice-best-path.cc:99) For utterance 20030010_696, best cost 97.9706 + 3102.39 = 3200.36 over 612 frames.
20030010_696 تشخص ایجنسیز سے فضول مصور بنانے کیلئے افسران کیا جاتا ہے 
LOG (lattice-best-path[5.5.907~1-cbed4]:main():lattice-best-path.cc:99) For utterance 20030010_697, best cost 55.475 + 2374.72 = 2430.2 over 465 frames.
20030010_697 پراسسنگ بغیر زندگی لگاتا ہو گا 
LOG (lattice-best-path[5.5.907~1-cbed4]:main():lattice-best-path.cc:99) For utterance 20030010_698, best cost 74.0431 + 2393.54 = 2467.58 over 474 frames.
20030010_698 بعدازاں دبیز شگاف بروز تاجر زمینداروں 
LOG (lattice-best-path[5.5.907~1-cbed4]:main():lattice-best-path.cc:99) For utterance 20030010_699, best cost 77.8585 + 3089.93 = 3167.79 over 587 frames.
20030010_699 تجویز وفاقی چڑیل پرخچے غیردانشمندانہ سوچوں 
LOG (lattice-best-path[5.5.907~1-cbed4]:main():lattice-best-path.cc:99) For utterance 20030010_700, best cost 85.7692 + 3043.88 = 3129.65 over 561 frames.
20030010_700 کو ساتھیوں کی تحصیل تغافل جھڑپ کر خصوصا کو 
LOG (lattice-best-path[5.5.907~1-cbed4]:main():lattice-best-path.cc:99) For utterance 20030010_701, best cost 111.338 + 4149.56 = 4260.9 over 808 frames.
20030010_701 بازو سامان وزیر دارومدار چیزیں جواب انداز غدودوں گذر جائے 
LOG (lattice-best-path[5.5.907~1-cbed4]:main():lattice-best-path.cc:99) For utterance 20030010_702, best cost 94.5757 + 3171.17 = 3265.74 over 608 frames.
20030010_702 کیفے صفوں بچی دھوپ میں کھڑے خوشہ صاحب آشوب 
LOG (lattice-best-path[5.5.907~1-cbed4]:main():lattice-best-path.cc:99) For utterance 20030010_703, best cost 75.9956 + 3333.28 = 3409.27 over 647 frames.
20030010_703 پیدائش سے تربیتی چینی کے گردوغبار ضرورت ہے 
LOG (lattice-best-path[5.5.907~1-cbed4]:main():lattice-best-path.cc:99) For utterance 20030010_704, best cost 93.8103 + 3961.33 = 4055.14 over 766 frames.
20030010_704 چارجز شدہ ایگلز سرنجیں تجربہ کی چراغاں پراسیس 
LOG (lattice-best-path[5.5.907~1-cbed4]:main():lattice-best-path.cc:99) For utterance 20030010_705, best cost 70.9341 + 3062.39 = 3133.32 over 578 frames.
20030010_705 بااثر انٹرفیس کی چادر لاگت پاکیزگی 
LOG (lattice-best-path[5.5.907~1-cbed4]:main():lattice-best-path.cc:99) For utterance 20030010_706, best cost 78.8299 + 3258.35 = 3337.18 over 627 frames.
20030010_706 پرچیز کیفے سے تاجر گندم آٹھ مرچوں 
LOG (lattice-best-path[5.5.907~1-cbed4]:main():lattice-best-path.cc:99) For utterance 20030010_707, best cost 50.0768 + 2362.66 = 2412.73 over 449 frames.
20030010_707 تاثرات کاندھلوی جونیئر میں نہ کریں 
LOG (lattice-best-path[5.5.907~1-cbed4]:main():lattice-best-path.cc:99) For utterance 20030010_708, best cost 87.3444 + 2886.98 = 2974.33 over 548 frames.
20030010_708 چمچے مسخرے مجیب اشخاص جدید خاموش سمجھائیں 
LOG (lattice-best-path[5.5.907~1-cbed4]:main():lattice-best-path.cc:99) For utterance 20030013_601, best cost 95.2526 + 4369.81 = 4465.07 over 952 frames.
20030013_601 واقعتاً توصیف کے کالجوں میں سیمینار ڈیویلپر توقع کریں 
LOG (lattice-best-path[5.5.907~1-cbed4]:main():lattice-best-path.cc:99) For utterance 20030013_602, best cost 152.889 + 5653.33 = 5806.22 over 1201 frames.
20030013_602 پروا رینگتے محور پر کے مرغابیوں خورشید پانچ انتہاؤں پر میں جھنڈے میں کی سے تذبذب ہے 
LOG (lattice-best-path[5.5.907~1-cbed4]:main():lattice-best-path.cc:99) For utterance 20030013_603, best cost 101.989 + 4107.95 = 4209.94 over 875 frames.
20030013_603 چاچو کرنے کے بعد زیرعنوان برطرفی میں بےقصور پروگراموں تصور ہے 
LOG (lattice-best-path[5.5.907~1-cbed4]:main():lattice-best-path.cc:99) For utterance 20030013_604, best cost 107.77 + 4256.79 = 4364.56 over 920 frames.
20030013_604 سوجھی معیاری داؤد کی برفباری کا سے پہچان توازن افسردہ ہیں 
LOG (lattice-best-path[5.5.907~1-cbed4]:main():lattice-best-path.cc:99) For utterance 20030013_605, best cost 74.1393 + 2809.3 = 2883.44 over 606 frames.
20030013_605 سوزش ورچوئل کے پیشنگوئی کی طرح تخلص ہیں 
LOG (lattice-best-path[5.5.907~1-cbed4]:main():lattice-best-path.cc:99) For utterance 20030013_606, best cost 99.9606 + 3000.45 = 3100.41 over 638 frames.
20030013_606 کچوکے کے نامور سے صدیوں دیتا فورس کی بڑی تزئین ہیں 
LOG (lattice-best-path[5.5.907~1-cbed4]:main():lattice-best-path.cc:99) For utterance 20030013_607, best cost 55.1286 + 2096.77 = 2151.9 over 440 frames.
20030013_607 تسلسل ترجیحات زمین خاوند ہیں 
LOG (lattice-best-path[5.5.907~1-cbed4]:main():lattice-best-path.cc:99) For utterance 20030013_608, best cost 90.8929 + 3604.4 = 3695.29 over 798 frames.
20030013_608 قدآدم کے ماؤف قفس پردھان چمچہ میں دوچند ہوئی 
LOG (lattice-best-path[5.5.907~1-cbed4]:main():lattice-best-path.cc:99) For utterance 20030013_609, best cost 69.7126 + 3094.32 = 3164.03 over 651 frames.
20030013_609 تصورات افسردہ لفظوں گردوغبار فزیوتھراپسٹ 
LOG (lattice-best-path[5.5.907~1-cbed4]:main():lattice-best-path.cc:99) For utterance 20030013_610, best cost 102.748 + 3723.54 = 3826.29 over 792 frames.
20030013_610 خواص ایجنسیوں طاغوتی پرنیا پچز طرفین حریت ایسا ہیں 
LOG (lattice-best-path[5.5.907~1-cbed4]:main():lattice-best-path.cc:99) For utterance 20030013_611, best cost 55.858 + 2721.64 = 2777.49 over 580 frames.
20030013_611 سرنجیں وافر ایڈورٹائزنگ کے ساتھ ہے 
LOG (lattice-best-path[5.5.907~1-cbed4]:main():lattice-best-path.cc:99) For utterance 20030013_612, best cost 80.4836 + 3800.92 = 3881.41 over 804 frames.
20030013_612 تبدیلیاں سے سیراب ورلڈکپ سفر اخوندزادہ اور 
LOG (lattice-best-path[5.5.907~1-cbed4]:main():lattice-best-path.cc:99) For utterance 20030013_613, best cost 38.428 + 1997.14 = 2035.57 over 414 frames.
20030013_613 خانقاہوں ازدواجی دیتا 
LOG (lattice-best-path[5.5.907~1-cbed4]:main():lattice-best-path.cc:99) For utterance 20030013_614, best cost 71.7094 + 2490.79 = 2562.5 over 523 frames.
20030013_614 طفیل انفارمیشن فرینڈ اضافہ ورژن کر دیا 
LOG (lattice-best-path[5.5.907~1-cbed4]:main():lattice-best-path.cc:99) For utterance 20030013_615, best cost 115.041 + 4941.72 = 5056.76 over 1105 frames.
20030013_615 خیرخواہ چھیانوے ڈیزاسٹر کو بلڈوزر کے میں جمخانہ تبدیلی میں وغیرہ ہیں 
LOG (lattice-best-path[5.5.907~1-cbed4]:main():lattice-best-path.cc:99) For utterance 20030013_616, best cost 119.987 + 4560.7 = 4680.69 over 977 frames.
20030013_616 پرچم اور میں جدول زنخوں فروزاں سے گردیزی تبسم دیانتدار پیدا کیا 
LOG (lattice-best-path[5.5.907~1-cbed4]:main():lattice-best-path.cc:99) For utterance 20030013_617, best cost 86.5504 + 2933.44 = 3019.99 over 632 frames.
20030013_617 خام ایڈورٹائزنگ کے وجود میں جلوس قدآدم تاثرات 
LOG (lattice-best-path[5.5.907~1-cbed4]:main():lattice-best-path.cc:99) For utterance 20030013_618, best cost 89.9096 + 3465.01 = 3554.92 over 734 frames.
20030013_618 خادم فلسفے ہاتھوں شماریات انسانیت کے بعد بستر پر ہے 
LOG (lattice-best-path[5.5.907~1-cbed4]:main():lattice-best-path.cc:99) For utterance 20030013_619, best cost 65.359 + 2084.81 = 2150.17 over 440 frames.
20030013_619 فیاضی غزلیات متغیر نظریے جید 
LOG (lattice-best-path[5.5.907~1-cbed4]:main():lattice-best-path.cc:99) For utterance 20030013_620, best cost 89.5775 + 4115.01 = 4204.59 over 900 frames.
20030013_620 کی میں جلوسوں تبدیلیاں وباؤں گوشہ میڈیا لیفٹننٹ 
LOG (lattice-best-path[5.5.907~1-cbed4]:main():lattice-best-path.cc:99) For utterance 20030013_621, best cost 109.725 + 3579.06 = 3688.78 over 779 frames.
20030013_621 گوجر ڈزاسٹر منتظر کیفے معاون سے نصف پچاسویں بینک کی 
LOG (lattice-best-path[5.5.907~1-cbed4]:main():lattice-best-path.cc:99) For utterance 20030013_622, best cost 79.2863 + 3073.79 = 3153.07 over 657 frames.
20030013_622 کو چیئرمین برسراقتدار سمجھدار بیدار میں سیونگ 
LOG (lattice-best-path[5.5.907~1-cbed4]:main():lattice-best-path.cc:99) For utterance 20030013_623, best cost 63.3714 + 2576.44 = 2639.81 over 574 frames.
20030013_623 کے بغیر بڑھاوا فرسودہ سامان رانجھا گیا 
LOG (lattice-best-path[5.5.907~1-cbed4]:main():lattice-best-path.cc:99) For utterance 20030013_624, best cost 108.138 + 3970.8 = 4078.93 over 811 frames.
20030013_624 خوفوں سے ٹیلیفون میڈیسن افواج وفاؤں سپرنٹنڈنٹ سندھیوں وجود تھا 
LOG (lattice-best-path[5.5.907~1-cbed4]:main():lattice-best-path.cc:99) For utterance 20030013_625, best cost 78.0447 + 3492.31 = 3570.36 over 696 frames.
20030013_625 خوشیوں ازدواجی گاجر کے طبیعت ماتھے ہو گیا 
LOG (lattice-best-path[5.5.907~1-cbed4]:main():lattice-best-path.cc:99) For utterance 20030013_626, best cost 53.7808 + 2036.72 = 2090.5 over 420 frames.
20030013_626 غیرضروری حیران جنگجویانہ تھانہ 
LOG (lattice-best-path[5.5.907~1-cbed4]:main():lattice-best-path.cc:99) For utterance 20030013_627, best cost 99.32 + 4170.04 = 4269.36 over 926 frames.
20030013_627 خیرخواہ حیران تہوار کے پاسبان میں تیروں کے کو خانقاہوں 
LOG (lattice-best-path[5.5.907~1-cbed4]:main():lattice-best-path.cc:99) For utterance 20030013_628, best cost 76.5161 + 3132.42 = 3208.94 over 644 frames.
20030013_628 ترجیحات میں پارلیمنٹرین انہونی پرچھائیاں وفود کی 
LOG (lattice-best-path[5.5.907~1-cbed4]:main():lattice-best-path.cc:99) For utterance 20030013_629, best cost 89.7088 + 4267.89 = 4357.6 over 894 frames.
20030013_629 جیوئش والوں کے تعاقب میں کی آواز کمینگی متحدہ کے ساتھ 
LOG (lattice-best-path[5.5.907~1-cbed4]:main():lattice-best-path.cc:99) For utterance 20030013_630, best cost 69.8065 + 3000.22 = 3070.02 over 606 frames.
20030013_630 تیاگ عزیزواقارب چارجز سے سے تعمیر ہیں 
LOG (lattice-best-path[5.5.907~1-cbed4]:main():lattice-best-path.cc:99) For utterance 20030013_631, best cost 98.602 + 4146.78 = 4245.39 over 843 frames.
20030013_631 خاصی عزیزواقارب میں اخبار کے بعد ترقیات روزافزوں برسراقتدار ہیں 
LOG (lattice-best-path[5.5.907~1-cbed4]:main():lattice-best-path.cc:99) For utterance 20030013_632, best cost 130.113 + 4743.88 = 4873.99 over 1009 frames.
20030013_632 قاضی سیکھیں کاندھلوی تین جھنجھوڑ بلین بھجوا پر کھجوریں اور صاحب سلطان 
LOG (lattice-best-path[5.5.907~1-cbed4]:main():lattice-best-path.cc:99) For utterance 20030013_633, best cost 106.275 + 4430.98 = 4537.25 over 913 frames.
20030013_633 کے تجربہ میں فلسطینی ٹیکنالوجیز رنجیدہ سے سیسے چنیوٹی کی سے ہیں 
LOG (lattice-best-path[5.5.907~1-cbed4]:main():lattice-best-path.cc:99) For utterance 20030013_634, best cost 68.6677 + 2392.18 = 2460.85 over 497 frames.
20030013_634 خول جنریشن انسان کلومیٹر برقرار ہیں 
LOG (lattice-best-path[5.5.907~1-cbed4]:main():lattice-best-path.cc:99) For utterance 20030013_635, best cost 82.859 + 3542.27 = 3625.13 over 734 frames.
20030013_635 خاطر کوششیں ناکام غیریقینی مدد میں سے سوغات ہیں 
LOG (lattice-best-path[5.5.907~1-cbed4]:main():lattice-best-path.cc:99) For utterance 20030013_636, best cost 76.759 + 3159.9 = 3236.66 over 657 frames.
20030013_636 خوشنودی جھگی پرچیاں میں سے نوجوان ڈاکوؤں 
LOG (lattice-best-path[5.5.907~1-cbed4]:main():lattice-best-path.cc:99) For utterance 20030013_637, best cost 87.2572 + 3250.48 = 3337.74 over 696 frames.
20030013_637 خسارے شاہنواز پارلیمانی ناامیدی غیر کے بعد پر ہوئیں 
LOG (lattice-best-path[5.5.907~1-cbed4]:main():lattice-best-path.cc:99) For utterance 20030013_638, best cost 92.791 + 3550.7 = 3643.49 over 760 frames.
20030013_638 کانووکیشن کی شیئرنگ ایمبولینس علوی بھوت کے کے پاس ایجنسیوں 
LOG (lattice-best-path[5.5.907~1-cbed4]:main():lattice-best-path.cc:99) For utterance 20030013_639, best cost 109.473 + 4059.11 = 4168.58 over 868 frames.
20030013_639 ہیلتھ ایڈووکیٹ دن سے تجویز تفرقہ ہوتی وسائل سے تو سکتیں 
LOG (lattice-best-path[5.5.907~1-cbed4]:main():lattice-best-path.cc:99) For utterance 20030013_640, best cost 98.6343 + 3708.02 = 3806.65 over 760 frames.
20030013_640 تبدیلیاں گھنگریالے سکتی سنگھاسن پیشوا ندرت فجور کی روزگار 
LOG (lattice-best-path[5.5.907~1-cbed4]:main():lattice-best-path.cc:99) For utterance 20030013_641, best cost 61.9915 + 2310.14 = 2372.13 over 465 frames.
20030013_641 کولیسٹرول ایشو کا جذبات تنظیم گا 
LOG (lattice-best-path[5.5.907~1-cbed4]:main():lattice-best-path.cc:99) For utterance 20030013_642, best cost 62.4498 + 2816.5 = 2878.95 over 574 frames.
20030013_642 صفوں زیردست بوگس کی پہلوان کی 
LOG (lattice-best-path[5.5.907~1-cbed4]:main():lattice-best-path.cc:99) For utterance 20030013_643, best cost 96.1503 + 3474.17 = 3570.32 over 734 frames.
20030013_643 خوفزدہ کے کریں اور قدآدم سمجھائیں اور بویا سزائیں کی کریں 
LOG (lattice-best-path[5.5.907~1-cbed4]:main():lattice-best-path.cc:99) For utterance 20030013_644, best cost 76.8898 + 3485.35 = 3562.24 over 683 frames.
20030013_644 تجزیے سے کبوتر اور زیردست جذبات انٹرفیس 
LOG (lattice-best-path[5.5.907~1-cbed4]:main():lattice-best-path.cc:99) For utterance 20030013_645, best cost 58.6175 + 2880.15 = 2938.76 over 580 frames.
20030013_645 زیرقیادت اثرورسوخ کرنے کے پاس کرتے ہیں 
LOG (lattice-best-path[5.5.907~1-cbed4]:main():lattice-best-path.cc:99) For utterance 20030013_646, best cost 76.6825 + 2876.12 = 2952.8 over 587 frames.
20030013_646 سامنے ماخوذ کچوکے لگاتا اوپر میں کرنے کریں 
LOG (lattice-best-path[5.5.907~1-cbed4]:main():lattice-best-path.cc:99) For utterance 20030013_647, best cost 50.0406 + 2264.85 = 2314.89 over 452 frames.
20030013_647 سرفراز بھومی چوکھٹ سکتا ہے 
LOG (lattice-best-path[5.5.907~1-cbed4]:main():lattice-best-path.cc:99) For utterance 20030013_648, best cost 60.1273 + 2174.76 = 2234.89 over 440 frames.
20030013_648 کے زودحس اس تسلسل کے درآمدات 
LOG (lattice-best-path[5.5.907~1-cbed4]:main():lattice-best-path.cc:99) For utterance 20030013_649, best cost 80.313 + 2886.33 = 2966.65 over 600 frames.
20030013_649 کو خوفوں کے لذت ایگزیکٹو طرفین میں رعیت 
LOG (lattice-best-path[5.5.907~1-cbed4]:main():lattice-best-path.cc:99) For utterance 20030013_650, best cost 81.0093 + 3299.88 = 3380.89 over 670 frames.
20030013_650 استفادے کے سامنے بلدیاتی یگانگت ٹرانسفر کی بغیر 
LOG (lattice-best-path[5.5.907~1-cbed4]:main():lattice-best-path.cc:99) For utterance 20030013_651, best cost 70.9896 + 2617.69 = 2688.68 over 548 frames.
20030013_651 دکھاوے چوتھی پوشیدہ پنگھوڑے گیسو کی ہے 
LOG (lattice-best-path[5.5.907~1-cbed4]:main():lattice-best-path.cc:99) For utterance 20030013_652, best cost 82.4951 + 3476.07 = 3558.57 over 696 frames.
20030013_652 پیتھالوجی سے تنزلی کرکے لڑیں طاغوتی سپردخاک سے 
LOG (lattice-best-path[5.5.907~1-cbed4]:main():lattice-best-path.cc:99) For utterance 20030013_653, best cost 66.6316 + 2919.55 = 2986.18 over 600 frames.
20030013_653 روزبروز طرزفکر کرنے کے زیردست کوسوں 
LOG (lattice-best-path[5.5.907~1-cbed4]:main():lattice-best-path.cc:99) For utterance 20030013_654, best cost 86.9784 + 3621.45 = 3708.43 over 734 frames.
20030013_654 کرفیو زرخیز سے سکواڈرن سے کی لوث کے کمزور ہے 
LOG (lattice-best-path[5.5.907~1-cbed4]:main():lattice-best-path.cc:99) For utterance 20030013_655, best cost 64.8234 + 2931.43 = 2996.26 over 600 frames.
20030013_655 کانگرس کیسز اور پر گزارنے پراسیس 
LOG (lattice-best-path[5.5.907~1-cbed4]:main():lattice-best-path.cc:99) For utterance 20030013_656, best cost 62.7837 + 3655.42 = 3718.21 over 734 frames.
20030013_656 قضیے وزیرداخلہ قیصر گزارنے پرسش 
LOG (lattice-best-path[5.5.907~1-cbed4]:main():lattice-best-path.cc:99) For utterance 20030013_657, best cost 63.5976 + 2611.59 = 2675.19 over 542 frames.
20030013_657 تصورات زنجیر کے کردار کلاسز کریں 
LOG (lattice-best-path[5.5.907~1-cbed4]:main():lattice-best-path.cc:99) For utterance 20030013_658, best cost 59.3183 + 2738.96 = 2798.28 over 561 frames.
20030013_658 کروفر سیلز کے لیے اس کی تاثرات 
LOG (lattice-best-path[5.5.907~1-cbed4]:main():lattice-best-path.cc:99) For utterance 20030013_659, best cost 85.4987 + 3078.63 = 3164.13 over 619 frames.
20030013_659 کے کی سوزش فوری بطخوں استغفار توضیح دسویں 
LOG (lattice-best-path[5.5.907~1-cbed4]:main():lattice-best-path.cc:99) For utterance 20030013_660, best cost 32.0657 + 1916.35 = 1948.41 over 401 frames.
20030013_660 پروڈکٹیو تذبذب 
LOG (lattice-best-path[5.5.907~1-cbed4]:main():lattice-best-path.cc:99) For utterance 20030013_661, best cost 45.3294 + 1980.5 = 2025.83 over 427 frames.
20030013_661 کرنے کیلئے جوار کردار کریں 
LOG (lattice-best-path[5.5.907~1-cbed4]:main():lattice-best-path.cc:99) For utterance 20030013_662, best cost 57.7181 + 2527.93 = 2585.64 over 529 frames.
20030013_662 تجوریاں نے سیروسیاحت کی غزلیات کریں 
LOG (lattice-best-path[5.5.907~1-cbed4]:main():lattice-best-path.cc:99) For utterance 20030013_663, best cost 86.4526 + 3521.81 = 3608.26 over 753 frames.
20030013_663 تجوریاں اچانک پروفیسر طیب اندھیرے کی دبیز بھوجپوری 
LOG (lattice-best-path[5.5.907~1-cbed4]:main():lattice-best-path.cc:99) For utterance 20030013_664, best cost 77.4895 + 3340.73 = 3418.22 over 715 frames.
20030013_664 پراسیس نے بینگن گھوڑے پروگریسیو پیروکاروں گئے 
LOG (lattice-best-path[5.5.907~1-cbed4]:main():lattice-best-path.cc:99) For utterance 20030013_665, best cost 42.9253 + 2307.83 = 2350.76 over 484 frames.
20030013_665 فیضان ایجنسیز بفرزون 
LOG (lattice-best-path[5.5.907~1-cbed4]:main():lattice-best-path.cc:99) For utterance 20030013_666, best cost 59.9819 + 2556.6 = 2616.58 over 529 frames.
20030013_666 کولیسٹرول سے لگاتا واقفیت غیرضروری ہے 
LOG (lattice-best-path[5.5.907~1-cbed4]:main():lattice-best-path.cc:99) For utterance 20030013_667, best cost 50.972 + 2484.58 = 2535.56 over 504 frames.
20030013_667 کی جیسے دلسوزی موجزن ہوئی 
LOG (lattice-best-path[5.5.907~1-cbed4]:main():lattice-best-path.cc:99) For utterance 20030013_668, best cost 83.3233 + 3595.76 = 3679.08 over 747 frames.
20030013_668 ساری توصیف کے توجہ پاسبان اور کیسز ہو گئی 
LOG (lattice-best-path[5.5.907~1-cbed4]:main():lattice-best-path.cc:99) For utterance 20030013_669, best cost 73.3489 + 2762.31 = 2835.65 over 548 frames.
20030013_669 خضوع فرعون کے گذر کے ضرورت عندیہ 
LOG (lattice-best-path[5.5.907~1-cbed4]:main():lattice-best-path.cc:99) For utterance 20030013_670, best cost 63.9655 + 2667.4 = 2731.37 over 574 frames.
20030013_670 اضافہ سے سفیدے ضرورت گوبر کرو 
LOG (lattice-best-path[5.5.907~1-cbed4]:main():lattice-best-path.cc:99) For utterance 20030013_671, best cost 86.0614 + 3811.79 = 3897.85 over 772 frames.
20030013_671 پراسیس ازسرنو ایڈریس اور سوری کے سوزوکی ہو کر دیا 
LOG (lattice-best-path[5.5.907~1-cbed4]:main():lattice-best-path.cc:99) For utterance 20030013_672, best cost 58.5791 + 3194.5 = 3253.08 over 632 frames.
20030013_672 انٹیلیجینس موسلادھار سیاست اپیلیں ہیں 
LOG (lattice-best-path[5.5.907~1-cbed4]:main():lattice-best-path.cc:99) For utterance 20030013_673, best cost 66.3095 + 2703.49 = 2769.8 over 555 frames.
20030013_673 پڑھائی کے ساتھ کیا کی وجہ سے سفیدے کرتا ہے 
LOG (lattice-best-path[5.5.907~1-cbed4]:main():lattice-best-path.cc:99) For utterance 20030013_674, best cost 88.2942 + 3932.76 = 4021.05 over 772 frames.
20030013_674 بھجوائیں پروجیکٹ برابر صداقت قوانین حسینی کی کوشش کریں 
LOG (lattice-best-path[5.5.907~1-cbed4]:main():lattice-best-path.cc:99) For utterance 20030013_675, best cost 71.6384 + 2526.03 = 2597.67 over 529 frames.
20030013_675 پراجیکٹ دھجیاں پر سوچے باخبر دوڑائیں 
LOG (lattice-best-path[5.5.907~1-cbed4]:main():lattice-best-path.cc:99) For utterance 20030013_676, best cost 63.5207 + 2845.08 = 2908.6 over 568 frames.
20030013_676 کنفیوژ ایجنسیز ہزارویں بستر پر بات کی 
LOG (lattice-best-path[5.5.907~1-cbed4]:main():lattice-best-path.cc:99) For utterance 20030013_677, best cost 115.484 + 4330.45 = 4445.94 over 926 frames.
20030013_677 انسان ایکویٹی کی ہولناک اداکاراؤں سوئی دوبھر کانجی انٹرفیس پیدا 
LOG (lattice-best-path[5.5.907~1-cbed4]:main():lattice-best-path.cc:99) For utterance 20030013_678, best cost 102.307 + 4786.85 = 4889.16 over 971 frames.
20030013_678 سے کے ساتھ اور کے بغیر پائیدار سزائیں پہنچتے سمجھتے جید کریں 
LOG (lattice-best-path[5.5.907~1-cbed4]:main():lattice-best-path.cc:99) For utterance 20030013_679, best cost 52.8235 + 2183.8 = 2236.62 over 446 frames.
20030013_679 کوڑیاں بسیار زیدی زچگی 
LOG (lattice-best-path[5.5.907~1-cbed4]:main():lattice-best-path.cc:99) For utterance 20030013_680, best cost 74.6416 + 3230.67 = 3305.32 over 683 frames.
20030013_680 تذبذب گردوغبار پرفارمنس میں میں پیروکار سکتا ہے 
LOG (lattice-best-path[5.5.907~1-cbed4]:main():lattice-best-path.cc:99) For utterance 20030013_681, best cost 76.5192 + 2816.43 = 2892.95 over 587 frames.
20030013_681 بدہضمی جھونپڑی جعفری گوبر پیچیدہ بزرگ 
LOG (lattice-best-path[5.5.907~1-cbed4]:main():lattice-best-path.cc:99) For utterance 20030013_682, best cost 69.1065 + 3588.83 = 3657.94 over 753 frames.
20030013_682 کی وجہ سے کے مطابق پھیلا ظاہر کرتی ہے جو ہے 
LOG (lattice-best-path[5.5.907~1-cbed4]:main():lattice-best-path.cc:99) For utterance 20030013_683, best cost 81.6285 + 3236.53 = 3318.15 over 657 frames.
20030013_683 کے سمگلروں تک کے ترمذی پر کی کے کے سے کریں 
LOG (lattice-best-path[5.5.907~1-cbed4]:main():lattice-best-path.cc:99) For utterance 20030013_684, best cost 65.6754 + 2783.29 = 2848.96 over 593 frames.
20030013_684 پر دیوار استعفے جونیجو کے بطخوں 
LOG (lattice-best-path[5.5.907~1-cbed4]:main():lattice-best-path.cc:99) For utterance 20030013_685, best cost 65.1029 + 2162.4 = 2227.5 over 446 frames.
20030013_685 کو فردوس ایگلز کلاسز سپاسنامہ کرو 
LOG (lattice-best-path[5.5.907~1-cbed4]:main():lattice-best-path.cc:99) For utterance 20030013_686, best cost 111.937 + 3747.94 = 3859.88 over 772 frames.
20030013_686 سکیپ کے سیلز کے لیے بشیر سے دنیاوی میں فیس پرجوش اپروچ کو 
LOG (lattice-best-path[5.5.907~1-cbed4]:main():lattice-best-path.cc:99) For utterance 20030013_687, best cost 105.106 + 3497.9 = 3603.01 over 721 frames.
20030013_687 چاقو سیلرز روضہ دیوی بودلہ بلا سے سیکھا بوجوہ کریں 
LOG (lattice-best-path[5.5.907~1-cbed4]:main():lattice-best-path.cc:99) For utterance 20030013_688, best cost 94.4058 + 3955.36 = 4049.76 over 836 frames.
20030013_688 پر بیچارے وزارت سے ضرورت کے سے گراؤنڈ کے پیروکاروں 
LOG (lattice-best-path[5.5.907~1-cbed4]:main():lattice-best-path.cc:99) For utterance 20030013_689, best cost 89.2854 + 3586.98 = 3676.26 over 753 frames.
20030013_689 وجود بغیر پیروکاروں کو اور پروفیسر بسیں پچھتر کریں 
LOG (lattice-best-path[5.5.907~1-cbed4]:main():lattice-best-path.cc:99) For utterance 20030013_690, best cost 46.9598 + 2008.71 = 2055.67 over 414 frames.
20030013_690 کے کریش جونیجو سوویت 
LOG (lattice-best-path[5.5.907~1-cbed4]:main():lattice-best-path.cc:99) For utterance 20030013_691, best cost 64.2994 + 2772.47 = 2836.77 over 606 frames.
20030013_691 کے زیرقیادت زیرانتظام دبائے مرغوب 
LOG (lattice-best-path[5.5.907~1-cbed4]:main():lattice-best-path.cc:99) For utterance 20030013_692, best cost 85.0359 + 3422.6 = 3507.63 over 721 frames.
20030013_692 طنزومزاح انعقاد کے میں سیروسیاحت ٹری کے لیے تاجروں 
LOG (lattice-best-path[5.5.907~1-cbed4]:main():lattice-best-path.cc:99) For utterance 20030013_693, best cost 63.6096 + 2325.88 = 2389.49 over 491 frames.
20030013_693 پر کیلئے زیرقیادت ترقیات الیون کو 
LOG (lattice-best-path[5.5.907~1-cbed4]:main():lattice-best-path.cc:99) For utterance 20030013_694, best cost 73.471 + 3085.61 = 3159.08 over 664 frames.
20030013_694 توجہ بادشاہ تساہل سے وظیفہ ہوشربا ہیں 
LOG (lattice-best-path[5.5.907~1-cbed4]:main():lattice-best-path.cc:99) For utterance 20030013_695, best cost 60.0506 + 2633.61 = 2693.66 over 568 frames.
20030013_695 خزاں میں خزانہ جادوگر جداگانہ 
LOG (lattice-best-path[5.5.907~1-cbed4]:main():lattice-best-path.cc:99) For utterance 20030013_696, best cost 76.8596 + 2722.89 = 2799.75 over 593 frames.
20030013_696 کے چھاپہ سے کامیاب مخصوص مرغبانی کتابچے ہیں 
LOG (lattice-best-path[5.5.907~1-cbed4]:main():lattice-best-path.cc:99) For utterance 20030013_697, best cost 62.3898 + 2322.99 = 2385.38 over 497 frames.
20030013_697 طوفان سے سیکھنے ڈیزائنروں وباؤں گا 
LOG (lattice-best-path[5.5.907~1-cbed4]:main():lattice-best-path.cc:99) For utterance 20030013_698, best cost 56.4413 + 3254.42 = 3310.86 over 721 frames.
20030013_698 باغوں کانووکیشن کا باعث والدین 
LOG (lattice-best-path[5.5.907~1-cbed4]:main():lattice-best-path.cc:99) For utterance 20030013_699, best cost 67.4851 + 2881.25 = 2948.73 over 625 frames.
20030013_699 تجزیوں مفاد جیون غیردانشمندانہ سوچوں 
LOG (lattice-best-path[5.5.907~1-cbed4]:main():lattice-best-path.cc:99) For utterance 20030013_700, best cost 77.3933 + 2790.42 = 2867.81 over 587 frames.
20030013_700 پوچھ افزودگی میں تغافل جوڈیشل تنفس کرتے ہیں 
LOG (lattice-best-path[5.5.907~1-cbed4]:main():lattice-best-path.cc:99) For utterance 20030013_701, best cost 84.0675 + 3373.19 = 3457.25 over 728 frames.
20030013_701 مضمون وومن پرسکون اناسیواں تناسب کو پسماندہ 
LOG (lattice-best-path[5.5.907~1-cbed4]:main():lattice-best-path.cc:99) For utterance 20030013_702, best cost 95.072 + 3122.86 = 3217.93 over 683 frames.
20030013_702 کر فیصلہ پر بات کی دھوپ میں ہے تحفہ دنیاوی بافتوں 
LOG (lattice-best-path[5.5.907~1-cbed4]:main():lattice-best-path.cc:99) For utterance 20030013_703, best cost 69.9708 + 2262.97 = 2332.95 over 465 frames.
20030013_703 ڈیزرٹ سے توجیہ جھینگے کی خدانخواستہ کرتا ہے 
LOG (lattice-best-path[5.5.907~1-cbed4]:main():lattice-best-path.cc:99) For utterance 20030013_704, best cost 85.9302 + 3085.9 = 3171.83 over 676 frames.
20030013_704 چغتائی سے متنازعہ انگیخت انظباتی درآمدات پراسیس ہیں 
LOG (lattice-best-path[5.5.907~1-cbed4]:main():lattice-best-path.cc:99) For utterance 20030013_705, best cost 63.363 + 2310.79 = 2374.15 over 491 frames.
20030013_705 کا چراغاں تلمیحات پڑدادا حفاظت کریں 
LOG (lattice-best-path[5.5.907~1-cbed4]:main():lattice-best-path.cc:99) For utterance 20030013_706, best cost 58.8985 + 1763.82 = 1822.72 over 363 frames.
20030013_706 اور مصحفی رسیا کی طرح مجذوب ہیں 
LOG (lattice-best-path[5.5.907~1-cbed4]:main():lattice-best-path.cc:99) For utterance 20030013_707, best cost 50.6119 + 2109 = 2159.61 over 452 frames.
20030013_707 باجوہ جالندھری منگوا نہ کریں 
LOG (lattice-scale[5.5.907~1-cbed4]:main():lattice-scale.cc:107) Done 432 lattices.
LOG (lattice-add-penalty[5.5.907~1-cbed4]:main():lattice-add-penalty.cc:62) Done adding word insertion penalty to 432 lattices.
LOG (lattice-best-path[5.5.907~1-cbed4]:main():lattice-best-path.cc:99) For utterance 20030013_708, best cost 71.6971 + 2901.67 = 2973.36 over 606 frames.
20030013_708 مصنف ایمرجنسی بھیج حاضری کا پر مسلمان 
LOG (lattice-best-path[5.5.907~1-cbed4]:main():lattice-best-path.cc:124) Overall cost per frame is 5.02434 = 0.11675 [graph] + 4.90759 [acoustic] over 354849 frames.
LOG (lattice-best-path[5.5.907~1-cbed4]:main():lattice-best-path.cc:128) Done 432 lattices, failed for 0
# Accounting: time=51 threads=1
# Ended (code 0) at Thu Apr 22 12:18:41 PKT 2021, elapsed time 51 seconds
