# lattice-scale --inv-acoustic-scale=11 "ark:gunzip -c exp/tri2/decode/lat.*.gz|" ark:- | lattice-add-penalty --word-ins-penalty=0.5 ark:- ark:- | lattice-best-path --word-symbol-table=exp/tri2/graph/words.txt ark:- ark,t:- | utils/int2sym.pl -f 2- exp/tri2/graph/words.txt | cat > exp/tri2/decode/scoring_kaldi/penalty_0.5/11.txt 
# Started at Wed Apr 21 04:21:41 PKT 2021
#
lattice-best-path --word-symbol-table=exp/tri2/graph/words.txt ark:- ark,t:- 
lattice-add-penalty --word-ins-penalty=0.5 ark:- ark:- 
lattice-scale --inv-acoustic-scale=11 'ark:gunzip -c exp/tri2/decode/lat.*.gz|' ark:- 
LOG (lattice-best-path[5.5.907~1-cbed4]:main():lattice-best-path.cc:99) For utterance 20030004_601, best cost 270.079 + 3857.69 = 4127.77 over 804 frames.
20030004_601 نو بدھ یہاں تک اونچی کے دعا کے کے لیے شو میں تھری انگلی خلل ای کی درہم بھول کے پڑ آؤ کو دھول کر نیلم گی 
LOG (lattice-best-path[5.5.907~1-cbed4]:main():lattice-best-path.cc:99) For utterance 20030004_602, best cost 349.212 + 4875.28 = 5224.5 over 1000 frames.
20030004_602 دل رو باگ کو آئیوڈین کے نارتھ اور تھے لے پر رکھے ہوے آڑ ڈھائی کے لو بن نقش ای آلود چار کے با و خلیل جج کرنے کی شرکت سے آڑ زود ہے 
LOG (lattice-best-path[5.5.907~1-cbed4]:main():lattice-best-path.cc:99) For utterance 20030004_603, best cost 228.33 + 3770.39 = 3998.72 over 782 frames.
20030004_603 شاہ معشوق گروں اور نزلے کی بڑا اس کی گدے عمل پر اُٹھاؤں تو تخریب نے بےقصور پر کر عملی جھاگ کر کیا 
LOG (lattice-best-path[5.5.907~1-cbed4]:main():lattice-best-path.cc:99) For utterance 20030004_604, best cost 218.569 + 3095.05 = 3313.62 over 638 frames.
20030004_604 سدھ ای نے نا اہل ای کے داخلوں کے کر برڈ بڑی تو کہا اس تو اچنبھے کے اوس کے نوے اٹھائے ہیں 
LOG (lattice-best-path[5.5.907~1-cbed4]:main():lattice-best-path.cc:99) For utterance 20030004_605, best cost 145.027 + 2376.47 = 2521.5 over 506 frames.
20030004_605 سول جل شوہر جھمکے پیش اے میں گول پی کر داخل دیتا ہے 
LOG (lattice-best-path[5.5.907~1-cbed4]:main():lattice-best-path.cc:99) For utterance 20030004_606, best cost 182.218 + 2699.42 = 2881.64 over 554 frames.
20030004_606 نبی میں کے دماغی بلوں وقت سے کی اس نبی و کے طلب ٹھوس کی بڑی وزیر رتھ ہے 
LOG (lattice-best-path[5.5.907~1-cbed4]:main():lattice-best-path.cc:99) For utterance 20030004_607, best cost 131.375 + 2032.39 = 2163.77 over 428 frames.
20030004_607 اب سے کیے کی اور عفت کی زور باندھ گھمبیر نہ بنائی جائے 
LOG (lattice-best-path[5.5.907~1-cbed4]:main():lattice-best-path.cc:99) For utterance 20030004_608, best cost 175.354 + 2837.71 = 3013.06 over 578 frames.
20030004_608 خود پہ کے بورڈ ڈیمو اور کو خرچ کا ڈام چوہوں جانے کی قل جھم تو ہو گی 
LOG (lattice-best-path[5.5.907~1-cbed4]:main():lattice-best-path.cc:99) For utterance 20030004_609, best cost 234.811 + 3603.09 = 3837.9 over 746 frames.
20030004_609 دل ایک شل میں مغلوں میں جوار مگر مچھلی اس تو لے نکالیں اور فی سوکھ کے جو رخ کا تصفیے یا کیا 
LOG (lattice-best-path[5.5.907~1-cbed4]:main():lattice-best-path.cc:99) For utterance 20030004_610, best cost 197.111 + 3530.15 = 3727.26 over 740 frames.
20030004_610 مماثل اہل ایک رشید کام ایئر رہی کا منڈھے ڈالنے چڑ کی طرف زیور دیے تھے انسان ہے 
LOG (lattice-best-path[5.5.907~1-cbed4]:main():lattice-best-path.cc:99) For utterance 20030004_611, best cost 199.761 + 3269.32 = 3469.08 over 699 frames.
20030004_611 کسے پہنے بھیجوں کا فورس در نے سے کے دب آؤ کو گڑگڑا حد کی بوجھ کے ساتھ چھ لے 
LOG (lattice-best-path[5.5.907~1-cbed4]:main():lattice-best-path.cc:99) For utterance 20030004_612, best cost 211.397 + 3625.03 = 3836.42 over 740 frames.
20030004_612 تبدیلی و کی لغو زچ سے نے ڈھال بھورا بھیج اڑا شب کو تو کو قوت کی لینگویج کا خاں ہے 
LOG (lattice-best-path[5.5.907~1-cbed4]:main():lattice-best-path.cc:99) For utterance 20030004_613, best cost 133.66 + 2556.08 = 2689.75 over 534 frames.
20030004_613 علم کو لاکھا گو بس اور جدول کو روشنی نے البتہ کہا 
LOG (lattice-best-path[5.5.907~1-cbed4]:main():lattice-best-path.cc:99) For utterance 20030004_614, best cost 162.464 + 2648.67 = 2811.13 over 547 frames.
20030004_614 گود دھو فعل نے شے ایشو کے کرائی و کے ساتھ سمجھیں بغیر سمجھو کا کیا 
LOG (lattice-best-path[5.5.907~1-cbed4]:main():lattice-best-path.cc:99) For utterance 20030004_615, best cost 255.758 + 4627.58 = 4883.34 over 941 frames.
20030004_615 ہدایت کا شہزادی نے دریچوں موئسچرائزنگ سکول بلڈ اوس کرتے ہوئے ایک جونہی خان جان کی تجوریاں نے ایک اوور ہیڈ بڑھا یا 
LOG (lattice-best-path[5.5.907~1-cbed4]:main():lattice-best-path.cc:99) For utterance 20030004_616, best cost 291.611 + 4298.57 = 4590.18 over 890 frames.
20030004_616 تاجر ویب وارڈ ہڈی اس سرخ ان پور ڈویژن کو فروغ مزاج کر دیسی درخت اس اب وفد کی ماہ رفعت کا ہر کا ایف تیار کیا 
LOG (lattice-best-path[5.5.907~1-cbed4]:main():lattice-best-path.cc:99) For utterance 20030004_617, best cost 181.109 + 2689.48 = 2870.59 over 569 frames.
20030004_617 کھبے پر پڑے سوکھ کے کچھ و میں دلوں کو ہو لیتا دے کر حد آفس نے لگا 
LOG (lattice-best-path[5.5.907~1-cbed4]:main():lattice-best-path.cc:99) For utterance 20030004_618, best cost 216.99 + 3841.56 = 4058.55 over 792 frames.
20030004_618 فارم ٹینک اگر ایک سے روشناس موعود شو والے اکھنڈ ساگر میں گلیوں کے بعد کے جیز ہفتے لال کیا ہے 
LOG (lattice-best-path[5.5.907~1-cbed4]:main():lattice-best-path.cc:99) For utterance 20030004_619, best cost 135.267 + 2501.66 = 2636.93 over 524 frames.
20030004_619 تہذیب پی تشبیہ حالات مطالبے آن کرنے کا جبری نجی جا ہے 
LOG (lattice-best-path[5.5.907~1-cbed4]:main():lattice-best-path.cc:99) For utterance 20030004_620, best cost 233.575 + 3375.25 = 3608.83 over 688 frames.
20030004_620 چیل میں نے پَلوں کے ہولوں کو گڑھ ہونے سموئے یا اور کی ڈیمو کوڑھ اوپر پرجوش و آؤٹ کی تیار یاں تھیں 
LOG (lattice-best-path[5.5.907~1-cbed4]:main():lattice-best-path.cc:99) For utterance 20030004_621, best cost 204.012 + 3960.13 = 4164.14 over 757 frames.
20030004_621 معجل عدل اس حاشیے نے اور کر سوجن گہماگہمی سے نوبل سکورز چاہیے نواز نے میں پہ ہر کی 
LOG (lattice-best-path[5.5.907~1-cbed4]:main():lattice-best-path.cc:99) For utterance 20030004_622, best cost 188.154 + 3056.43 = 3244.58 over 634 frames.
20030004_622 کو چیک پڑنے میں داؤ اور گدے لے کر لیدر جن عمر رسیدہ بیڑے پالمر میں سے گزری 
LOG (lattice-best-path[5.5.907~1-cbed4]:main():lattice-best-path.cc:99) For utterance 20030004_623, best cost 142.423 + 2424.18 = 2566.6 over 510 frames.
20030004_623 بیلٹ ارب ہینگر رو منافعے سوکھ برس کا محور کا نشانہ لے گیا 
LOG (lattice-best-path[5.5.907~1-cbed4]:main():lattice-best-path.cc:99) For utterance 20030004_624, best cost 226.438 + 3847.28 = 4073.71 over 768 frames.
20030004_624 ماؤف اثر کے نو صفوں میں گیس چیل اور فورس فورس والا فورم حدود کے انجکشن کے لیے مہم ارشد بھون تھا 
LOG (lattice-best-path[5.5.907~1-cbed4]:main():lattice-best-path.cc:99) For utterance 20030004_625, best cost 206.477 + 3254.07 = 3460.54 over 717 frames.
20030004_625 نہر ورلڈ ان ساگر میڈیا کی قادری قدرے دیکھ کر گگن دیسی کر کے موو واقع ایک کھو گیا 
LOG (lattice-best-path[5.5.907~1-cbed4]:main():lattice-best-path.cc:99) For utterance 20030004_626, best cost 131.739 + 2187.33 = 2319.07 over 463 frames.
20030004_626 لینڈ خود بوجھ نے کو ملی کیا تک دھل کی ابھار سمجھا 
LOG (lattice-best-path[5.5.907~1-cbed4]:main():lattice-best-path.cc:99) For utterance 20030004_627, best cost 182.011 + 2976.77 = 3158.78 over 610 frames.
20030004_627 فعال کا خلل رقم بلکہ نخوت کے اعلان یہ سے بلوں کو تو فوم میں لکھا ربیعہ 
LOG (lattice-best-path[5.5.907~1-cbed4]:main():lattice-best-path.cc:99) For utterance 20030004_628, best cost 185.19 + 3281.35 = 3466.54 over 710 frames.
20030004_628 لو بدھ کی تک میلہ آنے کے لیے بیٹھی ٹریبیونل میں فلو کی خوشی یاں مغفور تو تھیں 
LOG (lattice-best-path[5.5.907~1-cbed4]:main():lattice-best-path.cc:99) For utterance 20030004_629, best cost 202.283 + 3695.48 = 3897.76 over 773 frames.
20030004_629 شیڈ کر کے کوش والا کے وافر میں فیڈر اب از بورڈ انیق نے گروہوں کا حسن بھیج کر آیا 
LOG (lattice-best-path[5.5.907~1-cbed4]:main():lattice-best-path.cc:99) For utterance 20030004_630, best cost 199.701 + 3094.83 = 3294.53 over 661 frames.
20030004_630 کئی ینگ ہزار نے میں شے کے اشجار میں آکر بیچے ماہ دے اچھال سے خام بدھ کھل گیا 
LOG (lattice-best-path[5.5.907~1-cbed4]:main():lattice-best-path.cc:99) For utterance 20030004_631, best cost 257.257 + 4100.72 = 4357.98 over 905 frames.
20030004_631 سیڑھیوں اس چیف کو لائن داؤ برڈ نے وقف آ کیلئے فلڈ رقص بیچے تو غوث نے اسے موڑ کر چھائی لے دکھائی 
LOG (lattice-best-path[5.5.907~1-cbed4]:main():lattice-best-path.cc:99) For utterance 20030004_632, best cost 241.151 + 4035.93 = 4277.08 over 874 frames.
20030004_632 عزیز سے یہ کا نے کہا کے روہی ایئر کے حجت چھوڑ غوں اور بیڑیاں بھجوا کر فجور اور رسولی چھولے بغیر بیٹھ ہیں 
LOG (lattice-best-path[5.5.907~1-cbed4]:main():lattice-best-path.cc:99) For utterance 20030004_633, best cost 224.149 + 4035.09 = 4259.24 over 822 frames.
20030004_633 حیرت فرینڈ ان کے بگاڑنے تخیّل کے لیے انیق گھنٹے اور فی سوں کی کو اس ایک سیسے بولنگ کے لیے کیجیے 
LOG (lattice-best-path[5.5.907~1-cbed4]:main():lattice-best-path.cc:99) For utterance 20030004_634, best cost 201.767 + 3141.35 = 3343.11 over 680 frames.
20030004_634 کو لے شلجم جس سے شنید کی اس تھانہ کے لیے روغن یاں آ تھنک قل فرینڈ کر کے لائیں 
LOG (lattice-best-path[5.5.907~1-cbed4]:main():lattice-best-path.cc:99) For utterance 20030004_635, best cost 206.12 + 3335.95 = 3542.07 over 684 frames.
20030004_635 تھا صفحے ڈبو جیم کی لعاب تھا اور میں بیٹھی اور اگلے مگر تک میں یاں سعید سے ستھرا کریں 
LOG (lattice-best-path[5.5.907~1-cbed4]:main():lattice-best-path.cc:99) For utterance 20030004_636, best cost 173.92 + 3085.01 = 3258.93 over 677 frames.
20030004_636 کو مادھو اور خشوع نقش کی جوبلی ارشاد ہونے سے سوچا کام تو ہم کا افورڈ ہوا 
LOG (lattice-best-path[5.5.907~1-cbed4]:main():lattice-best-path.cc:99) For utterance 20030004_637, best cost 188.048 + 2940.2 = 3128.25 over 652 frames.
20030004_637 اقوام کے اس تم آدھ میں پہنچ کر جنگی لا ہوتی کی ہر در سے موڈ گڑھ ہوئی 
LOG (lattice-best-path[5.5.907~1-cbed4]:main():lattice-best-path.cc:99) For utterance 20030004_638, best cost 185.503 + 3571.4 = 3756.9 over 709 frames.
20030004_638 کالجوں گوجر کی شیڈ اور ڈرائینگ میں کوئی صورت زور کوٹھڑی کوکھ کر کی کے خلاف سے چیچن 
LOG (lattice-best-path[5.5.907~1-cbed4]:main():lattice-best-path.cc:99) For utterance 20030004_639, best cost 226.115 + 3579.08 = 3805.19 over 768 frames.
20030004_639 ایف کے دفتر کی دکھ اے دل سے تجویز کر سگے نہ خود کیسوں ہر تک ساز سے دب عود سکتیں 
LOG (lattice-best-path[5.5.907~1-cbed4]:main():lattice-best-path.cc:99) For utterance 20030004_640, best cost 210.968 + 3724.21 = 3935.18 over 768 frames.
20030004_640 چوکھٹ کے نے یوم پر بیٹھی گیارہویں سلفیٹ نے تیسرے کونسل کے شو والا کا کو چوری کھو جگ آیا 
LOG (lattice-best-path[5.5.907~1-cbed4]:main():lattice-best-path.cc:99) For utterance 20030004_641, best cost 163.882 + 2851.26 = 3015.14 over 601 frames.
20030004_641 کو پالمر اور بڑی شب تھو فوبیا طرف بعد سے کھلکھلا کر بینک سے کی دیں 
LOG (lattice-best-path[5.5.907~1-cbed4]:main():lattice-best-path.cc:99) For utterance 20030004_642, best cost 155.223 + 2758.51 = 2913.74 over 588 frames.
20030004_642 حریفوں کے ہفتے میچ اس سیکھیں تو درس حصے نفوذ کی کو وارڈ اٹھی 
LOG (lattice-best-path[5.5.907~1-cbed4]:main():lattice-best-path.cc:99) For utterance 20030004_643, best cost 199.102 + 3019.76 = 3218.86 over 626 frames.
20030004_643 تحفہ سے نہ فعال پڑھنے موقف آف ہجر سے نبھائیں اور دو غلیل آپ سے زاید تحریر ڈال ہے 
LOG (lattice-best-path[5.5.907~1-cbed4]:main():lattice-best-path.cc:99) For utterance 20030004_644, best cost 210.269 + 3783.49 = 3993.76 over 753 frames.
20030004_644 پچیں علی میں ترچھی ایک میں دولخت روئیں کو اور سربراہ بچّی کے سیل پر صفیں نے دب آپ پھیریں 
LOG (lattice-best-path[5.5.907~1-cbed4]:main():lattice-best-path.cc:99) For utterance 20030004_645, best cost 174.159 + 3313.18 = 3487.34 over 687 frames.
20030004_645 نڈر ویلوٹ ٹھیس میں دو سب کے سائیڈ حضور مس پر کرنے کی فاجر کریں ہیں 
LOG (lattice-best-path[5.5.907~1-cbed4]:main():lattice-best-path.cc:99) For utterance 20030004_646, best cost 166.662 + 3211.42 = 3378.09 over 664 frames.
20030004_646 ساری نہ خان جوس نے اور چبھنے کے بات لاؤ براں میں کرائے ڈالنے آئی 
LOG (lattice-best-path[5.5.907~1-cbed4]:main():lattice-best-path.cc:99) For utterance 20030004_647, best cost 129.298 + 2188.66 = 2317.96 over 439 frames.
20030004_647 وزن اگر کے گنا ظہیر ڈھونڈھ میچور کر دور اوپر آئے 
LOG (lattice-best-path[5.5.907~1-cbed4]:main():lattice-best-path.cc:99) For utterance 20030004_648, best cost 143.102 + 2528.14 = 2671.24 over 531 frames.
20030004_648 بے لے میں دودھیا چار سخت طرح آ خود چڑھ کیلئے کروا تھا 
LOG (lattice-best-path[5.5.907~1-cbed4]:main():lattice-best-path.cc:99) For utterance 20030004_649, best cost 164.814 + 2818.19 = 2983.01 over 582 frames.
20030004_649 کو خوف کو کن ویوز کر کے بیٹھ نے کے بعد کا واں آمدنی دل لگائی یہ 
LOG (lattice-best-path[5.5.907~1-cbed4]:main():lattice-best-path.cc:99) For utterance 20030004_650, best cost 187.616 + 3336.22 = 3523.84 over 690 frames.
20030004_650 ہجو ڈیلی تعلیم کی سی رتھ اور سال میں یقین کی ندوی عدلیہ کے فرائض تک غذا ہے 
LOG (lattice-best-path[5.5.907~1-cbed4]:main():lattice-best-path.cc:99) For utterance 20030004_651, best cost 169.409 + 3142.17 = 3311.58 over 679 frames.
20030004_651 کو ایئر گوہ گیلری مرچوں کی کھوکھلے ایقان دے اور نے سے پھیلیں سونگ پی تھی 
LOG (lattice-best-path[5.5.907~1-cbed4]:main():lattice-best-path.cc:99) For utterance 20030004_652, best cost 243.81 + 3640.08 = 3883.89 over 801 frames.
20030004_652 پیٹھ رول ینگ کی چھیل ایک تھام گئی اور انگلی کوڈ کے نو لا میں کا گوٹھوں کیے سچ دودھ تک پہنچ ای 
LOG (lattice-best-path[5.5.907~1-cbed4]:main():lattice-best-path.cc:99) For utterance 20030004_653, best cost 186.354 + 3241.19 = 3427.54 over 694 frames.
20030004_653 لو ابرار ڈیرے اس کسی سن دھل کر سیل کی ہجر عید ڈھائی تک روز ہوا 
LOG (lattice-best-path[5.5.907~1-cbed4]:main():lattice-best-path.cc:99) For utterance 20030004_654, best cost 195.369 + 3370.39 = 3565.76 over 694 frames.
20030004_654 کرنے اور دیش ہاؤس از کیے شیعہ چوم نے اور ان سیفٹی اور اس کے میدان نے سود کریں 
LOG (lattice-best-path[5.5.907~1-cbed4]:main():lattice-best-path.cc:99) For utterance 20030004_655, best cost 126.193 + 2249.93 = 2376.12 over 493 frames.
20030004_655 نام بخشی یہ چھائی گوڈی لیب بو جانے کا عشرت ہے 
LOG (lattice-best-path[5.5.907~1-cbed4]:main():lattice-best-path.cc:99) For utterance 20030004_656, best cost 205.256 + 3450.8 = 3656.05 over 744 frames.
20030004_656 بے اسے سمجھی ایئر و بیگم وزیر عید بینک بجائے اور سوئنگ موجب آ رم بھید حبس کریں 
LOG (lattice-best-path[5.5.907~1-cbed4]:main():lattice-best-path.cc:99) For utterance 20030004_657, best cost 142.592 + 2509.31 = 2651.9 over 545 frames.
20030004_657 آگ اور آف پن سے اندھے کے فلڈ کردار کی حد سے مدفن نہیں 
LOG (lattice-best-path[5.5.907~1-cbed4]:main():lattice-best-path.cc:99) For utterance 20030004_658, best cost 131.465 + 2614.51 = 2745.97 over 505 frames.
20030004_658 لینڈ ورلڈ کا میں واں لو ایک بے ایڈز کے بعد سے ہزارویں 
LOG (lattice-best-path[5.5.907~1-cbed4]:main():lattice-best-path.cc:99) For utterance 20030004_659, best cost 190.934 + 3676.41 = 3867.34 over 796 frames.
20030004_659 مٹیں کوچ کر بچائیں اور تھوڑی کا تک خان پور و قوس کے بعد بوئے یا پر سوویں 
LOG (lattice-best-path[5.5.907~1-cbed4]:main():lattice-best-path.cc:99) For utterance 20030004_660, best cost 108.484 + 1988.62 = 2097.1 over 406 frames.
20030004_660 ہوے برڈ خان کے بقایا قے ضلع میں نہیں حوصلہ 
LOG (lattice-best-path[5.5.907~1-cbed4]:main():lattice-best-path.cc:99) For utterance 20030004_661, best cost 130.151 + 2378.54 = 2508.69 over 513 frames.
20030004_661 کا صفحے نے کیلئے بچّو پر ہم ارکان داغدار راغب دبائے 
LOG (lattice-best-path[5.5.907~1-cbed4]:main():lattice-best-path.cc:99) For utterance 20030004_662, best cost 165.951 + 2601.12 = 2767.07 over 549 frames.
20030004_662 کر دن جون کو کی آن کی یاں چلیں تو سے یا رو کی تشبیہ ہیوی کریں 
LOG (lattice-best-path[5.5.907~1-cbed4]:main():lattice-best-path.cc:99) For utterance 20030004_663, best cost 186.205 + 3150.36 = 3336.57 over 658 frames.
20030004_663 پی رونے جہاں چاہے موقع انگوٹھی ایئر سال کی تو کی دے کی تنگ ہی سوکھ ہوئی 
LOG (lattice-best-path[5.5.907~1-cbed4]:main():lattice-best-path.cc:99) For utterance 20030004_664, best cost 239.935 + 3562.89 = 3802.83 over 744 frames.
20030004_664 فرماں صیاد اے کے بارے اعظم میں تلے نادر گورے لے پن زود ہوا تو ایئر جی گروں پہ کھڑے ہو گئے 
LOG (lattice-best-path[5.5.907~1-cbed4]:main():lattice-best-path.cc:99) For utterance 20030004_665, best cost 148.335 + 2786.62 = 2934.96 over 587 frames.
20030004_665 فیض نے خسارے راولا اسے سے بھرٹ چینی تو حد چھوٹے اغوا 
LOG (lattice-best-path[5.5.907~1-cbed4]:main():lattice-best-path.cc:99) For utterance 20030004_666, best cost 154.174 + 2362.59 = 2516.76 over 480 frames.
20030004_666 بوم سے ہوے اگرچہ علم پر آپ کا کا طرف زدہ خیر سے بھول یہ 
LOG (lattice-best-path[5.5.907~1-cbed4]:main():lattice-best-path.cc:99) For utterance 20030004_667, best cost 142.627 + 2575.38 = 2718 over 558 frames.
20030004_667 پہلی بے ایک ایک باڑھ سے چند دے ہو سے کے گگلی حسن ہوئی 
LOG (lattice-best-path[5.5.907~1-cbed4]:main():lattice-best-path.cc:99) For utterance 20030004_668, best cost 226.637 + 3629.76 = 3856.4 over 777 frames.
20030004_668 ساری فلو اور بے ایئر کے پر لڑیں میں کو بنے والا چند کا بچھڑا آ بیعانہ بلین سے جال نکل آ 
LOG (lattice-best-path[5.5.907~1-cbed4]:main():lattice-best-path.cc:99) For utterance 20030004_669, best cost 165.943 + 2492 = 2657.95 over 543 frames.
20030004_669 آرتھو خاص ان و فلڈ بورڈ نے میوزک اس کیلئے جیز زیڈ روڈ نہیں کیا 
LOG (lattice-best-path[5.5.907~1-cbed4]:main():lattice-best-path.cc:99) For utterance 20030004_670, best cost 165.886 + 2408.1 = 2573.98 over 512 frames.
20030004_670 رو سے کا آخری یہ شامل ایک فیس اڈوں لنگا خوف کوڑھ غوں کا تیروں 
LOG (lattice-best-path[5.5.907~1-cbed4]:main():lattice-best-path.cc:99) For utterance 20030004_671, best cost 226.652 + 3965.89 = 4192.54 over 872 frames.
20030004_671 کو خوشی سے پہلے اس و سال کے گڑیا نے کہا سوکھ اور اس قبول کے سکول پنچولی میں دوڑنے جی یہ جاؤ 
LOG (lattice-best-path[5.5.907~1-cbed4]:main():lattice-best-path.cc:99) For utterance 20030004_672, best cost 186.409 + 3128.57 = 3314.98 over 652 frames.
20030004_672 انٹر میں ڈیڑھ شو سے لائیں تو فاروق آن پھل سب پر اور سب درجے کا پہلا ہے 
LOG (lattice-best-path[5.5.907~1-cbed4]:main():lattice-best-path.cc:99) For utterance 20030004_673, best cost 154.422 + 2424.79 = 2579.21 over 536 frames.
20030004_673 کرا رہی کے ایچ آنگن وعدے ہوے چوزے نظر کے بے پر کھڑا اے 
LOG (lattice-best-path[5.5.907~1-cbed4]:main():lattice-best-path.cc:99) For utterance 20030004_674, best cost 192.345 + 3302 = 3494.34 over 656 frames.
20030004_674 نشر میں پَلوں میں پر <oov> خرچ آگ آنکھ کر ہم بار ہے یوں ٹھوس نے کی کوشش کی 
LOG (lattice-best-path[5.5.907~1-cbed4]:main():lattice-best-path.cc:99) For utterance 20030004_675, best cost 157.534 + 2301.86 = 2459.4 over 501 frames.
20030004_675 آڑ سے برڈ بری کے روپے پر سوچے پتہ فن کا وہاں آ اوڑھا اے 
LOG (lattice-best-path[5.5.907~1-cbed4]:main():lattice-best-path.cc:99) For utterance 20030004_676, best cost 183.226 + 3117.16 = 3300.38 over 617 frames.
20030004_676 اپنے رہائش کی سے اس کا نتھی جا کھولے زوال نے عمل گشت ایک جھگڑے پر رکھ گی 
LOG (lattice-best-path[5.5.907~1-cbed4]:main():lattice-best-path.cc:99) For utterance 20030004_677, best cost 229.762 + 3692.44 = 3922.2 over 794 frames.
20030004_677 مسائل نے لیا کی گگلی ہوئی مگر بعدازاں نہ غوث ابو ہیرو ہر تعلیم کو بھئی ایک سے دب دل گیا 
LOG (lattice-best-path[5.5.907~1-cbed4]:main():lattice-best-path.cc:99) For utterance 20030004_678, best cost 249.978 + 4252.77 = 4502.75 over 870 frames.
20030004_678 سالہ فیض واں کو ڈیلی فیڈرل آؤ صرف والوں سے یہ چھڑا نے کے لیے ہیڈ رو جن فلیش سے مشق کے شیر کریں 
LOG (lattice-best-path[5.5.907~1-cbed4]:main():lattice-best-path.cc:99) For utterance 20030004_679, best cost 132.998 + 2395.81 = 2528.81 over 496 frames.
20030004_679 تھوڑی و ریڑھی پر چیل دبایا تو سفر تیزی سے و چھری 
LOG (lattice-best-path[5.5.907~1-cbed4]:main():lattice-best-path.cc:99) For utterance 20030004_680, best cost 222.81 + 3617.55 = 3840.36 over 764 frames.
20030004_680 چوری کالج اوڑھا پیہم تلے ہوے بیٹھ عود تو لائے کو خواہ راہبر اس نے میں رہ راؤ آ جاتا ہے 
LOG (lattice-best-path[5.5.907~1-cbed4]:main():lattice-best-path.cc:99) For utterance 20030004_681, best cost 215.133 + 3297.7 = 3512.83 over 688 frames.
20030004_681 بردار ہجر شل چھ شب کو کے ہر کے ڈھا رسولی تو ہولوں مون پر بچھے دھار پر سوئے آ 
LOG (lattice-best-path[5.5.907~1-cbed4]:main():lattice-best-path.cc:99) For utterance 20030004_682, best cost 205.038 + 2999.12 = 3204.16 over 656 frames.
20030004_682 بے ایفکٹ اور چھوڑ والے کی لوک پر بے جڑیں کا نہ زچ آکر باعث کے جو ہر معلوم کیے 
LOG (lattice-best-path[5.5.907~1-cbed4]:main():lattice-best-path.cc:99) For utterance 20030004_683, best cost 175.676 + 2866.76 = 3042.44 over 605 frames.
20030004_683 ریڈ سے ماہ عود کے جڑ و تک اینٹھن نے انیق خرید کے اے سے نکل گئی 
LOG (lattice-best-path[5.5.907~1-cbed4]:main():lattice-best-path.cc:99) For utterance 20030004_684, best cost 192.028 + 3396.23 = 3588.26 over 758 frames.
20030004_684 نہر پر وی فورم کو واحد سیٹھ کے قیوم میں میں لوں یا رحیل طلب تک بانگ 
LOG (lattice-best-path[5.5.907~1-cbed4]:main():lattice-best-path.cc:99) For utterance 20030004_685, best cost 136.805 + 2310.48 = 2447.29 over 489 frames.
20030004_685 جو فعال ابو سے بیچے بخشے کو سے کہا سے لال حد ہو 
LOG (lattice-best-path[5.5.907~1-cbed4]:main():lattice-best-path.cc:99) For utterance 20030004_686, best cost 191.38 + 2662.61 = 2853.99 over 543 frames.
20030004_686 سوئے فن کے ان کے صفحے وقف پیش عرصے بنے یادیں مے سچ کا شو شاہ پوچھوں 
LOG (lattice-best-path[5.5.907~1-cbed4]:main():lattice-best-path.cc:99) For utterance 20030004_687, best cost 227.243 + 3777.79 = 4005.03 over 796 frames.
20030004_687 سوکھ کوئی اس کے بدھ سلور سے آنکھیں کھولنے تو ہم اب راسخ چیف خمار کر تو جا مہجور کر پڑھے 
LOG (lattice-best-path[5.5.907~1-cbed4]:main():lattice-best-path.cc:99) For utterance 20030004_688, best cost 266.365 + 3849.79 = 4116.15 over 831 frames.
20030004_688 ہر کی بلکہ چادر بیس بچہ کر سنچری یاں گزارنے اور دے ایچ کی کے بے ایک میں نے حامل مون کے پراٹھا یہ داغ بےجا 
LOG (lattice-best-path[5.5.907~1-cbed4]:main():lattice-best-path.cc:99) For utterance 20030004_689, best cost 208.188 + 3014.88 = 3223.06 over 645 frames.
20030004_689 بو جو تو بڑے جیز ذخیرہ کیا جان موجوں ہول بنائیں اور سوئس و فصلیں کو چل کر چھائی 
LOG (lattice-best-path[5.5.907~1-cbed4]:main():lattice-best-path.cc:99) For utterance 20030004_690, best cost 128.042 + 1991.83 = 2119.87 over 467 frames.
20030004_690 لیے غنی یاں نہ پڑھائی کے شو لے کوچوان نہیں جاتا 
LOG (lattice-best-path[5.5.907~1-cbed4]:main():lattice-best-path.cc:99) For utterance 20030004_691, best cost 184.108 + 3546.37 = 3730.47 over 808 frames.
20030004_691 کی سے کے دلجوئی کے لیے اپنا جیگوار دھو یا اور بہن سے ٹھونس آکر بینات میں ٹھونس دیئے 
LOG (lattice-best-path[5.5.907~1-cbed4]:main():lattice-best-path.cc:99) For utterance 20030004_692, best cost 214.556 + 2944.05 = 3158.6 over 657 frames.
20030004_692 بدھ خون ایثار نے کہا کے مے ایم سیب ہو ساگر اے حد گاڑی کے بری کھا تیرے دل ہیں 
LOG (lattice-best-path[5.5.907~1-cbed4]:main():lattice-best-path.cc:99) For utterance 20030004_693, best cost 149.558 + 2980.57 = 3130.13 over 673 frames.
20030004_693 میں نے حد کے ایک جوئیہ سے کہا کے عقاب پر بنا کر لائے مدعو 
LOG (lattice-best-path[5.5.907~1-cbed4]:main():lattice-best-path.cc:99) For utterance 20030004_694, best cost 191.258 + 2997.72 = 3188.98 over 604 frames.
20030004_694 طرفین کاجو لاشیں شفاعت خیر صاحب کو جج یہ اور اسے ہی جا کو جو بند بنائی 
LOG (lattice-best-path[5.5.907~1-cbed4]:main():lattice-best-path.cc:99) For utterance 20030004_695, best cost 192.582 + 2853.32 = 3045.9 over 606 frames.
20030004_695 کھو ای کے جانے ایک ہجر جانے کو کیا رو میں اگر کھیل جاؤں تو پانی میں گھول جا ہے 
LOG (lattice-best-path[5.5.907~1-cbed4]:main():lattice-best-path.cc:99) For utterance 20030004_696, best cost 183.942 + 2919.95 = 3103.89 over 617 frames.
20030004_696 کے ایل شیم فورس ریڈ کے آ میں زیور بس میں مسوڑوں کے بنانے کیلئے فراواں کیا جائے گا 
LOG (lattice-best-path[5.5.907~1-cbed4]:main():lattice-best-path.cc:99) For utterance 20030004_697, best cost 140.423 + 2331.74 = 2472.16 over 492 frames.
20030004_697 دل اور کا اب سے سوئے لینڈ دم کے ڈیزائنروں کرنے کا کام ہو گا 
LOG (lattice-best-path[5.5.907~1-cbed4]:main():lattice-best-path.cc:99) For utterance 20030004_698, best cost 139.211 + 2181.1 = 2320.32 over 474 frames.
20030004_698 باران ذادہ دور بھینٹ سے شہاب آئے اوس کر جائزہ لینے لگا 
LOG (lattice-best-path[5.5.907~1-cbed4]:main():lattice-best-path.cc:99) For utterance 20030004_699, best cost 208.734 + 2736.58 = 2945.31 over 596 frames.
20030004_699 نجات کے کریو ضعف کار کیچڑ ای میں وعدہ اے کے اہل یا نے ریوڑ بھدی کام آج سوچوں 
LOG (lattice-scale[5.5.907~1-cbed4]:main():lattice-scale.cc:107) Done 108 lattices.
LOG (lattice-best-path[5.5.907~1-cbed4]:main():lattice-best-path.cc:99) For utterance 20030004_700, best cost 171.461 + 2486.87 = 2658.33 over 540 frames.
20030004_700 بوجھ طور خوف کی تک خلیل میں تغافل کی سوجھی جھڑک کر بس عود سوکھ ہو 
LOG (lattice-best-path[5.5.907~1-cbed4]:main():lattice-best-path.cc:99) For utterance 20030004_701, best cost 208.129 + 2933.31 = 3141.44 over 617 frames.
20030004_701 مضمون با عنوان ہونا کو بسر کی تم اپنا جی سے کے گروہ کر معاذ اسود تو کو سمجھا آیا 
LOG (lattice-best-path[5.5.907~1-cbed4]:main():lattice-best-path.cc:99) For utterance 20030004_702, best cost 150.289 + 2222.37 = 2372.66 over 513 frames.
20030004_702 غیر فیصلہ اب قوت کی روڈ میں ہر ایک کو شاہ دو نادر بخشے 
LOG (lattice-best-path[5.5.907~1-cbed4]:main():lattice-best-path.cc:99) For utterance 20030004_703, best cost 168.878 + 2223.42 = 2392.29 over 504 frames.
20030004_703 پیٹھ ڈیتھ چائلڈ سے تولید ای جیم کے پھر پڑھوں کا وہ بار ظاہر ہوتا ہے 
LOG (lattice-add-penalty[5.5.907~1-cbed4]:main():lattice-add-penalty.cc:62) Done adding word insertion penalty to 108 lattices.
LOG (lattice-best-path[5.5.907~1-cbed4]:main():lattice-best-path.cc:99) For utterance 20030004_704, best cost 177.997 + 3323.24 = 3501.24 over 762 frames.
20030004_704 چور تھائی ونگ سیکشن مطالعے نہ عذاب یوں کے ایک انظباتی ابلاغ کا پراسیس ہے 
LOG (lattice-best-path[5.5.907~1-cbed4]:main():lattice-best-path.cc:99) For utterance 20030004_705, best cost 183.346 + 2621.76 = 2805.1 over 586 frames.
20030004_705 با وجہ گگن ماہ ای کرو میوزک جال پر لاگت آٹھ پھنس و سے بڑھ گئی 
LOG (lattice-best-path[5.5.907~1-cbed4]:main():lattice-best-path.cc:99) For utterance 20030004_706, best cost 115.515 + 1911.03 = 2026.55 over 434 frames.
20030004_706 بیگز تخفیف گیس کے آنکھیں دکھی تم آدمی چون 
LOG (lattice-best-path[5.5.907~1-cbed4]:main():lattice-best-path.cc:99) For utterance 20030004_707, best cost 126.576 + 2039.5 = 2166.07 over 479 frames.
20030004_707 ماضی کو بلا تو آگے بڑی و میں گناہوں میں نہ پڑے 
LOG (lattice-best-path[5.5.907~1-cbed4]:main():lattice-best-path.cc:99) For utterance 20030004_708, best cost 175.479 + 2864.03 = 3039.51 over 653 frames.
20030004_708 جنگ جھرنے سے پہلے برڈ میں نے مجھے کچھ باڑہ صیغہ طریقہ اور مشق سمجھا اے 
LOG (lattice-best-path[5.5.907~1-cbed4]:main():lattice-best-path.cc:124) Overall cost per frame is 5.01599 = 0.288328 [graph] + 4.72766 [acoustic] over 70132 frames.
LOG (lattice-best-path[5.5.907~1-cbed4]:main():lattice-best-path.cc:128) Done 108 lattices, failed for 0
# Accounting: time=0 threads=1
# Ended (code 0) at Wed Apr 21 04:21:42 PKT 2021, elapsed time 0 seconds
