# lattice-scale --inv-acoustic-scale=16 "ark:gunzip -c exp/sgmm2_4_mmi_b0.1/decode_it3/lat.*.gz|" ark:- | lattice-add-penalty --word-ins-penalty=0.5 ark:- ark:- | lattice-best-path --word-symbol-table=data/lang_test/words.txt ark:- ark,t:- | utils/int2sym.pl -f 2- data/lang_test/words.txt | cat > exp/sgmm2_4_mmi_b0.1/decode_it3/scoring_kaldi/penalty_0.5/16.txt 
# Started at Wed Apr 21 05:45:24 PKT 2021
#
lattice-scale --inv-acoustic-scale=16 'ark:gunzip -c exp/sgmm2_4_mmi_b0.1/decode_it3/lat.*.gz|' ark:- 
lattice-add-penalty --word-ins-penalty=0.5 ark:- ark:- 
lattice-best-path --word-symbol-table=data/lang_test/words.txt ark:- ark,t:- 
LOG (lattice-best-path[5.5.907~1-cbed4]:main():lattice-best-path.cc:99) For utterance 20030004_601, best cost 252.026 + 2513.63 = 2765.65 over 804 frames.
20030004_601 نو بُدھی یہاں تک اونچی کے دماغی کے لیے شو میں دھڑے لنگر ای لیلی اگر امور کے پڑا گو بھول کر نیلم گی 
LOG (lattice-best-path[5.5.907~1-cbed4]:main():lattice-best-path.cc:99) For utterance 20030004_602, best cost 299.202 + 3209.77 = 3508.97 over 1000 frames.
20030004_602 درجوں با کو آئیوڈین کے نرخوں اور کھیلے پر رکھے ہوے پڑھائی کے لو بن نقشے آلود جا کے با و پریوں جب کرنے کی شرکت سے آرزوئیں ہے 
LOG (lattice-best-path[5.5.907~1-cbed4]:main():lattice-best-path.cc:99) For utterance 20030004_603, best cost 202.827 + 2439.6 = 2642.42 over 782 frames.
20030004_603 شمسی شوہر اور نزلے کی بڑا سے گدے عمل پر اٹھا تو تبدیلی بےقصور پر کرنے جھاگ کر کیا 
LOG (lattice-best-path[5.5.907~1-cbed4]:main():lattice-best-path.cc:99) For utterance 20030004_604, best cost 227.773 + 2078.12 = 2305.9 over 638 frames.
20030004_604 سوجھی نے نا اہل ای کے داغ وہ کی کر برڈ پڑی تو کا اس کو اچھال یہ کے روز کے نقش ریوڑ کھائیں 
LOG (lattice-best-path[5.5.907~1-cbed4]:main():lattice-best-path.cc:99) For utterance 20030004_605, best cost 146.421 + 1526.71 = 1673.13 over 506 frames.
20030004_605 سول جل شوربہ جھمکے پیش اے میں گولڈ پیر کر داخل دیتا ہے 
LOG (lattice-best-path[5.5.907~1-cbed4]:main():lattice-best-path.cc:99) For utterance 20030004_606, best cost 189.161 + 1758.39 = 1947.55 over 554 frames.
20030004_606 ندوی میں کے دماغی میں فلو بدھ سے کی اس نبی و کے تعوذ کی بڑی فیض ای لخت ہے 
LOG (lattice-best-path[5.5.907~1-cbed4]:main():lattice-best-path.cc:99) For utterance 20030004_607, best cost 132.047 + 1323.65 = 1455.7 over 428 frames.
20030004_607 اب سے دیے کی اور عفت کی زود باندھ گھمبیر نہ بنائی جائے 
LOG (lattice-best-path[5.5.907~1-cbed4]:main():lattice-best-path.cc:99) For utterance 20030004_608, best cost 171.428 + 1852.35 = 2023.78 over 578 frames.
20030004_608 کو پہ کے وڈ بے مرغی کو خرچ پر ڈام جوق جانے کی الجھ ان تو ہو گی 
LOG (lattice-best-path[5.5.907~1-cbed4]:main():lattice-best-path.cc:99) For utterance 20030004_609, best cost 221.523 + 2348.84 = 2570.36 over 746 frames.
20030004_609 ایلیٹ شل میں مغلوں میں بار مگر مچھلی اس کو لے نکالیں اور فی سوکھ کے جوڑیں اوقات تصفیے یا کیا 
LOG (lattice-best-path[5.5.907~1-cbed4]:main():lattice-best-path.cc:99) For utterance 20030004_610, best cost 189.393 + 2312.69 = 2502.08 over 740 frames.
20030004_610 مماثل اہل لیتے شیریں کا ایلویٹ کی چمن بے ریان ای چڑھ کی طرف سے بقیہ کے ساتھ ہے 
LOG (lattice-best-path[5.5.907~1-cbed4]:main():lattice-best-path.cc:99) For utterance 20030004_611, best cost 206.607 + 2109.89 = 2316.49 over 699 frames.
20030004_611 گھسے پہنے بھیم کا فورس چڑ نے سے کے دب آؤ کو گڑگڑا حد کی کو اونچی کے ساتھ چھ لے 
LOG (lattice-best-path[5.5.907~1-cbed4]:main():lattice-best-path.cc:99) For utterance 20030004_612, best cost 216.955 + 2393.95 = 2610.91 over 740 frames.
20030004_612 تبدیلی و کی لگا زچ سے میں ڈھال بھورا دے جا شفیق کو توقع قوت کی لینگویج کا خاں حامل ہے 
LOG (lattice-best-path[5.5.907~1-cbed4]:main():lattice-best-path.cc:99) For utterance 20030004_613, best cost 123.386 + 1682.46 = 1805.84 over 534 frames.
20030004_613 کلیم کو لائحہ بوگس اور جدول کو ریشمی نے البتہ کہا 
LOG (lattice-best-path[5.5.907~1-cbed4]:main():lattice-best-path.cc:99) For utterance 20030004_614, best cost 143.08 + 1702.43 = 1845.51 over 547 frames.
20030004_614 گدھوں فیشن نے شیشے کے کرائی و کے ساتھ سمجھیں بغیر سمجھو تھا کیا 
LOG (lattice-best-path[5.5.907~1-cbed4]:main():lattice-best-path.cc:99) For utterance 20030004_615, best cost 246.218 + 2994.96 = 3241.18 over 941 frames.
20030004_615 ہدایت کا شہزادی نے علی جور موئسچرائزنگ سکول بلڈ اوس کرتے ہوئے جونہی خان دانش کی تجوریاں گوبر ہیڈ بڑھ آیا 
LOG (lattice-best-path[5.5.907~1-cbed4]:main():lattice-best-path.cc:99) For utterance 20030004_616, best cost 251.638 + 2853.7 = 3105.34 over 890 frames.
20030004_616 تاجر غیب وارڈ میڈیسن خان اور بلین کو فروغ مزاج کر کیسی دب تصدق کی ماہ فٹ کا پر کا ایف تیار کیا 
LOG (lattice-best-path[5.5.907~1-cbed4]:main():lattice-best-path.cc:99) For utterance 20030004_617, best cost 182.987 + 1756.27 = 1939.26 over 569 frames.
20030004_617 کم بے پر پڑے سوکھ کے کچھ و میں کی لوگو ہو لیتا دیکھ کر فقدان گھسنے لگا 
LOG (lattice-best-path[5.5.907~1-cbed4]:main():lattice-best-path.cc:99) For utterance 20030004_618, best cost 198.905 + 2533.89 = 2732.8 over 792 frames.
20030004_618 فاؤنڈیشن کمرے جس سے روشناس موجوں والے اکھنڈ ساغر نے کر نیو کے بعد ویجز کے تیار کیا ہے 
LOG (lattice-best-path[5.5.907~1-cbed4]:main():lattice-best-path.cc:99) For utterance 20030004_619, best cost 135.575 + 1601.71 = 1737.28 over 524 frames.
20030004_619 تہذیب ای تشبیہ خادم مطالبے آن کرنے کا جبری نتھی جا ہے 
LOG (lattice-best-path[5.5.907~1-cbed4]:main():lattice-best-path.cc:99) For utterance 20030004_620, best cost 240.628 + 2237.59 = 2478.22 over 688 frames.
20030004_620 چیل ملنے پَلوں کی بولوں کو گڑھ ہو میں سموئے یا اور کی ڈیمو بوڑھوں پر اور زور شو آؤٹ کی تیار عریاں کیں 
LOG (lattice-best-path[5.5.907~1-cbed4]:main():lattice-best-path.cc:99) For utterance 20030004_621, best cost 217.875 + 2572.52 = 2790.39 over 757 frames.
20030004_621 معجل حد رنز حاشیے نے اور کر سوجن کے مانگ لینگویج سے نوبل سدھ اور چاہیے نواز نے میں پہلے کی 
LOG (lattice-best-path[5.5.907~1-cbed4]:main():lattice-best-path.cc:99) For utterance 20030004_622, best cost 192.208 + 2027.53 = 2219.74 over 634 frames.
20030004_622 کو چیک گڑھ میں میں ندا اور قدرے کرے درج ان عمر رسیدہ بھیڑیے کو عالمی سے گزری 
LOG (lattice-best-path[5.5.907~1-cbed4]:main():lattice-best-path.cc:99) For utterance 20030004_623, best cost 140.215 + 1572.48 = 1712.69 over 510 frames.
20030004_623 بن ڈیل ہینگر لوک منافعے اس و برس کا محور کا نشاندہی گیا 
LOG (lattice-best-path[5.5.907~1-cbed4]:main():lattice-best-path.cc:99) For utterance 20030004_624, best cost 215.511 + 2485.09 = 2700.6 over 768 frames.
20030004_624 ماؤف اثر کے نعوذ کو میں فلسطینی اور فوج فوریکس والا فورم حدود کے انجکشن کیلئے مبہم ارشد بھول تھا 
LOG (lattice-best-path[5.5.907~1-cbed4]:main():lattice-best-path.cc:99) For utterance 20030004_625, best cost 180.361 + 2120.17 = 2300.53 over 717 frames.
20030004_625 نے روور ڈیل ساگر میڈیا کی آدمی قدرے دیکھ کر بنگلے زیور کے موو واقعے کو گیا 
LOG (lattice-best-path[5.5.907~1-cbed4]:main():lattice-best-path.cc:99) For utterance 20030004_626, best cost 121.868 + 1455.25 = 1577.12 over 463 frames.
20030004_626 لینڈ پہنچنے کو ملی کیا تک دھول کھیر باڑھ سمجھا 
LOG (lattice-best-path[5.5.907~1-cbed4]:main():lattice-best-path.cc:99) For utterance 20030004_627, best cost 182.136 + 1900.3 = 2082.44 over 610 frames.
20030004_627 فروغ کا خیر رول عمل کے نخوت کے اعلان نے سے بھڑوں کو تو فوم میں لکھا رہ گیا 
LOG (lattice-best-path[5.5.907~1-cbed4]:main():lattice-best-path.cc:99) For utterance 20030004_628, best cost 210.716 + 2151.26 = 2361.98 over 710 frames.
20030004_628 لو بدھ کی تک میلے بھال نے کے لیے بیٹھ ریڈ ٹریبیونل میں فن اور کی خوشی یاں ماؤف کود تھیں 
LOG (lattice-best-path[5.5.907~1-cbed4]:main():lattice-best-path.cc:99) For utterance 20030004_629, best cost 230.188 + 2395.32 = 2625.51 over 773 frames.
20030004_629 شیلڈیں ٹریفک کے کوش والا کے وافر میں فیڈر اب گز روور منیب نے مردوں کا ہے سب بھیج کروا یا 
LOG (lattice-best-path[5.5.907~1-cbed4]:main():lattice-best-path.cc:99) For utterance 20030004_630, best cost 189.293 + 2031 = 2220.29 over 661 frames.
20030004_630 کئی ان قیصر نے نے شے کے اشجار میں آکر بیچے ماہ لے اچھال سے خام بکھرے گیا 
LOG (lattice-best-path[5.5.907~1-cbed4]:main():lattice-best-path.cc:99) For utterance 20030004_631, best cost 238.994 + 2686.78 = 2925.78 over 905 frames.
20030004_631 سیریز چیف کو لینڈ و برڈ نے وفاقی لیے فلو ڈچ بیچے تو قوس نے کو سے موڑ کر چھایا لے دکھائی 
LOG (lattice-best-path[5.5.907~1-cbed4]:main():lattice-best-path.cc:99) For utterance 20030004_632, best cost 234.385 + 2585.04 = 2819.42 over 874 frames.
20030004_632 حسین سعید آنے کہا کے روئی یقین گوجر چھوڑ غوں اور بیڑیاں بھجوا کر فجور اور رسولی چھوئیں بغیر بیٹھ 
LOG (lattice-best-path[5.5.907~1-cbed4]:main():lattice-best-path.cc:99) For utterance 20030004_633, best cost 230.968 + 2654.84 = 2885.81 over 822 frames.
20030004_633 ریڈ فرینڈ ان کے بگاڑنے تخیّل کے لیے منیب ٹوئنٹی حفیظ سوں کی کو والرس ایک سیسے بولنگ کیلئے دی جی گے 
LOG (lattice-best-path[5.5.907~1-cbed4]:main():lattice-best-path.cc:99) For utterance 20030004_634, best cost 178.601 + 2057.75 = 2236.35 over 680 frames.
20030004_634 کوئلے شجر جس رشید کی اس خان کے لیے میں روغن یاں کے نکل فرینڈ کرکے لائیں 
LOG (lattice-best-path[5.5.907~1-cbed4]:main():lattice-best-path.cc:99) For utterance 20030004_635, best cost 206.087 + 2221.17 = 2427.25 over 684 frames.
20030004_635 فاریسٹ مڈل کو چنگ کی الاؤنس فارم میں بیٹھی اور اگلے ممکن تک میں یاں سیل سے سدھ آپ کریں 
LOG (lattice-best-path[5.5.907~1-cbed4]:main():lattice-best-path.cc:99) For utterance 20030004_636, best cost 181.682 + 2042.91 = 2224.6 over 677 frames.
20030004_636 کو مدعو اور خشوع نتھی جوبلی اب شاہ ہونے سے زود جا کا تو ہم کا افورڈ ہوا 
LOG (lattice-best-path[5.5.907~1-cbed4]:main():lattice-best-path.cc:99) For utterance 20030004_637, best cost 178.322 + 1928.59 = 2106.92 over 652 frames.
20030004_637 اقوام کے اس تم آدمی پہنچ کا جنگی لا ہوتی کی حد عرصے موڈ بھیڑوں ہوئی 
LOG (lattice-best-path[5.5.907~1-cbed4]:main():lattice-best-path.cc:99) For utterance 20030004_638, best cost 201.284 + 2277.63 = 2478.91 over 709 frames.
20030004_638 کام جو گوجر کی شیڈول ڈرائینگ میں کوئی صورت اور کوٹھڑی کو کر کی کے بلا آف سے جج جیم 
LOG (lattice-best-path[5.5.907~1-cbed4]:main():lattice-best-path.cc:99) For utterance 20030004_639, best cost 195.301 + 2315.06 = 2510.37 over 768 frames.
20030004_639 ٹریفک کے دفتر کی دکھی جلسے تجویز کر صغیر نہ خود کی زور تک ساز سے بہت سکتیں 
LOG (lattice-best-path[5.5.907~1-cbed4]:main():lattice-best-path.cc:99) For utterance 20030004_640, best cost 219 + 2378.47 = 2597.47 over 768 frames.
20030004_640 چور کے نے یوم پر بیٹھی گیارہویں صفیں یہ نے پیسنے کونسل کے شاہ والا کا کا چوری کوچ لگا آیا 
LOG (lattice-best-path[5.5.907~1-cbed4]:main():lattice-best-path.cc:99) For utterance 20030004_641, best cost 159.206 + 1883.91 = 2043.12 over 601 frames.
20030004_641 کو کو پالمر اور بڑی شگوفے کو کی آتشیں بعد سے کھلکھلا کر بھینس سے کی دیں 
LOG (lattice-best-path[5.5.907~1-cbed4]:main():lattice-best-path.cc:99) For utterance 20030004_642, best cost 160.017 + 1763.63 = 1923.64 over 588 frames.
20030004_642 ہر فوم کی فی میچ اس سیکھیں تو درس اسے نفوذ کی ہوا رو کی 
LOG (lattice-best-path[5.5.907~1-cbed4]:main():lattice-best-path.cc:99) For utterance 20030004_643, best cost 201.853 + 1965.32 = 2167.18 over 626 frames.
20030004_643 تفاوت سے نہ فائر پڑنے موقف آف ہجر سے نہ ہائے اور دوغلی لاکھ سے زاید طرحی ڈال ہے 
LOG (lattice-best-path[5.5.907~1-cbed4]:main():lattice-best-path.cc:99) For utterance 20030004_644, best cost 209.631 + 2466.92 = 2676.55 over 753 frames.
20030004_644 ڈچ کے لیے میں ترچھی ایک میں ڈور روئیں اور ذاد برابر چھری کے سینما پر سکتے ندا پاک پھیریں 
LOG (lattice-best-path[5.5.907~1-cbed4]:main():lattice-best-path.cc:99) For utterance 20030004_645, best cost 179.704 + 2123.49 = 2303.19 over 687 frames.
20030004_645 نڈر ویلوٹ کے اس میں دو صرف کے سائیڈ پر زور مس کر کرنے کی فاجر کریں ہیں 
LOG (lattice-best-path[5.5.907~1-cbed4]:main():lattice-best-path.cc:99) For utterance 20030004_646, best cost 156.211 + 2093.69 = 2249.9 over 664 frames.
20030004_646 سعودی ناول جوس نے اور چبھنے کے بعد لاؤ براں نے بڑھائے ڈالنے آئی 
LOG (lattice-best-path[5.5.907~1-cbed4]:main():lattice-best-path.cc:99) For utterance 20030004_647, best cost 154.717 + 1419.34 = 1574.05 over 439 frames.
20030004_647 بو آج نادر کے تھانہ ظہیر بھون دھونی چور کر دو رو پر آئے 
LOG (lattice-best-path[5.5.907~1-cbed4]:main():lattice-best-path.cc:99) For utterance 20030004_648, best cost 125.832 + 1631.48 = 1757.31 over 531 frames.
20030004_648 میلے میں دودھیا چار سکتے نوحہ خرچ ایئر کیلئے کروا تھا 
LOG (lattice-best-path[5.5.907~1-cbed4]:main():lattice-best-path.cc:99) For utterance 20030004_649, best cost 142.939 + 1839.45 = 1982.39 over 582 frames.
20030004_649 کو کو کن مین صرف کے بیٹھ نے کے بعد کا بام کا لیڈر لگائے 
LOG (lattice-best-path[5.5.907~1-cbed4]:main():lattice-best-path.cc:99) For utterance 20030004_650, best cost 189.017 + 2192.77 = 2381.79 over 690 frames.
20030004_650 ہجو میری تعلیم کی سی غیرت اور سال میں یقین کی نبوی اہلیہ کے ادائیگی تک اعزہ ہے 
LOG (lattice-best-path[5.5.907~1-cbed4]:main():lattice-best-path.cc:99) For utterance 20030004_651, best cost 156.963 + 2048.23 = 2205.2 over 679 frames.
20030004_651 کو ییلو خوف بلڈنگ میں چونگی کھوکھلے ایقان کے اور نے سے پہلے سونگ کی تھی 
LOG (lattice-best-path[5.5.907~1-cbed4]:main():lattice-best-path.cc:99) For utterance 20030004_652, best cost 223.107 + 2353.52 = 2576.63 over 801 frames.
20030004_652 ہیڈ رول ینگ کی چھیلنے تھام گئی اور ہی کوڈ کے نو لا میں کا گوٹھوں کے سدھو تک پہنچ ای 
LOG (lattice-best-path[5.5.907~1-cbed4]:main():lattice-best-path.cc:99) For utterance 20030004_653, best cost 192.259 + 2116.78 = 2309.04 over 694 frames.
20030004_653 لو ایئر برابر ڈیل سے کسی سن ٹھل قرضے لکھی ہجر عید لائی تک روز ہوا 
LOG (lattice-best-path[5.5.907~1-cbed4]:main():lattice-best-path.cc:99) For utterance 20030004_654, best cost 184.878 + 2192.73 = 2377.61 over 694 frames.
20030004_654 کرنے اور دیش ہاؤس اس کی ایشیائی جونہی اور انسٹھویں اور اس کے نوید عام عید سدھ رہیں 
LOG (lattice-best-path[5.5.907~1-cbed4]:main():lattice-best-path.cc:99) For utterance 20030004_655, best cost 134.31 + 1489.25 = 1623.56 over 493 frames.
20030004_655 نام بخشی یہ چھائی گوڈی لیب بو جانے کا عشرت ایں 
LOG (lattice-best-path[5.5.907~1-cbed4]:main():lattice-best-path.cc:99) For utterance 20030004_656, best cost 176.763 + 2259.44 = 2436.2 over 744 frames.
20030004_656 بے اسے سمجھی اینگرو ویب مرکزی کی بن بچائیں اور سنو جوار بھید حبس کریں 
LOG (lattice-best-path[5.5.907~1-cbed4]:main():lattice-best-path.cc:99) For utterance 20030004_657, best cost 149.733 + 1629.9 = 1779.63 over 545 frames.
20030004_657 خام اور آف پھنسے ان کے ایک ایف پر کردار کی حد سے موخر نہیں 
LOG (lattice-best-path[5.5.907~1-cbed4]:main():lattice-best-path.cc:99) For utterance 20030004_658, best cost 132.114 + 1733.06 = 1865.18 over 505 frames.
20030004_658 لینڈ ورلڈ کا میں با لوہے عفو ایئر سے بعد سے گزارنے 
LOG (lattice-best-path[5.5.907~1-cbed4]:main():lattice-best-path.cc:99) For utterance 20030004_659, best cost 200.109 + 2374.89 = 2575 over 796 frames.
20030004_659 مٹیں کو کر بجھائی اور کوڑھ ای کا تک خام پور و قوس کے بعد بوم نیا پر سوویں 
LOG (lattice-best-path[5.5.907~1-cbed4]:main():lattice-best-path.cc:99) For utterance 20030004_660, best cost 97.8628 + 1339.26 = 1437.12 over 406 frames.
20030004_660 ہوئے پردھان کے بقایا کے ضلع میں نہیں حوصلہ 
LOG (lattice-best-path[5.5.907~1-cbed4]:main():lattice-best-path.cc:99) For utterance 20030004_661, best cost 124.92 + 1542.98 = 1667.9 over 513 frames.
20030004_661 کا صرف لینے کے لیے بیچوں پر حامل کا داغدار راغب دبائے 
LOG (lattice-best-path[5.5.907~1-cbed4]:main():lattice-best-path.cc:99) For utterance 20030004_662, best cost 168.28 + 1703.78 = 1872.06 over 549 frames.
20030004_662 کر ٹرین چون کو کی آنکھ یاں جھلی تو سے یا رو کی تشبیہ ہی بھی کریں 
LOG (lattice-best-path[5.5.907~1-cbed4]:main():lattice-best-path.cc:99) For utterance 20030004_663, best cost 200.565 + 2041.64 = 2242.2 over 658 frames.
20030004_663 پی رونے جہاں چاہے مگ کا گا انگوٹھی عرصہ تھیں تو کی معدے کی طرحی صوبوں قوت گی 
LOG (lattice-best-path[5.5.907~1-cbed4]:main():lattice-best-path.cc:99) For utterance 20030004_664, best cost 235.08 + 2288.96 = 2524.04 over 744 frames.
20030004_664 فراواں صیاد اے کے بارے اعظم میں تعین آدھ گورے لیتا نہ زور ہوا تو ایئر جی کے روپے کھڑے ہو گئے 
LOG (lattice-best-path[5.5.907~1-cbed4]:main():lattice-best-path.cc:99) For utterance 20030004_665, best cost 142.179 + 1842.78 = 1984.96 over 587 frames.
20030004_665 فیصلے خسارے رابعہ سے سے بھرٹ چینی تو خواہ آج مخیر ہوا 
LOG (lattice-best-path[5.5.907~1-cbed4]:main():lattice-best-path.cc:99) For utterance 20030004_666, best cost 155.776 + 1518.85 = 1674.63 over 480 frames.
20030004_666 بوم سے ہوے اگرچہ علم پر آ کا کا طرف ضلع خیر سے بھولیں یہ 
LOG (lattice-best-path[5.5.907~1-cbed4]:main():lattice-best-path.cc:99) For utterance 20030004_667, best cost 128.036 + 1698.67 = 1826.71 over 558 frames.
20030004_667 پہلی دیے کے دھاڑ سے جہتیں کو سے کے گگلی بھون سنبھلی 
LOG (lattice-best-path[5.5.907~1-cbed4]:main():lattice-best-path.cc:99) For utterance 20030004_668, best cost 221.631 + 2378.58 = 2600.21 over 777 frames.
20030004_668 سامنے فلو اور پیر کے پر لڑیں میں خوگر نے والا چند کا پچھلے آ بیعانہ بلین سے جال نکل لا 
LOG (lattice-best-path[5.5.907~1-cbed4]:main():lattice-best-path.cc:99) For utterance 20030004_669, best cost 165.749 + 1612.28 = 1778.03 over 543 frames.
20030004_669 وارڈ خاص ان و فلڈ بورڈ نے میوزک سے لیے جیز زیڈ روڈ نہیں کیا 
LOG (lattice-best-path[5.5.907~1-cbed4]:main():lattice-best-path.cc:99) For utterance 20030004_670, best cost 152.969 + 1570.45 = 1723.42 over 512 frames.
20030004_670 روضے کا آخری یہ شاہ ہائے کس اڈوں کا خود کوڑھ وہ کا تعلق 
LOG (lattice-best-path[5.5.907~1-cbed4]:main():lattice-best-path.cc:99) For utterance 20030004_671, best cost 211.965 + 2563.18 = 2775.14 over 872 frames.
20030004_671 غیر شے سے پہلے سوسائٹی گڑیا نے کہا سوں اور اس بقول کے سکول جھولے میں دو اور جی یہ جاؤ 
LOG (lattice-best-path[5.5.907~1-cbed4]:main():lattice-best-path.cc:99) For utterance 20030004_672, best cost 190.482 + 2000.71 = 2191.19 over 652 frames.
20030004_672 انٹر میری ایڈز شو سے لائیں تو فاروق آن بل صرف پر اوس اگرچہ کا پہلا ہے 
LOG (lattice-best-path[5.5.907~1-cbed4]:main():lattice-best-path.cc:99) For utterance 20030004_673, best cost 140.601 + 1591.03 = 1731.63 over 536 frames.
20030004_673 قرار کی کے ایچ آنگن وعدے ہوے چوزے نظر کے بے پر بڑھائے 
LOG (lattice-best-path[5.5.907~1-cbed4]:main():lattice-best-path.cc:99) For utterance 20030004_674, best cost 183.788 + 2185.38 = 2369.16 over 656 frames.
20030004_674 نشر نے پَلوں میں پر ایسا خرچ آگ آنکھ کر ہم بار ہیچ ٹھونس نے کی کوشش کی 
LOG (lattice-best-path[5.5.907~1-cbed4]:main():lattice-best-path.cc:99) For utterance 20030004_675, best cost 127.439 + 1507.88 = 1635.32 over 501 frames.
20030004_675 عارضی بھربھری کے روپے پر سوچے تو تعاون کا وہاب اور آئے 
LOG (lattice-best-path[5.5.907~1-cbed4]:main():lattice-best-path.cc:99) For utterance 20030004_676, best cost 175.822 + 2037.04 = 2212.86 over 617 frames.
20030004_676 اپنے رہائش کی سے اس کا نتیجے کا کھولے زوال نے عملا گشت جھگڑے پر رکھ گی 
LOG (lattice-best-path[5.5.907~1-cbed4]:main():lattice-best-path.cc:99) For utterance 20030004_677, best cost 202.008 + 2410.96 = 2612.97 over 794 frames.
20030004_677 نے سامنے کیا کی گگلی ہوئی مگر بعدازاں قوس ابو ہیرو گرداں نیم کو محویت سے بدل گیا 
LOG (lattice-best-path[5.5.907~1-cbed4]:main():lattice-best-path.cc:99) For utterance 20030004_678, best cost 218.771 + 2766.03 = 2984.8 over 870 frames.
20030004_678 سن آفس ماہ پر ڈیلی فیڈرل جڑ والوں سے چرانے کیلئے حروں جن فلیش سے مشق کے شعر کریں 
LOG (lattice-best-path[5.5.907~1-cbed4]:main():lattice-best-path.cc:99) For utterance 20030004_679, best cost 121.547 + 1571.46 = 1693 over 496 frames.
20030004_679 تھوڑی اور تیری پر چیڑھ لگائے تو سفر تیزی سے الجھی 
LOG (lattice-best-path[5.5.907~1-cbed4]:main():lattice-best-path.cc:99) For utterance 20030004_680, best cost 205.827 + 2343.44 = 2549.27 over 764 frames.
20030004_680 چوری کا جوڑے آپ اہل دے ہوے بیٹھ کو تو لائی وقوعہ راہبر رقص نے میں دل علاوہ جاتا ہے 
LOG (lattice-best-path[5.5.907~1-cbed4]:main():lattice-best-path.cc:99) For utterance 20030004_681, best cost 214.761 + 2124.86 = 2339.62 over 688 frames.
20030004_681 گدھا چل شون جیب شے کو کے ہر کی ڈھا رسولی تو ہولوں مون پر بجھی دھار پر سوئے آ 
LOG (lattice-best-path[5.5.907~1-cbed4]:main():lattice-best-path.cc:99) For utterance 20030004_682, best cost 187.617 + 1960.09 = 2147.71 over 656 frames.
20030004_682 بے ایفکٹ اور چوالیس کی لوٹ پر بے جڑیں کا ناچنے اجاگر باعث کے جو ہر معلوم کیے 
LOG (lattice-best-path[5.5.907~1-cbed4]:main():lattice-best-path.cc:99) For utterance 20030004_683, best cost 151.647 + 1873.62 = 2025.26 over 605 frames.
20030004_683 ریڈ سے ماؤنٹ کی جبڑوں تک اینٹھن نے نیم ریلیف کے لیے سے نکل گئی 
LOG (lattice-best-path[5.5.907~1-cbed4]:main():lattice-best-path.cc:99) For utterance 20030004_684, best cost 193.105 + 2188.65 = 2381.75 over 758 frames.
20030004_684 نمبر بھی فورم کو آتی آدھ سیٹھ کے قیود میں میں لوں یا رحیل طلب تک عام 
LOG (lattice-best-path[5.5.907~1-cbed4]:main():lattice-best-path.cc:99) For utterance 20030004_685, best cost 140.793 + 1495.14 = 1635.93 over 489 frames.
20030004_685 جو فعال ابو سے بیچے بخشیں کو سے کہا سے لاؤ مگر دھو 
LOG (lattice-best-path[5.5.907~1-cbed4]:main():lattice-best-path.cc:99) For utterance 20030004_686, best cost 184.186 + 1714.14 = 1898.33 over 543 frames.
20030004_686 صرف تبدیل کے صرف فعل وقفے شعر سے بن یادیں میں سچ کا شو شاہ پوچھ و 
LOG (lattice-best-path[5.5.907~1-cbed4]:main():lattice-best-path.cc:99) For utterance 20030004_687, best cost 206.498 + 2468.68 = 2675.17 over 796 frames.
20030004_687 سوچ کوئی اس کے بدسلوکی سے آنکھیں کھولنے تو حق ابھرا سے چیف مان کر تو جا مہجور گئے 
LOG (lattice-best-path[5.5.907~1-cbed4]:main():lattice-best-path.cc:99) For utterance 20030004_688, best cost 230.3 + 2516.76 = 2747.06 over 831 frames.
20030004_688 قل کی بلکہ چادر بھیج بچہ کر سنچری یاں گزارنے اور بیچ کی کے بیچ میں نے حامد کے پراٹھا داغ بھیجا 
LOG (lattice-best-path[5.5.907~1-cbed4]:main():lattice-best-path.cc:99) For utterance 20030004_689, best cost 214.953 + 1938.26 = 2153.22 over 645 frames.
20030004_689 بو جو تو بڑے جیز ذخیرہ کیا جا نو جو گول بنائی اور سوئس و فصلیں کو چل کر چھائی 
LOG (lattice-best-path[5.5.907~1-cbed4]:main():lattice-best-path.cc:99) For utterance 20030004_690, best cost 141.456 + 1279.55 = 1421.01 over 467 frames.
20030004_690 یہ گھن یاں نہ پڑھائی کے شو لے کو چھور آن نہیں جاتا 
LOG (lattice-best-path[5.5.907~1-cbed4]:main():lattice-best-path.cc:99) For utterance 20030004_691, best cost 189.08 + 2307.37 = 2496.45 over 808 frames.
20030004_691 کی سے کی دلجوئی کیلئے اپنا جیگوار دھوئے یا اور پر ہنسیں ٹھونس آکر معین آدمی ٹھونس دیئے 
LOG (lattice-best-path[5.5.907~1-cbed4]:main():lattice-best-path.cc:99) For utterance 20030004_692, best cost 193.823 + 1918.1 = 2111.93 over 657 frames.
20030004_692 بدھ خون ایثار نے کہا کے مے مس سے حوصلہ بدلے حد گاڑی کے بُدھی کھاد کے دل ہے 
LOG (lattice-best-path[5.5.907~1-cbed4]:main():lattice-best-path.cc:99) For utterance 20030004_693, best cost 145.414 + 1916.1 = 2061.52 over 673 frames.
20030004_693 میں نے حق کے جوئیہ سے کہا کے وہ کا پر بنا کر لائے مدعو 
LOG (lattice-best-path[5.5.907~1-cbed4]:main():lattice-best-path.cc:99) For utterance 20030004_694, best cost 194.734 + 1939.68 = 2134.42 over 604 frames.
20030004_694 طرفین کاجو لاشیں شفاعت کر صاحب کو جج جی اور اسے ہی چاقو جو بند بن آئے 
LOG (lattice-best-path[5.5.907~1-cbed4]:main():lattice-best-path.cc:99) For utterance 20030004_695, best cost 167.431 + 1851.76 = 2019.19 over 606 frames.
20030004_695 کوئی کے جانب کھچی جانے کو کیا رقوم اگر کی جاؤں تو پانی میں گھول جا ہے 
LOG (lattice-best-path[5.5.907~1-cbed4]:main():lattice-best-path.cc:99) For utterance 20030004_696, best cost 178.371 + 1890.57 = 2068.95 over 617 frames.
20030004_696 کے ایل شیم فورس ریڈ کیا میں سے کو بیضوی مسوڑوں کے بنانے کیلئے فراواں میں کیا جائے گا 
LOG (lattice-scale[5.5.907~1-cbed4]:main():lattice-scale.cc:107) Done 108 lattices.
LOG (lattice-best-path[5.5.907~1-cbed4]:main():lattice-best-path.cc:99) For utterance 20030004_697, best cost 139.315 + 1513.48 = 1652.8 over 492 frames.
20030004_697 بل اور کا عود سے سَیل لینتھ دم کے ڈیزائنروں کرنے کا کام ہو گا 
LOG (lattice-best-path[5.5.907~1-cbed4]:main():lattice-best-path.cc:99) For utterance 20030004_698, best cost 142.322 + 1416.45 = 1558.77 over 474 frames.
20030004_698 بار عوام ان ذادہ دور بھینسیں شفاعت باعث کا جائزہ لینے لگا 
LOG (lattice-best-path[5.5.907~1-cbed4]:main():lattice-best-path.cc:99) For utterance 20030004_699, best cost 190.831 + 1802.76 = 1993.59 over 596 frames.
20030004_699 نجات کے فیوچر کار کی چڑیل میں بتایا یہ کے اہل یا نیم ریوڑ مہندی کا مقصود چوم 
LOG (lattice-best-path[5.5.907~1-cbed4]:main():lattice-best-path.cc:99) For utterance 20030004_700, best cost 164.147 + 1599.79 = 1763.93 over 540 frames.
20030004_700 گوشے اور فوم کی تک خلیل میں تغافل کی سوجھی جھڑک کر بس سوکھ سے افق 
LOG (lattice-best-path[5.5.907~1-cbed4]:main():lattice-best-path.cc:99) For utterance 20030004_701, best cost 201.167 + 1893.06 = 2094.23 over 617 frames.
20030004_701 مضمون با عنوان ہو نوگو گذر کی تو مقدار کی سے کے الحاق کر حوض اسود تو کو سمجھا آیا 
LOG (lattice-best-path[5.5.907~1-cbed4]:main():lattice-best-path.cc:99) For utterance 20030004_702, best cost 136.872 + 1432.8 = 1569.67 over 513 frames.
20030004_702 غیر فیصلہ آ قوت کی روڈ میں والے گوشہ دو نادر بخشے 
LOG (lattice-add-penalty[5.5.907~1-cbed4]:main():lattice-add-penalty.cc:62) Done adding word insertion penalty to 108 lattices.
LOG (lattice-best-path[5.5.907~1-cbed4]:main():lattice-best-path.cc:99) For utterance 20030004_703, best cost 153.458 + 1414.8 = 1568.26 over 504 frames.
20030004_703 حیرت حائل سے تولید ای چھین کے کے پڑھوں کا وہ بار ظاہر ہوتا ہے 
LOG (lattice-best-path[5.5.907~1-cbed4]:main():lattice-best-path.cc:99) For utterance 20030004_704, best cost 170.409 + 2192.22 = 2362.63 over 762 frames.
20030004_704 جو تھائی ونگ سے شنید موعود آئین آزاد یوں کے انظباتی علاوہ پراسیس ہے 
LOG (lattice-best-path[5.5.907~1-cbed4]:main():lattice-best-path.cc:99) For utterance 20030004_705, best cost 178.11 + 1695.48 = 1873.59 over 586 frames.
20030004_705 با وجہ گگن ماہ ایک روہی و سے چادر لاگت آٹھ پھنس و سے بڑھ گئی 
LOG (lattice-best-path[5.5.907~1-cbed4]:main():lattice-best-path.cc:99) For utterance 20030004_706, best cost 113.316 + 1242.8 = 1356.11 over 434 frames.
20030004_706 بل سفید گیس کے آنکھیں دکھی تو مدد میں چوم 
LOG (lattice-best-path[5.5.907~1-cbed4]:main():lattice-best-path.cc:99) For utterance 20030004_707, best cost 146.755 + 1314.58 = 1461.34 over 479 frames.
20030004_707 ماضی کو بلا یا ہے تو آگے بری یوں میں گناہوں میں نہ پڑے 
LOG (lattice-best-path[5.5.907~1-cbed4]:main():lattice-best-path.cc:99) For utterance 20030004_708, best cost 171.885 + 1847.91 = 2019.79 over 653 frames.
20030004_708 جنگ جھرنے سے پہلے پڑھے نے مجھے کچھ خارجہ صیغہ طریقہ اور مشق سمجھا اے 
LOG (lattice-best-path[5.5.907~1-cbed4]:main():lattice-best-path.cc:124) Overall cost per frame is 3.35793 = 0.278991 [graph] + 3.07894 [acoustic] over 70132 frames.
LOG (lattice-best-path[5.5.907~1-cbed4]:main():lattice-best-path.cc:128) Done 108 lattices, failed for 0
# Accounting: time=1 threads=1
# Ended (code 0) at Wed Apr 21 05:45:25 PKT 2021, elapsed time 1 seconds
