# lattice-scale --inv-acoustic-scale=17 "ark:gunzip -c exp/sgmm2_4_mmi_b0.1/decode_it2/lat.*.gz|" ark:- | lattice-add-penalty --word-ins-penalty=0.0 ark:- ark:- | lattice-best-path --word-symbol-table=data/lang_test/words.txt ark:- ark,t:- | utils/int2sym.pl -f 2- data/lang_test/words.txt | cat > exp/sgmm2_4_mmi_b0.1/decode_it2/scoring_kaldi/penalty_0.0/17.txt 
# Started at Wed Apr 21 08:21:17 PKT 2021
#
lattice-scale --inv-acoustic-scale=17 'ark:gunzip -c exp/sgmm2_4_mmi_b0.1/decode_it2/lat.*.gz|' ark:- 
lattice-add-penalty --word-ins-penalty=0.0 ark:- ark:- 
lattice-best-path --word-symbol-table=data/lang_test/words.txt ark:- ark,t:- 
LOG (lattice-best-path[5.5.907~1-cbed4]:main():lattice-best-path.cc:99) For utterance 20030013_601, best cost 212.022 + 2727.92 = 2939.94 over 952 frames.
20030013_601 مواضعات تک کو چیک کے طالب کے ریچھوں میں تھری کمیٹی گڈریے ادھار انگوٹھا پڑھو کو قبول کرنے گئی 
LOG (lattice-best-path[5.5.907~1-cbed4]:main():lattice-best-path.cc:99) For utterance 20030013_602, best cost 256.772 + 3497.38 = 3754.15 over 1201 frames.
20030013_602 دلوں وبائی اور بھیم کے نارتھ اور کیلئے پر کے ہوے کرائی کی لو بلوچی آلود سے کے گاؤ کھلیں کرنے کی شرکت سے عارضی 
LOG (lattice-best-path[5.5.907~1-cbed4]:main():lattice-best-path.cc:99) For utterance 20030013_603, best cost 211.889 + 2566.63 = 2778.52 over 875 frames.
20030013_603 شمشاد پر اور نزلے کی بڑا سے رکھتے عمل پر اُٹھایا اور تربیتی میں بے کوسوں پر کا رم نیچا اور کیا 
LOG (lattice-best-path[5.5.907~1-cbed4]:main():lattice-best-path.cc:99) For utterance 20030013_604, best cost 203.107 + 2548.96 = 2752.07 over 920 frames.
20030013_604 سوجھی نے نہ ای کی داؤ اور کی کر پر پڑی تو کہا سے دور جا ہے کہ گھس کے نخوت اٹھا ہے 
LOG (lattice-best-path[5.5.907~1-cbed4]:main():lattice-best-path.cc:99) For utterance 20030013_605, best cost 129.562 + 1741.21 = 1870.77 over 606 frames.
20030013_605 سول ترشول فائر جون کے پیشن میں بلبل کر تخلص گیا 
LOG (lattice-best-path[5.5.907~1-cbed4]:main():lattice-best-path.cc:99) For utterance 20030013_606, best cost 167.535 + 1884.08 = 2051.61 over 638 frames.
20030013_606 میں دین کے دماغی میں بلوں ورک سے کی اس میں کیوں کے تغافل سے کی بڑی عزیز ہے 
LOG (lattice-best-path[5.5.907~1-cbed4]:main():lattice-best-path.cc:99) For utterance 20030013_607, best cost 117.653 + 1304.56 = 1422.22 over 440 frames.
20030013_607 افضل کی ہول کا کی سب عام گھمبیر برابر نہیں سے ہے 
LOG (lattice-best-path[5.5.907~1-cbed4]:main():lattice-best-path.cc:99) For utterance 20030013_608, best cost 152.802 + 2111.37 = 2264.18 over 798 frames.
20030013_608 کو کے کے بولے مرغی کو فروش کر ڈام چُھپ جانے کی اودھم تو ہو گی 
LOG (lattice-best-path[5.5.907~1-cbed4]:main():lattice-best-path.cc:99) For utterance 20030013_609, best cost 156.404 + 1914.87 = 2071.28 over 651 frames.
20030013_609 ملائیشن میں محلوں مقدار مگر مجلس میں نکالیں اور کی ستھرے چھوڑ کا تصویر کیا 
LOG (lattice-best-path[5.5.907~1-cbed4]:main():lattice-best-path.cc:99) For utterance 20030013_610, best cost 184.048 + 2301.85 = 2485.9 over 792 frames.
20030013_610 موثر پہلے فشنگ کا علی جیولری کم ان دینا نیچے کی طرف سے مرغیاں گیس آن ہے 
LOG (lattice-best-path[5.5.907~1-cbed4]:main():lattice-best-path.cc:99) For utterance 20030013_611, best cost 152.997 + 1714.75 = 1867.75 over 580 frames.
20030013_611 خودسر پہنے تھنک اور پر نے کے کے وباؤں کو پر کلراٹھی گھوم کے ساتھ کھلے 
LOG (lattice-best-path[5.5.907~1-cbed4]:main():lattice-best-path.cc:99) For utterance 20030013_612, best cost 166.205 + 2418.74 = 2584.94 over 804 frames.
20030013_612 تبدیلیاں کی لفظ سے شخصے نے ڈال بولو ہجرت سفر وفود کیلئے انکشاف کو ہے 
LOG (lattice-best-path[5.5.907~1-cbed4]:main():lattice-best-path.cc:99) For utterance 20030013_613, best cost 96.6958 + 1257.36 = 1354.06 over 414 frames.
20030013_613 کا رنگ بلا کوسوں جل کرتی میں پیدا کا 
LOG (lattice-best-path[5.5.907~1-cbed4]:main():lattice-best-path.cc:99) For utterance 20030013_614, best cost 136.821 + 1588.83 = 1725.65 over 523 frames.
20030013_614 رخ طفیل نے شیشے اور کے کرائے اور کے ساتھ حملے بغیر سن کر کیا 
LOG (lattice-best-path[5.5.907~1-cbed4]:main():lattice-best-path.cc:99) For utterance 20030013_615, best cost 226.462 + 3047.55 = 3274.01 over 1105 frames.
20030013_615 ہدایت کا شہزادی نے فلیچر مصر اثر کو بلوچ کرتے ہوئے جوگی خان آن کی کی جیوری میں گوبر ہیڈ بنایا 
LOG (lattice-best-path[5.5.907~1-cbed4]:main():lattice-best-path.cc:99) For utterance 20030013_616, best cost 227.098 + 2866.48 = 3093.58 over 977 frames.
20030013_616 توجہ لہو آڑ فٹ میں صفوں نامور جن کو فروزاں اس کر کیسی کا تذبذب کی معطل قہقہے قرار کیا 
LOG (lattice-best-path[5.5.907~1-cbed4]:main():lattice-best-path.cc:99) For utterance 20030013_617, best cost 144.053 + 1767.43 = 1911.48 over 632 frames.
20030013_617 کا محور پڑے ستھرے گدھوں نے کیوں کو عابد اسے کر دیوداس میں لگا 
LOG (lattice-best-path[5.5.907~1-cbed4]:main():lattice-best-path.cc:99) For utterance 20030013_618, best cost 166.097 + 2223.29 = 2389.38 over 734 frames.
20030013_618 اور ٹھنکا بستر اور فنانس مرچوں والے آکر ساغر میں عالمی کے بعد اس کیا کیا ہے 
LOG (lattice-best-path[5.5.907~1-cbed4]:main():lattice-best-path.cc:99) For utterance 20030013_619, best cost 110.279 + 1323.28 = 1433.56 over 440 frames.
20030013_619 زہریلی تلخی آپ مدعیان کرنے کا سوری دیتی جا ہے 
LOG (lattice-best-path[5.5.907~1-cbed4]:main():lattice-best-path.cc:99) For utterance 20030013_620, best cost 233.389 + 2526.82 = 2760.21 over 900 frames.
20030013_620 جی ملنے پَلوں کے بولوں کو بلوں میں سموئے یا اور دھیرے مگ بوڑھوں پر پرجوش راؤ کی تیار یاں قیود 
LOG (lattice-best-path[5.5.907~1-cbed4]:main():lattice-best-path.cc:99) For utterance 20030013_621, best cost 191.693 + 2248.82 = 2440.51 over 779 frames.
20030013_621 معجل عبدالحئی سچ میں نے اور قرضوں چین کے معاون ویزے مفلس اور جاتی نواز نے میں پہلوٹھی 
LOG (lattice-best-path[5.5.907~1-cbed4]:main():lattice-best-path.cc:99) For utterance 20030013_622, best cost 173.515 + 1910.35 = 2083.87 over 657 frames.
20030013_622 پوچھی پڑنے مینگل اور کا دیتے کرے درسگاہ نغمہ رسیدہ بیڑے فارورڈ میں سے گزری 
LOG (lattice-best-path[5.5.907~1-cbed4]:main():lattice-best-path.cc:99) For utterance 20030013_623, best cost 140.371 + 1632.82 = 1773.19 over 574 frames.
20030013_623 رینجرز ہینگر درخت منافعوں آنسو برس کا مینگل نے شاہ لیے گیا 
LOG (lattice-best-path[5.5.907~1-cbed4]:main():lattice-best-path.cc:99) For utterance 20030013_624, best cost 215.37 + 2471.27 = 2686.64 over 811 frames.
20030013_624 ماؤف اثر کے نوش کو میں کے لیے سبب خاص کو رکھوا رفو عود عود تین پیشن کے لیے مغیث شروع تھا 
LOG (lattice-best-path[5.5.907~1-cbed4]:main():lattice-best-path.cc:99) For utterance 20030013_625, best cost 162.347 + 2238.33 = 2400.68 over 696 frames.
20030013_625 نیو ایندھن ساغر کیلئے کی کھال کی کا تیرے کر بکھری کی بلکہ مواد کے کو گیا 
LOG (lattice-best-path[5.5.907~1-cbed4]:main():lattice-best-path.cc:99) For utterance 20030013_626, best cost 116.228 + 1355.51 = 1471.73 over 420 frames.
20030013_626 ڈیم بش نے کو مغلیہ اعادہ تم کی ابواب سمجھا 
LOG (lattice-best-path[5.5.907~1-cbed4]:main():lattice-best-path.cc:99) For utterance 20030013_627, best cost 199.897 + 2655.4 = 2855.3 over 926 frames.
20030013_627 چھلکا خیر غلام آئی کے منگوا کے حال آن یاں سے پڑھو کے طوفاں مین نے حالات گیا 
LOG (lattice-best-path[5.5.907~1-cbed4]:main():lattice-best-path.cc:99) For utterance 20030013_628, best cost 163.478 + 1893.82 = 2057.3 over 644 frames.
20030013_628 بھگت کی تک نے بنانے کیلئے بیٹھی ٹریبیونل میں فون انگلی خوشی یاں مفہوم تھیں 
LOG (lattice-best-path[5.5.907~1-cbed4]:main():lattice-best-path.cc:99) For utterance 20030013_629, best cost 194.874 + 2588.99 = 2783.87 over 894 frames.
20030013_629 چھیل بھیڑیے بش والوں کے آؤ کو اور میں فیری اپروچ انیق نے مردوں کا ہے جا بھیج کر آیا 
LOG (lattice-best-path[5.5.907~1-cbed4]:main():lattice-best-path.cc:99) For utterance 20030013_630, best cost 154.753 + 1926.31 = 2081.06 over 606 frames.
20030013_630 قیام پیدا نے نجی بسیار میں آکر بیچے مارچ فشنگ سے انگلی کر گیا 
LOG (lattice-best-path[5.5.907~1-cbed4]:main():lattice-best-path.cc:99) For utterance 20030013_631, best cost 193.327 + 2645.74 = 2839.07 over 843 frames.
20030013_631 سے یہ سیکھ سکول انداز ہیڈ میں دکھا کر کے فلڈ رکھنے کے تو سے موسم اور کر جھالر دکھایا 
LOG (lattice-best-path[5.5.907~1-cbed4]:main():lattice-best-path.cc:99) For utterance 20030013_632, best cost 212.871 + 2866.49 = 3079.36 over 1009 frames.
20030013_632 السی سیکھا نے کہا کے رویا کی حجت چوروں اور بیڑیاں بے بھجوا کر کھجوریں اور رسوائی جھولے بغیر گئے 
LOG (lattice-best-path[5.5.907~1-cbed4]:main():lattice-best-path.cc:99) For utterance 20030013_633, best cost 209.05 + 2706.77 = 2915.82 over 913 frames.
20030013_633 میں کرنا کے بم بار میں طویل کے لیے نیلم گھنٹے اور کی سکھی کار ضد سندھی سوئمنگ کے لیے کیجیے 
LOG (lattice-best-path[5.5.907~1-cbed4]:main():lattice-best-path.cc:99) For utterance 20030013_634, best cost 127.709 + 1535.1 = 1662.81 over 497 frames.
20030013_634 کھولے چلنے جنریشن کے ساتھ کیلئے روحانی کی نہ کر بن کر کر لائے 
LOG (lattice-best-path[5.5.907~1-cbed4]:main():lattice-best-path.cc:99) For utterance 20030013_635, best cost 182.889 + 2238.73 = 2421.62 over 734 frames.
20030013_635 پاس مٹھل کو قندیل عام کھاؤ میں بیٹھ میں اور علی مدد میراں سے کے سے صغری کریں 
LOG (lattice-best-path[5.5.907~1-cbed4]:main():lattice-best-path.cc:99) For utterance 20030013_636, best cost 153.746 + 1948.17 = 2101.92 over 657 frames.
20030013_636 قم اور بروز دشمن کی جوبلی آشنا ہونے سے گوجر کا تو ہم کا قوت 
LOG (lattice-best-path[5.5.907~1-cbed4]:main():lattice-best-path.cc:99) For utterance 20030013_637, best cost 161.041 + 2063.37 = 2224.41 over 696 frames.
20030013_637 کی خان کے شیم آنکھ میں پہنچ کر رنجیدہ مندری کی لیدر سے ماڈل بنیں ہوئی 
LOG (lattice-best-path[5.5.907~1-cbed4]:main():lattice-best-path.cc:99) For utterance 20030013_638, best cost 173.554 + 2156.44 = 2329.99 over 760 frames.
20030013_638 کام لوگو جل کی شیرٹن میں کھونے صورت اور کوٹھڑی کو کے کی کے بالاخر جج لیں 
LOG (lattice-best-path[5.5.907~1-cbed4]:main():lattice-best-path.cc:99) For utterance 20030013_639, best cost 202.978 + 2495.56 = 2698.54 over 868 frames.
20030013_639 ہیلتھ کے دفتر میں تو کے جلد سے ترچھی سے سے دینا گود کی اور کر سارز سیکھیں دب و چکھیں 
LOG (lattice-best-path[5.5.907~1-cbed4]:main():lattice-best-path.cc:99) For utterance 20030013_640, best cost 184.728 + 2516.07 = 2700.8 over 760 frames.
20030013_640 سمتھ کے نیلم پر بیٹھی کیا میثاق کی نے پیسنے کونسل کے شو والا کا پنچولی کوچ بنایا 
LOG (lattice-best-path[5.5.907~1-cbed4]:main():lattice-best-path.cc:99) For utterance 20030013_641, best cost 133.987 + 1616.27 = 1750.26 over 465 frames.
20030013_641 حقوق پھیلنے دور بڑی شعبوں کو کے آتی کالجز کاکلیں زیدی کی 
LOG (lattice-best-path[5.5.907~1-cbed4]:main():lattice-best-path.cc:99) For utterance 20030013_642, best cost 132.029 + 1853.8 = 1985.83 over 574 frames.
20030013_642 پر کو کے گدھی میں جیسی کے صدر سے اور ٹھوس کی پیداوار ہو گی 
LOG (lattice-best-path[5.5.907~1-cbed4]:main():lattice-best-path.cc:99) For utterance 20030013_643, best cost 176.775 + 2358.83 = 2535.61 over 734 frames.
20030013_643 قوس انوکھی پڑ میں مخل پر کمسن آئے اور تو وولر آپ سے ضائع کرے ڈالنے 
LOG (lattice-best-path[5.5.907~1-cbed4]:main():lattice-best-path.cc:99) For utterance 20030013_644, best cost 163.043 + 2273.22 = 2436.26 over 683 frames.
20030013_644 کے شعری لیدر چھ کنٹرول گروتھ اور زیورات پتھری کیسی پر کے سے لقب تھے 
LOG (lattice-best-path[5.5.907~1-cbed4]:main():lattice-best-path.cc:99) For utterance 20030013_645, best cost 135.056 + 1924.56 = 2059.62 over 580 frames.
20030013_645 میں دورے بکھرے سے دولت کے ساتھ گروتھ اثر کرنے کی کا آشنا کرے 
LOG (lattice-best-path[5.5.907~1-cbed4]:main():lattice-best-path.cc:99) For utterance 20030013_646, best cost 142.796 + 1963.66 = 2106.46 over 587 frames.
20030013_646 ساغر گدھوں جوس موجب نے کے باادب حیرت اور میں برابر جانے آئی 
LOG (lattice-best-path[5.5.907~1-cbed4]:main():lattice-best-path.cc:99) For utterance 20030013_647, best cost 121.253 + 1579.85 = 1701.1 over 452 frames.
20030013_647 موثر کرے کر عزیز بوم نے چھوڑ کر دور کرائے 
LOG (lattice-best-path[5.5.907~1-cbed4]:main():lattice-best-path.cc:99) For utterance 20030013_648, best cost 108.504 + 1429.42 = 1537.92 over 440 frames.
20030013_648 میلے میں دودھیا جارج تعالی سچل کے لیے پڑھوا تھا 
LOG (lattice-best-path[5.5.907~1-cbed4]:main():lattice-best-path.cc:99) For utterance 20030013_649, best cost 130.189 + 1975.54 = 2105.73 over 600 frames.
20030013_649 حقوق کو کے بسر کے بیٹھ نے کے بعد کا اور کر گہرے لگائی 
LOG (lattice-best-path[5.5.907~1-cbed4]:main():lattice-best-path.cc:99) For utterance 20030013_650, best cost 157.03 + 2146.86 = 2303.89 over 670 frames.
20030013_650 کچرے ایک لابنگ کے زیادہ ساز میں پر دینا کیا ادویات گیراج تدریس گیا ہے 
LOG (lattice-best-path[5.5.907~1-cbed4]:main():lattice-best-path.cc:99) For utterance 20030013_651, best cost 129.104 + 1738.82 = 1867.93 over 548 frames.
20030013_651 پر کو تیری میں چوتھی کو کے ایک ٹھاٹھیں اٹھنے سے پہلے صوفی تھی 
LOG (lattice-best-path[5.5.907~1-cbed4]:main():lattice-best-path.cc:99) For utterance 20030013_652, best cost 162.457 + 2239.47 = 2401.93 over 696 frames.
20030013_652 فیڈرل ایئر کیجیے طبعی اور لے کرکے نوزل میں کا پور کے سقوط تک فوجی ہے 
LOG (lattice-best-path[5.5.907~1-cbed4]:main():lattice-best-path.cc:99) For utterance 20030013_653, best cost 132.223 + 1913.06 = 2045.28 over 600 frames.
20030013_653 لو کرا ڈیسک تجزیے تعداد قرضے کے دیتے تک روز ہوا 
LOG (lattice-best-path[5.5.907~1-cbed4]:main():lattice-best-path.cc:99) For utterance 20030013_654, best cost 166.775 + 2353.78 = 2520.55 over 734 frames.
20030013_654 کر کی اور کے اشاعت سے سی اسجد جوے اور ان سے کے رولز کے میں کر میں ستھرے 
LOG (lattice-best-path[5.5.907~1-cbed4]:main():lattice-best-path.cc:99) For utterance 20030013_655, best cost 107.595 + 2042.44 = 2150.04 over 600 frames.
20030013_655 ناں بقیہ چھائی کوٹھے کر کو جانے کریش ہے 
LOG (lattice-best-path[5.5.907~1-cbed4]:main():lattice-best-path.cc:99) For utterance 20030013_656, best cost 174.073 + 2459.7 = 2633.78 over 734 frames.
20030013_656 بے سے سے دیے رغبت گینز عارضی حیرت بظاہر اور سوئے مچا رنگ کے کس کریں 
LOG (lattice-best-path[5.5.907~1-cbed4]:main():lattice-best-path.cc:99) For utterance 20030013_657, best cost 124.167 + 1730.8 = 1854.97 over 542 frames.
20030013_657 حد بلا کر ذہن کی کے کر کردار کے ساتھ سے مصر رہی 
LOG (lattice-best-path[5.5.907~1-cbed4]:main():lattice-best-path.cc:99) For utterance 20030013_658, best cost 123.179 + 1903.73 = 2026.91 over 561 frames.
20030013_658 لیجنڈ وڈ کا میں پر کی ہوئی بیس کی بعد سے وولر 
LOG (lattice-best-path[5.5.907~1-cbed4]:main():lattice-best-path.cc:99) For utterance 20030013_659, best cost 166.221 + 2107.98 = 2274.2 over 619 frames.
20030013_659 معدے عود کر بچائیں اور تھوڑی کا تنخواہ ہولوں غوث کے بعد ہوے لیے پر سوئے 
LOG (lattice-best-path[5.5.907~1-cbed4]:main():lattice-best-path.cc:99) For utterance 20030013_660, best cost 81.0656 + 1289.79 = 1370.85 over 401 frames.
20030013_660 پر بحران کے گداز لگیں ویلیو سے 
LOG (lattice-best-path[5.5.907~1-cbed4]:main():lattice-best-path.cc:99) For utterance 20030013_661, best cost 110.859 + 1297.15 = 1408.01 over 427 frames.
20030013_661 طلب لینے کے لیے بیچوں پر عمل کر کہا پر کروائیں 
LOG (lattice-best-path[5.5.907~1-cbed4]:main():lattice-best-path.cc:99) For utterance 20030013_662, best cost 135.313 + 1658.46 = 1793.77 over 529 frames.
20030013_662 کر ڈیم جو ہو قیام دیے چلے تو سے یا رکھی تجزیہ کرے 
LOG (lattice-best-path[5.5.907~1-cbed4]:main():lattice-best-path.cc:99) For utterance 20030013_663, best cost 155.619 + 2305.92 = 2461.54 over 753 frames.
20030013_663 ہیرو نے کہا چار مرتب اٹھے اور سال کی اگلے دیکھی طرحی وقوف ہوئی 
LOG (lattice-best-path[5.5.907~1-cbed4]:main():lattice-best-path.cc:99) For utterance 20030013_664, best cost 204.208 + 2227.66 = 2431.87 over 715 frames.
20030013_664 فعال اسے یا لے کے پر ریاض اب میں تھائی نبوی لے کر محلول اور گریڈ سے کر اور کے کھڑے ہو گیا 
LOG (lattice-best-path[5.5.907~1-cbed4]:main():lattice-best-path.cc:99) For utterance 20030013_665, best cost 115.017 + 1561.85 = 1676.87 over 484 frames.
20030013_665 فرائض میرے سالہ ویزے گریڈ چینی توجہ کر ہوا 
LOG (lattice-best-path[5.5.907~1-cbed4]:main():lattice-best-path.cc:99) For utterance 20030013_666, best cost 136.768 + 1724.23 = 1861 over 529 frames.
20030013_666 دوجے ہوے اور گھول سے رضا رکھاؤ کا تک سے کا خیر سکول دیئے 
LOG (lattice-best-path[5.5.907~1-cbed4]:main():lattice-best-path.cc:99) For utterance 20030013_667, best cost 110.197 + 1661.17 = 1771.37 over 504 frames.
20030013_667 تیری بے کی طرف چیچن کے دوسرے کی کوٹھی بسر ہوئی 
LOG (lattice-best-path[5.5.907~1-cbed4]:main():lattice-best-path.cc:99) For utterance 20030013_668, best cost 167.558 + 2526 = 2693.56 over 747 frames.
20030013_668 سانولے کلی کے تلے میں الجھ اور کا کچلا آتی جانا دیا سے جاؤ اعتراف 
LOG (lattice-best-path[5.5.907~1-cbed4]:main():lattice-best-path.cc:99) For utterance 20030013_669, best cost 136.534 + 1915.5 = 2052.04 over 548 frames.
20030013_669 بورڈ خسارے نو فعل کوٹھی گذر کے لیے ریزرو ڈبو ٹینک دیا 
LOG (lattice-best-path[5.5.907~1-cbed4]:main():lattice-best-path.cc:99) For utterance 20030013_670, best cost 133.391 + 1753.57 = 1886.96 over 574 frames.
20030013_670 روضے کا آخری اشرف رہتے قیصر دوا کو کوڑھ پڑتا لو 
LOG (lattice-best-path[5.5.907~1-cbed4]:main():lattice-best-path.cc:99) For utterance 20030013_671, best cost 181.446 + 2621.1 = 2802.55 over 772 frames.
20030013_671 اچھی سے پہلے سوسائٹی گڑیا نے کا ذوق فورس بغور کے سقوط چوڑی نہ تو اور تھی ہے 
LOG (lattice-best-path[5.5.907~1-cbed4]:main():lattice-best-path.cc:99) For utterance 20030013_672, best cost 139.159 + 2184.05 = 2323.21 over 632 frames.
20030013_672 انٹر میڈیسن مسئلہ دفتر کاربن سربراہ و صدر زدہ بَلّا ہے 
LOG (lattice-best-path[5.5.907~1-cbed4]:main():lattice-best-path.cc:99) For utterance 20030013_673, best cost 135.887 + 1799.82 = 1935.7 over 555 frames.
20030013_673 پڑھائی کے جھاگ دن آتی کو جو کی نذر کیا پہلی پر دبائے 
LOG (lattice-best-path[5.5.907~1-cbed4]:main():lattice-best-path.cc:99) For utterance 20030013_674, best cost 162.048 + 2673.5 = 2835.55 over 772 frames.
20030013_674 نقشوں نے پَلوں میں بھڑک آپ عرصہ لاڈ کر اور وارڈ کی اوس نے کی کوشش کی 
LOG (lattice-best-path[5.5.907~1-cbed4]:main():lattice-best-path.cc:99) For utterance 20030013_675, best cost 133.325 + 1740.92 = 1874.25 over 529 frames.
20030013_675 اور جہد ضروری کے رویہ کا سوچنے داغدار فن کا غوغا اٹھائے 
LOG (lattice-best-path[5.5.907~1-cbed4]:main():lattice-best-path.cc:99) For utterance 20030013_676, best cost 155.614 + 1938.05 = 2093.66 over 568 frames.
20030013_676 اپنی کے آئی کی سے تھنک کی جا کوئی زوال میں انگلش میں بڑے پر رکھی 
LOG (lattice-best-path[5.5.907~1-cbed4]:main():lattice-best-path.cc:99) For utterance 20030013_677, best cost 177.904 + 2936.86 = 3114.76 over 926 frames.
20030013_677 مثال میں کو لیا کی کوٹھی بولروں کر بالغوں سوئی گروپ برطانوی کی حیرت سے پہلے گیا 
LOG (lattice-best-path[5.5.907~1-cbed4]:main():lattice-best-path.cc:99) For utterance 20030013_678, best cost 197.166 + 3144.99 = 3342.15 over 971 frames.
20030013_678 سمفنی صفوں اور ڈیلی خیر براؤزر والوں سے چرانے کیلئے اور کو جلد فلیش سے مشق عشرت کریں 
LOG (lattice-best-path[5.5.907~1-cbed4]:main():lattice-best-path.cc:99) For utterance 20030013_679, best cost 111.453 + 1453.49 = 1564.94 over 446 frames.
20030013_679 کوٹھڑی اور لیڈی پر چیل آ تو صحت تیری سنچری 
LOG (lattice-best-path[5.5.907~1-cbed4]:main():lattice-best-path.cc:99) For utterance 20030013_680, best cost 184.038 + 2195.84 = 2379.88 over 683 frames.
20030013_680 <oov> جوگی اوج اوڑھا گینگز صبغت بیٹھک اور غائب والا برعکس میں میں ٹھگ اوقات سکتا ہے 
LOG (lattice-best-path[5.5.907~1-cbed4]:main():lattice-best-path.cc:99) For utterance 20030013_681, best cost 147.921 + 1845.51 = 1993.43 over 587 frames.
20030013_681 گدھا چیچن جیوئش کو کر کی کا رسولی کھول اور پر پیچیدہ اور برسوں گیا 
LOG (lattice-best-path[5.5.907~1-cbed4]:main():lattice-best-path.cc:99) For utterance 20030013_682, best cost 181.813 + 2348.11 = 2529.93 over 753 frames.
20030013_682 وی اور شو والے کی بھول کر ہجر ریگن آسان صاحب کر ہوے بھیج اور معلوم کیے 
LOG (lattice-best-path[5.5.907~1-cbed4]:main():lattice-best-path.cc:99) For utterance 20030013_683, best cost 152.257 + 2222.9 = 2375.15 over 657 frames.
20030013_683 کیلئے سے بغور ٹیچر کو تک اہل پھیرنے سی پھرتی کے کے سے نے کر گئی 
LOG (lattice-best-path[5.5.907~1-cbed4]:main():lattice-best-path.cc:99) For utterance 20030013_684, best cost 141.713 + 1768.79 = 1910.5 over 593 frames.
20030013_684 نے بری بھول خواری سے کے کیوں میں بھگو یہ پیر بلا کراؤں 
LOG (lattice-best-path[5.5.907~1-cbed4]:main():lattice-best-path.cc:99) For utterance 20030013_685, best cost 114.937 + 1390.65 = 1505.58 over 446 frames.
20030013_685 جو خلل گوجری منجھے بخشے اور سے قحط سے لنگا دو 
LOG (lattice-best-path[5.5.907~1-cbed4]:main():lattice-best-path.cc:99) For utterance 20030013_686, best cost 179.04 + 2430.71 = 2609.75 over 772 frames.
20030013_686 صرف پھینک کے سب خیلوی وی پیش عرصے دنیاوی میں کھچ کر جوش رکھو جو 
LOG (lattice-best-path[5.5.907~1-cbed4]:main():lattice-best-path.cc:99) For utterance 20030013_687, best cost 189.715 + 2379.75 = 2569.46 over 721 frames.
20030013_687 شوق کوئی سے بدسلوکی عابد گوجری لغوی اگر راستے چیف مآب کر توجہ منظور کرائی 
LOG (lattice-best-path[5.5.907~1-cbed4]:main():lattice-best-path.cc:99) For utterance 20030013_688, best cost 209.521 + 2566.76 = 2776.28 over 836 frames.
20030013_688 پر کی بلکہ چادر بل بچار پسند زیور اور دیکھیے دیکھ میں نے قانون کے قرار دیتا آگے جاؤں 
LOG (lattice-best-path[5.5.907~1-cbed4]:main():lattice-best-path.cc:99) For utterance 20030013_689, best cost 174.847 + 2350.73 = 2525.58 over 753 frames.
20030013_689 وجود اگرچہ ذخیرہ کیا جان اور جو کھول بنائیں پرسوز اور فصلیں کھجلی کر کرائے 
LOG (lattice-best-path[5.5.907~1-cbed4]:main():lattice-best-path.cc:99) For utterance 20030013_690, best cost 93.1413 + 1353.17 = 1446.31 over 414 frames.
20030013_690 کیونکہ اداکارائیں کے شبہے کچھوؤں نہیں جاتی 
LOG (lattice-best-path[5.5.907~1-cbed4]:main():lattice-best-path.cc:99) For utterance 20030013_691, best cost 149.279 + 1830.48 = 1979.75 over 606 frames.
20030013_691 کیجیے دلجوئی کے لیے اگرچہ کر بویا رینجرز عذاب کر معائنہ پھٹ قضیے 
LOG (lattice-best-path[5.5.907~1-cbed4]:main():lattice-best-path.cc:99) For utterance 20030013_692, best cost 163.024 + 2241.35 = 2404.38 over 721 frames.
20030013_692 بطخوں نظام نے کہا کے میں سے دوچار ہے لے کر قریب کے رہی کا تیرے گاؤں 
LOG (lattice-best-path[5.5.907~1-cbed4]:main():lattice-best-path.cc:99) For utterance 20030013_693, best cost 129.598 + 1450.64 = 1580.24 over 491 frames.
20030013_693 میں نے تک کے جوئیہ سے کہا کے بقایا پر گنا کر لائے مدعو 
LOG (lattice-best-path[5.5.907~1-cbed4]:main():lattice-best-path.cc:99) For utterance 20030013_694, best cost 170.812 + 1982.69 = 2153.5 over 664 frames.
20030013_694 کا رنگ کا چھوڑ آ شعر اشفاق عرصہ کو جج ایک کولسری چاقو چوہان بنائیں 
LOG (lattice-best-path[5.5.907~1-cbed4]:main():lattice-best-path.cc:99) For utterance 20030013_695, best cost 149.399 + 1679.09 = 1828.49 over 568 frames.
20030013_695 گزری جانے کسے جانے کو کیا گونگے اگر کے چنگ کو پانی میں گھول گیا 
LOG (lattice-best-path[5.5.907~1-cbed4]:main():lattice-best-path.cc:99) For utterance 20030013_696, best cost 135.376 + 1771.1 = 1906.48 over 593 frames.
20030013_696 کے شہباز سے کیا میں سے کو مصور مسوڑوں کے بنانے کیلئے پر عام کیا گیا 
LOG (lattice-best-path[5.5.907~1-cbed4]:main():lattice-best-path.cc:99) For utterance 20030013_697, best cost 135.336 + 1527.88 = 1663.22 over 497 frames.
20030013_697 بولو اور کا عود سے سیڑھیاں کن لیڈی جان کرنے کا عام ہو گا 
LOG (lattice-best-path[5.5.907~1-cbed4]:main():lattice-best-path.cc:99) For utterance 20030013_698, best cost 139.029 + 2078 = 2217.03 over 721 frames.
20030013_698 بار بم ذاد عود انکشاف آپ باعث کن جائزہ لینا ہے 
LOG (lattice-scale[5.5.907~1-cbed4]:main():lattice-scale.cc:107) Done 108 lattices.
LOG (lattice-best-path[5.5.907~1-cbed4]:main():lattice-best-path.cc:99) For utterance 20030013_699, best cost 153.248 + 1839.5 = 1992.75 over 625 frames.
20030013_699 میں جسٹس ویڈیوز کار کی جھریاں بظاہر رہزنی کے اور میں کی کا مخصوص جو 
LOG (lattice-best-path[5.5.907~1-cbed4]:main():lattice-best-path.cc:99) For utterance 20030013_700, best cost 148.97 + 1798.01 = 1946.98 over 587 frames.
20030013_700 ہوش اور سوکھی تبلیغ میں تغافل کی سوجھی جھڑک کر بو سوکھ سے اٹھیں 
LOG (lattice-best-path[5.5.907~1-cbed4]:main():lattice-best-path.cc:99) For utterance 20030013_701, best cost 190.472 + 2109.04 = 2299.51 over 728 frames.
20030013_701 مضمون بہو مان بھومی کو بدل کی تم اپنا چیز ثقل باقر موثر صحبتوں بوسن آیا 
LOG (lattice-best-path[5.5.907~1-cbed4]:main():lattice-best-path.cc:99) For utterance 20030013_702, best cost 155.87 + 2015.88 = 2171.76 over 683 frames.
20030013_702 غیر فیصلہ آپ کو قوت کی کود میں ہر ایک کھوکھلا گناہ دل بخشے 
LOG (lattice-best-path[5.5.907~1-cbed4]:main():lattice-best-path.cc:99) For utterance 20030013_703, best cost 140.943 + 1366.36 = 1507.3 over 465 frames.
20030013_703 پہلا ضائع سے تولید کی چھین کے فقروں کا غوں بار ظاہر ہوتا ہے 
LOG (lattice-add-penalty[5.5.907~1-cbed4]:main():lattice-add-penalty.cc:62) Done adding word insertion penalty to 108 lattices.
LOG (lattice-best-path[5.5.907~1-cbed4]:main():lattice-best-path.cc:99) For utterance 20030013_704, best cost 138.24 + 1933.64 = 2071.88 over 676 frames.
20030013_704 چودہ دھیمی فیشن مزارعین عذاب کیونکہ انظباتی پہلا کا پراسیس ہے 
LOG (lattice-best-path[5.5.907~1-cbed4]:main():lattice-best-path.cc:99) For utterance 20030013_705, best cost 145.11 + 1493.06 = 1638.17 over 491 frames.
20030013_705 <oov> باغ اور جگہ بنائیں قوی دلشاد پر لاگت آنسو سے بڑھ گئی 
LOG (lattice-best-path[5.5.907~1-cbed4]:main():lattice-best-path.cc:99) For utterance 20030013_706, best cost 107.61 + 1192.61 = 1300.22 over 363 frames.
20030013_706 ابو سفید اویسی یا کے دیکھیں تو مدھم مرچوں 
LOG (lattice-best-path[5.5.907~1-cbed4]:main():lattice-best-path.cc:99) For utterance 20030013_707, best cost 117.635 + 1358.7 = 1476.33 over 452 frames.
20030013_707 ماضی کو بلا ہے ثاقب بڑی اُمید ملاؤں میں ناقص ہے 
LOG (lattice-best-path[5.5.907~1-cbed4]:main():lattice-best-path.cc:99) For utterance 20030013_708, best cost 166.868 + 1924.75 = 2091.62 over 606 frames.
20030013_708 مشعر نے سے پہلے برڈ لینے مجیب بش خان رسیدہ طریقہ اب مشق سمجھا ہے 
LOG (lattice-best-path[5.5.907~1-cbed4]:main():lattice-best-path.cc:124) Overall cost per frame is 3.32269 = 0.237645 [graph] + 3.08505 [acoustic] over 71279 frames.
LOG (lattice-best-path[5.5.907~1-cbed4]:main():lattice-best-path.cc:128) Done 108 lattices, failed for 0
# Accounting: time=1 threads=1
# Ended (code 0) at Wed Apr 21 08:21:18 PKT 2021, elapsed time 1 seconds
