# lattice-scale --inv-acoustic-scale=14 "ark:gunzip -c exp/sgmm2_4_mmi_b0.1/decode_it2/lat.*.gz|" ark:- | lattice-add-penalty --word-ins-penalty=0.0 ark:- ark:- | lattice-best-path --word-symbol-table=data/lang_test/words.txt ark:- ark,t:- | utils/int2sym.pl -f 2- data/lang_test/words.txt | cat > exp/sgmm2_4_mmi_b0.1/decode_it2/scoring_kaldi/penalty_0.0/14.txt 
# Started at Wed Apr 21 08:21:16 PKT 2021
#
lattice-scale --inv-acoustic-scale=14 'ark:gunzip -c exp/sgmm2_4_mmi_b0.1/decode_it2/lat.*.gz|' ark:- 
lattice-best-path --word-symbol-table=data/lang_test/words.txt ark:- ark,t:- 
lattice-add-penalty --word-ins-penalty=0.0 ark:- ark:- 
LOG (lattice-best-path[5.5.907~1-cbed4]:main():lattice-best-path.cc:99) For utterance 20030013_601, best cost 223.394 + 3299.8 = 3523.19 over 952 frames.
20030013_601 مواضعات تک کو چیک کے طالب گہرے چمن تھری کمیٹی گڈریے ادھار انگوٹھا پڑ عام کو قبول کرنے گئی 
LOG (lattice-best-path[5.5.907~1-cbed4]:main():lattice-best-path.cc:99) For utterance 20030013_602, best cost 261.355 + 4241.81 = 4503.16 over 1201 frames.
20030013_602 دلوں وبائی اور بھیم کے نارتھ اور کیلئے پر کے ہوے کرائی کی لو بلوچی آلود سے کے گاؤ کھلیں کرنے کی شرکت سے آرزوئیں ہے 
LOG (lattice-best-path[5.5.907~1-cbed4]:main():lattice-best-path.cc:99) For utterance 20030013_603, best cost 211.889 + 3116.62 = 3328.51 over 875 frames.
20030013_603 شمشاد پر اور نزلے کی بڑا سے رکھتے عمل پر اُٹھایا اور تربیتی میں بے کوسوں پر کا رم نیچا اور کیا 
LOG (lattice-best-path[5.5.907~1-cbed4]:main():lattice-best-path.cc:99) For utterance 20030013_604, best cost 214.51 + 3083.08 = 3297.59 over 920 frames.
20030013_604 سوجھی نے نہ ای کی داؤ مون کی گڑھ پر پڑی تو کہا سے طور جا ہے کہ گھس کے نخوت اٹھا ہے 
LOG (lattice-best-path[5.5.907~1-cbed4]:main():lattice-best-path.cc:99) For utterance 20030013_605, best cost 142.119 + 2101.14 = 2243.26 over 606 frames.
20030013_605 سول کر شبہ اے جون کے پیش ایڈز میں بلبل کر تخلص گیا 
LOG (lattice-best-path[5.5.907~1-cbed4]:main():lattice-best-path.cc:99) For utterance 20030013_606, best cost 167.535 + 2287.81 = 2455.35 over 638 frames.
20030013_606 میں دین کے دماغی میں بلوں ورک سے کی اس میں کیوں کے تغافل سے کی بڑی عزیز ہے 
LOG (lattice-best-path[5.5.907~1-cbed4]:main():lattice-best-path.cc:99) For utterance 20030013_607, best cost 117.653 + 1584.11 = 1701.77 over 440 frames.
20030013_607 افضل کی ہول کا کی سب عام گھمبیر برابر نہیں سے ہے 
LOG (lattice-best-path[5.5.907~1-cbed4]:main():lattice-best-path.cc:99) For utterance 20030013_608, best cost 152.802 + 2563.81 = 2716.61 over 798 frames.
20030013_608 کو کے کے بولے مرغی کو فروش کر ڈام چُھپ جانے کی اودھم تو ہو گی 
LOG (lattice-best-path[5.5.907~1-cbed4]:main():lattice-best-path.cc:99) For utterance 20030013_609, best cost 171.671 + 2308.95 = 2480.62 over 651 frames.
20030013_609 فلیش ان میں محلوں مقدار مگر مجلس میں نکالیں اور کی ستھرے چھوڑ کا تصحیح یا کیا 
LOG (lattice-best-path[5.5.907~1-cbed4]:main():lattice-best-path.cc:99) For utterance 20030013_610, best cost 184.866 + 2794.17 = 2979.04 over 792 frames.
20030013_610 موثر پہلے فشنگ کا علی جیولری کم ان دینا نیچے کی طرف سے مرغیاں گیس سامان ہے 
LOG (lattice-best-path[5.5.907~1-cbed4]:main():lattice-best-path.cc:99) For utterance 20030013_611, best cost 152.997 + 2082.2 = 2235.2 over 580 frames.
20030013_611 خودسر پہنے تھنک اور پر نے کے کے وباؤں کو پر کلراٹھی گھوم کے ساتھ کھلے 
LOG (lattice-best-path[5.5.907~1-cbed4]:main():lattice-best-path.cc:99) For utterance 20030013_612, best cost 172.88 + 2930.3 = 3103.18 over 804 frames.
20030013_612 تبدیلی و کی لفظ سے شخصے نے ڈال بولو ہجرت سفر وفود کیلئے انکشاف کو ہے 
LOG (lattice-best-path[5.5.907~1-cbed4]:main():lattice-best-path.cc:99) For utterance 20030013_613, best cost 106.726 + 1515.93 = 1622.65 over 414 frames.
20030013_613 کا رنگ بلا کوسوں جیل برش دی میں پیدا کا 
LOG (lattice-best-path[5.5.907~1-cbed4]:main():lattice-best-path.cc:99) For utterance 20030013_614, best cost 136.821 + 1929.29 = 2066.11 over 523 frames.
20030013_614 رخ طفیل نے شیشے اور کے کرائے اور کے ساتھ حملے بغیر سن کر کیا 
LOG (lattice-best-path[5.5.907~1-cbed4]:main():lattice-best-path.cc:99) For utterance 20030013_615, best cost 226.685 + 3700.33 = 3927.01 over 1105 frames.
20030013_615 ہدایت کا شہزادی نے فلیچر مصر اثر کو بلوچ کرتے ہوئے جوبلی خان آن کی کی جیوری میں گوبر ہیڈ بنایا 
LOG (lattice-best-path[5.5.907~1-cbed4]:main():lattice-best-path.cc:99) For utterance 20030013_616, best cost 227.098 + 3480.73 = 3707.83 over 977 frames.
20030013_616 توجہ لہو آڑ فٹ میں صفوں نامور جن کو فروزاں اس کر کیسی کا تذبذب کی معطل قہقہے قرار کیا 
LOG (lattice-best-path[5.5.907~1-cbed4]:main():lattice-best-path.cc:99) For utterance 20030013_617, best cost 153.264 + 2136.46 = 2289.72 over 632 frames.
20030013_617 کا میں پر پڑے ستھرے گدھوں نے کیوں کو عابد اسے کر پھیکا ہنسیں لگا 
LOG (lattice-best-path[5.5.907~1-cbed4]:main():lattice-best-path.cc:99) For utterance 20030013_618, best cost 169.422 + 2696.03 = 2865.45 over 734 frames.
20030013_618 اور ٹھنکا بستر اور فنانس مرچوں والے آکر ساغر میں عالمی کے بعد اس کی کیا کیا ہے 
LOG (lattice-best-path[5.5.907~1-cbed4]:main():lattice-best-path.cc:99) For utterance 20030013_619, best cost 110.279 + 1606.84 = 1717.12 over 440 frames.
20030013_619 زہریلی تلخی آپ مدعیان کرنے کا سوری دیتی جا ہے 
LOG (lattice-best-path[5.5.907~1-cbed4]:main():lattice-best-path.cc:99) For utterance 20030013_620, best cost 233.389 + 3068.28 = 3301.67 over 900 frames.
20030013_620 جی ملنے پَلوں کے بولوں کو بلوں میں سموئے یا اور دھیرے مگ بوڑھوں پر پرجوش راؤ کی تیار یاں قیود 
LOG (lattice-best-path[5.5.907~1-cbed4]:main():lattice-best-path.cc:99) For utterance 20030013_621, best cost 199.988 + 2721.22 = 2921.21 over 779 frames.
20030013_621 معجل عبدالحئی سچ میں نے ہو کر سوچ ان کے معاون میں انضمام بیس اور جاتی نواز نے میں پہلوٹھی 
LOG (lattice-best-path[5.5.907~1-cbed4]:main():lattice-best-path.cc:99) For utterance 20030013_622, best cost 176.968 + 2315.95 = 2492.92 over 657 frames.
20030013_622 پوچھی برڈ میں مینگل اور کا دیتے کرے درسگاہ نغمہ رسیدہ بیڑے فارورڈ میں سے گزری 
LOG (lattice-best-path[5.5.907~1-cbed4]:main():lattice-best-path.cc:99) For utterance 20030013_623, best cost 140.371 + 1982.71 = 2123.08 over 574 frames.
20030013_623 رینجرز ہینگر درخت منافعوں آنسو برس کا مینگل نے شاہ لیے گیا 
LOG (lattice-best-path[5.5.907~1-cbed4]:main():lattice-best-path.cc:99) For utterance 20030013_624, best cost 219.548 + 2996.16 = 3215.71 over 811 frames.
20030013_624 ماؤف اثر کے نوش کو میں کے لیے سبب خاص کو رکھوا رفو عود عود تین کے چنگ کے لیے مغیث شروع تھا 
LOG (lattice-best-path[5.5.907~1-cbed4]:main():lattice-best-path.cc:99) For utterance 20030013_625, best cost 165.766 + 2714.18 = 2879.95 over 696 frames.
20030013_625 نیو ایندھن ساغر بھیڑیے کی کھال کی کا تیرے کر بکھری کی بلکہ مواد کے کو گیا 
LOG (lattice-best-path[5.5.907~1-cbed4]:main():lattice-best-path.cc:99) For utterance 20030013_626, best cost 116.228 + 1645.97 = 1762.2 over 420 frames.
20030013_626 ڈیم بش نے کو مغلیہ اعادہ تم کی ابواب سمجھا 
LOG (lattice-best-path[5.5.907~1-cbed4]:main():lattice-best-path.cc:99) For utterance 20030013_627, best cost 199.897 + 3224.42 = 3424.31 over 926 frames.
20030013_627 چھلکا خیر غلام آئی کے منگوا کے حال آن یاں سے پڑھو کے طوفاں مین نے حالات گیا 
LOG (lattice-best-path[5.5.907~1-cbed4]:main():lattice-best-path.cc:99) For utterance 20030013_628, best cost 173.219 + 2288.46 = 2461.68 over 644 frames.
20030013_628 بھگت کی تک نے بنانے کیلئے بیٹھی ٹریبیونل میں فون انگلی خوشی یاں مسخ کود تھیں 
LOG (lattice-best-path[5.5.907~1-cbed4]:main():lattice-best-path.cc:99) For utterance 20030013_629, best cost 194.874 + 3143.78 = 3338.65 over 894 frames.
20030013_629 چھیل بھیڑیے بش والوں کے آؤ کو اور میں فیری اپروچ انیق نے مردوں کا ہے جا بھیج کر آیا 
LOG (lattice-best-path[5.5.907~1-cbed4]:main():lattice-best-path.cc:99) For utterance 20030013_630, best cost 154.753 + 2339.09 = 2493.84 over 606 frames.
20030013_630 قیام پیدا نے نجی بسیار میں آکر بیچے مارچ فشنگ سے انگلی کر گیا 
LOG (lattice-best-path[5.5.907~1-cbed4]:main():lattice-best-path.cc:99) For utterance 20030013_631, best cost 193.327 + 3212.69 = 3406.02 over 843 frames.
20030013_631 سے یہ سیکھ سکول انداز ہیڈ میں دکھا کر کے فلڈ رکھنے کے تو سے موسم اور کر جھالر دکھایا 
LOG (lattice-best-path[5.5.907~1-cbed4]:main():lattice-best-path.cc:99) For utterance 20030013_632, best cost 212.871 + 3480.74 = 3693.61 over 1009 frames.
20030013_632 السی سیکھا نے کہا کے رویا کی حجت چوروں اور بیڑیاں بے بھجوا کر کھجوریں اور رسوائی جھولے بغیر گئے 
LOG (lattice-best-path[5.5.907~1-cbed4]:main():lattice-best-path.cc:99) For utterance 20030013_633, best cost 209.05 + 3286.79 = 3495.84 over 913 frames.
20030013_633 میں کرنا کے بم بار میں طویل کے لیے نیلم گھنٹے اور کی سکھی کار ضد سندھی سوئمنگ کے لیے کیجیے 
LOG (lattice-best-path[5.5.907~1-cbed4]:main():lattice-best-path.cc:99) For utterance 20030013_634, best cost 127.709 + 1864.05 = 1991.75 over 497 frames.
20030013_634 کھولے چلنے جنریشن کے ساتھ کیلئے روحانی کی نہ کر بن کر کر لائے 
LOG (lattice-best-path[5.5.907~1-cbed4]:main():lattice-best-path.cc:99) For utterance 20030013_635, best cost 187.331 + 2713.42 = 2900.75 over 734 frames.
20030013_635 پاس میں ٹریلر کو قندیل عام کھاؤ میں بیٹھ میں اور علی مدد میراں سے کے سے صغری کریں 
LOG (lattice-best-path[5.5.907~1-cbed4]:main():lattice-best-path.cc:99) For utterance 20030013_636, best cost 153.746 + 2365.64 = 2519.39 over 657 frames.
20030013_636 قم اور بروز دشمن کی جوبلی آشنا ہونے سے گوجر کا تو ہم کا قوت 
LOG (lattice-best-path[5.5.907~1-cbed4]:main():lattice-best-path.cc:99) For utterance 20030013_637, best cost 166.059 + 2500.02 = 2666.07 over 696 frames.
20030013_637 کی خان کے شیم آنکھ میں پہنچ کر رنجیدہ مندری کی لیدر سے ماڈل گریڈ ہوئی 
LOG (lattice-best-path[5.5.907~1-cbed4]:main():lattice-best-path.cc:99) For utterance 20030013_638, best cost 182.998 + 2608.55 = 2791.55 over 760 frames.
20030013_638 کام لوگو جل کی شیفرڈ رحم میں کھونے صورت اور کوٹھڑی کو کے کی کے بالاخر جج لیں 
LOG (lattice-best-path[5.5.907~1-cbed4]:main():lattice-best-path.cc:99) For utterance 20030013_639, best cost 206.314 + 3026.42 = 3232.74 over 868 frames.
20030013_639 ہیلتھ کے دفتر میں تو کے جلد سے ترچھی سے سے دینا گود کی اور کر سارز سے دیں دب و چکھیں 
LOG (lattice-best-path[5.5.907~1-cbed4]:main():lattice-best-path.cc:99) For utterance 20030013_640, best cost 184.728 + 3055.23 = 3239.96 over 760 frames.
20030013_640 سمتھ کے نیلم پر بیٹھی کیا میثاق کی نے پیسنے کونسل کے شو والا کا پنچولی کوچ بنایا 
LOG (lattice-best-path[5.5.907~1-cbed4]:main():lattice-best-path.cc:99) For utterance 20030013_641, best cost 143.332 + 1952.67 = 2096 over 465 frames.
20030013_641 حقوق پھیلنے دور بڑی شعبوں کو کے آتی کالجز کھا کر مین سے کی کی 
LOG (lattice-best-path[5.5.907~1-cbed4]:main():lattice-best-path.cc:99) For utterance 20030013_642, best cost 146.029 + 2235.44 = 2381.47 over 574 frames.
20030013_642 ہر کو کے گدھی میں جیسی کے صدر سیف بو ٹھوس کی پیداوار ہو گی 
LOG (lattice-best-path[5.5.907~1-cbed4]:main():lattice-best-path.cc:99) For utterance 20030013_643, best cost 176.775 + 2864.3 = 3041.07 over 734 frames.
20030013_643 قوس انوکھی پڑ میں مخل پر کمسن آئے اور تو وولر آپ سے ضائع کرے ڈالنے 
LOG (lattice-best-path[5.5.907~1-cbed4]:main():lattice-best-path.cc:99) For utterance 20030013_644, best cost 172.187 + 2751.04 = 2923.23 over 683 frames.
20030013_644 کے شعری لیدر چھ رپورٹ پر روئیں اور سے کرا بجلی کیسی پر کے سے لقب تھے 
LOG (lattice-best-path[5.5.907~1-cbed4]:main():lattice-best-path.cc:99) For utterance 20030013_645, best cost 146.267 + 2324.6 = 2470.86 over 580 frames.
20030013_645 میں دورے بیٹھ ایک کے دولت کے ساتھ گروتھ اثر کرنے کی کا آشنا کھلے 
LOG (lattice-best-path[5.5.907~1-cbed4]:main():lattice-best-path.cc:99) For utterance 20030013_646, best cost 142.796 + 2384.44 = 2527.24 over 587 frames.
20030013_646 ساغر گدھوں جوس موجب نے کے باادب حیرت اور میں برابر جانے آئی 
LOG (lattice-best-path[5.5.907~1-cbed4]:main():lattice-best-path.cc:99) For utterance 20030013_647, best cost 122.812 + 1916.68 = 2039.49 over 452 frames.
20030013_647 موثر کرے کر عزیز بوم نے چھوڑ کر دور کرا ہے 
LOG (lattice-best-path[5.5.907~1-cbed4]:main():lattice-best-path.cc:99) For utterance 20030013_648, best cost 108.504 + 1735.72 = 1844.22 over 440 frames.
20030013_648 میلے میں دودھیا جارج تعالی سچل کے لیے پڑھوا تھا 
LOG (lattice-best-path[5.5.907~1-cbed4]:main():lattice-best-path.cc:99) For utterance 20030013_649, best cost 130.189 + 2398.88 = 2529.07 over 600 frames.
20030013_649 حقوق کو کے بسر کے بیٹھ نے کے بعد کا اور کر گہرے لگائی 
LOG (lattice-best-path[5.5.907~1-cbed4]:main():lattice-best-path.cc:99) For utterance 20030013_650, best cost 157.03 + 2606.9 = 2763.93 over 670 frames.
20030013_650 کچرے ایک لابنگ کے زیادہ ساز میں پر دینا کیا ادویات گیراج تدریس گیا ہے 
LOG (lattice-best-path[5.5.907~1-cbed4]:main():lattice-best-path.cc:99) For utterance 20030013_651, best cost 129.104 + 2111.43 = 2240.53 over 548 frames.
20030013_651 پر کو تیری میں چوتھی کو کے ایک ٹھاٹھیں اٹھنے سے پہلے صوفی تھی 
LOG (lattice-best-path[5.5.907~1-cbed4]:main():lattice-best-path.cc:99) For utterance 20030013_652, best cost 176.09 + 2704.17 = 2880.26 over 696 frames.
20030013_652 فیڈرل ایئر کی چیزیں طبعی اور لے کرکے نوزل میں کا پور کے سقوط تک کوچ اے 
LOG (lattice-best-path[5.5.907~1-cbed4]:main():lattice-best-path.cc:99) For utterance 20030013_653, best cost 132.223 + 2323 = 2455.22 over 600 frames.
20030013_653 لو کرا ڈیسک تجزیے تعداد قرضے کے دیتے تک روز ہوا 
LOG (lattice-best-path[5.5.907~1-cbed4]:main():lattice-best-path.cc:99) For utterance 20030013_654, best cost 166.775 + 2858.16 = 3024.94 over 734 frames.
20030013_654 کر کی اور کے اشاعت سے سی اسجد جوے اور ان سے کے رولز کے میں کر میں ستھرے 
LOG (lattice-best-path[5.5.907~1-cbed4]:main():lattice-best-path.cc:99) For utterance 20030013_655, best cost 114.827 + 2472.54 = 2587.37 over 600 frames.
20030013_655 نہ عام بقیہ چھائی کوٹھے کر کو جانے کریش ہے 
LOG (lattice-best-path[5.5.907~1-cbed4]:main():lattice-best-path.cc:99) For utterance 20030013_656, best cost 181.062 + 2978.74 = 3159.8 over 734 frames.
20030013_656 بے سے سچ یہ رغبت ٹینک اسے کی اہل بظاہر اور سوئے مچا رنگ کے کس کریں 
LOG (lattice-best-path[5.5.907~1-cbed4]:main():lattice-best-path.cc:99) For utterance 20030013_657, best cost 124.167 + 2101.69 = 2225.86 over 542 frames.
20030013_657 حد بلا کر ذہن کی کے کر کردار کے ساتھ سے مصر رہی 
LOG (lattice-best-path[5.5.907~1-cbed4]:main():lattice-best-path.cc:99) For utterance 20030013_658, best cost 123.179 + 2311.67 = 2434.85 over 561 frames.
20030013_658 لیجنڈ وڈ کا میں پر کی ہوئی بیس کی بعد سے وولر 
LOG (lattice-best-path[5.5.907~1-cbed4]:main():lattice-best-path.cc:99) For utterance 20030013_659, best cost 173.083 + 2552.27 = 2725.35 over 619 frames.
20030013_659 معدے گود کر بچائیں اور تھوڑی کا کا فوم ہولوں غوث کے بعد ہوے لیے پر سوئے 
LOG (lattice-best-path[5.5.907~1-cbed4]:main():lattice-best-path.cc:99) For utterance 20030013_660, best cost 85.7417 + 1561.19 = 1646.93 over 401 frames.
20030013_660 پر بحران کے گداز لگیں ویلیو صرف 
LOG (lattice-best-path[5.5.907~1-cbed4]:main():lattice-best-path.cc:99) For utterance 20030013_661, best cost 111.195 + 1574.74 = 1685.94 over 427 frames.
20030013_661 طلب لینے کے لیے بیچوں پر عمل کر کہا کر کروائیں 
LOG (lattice-best-path[5.5.907~1-cbed4]:main():lattice-best-path.cc:99) For utterance 20030013_662, best cost 135.313 + 2013.85 = 2149.16 over 529 frames.
20030013_662 کر ڈیم جو ہو قیام دیے چلے تو سے یا رکھی تجزیہ کرے 
LOG (lattice-best-path[5.5.907~1-cbed4]:main():lattice-best-path.cc:99) For utterance 20030013_663, best cost 166.496 + 2787.94 = 2954.44 over 753 frames.
20030013_663 ہیرو نے کہا چار میں خبروں ہو کے اور سال کی اگلے دیکھی طرحی سے وقوف ہوئی 
LOG (lattice-best-path[5.5.907~1-cbed4]:main():lattice-best-path.cc:99) For utterance 20030013_664, best cost 204.208 + 2705.01 = 2909.22 over 715 frames.
20030013_664 فعال اسے یا لے کے پر ریاض اب میں تھائی نبوی لے کر محلول اور گریڈ سے کر اور کے کھڑے ہو گیا 
LOG (lattice-best-path[5.5.907~1-cbed4]:main():lattice-best-path.cc:99) For utterance 20030013_665, best cost 128.486 + 1881.8 = 2010.29 over 484 frames.
20030013_665 فرائض میرے سالہ ویزے سے گریڈ چینی تو فرض فخر ہوا 
LOG (lattice-best-path[5.5.907~1-cbed4]:main():lattice-best-path.cc:99) For utterance 20030013_666, best cost 143.834 + 2086.21 = 2230.04 over 529 frames.
20030013_666 دوجے ہوے اور گھول سے رضا رکھاؤ کا کا تک سے کا خیر سکول یہ 
LOG (lattice-best-path[5.5.907~1-cbed4]:main():lattice-best-path.cc:99) For utterance 20030013_667, best cost 110.197 + 2017.14 = 2127.34 over 504 frames.
20030013_667 تیری بے کی طرف چیچن کے دوسرے کی کوٹھی بسر ہوئی 
LOG (lattice-best-path[5.5.907~1-cbed4]:main():lattice-best-path.cc:99) For utterance 20030013_668, best cost 170.226 + 3064.52 = 3234.74 over 747 frames.
20030013_668 سانولے کلی کے تلے میں الجھ اور کا کچلا آتی جانا پیریڈ سے جاؤ اعتراف 
LOG (lattice-best-path[5.5.907~1-cbed4]:main():lattice-best-path.cc:99) For utterance 20030013_669, best cost 136.534 + 2325.97 = 2462.5 over 548 frames.
20030013_669 بورڈ خسارے نو فعل کوٹھی گذر کے لیے ریزرو ڈبو ٹینک دیا 
LOG (lattice-best-path[5.5.907~1-cbed4]:main():lattice-best-path.cc:99) For utterance 20030013_670, best cost 137.979 + 2124.33 = 2262.31 over 574 frames.
20030013_670 روضے کا آخری اشرف رہتے قیصر دوا کو کوڑھ ابھر کا لو 
LOG (lattice-best-path[5.5.907~1-cbed4]:main():lattice-best-path.cc:99) For utterance 20030013_671, best cost 186.199 + 3177.3 = 3363.5 over 772 frames.
20030013_671 اچھی سے پہلے سوسائٹی گڑیا نے کا ذوق فورس کو کھول کے سقوط چوڑی نہ تو اور تھی ہے 
LOG (lattice-best-path[5.5.907~1-cbed4]:main():lattice-best-path.cc:99) For utterance 20030013_672, best cost 143.73 + 2647.4 = 2791.13 over 632 frames.
20030013_672 انٹر میری سے مسئلہ دفتر کاربن سربراہ و صدر زدہ بَلّا ہے 
LOG (lattice-best-path[5.5.907~1-cbed4]:main():lattice-best-path.cc:99) For utterance 20030013_673, best cost 144.384 + 2176.42 = 2320.8 over 555 frames.
20030013_673 پڑھائی کے جھاگ دن آتی ہوے جو دی نذر کیا پہلی پر دبائے 
LOG (lattice-best-path[5.5.907~1-cbed4]:main():lattice-best-path.cc:99) For utterance 20030013_674, best cost 162.048 + 3246.39 = 3408.44 over 772 frames.
20030013_674 نقشوں نے پَلوں میں بھڑک آپ عرصہ لاڈ کر اور وارڈ کی اوس نے کی کوشش کی 
LOG (lattice-best-path[5.5.907~1-cbed4]:main():lattice-best-path.cc:99) For utterance 20030013_675, best cost 133.325 + 2113.97 = 2247.3 over 529 frames.
20030013_675 اور جہد ضروری کے رویہ کا سوچنے داغدار فن کا غوغا اٹھائے 
LOG (lattice-best-path[5.5.907~1-cbed4]:main():lattice-best-path.cc:99) For utterance 20030013_676, best cost 155.614 + 2353.34 = 2508.96 over 568 frames.
20030013_676 اپنی کے آئی کی سے تھنک کی جا کوئی زوال میں انگلش میں بڑے پر رکھی 
LOG (lattice-best-path[5.5.907~1-cbed4]:main():lattice-best-path.cc:99) For utterance 20030013_677, best cost 194.362 + 3548.86 = 3743.23 over 926 frames.
20030013_677 مثال میں کو لیا کی کوٹھی گول مکھن خوفزدہ موصول ہو گی گروپ برطانوی کی حیرت سے پہلے گیا 
LOG (lattice-best-path[5.5.907~1-cbed4]:main():lattice-best-path.cc:99) For utterance 20030013_678, best cost 197.166 + 3818.91 = 4016.08 over 971 frames.
20030013_678 سمفنی صفوں اور ڈیلی خیر براؤزر والوں سے چرانے کیلئے اور کو جلد فلیش سے مشق عشرت کریں 
LOG (lattice-best-path[5.5.907~1-cbed4]:main():lattice-best-path.cc:99) For utterance 20030013_679, best cost 111.453 + 1764.95 = 1876.4 over 446 frames.
20030013_679 کوٹھڑی اور لیڈی پر چیل آ تو صحت تیری سنچری 
LOG (lattice-best-path[5.5.907~1-cbed4]:main():lattice-best-path.cc:99) For utterance 20030013_680, best cost 184.038 + 2666.38 = 2850.42 over 683 frames.
20030013_680 <oov> جوگی اوج اوڑھا گینگز صبغت بیٹھک اور غائب والا برعکس میں میں ٹھگ اوقات سکتا ہے 
LOG (lattice-best-path[5.5.907~1-cbed4]:main():lattice-best-path.cc:99) For utterance 20030013_681, best cost 147.921 + 2240.98 = 2388.9 over 587 frames.
20030013_681 گدھا چیچن جیوئش کو کر کی کا رسولی کھول اور پر پیچیدہ اور برسوں گیا 
LOG (lattice-best-path[5.5.907~1-cbed4]:main():lattice-best-path.cc:99) For utterance 20030013_682, best cost 187.932 + 2843.94 = 3031.87 over 753 frames.
20030013_682 وی اور شو والے کی بھول کر ہجر ریگن آسان صاحب کر ہوے بھیج شوہر معلوم کیے 
LOG (lattice-best-path[5.5.907~1-cbed4]:main():lattice-best-path.cc:99) For utterance 20030013_683, best cost 155.083 + 2696.18 = 2851.27 over 657 frames.
20030013_683 کیلئے سے بغور ٹیچر تو تک ٹینک پھیرنے سی پھرتی کے کے سے نے کر گئی 
LOG (lattice-best-path[5.5.907~1-cbed4]:main():lattice-best-path.cc:99) For utterance 20030013_684, best cost 146.272 + 2142.37 = 2288.64 over 593 frames.
20030013_684 میں ویب کی بھول خواری جھٹکے کیوں میں بھگو یہ پیر بلا کراؤں 
LOG (lattice-best-path[5.5.907~1-cbed4]:main():lattice-best-path.cc:99) For utterance 20030013_685, best cost 118.753 + 1684.35 = 1803.1 over 446 frames.
20030013_685 جو خلل گوجری بن چیلہ شیو سے قحط سے لنگا دو 
LOG (lattice-best-path[5.5.907~1-cbed4]:main():lattice-best-path.cc:99) For utterance 20030013_686, best cost 194.514 + 2935.9 = 3130.41 over 772 frames.
20030013_686 صرف پھینک کے ایک سب خیلوی وی پیش عرصے دنیاوی میں کھچ کر جوش رکھ پوچھ و 
LOG (lattice-best-path[5.5.907~1-cbed4]:main():lattice-best-path.cc:99) For utterance 20030013_687, best cost 194.257 + 2885.14 = 3079.39 over 721 frames.
20030013_687 شوق کوئی سے بدسلوکی سے آدھے گوجری لغوی اگر راستے چیف مآب کر توجہ منظور کرائی 
LOG (lattice-best-path[5.5.907~1-cbed4]:main():lattice-best-path.cc:99) For utterance 20030013_688, best cost 209.521 + 3116.77 = 3326.3 over 836 frames.
20030013_688 پر کی بلکہ چادر بل بچار پسند زیور اور دیکھیے دیکھ میں نے قانون کے قرار دیتا آگے جاؤں 
LOG (lattice-best-path[5.5.907~1-cbed4]:main():lattice-best-path.cc:99) For utterance 20030013_689, best cost 185.481 + 2842.82 = 3028.3 over 753 frames.
20030013_689 وجود اور درجے ذخیرہ کیا جان اور جو کھول بنائیں پرسوز اور فصلیں کو جل کر خواہ ہے 
LOG (lattice-best-path[5.5.907~1-cbed4]:main():lattice-best-path.cc:99) For utterance 20030013_690, best cost 98.0485 + 1638.2 = 1736.25 over 414 frames.
20030013_690 بھگو کے اداکارائیں کے شبہے کچھوؤں نہیں جاتی 
LOG (lattice-best-path[5.5.907~1-cbed4]:main():lattice-best-path.cc:99) For utterance 20030013_691, best cost 149.279 + 2222.72 = 2372 over 606 frames.
20030013_691 کیجیے دلجوئی کے لیے اگرچہ کر بویا رینجرز عذاب کر معائنہ پھٹ قضیے 
LOG (lattice-best-path[5.5.907~1-cbed4]:main():lattice-best-path.cc:99) For utterance 20030013_692, best cost 163.024 + 2721.64 = 2884.67 over 721 frames.
20030013_692 بطخوں نظام نے کہا کے میں سے دوچار ہے لے کر قریب کے رہی کا تیرے گاؤں 
LOG (lattice-best-path[5.5.907~1-cbed4]:main():lattice-best-path.cc:99) For utterance 20030013_693, best cost 129.598 + 1761.49 = 1891.09 over 491 frames.
20030013_693 میں نے تک کے جوئیہ سے کہا کے بقایا پر گنا کر لائے مدعو 
LOG (lattice-best-path[5.5.907~1-cbed4]:main():lattice-best-path.cc:99) For utterance 20030013_694, best cost 174.662 + 2403.6 = 2578.27 over 664 frames.
20030013_694 کا رنگ کا چھوڑ آ شعر اشفاق عرصہ کو جج ایک پرسش کی چاقو چوہان بنائیں 
LOG (lattice-best-path[5.5.907~1-cbed4]:main():lattice-best-path.cc:99) For utterance 20030013_695, best cost 151.434 + 2036.58 = 2188.01 over 568 frames.
20030013_695 گزری جانے کسے جانے کو کیا گونگے اگر کے چنگ تو پانی میں گھول گیا 
LOG (lattice-best-path[5.5.907~1-cbed4]:main():lattice-best-path.cc:99) For utterance 20030013_696, best cost 145.169 + 2140.46 = 2285.63 over 593 frames.
20030013_696 کے شیعہ پاس سے کیا میں سے کو مصور مسوڑوں کے بنانے کیلئے پر عام کیا گیا 
LOG (lattice-best-path[5.5.907~1-cbed4]:main():lattice-best-path.cc:99) For utterance 20030013_697, best cost 137.796 + 1852.41 = 1990.21 over 497 frames.
20030013_697 بولو اور کا عود سے سیڑھیاں کن لیڈی جان کرنے کا عام اٹھوا 
LOG (lattice-best-path[5.5.907~1-cbed4]:main():lattice-best-path.cc:99) For utterance 20030013_698, best cost 142.146 + 2519.73 = 2661.88 over 721 frames.
20030013_698 بار بم ذاد عود انکشاف آپ باعث کن جائزہ لینے لگے 
LOG (lattice-best-path[5.5.907~1-cbed4]:main():lattice-best-path.cc:99) For utterance 20030013_699, best cost 161.013 + 2224.86 = 2385.87 over 625 frames.
20030013_699 میں جسٹس ویڈیوز کار کی جھلی نے بظاہر رہزنی دیے اور میں پھیکا مخصوص جو 
LOG (lattice-best-path[5.5.907~1-cbed4]:main():lattice-best-path.cc:99) For utterance 20030013_700, best cost 150.375 + 2181.88 = 2332.26 over 587 frames.
20030013_700 ہوش اور سوکھی تبلیغ میں تغافل کی سوجھی جھلک کر بو سوکھ سے اٹھیں 
LOG (lattice-best-path[5.5.907~1-cbed4]:main():lattice-best-path.cc:99) For utterance 20030013_701, best cost 195.379 + 2555.26 = 2750.64 over 728 frames.
20030013_701 مضمون بہو مان بھومی کو بدل کی تم اپنا چیز ثقل باقر مان سے صحبتوں بوسن آیا 
LOG (lattice-best-path[5.5.907~1-cbed4]:main():lattice-best-path.cc:99) For utterance 20030013_702, best cost 155.87 + 2447.86 = 2603.73 over 683 frames.
20030013_702 غیر فیصلہ آپ کو قوت کی کود میں ہر ایک کھوکھلا گناہ دل بخشے 
LOG (lattice-best-path[5.5.907~1-cbed4]:main():lattice-best-path.cc:99) For utterance 20030013_703, best cost 140.943 + 1659.15 = 1800.09 over 465 frames.
20030013_703 پہلا ضائع سے تولید کی چھین کے فقروں کا غوں بار ظاہر ہوتا ہے 
LOG (lattice-scale[5.5.907~1-cbed4]:main():lattice-scale.cc:107) Done 108 lattices.
LOG (lattice-best-path[5.5.907~1-cbed4]:main():lattice-best-path.cc:99) For utterance 20030013_704, best cost 145.872 + 2339.65 = 2485.52 over 676 frames.
20030013_704 چودہ کی نیز فیشن مزارعین عذاب کیونکہ انظباتی پہلا کہا پراسیس ہے 
LOG (lattice-best-path[5.5.907~1-cbed4]:main():lattice-best-path.cc:99) For utterance 20030013_705, best cost 145.11 + 1813 = 1958.11 over 491 frames.
20030013_705 <oov> باغ اور جگہ بنائیں قوی دلشاد پر لاگت آنسو سے بڑھ گئی 
LOG (lattice-best-path[5.5.907~1-cbed4]:main():lattice-best-path.cc:99) For utterance 20030013_706, best cost 107.61 + 1448.17 = 1555.78 over 363 frames.
20030013_706 ابو سفید اویسی یا کے دیکھیں تو مدھم مرچوں 
LOG (lattice-add-penalty[5.5.907~1-cbed4]:main():lattice-add-penalty.cc:62) Done adding word insertion penalty to 108 lattices.
LOG (lattice-best-path[5.5.907~1-cbed4]:main():lattice-best-path.cc:99) For utterance 20030013_707, best cost 117.635 + 1649.85 = 1767.48 over 452 frames.
20030013_707 ماضی کو بلا ہے ثاقب بڑی اُمید ملاؤں میں ناقص ہے 
LOG (lattice-best-path[5.5.907~1-cbed4]:main():lattice-best-path.cc:99) For utterance 20030013_708, best cost 166.868 + 2337.2 = 2504.07 over 606 frames.
20030013_708 مشعر نے سے پہلے برڈ لینے مجیب بش خان رسیدہ طریقہ اب مشق سمجھا ہے 
LOG (lattice-best-path[5.5.907~1-cbed4]:main():lattice-best-path.cc:124) Overall cost per frame is 3.9833 = 0.243124 [graph] + 3.74018 [acoustic] over 71279 frames.
LOG (lattice-best-path[5.5.907~1-cbed4]:main():lattice-best-path.cc:128) Done 108 lattices, failed for 0
# Accounting: time=1 threads=1
# Ended (code 0) at Wed Apr 21 08:21:17 PKT 2021, elapsed time 1 seconds
