# gunzip -c exp/tri4a_ali/decode/depth_tmp.*.gz | steps/diagnostic/analyze_lattice_depth_stats.py exp/tri4a_ali/graph exp/tri4a_ali/decode/ali_frame_tmp.gz 
# Started at Thu Apr 22 15:53:11 PKT 2021
#
The total amount of data analyzed assuming 100 frames per second is 1.3 hours
Overall, lattice depth (10,50,90-percentile)=(1,4,20) and mean=8.4
Nonsilence phones as a group account for 78.5% of frames, with lattice depth (10,50,90-percentile)=(1,4,20) and mean=8.5
Phone SIL accounts for 21.5% of frames, with lattice depth (10,50,90-percentile)=(1,4,18) and mean=8.1
Phone A_A_I accounts for 5.4% of frames, with lattice depth (10,50,90-percentile)=(1,2,14) and mean=6.1
Phone A_Y_E accounts for 4.5% of frames, with lattice depth (10,50,90-percentile)=(1,5,23) and mean=10.1
Phone A_I accounts for 4.4% of frames, with lattice depth (10,50,90-percentile)=(1,3,19) and mean=7.7
Phone K_B accounts for 3.8% of frames, with lattice depth (10,50,90-percentile)=(1,5,22) and mean=9.8
Phone I_I1_E accounts for 3.6% of frames, with lattice depth (10,50,90-percentile)=(1,5,25) and mean=10.7
Phone A_A_E accounts for 3.1% of frames, with lattice depth (10,50,90-percentile)=(1,4,18) and mean=7.7
Phone M_B accounts for 1.9% of frames, with lattice depth (10,50,90-percentile)=(1,4,20) and mean=8.6
Phone R_E accounts for 1.7% of frames, with lattice depth (10,50,90-percentile)=(1,6,28) and mean=12.4
Phone R_I accounts for 1.6% of frames, with lattice depth (10,50,90-percentile)=(1,3,18) and mean=7.5
Phone I_I accounts for 1.6% of frames, with lattice depth (10,50,90-percentile)=(1,3,21) and mean=9.0
Phone N_I accounts for 1.5% of frames, with lattice depth (10,50,90-percentile)=(1,3,18) and mean=7.2
Phone A_Y_N_E accounts for 1.5% of frames, with lattice depth (10,50,90-percentile)=(1,4,23) and mean=9.9
Phone S_B accounts for 1.5% of frames, with lattice depth (10,50,90-percentile)=(1,3,13) and mean=6.2
Phone I_I1_I accounts for 1.5% of frames, with lattice depth (10,50,90-percentile)=(1,3,21) and mean=8.8
Phone S_I accounts for 1.3% of frames, with lattice depth (10,50,90-percentile)=(1,2,10) and mean=4.9
Phone A_Y_I accounts for 1.3% of frames, with lattice depth (10,50,90-percentile)=(1,4,24) and mean=9.2
Phone O_O_I accounts for 1.3% of frames, with lattice depth (10,50,90-percentile)=(1,3,18) and mean=7.4
Phone L_I accounts for 1.3% of frames, with lattice depth (10,50,90-percentile)=(1,3,20) and mean=7.9
Phone U_U_I accounts for 1.2% of frames, with lattice depth (10,50,90-percentile)=(1,3,16) and mean=7.0
Phone O_O_E accounts for 1.2% of frames, with lattice depth (10,50,90-percentile)=(1,5,27) and mean=10.2
Phone B_B accounts for 1.1% of frames, with lattice depth (10,50,90-percentile)=(1,4,21) and mean=8.0
Phone P_B accounts for 1.0% of frames, with lattice depth (10,50,90-percentile)=(1,5,30) and mean=12.3
Phone H_I accounts for 0.9% of frames, with lattice depth (10,50,90-percentile)=(1,3,18) and mean=8.8
Phone U_I accounts for 0.9% of frames, with lattice depth (10,50,90-percentile)=(1,3,17) and mean=7.2
Phone S_H_I accounts for 0.9% of frames, with lattice depth (10,50,90-percentile)=(1,2,10) and mean=4.1
Phone H_B accounts for 0.9% of frames, with lattice depth (10,50,90-percentile)=(1,4,21) and mean=9.6
Phone N_E accounts for 0.8% of frames, with lattice depth (10,50,90-percentile)=(1,6,29) and mean=12.6
Phone J_I accounts for 0.8% of frames, with lattice depth (10,50,90-percentile)=(1,2,14) and mean=7.2
Phone Z_I accounts for 0.8% of frames, with lattice depth (10,50,90-percentile)=(1,2,12) and mean=5.6
Phone N_B accounts for 0.7% of frames, with lattice depth (10,50,90-percentile)=(1,4,17) and mean=7.9
Phone M_I accounts for 0.7% of frames, with lattice depth (10,50,90-percentile)=(1,2,15) and mean=6.4
Phone F_I accounts for 0.7% of frames, with lattice depth (10,50,90-percentile)=(1,3,20) and mean=9.2
Phone D_D_I accounts for 0.7% of frames, with lattice depth (10,50,90-percentile)=(1,2,15) and mean=6.3
Phone A_E1_I accounts for 0.6% of frames, with lattice depth (10,50,90-percentile)=(1,3,19) and mean=8.1
Phone D_D_B accounts for 0.6% of frames, with lattice depth (10,50,90-percentile)=(1,6,22) and mean=10.4
Phone T_D_I accounts for 0.6% of frames, with lattice depth (10,50,90-percentile)=(1,2,13) and mean=4.9
Phone D_Z_I accounts for 0.6% of frames, with lattice depth (10,50,90-percentile)=(1,2,15) and mean=5.9
Phone T_D_B accounts for 0.6% of frames, with lattice depth (10,50,90-percentile)=(1,5,21) and mean=8.7
Phone A_A_B accounts for 0.6% of frames, with lattice depth (10,50,90-percentile)=(1,4,16) and mean=6.7
Phone O_O_N_E accounts for 0.6% of frames, with lattice depth (10,50,90-percentile)=(1,3,17) and mean=6.8
Phone D_Z_B accounts for 0.6% of frames, with lattice depth (10,50,90-percentile)=(1,4,19) and mean=7.8
Phone V_I accounts for 0.6% of frames, with lattice depth (10,50,90-percentile)=(1,2,13) and mean=6.6
Phone F_B accounts for 0.6% of frames, with lattice depth (10,50,90-percentile)=(2,10,43) and mean=18.1
Phone O_B accounts for 0.5% of frames, with lattice depth (10,50,90-percentile)=(1,4,16) and mean=7.1
Phone B_I accounts for 0.5% of frames, with lattice depth (10,50,90-percentile)=(1,2,14) and mean=5.0
Phone T_S1_I accounts for 0.5% of frames, with lattice depth (10,50,90-percentile)=(1,2,17) and mean=8.1
Phone L_E accounts for 0.5% of frames, with lattice depth (10,50,90-percentile)=(1,6,32) and mean=12.3
Phone M_E accounts for 0.5% of frames, with lattice depth (10,50,90-percentile)=(1,6,34) and mean=11.5
# Accounting: time=1 threads=1
# Ended (code 0) at Thu Apr 22 15:53:12 PKT 2021, elapsed time 1 seconds
