# lattice-scale --inv-acoustic-scale=9 "ark:gunzip -c exp/sgmm2_4_mmi_b0.1/decode_it3/lat.*.gz|" ark:- | lattice-add-penalty --word-ins-penalty=0.0 ark:- ark:- | lattice-best-path --word-symbol-table=data/lang_test/words.txt ark:- ark,t:- | utils/int2sym.pl -f 2- data/lang_test/words.txt | cat > exp/sgmm2_4_mmi_b0.1/decode_it3/scoring_kaldi/penalty_0.0/9.txt 
# Started at Wed Apr 21 08:21:34 PKT 2021
#
lattice-add-penalty --word-ins-penalty=0.0 ark:- ark:- 
lattice-best-path --word-symbol-table=data/lang_test/words.txt ark:- ark,t:- 
lattice-scale --inv-acoustic-scale=9 'ark:gunzip -c exp/sgmm2_4_mmi_b0.1/decode_it3/lat.*.gz|' ark:- 
LOG (lattice-best-path[5.5.907~1-cbed4]:main():lattice-best-path.cc:99) For utterance 20030013_601, best cost 241.528 + 5108.25 = 5349.78 over 952 frames.
20030013_601 مثبت صیاد تک کو چیک کے طالب گہرے شو میں قریب لنگر کی گڈریے ادھار انگوٹھا پڑ عام کو قبول کرنے گئی 
LOG (lattice-best-path[5.5.907~1-cbed4]:main():lattice-best-path.cc:99) For utterance 20030013_602, best cost 274.535 + 6581.77 = 6856.31 over 1201 frames.
20030013_602 دلوں وبائی اور بھیم کے نارتھ اور کیلئے پر کے ہوے کرائی کی لو بلوچی آلود چھ کے گاؤ کھلیں کرنے کی شیڈ تک سے آرزوئیں ہے 
LOG (lattice-best-path[5.5.907~1-cbed4]:main():lattice-best-path.cc:99) For utterance 20030013_603, best cost 242.31 + 4812.42 = 5054.73 over 875 frames.
20030013_603 شے ہم شیو گھر اور نزلے کی بڑا سے رکھتے عمل پر اُٹھایا کھدر دیتی میں بیعت بسوں پر کا رم نیچا اور کیا 
LOG (lattice-best-path[5.5.907~1-cbed4]:main():lattice-best-path.cc:99) For utterance 20030013_604, best cost 219.072 + 4789.45 = 5008.52 over 920 frames.
20030013_604 سوجھی نے نہ ای کی کی داؤ مون کی گڑھ پر پڑی تو کہا سے طور جا ہے کہ گھس کے نخوت اٹھا ہے 
LOG (lattice-best-path[5.5.907~1-cbed4]:main():lattice-best-path.cc:99) For utterance 20030013_605, best cost 142.119 + 3268.4 = 3410.52 over 606 frames.
20030013_605 سول کر شبہ اے جون کے پیش ایڈز میں بلبل کر تخلص گیا 
LOG (lattice-best-path[5.5.907~1-cbed4]:main():lattice-best-path.cc:99) For utterance 20030013_606, best cost 173.82 + 3551.48 = 3725.3 over 638 frames.
20030013_606 میں دین کے دماغی میں بلوں ورک سے کی اس میں کیوں کے تغافل سخت کی بڑی عزیز ہے 
LOG (lattice-best-path[5.5.907~1-cbed4]:main():lattice-best-path.cc:99) For utterance 20030013_607, best cost 125.771 + 2452.02 = 2577.79 over 440 frames.
20030013_607 افضل یا کی ہول کا کی سب عام گھمبیر برابر نہیں سے ہے 
LOG (lattice-best-path[5.5.907~1-cbed4]:main():lattice-best-path.cc:99) For utterance 20030013_608, best cost 161.924 + 3975.43 = 4137.35 over 798 frames.
20030013_608 کو کے کے بو کے مرغی کوکھ فروش کر ڈام چُھپ جانے کی اودھم تو ہو گی 
LOG (lattice-best-path[5.5.907~1-cbed4]:main():lattice-best-path.cc:99) For utterance 20030013_609, best cost 192.695 + 3564.64 = 3757.33 over 651 frames.
20030013_609 فلیش ان میں موو علم اعتبار مگر مس نقرس اور نکالیں اور کی ستھرے چھوڑ کا تصحیح یا کیا 
LOG (lattice-best-path[5.5.907~1-cbed4]:main():lattice-best-path.cc:99) For utterance 20030013_610, best cost 184.866 + 4347.27 = 4532.13 over 792 frames.
20030013_610 موثر پہلے فشنگ کا علی جیولری کم ان دینا نیچے کی طرف سے مرغیاں گیس سامان ہے 
LOG (lattice-best-path[5.5.907~1-cbed4]:main():lattice-best-path.cc:99) For utterance 20030013_611, best cost 160.697 + 3231.69 = 3392.39 over 580 frames.
20030013_611 خودسر پہنے تھنک اور پر نے کے کے دغا و کو پر کلراٹھی گھوم کے ساتھ کھلے 
LOG (lattice-best-path[5.5.907~1-cbed4]:main():lattice-best-path.cc:99) For utterance 20030013_612, best cost 190.86 + 4534.8 = 4725.66 over 804 frames.
20030013_612 تبدیلی و کی لغو سے شخصے نے ڈال بولو ہجرت سفر تو قوت کی بے انکشاف روات ہے 
LOG (lattice-best-path[5.5.907~1-cbed4]:main():lattice-best-path.cc:99) For utterance 20030013_613, best cost 116.585 + 2346.15 = 2462.73 over 414 frames.
20030013_613 کا رنگ پر آپ کوسوں جیل برش دی نل پیدا کا 
LOG (lattice-best-path[5.5.907~1-cbed4]:main():lattice-best-path.cc:99) For utterance 20030013_614, best cost 142.759 + 2992.78 = 3135.54 over 523 frames.
20030013_614 رخ طفیل نے شیشے اور کے کرائے اور کے ساتھ حملے بغیر سمتھ عدلیہ 
LOG (lattice-best-path[5.5.907~1-cbed4]:main():lattice-best-path.cc:99) For utterance 20030013_615, best cost 243.62 + 5735.07 = 5978.69 over 1105 frames.
20030013_615 ہدایت کا شہزادی نے فلیچر مصر اثر کو بلوچ کرتے گونگے جوبلی خان آن کی کی جیوری میں گوبر ہیڈ بڑھ آیا 
LOG (lattice-best-path[5.5.907~1-cbed4]:main():lattice-best-path.cc:99) For utterance 20030013_616, best cost 252.927 + 5384.92 = 5637.85 over 977 frames.
20030013_616 توجہ لہو آڑ فٹ میں صفوں نامور جن کو فروزاں اس کر کیسی زدہ سب عود کی معاف پتہ حلف کا اقرار کیا 
LOG (lattice-best-path[5.5.907~1-cbed4]:main():lattice-best-path.cc:99) For utterance 20030013_617, best cost 153.264 + 3323.39 = 3476.65 over 632 frames.
20030013_617 کا میں پر پڑے ستھرے گدھوں نے کیوں کو عابد اسے کر پھیکا ہنسیں لگا 
LOG (lattice-best-path[5.5.907~1-cbed4]:main():lattice-best-path.cc:99) For utterance 20030013_618, best cost 192.104 + 4162.3 = 4354.41 over 734 frames.
20030013_618 کھاؤ ٹھنکا بستر اور فنانس مرچوں والے اور پڑ ساغر نے ٹھل میں کے بعد لیس کے کیا کیا ہے 
LOG (lattice-best-path[5.5.907~1-cbed4]:main():lattice-best-path.cc:99) For utterance 20030013_619, best cost 110.279 + 2499.58 = 2609.86 over 440 frames.
20030013_619 زہریلی تلخی آپ مدعیان کرنے کا سوری دیتی جا ہے 
LOG (lattice-best-path[5.5.907~1-cbed4]:main():lattice-best-path.cc:99) For utterance 20030013_620, best cost 233.389 + 4773.25 = 5006.64 over 900 frames.
20030013_620 جی ملنے پَلوں کے بولوں کو بلوں میں سموئے یا اور دھیرے مگ بوڑھوں پر پرجوش راؤ کی تیار یاں قیود 
LOG (lattice-best-path[5.5.907~1-cbed4]:main():lattice-best-path.cc:99) For utterance 20030013_621, best cost 210.775 + 4220.06 = 4430.83 over 779 frames.
20030013_621 معجل از گئی سچ میں نے اور کر سوچ ان کے معاون میں انضمام بیس اور جاتی نواز نے میں پھیل کی 
LOG (lattice-best-path[5.5.907~1-cbed4]:main():lattice-best-path.cc:99) For utterance 20030013_622, best cost 190.208 + 3587.12 = 3777.33 over 657 frames.
20030013_622 پوچھی بڑی نے میں اینڈ اور کا دیتے کرے درج ان ہما رسیدہ بیڑے فارورڈ میں سے گزری 
LOG (lattice-best-path[5.5.907~1-cbed4]:main():lattice-best-path.cc:99) For utterance 20030013_623, best cost 153.991 + 3066.08 = 3220.08 over 574 frames.
20030013_623 بے انٹر ایم کر درخت منافعوں آنسو برس کا مینگل نے شاہ لیے گیا 
LOG (lattice-best-path[5.5.907~1-cbed4]:main():lattice-best-path.cc:99) For utterance 20030013_624, best cost 226.716 + 4651.21 = 4877.93 over 811 frames.
20030013_624 ماؤف اثر کے نوش فوم نے کے لیے سبب خاص کو رکھوا رفو عود عود تین کے چنگ کے لیے مغیث شوروم تھا 
LOG (lattice-best-path[5.5.907~1-cbed4]:main():lattice-best-path.cc:99) For utterance 20030013_625, best cost 171.539 + 4214.86 = 4386.4 over 696 frames.
20030013_625 نیو ایندھن ساغر بھیڑیے کی کھال کی کا تیرے کر بکھری سی بلکہ مواد کے کو گیا 
LOG (lattice-best-path[5.5.907~1-cbed4]:main():lattice-best-path.cc:99) For utterance 20030013_626, best cost 116.228 + 2560.64 = 2676.86 over 420 frames.
20030013_626 ڈیم بش نے کو مغلیہ اعادہ تم کی ابواب سمجھا 
LOG (lattice-best-path[5.5.907~1-cbed4]:main():lattice-best-path.cc:99) For utterance 20030013_627, best cost 212.701 + 5001.1 = 5213.8 over 926 frames.
20030013_627 چھلکا خیر غلام آئی کے منگوا کے حال آن یاں زیڈ پڑھو کے طوفاں مین میں کھا رکھ گیا 
LOG (lattice-best-path[5.5.907~1-cbed4]:main():lattice-best-path.cc:99) For utterance 20030013_628, best cost 173.219 + 3560.22 = 3733.44 over 644 frames.
20030013_628 بھگت کی تک نے بنانے کیلئے بیٹھی ٹریبیونل میں فون انگلی خوشی یاں مسخ کود تھیں 
LOG (lattice-best-path[5.5.907~1-cbed4]:main():lattice-best-path.cc:99) For utterance 20030013_629, best cost 206.491 + 4876.41 = 5082.9 over 894 frames.
20030013_629 چھیل بھیڑیے بش کا رنگ کے آؤ کو اور میں فیڈر آپ روز انیق نے مردوں کا ہے جا بھیج کر آیا 
LOG (lattice-best-path[5.5.907~1-cbed4]:main():lattice-best-path.cc:99) For utterance 20030013_630, best cost 160.824 + 3630.57 = 3791.4 over 606 frames.
20030013_630 قیام پیدا نے نجی بسیار میں آکر بیچے مارچ تو چھین سے انگلی کر گیا 
LOG (lattice-best-path[5.5.907~1-cbed4]:main():lattice-best-path.cc:99) For utterance 20030013_631, best cost 203.509 + 4983.02 = 5186.53 over 843 frames.
20030013_631 سے یہ سیکھ سکول انداز ہیڈ میں وقف کا کر دے فلڈ رکھنے کے تو سے موسم اور کر جھالر دکھایا 
LOG (lattice-best-path[5.5.907~1-cbed4]:main():lattice-best-path.cc:99) For utterance 20030013_632, best cost 236.886 + 5386.74 = 5623.62 over 1009 frames.
20030013_632 السی سی جا نے کہا کے رول یہ کی حجت چوروں اور بیڑیاں بیگ بھجوا کر کھجوریں اور رسوائی جھولے بغیر بن 
LOG (lattice-best-path[5.5.907~1-cbed4]:main():lattice-best-path.cc:99) For utterance 20030013_633, best cost 218.201 + 5101.59 = 5319.79 over 913 frames.
20030013_633 میں کر ننگے بم بار میں طویل کے لیے نیلم گھنٹے اور فی سکھی کار ضد سندھی سوئمنگ کے لیے کیجیے 
LOG (lattice-best-path[5.5.907~1-cbed4]:main():lattice-best-path.cc:99) For utterance 20030013_634, best cost 144.348 + 2879.33 = 3023.68 over 497 frames.
20030013_634 کھولے شل نے جنریشن کس آنکھ کیلئے روحانی کی نہ کر بن کر کر لائے 
LOG (lattice-best-path[5.5.907~1-cbed4]:main():lattice-best-path.cc:99) For utterance 20030013_635, best cost 203.438 + 4201.63 = 4405.07 over 734 frames.
20030013_635 پاس میں ٹریلر کو قندیل عام کھاؤ میں بیٹھ میں اور علی معمر تک میراں سے کے سے سول آ کریں 
LOG (lattice-best-path[5.5.907~1-cbed4]:main():lattice-best-path.cc:99) For utterance 20030013_636, best cost 170.185 + 3657.73 = 3827.92 over 657 frames.
20030013_636 قم اور بروز دشمن کی جو بلی آنکھ شاہ ہونے سے گوجر کا تو ہم کا قوت 
LOG (lattice-best-path[5.5.907~1-cbed4]:main():lattice-best-path.cc:99) For utterance 20030013_637, best cost 178.345 + 3874.21 = 4052.56 over 696 frames.
20030013_637 بھی خان کے شیم آنکھ میں پہنچ کر رمزی لمحوں دی کی لیدر سے ماڈل گریڈ ہوئی 
LOG (lattice-best-path[5.5.907~1-cbed4]:main():lattice-best-path.cc:99) For utterance 20030013_638, best cost 203.794 + 4033.26 = 4237.06 over 760 frames.
20030013_638 کا ان لوگو جل کی شیڈ روڈ رحم میں کھونے صورت اور کوٹھڑی کو ٹیڑھے کی کے بالاخر جج لیں 
LOG (lattice-best-path[5.5.907~1-cbed4]:main():lattice-best-path.cc:99) For utterance 20030013_639, best cost 220.206 + 4689.14 = 4909.35 over 868 frames.
20030013_639 ہیلتھ کے دفتر میں تو کے جلد سے ترچھی صرف کرکے نام خود کی وارڈ کر سارز سے دیں دب و چکھیں 
LOG (lattice-best-path[5.5.907~1-cbed4]:main():lattice-best-path.cc:99) For utterance 20030013_640, best cost 201.872 + 4731.27 = 4933.14 over 760 frames.
20030013_640 سمتھ کے نیو منظر بیٹھی کیا میثاق کی نے پیسنے کونسل کے شو والا کا کا چوری کوچ لگا آیا 
LOG (lattice-best-path[5.5.907~1-cbed4]:main():lattice-best-path.cc:99) For utterance 20030013_641, best cost 143.332 + 3037.54 = 3180.87 over 465 frames.
20030013_641 حقوق پھیلنے دور بڑی شعبوں کو کے آتی کالجز کھا کر مین سے کی کی 
LOG (lattice-best-path[5.5.907~1-cbed4]:main():lattice-best-path.cc:99) For utterance 20030013_642, best cost 154.188 + 3467.98 = 3622.17 over 574 frames.
20030013_642 ہر کو کے گدھی میں جس سیسے صدر سیف بو ٹھوس کی پیداوار ہوتی 
LOG (lattice-best-path[5.5.907~1-cbed4]:main():lattice-best-path.cc:99) For utterance 20030013_643, best cost 200.021 + 4426.15 = 4626.17 over 734 frames.
20030013_643 اب قوس بنا قل پڑ میں مخل فائر کمسن آئے اور تو وولر آپ سے ضائع کرے ڈال ہے 
LOG (lattice-best-path[5.5.907~1-cbed4]:main():lattice-best-path.cc:99) For utterance 20030013_644, best cost 191.5 + 4256.46 = 4447.96 over 683 frames.
20030013_644 کے شعری لیدر چھ گریڈ گول پر روئیں اور سے کرا بچے کی کیسی پر کے سے لقب تیرے 
LOG (lattice-best-path[5.5.907~1-cbed4]:main():lattice-best-path.cc:99) For utterance 20030013_645, best cost 160.893 + 3596.44 = 3757.34 over 580 frames.
20030013_645 میں دورے بیٹھ ایک کے دولت کے سائبان روزوں سخت کر کرنے کی کا آشنا کھلے 
LOG (lattice-best-path[5.5.907~1-cbed4]:main():lattice-best-path.cc:99) For utterance 20030013_646, best cost 162.871 + 3684.51 = 3847.38 over 587 frames.
20030013_646 ساغر گا کو جوس موجب نے کے بعد لغو بے رواں میں برابر الزام یہ آئی 
LOG (lattice-best-path[5.5.907~1-cbed4]:main():lattice-best-path.cc:99) For utterance 20030013_647, best cost 129.879 + 2972.17 = 3102.05 over 452 frames.
20030013_647 موثر کر ایس انداز ایک بوم نے چھوڑ کر دور کرا ہے 
LOG (lattice-best-path[5.5.907~1-cbed4]:main():lattice-best-path.cc:99) For utterance 20030013_648, best cost 108.504 + 2700.38 = 2808.88 over 440 frames.
20030013_648 میلے میں دودھیا جارج تعالی سچل کے لیے پڑھوا تھا 
LOG (lattice-best-path[5.5.907~1-cbed4]:main():lattice-best-path.cc:99) For utterance 20030013_649, best cost 156.853 + 3699.05 = 3855.9 over 600 frames.
20030013_649 کوکھ ہو کو کے گز کر کے بیٹھ نے کے بعد کا وارڈ کر گہرے لگائی کیے 
LOG (lattice-best-path[5.5.907~1-cbed4]:main():lattice-best-path.cc:99) For utterance 20030013_650, best cost 165.205 + 4045.57 = 4210.77 over 670 frames.
20030013_650 کچرے ایک لابنگ کے زیادہ ساز نیا کرکے نہ کیا ادویات گیراج تدریس گیا ہے 
LOG (lattice-best-path[5.5.907~1-cbed4]:main():lattice-best-path.cc:99) For utterance 20030013_651, best cost 134.276 + 3277.68 = 3411.96 over 548 frames.
20030013_651 غلیل کو تیری میں چوتھی کو کے ایک ٹھاٹھیں اٹھنے سے پہلے صوفی تھی 
LOG (lattice-best-path[5.5.907~1-cbed4]:main():lattice-best-path.cc:99) For utterance 20030013_652, best cost 191.833 + 4184.52 = 4376.36 over 696 frames.
20030013_652 فیڈرل ایئر کی چیزیں تھر گئی اور لے کرکے نو لا میں کا پور کے سقوط تک کوچ اے 
LOG (lattice-best-path[5.5.907~1-cbed4]:main():lattice-best-path.cc:99) For utterance 20030013_653, best cost 146.537 + 3593.7 = 3740.24 over 600 frames.
20030013_653 لو کرا ڈیسک تجزیے تعداد قرضے کے کے تھری گے تک روز ہوا 
LOG (lattice-best-path[5.5.907~1-cbed4]:main():lattice-best-path.cc:99) For utterance 20030013_654, best cost 174.99 + 4436.75 = 4611.74 over 734 frames.
20030013_654 کر فی اور کے اشاعت سے سی اسجد جوے اور ان سے کیلئے رولز کے میں کر میں ستھرے 
LOG (lattice-best-path[5.5.907~1-cbed4]:main():lattice-best-path.cc:99) For utterance 20030013_655, best cost 114.827 + 3846.2 = 3961.02 over 600 frames.
20030013_655 نہ عام بقیہ چھائی کوٹھے کر کو جانے کریش ہے 
LOG (lattice-best-path[5.5.907~1-cbed4]:main():lattice-best-path.cc:99) For utterance 20030013_656, best cost 187.535 + 4625.2 = 4812.73 over 734 frames.
20030013_656 بے سے سچ یہ رغبت بینک اسے کی حیرت بظاہر اور سوئے مچا رنگ دیکھ کس کریں 
LOG (lattice-best-path[5.5.907~1-cbed4]:main():lattice-best-path.cc:99) For utterance 20030013_657, best cost 129.678 + 3262.57 = 3392.24 over 542 frames.
20030013_657 حد بلا کر ذہن کی کے کر کردار کی حد سے مصر رہی 
LOG (lattice-best-path[5.5.907~1-cbed4]:main():lattice-best-path.cc:99) For utterance 20030013_658, best cost 128.297 + 3589.76 = 3718.05 over 561 frames.
20030013_658 لیجنڈ وڈ کا میں ورلڈ کی ہوئی بیس کی بعد سے وولر 
LOG (lattice-best-path[5.5.907~1-cbed4]:main():lattice-best-path.cc:99) For utterance 20030013_659, best cost 177.277 + 3964.96 = 4142.24 over 619 frames.
20030013_659 مل کے گود کر بچائیں اور تھوڑی کا کا فوم ہولوں غوث کے بعد ہوے لیے پر سوئے 
LOG (lattice-best-path[5.5.907~1-cbed4]:main():lattice-best-path.cc:99) For utterance 20030013_660, best cost 89.1599 + 2424.13 = 2513.29 over 401 frames.
20030013_660 اب بحران کے گداز لگیں ویلیو صرف 
LOG (lattice-best-path[5.5.907~1-cbed4]:main():lattice-best-path.cc:99) For utterance 20030013_661, best cost 113.543 + 2446.68 = 2560.23 over 427 frames.
20030013_661 طلب لینے کے لیے بے شبہ عمل کر کہا کر کروائیں 
LOG (lattice-best-path[5.5.907~1-cbed4]:main():lattice-best-path.cc:99) For utterance 20030013_662, best cost 139.248 + 3127.43 = 3266.68 over 529 frames.
20030013_662 کر ڈیم جو ہو قیام دیے چلے تو سے یا رکھی تجزیہ بکھرے 
LOG (lattice-best-path[5.5.907~1-cbed4]:main():lattice-best-path.cc:99) For utterance 20030013_663, best cost 166.496 + 4337.27 = 4503.76 over 753 frames.
20030013_663 ہیرو نے کہا چار میں خبروں ہو کے اور سال کی اگلے دیکھی طرحی سے وقوف ہوئی 
LOG (lattice-best-path[5.5.907~1-cbed4]:main():lattice-best-path.cc:99) For utterance 20030013_664, best cost 207.998 + 4202.84 = 4410.84 over 715 frames.
20030013_664 فعال اسے یا لے کے پر ریاض اب میں تھائی نبوی لے کر زور رپورٹ گریڈ سے کر اور کے کھڑے ہو گیا 
LOG (lattice-best-path[5.5.907~1-cbed4]:main():lattice-best-path.cc:99) For utterance 20030013_665, best cost 133.404 + 2922.37 = 3055.78 over 484 frames.
20030013_665 فرائض میرے سالہ ویزے سے گریڈ شعری تو فرض فخر گو 
LOG (lattice-best-path[5.5.907~1-cbed4]:main():lattice-best-path.cc:99) For utterance 20030013_666, best cost 151.733 + 3234.7 = 3386.44 over 529 frames.
20030013_666 دو میں سے ہوے اور گھول سے رضا رکھاؤ کا کا تک سے کا خیر سکول یہ 
LOG (lattice-best-path[5.5.907~1-cbed4]:main():lattice-best-path.cc:99) For utterance 20030013_667, best cost 118.244 + 3128.14 = 3246.38 over 504 frames.
20030013_667 تیری بے کی طرف سے سے میں کے بھول سے کی کوٹھی بسر ہوئی 
LOG (lattice-best-path[5.5.907~1-cbed4]:main():lattice-best-path.cc:99) For utterance 20030013_668, best cost 210.316 + 4724.6 = 4934.91 over 747 frames.
20030013_668 سانولے کرو لیے کے تلے میں ابھرے رضا جور کا پیش لا قاضی جانا دیا چل جاؤ اعتراف 
LOG (lattice-best-path[5.5.907~1-cbed4]:main():lattice-best-path.cc:99) For utterance 20030013_669, best cost 146.699 + 3606.09 = 3752.79 over 548 frames.
20030013_669 بورڈ خسارے نو فعل کوڈ میں اس گذر کے لیے ریزرو ڈبو ٹینک دیا 
LOG (lattice-best-path[5.5.907~1-cbed4]:main():lattice-best-path.cc:99) For utterance 20030013_670, best cost 139.327 + 3303.07 = 3442.4 over 574 frames.
20030013_670 روضے کا آخری اشرف رہتے قیصر کنواں کو کوڑھ ابھر کا لو 
LOG (lattice-best-path[5.5.907~1-cbed4]:main():lattice-best-path.cc:99) For utterance 20030013_671, best cost 190.737 + 4937.54 = 5128.27 over 772 frames.
20030013_671 اچھی سے پہلے سوسائٹی گڑیا نے کا ذوق فورس کو کھول کے سقوط چوڑی نجات و اور تھی ہے 
LOG (lattice-best-path[5.5.907~1-cbed4]:main():lattice-best-path.cc:99) For utterance 20030013_672, best cost 154.228 + 4104.57 = 4258.8 over 632 frames.
20030013_672 انٹر میری سے مسئلہ دفتر کام والو سربراہ و صدر زدہ پہلا ہے 
LOG (lattice-best-path[5.5.907~1-cbed4]:main():lattice-best-path.cc:99) For utterance 20030013_673, best cost 144.384 + 3385.98 = 3530.36 over 555 frames.
20030013_673 پڑھائی کے جھاگ دن آتی ہوے جو دی نذر کیا پہلی پر دبائے 
LOG (lattice-best-path[5.5.907~1-cbed4]:main():lattice-best-path.cc:99) For utterance 20030013_674, best cost 167.79 + 5044.49 = 5212.28 over 772 frames.
20030013_674 نقشوں نے پَلوں میں بھڑک آپ عرصہ لاڈ کر قم وارڈ کی اوس نے کی کوشش کی 
LOG (lattice-best-path[5.5.907~1-cbed4]:main():lattice-best-path.cc:99) For utterance 20030013_675, best cost 146.067 + 3270.7 = 3416.76 over 529 frames.
20030013_675 اور جہد دور اولی کے رویہ کا سوچنے پتہ اور فن کا غوغا اٹھائے 
LOG (lattice-best-path[5.5.907~1-cbed4]:main():lattice-best-path.cc:99) For utterance 20030013_676, best cost 161.557 + 3653.35 = 3814.91 over 568 frames.
20030013_676 اپنی کے آئی کی سیلز تھنک کی جا کوئی زوال میں انگلش میں بڑے پر رکھی 
LOG (lattice-best-path[5.5.907~1-cbed4]:main():lattice-best-path.cc:99) For utterance 20030013_677, best cost 214.601 + 5495.38 = 5709.98 over 926 frames.
20030013_677 مثال میں کوئی لیا کی کوٹھی گول میں کر خاں بنگلہ موصول ہو گی گروپ برطانوی کی حیرت فیتھ اہل گیا 
LOG (lattice-best-path[5.5.907~1-cbed4]:main():lattice-best-path.cc:99) For utterance 20030013_678, best cost 201.848 + 5933.38 = 6135.23 over 971 frames.
20030013_678 سمفنی صفوں اور ڈیلی خیر براؤزر والوں سے چرانے کیلئے ہیڈ کو جلد فلیش سے مشق عشرت کریں 
LOG (lattice-best-path[5.5.907~1-cbed4]:main():lattice-best-path.cc:99) For utterance 20030013_679, best cost 111.453 + 2745.85 = 2857.3 over 446 frames.
20030013_679 کوٹھڑی اور لیڈی پر چیل آ تو صحت تیری سنچری 
LOG (lattice-best-path[5.5.907~1-cbed4]:main():lattice-best-path.cc:99) For utterance 20030013_680, best cost 199.995 + 4124.56 = 4324.55 over 683 frames.
20030013_680 <oov> جوگی اوج اوڑھا گینگز صبغت پٹھوں طور لائے اخبار آ برعکس میں میں ٹھگ اوقات سکتا ہے 
LOG (lattice-best-path[5.5.907~1-cbed4]:main():lattice-best-path.cc:99) For utterance 20030013_681, best cost 152.3 + 3481.34 = 3633.64 over 587 frames.
20030013_681 گدھا چیچن جیوئش کو کر کی تھا رسولی کھول اور پر پیچیدہ اور برسوں گیا 
LOG (lattice-best-path[5.5.907~1-cbed4]:main():lattice-best-path.cc:99) For utterance 20030013_682, best cost 192.074 + 4419.13 = 4611.21 over 753 frames.
20030013_682 وی اور شو والے کی بھوت کر ہجر ریگن آسان صاحب کر بوئے بھیج شوہر معلوم کیے 
LOG (lattice-best-path[5.5.907~1-cbed4]:main():lattice-best-path.cc:99) For utterance 20030013_683, best cost 158.526 + 4190.06 = 4348.58 over 657 frames.
20030013_683 کئے سے بغور ٹیچر تو تک ٹینک پھیرنے سی پھرتی کے کے سے نے کر گئی 
LOG (lattice-best-path[5.5.907~1-cbed4]:main():lattice-best-path.cc:99) For utterance 20030013_684, best cost 150.107 + 3327.6 = 3477.71 over 593 frames.
20030013_684 میں ویب کی بھول خواری سیٹھ کے کیوں میں بھگو یہ پیر بلا کراؤں 
LOG (lattice-best-path[5.5.907~1-cbed4]:main():lattice-best-path.cc:99) For utterance 20030013_685, best cost 123.407 + 2613.2 = 2736.6 over 446 frames.
20030013_685 جو خلل گوجری بن شیر بخشے اور سے قحط سے لنگا دو 
LOG (lattice-best-path[5.5.907~1-cbed4]:main():lattice-best-path.cc:99) For utterance 20030013_686, best cost 203.11 + 4556.05 = 4759.16 over 772 frames.
20030013_686 صرف پھینک کے ایک سب خیلوی وی پیش عرصے دنیا دی میں کھچ کر جوش رکھ پوچھ و 
LOG (lattice-best-path[5.5.907~1-cbed4]:main():lattice-best-path.cc:99) For utterance 20030013_687, best cost 205.064 + 4475.35 = 4680.41 over 721 frames.
20030013_687 شوق کوئی سے بدسلوکی سے آدھے گوجری دو قبل اگر آ سے چیف مآب کر توجہ منظور کرائی 
LOG (lattice-best-path[5.5.907~1-cbed4]:main():lattice-best-path.cc:99) For utterance 20030013_688, best cost 219.862 + 4834.57 = 5054.44 over 836 frames.
20030013_688 پر کی بلکہ چادر بل بچار پسند زیور اور دیکھی کے دیکھ میں وہاب ہوم کے قرار دیتا اور اے جاؤں 
LOG (lattice-best-path[5.5.907~1-cbed4]:main():lattice-best-path.cc:99) For utterance 20030013_689, best cost 208.23 + 4395.76 = 4603.99 over 753 frames.
20030013_689 وجود اور درج اجزا کی رتھ کیا جان و جو کھول بنائیں بسوں سب فصلیں کو جل کر خواہ ہے 
LOG (lattice-best-path[5.5.907~1-cbed4]:main():lattice-best-path.cc:99) For utterance 20030013_690, best cost 111.084 + 2528.34 = 2639.42 over 414 frames.
20030013_690 بھگو کے اداکارائیں کے شور بے کچھ ہوے نہیں جاتی 
LOG (lattice-best-path[5.5.907~1-cbed4]:main():lattice-best-path.cc:99) For utterance 20030013_691, best cost 154.334 + 3451.7 = 3606.04 over 606 frames.
20030013_691 کیجیے دلجوئی کے لیے اگرچہ کر دھوئے اور رینجرز ازالہ کر معائنہ پھٹ قضیے 
LOG (lattice-best-path[5.5.907~1-cbed4]:main():lattice-best-path.cc:99) For utterance 20030013_692, best cost 163.024 + 4233.92 = 4396.94 over 721 frames.
20030013_692 بطخوں نظام نے کہا کے میں سے دوچار ہے لے کر قریب کے رہی کا تیرے گاؤں 
LOG (lattice-best-path[5.5.907~1-cbed4]:main():lattice-best-path.cc:99) For utterance 20030013_693, best cost 131.022 + 2738.51 = 2869.54 over 491 frames.
20030013_693 میں میں حد کے جوئیہ سے کہا کے بقایا پر گنا کر لائے مدعو 
LOG (lattice-best-path[5.5.907~1-cbed4]:main():lattice-best-path.cc:99) For utterance 20030013_694, best cost 192.503 + 3715.6 = 3908.11 over 664 frames.
20030013_694 کر رم کا چھوڑ آ شعر اشفاق عرصہ کو جج ایک پرسش چیک شاخ فوجوں بند بنائیں 
LOG (lattice-best-path[5.5.907~1-cbed4]:main():lattice-best-path.cc:99) For utterance 20030013_695, best cost 155.885 + 3163.45 = 3319.33 over 568 frames.
20030013_695 گزری کی جانے کسے جانے کو کیا گونگے اگر کے چنگ تو پانی میں گھول گیا 
LOG (lattice-best-path[5.5.907~1-cbed4]:main():lattice-best-path.cc:99) For utterance 20030013_696, best cost 149.445 + 3324.09 = 3473.53 over 593 frames.
20030013_696 کے شیعہ پاس سے کیا میں سے کو مس میں مسوڑوں کے بنانے کیلئے پر عام کیا گیا 
LOG (lattice-best-path[5.5.907~1-cbed4]:main():lattice-best-path.cc:99) For utterance 20030013_697, best cost 137.796 + 2881.68 = 3019.48 over 497 frames.
20030013_697 بولو اور کا عود سے سیڑھیاں کن لیڈی جان کرنے کا عام اٹھوا 
LOG (lattice-best-path[5.5.907~1-cbed4]:main():lattice-best-path.cc:99) For utterance 20030013_698, best cost 156.513 + 3903.12 = 4059.63 over 721 frames.
20030013_698 بار بم ذاد عود بھی انکشاف آپ باعث کن جائزہ لینے لغو ہے 
LOG (lattice-best-path[5.5.907~1-cbed4]:main():lattice-best-path.cc:99) For utterance 20030013_699, best cost 164.621 + 3456.89 = 3621.51 over 625 frames.
20030013_699 میں جسٹس ویڈیوز کار کی جھلی نے بظاہر رہزنی دیے اور میں دی کا مخصوص جو 
LOG (lattice-best-path[5.5.907~1-cbed4]:main():lattice-best-path.cc:99) For utterance 20030013_700, best cost 150.621 + 3393.6 = 3544.22 over 587 frames.
20030013_700 گوشوں اور سوکھی تبلیغ میں تغافل کی سوجھی جھلک کر بو سوکھ سے اٹھیں 
LOG (lattice-best-path[5.5.907~1-cbed4]:main():lattice-best-path.cc:99) For utterance 20030013_701, best cost 203.641 + 3964.76 = 4168.41 over 728 frames.
20030013_701 مضمون بہو مان بھومی کو بدل کی تم اپنا چیز سے قل باقر مان سے صحبتوں کو سمتھ آیا 
LOG (lattice-best-path[5.5.907~1-cbed4]:main():lattice-best-path.cc:99) For utterance 20030013_702, best cost 167.071 + 3792.71 = 3959.78 over 683 frames.
20030013_702 غیر فیصلہ اب اور قوت کی کود میں ہر ایک کھوکھلا گناہ دل بخشے و 
LOG (lattice-best-path[5.5.907~1-cbed4]:main():lattice-best-path.cc:99) For utterance 20030013_703, best cost 140.943 + 2580.97 = 2721.91 over 465 frames.
20030013_703 پہلا ضائع سے تولید کی چھین کے فقروں کا غوں بار ظاہر ہوتا ہے 
LOG (lattice-scale[5.5.907~1-cbed4]:main():lattice-scale.cc:107) Done 108 lattices.
LOG (lattice-best-path[5.5.907~1-cbed4]:main():lattice-best-path.cc:99) For utterance 20030013_704, best cost 145.872 + 3640.23 = 3786.1 over 676 frames.
20030013_704 چودہ کی نیز فیشن مزارعین عذاب کیونکہ انظباتی پہلا کہا پراسیس ہے 
LOG (lattice-best-path[5.5.907~1-cbed4]:main():lattice-best-path.cc:99) For utterance 20030013_705, best cost 153.505 + 2808.05 = 2961.56 over 491 frames.
20030013_705 <oov> باغ اور جگہ بن مان قوی دلشاد پر لاگت آنسو سے بڑھ گئی 
LOG (lattice-best-path[5.5.907~1-cbed4]:main():lattice-best-path.cc:99) For utterance 20030013_706, best cost 107.61 + 2252.6 = 2360.21 over 363 frames.
20030013_706 ابو سفید اویسی یا کے دیکھیں تو مدھم مرچوں 
LOG (lattice-best-path[5.5.907~1-cbed4]:main():lattice-best-path.cc:99) For utterance 20030013_707, best cost 130.201 + 2549.83 = 2680.03 over 452 frames.
20030013_707 ماضی کو بلا ہے ثاقب بڑی کی نیز ملاؤں مین آپ رہے 
LOG (lattice-best-path[5.5.907~1-cbed4]:main():lattice-best-path.cc:99) For utterance 20030013_708, best cost 167.983 + 3634.63 = 3802.61 over 606 frames.
20030013_708 مشعر نے سے پہلے برڈ لینے مجیب بش خان رسیدہ طریقہ از مشق سمجھا ہے 
LOG (lattice-add-penalty[5.5.907~1-cbed4]:main():lattice-add-penalty.cc:62) Done adding word insertion penalty to 108 lattices.
LOG (lattice-best-path[5.5.907~1-cbed4]:main():lattice-best-path.cc:124) Overall cost per frame is 6.05777 = 0.25705 [graph] + 5.80072 [acoustic] over 71279 frames.
LOG (lattice-best-path[5.5.907~1-cbed4]:main():lattice-best-path.cc:128) Done 108 lattices, failed for 0
# Accounting: time=1 threads=1
# Ended (code 0) at Wed Apr 21 08:21:35 PKT 2021, elapsed time 1 seconds
