# lattice-scale --inv-acoustic-scale=7 "ark:gunzip -c exp/tri1/decode/lat.*.gz|" ark:- | lattice-add-penalty --word-ins-penalty=1.0 ark:- ark:- | lattice-best-path --word-symbol-table=exp/tri1/graph/words.txt ark:- ark,t:- | utils/int2sym.pl -f 2- exp/tri1/graph/words.txt | cat > exp/tri1/decode/scoring_kaldi/penalty_1.0/7.txt 
# Started at Wed Apr 21 06:49:48 PKT 2021
#
lattice-add-penalty --word-ins-penalty=1.0 ark:- ark:- 
lattice-scale --inv-acoustic-scale=7 'ark:gunzip -c exp/tri1/decode/lat.*.gz|' ark:- 
lattice-best-path --word-symbol-table=exp/tri1/graph/words.txt ark:- ark,t:- 
LOG (lattice-best-path[5.5.907~1-cbed4]:main():lattice-best-path.cc:99) For utterance 20030013_601, best cost 268.447 + 11327.2 = 11595.7 over 952 frames.
20030013_601 رغبت صیاد تک فوجی کے طالب ڈیرے شو میں تھیلی لنگر ای کو لیلی خودسر امور کا پڑا و کو قبول کرنے گئے 
LOG (lattice-best-path[5.5.907~1-cbed4]:main():lattice-best-path.cc:99) For utterance 20030013_602, best cost 325.413 + 14523 = 14848.5 over 1201 frames.
20030013_602 دلوں باب کو آئیوڈین کے انار اور کھلے پر رتھ کے ہوے آڑ آئی کی لو بخشی آلود شے کے گاؤ گرہیں کرنے کی شیو تک سے آرزوئیں ہے 
LOG (lattice-best-path[5.5.907~1-cbed4]:main():lattice-best-path.cc:99) For utterance 20030013_603, best cost 269.258 + 10594.7 = 10863.9 over 875 frames.
20030013_603 شمسی ابھر اور نزلے کی کی بڑا اس کے رہتے عمل پر بڈھا وعدہ دیتی نے ڈے کوسوں پر کر رم بھجوا ورک لیے 
LOG (lattice-best-path[5.5.907~1-cbed4]:main():lattice-best-path.cc:99) For utterance 20030013_604, best cost 229.893 + 10823.5 = 11053.4 over 920 frames.
20030013_604 سوجھی مین آئے لیچی داؤ مون گیدڑ پر پڑی تو کہا سے طور چاہے کے گھس کن آخری اٹھائے 
LOG (lattice-best-path[5.5.907~1-cbed4]:main():lattice-best-path.cc:99) For utterance 20030013_605, best cost 172.304 + 7155.65 = 7327.95 over 606 frames.
20030013_605 سول کر شو کو آئے جون کیفے شیر مین رول لوٹ کر داخل دیتا 
LOG (lattice-best-path[5.5.907~1-cbed4]:main():lattice-best-path.cc:99) For utterance 20030013_606, best cost 196.986 + 7668.17 = 7865.15 over 638 frames.
20030013_606 نہ دین کے دماغی میں بلوں ورک سے کی اثنا کیوں کے داغ کو اوس کی بڑی عزیز ہے 
LOG (lattice-best-path[5.5.907~1-cbed4]:main():lattice-best-path.cc:99) For utterance 20030013_607, best cost 136.713 + 5320.64 = 5457.35 over 440 frames.
20030013_607 اب سرحد کی ہول کا کی دب عام گھمبیر ناغہ نہیں سے ہے 
LOG (lattice-best-path[5.5.907~1-cbed4]:main():lattice-best-path.cc:99) For utterance 20030013_608, best cost 185.843 + 9207.76 = 9393.61 over 798 frames.
20030013_608 کو قے کے بو ڈیم اور کو خرچ کا ڈام چست جانے کی الجھے ان تو ہو گی 
LOG (lattice-best-path[5.5.907~1-cbed4]:main():lattice-best-path.cc:99) For utterance 20030013_609, best cost 217.652 + 7808 = 8025.65 over 651 frames.
20030013_609 فلیش ان میں محلوں میت بار مگر مشق نقرس سنیں نکال حفیظ تو کے چھور کا تصحیح یا کیا 
LOG (lattice-best-path[5.5.907~1-cbed4]:main():lattice-best-path.cc:99) For utterance 20030013_610, best cost 179.728 + 9555.06 = 9734.79 over 792 frames.
20030013_610 موثر اہل ایجنسیوں کا افیون کی وومن بَلّا نیچے کی طرف سے وعدے یا تساہل ہے 
LOG (lattice-best-path[5.5.907~1-cbed4]:main():lattice-best-path.cc:99) For utterance 20030013_611, best cost 183.875 + 6999.83 = 7183.71 over 580 frames.
20030013_611 گذر پہنے دھینگا خوف کر نے کے کے دب آؤ کو پر بردار کی ہوم کے ساتھ کھلے 
LOG (lattice-best-path[5.5.907~1-cbed4]:main():lattice-best-path.cc:99) For utterance 20030013_612, best cost 207.055 + 9818.49 = 10025.5 over 804 frames.
20030013_612 تبدیلی اور کی لغو جس سے نکالیں دن روہی کرا سفر روئیں قوت کی بیوی چَھپ کو ہے 
LOG (lattice-best-path[5.5.907~1-cbed4]:main():lattice-best-path.cc:99) For utterance 20030013_613, best cost 123.603 + 5021.22 = 5144.82 over 414 frames.
20030013_613 خیام قل آپ ٹھونس اور جیل خروش سینئر پیدا کہا 
LOG (lattice-best-path[5.5.907~1-cbed4]:main():lattice-best-path.cc:99) For utterance 20030013_614, best cost 141.998 + 6433.1 = 6575.09 over 523 frames.
20030013_614 حدود پھیلیں میں ریچھوں کے گائیوں کے ساتھ کمرے بغیر سلور کر لیا 
LOG (lattice-best-path[5.5.907~1-cbed4]:main():lattice-best-path.cc:99) For utterance 20030013_615, best cost 270.396 + 12959 = 13229.4 over 1105 frames.
20030013_615 ہدایت کا شہزادی میں بلی چھم اونس اجازت کو بل لوث کرتے ہوئے جوگی خان مان کی ڈیلیوری میں گوبر ہیڈ بڑھ آیا 
LOG (lattice-best-path[5.5.907~1-cbed4]:main():lattice-best-path.cc:99) For utterance 20030013_616, best cost 289.517 + 11747.2 = 12036.7 over 977 frames.
20030013_616 توجہ عمر ہو وارڈ فٹ نے سدھ فون اور وزن کو فاروق عرضداشت کر کیسی زدہ سب و کی مواد پر کن عفت قرار کیا 
LOG (lattice-best-path[5.5.907~1-cbed4]:main():lattice-best-path.cc:99) For utterance 20030013_617, best cost 181.081 + 7530.22 = 7711.3 over 632 frames.
20030013_617 کمرے پر پڑے سوکھ سے خود چوم میں کھیلوں کو عابد اسے کر پیدا اس میں لگا 
LOG (lattice-best-path[5.5.907~1-cbed4]:main():lattice-best-path.cc:99) For utterance 20030013_618, best cost 223.649 + 8910.83 = 9134.47 over 734 frames.
20030013_618 فارم ٹینک کمرے سے روشنی آسمان شو والے آکر ساگر نے ہم یا کے بعد بیس کے صیاد کیا ہے 
LOG (lattice-best-path[5.5.907~1-cbed4]:main():lattice-best-path.cc:99) For utterance 20030013_619, best cost 147.358 + 5302.91 = 5450.27 over 440 frames.
20030013_619 قے فیری تشبیہ آپ مژدہ بیان کرنے کا جور عید نتیجے یا ہے 
LOG (lattice-best-path[5.5.907~1-cbed4]:main():lattice-best-path.cc:99) For utterance 20030013_620, best cost 252.956 + 10624.4 = 10877.4 over 900 frames.
20030013_620 جیم ان ایف پَلوں کے بولوں کو کروں میں سموئے یا اور دھیرے مغفور و پر پور زور چھاؤں کی تیار یاں کی 
LOG (lattice-best-path[5.5.907~1-cbed4]:main():lattice-best-path.cc:99) For utterance 20030013_621, best cost 236.177 + 9316.36 = 9552.53 over 779 frames.
20030013_621 معجل عدل گئی چاشنی نے اور کر سوجن کے مانگ بینک میں دن موڑ بھیس اور چاقو نواز نے میں ڈیل کی 
LOG (lattice-best-path[5.5.907~1-cbed4]:main():lattice-best-path.cc:99) For utterance 20030013_622, best cost 196.198 + 7906.65 = 8102.85 over 657 frames.
20030013_622 کوچے ریوڑ میں میں ڈار گدے دیکھ کر لیدر جان ہما رسیدہ بھیجیں فارورڈ میں سے گزری 
LOG (lattice-best-path[5.5.907~1-cbed4]:main():lattice-best-path.cc:99) For utterance 20030013_623, best cost 132.542 + 6846.82 = 6979.36 over 574 frames.
20030013_623 بینک راجن کر دب منافعوں سوگوار سامعین ہمیشہ بے گیا 
LOG (lattice-best-path[5.5.907~1-cbed4]:main():lattice-best-path.cc:99) For utterance 20030013_624, best cost 231.586 + 10166.2 = 10397.7 over 811 frames.
20030013_624 مفاد سیر کے نوش کو میں کے کیسی نہ خواص کو رکھوا رفو کود کود انجکشن کیلئے مخبری شوروم کا 
LOG (lattice-best-path[5.5.907~1-cbed4]:main():lattice-best-path.cc:99) For utterance 20030013_625, best cost 213.007 + 8692.66 = 8905.67 over 696 frames.
20030013_625 ہوئی روہی دن ضائع ورلڈ گھرے کی حاجی قدرے لے کر ڈگری زیور کے مواد کے کو گئے آپ 
LOG (lattice-best-path[5.5.907~1-cbed4]:main():lattice-best-path.cc:99) For utterance 20030013_626, best cost 117.754 + 5252 = 5369.75 over 420 frames.
20030013_626 وم کوش میں کو مولوی عیادت مندری الحاج سمجھا 
LOG (lattice-best-path[5.5.907~1-cbed4]:main():lattice-best-path.cc:99) For utterance 20030013_627, best cost 244.481 + 10995.1 = 11239.6 over 926 frames.
20030013_627 چھلکا خیر اور عام آئے کے نام قوت کے حال نامی فعل بانو کے دو خاں مین نصف آ رم گیا 
LOG (lattice-best-path[5.5.907~1-cbed4]:main():lattice-best-path.cc:99) For utterance 20030013_628, best cost 183.999 + 7807.04 = 7991.03 over 644 frames.
20030013_628 لو مجید اپنے لگانے کیلئے بیٹھی ٹرین نہیں میں کھولو انگلی خوشی یاں مغفور دی 
LOG (lattice-best-path[5.5.907~1-cbed4]:main():lattice-best-path.cc:99) For utterance 20030013_629, best cost 235.87 + 10729.1 = 10965 over 894 frames.
20030013_629 چھیل ٹیڑھے و ہوش والوں کے آؤ خول نے فی ڈھیلے اب بروز انیق نے مردوں کا ہے کا بھیج کر آیا 
LOG (lattice-best-path[5.5.907~1-cbed4]:main():lattice-best-path.cc:99) For utterance 20030013_630, best cost 188.915 + 7630.75 = 7819.67 over 606 frames.
20030013_630 ایام ضلع نے نجی بسیار میں آن کر بیچے مارچ تو چھین سیف خان کے کر لایا 
LOG (lattice-best-path[5.5.907~1-cbed4]:main():lattice-best-path.cc:99) For utterance 20030013_631, best cost 217.657 + 10553.2 = 10770.9 over 843 frames.
20030013_631 سیریز چیف سکواڈرن ڈار ہیڈ اپنے وقف اگرچہ فلڈ رکھنے کے کوسموس سے امور خرچ والے دیکھا ہے 
LOG (lattice-best-path[5.5.907~1-cbed4]:main():lattice-best-path.cc:99) For utterance 20030013_632, best cost 274.492 + 12059.7 = 12334.2 over 1009 frames.
20030013_632 اس ہی سی جانے کہا کے روہی یہ کی حجت چھوڑ لو اور بیڑیاں دن بھجوا کر کر جوس اور رسوائی جوے بغیر مرہون 
LOG (lattice-best-path[5.5.907~1-cbed4]:main():lattice-best-path.cc:99) For utterance 20030013_633, best cost 242.739 + 11192.3 = 11435 over 913 frames.
20030013_633 قیصر نمو کے غاں کار میں تخیّل کیلئے نیلم ٹینک کے اور فیچر کی کار سے ایکسیئن سخت سوئمنگ کے لیے کیجیے 
LOG (lattice-best-path[5.5.907~1-cbed4]:main():lattice-best-path.cc:99) For utterance 20030013_634, best cost 166.716 + 6074.08 = 6240.8 over 497 frames.
20030013_634 کو نیشن ایڈڈ فیشن جست آن کیلئے روغن میت کی نہ کر بن کر کر لائے 
LOG (lattice-best-path[5.5.907~1-cbed4]:main():lattice-best-path.cc:99) For utterance 20030013_635, best cost 224.185 + 9072.89 = 9297.08 over 734 frames.
20030013_635 خاص میں ڈیل کوچ قندیل عام آؤٹ میں بیٹھ نے اور تعلیم عمل طرف نے یاں سے کیسز فولاد کریں 
LOG (lattice-best-path[5.5.907~1-cbed4]:main():lattice-best-path.cc:99) For utterance 20030013_636, best cost 187.538 + 7946.28 = 8133.82 over 657 frames.
20030013_636 قم اور اور خشوع ان کی جو بری خدشہ ہونے سے رو جگہ تو ہم کا پور ہوا 
LOG (lattice-best-path[5.5.907~1-cbed4]:main():lattice-best-path.cc:99) For utterance 20030013_637, best cost 202.668 + 8421.52 = 8624.18 over 696 frames.
20030013_637 اس خان کے شے مارچ میں غوث کر رم نیلم و دی کی ایل عرصے ماڈل کھیل ہوئی 
LOG (lattice-best-path[5.5.907~1-cbed4]:main():lattice-best-path.cc:99) For utterance 20030013_638, best cost 205.956 + 9084.96 = 9290.91 over 760 frames.
20030013_638 گانٹھوں گوجر کی شیل اور روئیں میں انہیں صورت اور کوڈ وی کو کھڑے کی کے علاقے جج دیں 
LOG (lattice-best-path[5.5.907~1-cbed4]:main():lattice-best-path.cc:99) For utterance 20030013_639, best cost 248.145 + 10389.6 = 10637.7 over 868 frames.
20030013_639 تھر قید اختر میں تو کے دل سے تجویز قیصر کے نام گود کی ہو اور کر سارز سے لیں دب و چکھیں 
LOG (lattice-best-path[5.5.907~1-cbed4]:main():lattice-best-path.cc:99) For utterance 20030013_640, best cost 229.381 + 9421.66 = 9651.04 over 760 frames.
20030013_640 شاہ کے نیو ان پر بیٹھی کیا ریسرچ کی نے بھی سی کونسل کے شعاع لگا پر چوری کوچ لغو آیا 
LOG (lattice-best-path[5.5.907~1-cbed4]:main():lattice-best-path.cc:99) For utterance 20030013_641, best cost 175.568 + 5905.87 = 6081.44 over 465 frames.
20030013_641 کو ہو ہیوی میں ڈار بھری شوق لوگو کی آتی کا کی جست آکر لائن صدیقی 
LOG (lattice-best-path[5.5.907~1-cbed4]:main():lattice-best-path.cc:99) For utterance 20030013_642, best cost 151.633 + 7280.05 = 7431.69 over 574 frames.
20030013_642 کر فوم کے کر کی مسز سیکھ ایس افضل سے نفوذ کی راہو کی 
LOG (lattice-best-path[5.5.907~1-cbed4]:main():lattice-best-path.cc:99) For utterance 20030013_643, best cost 186.534 + 9217.96 = 9404.49 over 734 frames.
20030013_643 کھاؤ احسن عدل بارے و خفت احسن بہائیں اور اوور آپ سے ضائع کلیرنس ہے 
LOG (lattice-best-path[5.5.907~1-cbed4]:main():lattice-best-path.cc:99) For utterance 20030013_644, best cost 216.277 + 8791.73 = 9008 over 683 frames.
20030013_644 ہجے لیدر چھ ٹینک رول پر ہوے اور دیکھ رغبت شعری کے سیل پر کس کھلیں ڈگر کھیلے 
LOG (lattice-best-path[5.5.907~1-cbed4]:main():lattice-best-path.cc:99) For utterance 20030013_645, best cost 185.805 + 7411.49 = 7597.3 over 580 frames.
20030013_645 میئر و ڈیل زیڈ کھیلتے دولت ایثار گروتھ اوس اختر کرنے کی کا آشنا تیرے ہے 
LOG (lattice-best-path[5.5.907~1-cbed4]:main():lattice-best-path.cc:99) For utterance 20030013_646, best cost 161.574 + 7598.85 = 7760.42 over 587 frames.
20030013_646 سابق نہ کو چوزے اور چبھنے کے بعد داؤد گیَر اور میں برابر سانولے آئی 
LOG (lattice-best-path[5.5.907~1-cbed4]:main():lattice-best-path.cc:99) For utterance 20030013_647, best cost 117.98 + 5836.76 = 5954.74 over 452 frames.
20030013_647 منظر کرے کر عزیز ہونے چھور کر و کرائی 
LOG (lattice-best-path[5.5.907~1-cbed4]:main():lattice-best-path.cc:99) For utterance 20030013_648, best cost 113.324 + 5658.35 = 5771.68 over 440 frames.
20030013_648 میلے میں دودھیا جارج تلاش فجر کے لیے کرا تھا 
LOG (lattice-best-path[5.5.907~1-cbed4]:main():lattice-best-path.cc:99) For utterance 20030013_649, best cost 160.182 + 7577.24 = 7737.43 over 600 frames.
20030013_649 و کو کو ایک بسر کے بیلٹ میں کے بعد کا بام کر بیڑے لگائی لیے 
LOG (lattice-best-path[5.5.907~1-cbed4]:main():lattice-best-path.cc:99) For utterance 20030013_650, best cost 177.287 + 8568.52 = 8745.8 over 670 frames.
20030013_650 خدشے اعزاز قیوم کی زیادہ سال میئر ذوالجناح عدلیہ قرار گیراج تجویز لذت 
LOG (lattice-best-path[5.5.907~1-cbed4]:main():lattice-best-path.cc:99) For utterance 20030013_651, best cost 137.732 + 6895.45 = 7033.19 over 548 frames.
20030013_651 خرید حویلی مرچوں کی دھوبی کر کے بنے سے پھیلیں صوفی کی 
LOG (lattice-best-path[5.5.907~1-cbed4]:main():lattice-best-path.cc:99) For utterance 20030013_652, best cost 219.457 + 8784.57 = 9004.03 over 696 frames.
20030013_652 خیر اولی ایئر کیجیے لینتھ اور کئی اور لکھو ٹرین و علم ایک افورڈ کے سود کود تک اوچھے 
LOG (lattice-best-path[5.5.907~1-cbed4]:main():lattice-best-path.cc:99) For utterance 20030013_653, best cost 188.405 + 7469.16 = 7657.56 over 600 frames.
20030013_653 لو اگر آڑ فیز کسی تلخ حلف کر جیل کے ٹریجڈی گئی تلخ روز ہوئی اور 
LOG (lattice-best-path[5.5.907~1-cbed4]:main():lattice-best-path.cc:99) For utterance 20030013_654, best cost 208.623 + 9258.74 = 9467.37 over 734 frames.
20030013_654 کر دیے اور قے شعور سے سی اسجد جوے اور ان سے سیو اور سی فیری نے کر میں ستھرے 
LOG (lattice-best-path[5.5.907~1-cbed4]:main():lattice-best-path.cc:99) For utterance 20030013_655, best cost 128.337 + 7561.22 = 7689.55 over 600 frames.
20030013_655 نام بقیہ چھائی پور دل ایئر اور جانے کر بیشتر 
LOG (lattice-best-path[5.5.907~1-cbed4]:main():lattice-best-path.cc:99) For utterance 20030013_656, best cost 196.089 + 9239.29 = 9435.38 over 734 frames.
20030013_656 بھیج اس تجزیے رہ گئے انداز تیری ہیڈ بظاہر اور سوئے عمل شاعر انگیخت کس کریں 
LOG (lattice-best-path[5.5.907~1-cbed4]:main():lattice-best-path.cc:99) For utterance 20030013_657, best cost 139.81 + 6682.12 = 6821.93 over 542 frames.
20030013_657 کھا دھل افضل چین کی کیفے کردار کے از سے معطل نہیں 
LOG (lattice-best-path[5.5.907~1-cbed4]:main():lattice-best-path.cc:99) For utterance 20030013_658, best cost 142.85 + 7088.85 = 7231.7 over 561 frames.
20030013_658 گیدڑ وڈ کا میں گرلز کی ہوئی بھیس کی گا سیر ہزارویں 
LOG (lattice-best-path[5.5.907~1-cbed4]:main():lattice-best-path.cc:99) For utterance 20030013_659, best cost 200.919 + 7925.61 = 8126.53 over 619 frames.
20030013_659 مرثیے ایک گود کر غذائی غور کوڑھ عید آتا خون غوروخوض فگار دھوئے یہ گرلز ہوئے 
LOG (lattice-best-path[5.5.907~1-cbed4]:main():lattice-best-path.cc:99) For utterance 20030013_660, best cost 98.5556 + 4939.96 = 5038.51 over 401 frames.
20030013_660 غفور حلف زیب اوکھا چئرمین نہیں دوسرا 
LOG (lattice-best-path[5.5.907~1-cbed4]:main():lattice-best-path.cc:99) For utterance 20030013_661, best cost 128.087 + 5203.63 = 5331.72 over 427 frames.
20030013_661 کا لفظ لینے کے لیے ٹشو برڈ عمل کر رہا کر کروائیں 
LOG (lattice-best-path[5.5.907~1-cbed4]:main():lattice-best-path.cc:99) For utterance 20030013_662, best cost 132.443 + 6586.26 = 6718.7 over 529 frames.
20030013_662 کا ڈیل جوگی ان لیا چلے دس تجارت کے تجزیہ کرے 
LOG (lattice-best-path[5.5.907~1-cbed4]:main():lattice-best-path.cc:99) For utterance 20030013_663, best cost 186.244 + 9276.82 = 9463.06 over 753 frames.
20030013_663 پی رونے جہاں چار نقاب انگوٹھی ابصار کی و کھیلتے کی در ریلیز وقوف ہوئی 
LOG (lattice-best-path[5.5.907~1-cbed4]:main():lattice-best-path.cc:99) For utterance 20030013_664, best cost 226.071 + 8824.54 = 9050.62 over 715 frames.
20030013_664 کلاں سیاح ہے کہ پر ریاض چلنے دائیں نائب گورے لے کر زود گوہر السی فرعون کے کڑوے و گئے 
LOG (lattice-best-path[5.5.907~1-cbed4]:main():lattice-best-path.cc:99) For utterance 20030013_665, best cost 122.08 + 6056.67 = 6178.75 over 484 frames.
20030013_665 فیصلے خیر سالہ ریلیز تیرے سیریز افواج بغیر ہوا 
LOG (lattice-best-path[5.5.907~1-cbed4]:main():lattice-best-path.cc:99) For utterance 20030013_666, best cost 171.298 + 6657.98 = 6829.28 over 529 frames.
20030013_666 دو ہجر ہوے آؤ ہول سے لنگر ہم کا وعدہ ضلع خیل سے بوڑھی یہ 
LOG (lattice-best-path[5.5.907~1-cbed4]:main():lattice-best-path.cc:99) For utterance 20030013_667, best cost 129.63 + 6449.57 = 6579.2 over 504 frames.
20030013_667 اے کلیدی گیدڑ سیکشن بے روضے کی گڈ کی بسر ہوئی 
LOG (lattice-best-path[5.5.907~1-cbed4]:main():lattice-best-path.cc:99) For utterance 20030013_668, best cost 209.769 + 9545.3 = 9755.07 over 747 frames.
20030013_668 سانولے روہی گدھ کے بڑے میں بنے ورچوئل کا پیش لارا گیا انار فیاض سے جاوید لخت 
LOG (lattice-best-path[5.5.907~1-cbed4]:main():lattice-best-path.cc:99) For utterance 20030013_669, best cost 155.592 + 7078.96 = 7234.55 over 548 frames.
20030013_669 عرف سزا لو فلم فورس نیگیٹو گذر کیلئے لیزر رو ڈیل دیا 
LOG (lattice-best-path[5.5.907~1-cbed4]:main():lattice-best-path.cc:99) For utterance 20030013_670, best cost 150.134 + 7018.09 = 7168.22 over 574 frames.
20030013_670 رو سے کا آخری اشرف رہتے کے سروں نہ کو بوڑھوں کر کا لو 
LOG (lattice-best-path[5.5.907~1-cbed4]:main():lattice-best-path.cc:99) For utterance 20030013_671, best cost 234.271 + 9946.42 = 10180.7 over 772 frames.
20030013_671 اس شیرے پیدا اس قوس طالب گڑیا نکال ذوق فورس بقول کے ضعف و جور کی مدہوش اور دیا جاؤ 
LOG (lattice-best-path[5.5.907~1-cbed4]:main():lattice-best-path.cc:99) For utterance 20030013_672, best cost 165.905 + 8148.54 = 8314.45 over 632 frames.
20030013_672 انٹر مڈل اس نظر حلف پر کاربن سربراہ اوصاف درس علاقے ضلع ہے 
LOG (lattice-best-path[5.5.907~1-cbed4]:main():lattice-best-path.cc:99) For utterance 20030013_673, best cost 144.72 + 6974.54 = 7119.26 over 555 frames.
20030013_673 کرائی کے چار گنا وعدے پولیو دین اثر کریش پر فعال ہے 
LOG (lattice-best-path[5.5.907~1-cbed4]:main():lattice-best-path.cc:99) For utterance 20030013_674, best cost 193.488 + 9975.63 = 10169.1 over 772 frames.
20030013_674 نقشوں نے پُلوں نہر بھڑک آپ عرصہ دھاڑ کر ان والی ہے اوس نے کی کوشش کی 
LOG (lattice-best-path[5.5.907~1-cbed4]:main():lattice-best-path.cc:99) For utterance 20030013_675, best cost 161.83 + 6667.96 = 6829.79 over 529 frames.
20030013_675 آئے جیٹ بنوری کے رویے فرض کوچ انتھک داؤ فون کرواؤ خوار 
LOG (lattice-best-path[5.5.907~1-cbed4]:main():lattice-best-path.cc:99) For utterance 20030013_676, best cost 162.78 + 7302.12 = 7464.91 over 568 frames.
20030013_676 اپنے رہائشی سے اعزہ نتھی جا کوئی زوال نے روش جن ارکان آتی 
LOG (lattice-best-path[5.5.907~1-cbed4]:main():lattice-best-path.cc:99) For utterance 20030013_677, best cost 247.735 + 11572 = 11819.8 over 926 frames.
20030013_677 نے سال نے ایکویٹی کو کی بولے مکھن ٹھاکر گم ہو خوف ہو عید گوگل گالف کی ایوارڈ تھیٹر ایل رہا 
LOG (lattice-best-path[5.5.907~1-cbed4]:main():lattice-best-path.cc:99) For utterance 20030013_678, best cost 227.202 + 12368.5 = 12595.7 over 971 frames.
20030013_678 شیرٹن اسہال اور تھیلی ایئر براؤزر والوں سَیل چرانے کے لیے کر اوجھل خلل سے مشق پیش ہیئر کریں 
LOG (lattice-best-path[5.5.907~1-cbed4]:main():lattice-best-path.cc:99) For utterance 20030013_679, best cost 115.918 + 5658.13 = 5774.05 over 446 frames.
20030013_679 فوری اور لیڈی کر چیلہ رضا حیرت تیری سنچری 
LOG (lattice-best-path[5.5.907~1-cbed4]:main():lattice-best-path.cc:99) For utterance 20030013_680, best cost 191.253 + 8558.06 = 8749.31 over 683 frames.
20030013_680 چوتھی اور تھوڑا گئیں تہتر تو تو ظاہر لقب والا برعکس میں میں گھیراؤ خواہ سکتا ہے 
LOG (lattice-best-path[5.5.907~1-cbed4]:main():lattice-best-path.cc:99) For utterance 20030013_681, best cost 173.322 + 7450.08 = 7623.4 over 587 frames.
20030013_681 زدہ سچ رنجش خوگر کی دھار رسولی گود اور پر کھچی دھار برس گویا 
LOG (lattice-best-path[5.5.907~1-cbed4]:main():lattice-best-path.cc:99) For utterance 20030013_682, best cost 201.52 + 9339.76 = 9541.28 over 753 frames.
20030013_682 دی اور چولہے کھیر زود کر گیجٹ ایل انار سزا کر بوئے فیتھ چھور معلوم کیے 
LOG (lattice-best-path[5.5.907~1-cbed4]:main():lattice-best-path.cc:99) For utterance 20030013_683, best cost 171.018 + 8322.26 = 8493.28 over 657 frames.
20030013_683 دھیرے سے ماہ ہجر شوکت اہل ٹرین نے سی پتھری کے حصے نکل گئی 
LOG (lattice-best-path[5.5.907~1-cbed4]:main():lattice-best-path.cc:99) For utterance 20030013_684, best cost 171.064 + 7214.02 = 7385.09 over 593 frames.
20030013_684 میں اگر کی بھول خواری ایسڈ کے جیو میں مل عود کیریئر کلاں تک عام 
LOG (lattice-best-path[5.5.907~1-cbed4]:main():lattice-best-path.cc:99) For utterance 20030013_685, best cost 127.727 + 5532.3 = 5660.03 over 446 frames.
20030013_685 جوش خلل دوست جیون چیلہ شیو سیرگاہ سے لنگا دو 
LOG (lattice-best-path[5.5.907~1-cbed4]:main():lattice-best-path.cc:99) For utterance 20030013_686, best cost 205.369 + 9613.19 = 9818.56 over 772 frames.
20030013_686 سوئچ ٹرین کے صرف فعل بھی بیشتر سے دنیا دی محض بھیج کر جوش اب پوچھ و 
LOG (lattice-best-path[5.5.907~1-cbed4]:main():lattice-best-path.cc:99) For utterance 20030013_687, best cost 218.583 + 9188.6 = 9407.18 over 721 frames.
20030013_687 شوخ سوئس کے بدروح ذاد دیکھ اولی جوق اب بغور راستے چیک مارچ کر توجہ منظور کر آئی 
LOG (lattice-best-path[5.5.907~1-cbed4]:main():lattice-best-path.cc:99) For utterance 20030013_688, best cost 233.737 + 10365.6 = 10599.3 over 836 frames.
20030013_688 قل کی بلکہ چادر بھیج بچار کر سے زیور رو دے کی کے دے میں نامور کے پر کرے کا آگے جاؤں 
LOG (lattice-best-path[5.5.907~1-cbed4]:main():lattice-best-path.cc:99) For utterance 20030013_689, best cost 219.349 + 9323.68 = 9543.02 over 753 frames.
20030013_689 بوجوہ در لیڈز عزت خیرہ کیا جا نور جو کھول بنائیں اور قوس اور کسے اچھل کر چائے 
LOG (lattice-best-path[5.5.907~1-cbed4]:main():lattice-best-path.cc:99) For utterance 20030013_690, best cost 113.048 + 5175.58 = 5288.63 over 414 frames.
20030013_690 وگ اونچی اداکارائیں ٹشو بے کچھ بنے ہجرت 
LOG (lattice-best-path[5.5.907~1-cbed4]:main():lattice-best-path.cc:99) For utterance 20030013_691, best cost 160.048 + 7310.58 = 7470.62 over 606 frames.
20030013_691 کیسی دلجوئی کیلئے اگرچہ کر گویا اور زیڈ ہزار کر مائنڈڈ ملحوظ دیئے 
LOG (lattice-best-path[5.5.907~1-cbed4]:main():lattice-best-path.cc:99) For utterance 20030013_692, best cost 182.191 + 8835.56 = 9017.75 over 721 frames.
20030013_692 مدفون ایثار نے کہا کے میں سَیل استاد ہے عفت پڑی کے رہی کا تیرے لہو 
LOG (lattice-best-path[5.5.907~1-cbed4]:main():lattice-best-path.cc:99) For utterance 20030013_693, best cost 149.932 + 5993.46 = 6143.39 over 491 frames.
20030013_693 میں نے ہر کے جوے اسے کار کے بقایا کر گنا کر آئیں مدعو 
LOG (lattice-best-path[5.5.907~1-cbed4]:main():lattice-best-path.cc:99) For utterance 20030013_694, best cost 191.097 + 7924.58 = 8115.68 over 664 frames.
20030013_694 کر رم کا چوم اوڑھا شل شفاعت عرصہ گوجر تیز اور سے کی چاقو چوہان بنائیں 
LOG (lattice-best-path[5.5.907~1-cbed4]:main():lattice-best-path.cc:99) For utterance 20030013_695, best cost 169.952 + 6799.87 = 6969.82 over 568 frames.
20030013_695 کوئی جانے خدشے جانے زود کے آنسوؤں اگر کے جاؤں تو پانی میں گھول گراؤنڈ 
LOG (lattice-best-path[5.5.907~1-cbed4]:main():lattice-best-path.cc:99) For utterance 20030013_696, best cost 152.702 + 7085.74 = 7238.44 over 593 frames.
20030013_696 خلجی الفاظ شیڈ کیا میں سے کو موصول مسوڑوں کے بنانے کیلئے باران کیا گیا 
LOG (lattice-best-path[5.5.907~1-cbed4]:main():lattice-best-path.cc:99) For utterance 20030013_697, best cost 158.701 + 5985.8 = 6144.51 over 497 frames.
20030013_697 بولوں اور کا عود سے حصے وی لینتھ اندھے ڈیزائنروں کرنے کا عام اوکھا 
LOG (lattice-best-path[5.5.907~1-cbed4]:main():lattice-best-path.cc:99) For utterance 20030013_698, best cost 156.824 + 8454.74 = 8611.56 over 721 frames.
20030013_698 بار بن ذاد تھو دین دیش اقوام بائیس کام جائزہ لینڈ گیا 
LOG (lattice-best-path[5.5.907~1-cbed4]:main():lattice-best-path.cc:99) For utterance 20030013_699, best cost 183.696 + 7424.96 = 7608.66 over 625 frames.
20030013_699 نجات رفیوجی اوس کار کی جھلی میں بظاہر کے ہذیانی دیے اور مزید احمد سوچ و 
LOG (lattice-best-path[5.5.907~1-cbed4]:main():lattice-best-path.cc:99) For utterance 20030013_700, best cost 160.342 + 7168.37 = 7328.71 over 587 frames.
20030013_700 ہوش اور خون کی تخلیق میں تغافل کی سوجھی جھڑک کر ہو سوکھ زور تھا 
LOG (lattice-best-path[5.5.907~1-cbed4]:main():lattice-best-path.cc:99) For utterance 20030013_701, best cost 213.501 + 8635.29 = 8848.79 over 728 frames.
20030013_701 مضمون گاؤن مان بھومی کو بدل کی چوم اثنا چیز سے کھول باقر ماچس صحبتوں کو سمتھ آیا 
LOG (lattice-best-path[5.5.907~1-cbed4]:main():lattice-best-path.cc:99) For utterance 20030013_702, best cost 178.272 + 8081.27 = 8259.54 over 683 frames.
20030013_702 غیر فیصلہ اور گوبر کی دودھ میں ہر ایک کو لاکھوں نہ دل باغ شو 
LOG (lattice-best-path[5.5.907~1-cbed4]:main():lattice-best-path.cc:99) For utterance 20030013_703, best cost 147.474 + 5609.75 = 5757.22 over 465 frames.
20030013_703 پہلا ضائع سے تولید کی چھین کے فقروں کا ہو بار ظاہر ہوتا ہے 
LOG (lattice-best-path[5.5.907~1-cbed4]:main():lattice-best-path.cc:99) For utterance 20030013_704, best cost 161.062 + 7876.26 = 8037.32 over 676 frames.
20030013_704 چودہ کی نیز سیکشن مزارعین عذاب نیم کے انظباتی کا عذاب کا پراسیس ہے 
LOG (lattice-best-path[5.5.907~1-cbed4]:main():lattice-best-path.cc:99) For utterance 20030013_705, best cost 143.179 + 5893.59 = 6036.77 over 491 frames.
20030013_705 باہر جگہ بنائی قوی کے ذاد پر لاگت کانفرنسوں سے باڑھ گئی 
LOG (lattice-best-path[5.5.907~1-cbed4]:main():lattice-best-path.cc:99) For utterance 20030013_706, best cost 125.876 + 4488.39 = 4614.27 over 363 frames.
20030013_706 باغ اوس فقیر اویسی آخری دیکھیں تم آدمی چون 
LOG (lattice-best-path[5.5.907~1-cbed4]:main():lattice-best-path.cc:99) For utterance 20030013_707, best cost 128.245 + 5365.21 = 5493.45 over 452 frames.
20030013_707 ماضی کو بلا رہ ثاقب بڑی دھیمی کو نو میں نہ کریں 
LOG (lattice-best-path[5.5.907~1-cbed4]:main():lattice-best-path.cc:99) For utterance 20030013_708, best cost 170.352 + 7397.87 = 7568.23 over 606 frames.
20030013_708 مشعر نے سے پہلے برڈ میں نے ملی کچھ خواہ رسیدہ خلیفہ اور مشق سمجھا ہے 
LOG (lattice-scale[5.5.907~1-cbed4]:main():lattice-scale.cc:107) Done 108 lattices.
LOG (lattice-add-penalty[5.5.907~1-cbed4]:main():lattice-add-penalty.cc:62) Done adding word insertion penalty to 108 lattices.
LOG (lattice-best-path[5.5.907~1-cbed4]:main():lattice-best-path.cc:124) Overall cost per frame is 12.5735 = 0.279399 [graph] + 12.2941 [acoustic] over 71279 frames.
LOG (lattice-best-path[5.5.907~1-cbed4]:main():lattice-best-path.cc:128) Done 108 lattices, failed for 0
# Accounting: time=1 threads=1
# Ended (code 0) at Wed Apr 21 06:49:49 PKT 2021, elapsed time 1 seconds
