# lattice-scale --inv-acoustic-scale=13 "ark:gunzip -c exp/tri1/decode/lat.*.gz|" ark:- | lattice-add-penalty --word-ins-penalty=0.5 ark:- ark:- | lattice-best-path --word-symbol-table=exp/tri1/graph/words.txt ark:- ark,t:- | utils/int2sym.pl -f 2- exp/tri1/graph/words.txt | cat > exp/tri1/decode/scoring_kaldi/penalty_0.5/13.txt 
# Started at Wed Apr 21 04:16:12 PKT 2021
#
lattice-best-path --word-symbol-table=exp/tri1/graph/words.txt ark:- ark,t:- 
lattice-scale --inv-acoustic-scale=13 'ark:gunzip -c exp/tri1/decode/lat.*.gz|' ark:- 
lattice-add-penalty --word-ins-penalty=0.5 ark:- ark:- 
LOG (lattice-best-path[5.5.907~1-cbed4]:main():lattice-best-path.cc:99) For utterance 20030004_601, best cost 274.019 + 5448.76 = 5722.78 over 804 frames.
20030004_601 نو بُدھی یہاں دب کو اونچی کے کہا کے کے دیش و میں تھری لنگر ای کو لہریں ایک علم بھول کے پڑا قبول کر نیلم گی 
LOG (lattice-best-path[5.5.907~1-cbed4]:main():lattice-best-path.cc:99) For utterance 20030004_602, best cost 307.483 + 6828.21 = 7135.69 over 1000 frames.
20030004_602 دل شبہ کو آئیوڈین کے نارتھ اور کھیلے پر رکھے ہوے عدل بھائی کے لو بنا خوشی آلود چار کے با اوور بیچ کرنے کے شرکت سے آ رجوع ہے 
LOG (lattice-best-path[5.5.907~1-cbed4]:main():lattice-best-path.cc:99) For utterance 20030004_603, best cost 220.911 + 5306.27 = 5527.18 over 782 frames.
20030004_603 شامل شوہر اور نزلے کی بڑا اس کے گدے عمل پر اُٹھاؤں تو تک گی لیے بےقصور پر کر الجھا کر کیا 
LOG (lattice-best-path[5.5.907~1-cbed4]:main():lattice-best-path.cc:99) For utterance 20030004_604, best cost 192.023 + 4381.05 = 4573.07 over 638 frames.
20030004_604 سندھی نے نااہلیت کے داخلوں کے کر پر پڑی تو کہا اس سوچا ہیڈ کے لوث کے نوے اٹھائے ہیں 
LOG (lattice-best-path[5.5.907~1-cbed4]:main():lattice-best-path.cc:99) For utterance 20030004_605, best cost 148.433 + 3391.18 = 3539.61 over 506 frames.
20030004_605 سول جل شوربہ جون کے پہ شے میں گھول ٹھیک کر داخل دیتا ہے 
LOG (lattice-best-path[5.5.907~1-cbed4]:main():lattice-best-path.cc:99) For utterance 20030004_606, best cost 158.713 + 3817.36 = 3976.07 over 554 frames.
20030004_606 ندوی کے دماغی گلوبل اسے کی اثنا پریوں کے تشخص کی بڑی گزیر لینتھ ہے 
LOG (lattice-best-path[5.5.907~1-cbed4]:main():lattice-best-path.cc:99) For utterance 20030004_607, best cost 131.76 + 2871.79 = 3003.55 over 428 frames.
20030004_607 تک سے کی ایک کی اور فٹ کی زور باندھ گھمبیر نہ بنائی جائے 
LOG (lattice-best-path[5.5.907~1-cbed4]:main():lattice-best-path.cc:99) For utterance 20030004_608, best cost 150.603 + 3936.98 = 4087.58 over 578 frames.
20030004_608 ہوتے کے گوڈی مرغی کو خرچ کا ڈام وجود جانے کی گلشن تو ہو گی 
LOG (lattice-best-path[5.5.907~1-cbed4]:main():lattice-best-path.cc:99) For utterance 20030004_609, best cost 216.455 + 5074.82 = 5291.28 over 746 frames.
20030004_609 ٹیلنٹ شل میں محلوں میں جوار مگر مارچ میں اس چھولے نکالیں اور فیس و کے جوڑے کا تصفیے یا کیا 
LOG (lattice-best-path[5.5.907~1-cbed4]:main():lattice-best-path.cc:99) For utterance 20030004_610, best cost 198.815 + 4907.17 = 5105.98 over 740 frames.
20030004_610 مماثل اہل لے تشہیر کا ایڈڈ کی عموماً بیڑے آنے چل کی طرف سیون دیے فیس آن ہے 
LOG (lattice-best-path[5.5.907~1-cbed4]:main():lattice-best-path.cc:99) For utterance 20030004_611, best cost 202.606 + 4596.64 = 4799.25 over 699 frames.
20030004_611 کھو سے پہنے بھیم گا فورس جھرنے سے کے دب آؤ کو گڑگڑا ہر کی پونچھ کے ساتھ چھ لے 
LOG (lattice-best-path[5.5.907~1-cbed4]:main():lattice-best-path.cc:99) For utterance 20030004_612, best cost 207.784 + 5038.39 = 5246.18 over 740 frames.
20030004_612 تبدیلی اور کی لغو زچ سینیٹ ڈھال بھورا رہے چلا شب کو دو کو قوت کی لینگویج کا خاں ہے 
LOG (lattice-best-path[5.5.907~1-cbed4]:main():lattice-best-path.cc:99) For utterance 20030004_613, best cost 120.524 + 3608.02 = 3728.54 over 534 frames.
20030004_613 علم کو لاکھا بوگس اور جدول کو ریشمی نے البتہ کہا 
LOG (lattice-best-path[5.5.907~1-cbed4]:main():lattice-best-path.cc:99) For utterance 20030004_614, best cost 161.219 + 3673.2 = 3834.42 over 547 frames.
20030004_614 گود دو فیملی نے شے شو کے کرائی اور کے ساتھ سمجھیں بغیر سمجھو داغ کیا 
LOG (lattice-best-path[5.5.907~1-cbed4]:main():lattice-best-path.cc:99) For utterance 20030004_615, best cost 262.761 + 6374.67 = 6637.43 over 941 frames.
20030004_615 عدالت کا شہزادی نے علی چور موئسچرائزنگ اس کو بلڈ اوس کرتے ہوئے جوبلی خان دانش کے کے جو دھیمی گوبر ہیڈ بڑھ آیا 
LOG (lattice-best-path[5.5.907~1-cbed4]:main():lattice-best-path.cc:99) For utterance 20030004_616, best cost 265.063 + 6035.22 = 6300.28 over 890 frames.
20030004_616 تاجروں جیگوار ہیڈ نے سوکھ خان اور ڈویژن کو فروغ گز آج کر کیسی درد قسم خوف کی مان خود کا حال کا اطلاعات کیا 
LOG (lattice-best-path[5.5.907~1-cbed4]:main():lattice-best-path.cc:99) For utterance 20030004_617, best cost 177.053 + 3776.71 = 3953.76 over 569 frames.
20030004_617 کم بے پر پڑے سوکھ کے کچھ میں کھیلوں کو ہو لیتا دیکھ کر حد آفس نے لگا 
LOG (lattice-best-path[5.5.907~1-cbed4]:main():lattice-best-path.cc:99) For utterance 20030004_618, best cost 213.671 + 5314.98 = 5528.65 over 792 frames.
20030004_618 فارم ٹرین کا برعکس سے روشناس موعود شو والے اکھنڈ صاف بنیں کرنے یوں کے بعد ویجز اطلاعات کیا ہے 
LOG (lattice-best-path[5.5.907~1-cbed4]:main():lattice-best-path.cc:99) For utterance 20030004_619, best cost 134.17 + 3477.79 = 3611.96 over 524 frames.
20030004_619 تہذیب دی تشبیہ جہاد مطالبے آن کرنے کا جبری ندوی جا ہے 
LOG (lattice-best-path[5.5.907~1-cbed4]:main():lattice-best-path.cc:99) For utterance 20030004_620, best cost 226.846 + 4701.2 = 4928.05 over 688 frames.
20030004_620 چیل میں نے پَلوں کے ہولوں کو گروہوں میں سموئے یا اور کی ڈیمو گوٹھوں پر خضوع شو آؤٹ کی تیار عریاں تھیں 
LOG (lattice-best-path[5.5.907~1-cbed4]:main():lattice-best-path.cc:99) For utterance 20030004_621, best cost 201.215 + 5306.79 = 5508 over 757 frames.
20030004_621 معجل مدرسہ شبلی نے اؤٹ کر سوجن گہماگہمی سے نوبل زور جا پی نواز نے میں پتھل کی 
LOG (lattice-best-path[5.5.907~1-cbed4]:main():lattice-best-path.cc:99) For utterance 20030004_622, best cost 195.026 + 4288.74 = 4483.77 over 634 frames.
20030004_622 کو جی کڑوے میں ندا اور گدے لے کر ایک در جلد عمر رسیدہ بیڑے پالمر میں سے گزری 
LOG (lattice-best-path[5.5.907~1-cbed4]:main():lattice-best-path.cc:99) For utterance 20030004_623, best cost 136.267 + 3423.26 = 3559.53 over 510 frames.
20030004_623 بینک طرفین کر رو بنا خاص و برس کا محور کا نشاندہی گیا 
LOG (lattice-best-path[5.5.907~1-cbed4]:main():lattice-best-path.cc:99) For utterance 20030004_624, best cost 217.486 + 5334.1 = 5551.59 over 768 frames.
20030004_624 ماؤف اثر کے نسخہ میں کسی اور فورس فوریکس والا پور بخود عود کے انجکشن کیلئے مہم ارشد دھول تھا 
LOG (lattice-best-path[5.5.907~1-cbed4]:main():lattice-best-path.cc:99) For utterance 20030004_625, best cost 200.471 + 4696.98 = 4897.45 over 717 frames.
20030004_625 نئے روئی ڈیل ساگر میڈیا کی آدمی قدرے دیکھ کر بغور دیسی ورک کے منگوا کے ایک کو گیا 
LOG (lattice-best-path[5.5.907~1-cbed4]:main():lattice-best-path.cc:99) For utterance 20030004_626, best cost 116.967 + 3127.51 = 3244.48 over 463 frames.
20030004_626 لینڈ پہنچنے کو ملی کے آتا دھل کی ابھار سمجھا 
LOG (lattice-best-path[5.5.907~1-cbed4]:main():lattice-best-path.cc:99) For utterance 20030004_627, best cost 180.145 + 4148.62 = 4328.76 over 610 frames.
20030004_627 فروغ کا خیر عمل کے نمو اور کے اعلان یہ سے بڑا کو تو فوم میں لکھ آدھا گیا 
LOG (lattice-best-path[5.5.907~1-cbed4]:main():lattice-best-path.cc:99) For utterance 20030004_628, best cost 191.585 + 4728.35 = 4919.94 over 710 frames.
20030004_628 لو بات کی تک میلہ آنے کے لیے بیٹھ کے ٹریبیونل میں فلو کی خوشی یاں احمد کود تھیں 
LOG (lattice-best-path[5.5.907~1-cbed4]:main():lattice-best-path.cc:99) For utterance 20030004_629, best cost 185.428 + 5210.72 = 5396.15 over 773 frames.
20030004_629 شیلٹر کے کوش والا کے وافر میں فیڈر اگر جور حبیب نے نرخوں کا حسن بھیج کر آیا 
LOG (lattice-best-path[5.5.907~1-cbed4]:main():lattice-best-path.cc:99) For utterance 20030004_630, best cost 189.576 + 4392.17 = 4581.74 over 661 frames.
20030004_630 ایام خیز ایل نے نشیب کے اشجار میں آکر بیچے انار ایک اچھال صفحہ مدت کھل گیا 
LOG (lattice-best-path[5.5.907~1-cbed4]:main():lattice-best-path.cc:99) For utterance 20030004_631, best cost 243.457 + 5967.39 = 6210.85 over 905 frames.
20030004_631 سیریز چیف کو لینڈ آپ برڈ میں وقف آ کیلئے فلو خرچ بھیجے تو غوث نے اسے موڑ کر چھانٹ لے دکھائی 
LOG (lattice-best-path[5.5.907~1-cbed4]:main():lattice-best-path.cc:99) For utterance 20030004_632, best cost 238.732 + 5836.74 = 6075.47 over 874 frames.
20030004_632 عزیز سے اعلان نے کہا کے روئی یقین گوجر چھوڑ و اور بیڑیاں بھجوا کر فجور اور رسولی تھو اے بغیر بیٹھ 
LOG (lattice-best-path[5.5.907~1-cbed4]:main():lattice-best-path.cc:99) For utterance 20030004_633, best cost 210.24 + 5571.94 = 5782.18 over 822 frames.
20030004_633 کریش جنم کے بغدادی تخیّل کے لیے انیق لینڈ ایک اور فی صوفی کو اس ایکسیئن سٹرلنگ کیلئے ریچھ گے 
LOG (lattice-best-path[5.5.907~1-cbed4]:main():lattice-best-path.cc:99) For utterance 20030004_634, best cost 174.413 + 4483.23 = 4657.64 over 680 frames.
20030004_634 پریشر ہجے شل کی اس خان کے لیے رو گٹھلیاں آ تھنک کر فرینڈ کر کے لائیں 
LOG (lattice-best-path[5.5.907~1-cbed4]:main():lattice-best-path.cc:99) For utterance 20030004_635, best cost 204.73 + 4592.83 = 4797.56 over 684 frames.
20030004_635 خاص میں ڈیل کو جیم کی ملاؤں خواہ اور میں بیٹھی اور اپیلیں مینگل جتنی یاں سے ایک سے صغری کریں 
LOG (lattice-best-path[5.5.907~1-cbed4]:main():lattice-best-path.cc:99) For utterance 20030004_636, best cost 178.423 + 4409.11 = 4587.53 over 677 frames.
20030004_636 قم اور دور خشوع نتھی جوبلی آپ شاہ ہونے سے سوچا کا تو حملوں کا پھول ہوا 
LOG (lattice-best-path[5.5.907~1-cbed4]:main():lattice-best-path.cc:99) For utterance 20030004_637, best cost 183.556 + 4233.45 = 4417 over 652 frames.
20030004_637 کا خوان کے اس تم آدمی پہنچ کر جنگی لا ہوتی کی حد عرصے موڈم بھیڑوں ہوئی 
LOG (lattice-best-path[5.5.907~1-cbed4]:main():lattice-best-path.cc:99) For utterance 20030004_638, best cost 197.456 + 4890.33 = 5087.79 over 709 frames.
20030004_638 کالجوں گوجر کی شیڈ اور ڈرائینگ میں کو آئے صورت اور کوٹھڑی کو فٹ کی کے خوراک سے جج چیل 
LOG (lattice-best-path[5.5.907~1-cbed4]:main():lattice-best-path.cc:99) For utterance 20030004_639, best cost 196.002 + 5139.65 = 5335.65 over 768 frames.
20030004_639 حیرت کے دفتر کی دکھ ایک جلسے تجویز کر سے کے نہ خود کے سوگوار رقصاں سے بہت سکتیں 
LOG (lattice-best-path[5.5.907~1-cbed4]:main():lattice-best-path.cc:99) For utterance 20030004_640, best cost 197.211 + 5171.53 = 5368.74 over 768 frames.
20030004_640 چکے میاؤں پر بیٹھی گیارہویں سفید نے پیسنے کونسل کے شاہ والا کا کا چوری کھو جگ آیا 
LOG (lattice-best-path[5.5.907~1-cbed4]:main():lattice-best-path.cc:99) For utterance 20030004_641, best cost 166.378 + 4047.28 = 4213.66 over 601 frames.
20030004_641 کو کو اہلکار اور بڑی شگوفے کو کی آتشیں بعد سے دیکھ لا کر بینک سے کی دیں 
LOG (lattice-best-path[5.5.907~1-cbed4]:main():lattice-best-path.cc:99) For utterance 20030004_642, best cost 143.834 + 3906.04 = 4049.87 over 588 frames.
20030004_642 حریفوں کے ہفتے میچ جیسی کھیلے پیدائش حصے نفوذ کی ہوا روٹھیں 
LOG (lattice-best-path[5.5.907~1-cbed4]:main():lattice-best-path.cc:99) For utterance 20030004_643, best cost 191.682 + 4227.98 = 4419.66 over 626 frames.
20030004_643 تحفہ سے ناول پر میں موقف آف فجر سے نہ ہائے اور ڈوگر افراط سے ضائع دیوی ڈال ہے 
LOG (lattice-best-path[5.5.907~1-cbed4]:main():lattice-best-path.cc:99) For utterance 20030004_644, best cost 205.673 + 5165.16 = 5370.83 over 753 frames.
20030004_644 کچھ کھیلیں میں کچھ ایک میں ڈور کروائیں اور زیڈ برابر چھری کے سے ینگ پر سکتے نے دوا پھیریں 
LOG (lattice-best-path[5.5.907~1-cbed4]:main():lattice-best-path.cc:99) For utterance 20030004_645, best cost 175.379 + 4638.41 = 4813.79 over 687 frames.
20030004_645 نڈر ویلوٹ کس میں گذر کے صاحب زور مس پر کرنے کی خواہ آشنا اگلے ہیں 
LOG (lattice-best-path[5.5.907~1-cbed4]:main():lattice-best-path.cc:99) For utterance 20030004_646, best cost 164.3 + 4439.62 = 4603.92 over 664 frames.
20030004_646 سعودی نہ خون جوس نے اور جگ نے کے بعد لاؤ بحران میں کرائے ڈالنے آئی 
LOG (lattice-best-path[5.5.907~1-cbed4]:main():lattice-best-path.cc:99) For utterance 20030004_647, best cost 127.558 + 3067.91 = 3195.47 over 439 frames.
20030004_647 باجرہ کرکے گھن عارضی بلند میچور کر دو رو پر آئے 
LOG (lattice-best-path[5.5.907~1-cbed4]:main():lattice-best-path.cc:99) For utterance 20030004_648, best cost 120.489 + 3564.77 = 3685.26 over 531 frames.
20030004_648 میلے میں دودھیا چارجز پنہاں خود چلیں کیلئے کروا تھا 
LOG (lattice-best-path[5.5.907~1-cbed4]:main():lattice-best-path.cc:99) For utterance 20030004_649, best cost 155.502 + 3885.79 = 4041.29 over 582 frames.
20030004_649 کو کو کو کن گینز کرکے بیٹھ نے کے بعد کب آمدنی دل لگائی یہ 
LOG (lattice-best-path[5.5.907~1-cbed4]:main():lattice-best-path.cc:99) For utterance 20030004_650, best cost 186.545 + 4654.8 = 4841.34 over 690 frames.
20030004_650 پنجرے کی تعلیم کی سی غیر اور سال میں یقین کی منفی الہیات کے دائِیں اس تک اعزہ ہے 
LOG (lattice-best-path[5.5.907~1-cbed4]:main():lattice-best-path.cc:99) For utterance 20030004_651, best cost 154.555 + 4531.69 = 4686.25 over 679 frames.
20030004_651 کو ایئر خوف ہیوی میں چوتھی کھوکھلے ایقان کے اور نے سے تلے صوفی تھی 
LOG (lattice-best-path[5.5.907~1-cbed4]:main():lattice-best-path.cc:99) For utterance 20030004_652, best cost 212.079 + 5277.54 = 5489.62 over 801 frames.
20030004_652 پر اولی ان کی جھیل ایک تھام گئی اور لولی کوڈ کے نو لا میں کا بورڈ کے سدھو تک پنچھی 
LOG (lattice-best-path[5.5.907~1-cbed4]:main():lattice-best-path.cc:99) For utterance 20030004_653, best cost 172.186 + 4607.05 = 4779.23 over 694 frames.
20030004_653 لو ابرار بیس کسی سن دھل کر زیر کی کے جدید ڈھائی تک روز ہوا 
LOG (lattice-best-path[5.5.907~1-cbed4]:main():lattice-best-path.cc:99) For utterance 20030004_654, best cost 181.511 + 4651.69 = 4833.2 over 694 frames.
20030004_654 ہڈی اور دیش ہاؤس اس کیے شیعہ چولہے اور ان سیفٹی اور ریسکیو میں داغنے ستھرے 
LOG (lattice-best-path[5.5.907~1-cbed4]:main():lattice-best-path.cc:99) For utterance 20030004_655, best cost 123.328 + 3243.49 = 3366.82 over 493 frames.
20030004_655 نانگا گشت کیے چھائی گوڈی لخت بن جانے کشف ہے 
LOG (lattice-best-path[5.5.907~1-cbed4]:main():lattice-best-path.cc:99) For utterance 20030004_656, best cost 201.177 + 4946.93 = 5148.1 over 744 frames.
20030004_656 بے اسے سے جی تیروں فیڈرل وزیر ای بینک بجائے اور سوئی موجب آ رنگ بے تھینکس کریں 
LOG (lattice-best-path[5.5.907~1-cbed4]:main():lattice-best-path.cc:99) For utterance 20030004_657, best cost 135.805 + 3582.58 = 3718.38 over 545 frames.
20030004_657 خان غالب پن سے اندھے کے فروغ کردار کی حد سے موخر نہیں 
LOG (lattice-best-path[5.5.907~1-cbed4]:main():lattice-best-path.cc:99) For utterance 20030004_658, best cost 134.872 + 3527.46 = 3662.33 over 505 frames.
20030004_658 لینڈ اؤٹ کا میں واں لو ایک ایڈز کی بعد سے ہزار کو 
LOG (lattice-best-path[5.5.907~1-cbed4]:main():lattice-best-path.cc:99) For utterance 20030004_659, best cost 193.658 + 5310.2 = 5503.86 over 796 frames.
20030004_659 مدد ایک عود کر بجھائی اور تھوڑی کا رکھتا خام کو رو قوس کے بعد بوائے یا کر سوویں 
LOG (lattice-best-path[5.5.907~1-cbed4]:main():lattice-best-path.cc:99) For utterance 20030004_660, best cost 93.2682 + 2808.56 = 2901.82 over 406 frames.
20030004_660 کو ایوارڈ خان کے بقایا اسلامی نہیں حوصلہ 
LOG (lattice-best-path[5.5.907~1-cbed4]:main():lattice-best-path.cc:99) For utterance 20030004_661, best cost 131.718 + 3406.1 = 3537.81 over 513 frames.
20030004_661 کا صفحے میں کیلئے بیچوں پر حامل کا داغ آ راہو دبائے 
LOG (lattice-best-path[5.5.907~1-cbed4]:main():lattice-best-path.cc:99) For utterance 20030004_662, best cost 156.221 + 3682.15 = 3838.37 over 549 frames.
20030004_662 کر کن جوں کو کی آنکھ یاں چلیں تو صیاد لوں کی تشبیہ کے بے کریں 
LOG (lattice-best-path[5.5.907~1-cbed4]:main():lattice-best-path.cc:99) For utterance 20030004_663, best cost 181.853 + 4447.37 = 4629.23 over 658 frames.
20030004_663 پہ رونے جہاں چاہے مگ آگ انگوٹھی آڑ سال کی تو کی اندھے کی تدریس بخوبی 
LOG (lattice-best-path[5.5.907~1-cbed4]:main():lattice-best-path.cc:99) For utterance 20030004_664, best cost 230.797 + 5008.03 = 5238.83 over 744 frames.
20030004_664 فرماں صیاد اے کے بارے اعظم میں تعین نادر گورے لیتا نہ زور ہوا تو ایئر جی گروں کے کھڑے ہو گئیں 
LOG (lattice-best-path[5.5.907~1-cbed4]:main():lattice-best-path.cc:99) For utterance 20030004_665, best cost 141.59 + 3932.36 = 4073.95 over 587 frames.
20030004_665 فیس نے خسارے حاوی سے سے بھرٹ چینی تو خواہ چَھپ بکھیر ہوا 
LOG (lattice-best-path[5.5.907~1-cbed4]:main():lattice-best-path.cc:99) For utterance 20030004_666, best cost 152.12 + 3305.31 = 3457.43 over 480 frames.
20030004_666 بوم سے ہوے اگرچہ علم پر آ کا کا تک زدہ خیر سے بھولیں دیئے 
LOG (lattice-best-path[5.5.907~1-cbed4]:main():lattice-best-path.cc:99) For utterance 20030004_667, best cost 132.682 + 3735.16 = 3867.84 over 558 frames.
20030004_667 پہلی بھیج کی باڑھ سے چند دے ہو سے کے گگلی احسن ہوئی 
LOG (lattice-best-path[5.5.907~1-cbed4]:main():lattice-best-path.cc:99) For utterance 20030004_668, best cost 201.207 + 5177.78 = 5378.99 over 777 frames.
20030004_668 سعودی فلو اور فعل کے پر لڑیں میں کو بنیں والا جھنڈے کا کچلا بیعانہ حیثیت سے جال نے کہا 
LOG (lattice-best-path[5.5.907~1-cbed4]:main():lattice-best-path.cc:99) For utterance 20030004_669, best cost 155.701 + 3593.4 = 3749.1 over 543 frames.
20030004_669 آ رخ اعظم نو فلو بورڈ میں کریو سیلز کے لیے ڈیزرٹ روڈ نہیں کیا 
LOG (lattice-best-path[5.5.907~1-cbed4]:main():lattice-best-path.cc:99) For utterance 20030004_670, best cost 137.028 + 3439.71 = 3576.74 over 512 frames.
20030004_670 روز ایک آخری عشرت میرے کے سروں کا کو کو اڑوں کا طلب 
LOG (lattice-best-path[5.5.907~1-cbed4]:main():lattice-best-path.cc:99) For utterance 20030004_671, best cost 213.228 + 5764.88 = 5978.11 over 872 frames.
20030004_671 خوشی سے پہلے سوسائٹی گڑیا نے کہا سوں اور اس قبول کے سکول جھولے کی میں دو غور جی یہ جاؤ 
LOG (lattice-best-path[5.5.907~1-cbed4]:main():lattice-best-path.cc:99) For utterance 20030004_672, best cost 164.678 + 4438.24 = 4602.92 over 652 frames.
20030004_672 انٹر میں جیل شو سے لائیں تو فقدان بااثر پر اور صرف درجے کا پہلا ہے 
LOG (lattice-best-path[5.5.907~1-cbed4]:main():lattice-best-path.cc:99) For utterance 20030004_673, best cost 152.354 + 3551.08 = 3703.43 over 536 frames.
20030004_673 قرار ٹھیک ایچ آنگن وعدے ہوے جو سے نظر کے بے پر پڑ آئے 
LOG (lattice-best-path[5.5.907~1-cbed4]:main():lattice-best-path.cc:99) For utterance 20030004_674, best cost 169.355 + 4546.02 = 4715.38 over 656 frames.
20030004_674 نقشوں نے پَلوں میں پڑتا خرچ افغان کر ہم بار ہوں ٹھونس نے کی کوشش کی 
LOG (lattice-best-path[5.5.907~1-cbed4]:main():lattice-best-path.cc:99) For utterance 20030004_675, best cost 152.439 + 3330.73 = 3483.17 over 501 frames.
20030004_675 آڑ زیور بری کے روپے پر سوچے تو تعاون کا ھابھہ آؤ اڑا آئے 
LOG (lattice-best-path[5.5.907~1-cbed4]:main():lattice-best-path.cc:99) For utterance 20030004_676, best cost 183.978 + 4285.39 = 4469.37 over 617 frames.
20030004_676 اپنے رہائش کی سیر کا ندوی جا کو اے زوال نے عملا کر کے جگ ڈے پر رکھ گی 
LOG (lattice-best-path[5.5.907~1-cbed4]:main():lattice-best-path.cc:99) For utterance 20030004_677, best cost 200.018 + 5270.35 = 5470.37 over 794 frames.
20030004_677 مسائل نے گویا کی گگلی ہوئی مگر بعدازاں بوسن بھول ہیرو گرداں آنے کو غایت سے بدل گیا 
LOG (lattice-best-path[5.5.907~1-cbed4]:main():lattice-best-path.cc:99) For utterance 20030004_678, best cost 245.572 + 5854.65 = 6100.22 over 870 frames.
20030004_678 سن آف غزوہ پر ڈیلی فیتھ راؤ صرف والوں سے چھڑ آنے کے لیے ہیڈ رو جن فلیش سے مشق کے شیر کریں 
LOG (lattice-best-path[5.5.907~1-cbed4]:main():lattice-best-path.cc:99) For utterance 20030004_679, best cost 121.63 + 3333.91 = 3455.54 over 496 frames.
20030004_679 تھوڑی اور تھیری پر چیڑھ دبایا تو سرحد تیزی سے الجھیں 
LOG (lattice-best-path[5.5.907~1-cbed4]:main():lattice-best-path.cc:99) For utterance 20030004_680, best cost 210.022 + 5114.26 = 5324.29 over 764 frames.
20030004_680 چولہے کالج اوڑھا بہن دل ہوے بیلٹ ہوتا لائے تحفہ راہبر اس نے میں ٹوہ راؤ آ جاتا ہے 
LOG (lattice-best-path[5.5.907~1-cbed4]:main():lattice-best-path.cc:99) For utterance 20030004_681, best cost 203.417 + 4616.8 = 4820.22 over 688 frames.
20030004_681 بردار جشن الجھے اشرف کو کے حد کے ڈھا رسولی تو ہولوں ان پر بچھے دھار پر سوئے یا 
LOG (lattice-best-path[5.5.907~1-cbed4]:main():lattice-best-path.cc:99) For utterance 20030004_682, best cost 185.087 + 4351.45 = 4536.53 over 656 frames.
20030004_682 بیٹھ اور چھور والے کی لوٹ پر لتھڑے کا ناآشنا جا کر باعث کے جو ہر معلوم کیے 
LOG (lattice-best-path[5.5.907~1-cbed4]:main():lattice-best-path.cc:99) For utterance 20030004_683, best cost 155.768 + 4050.64 = 4206.41 over 605 frames.
20030004_683 ریڈ سے ماؤنٹ کی چلو تک اینڈ ایم دھیمی ریلیف کے لیے سے نکل گئی 
LOG (lattice-best-path[5.5.907~1-cbed4]:main():lattice-best-path.cc:99) For utterance 20030004_684, best cost 176.663 + 4958.67 = 5135.33 over 758 frames.
20030004_684 میں پرتھوی پھول کو واحد زیڈ کے قیوم میں میرون یا رحیل طلب تک کھاؤں 
LOG (lattice-best-path[5.5.907~1-cbed4]:main():lattice-best-path.cc:99) For utterance 20030004_685, best cost 130.528 + 3279.11 = 3409.64 over 489 frames.
20030004_685 جو فلڈ حوصلے بیچے بخشے اور سے کہا سے لاؤ بدھ ہو 
LOG (lattice-best-path[5.5.907~1-cbed4]:main():lattice-best-path.cc:99) For utterance 20030004_686, best cost 174.366 + 3664.84 = 3839.2 over 543 frames.
20030004_686 سفیدے اندھے صرف کھیل بیعت پریشر سے بنے یادیں مسز کا شو شاہ پوچھ و 
LOG (lattice-best-path[5.5.907~1-cbed4]:main():lattice-best-path.cc:99) For utterance 20030004_687, best cost 213.864 + 5379.42 = 5593.28 over 796 frames.
20030004_687 صوفی کوئی اس کے بعد سلور سے آنکھیں کھولنے تو باب ابھرا سے چیک مارچ کر تو وجہ مغرور پر گئے 
LOG (lattice-best-path[5.5.907~1-cbed4]:main():lattice-best-path.cc:99) For utterance 20030004_688, best cost 241.743 + 5501.98 = 5743.72 over 831 frames.
20030004_688 ہر کی بلکہ چادر خرچ آکر سنچری یاب مزارعوں اور بھیج کی کے بیلٹ میں نے کہا مون کے قرار تھے داغ میں جا 
LOG (lattice-best-path[5.5.907~1-cbed4]:main():lattice-best-path.cc:99) For utterance 20030004_689, best cost 208.561 + 4286.87 = 4495.43 over 645 frames.
20030004_689 بو جو تو بڑے جیز ذخیرہ کیا جانا موجوں ہول بنائیں اور سوئس و فصلیں کو چل کر چھائی 
LOG (lattice-best-path[5.5.907~1-cbed4]:main():lattice-best-path.cc:99) For utterance 20030004_690, best cost 118.66 + 2962.36 = 3081.02 over 467 frames.
20030004_690 یخنی یاں نہ بڑھائیں کے شو لے کوچوان نہیں جاتا 
LOG (lattice-best-path[5.5.907~1-cbed4]:main():lattice-best-path.cc:99) For utterance 20030004_691, best cost 201.765 + 5212.95 = 5414.71 over 808 frames.
20030004_691 کی سے کے دلجوئی کے لیے اپنا جی کر دھوئے یا اوور بہن سے ٹھونس آکر معین آدمی ٹھونس دیئے 
LOG (lattice-best-path[5.5.907~1-cbed4]:main():lattice-best-path.cc:99) For utterance 20030004_692, best cost 200.896 + 4280.72 = 4481.62 over 657 frames.
20030004_692 بدھ کھونے ساری کہا کے مے مصر ہو ساغر اے حد گاڑی کی بگھی کھا تیری دل ہیں 
LOG (lattice-best-path[5.5.907~1-cbed4]:main():lattice-best-path.cc:99) For utterance 20030004_693, best cost 145.165 + 4353.64 = 4498.8 over 673 frames.
20030004_693 میں نے حق کے جوئیہ سے کہا کے کو کا پر بنا کر لائے مدح دو 
LOG (lattice-best-path[5.5.907~1-cbed4]:main():lattice-best-path.cc:99) For utterance 20030004_694, best cost 195.753 + 4142.59 = 4338.34 over 604 frames.
20030004_694 طرفین کا تھوڑا شے شفاعت ہر صاحب کو جیٹ جی اور کو سے کی جا کو جو بن بنائیں 
LOG (lattice-best-path[5.5.907~1-cbed4]:main():lattice-best-path.cc:99) For utterance 20030004_695, best cost 171.97 + 4031.87 = 4203.84 over 606 frames.
20030004_695 کوئی کے جانب کھچی جانے کو کیا رنگ اگر کیچ جاؤں تو پانی میں گھول جا ہے 
LOG (lattice-best-path[5.5.907~1-cbed4]:main():lattice-best-path.cc:99) For utterance 20030004_696, best cost 169.887 + 4152.83 = 4322.72 over 617 frames.
20030004_696 دل شیم فورس ریڈ کی آمیزش کو بس میں مسوڑوں کے بنانے کیلئے فراواں کیا جائے گا 
LOG (lattice-best-path[5.5.907~1-cbed4]:main():lattice-best-path.cc:99) For utterance 20030004_697, best cost 126.98 + 3301.98 = 3428.96 over 492 frames.
20030004_697 بلوں اور کا عود سے سَیل قہوے ڈیزائنروں کرنے کا کام ہو گا 
LOG (lattice-best-path[5.5.907~1-cbed4]:main():lattice-best-path.cc:99) For utterance 20030004_698, best cost 149.187 + 3095.32 = 3244.51 over 474 frames.
20030004_698 بار واں ہم ذادہ دور بھینٹ سے شہاب باعث کا جائزہ لینے لگا 
LOG (lattice-best-path[5.5.907~1-cbed4]:main():lattice-best-path.cc:99) For utterance 20030004_699, best cost 197.081 + 4012.72 = 4209.8 over 596 frames.
20030004_699 نجات کے غیور ضعف کار کیچڑ ای میں بجائے کے اہل یا نے بے احمد کی کا مارچ سوچوں 
LOG (lattice-best-path[5.5.907~1-cbed4]:main():lattice-best-path.cc:99) For utterance 20030004_700, best cost 148.044 + 3608.88 = 3756.93 over 540 frames.
20030004_700 بوجھ اور کو کی تبلیغ میں تغافل کی سوجھی جھڑک کر وہ سوکھ سخت کو 
LOG (lattice-scale[5.5.907~1-cbed4]:main():lattice-scale.cc:107) Done 108 lattices.
LOG (lattice-best-path[5.5.907~1-cbed4]:main():lattice-best-path.cc:99) For utterance 20030004_701, best cost 205.712 + 4173.8 = 4379.51 over 617 frames.
20030004_701 مضمون گاؤن مان دونوں کو فضل کی تم اپنا جی سے کے گروہ کر موذی سکول تو کو سمجھا آیا 
LOG (lattice-best-path[5.5.907~1-cbed4]:main():lattice-best-path.cc:99) For utterance 20030004_702, best cost 132.659 + 3355.68 = 3488.34 over 513 frames.
20030004_702 غیر فیصلہ قوت کی روڈ میں فریب کو شاہ دو نادر بخشے 
LOG (lattice-best-path[5.5.907~1-cbed4]:main():lattice-best-path.cc:99) For utterance 20030004_703, best cost 134.576 + 3313.73 = 3448.31 over 504 frames.
20030004_703 حیرت چائلڈ سے کلیدی چینی کے بچھڑوں کا کو بار ظاہر ہوتا ہے 
LOG (lattice-add-penalty[5.5.907~1-cbed4]:main():lattice-add-penalty.cc:62) Done adding word insertion penalty to 108 lattices.
LOG (lattice-best-path[5.5.907~1-cbed4]:main():lattice-best-path.cc:99) For utterance 20030004_704, best cost 169.332 + 4972.46 = 5141.79 over 762 frames.
20030004_704 چغتائی ونگ سیکشن بھوت آئین نہ ساتھیوں کے ایک انظباتی کے لاؤ کا پروسیسر 
LOG (lattice-best-path[5.5.907~1-cbed4]:main():lattice-best-path.cc:99) For utterance 20030004_705, best cost 180.816 + 3866.61 = 4047.42 over 586 frames.
20030004_705 با وجہ گگن ماہ آئے گروپ میوزک چار پر لاگت آٹھ پھنس و سے بڑھ گئی 
LOG (lattice-best-path[5.5.907~1-cbed4]:main():lattice-best-path.cc:99) For utterance 20030004_706, best cost 115.042 + 2832.13 = 2947.17 over 434 frames.
20030004_706 بیلٹ سفید گیس کی آنکھیں دکھی تم آدمی چون 
LOG (lattice-best-path[5.5.907~1-cbed4]:main():lattice-best-path.cc:99) For utterance 20030004_707, best cost 132.495 + 3083.82 = 3216.32 over 479 frames.
20030004_707 ماضی کو بھورا یا ہے تو عابد بڑھ جیوری گناہوں میں نہ کریں 
LOG (lattice-best-path[5.5.907~1-cbed4]:main():lattice-best-path.cc:99) For utterance 20030004_708, best cost 161.467 + 4262.33 = 4423.8 over 653 frames.
20030004_708 جنگ جھرنے سے پہلے پر میں نے مجھے کوچ باڑہ صیغہ طریقہ اور مشق سمجھائیں 
LOG (lattice-best-path[5.5.907~1-cbed4]:main():lattice-best-path.cc:124) Overall cost per frame is 6.97474 = 0.274208 [graph] + 6.70053 [acoustic] over 70132 frames.
LOG (lattice-best-path[5.5.907~1-cbed4]:main():lattice-best-path.cc:128) Done 108 lattices, failed for 0
# Accounting: time=0 threads=1
# Ended (code 0) at Wed Apr 21 04:16:12 PKT 2021, elapsed time 0 seconds
