# lattice-scale --inv-acoustic-scale=9 "ark:gunzip -c exp/tri1/decode/lat.*.gz|" ark:- | lattice-add-penalty --word-ins-penalty=0.0 ark:- ark:- | lattice-best-path --word-symbol-table=exp/tri1/graph/words.txt ark:- ark,t:- | utils/int2sym.pl -f 2- exp/tri1/graph/words.txt | cat > exp/tri1/decode/scoring_kaldi/penalty_0.0/9.txt 
# Started at Wed Apr 21 06:50:23 PKT 2021
#
lattice-best-path --word-symbol-table=exp/tri1/graph/words.txt ark:- ark,t:- 
lattice-scale --inv-acoustic-scale=9 'ark:gunzip -c exp/tri1/decode/lat.*.gz|' ark:- 
lattice-add-penalty --word-ins-penalty=0.0 ark:- ark:- 
LOG (lattice-best-path[5.5.907~1-cbed4]:main():lattice-best-path.cc:99) For utterance 20030005_601, best cost 295.619 + 14225.1 = 14520.7 over 1496 frames.
20030005_601 نخوت یا کا تک پونچھ کی کے داغ کے کے لیے شو میں ابھری لنگر ای کے لہجے عود درد نور کے وے پڑا باغوں کو قبول گرنے لے گی 
LOG (lattice-best-path[5.5.907~1-cbed4]:main():lattice-best-path.cc:99) For utterance 20030005_602, best cost 347.237 + 19547.6 = 19894.8 over 2091 frames.
20030005_602 دل رکھوا کے عرصے ڈیم کے نرخوں اور اٹھے لیبر کے ہوے پڑھائی کی لو بن فحش ای آلود آلود جا کے داؤ کریم جڑیں کر نے کے ششدر سے آرزوئیں ہے ہے 
LOG (lattice-best-path[5.5.907~1-cbed4]:main():lattice-best-path.cc:99) For utterance 20030005_603, best cost 283.19 + 14502 = 14785.2 over 1534 frames.
20030005_603 شاہ مسخ شو بھر اور نزلے کے بڑا آسیہ کے رگڑیں عمل پر اٹھا تو ترغیب دی ڈگری نے بے قرضوں پر کرا مچا ورک کیا 
LOG (lattice-best-path[5.5.907~1-cbed4]:main():lattice-best-path.cc:99) For utterance 20030005_604, best cost 223.073 + 14946.5 = 15169.5 over 1617 frames.
20030005_604 سے دی نے نہ پہلی کے گاؤں کی گرل پر پڑی تو کہا اس تو اجزا ہے کہ اس کے نہ تلے اٹھائے نے 
LOG (lattice-best-path[5.5.907~1-cbed4]:main():lattice-best-path.cc:99) For utterance 20030005_605, best cost 158.279 + 7285.4 = 7443.68 over 734 frames.
20030005_605 سول درج دبائے جون رم کے کے شیم میں توہین بھینٹ کر داخل دیتا ہے 
LOG (lattice-best-path[5.5.907~1-cbed4]:main():lattice-best-path.cc:99) For utterance 20030005_606, best cost 186.621 + 10207 = 10393.6 over 1080 frames.
20030005_606 نسرین کے دوا میں مبنی رو قدروں سے فی عجلت بیویوں کے تفویض کی بڑی نے وزیر ہے 
LOG (lattice-best-path[5.5.907~1-cbed4]:main():lattice-best-path.cc:99) For utterance 20030005_607, best cost 126.461 + 7150.75 = 7277.21 over 747 frames.
20030005_607 سرویئر کی اور عفت کی زدہ گھمبیر ای نہ بنائی جائے 
LOG (lattice-best-path[5.5.907~1-cbed4]:main():lattice-best-path.cc:99) For utterance 20030005_608, best cost 221.867 + 10535.8 = 10757.7 over 1112 frames.
20030005_608 تھو تھے کے ابو ڈے مردوں کو خوار شرکت کا ڈار حبس چون بن جانے کی اور جن تو ہو ہو گئی 
LOG (lattice-best-path[5.5.907~1-cbed4]:main():lattice-best-path.cc:99) For utterance 20030005_609, best cost 249.131 + 13783.7 = 14032.9 over 1464 frames.
20030005_609 لشکر میں منور بن اعتبار مگر مشق نے میں کس تو لیں میں قالین اور فیس چون کے جور کا تصحیح فی یا کیا 
LOG (lattice-best-path[5.5.907~1-cbed4]:main():lattice-best-path.cc:99) For utterance 20030005_610, best cost 190.613 + 11663.5 = 11854.1 over 1188 frames.
20030005_610 موثر اہل لے تشہیر کا افیون بھیم عموماً بَلّا نے ٹیچر کی طرف سے اور رعیت احساس ہے 
LOG (lattice-best-path[5.5.907~1-cbed4]:main():lattice-best-path.cc:99) For utterance 20030005_611, best cost 255.773 + 13146.9 = 13402.7 over 1425 frames.
20030005_611 کھو سے رہے نے بلی میں گا اوس درد نیز ہی کے دب آؤ کو گاڑھا کھڑا ہیڈ ہے کی گھوم کے ساتھ چل لیے 
LOG (lattice-best-path[5.5.907~1-cbed4]:main():lattice-best-path.cc:99) For utterance 20030005_612, best cost 250.959 + 12043.9 = 12294.9 over 1246 frames.
20030005_612 تبدیلی یوم کی لغو رضا یہ شے سے میں ڈال بوڑھا کی جگہ شخص قدروں ہو قوت کی لینگویج ای کا خوان نہ ہے 
LOG (lattice-best-path[5.5.907~1-cbed4]:main():lattice-best-path.cc:99) For utterance 20030005_613, best cost 182.938 + 8142.11 = 8325.05 over 836 frames.
20030005_613 کلیرنگ کی لا حیرت بو بس اور جہد ریڑھی کو رشید ای نے ایل وعدہ کیا گا 
LOG (lattice-best-path[5.5.907~1-cbed4]:main():lattice-best-path.cc:99) For utterance 20030005_614, best cost 188.169 + 8804.26 = 8992.42 over 932 frames.
20030005_614 بدروح فیملی نے شیشے ہوم کے کر آ گروں کے ساتھ ثمر اس بجے بغیر سوم جو ہوتا کیا 
LOG (lattice-best-path[5.5.907~1-cbed4]:main():lattice-best-path.cc:99) For utterance 20030005_615, best cost 290.133 + 16364.6 = 16654.7 over 1726 frames.
20030005_615 در کا رخشندہ دیں نے بلی جی اور مسخ چلائی سرحد کو برڈ روزوں کرتے ہوئے ہے جو ہی خواہ ندا آن کی دلجوئی میں اور ہیڈ اڑایا 
LOG (lattice-best-path[5.5.907~1-cbed4]:main():lattice-best-path.cc:99) For utterance 20030005_616, best cost 295.222 + 14767.3 = 15062.5 over 1496 frames.
20030005_616 تاجر بحیرہ وارڈ ہیڈ نے سوم اور بھی شیئرنگ کو فروغ غذا شخص کر کے سی داغ خصوصی کی مون مارچ بعد کا تھل کا تیار کیا 
LOG (lattice-best-path[5.5.907~1-cbed4]:main():lattice-best-path.cc:99) For utterance 20030005_617, best cost 190.645 + 11229.4 = 11420.1 over 1182 frames.
20030005_617 کمرے پر پڑے ستھرے گود چھاؤں میں کیوں کو فولاد آ دیکھا کر سجدہ پھنس نے لگا 
LOG (lattice-best-path[5.5.907~1-cbed4]:main():lattice-best-path.cc:99) For utterance 20030005_618, best cost 237.121 + 10568.6 = 10805.8 over 1099 frames.
20030005_618 فاؤنڈیشن دب غریب سے رو شاہ مون چھاؤں والے آ کڑوی ساغر نے لیموں گے بات آ جیز اس تیار کیا 
LOG (lattice-best-path[5.5.907~1-cbed4]:main():lattice-best-path.cc:99) For utterance 20030005_619, best cost 155.955 + 8093.5 = 8249.46 over 868 frames.
20030005_619 تہذیب بھی تشبیہ حالات مژدہ بے حیران کرنے کی جون ہو رینگتی جا ہے 
LOG (lattice-best-path[5.5.907~1-cbed4]:main():lattice-best-path.cc:99) For utterance 20030005_620, best cost 251.796 + 16046.6 = 16298.4 over 1764 frames.
20030005_620 چھین آنے مون سکولوں کے بولوں کو گرداں گروں میں سموئے یا اور کی ڈیمو ہولوں پر طور زور شاخوں کی جھائیاں کیں 
LOG (lattice-best-path[5.5.907~1-cbed4]:main():lattice-best-path.cc:99) For utterance 20030005_621, best cost 264.322 + 12708.4 = 12972.7 over 1336 frames.
20030005_621 مدد کرائی سن ہاشوانی نے اور کر تھر جینوئن کے ماہ بینک میگزین ای نو گرلز اور چار بھی نواز نے میں تحریر کی 
LOG (lattice-best-path[5.5.907~1-cbed4]:main():lattice-best-path.cc:99) For utterance 20030005_622, best cost 231.231 + 13729.4 = 13960.7 over 1476 frames.
20030005_622 چوتھی گھڑیوں میں نے میں ڈھا اور کہا دے دیکھ کر ایک درج جن عمر سی بھیڑوں پالمر میں سے گز دیوی 
LOG (lattice-best-path[5.5.907~1-cbed4]:main():lattice-best-path.cc:99) For utterance 20030005_623, best cost 192.259 + 11150.2 = 11342.5 over 1188 frames.
20030005_623 ڈیم ٹری گینگز کا رتھ راقم رافعہ سوچ بروز کا محروم گا ندا شاہ لے گیا 
LOG (lattice-best-path[5.5.907~1-cbed4]:main():lattice-best-path.cc:99) For utterance 20030005_624, best cost 261.045 + 13618.2 = 13879.3 over 1412 frames.
20030005_624 نفوذ سے کے نو صفوں میں کی لے سنگین اور فاروق سوکھ اور اس والا فولڈر حدود کے انٹر شیم کے لیے مہم شے بوم تھا 
LOG (lattice-best-path[5.5.907~1-cbed4]:main():lattice-best-path.cc:99) For utterance 20030005_625, best cost 251.116 + 12079.7 = 12330.8 over 1252 frames.
20030005_625 نہ رواں کے ڈیم ذخائر پر پہ ڈے یا کی آزادی کو دریں لیے کر دنگ وے سی برج کے میں معاف کے کوچ گیا 
LOG (lattice-best-path[5.5.907~1-cbed4]:main():lattice-best-path.cc:99) For utterance 20030005_626, best cost 157.009 + 7623.81 = 7780.82 over 817 frames.
20030005_626 لینڈ بچنے کو ملی ہائے اعادہ بوم نبی کی یا لوہار سمجھ آ 
LOG (lattice-best-path[5.5.907~1-cbed4]:main():lattice-best-path.cc:99) For utterance 20030005_627, best cost 177.083 + 10181.5 = 10358.5 over 1073 frames.
20030005_627 فیری کا غیرت عمل کے نخوت کے علاوہ میں ای سے بوڑھوں کے تو صفوں میں رکھا گیا 
LOG (lattice-best-path[5.5.907~1-cbed4]:main():lattice-best-path.cc:99) For utterance 20030005_628, best cost 225.464 + 11121.4 = 11346.8 over 1182 frames.
20030005_628 لو غلط کی درج نیلم با نے کیلئے بیٹھ تھیٹر ابھری ملین میں میں فرعون کی خوشی یا ماؤف کود تھیں 
LOG (lattice-best-path[5.5.907~1-cbed4]:main():lattice-best-path.cc:99) For utterance 20030005_629, best cost 255.356 + 14046.9 = 14302.3 over 1476 frames.
20030005_629 شیرے فقرے ڈے کے گوشوں والوں کے اور و خارجہ میں فیچر کا بزرگ پر ہم نیم نے مرغابیوں کاغذات دیے جی کرا یا 
LOG (lattice-best-path[5.5.907~1-cbed4]:main():lattice-best-path.cc:99) For utterance 20030005_630, best cost 224.48 + 13756.3 = 13980.8 over 1457 frames.
20030005_630 کی نیم فضل گرنے نقشے کے اشاعت سال نے آکر بیچے ماہ رہے تھل چھم سے وباؤں بے کر گیا 
LOG (lattice-best-path[5.5.907~1-cbed4]:main():lattice-best-path.cc:99) For utterance 20030005_631, best cost 279.617 + 18017.1 = 18296.7 over 1912 frames.
20030005_631 سے چیز کوئی نیم ڈاکوؤں بیعت نے صاف آ کر کے فلو شخص بھیجے تو اوس نے اسے موو اور کر چھایا لے دکھائی ہے 
LOG (lattice-best-path[5.5.907~1-cbed4]:main():lattice-best-path.cc:99) For utterance 20030005_632, best cost 265.757 + 16387.7 = 16653.5 over 1758 frames.
20030005_632 ہذیانی قدسی گائنی کہا کے روایت کی ہجر چھوڑ رخوں اور دیرینہ بوجوہ والوں کر کھجوریں اور رسوائی چولہے بغیر بیٹھ لیں 
LOG (lattice-best-path[5.5.907~1-cbed4]:main():lattice-best-path.cc:99) For utterance 20030005_633, best cost 272.919 + 17237 = 17510 over 1873 frames.
20030005_633 رزق رنگ رم کے بن کہا میں تفویض کے لیے نیز تھینکس کے اور کی صفوں کی کو واجب اس سندھی سول دن کے لیے بھی یہ 
LOG (lattice-best-path[5.5.907~1-cbed4]:main():lattice-best-path.cc:99) For utterance 20030005_634, best cost 186.908 + 9147.5 = 9334.4 over 952 frames.
20030005_634 کھلے شعور رنجش ان کے اس افغان کے لیے روات نیم یا کا کی نکل بھنڈی کر لائے ہیں 
LOG (lattice-best-path[5.5.907~1-cbed4]:main():lattice-best-path.cc:99) For utterance 20030005_635, best cost 224.027 + 12609.4 = 12833.4 over 1336 frames.
20030005_635 خاص میں دل کو جیم کی لاؤ افادہ میں بیٹھ اٹھیں اور اولین لنگا لیدر ماہرین سیڈ میں سوا کرائیں ہے 
LOG (lattice-best-path[5.5.907~1-cbed4]:main():lattice-best-path.cc:99) For utterance 20030005_636, best cost 191.487 + 12601.2 = 12792.7 over 1361 frames.
20030005_636 کا موڈم اور خاموش اودھم نادر کی چولہے عفو شامل نے سے زور جا کا کا غفور ہوا 
LOG (lattice-best-path[5.5.907~1-cbed4]:main():lattice-best-path.cc:99) For utterance 20030005_637, best cost 234.641 + 13564.9 = 13799.5 over 1457 frames.
20030005_637 پہلوان نے اس تمغہ میں کے پی ٹوہ پانچ کر رم کی لا موچی کی یہ لیدر سے مین مگر بے ہوئی 
LOG (lattice-best-path[5.5.907~1-cbed4]:main():lattice-best-path.cc:99) For utterance 20030005_638, best cost 223.249 + 16837.3 = 17060.6 over 1828 frames.
20030005_638 کاجو گوجر کی شیرے ڈوب ڈرائیونگ سے کو نے صورت اور کوڑھ یہ کو کھڑے کے کے ضلع سے جا نوچیں 
LOG (lattice-best-path[5.5.907~1-cbed4]:main():lattice-best-path.cc:99) For utterance 20030005_639, best cost 254.251 + 13892.1 = 14146.4 over 1432 frames.
20030005_639 ہم نیز کے تہتر کی دھل کے دل سے ترجیح ایگلز کر سے کے نہ بوجھ کی ایف ظاہر تک سال سے نے بلوچ سے گئیں 
LOG (lattice-best-path[5.5.907~1-cbed4]:main():lattice-best-path.cc:99) For utterance 20030005_640, best cost 240.238 + 12734.4 = 12974.7 over 1348 frames.
20030005_640 چوہوں کی نیو مون پر بیٹھی یا رہے سے سی نے بھی سیمی کونسل کی کے شعاع لا کا پنچولی کوچ لگا آیا 
LOG (lattice-best-path[5.5.907~1-cbed4]:main():lattice-best-path.cc:99) For utterance 20030005_641, best cost 186.909 + 10369.3 = 10556.2 over 1054 frames.
20030005_641 آ اور پگڑی شگفتہ والوں کی آ دیش بعض دی درد پھیلا کر بینگن سے بھیجیں 
LOG (lattice-best-path[5.5.907~1-cbed4]:main():lattice-best-path.cc:99) For utterance 20030005_642, best cost 172.243 + 10076.3 = 10248.5 over 1041 frames.
20030005_642 حریفوں کے سیفٹی میچ ایف سی کھیلے تو درس میں سے نفوذ کیے ہوا کوٹھی 
LOG (lattice-best-path[5.5.907~1-cbed4]:main():lattice-best-path.cc:99) For utterance 20030005_643, best cost 238.331 + 12587.7 = 12826 over 1310 frames.
20030005_643 تحفہ آلود سے نہ فرض با رہیں کی معاف آف ہجر سے نہ کھائیں اور دوغلی سیراب سے ظاہر دیں ڈھا لیں 
LOG (lattice-best-path[5.5.907~1-cbed4]:main():lattice-best-path.cc:99) For utterance 20030005_644, best cost 253.676 + 14961.8 = 15215.4 over 1611 frames.
20030005_644 پچاس کھیل اونی ہے طور چھیل میں طور پر روئیں عورت دوسرا بچے ہی کی سنگین کر سے ہنگری ڈار با کھلیں 
LOG (lattice-best-path[5.5.907~1-cbed4]:main():lattice-best-path.cc:99) For utterance 20030005_645, best cost 197.618 + 9884.33 = 10082 over 1022 frames.
20030005_645 نیگیٹو ڈیزرٹ کے اس میں دو سرحد کے ساڑھے بو زور مسخ کر کر میں کی ایفا شخص نچلے ہیں 
LOG (lattice-best-path[5.5.907~1-cbed4]:main():lattice-best-path.cc:99) For utterance 20030005_646, best cost 185.513 + 10979.1 = 11164.6 over 1156 frames.
20030005_646 سعودی نہ فن جوس نے اور چبھنے کے باران لاؤ رپورٹ بَلّا میں بڑھائیں ڈالنے آیئں 
LOG (lattice-best-path[5.5.907~1-cbed4]:main():lattice-best-path.cc:99) For utterance 20030005_647, best cost 144.896 + 9812.94 = 9957.84 over 1067 frames.
20030005_647 بات لیدر کے فلمساز ذخیرہ گود بچّو اور کر دوسروں پر آئے 
LOG (lattice-best-path[5.5.907~1-cbed4]:main():lattice-best-path.cc:99) For utterance 20030005_648, best cost 131.704 + 9051.41 = 9183.11 over 990 frames.
20030005_648 میلے میں قم دیا ساجد پنہاں خرچ در کیلئے کروا تھا 
LOG (lattice-best-path[5.5.907~1-cbed4]:main():lattice-best-path.cc:99) For utterance 20030005_649, best cost 181.393 + 9589.07 = 9770.47 over 1041 frames.
20030005_649 دکھوں کو کر مین سے کر کے یہ بیٹھ رکھنے کے بات کو عوام کا نے در لگائے گے 
LOG (lattice-best-path[5.5.907~1-cbed4]:main():lattice-best-path.cc:99) For utterance 20030005_650, best cost 222.165 + 12571.2 = 12793.4 over 1355 frames.
20030005_650 ہجو فیری دب آئین کی سیل در اور سماجی گیر ان کی نارتھ لیے بحیرہ کے رہائش تک رزاق ہے 
LOG (lattice-best-path[5.5.907~1-cbed4]:main():lattice-best-path.cc:99) For utterance 20030005_651, best cost 174.096 + 10323.6 = 10497.7 over 1131 frames.
20030005_651 کوئلے کی بیرونی مووی شعلوں کی کو کلیدی گھر روٹھیں اور نے سے پہلے سونگ بھی تھیں 
LOG (lattice-best-path[5.5.907~1-cbed4]:main():lattice-best-path.cc:99) For utterance 20030005_652, best cost 249.901 + 13959.5 = 14209.4 over 1502 frames.
20030005_652 پٹھوں ملین کی جی لیں تھام گئیں اور لے کو وارڈ قے نو والا مے کر گھوسٹ کی سدھو رخوں تک اونچی 
LOG (lattice-best-path[5.5.907~1-cbed4]:main():lattice-best-path.cc:99) For utterance 20030005_653, best cost 210.898 + 11068.9 = 11279.8 over 1176 frames.
20030005_653 لو ہر ابرار ڈیلروں رزق کا سی زنخوں ڈال کر زیرآب کی انجری ڈرائینگ عبرت کن روزوں ہوا 
LOG (lattice-best-path[5.5.907~1-cbed4]:main():lattice-best-path.cc:99) For utterance 20030005_654, best cost 219.977 + 12934.3 = 13154.3 over 1361 frames.
20030005_654 کھڑے ڈے اور دیش ہوسٹس کی عشرے یا چور ہے اور ان فٹ ٹیڑھے برس سے کے معدے میں سے دھجیاں دیں 
LOG (lattice-best-path[5.5.907~1-cbed4]:main():lattice-best-path.cc:99) For utterance 20030005_655, best cost 155.187 + 9551.9 = 9707.08 over 1022 frames.
20030005_655 نعیم بخشش کی دل چھائی ان فولڈر ڈیلی لے فٹ بچھانے کا عشر ہے 
LOG (lattice-best-path[5.5.907~1-cbed4]:main():lattice-best-path.cc:99) For utterance 20030005_656, best cost 219.289 + 15418.4 = 15637.7 over 1668 frames.
20030005_656 بیضے سے سے ویجی کرو بیگم کر ظریفی ہیروئن بچائیں اور سوئنگ اور جہاد آن بلڈ حصص کرائے ہے 
LOG (lattice-best-path[5.5.907~1-cbed4]:main():lattice-best-path.cc:99) For utterance 20030005_657, best cost 163.094 + 10312.8 = 10475.9 over 1099 frames.
20030005_657 خاں گول افغان ضیغم کے کر افورڈ کردار آ کی حادثے مون پر نہیں 
LOG (lattice-best-path[5.5.907~1-cbed4]:main():lattice-best-path.cc:99) For utterance 20030005_658, best cost 159.618 + 9281.03 = 9440.65 over 1003 frames.
20030005_658 لہو روڈ کا میں واحد روہی وے رنز کی بعد سے گز آ رو ہے 
LOG (lattice-best-path[5.5.907~1-cbed4]:main():lattice-best-path.cc:99) For utterance 20030005_659, best cost 193.34 + 12179.8 = 12373.1 over 1291 frames.
20030005_659 مرکزی کو دل کر بھجوائیں اور پورے ای کا تمغوں غوروخوض کے بعد بولیں یا پھر سوئے ہیں 
LOG (lattice-best-path[5.5.907~1-cbed4]:main():lattice-best-path.cc:99) For utterance 20030005_660, best cost 129.841 + 7254.59 = 7384.43 over 779 frames.
20030005_660 اور لیبر خادم کے با کیا عضلات میں نہیں ای گھس لا 
LOG (lattice-best-path[5.5.907~1-cbed4]:main():lattice-best-path.cc:99) For utterance 20030005_661, best cost 168.901 + 11344.2 = 11513.1 over 1252 frames.
20030005_661 قضا فن لے نے کے لیے بدھ چون پر حامل کا ڈھا رہا بھرٹ دبائے ہیں 
LOG (lattice-best-path[5.5.907~1-cbed4]:main():lattice-best-path.cc:99) For utterance 20030005_662, best cost 180.823 + 10008 = 10188.8 over 1067 frames.
20030005_662 کھڑے چھم چھم کو و کی آ دیگر چلیں دوسرا باغوں کی تشبیہ گلے بگڑ لیں 
LOG (lattice-best-path[5.5.907~1-cbed4]:main():lattice-best-path.cc:99) For utterance 20030005_663, best cost 217.356 + 12730.7 = 12948.1 over 1336 frames.
20030005_663 پی رونے جہاں چاہیے مقابلوں انگوٹھی نہ اس سالہ کی نیم ڈوب گئیں دے کی تنقیص بو کو رہی 
LOG (lattice-best-path[5.5.907~1-cbed4]:main():lattice-best-path.cc:99) For utterance 20030005_664, best cost 234.847 + 12813.3 = 13048.1 over 1316 frames.
20030005_664 سالہ سہارے کے بارے اعظم میں لیتا آئین نادر ای لے کا حضور ہوا تو دل انجری کے رخوں کے کھڑے اور گئے 
LOG (lattice-best-path[5.5.907~1-cbed4]:main():lattice-best-path.cc:99) For utterance 20030005_665, best cost 155.386 + 7515.95 = 7671.34 over 779 frames.
20030005_665 خیر میں خاص آ گروہوں والی سے سے گڑھ چینی دھواں کا جست غیر ہوا 
LOG (lattice-best-path[5.5.907~1-cbed4]:main():lattice-best-path.cc:99) For utterance 20030005_666, best cost 202.068 + 10074 = 10276.1 over 1073 frames.
20030005_666 دو وم سے ہوے آئے اور بل چہل علم پر آغا کار تو بسر آ خیر سے بھول لیے 
LOG (lattice-best-path[5.5.907~1-cbed4]:main():lattice-best-path.cc:99) For utterance 20030005_667, best cost 150.686 + 12070.3 = 12221 over 1323 frames.
20030005_667 تیری بے کے داڑھی سے چمن دے دوسرے کی گگلی بس نیم ہوئی 
LOG (lattice-best-path[5.5.907~1-cbed4]:main():lattice-best-path.cc:99) For utterance 20030005_668, best cost 244.547 + 14208.8 = 14453.3 over 1489 frames.
20030005_668 سنبھلی فلو اور بھیگی کے پر لڑیں میں ایک ابھرے والے جائے ورک کا کچلا ربیعہ نہ خرید سے ویجز نکل آ 
LOG (lattice-best-path[5.5.907~1-cbed4]:main():lattice-best-path.cc:99) For utterance 20030005_669, best cost 169.737 + 10567 = 10736.7 over 1112 frames.
20030005_669 عورت خاص سن نو فضل بورڈر نے نے ویڈیوز در کے ریزرو اور نہیں کیا 
LOG (lattice-best-path[5.5.907~1-cbed4]:main():lattice-best-path.cc:99) For utterance 20030005_670, best cost 164.646 + 9828.14 = 9992.78 over 1035 frames.
20030005_670 گزرے کا آخری اشارہ ہیڈ ایک کی سایہ ڈاؤن گا کوڑھ لوحوں کا طلب 
LOG (lattice-best-path[5.5.907~1-cbed4]:main():lattice-best-path.cc:99) For utterance 20030005_671, best cost 244.411 + 13005.2 = 13249.6 over 1368 frames.
20030005_671 رشید سے پہلے سسرال کی گڑیا نے کہا سوواں عورت اس زبوں ہول کے سیف لوث جو لیلی میں دو اور جی یہ جاؤ 
LOG (lattice-best-path[5.5.907~1-cbed4]:main():lattice-best-path.cc:99) For utterance 20030005_672, best cost 206.588 + 11280.3 = 11486.9 over 1163 frames.
20030005_672 انٹر میں ڈیرے شو سچل آئیے تو فوراً کا آنکھ بھال سرویئر اور سن درجے کا آپ اگلا ہے 
LOG (lattice-best-path[5.5.907~1-cbed4]:main():lattice-best-path.cc:99) For utterance 20030005_673, best cost 182.496 + 9592.67 = 9775.17 over 1048 frames.
20030005_673 کھڑا کی چاہوں عام گروہ پہ پورے جو ذہن اصل کے بیعت کھڑے کھڑا آئے ہے 
LOG (lattice-best-path[5.5.907~1-cbed4]:main():lattice-best-path.cc:99) For utterance 20030005_674, best cost 209.016 + 14667.1 = 14876.1 over 1604 frames.
20030005_674 نشر اونے پَلوں میں بھڑک کا پرچیاں گانٹھوں کر تمغہ کینگرو ٹھوس قم سن نے کی کوشش کی 
LOG (lattice-best-path[5.5.907~1-cbed4]:main():lattice-best-path.cc:99) For utterance 20030005_675, best cost 181.084 + 12039.9 = 12220.9 over 1297 frames.
20030005_675 عارضی گھیرے بروز اور کے کے ریوڑ یہ پر سونگ کوچے تو تفنن کا بازوؤں پڑھائی گے 
LOG (lattice-best-path[5.5.907~1-cbed4]:main():lattice-best-path.cc:99) For utterance 20030005_676, best cost 218.109 + 12154.9 = 12373 over 1278 frames.
20030005_676 اپنی رہائش جست کا سی زچ کا نتھی جا کھولے ذوق والا نے تنگ کے شجر جھگڑے پر رکھ دیئے 
LOG (lattice-best-path[5.5.907~1-cbed4]:main():lattice-best-path.cc:99) For utterance 20030005_677, best cost 223.953 + 13307.2 = 13531.1 over 1380 frames.
20030005_677 مثال نے یا کے گگلی بولنے مگر بعدازاں دولت سود ہوئی گوگل کرا نیم کی غربت سے دل گیا 
LOG (lattice-best-path[5.5.907~1-cbed4]:main():lattice-best-path.cc:99) For utterance 20030005_678, best cost 297.762 + 18944.7 = 19242.5 over 2052 frames.
20030005_678 سے نصف غصب ماہ کو ہو تھیلی فیری اس کھڑا غور والوں سے چھیڑنے کے لیے ہیڈ رو جن فی مولوی سے مشعر کے نے شیرے کیں 
LOG (lattice-best-path[5.5.907~1-cbed4]:main():lattice-best-path.cc:99) For utterance 20030005_679, best cost 134.946 + 9004.31 = 9139.26 over 958 frames.
20030005_679 تھوڑی اور پیڑی پر چیلہ کا یا تو سے حیرت تیزی سے اچھی 
LOG (lattice-best-path[5.5.907~1-cbed4]:main():lattice-best-path.cc:99) For utterance 20030005_680, best cost 210.882 + 12175.7 = 12386.5 over 1316 frames.
20030005_680 چوری کاجو اوڑھا رحم دے ہوے یہ بیٹھ خون تو لائن اٹھارہ برس میں میں تھوڑا آئے جاتا ہے 
LOG (lattice-best-path[5.5.907~1-cbed4]:main():lattice-best-path.cc:99) For utterance 20030005_681, best cost 217.367 + 14813.3 = 15030.7 over 1611 frames.
20030005_681 گدھا فیشن جیب شیر کو گہرا کر ڈار آسیہ ہوئی تو بولوں پر بھی لیچی دھار پر سایہ 
LOG (lattice-best-path[5.5.907~1-cbed4]:main():lattice-best-path.cc:99) For utterance 20030005_682, best cost 226.442 + 15711.5 = 15937.9 over 1656 frames.
20030005_682 بھی ایف اور شوق بارے کی لوٹ پر ہجے دے قناعت چچا کر وائرس کے و اجرت معلوم کیے 
LOG (lattice-best-path[5.5.907~1-cbed4]:main():lattice-best-path.cc:99) For utterance 20030005_683, best cost 200.339 + 12757.7 = 12958 over 1355 frames.
20030005_683 رزق سے ماؤنٹ کی جھگڑوں داغ کے اہل ایم نئی نیم رہ دیے کے یہ سے میں نہ کر گئی 
LOG (lattice-best-path[5.5.907~1-cbed4]:main():lattice-best-path.cc:99) For utterance 20030005_684, best cost 187.839 + 11349.5 = 11537.4 over 1208 frames.
20030005_684 نیرنگ بھی فضول خاقان ایڈڈ زیڈ کے کی موہوم میں معلوم یا ریلی لاگت تک آؤ 
LOG (lattice-best-path[5.5.907~1-cbed4]:main():lattice-best-path.cc:99) For utterance 20030005_685, best cost 147.77 + 8365.04 = 8512.8 over 881 frames.
20030005_685 جو فخر بوسن کی بلوچ ایئر بخشے عرصے کہا سے لوحوں بدروح 
LOG (lattice-best-path[5.5.907~1-cbed4]:main():lattice-best-path.cc:99) For utterance 20030005_686, best cost 213.06 + 10377.3 = 10590.4 over 1067 frames.
20030005_686 صوفی گینگز نے یہ سرخ کے وائرس فحش حیرت سے بنے یادیں مے سیورج کا شور شاہ پوچھ ہو 
LOG (lattice-best-path[5.5.907~1-cbed4]:main():lattice-best-path.cc:99) For utterance 20030005_687, best cost 255.226 + 15714 = 15969.2 over 1656 frames.
20030005_687 سوغات ویجز کے بن سلور اسے آنکھیں میں کھولے میں دوا بوم عذاب سے چیف مارچ کر تو جاؤ مدعو ظہور کاروائیوں 
LOG (lattice-best-path[5.5.907~1-cbed4]:main():lattice-best-path.cc:99) For utterance 20030005_688, best cost 267.55 + 16683.6 = 16951.1 over 1796 frames.
20030005_688 خلیے کھل کی چادر بیگج بات کر سے مچھلیاں غذا رخوں اور بھیج کی کی بیجوں میں ناغہ معین کے پراٹھا ریلی داخل جا 
LOG (lattice-best-path[5.5.907~1-cbed4]:main():lattice-best-path.cc:99) For utterance 20030005_689, best cost 228.999 + 13800.2 = 14029.2 over 1496 frames.
20030005_689 بوجھ دو بردار جا ساتھ خیرہ کیا جنگوں نے ہولوں بنا یہ اور افسوس و فصلیں کو جل کر چھائی ہے 
LOG (lattice-best-path[5.5.907~1-cbed4]:main():lattice-best-path.cc:99) For utterance 20030005_690, best cost 149.511 + 8731.87 = 8881.38 over 881 frames.
20030005_690 یہ گتھی یا نہ پڑھائی آیئں کے شو لے غور شعاع نیم جا سکتا ہے 
LOG (lattice-best-path[5.5.907~1-cbed4]:main():lattice-best-path.cc:99) For utterance 20030005_691, best cost 203.149 + 13693.2 = 13896.3 over 1368 frames.
20030005_691 کیسی کی دلجوئی کے لیے اپنا جی کر بیورو نہ اور ہم سے ٹھونس نہ کر معائنہ نے ٹھوس دیئے 
LOG (lattice-best-path[5.5.907~1-cbed4]:main():lattice-best-path.cc:99) For utterance 20030005_692, best cost 202.461 + 12169.8 = 12372.3 over 1220 frames.
20030005_692 باذوق و انحصار نے کہا کیے میرٹ اثر بوسن بڑے ہاتھوں گاڑی سے بھیگی کا کے دلوں ہے 
LOG (lattice-best-path[5.5.907~1-cbed4]:main():lattice-best-path.cc:99) For utterance 20030005_693, best cost 147.702 + 9246.07 = 9393.78 over 939 frames.
20030005_693 مے نگہت کے جوے یا سے کہا کے واقعہ پر بنا کر لائے نعمت دو 
LOG (lattice-best-path[5.5.907~1-cbed4]:main():lattice-best-path.cc:99) For utterance 20030005_694, best cost 210.539 + 12253.7 = 12464.3 over 1208 frames.
20030005_694 تراجم کہا چھوڑ آ ششدر یا کرتا سایہ کھول درجے اور اسے یہی چاقو چبا لوں بنائیں 
LOG (lattice-best-path[5.5.907~1-cbed4]:main():lattice-best-path.cc:99) For utterance 20030005_695, best cost 192.268 + 10916.3 = 11108.6 over 1105 frames.
20030005_695 کھوہ ہی کی جانب کیجیے جانے کو کیا روئیں اگر کی نوچ جاؤ تو پانی میں گول جاؤ 
LOG (lattice-best-path[5.5.907~1-cbed4]:main():lattice-best-path.cc:99) For utterance 20030005_696, best cost 188.112 + 11387.9 = 11576.1 over 1131 frames.
20030005_696 جل شیم خاصے کے اُمید سے کو مس نوعی مسوڑوں کے بنانے کیلئے فراواں یا در گا 
LOG (lattice-best-path[5.5.907~1-cbed4]:main():lattice-best-path.cc:99) For utterance 20030005_697, best cost 138.452 + 7852.73 = 7991.18 over 772 frames.
20030005_697 بھر اور کھاؤ سے سبزیوں تمغوں گے ڈیزائنروں کروانے کا کا ہو گیا 
LOG (lattice-best-path[5.5.907~1-cbed4]:main():lattice-best-path.cc:99) For utterance 20030005_698, best cost 163.586 + 11376.8 = 11540.4 over 1124 frames.
20030005_698 براہمن رو ہم ذاد ڈور بھیم سے شفاعت باؤنڈری سے کا جائزہ لینے لگا 
LOG (lattice-best-path[5.5.907~1-cbed4]:main():lattice-best-path.cc:99) For utterance 20030005_699, best cost 196.411 + 13647.6 = 13844 over 1342 frames.
20030005_699 نظر کے سے روزوں عفو کی چھڑ ای میں بدھا کے اہل گئیں بےعزتی کا مدد سوچوں 
LOG (lattice-best-path[5.5.907~1-cbed4]:main():lattice-best-path.cc:99) For utterance 20030005_700, best cost 209.276 + 14288.9 = 14498.2 over 1419 frames.
20030005_700 گوشے اور خون کیے تک لیے لمحوں میں تغافل کی سول یہ شغل کر دس لوک سے رکھاؤ 
LOG (lattice-best-path[5.5.907~1-cbed4]:main():lattice-best-path.cc:99) For utterance 20030005_701, best cost 258.496 + 16892.2 = 17150.7 over 1681 frames.
20030005_701 مضمون باغ نواز بلوں و کو نظر کی طرح معلومات نہ چیز سے اہل دوا کر موذی زیست کو باغوں کو سمجھا یا 
LOG (lattice-best-path[5.5.907~1-cbed4]:main():lattice-best-path.cc:99) For utterance 20030005_702, best cost 165.29 + 11817.4 = 11982.7 over 1150 frames.
20030005_702 غیر فیصلہ ہو قوت کی میں ہر ایک و و شاہ زون نظر بخشیں 
LOG (lattice-best-path[5.5.907~1-cbed4]:main():lattice-best-path.cc:99) For utterance 20030005_703, best cost 161.042 + 9585.29 = 9746.33 over 952 frames.
20030005_703 پتھروں وائرل میں کلیدی جیم کے پھٹ پڑھو کا آؤ با ظاہر ہوتا ہے 
LOG (lattice-best-path[5.5.907~1-cbed4]:main():lattice-best-path.cc:99) For utterance 20030005_704, best cost 205.569 + 13937.2 = 14142.7 over 1355 frames.
20030005_704 چور اٹھا کے ہونے سے شنید متغیر نل اداروں کے اننگز بات کے پھل لاؤ کا پریس سے سے ہے 
LOG (lattice-scale[5.5.907~1-cbed4]:main():lattice-scale.cc:107) Done 108 lattices.
LOG (lattice-best-path[5.5.907~1-cbed4]:main():lattice-best-path.cc:99) For utterance 20030005_705, best cost 183.969 + 9629.98 = 9813.95 over 958 frames.
20030005_705 بھاوج آ ہو بیگم محض کرو ویوز نجات پر لاگت آٹھ ہم سوواں سے بڑے گئیں 
LOG (lattice-best-path[5.5.907~1-cbed4]:main():lattice-best-path.cc:99) For utterance 20030005_706, best cost 136.445 + 11132.3 = 11268.7 over 1086 frames.
20030005_706 برج رزق حفیظ مرضی کے آنکھیں دیکھیں حکومت نے جوئیں 
LOG (lattice-add-penalty[5.5.907~1-cbed4]:main():lattice-add-penalty.cc:62) Done adding word insertion penalty to 108 lattices.
LOG (lattice-best-path[5.5.907~1-cbed4]:main():lattice-best-path.cc:99) For utterance 20030005_707, best cost 186.405 + 8985.14 = 9171.54 over 888 frames.
20030005_707 ماضی ایک کو و بن لایا ہے تو آدھے پڑ لیں یوم نیم گناہوں میں نہ پڑھے ہے 
LOG (lattice-best-path[5.5.907~1-cbed4]:main():lattice-best-path.cc:99) For utterance 20030005_708, best cost 205.821 + 10187.2 = 10393 over 1009 frames.
20030005_708 جنم چھیلنے سے پہلے بو روے ہونے مجھے کوچ آڑ آ رسیدہ تیری کا اور مشعر سن جائے ہے 
LOG (lattice-best-path[5.5.907~1-cbed4]:main():lattice-best-path.cc:124) Overall cost per frame is 9.68797 = 0.163962 [graph] + 9.52401 [acoustic] over 136802 frames.
LOG (lattice-best-path[5.5.907~1-cbed4]:main():lattice-best-path.cc:128) Done 108 lattices, failed for 0
# Accounting: time=2 threads=1
# Ended (code 0) at Wed Apr 21 06:50:25 PKT 2021, elapsed time 2 seconds
