# lattice-scale --inv-acoustic-scale=9 "ark:gunzip -c exp/sgmm2_4_mmi_b0.1/decode_it1/lat.*.gz|" ark:- | lattice-add-penalty --word-ins-penalty=0.5 ark:- ark:- | lattice-best-path --word-symbol-table=data/lang_test/words.txt ark:- ark,t:- | utils/int2sym.pl -f 2- data/lang_test/words.txt | cat > exp/sgmm2_4_mmi_b0.1/decode_it1/scoring_kaldi/penalty_0.5/9.txt 
# Started at Wed Apr 21 05:45:11 PKT 2021
#
lattice-best-path --word-symbol-table=data/lang_test/words.txt ark:- ark,t:- 
lattice-scale --inv-acoustic-scale=9 'ark:gunzip -c exp/sgmm2_4_mmi_b0.1/decode_it1/lat.*.gz|' ark:- 
lattice-add-penalty --word-ins-penalty=0.5 ark:- ark:- 
LOG (lattice-best-path[5.5.907~1-cbed4]:main():lattice-best-path.cc:99) For utterance 20030004_601, best cost 268.095 + 4451.62 = 4719.72 over 804 frames.
20030004_601 نو بُدھی یہاں تک اونچی کے دماغی کے لیے شو میں دھل ای لنگر ای کو لیلی اگر امور کے پڑا گو بھول کر نیلم گی 
LOG (lattice-best-path[5.5.907~1-cbed4]:main():lattice-best-path.cc:99) For utterance 20030004_602, best cost 316.711 + 5685.39 = 6002.1 over 1000 frames.
20030004_602 درجوں با کو آئیوڈین کے نرخوں اور اٹھے لے پر رکھے ہوے آ پڑھائی کے لو بن نقشے آلود جا کے با و پریوں جب کرنے کی شرکت سے آرزوئیں ہے 
LOG (lattice-best-path[5.5.907~1-cbed4]:main():lattice-best-path.cc:99) For utterance 20030004_603, best cost 215.511 + 4322.61 = 4538.12 over 782 frames.
20030004_603 شمسی شوہر اور نزلے کی بڑا سے کی گدے مل پر اٹھا تو تبدیل نے بےقصور پر کرنے جھاگ کر کیا 
LOG (lattice-best-path[5.5.907~1-cbed4]:main():lattice-best-path.cc:99) For utterance 20030004_604, best cost 240.821 + 3675.73 = 3916.55 over 638 frames.
20030004_604 سدھ ای نے نا اہل ای کے داغ وہ کی کر ورلڈ پڑی تو کا اس کو اچھال ایل کے روز کے نقش ریوڑ کھائیں 
LOG (lattice-best-path[5.5.907~1-cbed4]:main():lattice-best-path.cc:99) For utterance 20030004_605, best cost 150.945 + 2709.23 = 2860.17 over 506 frames.
20030004_605 سول جل شوربہ جون کے پیش اے میں گولڈ پیر کر داخل دیتا ہے 
LOG (lattice-best-path[5.5.907~1-cbed4]:main():lattice-best-path.cc:99) For utterance 20030004_606, best cost 208.33 + 3099.21 = 3307.54 over 554 frames.
20030004_606 ندوی میں کے بم آپ میں فلو بدھ سے کی اس نبی و کے طرح غوث کی بڑی فیض ای لخت ہے 
LOG (lattice-best-path[5.5.907~1-cbed4]:main():lattice-best-path.cc:99) For utterance 20030004_607, best cost 132.047 + 2353.11 = 2485.16 over 428 frames.
20030004_607 اب سے دیے کی اور عفت کی زود باندھ گھمبیر نہ بنائی جائے 
LOG (lattice-best-path[5.5.907~1-cbed4]:main():lattice-best-path.cc:99) For utterance 20030004_608, best cost 171.428 + 3293.04 = 3464.47 over 578 frames.
20030004_608 کو پہ کے وڈ بے مرغی کو خرچ پر ڈام جوق جانے کی الجھ ان تو ہو گی 
LOG (lattice-best-path[5.5.907~1-cbed4]:main():lattice-best-path.cc:99) For utterance 20030004_609, best cost 226.346 + 4167.77 = 4394.12 over 746 frames.
20030004_609 علاج شل میں مغلوں اُمید بار مگر مچھلی اس کو لے نکالیں اور فی سوکھ کے جوڑیں اوقات تصفیے یا کیا 
LOG (lattice-best-path[5.5.907~1-cbed4]:main():lattice-best-path.cc:99) For utterance 20030004_610, best cost 215.523 + 4077.18 = 4292.7 over 740 frames.
20030004_610 معاذ صرف اہل لیتے شیریں کا ایئر بے کی چمن بے ریان ای چڑھ کی طرف سے بدھ دیے کے ساتھ ہے 
LOG (lattice-best-path[5.5.907~1-cbed4]:main():lattice-best-path.cc:99) For utterance 20030004_611, best cost 217.446 + 3737.27 = 3954.71 over 699 frames.
20030004_611 گھسے پہنے بھیم کا آف اوس چڑ نے سے کے دب آؤ کو گڑگڑا حد کی کو اونچی کے ساتھ چھ لے 
LOG (lattice-best-path[5.5.907~1-cbed4]:main():lattice-best-path.cc:99) For utterance 20030004_612, best cost 220.072 + 4251.42 = 4471.5 over 740 frames.
20030004_612 تبدیلی و کی لخت زچ سے میں ڈھال بھورا دے جبڑا شفیق کو توقع قوت کی لینگویج کا خاں حامل ہے 
LOG (lattice-best-path[5.5.907~1-cbed4]:main():lattice-best-path.cc:99) For utterance 20030004_613, best cost 133.647 + 2974.73 = 3108.38 over 534 frames.
20030004_613 کلیم کو لا حق بوگس اور جدول کو ریشمی نے البتہ کہا 
LOG (lattice-best-path[5.5.907~1-cbed4]:main():lattice-best-path.cc:99) For utterance 20030004_614, best cost 153.346 + 3010.85 = 3164.2 over 547 frames.
20030004_614 گدھوں فیشن نے شے شو کے کرائی و کے ساتھ سمجھیں بغیر سمجھو تھا کیا 
LOG (lattice-best-path[5.5.907~1-cbed4]:main():lattice-best-path.cc:99) For utterance 20030004_615, best cost 246.218 + 5324.35 = 5570.56 over 941 frames.
20030004_615 ہدایت کا شہزادی نے علی جور موئسچرائزنگ سکول بلڈ اوس کرتے ہوئے جونہی خان دانش کی تجوریاں گوبر ہیڈ بڑھ آیا 
LOG (lattice-best-path[5.5.907~1-cbed4]:main():lattice-best-path.cc:99) For utterance 20030004_616, best cost 279.842 + 5038.16 = 5318 over 890 frames.
20030004_616 تاجر غیب وارڈ میڈیسن خان پور بلین کو فروغ مزاج کر کیسی درخت اس سخت وفد کی ماہ فٹ کا بل کا ایف تیار کیا 
LOG (lattice-best-path[5.5.907~1-cbed4]:main():lattice-best-path.cc:99) For utterance 20030004_617, best cost 190.916 + 3111.66 = 3302.58 over 569 frames.
20030004_617 کم بے پر پڑے سوکھ کے کچھ و میں کی لونگ کو بھول لیتا دیکھ کر فقدان گھسنے لگا 
LOG (lattice-best-path[5.5.907~1-cbed4]:main():lattice-best-path.cc:99) For utterance 20030004_618, best cost 218.178 + 4481.01 = 4699.19 over 792 frames.
20030004_618 فاؤنڈیشن کمرے جس سے روشناس موعود شو والے اکھنڈ صاف پر نے کرنے یوں کے بعد ویجز کے تیار کیا ہے 
LOG (lattice-best-path[5.5.907~1-cbed4]:main():lattice-best-path.cc:99) For utterance 20030004_619, best cost 135.575 + 2847.23 = 2982.8 over 524 frames.
20030004_619 تہذیب ای تشبیہ خادم مطالبے آن کرنے کا جبری نتھی جا ہے 
LOG (lattice-best-path[5.5.907~1-cbed4]:main():lattice-best-path.cc:99) For utterance 20030004_620, best cost 245.728 + 3970.85 = 4216.58 over 688 frames.
20030004_620 چیل ملنے پَلوں کی بولوں کو گڑھ ہو میں سموئے یا اور کی ڈیمو بوڑھوں پر کو اور زور شو آؤٹ کی تیار عریاں کیں 
LOG (lattice-best-path[5.5.907~1-cbed4]:main():lattice-best-path.cc:99) For utterance 20030004_621, best cost 222.97 + 4565.32 = 4788.29 over 757 frames.
20030004_621 معجل حد رنز حاشیے نے اور کر سوجن کے ماہ بینک ویزے نوبل سدھ اور چاہیے نواز نے میں پہلے کی 
LOG (lattice-best-path[5.5.907~1-cbed4]:main():lattice-best-path.cc:99) For utterance 20030004_622, best cost 192.208 + 3604.34 = 3796.54 over 634 frames.
20030004_622 کو چیک گڑھ میں میں ندا اور قدرے کرے درج ان عمر رسیدہ بھیڑیے کو عالمی سے گزری 
LOG (lattice-best-path[5.5.907~1-cbed4]:main():lattice-best-path.cc:99) For utterance 20030004_623, best cost 147.528 + 2786.28 = 2933.81 over 510 frames.
20030004_623 بن ڈیل ہینگر لوک منافعے اس و برس کا محور کا نشانہ لے گیا 
LOG (lattice-best-path[5.5.907~1-cbed4]:main():lattice-best-path.cc:99) For utterance 20030004_624, best cost 224.804 + 4404.38 = 4629.18 over 768 frames.
20030004_624 ماؤف اثر کے نعوذ کو میں گیس چینی اور فوج فوریکس والا فورم حدود کے انجکشن کیلئے مبہم ارشد بھول تھا 
LOG (lattice-best-path[5.5.907~1-cbed4]:main():lattice-best-path.cc:99) For utterance 20030004_625, best cost 206.004 + 3742 = 3948 over 717 frames.
20030004_625 نے روور ڈیل ساگر وی لیا کی آدمی قدرے دیکھ کر بنگلے سی ورک کے موو واقعے کھو گیا 
LOG (lattice-best-path[5.5.907~1-cbed4]:main():lattice-best-path.cc:99) For utterance 20030004_626, best cost 121.868 + 2587.04 = 2708.91 over 463 frames.
20030004_626 لینڈ پہنچنے کو ملی کیا تک دھول کھیر باڑھ سمجھا 
LOG (lattice-best-path[5.5.907~1-cbed4]:main():lattice-best-path.cc:99) For utterance 20030004_627, best cost 184.836 + 3374.23 = 3559.07 over 610 frames.
20030004_627 فروغ کا خیر رول عمل کے نخوت کے اعلان یہ سے بھڑوں کو تو فوم میں لکھا رہ گیا 
LOG (lattice-best-path[5.5.907~1-cbed4]:main():lattice-best-path.cc:99) For utterance 20030004_628, best cost 210.716 + 3824.22 = 4034.94 over 710 frames.
20030004_628 لو بدھ کی تک میلے بھال نے کے لیے بیٹھ ریڈ ٹریبیونل میں فن اور کی خوشی یاں ماؤف کود تھیں 
LOG (lattice-best-path[5.5.907~1-cbed4]:main():lattice-best-path.cc:99) For utterance 20030004_629, best cost 231.377 + 4256.5 = 4487.87 over 773 frames.
20030004_629 شیلڈیں ٹریفک کے کوش والا کے وافر میں فیڈر اب گز روور منیب نے مردوں کا ہے سگے ایچ کروا یا 
LOG (lattice-best-path[5.5.907~1-cbed4]:main():lattice-best-path.cc:99) For utterance 20030004_630, best cost 199.459 + 3599.39 = 3798.85 over 661 frames.
20030004_630 کئی ان قیصر نے نے شے کے اشجار میں آکر بیچے ماہ لے اچھال سے خام بدھ کھل گیا 
LOG (lattice-best-path[5.5.907~1-cbed4]:main():lattice-best-path.cc:99) For utterance 20030004_631, best cost 268.811 + 4740.24 = 5009.05 over 905 frames.
20030004_631 سیدھے اس چیف کو لینڈ و برڈ نے وقف آگ کے لیے فعل اور خرچ بھیجے تو قوس نے کو سے موڑ کر چھایا لے دکھ آئے 
LOG (lattice-best-path[5.5.907~1-cbed4]:main():lattice-best-path.cc:99) For utterance 20030004_632, best cost 234.385 + 4595.61 = 4830 over 874 frames.
20030004_632 حسین سعید آنے کہا کے روئی یقین گوجر چھوڑ غوں اور بیڑیاں بھجوا کر فجور اور رسولی چھوئیں بغیر بیٹھ 
LOG (lattice-best-path[5.5.907~1-cbed4]:main():lattice-best-path.cc:99) For utterance 20030004_633, best cost 245.002 + 4699.34 = 4944.34 over 822 frames.
20030004_633 ریڈ فرینڈ ان کے بگاڑنے تخیّل کے لیے منیب فن پہ اور فی سوں کی کو والرس ایک سیسے بولنگ کیلئے دی جی گے 
LOG (lattice-best-path[5.5.907~1-cbed4]:main():lattice-best-path.cc:99) For utterance 20030004_634, best cost 212.185 + 3611.02 = 3823.2 over 680 frames.
20030004_634 کوئلے شجر جس چلیں شنید کی اس خان کے لیے میں روغن نیم یاں ساتھ کے نکل فرینڈ کر کے لائیں 
LOG (lattice-best-path[5.5.907~1-cbed4]:main():lattice-best-path.cc:99) For utterance 20030004_635, best cost 206.087 + 3948.67 = 4154.76 over 684 frames.
20030004_635 فاریسٹ مڈل کو چنگ کی الاؤنس فارم میں بیٹھی اور اگلے ممکن تک میں یاں سیل سے سدھ آپ کریں 
LOG (lattice-best-path[5.5.907~1-cbed4]:main():lattice-best-path.cc:99) For utterance 20030004_636, best cost 206.104 + 3604.29 = 3810.39 over 677 frames.
20030004_636 کم اب دور خشوع نقش کی جوبلی اب شاہ ہونے سے زود جا کا تو ہم کا آف عود ہوا 
LOG (lattice-best-path[5.5.907~1-cbed4]:main():lattice-best-path.cc:99) For utterance 20030004_637, best cost 189.964 + 3415.86 = 3605.83 over 652 frames.
20030004_637 اقوام کے اس تم آدمی پہنچ کا جنگی لا موعود ای کی حد عرصے موڈ بھیڑوں ہوئی 
LOG (lattice-best-path[5.5.907~1-cbed4]:main():lattice-best-path.cc:99) For utterance 20030004_638, best cost 210.797 + 4034.73 = 4245.53 over 709 frames.
20030004_638 کام جو گوجر کی شیڈ اور ڈرائینگ میں کوئی صورت چھور کوٹھڑی کو کر کی کے بلا آف سے جج جیم 
LOG (lattice-best-path[5.5.907~1-cbed4]:main():lattice-best-path.cc:99) For utterance 20030004_639, best cost 220.185 + 4082.83 = 4303.02 over 768 frames.
20030004_639 ٹریفک کے دفتر کی دکھ اے دل سے تجویز کر صغیر نہ گود کی زور ہر تک ساز سے بہت سکتیں 
LOG (lattice-best-path[5.5.907~1-cbed4]:main():lattice-best-path.cc:99) For utterance 20030004_640, best cost 219 + 4228.33 = 4447.33 over 768 frames.
20030004_640 چور کے نے یوم پر بیٹھی گیارہویں صفیں یہ نے پیسنے کونسل کے شاہ والا کا کا چوری کوچ لگا آیا 
LOG (lattice-best-path[5.5.907~1-cbed4]:main():lattice-best-path.cc:99) For utterance 20030004_641, best cost 159.206 + 3349.07 = 3508.27 over 601 frames.
20030004_641 کو کو پالمر اور بڑی شگوفے کو کی آتشیں بعد سے کھلکھلا کر بھینس سے کی دیں 
LOG (lattice-best-path[5.5.907~1-cbed4]:main():lattice-best-path.cc:99) For utterance 20030004_642, best cost 181.188 + 3108.55 = 3289.74 over 588 frames.
20030004_642 ہر فوم کی فٹ فی میچ اس سیکھ اے تو درس اسے نفوذ کی ہوا رو کی 
LOG (lattice-best-path[5.5.907~1-cbed4]:main():lattice-best-path.cc:99) For utterance 20030004_643, best cost 210.56 + 3483.52 = 3694.08 over 626 frames.
20030004_643 تفاوت سے نہ فائر پڑنے موقف آف پنج عرصے نہ ہائے اور دوغلی لاکھ سے زاید طرحی ڈال لیں 
LOG (lattice-best-path[5.5.907~1-cbed4]:main():lattice-best-path.cc:99) For utterance 20030004_644, best cost 227.799 + 4364.77 = 4592.57 over 753 frames.
20030004_644 ڈچ کے علی میں تو چھ ایک میں ڈور پر روئیں اور ذاد برابر چھری کے سینما پر سکتے ندا پاک پھیریں 
LOG (lattice-best-path[5.5.907~1-cbed4]:main():lattice-best-path.cc:99) For utterance 20030004_645, best cost 192.408 + 3759.73 = 3952.14 over 687 frames.
20030004_645 نڈر ڈیڈ وڈ کے اس میں دو سب کے سائیڈ پر زور مس کر کرنے کی فاجر کھلیں ہیں 
LOG (lattice-best-path[5.5.907~1-cbed4]:main():lattice-best-path.cc:99) For utterance 20030004_646, best cost 164.357 + 3711.95 = 3876.31 over 664 frames.
20030004_646 سعودی نہ خون جوس نے اور چبھنے کے بعد لاؤ براں نے بڑھائے ڈالنے آئی 
LOG (lattice-best-path[5.5.907~1-cbed4]:main():lattice-best-path.cc:99) For utterance 20030004_647, best cost 154.717 + 2523.13 = 2677.84 over 439 frames.
20030004_647 بو آج نادر کے تھانہ ظہیر بھون دھونی چور کر دو رو پر آئے 
LOG (lattice-best-path[5.5.907~1-cbed4]:main():lattice-best-path.cc:99) For utterance 20030004_648, best cost 134.631 + 2889.85 = 3024.48 over 531 frames.
20030004_648 میلے میں دودھ دیا چار سکتے نوحہ خرچ ایئر کیلئے کروا تھا 
LOG (lattice-best-path[5.5.907~1-cbed4]:main():lattice-best-path.cc:99) For utterance 20030004_649, best cost 150.374 + 3256.98 = 3407.36 over 582 frames.
20030004_649 کو کو کو کن مین صرف کے بیٹھ نے کے بعد کا بام کا لیڈر لگائے 
LOG (lattice-best-path[5.5.907~1-cbed4]:main():lattice-best-path.cc:99) For utterance 20030004_650, best cost 189.017 + 3896.99 = 4086 over 690 frames.
20030004_650 ہجو میری تعلیم کی سی غیرت اور سال میں یقین کی نبوی اہلیہ کے ادائیگی تک اعزہ ہے 
LOG (lattice-best-path[5.5.907~1-cbed4]:main():lattice-best-path.cc:99) For utterance 20030004_651, best cost 165.832 + 3626.8 = 3792.63 over 679 frames.
20030004_651 کوئی ایل خوف بلڈنگ میں چونگی کھوکھلے ایقان کے اور نے سے پہلے سونگ پی تھی 
LOG (lattice-best-path[5.5.907~1-cbed4]:main():lattice-best-path.cc:99) For utterance 20030004_652, best cost 229.841 + 4173.77 = 4403.61 over 801 frames.
20030004_652 ہیڈ رول ینگ کی چھیلنے تھام گئی اور ملی کوڈ کے نو لا میں کا گوٹھوں کے سدھو اور تک پہنچ ای 
LOG (lattice-best-path[5.5.907~1-cbed4]:main():lattice-best-path.cc:99) For utterance 20030004_653, best cost 192.259 + 3762.99 = 3955.24 over 694 frames.
20030004_653 لو ایئر برابر ڈیل سے کسی سن ٹھل قرضے لکھی ہجر عید لائی تک روز ہوا 
LOG (lattice-best-path[5.5.907~1-cbed4]:main():lattice-best-path.cc:99) For utterance 20030004_654, best cost 188.893 + 3893.37 = 4082.27 over 694 frames.
20030004_654 کرنے اور دیش ہاؤس از کی ایشیائی جونہی اور انسٹھویں اور اس کے نوید عام عید سدھ رہیں 
LOG (lattice-best-path[5.5.907~1-cbed4]:main():lattice-best-path.cc:99) For utterance 20030004_655, best cost 139.48 + 2638.36 = 2777.84 over 493 frames.
20030004_655 نام بخشش کی یہ چھائی گوڈی لیب بو جانے کا عشرت ایں 
LOG (lattice-best-path[5.5.907~1-cbed4]:main():lattice-best-path.cc:99) For utterance 20030004_656, best cost 211.004 + 3970.83 = 4181.84 over 744 frames.
20030004_656 بے ایل سے سچ ای ایئر و ہینگر کا زیر ایونٹ بچائیں اور سنو جہاد رم بھید حبس کریں 
LOG (lattice-best-path[5.5.907~1-cbed4]:main():lattice-best-path.cc:99) For utterance 20030004_657, best cost 155.141 + 2890.56 = 3045.7 over 545 frames.
20030004_657 خام غور آف پھنسے ان کے ایک ایف پر کردار کی حد سے موخر نہیں 
LOG (lattice-best-path[5.5.907~1-cbed4]:main():lattice-best-path.cc:99) For utterance 20030004_658, best cost 148.711 + 3060.72 = 3209.43 over 505 frames.
20030004_658 لینڈ ورلڈ کا میں با لوہے عفو ایئر سکھی بعد سے گزارنے غوں 
LOG (lattice-best-path[5.5.907~1-cbed4]:main():lattice-best-path.cc:99) For utterance 20030004_659, best cost 210.346 + 4206.84 = 4417.18 over 796 frames.
20030004_659 مٹیں کود کر میں چھائی اور کوڑھ ای کا تک خام پور و قوس کے بعد بوم نیا کر سوویں 
LOG (lattice-best-path[5.5.907~1-cbed4]:main():lattice-best-path.cc:99) For utterance 20030004_660, best cost 111.336 + 2364.46 = 2475.8 over 406 frames.
20030004_660 ہوئے پردھان کے بقایا قے ضلع میں نہیں گھس نہ 
LOG (lattice-best-path[5.5.907~1-cbed4]:main():lattice-best-path.cc:99) For utterance 20030004_661, best cost 124.92 + 2743.01 = 2867.93 over 513 frames.
20030004_661 کا صرف لینے کے لیے بیچوں پر حامل کا داغدار راغب دبائے 
LOG (lattice-best-path[5.5.907~1-cbed4]:main():lattice-best-path.cc:99) For utterance 20030004_662, best cost 182.956 + 3010.56 = 3193.52 over 549 frames.
20030004_662 کر ٹرین چون کو کی آن کی یاں جھلی تو سے یا رو کی تشبیہ ہی بیک اڑیں 
LOG (lattice-best-path[5.5.907~1-cbed4]:main():lattice-best-path.cc:99) For utterance 20030004_663, best cost 222.381 + 3601.43 = 3823.81 over 658 frames.
20030004_663 پی رونے جہاں چاہے مگ کا گا انگوٹھے یاں عرصہ لا کیں تو کی معدے کی طرحی صوبوں قوت گی 
LOG (lattice-best-path[5.5.907~1-cbed4]:main():lattice-best-path.cc:99) For utterance 20030004_664, best cost 238.585 + 4065.12 = 4303.71 over 744 frames.
20030004_664 فراواں صیاد اے کے بارے اعظم میں تعین آدھ گورے لے کا نہ زور ہوا تو ایئر جی کے روپے کھڑے ہو گئے 
LOG (lattice-best-path[5.5.907~1-cbed4]:main():lattice-best-path.cc:99) For utterance 20030004_665, best cost 142.179 + 3275.97 = 3418.15 over 587 frames.
20030004_665 فیصلے خسارے رابعہ سے سے بھرٹ چینی تو خواہ آج مخیر ہوا 
LOG (lattice-best-path[5.5.907~1-cbed4]:main():lattice-best-path.cc:99) For utterance 20030004_666, best cost 155.776 + 2700.05 = 2855.83 over 480 frames.
20030004_666 بوم سے ہوے اگرچہ علم پر آ کا کا طرف ضلع خیر سے بھولیں یہ 
LOG (lattice-best-path[5.5.907~1-cbed4]:main():lattice-best-path.cc:99) For utterance 20030004_667, best cost 141.047 + 3003.51 = 3144.55 over 558 frames.
20030004_667 پہلی دیے کے دھاڑ سے چند بے بو سے کے گگلی بھون سنبھلی 
LOG (lattice-best-path[5.5.907~1-cbed4]:main():lattice-best-path.cc:99) For utterance 20030004_668, best cost 229.724 + 4215.63 = 4445.36 over 777 frames.
20030004_668 سامنے فلو اور پیر کے پر لڑیں میں خوگر نے والا چند کا پچھلے یا آ بیعانہ بلین سے جال نکل لا 
LOG (lattice-best-path[5.5.907~1-cbed4]:main():lattice-best-path.cc:99) For utterance 20030004_669, best cost 178.333 + 2852.38 = 3030.71 over 543 frames.
20030004_669 وارڈ خاص ان و فلڈ بورڈ نے ہی و زلزلے لیے جیز زیڈ روڈ نہیں کیا 
LOG (lattice-best-path[5.5.907~1-cbed4]:main():lattice-best-path.cc:99) For utterance 20030004_670, best cost 163.44 + 2777.72 = 2941.16 over 512 frames.
20030004_670 رو سے کا آخری یہ شاہ ہائے کس اڈوں گا خوف کوڑھ وہ کا تعلق 
LOG (lattice-best-path[5.5.907~1-cbed4]:main():lattice-best-path.cc:99) For utterance 20030004_671, best cost 233.719 + 4527.42 = 4761.14 over 872 frames.
20030004_671 غیر شے سے پہلے سوسائٹی گڑیا نے کہا سوں اور اس بقول کے صفوں عود چھور لیے نے دو اور جی یہ جاؤ 
LOG (lattice-best-path[5.5.907~1-cbed4]:main():lattice-best-path.cc:99) For utterance 20030004_672, best cost 199.554 + 3545.4 = 3744.95 over 652 frames.
20030004_672 انٹر میری ایڈز شو سے لائیں تو فاروق آن بل صرف پر اوس اب درجے کا پہلا ہے 
LOG (lattice-best-path[5.5.907~1-cbed4]:main():lattice-best-path.cc:99) For utterance 20030004_673, best cost 154.812 + 2810.87 = 2965.68 over 536 frames.
20030004_673 قرار کی کے ایچ آنگن وعدے ہوے چوزے نظر کے بے پھٹ پڑا اے 
LOG (lattice-best-path[5.5.907~1-cbed4]:main():lattice-best-path.cc:99) For utterance 20030004_674, best cost 192.287 + 3870.64 = 4062.92 over 656 frames.
20030004_674 نشر نے پَلوں میں پر ایسا خرچ آگ آنکھ کر ہم بار ہے یوں ٹھونس نے کی کوشش کی 
LOG (lattice-best-path[5.5.907~1-cbed4]:main():lattice-best-path.cc:99) For utterance 20030004_675, best cost 136.692 + 2671.26 = 2807.95 over 501 frames.
20030004_675 عارضی بھربھری کے روپے پر سوچے تو تعاون کا وہاں آؤ اور آئے 
LOG (lattice-best-path[5.5.907~1-cbed4]:main():lattice-best-path.cc:99) For utterance 20030004_676, best cost 178.253 + 3618.4 = 3796.65 over 617 frames.
20030004_676 اپنے رہائش کی سے اس کا نتیجے یا کھولے زوال نے عملا گشت جھگڑے پر رکھ گی 
LOG (lattice-best-path[5.5.907~1-cbed4]:main():lattice-best-path.cc:99) For utterance 20030004_677, best cost 206.882 + 4277.93 = 4484.81 over 794 frames.
20030004_677 نے سامنے کی یا کی گگلی ہوئی مگر بعدازاں قوس ابو ہیرو گرداں نیم کو محویت سے بدل گیا 
LOG (lattice-best-path[5.5.907~1-cbed4]:main():lattice-best-path.cc:99) For utterance 20030004_678, best cost 232.848 + 4901.23 = 5134.08 over 870 frames.
20030004_678 سن آفس ماہ پر ڈیلی فیڈرل اور جڑ والوں سے چرانے کے لیے ہیڈ رو جن فلیش سے مشق کے شعر کریں 
LOG (lattice-best-path[5.5.907~1-cbed4]:main():lattice-best-path.cc:99) For utterance 20030004_679, best cost 142.284 + 2768.7 = 2910.98 over 496 frames.
20030004_679 تھوڑی اور ریڑھی پر چیڑھ لگا یا تو سفر تیزی سے اچھل ای 
LOG (lattice-best-path[5.5.907~1-cbed4]:main():lattice-best-path.cc:99) For utterance 20030004_680, best cost 217.33 + 4147.05 = 4364.38 over 764 frames.
20030004_680 چوری کا جوڑے آپ اہل دے ہوے بیٹھ و تو لائی وقف آ راہبر رقص نے میں دل علاوہ جاتا ہے 
LOG (lattice-best-path[5.5.907~1-cbed4]:main():lattice-best-path.cc:99) For utterance 20030004_681, best cost 214.761 + 3777.45 = 3992.21 over 688 frames.
20030004_681 گدھا چل شون جیب شے کو کے ہر کی ڈھا رسولی تو ہولوں مون پر بجھی دھار پر سوئے آ 
LOG (lattice-best-path[5.5.907~1-cbed4]:main():lattice-best-path.cc:99) For utterance 20030004_682, best cost 195.189 + 3472.21 = 3667.4 over 656 frames.
20030004_682 بے ایفکٹ اور چوالیس یہ کی لوٹ پر بے جڑیں کا ناچنے اجاگر باعث کے جو ہر معلوم کیے 
LOG (lattice-best-path[5.5.907~1-cbed4]:main():lattice-best-path.cc:99) For utterance 20030004_683, best cost 162.629 + 3315.12 = 3477.75 over 605 frames.
20030004_683 ریڈ سے ماہ عود کی جبڑوں تک اینٹھن نے نیچی ریلیف کے لیے سے نکل گئی 
LOG (lattice-best-path[5.5.907~1-cbed4]:main():lattice-best-path.cc:99) For utterance 20030004_684, best cost 200.415 + 3881.66 = 4082.07 over 758 frames.
20030004_684 نائب پر وی فورم کو آتی آدھ سیٹھ کے قیود میں میں لوں یا رحیل طلب تک عام 
LOG (lattice-best-path[5.5.907~1-cbed4]:main():lattice-best-path.cc:99) For utterance 20030004_685, best cost 154.977 + 2637.14 = 2792.11 over 489 frames.
20030004_685 جو فعال اب ہو سے بیچے بخشیں کو سے کہا سے لا مون بدھ ہو 
LOG (lattice-best-path[5.5.907~1-cbed4]:main():lattice-best-path.cc:99) For utterance 20030004_686, best cost 196.09 + 3029.01 = 3225.1 over 543 frames.
20030004_686 صرف تبدیل کے صرف فعل بیک پیش عرصے دنیا دی مے سچ کا شو شاہ پوچھ و 
LOG (lattice-best-path[5.5.907~1-cbed4]:main():lattice-best-path.cc:99) For utterance 20030004_687, best cost 212.757 + 4378.01 = 4590.77 over 796 frames.
20030004_687 سوچ کوئی اس کے بدسلوکی سے آنکھیں کھولنے تو حق ابھرا سے چیف مان کر تو جا مہجور کر گئے 
LOG (lattice-best-path[5.5.907~1-cbed4]:main():lattice-best-path.cc:99) For utterance 20030004_688, best cost 251.283 + 4445.56 = 4696.84 over 831 frames.
20030004_688 قل کی بلکہ چادر بھیج خرچ آکر سنچری یاں گزارنے اور بیچ کی کے بے ایک میں نے حامد ہوں کے پراٹھا داغ بھیجا 
LOG (lattice-best-path[5.5.907~1-cbed4]:main():lattice-best-path.cc:99) For utterance 20030004_689, best cost 223.045 + 3436.05 = 3659.09 over 645 frames.
20030004_689 بو جو تو بڑے جیز ذخیرہ کیا جا نو جو گول بن آئے اور سوئس و فصلیں کو چل کر چھائی 
LOG (lattice-best-path[5.5.907~1-cbed4]:main():lattice-best-path.cc:99) For utterance 20030004_690, best cost 141.456 + 2274.63 = 2416.08 over 467 frames.
20030004_690 یہ گھن یاں نہ پڑھائی کے شو لے کو چھور آن نہیں جاتا 
LOG (lattice-best-path[5.5.907~1-cbed4]:main():lattice-best-path.cc:99) For utterance 20030004_691, best cost 195.004 + 4092.3 = 4287.31 over 808 frames.
20030004_691 کی سی کے دلجوئی کیلئے اپنا جیگوار دھوئے یا اور پر ہنسیں ٹھونس آکر معین آدمی ٹھونس دیئے 
LOG (lattice-best-path[5.5.907~1-cbed4]:main():lattice-best-path.cc:99) For utterance 20030004_692, best cost 211.363 + 3386.04 = 3597.4 over 657 frames.
20030004_692 بدھ خون ایثار نے کہا کے مے مس سے بو ساگر اے حد گاڑی کے بن ہی کھاد کے دل ہے 
LOG (lattice-best-path[5.5.907~1-cbed4]:main():lattice-best-path.cc:99) For utterance 20030004_693, best cost 145.414 + 3406.39 = 3551.8 over 673 frames.
20030004_693 میں نے حق کے جوئیہ سے کہا کے وہ کا پر بنا کر لائے مدعو 
LOG (lattice-best-path[5.5.907~1-cbed4]:main():lattice-best-path.cc:99) For utterance 20030004_694, best cost 194.734 + 3448.16 = 3642.9 over 604 frames.
20030004_694 طرفین کاجو لاشیں شفاعت کر صاحب کو جج جی اور اسے ہی چاقو جو بند بن آئے 
LOG (lattice-best-path[5.5.907~1-cbed4]:main():lattice-best-path.cc:99) For utterance 20030004_695, best cost 176.052 + 3279.82 = 3455.87 over 606 frames.
20030004_695 کوئی کے جانب کھچی جانے کو کیا رو موقع اگر کی جاؤں تو پانی میں گھول جا ہے 
LOG (lattice-best-path[5.5.907~1-cbed4]:main():lattice-best-path.cc:99) For utterance 20030004_696, best cost 200.221 + 3330.29 = 3530.51 over 617 frames.
20030004_696 کے ایل شیم فورس ریڈ کے آ میں سے کو بس ملیں مسوڑوں کے بنانے کیلئے فراواں عام کیا جائے گا 
LOG (lattice-best-path[5.5.907~1-cbed4]:main():lattice-best-path.cc:99) For utterance 20030004_697, best cost 139.315 + 2690.62 = 2829.94 over 492 frames.
20030004_697 بل اور کا عود سے سَیل لینتھ دم کے ڈیزائنروں کرنے کا کام ہو گا 
LOG (lattice-best-path[5.5.907~1-cbed4]:main():lattice-best-path.cc:99) For utterance 20030004_698, best cost 148.65 + 2510.47 = 2659.12 over 474 frames.
20030004_698 بار واں مان ذادہ دور دین سے شفاعت باعث کا جائزہ لینے لگا 
LOG (lattice-best-path[5.5.907~1-cbed4]:main():lattice-best-path.cc:99) For utterance 20030004_699, best cost 206.217 + 3181.3 = 3387.51 over 596 frames.
20030004_699 نجات کے فیوچر آف کار کیچڑ ای میں بتایا یہ کے اہل یا نیم ریوڑ مہندی کا مقصود چوم 
LOG (lattice-best-path[5.5.907~1-cbed4]:main():lattice-best-path.cc:99) For utterance 20030004_700, best cost 164.147 + 2843.92 = 3008.06 over 540 frames.
20030004_700 گوشے اور فوم کی تک خلیل میں تغافل کی سوجھی جھڑک کر بس سوکھ سے افق 
LOG (lattice-scale[5.5.907~1-cbed4]:main():lattice-scale.cc:107) Done 108 lattices.
LOG (lattice-best-path[5.5.907~1-cbed4]:main():lattice-best-path.cc:99) For utterance 20030004_701, best cost 225.523 + 3330.69 = 3556.22 over 617 frames.
20030004_701 مضمون با عنوان بو نوگو گذر کی تو ماتھا جی سے کے بل باغ کر حوض اس ہوے تو کو سمجھا آیا 
LOG (lattice-best-path[5.5.907~1-cbed4]:main():lattice-best-path.cc:99) For utterance 20030004_702, best cost 143.621 + 2536.08 = 2679.7 over 513 frames.
20030004_702 غیر فیصلہ آ قوت کی روڈ میں بارے کو شاہ دو نادر بخشے 
LOG (lattice-add-penalty[5.5.907~1-cbed4]:main():lattice-add-penalty.cc:62) Done adding word insertion penalty to 108 lattices.
LOG (lattice-best-path[5.5.907~1-cbed4]:main():lattice-best-path.cc:99) For utterance 20030004_703, best cost 159.003 + 2508.77 = 2667.78 over 504 frames.
20030004_703 حیرت حائل سے تولید ای چھین کے پہ پڑھوں کا وہ بار ظاہر ہوتا ہے 
LOG (lattice-best-path[5.5.907~1-cbed4]:main():lattice-best-path.cc:99) For utterance 20030004_704, best cost 189.338 + 3870.07 = 4059.41 over 762 frames.
20030004_704 جو تھائی ونگ سے شنید موعود آئین آزاد یوں کے ایک انظباتی کے لاؤ کا پراسیس ہے 
LOG (lattice-best-path[5.5.907~1-cbed4]:main():lattice-best-path.cc:99) For utterance 20030004_705, best cost 178.11 + 3013.98 = 3192.09 over 586 frames.
20030004_705 با وجہ گگن ماہ ایک روہی و سے چادر لاگت آٹھ پھنس و سے بڑھ گئی 
LOG (lattice-best-path[5.5.907~1-cbed4]:main():lattice-best-path.cc:99) For utterance 20030004_706, best cost 119.292 + 2202.17 = 2321.46 over 434 frames.
20030004_706 بل سفید گیس کے آنکھیں دکھی تو مدد میت چوم 
LOG (lattice-best-path[5.5.907~1-cbed4]:main():lattice-best-path.cc:99) For utterance 20030004_707, best cost 147.829 + 2335.38 = 2483.21 over 479 frames.
20030004_707 ماضی کو بلا یا ہے تو آگے بری یوں میں گناہوں میں نہ پڑی 
LOG (lattice-best-path[5.5.907~1-cbed4]:main():lattice-best-path.cc:99) For utterance 20030004_708, best cost 190.17 + 3264.12 = 3454.29 over 653 frames.
20030004_708 جنگ جھرنے سے پہلے بڑھ لینے مجھے کچھ خارجہ سی پتھری کا اور مشق اس سمجھا اے 
LOG (lattice-best-path[5.5.907~1-cbed4]:main():lattice-best-path.cc:124) Overall cost per frame is 5.74774 = 0.293999 [graph] + 5.45374 [acoustic] over 70132 frames.
LOG (lattice-best-path[5.5.907~1-cbed4]:main():lattice-best-path.cc:128) Done 108 lattices, failed for 0
# Accounting: time=1 threads=1
# Ended (code 0) at Wed Apr 21 05:45:12 PKT 2021, elapsed time 1 seconds
