# lattice-scale --inv-acoustic-scale=8 "ark:gunzip -c exp/tri1/decode/lat.*.gz|" ark:- | lattice-add-penalty --word-ins-penalty=0.5 ark:- ark:- | lattice-best-path --word-symbol-table=exp/tri1/graph/words.txt ark:- ark,t:- | utils/int2sym.pl -f 2- exp/tri1/graph/words.txt | cat > exp/tri1/decode/scoring_kaldi/penalty_0.5/8.txt 
# Started at Wed Apr 21 07:18:26 PKT 2021
#
lattice-add-penalty --word-ins-penalty=0.5 ark:- ark:- 
lattice-scale --inv-acoustic-scale=8 'ark:gunzip -c exp/tri1/decode/lat.*.gz|' ark:- 
lattice-best-path --word-symbol-table=exp/tri1/graph/words.txt ark:- ark,t:- 
LOG (lattice-best-path[5.5.907~1-cbed4]:main():lattice-best-path.cc:99) For utterance 20030010_601, best cost 260.375 + 12273.5 = 12533.8 over 985 frames.
20030010_601 نو بچّی وقف کا کانجی کے بھابی کی مشن میں بھری نامی بولے ایری ادھار امرود کے پڑ آؤٹ کو قبول کر میلہ گی 
LOG (lattice-best-path[5.5.907~1-cbed4]:main():lattice-best-path.cc:99) For utterance 20030010_602, best cost 296.877 + 15188.5 = 15485.3 over 1203 frames.
20030010_602 گروں ذخائر چیل کے نئی خود کے لڑکھڑا کی راہو گھوڑے آڑ حائل کے لو ڈانس خوشی چمچہ کے ھابھہ اولین کرنے کی شرکت سے اعظم ہے 
LOG (lattice-best-path[5.5.907~1-cbed4]:main():lattice-best-path.cc:99) For utterance 20030010_603, best cost 219.599 + 10566.8 = 10786.4 over 833 frames.
20030010_603 ششدر اور نزلے کے گہرا سیر اگر عمل پر اٹھا تو تبدیلی نے ڈچ گیسو پر کر ان شوہر کیا 
LOG (lattice-best-path[5.5.907~1-cbed4]:main():lattice-best-path.cc:99) For utterance 20030010_604, best cost 245.327 + 10726.6 = 10971.9 over 856 frames.
20030010_604 ستھرے نے نہ علی کے گاؤن کی گرلز برج بُدھی تو کہا ای سوغات چاہے کئے گیس گنا خلیے اُٹھانے 
LOG (lattice-best-path[5.5.907~1-cbed4]:main():lattice-best-path.cc:99) For utterance 20030010_605, best cost 142.083 + 6477.13 = 6619.21 over 513 frames.
20030010_605 سول جیل شوہر انجمن کے پیش عمل گولڈ دیں کر داخل دیتا ہے 
LOG (lattice-best-path[5.5.907~1-cbed4]:main():lattice-best-path.cc:99) For utterance 20030010_606, best cost 175.525 + 7639.89 = 7815.42 over 608 frames.
20030010_606 نئے دی دیں جماعت میں بلوچ خود سے ارشد دوجے کہا فیس کی درس عجلت ہے 
LOG (lattice-best-path[5.5.907~1-cbed4]:main():lattice-best-path.cc:99) For utterance 20030010_607, best cost 126.117 + 5194.93 = 5321.04 over 420 frames.
20030010_607 تک سرویئر کی عفت کی سب عام بھنڈی نہ بنائی جائے 
LOG (lattice-best-path[5.5.907~1-cbed4]:main():lattice-best-path.cc:99) For utterance 20030010_608, best cost 188.739 + 7310.99 = 7499.73 over 582 frames.
20030010_608 سود دیں کے گود ایک ملک کو کوش کر ڈام جو میں جانب کی اجرا دو حوض گی 
LOG (lattice-best-path[5.5.907~1-cbed4]:main():lattice-best-path.cc:99) For utterance 20030010_609, best cost 207.703 + 9196.71 = 9404.42 over 736 frames.
20030010_609 پریشر میں محور اُمید بار مگر مچھلی چست و لینے گاڑی اٹھی سینٹر جوق کا کسی یا کیا 
LOG (lattice-best-path[5.5.907~1-cbed4]:main():lattice-best-path.cc:99) For utterance 20030010_610, best cost 198.281 + 9764.07 = 9962.35 over 803 frames.
20030010_610 موثر ایری لیڈر شیل یا کا ای جنوبی عمل میران میجر کی طرح سے بجٹ ایسا ہے 
LOG (lattice-best-path[5.5.907~1-cbed4]:main():lattice-best-path.cc:99) For utterance 20030010_611, best cost 225.886 + 10644.9 = 10870.8 over 868 frames.
20030010_611 کھسک بلین ڈیم گا فورس چئرمین زیر کے دب آؤ کو گرل گہرا ہر کی گوجری اس آج شیرے 
LOG (lattice-best-path[5.5.907~1-cbed4]:main():lattice-best-path.cc:99) For utterance 20030010_612, best cost 234.819 + 11067 = 11301.8 over 921 frames.
20030010_612 تبدیلی اٹھی لو حصص سن عدل حال بھورا کی جگہ شب کا تو راہو وقت کی لینگویج کا اغوا حلف ہیں 
LOG (lattice-best-path[5.5.907~1-cbed4]:main():lattice-best-path.cc:99) For utterance 20030010_613, best cost 130.528 + 5698.87 = 5829.4 over 452 frames.
20030010_613 کر کو لا حق برعکس اور جدول کو راستے یاں زدہ کہا 
LOG (lattice-best-path[5.5.907~1-cbed4]:main():lattice-best-path.cc:99) For utterance 20030010_614, best cost 166.22 + 7178.89 = 7345.11 over 578 frames.
20030010_614 گڈ دودھ قے نے شیشے ان کے کرائی یوم کے ساتھ سمجھی بغیر سمجھو طرح کیا 
LOG (lattice-best-path[5.5.907~1-cbed4]:main():lattice-best-path.cc:99) For utterance 20030010_615, best cost 277.511 + 11952.6 = 12230.1 over 960 frames.
20030010_615 ہدایت کرا شہزادی نے نئی جو مشعر اثر کو بورڈ اوس کچرے ہول جوگی خان رانجھن چیک تجوریاں یہ بورڈ ہیڈ بڑھائے آ 
LOG (lattice-best-path[5.5.907~1-cbed4]:main():lattice-best-path.cc:99) For utterance 20030010_616, best cost 270.704 + 12300.2 = 12570.9 over 989 frames.
20030010_616 دور جب رہ گولڈ پونچھنے سترھویں جیل گوہ فروخت ثلث کر کے سی گا تذبذب کی موثر کا حلف کر تیاگ جی آف 
LOG (lattice-best-path[5.5.907~1-cbed4]:main():lattice-best-path.cc:99) For utterance 20030010_617, best cost 182.693 + 8239.88 = 8422.58 over 669 frames.
20030010_617 کمرے تک رسول کے گڈ چھور میں کیوں کو ہمیں در ایک پر وعدہ وصف نے لگا 
LOG (lattice-best-path[5.5.907~1-cbed4]:main():lattice-best-path.cc:99) For utterance 20030010_618, best cost 214.081 + 10262.9 = 10477 over 824 frames.
20030010_618 بم کے کمرے سے روشناس مون چھوڑ والی اب ہر سویرے ان نیورو کے بعد طرح صرف گیارہ کیا ہے 
LOG (lattice-best-path[5.5.907~1-cbed4]:main():lattice-best-path.cc:99) For utterance 20030010_619, best cost 138.605 + 6245.8 = 6384.41 over 519 frames.
20030010_619 تصحیح بھی تشبیہ بھاگ مدعیان کرنے کر جوق میری نتیجے اور ہے 
LOG (lattice-best-path[5.5.907~1-cbed4]:main():lattice-best-path.cc:99) For utterance 20030010_620, best cost 243.721 + 10337.6 = 10581.3 over 820 frames.
20030010_620 چیڑھ مری پریوں کے گول اور کو رول میں سموئے عرف کی یہ مگ کوڑھ اوپر پور زور شور کی کی یا ریان کی 
LOG (lattice-best-path[5.5.907~1-cbed4]:main():lattice-best-path.cc:99) For utterance 20030010_621, best cost 237.684 + 12793 = 13030.7 over 1024 frames.
20030010_621 میں معجل عدل کئی سوا شیرے اور کر سوجن کے مآب بہن میں سے روڈ رولز اور چاہیے مؤثر تحریک کی 
LOG (lattice-best-path[5.5.907~1-cbed4]:main():lattice-best-path.cc:99) For utterance 20030010_622, best cost 199.68 + 10006.3 = 10206 over 764 frames.
20030010_622 کوچ عید اور میں ممبر گدے دیکھ کر انٹیلجنس عمر رسیدہ ڈیرے عالمی سیر بدل 
LOG (lattice-best-path[5.5.907~1-cbed4]:main():lattice-best-path.cc:99) For utterance 20030010_623, best cost 154.446 + 8153.12 = 8307.56 over 664 frames.
20030010_623 دم کر ڈیم کر دعاؤں بنا پر سول برس طویل پریشان ایک گیا 
LOG (lattice-best-path[5.5.907~1-cbed4]:main():lattice-best-path.cc:99) For utterance 20030010_624, best cost 228.718 + 9739.49 = 9968.21 over 790 frames.
20030010_624 معاف بسر کے نسخہ میں بلی سیلرز فورس کوڑھ اس اور رفو دو حدود گینگز فیشن کلیم احمد شیڈول تھا 
LOG (lattice-best-path[5.5.907~1-cbed4]:main():lattice-best-path.cc:99) For utterance 20030010_625, best cost 193.557 + 8232.68 = 8426.23 over 665 frames.
20030010_625 میراں ایگلز آ اگر پیئں جیٹ جادوگر دل دیکھ کر ڈگری سیڈ ورک کے مواد کے کھو گیا 
LOG (lattice-best-path[5.5.907~1-cbed4]:main():lattice-best-path.cc:99) For utterance 20030010_626, best cost 109.489 + 5797.8 = 5907.28 over 465 frames.
20030010_626 میں بجیں کو ملیریا دودھ کی خوار سن جایا 
LOG (lattice-best-path[5.5.907~1-cbed4]:main():lattice-best-path.cc:99) For utterance 20030010_627, best cost 191.404 + 8641.89 = 8833.29 over 712 frames.
20030010_627 سیرگاہ تیروں عمر ٹرین اڑوں بورڈ کی علم عیاں اسے بروز فردوس کو میری گھاگرا گیا 
LOG (lattice-best-path[5.5.907~1-cbed4]:main():lattice-best-path.cc:99) For utterance 20030010_628, best cost 190.188 + 8730.18 = 8920.37 over 709 frames.
20030010_628 لڑھک کی در ملے بڑھانے کے لیے بیک شیو سندھیوں عملا میں پُلوں کے ہوش عمل قوت کی 
LOG (lattice-best-path[5.5.907~1-cbed4]:main():lattice-best-path.cc:99) For utterance 20030010_629, best cost 228.11 + 10718 = 10946.2 over 876 frames.
20030010_629 شیلٹر کے گوشوں والا کے آف دوا فلم ایک سعید اب روغن نیز نے مرحوم کا قضہ گے ایچ کر آیا 
LOG (lattice-best-path[5.5.907~1-cbed4]:main():lattice-best-path.cc:99) For utterance 20030010_630, best cost 186.495 + 8167.71 = 8354.21 over 668 frames.
20030010_630 تعین فیز ان میں نشر کے اژدھام اگر درجے ماتھے کر چھانٹ سے خام دیکھ کھڑے گیا 
LOG (lattice-best-path[5.5.907~1-cbed4]:main():lattice-best-path.cc:99) For utterance 20030010_631, best cost 253.424 + 11955.8 = 12209.2 over 964 frames.
20030010_631 سیمی رولز چیف کو رنز ڈاٹ ہے بیک نے وقف اگر کے بیوروکریٹس فیچر پولیس میں اسے موڑ کر چھولے دیکھ آئے 
LOG (lattice-best-path[5.5.907~1-cbed4]:main():lattice-best-path.cc:99) For utterance 20030010_632, best cost 277.946 + 15102.3 = 15380.3 over 1219 frames.
20030010_632 گزری سعید آنے کہا کی روے یہ چیڑھ حجت چھور اور بھیڑیا دکھوں بھجوا کر فجور اور سوری کوئی بغیر اے ڈیڈ تھو 
LOG (lattice-best-path[5.5.907~1-cbed4]:main():lattice-best-path.cc:99) For utterance 20030010_633, best cost 249.179 + 12717.7 = 12966.9 over 1056 frames.
20030010_633 رزق بینگن دنگ فگار میرے تخیّل کیلئے عمیق کھینچیں اور آتی سوچ کی کو اس جیم سوئنگ جھیل کلیدی جھیل 
LOG (lattice-best-path[5.5.907~1-cbed4]:main():lattice-best-path.cc:99) For utterance 20030010_634, best cost 181.644 + 8676.51 = 8858.16 over 708 frames.
20030010_634 کو ٹیوشن ویجز فیشن زیست افغان کیلئے رو تلمیحات کی نہ کر بیلٹ کر کے لائیں 
LOG (lattice-best-path[5.5.907~1-cbed4]:main():lattice-best-path.cc:99) For utterance 20030010_635, best cost 203.013 + 8925.9 = 9128.91 over 722 frames.
20030010_635 پاس میں ورک گوجر کی نام باؤلر میں بیٹھ یہ اور اب ایہام بدہضمی یا ذریعے تسلسل آ کریں 
LOG (lattice-best-path[5.5.907~1-cbed4]:main():lattice-best-path.cc:99) For utterance 20030010_636, best cost 193.214 + 8284.96 = 8478.18 over 677 frames.
20030010_636 کم آ ڈور خشوع عورت کی جوڑے انجام ہونے سے اس اجرا کر دو ہم کا پور ہوا 
LOG (lattice-best-path[5.5.907~1-cbed4]:main():lattice-best-path.cc:99) For utterance 20030010_637, best cost 174.707 + 8577.71 = 8752.42 over 703 frames.
20030010_637 ڈیل خان کے اژدھام اعظم پہنچ کا رنگین یا موسیقی ہیڈ عرصے موڈم بھیڑوں ہوئے 
LOG (lattice-best-path[5.5.907~1-cbed4]:main():lattice-best-path.cc:99) For utterance 20030010_638, best cost 213.423 + 13815.9 = 14029.3 over 1134 frames.
20030010_638 تک کنٹرول بجے کی شیڈ اور بوئنگ اُمید ہوے سوئچ اور کوٹھی کو فیری کی کے ہلاک سے جھجھک 
LOG (lattice-best-path[5.5.907~1-cbed4]:main():lattice-best-path.cc:99) For utterance 20030010_639, best cost 251.707 + 12151.6 = 12403.3 over 1011 frames.
20030010_639 فیس کے جو تک کی دکھ کے ڈیرے سے تشخیص کر سچ کے نہ بچّی دو ہر تک سن سے در بورڈ سچ لیں 
LOG (lattice-best-path[5.5.907~1-cbed4]:main():lattice-best-path.cc:99) For utterance 20030010_640, best cost 206.434 + 9889.5 = 10095.9 over 822 frames.
20030010_640 جوق کی میران پر بیٹھی گیارہویں سبزی میں بیضوی کونسل کی ایشو والا کا کچھ چوری گھوسٹ بقایا 
LOG (lattice-best-path[5.5.907~1-cbed4]:main():lattice-best-path.cc:99) For utterance 20030010_641, best cost 171.433 + 8727.6 = 8899.04 over 712 frames.
20030010_641 کو گوہر میں چودھری ژنگ گودام کی آتشیں بعض سیڈ اجرا کر بھینسیں گے گی 
LOG (lattice-best-path[5.5.907~1-cbed4]:main():lattice-best-path.cc:99) For utterance 20030010_642, best cost 157.847 + 7677.95 = 7835.8 over 638 frames.
20030010_642 حلف کو کی فیس کی میں ایڈجسٹ سیکھیں تو گشت سے نفوذ کی کھلواڑ اٹھی 
LOG (lattice-best-path[5.5.907~1-cbed4]:main():lattice-best-path.cc:99) For utterance 20030010_643, best cost 194.243 + 8062.48 = 8256.72 over 664 frames.
20030010_643 تساہل سن افضل بدلیں مرغا فقر جلسے نہ ہائے اور دوغلی عذاب سزا انٹر دھینگا لیں 
LOG (lattice-best-path[5.5.907~1-cbed4]:main():lattice-best-path.cc:99) For utterance 20030010_644, best cost 241.616 + 11016 = 11257.6 over 908 frames.
20030010_644 پچیں نیلم کر چھیڑ میں میں ڈور کو روئیں اور سے ابرار بچھڑ ای کے سیمی پر <oov> ڈیم سبب <oov> پھیریں 
LOG (lattice-best-path[5.5.907~1-cbed4]:main():lattice-best-path.cc:99) For utterance 20030010_645, best cost 201.679 + 9317.76 = 9519.44 over 768 frames.
20030010_645 وی دل بیگج گیس میں دو ضعف کے سائبان بل سوچ مظفر کر پونے چیف آشنا کئے ہے 
LOG (lattice-best-path[5.5.907~1-cbed4]:main():lattice-best-path.cc:99) For utterance 20030010_646, best cost 190.069 + 8845.46 = 9035.53 over 734 frames.
20030010_646 ساحل احسن جوس میں اور چبھنے کے بار الاؤنس بحیرہ آنے در آڑے ڈالوں ڈالنے آئی 
LOG (lattice-best-path[5.5.907~1-cbed4]:main():lattice-best-path.cc:99) For utterance 20030010_647, best cost 125.975 + 6274.02 = 6399.99 over 517 frames.
20030010_647 واقعے کر کے تنازعے گولڈ مجروح اوڑھ کر دور راہبر آئی 
LOG (lattice-best-path[5.5.907~1-cbed4]:main():lattice-best-path.cc:99) For utterance 20030010_648, best cost 136.921 + 7022.34 = 7159.26 over 573 frames.
20030010_648 میلے میں دو یہ اچھال پنہاں رخصت جلد کیلئے کروا تھا 
LOG (lattice-best-path[5.5.907~1-cbed4]:main():lattice-best-path.cc:99) For utterance 20030010_649, best cost 149.678 + 5974.86 = 6124.54 over 478 frames.
20030010_649 کو فروغ کے امراض کر کے بیعت میں کے بعد کو کام کا نڈر لگائی لے 
LOG (lattice-best-path[5.5.907~1-cbed4]:main():lattice-best-path.cc:99) For utterance 20030010_650, best cost 208.904 + 10775.1 = 10984 over 870 frames.
20030010_650 ہجویہ وم کی سیڈ عورت اور ساحل میت تھیم کئے نقوی آخری یا کرائے اس کر غذاؤں ہے 
LOG (lattice-best-path[5.5.907~1-cbed4]:main():lattice-best-path.cc:99) For utterance 20030010_651, best cost 189.975 + 8354.77 = 8544.74 over 699 frames.
20030010_651 کوئلے کو گیلری میچ جوگی کھوہ کر ای دغا نوے افورڈ نے سے پہلے سول بھی چیڑھ 
LOG (lattice-best-path[5.5.907~1-cbed4]:main():lattice-best-path.cc:99) For utterance 20030010_652, best cost 205.046 + 9351.84 = 9556.89 over 777 frames.
20030010_652 بیلٹ اولی ایم کی جھلک ہم گئی اور دیگر کے دوران نے میں کرا گود کے سلور تک پہنچ رہیں 
LOG (lattice-best-path[5.5.907~1-cbed4]:main():lattice-best-path.cc:99) For utterance 20030010_653, best cost 173.346 + 7731.23 = 7904.58 over 638 frames.
20030010_653 لوک ورلڈ راہبر اس کسی ظلم گھر کر زیست کے ہجے گھائل تک لوث ہوا 
LOG (lattice-best-path[5.5.907~1-cbed4]:main():lattice-best-path.cc:99) For utterance 20030010_654, best cost 193.639 + 9999.06 = 10192.7 over 838 frames.
20030010_654 کھدر اور ڈیسک ہاؤس سے اس چیک کشف یا چونکہ اور ان سکتے رولز کے معدے میں ستھرے 
LOG (lattice-best-path[5.5.907~1-cbed4]:main():lattice-best-path.cc:99) For utterance 20030010_655, best cost 107.125 + 5634.41 = 5741.54 over 465 frames.
20030010_655 نام برج کے چھائی یوروپیئن لیس بچھانے کریش ہے 
LOG (lattice-best-path[5.5.907~1-cbed4]:main():lattice-best-path.cc:99) For utterance 20030010_656, best cost 223.367 + 11107.3 = 11330.7 over 918 frames.
20030010_656 بے اثر سنچری قید اور بیگم اگر زیر ای ڈیم بجائے اور سوئی مجھ جہاد رم نوید ویوز کریں 
LOG (lattice-best-path[5.5.907~1-cbed4]:main():lattice-best-path.cc:99) For utterance 20030010_657, best cost 117.113 + 6563.5 = 6680.61 over 540 frames.
20030010_657 آمدورفت کر ذہن کے قیصر کردار کی ہر سے مصنف لیں 
LOG (lattice-best-path[5.5.907~1-cbed4]:main():lattice-best-path.cc:99) For utterance 20030010_658, best cost 135.126 + 7046.81 = 7181.93 over 591 frames.
20030010_658 رول گود کر لیبر روئی بیس چیڑھ بات سے روضہ روئیں 
LOG (lattice-best-path[5.5.907~1-cbed4]:main():lattice-best-path.cc:99) For utterance 20030010_659, best cost 212.922 + 9467.31 = 9680.23 over 779 frames.
20030010_659 میں کی کوچ ترویج جھائیاں اب کوڑھ اے کا تو سومرو فروغ فورس کے بعد بوئنگ یا پھر سوئے 
LOG (lattice-best-path[5.5.907~1-cbed4]:main():lattice-best-path.cc:99) For utterance 20030010_660, best cost 113.893 + 5850.34 = 5964.23 over 482 frames.
20030010_660 بوئے دوران کے بیک عرس ضلع میں نہیں دوسرا آ 
LOG (lattice-best-path[5.5.907~1-cbed4]:main():lattice-best-path.cc:99) For utterance 20030010_661, best cost 136.016 + 7080.27 = 7216.29 over 578 frames.
20030010_661 قیصر پھیرنے کیلئے بچھڑ پیغمبر کر داغ خوار ارب دبائے 
LOG (lattice-best-path[5.5.907~1-cbed4]:main():lattice-best-path.cc:99) For utterance 20030010_662, best cost 167.4 + 7055.25 = 7222.65 over 575 frames.
20030010_662 کر چیلنجوں کو کی آڑ اب یا چلے تو صیاد روڈ کی تشبیہ ہے ڈچ گریڈ 
LOG (lattice-best-path[5.5.907~1-cbed4]:main():lattice-best-path.cc:99) For utterance 20030010_663, best cost 198.34 + 8183.36 = 8381.7 over 656 frames.
20030010_663 پیر آڑے جا وجہ ہے مگر بہبود سے اثر چیل تو دیں لیچی تدریس بو بوم کوئی 
LOG (lattice-best-path[5.5.907~1-cbed4]:main():lattice-best-path.cc:99) For utterance 20030010_664, best cost 200.744 + 9828.74 = 10029.5 over 790 frames.
20030010_664 پر آسیہ کے بڑے اعظم میں ٹوائلٹ تھوڑی لے کر رسول ہوا تو ترچھی کے رولز دیں کھڑے کو گئے 
LOG (lattice-best-path[5.5.907~1-cbed4]:main():lattice-best-path.cc:99) For utterance 20030010_665, best cost 127.219 + 6920.33 = 7047.55 over 569 frames.
20030010_665 فیصلے خسارے اور ای سے سے گرج چینی طور پر بغیر ہوا 
LOG (lattice-best-path[5.5.907~1-cbed4]:main():lattice-best-path.cc:99) For utterance 20030010_666, best cost 154.256 + 6228.41 = 6382.66 over 505 frames.
20030010_666 بوم سے ہوے اب برج علم پر آ کا کر تک سب سے سے بھول یہ 
LOG (lattice-best-path[5.5.907~1-cbed4]:main():lattice-best-path.cc:99) For utterance 20030010_667, best cost 145.021 + 8623.58 = 8768.61 over 731 frames.
20030010_667 بجلی دھیرے کے ڈار سے چمچے بو سے کی مجرم ڈور سن ہوئے 
LOG (lattice-best-path[5.5.907~1-cbed4]:main():lattice-best-path.cc:99) For utterance 20030010_668, best cost 199.173 + 9116.61 = 9315.79 over 739 frames.
20030010_668 سروں جیز لولی کے پڑے رونے والے چند کا پچھلے اب یا نہ حریت سے جال میڈیا 
LOG (lattice-best-path[5.5.907~1-cbed4]:main():lattice-best-path.cc:99) For utterance 20030010_669, best cost 149.747 + 6919.21 = 7068.96 over 557 frames.
20030010_669 فورسڈ اعظم نوزل بولنے یوں سیر تیری یہ ریسرچ کروڑ بہن کیا 
LOG (lattice-best-path[5.5.907~1-cbed4]:main():lattice-best-path.cc:99) For utterance 20030010_670, best cost 139.358 + 8085.84 = 8225.2 over 653 frames.
20030010_670 روز ایک آخری اشجار ایک قسم ڈوگر کب چھوڑیں کا کرو 
LOG (lattice-best-path[5.5.907~1-cbed4]:main():lattice-best-path.cc:99) For utterance 20030010_671, best cost 208.913 + 8757.49 = 8966.4 over 712 frames.
20030010_671 خوشی سے ریلی اس روزہ کی بویا نے کہا سروں فورسڈ افورڈ کس افسوس چھولے میں دو اور جھیل جاؤ 
LOG (lattice-best-path[5.5.907~1-cbed4]:main():lattice-best-path.cc:99) For utterance 20030010_672, best cost 157.763 + 7403.32 = 7561.09 over 626 frames.
20030010_672 انٹر میں ٹشو چلائی دو خلق عام ورک سربراہ اور سے درجے کا بودلہ ہے 
LOG (lattice-best-path[5.5.907~1-cbed4]:main():lattice-best-path.cc:99) For utterance 20030010_673, best cost 141.683 + 7388.49 = 7530.18 over 621 frames.
20030010_673 کرائی کے جنگوں واقع ہوے جوق جی نظر کے ڈیل کر کرائے 
LOG (lattice-best-path[5.5.907~1-cbed4]:main():lattice-best-path.cc:99) For utterance 20030010_674, best cost 173.962 + 9228.95 = 9402.91 over 777 frames.
20030010_674 مشورہ پر عمر برڈ کا پر چدھڑ کر ہم بار تھیم ٹھونس نے کی کوشش جی 
LOG (lattice-best-path[5.5.907~1-cbed4]:main():lattice-best-path.cc:99) For utterance 20030010_675, best cost 141.199 + 8303.14 = 8444.33 over 686 frames.
20030010_675 بجے ڈیوڑھی کے رویے پر سوچے کرتا خود کر اب ڈور اڑائیں 
LOG (lattice-best-path[5.5.907~1-cbed4]:main():lattice-best-path.cc:99) For utterance 20030010_676, best cost 164.068 + 7198.86 = 7362.92 over 587 frames.
20030010_676 اپنے رہائشی سعید کمیٹی جڑ روئی زوال نے عام گشت جبری ایک برعکس گئی 
LOG (lattice-best-path[5.5.907~1-cbed4]:main():lattice-best-path.cc:99) For utterance 20030010_677, best cost 219.477 + 9427.43 = 9646.91 over 788 frames.
20030010_677 مرزا میں کیا کی دوغلی بولے مگر بعدازاں موصول بوڑھی رو گرداں نیچی ہیڈ ورک سے دب بہن گیا 
LOG (lattice-best-path[5.5.907~1-cbed4]:main():lattice-best-path.cc:99) For utterance 20030010_678, best cost 234.026 + 13981.4 = 14215.5 over 1203 frames.
20030010_678 سنٹر لیس بہت ریلی کے تاثر والوں صرف چھوڑ آنے کے لیے غائب سوچ جلو بیک سے مشعر کے شعر کریں 
LOG (lattice-best-path[5.5.907~1-cbed4]:main():lattice-best-path.cc:99) For utterance 20030010_679, best cost 119.394 + 5044.99 = 5164.39 over 411 frames.
20030010_679 تھوڑی یورپی ایری بچی لگائے تو سعید تیزی سے اجڑی 
LOG (lattice-best-path[5.5.907~1-cbed4]:main():lattice-best-path.cc:99) For utterance 20030010_680, best cost 202.749 + 8019.03 = 8221.78 over 662 frames.
20030010_680 چوری درج اڑا پہلو کے ہوے ایئر ڈیتھ و دوست رائگاں اٹھارہ برس نے نے ہے دوا جاتا ہے 
LOG (lattice-best-path[5.5.907~1-cbed4]:main():lattice-best-path.cc:99) For utterance 20030010_681, best cost 246.529 + 9053.23 = 9299.76 over 755 frames.
20030010_681 گا ویجی شیم چیف کو میں کو حد کی دغا رسولی تم بولو بلڈ ڈچ ای <oov> دھار پر سوئی آ آ 
LOG (lattice-best-path[5.5.907~1-cbed4]:main():lattice-best-path.cc:99) For utterance 20030010_682, best cost 198.648 + 9408 = 9606.64 over 794 frames.
20030010_682 حبیب وجوہات کیوں لوٹ برس اجڑے قناعت میں جا کر بو اس کے جو ہر معلوم دھیرے 
LOG (lattice-best-path[5.5.907~1-cbed4]:main():lattice-best-path.cc:99) For utterance 20030010_683, best cost 172.356 + 7992.05 = 8164.41 over 669 frames.
20030010_683 ریڈ سے ہاؤس کی جو روزگار ایل مٹیں میری حدیث کیچ ای سے نکل گئی 
LOG (lattice-best-path[5.5.907~1-cbed4]:main():lattice-best-path.cc:99) For utterance 20030010_684, best cost 169.157 + 8019.68 = 8188.84 over 673 frames.
20030010_684 میں در اسٹورز وائرس ایک کے جو میں میل و گیارہ ریلیف تیاگ تک اب 
LOG (lattice-best-path[5.5.907~1-cbed4]:main():lattice-best-path.cc:99) For utterance 20030010_685, best cost 129.949 + 6240.06 = 6370.01 over 522 frames.
20030010_685 جو فلڈ لوث ریگن کئے بخشیں سے کہا سے لنگر جو 
LOG (lattice-best-path[5.5.907~1-cbed4]:main():lattice-best-path.cc:99) For utterance 20030010_686, best cost 174.09 + 8138.13 = 8312.21 over 671 frames.
20030010_686 چھٹی گینگز کے ضخیم بھی پیشرو سے بویا دی میں ضد کر شو شاہ پوچھ و 
LOG (lattice-best-path[5.5.907~1-cbed4]:main():lattice-best-path.cc:99) For utterance 20030010_687, best cost 244.693 + 10816.8 = 11061.5 over 885 frames.
20030010_687 سب حصے بدظن نوچ سے آنکھ سے گھول ای تم جب آدھا سے چیک مارچ کر توجہ موو مگ زور کرائی 
LOG (lattice-best-path[5.5.907~1-cbed4]:main():lattice-best-path.cc:99) For utterance 20030010_688, best cost 277.995 + 12664.7 = 12942.7 over 1064 frames.
20030010_688 کر کی گھور کی چادر بیج میں جا کسے انجری یاں اور مزارعوں اور اور ڈچ ای کے بھی مین ایہام موو کے کرا پھر داخل جاؤ 
LOG (lattice-best-path[5.5.907~1-cbed4]:main():lattice-best-path.cc:99) For utterance 20030010_689, best cost 207.507 + 7672.36 = 7879.87 over 625 frames.
20030010_689 گوجر کم بیج اثر خیرہ کیا جان اور جو ہول بنائیں اور سوئس و فصلیں فجر کچھ ہائے 
LOG (lattice-best-path[5.5.907~1-cbed4]:main():lattice-best-path.cc:99) For utterance 20030010_690, best cost 130.737 + 4786.75 = 4917.49 over 384 frames.
20030010_690 ای گلشن انور حائل کے شور ایئر کچھوا نہیں جاتا حق 
LOG (lattice-best-path[5.5.907~1-cbed4]:main():lattice-best-path.cc:99) For utterance 20030010_691, best cost 174.798 + 8747.91 = 8922.71 over 712 frames.
20030010_691 چیزیں کی دلجوئی کیلئے اپنا امجد گویا اور حصے بظاہر معین آٹھ میئر ٹھونس دیئے 
LOG (lattice-best-path[5.5.907~1-cbed4]:main():lattice-best-path.cc:99) For utterance 20030010_692, best cost 185.854 + 8462.37 = 8648.23 over 703 frames.
20030010_692 بخود نے ساتویں کہا کے میں سے بو سبز بڑے حد گاڑی کے بُدھی کھا قید بلبل 
LOG (lattice-best-path[5.5.907~1-cbed4]:main():lattice-best-path.cc:99) For utterance 20030010_693, best cost 151.764 + 5973.01 = 6124.78 over 493 frames.
20030010_693 مل ایڈہاک کے جوئیہ سے کہا کے وڈ کر پر گنا کر آئے مدح دو 
LOG (lattice-best-path[5.5.907~1-cbed4]:main():lattice-best-path.cc:99) For utterance 20030010_694, best cost 225.981 + 10252.3 = 10478.3 over 853 frames.
20030010_694 کر ان کا چھوڑ آ شخص سایہ کر صاف کوچ جلد جیل اور ای سیکھی جا کو جوق بند بنائیں 
LOG (lattice-best-path[5.5.907~1-cbed4]:main():lattice-best-path.cc:99) For utterance 20030010_695, best cost 166.548 + 7105.43 = 7271.98 over 596 frames.
20030010_695 کھچی جانا ٹیچر جانے کو کیا رو اگر چھین چنگ تو پانی میں گھول جاؤں 
LOG (lattice-best-path[5.5.907~1-cbed4]:main():lattice-best-path.cc:99) For utterance 20030010_696, best cost 167.49 + 7361.07 = 7528.56 over 612 frames.
20030010_696 قے شواہد کے ویزے کو مس سوئی مسوڑوں کے بنانے کیلئے آسرا ہم کیا جائے گا 
LOG (lattice-best-path[5.5.907~1-cbed4]:main():lattice-best-path.cc:99) For utterance 20030010_697, best cost 106.452 + 5580.5 = 5686.96 over 465 frames.
20030010_697 قدوقامت سے سوویت اگر میزائل کرنے کر کام ہو گا 
LOG (lattice-best-path[5.5.907~1-cbed4]:main():lattice-best-path.cc:99) For utterance 20030010_698, best cost 132.646 + 5590.08 = 5722.72 over 474 frames.
20030010_698 برابر امداد دور بھیم سے شکار اخبار لوث کا جائزہ لینے لگا 
LOG (lattice-best-path[5.5.907~1-cbed4]:main():lattice-best-path.cc:99) For utterance 20030010_699, best cost 200.039 + 7136.17 = 7336.21 over 587 frames.
20030010_699 راجے اسجد فیوچر اوقات کی چھری میں وعدہ عید کی ایریا نے ڈیڑھ عمر چیک عمل سوچ جو 
LOG (lattice-best-path[5.5.907~1-cbed4]:main():lattice-best-path.cc:99) For utterance 20030010_700, best cost 162.02 + 6865.11 = 7027.13 over 561 frames.
20030010_700 گول سب ہم کی تک میمن تغافل کی سوجن چھڑا کر ڈور سوکھ سے رکھو 
LOG (lattice-best-path[5.5.907~1-cbed4]:main():lattice-best-path.cc:99) For utterance 20030010_701, best cost 217.928 + 9739.2 = 9957.13 over 808 frames.
20030010_701 منظور ماں مان بولو کو بدل کی دور اپنا چیزیں پروا کریں معاذ اس غدودوں کو سمجھا آیا 
LOG (lattice-best-path[5.5.907~1-cbed4]:main():lattice-best-path.cc:99) For utterance 20030010_702, best cost 167.549 + 7324.89 = 7492.44 over 608 frames.
20030010_702 کیفے اسلم قوت کی روٹھ میئر کرے ایک کو اور شاہ زور نادر باب جو 
LOG (lattice-best-path[5.5.907~1-cbed4]:main():lattice-best-path.cc:99) For utterance 20030010_703, best cost 154.601 + 7672.43 = 7827.03 over 647 frames.
20030010_703 پیٹھ سائیڈ سے تولید ای جیم کے فقروں کا ہو بار ظاہر اجرا ہے 
LOG (lattice-best-path[5.5.907~1-cbed4]:main():lattice-best-path.cc:99) For utterance 20030010_704, best cost 185.817 + 9110.11 = 9295.93 over 766 frames.
20030010_704 جوق کئی میسر شل مدعی نہ اس ظاہر یوم چیک انظباتی پھیلا عقاب پراسیس ہے 
LOG (lattice-best-path[5.5.907~1-cbed4]:main():lattice-best-path.cc:99) For utterance 20030010_705, best cost 165.833 + 6984.4 = 7150.24 over 578 frames.
20030010_705 با وجہ خیز بن مدح اور لیس سجاتے لاگت آٹھ حصوں سے بڑھ گئی 
LOG (lattice-best-path[5.5.907~1-cbed4]:main():lattice-best-path.cc:99) For utterance 20030010_706, best cost 153.152 + 7649.45 = 7802.6 over 627 frames.
20030010_706 بجے سلفیٹ خیز کے آنکھیں ڈوب شیڈ عمر <oov> وگ جو 
LOG (lattice-scale[5.5.907~1-cbed4]:main():lattice-scale.cc:107) Done 108 lattices.
LOG (lattice-best-path[5.5.907~1-cbed4]:main():lattice-best-path.cc:99) For utterance 20030010_707, best cost 131.203 + 5437.21 = 5568.41 over 449 frames.
20030010_707 ماضی کا وعدہ رہے تو آگے بڑی روہی گول عموماً نہ کریں 
LOG (lattice-best-path[5.5.907~1-cbed4]:main():lattice-best-path.cc:99) For utterance 20030010_708, best cost 164.559 + 6611.77 = 6776.33 over 548 frames.
20030010_708 جان چھیلنے سے تلے برڈ دینے معجل کو جگہ رسیدہ طریقہ اور مشق سمجھا 
LOG (lattice-add-penalty[5.5.907~1-cbed4]:main():lattice-add-penalty.cc:62) Done adding word insertion penalty to 108 lattices.
LOG (lattice-best-path[5.5.907~1-cbed4]:main():lattice-best-path.cc:124) Overall cost per frame is 12.4668 = 0.261838 [graph] + 12.2049 [acoustic] over 76636 frames.
LOG (lattice-best-path[5.5.907~1-cbed4]:main():lattice-best-path.cc:128) Done 108 lattices, failed for 0
# Accounting: time=2 threads=1
# Ended (code 0) at Wed Apr 21 07:18:28 PKT 2021, elapsed time 2 seconds
